!! Predictions spanning range 3234 - 115187 [R1]
# EVM prediction: Mode:STANDARD S-ratio: 12.69 3234-4360 orient(-) score(320394.00) noncoding_equivalent(25238.62) raw_noncoding(32022.97) offset(6784.35) 
4273	3234	terminal-	5	6	{GlimmerHMM_glimmerT_3308-T1;GlimmerHMM}
4338	4274	INTRON			{GlimmerHMM_glimmerT_3308-T1;GlimmerHMM},{Augustus_model.g2896.t1;Augustus},{GeneMark_model.3332_t;GeneMark}
4360	4339	initial-	4	4	{GlimmerHMM_glimmerT_3308-T1;GlimmerHMM},{Augustus_model.g2896.t1;Augustus},{GeneMark_model.3332_t;GeneMark}

# EVM prediction: Mode:STANDARD S-ratio: 88.10 5377-6816 orient(-) score(572237.00) noncoding_equivalent(6494.95) raw_noncoding(6494.95) offset(0.00) 
6816	5377	single-	4	6	{GlimmerHMM_glimmerT_3309-T1;GlimmerHMM},{HiQ_model.g2897.t1;HiQ},{GeneMark_model.3333_t;GeneMark}

# EVM prediction: Mode:STANDARD S-ratio: 0.98 8197-9357 orient(+) score(165900.00) noncoding_equivalent(168641.31) raw_noncoding(199027.79) offset(30386.48) 
8197	8694	initial+	1	3	{GeneMark_model.3334_t;GeneMark},{GlimmerHMM_glimmerT_3310-T1;GlimmerHMM}
8695	8781	INTRON			{GeneMark_model.3334_t;GeneMark}
8782	9087	internal+	1	3	{GeneMark_model.3334_t;GeneMark}
9088	9153	INTRON			{GeneMark_model.3334_t;GeneMark}
9154	9357	terminal+	1	3	{GeneMark_model.3334_t;GeneMark}

# EVM prediction: Mode:STANDARD S-ratio: 3.99 10227-11751 orient(-) score(329681.00) noncoding_equivalent(82684.83) raw_noncoding(145159.00) offset(62474.17) 
10924	10227	terminal-	5	6	{GlimmerHMM_glimmerT_3311-T1;GlimmerHMM},{snap_scaffold_2-snap.1680-T1;snap},{Augustus_model.g2898.t1;Augustus},{GeneMark_model.3335_t;GeneMark}
11384	10925	INTRON			{GlimmerHMM_glimmerT_3311-T1;GlimmerHMM}
11751	11385	initial-	4	4	{GlimmerHMM_glimmerT_3311-T1;GlimmerHMM}

# EVM prediction: Mode:STANDARD S-ratio: 10000.00 13461-14048 orient(+) score(176988.00) noncoding_equivalent(17.70) raw_noncoding(0.00) offset(0.00) 
13461	14048	single+	1	3	{GlimmerHMM_glimmerT_3312-T1;GlimmerHMM},{GeneMark_model.3336_t;GeneMark},{Augustus_model.g2899.t1;Augustus}

# EVM prediction: Mode:STANDARD S-ratio: 7.53 14304-15368 orient(-) score(288265.00) noncoding_equivalent(38305.44) raw_noncoding(44463.00) offset(6157.56) 
15037	14304	terminal-	5	6	{Augustus_model.g2900.t1;Augustus},{GlimmerHMM_glimmerT_3313-T1;GlimmerHMM},{GeneMark_model.3337_t;GeneMark}
15100	15038	INTRON			{Augustus_model.g2900.t1;Augustus},{GlimmerHMM_glimmerT_3313-T1;GlimmerHMM},{GeneMark_model.3337_t;GeneMark}
15368	15101	initial-	4	4	{Augustus_model.g2900.t1;Augustus},{GlimmerHMM_glimmerT_3313-T1;GlimmerHMM},{GeneMark_model.3337_t;GeneMark}

# EVM prediction: Mode:STANDARD S-ratio: 10000.00 21186-22535 orient(+) score(406350.00) noncoding_equivalent(40.64) raw_noncoding(0.00) offset(0.00) 
21186	22535	single+	1	3	{GeneMark_model.3338_t;GeneMark},{Augustus_model.g2901.t1;Augustus},{GlimmerHMM_glimmerT_3314-T1;GlimmerHMM}

# EVM prediction: Mode:STANDARD S-ratio: 98.33 23500-24984 orient(-) score(442485.00) noncoding_equivalent(4500.00) raw_noncoding(4500.00) offset(0.00) 
24984	23500	single-	4	6	{GlimmerHMM_glimmerT_3315-T1;GlimmerHMM},{GeneMark_model.3339_t;GeneMark},{Augustus_model.g2902.t1;Augustus}

# EVM prediction: Mode:STANDARD S-ratio: 4.49 26065-27196 orient(-) score(284932.00) noncoding_equivalent(63426.57) raw_noncoding(71596.41) offset(8169.84) 
26781	26065	terminal-	4	6	{GlimmerHMM_glimmerT_3316-T1;GlimmerHMM},{Augustus_model.g2903.t1;Augustus},{GeneMark_model.3340_t;GeneMark}
26860	26782	INTRON			{GlimmerHMM_glimmerT_3316-T1;GlimmerHMM},{Augustus_model.g2903.t1;Augustus},{GeneMark_model.3340_t;GeneMark}
27196	26861	initial-	4	6	{GlimmerHMM_glimmerT_3316-T1;GlimmerHMM},{Augustus_model.g2903.t1;Augustus},{GeneMark_model.3340_t;GeneMark}

# EVM prediction: Mode:STANDARD S-ratio: 20.49 28440-30894 orient(+) score(711555.00) noncoding_equivalent(34721.79) raw_noncoding(42123.79) offset(7402.00) 
28440	30649	initial+	1	2	{Augustus_model.g2904.t1;Augustus},{GeneMark_model.3341_t;GeneMark},{GlimmerHMM_glimmerT_3317-T1;GlimmerHMM}
30650	30725	INTRON			{Augustus_model.g2904.t1;Augustus},{GeneMark_model.3341_t;GeneMark},{GlimmerHMM_glimmerT_3317-T1;GlimmerHMM}
30726	30894	terminal+	3	3	{Augustus_model.g2904.t1;Augustus},{GeneMark_model.3341_t;GeneMark},{GlimmerHMM_glimmerT_3317-T1;GlimmerHMM}

# EVM prediction: Mode:STANDARD S-ratio: 2.33 31133-32003 orient(-) score(193371.00) noncoding_equivalent(83065.36) raw_noncoding(97945.00) offset(14879.64) 
31324	31133	terminal-	4	6	{Augustus_model.g2905.t1;Augustus},{GeneMark_model.3342_t;GeneMark},{GlimmerHMM_glimmerT_3318-T1;GlimmerHMM}
31469	31325	INTRON			{Augustus_model.g2905.t1;Augustus},{GeneMark_model.3342_t;GeneMark},{GlimmerHMM_glimmerT_3318-T1;GlimmerHMM}
32003	31470	initial-	4	6	{Augustus_model.g2905.t1;Augustus},{GeneMark_model.3342_t;GeneMark},{GlimmerHMM_glimmerT_3318-T1;GlimmerHMM}

# EVM prediction: Mode:STANDARD S-ratio: 1.61 32438-33172 orient(+) score(147735.00) noncoding_equivalent(91781.00) raw_noncoding(110283.00) offset(18502.00) 
32438	32593	initial+	1	3	{GeneMark_model.3343_t;GeneMark},{Augustus_model.g2906.t1;Augustus},{GlimmerHMM_glimmerT_3319-T1;GlimmerHMM}
32594	32776	INTRON			{GeneMark_model.3343_t;GeneMark},{Augustus_model.g2906.t1;Augustus},{GlimmerHMM_glimmerT_3319-T1;GlimmerHMM}
32777	33172	terminal+	1	3	{GeneMark_model.3343_t;GeneMark},{Augustus_model.g2906.t1;Augustus},{GlimmerHMM_glimmerT_3319-T1;GlimmerHMM}

# EVM prediction: Mode:STANDARD S-ratio: 9.46 34364-35326 orient(+) score(267163.00) noncoding_equivalent(28255.00) raw_noncoding(30657.00) offset(2402.00) 
34364	35099	initial+	1	1	{Augustus_model.g2907.t1;Augustus},{GeneMark_model.3344_t;GeneMark},{GlimmerHMM_glimmerT_3320-T1;GlimmerHMM}
35100	35156	INTRON			{Augustus_model.g2907.t1;Augustus},{GeneMark_model.3344_t;GeneMark},{GlimmerHMM_glimmerT_3320-T1;GlimmerHMM}
35157	35326	terminal+	2	3	{Augustus_model.g2907.t1;Augustus},{GeneMark_model.3344_t;GeneMark},{GlimmerHMM_glimmerT_3320-T1;GlimmerHMM}

# EVM prediction: Mode:STANDARD S-ratio: 1178.30 35363-38509 orient(-) score(946247.00) noncoding_equivalent(803.06) raw_noncoding(803.06) offset(0.00) 
38509	35363	single-	4	6	{GlimmerHMM_glimmerT_3321-T1;GlimmerHMM},{Augustus_model.g2908.t1;Augustus},{GeneMark_model.3345_t;GeneMark}

# EVM prediction: Mode:STANDARD S-ratio: 3.17 39333-39872 orient(+) score(128640.00) noncoding_equivalent(40518.11) raw_noncoding(47769.00) offset(7250.89) 
39333	39585	initial+	1	1	{GlimmerHMM_glimmerT_3322-T1;GlimmerHMM},{GeneMark_model.3346_t;GeneMark},{Augustus_model.g2909.t1;Augustus}
39586	39654	INTRON			{GlimmerHMM_glimmerT_3322-T1;GlimmerHMM},{GeneMark_model.3346_t;GeneMark},{Augustus_model.g2909.t1;Augustus}
39655	39872	terminal+	2	3	{GlimmerHMM_glimmerT_3322-T1;GlimmerHMM},{GeneMark_model.3346_t;GeneMark},{Augustus_model.g2909.t1;Augustus}

# EVM prediction: Mode:STANDARD S-ratio: 127.79 40856-41329 orient(+) score(141374.00) noncoding_equivalent(1106.32) raw_noncoding(1106.32) offset(0.00) 
40856	41329	single+	1	3	{Augustus_model.g2910.t1;Augustus},{GeneMark_model.3347_t;GeneMark},{GlimmerHMM_glimmerT_3323-T1;GlimmerHMM}

# EVM prediction: Mode:STANDARD S-ratio: 1.66 41868-42208 orient(-) score(68541.00) noncoding_equivalent(41372.00) raw_noncoding(48974.00) offset(7602.00) 
41949	41868	terminal-	6	6	{GeneMark_model.3348_t;GeneMark},{Augustus_model.g2911.t1;Augustus},{GlimmerHMM_glimmerT_3324-T1;GlimmerHMM}
42023	41950	INTRON			{GeneMark_model.3348_t;GeneMark},{Augustus_model.g2911.t1;Augustus},{GlimmerHMM_glimmerT_3324-T1;GlimmerHMM}
42208	42024	initial-	4	5	{GeneMark_model.3348_t;GeneMark},{Augustus_model.g2911.t1;Augustus},{GlimmerHMM_glimmerT_3324-T1;GlimmerHMM}

# EVM prediction: Mode:STANDARD S-ratio: 6.80 46409-47697 orient(+) score(345726.00) noncoding_equivalent(50866.04) raw_noncoding(65177.09) offset(14311.05) 
46409	46588	initial+	1	3	{GeneMark_model.3349_t;GeneMark},{Augustus_model.g2912.t1;Augustus},{GlimmerHMM_glimmerT_3325-T1;GlimmerHMM}
46589	46702	INTRON			{GeneMark_model.3349_t;GeneMark},{Augustus_model.g2912.t1;Augustus},{GlimmerHMM_glimmerT_3325-T1;GlimmerHMM}
46703	46749	internal+	1	2	{GeneMark_model.3349_t;GeneMark},{Augustus_model.g2912.t1;Augustus},{GlimmerHMM_glimmerT_3325-T1;GlimmerHMM}
46750	46775	INTRON			{GlimmerHMM_glimmerT_3325-T1;GlimmerHMM}
46776	47697	terminal+	3	3	{GlimmerHMM_glimmerT_3325-T1;GlimmerHMM}

# EVM prediction: Mode:STANDARD S-ratio: 3.88 50217-51994 orient(+) score(421013.00) noncoding_equivalent(108531.67) raw_noncoding(146561.00) offset(38029.33) 
50217	50424	initial+	1	1	{GeneMark_model.3350_t;GeneMark}
50425	50510	INTRON			{GeneMark_model.3350_t;GeneMark}
50511	50707	internal+	2	3	{GeneMark_model.3350_t;GeneMark}
50708	50773	INTRON			{GeneMark_model.3350_t;GeneMark}
50774	51772	internal+	1	3	{GlimmerHMM_glimmerT_3326-T1;GlimmerHMM},{GeneMark_model.3350_t;GeneMark},{Augustus_model.g2913.t1;Augustus}
51773	51868	INTRON			{GlimmerHMM_glimmerT_3326-T1;GlimmerHMM},{GeneMark_model.3350_t;GeneMark},{Augustus_model.g2913.t1;Augustus}
51869	51994	terminal+	1	3	{GlimmerHMM_glimmerT_3326-T1;GlimmerHMM},{GeneMark_model.3350_t;GeneMark},{Augustus_model.g2913.t1;Augustus}

# EVM prediction: Mode:STANDARD S-ratio: 1.78 53108-53984 orient(+) score(176277.00) noncoding_equivalent(99113.00) raw_noncoding(110815.00) offset(11702.00) 
53108	53446	initial+	1	3	{GlimmerHMM_glimmerT_3327-T1;GlimmerHMM},{Augustus_model.g2914.t1;Augustus},{GeneMark_model.3351_t;GeneMark}
53447	53561	INTRON			{GlimmerHMM_glimmerT_3327-T1;GlimmerHMM},{Augustus_model.g2914.t1;Augustus},{GeneMark_model.3351_t;GeneMark}
53562	53984	terminal+	1	3	{GlimmerHMM_glimmerT_3327-T1;GlimmerHMM},{Augustus_model.g2914.t1;Augustus},{GeneMark_model.3351_t;GeneMark}

# EVM prediction: Mode:STANDARD S-ratio: 1.26 55706-56139 orient(+) score(87045.00) noncoding_equivalent(69178.00) raw_noncoding(95834.00) offset(26656.00) 
55706	55722	initial+	1	2	{GeneMark_model.3352_t;GeneMark},{GlimmerHMM_glimmerT_3328-T1;GlimmerHMM}
55723	55891	INTRON			{GeneMark_model.3352_t;GeneMark},{GlimmerHMM_glimmerT_3328-T1;GlimmerHMM}
55892	55998	internal+	3	1	{GeneMark_model.3352_t;GeneMark},{GlimmerHMM_glimmerT_3328-T1;GlimmerHMM}
55999	56089	INTRON			{GeneMark_model.3352_t;GeneMark},{GlimmerHMM_glimmerT_3328-T1;GlimmerHMM},{ev_type:exonerate/ID=match.2706265.406/Target=PMP3_GIBZE;exonerate}
56090	56139	terminal+	2	3	{GeneMark_model.3352_t;GeneMark},{GlimmerHMM_glimmerT_3328-T1;GlimmerHMM}

# EVM prediction: Mode:STANDARD S-ratio: 6.81 57213-59406 orient(-) score(585394.00) noncoding_equivalent(85961.08) raw_noncoding(86765.08) offset(804.00) 
57680	57213	terminal-	4	6	{GlimmerHMM_glimmerT_3329-T1;GlimmerHMM},{Augustus_model.g2915.t1;Augustus},{GeneMark_model.3353_t;GeneMark}
57742	57681	INTRON			{GlimmerHMM_glimmerT_3329-T1;GlimmerHMM},{Augustus_model.g2915.t1;Augustus},{GeneMark_model.3353_t;GeneMark}
59150	57743	internal-	6	6	{GlimmerHMM_glimmerT_3329-T1;GlimmerHMM},{Augustus_model.g2915.t1;Augustus},{GeneMark_model.3353_t;GeneMark}
59206	59151	INTRON			{GlimmerHMM_glimmerT_3329-T1;GlimmerHMM},{Augustus_model.g2915.t1;Augustus},{GeneMark_model.3353_t;GeneMark}
59406	59207	initial-	4	5	{GlimmerHMM_glimmerT_3329-T1;GlimmerHMM},{Augustus_model.g2915.t1;Augustus},{GeneMark_model.3353_t;GeneMark}

# EVM prediction: Mode:STANDARD S-ratio: 3.37 60203-60810 orient(-) score(147108.00) noncoding_equivalent(43700.39) raw_noncoding(51980.00) offset(8279.61) 
60479	60203	terminal-	6	6	{GeneMark_model.3354_t;GeneMark},{Augustus_model.g2916.t1;Augustus},{GlimmerHMM_glimmerT_3330-T1;GlimmerHMM}
60559	60480	INTRON			{GeneMark_model.3354_t;GeneMark},{Augustus_model.g2916.t1;Augustus},{GlimmerHMM_glimmerT_3330-T1;GlimmerHMM}
60810	60560	initial-	4	5	{GlimmerHMM_glimmerT_3330-T1;GlimmerHMM}

# EVM prediction: Mode:STANDARD S-ratio: 3.83 61255-62341 orient(-) score(247712.00) noncoding_equivalent(64723.46) raw_noncoding(84186.10) offset(19462.65) 
61835	61255	terminal-	5	6	{GlimmerHMM_glimmerT_3331-T1;GlimmerHMM}
61909	61836	INTRON			{GeneMark_model.3354_t;GeneMark},{Augustus_model.g2916.t1;Augustus}
62168	61910	internal-	4	4	{GeneMark_model.3354_t;GeneMark}
62242	62169	INTRON			{GeneMark_model.3354_t;GeneMark}
62341	62243	initial-	4	6	{GeneMark_model.3354_t;GeneMark}

# EVM prediction: Mode:STANDARD S-ratio: 5.68 63026-67187 orient(-) score(1046153.00) noncoding_equivalent(184025.94) raw_noncoding(212604.97) offset(28579.03) 
63589	63026	terminal-	4	6	{GeneMark_model.3355_t;GeneMark}
63793	63590	INTRON			{GeneMark_model.3355_t;GeneMark},{Augustus_model.g2916.t1;Augustus}
65231	63794	internal-	6	6	{GeneMark_model.3355_t;GeneMark},{Augustus_model.g2916.t1;Augustus}
65306	65232	INTRON			{GeneMark_model.3355_t;GeneMark},{Augustus_model.g2916.t1;Augustus}
65405	65307	internal-	6	5	{GeneMark_model.3355_t;GeneMark},{Augustus_model.g2916.t1;Augustus}
65462	65406	INTRON			{GeneMark_model.3355_t;GeneMark},{Augustus_model.g2916.t1;Augustus}
66533	65463	internal-	6	5	{GlimmerHMM_glimmerT_3331-T1;GlimmerHMM}
66600	66534	INTRON			{GeneMark_model.3355_t;GeneMark},{GlimmerHMM_glimmerT_3331-T1;GlimmerHMM},{Augustus_model.g2916.t1;Augustus}
66800	66601	internal-	4	5	{GeneMark_model.3355_t;GeneMark},{GlimmerHMM_glimmerT_3331-T1;GlimmerHMM},{Augustus_model.g2916.t1;Augustus}
66854	66801	INTRON			{GeneMark_model.3355_t;GeneMark},{GlimmerHMM_glimmerT_3331-T1;GlimmerHMM},{Augustus_model.g2916.t1;Augustus}
67187	66855	initial-	4	6	{GeneMark_model.3355_t;GeneMark},{GlimmerHMM_glimmerT_3331-T1;GlimmerHMM},{Augustus_model.g2916.t1;Augustus}

# EVM prediction: Mode:STANDARD S-ratio: 10000.00 70628-71422 orient(-) score(239295.00) noncoding_equivalent(23.93) raw_noncoding(0.00) offset(0.00) 
71422	70628	single-	4	6	{GeneMark_model.3357_t;GeneMark},{GlimmerHMM_glimmerT_3332-T1;GlimmerHMM},{Augustus_model.g2917.t1;Augustus}

# EVM prediction: Mode:STANDARD S-ratio: 1.89 72318-73173 orient(-) score(172056.00) noncoding_equivalent(90953.00) raw_noncoding(96655.00) offset(5702.00) 
73061	72318	terminal-	4	6	{GlimmerHMM_glimmerT_3333-T1;GlimmerHMM},{Augustus_model.g2918.t1;Augustus},{GeneMark_model.3358_t;GeneMark}
73116	73062	INTRON			{GlimmerHMM_glimmerT_3333-T1;GlimmerHMM},{Augustus_model.g2918.t1;Augustus},{GeneMark_model.3358_t;GeneMark}
73173	73117	initial-	4	6	{GlimmerHMM_glimmerT_3333-T1;GlimmerHMM},{Augustus_model.g2918.t1;Augustus},{GeneMark_model.3358_t;GeneMark}

# EVM prediction: Mode:STANDARD S-ratio: 1.68 74930-75568 orient(-) score(128377.00) noncoding_equivalent(76489.40) raw_noncoding(89841.00) offset(13351.60) 
75086	74930	terminal-	6	6	{GlimmerHMM_glimmerT_3334-T1;GlimmerHMM},{GeneMark_model.3359_t;GeneMark}
75136	75087	INTRON			{GlimmerHMM_glimmerT_3334-T1;GlimmerHMM},{GeneMark_model.3359_t;GeneMark}
75284	75137	internal-	5	5	{GlimmerHMM_glimmerT_3334-T1;GlimmerHMM},{Augustus_model.g2919.t1;Augustus},{GeneMark_model.3359_t;GeneMark}
75363	75285	INTRON			{GlimmerHMM_glimmerT_3334-T1;GlimmerHMM},{Augustus_model.g2919.t1;Augustus},{GeneMark_model.3359_t;GeneMark}
75568	75364	initial-	4	4	{GlimmerHMM_glimmerT_3334-T1;GlimmerHMM},{Augustus_model.g2919.t1;Augustus},{GeneMark_model.3359_t;GeneMark}

# EVM prediction: Mode:STANDARD S-ratio: 12.88 76716-78023 orient(-) score(370789.00) noncoding_equivalent(28777.29) raw_noncoding(34579.29) offset(5802.00) 
77079	76716	terminal-	6	6	{GeneMark_model.3360_t;GeneMark},{GlimmerHMM_glimmerT_3335-T1;GlimmerHMM}
77139	77080	INTRON			{Augustus_model.g2920.t1;Augustus},{GeneMark_model.3360_t;GeneMark},{GlimmerHMM_glimmerT_3335-T1;GlimmerHMM}
78023	77140	initial-	4	5	{Augustus_model.g2920.t1;Augustus},{GeneMark_model.3360_t;GeneMark},{GlimmerHMM_glimmerT_3335-T1;GlimmerHMM}

# EVM prediction: Mode:STANDARD S-ratio: 10000.00 78743-80440 orient(+) score(511098.00) noncoding_equivalent(51.11) raw_noncoding(0.00) offset(0.00) 
78743	80440	single+	1	3	{GlimmerHMM_glimmerT_3336-T1;GlimmerHMM},{GeneMark_model.3361_t;GeneMark},{Augustus_model.g2921.t1;Augustus}

# EVM prediction: Mode:STANDARD S-ratio: 5.82 80727-82135 orient(-) score(368172.00) noncoding_equivalent(63210.59) raw_noncoding(70812.59) offset(7602.00) 
81907	80727	terminal-	5	6	{GeneMark_model.3362_t;GeneMark},{GlimmerHMM_glimmerT_3337-T1;GlimmerHMM}
81981	81908	INTRON			{GeneMark_model.3362_t;GeneMark},{Augustus_model.g2922.t1;Augustus},{GlimmerHMM_glimmerT_3337-T1;GlimmerHMM}
82135	81982	initial-	4	4	{GeneMark_model.3362_t;GeneMark},{Augustus_model.g2922.t1;Augustus},{GlimmerHMM_glimmerT_3337-T1;GlimmerHMM}

# EVM prediction: Mode:STANDARD S-ratio: 1.28 82902-84265 orient(+) score(227667.00) noncoding_equivalent(177366.08) raw_noncoding(235690.47) offset(58324.39) 
82902	83045	initial+	1	3	{GlimmerHMM_glimmerT_3338-T1;GlimmerHMM},{Augustus_model.g2923.t1;Augustus},{GeneMark_model.3363_t;GeneMark}
83046	83104	INTRON			{GeneMark_model.3363_t;GeneMark}
83105	83185	internal+	1	3	{GeneMark_model.3363_t;GeneMark}
83186	83242	INTRON			{GeneMark_model.3363_t;GeneMark}
83243	83323	internal+	1	3	{Augustus_model.g2923.t1;Augustus},{GeneMark_model.3363_t;GeneMark}
83324	83387	INTRON			{GlimmerHMM_glimmerT_3338-T1;GlimmerHMM},{Augustus_model.g2923.t1;Augustus},{GeneMark_model.3363_t;GeneMark}
83388	83468	internal+	1	3	{GlimmerHMM_glimmerT_3338-T1;GlimmerHMM},{Augustus_model.g2923.t1;Augustus},{GeneMark_model.3363_t;GeneMark}
83469	83526	INTRON			{Augustus_model.g2923.t1;Augustus},{GeneMark_model.3363_t;GeneMark}
83527	83607	internal+	1	3	{Augustus_model.g2923.t1;Augustus},{GeneMark_model.3363_t;GeneMark}
83608	83665	INTRON			{Augustus_model.g2923.t1;Augustus},{GeneMark_model.3363_t;GeneMark}
83666	83966	internal+	1	1	{GlimmerHMM_glimmerT_3338-T1;GlimmerHMM},{Augustus_model.g2923.t1;Augustus}
83967	84077	INTRON			{GlimmerHMM_glimmerT_3338-T1;GlimmerHMM},{Augustus_model.g2923.t1;Augustus},{GeneMark_model.3363_t;GeneMark}
84078	84265	terminal+	2	3	{Augustus_model.g2923.t1;Augustus},{GeneMark_model.3363_t;GeneMark}

# EVM prediction: Mode:STANDARD S-ratio: 6.05 101081-102076 orient(+) score(258269.00) noncoding_equivalent(42696.83) raw_noncoding(52690.02) offset(9993.19) 
101081	101227	initial+	1	3	{Augustus_model.g2924.t1;Augustus},{GeneMark_model.3364_t;GeneMark},{GlimmerHMM_glimmerT_3339-T1;GlimmerHMM}
101228	101275	INTRON			{GlimmerHMM_glimmerT_3339-T1;GlimmerHMM}
101276	101771	internal+	1	1	{GlimmerHMM_glimmerT_3339-T1;GlimmerHMM}
101772	101834	INTRON			{Augustus_model.g2924.t1;Augustus},{GeneMark_model.3364_t;GeneMark},{GlimmerHMM_glimmerT_3339-T1;GlimmerHMM}
101835	102076	terminal+	2	3	{GeneMark_model.3364_t;GeneMark},{GlimmerHMM_glimmerT_3339-T1;GlimmerHMM}

# EVM prediction: Mode:STANDARD S-ratio: 5.14 102704-103981 orient(+) score(340678.00) noncoding_equivalent(66243.60) raw_noncoding(86925.00) offset(20681.40) 
102704	103100	initial+	1	1	{GeneMark_model.3365_t;GeneMark},{GlimmerHMM_glimmerT_3340-T1;GlimmerHMM}
103101	103219	INTRON			{Augustus_model.g2924.t1;Augustus},{GeneMark_model.3365_t;GeneMark},{GlimmerHMM_glimmerT_3340-T1;GlimmerHMM}
103220	103424	internal+	2	2	{Augustus_model.g2924.t1;Augustus},{GeneMark_model.3365_t;GeneMark},{GlimmerHMM_glimmerT_3340-T1;GlimmerHMM}
103425	103530	INTRON			{Augustus_model.g2924.t1;Augustus},{GeneMark_model.3365_t;GeneMark},{GlimmerHMM_glimmerT_3340-T1;GlimmerHMM}
103531	103981	terminal+	3	3	{Augustus_model.g2924.t1;Augustus},{GeneMark_model.3365_t;GeneMark},{GlimmerHMM_glimmerT_3340-T1;GlimmerHMM}

# EVM prediction: Mode:STANDARD S-ratio: 6.99 104537-105019 orient(-) score(132683.00) noncoding_equivalent(18983.52) raw_noncoding(25806.00) offset(6822.48) 
104892	104537	terminal-	5	6	{Augustus_model.g2925.t1;Augustus},{snap_scaffold_2-snap.1707-T1;snap},{GlimmerHMM_glimmerT_3341-T1;GlimmerHMM},{GeneMark_model.3366_t;GeneMark}
104958	104893	INTRON			{Augustus_model.g2925.t1;Augustus},{GlimmerHMM_glimmerT_3341-T1;GlimmerHMM},{GeneMark_model.3366_t;GeneMark}
105019	104959	initial-	4	4	{Augustus_model.g2925.t1;Augustus},{GlimmerHMM_glimmerT_3341-T1;GlimmerHMM},{GeneMark_model.3366_t;GeneMark}

# EVM prediction: Mode:STANDARD S-ratio: 10000.00 108342-108965 orient(-) score(187824.00) noncoding_equivalent(18.78) raw_noncoding(0.00) offset(0.00) 
108965	108342	single-	4	6	{GeneMark_model.3367_t;GeneMark},{Augustus_model.g2926.t1;Augustus},{GlimmerHMM_glimmerT_3342-T1;GlimmerHMM}

# EVM prediction: Mode:STANDARD S-ratio: 3.21 109871-111092 orient(+) score(291022.00) noncoding_equivalent(90538.00) raw_noncoding(96742.00) offset(6204.00) 
109871	110294	initial+	1	1	{GlimmerHMM_glimmerT_3343-T1;GlimmerHMM},{Augustus_model.g2927.t1;Augustus},{GeneMark_model.3368_t;GeneMark}
110295	110380	INTRON			{GlimmerHMM_glimmerT_3343-T1;GlimmerHMM},{Augustus_model.g2927.t1;Augustus},{GeneMark_model.3368_t;GeneMark}
110381	110679	internal+	2	3	{GlimmerHMM_glimmerT_3343-T1;GlimmerHMM},{Augustus_model.g2927.t1;Augustus},{GeneMark_model.3368_t;GeneMark}
110680	110735	INTRON			{GlimmerHMM_glimmerT_3343-T1;GlimmerHMM},{Augustus_model.g2927.t1;Augustus},{GeneMark_model.3368_t;GeneMark}
110736	111092	terminal+	1	3	{GlimmerHMM_glimmerT_3343-T1;GlimmerHMM},{Augustus_model.g2927.t1;Augustus},{GeneMark_model.3368_t;GeneMark}

# EVM prediction: Mode:STANDARD S-ratio: 5.91 111576-113085 orient(-) score(339538.00) noncoding_equivalent(57404.91) raw_noncoding(167999.56) offset(110594.65) 
112513	111576	terminal-	5	6	{snap_scaffold_2-snap.1710-T1;snap},{Augustus_model.g2928.t1;Augustus},{GlimmerHMM_glimmerT_3344-T1;GlimmerHMM},{GeneMark_model.3369_t;GeneMark}
113081	112514	INTRON			{snap_scaffold_2-snap.1710-T1;snap}
113085	113082	initial-	4	4	{snap_scaffold_2-snap.1710-T1;snap}

# EVM prediction: Mode:STANDARD S-ratio: 6.77 113339-115187 orient(-) score(493422.00) noncoding_equivalent(72927.09) raw_noncoding(88471.93) offset(15544.84) 
113888	113339	terminal-	6	6	{GeneMark_model.3370_t;GeneMark}
113947	113889	INTRON			{GeneMark_model.3370_t;GeneMark},{Augustus_model.g2928.t1;Augustus}
114079	113948	internal-	6	5	{GeneMark_model.3370_t;GeneMark},{GlimmerHMM_glimmerT_3344-T1;GlimmerHMM}
114155	114080	INTRON			{GeneMark_model.3370_t;GeneMark},{GlimmerHMM_glimmerT_3344-T1;GlimmerHMM}
114895	114156	internal-	4	5	{GeneMark_model.3370_t;GeneMark},{GlimmerHMM_glimmerT_3344-T1;GlimmerHMM}
114983	114896	INTRON			{GeneMark_model.3370_t;GeneMark},{Augustus_model.g2928.t1;Augustus},{GlimmerHMM_glimmerT_3344-T1;GlimmerHMM}
115187	114984	initial-	4	6	{GeneMark_model.3370_t;GeneMark},{Augustus_model.g2928.t1;Augustus},{GlimmerHMM_glimmerT_3344-T1;GlimmerHMM}

