!! Predictions spanning range 41 - 31453 [R1]
# EVM prediction: Mode:STANDARD S-ratio: 2.98 41-563 orient(-) score(123723.00) noncoding_equivalent(41578.00) raw_noncoding(49780.00) offset(8202.00) 
297	41	internal-	4	5	{Augustus_model.g8098.t1;Augustus},{GeneMark_model.9519_t;GeneMark},{snap_scaffold_285-snap.1-T1;snap}
377	298	INTRON			{Augustus_model.g8098.t1;Augustus},{GeneMark_model.9519_t;GeneMark},{snap_scaffold_285-snap.1-T1;snap}
563	378	initial-	4	6	{GeneMark_model.9519_t;GeneMark},{snap_scaffold_285-snap.1-T1;snap},{GlimmerHMM_glimmerT_9632-T1;GlimmerHMM}

# EVM prediction: Mode:STANDARD S-ratio: 8.90 2042-3275 orient(+) score(247973.00) noncoding_equivalent(27860.00) raw_noncoding(28664.00) offset(804.00) 
2042	2215	initial+	1	3	{GeneMark_model.9520_t;GeneMark},{Augustus_model.g8099.t1;Augustus},{GlimmerHMM_glimmerT_9633-T1;GlimmerHMM}
2216	2266	INTRON			{GeneMark_model.9520_t;GeneMark},{Augustus_model.g8099.t1;Augustus},{GlimmerHMM_glimmerT_9633-T1;GlimmerHMM}
2267	2657	internal+	1	1	{GeneMark_model.9520_t;GeneMark},{Augustus_model.g8099.t1;Augustus},{GlimmerHMM_glimmerT_9633-T1;GlimmerHMM}
2658	2709	INTRON			{GeneMark_model.9520_t;GeneMark},{Augustus_model.g8099.t1;Augustus},{GlimmerHMM_glimmerT_9633-T1;GlimmerHMM}
2710	3275	terminal+	2	3	{GeneMark_model.9520_t;GeneMark},{GlimmerHMM_glimmerT_9633-T1;GlimmerHMM}

# EVM prediction: Mode:STANDARD S-ratio: 12.69 3420-5601 orient(-) score(656782.00) noncoding_equivalent(51772.00) raw_noncoding(53578.00) offset(1806.00) 
4069	3420	terminal-	5	6	{GlimmerHMM_glimmerT_9634-T1;GlimmerHMM},{GeneMark_model.9521_t;GeneMark},{Augustus_model.g8100.t1;Augustus},{snap_scaffold_285-snap.3-T1;snap}
4118	4070	INTRON			{GlimmerHMM_glimmerT_9634-T1;GlimmerHMM},{GeneMark_model.9521_t;GeneMark},{Augustus_model.g8100.t1;Augustus},{snap_scaffold_285-snap.3-T1;snap}
4405	4119	internal-	6	4	{GlimmerHMM_glimmerT_9634-T1;GlimmerHMM},{GeneMark_model.9521_t;GeneMark},{Augustus_model.g8100.t1;Augustus},{snap_scaffold_285-snap.3-T1;snap}
4486	4406	INTRON			{GlimmerHMM_glimmerT_9634-T1;GlimmerHMM},{GeneMark_model.9521_t;GeneMark},{Augustus_model.g8100.t1;Augustus},{snap_scaffold_285-snap.3-T1;snap}
5071	4487	internal-	6	5	{GlimmerHMM_glimmerT_9634-T1;GlimmerHMM},{GeneMark_model.9521_t;GeneMark},{Augustus_model.g8100.t1;Augustus},{snap_scaffold_285-snap.3-T1;snap}
5119	5072	INTRON			{GlimmerHMM_glimmerT_9634-T1;GlimmerHMM},{GeneMark_model.9521_t;GeneMark},{Augustus_model.g8100.t1;Augustus},{snap_scaffold_285-snap.3-T1;snap}
5601	5120	initial-	4	5	{GlimmerHMM_glimmerT_9634-T1;GlimmerHMM},{GeneMark_model.9521_t;GeneMark},{Augustus_model.g8100.t1;Augustus},{snap_scaffold_285-snap.3-T1;snap}

# EVM prediction: Mode:STANDARD S-ratio: 17.95 6356-8164 orient(+) score(510063.00) noncoding_equivalent(28417.60) raw_noncoding(40044.59) offset(11626.99) 
6356	6441	initial+	1	2	{GeneMark_model.9522_t;GeneMark}
6442	6501	INTRON			{GeneMark_model.9522_t;GeneMark}
6502	8164	terminal+	3	3	{GeneMark_model.9522_t;GeneMark},{Augustus_model.g8101.t1;Augustus}

# EVM prediction: Mode:STANDARD S-ratio: 2.01 8285-9079 orient(-) score(159795.00) noncoding_equivalent(79500.00) raw_noncoding(79500.00) offset(0.00) 
9079	8285	single-	4	6	{GlimmerHMM_glimmerT_9636-T1;GlimmerHMM},{GeneMark_model.9523_t;GeneMark},{Augustus_model.g8102.t1;Augustus}

# EVM prediction: Mode:STANDARD S-ratio: 51.90 9589-17035 orient(+) score(2235343.00) noncoding_equivalent(43067.01) raw_noncoding(47273.01) offset(4206.00) 
9589	9653	initial+	1	2	{Augustus_model.g8103.t1;Augustus},{GlimmerHMM_glimmerT_9637-T1;GlimmerHMM},{snap_scaffold_285-snap.5-T1;snap},{GeneMark_model.9524_t;GeneMark}
9654	9715	INTRON			{Augustus_model.g8103.t1;Augustus},{GlimmerHMM_glimmerT_9637-T1;GlimmerHMM},{GeneMark_model.9524_t;GeneMark}
9716	9783	internal+	3	1	{Augustus_model.g8103.t1;Augustus},{GlimmerHMM_glimmerT_9637-T1;GlimmerHMM},{GeneMark_model.9524_t;GeneMark}
9784	9835	INTRON			{Augustus_model.g8103.t1;Augustus},{GlimmerHMM_glimmerT_9637-T1;GlimmerHMM},{snap_scaffold_285-snap.5-T1;snap},{GeneMark_model.9524_t;GeneMark}
9836	16536	internal+	2	3	{Augustus_model.g8103.t1;Augustus},{GlimmerHMM_glimmerT_9637-T1;GlimmerHMM},{snap_scaffold_285-snap.5-T1;snap},{GeneMark_model.9524_t;GeneMark}
16537	16591	INTRON			{Augustus_model.g8103.t1;Augustus},{GlimmerHMM_glimmerT_9637-T1;GlimmerHMM},{snap_scaffold_285-snap.5-T1;snap},{GeneMark_model.9524_t;GeneMark}
16592	17035	terminal+	1	3	{GlimmerHMM_glimmerT_9637-T1;GlimmerHMM},{snap_scaffold_285-snap.5-T1;snap},{GeneMark_model.9524_t;GeneMark}

# EVM prediction: Mode:STANDARD S-ratio: 7.48 17731-18674 orient(+) score(279639.00) noncoding_equivalent(37380.48) raw_noncoding(38637.27) offset(1256.80) 
17731	17988	initial+	1	3	{GlimmerHMM_glimmerT_9638-T1;GlimmerHMM},{GeneMark_model.9525_t;GeneMark},{snap_scaffold_285-snap.6-T1;snap}
17989	18043	INTRON			{GlimmerHMM_glimmerT_9638-T1;GlimmerHMM},{GeneMark_model.9525_t;GeneMark},{snap_scaffold_285-snap.6-T1;snap}
18044	18390	internal+	1	2	{GlimmerHMM_glimmerT_9638-T1;GlimmerHMM},{GeneMark_model.9525_t;GeneMark},{snap_scaffold_285-snap.6-T1;snap}
18391	18448	INTRON			{Augustus_model.g8103.t1;Augustus},{GlimmerHMM_glimmerT_9638-T1;GlimmerHMM},{GeneMark_model.9525_t;GeneMark},{snap_scaffold_285-snap.6-T1;snap}
18449	18674	terminal+	3	3	{GlimmerHMM_glimmerT_9638-T1;GlimmerHMM},{snap_scaffold_285-snap.6-T1;snap}

# EVM prediction: Mode:STANDARD S-ratio: 7.55 18701-19678 orient(+) score(288277.00) noncoding_equivalent(38199.26) raw_noncoding(39456.55) offset(1257.29) 
18701	18979	initial+	1	3	{snap_scaffold_285-snap.7-T1;snap},{GlimmerHMM_glimmerT_9639-T1;GlimmerHMM}
18980	19034	INTRON			{Augustus_model.g8103.t1;Augustus},{snap_scaffold_285-snap.7-T1;snap},{GlimmerHMM_glimmerT_9639-T1;GlimmerHMM},{GeneMark_model.9525_t;GeneMark}
19035	19302	internal+	1	1	{snap_scaffold_285-snap.7-T1;snap},{GlimmerHMM_glimmerT_9639-T1;GlimmerHMM},{GeneMark_model.9525_t;GeneMark}
19303	19358	INTRON			{snap_scaffold_285-snap.7-T1;snap},{GlimmerHMM_glimmerT_9639-T1;GlimmerHMM},{GeneMark_model.9525_t;GeneMark}
19359	19678	terminal+	2	3	{snap_scaffold_285-snap.7-T1;snap},{GlimmerHMM_glimmerT_9639-T1;GlimmerHMM}

# EVM prediction: Mode:STANDARD S-ratio: 50.85 20286-21422 orient(-) score(335637.00) noncoding_equivalent(6600.00) raw_noncoding(6600.00) offset(0.00) 
21422	20286	single-	4	6	{Augustus_model.g8104.t1;Augustus},{GeneMark_model.9526_t;GeneMark}

# EVM prediction: Mode:STANDARD S-ratio: 29.98 23467-25175 orient(-) score(514409.00) noncoding_equivalent(17157.00) raw_noncoding(17759.00) offset(602.00) 
24829	23467	terminal-	6	6	{GlimmerHMM_glimmerT_9641-T1;GlimmerHMM},{Augustus_model.g8105.t1;Augustus},{GeneMark_model.9527_t;GeneMark},{snap_scaffold_285-snap.9-T1;snap}
24888	24830	INTRON			{GlimmerHMM_glimmerT_9641-T1;GlimmerHMM},{Augustus_model.g8105.t1;Augustus},{GeneMark_model.9527_t;GeneMark},{snap_scaffold_285-snap.9-T1;snap}
25175	24889	initial-	4	5	{GlimmerHMM_glimmerT_9641-T1;GlimmerHMM},{Augustus_model.g8105.t1;Augustus},{GeneMark_model.9527_t;GeneMark},{snap_scaffold_285-snap.9-T1;snap}

# EVM prediction: Mode:STANDARD S-ratio: 5.66 27143-29029 orient(+) score(528661.00) noncoding_equivalent(93370.94) raw_noncoding(130914.00) offset(37543.06) 
27143	27525	initial+	1	2	{GeneMark_model.9528_t;GeneMark},{Augustus_model.g8106.t1;Augustus}
27526	27913	INTRON			{GlimmerHMM_glimmerT_9642-T1;GlimmerHMM},{GeneMark_model.9528_t;GeneMark},{Augustus_model.g8106.t1;Augustus}
27914	28609	internal+	3	2	{GlimmerHMM_glimmerT_9642-T1;GlimmerHMM},{GeneMark_model.9528_t;GeneMark}
28610	28662	INTRON			{GlimmerHMM_glimmerT_9642-T1;GlimmerHMM},{GeneMark_model.9528_t;GeneMark},{snap_scaffold_285-snap.11-T1;snap}
28663	29029	terminal+	3	3	{GlimmerHMM_glimmerT_9642-T1;GlimmerHMM},{GeneMark_model.9528_t;GeneMark},{Augustus_model.g8106.t1;Augustus},{snap_scaffold_285-snap.11-T1;snap}

# EVM prediction: Mode:STANDARD S-ratio: 20.39 30316-31453 orient(+) score(332093.00) noncoding_equivalent(16285.98) raw_noncoding(22704.81) offset(6418.83) 
30316	30612	initial+	1	3	{GeneMark_model.9529_t;GeneMark},{GlimmerHMM_glimmerT_9643-T1;GlimmerHMM}
30613	30673	INTRON			{GeneMark_model.9529_t;GeneMark},{Augustus_model.g8107.t1;Augustus},{GlimmerHMM_glimmerT_9643-T1;GlimmerHMM}
30674	31453	terminal+	1	3	{GeneMark_model.9529_t;GeneMark},{Augustus_model.g8107.t1;Augustus},{GlimmerHMM_glimmerT_9643-T1;GlimmerHMM},{snap_scaffold_285-snap.12-T1;snap}

