!! Predictions spanning range 500 - 69112 [R1]
# EVM prediction: Mode:STANDARD S-ratio: 19.58 500-3065 orient(-) score(754066.00) noncoding_equivalent(38505.00) raw_noncoding(44809.00) offset(6304.00) 
623	500	terminal-	6	6	{snap_scaffold_164-snap.1-T1;snap},{Augustus_model.g6362.t1;Augustus},{GeneMark_model.7437_t;GeneMark}
682	624	INTRON			{snap_scaffold_164-snap.1-T1;snap},{Augustus_model.g6362.t1;Augustus},{GeneMark_model.7437_t;GeneMark}
1577	683	internal-	5	5	{snap_scaffold_164-snap.1-T1;snap},{Augustus_model.g6362.t1;Augustus},{GeneMark_model.7437_t;GeneMark}
1627	1578	INTRON			{snap_scaffold_164-snap.1-T1;snap},{GlimmerHMM_glimmerT_7519-T1;GlimmerHMM},{Augustus_model.g6362.t1;Augustus},{GeneMark_model.7437_t;GeneMark}
3065	1628	initial-	4	4	{snap_scaffold_164-snap.1-T1;snap},{GlimmerHMM_glimmerT_7519-T1;GlimmerHMM},{GeneMark_model.7437_t;GeneMark}

# EVM prediction: Mode:STANDARD S-ratio: 91.56 3704-4441 orient(+) score(219738.00) noncoding_equivalent(2400.00) raw_noncoding(2400.00) offset(0.00) 
3704	4441	single+	1	3	{GlimmerHMM_glimmerT_7520-T1;GlimmerHMM},{Augustus_model.g6363.t1;Augustus},{GeneMark_model.7438_t;GeneMark}

# EVM prediction: Mode:STANDARD S-ratio: 2.77 5221-5550 orient(-) score(66730.00) noncoding_equivalent(24102.96) raw_noncoding(41454.04) offset(17351.08) 
5302	5221	terminal-	6	6	{GeneMark_model.7439_t;GeneMark},{snap_scaffold_164-snap.3-T1;snap},{Augustus_model.g6364.t1;Augustus}
5389	5303	INTRON			{snap_scaffold_164-snap.3-T1;snap},{Augustus_model.g6364.t1;Augustus}
5550	5390	initial-	4	5	{snap_scaffold_164-snap.3-T1;snap},{Augustus_model.g6364.t1;Augustus}

# EVM prediction: Mode:STANDARD S-ratio: 183.11 8582-9682 orient(-) score(329601.00) noncoding_equivalent(1800.00) raw_noncoding(1800.00) offset(0.00) 
9682	8582	single-	4	6	{GlimmerHMM_glimmerT_7522-T1;GlimmerHMM},{GeneMark_model.7440_t;GeneMark}

# EVM prediction: Mode:STANDARD S-ratio: 7.70 10699-15603 orient(-) score(1322103.00) noncoding_equivalent(171760.00) raw_noncoding(172362.00) offset(602.00) 
15027	10699	terminal-	4	6	{GlimmerHMM_glimmerT_7523-T1;GlimmerHMM},{snap_scaffold_164-snap.5-T1;snap}
15087	15028	INTRON			{GeneMark_model.7441_t;GeneMark},{GlimmerHMM_glimmerT_7523-T1;GlimmerHMM},{snap_scaffold_164-snap.5-T1;snap},{Augustus_model.g6366.t1;Augustus}
15603	15088	initial-	4	6	{GeneMark_model.7441_t;GeneMark},{snap_scaffold_164-snap.5-T1;snap},{Augustus_model.g6366.t1;Augustus}

# EVM prediction: Mode:STANDARD S-ratio: 20.57 16337-17303 orient(-) score(291067.00) noncoding_equivalent(14147.00) raw_noncoding(14749.00) offset(602.00) 
17029	16337	terminal-	4	6	{GlimmerHMM_glimmerT_7524-T1;GlimmerHMM},{Augustus_model.g6367.t1;Augustus},{snap_scaffold_164-snap.6-T1;snap},{GeneMark_model.7442_t;GeneMark}
17078	17030	INTRON			{GlimmerHMM_glimmerT_7524-T1;GlimmerHMM},{Augustus_model.g6367.t1;Augustus},{snap_scaffold_164-snap.6-T1;snap},{GeneMark_model.7442_t;GeneMark}
17303	17079	initial-	4	6	{GlimmerHMM_glimmerT_7524-T1;GlimmerHMM},{Augustus_model.g6367.t1;Augustus},{snap_scaffold_164-snap.6-T1;snap},{GeneMark_model.7442_t;GeneMark}

# EVM prediction: Mode:STANDARD S-ratio: 3.95 20015-20511 orient(+) score(129318.00) noncoding_equivalent(32762.30) raw_noncoding(45903.99) offset(13141.69) 
20015	20360	initial+	1	1	{GeneMark_model.7443_t;GeneMark},{snap_scaffold_164-snap.7-T1;snap}
20361	20488	INTRON			{GeneMark_model.7443_t;GeneMark},{snap_scaffold_164-snap.7-T1;snap}
20489	20511	terminal+	2	3	{GeneMark_model.7443_t;GeneMark},{snap_scaffold_164-snap.7-T1;snap}

# EVM prediction: Mode:STANDARD S-ratio: 8.00 21441-23343 orient(+) score(473777.00) noncoding_equivalent(59227.62) raw_noncoding(129090.87) offset(69863.25) 
21441	21510	initial+	1	1	{snap_scaffold_164-snap.8-T1;snap}
21511	21724	INTRON			{snap_scaffold_164-snap.8-T1;snap},{Augustus_model.g6368.t1;Augustus}
21725	21758	internal+	2	2	{snap_scaffold_164-snap.8-T1;snap}
21759	21941	INTRON			{snap_scaffold_164-snap.8-T1;snap}
21942	23343	terminal+	3	3	{GeneMark_model.7444_t;GeneMark},{snap_scaffold_164-snap.8-T1;snap},{Augustus_model.g6368.t1;Augustus}

# EVM prediction: Mode:STANDARD S-ratio: 21.72 23849-25347 orient(+) score(451199.00) noncoding_equivalent(20769.00) raw_noncoding(21371.00) offset(602.00) 
23849	24097	initial+	1	3	{snap_scaffold_164-snap.9-T1;snap},{GlimmerHMM_glimmerT_7527-T1;GlimmerHMM},{GeneMark_model.7445_t;GeneMark},{Augustus_model.g6369.t1;Augustus}
24098	24168	INTRON			{snap_scaffold_164-snap.9-T1;snap},{GlimmerHMM_glimmerT_7527-T1;GlimmerHMM},{GeneMark_model.7445_t;GeneMark},{Augustus_model.g6369.t1;Augustus}
24169	25347	terminal+	1	3	{snap_scaffold_164-snap.9-T1;snap},{GlimmerHMM_glimmerT_7527-T1;GlimmerHMM},{GeneMark_model.7445_t;GeneMark},{Augustus_model.g6369.t1;Augustus}

# EVM prediction: Mode:STANDARD S-ratio: 23.39 26011-27507 orient(-) score(450597.00) noncoding_equivalent(19264.00) raw_noncoding(19866.00) offset(602.00) 
27146	26011	terminal-	5	6	{Augustus_model.g6370.t1;Augustus},{GeneMark_model.7446_t;GeneMark},{snap_scaffold_164-snap.10-T1;snap},{GlimmerHMM_glimmerT_7528-T1;GlimmerHMM}
27212	27147	INTRON			{Augustus_model.g6370.t1;Augustus},{GeneMark_model.7446_t;GeneMark},{snap_scaffold_164-snap.10-T1;snap},{GlimmerHMM_glimmerT_7528-T1;GlimmerHMM}
27507	27213	initial-	4	4	{Augustus_model.g6370.t1;Augustus},{GeneMark_model.7446_t;GeneMark},{snap_scaffold_164-snap.10-T1;snap},{GlimmerHMM_glimmerT_7528-T1;GlimmerHMM}

# EVM prediction: Mode:STANDARD S-ratio: 4.35 29787-31450 orient(-) score(381222.00) noncoding_equivalent(87654.98) raw_noncoding(151196.73) offset(63541.75) 
30892	29787	terminal-	5	6	{GeneMark_model.7447_t;GeneMark}
31209	30893	INTRON			{GlimmerHMM_glimmerT_7529-T1;GlimmerHMM}
31450	31210	initial-	4	4	{GlimmerHMM_glimmerT_7529-T1;GlimmerHMM}

# EVM prediction: Mode:STANDARD S-ratio: 1.86 32480-33933 orient(-) score(243800.00) noncoding_equivalent(131328.33) raw_noncoding(251095.86) offset(119767.54) 
32769	32480	terminal-	5	6	{GlimmerHMM_glimmerT_7530-T1;GlimmerHMM}
33389	32770	INTRON			{GlimmerHMM_glimmerT_7530-T1;GlimmerHMM}
33933	33390	initial-	4	4	{GlimmerHMM_glimmerT_7530-T1;GlimmerHMM},{GeneMark_model.7447_t;GeneMark}

# EVM prediction: Mode:STANDARD S-ratio: 983.40 34124-35440 orient(-) score(396017.00) noncoding_equivalent(402.70) raw_noncoding(402.70) offset(0.00) 
35440	34124	single-	4	6	{GlimmerHMM_glimmerT_7531-T1;GlimmerHMM},{GeneMark_model.7448_t;GeneMark},{Augustus_model.g6372.t1;Augustus}

# EVM prediction: Mode:STANDARD S-ratio: 17.90 36453-37527 orient(+) score(323270.00) noncoding_equivalent(18064.34) raw_noncoding(18666.34) offset(602.00) 
36453	36693	initial+	1	1	{snap_scaffold_164-snap.13-T1;snap},{GeneMark_model.7449_t;GeneMark},{GlimmerHMM_glimmerT_7532-T1;GlimmerHMM}
36694	36754	INTRON			{snap_scaffold_164-snap.13-T1;snap},{GeneMark_model.7449_t;GeneMark},{Augustus_model.g6373.t1;Augustus},{GlimmerHMM_glimmerT_7532-T1;GlimmerHMM}
36755	37527	terminal+	2	3	{snap_scaffold_164-snap.13-T1;snap},{GeneMark_model.7449_t;GeneMark},{GlimmerHMM_glimmerT_7532-T1;GlimmerHMM}

# EVM prediction: Mode:STANDARD S-ratio: 6.95 38287-39126 orient(+) score(243740.00) noncoding_equivalent(35046.00) raw_noncoding(38850.00) offset(3804.00) 
38287	38469	initial+	1	3	{snap_scaffold_164-snap.14-T1;snap},{GeneMark_model.7450_t;GeneMark}
38470	38560	INTRON			{Augustus_model.g6373.t1;Augustus},{snap_scaffold_164-snap.14-T1;snap},{GeneMark_model.7450_t;GeneMark}
38561	38660	internal+	1	1	{GlimmerHMM_glimmerT_7533-T1;GlimmerHMM},{Augustus_model.g6373.t1;Augustus},{snap_scaffold_164-snap.14-T1;snap},{GeneMark_model.7450_t;GeneMark}
38661	38719	INTRON			{GlimmerHMM_glimmerT_7533-T1;GlimmerHMM},{Augustus_model.g6373.t1;Augustus},{snap_scaffold_164-snap.14-T1;snap},{GeneMark_model.7450_t;GeneMark}
38720	39126	terminal+	2	3	{GlimmerHMM_glimmerT_7533-T1;GlimmerHMM},{Augustus_model.g6373.t1;Augustus},{snap_scaffold_164-snap.14-T1;snap},{GeneMark_model.7450_t;GeneMark}

# EVM prediction: Mode:STANDARD S-ratio: 59.23 39199-42244 orient(-) score(896314.00) noncoding_equivalent(15132.94) raw_noncoding(25589.69) offset(10456.75) 
42094	39199	terminal-	6	6	{GeneMark_model.7451_t;GeneMark},{Augustus_model.g6374.t1;Augustus}
42146	42095	INTRON			{GeneMark_model.7451_t;GeneMark},{Augustus_model.g6374.t1;Augustus}
42244	42147	initial-	4	5	{GeneMark_model.7451_t;GeneMark},{snap_scaffold_164-snap.15-T1;snap}

# EVM prediction: Mode:STANDARD S-ratio: 12.75 42805-44781 orient(-) score(544921.00) noncoding_equivalent(42746.38) raw_noncoding(55762.84) offset(13016.45) 
42949	42805	terminal-	6	6	{GeneMark_model.7452_t;GeneMark}
43005	42950	INTRON			{GeneMark_model.7452_t;GeneMark},{Augustus_model.g6374.t1;Augustus}
44007	43006	internal-	6	5	{GeneMark_model.7452_t;GeneMark},{Augustus_model.g6374.t1;Augustus}
44029	44008	INTRON			{snap_scaffold_164-snap.16-T1;snap}
44781	44030	initial-	4	5	{snap_scaffold_164-snap.16-T1;snap}

# EVM prediction: Mode:STANDARD S-ratio: 8.35 47220-50150 orient(+) score(814179.00) noncoding_equivalent(97526.71) raw_noncoding(132411.00) offset(34884.29) 
47220	47374	initial+	1	2	{GlimmerHMM_glimmerT_7536-T1;GlimmerHMM}
47375	47539	INTRON			{GlimmerHMM_glimmerT_7536-T1;GlimmerHMM}
47540	47741	internal+	3	3	{GlimmerHMM_glimmerT_7536-T1;GlimmerHMM},{GeneMark_model.7453_t;GeneMark}
47742	47794	INTRON			{GlimmerHMM_glimmerT_7536-T1;GlimmerHMM},{GeneMark_model.7453_t;GeneMark},{Augustus_model.g6375.t1;Augustus},{snap_scaffold_164-snap.17-T1;snap}
47795	47894	internal+	1	1	{GlimmerHMM_glimmerT_7536-T1;GlimmerHMM},{GeneMark_model.7453_t;GeneMark},{Augustus_model.g6375.t1;Augustus},{snap_scaffold_164-snap.17-T1;snap}
47895	47951	INTRON			{GlimmerHMM_glimmerT_7536-T1;GlimmerHMM},{GeneMark_model.7453_t;GeneMark},{Augustus_model.g6375.t1;Augustus},{snap_scaffold_164-snap.17-T1;snap}
47952	48450	internal+	2	2	{GlimmerHMM_glimmerT_7536-T1;GlimmerHMM},{GeneMark_model.7453_t;GeneMark},{Augustus_model.g6375.t1;Augustus},{snap_scaffold_164-snap.17-T1;snap}
48451	48499	INTRON			{GlimmerHMM_glimmerT_7536-T1;GlimmerHMM},{GeneMark_model.7453_t;GeneMark},{Augustus_model.g6375.t1;Augustus},{snap_scaffold_164-snap.17-T1;snap}
48500	50150	terminal+	3	3	{GlimmerHMM_glimmerT_7536-T1;GlimmerHMM},{GeneMark_model.7453_t;GeneMark},{Augustus_model.g6375.t1;Augustus},{snap_scaffold_164-snap.17-T1;snap}

# EVM prediction: Mode:STANDARD S-ratio: 4.15 50574-52551 orient(-) score(588778.00) noncoding_equivalent(141751.00) raw_noncoding(148084.00) offset(6333.00) 
51260	50574	terminal-	4	6	{Augustus_model.g6376.t1;Augustus},{snap_scaffold_164-snap.18-T1;snap},{GeneMark_model.7454_t;GeneMark},{GlimmerHMM_glimmerT_7537-T1;GlimmerHMM}
51323	51261	INTRON			{Augustus_model.g6376.t1;Augustus},{snap_scaffold_164-snap.18-T1;snap},{GeneMark_model.7454_t;GeneMark},{GlimmerHMM_glimmerT_7537-T1;GlimmerHMM}
51544	51324	internal-	5	6	{Augustus_model.g6376.t1;Augustus},{snap_scaffold_164-snap.18-T1;snap},{GeneMark_model.7454_t;GeneMark},{GlimmerHMM_glimmerT_7537-T1;GlimmerHMM}
51586	51545	INTRON			{Augustus_model.g6376.t1;Augustus},{snap_scaffold_164-snap.18-T1;snap},{GlimmerHMM_glimmerT_7537-T1;GlimmerHMM}
51730	51587	internal-	5	4	{Augustus_model.g6376.t1;Augustus},{snap_scaffold_164-snap.18-T1;snap},{GlimmerHMM_glimmerT_7537-T1;GlimmerHMM}
52051	51731	INTRON			{Augustus_model.g6376.t1;Augustus},{snap_scaffold_164-snap.18-T1;snap},{GeneMark_model.7454_t;GeneMark},{GlimmerHMM_glimmerT_7537-T1;GlimmerHMM}
52340	52052	internal-	4	4	{Augustus_model.g6376.t1;Augustus},{snap_scaffold_164-snap.18-T1;snap},{GeneMark_model.7454_t;GeneMark},{GlimmerHMM_glimmerT_7537-T1;GlimmerHMM}
52398	52341	INTRON			{Augustus_model.g6376.t1;Augustus},{snap_scaffold_164-snap.18-T1;snap},{GeneMark_model.7454_t;GeneMark},{GlimmerHMM_glimmerT_7537-T1;GlimmerHMM}
52551	52399	initial-	4	6	{Augustus_model.g6376.t1;Augustus},{snap_scaffold_164-snap.18-T1;snap},{GeneMark_model.7454_t;GeneMark},{GlimmerHMM_glimmerT_7537-T1;GlimmerHMM}

# EVM prediction: Mode:STANDARD S-ratio: 64.38 54481-56109 orient(-) score(482829.00) noncoding_equivalent(7500.00) raw_noncoding(7500.00) offset(0.00) 
56109	54481	single-	4	6	{Augustus_model.g6377.t1;Augustus},{GlimmerHMM_glimmerT_7538-T1;GlimmerHMM},{GeneMark_model.7455_t;GeneMark}

# EVM prediction: Mode:STANDARD S-ratio: 8.28 56740-57617 orient(+) score(264278.00) noncoding_equivalent(31906.00) raw_noncoding(33110.00) offset(1204.00) 
56740	57130	initial+	1	1	{Augustus_model.g6378.t1;Augustus},{GeneMark_model.7456_t;GeneMark},{GlimmerHMM_glimmerT_7539-T1;GlimmerHMM},{snap_scaffold_164-snap.20-T1;snap}
57131	57189	INTRON			{Augustus_model.g6378.t1;Augustus},{GeneMark_model.7456_t;GeneMark},{GlimmerHMM_glimmerT_7539-T1;GlimmerHMM},{snap_scaffold_164-snap.20-T1;snap}
57190	57419	internal+	2	3	{Augustus_model.g6378.t1;Augustus},{GeneMark_model.7456_t;GeneMark},{GlimmerHMM_glimmerT_7539-T1;GlimmerHMM},{snap_scaffold_164-snap.20-T1;snap}
57420	57470	INTRON			{Augustus_model.g6378.t1;Augustus},{GeneMark_model.7456_t;GeneMark},{GlimmerHMM_glimmerT_7539-T1;GlimmerHMM},{snap_scaffold_164-snap.20-T1;snap}
57471	57617	terminal+	1	3	{Augustus_model.g6378.t1;Augustus},{GeneMark_model.7456_t;GeneMark},{GlimmerHMM_glimmerT_7539-T1;GlimmerHMM},{snap_scaffold_164-snap.20-T1;snap}

# EVM prediction: Mode:STANDARD S-ratio: 222.94 59262-60377 orient(-) score(334416.00) noncoding_equivalent(1500.00) raw_noncoding(1500.00) offset(0.00) 
60377	59262	single-	4	6	{Augustus_model.g6379.t1;Augustus},{GeneMark_model.7457_t;GeneMark},{GlimmerHMM_glimmerT_7540-T1;GlimmerHMM}

# EVM prediction: Mode:STANDARD S-ratio: 12.82 60844-62874 orient(-) score(587487.00) noncoding_equivalent(45817.85) raw_noncoding(46419.85) offset(602.00) 
61832	60844	terminal-	5	6	{GlimmerHMM_glimmerT_7541-T1;GlimmerHMM},{GeneMark_model.7458_t;GeneMark}
61907	61833	INTRON			{Augustus_model.g6380.t1;Augustus},{snap_scaffold_164-snap.22-T1;snap},{GlimmerHMM_glimmerT_7541-T1;GlimmerHMM},{GeneMark_model.7458_t;GeneMark}
62874	61908	initial-	4	4	{Augustus_model.g6380.t1;Augustus},{snap_scaffold_164-snap.22-T1;snap},{GlimmerHMM_glimmerT_7541-T1;GlimmerHMM},{GeneMark_model.7458_t;GeneMark}

# EVM prediction: Mode:STANDARD S-ratio: 19.35 64822-66691 orient(-) score(562591.00) noncoding_equivalent(29078.23) raw_noncoding(30330.01) offset(1251.78) 
65823	64822	terminal-	4	6	{GlimmerHMM_glimmerT_7542-T1;GlimmerHMM},{GeneMark_model.7459_t;GeneMark},{snap_scaffold_164-snap.23-T1;snap}
65873	65824	INTRON			{GlimmerHMM_glimmerT_7542-T1;GlimmerHMM},{GeneMark_model.7459_t;GeneMark},{snap_scaffold_164-snap.23-T1;snap}
66115	65874	internal-	5	6	{GlimmerHMM_glimmerT_7542-T1;GlimmerHMM},{GeneMark_model.7459_t;GeneMark},{snap_scaffold_164-snap.23-T1;snap}
66165	66116	INTRON			{GlimmerHMM_glimmerT_7542-T1;GlimmerHMM},{GeneMark_model.7459_t;GeneMark},{snap_scaffold_164-snap.23-T1;snap},{Augustus_model.g6381.t1;Augustus}
66691	66166	initial-	4	4	{GlimmerHMM_glimmerT_7542-T1;GlimmerHMM},{snap_scaffold_164-snap.23-T1;snap}

# EVM prediction: Mode:STANDARD S-ratio: 132.18 66983-69112 orient(-) score(636340.00) noncoding_equivalent(4814.14) raw_noncoding(4814.14) offset(0.00) 
69112	66983	single-	4	6	{GlimmerHMM_glimmerT_7543-T1;GlimmerHMM}

