-successfully changed directories to /home/zack/Desktop/IsariaPreferralGenome/MyGenomeSubmittedToNCBI/HypocrealesProteinSets/GENOMES/CcateniannulataMBC234/FunannotatePredict/predict_misc/EVM/scaffold_396

-reading genomic sequence.

** Processing features (+)

-finding all potential splice sites, looking for GT/GC donors and AG acceptors.
-finding all potential starts and stops. (strand: +)
-loading gene prediction evidence. (strand: +)Valid prediction for GlimmerHMM_glimmerT_10531-T1
add_exon() Sorry, GlimmerHMM_glimmerT_10531-T1 730-899-terminal-1 is invalid.
Couldn't classify 80, 164
Sorry, prediction Augustus_model.g8794.t1 fails validation.
(GGG)	 AG	80-164	GT	CCG
(ACG)	 AG	545-673	GT	CAG
(ACC)	 AG	730-816	GT	TGG
(GTG)	 AG	943-989	AG	GAA
-recovered Augustus_model.g8794.t1, terminal, 943, 989
-recovered Augustus_model.g8794.t1, internal, 80, 164
-recovered Augustus_model.g8794.t1, internal, 545, 673
-recovered Augustus_model.g8794.t1, internal, 730, 816
Couldn't classify 545, 673
Sorry, prediction snap_scaffold_396-snap.1-T1 fails validation.
(ACG)	 AG	545-673	GT	CAG
(ACC)	 AG	730-899	AG	AAA
-recovered snap_scaffold_396-snap.1-T1, terminal, 730, 899
-recovered snap_scaffold_396-snap.1-T1, internal, 545, 673
Couldn't classify 545, 673
Sorry, prediction GeneMark_model.10383_t fails validation.
(ACG)	 AG	545-673	GT	CAG
(ACC)	 AG	730-876	GT	AGG
(GTG)	 AG	943-989	AG	GAA
-recovered GeneMark_model.10383_t, terminal, 943, 989
-recovered GeneMark_model.10383_t, internal, 545, 673
-recovered GeneMark_model.10383_t, internal, 730, 876

-loading the search evidence (protein and EST search results, strand: +)
-scoring exons (strand: +)

** Processing features (-)

-finding all potential splice sites, looking for GT/GC donors and AG acceptors.
-finding all potential starts and stops. (strand: -)
-loading gene prediction evidence. (strand: -)Valid prediction for GeneMark_model.10384_t

-loading the search evidence (protein and EST search results, strand: -)
-scoring exons (strand: -)
-building DP trellis

-building trellis in range 1 - 16104
-exon list size: 10


building trellis
8.3    16.7    25.0    33.3    41.7    50.0    58.3    66.7    75.0    83.3    91.7    
-found 1 predictions from path traversal
GOT 5prime partial gene.

-reporting highest scoring path thru the trellis.
-found 1 predictions persist after filtering for low support

-building DP trellis

-building trellis in range 900 - 16104
-exon list size: 3


building trellis
20.0    40.0    60.0    80.0    
-found 1 predictions from path traversal

-reporting highest scoring path thru the trellis.
-found 0 predictions persist after filtering for low support
