!! Predictions spanning range 14 - 63177 [R1]
# EVM prediction: Mode:STANDARD S-ratio: 1.73 14-283 orient(+) score(51500.00) noncoding_equivalent(29772.74) raw_noncoding(29772.74) offset(0.00) 
14	283	terminal+	1	3	{GeneMark_model.7738_t;GeneMark}

# EVM prediction: Mode:STANDARD S-ratio: 2.85 824-1770 orient(-) score(228645.00) noncoding_equivalent(80096.24) raw_noncoding(110842.38) offset(30746.14) 
896	824	terminal-	6	6	{Augustus_model.g6609.t1;Augustus},{GeneMark_model.7739_t;GeneMark}
956	897	INTRON			{Augustus_model.g6609.t1;Augustus},{GeneMark_model.7739_t;GeneMark}
1431	957	internal-	5	5	{GlimmerHMM_glimmerT_7830-T1;GlimmerHMM},{Augustus_model.g6609.t1;Augustus},{snap_scaffold_178-snap.1-T1;snap},{GeneMark_model.7739_t;GeneMark}
1733	1432	INTRON			{GlimmerHMM_glimmerT_7830-T1;GlimmerHMM},{snap_scaffold_178-snap.1-T1;snap}
1770	1734	initial-	4	4	{GlimmerHMM_glimmerT_7830-T1;GlimmerHMM},{Augustus_model.g6609.t1;Augustus},{snap_scaffold_178-snap.1-T1;snap},{GeneMark_model.7739_t;GeneMark}

# EVM prediction: Mode:STANDARD S-ratio: 7.25 2335-3428 orient(+) score(329294.00) noncoding_equivalent(45451.00) raw_noncoding(46655.00) offset(1204.00) 
2335	2431	initial+	1	1	{GlimmerHMM_glimmerT_7831-T1;GlimmerHMM},{snap_scaffold_178-snap.2-T1;snap},{Augustus_model.g6610.t1;Augustus},{GeneMark_model.7740_t;GeneMark}
2432	2507	INTRON			{GlimmerHMM_glimmerT_7831-T1;GlimmerHMM},{snap_scaffold_178-snap.2-T1;snap},{Augustus_model.g6610.t1;Augustus},{GeneMark_model.7740_t;GeneMark}
2508	2698	internal+	2	3	{GlimmerHMM_glimmerT_7831-T1;GlimmerHMM},{snap_scaffold_178-snap.2-T1;snap},{Augustus_model.g6610.t1;Augustus},{GeneMark_model.7740_t;GeneMark}
2699	2777	INTRON			{GlimmerHMM_glimmerT_7831-T1;GlimmerHMM},{snap_scaffold_178-snap.2-T1;snap},{Augustus_model.g6610.t1;Augustus},{GeneMark_model.7740_t;GeneMark}
2778	3428	terminal+	1	3	{GlimmerHMM_glimmerT_7831-T1;GlimmerHMM},{snap_scaffold_178-snap.2-T1;snap},{Augustus_model.g6610.t1;Augustus},{GeneMark_model.7740_t;GeneMark}

# EVM prediction: Mode:STANDARD S-ratio: 10000.00 3783-8447 orient(-) score(1404165.00) noncoding_equivalent(140.42) raw_noncoding(0.00) offset(0.00) 
8447	3783	single-	4	6	{GeneMark_model.7741_t;GeneMark},{Augustus_model.g6611.t1;Augustus},{GlimmerHMM_glimmerT_7832-T1;GlimmerHMM}

# EVM prediction: Mode:STANDARD S-ratio: 7.64 12081-12483 orient(+) score(113703.00) noncoding_equivalent(14874.00) raw_noncoding(21976.00) offset(7102.00) 
12081	12185	initial+	1	3	{Augustus_model.g6612.t1;Augustus},{GlimmerHMM_glimmerT_7833-T1;GlimmerHMM},{GeneMark_model.7742_t;GeneMark},{snap_scaffold_178-snap.4-T1;snap}
12186	12261	INTRON			{Augustus_model.g6612.t1;Augustus},{GlimmerHMM_glimmerT_7833-T1;GlimmerHMM},{GeneMark_model.7742_t;GeneMark}
12262	12483	terminal+	1	3	{Augustus_model.g6612.t1;Augustus},{GlimmerHMM_glimmerT_7833-T1;GlimmerHMM},{GeneMark_model.7742_t;GeneMark}

# EVM prediction: Mode:STANDARD S-ratio: 7.97 12893-14467 orient(-) score(420819.00) noncoding_equivalent(52830.55) raw_noncoding(73369.45) offset(20538.91) 
13600	12893	terminal-	4	6	{GeneMark_model.7743_t;GeneMark},{Augustus_model.g6613.t1;Augustus},{snap_scaffold_178-snap.5-T1;snap}
13667	13601	INTRON			{GeneMark_model.7743_t;GeneMark},{Augustus_model.g6613.t1;Augustus},{snap_scaffold_178-snap.5-T1;snap}
14311	13668	internal-	5	6	{GeneMark_model.7743_t;GeneMark},{Augustus_model.g6613.t1;Augustus}
14379	14312	INTRON			{GeneMark_model.7743_t;GeneMark}
14467	14380	initial-	4	4	{GeneMark_model.7743_t;GeneMark}

# EVM prediction: Mode:STANDARD S-ratio: 8.02 18020-18696 orient(+) score(198677.00) noncoding_equivalent(24767.02) raw_noncoding(25369.02) offset(602.00) 
18020	18157	initial+	1	3	{Augustus_model.g6614.t1;Augustus},{GeneMark_model.7744_t;GeneMark}
18158	18225	INTRON			{Augustus_model.g6614.t1;Augustus},{GeneMark_model.7744_t;GeneMark},{snap_scaffold_178-snap.6-T1;snap},{GlimmerHMM_glimmerT_7835-T1;GlimmerHMM}
18226	18696	terminal+	1	3	{Augustus_model.g6614.t1;Augustus},{GeneMark_model.7744_t;GeneMark},{snap_scaffold_178-snap.6-T1;snap},{GlimmerHMM_glimmerT_7835-T1;GlimmerHMM}

# EVM prediction: Mode:STANDARD S-ratio: 8.53 19017-20023 orient(-) score(288127.00) noncoding_equivalent(33777.50) raw_noncoding(34379.50) offset(602.00) 
19597	19017	terminal-	5	6	{snap_scaffold_178-snap.7-T1;snap},{Augustus_model.g6615.t1;Augustus},{GeneMark_model.7745_t;GeneMark},{GlimmerHMM_glimmerT_7836-T1;GlimmerHMM}
19662	19598	INTRON			{snap_scaffold_178-snap.7-T1;snap},{Augustus_model.g6615.t1;Augustus},{GeneMark_model.7745_t;GeneMark},{GlimmerHMM_glimmerT_7836-T1;GlimmerHMM}
20023	19663	initial-	4	4	{snap_scaffold_178-snap.7-T1;snap},{GeneMark_model.7745_t;GeneMark}

# EVM prediction: Mode:STANDARD S-ratio: 15.13 20617-21961 orient(-) score(384982.00) noncoding_equivalent(25446.89) raw_noncoding(31538.49) offset(6091.60) 
21498	20617	terminal-	4	6	{GeneMark_model.7746_t;GeneMark},{snap_scaffold_178-snap.8-T1;snap}
21556	21499	INTRON			{Augustus_model.g6615.t1;Augustus},{GeneMark_model.7746_t;GeneMark},{snap_scaffold_178-snap.8-T1;snap}
21961	21557	initial-	4	6	{Augustus_model.g6615.t1;Augustus},{GeneMark_model.7746_t;GeneMark},{snap_scaffold_178-snap.8-T1;snap}

# EVM prediction: Mode:STANDARD S-ratio: 34.50 22496-22924 orient(-) score(125529.00) noncoding_equivalent(3638.92) raw_noncoding(3638.92) offset(0.00) 
22924	22496	single-	4	6	{GeneMark_model.7747_t;GeneMark},{Augustus_model.g6616.t1;Augustus},{GlimmerHMM_glimmerT_7837-T1;GlimmerHMM}

# EVM prediction: Mode:STANDARD S-ratio: 7.72 23034-24454 orient(-) score(385524.00) noncoding_equivalent(49940.24) raw_noncoding(88191.00) offset(38250.76) 
23914	23034	terminal-	5	6	{GeneMark_model.7748_t;GeneMark},{snap_scaffold_178-snap.10-T1;snap},{GlimmerHMM_glimmerT_7838-T1;GlimmerHMM},{Augustus_model.g6617.t1;Augustus}
24005	23915	INTRON			{GeneMark_model.7748_t;GeneMark},{snap_scaffold_178-snap.10-T1;snap},{GlimmerHMM_glimmerT_7838-T1;GlimmerHMM},{Augustus_model.g6617.t1;Augustus}
24257	24006	internal-	5	4	{GeneMark_model.7748_t;GeneMark}
24444	24258	INTRON			{GeneMark_model.7748_t;GeneMark}
24454	24445	initial-	4	4	{GeneMark_model.7748_t;GeneMark},{snap_scaffold_178-snap.10-T1;snap}

# EVM prediction: Mode:STANDARD S-ratio: 9.21 25809-28618 orient(+) score(814765.00) noncoding_equivalent(88426.20) raw_noncoding(110753.00) offset(22326.80) 
25809	26589	initial+	1	1	{GlimmerHMM_glimmerT_7839-T1;GlimmerHMM},{Augustus_model.g6618.t1;Augustus},{snap_scaffold_178-snap.11-T1;snap}
26590	26642	INTRON			{GeneMark_model.7749_t;GeneMark},{GlimmerHMM_glimmerT_7839-T1;GlimmerHMM},{Augustus_model.g6618.t1;Augustus},{snap_scaffold_178-snap.11-T1;snap}
26643	26982	internal+	2	2	{GeneMark_model.7749_t;GeneMark},{GlimmerHMM_glimmerT_7839-T1;GlimmerHMM},{Augustus_model.g6618.t1;Augustus},{snap_scaffold_178-snap.11-T1;snap}
26983	27045	INTRON			{GeneMark_model.7749_t;GeneMark},{GlimmerHMM_glimmerT_7839-T1;GlimmerHMM},{Augustus_model.g6618.t1;Augustus},{snap_scaffold_178-snap.11-T1;snap}
27046	27460	internal+	3	3	{GeneMark_model.7749_t;GeneMark},{Augustus_model.g6618.t1;Augustus},{snap_scaffold_178-snap.11-T1;snap}
27461	27512	INTRON			{GeneMark_model.7749_t;GeneMark},{Augustus_model.g6618.t1;Augustus},{snap_scaffold_178-snap.11-T1;snap}
27513	27718	internal+	1	2	{GeneMark_model.7749_t;GeneMark},{GlimmerHMM_glimmerT_7839-T1;GlimmerHMM},{Augustus_model.g6618.t1;Augustus},{snap_scaffold_178-snap.11-T1;snap}
27719	27856	INTRON			{GlimmerHMM_glimmerT_7839-T1;GlimmerHMM},{snap_scaffold_178-snap.11-T1;snap}
27857	28071	internal+	3	1	{GeneMark_model.7749_t;GeneMark},{GlimmerHMM_glimmerT_7839-T1;GlimmerHMM},{snap_scaffold_178-snap.11-T1;snap}
28072	28130	INTRON			{GeneMark_model.7749_t;GeneMark},{GlimmerHMM_glimmerT_7839-T1;GlimmerHMM},{Augustus_model.g6618.t1;Augustus}
28131	28618	terminal+	2	3	{GeneMark_model.7749_t;GeneMark},{GlimmerHMM_glimmerT_7839-T1;GlimmerHMM},{Augustus_model.g6618.t1;Augustus}

# EVM prediction: Mode:STANDARD S-ratio: 6.05 28884-31415 orient(-) score(697218.00) noncoding_equivalent(115176.16) raw_noncoding(141492.00) offset(26315.84) 
29484	28884	terminal-	6	6	{GeneMark_model.7750_t;GeneMark},{Augustus_model.g6619.t1;Augustus},{GlimmerHMM_glimmerT_7840-T1;GlimmerHMM}
29556	29485	INTRON			{GeneMark_model.7750_t;GeneMark},{Augustus_model.g6619.t1;Augustus},{GlimmerHMM_glimmerT_7840-T1;GlimmerHMM}
30190	29557	internal-	5	5	{GeneMark_model.7750_t;GeneMark},{Augustus_model.g6619.t1;Augustus},{GlimmerHMM_glimmerT_7840-T1;GlimmerHMM}
30239	30191	INTRON			{GeneMark_model.7750_t;GeneMark},{snap_scaffold_178-snap.12-T1;snap},{Augustus_model.g6619.t1;Augustus},{GlimmerHMM_glimmerT_7840-T1;GlimmerHMM}
30579	30240	internal-	4	4	{GeneMark_model.7750_t;GeneMark},{snap_scaffold_178-snap.12-T1;snap},{Augustus_model.g6619.t1;Augustus},{GlimmerHMM_glimmerT_7840-T1;GlimmerHMM}
30635	30580	INTRON			{GeneMark_model.7750_t;GeneMark},{snap_scaffold_178-snap.12-T1;snap},{Augustus_model.g6619.t1;Augustus}
30832	30636	internal-	5	6	{GeneMark_model.7750_t;GeneMark}
30893	30833	INTRON			{GeneMark_model.7750_t;GeneMark}
31233	30894	internal-	4	4	{GeneMark_model.7750_t;GeneMark}
31334	31234	INTRON			{GeneMark_model.7750_t;GeneMark},{snap_scaffold_178-snap.12-T1;snap},{Augustus_model.g6619.t1;Augustus},{GlimmerHMM_glimmerT_7840-T1;GlimmerHMM}
31415	31335	initial-	4	6	{GeneMark_model.7750_t;GeneMark},{snap_scaffold_178-snap.12-T1;snap},{Augustus_model.g6619.t1;Augustus},{GlimmerHMM_glimmerT_7840-T1;GlimmerHMM}

# EVM prediction: Mode:STANDARD S-ratio: 15.00 35284-36662 orient(-) score(396091.00) noncoding_equivalent(26413.00) raw_noncoding(34388.00) offset(7975.00) 
36518	35284	terminal-	5	6	{GeneMark_model.7751_t;GeneMark},{snap_scaffold_178-snap.13-T1;snap}
36595	36519	INTRON			{GeneMark_model.7751_t;GeneMark},{snap_scaffold_178-snap.13-T1;snap}
36662	36596	initial-	4	4	{GeneMark_model.7751_t;GeneMark},{snap_scaffold_178-snap.13-T1;snap}

# EVM prediction: Mode:STANDARD S-ratio: 251.84 37207-38214 orient(+) score(302208.00) noncoding_equivalent(1200.00) raw_noncoding(1200.00) offset(0.00) 
37207	38214	single+	1	3	{GlimmerHMM_glimmerT_7842-T1;GlimmerHMM},{Augustus_model.g6621.t1;Augustus},{GeneMark_model.7752_t;GeneMark}

# EVM prediction: Mode:STANDARD S-ratio: 42.54 46826-49420 orient(+) score(781095.00) noncoding_equivalent(18361.00) raw_noncoding(18963.00) offset(602.00) 
46826	46858	initial+	1	3	{GlimmerHMM_glimmerT_7843-T1;GlimmerHMM},{GeneMark_model.7753_t;GeneMark},{snap_scaffold_178-snap.15-T1;snap}
46859	46921	INTRON			{Augustus_model.g6622.t1;Augustus},{GlimmerHMM_glimmerT_7843-T1;GlimmerHMM},{GeneMark_model.7753_t;GeneMark},{snap_scaffold_178-snap.15-T1;snap}
46922	49420	terminal+	1	3	{Augustus_model.g6622.t1;Augustus},{GlimmerHMM_glimmerT_7843-T1;GlimmerHMM},{GeneMark_model.7753_t;GeneMark},{snap_scaffold_178-snap.15-T1;snap}

# EVM prediction: Mode:STANDARD S-ratio: 93.31 51467-55132 orient(+) score(1091766.00) noncoding_equivalent(11700.00) raw_noncoding(11700.00) offset(0.00) 
51467	55132	single+	1	3	{GlimmerHMM_glimmerT_7844-T1;GlimmerHMM},{Augustus_model.g6623.t1;Augustus},{GeneMark_model.7754_t;GeneMark}

# EVM prediction: Mode:STANDARD S-ratio: 9.35 59484-60516 orient(+) score(324862.00) noncoding_equivalent(34731.93) raw_noncoding(35935.93) offset(1204.00) 
59484	59663	initial+	1	3	{snap_scaffold_178-snap.17-T1;snap},{GeneMark_model.7755_t;GeneMark},{Augustus_model.g6624.t1;Augustus},{GlimmerHMM_glimmerT_7845-T1;GlimmerHMM}
59664	59727	INTRON			{snap_scaffold_178-snap.17-T1;snap},{GeneMark_model.7755_t;GeneMark},{Augustus_model.g6624.t1;Augustus},{GlimmerHMM_glimmerT_7845-T1;GlimmerHMM},{ev_type:exonerate/ID=match.2737330.1229/Target=PP1G_CANLF;exonerate},{ev_type:exonerate/ID=match.2737330.1122/Target=PP1G_BOVIN;exonerate},{ev_type:exonerate/ID=match.2737330.1566/Target=PP1G_RAT;exonerate},{ev_type:exonerate/ID=match.2737330.1020/Target=PP1G_HUMAN;exonerate},{ev_type:exonerate/ID=match.2737330.995/Target=PP13_DROME;exonerate},{ev_type:exonerate/ID=match.2737330.521/Target=PP1_EMENI;exonerate},{ev_type:exonerate/ID=match.2737330.722/Target=PP1_NEUCR;exonerate},{ev_type:exonerate/ID=match.2737330.284/Target=PP1GA_XENLA;exonerate},{ev_type:exonerate/ID=match.2737330.293/Target=PP12_DROME;exonerate},{ev_type:exonerate/ID=match.2737330.1203/Target=PP1G_MOUSE;exonerate},{ev_type:exonerate/ID=match.2737330.1636/Target=PP12_YEAST;exonerate},{ev_type:exonerate/ID=match.2737330.1667/Target=PP1GB_XENLA;exonerate},{ev_type:exonerate/ID=match.2737330.1365/Target=PPIG_XENTR;exonerate},{ev_type:exonerate/ID=match.2737330.841/Target=PP11_SCHPO;exonerate}
59728	60129	internal+	1	3	{snap_scaffold_178-snap.17-T1;snap},{GeneMark_model.7755_t;GeneMark},{Augustus_model.g6624.t1;Augustus},{GlimmerHMM_glimmerT_7845-T1;GlimmerHMM},{ev_type:exonerate/ID=match.2737330.1229/Target=PP1G_CANLF;exonerate},{ev_type:exonerate/ID=match.2737330.1122/Target=PP1G_BOVIN;exonerate},{ev_type:exonerate/ID=match.2737330.1566/Target=PP1G_RAT;exonerate},{ev_type:exonerate/ID=match.2737330.1020/Target=PP1G_HUMAN;exonerate},{ev_type:exonerate/ID=match.2737330.995/Target=PP13_DROME;exonerate},{ev_type:exonerate/ID=match.2737330.521/Target=PP1_EMENI;exonerate},{ev_type:exonerate/ID=match.2737330.722/Target=PP1_NEUCR;exonerate},{ev_type:exonerate/ID=match.2737330.284/Target=PP1GA_XENLA;exonerate},{ev_type:exonerate/ID=match.2737330.293/Target=PP12_DROME;exonerate},{ev_type:exonerate/ID=match.2737330.1203/Target=PP1G_MOUSE;exonerate},{ev_type:exonerate/ID=match.2737330.1636/Target=PP12_YEAST;exonerate},{ev_type:exonerate/ID=match.2737330.1667/Target=PP1GB_XENLA;exonerate},{ev_type:exonerate/ID=match.2737330.1365/Target=PPIG_XENTR;exonerate},{ev_type:exonerate/ID=match.2737330.841/Target=PP11_SCHPO;exonerate}
60130	60183	INTRON			{snap_scaffold_178-snap.17-T1;snap},{GeneMark_model.7755_t;GeneMark},{Augustus_model.g6624.t1;Augustus},{GlimmerHMM_glimmerT_7845-T1;GlimmerHMM},{ev_type:exonerate/ID=match.2737330.1229/Target=PP1G_CANLF;exonerate},{ev_type:exonerate/ID=match.2737330.1122/Target=PP1G_BOVIN;exonerate},{ev_type:exonerate/ID=match.2737330.1566/Target=PP1G_RAT;exonerate},{ev_type:exonerate/ID=match.2737330.1020/Target=PP1G_HUMAN;exonerate},{ev_type:exonerate/ID=match.2737330.995/Target=PP13_DROME;exonerate},{ev_type:exonerate/ID=match.2737330.521/Target=PP1_EMENI;exonerate},{ev_type:exonerate/ID=match.2737330.722/Target=PP1_NEUCR;exonerate},{ev_type:exonerate/ID=match.2737330.284/Target=PP1GA_XENLA;exonerate},{ev_type:exonerate/ID=match.2737330.293/Target=PP12_DROME;exonerate},{ev_type:exonerate/ID=match.2737330.1203/Target=PP1G_MOUSE;exonerate},{ev_type:exonerate/ID=match.2737330.1636/Target=PP12_YEAST;exonerate},{ev_type:exonerate/ID=match.2737330.1667/Target=PP1GB_XENLA;exonerate},{ev_type:exonerate/ID=match.2737330.1365/Target=PPIG_XENTR;exonerate},{ev_type:exonerate/ID=match.2737330.841/Target=PP11_SCHPO;exonerate}
60184	60516	terminal+	1	3	{snap_scaffold_178-snap.17-T1;snap},{GlimmerHMM_glimmerT_7845-T1;GlimmerHMM}

# EVM prediction: Mode:STANDARD S-ratio: 3.83 61050-61771 orient(-) score(191200.00) noncoding_equivalent(49986.14) raw_noncoding(75122.00) offset(25135.86) 
61412	61050	terminal-	4	6	{GeneMark_model.7756_t;GeneMark},{GlimmerHMM_glimmerT_7846-T1;GlimmerHMM}
61657	61413	INTRON			{GeneMark_model.7756_t;GeneMark},{GlimmerHMM_glimmerT_7846-T1;GlimmerHMM}
61771	61658	initial-	4	6	{snap_scaffold_178-snap.18-T1;snap},{GeneMark_model.7756_t;GeneMark},{GlimmerHMM_glimmerT_7846-T1;GlimmerHMM}

# EVM prediction: Mode:STANDARD S-ratio: 6.30 62844-63177 orient(-) score(100534.00) noncoding_equivalent(15953.00) raw_noncoding(16555.00) offset(602.00) 
62964	62844	terminal-	6	6	{GeneMark_model.7757_t;GeneMark},{Augustus_model.g6625.t1;Augustus},{GlimmerHMM_glimmerT_7847-T1;GlimmerHMM},{snap_scaffold_178-snap.19-T1;snap}
63019	62965	INTRON			{GeneMark_model.7757_t;GeneMark},{Augustus_model.g6625.t1;Augustus},{GlimmerHMM_glimmerT_7847-T1;GlimmerHMM},{snap_scaffold_178-snap.19-T1;snap}
63177	63020	initial-	4	5	{GeneMark_model.7757_t;GeneMark},{Augustus_model.g6625.t1;Augustus},{GlimmerHMM_glimmerT_7847-T1;GlimmerHMM},{snap_scaffold_178-snap.19-T1;snap}

