#                                                                            --- full sequence --- -------------- this domain -------------   hmm coord   ali coord   env coord
# target name        accession   tlen query name           accession   qlen   E-value  score  bias   #  of  c-Evalue  i-Evalue  score  bias  from    to  from    to  from    to  acc description of target
#------------------- ---------- ----- -------------------- ---------- ----- --------- ------ ----- --- --- --------- --------- ------ ----- ----- ----- ----- ----- ----- ----- ---- ---------------------
ATY61808.1           -            670 14000at5125          -            503  3.8e-278  922.0   0.2   1   2  1.2e-274  2.8e-271  899.4   0.0     1   463    22   491    22   502 0.98 sister chromatid cohesion Eso1 [Cordyceps militaris]
ATY61808.1           -            670 14000at5125          -            503  3.8e-278  922.0   0.2   2   2   2.6e-08     6e-05   20.7   0.1   466   494   592   620   576   628 0.76 sister chromatid cohesion Eso1 [Cordyceps militaris]
ATY63193.1           -            576 14000at5125          -            503   9.2e-23   79.5   0.0   1   3   1.1e-12   2.7e-09   35.1   0.1    22    87    15    80     9    91 0.94 DNA polymerase iota [Cordyceps militaris]
ATY63193.1           -            576 14000at5125          -            503   9.2e-23   79.5   0.0   2   3   2.6e-14   6.1e-11   40.5   0.0   118   293    87   261    80   287 0.77 DNA polymerase iota [Cordyceps militaris]
ATY63193.1           -            576 14000at5125          -            503   9.2e-23   79.5   0.0   3   3     0.079   1.8e+02   -0.6   0.0   318   346   311   339   301   399 0.81 DNA polymerase iota [Cordyceps militaris]
ATY59136.1           -            641 14000at5125          -            503   9.8e-17   59.6   0.0   1   3   9.5e-09   2.2e-05   22.2   0.0    22    86   131   194   109   199 0.83 DNA-directed polymerase kappa [Cordyceps militaris]
ATY59136.1           -            641 14000at5125          -            503   9.8e-17   59.6   0.0   2   3      0.16   3.7e+02   -1.6   0.0   135   156   214   235   208   244 0.78 DNA-directed polymerase kappa [Cordyceps militaris]
ATY59136.1           -            641 14000at5125          -            503   9.8e-17   59.6   0.0   3   3   1.9e-12   4.5e-09   34.4   0.0   220   332   245   360   237   402 0.74 DNA-directed polymerase kappa [Cordyceps militaris]
ATY58349.1           -           1123 14000at5125          -            503   9.1e-16   56.4   0.0   1   2     1e-08   2.4e-05   22.0   0.0    17    85   341   413   328   428 0.86 DNA repair Rev1 [Cordyceps militaris]
ATY58349.1           -           1123 14000at5125          -            503   9.1e-16   56.4   0.0   2   2   1.1e-11   2.6e-08   31.8   0.0   224   380   485   644   478   667 0.85 DNA repair Rev1 [Cordyceps militaris]
#
# Program:         hmmsearch
# Version:         3.1b2 (February 2015)
# Pipeline mode:   SEARCH
# Query file:      /home/zack/funannotate_db/hypocreales_odb10/hmms/14000at5125.hmm
# Target file:     /home/zack/Desktop/IsariaPreferralGenome/MyGenomeSubmittedToNCBI/HypocrealesProteinSets/CmilitarisATCC34164.faa
# Option settings: hmmsearch --domtblout /home/zack/Desktop/IsariaPreferralGenome/MyGenomeSubmittedToNCBI/HypocrealesProteinSets/BUSCO_AA_all/BUSCO_AA_CmilitarisATCC34164/run_hypocreales_odb10/hmmer_output/initial_run_results/14000at5125.out --cpu 1 /home/zack/funannotate_db/hypocreales_odb10/hmms/14000at5125.hmm /home/zack/Desktop/IsariaPreferralGenome/MyGenomeSubmittedToNCBI/HypocrealesProteinSets/CmilitarisATCC34164.faa 
# Current dir:     /home/zack/Desktop/IsariaPreferralGenome/MyGenomeSubmittedToNCBI/HypocrealesProteinSets/BUSCO_AA_all
# Date:            Mon Mar  4 15:10:38 2024
# [ok]
