#                                                                            --- full sequence --- -------------- this domain -------------   hmm coord   ali coord   env coord
# target name        accession   tlen query name           accession   qlen   E-value  score  bias   #  of  c-Evalue  i-Evalue  score  bias  from    to  from    to  from    to  acc description of target
#------------------- ---------- ----- -------------------- ---------- ----- --------- ------ ----- --- --- --------- --------- ------ ----- ----- ----- ----- ----- ----- ----- ---- ---------------------
ATY64649.1           -           1362 1410at5125           -           1139         0 2300.2  28.3   1   3   7.3e-08   3.4e-05   20.5   0.3     1    38    20    72    20    77 0.84 P-phospholipid-flippase [Cordyceps militaris]
ATY64649.1           -           1362 1410at5125           -           1139         0 2300.2  28.3   2   3      0.36   1.7e+02   -1.6   0.1    28    46   104   122    87   137 0.82 P-phospholipid-flippase [Cordyceps militaris]
ATY64649.1           -           1362 1410at5125           -           1139         0 2300.2  28.3   3   3         0         0 2275.9  20.7    43  1139   149  1360   119  1360 0.94 P-phospholipid-flippase [Cordyceps militaris]
ATY60441.1           -           1527 1410at5125           -           1139  1.1e-217  724.3   1.5   1   3   3.3e-19   1.6e-16   58.1   0.1   111   219   116   220   102   228 0.87 phospholipid-translocating P-type ATPase domain-containing [Cordyceps militaris]
ATY60441.1           -           1527 1410at5125           -           1139  1.1e-217  724.3   1.5   2   3     2e-69   9.2e-67  224.4   0.0   204   483   345   652   321   673 0.83 phospholipid-translocating P-type ATPase domain-containing [Cordyceps militaris]
ATY60441.1           -           1527 1410at5125           -           1139  1.1e-217  724.3   1.5   3   3  3.6e-134  1.7e-131  438.8   0.1   481  1064   707  1356   703  1378 0.83 phospholipid-translocating P-type ATPase domain-containing [Cordyceps militaris]
ATY66866.1           -           1542 1410at5125           -           1139    1e-191  638.2  12.7   1   4   1.9e-22     9e-20   68.8   0.0    85   204   154   277   148   287 0.90 P-phospholipid-flippase [Cordyceps militaris]
ATY66866.1           -           1542 1410at5125           -           1139    1e-191  638.2  12.7   2   4   7.4e-54   3.4e-51  172.9   0.5   206   484   318   612   307   630 0.81 P-phospholipid-flippase [Cordyceps militaris]
ATY66866.1           -           1542 1410at5125           -           1139    1e-191  638.2  12.7   3   4   1.1e-27   4.9e-25   86.2   0.1   502   616   695   823   682   829 0.82 P-phospholipid-flippase [Cordyceps militaris]
ATY66866.1           -           1542 1410at5125           -           1139    1e-191  638.2  12.7   4   4   1.3e-95     6e-93  311.1   5.6   605  1075   938  1436   922  1449 0.83 P-phospholipid-flippase [Cordyceps militaris]
ATY66637.1           -           1395 1410at5125           -           1139  2.5e-182  607.1   7.8   1   4   2.5e-20   1.2e-17   61.8   0.0   112   200    75   163    55   175 0.92 phospholipid-transporting ATPase (DRS2) [Cordyceps militaris]
ATY66637.1           -           1395 1410at5125           -           1139  2.5e-182  607.1   7.8   2   4   3.9e-54   1.8e-51  173.8   0.3   205   485   206   497   201   519 0.87 phospholipid-transporting ATPase (DRS2) [Cordyceps militaris]
ATY66637.1           -           1395 1410at5125           -           1139  2.5e-182  607.1   7.8   3   4   2.3e-24   1.1e-21   75.2   0.0   498   617   591   721   580   736 0.86 phospholipid-transporting ATPase (DRS2) [Cordyceps militaris]
ATY66637.1           -           1395 1410at5125           -           1139  2.5e-182  607.1   7.8   4   4   1.3e-91   6.1e-89  297.9   0.4   607   944   835  1182   826  1239 0.89 phospholipid-transporting ATPase (DRS2) [Cordyceps militaris]
ATY61938.1           -           1297 1410at5125           -           1139  9.3e-116  386.7   4.5   1   4   6.7e-16   3.1e-13   47.2   0.0   113   204   169   260   153   264 0.94 P-phospholipid-flippase [Cordyceps militaris]
ATY61938.1           -           1297 1410at5125           -           1139  9.3e-116  386.7   4.5   2   4     0.007       3.2    4.0   0.0   214   243   325   354   317   381 0.90 P-phospholipid-flippase [Cordyceps militaris]
ATY61938.1           -           1297 1410at5125           -           1139  9.3e-116  386.7   4.5   3   4   1.1e-25   5.3e-23   79.5   0.0   239   486   396   651   369   663 0.79 P-phospholipid-flippase [Cordyceps militaris]
ATY61938.1           -           1297 1410at5125           -           1139  9.3e-116  386.7   4.5   4   4   3.3e-78   1.5e-75  253.5   1.5   499  1011   701  1240   679  1295 0.84 P-phospholipid-flippase [Cordyceps militaris]
ATY66816.1           -           1381 1410at5125           -           1139   7.9e-20   69.0   0.8   1   3     0.038        18    1.6   0.0   171   237   356   427   336   493 0.80 P-type calcium [Cordyceps militaris]
ATY66816.1           -           1381 1410at5125           -           1139   7.9e-20   69.0   0.8   2   3     4e-15   1.9e-12   44.6   0.1   447   711   606   897   565   906 0.67 P-type calcium [Cordyceps militaris]
ATY66816.1           -           1381 1410at5125           -           1139   7.9e-20   69.0   0.8   3   3   4.4e-07    0.0002   17.9   0.0   772   960   917  1104   908  1109 0.78 P-type calcium [Cordyceps militaris]
ATY61566.1           -           1158 1410at5125           -           1139   5.9e-16   56.2   4.2   1   3      0.26   1.2e+02   -1.2   0.1   171   235   232   301   221   308 0.78 plasma membrane calcium-transporting ATPase 2 [Cordyceps militaris]
ATY61566.1           -           1158 1410at5125           -           1139   5.9e-16   56.2   4.2   2   3   9.8e-15   4.5e-12   43.3   0.1   445   714   478   757   412   762 0.73 plasma membrane calcium-transporting ATPase 2 [Cordyceps militaris]
ATY61566.1           -           1158 1410at5125           -           1139   5.9e-16   56.2   4.2   3   3   1.1e-05    0.0052   13.3   0.2   774   957   776   958   770   990 0.71 plasma membrane calcium-transporting ATPase 2 [Cordyceps militaris]
ATY58341.1           -           1290 1410at5125           -           1139   5.2e-15   53.0   2.2   1   3   0.00021     0.097    9.1   0.1   163   238   225   301   204   325 0.84 P-type calcium ATPase [Cordyceps militaris]
ATY58341.1           -           1290 1410at5125           -           1139   5.2e-15   53.0   2.2   2   3   3.6e-10   1.7e-07   28.2   0.0   448   710   474   761   431   765 0.59 P-type calcium ATPase [Cordyceps militaris]
ATY58341.1           -           1290 1410at5125           -           1139   5.2e-15   53.0   2.2   3   3   2.8e-05     0.013   12.0   0.0   778   959   788   965   780   978 0.72 P-type calcium ATPase [Cordyceps militaris]
ATY63166.1           -            998 1410at5125           -           1139   6.9e-15   52.6   1.5   1   3     0.025        11    2.2   0.0   132   239    51   167    44   194 0.68 calcium-transporting ATPase [Cordyceps militaris]
ATY63166.1           -            998 1410at5125           -           1139   6.9e-15   52.6   1.5   2   3   7.8e-14   3.6e-11   40.3   0.1   438   708   327   629   291   639 0.70 calcium-transporting ATPase [Cordyceps militaris]
ATY63166.1           -            998 1410at5125           -           1139   6.9e-15   52.6   1.5   3   3   0.00097      0.45    6.9   0.0   777   877   661   759   638   770 0.74 calcium-transporting ATPase [Cordyceps militaris]
ATY61282.1           -           1199 1410at5125           -           1139   3.7e-13   46.9   1.2   1   2     0.033        15    1.8   0.0   166   239   302   378   251   383 0.69 Na K ATPase alpha 1 [Cordyceps militaris]
ATY61282.1           -           1199 1410at5125           -           1139   3.7e-13   46.9   1.2   2   2   8.7e-15     4e-12   43.5   0.2   312   871   407   957   383  1006 0.71 Na K ATPase alpha 1 [Cordyceps militaris]
ATY63733.1           -            928 1410at5125           -           1139   2.5e-11   40.8   0.0   1   3       1.2   5.4e+02   -3.3   0.0   191   239   117   166    94   178 0.75 potassium sodium efflux P-type ATPase [Cordyceps militaris]
ATY63733.1           -            928 1410at5125           -           1139   2.5e-11   40.8   0.0   2   3   1.7e-08   7.8e-06   22.6   0.0   443   713   343   604   273   618 0.78 potassium sodium efflux P-type ATPase [Cordyceps militaris]
ATY63733.1           -            928 1410at5125           -           1139   2.5e-11   40.8   0.0   3   3   6.2e-06    0.0029   14.1   0.0   782   941   637   795   618   811 0.80 potassium sodium efflux P-type ATPase [Cordyceps militaris]
ATY58670.1           -            907 1410at5125           -           1139   5.8e-09   33.0   4.4   1   3    0.0024       1.1    5.6   0.0   409   474   323   389   253   405 0.86 magnesium-translocating P-type ATPase [Cordyceps militaris]
ATY58670.1           -            907 1410at5125           -           1139   5.8e-09   33.0   4.4   2   3     2e-05    0.0092   12.5   0.0   558   710   438   590   420   596 0.79 magnesium-translocating P-type ATPase [Cordyceps militaris]
ATY58670.1           -            907 1410at5125           -           1139   5.8e-09   33.0   4.4   3   3   5.2e-06    0.0024   14.4   0.8   773   834   621   679   610   706 0.80 magnesium-translocating P-type ATPase [Cordyceps militaris]
ATY59155.1           -           1318 1410at5125           -           1139   6.5e-09   32.8   0.1   1   1   2.2e-11     1e-08   32.2   0.1   452   840   490   883   478   892 0.70 cation-transporting ATPase 4 [Cordyceps militaris]
ATY64424.1           -           1051 1410at5125           -           1139   9.6e-09   32.3   0.1   1   4      0.27   1.3e+02   -1.2   0.0   194   239   137   183   112   196 0.79 sodium transport ATPase 5 [Cordyceps militaris]
ATY64424.1           -           1051 1410at5125           -           1139   9.6e-09   32.3   0.1   2   4    0.0092       4.3    3.6   0.0   444   479   365   400   356   414 0.83 sodium transport ATPase 5 [Cordyceps militaris]
ATY64424.1           -           1051 1410at5125           -           1139   9.6e-09   32.3   0.1   3   4     4e-07   0.00018   18.1   0.0   531   711   490   677   448   712 0.74 sodium transport ATPase 5 [Cordyceps militaris]
ATY64424.1           -           1051 1410at5125           -           1139   9.6e-09   32.3   0.1   4   4    0.0031       1.5    5.2   0.0   784   881   721   816   710   829 0.77 sodium transport ATPase 5 [Cordyceps militaris]
ATY60030.1           -           1086 1410at5125           -           1139   3.7e-07   27.0   3.8   1   5      0.62   2.9e+02   -2.4   0.1   194   239   137   183   109   193 0.68 sodium P-type [Cordyceps militaris]
ATY60030.1           -           1086 1410at5125           -           1139   3.7e-07   27.0   3.8   2   5    0.0011      0.53    6.7   0.0   443   479   372   408   301   415 0.92 sodium P-type [Cordyceps militaris]
ATY60030.1           -           1086 1410at5125           -           1139   3.7e-07   27.0   3.8   3   5   0.00033      0.15    8.4   0.0   563   715   522   678   514   689 0.71 sodium P-type [Cordyceps militaris]
ATY60030.1           -           1086 1410at5125           -           1139   3.7e-07   27.0   3.8   4   5   0.00038      0.18    8.2   0.0   782   882   714   813   697   824 0.79 sodium P-type [Cordyceps militaris]
ATY60030.1           -           1086 1410at5125           -           1139   3.7e-07   27.0   3.8   5   5     0.089        41    0.4   0.2  1033  1068  1004  1041   976  1054 0.69 sodium P-type [Cordyceps militaris]
ATY62081.1           -           1375 1410at5125           -           1139   1.4e-05   21.8   0.9   1   4      0.47   2.2e+02   -2.0   0.0   163   234   149   221   118   229 0.68 plasma membrane ATPase [Cordyceps militaris]
ATY62081.1           -           1375 1410at5125           -           1139   1.4e-05   21.8   0.9   2   4   0.00067      0.31    7.4   0.0   440   480   364   405   357   433 0.84 plasma membrane ATPase [Cordyceps militaris]
ATY62081.1           -           1375 1410at5125           -           1139   1.4e-05   21.8   0.9   3   4   0.00055      0.26    7.7   0.0   546   626   437   523   417   529 0.79 plasma membrane ATPase [Cordyceps militaris]
ATY62081.1           -           1375 1410at5125           -           1139   1.4e-05   21.8   0.9   4   4     0.019       8.9    2.6   0.1   787   841   618   668   612   681 0.75 plasma membrane ATPase [Cordyceps militaris]
ATY58749.1           -           1837 1410at5125           -           1139   0.00022   17.8   0.1   1   2   6.9e-05     0.032   10.7   0.0   437   475   411   449   378   480 0.81 calcium-transporting P-type ATPase [Cordyceps militaris]
ATY58749.1           -           1837 1410at5125           -           1139   0.00022   17.8   0.1   2   2    0.0043         2    4.7   0.0   776   841   724   786   710   813 0.76 calcium-transporting P-type ATPase [Cordyceps militaris]
ATY66433.1           -           1323 1410at5125           -           1139   0.00085   15.9   0.0   1   2   0.00083      0.39    7.1   0.0   473   707   675   901   626   913 0.72 ATPase type 13A2 [Cordyceps militaris]
ATY66433.1           -           1323 1410at5125           -           1139   0.00085   15.9   0.0   2   2    0.0012      0.54    6.6   0.0   783   838  1000  1053   971  1117 0.71 ATPase type 13A2 [Cordyceps militaris]
ATY67010.1           -           1090 1410at5125           -           1139     0.018   11.5   2.0   1   2    0.0093       4.3    3.6   0.1   661   704   872   915   856   930 0.86 P-K Mg Cd Cu Zn Na Ca Na H-transporter [Cordyceps militaris]
ATY67010.1           -           1090 1410at5125           -           1139     0.018   11.5   2.0   2   2   0.00093      0.43    6.9   0.4   804   881   955  1033   926  1053 0.75 P-K Mg Cd Cu Zn Na Ca Na H-transporter [Cordyceps militaris]
ATY59052.1           -           1176 1410at5125           -           1139      0.55    6.6   3.4   1   2    0.0047       2.2    4.6   0.1   663   706   931   974   902   984 0.87 copper-transporting ATPase 2 [Cordyceps militaris]
ATY59052.1           -           1176 1410at5125           -           1139      0.55    6.6   3.4   2   2     0.026        12    2.1   0.5   786   843   988  1042   980  1052 0.72 copper-transporting ATPase 2 [Cordyceps militaris]
#
# Program:         hmmsearch
# Version:         3.1b2 (February 2015)
# Pipeline mode:   SEARCH
# Query file:      /home/zack/funannotate_db/hypocreales_odb10/hmms/1410at5125.hmm
# Target file:     /home/zack/Desktop/IsariaPreferralGenome/MyGenomeSubmittedToNCBI/HypocrealesProteinSets/CmilitarisATCC34164.faa
# Option settings: hmmsearch --domtblout /home/zack/Desktop/IsariaPreferralGenome/MyGenomeSubmittedToNCBI/HypocrealesProteinSets/BUSCO_AA_all/BUSCO_AA_CmilitarisATCC34164/run_hypocreales_odb10/hmmer_output/initial_run_results/1410at5125.out --cpu 1 /home/zack/funannotate_db/hypocreales_odb10/hmms/1410at5125.hmm /home/zack/Desktop/IsariaPreferralGenome/MyGenomeSubmittedToNCBI/HypocrealesProteinSets/CmilitarisATCC34164.faa 
# Current dir:     /home/zack/Desktop/IsariaPreferralGenome/MyGenomeSubmittedToNCBI/HypocrealesProteinSets/BUSCO_AA_all
# Date:            Mon Mar  4 15:10:43 2024
# [ok]
