#                                                                            --- full sequence --- -------------- this domain -------------   hmm coord   ali coord   env coord
# target name        accession   tlen query name           accession   qlen   E-value  score  bias   #  of  c-Evalue  i-Evalue  score  bias  from    to  from    to  from    to  acc description of target
#------------------- ---------- ----- -------------------- ---------- ----- --------- ------ ----- --- --- --------- --------- ------ ----- ----- ----- ----- ----- ----- ----- ---- ---------------------
ATY66234.1           -            621 16717at5125          -            537         0 1062.8  18.0   1   2   9.6e-26   9.9e-23   79.9   1.0     2    60    19    86    18    96 0.90 mitochondrial precursor import receptor tom70 [Cordyceps militaris]
ATY66234.1           -            621 16717at5125          -            537         0 1062.8  18.0   2   2    6e-301  6.2e-298  988.2  10.0    56   537   103   607    93   607 0.96 mitochondrial precursor import receptor tom70 [Cordyceps militaris]
ATY61670.1           -           1102 16717at5125          -            537   1.6e-20   72.7  23.4   1   3   8.4e-14   8.6e-11   40.5   0.2    72   150     4    83     2    95 0.92 Heat shock [Cordyceps militaris]
ATY61670.1           -           1102 16717at5125          -            537   1.6e-20   72.7  23.4   2   3    0.0011       1.1    7.1   5.2    67   154   249   343   224   360 0.77 Heat shock [Cordyceps militaris]
ATY61670.1           -           1102 16717at5125          -            537   1.6e-20   72.7  23.4   3   3   8.2e-12   8.4e-09   33.9   4.7    60   182   379   500   358   518 0.80 Heat shock [Cordyceps militaris]
ATY63781.1           -            764 16717at5125          -            537   1.2e-15   56.5   0.9   1   2   2.8e-11   2.9e-08   32.2   0.0    74   164   171   262   166   297 0.83 DNAJ domain containing [Cordyceps militaris]
ATY63781.1           -            764 16717at5125          -            537   1.2e-15   56.5   0.9   2   2     4e-08   4.1e-05   21.8   0.3    73   164   401   497   396   515 0.89 DNAJ domain containing [Cordyceps militaris]
ATY65668.1           -            867 16717at5125          -            537   1.5e-13   49.6   2.7   1   2       1.4   1.4e+03   -3.1   0.1   160   182   530   553   527   566 0.78 Hsc70 cochaperone (SGT) [Cordyceps militaris]
ATY65668.1           -            867 16717at5125          -            537   1.5e-13   49.6   2.7   2   2   1.4e-16   1.5e-13   49.6   2.7    55   145   594   685   590   699 0.92 Hsc70 cochaperone (SGT) [Cordyceps militaris]
ATY66469.1           -            485 16717at5125          -            537   3.1e-10   38.7   0.3   1   1   5.1e-13   5.2e-10   37.9   0.3    72   178     4   111     2   151 0.87 serine threonine-phosphatase 5 [Cordyceps militaris]
ATY67336.1           -            278 16717at5125          -            537   1.7e-07   29.7   5.3   1   2   2.9e-10     3e-07   28.8   1.3    72   136     4    69     2    87 0.89 U-box domain containing [Cordyceps militaris]
ATY67336.1           -            278 16717at5125          -            537   1.7e-07   29.7   5.3   2   2     0.027        28    2.5   0.1    41   156   123   241   103   247 0.71 U-box domain containing [Cordyceps militaris]
ATY58992.1           -            502 16717at5125          -            537    0.0052   14.8   0.0   1   1   7.2e-06    0.0074   14.3   0.0   257   334    22    99     9   134 0.82 PB1 domain [Cordyceps militaris]
ATY67401.1           -            828 16717at5125          -            537     0.017   13.1   0.2   1   1   9.5e-05     0.098   10.6   0.2   237   363   639   770   629   786 0.71 20S cyclosome subunit (Nuc2 Cdc27) [Cordyceps militaris]
ATY63790.1           -            416 16717at5125          -            537     0.023   12.7   4.6   1   2      0.25   2.6e+02   -0.7   0.1    70    99    93   122    74   129 0.82 Tetratricopeptide-like helical [Cordyceps militaris]
ATY63790.1           -            416 16717at5125          -            537     0.023   12.7   4.6   2   2   1.4e-05     0.014   13.4   1.7   107   166   162   220   132   290 0.72 Tetratricopeptide-like helical [Cordyceps militaris]
#
# Program:         hmmsearch
# Version:         3.1b2 (February 2015)
# Pipeline mode:   SEARCH
# Query file:      /home/zack/funannotate_db/hypocreales_odb10/hmms/16717at5125.hmm
# Target file:     /home/zack/Desktop/IsariaPreferralGenome/MyGenomeSubmittedToNCBI/HypocrealesProteinSets/CmilitarisATCC34164.faa
# Option settings: hmmsearch --domtblout /home/zack/Desktop/IsariaPreferralGenome/MyGenomeSubmittedToNCBI/HypocrealesProteinSets/BUSCO_AA_all/BUSCO_AA_CmilitarisATCC34164/run_hypocreales_odb10/hmmer_output/initial_run_results/16717at5125.out --cpu 1 /home/zack/funannotate_db/hypocreales_odb10/hmms/16717at5125.hmm /home/zack/Desktop/IsariaPreferralGenome/MyGenomeSubmittedToNCBI/HypocrealesProteinSets/CmilitarisATCC34164.faa 
# Current dir:     /home/zack/Desktop/IsariaPreferralGenome/MyGenomeSubmittedToNCBI/HypocrealesProteinSets/BUSCO_AA_all
# Date:            Mon Mar  4 15:10:15 2024
# [ok]
