#                                                                            --- full sequence --- -------------- this domain -------------   hmm coord   ali coord   env coord
# target name        accession   tlen query name           accession   qlen   E-value  score  bias   #  of  c-Evalue  i-Evalue  score  bias  from    to  from    to  from    to  acc description of target
#------------------- ---------- ----- -------------------- ---------- ----- --------- ------ ----- --- --- --------- --------- ------ ----- ----- ----- ----- ----- ----- ----- ---- ---------------------
ATY59468.1           -            608 17898at5125          -            399  5.5e-229  758.6   0.1   1   1  7.7e-232  1.4e-228  757.3   0.1     1   390    43   487    43   495 0.93 nucleolar GTP-binding 2 [Cordyceps militaris]
ATY61837.1           -            665 17898at5125          -            399     7e-35  119.5   0.1   1   2   5.3e-15   9.8e-12   43.3   0.0   143   217   172   247   167   256 0.92 ribosome biogenesis GTPase Lsg1 [Cordyceps militaris]
ATY61837.1           -            665 17898at5125          -            399     7e-35  119.5   0.1   2   2   1.7e-23   3.2e-20   71.2   0.0   244   395   344   517   325   521 0.77 ribosome biogenesis GTPase Lsg1 [Cordyceps militaris]
ATY62927.1           -            561 17898at5125          -            399   1.5e-32  111.8   0.0   1   2   6.1e-30   1.1e-26   92.5   0.0   139   307   177   373   166   398 0.74 GTP binding [Cordyceps militaris]
ATY62927.1           -            561 17898at5125          -            399   1.5e-32  111.8   0.0   2   2   4.5e-07   0.00083   17.2   0.0   344   390   447   493   398   504 0.90 GTP binding [Cordyceps militaris]
ATY60242.1           -            337 17898at5125          -            399   9.8e-06   23.5   0.0   1   1     2e-08   3.8e-05   21.6   0.0   155   385    39   295    14   302 0.73 GTPase 1 [Cordyceps militaris]
ATY61519.1           -            475 17898at5125          -            399     0.011   13.5   0.0   1   1   9.5e-06     0.018   12.8   0.0   243   311   192   260   177   348 0.74 mitochondrial GTPase [Cordyceps militaris]
#
# Program:         hmmsearch
# Version:         3.1b2 (February 2015)
# Pipeline mode:   SEARCH
# Query file:      /home/zack/funannotate_db/hypocreales_odb10/hmms/17898at5125.hmm
# Target file:     /home/zack/Desktop/IsariaPreferralGenome/MyGenomeSubmittedToNCBI/HypocrealesProteinSets/CmilitarisATCC34164.faa
# Option settings: hmmsearch --domtblout /home/zack/Desktop/IsariaPreferralGenome/MyGenomeSubmittedToNCBI/HypocrealesProteinSets/BUSCO_AA_all/BUSCO_AA_CmilitarisATCC34164/run_hypocreales_odb10/hmmer_output/initial_run_results/17898at5125.out --cpu 1 /home/zack/funannotate_db/hypocreales_odb10/hmms/17898at5125.hmm /home/zack/Desktop/IsariaPreferralGenome/MyGenomeSubmittedToNCBI/HypocrealesProteinSets/CmilitarisATCC34164.faa 
# Current dir:     /home/zack/Desktop/IsariaPreferralGenome/MyGenomeSubmittedToNCBI/HypocrealesProteinSets/BUSCO_AA_all
# Date:            Mon Mar  4 15:10:11 2024
# [ok]
