#                                                                            --- full sequence --- -------------- this domain -------------   hmm coord   ali coord   env coord
# target name        accession   tlen query name           accession   qlen   E-value  score  bias   #  of  c-Evalue  i-Evalue  score  bias  from    to  from    to  from    to  acc description of target
#------------------- ---------- ----- -------------------- ---------- ----- --------- ------ ----- --- --- --------- --------- ------ ----- ----- ----- ----- ----- ----- ----- ---- ---------------------
ATY61143.1           -            720 18162at5125          -            536  1.5e-275  913.9  29.7   1   3   9.5e-53   7.6e-51  172.4   9.6     1   112    37   172    37   183 0.89 Transcriptional regulatory pro-1 [Cordyceps militaris]
ATY61143.1           -            720 18162at5125          -            536  1.5e-275  913.9  29.7   2   3  1.3e-113  1.1e-111  373.2   5.5   110   321   195   445   190   464 0.89 Transcriptional regulatory pro-1 [Cordyceps militaris]
ATY61143.1           -            720 18162at5125          -            536  1.5e-275  913.9  29.7   3   3  1.1e-112  8.4e-111  370.2   0.4   315   536   466   720   460   720 0.96 Transcriptional regulatory pro-1 [Cordyceps militaris]
ATY61675.1           -            612 18162at5125          -            536   8.2e-19   66.6   2.3   1   4   4.9e-15   3.9e-13   47.9   0.7     8    69    12    75     8   123 0.89 C6 transcription [Cordyceps militaris]
ATY61675.1           -            612 18162at5125          -            536   8.2e-19   66.6   2.3   2   4       3.3   2.6e+02   -1.0   0.1   186   205   164   183   156   189 0.88 C6 transcription [Cordyceps militaris]
ATY61675.1           -            612 18162at5125          -            536   8.2e-19   66.6   2.3   3   4       1.6   1.3e+02    0.0   0.0   355   392   395   432   384   452 0.86 C6 transcription [Cordyceps militaris]
ATY61675.1           -            612 18162at5125          -            536   8.2e-19   66.6   2.3   4   4   8.4e-05    0.0066   14.1   0.0   428   513   495   577   472   598 0.78 C6 transcription [Cordyceps militaris]
ATY65855.1           -            630 18162at5125          -            536   7.1e-12   43.8   5.2   1   3       3.5   2.8e+02   -1.1   1.7     9    42     4    36     1    42 0.87 Fungal transcriptional regulatory [Cordyceps militaris]
ATY65855.1           -            630 18162at5125          -            536   7.1e-12   43.8   5.2   2   3   8.9e-14   7.1e-12   43.8   5.2     8   243    61   298    56   367 0.72 Fungal transcriptional regulatory [Cordyceps militaris]
ATY65855.1           -            630 18162at5125          -            536   7.1e-12   43.8   5.2   3   3       1.4   1.1e+02    0.2   0.0   426   519   506   601   488   609 0.74 Fungal transcriptional regulatory [Cordyceps militaris]
ATY60183.1           -            568 18162at5125          -            536   8.4e-11   40.2   1.0   1   2     3e-10   2.4e-08   32.1   0.6     7    44    14    51    11    91 0.92 hypothetical protein A9K55_006735 [Cordyceps militaris]
ATY60183.1           -            568 18162at5125          -            536   8.4e-11   40.2   1.0   2   2     0.023       1.8    6.1   0.0   189   314   155   281   149   303 0.77 hypothetical protein A9K55_006735 [Cordyceps militaris]
ATY62749.1           -            517 18162at5125          -            536   2.5e-10   38.7   8.0   1   2   1.1e-09   8.6e-08   30.3   2.9     6    43    85   122    81   132 0.93 C6 transcription factor, partial [Cordyceps militaris]
ATY62749.1           -            517 18162at5125          -            536   2.5e-10   38.7   8.0   2   2   0.00072     0.057   11.1   0.2   230   296   181   252   168   266 0.78 C6 transcription factor, partial [Cordyceps militaris]
ATY58407.1           -            684 18162at5125          -            536   3.6e-10   38.1   4.6   1   2   4.5e-12   3.6e-10   38.1   4.6     4    56    83   134    80   153 0.84 C6 finger domain [Cordyceps militaris]
ATY58407.1           -            684 18162at5125          -            536   3.6e-10   38.1   4.6   2   2       2.4   1.9e+02   -0.6   0.1   253   321   310   373   265   394 0.66 C6 finger domain [Cordyceps militaris]
ATY60395.1           -            622 18162at5125          -            536   4.8e-10   37.7   5.8   1   2   4.3e-10   3.4e-08   31.6   4.9     7    63     3    58     1    78 0.75 C6 transcription [Cordyceps militaris]
ATY60395.1           -            622 18162at5125          -            536   4.8e-10   37.7   5.8   2   2     0.053       4.2    4.9   0.0   424   504   497   574   466   604 0.82 C6 transcription [Cordyceps militaris]
ATY65917.1           -            565 18162at5125          -            536   2.3e-09   35.5   5.6   1   2   6.5e-11   5.2e-09   34.3   3.6     9    45     8    44     2   115 0.72 C6 transcription factor [Cordyceps militaris]
ATY65917.1           -            565 18162at5125          -            536   2.3e-09   35.5   5.6   2   2      0.94        75    0.8   0.0   457   521   475   541   433   554 0.69 C6 transcription factor [Cordyceps militaris]
ATY59600.1           -            453 18162at5125          -            536   3.1e-09   35.0   2.5   1   1   8.4e-11   6.7e-09   33.9   2.5     6    44    44    82    41   115 0.81 C6 transcription factor [Cordyceps militaris]
ATY65880.1           -            474 18162at5125          -            536     4e-09   34.7   6.8   1   1   7.5e-11   5.9e-09   34.1   6.8     8    43    20    55    14    62 0.91 C6 zinc finger domain [Cordyceps militaris]
ATY65600.1           -            631 18162at5125          -            536   1.6e-08   32.7   1.6   1   1     3e-10   2.4e-08   32.1   1.6     6    57     9    61     3    89 0.87 C6 transcription factor [Cordyceps militaris]
ATY65466.1           -            582 18162at5125          -            536   4.7e-08   31.1   5.4   1   2   7.7e-10   6.1e-08   30.8   4.3     8    48    61   102    55   118 0.88 C6 zinc finger domain-containing [Cordyceps militaris]
ATY65466.1           -            582 18162at5125          -            536   4.7e-08   31.1   5.4   2   2       7.3   5.8e+02   -2.2   0.0   463   500   294   333   282   343 0.78 C6 zinc finger domain-containing [Cordyceps militaris]
ATY58267.1           -            719 18162at5125          -            536   5.2e-08   31.0   3.7   1   2   6.5e-10   5.2e-08   31.0   3.7     7    53   166   214   160   219 0.84 C6 transcription factor [Cordyceps militaris]
ATY58267.1           -            719 18162at5125          -            536   5.2e-08   31.0   3.7   2   2       4.5   3.6e+02   -1.5   0.0   187   244   245   299   238   312 0.74 C6 transcription factor [Cordyceps militaris]
ATY62717.1           -            432 18162at5125          -            536   1.2e-07   29.8   4.7   1   1   1.5e-09   1.2e-07   29.8   4.7     6    44    65   103    60   107 0.93 C6 transcription factor [Cordyceps militaris]
ATY66614.1           -            524 18162at5125          -            536   1.2e-07   29.8   7.5   1   1   2.5e-09     2e-07   29.1   7.5     4    44     7    47     4    56 0.93 C6 zinc finger domain [Cordyceps militaris]
ATY65537.1           -            469 18162at5125          -            536   1.8e-07   29.2   3.9   1   1   4.5e-09   3.5e-07   28.2   3.9     8    42    25    59    19    67 0.91 C6 finger domain [Cordyceps militaris]
ATY62498.1           -            132 18162at5125          -            536   5.3e-07   27.7   5.5   1   1   8.9e-09   7.1e-07   27.3   5.5     7    42    36    71    30    76 0.90 C6 finger domain [Cordyceps militaris]
ATY65551.1           -            495 18162at5125          -            536   9.3e-07   26.9   6.4   1   1   2.2e-08   1.7e-06   26.0   6.4     9    44    23    58    14    64 0.90 C6 finger domain [Cordyceps militaris]
ATY61722.1           -            756 18162at5125          -            536   1.4e-06   26.3  19.2   1   2   2.7e-06   0.00021   19.1   5.2     8    44    53    89    48    99 0.91 Fungal transcriptional regulatory [Cordyceps militaris]
ATY61722.1           -            756 18162at5125          -            536   1.4e-06   26.3  19.2   2   2   0.00021     0.016   12.8   6.2     7    44   102   139    96   146 0.93 Fungal transcriptional regulatory [Cordyceps militaris]
ATY65259.1           -            481 18162at5125          -            536   2.2e-06   25.7   0.5   1   1   4.3e-08   3.4e-06   25.0   0.5    11    53     7    50     4    91 0.81 C6 zinc finger domain [Cordyceps militaris]
ATY60488.1           -            415 18162at5125          -            536   2.2e-06   25.6   7.3   1   2   1.4e-07   1.1e-05   23.3   7.2     4    46     6    48     3    50 0.93 C6 finger domain [Cordyceps militaris]
ATY60488.1           -            415 18162at5125          -            536   2.2e-06   25.6   7.3   2   2       1.7   1.4e+02   -0.1   0.0   186   289    93   199    82   239 0.70 C6 finger domain [Cordyceps militaris]
ATY58850.1           -            732 18162at5125          -            536   2.8e-06   25.3   2.0   1   1   5.5e-08   4.4e-06   24.6   2.0     7    51    26    70    21    91 0.85 C6 transcription [Cordyceps militaris]
ATY59740.1           -            602 18162at5125          -            536   3.5e-06   25.0   5.5   1   1   7.7e-08   6.1e-06   24.2   5.5     7    44    14    51     8    60 0.87 Fungal transcriptional regulatory [Cordyceps militaris]
ATY62767.1           -            689 18162at5125          -            536   4.2e-06   24.7   3.8   1   1   8.5e-08   6.7e-06   24.0   3.8     2    41   253   292   252   303 0.88 C6 zinc finger domain-containing [Cordyceps militaris]
ATY62995.1           -            602 18162at5125          -            536   4.5e-06   24.6   4.1   1   2   5.7e-08   4.5e-06   24.6   4.1     6    46    80   120    77   125 0.94 C6 transcription factor [Cordyceps militaris]
ATY62995.1           -            602 18162at5125          -            536   4.5e-06   24.6   4.1   2   2       7.3   5.8e+02   -2.2   0.0   228   289   271   341   263   347 0.64 C6 transcription factor [Cordyceps militaris]
ATY67014.1           -            581 18162at5125          -            536   4.8e-06   24.5   6.6   1   1   1.1e-07   9.1e-06   23.6   6.6     7    42    18    53    12    59 0.90 Zn(2)-C6 fungal-type DNA-binding domain [Cordyceps militaris]
ATY66239.1           -            522 18162at5125          -            536   9.3e-06   23.6   4.8   1   1   2.1e-07   1.7e-05   22.7   4.8     7    42    25    60    20    69 0.85 C6 zinc finger domain [Cordyceps militaris]
ATY62991.1           -            635 18162at5125          -            536   1.1e-05   23.3   6.6   1   2     3e-07   2.4e-05   22.2   5.1     3    41    72   110    70   116 0.86 C6 zinc finger domain [Cordyceps militaris]
ATY62991.1           -            635 18162at5125          -            536   1.1e-05   23.3   6.6   2   2         2   1.6e+02   -0.3   0.0   216   241   174   199   142   202 0.77 C6 zinc finger domain [Cordyceps militaris]
ATY63626.1           -            832 18162at5125          -            536   2.3e-05   22.3   0.7   1   2   6.3e-07     5e-05   21.1   0.6    10    47    43    80    35   146 0.78 binuclear zinc transcription factor [Cordyceps militaris]
ATY63626.1           -            832 18162at5125          -            536   2.3e-05   22.3   0.7   2   2       9.6   7.6e+02   -2.6   0.0   230   268   539   577   510   587 0.76 binuclear zinc transcription factor [Cordyceps militaris]
ATY59316.1           -            515 18162at5125          -            536   2.4e-05   22.2   4.6   1   1   4.6e-07   3.7e-05   21.6   4.6     7    42    20    55    15    64 0.85 Zn(II)2Cys6 transcription factor [Cordyceps militaris]
ATY64246.1           -            671 18162at5125          -            536   2.8e-05   22.0   0.7   1   1   5.7e-07   4.5e-05   21.3   0.7     7    47    67   107    64   150 0.94 C6 finger domain [Cordyceps militaris]
ATY64741.1           -            594 18162at5125          -            536   2.9e-05   21.9   3.0   1   2   9.3e-07   7.4e-05   20.6   1.8    12    89     9    95     5   123 0.60 negative acting factor [Cordyceps militaris]
ATY64741.1           -            594 18162at5125          -            536   2.9e-05   21.9   3.0   2   2         2   1.6e+02   -0.3   0.0   273   312   199   235   151   243 0.79 negative acting factor [Cordyceps militaris]
ATY63262.1           -            484 18162at5125          -            536   3.2e-05   21.8   0.2   1   1   5.9e-07   4.7e-05   21.2   0.2    12    57    11    57     7   112 0.74 Fungal transcriptional regulatory [Cordyceps militaris]
ATY61245.1           -            985 18162at5125          -            536   4.3e-05   21.4   1.1   1   2   6.6e-06   0.00052   17.8   0.7    12    60   155   204   142   263 0.74 Fungal transcriptional regulatory [Cordyceps militaris]
ATY61245.1           -            985 18162at5125          -            536   4.3e-05   21.4   1.1   2   2      0.61        49    1.4   0.0   423   519   842   941   833   953 0.74 Fungal transcriptional regulatory [Cordyceps militaris]
ATY61478.1           -            594 18162at5125          -            536   4.7e-05   21.2   3.5   1   1   1.2e-06   9.6e-05   20.2   3.5     8    44    36    70    30    90 0.90 C6 finger domain [Cordyceps militaris]
ATY64126.1           -            586 18162at5125          -            536   4.9e-05   21.2   5.4   1   1   6.2e-07   4.9e-05   21.2   5.4     9    42   117   150   109   155 0.91 dynamin GTPase, putative [Cordyceps militaris]
ATY59184.1           -            554 18162at5125          -            536   6.5e-05   20.8   3.4   1   1   1.4e-06   0.00011   20.0   3.4     9    42    42    79    34    83 0.88 C6 zinc finger domain [Cordyceps militaris]
ATY62141.1           -            580 18162at5125          -            536   6.7e-05   20.7   4.4   1   1   1.2e-06   9.8e-05   20.2   4.4     6    41    38    73    33    90 0.83 C6 zinc finger domain [Cordyceps militaris]
ATY63872.1           -            590 18162at5125          -            536   7.1e-05   20.7   1.2   1   1   1.3e-06   0.00011   20.1   1.2    12    42     9    39     6   104 0.74 Fungal transcriptional regulatory [Cordyceps militaris]
ATY58530.1           -            639 18162at5125          -            536   7.5e-05   20.6   1.6   1   1   1.7e-06   0.00014   19.7   1.6    12    75     9    73     4    96 0.74 C6 finger domain [Cordyceps militaris]
ATY60988.1           -            498 18162at5125          -            536   8.5e-05   20.4  10.3   1   3   2.4e-05    0.0019   15.9   4.2    11    42     7    38     2    60 0.91 Fungal transcriptional regulatory [Cordyceps militaris]
ATY60988.1           -            498 18162at5125          -            536   8.5e-05   20.4  10.3   2   3       3.8     3e+02   -1.2   0.1   189   247   196   251   186   275 0.64 Fungal transcriptional regulatory [Cordyceps militaris]
ATY60988.1           -            498 18162at5125          -            536   8.5e-05   20.4  10.3   3   3     0.012      0.94    7.0   0.0   429   522   387   477   362   495 0.66 Fungal transcriptional regulatory [Cordyceps militaris]
ATY65382.1           -            550 18162at5125          -            536   0.00011   20.0   4.0   1   1   2.6e-06   0.00021   19.1   4.0     9    41    40    72    34    82 0.85 C6 zinc finger domain [Cordyceps militaris]
ATY64963.1           -            433 18162at5125          -            536   0.00011   20.0   5.3   1   1   2.5e-06    0.0002   19.2   5.3     5    44    23    62    20    70 0.93 C6 finger domain [Cordyceps militaris]
ATY62105.1           -            502 18162at5125          -            536   0.00012   19.9   5.5   1   1   2.5e-06    0.0002   19.2   5.5     7    42    19    54    13    61 0.87 C6 zinc finger domain [Cordyceps militaris]
ATY66318.1           -            610 18162at5125          -            536   0.00013   19.7   5.3   1   1   2.8e-06   0.00022   19.0   4.7     8    45    21    58    13    67 0.88 Fungal transcriptional regulatory [Cordyceps militaris]
ATY63282.1           -            801 18162at5125          -            536   0.00015   19.6   0.3   1   1   2.7e-06   0.00021   19.1   0.3     8    42   218   252   212   301 0.93 C6 zinc finger domain [Cordyceps militaris]
ATY62335.1           -            600 18162at5125          -            536   0.00019   19.3   4.2   1   1   3.8e-06    0.0003   18.6   4.2     4    35    51    82    48    88 0.86 C6 zinc finger domain [Cordyceps militaris]
ATY63019.1           -            651 18162at5125          -            536    0.0004   18.1   0.4   1   1   7.9e-06   0.00063   17.5   0.4    16    77    84   146    75   173 0.79 Zn(2)-C6 fungal-type DNA-binding domain [Cordyceps militaris]
ATY66677.1           -            409 18162at5125          -            536   0.00047   17.9   3.8   1   1   8.8e-06    0.0007   17.4   3.8    12    42     8    38     5    60 0.78 Fungal transcriptional regulatory [Cordyceps militaris]
ATY63965.1           -            633 18162at5125          -            536   0.00048   17.9   5.5   1   2   3.1e-05    0.0024   15.6   3.7     8    55    17    67    11    75 0.80 Fungal transcriptional regulatory [Cordyceps militaris]
ATY63965.1           -            633 18162at5125          -            536   0.00048   17.9   5.5   2   2      0.51        41    1.6   0.0   438   491   223   275   217   293 0.80 Fungal transcriptional regulatory [Cordyceps militaris]
ATY60071.1           -            562 18162at5125          -            536   0.00054   17.7   5.7   1   1     1e-05   0.00082   17.1   5.7     7    39    71   103    66   121 0.83 Fungal transcriptional regulatory [Cordyceps militaris]
ATY61787.1           -            673 18162at5125          -            536   0.00058   17.6   2.4   1   1   1.1e-05   0.00086   17.1   2.4    12    69    36    93    28   115 0.86 fungal specific transcription factor [Cordyceps militaris]
ATY59735.1           -            614 18162at5125          -            536   0.00061   17.6   6.2   1   1   1.1e-05   0.00088   17.0   6.2     9    56     6    52     1    59 0.90 Fungal transcriptional regulatory [Cordyceps militaris]
ATY66079.1           -            481 18162at5125          -            536   0.00067   17.4   7.8   1   3   8.4e-06   0.00067   17.4   7.8     3    43     4    45     2    52 0.82 C6 finger domain [Cordyceps militaris]
ATY66079.1           -            481 18162at5125          -            536   0.00067   17.4   7.8   2   3       8.6   6.9e+02   -2.4   0.1   215   280   116   187    82   212 0.58 C6 finger domain [Cordyceps militaris]
ATY66079.1           -            481 18162at5125          -            536   0.00067   17.4   7.8   3   3       4.5   3.5e+02   -1.5   0.0   239   269   376   406   318   440 0.68 C6 finger domain [Cordyceps militaris]
ATY64803.1           -            711 18162at5125          -            536   0.00084   17.1   1.2   1   1   1.6e-05    0.0012   16.5   1.2     9    47    91   129    86   177 0.87 Fungal transcriptional regulatory [Cordyceps militaris]
ATY65342.1           -            206 18162at5125          -            536   0.00091   17.0   3.1   1   1   1.8e-05    0.0014   16.4   3.1     8    46    38    76    32    83 0.85 C6 transcription factor [Cordyceps militaris]
ATY62815.1           -            519 18162at5125          -            536   0.00096   16.9   4.0   1   1   2.5e-05     0.002   15.9   4.0     8    36    35    63    28    79 0.86 C6 zinc finger domain-containing [Cordyceps militaris]
ATY63117.1           -            676 18162at5125          -            536    0.0011   16.7   2.9   1   1   2.3e-05    0.0018   16.0   2.9    13    46    25    58    15    64 0.86 C6 transcription [Cordyceps militaris]
ATY58846.1           -            608 18162at5125          -            536    0.0011   16.7   6.5   1   1     2e-05    0.0016   16.2   6.5     3    47     5    49     3    64 0.88 C6 zinc finger domain [Cordyceps militaris]
ATY67448.1           -            754 18162at5125          -            536    0.0012   16.6   5.7   1   1   2.5e-05     0.002   15.9   5.7     8    43    43    78    37    81 0.91 Fungal transcriptional regulatory [Cordyceps militaris]
ATY64599.1           -            602 18162at5125          -            536    0.0012   16.5   2.3   1   2   8.8e-05     0.007   14.1   2.7     9    46     6    43     2    46 0.92 MFS transporter [Cordyceps militaris]
ATY64599.1           -            602 18162at5125          -            536    0.0012   16.5   2.3   2   2       3.5   2.8e+02   -1.1   0.0   215   285   169   234   139   255 0.69 MFS transporter [Cordyceps militaris]
ATY64156.1           -            806 18162at5125          -            536    0.0017   16.1   6.9   1   1   3.3e-05    0.0026   15.5   6.9     8    44   269   307   262   326 0.83 C6 zinc finger domain [Cordyceps militaris]
ATY62295.1           -            528 18162at5125          -            536    0.0018   16.0   0.8   1   1   3.3e-05    0.0026   15.5   0.8    12    45     9    42     4    96 0.71 Fungal transcriptional regulatory [Cordyceps militaris]
ATY60224.1           -            967 18162at5125          -            536    0.0021   15.8   3.2   1   1     4e-05    0.0032   15.2   3.2     5    45   109   150   105   176 0.78 nitrogen assimilation transcription factor nirA [Cordyceps militaris]
ATY65272.1           -            700 18162at5125          -            536    0.0021   15.8   3.2   1   1   4.1e-05    0.0033   15.2   3.2    12    44    48    80    38    97 0.87 C6 transcription [Cordyceps militaris]
ATY66333.1           -            942 18162at5125          -            536    0.0039   14.9   7.4   1   1   8.3e-05    0.0066   14.1   7.4     4    35   421   452   418   464 0.88 C6 finger domain [Cordyceps militaris]
ATY67275.1           -            726 18162at5125          -            536    0.0041   14.8   1.7   1   1   7.7e-05    0.0061   14.3   1.7    11    44     4    38     1    81 0.85 fungal specific transcription [Cordyceps militaris]
ATY67108.1           -            838 18162at5125          -            536    0.0042   14.8   2.1   1   1   7.9e-05    0.0063   14.2   2.1    12    56    69   112    55   134 0.86 Transcription factor [Cordyceps militaris]
ATY63276.1           -            686 18162at5125          -            536    0.0081   13.9   1.7   1   1   0.00016     0.013   13.2   1.7     5   116     5   132     2   141 0.61 fungal specific transcription factor [Cordyceps militaris]
ATY67212.1           -            480 18162at5125          -            536     0.011   13.5   1.0   1   1   0.00018     0.015   13.0   1.0     9    44    15    50     7   132 0.83 C6 zinc finger domain [Cordyceps militaris]
ATY64614.1           -            751 18162at5125          -            536     0.014   13.1   1.5   1   1   0.00026     0.021   12.5   1.5     3    43    39    79    37   136 0.92 C6 transcription factor [Cordyceps militaris]
ATY63935.1           -            758 18162at5125          -            536     0.015   12.9   0.5   1   1   0.00031     0.025   12.3   0.5    21    46    61    86    40    99 0.83 Fungal transcriptional regulatory [Cordyceps militaris]
ATY67500.1           -            672 18162at5125          -            536      0.02   12.5   5.9   1   1   0.00041     0.032   11.9   5.9     9    39    14    44     7    62 0.84 C6 finger domain [Cordyceps militaris]
ATY65349.1           -            837 18162at5125          -            536     0.021   12.5  13.4   1   2     0.013         1    6.9   2.9    13    42     2    31     1    40 0.94 Fungal transcriptional regulatory [Cordyceps militaris]
ATY65349.1           -            837 18162at5125          -            536     0.021   12.5  13.4   2   2    0.0018      0.14    9.7   3.5     9    51    65   110    58   114 0.80 Fungal transcriptional regulatory [Cordyceps militaris]
ATY61502.1           -           1130 18162at5125          -            536     0.022   12.4   2.8   1   1   0.00047     0.037   11.7   2.8     7    46   233   271   228   288 0.88 C6 finger domain [Cordyceps militaris]
ATY64335.1           -            748 18162at5125          -            536     0.022   12.4   1.2   1   1   0.00044     0.035   11.8   1.2     7    51    11    54     4    82 0.82 Fungal transcriptional regulatory [Cordyceps militaris]
ATY65653.1           -            735 18162at5125          -            536     0.025   12.2   3.3   1   1   0.00059     0.047   11.3   3.3     6   100    13   111    10   131 0.72 fungal specific transcription factor domain [Cordyceps militaris]
ATY62629.1           -            552 18162at5125          -            536     0.026   12.2   4.3   1   2   0.00057     0.046   11.4   2.8    13    55     7    51     3    64 0.79 acriflavine sensitivity control [Cordyceps militaris]
ATY62629.1           -            552 18162at5125          -            536     0.026   12.2   4.3   2   2         3   2.4e+02   -0.9   0.0   424   501   426   502   413   528 0.71 acriflavine sensitivity control [Cordyceps militaris]
ATY58421.1           -            905 18162at5125          -            536     0.028   12.1   4.0   1   1   0.00061     0.048   11.3   3.5     8    45   292   329   285   333 0.89 C6 transcription factor [Cordyceps militaris]
ATY64425.1           -           1021 18162at5125          -            536     0.032   11.9   2.8   1   2    0.0018      0.14    9.7   3.2    13    51     8    47     1    55 0.83 hypothetical protein A9K55_003971 [Cordyceps militaris]
ATY64425.1           -           1021 18162at5125          -            536     0.032   11.9   2.8   2   2       5.4   4.3e+02   -1.7   0.0   426   522   418   515   415   520 0.75 hypothetical protein A9K55_003971 [Cordyceps militaris]
ATY66368.1           -            789 18162at5125          -            536     0.033   11.8   4.7   1   1   0.00063      0.05   11.2   4.7    11    44    42    75    33    86 0.87 Transcription factor [Cordyceps militaris]
ATY64423.1           -            825 18162at5125          -            536     0.035   11.8   4.8   1   1   0.00067     0.053   11.2   4.8     9    43    11    45     4    61 0.87 fungal specific transcription [Cordyceps militaris]
ATY63582.1           -            797 18162at5125          -            536     0.041   11.5   6.0   1   1   0.00086     0.068   10.8   6.0     4    44   240   279   237   283 0.89 transcriptional repressor involved in the control of multidrug resistance [Cordyceps militaris]
ATY63320.1           -            626 18162at5125          -            536     0.058   11.0   2.8   1   1    0.0011     0.085   10.5   2.8     8    46     3    40     1    49 0.87 C6 transcription factor [Cordyceps militaris]
ATY60980.1           -            860 18162at5125          -            536     0.063   10.9   0.2   1   1    0.0012     0.093   10.4   0.2    17    46   442   471   429   491 0.82 Fungal transcriptional regulatory [Cordyceps militaris]
ATY66176.1           -            706 18162at5125          -            536     0.065   10.9   3.5   1   1    0.0013      0.11   10.2   3.5    12    46    13    49     2    60 0.82 C6 transcription factor [Cordyceps militaris]
ATY64315.1           -            707 18162at5125          -            536     0.067   10.8   2.2   1   2   0.00093     0.074   10.7   0.8     7    94    27   113    21   141 0.75 fungal specific transcription factor [Cordyceps militaris]
ATY64315.1           -            707 18162at5125          -            536     0.067   10.8   2.2   2   2       5.7   4.6e+02   -1.8   0.0   258   299   346   387   339   391 0.87 fungal specific transcription factor [Cordyceps militaris]
ATY62999.1           -           1024 18162at5125          -            536     0.067   10.8   4.3   1   1    0.0015      0.12   10.0   4.3    12    45   497   530   487   534 0.86 C6 zinc finger domain [Cordyceps militaris]
ATY66226.1           -            584 18162at5125          -            536     0.072   10.7   0.3   1   1    0.0015      0.12   10.0   0.3    17    42    77   102    71   109 0.90 C6 finger domain [Cordyceps militaris]
ATY64292.1           -            467 18162at5125          -            536     0.095   10.3   3.1   1   1     0.002      0.16    9.6   3.1    12    41     9    38     3    44 0.90 Fungal transcriptional regulatory [Cordyceps militaris]
ATY62167.1           -            722 18162at5125          -            536       0.1   10.2   2.4   1   1    0.0022      0.18    9.4   2.4    13    48    21    55    14    80 0.88 C6 transcription [Cordyceps militaris]
ATY64638.1           -            769 18162at5125          -            536      0.13    9.9   1.2   1   1    0.0035      0.28    8.8   1.2    11    73    30    91    23   120 0.76 Transcription factor [Cordyceps militaris]
ATY61913.1           -            125 18162at5125          -            536      0.13    9.8   7.4   1   1     0.013      0.99    7.0   7.4     7    44    33    69    10    84 0.77 C6 zinc finger domain [Cordyceps militaris]
ATY64495.1           -            754 18162at5125          -            536      0.14    9.8   4.2   1   1    0.0028      0.22    9.1   4.2     6    41   309   343   304   354 0.84 Fungal transcriptional regulatory [Cordyceps militaris]
ATY61406.1           -            581 18162at5125          -            536      0.15    9.7   4.5   1   2   0.00069     0.055   11.1   1.1     8    44    12    48     5    59 0.78 C6 finger domain [Cordyceps militaris]
ATY61406.1           -            581 18162at5125          -            536      0.15    9.7   4.5   2   2       4.4   3.5e+02   -1.5   0.1   186   212   166   192   162   285 0.69 C6 finger domain [Cordyceps militaris]
ATY59983.1           -            721 18162at5125          -            536      0.18    9.4  14.5   1   2    0.0007     0.056   11.1   2.8    13    44     4    35     2    42 0.93 Fungal transcriptional regulatory [Cordyceps militaris]
ATY59983.1           -            721 18162at5125          -            536      0.18    9.4  14.5   2   2      0.14        11    3.5   3.9     6    45    65   103    60   114 0.85 Fungal transcriptional regulatory [Cordyceps militaris]
ATY64531.1           -            614 18162at5125          -            536       0.2    9.3   1.3   1   1    0.0058      0.46    8.1   1.1    12    46    28    72    25    86 0.78 Zn(2)-C6 fungal-type DNA-binding domain [Cordyceps militaris]
ATY60790.1           -            690 18162at5125          -            536       0.2    9.2   1.4   1   1    0.0044      0.35    8.5   1.4    10    44    18    54     9    75 0.78 Fungal transcriptional regulatory [Cordyceps militaris]
ATY65424.1           -            884 18162at5125          -            536      0.22    9.1   3.9   1   1    0.0043      0.34    8.5   3.9     6    42    16    52    11    59 0.86 C6 transcription factor [Cordyceps militaris]
ATY63662.1           -           1005 18162at5125          -            536       0.3    8.7   5.1   1   1    0.0058      0.46    8.1   5.1    10    43    48    81    38    87 0.85 Transcription factor [Cordyceps militaris]
ATY63747.1           -            999 18162at5125          -            536      0.31    8.6   4.7   1   1    0.0061      0.48    8.0   4.7     5    47    46    87    42   107 0.88 Transcription factor [Cordyceps militaris]
ATY67119.1           -            506 18162at5125          -            536      0.41    8.2   3.4   1   1    0.0087      0.69    7.5   3.4    17    43    51    77    40    81 0.87 C6 zinc finger domain [Cordyceps militaris]
ATY58887.1           -            751 18162at5125          -            536      0.49    8.0   2.5   1   1     0.011      0.88    7.1   2.5    12    57    27    72    12    85 0.81 pathway-specific nitrogen regulator [Cordyceps militaris]
ATY66580.1           -            860 18162at5125          -            536      0.49    8.0   3.2   1   1    0.0098      0.78    7.3   3.2     5    43    51    95    47   109 0.84 chitinase 1 precursor [Cordyceps militaris]
ATY65785.1           -            545 18162at5125          -            536      0.52    7.9   6.3   1   1    0.0092      0.73    7.4   6.3     5    45     2    41     1    56 0.83 C6 transcription [Cordyceps militaris]
ATY61061.1           -            371 18162at5125          -            536      0.58    7.7   5.0   1   1     0.011      0.84    7.2   5.0     6    42    55    90    50   100 0.89 C6 transcription factor [Cordyceps militaris]
ATY59019.1           -            786 18162at5125          -            536      0.72    7.4   6.1   1   1     0.013       1.1    6.9   6.1     8    46    88   126    79   131 0.84 C6 transcription factor [Cordyceps militaris]
ATY65603.1           -            640 18162at5125          -            536      0.75    7.4   7.6   1   1     0.014       1.1    6.8   7.6     6    44    12    49     7    56 0.89 Fungal transcriptional regulatory [Cordyceps militaris]
ATY58356.1           -            475 18162at5125          -            536       1.1    6.8   3.5   1   1     0.024       1.9    6.0   3.5    13    91    17    94    13    98 0.80 Zn(2)-C6 fungal-type DNA-binding domain [Cordyceps militaris]
ATY60727.1           -            400 18162at5125          -            536       1.1    6.8   6.9   1   1     0.021       1.7    6.2   6.9     3    45    22    63    20    77 0.87 Fungal transcriptional regulatory [Cordyceps militaris]
ATY64916.1           -            700 18162at5125          -            536       1.2    6.7   5.2   1   1     0.024       1.9    6.0   5.2     7    39    11    42     5    58 0.81 Fungal specific transcription factor [Cordyceps militaris]
ATY66432.1           -            846 18162at5125          -            536       1.9    6.0  16.5   1   2    0.0042      0.34    8.5   3.3    13    45    47    81    35    94 0.82 Fungal transcriptional regulatory [Cordyceps militaris]
ATY66432.1           -            846 18162at5125          -            536       1.9    6.0  16.5   2   2      0.19        15    3.0   5.4     6    44   107   145   102   157 0.91 Fungal transcriptional regulatory [Cordyceps militaris]
ATY63456.1           -            718 18162at5125          -            536       3.4    5.2   6.2   1   1     0.069       5.4    4.5   6.2     6    44     7    46     3    50 0.86 Transcription factor [Cordyceps militaris]
ATY60903.1           -            739 18162at5125          -            536       3.8    5.0   6.4   1   1     0.076         6    4.4   6.4     7    44    18    54    12    58 0.88 C6 transcription factor [Cordyceps militaris]
ATY62283.1           -            818 18162at5125          -            536       5.1    4.6   7.9   1   1       0.1       7.9    4.0   7.9     5    48   112   156   108   185 0.73 fungal specific transcription [Cordyceps militaris]
ATY67461.1           -            519 18162at5125          -            536       7.4    4.1  10.3   1   1       0.4        32    2.0  10.3     7    37    11    41     5    70 0.82 Fungal transcriptional regulatory [Cordyceps militaris]
ATY65273.1           -            832 18162at5125          -            536         9    3.8   7.4   1   1      0.17        13    3.3   7.4     6    47    38    78    33    91 0.89 transcriptional activator xlnR [Cordyceps militaris]
#
# Program:         hmmsearch
# Version:         3.1b2 (February 2015)
# Pipeline mode:   SEARCH
# Query file:      /home/zack/funannotate_db/hypocreales_odb10/hmms/18162at5125.hmm
# Target file:     /home/zack/Desktop/IsariaPreferralGenome/MyGenomeSubmittedToNCBI/HypocrealesProteinSets/CmilitarisATCC34164.faa
# Option settings: hmmsearch --domtblout /home/zack/Desktop/IsariaPreferralGenome/MyGenomeSubmittedToNCBI/HypocrealesProteinSets/BUSCO_AA_all/BUSCO_AA_CmilitarisATCC34164/run_hypocreales_odb10/hmmer_output/initial_run_results/18162at5125.out --cpu 1 /home/zack/funannotate_db/hypocreales_odb10/hmms/18162at5125.hmm /home/zack/Desktop/IsariaPreferralGenome/MyGenomeSubmittedToNCBI/HypocrealesProteinSets/CmilitarisATCC34164.faa 
# Current dir:     /home/zack/Desktop/IsariaPreferralGenome/MyGenomeSubmittedToNCBI/HypocrealesProteinSets/BUSCO_AA_all
# Date:            Mon Mar  4 15:10:21 2024
# [ok]
