#                                                                            --- full sequence --- -------------- this domain -------------   hmm coord   ali coord   env coord
# target name        accession   tlen query name           accession   qlen   E-value  score  bias   #  of  c-Evalue  i-Evalue  score  bias  from    to  from    to  from    to  acc description of target
#------------------- ---------- ----- -------------------- ---------- ----- --------- ------ ----- --- --- --------- --------- ------ ----- ----- ----- ----- ----- ----- ----- ---- ---------------------
ATY66192.1           -           1173 1830at5125           -            781         0 1658.6  17.5   1   2     2e-18   2.7e-15   54.6   2.9     5    66   291   363   287   377 0.88 class 2 chitin synthase [Cordyceps militaris]
ATY66192.1           -           1173 1830at5125           -            781         0 1658.6  17.5   2   2         0         0 1609.6   7.3    51   779   389  1147   360  1149 0.96 class 2 chitin synthase [Cordyceps militaris]
ATY65626.1           -            955 1830at5125           -            781  2.1e-241  802.4   7.9   1   1  2.5e-244  3.4e-241  801.7   7.9    76   766   185   919   174   926 0.89 chitin synthase 2 [Cordyceps militaris]
ATY60416.1           -            923 1830at5125           -            781    5e-192  639.1   1.6   1   1  1.3e-193  1.7e-190  634.0   1.6    60   760   135   908    86   921 0.83 chitin synthase 1 [Cordyceps militaris]
ATY61741.1           -           1211 1830at5125           -            781   3.3e-18   64.3   4.8   1   2   4.7e-19   6.3e-16   56.7   0.4   289   501   848  1062   831  1066 0.77 chitin synthase 4 [Cordyceps militaris]
ATY61741.1           -           1211 1830at5125           -            781   3.3e-18   64.3   4.8   2   2    0.0001      0.14    9.3   2.3   568   650  1052  1135  1044  1162 0.83 chitin synthase 4 [Cordyceps militaris]
ATY60044.1           -           1859 1830at5125           -            781   5.1e-18   63.6   9.5   1   2   9.4e-18   1.2e-14   52.4   0.1   300   463  1408  1565  1303  1586 0.83 chitin synthase [Cordyceps militaris]
ATY60044.1           -           1859 1830at5125           -            781   5.1e-18   63.6   9.5   2   2     1e-05     0.013   12.6   5.8   563   649  1589  1676  1581  1695 0.76 chitin synthase [Cordyceps militaris]
ATY60878.1           -           1779 1830at5125           -            781   2.8e-15   54.6   6.2   1   2   2.5e-16   3.3e-13   47.7   0.0   299   462  1263  1420  1247  1430 0.80 chitin synthase 6 [Cordyceps militaris]
ATY60878.1           -           1779 1830at5125           -            781   2.8e-15   54.6   6.2   2   2   0.00049      0.65    7.1   3.7   564   649  1446  1532  1437  1546 0.72 chitin synthase 6 [Cordyceps militaris]
ATY59933.1           -            712 1830at5125           -            781   2.5e-07   28.3   0.8   1   1   2.9e-10   3.8e-07   27.7   0.8   335   517   303   484   252   504 0.76 chitin synthase D [Cordyceps militaris]
#
# Program:         hmmsearch
# Version:         3.1b2 (February 2015)
# Pipeline mode:   SEARCH
# Query file:      /home/zack/funannotate_db/hypocreales_odb10/hmms/1830at5125.hmm
# Target file:     /home/zack/Desktop/IsariaPreferralGenome/MyGenomeSubmittedToNCBI/HypocrealesProteinSets/CmilitarisATCC34164.faa
# Option settings: hmmsearch --domtblout /home/zack/Desktop/IsariaPreferralGenome/MyGenomeSubmittedToNCBI/HypocrealesProteinSets/BUSCO_AA_all/BUSCO_AA_CmilitarisATCC34164/run_hypocreales_odb10/hmmer_output/initial_run_results/1830at5125.out --cpu 1 /home/zack/funannotate_db/hypocreales_odb10/hmms/1830at5125.hmm /home/zack/Desktop/IsariaPreferralGenome/MyGenomeSubmittedToNCBI/HypocrealesProteinSets/CmilitarisATCC34164.faa 
# Current dir:     /home/zack/Desktop/IsariaPreferralGenome/MyGenomeSubmittedToNCBI/HypocrealesProteinSets/BUSCO_AA_all
# Date:            Mon Mar  4 15:10:28 2024
# [ok]
