#                                                                            --- full sequence --- -------------- this domain -------------   hmm coord   ali coord   env coord
# target name        accession   tlen query name           accession   qlen   E-value  score  bias   #  of  c-Evalue  i-Evalue  score  bias  from    to  from    to  from    to  acc description of target
#------------------- ---------- ----- -------------------- ---------- ----- --------- ------ ----- --- --- --------- --------- ------ ----- ----- ----- ----- ----- ----- ----- ---- ---------------------
ATY62820.1           -            444 18868at5125          -            349  1.9e-186  618.1  10.6   1   2   0.00032      0.23    9.4   0.0     1    20    26    45    26    52 0.90 Peptidase A1 [Cordyceps militaris]
ATY62820.1           -            444 18868at5125          -            349  1.9e-186  618.1  10.6   2   2  1.1e-185  7.9e-183  606.2  10.7    14   349    79   444    74   444 0.94 Peptidase A1 [Cordyceps militaris]
ATY63803.1           -            536 18868at5125          -            349     4e-17   61.2  11.9   1   1   1.1e-18   7.6e-16   57.0  11.9    34   346   109   410    94   413 0.74 aspartic-type endopeptidase [Cordyceps militaris]
ATY65838.1           -            448 18868at5125          -            349   3.8e-16   58.0   1.4   1   1   1.3e-17   9.1e-15   53.5   1.4    46   342   117   427    95   431 0.69 aspartic endopeptidase (AP1) [Cordyceps militaris]
ATY67503.1           -            473 18868at5125          -            349   1.5e-14   52.8   1.6   1   1   1.9e-16   1.3e-13   49.6   1.6    32   344    67   398    50   402 0.75 candidapepsin-4 precursor [Cordyceps militaris]
ATY64124.1           -            551 18868at5125          -            349   2.4e-11   42.2   0.2   1   2     2e-09   1.4e-06   26.5   0.0    39   138   238   352   229   403 0.74 eukaryotic aspartyl protease [Cordyceps militaris]
ATY64124.1           -            551 18868at5125          -            349   2.4e-11   42.2   0.2   2   2   1.8e-05     0.013   13.5   0.1   236   342   437   543   428   549 0.83 eukaryotic aspartyl protease [Cordyceps militaris]
ATY63500.1           -            388 18868at5125          -            349   2.8e-10   38.7   3.0   1   2   2.4e-08   1.7e-05   23.0   0.3    45   137   100   204    68   221 0.72 endothiapepsin precursor [Cordyceps militaris]
ATY63500.1           -            388 18868at5125          -            349   2.8e-10   38.7   3.0   2   2   2.5e-06    0.0018   16.3   0.1   226   344   267   382   240   387 0.85 endothiapepsin precursor [Cordyceps militaris]
ATY60998.1           -            392 18868at5125          -            349   1.2e-09   36.6   3.1   1   1   2.1e-10   1.5e-07   29.8   3.1    30   345    91   388    62   392 0.72 endothiapepsin precursor [Cordyceps militaris]
ATY66780.1           -            395 18868at5125          -            349   1.3e-08   33.2   0.4   1   1   5.1e-10   3.6e-07   28.5   0.4    46   340    96   385    64   392 0.69 vacuolar protease A [Cordyceps militaris]
ATY63376.1           -            530 18868at5125          -            349   2.6e-08   32.2   0.0   1   1   1.2e-10   8.7e-08   30.5   0.0    23   339    54   385    41   393 0.74 candidapepsin-4 precursor [Cordyceps militaris]
ATY59792.1           -            429 18868at5125          -            349   2.8e-07   28.8   1.1   1   1   1.1e-09   8.1e-07   27.3   1.1    50   346   125   418   103   421 0.74 endothiapepsin precursor [Cordyceps militaris]
ATY66851.1           -            406 18868at5125          -            349     5e-07   28.0   0.5   1   2     0.059        42    2.0   0.0    38    63    90   115    74   251 0.84 endothiapepsin precursor [Cordyceps militaris]
ATY66851.1           -            406 18868at5125          -            349     5e-07   28.0   0.5   2   2   8.4e-09     6e-06   24.5   0.1   237   342   290   394   278   401 0.91 endothiapepsin precursor [Cordyceps militaris]
ATY62123.1           -            677 18868at5125          -            349   4.2e-06   25.0   1.5   1   1   1.5e-08   1.1e-05   23.6   1.5    44   340    80   381    48   388 0.66 Peptidase A1 [Cordyceps militaris]
ATY67162.1           -            412 18868at5125          -            349   5.6e-06   24.6   3.7   1   2    0.0033       2.3    6.1   1.3    44   134   108   213    94   267 0.62 endothiapepsin precursor [Cordyceps militaris]
ATY67162.1           -            412 18868at5125          -            349   5.6e-06   24.6   3.7   2   2   6.9e-07   0.00049   18.2   0.0   237   344   301   406   292   410 0.86 endothiapepsin precursor [Cordyceps militaris]
#
# Program:         hmmsearch
# Version:         3.1b2 (February 2015)
# Pipeline mode:   SEARCH
# Query file:      /home/zack/funannotate_db/hypocreales_odb10/hmms/18868at5125.hmm
# Target file:     /home/zack/Desktop/IsariaPreferralGenome/MyGenomeSubmittedToNCBI/HypocrealesProteinSets/CmilitarisATCC34164.faa
# Option settings: hmmsearch --domtblout /home/zack/Desktop/IsariaPreferralGenome/MyGenomeSubmittedToNCBI/HypocrealesProteinSets/BUSCO_AA_all/BUSCO_AA_CmilitarisATCC34164/run_hypocreales_odb10/hmmer_output/initial_run_results/18868at5125.out --cpu 1 /home/zack/funannotate_db/hypocreales_odb10/hmms/18868at5125.hmm /home/zack/Desktop/IsariaPreferralGenome/MyGenomeSubmittedToNCBI/HypocrealesProteinSets/CmilitarisATCC34164.faa 
# Current dir:     /home/zack/Desktop/IsariaPreferralGenome/MyGenomeSubmittedToNCBI/HypocrealesProteinSets/BUSCO_AA_all
# Date:            Mon Mar  4 15:10:48 2024
# [ok]
