#                                                                            --- full sequence --- -------------- this domain -------------   hmm coord   ali coord   env coord
# target name        accession   tlen query name           accession   qlen   E-value  score  bias   #  of  c-Evalue  i-Evalue  score  bias  from    to  from    to  from    to  acc description of target
#------------------- ---------- ----- -------------------- ---------- ----- --------- ------ ----- --- --- --------- --------- ------ ----- ----- ----- ----- ----- ----- ----- ---- ---------------------
ATY61103.1           -            620 19615at5125          -            505  2.6e-263  873.2  60.7   1   2     0.007       9.2    3.7  11.4     7    30    36    59    13    65 0.68 amino acid transporter [Cordyceps militaris]
ATY61103.1           -            620 19615at5125          -            505  2.6e-263  873.2  60.7   2   2  1.8e-263  2.4e-260  863.4  41.3    29   505    79   620    69   620 0.90 amino acid transporter [Cordyceps militaris]
ATY66017.1           -            530 19615at5125          -            505   3.5e-41  140.4  25.9   1   1   4.6e-44   6.1e-41  139.6  25.9    72   458    47   444    36   460 0.84 high affinity methionine permease [Cordyceps militaris]
ATY63571.1           -            544 19615at5125          -            505     7e-38  129.5  28.3   1   1   8.8e-40   1.2e-36  125.4  28.3    69   488    58   497    51   521 0.79 Amino acid polyamine transporter I [Cordyceps militaris]
ATY66409.1           -            530 19615at5125          -            505   6.9e-37  126.2  16.4   1   1   8.4e-40   1.1e-36  125.5  16.4    76   381    53   366    15   494 0.78 high affinity methionine permease [Cordyceps militaris]
ATY66171.1           -            525 19615at5125          -            505   2.6e-32  111.1  20.7   1   1   2.4e-34   3.2e-31  107.5  20.6    73   466    39   456    30   464 0.78 Amino acid polyamine transporter I [Cordyceps militaris]
ATY65620.1           -            595 19615at5125          -            505   4.9e-24   83.8  27.2   1   1     8e-27   1.1e-23   82.7  27.2    62   466    63   487    39   492 0.76 high affinity methionine permease [Cordyceps militaris]
ATY67385.1           -            634 19615at5125          -            505   9.2e-12   43.3  16.9   1   1   5.7e-14   7.5e-11   40.3  16.9    77   377   149   463   108   468 0.75 Amino acid polyamine transporter I [Cordyceps militaris]
#
# Program:         hmmsearch
# Version:         3.1b2 (February 2015)
# Pipeline mode:   SEARCH
# Query file:      /home/zack/funannotate_db/hypocreales_odb10/hmms/19615at5125.hmm
# Target file:     /home/zack/Desktop/IsariaPreferralGenome/MyGenomeSubmittedToNCBI/HypocrealesProteinSets/CmilitarisATCC34164.faa
# Option settings: hmmsearch --domtblout /home/zack/Desktop/IsariaPreferralGenome/MyGenomeSubmittedToNCBI/HypocrealesProteinSets/BUSCO_AA_all/BUSCO_AA_CmilitarisATCC34164/run_hypocreales_odb10/hmmer_output/initial_run_results/19615at5125.out --cpu 1 /home/zack/funannotate_db/hypocreales_odb10/hmms/19615at5125.hmm /home/zack/Desktop/IsariaPreferralGenome/MyGenomeSubmittedToNCBI/HypocrealesProteinSets/CmilitarisATCC34164.faa 
# Current dir:     /home/zack/Desktop/IsariaPreferralGenome/MyGenomeSubmittedToNCBI/HypocrealesProteinSets/BUSCO_AA_all
# Date:            Mon Mar  4 15:10:24 2024
# [ok]
