#                                                                            --- full sequence --- -------------- this domain -------------   hmm coord   ali coord   env coord
# target name        accession   tlen query name           accession   qlen   E-value  score  bias   #  of  c-Evalue  i-Evalue  score  bias  from    to  from    to  from    to  acc description of target
#------------------- ---------- ----- -------------------- ---------- ----- --------- ------ ----- --- --- --------- --------- ------ ----- ----- ----- ----- ----- ----- ----- ---- ---------------------
ATY63510.1           -            500 20763at5125          -            374    1e-194  645.3   0.6   1   1  9.2e-196  4.3e-193  640.0   0.6     7   374    48   480    45   480 0.90 WD40 repeat-like-containing domain [Cordyceps militaris]
ATY63925.1           -            657 20763at5125          -            374   4.6e-05   21.2   2.6   1   4      0.13        62    1.0   0.1    79   136   281   343   268   346 0.71 mitochondrial division 1 [Cordyceps militaris]
ATY63925.1           -            657 20763at5125          -            374   4.6e-05   21.2   2.6   2   4   4.7e-06    0.0022   15.6   0.0    56   204   364   534   329   544 0.61 mitochondrial division 1 [Cordyceps militaris]
ATY63925.1           -            657 20763at5125          -            374   4.6e-05   21.2   2.6   3   4      0.38   1.8e+02   -0.5   0.0   192   211   562   581   552   614 0.65 mitochondrial division 1 [Cordyceps militaris]
ATY63925.1           -            657 20763at5125          -            374   4.6e-05   21.2   2.6   4   4       1.2   5.5e+02   -2.1   0.0   310   343   623   656   619   657 0.85 mitochondrial division 1 [Cordyceps militaris]
ATY65572.1           -            355 20763at5125          -            374   0.00072   17.2   0.0   1   3   0.00037      0.17    9.4   0.0   100   142   102   145    67   210 0.82 WD-repeat pop3 [Cordyceps militaris]
ATY65572.1           -            355 20763at5125          -            374   0.00072   17.2   0.0   2   3       1.5     7e+02   -2.5   0.0   329   359   211   241   201   251 0.74 WD-repeat pop3 [Cordyceps militaris]
ATY65572.1           -            355 20763at5125          -            374   0.00072   17.2   0.0   3   3      0.23   1.1e+02    0.2   0.0   326   346   309   329   298   345 0.87 WD-repeat pop3 [Cordyceps militaris]
ATY61801.1           -            466 20763at5125          -            374   0.00077   17.1   0.5   1   3      0.16        73    0.8   0.0   173   203   160   189   151   226 0.73 pre-mRNA splicing factor prp46 [Cordyceps militaris]
ATY61801.1           -            466 20763at5125          -            374   0.00077   17.1   0.5   2   3    0.0073       3.4    5.1   0.0   166   211   237   281   233   295 0.83 pre-mRNA splicing factor prp46 [Cordyceps militaris]
ATY61801.1           -            466 20763at5125          -            374   0.00077   17.1   0.5   3   3     0.003       1.4    6.4   0.0   192   217   304   329   294   349 0.82 pre-mRNA splicing factor prp46 [Cordyceps militaris]
ATY59317.1           -            548 20763at5125          -            374    0.0012   16.5   0.1   1   1     4e-05     0.018   12.6   0.1   185   345   279   431   246   442 0.74 transducin family [Cordyceps militaris]
ATY58831.1           -            359 20763at5125          -            374     0.003   15.2   0.0   1   2   0.00042      0.19    9.2   0.0    84   137    44    98    15   142 0.83 heterotrimeric G beta subunit [Cordyceps militaris]
ATY58831.1           -            359 20763at5125          -            374     0.003   15.2   0.0   2   2     0.027        12    3.3   0.0   101   138   234   272   203   301 0.85 heterotrimeric G beta subunit [Cordyceps militaris]
ATY63617.1           -            347 20763at5125          -            374     0.003   15.2   0.0   1   2     0.033        15    3.0   0.0   326   367    96   138    43   140 0.80 WD repeat-containing [Cordyceps militaris]
ATY63617.1           -            347 20763at5125          -            374     0.003   15.2   0.0   2   2    0.0003      0.14    9.7   0.0    98   147   218   267   165   279 0.82 WD repeat-containing [Cordyceps militaris]
ATY65165.1           -            620 20763at5125          -            374    0.0055   14.3   0.1   1   1   3.9e-05     0.018   12.6   0.1    29   139   168   293   153   316 0.68 protein PFS2 [Cordyceps militaris]
ATY67072.1           -            772 20763at5125          -            374    0.0072   13.9   0.6   1   3       0.4   1.8e+02   -0.6   0.0   107   137    10    40     5    44 0.69 polyubiquitin binding (Doa1 Ufd3) [Cordyceps militaris]
ATY67072.1           -            772 20763at5125          -            374    0.0072   13.9   0.6   2   3    0.0039       1.8    6.1   0.0   327   352   121   146   107   181 0.86 polyubiquitin binding (Doa1 Ufd3) [Cordyceps militaris]
ATY67072.1           -            772 20763at5125          -            374    0.0072   13.9   0.6   3   3     0.026        12    3.3   0.0   100   138   231   269   206   304 0.74 polyubiquitin binding (Doa1 Ufd3) [Cordyceps militaris]
ATY63956.1           -           1038 20763at5125          -            374    0.0073   13.9   0.2   1   4       1.7     8e+02   -2.7   0.0   330   346    32    48    28    58 0.80 TUP1-like enhancer of split [Cordyceps militaris]
ATY63956.1           -           1038 20763at5125          -            374    0.0073   13.9   0.2   2   4    0.0014      0.64    7.5   0.0   100   135    59    94    53   103 0.83 TUP1-like enhancer of split [Cordyceps militaris]
ATY63956.1           -           1038 20763at5125          -            374    0.0073   13.9   0.2   3   4     0.078        36    1.8   0.0   104   138   164   199   160   204 0.84 TUP1-like enhancer of split [Cordyceps militaris]
ATY63956.1           -           1038 20763at5125          -            374    0.0073   13.9   0.2   4   4       4.1   1.9e+03   -3.9   0.0    63    94   312   343   306   347 0.63 TUP1-like enhancer of split [Cordyceps militaris]
ATY64130.1           -            445 20763at5125          -            374    0.0094   13.6   0.6   1   3      0.16        74    0.7   0.0    64    82    82   100    45   132 0.75 U3 small nucleolar RNA associated [Cordyceps militaris]
ATY64130.1           -            445 20763at5125          -            374    0.0094   13.6   0.6   2   3    0.0036       1.7    6.2   0.1    54    87   202   235   184   316 0.85 U3 small nucleolar RNA associated [Cordyceps militaris]
ATY64130.1           -            445 20763at5125          -            374    0.0094   13.6   0.6   3   3     0.078        36    1.8   0.0   327   345   337   355   321   362 0.85 U3 small nucleolar RNA associated [Cordyceps militaris]
ATY64753.1           -            850 20763at5125          -            374     0.012   13.2   0.4   1   3      0.35   1.6e+02   -0.4   0.0   103   148    91   137    80   165 0.70 alpha subunit [Cordyceps militaris]
ATY64753.1           -            850 20763at5125          -            374     0.012   13.2   0.4   2   3    0.0011       0.5    7.9   0.2   166   204   211   248   127   263 0.68 alpha subunit [Cordyceps militaris]
ATY64753.1           -            850 20763at5125          -            374     0.012   13.2   0.4   3   3      0.31   1.4e+02   -0.2   0.0   178   214   267   300   254   303 0.81 alpha subunit [Cordyceps militaris]
ATY62530.1           -            337 20763at5125          -            374     0.015   12.9   0.1   1   2    0.0011      0.52    7.8   0.0   183   214    64    95    40   184 0.87 eukaryotic translation initiation factor 3 subunit 2 [Cordyceps militaris]
ATY62530.1           -            337 20763at5125          -            374     0.015   12.9   0.1   2   2     0.037        17    2.8   0.0   120   153   201   234   187   254 0.84 eukaryotic translation initiation factor 3 subunit 2 [Cordyceps militaris]
ATY60469.1           -            959 20763at5125          -            374     0.025   12.2   0.3   1   4      0.17        79    0.6   0.0    60    80   121   141    67   158 0.65 WD domain-containing [Cordyceps militaris]
ATY60469.1           -            959 20763at5125          -            374     0.025   12.2   0.3   2   4     0.005       2.3    5.7   0.0    58   194   375   507   364   522 0.79 WD domain-containing [Cordyceps militaris]
ATY60469.1           -            959 20763at5125          -            374     0.025   12.2   0.3   3   4       0.7   3.2e+02   -1.4   0.0   328   345   617   634   607   660 0.70 WD domain-containing [Cordyceps militaris]
ATY60469.1           -            959 20763at5125          -            374     0.025   12.2   0.3   4   4      0.69   3.2e+02   -1.4   0.0   313   343   690   721   639   727 0.71 WD domain-containing [Cordyceps militaris]
ATY59832.1           -            597 20763at5125          -            374     0.028   12.0   0.0   1   3   0.00067      0.31    8.6   0.0    95   139   263   308   239   319 0.82 small nucleolar ribonucleo complex [Cordyceps militaris]
ATY59832.1           -            597 20763at5125          -            374     0.028   12.0   0.0   2   3      0.56   2.6e+02   -1.0   0.0    44    71   359   386   335   411 0.75 small nucleolar ribonucleo complex [Cordyceps militaris]
ATY59832.1           -            597 20763at5125          -            374     0.028   12.0   0.0   3   3      0.71   3.3e+02   -1.4   0.0   329   345   463   479   432   491 0.62 small nucleolar ribonucleo complex [Cordyceps militaris]
ATY61399.1           -            339 20763at5125          -            374     0.029   12.0   0.1   1   2     0.022        10    3.6   0.0   110   345    61    91    33   107 0.70 WD domain [Cordyceps militaris]
ATY61399.1           -            339 20763at5125          -            374     0.029   12.0   0.1   2   2    0.0043         2    5.9   0.0    51    78   157   184   128   196 0.80 WD domain [Cordyceps militaris]
ATY59569.1           -            466 20763at5125          -            374     0.036   11.7   0.2   1   4      0.66   3.1e+02   -1.3   0.0   123   136   129   142   109   163 0.55 WD domain-containing [Cordyceps militaris]
ATY59569.1           -            466 20763at5125          -            374     0.036   11.7   0.2   2   4       3.1   1.4e+03   -3.5   0.0    60    76   171   187   165   191 0.72 WD domain-containing [Cordyceps militaris]
ATY59569.1           -            466 20763at5125          -            374     0.036   11.7   0.2   3   4      0.23   1.1e+02    0.2   0.0   181   210   222   250   204   265 0.72 WD domain-containing [Cordyceps militaris]
ATY59569.1           -            466 20763at5125          -            374     0.036   11.7   0.2   4   4    0.0037       1.7    6.1   0.0   100   135   348   384   327   404 0.79 WD domain-containing [Cordyceps militaris]
ATY59818.1           -            690 20763at5125          -            374     0.037   11.6   0.4   1   5      0.18        81    0.6   0.0    58    79   362   383   338   389 0.74 sulfur controller-2 [Cordyceps militaris]
ATY59818.1           -            690 20763at5125          -            374     0.037   11.6   0.4   2   5    0.0023       1.1    6.8   0.0   100   139   384   422   375   440 0.82 sulfur controller-2 [Cordyceps militaris]
ATY59818.1           -            690 20763at5125          -            374     0.037   11.6   0.4   3   5      0.96   4.5e+02   -1.8   0.0    60    76   444   460   427   467 0.65 sulfur controller-2 [Cordyceps militaris]
ATY59818.1           -            690 20763at5125          -            374     0.037   11.6   0.4   4   5      0.95   4.4e+02   -1.8   0.0   193   205   591   603   582   635 0.76 sulfur controller-2 [Cordyceps militaris]
ATY59818.1           -            690 20763at5125          -            374     0.037   11.6   0.4   5   5       1.9   8.6e+02   -2.8   0.0    64    78   664   678   648   685 0.74 sulfur controller-2 [Cordyceps militaris]
ATY60338.1           -            486 20763at5125          -            374     0.062   10.9   0.3   1   2    0.0028       1.3    6.5   0.2   159   210   290   341   186   386 0.80 ribosome biogenesis (Rrb1) [Cordyceps militaris]
ATY60338.1           -            486 20763at5125          -            374     0.062   10.9   0.3   2   2      0.38   1.8e+02   -0.5   0.0   164   200   391   427   345   430 0.74 ribosome biogenesis (Rrb1) [Cordyceps militaris]
ATY62113.1           -            642 20763at5125          -            374      0.19    9.3   5.8   1   5      0.24   1.1e+02    0.2   0.1   185   204   336   354   317   359 0.75 F-box and WD repeat-containing [Cordyceps militaris]
ATY62113.1           -            642 20763at5125          -            374      0.19    9.3   5.8   2   5     0.054        25    2.3   0.4   104   138   356   390   347   394 0.84 F-box and WD repeat-containing [Cordyceps militaris]
ATY62113.1           -            642 20763at5125          -            374      0.19    9.3   5.8   3   5     0.061        29    2.1   0.1   159   342   492   509   419   512 0.53 F-box and WD repeat-containing [Cordyceps militaris]
ATY62113.1           -            642 20763at5125          -            374      0.19    9.3   5.8   4   5     0.045        21    2.5   0.0   328   347   495   514   484   525 0.79 F-box and WD repeat-containing [Cordyceps militaris]
ATY62113.1           -            642 20763at5125          -            374      0.19    9.3   5.8   5   5     0.089        42    1.6   0.0   328   345   535   552   524   560 0.84 F-box and WD repeat-containing [Cordyceps militaris]
#
# Program:         hmmsearch
# Version:         3.1b2 (February 2015)
# Pipeline mode:   SEARCH
# Query file:      /home/zack/funannotate_db/hypocreales_odb10/hmms/20763at5125.hmm
# Target file:     /home/zack/Desktop/IsariaPreferralGenome/MyGenomeSubmittedToNCBI/HypocrealesProteinSets/CmilitarisATCC34164.faa
# Option settings: hmmsearch --domtblout /home/zack/Desktop/IsariaPreferralGenome/MyGenomeSubmittedToNCBI/HypocrealesProteinSets/BUSCO_AA_all/BUSCO_AA_CmilitarisATCC34164/run_hypocreales_odb10/hmmer_output/initial_run_results/20763at5125.out --cpu 1 /home/zack/funannotate_db/hypocreales_odb10/hmms/20763at5125.hmm /home/zack/Desktop/IsariaPreferralGenome/MyGenomeSubmittedToNCBI/HypocrealesProteinSets/CmilitarisATCC34164.faa 
# Current dir:     /home/zack/Desktop/IsariaPreferralGenome/MyGenomeSubmittedToNCBI/HypocrealesProteinSets/BUSCO_AA_all
# Date:            Mon Mar  4 15:10:37 2024
# [ok]
