#                                                                            --- full sequence --- -------------- this domain -------------   hmm coord   ali coord   env coord
# target name        accession   tlen query name           accession   qlen   E-value  score  bias   #  of  c-Evalue  i-Evalue  score  bias  from    to  from    to  from    to  acc description of target
#------------------- ---------- ----- -------------------- ---------- ----- --------- ------ ----- --- --- --------- --------- ------ ----- ----- ----- ----- ----- ----- ----- ---- ---------------------
ATY60261.1           -            635 2198at5125           -            616  1.1e-295  980.9   5.3   1   2      0.11   1.8e+02   -0.8   0.0    73    82    13    22     4    29 0.78 copper radical oxidase [Cordyceps militaris]
ATY60261.1           -            635 2198at5125           -            616  1.1e-295  980.9   5.3   2   2  7.1e-299  1.1e-295  980.9   5.3    79   616    49   635    42   635 0.96 copper radical oxidase [Cordyceps militaris]
ATY66047.1           -           1656 2198at5125           -            616   2.3e-22   78.1  56.6   1   4   3.3e-08   5.1e-05   20.8   5.4     9    68   938  1001   933  1011 0.86 Pyrrolo-quinoline quinone [Cordyceps militaris]
ATY66047.1           -           1656 2198at5125           -            616   2.3e-22   78.1  56.6   2   4   1.6e-09   2.5e-06   25.2  10.2    14    75  1057  1124  1047  1192 0.69 Pyrrolo-quinoline quinone [Cordyceps militaris]
ATY66047.1           -           1656 2198at5125           -            616   2.3e-22   78.1  56.6   3   4   8.8e-10   1.4e-06   26.0  14.4    16   128  1231  1346  1199  1404 0.64 Pyrrolo-quinoline quinone [Cordyceps militaris]
ATY66047.1           -           1656 2198at5125           -            616   2.3e-22   78.1  56.6   4   4   4.1e-09   6.3e-06   23.8   2.2    81   129  1577  1639  1556  1654 0.59 Pyrrolo-quinoline quinone [Cordyceps militaris]
ATY64366.1           -            794 2198at5125           -            616     1e-19   69.4  15.9   1   2   3.3e-11   5.1e-08   30.7   5.9    16    77    62   125    55   157 0.78 copper radical oxidase [Cordyceps militaris]
ATY64366.1           -            794 2198at5125           -            616     1e-19   69.4  15.9   2   2   4.4e-15   6.8e-12   43.5   2.4    16    73   169   231   161   235 0.87 copper radical oxidase [Cordyceps militaris]
ATY61133.1           -            626 2198at5125           -            616   7.6e-09   33.4   4.8   1   1   9.4e-12   1.5e-08   32.5   4.8    19   130   539   599   508   615 0.62 WSC domain [Cordyceps militaris]
ATY58354.1           -            157 2198at5125           -            616   3.3e-07   28.0   7.0   1   1   2.8e-10   4.4e-07   27.6   6.9    24   138    76   137    29   155 0.57 Carbohydrate-binding WSC [Cordyceps militaris]
ATY62514.1           -            482 2198at5125           -            616    0.0052   14.2   3.4   1   1   5.9e-06    0.0091   13.4   3.4    16    68   143   197   133   205 0.81 Carbohydrate-binding WSC [Cordyceps militaris]
#
# Program:         hmmsearch
# Version:         3.1b2 (February 2015)
# Pipeline mode:   SEARCH
# Query file:      /home/zack/funannotate_db/hypocreales_odb10/hmms/2198at5125.hmm
# Target file:     /home/zack/Desktop/IsariaPreferralGenome/MyGenomeSubmittedToNCBI/HypocrealesProteinSets/CmilitarisATCC34164.faa
# Option settings: hmmsearch --domtblout /home/zack/Desktop/IsariaPreferralGenome/MyGenomeSubmittedToNCBI/HypocrealesProteinSets/BUSCO_AA_all/BUSCO_AA_CmilitarisATCC34164/run_hypocreales_odb10/hmmer_output/initial_run_results/2198at5125.out --cpu 1 /home/zack/funannotate_db/hypocreales_odb10/hmms/2198at5125.hmm /home/zack/Desktop/IsariaPreferralGenome/MyGenomeSubmittedToNCBI/HypocrealesProteinSets/CmilitarisATCC34164.faa 
# Current dir:     /home/zack/Desktop/IsariaPreferralGenome/MyGenomeSubmittedToNCBI/HypocrealesProteinSets/BUSCO_AA_all
# Date:            Mon Mar  4 15:10:34 2024
# [ok]
