#                                                                            --- full sequence --- -------------- this domain -------------   hmm coord   ali coord   env coord
# target name        accession   tlen query name           accession   qlen   E-value  score  bias   #  of  c-Evalue  i-Evalue  score  bias  from    to  from    to  from    to  acc description of target
#------------------- ---------- ----- -------------------- ---------- ----- --------- ------ ----- --- --- --------- --------- ------ ----- ----- ----- ----- ----- ----- ----- ---- ---------------------
ATY66992.1           -            474 23388at5125          -            337  3.5e-144  479.1  42.4   1   1  2.1e-140  5.8e-138  458.7  42.4     1   318     1   399     1   407 0.82 zinc finger OZF [Cordyceps militaris]
ATY66733.1           -            441 23388at5125          -            337   5.5e-26   90.5  14.9   1   2      0.43   1.2e+02    0.6   2.2    21    64    23    69     8    88 0.67 zinc finger 58 [Cordyceps militaris]
ATY66733.1           -            441 23388at5125          -            337   5.5e-26   90.5  14.9   2   2     2e-28   5.5e-26   90.5  14.9   141   262   106   230    91   251 0.84 zinc finger 58 [Cordyceps militaris]
ATY58939.1           -            665 23388at5125          -            337     6e-26   90.4  27.2   1   2     2e-16   5.7e-14   51.0  15.9   164   250   463   553   330   556 0.76 C2H2 transcription [Cordyceps militaris]
ATY58939.1           -            665 23388at5125          -            337     6e-26   90.4  27.2   2   2   2.2e-15   6.1e-13   47.6   4.2   190   283   551   642   550   648 0.93 C2H2 transcription [Cordyceps militaris]
ATY59220.1           -            394 23388at5125          -            337     1e-24   86.3  15.1   1   4   3.7e-27     1e-24   86.3  15.1   152   267    14   136     8   144 0.91 C2H2 finger domain [Cordyceps militaris]
ATY59220.1           -            394 23388at5125          -            337     1e-24   86.3  15.1   2   4       2.9   8.1e+02   -2.1   2.0    17    60   173   218   158   269 0.68 C2H2 finger domain [Cordyceps militaris]
ATY59220.1           -            394 23388at5125          -            337     1e-24   86.3  15.1   3   4      0.56   1.6e+02    0.2   1.6    35    69   251   285   230   331 0.71 C2H2 finger domain [Cordyceps militaris]
ATY59220.1           -            394 23388at5125          -            337     1e-24   86.3  15.1   4   4       2.9   8.1e+02   -2.1   0.4    36    70   313   347   296   354 0.68 C2H2 finger domain [Cordyceps militaris]
ATY64347.1           -            511 23388at5125          -            337   8.6e-17   60.3  34.3   1   4   2.1e-05    0.0058   14.8   2.4   152   248    70   113    50   125 0.54 C2H2 transcription factor (TFIIIA) [Cordyceps militaris]
ATY64347.1           -            511 23388at5125          -            337   8.6e-17   60.3  34.3   2   4   7.1e-13     2e-10   39.4  11.6   149   239   128   224   123   230 0.72 C2H2 transcription factor (TFIIIA) [Cordyceps militaris]
ATY64347.1           -            511 23388at5125          -            337   8.6e-17   60.3  34.3   3   4   1.1e-05    0.0032   15.7   3.2   182   233   258   317   231   328 0.50 C2H2 transcription factor (TFIIIA) [Cordyceps militaris]
ATY64347.1           -            511 23388at5125          -            337   8.6e-17   60.3  34.3   4   4       0.6   1.7e+02    0.2   0.0   206   229   398   421   393   427 0.86 C2H2 transcription factor (TFIIIA) [Cordyceps militaris]
ATY62095.1           -            579 23388at5125          -            337   1.9e-12   46.0   9.8   1   2   6.8e-15   1.9e-12   46.0   9.8   144   228   243   328   235   335 0.89 Zinc finger domain-containing C2H2-type [Cordyceps militaris]
ATY62095.1           -            579 23388at5125          -            337   1.9e-12   46.0   9.8   2   2       3.9   1.1e+03   -2.5   1.0    61   120   401   447   375   463 0.45 Zinc finger domain-containing C2H2-type [Cordyceps militaris]
ATY62937.1           -            678 23388at5125          -            337   1.7e-11   42.9   6.0   1   2      0.74   2.1e+02   -0.1   2.1    35    80    45    89    14   120 0.74 C2H2 type zinc finger [Cordyceps militaris]
ATY62937.1           -            678 23388at5125          -            337   1.7e-11   42.9   6.0   2   2     6e-14   1.7e-11   42.9   6.0   186   240   468   522   454   540 0.88 C2H2 type zinc finger [Cordyceps militaris]
ATY63820.1           -            325 23388at5125          -            337   2.7e-10   39.0   1.5   1   3       2.5   6.9e+02   -1.9   0.1    53    92    51    93    40   106 0.64 Zinc C2H2-type DNA-binding [Cordyceps militaris]
ATY63820.1           -            325 23388at5125          -            337   2.7e-10   39.0   1.5   2   3       2.4   6.9e+02   -1.8   1.6    51    98   124   173   119   201 0.69 Zinc C2H2-type DNA-binding [Cordyceps militaris]
ATY63820.1           -            325 23388at5125          -            337   2.7e-10   39.0   1.5   3   3   9.5e-13   2.7e-10   39.0   1.5   208   263   260   315   252   323 0.90 Zinc C2H2-type DNA-binding [Cordyceps militaris]
ATY60472.1           -            400 23388at5125          -            337   4.6e-10   38.2   3.2   1   2       1.6   4.5e+02   -1.2   1.6    57    94   157   194    85   225 0.67 C2H2 conidiation transcription factor [Cordyceps militaris]
ATY60472.1           -            400 23388at5125          -            337   4.6e-10   38.2   3.2   2   2   1.6e-12   4.6e-10   38.2   3.2   177   233   328   386   312   389 0.72 C2H2 conidiation transcription factor [Cordyceps militaris]
ATY63908.1           -            673 23388at5125          -            337   2.1e-09   36.0   2.8   1   2       5.8   1.6e+03   -3.1   0.3    95   134   182   225   150   241 0.46 transcription factor steA [Cordyceps militaris]
ATY63908.1           -            673 23388at5125          -            337   2.1e-09   36.0   2.8   2   2   7.5e-12   2.1e-09   36.0   2.8   185   232   544   591   526   597 0.70 transcription factor steA [Cordyceps militaris]
ATY60674.1           -            484 23388at5125          -            337   2.7e-09   35.7   1.6   1   1   2.1e-11   5.9e-09   34.5   1.6   186   240   377   432   360   453 0.79 cutinase G-box binding [Cordyceps militaris]
ATY64276.1           -            784 23388at5125          -            337   1.9e-08   32.9  13.9   1   2      0.19        55    1.8   0.7    16    69   274   327   262   351 0.78 C2H2 transcription factor Swi5 [Cordyceps militaris]
ATY64276.1           -            784 23388at5125          -            337   1.9e-08   32.9  13.9   2   2   6.6e-11   1.9e-08   32.9  13.9   144   229   453   539   372   552 0.75 C2H2 transcription factor Swi5 [Cordyceps militaris]
ATY61283.1           -            386 23388at5125          -            337   4.2e-08   31.7   3.3   1   2         2   5.6e+02   -1.6   3.2    35   110    51   128    47   141 0.63 C2H2 finger domain [Cordyceps militaris]
ATY61283.1           -            386 23388at5125          -            337   4.2e-08   31.7   3.3   2   2   1.5e-10   4.2e-08   31.7   3.3   203   258   308   360   295   363 0.90 C2H2 finger domain [Cordyceps militaris]
ATY64230.1           -            418 23388at5125          -            337   6.7e-08   31.1   2.2   1   2   2.4e-10   6.7e-08   31.1   2.2   207   258    66   117    56   128 0.88 DNA-binding creA [Cordyceps militaris]
ATY64230.1           -            418 23388at5125          -            337   6.7e-08   31.1   2.2   2   2       9.9   2.8e+03   -3.8   0.8    69   104   261   296   247   309 0.62 DNA-binding creA [Cordyceps militaris]
ATY66736.1           -            890 23388at5125          -            337   1.3e-07   30.2   2.7   1   2   4.4e-10   1.3e-07   30.2   2.7   196   258    26    88    21    99 0.86 C2H2 transcription factor [Cordyceps militaris]
ATY66736.1           -            890 23388at5125          -            337   1.3e-07   30.2   2.7   2   2       5.2   1.4e+03   -2.9   0.4    56    85   143   172   134   206 0.58 C2H2 transcription factor [Cordyceps militaris]
ATY62875.1           -           1137 23388at5125          -            337   1.9e-07   29.6   5.6   1   1   1.6e-09   4.5e-07   28.3   5.6   185   236    55   107    47   110 0.85 Zinc finger domain-containing C2H2-type integrase [Cordyceps militaris]
ATY58784.1           -            806 23388at5125          -            337   8.4e-06   24.2   3.4   1   1   5.6e-08   1.6e-05   23.3   3.4   182   231    27    79    12    87 0.78 Transcription factor [Cordyceps militaris]
ATY64327.1           -            427 23388at5125          -            337     1e-05   23.9   1.9   1   1   7.1e-08     2e-05   22.9   1.9   159   228   222   266   204   274 0.62 C2H2 transcription factor [Cordyceps militaris]
ATY63451.1           -            283 23388at5125          -            337   1.9e-05   23.0   6.0   1   2       1.8     5e+02   -1.4   1.9    49    94    50    95    18   118 0.60 Zinc C2H2-type DNA-binding [Cordyceps militaris]
ATY63451.1           -            283 23388at5125          -            337   1.9e-05   23.0   6.0   2   2   6.8e-08   1.9e-05   23.0   6.0   184   234   126   178   116   184 0.60 Zinc C2H2-type DNA-binding [Cordyceps militaris]
ATY65586.1           -            707 23388at5125          -            337     2e-05   22.9  23.3   1   3   3.6e-06     0.001   17.3   3.0   208   265   148   205   139   223 0.90 C2H2 type zinc finger domain [Cordyceps militaris]
ATY65586.1           -            707 23388at5125          -            337     2e-05   22.9  23.3   2   3       2.8   7.9e+02   -2.0   3.6    55   156   359   472   349   483 0.55 C2H2 type zinc finger domain [Cordyceps militaris]
ATY65586.1           -            707 23388at5125          -            337     2e-05   22.9  23.3   3   3   3.2e-05    0.0091   14.2   7.3   184   244   473   534   463   562 0.79 C2H2 type zinc finger domain [Cordyceps militaris]
ATY60832.1           -           1371 23388at5125          -            337   2.6e-05   22.6   2.1   1   1   9.2e-08   2.6e-05   22.6   2.1   178   236    79   140    73   147 0.84 C6 and C2H2 transcription factor [Cordyceps militaris]
ATY58694.1           -            383 23388at5125          -            337   8.8e-05   20.8   4.7   1   1   6.5e-07   0.00018   19.8   4.7   187   232   149   196    87   203 0.71 C2H2 finger domain (Gli3) [Cordyceps militaris]
ATY60126.1           -            590 23388at5125          -            337   0.00012   20.4  11.0   1   2       1.6   4.5e+02   -1.2   2.7    55   108   341   393   329   411 0.64 Zinc finger domain-containing C2H2-type [Cordyceps militaris]
ATY60126.1           -            590 23388at5125          -            337   0.00012   20.4  11.0   2   2   4.2e-07   0.00012   20.4  11.0   144   218   470   548   453   575 0.81 Zinc finger domain-containing C2H2-type [Cordyceps militaris]
ATY63534.1           -            368 23388at5125          -            337   0.00082   17.6   7.4   1   1   3.8e-06    0.0011   17.3   6.2   153   204   267   324   257   330 0.80 zinc finger odd-paired-like (opl) [Cordyceps militaris]
ATY67089.1           -            133 23388at5125          -            337   0.00093   17.4  10.4   1   1   9.5e-06    0.0027   15.9   9.5   148   225    50   132    38   133 0.68 hypothetical protein A9K55_000144 [Cordyceps militaris]
ATY58972.1           -            863 23388at5125          -            337    0.0014   16.9   2.6   1   1   8.6e-06    0.0024   16.1   2.6   149   205    15    76     8    81 0.82 zinc finger zas1 [Cordyceps militaris]
ATY60608.1           -            811 23388at5125          -            337    0.0076   14.4   3.0   1   1   5.5e-05     0.015   13.4   3.0   147   210    80   142    70   161 0.74 C2H2 transcription factor [Cordyceps militaris]
ATY63014.1           -            397 23388at5125          -            337     0.061   11.5   1.1   1   1   0.00045      0.13   10.4   1.1   187   229    79   120    63   126 0.82 Zinc C2H2 [Cordyceps militaris]
ATY59180.1           -            499 23388at5125          -            337      0.18    9.9   6.2   1   2     0.017       4.8    5.2   1.1   233   264   384   415   369   421 0.87 C2H2 transcription factor (Sfp1) [Cordyceps militaris]
ATY59180.1           -            499 23388at5125          -            337      0.18    9.9   6.2   2   2     0.031       8.7    4.4   6.3   151   228   385   468   383   476 0.68 C2H2 transcription factor (Sfp1) [Cordyceps militaris]
ATY67254.1           -            235 23388at5125          -            337      0.74    7.9  15.8   1   3   0.00051      0.14   10.3   8.7   185   260     9    77     3    82 0.76 zinc finger protein [Cordyceps militaris]
ATY67254.1           -            235 23388at5125          -            337      0.74    7.9  15.8   2   3     0.067        19    3.3   4.4   184   229    59   105    53   114 0.67 zinc finger protein [Cordyceps militaris]
ATY67254.1           -            235 23388at5125          -            337      0.74    7.9  15.8   3   3      0.92   2.6e+02   -0.5   0.1   209   232   157   180   145   206 0.63 zinc finger protein [Cordyceps militaris]
ATY65703.1           -            236 23388at5125          -            337       1.4    7.0  14.2   1   3    0.0025       0.7    8.0   6.8   185   260     9    77     3    82 0.85 zinc finger protein [Cordyceps militaris]
ATY65703.1           -            236 23388at5125          -            337       1.4    7.0  14.2   2   3     0.043        12    3.9   0.3   211   232    58    79    54    92 0.84 zinc finger protein [Cordyceps militaris]
ATY65703.1           -            236 23388at5125          -            337       1.4    7.0  14.2   3   3      0.28        80    1.2   0.5   209   245   158   195   152   209 0.72 zinc finger protein [Cordyceps militaris]
ATY66667.1           -            629 23388at5125          -            337       5.5    5.1  17.8   1   2    0.0028      0.79    7.8   2.4    29    95   180   247   176   260 0.89 Zinc finger domain-containing C2H2-type [Cordyceps militaris]
ATY66667.1           -            629 23388at5125          -            337       5.5    5.1  17.8   2   2     0.021         6    4.9   4.0   195   232   281   323   271   362 0.67 Zinc finger domain-containing C2H2-type [Cordyceps militaris]
ATY64596.1           -            695 23388at5125          -            337       6.7    4.8  10.2   1   2       2.2   6.1e+02   -1.7   1.8    50   117     5    68     1    82 0.60 Zinc C2H2 [Cordyceps militaris]
ATY64596.1           -            695 23388at5125          -            337       6.7    4.8  10.2   2   2   0.00056      0.16   10.1   1.5   185   233   348   400   339   411 0.79 Zinc C2H2 [Cordyceps militaris]
#
# Program:         hmmsearch
# Version:         3.1b2 (February 2015)
# Pipeline mode:   SEARCH
# Query file:      /home/zack/funannotate_db/hypocreales_odb10/hmms/23388at5125.hmm
# Target file:     /home/zack/Desktop/IsariaPreferralGenome/MyGenomeSubmittedToNCBI/HypocrealesProteinSets/CmilitarisATCC34164.faa
# Option settings: hmmsearch --domtblout /home/zack/Desktop/IsariaPreferralGenome/MyGenomeSubmittedToNCBI/HypocrealesProteinSets/BUSCO_AA_all/BUSCO_AA_CmilitarisATCC34164/run_hypocreales_odb10/hmmer_output/initial_run_results/23388at5125.out --cpu 1 /home/zack/funannotate_db/hypocreales_odb10/hmms/23388at5125.hmm /home/zack/Desktop/IsariaPreferralGenome/MyGenomeSubmittedToNCBI/HypocrealesProteinSets/CmilitarisATCC34164.faa 
# Current dir:     /home/zack/Desktop/IsariaPreferralGenome/MyGenomeSubmittedToNCBI/HypocrealesProteinSets/BUSCO_AA_all
# Date:            Mon Mar  4 15:10:46 2024
# [ok]
