#                                                                            --- full sequence --- -------------- this domain -------------   hmm coord   ali coord   env coord
# target name        accession   tlen query name           accession   qlen   E-value  score  bias   #  of  c-Evalue  i-Evalue  score  bias  from    to  from    to  from    to  acc description of target
#------------------- ---------- ----- -------------------- ---------- ----- --------- ------ ----- --- --- --------- --------- ------ ----- ----- ----- ----- ----- ----- ----- ---- ---------------------
ATY61493.1           -            982 23710at5125          -            356  5.9e-188  622.9   9.2   1   2  2.4e-190    1e-187  622.1   5.2    27   345   540   906   520   918 0.92 RNA binding MSSP-2 [Cordyceps militaris]
ATY61493.1           -            982 23710at5125          -            356  5.9e-188  622.9   9.2   2   2      0.28   1.2e+02    0.3   0.1   334   356   935   957   929   957 0.85 RNA binding MSSP-2 [Cordyceps militaris]
ATY66905.1           -            736 23710at5125          -            356   1.8e-21   75.3   1.3   1   4     4e-12   1.7e-09   35.9   0.0   136   292    56   214    45   234 0.86 polyadenylate-binding protein [Cordyceps militaris]
ATY66905.1           -            736 23710at5125          -            356   1.8e-21   75.3   1.3   2   4   3.8e-08   1.6e-05   22.8   0.0   219   286   233   301   221   323 0.86 polyadenylate-binding protein [Cordyceps militaris]
ATY66905.1           -            736 23710at5125          -            356   1.8e-21   75.3   1.3   3   4   0.00012     0.051   11.3   0.0   211   256   328   374   310   380 0.84 polyadenylate-binding protein [Cordyceps militaris]
ATY66905.1           -            736 23710at5125          -            356   1.8e-21   75.3   1.3   4   4      0.18        75    0.9   0.0   256   317   425   486   416   496 0.74 polyadenylate-binding protein [Cordyceps militaris]
ATY59575.1           -            818 23710at5125          -            356   8.9e-16   56.6   0.2   1   3   2.2e-08   9.2e-06   23.6   0.0   128   293    35   217     5   238 0.74 ribosome biogenesis Nop4 [Cordyceps militaris]
ATY59575.1           -            818 23710at5125          -            356   8.9e-16   56.6   0.2   2   3     2e-08   8.3e-06   23.8   0.1   132   195   314   378   302   385 0.88 ribosome biogenesis Nop4 [Cordyceps militaris]
ATY59575.1           -            818 23710at5125          -            356   8.9e-16   56.6   0.2   3   3     0.024        10    3.8   0.0   158   189   562   593   553   622 0.79 ribosome biogenesis Nop4 [Cordyceps militaris]
ATY63346.1           -            529 23710at5125          -            356   4.1e-12   44.5   0.4   1   2   1.9e-08   8.1e-06   23.8   0.1   136   188   116   168   108   181 0.90 RNA recognition RNP-1 [Cordyceps militaris]
ATY63346.1           -            529 23710at5125          -            356   4.1e-12   44.5   0.4   2   2   6.8e-07   0.00029   18.7   0.0   136   193   200   258   193   292 0.80 RNA recognition RNP-1 [Cordyceps militaris]
ATY67490.1           -            450 23710at5125          -            356   7.4e-08   30.5   0.0   1   3   0.00026      0.11   10.3   0.0   222   305    70   154    62   158 0.91 nuclear and cytoplasmic polyadenylated RNA-binding pub1 [Cordyceps militaris]
ATY67490.1           -            450 23710at5125          -            356   7.4e-08   30.5   0.0   2   3   1.2e-06    0.0005   17.9   0.0   131   186   156   211   149   221 0.89 nuclear and cytoplasmic polyadenylated RNA-binding pub1 [Cordyceps militaris]
ATY67490.1           -            450 23710at5125          -            356   7.4e-08   30.5   0.0   3   3       1.5   6.2e+02   -2.1   0.0   138   278   289   338   275   352 0.45 nuclear and cytoplasmic polyadenylated RNA-binding pub1 [Cordyceps militaris]
ATY60427.1           -            474 23710at5125          -            356   7.6e-08   30.5   0.0   1   2   2.5e-06     0.001   16.9   0.0   154   288   127   269   104   279 0.59 mRNA binding post-transcriptional regulator [Cordyceps militaris]
ATY60427.1           -            474 23710at5125          -            356   7.6e-08   30.5   0.0   2   2   0.00044      0.19    9.5   0.0   203   291   317   403   314   411 0.77 mRNA binding post-transcriptional regulator [Cordyceps militaris]
ATY59172.1           -            437 23710at5125          -            356   2.2e-07   28.9   0.3   1   1   3.6e-09   1.5e-06   26.2   0.3   142   290   187   355   177   371 0.71 RNA recognition motif domain [Cordyceps militaris]
ATY64683.1           -            595 23710at5125          -            356   2.7e-07   28.7   0.5   1   2     0.032        14    3.3   0.0   222   284   335   401   329   413 0.81 RNP domain-containing [Cordyceps militaris]
ATY64683.1           -            595 23710at5125          -            356   2.7e-07   28.7   0.5   2   2   3.4e-08   1.4e-05   23.0   0.0   216   294   489   568   482   577 0.89 RNP domain-containing [Cordyceps militaris]
ATY63917.1           -            562 23710at5125          -            356   6.7e-07   27.4   0.0   1   1   2.9e-09   1.2e-06   26.5   0.0   134   287   158   324   147   342 0.81 Splicing CC1 [Cordyceps militaris]
ATY66687.1           -            425 23710at5125          -            356   9.7e-06   23.6   0.0   1   2      0.14        57    1.3   0.0   145   185    23    63     6    94 0.63 splicing factor 3b subunit 4 [Cordyceps militaris]
ATY66687.1           -            425 23710at5125          -            356   9.7e-06   23.6   0.0   2   2     3e-07   0.00013   19.9   0.0   137   189   115   167   110   192 0.89 splicing factor 3b subunit 4 [Cordyceps militaris]
ATY59594.1           -            329 23710at5125          -            356   1.5e-05   22.9   0.0   1   1   5.2e-08   2.2e-05   22.4   0.0   217   287   105   176    97   193 0.88 RNA binding domain [Cordyceps militaris]
ATY58732.1           -            226 23710at5125          -            356   5.1e-05   21.2   0.0   1   1   1.7e-07     7e-05   20.7   0.0   140   201    29    91    17   101 0.89 glycine-rich RNA-binding [Cordyceps militaris]
ATY59926.1           -            284 23710at5125          -            356   8.8e-05   20.4   0.0   1   1   3.1e-07   0.00013   19.8   0.0   137   223    10    97     3   109 0.74 Nucleotide-alpha-beta plait [Cordyceps militaris]
ATY61820.1           -            361 23710at5125          -            356   0.00014   19.8   0.0   1   1   5.7e-07   0.00024   19.0   0.0    78   187   163   276   132   285 0.70 RNP domain [Cordyceps militaris]
ATY65111.1           -            376 23710at5125          -            356   0.00015   19.7   0.0   1   2   0.00074      0.31    8.7   0.0   221   293    43   116    22   134 0.74 RNP domain containing [Cordyceps militaris]
ATY65111.1           -            376 23710at5125          -            356   0.00015   19.7   0.0   2   2   0.00092      0.39    8.4   0.0   215   290   246   335   236   351 0.70 RNP domain containing [Cordyceps militaris]
ATY65594.1           -            399 23710at5125          -            356    0.0007   17.4   0.1   1   1     3e-06    0.0013   16.6   0.1   135   202   211   279   207   311 0.72 RNA binding [Cordyceps militaris]
ATY66892.1           -            375 23710at5125          -            356    0.0013   16.6   0.0   1   1     5e-06    0.0021   15.9   0.0   130   187    65   122    40   133 0.86 Nucleotide-alpha-beta plait [Cordyceps militaris]
ATY58660.1           -            331 23710at5125          -            356    0.0016   16.3   0.0   1   1   5.2e-06    0.0022   15.8   0.0   221   298    40   120     8   140 0.83 RNA binding domain [Cordyceps militaris]
ATY63742.1           -            630 23710at5125          -            356      0.03   12.1   0.0   1   1   0.00011     0.046   11.5   0.0   179   227   352   400   342   408 0.91 geranylgeranyl pyrophosphate [Cordyceps militaris]
ATY64373.1           -            279 23710at5125          -            356     0.031   12.0   0.2   1   1   9.6e-05      0.04   11.7   0.2   147   207   211   277   201   279 0.78 eukaryotic translation initiation factor subunit 4 [Cordyceps militaris]
ATY65383.1           -            264 23710at5125          -            356     0.036   11.8   0.0   1   1   0.00013     0.053   11.3   0.0   214   310    55   153    48   173 0.84 RNA annealing [Cordyceps militaris]
ATY62894.1           -            565 23710at5125          -            356      0.08   10.7   0.0   1   1   0.00035      0.15    9.8   0.0    98   150   265   316   249   330 0.77 protoporphyrinogen oxidase [Cordyceps militaris]
#
# Program:         hmmsearch
# Version:         3.1b2 (February 2015)
# Pipeline mode:   SEARCH
# Query file:      /home/zack/funannotate_db/hypocreales_odb10/hmms/23710at5125.hmm
# Target file:     /home/zack/Desktop/IsariaPreferralGenome/MyGenomeSubmittedToNCBI/HypocrealesProteinSets/CmilitarisATCC34164.faa
# Option settings: hmmsearch --domtblout /home/zack/Desktop/IsariaPreferralGenome/MyGenomeSubmittedToNCBI/HypocrealesProteinSets/BUSCO_AA_all/BUSCO_AA_CmilitarisATCC34164/run_hypocreales_odb10/hmmer_output/initial_run_results/23710at5125.out --cpu 1 /home/zack/funannotate_db/hypocreales_odb10/hmms/23710at5125.hmm /home/zack/Desktop/IsariaPreferralGenome/MyGenomeSubmittedToNCBI/HypocrealesProteinSets/CmilitarisATCC34164.faa 
# Current dir:     /home/zack/Desktop/IsariaPreferralGenome/MyGenomeSubmittedToNCBI/HypocrealesProteinSets/BUSCO_AA_all
# Date:            Mon Mar  4 15:10:53 2024
# [ok]
