#                                                                            --- full sequence --- -------------- this domain -------------   hmm coord   ali coord   env coord
# target name        accession   tlen query name           accession   qlen   E-value  score  bias   #  of  c-Evalue  i-Evalue  score  bias  from    to  from    to  from    to  acc description of target
#------------------- ---------- ----- -------------------- ---------- ----- --------- ------ ----- --- --- --------- --------- ------ ----- ----- ----- ----- ----- ----- ----- ---- ---------------------
ATY59200.1           -            530 23895at5125          -            213     3e-73  245.0  29.9   1   3   4.7e-63   8.7e-60  201.0  12.3     1   115    42   166    42   266 0.86 Homeodomain-like protein [Cordyceps militaris]
ATY59200.1           -            530 23895at5125          -            213     3e-73  245.0  29.9   2   3   4.9e-06    0.0091   14.6   0.1   107   129   319   341   315   353 0.87 Homeodomain-like protein [Cordyceps militaris]
ATY59200.1           -            530 23895at5125          -            213     3e-73  245.0  29.9   3   3   2.1e-12   3.9e-09   35.4   5.8   126   193   364   462   358   472 0.68 Homeodomain-like protein [Cordyceps militaris]
ATY66867.1           -            626 23895at5125          -            213   1.9e-06   26.7   2.7   1   2     1e-09   1.9e-06   26.7   2.7    16    74    68   126    57   134 0.89 homeoprotein [Cordyceps militaris]
ATY66867.1           -            626 23895at5125          -            213   1.9e-06   26.7   2.7   2   2     0.042        78    1.8   1.6   157   185   417   445   346   461 0.69 homeoprotein [Cordyceps militaris]
ATY59876.1           -            643 23895at5125          -            213   9.7e-06   24.3   0.9   1   1   1.1e-08     2e-05   23.3   0.9    12    76   199   264   190   299 0.84 Paired box Pax-6 [Cordyceps militaris]
ATY59535.1           -            575 23895at5125          -            213   0.00099   17.8   2.0   1   2   3.1e-06    0.0057   15.3   2.0    21    75    59   113    44   119 0.88 homeobox transcription [Cordyceps militaris]
ATY59535.1           -            575 23895at5125          -            213   0.00099   17.8   2.0   2   2      0.88   1.6e+03   -2.5   0.0    17    36   515   534   506   538 0.81 homeobox transcription [Cordyceps militaris]
ATY60839.1           -            820 23895at5125          -            213    0.0071   15.0   1.6   1   3    0.0014       2.6    6.6   0.0    43    77   129   163    93   172 0.75 homeobox and C2H2 transcription factor [Cordyceps militaris]
ATY60839.1           -            820 23895at5125          -            213    0.0071   15.0   1.6   2   3     0.002       3.7    6.1   0.1    82   119   257   294   252   308 0.85 homeobox and C2H2 transcription factor [Cordyceps militaris]
ATY60839.1           -            820 23895at5125          -            213    0.0071   15.0   1.6   3   3      0.43     8e+02   -1.5   0.1   144   162   492   510   482   553 0.62 homeobox and C2H2 transcription factor [Cordyceps militaris]
#
# Program:         hmmsearch
# Version:         3.1b2 (February 2015)
# Pipeline mode:   SEARCH
# Query file:      /home/zack/funannotate_db/hypocreales_odb10/hmms/23895at5125.hmm
# Target file:     /home/zack/Desktop/IsariaPreferralGenome/MyGenomeSubmittedToNCBI/HypocrealesProteinSets/CmilitarisATCC34164.faa
# Option settings: hmmsearch --domtblout /home/zack/Desktop/IsariaPreferralGenome/MyGenomeSubmittedToNCBI/HypocrealesProteinSets/BUSCO_AA_all/BUSCO_AA_CmilitarisATCC34164/run_hypocreales_odb10/hmmer_output/initial_run_results/23895at5125.out --cpu 1 /home/zack/funannotate_db/hypocreales_odb10/hmms/23895at5125.hmm /home/zack/Desktop/IsariaPreferralGenome/MyGenomeSubmittedToNCBI/HypocrealesProteinSets/CmilitarisATCC34164.faa 
# Current dir:     /home/zack/Desktop/IsariaPreferralGenome/MyGenomeSubmittedToNCBI/HypocrealesProteinSets/BUSCO_AA_all
# Date:            Mon Mar  4 15:11:04 2024
# [ok]
