#                                                                            --- full sequence --- -------------- this domain -------------   hmm coord   ali coord   env coord
# target name        accession   tlen query name           accession   qlen   E-value  score  bias   #  of  c-Evalue  i-Evalue  score  bias  from    to  from    to  from    to  acc description of target
#------------------- ---------- ----- -------------------- ---------- ----- --------- ------ ----- --- --- --------- --------- ------ ----- ----- ----- ----- ----- ----- ----- ---- ---------------------
ATY66295.1           -            458 24287at5125          -            380  1.7e-242  803.6   2.7   1   1  7.1e-245  2.3e-242  803.2   2.7     8   380    56   452    50   452 0.97 26S protease regulatory subunit 6A [Cordyceps militaris]
ATY62637.1           -            818 24287at5125          -            380   1.7e-94  316.4   0.0   1   2   6.6e-51   2.1e-48  164.8   0.0   136   363   216   444   173   460 0.89 cell division control Cdc48 [Cordyceps militaris]
ATY62637.1           -            818 24287at5125          -            380   1.7e-94  316.4   0.0   2   2   2.6e-46   8.4e-44  149.6   0.0   123   363   477   721   455   732 0.93 cell division control Cdc48 [Cordyceps militaris]
ATY60353.1           -            389 24287at5125          -            380     2e-87  293.2   0.0   1   1   8.1e-90   2.6e-87  292.8   0.0    99   374    91   373    85   379 0.92 26S protease regulatory subunit 8 [Cordyceps militaris]
ATY59457.1           -            440 24287at5125          -            380   2.2e-86  289.8   0.1   1   1   9.4e-89     3e-86  289.3   0.1   103   362   145   408   123   426 0.94 26S protease regulatory subunit 7 [Cordyceps militaris]
ATY61892.1           -            459 24287at5125          -            380   1.6e-84  283.6   0.2   1   1   6.5e-87   2.1e-84  283.3   0.2    99   361   163   429    84   441 0.92 proteasome regulatory particle subunit Rpt2 [Cordyceps militaris]
ATY66921.1           -            420 24287at5125          -            380   8.5e-78  261.5   0.1   1   1   3.5e-80   1.1e-77  261.1   0.1    98   361   122   390    92   408 0.92 26S protease regulatory subunit 6B [Cordyceps militaris]
ATY63230.1           -            448 24287at5125          -            380   7.4e-75  251.8   0.0   1   1   3.3e-77   1.1e-74  251.3   0.0   108   375   160   434   150   439 0.93 proteasome regulatory particle subunit Rpt4 [Cordyceps militaris]
ATY60691.1           -            890 24287at5125          -            380   2.9e-49  167.6   0.1   1   1   1.7e-51   5.4e-49  166.7   0.1   124   364   382   629   378   644 0.90 mitochondrial inner membrane AAA protease [Cordyceps militaris]
ATY59219.1           -            730 24287at5125          -            380   1.9e-48  164.9   0.1   1   1     1e-50   3.2e-48  164.2   0.1   124   335   243   447   236   481 0.86 intermembrane space AAA protease IAP-1 [Cordyceps militaris]
ATY60204.1           -            732 24287at5125          -            380     7e-38  130.1   0.0   1   2   4.8e-06    0.0015   17.1   0.0   175   320   214   355   204   391 0.84 ribosome biogenesis ATPase RIX7 [Cordyceps militaris]
ATY60204.1           -            732 24287at5125          -            380     7e-38  130.1   0.0   2   2   1.6e-34     5e-32  110.9   0.0   138   326   452   639   445   692 0.93 ribosome biogenesis ATPase RIX7 [Cordyceps militaris]
ATY58393.1           -           1228 24287at5125          -            380     8e-38  129.9   0.0   1   2     0.022       7.1    5.0   0.1   232   326   606   702   536   716 0.61 peroxisome biosynthesis (PAS1 Peroxin-1) [Cordyceps militaris]
ATY58393.1           -           1228 24287at5125          -            380     8e-38  129.9   0.0   2   2     5e-38   1.6e-35  122.4   0.0   135   357   829  1057   817  1064 0.91 peroxisome biosynthesis (PAS1 Peroxin-1) [Cordyceps militaris]
ATY65497.1           -           1284 24287at5125          -            380   1.6e-36  125.7   0.1   1   2   8.9e-33   2.8e-30  105.1   0.0   167   358   783   991   765  1012 0.86 vesicular-fusion SEC18 [Cordyceps militaris]
ATY65497.1           -           1284 24287at5125          -            380   1.6e-36  125.7   0.1   2   2   2.1e-06   0.00067   18.3   0.0   175   242  1074  1143  1049  1168 0.84 vesicular-fusion SEC18 [Cordyceps militaris]
ATY62028.1           -           1393 24287at5125          -            380   9.2e-36  123.2   0.0   1   1   5.2e-38   1.7e-35  122.3   0.0   133   360  1009  1243   990  1261 0.87 peroxisomal biogenesis factor 6 [Cordyceps militaris]
ATY64333.1           -           1548 24287at5125          -            380   2.7e-35  121.6   0.0   1   1   1.8e-37   5.9e-35  120.5   0.0   138   359   548   774   537   781 0.89 AAA family ATPase [Cordyceps militaris]
ATY65625.1           -            470 24287at5125          -            380   4.3e-34  117.7   0.0   1   1   1.9e-36   6.2e-34  117.1   0.0   131   367   159   395   150   403 0.89 vacuolar sorting-associated VPS4 [Cordyceps militaris]
ATY62892.1           -            916 24287at5125          -            380     8e-30  103.6   0.0   1   1   4.4e-32   1.4e-29  102.8   0.0   131   357   498   727   483   751 0.82 ATPase family AAA domain-containing 1-A [Cordyceps militaris]
ATY67449.1           -           1002 24287at5125          -            380     1e-29  103.3   0.0   1   1   4.9e-32   1.6e-29  102.6   0.0   172   359   730   915   655   925 0.89 AAA-core [Cordyceps militaris]
ATY64769.1           -           1565 24287at5125          -            380     1e-24   86.8   0.0   1   1   5.9e-27   1.9e-24   85.9   0.0   138   360  1275  1513  1244  1526 0.81 AAA-core [Cordyceps militaris]
ATY60760.1           -            413 24287at5125          -            380   7.1e-23   80.7   0.1   1   1   1.3e-24   4.1e-22   78.2   0.1   130   360   115   337    93   343 0.79 ATPase family AAA domain-containing 1 [Cordyceps militaris]
ATY59058.1           -            599 24287at5125          -            380   2.8e-13   49.2   0.0   1   1   4.4e-15   1.4e-12   46.8   0.0   162   321   244   394   226   425 0.72 mitochondrial chaperone [Cordyceps militaris]
ATY65409.1           -            802 24287at5125          -            380   5.7e-13   48.1   0.0   1   1   3.2e-15     1e-12   47.3   0.0   177   314   244   377   234   388 0.73 cell division protease ftsH [Cordyceps militaris]
ATY64520.1           -            444 24287at5125          -            380   1.7e-10   40.0   0.1   1   1   1.8e-12   5.6e-10   38.3   0.1   177   315   233   366   219   376 0.75 mitochondrial chaperone [Cordyceps militaris]
ATY65803.1           -            466 24287at5125          -            380   2.5e-09   36.1   0.0   1   1   1.1e-11   3.6e-09   35.6   0.0   176   303   244   364   213   382 0.87 mitochondrial chaperone [Cordyceps militaris]
ATY65632.1           -            684 24287at5125          -            380   2.5e-08   32.9   0.1   1   1   2.4e-10   7.6e-08   31.3   0.1   177   320   311   457   297   461 0.69 BCS1-like ATPase [Cordyceps militaris]
ATY64476.1           -            477 24287at5125          -            380   5.6e-08   31.7   0.0   1   1   1.1e-09   3.6e-07   29.0   0.0   177   326   230   368   214   421 0.72 ATP-dependent Zn protease [Cordyceps militaris]
ATY61393.1           -            648 24287at5125          -            380     3e-05   22.7   0.0   1   2      0.12        37    2.7   0.0   177   194   338   355   325   418 0.83 mitochondrial chaperone bcs1 [Cordyceps militaris]
ATY61393.1           -            648 24287at5125          -            380     3e-05   22.7   0.0   2   2   3.1e-06   0.00098   17.7   0.0   263   308   476   521   459   555 0.87 mitochondrial chaperone bcs1 [Cordyceps militaris]
ATY65368.1           -            825 24287at5125          -            380   4.7e-05   22.1   0.0   1   1   2.4e-07   7.8e-05   21.3   0.0   177   248   587   656   580   716 0.85 AAA family [Cordyceps militaris]
ATY63767.1           -            568 24287at5125          -            380    0.0095   14.5   0.0   1   1   4.7e-05     0.015   13.8   0.0   173   243   182   250   177   258 0.85 DNA replication ATPase [Cordyceps militaris]
ATY59912.1           -            391 24287at5125          -            380     0.091   11.3   0.0   1   1   0.00049      0.16   10.5   0.0    72   131    64   126    55   130 0.88 hypothetical protein A9K55_005746 [Cordyceps militaris]
#
# Program:         hmmsearch
# Version:         3.1b2 (February 2015)
# Pipeline mode:   SEARCH
# Query file:      /home/zack/funannotate_db/hypocreales_odb10/hmms/24287at5125.hmm
# Target file:     /home/zack/Desktop/IsariaPreferralGenome/MyGenomeSubmittedToNCBI/HypocrealesProteinSets/CmilitarisATCC34164.faa
# Option settings: hmmsearch --domtblout /home/zack/Desktop/IsariaPreferralGenome/MyGenomeSubmittedToNCBI/HypocrealesProteinSets/BUSCO_AA_all/BUSCO_AA_CmilitarisATCC34164/run_hypocreales_odb10/hmmer_output/initial_run_results/24287at5125.out --cpu 1 /home/zack/funannotate_db/hypocreales_odb10/hmms/24287at5125.hmm /home/zack/Desktop/IsariaPreferralGenome/MyGenomeSubmittedToNCBI/HypocrealesProteinSets/CmilitarisATCC34164.faa 
# Current dir:     /home/zack/Desktop/IsariaPreferralGenome/MyGenomeSubmittedToNCBI/HypocrealesProteinSets/BUSCO_AA_all
# Date:            Mon Mar  4 15:11:16 2024
# [ok]
