#                                                                            --- full sequence --- -------------- this domain -------------   hmm coord   ali coord   env coord
# target name        accession   tlen query name           accession   qlen   E-value  score  bias   #  of  c-Evalue  i-Evalue  score  bias  from    to  from    to  from    to  acc description of target
#------------------- ---------- ----- -------------------- ---------- ----- --------- ------ ----- --- --- --------- --------- ------ ----- ----- ----- ----- ----- ----- ----- ---- ---------------------
ATY58979.1           -           1164 2458at5125           -            640  2.1e-256  851.4  41.5   1   4   1.7e-09   1.2e-06   26.3   1.5     8    84   134   249   131   268 0.70 C2H2 finger domain-containing [Cordyceps militaris]
ATY58979.1           -           1164 2458at5125           -            640  2.1e-256  851.4  41.5   2   4   2.9e-56   2.1e-53  180.8   3.6    85   257   277   499   263   507 0.79 C2H2 finger domain-containing [Cordyceps militaris]
ATY58979.1           -           1164 2458at5125           -            640  2.1e-256  851.4  41.5   3   4   5.5e-55   3.9e-52  176.6   0.1   242   423   508   720   495   724 0.79 C2H2 finger domain-containing [Cordyceps militaris]
ATY58979.1           -           1164 2458at5125           -            640  2.1e-256  851.4  41.5   4   4  7.6e-147  5.4e-144  480.1  17.8   419   627   737   946   729   955 0.98 C2H2 finger domain-containing [Cordyceps militaris]
ATY65586.1           -            707 2458at5125           -            640     7e-12   43.6  26.6   1   2   1.8e-05     0.013   13.0   4.9   447   534   150   241   141   245 0.86 C2H2 type zinc finger domain [Cordyceps militaris]
ATY65586.1           -            707 2458at5125           -            640     7e-12   43.6  26.6   2   2   1.5e-12   1.1e-09   36.3  13.7   447   535   471   555   448   574 0.86 C2H2 type zinc finger domain [Cordyceps militaris]
ATY61575.1           -            833 2458at5125           -            640     5e-06   24.3   5.0   1   2       1.1   7.9e+02   -2.8   0.3     2    34   274   307   274   313 0.73 Zinc C2H2 [Cordyceps militaris]
ATY61575.1           -            833 2458at5125           -            640     5e-06   24.3   5.0   2   2     7e-09     5e-06   24.3   5.0   448   596   567   731   562   765 0.73 Zinc C2H2 [Cordyceps militaris]
ATY59516.1           -            512 2458at5125           -            640   0.00011   19.8   7.7   1   1   2.3e-07   0.00017   19.2   7.7   447   596   280   443   275   452 0.77 Zinc C2H2 [Cordyceps militaris]
ATY65538.1           -            356 2458at5125           -            640   0.00016   19.3   0.8   1   2       1.5     1e+03   -3.2   0.5   331   349    51    69    43    71 0.78 C2H2 transcription factor [Cordyceps militaris]
ATY65538.1           -            356 2458at5125           -            640   0.00016   19.3   0.8   2   2   2.2e-07   0.00016   19.3   0.8   444   538   140   245   107   261 0.76 C2H2 transcription factor [Cordyceps militaris]
ATY59220.1           -            394 2458at5125           -            640    0.0027   15.2  13.2   1   2   1.3e-05    0.0094   13.4   1.4   472   532    14    70    10    76 0.81 C2H2 finger domain [Cordyceps militaris]
ATY59220.1           -            394 2458at5125           -            640    0.0027   15.2  13.2   2   2    0.0032       2.3    5.6   5.1   448   503    78   133    73   147 0.85 C2H2 finger domain [Cordyceps militaris]
ATY65589.1           -            589 2458at5125           -            640     0.011   13.2   1.8   1   1   2.7e-05     0.019   12.4   1.8   437   514   310   386   297   390 0.76 Zinc C2H2 [Cordyceps militaris]
ATY64316.1           -           1174 2458at5125           -            640     0.015   12.8   6.0   1   3   1.8e-05     0.013   13.0   1.0   469   510   384   421   369   427 0.82 homeobox and C2H2 transcription [Cordyceps militaris]
ATY64316.1           -           1174 2458at5125           -            640     0.015   12.8   6.0   2   3       1.3   9.3e+02   -3.1   0.0   517   540   467   492   464   500 0.77 homeobox and C2H2 transcription [Cordyceps militaris]
ATY64316.1           -           1174 2458at5125           -            640     0.015   12.8   6.0   3   3     0.055        39    1.5   0.1   572   594   504   526   489   530 0.90 homeobox and C2H2 transcription [Cordyceps militaris]
ATY66736.1           -            890 2458at5125           -            640     0.056   10.9   4.9   1   1   0.00018      0.13    9.7   4.9   443   501    36    92    26    94 0.79 C2H2 transcription factor [Cordyceps militaris]
ATY66054.1           -            293 2458at5125           -            640     0.079   10.4   9.0   1   1   0.00014       0.1   10.0   9.0   473   533   162   227   158   286 0.88 egg shell [Cordyceps militaris]
ATY59778.1           -            789 2458at5125           -            640      0.64    7.4  13.8   1   1    0.0014      0.98    6.8  13.8   449   543   404   500   386   511 0.83 Zinc C2H2-type DNA-binding [Cordyceps militaris]
ATY62937.1           -            678 2458at5125           -            640       5.6    4.3  10.5   1   2       2.4   1.7e+03   -4.0   0.5    20    53   140   174   129   181 0.72 C2H2 type zinc finger [Cordyceps militaris]
ATY62937.1           -            678 2458at5125           -            640       5.6    4.3  10.5   2   2   0.00023      0.16    9.4   3.8   439   498   456   511   453   524 0.87 C2H2 type zinc finger [Cordyceps militaris]
ATY67102.1           -            846 2458at5125           -            640       7.5    3.9  14.4   1   2    0.0023       1.7    6.0  10.2   485   532   487   534   478   545 0.88 Zinc C2H2, partial [Cordyceps militaris]
ATY67102.1           -            846 2458at5125           -            640       7.5    3.9  14.4   2   2         2   1.4e+03   -3.7   2.5   569   595   553   579   527   580 0.84 Zinc C2H2, partial [Cordyceps militaris]
#
# Program:         hmmsearch
# Version:         3.1b2 (February 2015)
# Pipeline mode:   SEARCH
# Query file:      /home/zack/funannotate_db/hypocreales_odb10/hmms/2458at5125.hmm
# Target file:     /home/zack/Desktop/IsariaPreferralGenome/MyGenomeSubmittedToNCBI/HypocrealesProteinSets/CmilitarisATCC34164.faa
# Option settings: hmmsearch --domtblout /home/zack/Desktop/IsariaPreferralGenome/MyGenomeSubmittedToNCBI/HypocrealesProteinSets/BUSCO_AA_all/BUSCO_AA_CmilitarisATCC34164/run_hypocreales_odb10/hmmer_output/initial_run_results/2458at5125.out --cpu 1 /home/zack/funannotate_db/hypocreales_odb10/hmms/2458at5125.hmm /home/zack/Desktop/IsariaPreferralGenome/MyGenomeSubmittedToNCBI/HypocrealesProteinSets/CmilitarisATCC34164.faa 
# Current dir:     /home/zack/Desktop/IsariaPreferralGenome/MyGenomeSubmittedToNCBI/HypocrealesProteinSets/BUSCO_AA_all
# Date:            Mon Mar  4 15:10:50 2024
# [ok]
