#                                                                            --- full sequence --- -------------- this domain -------------   hmm coord   ali coord   env coord
# target name        accession   tlen query name           accession   qlen   E-value  score  bias   #  of  c-Evalue  i-Evalue  score  bias  from    to  from    to  from    to  acc description of target
#------------------- ---------- ----- -------------------- ---------- ----- --------- ------ ----- --- --- --------- --------- ------ ----- ----- ----- ----- ----- ----- ----- ---- ---------------------
ATY60359.1           -            604 26544at5125          -            360  1.8e-212  703.9  16.1   1   3  6.1e-145  1.1e-141  471.0   4.0     1   229   171   400   171   405 0.99 peroxisome biosynthesis (PAS10 Peroxin-12) [Cordyceps militaris]
ATY60359.1           -            604 26544at5125          -            360  1.8e-212  703.9  16.1   2   3   1.4e-25   2.6e-22   78.3   0.2   227   277   423   474   418   486 0.91 peroxisome biosynthesis (PAS10 Peroxin-12) [Cordyceps militaris]
ATY60359.1           -            604 26544at5125          -            360  1.8e-212  703.9  16.1   3   3   3.6e-51   6.8e-48  162.5   0.5   273   360   510   604   488   604 0.92 peroxisome biosynthesis (PAS10 Peroxin-12) [Cordyceps militaris]
ATY66371.1           -            652 26544at5125          -            360    0.0021   16.1   0.6   1   1   1.7e-06    0.0032   15.5   0.6   286   327   184   225   173   241 0.82 Zinc finger domain-containing C3HC4 RING-type [Cordyceps militaris]
ATY61040.1           -            385 26544at5125          -            360    0.0022   16.0   0.4   1   1   2.1e-06    0.0039   15.2   0.4   286   320   328   362   318   368 0.88 RING-1 like [Cordyceps militaris]
ATY61400.1           -           1645 26544at5125          -            360    0.0089   14.0   0.8   1   1   1.1e-05      0.02   12.9   0.8   285   320   161   196   151   201 0.86 Ubiquitin conjugation factor E4 [Cordyceps militaris]
ATY67390.1           -            423 26544at5125          -            360     0.012   13.6   0.9   1   1   9.6e-06     0.018   13.0   0.9   288   324   338   374   315   385 0.82 Zinc RING FYVE PHD-type [Cordyceps militaris]
#
# Program:         hmmsearch
# Version:         3.1b2 (February 2015)
# Pipeline mode:   SEARCH
# Query file:      /home/zack/funannotate_db/hypocreales_odb10/hmms/26544at5125.hmm
# Target file:     /home/zack/Desktop/IsariaPreferralGenome/MyGenomeSubmittedToNCBI/HypocrealesProteinSets/CmilitarisATCC34164.faa
# Option settings: hmmsearch --domtblout /home/zack/Desktop/IsariaPreferralGenome/MyGenomeSubmittedToNCBI/HypocrealesProteinSets/BUSCO_AA_all/BUSCO_AA_CmilitarisATCC34164/run_hypocreales_odb10/hmmer_output/initial_run_results/26544at5125.out --cpu 1 /home/zack/funannotate_db/hypocreales_odb10/hmms/26544at5125.hmm /home/zack/Desktop/IsariaPreferralGenome/MyGenomeSubmittedToNCBI/HypocrealesProteinSets/CmilitarisATCC34164.faa 
# Current dir:     /home/zack/Desktop/IsariaPreferralGenome/MyGenomeSubmittedToNCBI/HypocrealesProteinSets/BUSCO_AA_all
# Date:            Mon Mar  4 15:11:14 2024
# [ok]
