#                                                                            --- full sequence --- -------------- this domain -------------   hmm coord   ali coord   env coord
# target name        accession   tlen query name           accession   qlen   E-value  score  bias   #  of  c-Evalue  i-Evalue  score  bias  from    to  from    to  from    to  acc description of target
#------------------- ---------- ----- -------------------- ---------- ----- --------- ------ ----- --- --- --------- --------- ------ ----- ----- ----- ----- ----- ----- ----- ---- ---------------------
ATY58584.1           -            444 30121at5125          -            340  2.8e-188  623.9   7.2   1   2  2.3e-171  2.3e-169  561.8   1.9     1   305     7   366     7   388 0.90 kinase-like domain [Cordyceps militaris]
ATY58584.1           -            444 30121at5125          -            340  2.8e-188  623.9   7.2   2   2   1.4e-16   1.4e-14   52.9   0.3   299   340   395   436   388   436 0.94 kinase-like domain [Cordyceps militaris]
ATY63518.1           -            970 30121at5125          -            340   5.4e-26   90.3   0.0   1   2   1.1e-10     1e-08   33.5   0.0    13   149    49   186    46   192 0.84 serine threonine [Cordyceps militaris]
ATY63518.1           -            970 30121at5125          -            340   5.4e-26   90.3   0.0   2   2   3.7e-17   3.6e-15   54.8   0.0   184   330   192   333   187   339 0.85 serine threonine [Cordyceps militaris]
ATY67464.1           -            766 30121at5125          -            340   4.1e-16   57.9   0.1   1   2   9.1e-05    0.0088   14.1   0.1    21    57   195   231   188   247 0.91 serine threonine [Cordyceps militaris]
ATY67464.1           -            766 30121at5125          -            340   4.1e-16   57.9   0.1   2   2   4.3e-13   4.1e-11   41.4   0.0   181   328   318   464   312   468 0.73 serine threonine [Cordyceps militaris]
ATY63991.1           -            690 30121at5125          -            340   5.2e-14   51.0   0.1   1   2     0.018       1.7    6.5   0.0    25    59   320   354   307   383 0.85 cell-cycle checkpoint [Cordyceps militaris]
ATY63991.1           -            690 30121at5125          -            340   5.2e-14   51.0   0.1   2   2   3.5e-13   3.4e-11   41.7   0.0   179   329   437   581   414   584 0.85 cell-cycle checkpoint [Cordyceps militaris]
ATY58936.1           -            528 30121at5125          -            340   1.5e-13   49.5   0.0   1   2   2.1e-05     0.002   16.2   0.0    23    82    17    75     7    84 0.83 kinase-like domain [Cordyceps militaris]
ATY58936.1           -            528 30121at5125          -            340   1.5e-13   49.5   0.0   2   2   1.2e-09   1.2e-07   30.1   0.0   181   317   136   256   124   263 0.74 kinase-like domain [Cordyceps militaris]
ATY62318.1           -            588 30121at5125          -            340   1.6e-10   39.5   0.0   1   2      0.36        34    2.2   0.0    28    58   110   141    99   154 0.82 calcium calmodulin-dependent [Cordyceps militaris]
ATY62318.1           -            588 30121at5125          -            340   1.6e-10   39.5   0.0   2   2     2e-09   1.9e-07   29.4   0.0   177   329   239   408   212   411 0.68 calcium calmodulin-dependent [Cordyceps militaris]
ATY63269.1           -            355 30121at5125          -            340   6.2e-10   37.6   0.0   1   2    0.0051      0.49    8.3   0.0    30   149    52   166    40   168 0.77 Serine threonine-kinase RAD53 [Cordyceps militaris]
ATY63269.1           -            355 30121at5125          -            340   6.2e-10   37.6   0.0   2   2   3.8e-09   3.7e-07   28.5   0.0   179   277   165   258   154   266 0.77 Serine threonine-kinase RAD53 [Cordyceps militaris]
ATY64743.1           -            356 30121at5125          -            340   8.8e-10   37.1   0.0   1   2   2.4e-06   0.00024   19.2   0.0    23   148    21   140     4   145 0.76 mitogen-activated kinase [Cordyceps militaris]
ATY64743.1           -            356 30121at5125          -            340   8.8e-10   37.1   0.0   2   2   1.7e-05    0.0017   16.4   0.0   182   293   143   245   131   267 0.71 mitogen-activated kinase [Cordyceps militaris]
ATY60018.1           -           1334 30121at5125          -            340   1.2e-09   36.7   0.0   1   2      0.19        19    3.1   0.0    31    59  1038  1066  1021  1123 0.81 MAP kinase kinase kinase [Cordyceps militaris]
ATY60018.1           -           1334 30121at5125          -            340   1.2e-09   36.7   0.0   2   2   6.4e-10   6.2e-08   31.0   0.0   180   330  1150  1301  1142  1311 0.76 MAP kinase kinase kinase [Cordyceps militaris]
ATY67392.1           -            903 30121at5125          -            340   1.3e-09   36.5   0.0   1   2   0.00025     0.025   12.6   0.0    31    72   635   676   627   729 0.69 MAPKK kinase [Cordyceps militaris]
ATY67392.1           -            903 30121at5125          -            340   1.3e-09   36.5   0.0   2   2   5.3e-07   5.2e-05   21.4   0.0   181   280   754   848   749   896 0.67 MAPKK kinase [Cordyceps militaris]
ATY61165.1           -            655 30121at5125          -            340   1.6e-09   36.2   0.0   1   3    0.0013      0.12   10.3   0.0    20    57   246   283   241   304 0.84 serine threonine-kinase cot-1 [Cordyceps militaris]
ATY61165.1           -            655 30121at5125          -            340   1.6e-09   36.2   0.0   2   3    0.0044      0.43    8.5   0.0   182   228   370   415   364   432 0.74 serine threonine-kinase cot-1 [Cordyceps militaris]
ATY61165.1           -            655 30121at5125          -            340   1.6e-09   36.2   0.0   3   3   0.00014     0.013   13.5   0.0   238   277   459   495   440   512 0.83 serine threonine-kinase cot-1 [Cordyceps militaris]
ATY61655.1           -            976 30121at5125          -            340   2.1e-09   35.9   0.0   1   2     0.014       1.3    6.9   0.0    28    81    76   129    69   145 0.88 Serine threonine-kinase [Cordyceps militaris]
ATY61655.1           -            976 30121at5125          -            340   2.1e-09   35.9   0.0   2   2   1.4e-08   1.3e-06   26.6   0.0   181   329   189   329   178   332 0.73 Serine threonine-kinase [Cordyceps militaris]
ATY65492.1           -            787 30121at5125          -            340   6.1e-09   34.3   0.0   1   2     0.088       8.5    4.2   0.0    22    58   454   489   448   493 0.89 serine threonine kinase (Prp4) [Cordyceps militaris]
ATY65492.1           -            787 30121at5125          -            340   6.1e-09   34.3   0.0   2   2   8.5e-09   8.2e-07   27.3   0.0   182   281   579   669   565   681 0.83 serine threonine kinase (Prp4) [Cordyceps militaris]
ATY62298.1           -           1903 30121at5125          -            340   7.4e-09   34.0   1.6   1   4     0.012       1.2    7.1   0.0    24    58   730   764   715   781 0.86 serine threonine [Cordyceps militaris]
ATY62298.1           -           1903 30121at5125          -            340   7.4e-09   34.0   1.6   2   4     0.048       4.6    5.1   0.0   180   203   849   872   844   912 0.81 serine threonine [Cordyceps militaris]
ATY62298.1           -           1903 30121at5125          -            340   7.4e-09   34.0   1.6   3   4   9.3e-06    0.0009   17.3   0.0   235   322  1056  1140  1017  1146 0.80 serine threonine [Cordyceps militaris]
ATY62298.1           -           1903 30121at5125          -            340   7.4e-09   34.0   1.6   4   4       5.5   5.3e+02   -1.7   0.9   142   190  1755  1802  1752  1848 0.72 serine threonine [Cordyceps militaris]
ATY62253.1           -            889 30121at5125          -            340   7.8e-09   33.9   0.0   1   2     0.038       3.6    5.4   0.0     5    83    21    92    17   105 0.74 serine threonine kinase [Cordyceps militaris]
ATY62253.1           -            889 30121at5125          -            340   7.8e-09   33.9   0.0   2   2   3.5e-08   3.4e-06   25.3   0.0   181   328   151   281   146   288 0.77 serine threonine kinase [Cordyceps militaris]
ATY58699.1           -            933 30121at5125          -            340   1.4e-08   33.1   0.0   1   2    0.0006     0.058   11.3   0.0    25    58   527   560   521   572 0.92 serine threonine-kinase sck1 [Cordyceps militaris]
ATY58699.1           -            933 30121at5125          -            340   1.4e-08   33.1   0.0   2   2   2.6e-06   0.00025   19.1   0.0   182   322   649   773   641   784 0.76 serine threonine-kinase sck1 [Cordyceps militaris]
ATY62103.1           -           1125 30121at5125          -            340   1.5e-08   33.0   0.0   1   2      0.16        16    3.3   0.0    25    58   237   270   227   329 0.84 serine threonine kinase (Pdd7p) [Cordyceps militaris]
ATY62103.1           -           1125 30121at5125          -            340   1.5e-08   33.0   0.0   2   2   2.4e-08   2.4e-06   25.8   0.0   180   329   374   536   368   546 0.64 serine threonine kinase (Pdd7p) [Cordyceps militaris]
ATY65102.1           -            638 30121at5125          -            340   1.6e-08   32.9   0.0   1   2     7e-05    0.0068   14.4   0.1    18    57   247   286   240   319 0.88 serine threonine kinase (Nrc-2) [Cordyceps militaris]
ATY65102.1           -            638 30121at5125          -            340   1.6e-08   32.9   0.0   2   2   3.3e-05    0.0031   15.5   0.0   183   321   376   528   368   533 0.63 serine threonine kinase (Nrc-2) [Cordyceps militaris]
ATY60032.1           -            701 30121at5125          -            340   3.4e-08   31.8   0.0   1   2     0.042       4.1    5.3   0.0    30    58   267   295   253   317 0.88 tousled-like kinase [Cordyceps militaris]
ATY60032.1           -            701 30121at5125          -            340   3.4e-08   31.8   0.0   2   2   8.3e-08   8.1e-06   24.0   0.0   176   267   369   451   355   528 0.82 tousled-like kinase [Cordyceps militaris]
ATY63975.1           -            358 30121at5125          -            340   3.6e-08   31.8   0.0   1   2   0.00037     0.036   12.0   0.0    21    87    16    81    10    88 0.76 mitogen-activated kinase [Cordyceps militaris]
ATY63975.1           -            358 30121at5125          -            340   3.6e-08   31.8   0.0   2   2   6.3e-05    0.0061   14.6   0.0   184   275   138   214   127   229 0.75 mitogen-activated kinase [Cordyceps militaris]
ATY62389.1           -            845 30121at5125          -            340   4.1e-08   31.6   0.0   1   2    0.0028      0.27    9.2   0.0    18    94   494   570   487   575 0.83 Serine threonine-kinase domain [Cordyceps militaris]
ATY62389.1           -            845 30121at5125          -            340   4.1e-08   31.6   0.0   2   2   1.4e-06   0.00014   20.0   0.0   181   331   624   782   614   787 0.74 Serine threonine-kinase domain [Cordyceps militaris]
ATY63730.1           -            377 30121at5125          -            340   4.1e-08   31.6   0.0   1   1   7.2e-10     7e-08   30.8   0.0   179   286   196   300   185   309 0.85 cell division kinase (Ctk1) [Cordyceps militaris]
ATY66640.1           -            531 30121at5125          -            340     6e-08   31.0   0.0   1   2     2e-05    0.0019   16.2   0.0    27   149    34   158    27   162 0.82 serine threonine-kinase BUR1 [Cordyceps militaris]
ATY66640.1           -            531 30121at5125          -            340     6e-08   31.0   0.0   2   2   7.9e-05    0.0076   14.2   0.0   180   280   158   257   155   269 0.85 serine threonine-kinase BUR1 [Cordyceps militaris]
ATY60111.1           -            458 30121at5125          -            340   9.2e-08   30.4   0.0   1   2     0.014       1.4    6.8   0.0    26    92   178   245   171   295 0.69 Serine threonine-kinase ark1 [Cordyceps militaris]
ATY60111.1           -            458 30121at5125          -            340   9.2e-08   30.4   0.0   2   2   1.4e-06   0.00013   20.0   0.0   180   278   294   381   277   397 0.80 Serine threonine-kinase ark1 [Cordyceps militaris]
ATY63822.1           -            725 30121at5125          -            340   1.3e-07   30.0   0.0   1   2   7.9e-09   7.6e-07   27.4   0.0   185   331   161   289   154   297 0.71 G2-specific kinase nimA [Cordyceps militaris]
ATY63822.1           -            725 30121at5125          -            340   1.3e-07   30.0   0.0   2   2         5   4.9e+02   -1.5   0.0   170   217   544   592   535   596 0.79 G2-specific kinase nimA [Cordyceps militaris]
ATY65699.1           -            809 30121at5125          -            340   1.5e-07   29.7   0.0   1   2     0.045       4.3    5.2   0.0    27    79    44   103    32   122 0.77 protein kinase, putative [Cordyceps militaris]
ATY65699.1           -            809 30121at5125          -            340   1.5e-07   29.7   0.0   2   2     4e-07   3.9e-05   21.8   0.0   182   328   171   303   161   311 0.76 protein kinase, putative [Cordyceps militaris]
ATY62925.1           -            728 30121at5125          -            340   2.2e-07   29.2   0.1   1   3      0.94        91    0.9   0.0    26    57   347   378   340   387 0.89 serine threonine-kinase cot-1 [Cordyceps militaris]
ATY62925.1           -            728 30121at5125          -            340   2.2e-07   29.2   0.1   2   3      0.02       1.9    6.4   0.0   182   202   465   485   458   496 0.81 serine threonine-kinase cot-1 [Cordyceps militaris]
ATY62925.1           -            728 30121at5125          -            340   2.2e-07   29.2   0.1   3   3   6.1e-06   0.00059   17.9   0.0   233   314   551   628   509   644 0.72 serine threonine-kinase cot-1 [Cordyceps militaris]
ATY64699.1           -           1614 30121at5125          -            340   2.2e-07   29.1   0.0   1   2      0.03       2.9    5.8   0.0    30    75  1326  1372  1314  1409 0.81 mitogen activated kinase kinase kinase mekk3 [Cordyceps militaris]
ATY64699.1           -           1614 30121at5125          -            340   2.2e-07   29.1   0.0   2   2   7.8e-07   7.6e-05   20.8   0.0   184   329  1449  1585  1438  1588 0.74 mitogen activated kinase kinase kinase mekk3 [Cordyceps militaris]
ATY65452.1           -            334 30121at5125          -            340   2.7e-07   28.9   0.0   1   2     0.034       3.3    5.6   0.0    26    81    74   131    64   138 0.77 serine threonine [Cordyceps militaris]
ATY65452.1           -            334 30121at5125          -            340   2.7e-07   28.9   0.0   2   2   1.9e-06   0.00018   19.6   0.0   180   329   190   322   159   325 0.75 serine threonine [Cordyceps militaris]
ATY58342.1           -           1423 30121at5125          -            340   2.8e-07   28.8   0.0   1   2       2.6   2.5e+02   -0.6   0.0    30    87   863   922   856   926 0.79 protein kinase [Cordyceps militaris]
ATY58342.1           -           1423 30121at5125          -            340   2.8e-07   28.8   0.0   2   2   1.8e-08   1.8e-06   26.2   0.0   181   331  1002  1156   996  1162 0.71 protein kinase [Cordyceps militaris]
ATY60197.1           -            637 30121at5125          -            340   4.8e-07   28.1   0.0   1   2       7.1   6.9e+02   -2.0   0.0    13    47   242   276   238   279 0.85 polymyxin B resistance kinase [Cordyceps militaris]
ATY60197.1           -            637 30121at5125          -            340   4.8e-07   28.1   0.0   2   2   1.7e-08   1.7e-06   26.3   0.0   177   328   393   539   383   543 0.77 polymyxin B resistance kinase [Cordyceps militaris]
ATY66279.1           -           1463 30121at5125          -            340   4.9e-07   28.0   0.0   1   2      0.26        25    2.7   0.0    26   131    49   146    44   166 0.64 cell division control cdc15 [Cordyceps militaris]
ATY66279.1           -           1463 30121at5125          -            340   4.9e-07   28.0   0.0   2   2   1.3e-07   1.3e-05   23.4   0.0   181   329   165   297   153   303 0.77 cell division control cdc15 [Cordyceps militaris]
ATY59300.1           -            605 30121at5125          -            340   5.3e-07   27.9   0.7   1   2    0.0081      0.78    7.6   0.0    25   127    18   119    10   142 0.76 kinase-like domain [Cordyceps militaris]
ATY59300.1           -            605 30121at5125          -            340   5.3e-07   27.9   0.7   2   2   1.4e-05    0.0014   16.7   0.0   183   325   144   272   137   285 0.74 kinase-like domain [Cordyceps militaris]
ATY59737.1           -            496 30121at5125          -            340   8.1e-07   27.3   0.0   1   2       3.7   3.6e+02   -1.1   0.0    25    74    52   101    44   109 0.86 MAP kinase kinase Ste7 [Cordyceps militaris]
ATY59737.1           -            496 30121at5125          -            340   8.1e-07   27.3   0.0   2   2   4.9e-08   4.7e-06   24.8   0.0   179   329   168   311   161   319 0.76 MAP kinase kinase Ste7 [Cordyceps militaris]
ATY59992.1           -           1255 30121at5125          -            340   8.5e-07   27.2   0.0   1   2       5.7   5.5e+02   -1.7   0.0   101   149   273   320   218   324 0.71 serine threonine kinase (Kcc4) [Cordyceps militaris]
ATY59992.1           -           1255 30121at5125          -            340   8.5e-07   27.2   0.0   2   2   3.2e-08   3.1e-06   25.4   0.0   183   328   323   451   309   459 0.74 serine threonine kinase (Kcc4) [Cordyceps militaris]
ATY59493.1           -            327 30121at5125          -            340   1.7e-06   26.3   0.0   1   2   0.00035     0.034   12.1   0.0    24    86     8    69     4    80 0.85 negative regulator of the PHO system [Cordyceps militaris]
ATY59493.1           -            327 30121at5125          -            340   1.7e-06   26.3   0.0   2   2   0.00044     0.042   11.8   0.0   183   280   129   214   121   234 0.73 negative regulator of the PHO system [Cordyceps militaris]
ATY58805.1           -           1192 30121at5125          -            340   2.8e-06   25.6   0.0   1   1   3.5e-07   3.4e-05   22.0   0.0   183   328   422   579   412   582 0.68 Serine threonine-kinase domain [Cordyceps militaris]
ATY66346.1           -            455 30121at5125          -            340   3.7e-06   25.2   0.0   1   4   0.00072     0.069   11.1   0.0    21    96    48   126    41   133 0.79 serine kinase [Cordyceps militaris]
ATY66346.1           -            455 30121at5125          -            340   3.7e-06   25.2   0.0   2   4       4.4   4.3e+02   -1.4   0.0   180   197   194   211   184   242 0.68 serine kinase [Cordyceps militaris]
ATY66346.1           -            455 30121at5125          -            340   3.7e-06   25.2   0.0   3   4     0.044       4.2    5.2   0.0   239   277   295   330   288   351 0.76 serine kinase [Cordyceps militaris]
ATY66346.1           -            455 30121at5125          -            340   3.7e-06   25.2   0.0   4   4      0.13        12    3.7   0.0   304   329   410   435   399   440 0.87 serine kinase [Cordyceps militaris]
ATY65938.1           -            416 30121at5125          -            340     4e-06   25.0   0.0   1   2     0.024       2.3    6.1   0.0    25    87    22    85    10    95 0.84 mitogen-activated kinase [Cordyceps militaris]
ATY65938.1           -            416 30121at5125          -            340     4e-06   25.0   0.0   2   2   1.4e-05    0.0014   16.7   0.0   183   279   145   233   138   266 0.72 mitogen-activated kinase [Cordyceps militaris]
ATY60645.1           -            873 30121at5125          -            340   4.2e-06   25.0   0.0   1   2      0.35        34    2.3   0.0    26    58    44    76    40    92 0.91 serine threonine kinase [Cordyceps militaris]
ATY60645.1           -            873 30121at5125          -            340   4.2e-06   25.0   0.0   2   2   1.6e-06   0.00015   19.8   0.0   182   328   172   303   162   310 0.71 serine threonine kinase [Cordyceps militaris]
ATY61772.1           -            469 30121at5125          -            340   6.9e-06   24.3   0.1   1   3      0.13        13    3.6   0.0    83   122   212   252   142   259 0.68 kinase-like domain [Cordyceps militaris]
ATY61772.1           -            469 30121at5125          -            340   6.9e-06   24.3   0.1   2   3    0.0052       0.5    8.3   0.0   182   208   285   310   275   339 0.75 kinase-like domain [Cordyceps militaris]
ATY61772.1           -            469 30121at5125          -            340   6.9e-06   24.3   0.1   3   3     0.004      0.39    8.6   0.0   258   339   390   464   379   465 0.81 kinase-like domain [Cordyceps militaris]
ATY58906.1           -            794 30121at5125          -            340   9.9e-06   23.7   0.0   1   3    0.0036      0.35    8.8   0.0    26    55   129   158   123   179 0.82 kinase domain [Cordyceps militaris]
ATY58906.1           -            794 30121at5125          -            340   9.9e-06   23.7   0.0   2   3      0.35        34    2.3   0.0   233   275   349   390   339   401 0.82 kinase domain [Cordyceps militaris]
ATY58906.1           -            794 30121at5125          -            340   9.9e-06   23.7   0.0   3   3    0.0046      0.45    8.4   0.0   179   207   715   743   696   751 0.81 kinase domain [Cordyceps militaris]
ATY64931.1           -            565 30121at5125          -            340   1.8e-05   22.9   0.1   1   2    0.0027      0.26    9.2   0.0    23    59   183   219   174   228 0.92 kinase-like domain [Cordyceps militaris]
ATY64931.1           -            565 30121at5125          -            340   1.8e-05   22.9   0.1   2   2    0.0013      0.13   10.2   0.0   182   280   307   419   295   433 0.61 kinase-like domain [Cordyceps militaris]
ATY66650.1           -            338 30121at5125          -            340   2.2e-05   22.6   0.0   1   2      0.16        15    3.4   0.0    35    78    26    71    17    87 0.80 Cell division control 2 (Cyclin-dependent kinase) [Cordyceps militaris]
ATY66650.1           -            338 30121at5125          -            340   2.2e-05   22.6   0.0   2   2   1.6e-05    0.0016   16.5   0.0   183   274   157   235   149   245 0.81 Cell division control 2 (Cyclin-dependent kinase) [Cordyceps militaris]
ATY61307.1           -            712 30121at5125          -            340   2.4e-05   22.5   0.0   1   1   5.1e-07     5e-05   21.4   0.0   180   279   265   354   258   401 0.71 calcium calmodulin-dependent kinase kinase [Cordyceps militaris]
ATY64755.1           -            471 30121at5125          -            340   2.6e-05   22.4   0.1   1   4      0.47        45    1.8   0.0    26    47    86   107    83   113 0.86 cell cycle [Cordyceps militaris]
ATY64755.1           -            471 30121at5125          -            340   2.6e-05   22.4   0.1   2   4       3.9   3.7e+02   -1.2   0.0   103   118   188   203   185   232 0.71 cell cycle [Cordyceps militaris]
ATY64755.1           -            471 30121at5125          -            340   2.6e-05   22.4   0.1   3   4     0.019       1.8    6.4   0.0   180   210   230   260   218   285 0.85 cell cycle [Cordyceps militaris]
ATY64755.1           -            471 30121at5125          -            340   2.6e-05   22.4   0.1   4   4    0.0029      0.28    9.1   0.0   230   297   310   375   279   388 0.82 cell cycle [Cordyceps militaris]
ATY66390.1           -            393 30121at5125          -            340   4.8e-05   21.5   0.0   1   1   1.9e-06   0.00019   19.6   0.0   180   276   153   237   146   258 0.78 kinase gsk3 [Cordyceps militaris]
ATY61628.1           -           1604 30121at5125          -            340   4.9e-05   21.5   0.0   1   3       4.6   4.4e+02   -1.4   0.0    32    74   596   637   590   652 0.78 kinase (Gcn2) [Cordyceps militaris]
ATY61628.1           -           1604 30121at5125          -            340   4.9e-05   21.5   0.0   2   3       6.3   6.1e+02   -1.9   0.0   105   148   763   805   757   809 0.80 kinase (Gcn2) [Cordyceps militaris]
ATY61628.1           -           1604 30121at5125          -            340   4.9e-05   21.5   0.0   3   3   5.8e-06   0.00056   18.0   0.0   182   329   808   955   804   963 0.68 kinase (Gcn2) [Cordyceps militaris]
ATY62661.1           -           1294 30121at5125          -            340   5.3e-05   21.3   0.0   1   2      0.56        54    1.6   0.0    30    97   466   534   458   563 0.78 Serine threonine-kinase KIN4 [Cordyceps militaris]
ATY62661.1           -           1294 30121at5125          -            340   5.3e-05   21.3   0.0   2   2   1.8e-05    0.0018   16.3   0.0   237   327   658   749   576   754 0.83 Serine threonine-kinase KIN4 [Cordyceps militaris]
ATY60493.1           -            819 30121at5125          -            340   8.5e-05   20.7   0.0   1   4       1.4   1.4e+02    0.2   0.0   177   203   191   217   186   246 0.73 kinase domain [Cordyceps militaris]
ATY60493.1           -            819 30121at5125          -            340   8.5e-05   20.7   0.0   2   4      0.13        13    3.7   0.0   235   275   277   314   256   349 0.77 kinase domain [Cordyceps militaris]
ATY60493.1           -            819 30121at5125          -            340   8.5e-05   20.7   0.0   3   4     0.001     0.099   10.6   0.0    24    55   434   464   424   468 0.88 kinase domain [Cordyceps militaris]
ATY60493.1           -            819 30121at5125          -            340   8.5e-05   20.7   0.0   4   4       3.6   3.5e+02   -1.1   0.0   233   281   651   700   643   715 0.67 kinase domain [Cordyceps militaris]
ATY63770.1           -            548 30121at5125          -            340   8.8e-05   20.6   0.0   1   2   0.00084     0.082   10.9   0.0    24    58   234   268   223   292 0.87 cAMP-dependent kinase type 3 [Cordyceps militaris]
ATY63770.1           -            548 30121at5125          -            340   8.8e-05   20.6   0.0   2   2     0.024       2.3    6.1   0.0   221   275   379   431   349   453 0.72 cAMP-dependent kinase type 3 [Cordyceps militaris]
ATY58368.1           -            888 30121at5125          -            340   0.00013   20.0   0.0   1   1   4.1e-06    0.0004   18.5   0.0   181   329   722   855   697   862 0.78 sexual development serine threonine kinase [Cordyceps militaris]
ATY60334.1           -            497 30121at5125          -            340   0.00016   19.8   0.0   1   2   0.00018     0.018   13.1   0.0    25    59    48    82    43   110 0.80 kinase domain-containing [Cordyceps militaris]
ATY60334.1           -            497 30121at5125          -            340   0.00016   19.8   0.0   2   2     0.083       8.1    4.3   0.0   255   293   300   342   284   350 0.70 kinase domain-containing [Cordyceps militaris]
ATY65731.1           -            505 30121at5125          -            340   0.00022   19.3   0.3   1   2     0.017       1.7    6.6   0.1    12   117    44   151    38   186 0.77 negative regulator of sexual conjugation and meiosis [Cordyceps militaris]
ATY65731.1           -            505 30121at5125          -            340   0.00022   19.3   0.3   2   2    0.0029      0.28    9.1   0.0   184   213   188   217   182   320 0.74 negative regulator of sexual conjugation and meiosis [Cordyceps militaris]
ATY67255.1           -            557 30121at5125          -            340   0.00022   19.3   0.1   1   3   0.00041      0.04   11.9   0.0    25    59   101   135    92   158 0.86 kinase-like domain [Cordyceps militaris]
ATY67255.1           -            557 30121at5125          -            340   0.00022   19.3   0.1   2   3       3.5   3.4e+02   -1.0   0.0   183   206   231   254   223   263 0.76 kinase-like domain [Cordyceps militaris]
ATY67255.1           -            557 30121at5125          -            340   0.00022   19.3   0.1   3   3      0.12        11    3.8   0.0   230   279   379   425   308   434 0.75 kinase-like domain [Cordyceps militaris]
ATY66414.1           -            533 30121at5125          -            340   0.00033   18.7   0.0   1   2     0.033       3.2    5.6   0.0    21    63   208   247   196   289 0.76 checkpoint kinase [Cordyceps militaris]
ATY66414.1           -            533 30121at5125          -            340   0.00033   18.7   0.0   2   2   0.00098     0.094   10.7   0.0   252   328   402   483   330   490 0.69 checkpoint kinase [Cordyceps militaris]
ATY62850.1           -            791 30121at5125          -            340   0.00033   18.7   0.0   1   2       1.1   1.1e+02    0.6   0.0    25    76   402   453   391   475 0.82 Serine threonine-kinase-like domain [Cordyceps militaris]
ATY62850.1           -            791 30121at5125          -            340   0.00033   18.7   0.0   2   2   4.9e-05    0.0047   14.9   0.0   183   270   522   600   516   615 0.79 Serine threonine-kinase-like domain [Cordyceps militaris]
ATY60524.1           -            721 30121at5125          -            340   0.00037   18.6   0.0   1   2     0.027       2.6    5.9   0.0    25    59   352   386   346   395 0.93 kinase (Lkh1) [Cordyceps militaris]
ATY60524.1           -            721 30121at5125          -            340   0.00037   18.6   0.0   2   2    0.0028      0.27    9.1   0.0   184   278   476   584   465   600 0.57 kinase (Lkh1) [Cordyceps militaris]
ATY59045.1           -            539 30121at5125          -            340   0.00042   18.4   0.0   1   1   7.9e-06   0.00076   17.5   0.0   180   322   134   277   129   285 0.66 serine threonine-kinase chk1 [Cordyceps militaris]
ATY65158.1           -            342 30121at5125          -            340   0.00056   18.0   0.0   1   1   2.9e-05    0.0028   15.7   0.0   181   297   143   248   136   258 0.73 Casein kinase alpha chain (CK II alpha subunit) [Cordyceps militaris]
ATY62426.1           -            383 30121at5125          -            340   0.00062   17.8   0.0   1   3     0.052       5.1    5.0   0.0    25    49    53    77    37    80 0.87 serine threonine kinase [Cordyceps militaris]
ATY62426.1           -            383 30121at5125          -            340   0.00062   17.8   0.0   2   3    0.0031       0.3    9.0   0.0   241   275   244   278   234   317 0.82 serine threonine kinase [Cordyceps militaris]
ATY62426.1           -            383 30121at5125          -            340   0.00062   17.8   0.0   3   3       1.9   1.9e+02   -0.2   0.0   294   325   333   364   309   372 0.82 serine threonine kinase [Cordyceps militaris]
ATY65573.1           -           1411 30121at5125          -            340   0.00086   17.4   0.1   1   1   6.5e-05    0.0063   14.5   0.0   182   330   650   780   625   785 0.71 Serine threonine-kinase domain [Cordyceps militaris]
ATY66645.1           -            436 30121at5125          -            340    0.0011   17.0   0.0   1   3      0.01         1    7.3   0.0    25    57    48    80    43   105 0.83 kinase domain-containing [Cordyceps militaris]
ATY66645.1           -            436 30121at5125          -            340    0.0011   17.0   0.0   2   3       2.4   2.3e+02   -0.5   0.0   253   279   281   307   260   321 0.82 kinase domain-containing [Cordyceps militaris]
ATY66645.1           -            436 30121at5125          -            340    0.0011   17.0   0.0   3   3     0.033       3.2    5.6   0.0   305   330   386   411   375   418 0.86 kinase domain-containing [Cordyceps militaris]
ATY61385.1           -            771 30121at5125          -            340    0.0012   16.9   0.0   1   1   2.7e-05    0.0027   15.8   0.0   182   269   328   415   318   435 0.76 Inhibitor of nuclear factor kappa-B kinase subunit beta [Cordyceps militaris]
ATY61050.1           -           1073 30121at5125          -            340    0.0013   16.8   0.0   1   2      0.97        94    0.8   0.0   183   269   344   421   335   426 0.57 protein kinase [Cordyceps militaris]
ATY61050.1           -           1073 30121at5125          -            340    0.0013   16.8   0.0   2   2   0.00032     0.031   12.3   0.0   180   271   920  1003   879  1007 0.71 protein kinase [Cordyceps militaris]
ATY60108.1           -            844 30121at5125          -            340    0.0014   16.6   2.5   1   1   1.5e-05    0.0014   16.6   0.0   179   330   684   820   665   822 0.77 kinase CHM1 [Cordyceps militaris]
ATY58527.1           -            699 30121at5125          -            340    0.0018   16.3   0.0   1   1   4.8e-05    0.0047   14.9   0.0   233   300   269   336   224   346 0.71 Cyclin-dependent kinase G-1 [Cordyceps militaris]
ATY59414.1           -            526 30121at5125          -            340    0.0024   15.9   0.0   1   2    0.0066      0.63    7.9   0.0    20    58   167   205   162   236 0.87 serine threonine-kinase psk1 [Cordyceps militaris]
ATY59414.1           -            526 30121at5125          -            340    0.0024   15.9   0.0   2   2     0.034       3.3    5.6   0.0   184   276   296   376   286   418 0.78 serine threonine-kinase psk1 [Cordyceps militaris]
ATY66924.1           -            332 30121at5125          -            340    0.0042   15.1   0.0   1   1   6.5e-05    0.0063   14.5   0.0   244   300   156   212   107   221 0.83 kinase-like domain [Cordyceps militaris]
ATY60422.1           -            539 30121at5125          -            340    0.0054   14.7   0.0   1   2   0.00024     0.024   12.6   0.0    21    62   171   213   164   242 0.88 catalytic domain [Cordyceps militaris]
ATY60422.1           -            539 30121at5125          -            340    0.0054   14.7   0.0   2   2       3.3   3.1e+02   -0.9   0.0   253   267   396   410   388   418 0.83 catalytic domain [Cordyceps militaris]
ATY60267.1           -            675 30121at5125          -            340    0.0062   14.5   0.0   1   2      0.71        69    1.2   0.0    26    59    36    70    33    90 0.83 Serine threonine-kinase nak1 [Cordyceps militaris]
ATY60267.1           -            675 30121at5125          -            340    0.0062   14.5   0.0   2   2    0.0013      0.12   10.3   0.0   182   327   169   308   161   313 0.64 Serine threonine-kinase nak1 [Cordyceps militaris]
ATY66683.1           -            639 30121at5125          -            340    0.0069   14.4   0.0   1   2      0.13        12    3.7   0.0    26    72    10    56     7    62 0.84 Serine threonine-kinase domain [Cordyceps militaris]
ATY66683.1           -            639 30121at5125          -            340    0.0069   14.4   0.0   2   2     0.009      0.87    7.5   0.0   184   329   127   255   119   258 0.62 Serine threonine-kinase domain [Cordyceps militaris]
ATY58657.1           -            355 30121at5125          -            340    0.0079   14.2   0.0   1   2    0.0013      0.13   10.2   0.0    25    55    75   105    70   115 0.92 CMGC kinase [Cordyceps militaris]
ATY58657.1           -            355 30121at5125          -            340    0.0079   14.2   0.0   2   2      0.54        52    1.6   0.0   220   280   202   261   183   273 0.73 CMGC kinase [Cordyceps militaris]
ATY62354.1           -            716 30121at5125          -            340    0.0083   14.1   0.0   1   2       6.8   6.5e+02   -2.0   0.0    32    73    27    68    24    72 0.86 serine threonine-kinase 24 [Cordyceps militaris]
ATY62354.1           -            716 30121at5125          -            340    0.0083   14.1   0.0   2   2   0.00038     0.037   12.0   0.0   185   329   139   266   129   270 0.70 serine threonine-kinase 24 [Cordyceps militaris]
ATY66621.1           -            601 30121at5125          -            340    0.0094   14.0   0.1   1   1    0.0005     0.049   11.6   0.1   179   255   318   378   288   444 0.69 kinase domain containing [Cordyceps militaris]
ATY61854.1           -            493 30121at5125          -            340      0.01   13.8   0.0   1   2    0.0071      0.69    7.8   0.0    22    56    99   132    92   143 0.88 kinase domain [Cordyceps militaris]
ATY61854.1           -            493 30121at5125          -            340      0.01   13.8   0.0   2   2      0.15        15    3.4   0.0   256   278   346   368   337   392 0.76 kinase domain [Cordyceps militaris]
ATY67489.1           -            916 30121at5125          -            340     0.011   13.8   0.0   1   2     0.026       2.6    6.0   0.0    25    74   333   380   324   388 0.81 kinase Yak1 [Cordyceps militaris]
ATY67489.1           -            916 30121at5125          -            340     0.011   13.8   0.0   2   2     0.063       6.1    4.7   0.0   184   273   458   533   447   554 0.64 kinase Yak1 [Cordyceps militaris]
ATY67440.1           -            467 30121at5125          -            340     0.011   13.7   0.1   1   2      0.19        18    3.2   0.0   184   200   294   310   284   329 0.73 kinase-like domain [Cordyceps militaris]
ATY67440.1           -            467 30121at5125          -            340     0.011   13.7   0.1   2   2    0.0053      0.51    8.2   0.0   302   331   431   460   419   464 0.83 kinase-like domain [Cordyceps militaris]
ATY65641.1           -            417 30121at5125          -            340     0.012   13.6   0.0   1   2       5.5   5.3e+02   -1.7   0.0    19    47    37    64    29    68 0.79 protein kinase [Cordyceps militaris]
ATY65641.1           -            417 30121at5125          -            340     0.012   13.6   0.0   2   2    0.0019      0.18    9.7   0.0   237   280   273   313   187   327 0.78 protein kinase [Cordyceps militaris]
ATY66420.1           -            977 30121at5125          -            340     0.017   13.1   1.2   1   1   0.00025     0.024   12.6   0.0   178   266   347   433   342   448 0.65 kinase-like domain [Cordyceps militaris]
ATY67002.1           -            710 30121at5125          -            340     0.018   13.1   0.1   1   1   0.00056     0.054   11.5   0.1   181   334   338   484   330   488 0.52 serine threonine [Cordyceps militaris]
ATY60987.1           -            432 30121at5125          -            340     0.023   12.7   0.0   1   2     0.015       1.4    6.8   0.0    23    67    46    92    38   108 0.81 Serine threonine-kinase SKY1 [Cordyceps militaris]
ATY60987.1           -            432 30121at5125          -            340     0.023   12.7   0.0   2   2      0.14        13    3.6   0.0   236   273   276   310   248   344 0.72 Serine threonine-kinase SKY1 [Cordyceps militaris]
ATY65501.1           -            503 30121at5125          -            340     0.025   12.6   0.0   1   1   0.00052     0.051   11.5   0.0   184   271   234   311   227   328 0.75 Serine threonine-kinase domain [Cordyceps militaris]
ATY62548.1           -            310 30121at5125          -            340     0.026   12.5   0.0   1   2    0.0074      0.71    7.8   0.0    25    66    12    53     5    65 0.81 casein kinase delta [Cordyceps militaris]
ATY62548.1           -            310 30121at5125          -            340     0.026   12.5   0.0   2   2      0.27        26    2.6   0.0   180   206   125   151   114   170 0.77 casein kinase delta [Cordyceps militaris]
ATY61121.1           -           1490 30121at5125          -            340     0.031   12.2   0.0   1   1   0.00077     0.075   11.0   0.0   181   275   721   827   713   840 0.63 serine threonine [Cordyceps militaris]
ATY59333.1           -           1059 30121at5125          -            340     0.034   12.1   0.0   1   1   0.00079     0.076   11.0   0.0   178   274   704   796   698   864 0.66 protein kinase [Cordyceps militaris]
ATY66564.1           -            282 30121at5125          -            340     0.041   11.9   0.0   1   1   0.00064     0.062   11.3   0.0   244   275   173   204   162   220 0.86 kinase-like domain [Cordyceps militaris]
ATY65567.1           -            267 30121at5125          -            340     0.043   11.8   0.0   1   1   0.00063     0.061   11.3   0.0   183   214   199   228   187   260 0.86 kinase-like domain [Cordyceps militaris]
ATY61312.1           -            789 30121at5125          -            340     0.047   11.7   0.0   1   1    0.0014      0.13   10.2   0.0   181   263   171   264   160   297 0.62 serine threonine-kinase MAK [Cordyceps militaris]
ATY61109.1           -            378 30121at5125          -            340     0.052   11.5   0.0   1   2      0.19        18    3.1   0.0    18    55    12    48     3    57 0.83 casein kinase [Cordyceps militaris]
ATY61109.1           -            378 30121at5125          -            340     0.052   11.5   0.0   2   2     0.023       2.3    6.1   0.0   180   216   131   169   122   222 0.76 casein kinase [Cordyceps militaris]
ATY65908.1           -            362 30121at5125          -            340      0.06   11.3   0.0   1   2       1.1   1.1e+02    0.6   0.0   178   213    97   133    92   152 0.71 kinase-like domain [Cordyceps militaris]
ATY65908.1           -            362 30121at5125          -            340      0.06   11.3   0.0   2   2    0.0059      0.58    8.1   0.0   235   264   183   209   145   217 0.77 kinase-like domain [Cordyceps militaris]
ATY62518.1           -            811 30121at5125          -            340     0.069   11.1   0.0   1   1    0.0014      0.14   10.1   0.0   180   276   613   712   606   740 0.75 Calcium calmodulin-dependent calcium-dependent kinase [Cordyceps militaris]
ATY60945.1           -             69 30121at5125          -            340     0.095   10.6   0.0   1   1    0.0011      0.11   10.5   0.0    22    53    31    62    22    66 0.85 kinase dsk1 [Cordyceps militaris]
ATY59397.1           -            420 30121at5125          -            340       0.1   10.6   0.1   1   3       0.8        78    1.1   0.0    26    56    63    93    57   102 0.88 kinase domain [Cordyceps militaris]
ATY59397.1           -            420 30121at5125          -            340       0.1   10.6   0.1   2   3         4   3.9e+02   -1.2   0.0   177   195   186   204   183   216 0.81 kinase domain [Cordyceps militaris]
ATY59397.1           -            420 30121at5125          -            340       0.1   10.6   0.1   3   3     0.042       4.1    5.3   0.0   238   275   274   308   260   329 0.84 kinase domain [Cordyceps militaris]
ATY60683.1           -            643 30121at5125          -            340       0.1   10.6   1.9   1   1    0.0015      0.15   10.0   0.0   184   276   389   470   380   494 0.73 CTD kinase subunit alpha [Cordyceps militaris]
ATY66322.1           -            678 30121at5125          -            340      0.13   10.2   0.0   1   2     0.038       3.7    5.4   0.0    26    56   270   300   261   305 0.90 kinase domain [Cordyceps militaris]
ATY66322.1           -            678 30121at5125          -            340      0.13   10.2   0.0   2   2      0.44        42    1.9   0.0   256   270   515   529   496   558 0.82 kinase domain [Cordyceps militaris]
#
# Program:         hmmsearch
# Version:         3.1b2 (February 2015)
# Pipeline mode:   SEARCH
# Query file:      /home/zack/funannotate_db/hypocreales_odb10/hmms/30121at5125.hmm
# Target file:     /home/zack/Desktop/IsariaPreferralGenome/MyGenomeSubmittedToNCBI/HypocrealesProteinSets/CmilitarisATCC34164.faa
# Option settings: hmmsearch --domtblout /home/zack/Desktop/IsariaPreferralGenome/MyGenomeSubmittedToNCBI/HypocrealesProteinSets/BUSCO_AA_all/BUSCO_AA_CmilitarisATCC34164/run_hypocreales_odb10/hmmer_output/initial_run_results/30121at5125.out --cpu 1 /home/zack/funannotate_db/hypocreales_odb10/hmms/30121at5125.hmm /home/zack/Desktop/IsariaPreferralGenome/MyGenomeSubmittedToNCBI/HypocrealesProteinSets/CmilitarisATCC34164.faa 
# Current dir:     /home/zack/Desktop/IsariaPreferralGenome/MyGenomeSubmittedToNCBI/HypocrealesProteinSets/BUSCO_AA_all
# Date:            Mon Mar  4 15:11:28 2024
# [ok]
