#                                                                            --- full sequence --- -------------- this domain -------------   hmm coord   ali coord   env coord
# target name        accession   tlen query name           accession   qlen   E-value  score  bias   #  of  c-Evalue  i-Evalue  score  bias  from    to  from    to  from    to  acc description of target
#------------------- ---------- ----- -------------------- ---------- ----- --------- ------ ----- --- --- --------- --------- ------ ----- ----- ----- ----- ----- ----- ----- ---- ---------------------
ATY64261.1           -           4911 30at5125             -           4015         0 6762.8 142.1   1   6   6.4e-37   1.5e-33  113.7   1.5     1    91     3   104     3   107 0.90 midasin, putative [Cordyceps militaris]
ATY64261.1           -           4911 30at5125             -           4015         0 6762.8 142.1   2   6         0         0 4136.6   0.0    90  2142   134  2321   124  2360 0.93 midasin, putative [Cordyceps militaris]
ATY64261.1           -           4911 30at5125             -           4015         0 6762.8 142.1   3   6   5.7e-70   1.3e-66  223.3   7.0  2153  2421  2442  2809  2422  2830 0.76 midasin, putative [Cordyceps militaris]
ATY64261.1           -           4911 30at5125             -           4015         0 6762.8 142.1   4   6         0         0 1087.9   8.3  2419  3187  2848  3784  2813  3803 0.85 midasin, putative [Cordyceps militaris]
ATY64261.1           -           4911 30at5125             -           4015         0 6762.8 142.1   5   6  2.9e-122  6.8e-119  396.9  56.1  3186  3537  3889  4293  3867  4298 0.82 midasin, putative [Cordyceps militaris]
ATY64261.1           -           4911 30at5125             -           4015         0 6762.8 142.1   6   6  2.5e-245  5.9e-242  805.3  45.1  3453  4015  4285  4911  4277  4911 0.83 midasin, putative [Cordyceps militaris]
ATY64374.1           -            923 30at5125             -           4015    0.0021   13.6   0.0   1   1   1.2e-06    0.0029   13.1   0.0  1598  1645   458   508   439   516 0.80 LON domain serine [Cordyceps militaris]
ATY60294.1           -            338 30at5125             -           4015     0.036    9.5   0.0   1   1   1.9e-05     0.045    9.2   0.0  1591  1645   155   209   149   233 0.84 methylenetetrahydrofolate dehydrogenase [Cordyceps militaris]
ATY58391.1           -            467 30at5125             -           4015     0.078    8.4   0.0   1   1   4.4e-05       0.1    8.0   0.0  1597  1695   159   262   139   266 0.75 Ribosomal S23 mitochondrial [Cordyceps militaris]
#
# Program:         hmmsearch
# Version:         3.1b2 (February 2015)
# Pipeline mode:   SEARCH
# Query file:      /home/zack/funannotate_db/hypocreales_odb10/hmms/30at5125.hmm
# Target file:     /home/zack/Desktop/IsariaPreferralGenome/MyGenomeSubmittedToNCBI/HypocrealesProteinSets/CmilitarisATCC34164.faa
# Option settings: hmmsearch --domtblout /home/zack/Desktop/IsariaPreferralGenome/MyGenomeSubmittedToNCBI/HypocrealesProteinSets/BUSCO_AA_all/BUSCO_AA_CmilitarisATCC34164/run_hypocreales_odb10/hmmer_output/initial_run_results/30at5125.out --cpu 1 /home/zack/funannotate_db/hypocreales_odb10/hmms/30at5125.hmm /home/zack/Desktop/IsariaPreferralGenome/MyGenomeSubmittedToNCBI/HypocrealesProteinSets/CmilitarisATCC34164.faa 
# Current dir:     /home/zack/Desktop/IsariaPreferralGenome/MyGenomeSubmittedToNCBI/HypocrealesProteinSets/BUSCO_AA_all
# Date:            Mon Mar  4 15:11:22 2024
# [ok]
