#                                                                            --- full sequence --- -------------- this domain -------------   hmm coord   ali coord   env coord
# target name        accession   tlen query name           accession   qlen   E-value  score  bias   #  of  c-Evalue  i-Evalue  score  bias  from    to  from    to  from    to  acc description of target
#------------------- ---------- ----- -------------------- ---------- ----- --------- ------ ----- --- --- --------- --------- ------ ----- ----- ----- ----- ----- ----- ----- ---- ---------------------
ATY62673.1           -            354 31169at5125          -            299  4.1e-170  563.9   4.0   1   1  5.6e-172  7.4e-170  563.0   4.0     1   294     1   337     1   343 0.93 U5 snRNP complex subunit [Cordyceps militaris]
ATY60469.1           -            959 31169at5125          -            299   1.1e-30  106.1  10.0   1   6   9.3e-10   1.2e-07   30.4   0.5   150   230    59   139    31   142 0.85 WD domain-containing [Cordyceps militaris]
ATY60469.1           -            959 31169at5125          -            299   1.1e-30  106.1  10.0   2   6   0.00032     0.042   12.3   0.2   162   209   113   160   113   260 0.80 WD domain-containing [Cordyceps militaris]
ATY60469.1           -            959 31169at5125          -            299   1.1e-30  106.1  10.0   3   6       9.1   1.2e+03   -2.4   0.0    50    78   282   310   276   338 0.80 WD domain-containing [Cordyceps militaris]
ATY60469.1           -            959 31169at5125          -            299   1.1e-30  106.1  10.0   4   6      0.11        14    4.0   0.0   197   240   420   458   411   470 0.57 WD domain-containing [Cordyceps militaris]
ATY60469.1           -            959 31169at5125          -            299   1.1e-30  106.1  10.0   5   6   9.4e-08   1.2e-05   23.9   0.2   139   232   437   536   430   546 0.79 WD domain-containing [Cordyceps militaris]
ATY60469.1           -            959 31169at5125          -            299   1.1e-30  106.1  10.0   6   6   2.7e-13   3.5e-11   42.1   0.1    43   188   561   722   541   730 0.80 WD domain-containing [Cordyceps militaris]
ATY58831.1           -            359 31169at5125          -            299   5.6e-27   93.9   4.8   1   4    0.0002     0.026   12.9   0.3    82   121    66   105    61   109 0.89 heterotrimeric G beta subunit [Cordyceps militaris]
ATY58831.1           -            359 31169at5125          -            299   5.6e-27   93.9   4.8   2   4   1.6e-06   0.00021   19.8   0.1    44   128   113   200   103   206 0.82 heterotrimeric G beta subunit [Cordyceps militaris]
ATY58831.1           -            359 31169at5125          -            299   5.6e-27   93.9   4.8   3   4   1.2e-08   1.6e-06   26.8   0.0   165   232   207   275   201   284 0.88 heterotrimeric G beta subunit [Cordyceps militaris]
ATY58831.1           -            359 31169at5125          -            299   5.6e-27   93.9   4.8   4   4   6.6e-11   8.6e-09   34.2   0.1   161   228   290   357   283   359 0.96 heterotrimeric G beta subunit [Cordyceps militaris]
ATY62606.1           -            514 31169at5125          -            299     1e-26   93.1   7.8   1   5   2.5e-08   3.3e-06   25.7   0.0    40   121   140   221   126   236 0.87 WD repeat [Cordyceps militaris]
ATY62606.1           -            514 31169at5125          -            299     1e-26   93.1   7.8   2   5   1.3e-05    0.0018   16.8   1.6    59   134   252   325   227   331 0.87 WD repeat [Cordyceps militaris]
ATY62606.1           -            514 31169at5125          -            299     1e-26   93.1   7.8   3   5     0.027       3.6    5.9   0.0   135   158   368   391   356   392 0.83 WD repeat [Cordyceps militaris]
ATY62606.1           -            514 31169at5125          -            299     1e-26   93.1   7.8   4   5   7.2e-11   9.4e-09   34.1   0.1    35   118   392   474   388   477 0.93 WD repeat [Cordyceps militaris]
ATY62606.1           -            514 31169at5125          -            299     1e-26   93.1   7.8   5   5    0.0018      0.24    9.8   0.0    39    71   480   512   473   514 0.91 WD repeat [Cordyceps militaris]
ATY58716.1           -            593 31169at5125          -            299   3.8e-26   91.2   0.7   1   3   3.7e-11   4.9e-09   35.0   0.0   158   232   337   411   330   420 0.94 transcriptional repressor TUP1 [Cordyceps militaris]
ATY58716.1           -            593 31169at5125          -            299   3.8e-26   91.2   0.7   2   3   2.5e-11   3.3e-09   35.6   0.0   161   231   423   496   417   517 0.91 transcriptional repressor TUP1 [Cordyceps militaris]
ATY58716.1           -            593 31169at5125          -            299   3.8e-26   91.2   0.7   3   3   1.6e-05    0.0021   16.5   0.0   162   231   522   591   513   593 0.63 transcriptional repressor TUP1 [Cordyceps militaris]
ATY62113.1           -            642 31169at5125          -            299   4.8e-26   90.9   4.7   1   2     1e-14   1.3e-12   46.7   0.7   140   279   297   443   267   443 0.83 F-box and WD repeat-containing [Cordyceps militaris]
ATY62113.1           -            642 31169at5125          -            299   4.8e-26   90.9   4.7   2   2   7.7e-16     1e-13   50.4   0.5    82   269   399   593   393   605 0.75 F-box and WD repeat-containing [Cordyceps militaris]
ATY61801.1           -            466 31169at5125          -            299   4.7e-25   87.6   1.9   1   3   5.4e-09   7.1e-07   27.9   0.0    40   128   153   240   148   246 0.69 pre-mRNA splicing factor prp46 [Cordyceps militaris]
ATY61801.1           -            466 31169at5125          -            299   4.7e-25   87.6   1.9   2   3   2.9e-11   3.8e-09   35.4   0.1   171   230   253   312   242   318 0.90 pre-mRNA splicing factor prp46 [Cordyceps militaris]
ATY61801.1           -            466 31169at5125          -            299   4.7e-25   87.6   1.9   3   3   9.2e-07   0.00012   20.6   0.0    79   161   317   401   313   442 0.88 pre-mRNA splicing factor prp46 [Cordyceps militaris]
ATY65768.1           -            318 31169at5125          -            299   6.8e-25   87.1   5.4   1   2   1.1e-12   1.5e-10   40.0   0.4    40   130    11   106     6   110 0.89 guanine nucleotide-binding beta subunit [Cordyceps militaris]
ATY65768.1           -            318 31169at5125          -            299   6.8e-25   87.1   5.4   2   2     1e-16   1.3e-14   53.3   0.9    42   230   103   314   102   318 0.78 guanine nucleotide-binding beta subunit [Cordyceps militaris]
ATY59569.1           -            466 31169at5125          -            299   7.7e-24   83.6   0.8   1   3   1.9e-09   2.4e-07   29.5   0.0     3   132    73   206    71   211 0.80 WD domain-containing [Cordyceps militaris]
ATY59569.1           -            466 31169at5125          -            299   7.7e-24   83.6   0.8   2   3   2.8e-08   3.7e-06   25.6   0.0    54   133   221   301   214   304 0.83 WD domain-containing [Cordyceps militaris]
ATY59569.1           -            466 31169at5125          -            299   7.7e-24   83.6   0.8   3   3   3.6e-08   4.8e-06   25.2   0.1   173   239   332   397   325   451 0.74 WD domain-containing [Cordyceps militaris]
ATY60014.1           -            540 31169at5125          -            299   3.5e-23   81.5   4.1   1   3   6.9e-18     9e-16   57.1   0.8    38   229   186   365   180   375 0.87 WD repeat-containing [Cordyceps militaris]
ATY60014.1           -            540 31169at5125          -            299   3.5e-23   81.5   4.1   2   3    0.0096       1.3    7.4   0.0   162   202   383   423   376   431 0.88 WD repeat-containing [Cordyceps militaris]
ATY60014.1           -            540 31169at5125          -            299   3.5e-23   81.5   4.1   3   3   0.00057     0.075   11.4   0.1   176   228   443   494   426   530 0.72 WD repeat-containing [Cordyceps militaris]
ATY59818.1           -            690 31169at5125          -            299   2.9e-22   78.5   3.1   1   3   7.5e-08   9.8e-06   24.2   0.1    82   155   350   423   336   429 0.72 sulfur controller-2 [Cordyceps militaris]
ATY59818.1           -            690 31169at5125          -            299   2.9e-22   78.5   3.1   2   3     9e-09   1.2e-06   27.2   0.1    39   130   430   517   423   522 0.89 sulfur controller-2 [Cordyceps militaris]
ATY59818.1           -            690 31169at5125          -            299   2.9e-22   78.5   3.1   3   3   2.2e-08   2.9e-06   25.9   0.0   174   269   584   677   581   683 0.87 sulfur controller-2 [Cordyceps militaris]
ATY61846.1           -            898 31169at5125          -            299   2.8e-20   71.9   5.0   1   5     0.034       4.4    5.6   0.1    84   117   148   181    98   187 0.88 Periodic tryptophan 2 [Cordyceps militaris]
ATY61846.1           -            898 31169at5125          -            299   2.8e-20   71.9   5.0   2   5    0.0022      0.28    9.5   0.2    42   115   149   223   148   233 0.76 Periodic tryptophan 2 [Cordyceps militaris]
ATY61846.1           -            898 31169at5125          -            299   2.8e-20   71.9   5.0   3   5   1.6e-06   0.00021   19.8   0.0   162   231   305   375   271   380 0.87 Periodic tryptophan 2 [Cordyceps militaris]
ATY61846.1           -            898 31169at5125          -            299   2.8e-20   71.9   5.0   4   5    0.0096       1.3    7.4   0.0   161   189   389   417   381   422 0.83 Periodic tryptophan 2 [Cordyceps militaris]
ATY61846.1           -            898 31169at5125          -            299   2.8e-20   71.9   5.0   5   5   2.3e-09     3e-07   29.2   0.1   158   269   429   543   420   569 0.83 Periodic tryptophan 2 [Cordyceps militaris]
ATY58548.1           -           1086 31169at5125          -            299   2.5e-19   68.8   1.5   1   2   3.8e-07     5e-05   21.9   0.0   136   209   717   796   685   803 0.82 WD repeat containing pop1 [Cordyceps militaris]
ATY58548.1           -           1086 31169at5125          -            299   2.5e-19   68.8   1.5   2   2   7.1e-14   9.3e-12   44.0   1.0    42   269   862  1011   852  1042 0.46 WD repeat containing pop1 [Cordyceps militaris]
ATY60130.1           -            729 31169at5125          -            299   8.1e-18   63.9   3.6   1   2    0.0023       0.3    9.5   0.0   197   233   378   412   363   416 0.69 WD40 repeat-like-containing domain [Cordyceps militaris]
ATY60130.1           -            729 31169at5125          -            299   8.1e-18   63.9   3.6   2   2   5.3e-16   6.9e-14   51.0   2.5    57   232   475   659   461   679 0.80 WD40 repeat-like-containing domain [Cordyceps militaris]
ATY65082.1           -            843 31169at5125          -            299     1e-16   60.2   0.5   1   2   1.1e-17   1.4e-15   56.5   0.2    37   293   528   801   511   807 0.82 WD domain [Cordyceps militaris]
ATY65082.1           -            843 31169at5125          -            299     1e-16   60.2   0.5   2   2      0.87   1.1e+02    1.0   0.0   139   159   803   823   800   834 0.82 WD domain [Cordyceps militaris]
ATY63925.1           -            657 31169at5125          -            299   1.3e-16   59.9   4.1   1   2   5.7e-07   7.4e-05   21.3   0.0    79   154   309   386   295   404 0.72 mitochondrial division 1 [Cordyceps militaris]
ATY63925.1           -            657 31169at5125          -            299   1.3e-16   59.9   4.1   2   2     1e-11   1.3e-09   36.9   1.5    75   268   425   607   421   625 0.76 mitochondrial division 1 [Cordyceps militaris]
ATY59413.1           -            517 31169at5125          -            299   1.5e-16   59.7   3.4   1   4       2.2   2.9e+02   -0.3   0.0   165   213   198   246   191   262 0.78 WD40 repeat-like-containing domain [Cordyceps militaris]
ATY59413.1           -            517 31169at5125          -            299   1.5e-16   59.7   3.4   2   4     3e-09   3.9e-07   28.8   0.1    34   129   277   371   258   372 0.90 WD40 repeat-like-containing domain [Cordyceps militaris]
ATY59413.1           -            517 31169at5125          -            299   1.5e-16   59.7   3.4   3   4   1.1e-08   1.4e-06   27.0   0.7    41   118   326   406   318   421 0.80 WD40 repeat-like-containing domain [Cordyceps militaris]
ATY59413.1           -            517 31169at5125          -            299   1.5e-16   59.7   3.4   4   4   3.4e-05    0.0044   15.5   0.0    37    71   475   509   446   516 0.72 WD40 repeat-like-containing domain [Cordyceps militaris]
ATY64753.1           -            850 31169at5125          -            299   3.5e-16   58.5   1.7   1   3   3.2e-13   4.2e-11   41.8   0.1   111   232    39   172    30   182 0.82 alpha subunit [Cordyceps militaris]
ATY64753.1           -            850 31169at5125          -            299   3.5e-16   58.5   1.7   2   3   0.00023      0.03   12.7   0.0    19   125   186   297   180   326 0.76 alpha subunit [Cordyceps militaris]
ATY64753.1           -            850 31169at5125          -            299   3.5e-16   58.5   1.7   3   3       8.2   1.1e+03   -2.2   0.0    59    93   542   576   514   579 0.68 alpha subunit [Cordyceps militaris]
ATY59828.1           -            437 31169at5125          -            299   5.3e-16   57.9   0.2   1   3   2.1e-08   2.8e-06   26.0   0.0    31   156   124   272   118   278 0.78 chromatin assembly factor 1 subunit C [Cordyceps militaris]
ATY59828.1           -            437 31169at5125          -            299   5.3e-16   57.9   0.2   2   3   7.8e-09     1e-06   27.4   0.1    34   117   277   362   273   368 0.90 chromatin assembly factor 1 subunit C [Cordyceps militaris]
ATY59828.1           -            437 31169at5125          -            299   5.3e-16   57.9   0.2   3   3       1.3   1.7e+02    0.4   0.0    84   116   385   418   376   423 0.75 chromatin assembly factor 1 subunit C [Cordyceps militaris]
ATY65508.1           -            971 31169at5125          -            299   1.8e-15   56.2   0.1   1   2     4e-16   5.2e-14   51.4   0.1    41   284   322   568   309   577 0.78 F-box and WD domain [Cordyceps militaris]
ATY65508.1           -            971 31169at5125          -            299   1.8e-15   56.2   0.1   2   2      0.44        58    2.0   0.0    58    73   651   666   613   671 0.73 F-box and WD domain [Cordyceps militaris]
ATY63067.1           -            610 31169at5125          -            299   2.3e-15   55.8  15.1   1   4   0.00028     0.037   12.5   0.1    38   134    55   153    35   159 0.80 WD domain-containing [Cordyceps militaris]
ATY63067.1           -            610 31169at5125          -            299   2.3e-15   55.8  15.1   2   4   3.4e-09   4.4e-07   28.6   1.8    41   229   188   397   183   452 0.59 WD domain-containing [Cordyceps militaris]
ATY63067.1           -            610 31169at5125          -            299   2.3e-15   55.8  15.1   3   4     0.022       2.8    6.3   1.2    82   228   321   396   292   520 0.56 WD domain-containing [Cordyceps militaris]
ATY63067.1           -            610 31169at5125          -            299   2.3e-15   55.8  15.1   4   4   5.3e-05     0.007   14.8   1.0    41   116   530   606   509   609 0.63 WD domain-containing [Cordyceps militaris]
ATY63956.1           -           1038 31169at5125          -            299   2.9e-15   55.5   1.7   1   4    0.0029      0.38    9.1   0.0   250   275    26    51    16    57 0.89 TUP1-like enhancer of split [Cordyceps militaris]
ATY63956.1           -           1038 31169at5125          -            299   2.9e-15   55.5   1.7   2   4     1e-08   1.3e-06   27.0   0.0    38   152    64   198    51   203 0.79 TUP1-like enhancer of split [Cordyceps militaris]
ATY63956.1           -           1038 31169at5125          -            299   2.9e-15   55.5   1.7   3   4       2.4   3.1e+02   -0.5   0.0   242   261   233   252   224   294 0.75 TUP1-like enhancer of split [Cordyceps militaris]
ATY63956.1           -           1038 31169at5125          -            299   2.9e-15   55.5   1.7   4   4    0.0002     0.027   12.9   0.0    57   110   311   364   260   375 0.84 TUP1-like enhancer of split [Cordyceps militaris]
ATY65572.1           -            355 31169at5125          -            299   3.4e-15   55.3   4.8   1   3   2.1e-05    0.0028   16.1   0.1   198   270    66   142    53   151 0.73 WD-repeat pop3 [Cordyceps militaris]
ATY65572.1           -            355 31169at5125          -            299   3.4e-15   55.3   4.8   2   3   1.1e-09   1.5e-07   30.2   0.7   140   278   128   282   125   287 0.80 WD-repeat pop3 [Cordyceps militaris]
ATY65572.1           -            355 31169at5125          -            299   3.4e-15   55.3   4.8   3   3   3.9e-06   0.00051   18.6   0.3    82   129   293   340   290   346 0.95 WD-repeat pop3 [Cordyceps militaris]
ATY60818.1           -            820 31169at5125          -            299   3.6e-15   55.2   0.1   1   2    0.0013      0.18   10.2   0.0   173   213   481   521   470   563 0.80 striatin Pro11 [Cordyceps militaris]
ATY60818.1           -            820 31169at5125          -            299   3.6e-15   55.2   0.1   2   2     1e-12   1.4e-10   40.1   0.0   168   269   712   819   702   820 0.81 striatin Pro11 [Cordyceps militaris]
ATY58422.1           -            361 31169at5125          -            299   6.9e-15   54.2   5.1   1   1   2.3e-15     3e-13   48.9   5.1    36   230     7   233     3   314 0.79 WD domain-containing [Cordyceps militaris]
ATY60963.1           -            395 31169at5125          -            299   6.3e-14   51.1   0.2   1   3   4.9e-05    0.0064   15.0   0.0   160   206    82   129    69   136 0.89 WD repeat-containing [Cordyceps militaris]
ATY60963.1           -            395 31169at5125          -            299   6.3e-14   51.1   0.2   2   3   0.00021     0.028   12.8   0.1   174   237   141   212   129   252 0.81 WD repeat-containing [Cordyceps militaris]
ATY60963.1           -            395 31169at5125          -            299   6.3e-14   51.1   0.2   3   3     2e-06   0.00026   19.5   0.0   172   234   287   348   270   367 0.77 WD repeat-containing [Cordyceps militaris]
ATY62530.1           -            337 31169at5125          -            299   1.3e-13   50.0   2.1   1   6   5.3e-11   6.9e-09   34.5   0.3    82   156     5    83     3    89 0.87 eukaryotic translation initiation factor 3 subunit 2 [Cordyceps militaris]
ATY62530.1           -            337 31169at5125          -            299   1.3e-13   50.0   2.1   2   6   2.1e-07   2.7e-05   22.7   0.1    40    77    48    86    46   124 0.89 eukaryotic translation initiation factor 3 subunit 2 [Cordyceps militaris]
ATY62530.1           -            337 31169at5125          -            299   1.3e-13   50.0   2.1   3   6     0.041       5.3    5.4   0.0   225   295   122   206    93   210 0.66 eukaryotic translation initiation factor 3 subunit 2 [Cordyceps militaris]
ATY62530.1           -            337 31169at5125          -            299   1.3e-13   50.0   2.1   4   6      0.28        36    2.6   0.0    88   109   192   213   182   225 0.81 eukaryotic translation initiation factor 3 subunit 2 [Cordyceps militaris]
ATY62530.1           -            337 31169at5125          -            299   1.3e-13   50.0   2.1   5   6       7.1   9.3e+02   -2.0   0.0    92   117   216   241   207   244 0.81 eukaryotic translation initiation factor 3 subunit 2 [Cordyceps militaris]
ATY62530.1           -            337 31169at5125          -            299   1.3e-13   50.0   2.1   6   6      0.33        43    2.4   0.0    37    67   281   311   262   322 0.86 eukaryotic translation initiation factor 3 subunit 2 [Cordyceps militaris]
ATY61501.1           -            543 31169at5125          -            299   1.7e-13   49.7   0.3   1   3   5.3e-06   0.00069   18.1   0.0   168   232    90   155    36   179 0.76 WD domain-containing [Cordyceps militaris]
ATY61501.1           -            543 31169at5125          -            299   1.7e-13   49.7   0.3   2   3   4.7e-12   6.2e-10   38.0   0.0    86   229   122   280   116   284 0.79 WD domain-containing [Cordyceps militaris]
ATY61501.1           -            543 31169at5125          -            299   1.7e-13   49.7   0.3   3   3    0.0076         1    7.7   0.1   158   216   251   308   223   327 0.81 WD domain-containing [Cordyceps militaris]
ATY63684.1           -            752 31169at5125          -            299   2.4e-13   49.2   3.2   1   4      0.16        21    3.4   0.1   162   201   379   417   367   485 0.67 transcription initiation factor TFIID [Cordyceps militaris]
ATY63684.1           -            752 31169at5125          -            299   2.4e-13   49.2   3.2   2   4    0.0014      0.18   10.2   0.0    50   130   459   538   450   543 0.85 transcription initiation factor TFIID [Cordyceps militaris]
ATY63684.1           -            752 31169at5125          -            299   2.4e-13   49.2   3.2   3   4   5.6e-08   7.4e-06   24.6   0.1    41   132   492   584   486   588 0.90 transcription initiation factor TFIID [Cordyceps militaris]
ATY63684.1           -            752 31169at5125          -            299   2.4e-13   49.2   3.2   4   4     2e-06   0.00026   19.5   0.0   162   235   584   658   581   693 0.80 transcription initiation factor TFIID [Cordyceps militaris]
ATY67405.1           -            862 31169at5125          -            299   1.2e-12   46.9   4.3   1   4   0.00011     0.015   13.8   0.0   157   229    53   125    40   129 0.93 coatomer beta subunit [Cordyceps militaris]
ATY67405.1           -            862 31169at5125          -            299   1.2e-12   46.9   4.3   2   4   4.5e-07   5.8e-05   21.6   0.1   138   231    68   171    63   191 0.82 coatomer beta subunit [Cordyceps militaris]
ATY67405.1           -            862 31169at5125          -            299   1.2e-12   46.9   4.3   3   4   3.1e-07     4e-05   22.2   0.1   177   271   204   300   196   310 0.83 coatomer beta subunit [Cordyceps militaris]
ATY67405.1           -            862 31169at5125          -            299   1.2e-12   46.9   4.3   4   4       3.5   4.6e+02   -1.0   0.1    91   117   657   683   649   688 0.86 coatomer beta subunit [Cordyceps militaris]
ATY65165.1           -            620 31169at5125          -            299   1.7e-12   46.4   1.1   1   3      0.18        23    3.2   0.0   247   271   102   126    90   150 0.71 protein PFS2 [Cordyceps militaris]
ATY65165.1           -            620 31169at5125          -            299   1.7e-12   46.4   1.1   2   3   2.7e-12   3.5e-10   38.8   0.3    41   224   135   330   130   349 0.83 protein PFS2 [Cordyceps militaris]
ATY65165.1           -            620 31169at5125          -            299   1.7e-12   46.4   1.1   3   3       0.4        53    2.1   0.0    42    72   374   404   360   433 0.82 protein PFS2 [Cordyceps militaris]
ATY67072.1           -            772 31169at5125          -            299   2.3e-11   42.7   1.3   1   3     0.074       9.6    4.5   0.0    39    73     9    42     5    59 0.82 polyubiquitin binding (Doa1 Ufd3) [Cordyceps militaris]
ATY67072.1           -            772 31169at5125          -            299   2.3e-11   42.7   1.3   2   3   6.9e-07     9e-05   21.0   0.1   174   268    79   178    63   206 0.82 polyubiquitin binding (Doa1 Ufd3) [Cordyceps militaris]
ATY67072.1           -            772 31169at5125          -            299   2.3e-11   42.7   1.3   3   3   0.00012     0.016   13.7   0.1   168   268   210   308   185   312 0.74 polyubiquitin binding (Doa1 Ufd3) [Cordyceps militaris]
ATY59553.1           -            515 31169at5125          -            299   3.3e-11   42.2   0.6   1   2   2.6e-08   3.4e-06   25.7   0.1    44   124    24   103    15   108 0.86 WD domain-containing [Cordyceps militaris]
ATY59553.1           -            515 31169at5125          -            299   3.3e-11   42.2   0.6   2   2   6.1e-05     0.008   14.6   0.0   163   233   170   240   157   324 0.80 WD domain-containing [Cordyceps militaris]
ATY63617.1           -            347 31169at5125          -            299   5.9e-11   41.3   0.1   1   2   2.3e-08     3e-06   25.9   0.0   163   288    44   173    32   184 0.86 WD repeat-containing [Cordyceps militaris]
ATY63617.1           -            347 31169at5125          -            299   5.9e-11   41.3   0.1   2   2   0.00013     0.018   13.5   0.0    38    74   224   260   206   294 0.85 WD repeat-containing [Cordyceps militaris]
ATY64468.1           -            502 31169at5125          -            299   1.9e-10   39.7   0.1   1   3    0.0011      0.15   10.5   0.0   194   234   127   170   124   216 0.84 WD40 repeat-like-containing domain [Cordyceps militaris]
ATY64468.1           -            502 31169at5125          -            299   1.9e-10   39.7   0.1   2   3    0.0041      0.54    8.6   0.0    43    84   233   274   218   313 0.71 WD40 repeat-like-containing domain [Cordyceps militaris]
ATY64468.1           -            502 31169at5125          -            299   1.9e-10   39.7   0.1   3   3   1.2e-05    0.0016   16.9   0.0   169   235   372   442   352   470 0.74 WD40 repeat-like-containing domain [Cordyceps militaris]
ATY65634.1           -            541 31169at5125          -            299   2.8e-10   39.1   8.9   1   4   1.1e-06   0.00014   20.4   0.1    35   114   238   320   232   325 0.88 transport SEC13 [Cordyceps militaris]
ATY65634.1           -            541 31169at5125          -            299   2.8e-10   39.1   8.9   2   4     0.036       4.7    5.5   0.0   253   292   305   351   299   358 0.75 transport SEC13 [Cordyceps militaris]
ATY65634.1           -            541 31169at5125          -            299   2.8e-10   39.1   8.9   3   4       1.6   2.1e+02    0.1   0.0   252   291   352   395   344   403 0.74 transport SEC13 [Cordyceps militaris]
ATY65634.1           -            541 31169at5125          -            299   2.8e-10   39.1   8.9   4   4   8.4e-06    0.0011   17.5   3.5   169   272   410   529   391   535 0.79 transport SEC13 [Cordyceps militaris]
ATY59212.1           -            558 31169at5125          -            299   3.1e-10   39.0   2.7   1   2   6.1e-09     8e-07   27.8   0.2    39   125   260   347   241   384 0.86 mRNA splicing factor (Prp17) [Cordyceps militaris]
ATY59212.1           -            558 31169at5125          -            299   3.1e-10   39.0   2.7   2   2      0.04       5.3    5.4   0.0   172   270   366   469   361   484 0.77 mRNA splicing factor (Prp17) [Cordyceps militaris]
ATY59832.1           -            597 31169at5125          -            299   6.3e-10   37.9   0.2   1   3     2e-10   2.6e-08   32.6   0.0    40   161   233   357   216   367 0.84 small nucleolar ribonucleo complex [Cordyceps militaris]
ATY59832.1           -            597 31169at5125          -            299   6.3e-10   37.9   0.2   2   3       0.9   1.2e+02    0.9   0.0   134   159   389   414   375   423 0.75 small nucleolar ribonucleo complex [Cordyceps militaris]
ATY59832.1           -            597 31169at5125          -            299   6.3e-10   37.9   0.2   3   3       3.5   4.6e+02   -1.0   0.0   168   188   458   478   448   491 0.48 small nucleolar ribonucleo complex [Cordyceps militaris]
ATY61494.1           -            490 31169at5125          -            299   6.8e-10   37.8   2.2   1   3     0.099        13    4.1   0.0   137   156    81   100    73   121 0.77 DNA excision repair ERCC-8 [Cordyceps militaris]
ATY61494.1           -            490 31169at5125          -            299   6.8e-10   37.8   2.2   2   3   1.7e-07   2.2e-05   23.0   0.0   140   232   148   250   144   277 0.80 DNA excision repair ERCC-8 [Cordyceps militaris]
ATY61494.1           -            490 31169at5125          -            299   6.8e-10   37.8   2.2   3   3      0.01       1.4    7.3   0.0   199   236   292   329   280   387 0.59 DNA excision repair ERCC-8 [Cordyceps militaris]
ATY58521.1           -            603 31169at5125          -            299   7.5e-10   37.7   5.4   1   3   0.00011     0.015   13.7   0.4    55   136   300   380   270   405 0.80 WD-repeat containing slp1 [Cordyceps militaris]
ATY58521.1           -            603 31169at5125          -            299   7.5e-10   37.7   5.4   2   3   2.4e-06   0.00032   19.2   0.8    35   152   405   530   384   536 0.78 WD-repeat containing slp1 [Cordyceps militaris]
ATY58521.1           -            603 31169at5125          -            299   7.5e-10   37.7   5.4   3   3     0.016       2.1    6.7   0.0   167   230   509   574   497   579 0.58 WD-repeat containing slp1 [Cordyceps militaris]
ATY59894.1           -            931 31169at5125          -            299   1.1e-09   37.1   1.1   1   4   2.8e-07   3.7e-05   22.3   0.0   123   232    42   153    18   173 0.80 beta-Ala-His dipeptidase [Cordyceps militaris]
ATY59894.1           -            931 31169at5125          -            299   1.1e-09   37.1   1.1   2   4      0.37        49    2.2   0.0   135   153   278   296   268   305 0.82 beta-Ala-His dipeptidase [Cordyceps militaris]
ATY59894.1           -            931 31169at5125          -            299   1.1e-09   37.1   1.1   3   4      0.42        55    2.0   0.0   166   209   331   374   320   427 0.71 beta-Ala-His dipeptidase [Cordyceps militaris]
ATY59894.1           -            931 31169at5125          -            299   1.1e-09   37.1   1.1   4   4     0.032       4.1    5.7   0.0   129   154   426   451   413   465 0.85 beta-Ala-His dipeptidase [Cordyceps militaris]
ATY62656.1           -            661 31169at5125          -            299   1.6e-09   36.6   1.9   1   5      0.37        48    2.2   0.0   160   225   253   323   232   336 0.69 WD repeat [Cordyceps militaris]
ATY62656.1           -            661 31169at5125          -            299   1.6e-09   36.6   1.9   2   5    0.0029      0.39    9.1   0.0   153   207   350   404   342   412 0.88 WD repeat [Cordyceps militaris]
ATY62656.1           -            661 31169at5125          -            299   1.6e-09   36.6   1.9   3   5   9.3e-07   0.00012   20.6   0.1    93   189   362   475   358   475 0.50 WD repeat [Cordyceps militaris]
ATY62656.1           -            661 31169at5125          -            299   1.6e-09   36.6   1.9   4   5   4.7e-07   6.2e-05   21.6   0.1   174   238   415   482   409   495 0.89 WD repeat [Cordyceps militaris]
ATY62656.1           -            661 31169at5125          -            299   1.6e-09   36.6   1.9   5   5       6.4   8.4e+02   -1.9   0.1   216   231   555   571   539   627 0.64 WD repeat [Cordyceps militaris]
ATY67292.1           -            964 31169at5125          -            299   1.9e-09   36.4   3.3   1   4       7.2   9.4e+02   -2.0   0.0   140   153   579   592   571   597 0.84 WD domain-containing [Cordyceps militaris]
ATY67292.1           -            964 31169at5125          -            299   1.9e-09   36.4   3.3   2   4   3.3e-06   0.00043   18.8   0.0    39    98   642   707   638   709 0.85 WD domain-containing [Cordyceps militaris]
ATY67292.1           -            964 31169at5125          -            299   1.9e-09   36.4   3.3   3   4    0.0009      0.12   10.8   0.7    57   116   720   787   711   790 0.64 WD domain-containing [Cordyceps militaris]
ATY67292.1           -            964 31169at5125          -            299   1.9e-09   36.4   3.3   4   4      0.37        49    2.2   0.0    42    74   829   861   812   876 0.84 WD domain-containing [Cordyceps militaris]
ATY61170.1           -           1865 31169at5125          -            299   1.9e-09   36.3   0.3   1   4      0.26        34    2.7   0.0   249   294   190   241   162   255 0.54 WD repeat containing 36 [Cordyceps militaris]
ATY61170.1           -           1865 31169at5125          -            299   1.9e-09   36.3   0.3   2   4       9.7   1.3e+03   -2.5   0.0   274   291   378   395   357   428 0.72 WD repeat containing 36 [Cordyceps militaris]
ATY61170.1           -           1865 31169at5125          -            299   1.9e-09   36.3   0.3   3   4     0.098        13    4.1   0.0   134   189   598   652   559   661 0.78 WD repeat containing 36 [Cordyceps militaris]
ATY61170.1           -           1865 31169at5125          -            299   1.9e-09   36.3   0.3   4   4   1.2e-08   1.6e-06   26.8   0.1   140   276   637   784   634   795 0.76 WD repeat containing 36 [Cordyceps militaris]
ATY60350.1           -            475 31169at5125          -            299   3.1e-09   35.7   3.6   1   4      0.84   1.1e+02    1.0   0.0   254   269   132   147   114   161 0.80 WD40 YVTN repeat-like-containing domain [Cordyceps militaris]
ATY60350.1           -            475 31169at5125          -            299   3.1e-09   35.7   3.6   2   4     0.017       2.2    6.6   0.4    56   116   176   243   157   250 0.66 WD40 YVTN repeat-like-containing domain [Cordyceps militaris]
ATY60350.1           -            475 31169at5125          -            299   3.1e-09   35.7   3.6   3   4     0.011       1.5    7.2   0.0    93   157   293   360   281   368 0.81 WD40 YVTN repeat-like-containing domain [Cordyceps militaris]
ATY60350.1           -            475 31169at5125          -            299   3.1e-09   35.7   3.6   4   4   6.3e-07   8.3e-05   21.1   0.0   158   232   327   405   323   412 0.77 WD40 YVTN repeat-like-containing domain [Cordyceps militaris]
ATY61660.1           -           1023 31169at5125          -            299   9.3e-09   34.1   3.1   1   2   0.00015     0.019   13.4   0.9    85   191    70   202    56   213 0.67 WD repeat [Cordyceps militaris]
ATY61660.1           -           1023 31169at5125          -            299   9.3e-09   34.1   3.1   2   2   1.6e-09   2.1e-07   29.6   1.9    54   223   133   321   112   335 0.77 WD repeat [Cordyceps militaris]
ATY66347.1           -            411 31169at5125          -            299   4.4e-08   31.9   3.0   1   2   1.1e-05    0.0015   17.0   0.4   165   295   158   306   120   310 0.77 WD40 YVTN repeat-like-containing domain [Cordyceps militaris]
ATY66347.1           -            411 31169at5125          -            299   4.4e-08   31.9   3.0   2   2   5.6e-07   7.3e-05   21.3   0.1   161   231   293   363   291   383 0.91 WD40 YVTN repeat-like-containing domain [Cordyceps militaris]
ATY67165.1           -            670 31169at5125          -            299   4.6e-08   31.8   0.6   1   2     5e-05    0.0065   14.9   0.1   163   246   189   270   181   278 0.65 transcription factor [Cordyceps militaris]
ATY67165.1           -            670 31169at5125          -            299   4.6e-08   31.8   0.6   2   2   6.4e-05    0.0084   14.6   0.1   213   285   497   583   482   595 0.72 transcription factor [Cordyceps militaris]
ATY64130.1           -            445 31169at5125          -            299   5.4e-08   31.6   3.6   1   2     0.098        13    4.1   0.0   175   229    83   136    62   181 0.70 U3 small nucleolar RNA associated [Cordyceps militaris]
ATY64130.1           -            445 31169at5125          -            299   5.4e-08   31.6   3.6   2   2   1.3e-08   1.7e-06   26.7   1.2   133   272   205   356   194   369 0.78 U3 small nucleolar RNA associated [Cordyceps militaris]
ATY59317.1           -            548 31169at5125          -            299   6.2e-08   31.4   3.2   1   2      0.15        20    3.5   0.0   170   201   206   239   192   260 0.77 transducin family [Cordyceps militaris]
ATY59317.1           -            548 31169at5125          -            299   6.2e-08   31.4   3.2   2   2   1.9e-08   2.4e-06   26.2   2.1    84   270   261   477   255   498 0.74 transducin family [Cordyceps militaris]
ATY67084.1           -            407 31169at5125          -            299   6.4e-08   31.4   0.5   1   3   0.00019     0.025   13.0   0.1    80   134    57   110    36   167 0.71 WD domain containing [Cordyceps militaris]
ATY67084.1           -            407 31169at5125          -            299   6.4e-08   31.4   0.5   2   3      0.87   1.1e+02    1.0   0.0    86   127   162   202   116   215 0.75 WD domain containing [Cordyceps militaris]
ATY67084.1           -            407 31169at5125          -            299   6.4e-08   31.4   0.5   3   3   0.00013     0.018   13.5   0.0    41    85   297   339   290   345 0.84 WD domain containing [Cordyceps militaris]
ATY65122.1           -            675 31169at5125          -            299   6.5e-08   31.3   0.0   1   1   9.4e-09   1.2e-06   27.1   0.0    82   203   140   287   116   300 0.66 Coronin crn1 [Cordyceps militaris]
ATY60338.1           -            486 31169at5125          -            299   3.6e-07   28.9   4.7   1   2   2.4e-08   3.2e-06   25.8   0.9    83   156   297   378   235   382 0.73 ribosome biogenesis (Rrb1) [Cordyceps militaris]
ATY60338.1           -            486 31169at5125          -            299   3.6e-07   28.9   4.7   2   2     0.075       9.8    4.5   0.2    85   117   395   428   378   432 0.62 ribosome biogenesis (Rrb1) [Cordyceps militaris]
ATY67363.1           -            359 31169at5125          -            299   5.2e-07   28.4   0.5   1   2   1.1e-08   1.4e-06   27.0   0.1    47   195    36   198     7   218 0.69 Poly(A)+ RNA export [Cordyceps militaris]
ATY67363.1           -            359 31169at5125          -            299   5.2e-07   28.4   0.5   2   2       4.4   5.7e+02   -1.3   0.0   255   279   274   298   240   317 0.73 Poly(A)+ RNA export [Cordyceps militaris]
ATY59372.1           -            438 31169at5125          -            299     7e-07   27.9   0.4   1   2    0.0022      0.29    9.5   0.0    90   192   152   269   146   282 0.63 peroxisomal targeting signal 2 receptor, partial [Cordyceps militaris]
ATY59372.1           -            438 31169at5125          -            299     7e-07   27.9   0.4   2   2     2e-05    0.0026   16.2   0.2    56   120   312   378   295   430 0.71 peroxisomal targeting signal 2 receptor, partial [Cordyceps militaris]
ATY62035.1           -            378 31169at5125          -            299     8e-07   27.8   0.0   1   1   1.6e-08   2.2e-06   26.3   0.0   136   232    66   171    56   225 0.73 WD repeat containing 82 [Cordyceps militaris]
ATY64083.1           -            709 31169at5125          -            299   1.2e-05   23.9   0.1   1   3    0.0028      0.37    9.2   0.0    45   114    15    90     3   102 0.73 WD40 repeat-like-containing domain [Cordyceps militaris]
ATY64083.1           -            709 31169at5125          -            299   1.2e-05   23.9   0.1   2   3     0.016       2.1    6.7   0.0    19    73   141   192   112   208 0.65 WD40 repeat-like-containing domain [Cordyceps militaris]
ATY64083.1           -            709 31169at5125          -            299   1.2e-05   23.9   0.1   3   3      0.11        14    3.9   0.0    61   112   487   538   477   553 0.83 WD40 repeat-like-containing domain [Cordyceps militaris]
ATY58276.1           -            610 31169at5125          -            299     2e-05   23.1   0.0   1   2   0.00024     0.032   12.7   0.0    90   232   379   451   324   468 0.67 WD domain containing [Cordyceps militaris]
ATY58276.1           -            610 31169at5125          -            299     2e-05   23.1   0.0   2   2    0.0066      0.87    7.9   0.0   181   229   510   560   488   587 0.69 WD domain containing [Cordyceps militaris]
ATY63640.1           -            363 31169at5125          -            299   4.6e-05   22.0   2.3   1   4   5.5e-05    0.0072   14.8   0.1   196   267    49   124    14   128 0.87 actin related 2 3 complex subunit [Cordyceps militaris]
ATY63640.1           -            363 31169at5125          -            299   4.6e-05   22.0   2.3   2   4      0.35        45    2.3   0.1   239   271   142   174   133   180 0.86 actin related 2 3 complex subunit [Cordyceps militaris]
ATY63640.1           -            363 31169at5125          -            299   4.6e-05   22.0   2.3   3   4       1.2   1.6e+02    0.5   0.0    42    83   203   245   197   274 0.67 actin related 2 3 complex subunit [Cordyceps militaris]
ATY63640.1           -            363 31169at5125          -            299   4.6e-05   22.0   2.3   4   4       1.2   1.5e+02    0.6   0.0   234   269   326   362   304   363 0.62 actin related 2 3 complex subunit [Cordyceps militaris]
ATY66655.1           -           1243 31169at5125          -            299     6e-05   21.6   0.1   1   2      0.04       5.3    5.4   0.0    35   118   112   199    92   205 0.79 WD40 YVTN repeat-like-containing domain [Cordyceps militaris]
ATY66655.1           -           1243 31169at5125          -            299     6e-05   21.6   0.1   2   2   0.00012     0.015   13.7   0.1    67   121   237   292   203   301 0.81 WD40 YVTN repeat-like-containing domain [Cordyceps militaris]
ATY66292.1           -            735 31169at5125          -            299   0.00036   19.1   0.0   1   2    0.0018      0.24    9.8   0.0    41   105   388   453   379   472 0.68 eukaryotic ribosome biogenesis 1 [Cordyceps militaris]
ATY66292.1           -            735 31169at5125          -            299   0.00036   19.1   0.0   2   2     0.021       2.8    6.3   0.0   180   279   588   690   580   708 0.78 eukaryotic ribosome biogenesis 1 [Cordyceps militaris]
ATY64759.1           -            513 31169at5125          -            299    0.0015   17.0   0.4   1   2     0.044       5.7    5.3   0.2   193   231   229   268   217   280 0.82 WD repeat-containing [Cordyceps militaris]
ATY64759.1           -            513 31169at5125          -            299    0.0015   17.0   0.4   2   2    0.0019      0.25    9.7   0.0   157   268   282   404   270   416 0.66 WD repeat-containing [Cordyceps militaris]
ATY63499.1           -            876 31169at5125          -            299    0.0041   15.6   6.5   1   4    0.0059      0.78    8.1   1.3   151   271   131   264   117   269 0.66 WD40 repeat-like-containing domain [Cordyceps militaris]
ATY63499.1           -            876 31169at5125          -            299    0.0041   15.6   6.5   2   4    0.0021      0.27    9.6   0.1   140   181   249   298   223   309 0.59 WD40 repeat-like-containing domain [Cordyceps militaris]
ATY63499.1           -            876 31169at5125          -            299    0.0041   15.6   6.5   3   4     0.017       2.2    6.6   0.0    39    86   271   319   264   350 0.80 WD40 repeat-like-containing domain [Cordyceps militaris]
ATY63499.1           -            876 31169at5125          -            299    0.0041   15.6   6.5   4   4       5.1   6.6e+02   -1.5   0.0   203   231   547   575   505   637 0.69 WD40 repeat-like-containing domain [Cordyceps militaris]
ATY59591.1           -            698 31169at5125          -            299    0.0048   15.4   0.2   1   3     0.011       1.5    7.2   0.0    45    77   362   395   350   441 0.69 cytoplasmic dynein 1 intermediate chain 2 [Cordyceps militaris]
ATY59591.1           -            698 31169at5125          -            299    0.0048   15.4   0.2   2   3      0.16        21    3.4   0.0    41    73   512   550   497   559 0.72 cytoplasmic dynein 1 intermediate chain 2 [Cordyceps militaris]
ATY59591.1           -            698 31169at5125          -            299    0.0048   15.4   0.2   3   3       8.3   1.1e+03   -2.2   0.0   248   268   639   660   628   673 0.76 cytoplasmic dynein 1 intermediate chain 2 [Cordyceps militaris]
ATY66572.1           -            642 31169at5125          -            299    0.0048   15.4   0.0   1   1   6.9e-05     0.009   14.5   0.0   132   230   209   318   187   351 0.66 WD repeat [Cordyceps militaris]
ATY60964.1           -            873 31169at5125          -            299    0.0049   15.3   0.3   1   2      0.74        97    1.2   0.0   164   269    61   168    24   173 0.67 WD40 repeat-like-containing domain [Cordyceps militaris]
ATY60964.1           -            873 31169at5125          -            299    0.0049   15.3   0.3   2   2   0.00081      0.11   10.9   0.0    81   125   228   272   197   280 0.79 WD40 repeat-like-containing domain [Cordyceps militaris]
ATY66729.1           -           1117 31169at5125          -            299    0.0085   14.5   0.1   1   1   0.00011     0.015   13.8   0.1   157   234   661   743   640   748 0.70 Sterol regulatory element-binding cleavage-activating [Cordyceps militaris]
ATY64004.1           -            553 31169at5125          -            299     0.019   13.4   0.0   1   1   0.00024     0.031   12.7   0.0   135   200   264   337   257   391 0.72 small nucleolar ribonucleo complex subunit [Cordyceps militaris]
ATY59434.1           -            938 31169at5125          -            299     0.022   13.2   0.8   1   2      0.97   1.3e+02    0.8   0.0   204   260   149   206   102   231 0.78 WD domain containing [Cordyceps militaris]
ATY59434.1           -            938 31169at5125          -            299     0.022   13.2   0.8   2   2    0.0021      0.28    9.6   0.1   162   224   345   406   319   448 0.65 WD domain containing [Cordyceps militaris]
ATY59148.1           -            991 31169at5125          -            299     0.097   11.1   1.1   1   3      0.61        80    1.5   0.0   148   232   140   230   131   244 0.69 WD domain containing [Cordyceps militaris]
ATY59148.1           -            991 31169at5125          -            299     0.097   11.1   1.1   2   3       6.4   8.4e+02   -1.9   0.0   161   226   503   570   464   594 0.67 WD domain containing [Cordyceps militaris]
ATY59148.1           -            991 31169at5125          -            299     0.097   11.1   1.1   3   3     0.033       4.3    5.7   0.1   235   268   710   749   697   758 0.73 WD domain containing [Cordyceps militaris]
ATY59930.1           -            520 31169at5125          -            299     0.098   11.1   0.9   1   2      0.14        18    3.6   0.5   174   203   103   132    96   183 0.62 WD domain-containing [Cordyceps militaris]
ATY59930.1           -            520 31169at5125          -            299     0.098   11.1   0.9   2   2      0.28        37    2.6   0.0    39    72   190   223   180   229 0.87 WD domain-containing [Cordyceps militaris]
#
# Program:         hmmsearch
# Version:         3.1b2 (February 2015)
# Pipeline mode:   SEARCH
# Query file:      /home/zack/funannotate_db/hypocreales_odb10/hmms/31169at5125.hmm
# Target file:     /home/zack/Desktop/IsariaPreferralGenome/MyGenomeSubmittedToNCBI/HypocrealesProteinSets/CmilitarisATCC34164.faa
# Option settings: hmmsearch --domtblout /home/zack/Desktop/IsariaPreferralGenome/MyGenomeSubmittedToNCBI/HypocrealesProteinSets/BUSCO_AA_all/BUSCO_AA_CmilitarisATCC34164/run_hypocreales_odb10/hmmer_output/initial_run_results/31169at5125.out --cpu 1 /home/zack/funannotate_db/hypocreales_odb10/hmms/31169at5125.hmm /home/zack/Desktop/IsariaPreferralGenome/MyGenomeSubmittedToNCBI/HypocrealesProteinSets/CmilitarisATCC34164.faa 
# Current dir:     /home/zack/Desktop/IsariaPreferralGenome/MyGenomeSubmittedToNCBI/HypocrealesProteinSets/BUSCO_AA_all
# Date:            Mon Mar  4 15:11:28 2024
# [ok]
