#                                                                            --- full sequence --- -------------- this domain -------------   hmm coord   ali coord   env coord
# target name        accession   tlen query name           accession   qlen   E-value  score  bias   #  of  c-Evalue  i-Evalue  score  bias  from    to  from    to  from    to  acc description of target
#------------------- ---------- ----- -------------------- ---------- ----- --------- ------ ----- --- --- --------- --------- ------ ----- ----- ----- ----- ----- ----- ----- ---- ---------------------
ATY58775.1           -            451 34445at5125          -            382  1.7e-213  707.8   2.3   1   3   6.7e-22   7.8e-19   67.1   0.0     1    46     1    46     1    50 0.97 cysteine synthase 2 [Cordyceps militaris]
ATY58775.1           -            451 34445at5125          -            382  1.7e-213  707.8   2.3   2   3      0.24   2.8e+02   -0.6   0.0    42    62    58    81    56    82 0.79 cysteine synthase 2 [Cordyceps militaris]
ATY58775.1           -            451 34445at5125          -            382  1.7e-213  707.8   2.3   3   3  3.3e-195  3.8e-192  637.5   1.8    58   381    96   446    89   447 0.95 cysteine synthase 2 [Cordyceps militaris]
ATY65252.1           -            370 34445at5125          -            382   6.5e-77  258.2   0.5   1   1   7.9e-80   9.1e-77  257.8   0.5    57   368    39   347    28   358 0.94 Cysteine synthase (O-acetylserine sulfhydrylase) [Cordyceps militaris]
ATY64988.1           -            518 34445at5125          -            382   8.7e-55  185.4   0.2   1   1   5.5e-57   6.4e-54  182.6   0.2    57   366    23   329    12   334 0.88 cystathionine beta-synthase [Cordyceps militaris]
ATY63397.1           -            547 34445at5125          -            382   5.5e-09   34.6   0.0   1   1   8.5e-12   9.8e-09   33.8   0.0    72   240    49   218    29   221 0.77 cysteine synthase B [Cordyceps militaris]
ATY64031.1           -            340 34445at5125          -            382   6.3e-06   24.6   0.0   1   1   8.5e-09   9.8e-06   23.9   0.0    60   236    14   184    11   190 0.84 serine family amino acid catabolism-related [Cordyceps militaris]
ATY61917.1           -            710 34445at5125          -            382   0.00024   19.3   0.3   1   1   3.6e-07   0.00042   18.6   0.3   126   314   278   462   256   471 0.75 threonine ammonia-lyase precursor [Cordyceps militaris]
ATY63750.1           -            557 34445at5125          -            382     0.024   12.8   5.6   1   1   0.00018      0.21    9.7   5.6   117   262   270   419   219   549 0.78 serine family amino acid catabolism-related [Cordyceps militaris]
ATY60425.1           -            381 34445at5125          -            382     0.034   12.3   2.8   1   1     0.001       1.2    7.2   2.8   130   238   142   240   101   284 0.65 Pyridoxal-phosphate dependent [Cordyceps militaris]
#
# Program:         hmmsearch
# Version:         3.1b2 (February 2015)
# Pipeline mode:   SEARCH
# Query file:      /home/zack/funannotate_db/hypocreales_odb10/hmms/34445at5125.hmm
# Target file:     /home/zack/Desktop/IsariaPreferralGenome/MyGenomeSubmittedToNCBI/HypocrealesProteinSets/CmilitarisATCC34164.faa
# Option settings: hmmsearch --domtblout /home/zack/Desktop/IsariaPreferralGenome/MyGenomeSubmittedToNCBI/HypocrealesProteinSets/BUSCO_AA_all/BUSCO_AA_CmilitarisATCC34164/run_hypocreales_odb10/hmmer_output/initial_run_results/34445at5125.out --cpu 1 /home/zack/funannotate_db/hypocreales_odb10/hmms/34445at5125.hmm /home/zack/Desktop/IsariaPreferralGenome/MyGenomeSubmittedToNCBI/HypocrealesProteinSets/CmilitarisATCC34164.faa 
# Current dir:     /home/zack/Desktop/IsariaPreferralGenome/MyGenomeSubmittedToNCBI/HypocrealesProteinSets/BUSCO_AA_all
# Date:            Mon Mar  4 15:11:18 2024
# [ok]
