#                                                                            --- full sequence --- -------------- this domain -------------   hmm coord   ali coord   env coord
# target name        accession   tlen query name           accession   qlen   E-value  score  bias   #  of  c-Evalue  i-Evalue  score  bias  from    to  from    to  from    to  acc description of target
#------------------- ---------- ----- -------------------- ---------- ----- --------- ------ ----- --- --- --------- --------- ------ ----- ----- ----- ----- ----- ----- ----- ---- ---------------------
ATY64615.1           -            309 38090at5125          -            258  8.3e-118  391.6   0.0   1   1  1.8e-120  2.1e-117  390.3   0.0     1   252    10   293    10   304 0.90 aldo-keto reductase (AKR) [Cordyceps militaris]
ATY66484.1           -            312 38090at5125          -            258   2.3e-17   62.4   0.0   1   1   2.7e-20   3.1e-17   62.0   0.0    24   166    61   203    42   224 0.87 2,5-diketo-D-gluconic acid reductase A [Cordyceps militaris]
ATY67429.1           -            807 38090at5125          -            258   5.3e-13   48.1   0.0   1   2   3.1e-09   3.6e-06   25.7   0.0    28   119   504   589   483   597 0.83 Major facilitator superfamily transporter [Cordyceps militaris]
ATY67429.1           -            807 38090at5125          -            258   5.3e-13   48.1   0.0   2   2   1.8e-07   0.00021   19.9   0.0   120   204   616   707   611   713 0.78 Major facilitator superfamily transporter [Cordyceps militaris]
ATY58807.1           -            357 38090at5125          -            258   2.7e-11   42.5   0.0   1   2   5.8e-11   6.7e-08   31.4   0.0    12   119    45   143    36   151 0.88 aldehyde reductase (AKR1) [Cordyceps militaris]
ATY58807.1           -            357 38090at5125          -            258   2.7e-11   42.5   0.0   2   2   0.00039      0.45    9.0   0.0   125   167   167   214   158   237 0.76 aldehyde reductase (AKR1) [Cordyceps militaris]
ATY63858.1           -            307 38090at5125          -            258   3.8e-11   42.0   0.0   1   2   5.5e-08   6.4e-05   21.6   0.0    29   120    32   112    13   119 0.80 glycerol dehydrogenase [Cordyceps militaris]
ATY63858.1           -            307 38090at5125          -            258   3.8e-11   42.0   0.0   2   2     5e-07   0.00058   18.5   0.0   126   190   139   211   130   267 0.70 glycerol dehydrogenase [Cordyceps militaris]
ATY63198.1           -            309 38090at5125          -            258   4.8e-11   41.7   0.0   1   2   7.7e-10     9e-07   27.7   0.0    14   118    15   112     5   117 0.83 Aldo keto reductase [Cordyceps militaris]
ATY63198.1           -            309 38090at5125          -            258   4.8e-11   41.7   0.0   2   2   4.4e-05     0.051   12.1   0.0   126   209   141   239   133   284 0.68 Aldo keto reductase [Cordyceps militaris]
ATY61955.1           -            347 38090at5125          -            258   5.7e-11   41.4   0.0   1   2   1.8e-11   2.1e-08   33.0   0.0    11   118    13   117     5   123 0.84 aldehyde reductase I [Cordyceps militaris]
ATY61955.1           -            347 38090at5125          -            258   5.7e-11   41.4   0.0   2   2     0.004       4.7    5.7   0.1   119   150   137   169   133   196 0.76 aldehyde reductase I [Cordyceps militaris]
ATY60611.1           -            291 38090at5125          -            258   1.2e-09   37.1   0.0   1   1   1.5e-12   1.8e-09   36.5   0.0    12   154    18   156     6   163 0.80 Aldo keto reductase [Cordyceps militaris]
#
# Program:         hmmsearch
# Version:         3.1b2 (February 2015)
# Pipeline mode:   SEARCH
# Query file:      /home/zack/funannotate_db/hypocreales_odb10/hmms/38090at5125.hmm
# Target file:     /home/zack/Desktop/IsariaPreferralGenome/MyGenomeSubmittedToNCBI/HypocrealesProteinSets/CmilitarisATCC34164.faa
# Option settings: hmmsearch --domtblout /home/zack/Desktop/IsariaPreferralGenome/MyGenomeSubmittedToNCBI/HypocrealesProteinSets/BUSCO_AA_all/BUSCO_AA_CmilitarisATCC34164/run_hypocreales_odb10/hmmer_output/initial_run_results/38090at5125.out --cpu 1 /home/zack/funannotate_db/hypocreales_odb10/hmms/38090at5125.hmm /home/zack/Desktop/IsariaPreferralGenome/MyGenomeSubmittedToNCBI/HypocrealesProteinSets/CmilitarisATCC34164.faa 
# Current dir:     /home/zack/Desktop/IsariaPreferralGenome/MyGenomeSubmittedToNCBI/HypocrealesProteinSets/BUSCO_AA_all
# Date:            Mon Mar  4 15:11:43 2024
# [ok]
