#                                                                            --- full sequence --- -------------- this domain -------------   hmm coord   ali coord   env coord
# target name        accession   tlen query name           accession   qlen   E-value  score  bias   #  of  c-Evalue  i-Evalue  score  bias  from    to  from    to  from    to  acc description of target
#------------------- ---------- ----- -------------------- ---------- ----- --------- ------ ----- --- --- --------- --------- ------ ----- ----- ----- ----- ----- ----- ----- ---- ---------------------
ATY66686.1           -            440 41192at5125          -            246  2.5e-122  405.9  12.6   1   3   7.2e-17   1.9e-14   52.6   0.1     1    35    98   132    98   141 0.95 mitochondrial folate carrier [Cordyceps militaris]
ATY66686.1           -            440 41192at5125          -            246  2.5e-122  405.9  12.6   2   3   1.5e-59   3.9e-57  192.4   3.8    36   161   166   319   154   323 0.87 mitochondrial folate carrier [Cordyceps militaris]
ATY66686.1           -            440 41192at5125          -            246  2.5e-122  405.9  12.6   3   3   2.4e-50   6.2e-48  162.2   0.1   160   246   342   431   336   431 0.96 mitochondrial folate carrier [Cordyceps militaris]
ATY64595.1           -            340 41192at5125          -            246   1.5e-36  125.0   6.7   1   3   2.3e-05    0.0059   14.9   0.1     7    37    28    58    23    82 0.85 Mitochondrial substrate carrier [Cordyceps militaris]
ATY64595.1           -            340 41192at5125          -            246   1.5e-36  125.0   6.7   2   3   3.7e-08   9.6e-06   24.1   0.1   206   242    85   121    76   124 0.83 Mitochondrial substrate carrier [Cordyceps militaris]
ATY64595.1           -            340 41192at5125          -            246   1.5e-36  125.0   6.7   3   3   1.1e-26   2.8e-24   84.7   0.6    81   241   139   330   127   333 0.75 Mitochondrial substrate carrier [Cordyceps militaris]
ATY63035.1           -            388 41192at5125          -            246   1.8e-34  118.1   7.9   1   3   0.00018     0.045   12.0   0.1     8    47    63   102    56   118 0.55 mitochondrial carrier RIM2 [Cordyceps militaris]
ATY63035.1           -            388 41192at5125          -            246   1.8e-34  118.1   7.9   2   3   2.1e-18   5.3e-16   57.7   1.2    33   159   123   273   123   284 0.75 mitochondrial carrier RIM2 [Cordyceps militaris]
ATY63035.1           -            388 41192at5125          -            246   1.8e-34  118.1   7.9   3   3   9.7e-15   2.5e-12   45.6   0.1   169   241   303   380   293   383 0.85 mitochondrial carrier RIM2 [Cordyceps militaris]
ATY66950.1           -            586 41192at5125          -            246   2.7e-33  114.3  13.8   1   3   1.3e-13   3.4e-11   41.9   1.4   174   245   245   323   238   324 0.82 folate transporter carrier (mitochondrial) [Cordyceps militaris]
ATY66950.1           -            586 41192at5125          -            246   2.7e-33  114.3  13.8   2   3   2.2e-07   5.7e-05   21.5   0.0    81   109   335   363   329   373 0.89 folate transporter carrier (mitochondrial) [Cordyceps militaris]
ATY66950.1           -            586 41192at5125          -            246   2.7e-33  114.3  13.8   3   3   1.8e-13   4.8e-11   41.4   2.7   117   242   393   565   386   569 0.66 folate transporter carrier (mitochondrial) [Cordyceps militaris]
ATY66287.1           -            510 41192at5125          -            246   3.1e-29  101.0   5.1   1   2     6e-22   1.6e-19   69.2   1.9    78   245    31   222    18   223 0.78 solute carrier family 25 member 42 [Cordyceps militaris]
ATY66287.1           -            510 41192at5125          -            246   3.1e-29  101.0   5.1   2   2   1.1e-10   2.8e-08   32.3   0.1   170   240   240   315   231   321 0.72 solute carrier family 25 member 42 [Cordyceps militaris]
ATY61656.1           -            620 41192at5125          -            246     1e-23   83.0   4.6   1   4     0.018       4.7    5.4   0.0    75   114   303   341   287   351 0.83 calcium dependent mitochondrial carrier [Cordyceps militaris]
ATY61656.1           -            620 41192at5125          -            246     1e-23   83.0   4.6   2   4   2.4e-05    0.0061   14.9   0.0   195   242   359   405   352   409 0.84 calcium dependent mitochondrial carrier [Cordyceps militaris]
ATY61656.1           -            620 41192at5125          -            246     1e-23   83.0   4.6   3   4    0.0013      0.34    9.2   0.0    10    38   427   455   419   469 0.89 calcium dependent mitochondrial carrier [Cordyceps militaris]
ATY61656.1           -            620 41192at5125          -            246     1e-23   83.0   4.6   4   4   5.4e-16   1.4e-13   49.7   1.8   124   243   474   615   460   618 0.74 calcium dependent mitochondrial carrier [Cordyceps militaris]
ATY58350.1           -            320 41192at5125          -            246   1.7e-23   82.2   8.0   1   4    0.0002     0.052   11.8   0.1    10    36    17    43     9    54 0.86 Mitochondrial substrate carrier [Cordyceps militaris]
ATY58350.1           -            320 41192at5125          -            246   1.7e-23   82.2   8.0   2   4   1.5e-15   3.9e-13   48.3   0.8   112   243    63   204    53   207 0.76 Mitochondrial substrate carrier [Cordyceps militaris]
ATY58350.1           -            320 41192at5125          -            246   1.7e-23   82.2   8.0   3   4   0.00063      0.16   10.2   0.1     9    36   218   245   213   253 0.89 Mitochondrial substrate carrier [Cordyceps militaris]
ATY58350.1           -            320 41192at5125          -            246   1.7e-23   82.2   8.0   4   4   5.6e-05     0.014   13.7   0.0   123   160   271   309   259   314 0.70 Mitochondrial substrate carrier [Cordyceps militaris]
ATY64498.1           -            310 41192at5125          -            246   2.4e-23   81.7   7.8   1   2   0.00011     0.027   12.8   0.5    83   158    13    91     2   104 0.65 peroxisomal membrane [Cordyceps militaris]
ATY64498.1           -            310 41192at5125          -            246   2.4e-23   81.7   7.8   2   2   1.1e-22   2.9e-20   71.6   2.2    76   232   107   286    91   296 0.75 peroxisomal membrane [Cordyceps militaris]
ATY64291.1           -            302 41192at5125          -            246   1.8e-22   78.9   6.3   1   2   1.1e-08   2.7e-06   25.9   0.1    80   159    20    99    13   105 0.87 mitochondrial carnitine acylcarnitine carrier [Cordyceps militaris]
ATY64291.1           -            302 41192at5125          -            246   1.8e-22   78.9   6.3   2   2   4.1e-17   1.1e-14   53.4   3.2    78   239   113   295   108   301 0.73 mitochondrial carnitine acylcarnitine carrier [Cordyceps militaris]
ATY59812.1           -            322 41192at5125          -            246   1.1e-21   76.2   9.8   1   3   5.9e-08   1.5e-05   23.4   0.0     4    36    13    45    10    50 0.92 succinate fumarate mitochondrial transporter [Cordyceps militaris]
ATY59812.1           -            322 41192at5125          -            246   1.1e-21   76.2   9.8   2   3   4.4e-07   0.00011   20.6   4.0   124   243    67   204    59   207 0.66 succinate fumarate mitochondrial transporter [Cordyceps militaris]
ATY59812.1           -            322 41192at5125          -            246   1.1e-21   76.2   9.8   3   3   1.5e-12   3.8e-10   38.5   0.7   122   243   168   306   156   309 0.75 succinate fumarate mitochondrial transporter [Cordyceps militaris]
ATY62771.1           -            388 41192at5125          -            246     2e-21   75.5   0.4   1   5      0.12        30    2.8   0.0     9    35    60    86    53    91 0.86 mitochondrial carrier LEU5 [Cordyceps militaris]
ATY62771.1           -            388 41192at5125          -            246     2e-21   75.5   0.4   2   5   0.00012     0.031   12.6   0.0   207   244   108   145    91   148 0.90 mitochondrial carrier LEU5 [Cordyceps militaris]
ATY62771.1           -            388 41192at5125          -            246     2e-21   75.5   0.4   3   5     0.014       3.6    5.8   0.0    80   116   158   194   147   202 0.81 mitochondrial carrier LEU5 [Cordyceps militaris]
ATY62771.1           -            388 41192at5125          -            246     2e-21   75.5   0.4   4   5    0.0054       1.4    7.2   0.0   207   239   234   266   222   272 0.82 mitochondrial carrier LEU5 [Cordyceps militaris]
ATY62771.1           -            388 41192at5125          -            246     2e-21   75.5   0.4   5   5   4.6e-13   1.2e-10   40.2   0.0   154   245   291   386   284   387 0.84 mitochondrial carrier LEU5 [Cordyceps militaris]
ATY59526.1           -            696 41192at5125          -            246   1.3e-19   69.4   0.2   1   2   1.2e-07   3.1e-05   22.4   0.0   166   244   349   433   338   435 0.77 mitochondrial carrier [Cordyceps militaris]
ATY59526.1           -            696 41192at5125          -            246   1.3e-19   69.4   0.2   2   2   6.9e-14   1.8e-11   42.8   0.0    81   245   447   628   445   629 0.79 mitochondrial carrier [Cordyceps militaris]
ATY62042.1           -            312 41192at5125          -            246   5.8e-19   67.4   0.4   1   2   1.1e-07     3e-05   22.5   0.2    76   193     3   140     1   142 0.70 mitochondrial oxaloacetate transport [Cordyceps militaris]
ATY62042.1           -            312 41192at5125          -            246   5.8e-19   67.4   0.4   2   2     9e-15   2.3e-12   45.7   0.0    80   240   112   289    95   294 0.76 mitochondrial oxaloacetate transport [Cordyceps militaris]
ATY64864.1           -            300 41192at5125          -            246   8.8e-19   66.8   0.2   1   1   6.4e-21   1.6e-18   65.9   0.2     9   240    22   285    14   290 0.79 mitochondrial tricarboxylate transporter (Ctp) [Cordyceps militaris]
ATY58644.1           -            409 41192at5125          -            246   3.3e-18   64.9   5.0   1   4   0.00012      0.03   12.6   0.0     9    36    15    42     6    47 0.91 Mitochondrial substrate carrier [Cordyceps militaris]
ATY58644.1           -            409 41192at5125          -            246   3.3e-18   64.9   5.0   2   4   0.00029     0.076   11.3   0.2   121   173    68   121    51   127 0.73 Mitochondrial substrate carrier [Cordyceps militaris]
ATY58644.1           -            409 41192at5125          -            246   3.3e-18   64.9   5.0   3   4   5.6e-14   1.4e-11   43.1   0.2    69   241   111   297   106   302 0.79 Mitochondrial substrate carrier [Cordyceps militaris]
ATY58644.1           -            409 41192at5125          -            246   3.3e-18   64.9   5.0   4   4      0.78     2e+02    0.1   0.1    41   118   304   380   283   386 0.62 Mitochondrial substrate carrier [Cordyceps militaris]
ATY64428.1           -            330 41192at5125          -            246   2.6e-17   62.0   3.9   1   3      0.55   1.4e+02    0.6   0.0    12    30    34    52    31    64 0.82 mitochondrial dicarboxylate [Cordyceps militaris]
ATY64428.1           -            330 41192at5125          -            246   2.6e-17   62.0   3.9   2   3   9.9e-09   2.5e-06   26.0   0.3   122   238    89   220    63   228 0.70 mitochondrial dicarboxylate [Cordyceps militaris]
ATY64428.1           -            330 41192at5125          -            246   2.6e-17   62.0   3.9   3   3   5.3e-12   1.4e-09   36.7   0.4    47   161   197   321   195   325 0.75 mitochondrial dicarboxylate [Cordyceps militaris]
ATY66515.1           -            314 41192at5125          -            246   4.3e-17   61.2   1.2   1   2   9.1e-07   0.00024   19.5   0.0    80   141    21    83    12    87 0.87 Mitochondrial carrier domain [Cordyceps militaris]
ATY66515.1           -            314 41192at5125          -            246   4.3e-17   61.2   1.2   2   2   3.7e-12   9.5e-10   37.2   0.6    43   242    93   310    84   314 0.73 Mitochondrial carrier domain [Cordyceps militaris]
ATY63799.1           -            297 41192at5125          -            246   4.9e-16   57.8   8.2   1   3   9.8e-12   2.5e-09   35.8   0.7    81   224    13   172    11   183 0.77 mitochondrial 2-oxodicarboxylate carrier 1 [Cordyceps militaris]
ATY63799.1           -            297 41192at5125          -            246   4.9e-16   57.8   8.2   2   3   0.00018     0.047   12.0   0.0     8    36   206   234   200   241 0.87 mitochondrial 2-oxodicarboxylate carrier 1 [Cordyceps militaris]
ATY63799.1           -            297 41192at5125          -            246   4.9e-16   57.8   8.2   3   3   0.00029     0.075   11.3   0.3   206   241   253   288   243   292 0.89 mitochondrial 2-oxodicarboxylate carrier 1 [Cordyceps militaris]
ATY64792.1           -            296 41192at5125          -            246   8.6e-16   57.0   5.5   1   3   3.8e-12   9.9e-10   37.1   0.5    10   153     6   164     2   175 0.78 solute carrier family 25 [Cordyceps militaris]
ATY64792.1           -            296 41192at5125          -            246   8.6e-16   57.0   5.5   2   3   0.00036     0.092   11.0   0.0    11    36   192   217   184   225 0.85 solute carrier family 25 [Cordyceps militaris]
ATY64792.1           -            296 41192at5125          -            246   8.6e-16   57.0   5.5   3   3   0.00068      0.18   10.1   0.1   198   244   235   281   219   283 0.77 solute carrier family 25 [Cordyceps militaris]
ATY61661.1           -            388 41192at5125          -            246   3.3e-15   55.1   6.0   1   1   3.3e-17   8.5e-15   53.7   6.0     9   227   123   366   116   381 0.73 Mitochondrial carrier PET8 [Cordyceps militaris]
ATY58795.1           -            331 41192at5125          -            246   9.7e-15   53.5   2.1   1   2     0.012         3    6.1   0.0    11    36   137   162   131   172 0.90 amino acid transporter arg-13 [Cordyceps militaris]
ATY58795.1           -            331 41192at5125          -            246   9.7e-15   53.5   2.1   2   2    0.0054       1.4    7.2   0.0     8    35   245   272   239   277 0.91 amino acid transporter arg-13 [Cordyceps militaris]
ATY63366.1           -            435 41192at5125          -            246   3.7e-14   51.6   6.9   1   3   4.7e-09   1.2e-06   27.0   3.0     9   242    39   285    32   289 0.68 mitochondrial carrier [Cordyceps militaris]
ATY63366.1           -            435 41192at5125          -            246   3.7e-14   51.6   6.9   2   3    0.0019       0.5    8.6   0.0    10    43   328   361   318   367 0.75 mitochondrial carrier [Cordyceps militaris]
ATY63366.1           -            435 41192at5125          -            246   3.7e-14   51.6   6.9   3   3   0.00034     0.089   11.1   0.0   207   240   380   413   367   418 0.88 mitochondrial carrier [Cordyceps militaris]
ATY62323.1           -            386 41192at5125          -            246   4.2e-14   51.4   3.7   1   2   3.3e-11   8.5e-09   34.1   0.7    80   241    86   264    84   270 0.78 mitochondrial phosphate carrier 2 [Cordyceps militaris]
ATY62323.1           -            386 41192at5125          -            246   4.2e-14   51.4   3.7   2   2   0.00013     0.034   12.5   0.1   171   240   294   363   268   369 0.75 mitochondrial phosphate carrier 2 [Cordyceps militaris]
ATY61602.1           -            403 41192at5125          -            246   9.6e-14   50.3   1.1   1   4   0.00066      0.17   10.2   0.0     9    50    75   117    67   121 0.82 mitochondrial carrier [Cordyceps militaris]
ATY61602.1           -            403 41192at5125          -            246   9.6e-14   50.3   1.1   2   4   9.4e-06    0.0024   16.2   0.1   124   242   121   256   118   259 0.72 mitochondrial carrier [Cordyceps militaris]
ATY61602.1           -            403 41192at5125          -            246   9.6e-14   50.3   1.1   3   4   3.8e-05    0.0098   14.2   0.0     8    43   273   308   269   327 0.86 mitochondrial carrier [Cordyceps militaris]
ATY61602.1           -            403 41192at5125          -            246   9.6e-14   50.3   1.1   4   4     0.019       4.8    5.4   0.1   205   229   351   375   343   390 0.71 mitochondrial carrier [Cordyceps militaris]
ATY62188.1           -            315 41192at5125          -            246     3e-13   48.6   2.2   1   2   7.6e-14     2e-11   42.7   0.4    79   242    18   195     7   199 0.80 phosphate transport MIR1 [Cordyceps militaris]
ATY62188.1           -            315 41192at5125          -            246     3e-13   48.6   2.2   2   2      0.02       5.2    5.3   0.1    83   156   222   298   208   303 0.63 phosphate transport MIR1 [Cordyceps militaris]
ATY64632.1           -            334 41192at5125          -            246   2.4e-11   42.4   6.2   1   2   4.3e-09   1.1e-06   27.1   3.7    83   245    44   228    40   229 0.73 carnitine acylcarnitine carrier [Cordyceps militaris]
ATY64632.1           -            334 41192at5125          -            246   2.4e-11   42.4   6.2   2   2   2.7e-05     0.007   14.7   0.0   174   239   256   320   239   326 0.82 carnitine acylcarnitine carrier [Cordyceps militaris]
ATY65088.1           -           1257 41192at5125          -            246   3.9e-10   38.5   2.7   1   1     2e-11   5.1e-09   34.8   2.7     7   239    64   345    59   351 0.66 nitrilase [Cordyceps militaris]
ATY61697.1           -            324 41192at5125          -            246   5.5e-09   34.7   5.7   1   2   6.3e-09   1.6e-06   26.6   0.9    80   241    37   211    32   215 0.76 mitochondrial phosphate carrier [Cordyceps militaris]
ATY61697.1           -            324 41192at5125          -            246   5.5e-09   34.7   5.7   2   2    0.0013      0.33    9.2   0.3    85   159   238   314   212   322 0.68 mitochondrial phosphate carrier [Cordyceps militaris]
ATY62006.1           -            690 41192at5125          -            246   5.8e-08   31.3   1.5   1   3      0.21        55    1.9   0.0    24    59   429   474   424   509 0.60 Solute carrier family 25 member 38 [Cordyceps militaris]
ATY62006.1           -            690 41192at5125          -            246   5.8e-08   31.3   1.5   2   3     6e-05     0.015   13.6   0.1    77   138   516   577   508   587 0.80 Solute carrier family 25 member 38 [Cordyceps militaris]
ATY62006.1           -            690 41192at5125          -            246   5.8e-08   31.3   1.5   3   3   9.5e-05     0.025   12.9   0.0    81   158   608   686   594   689 0.80 Solute carrier family 25 member 38 [Cordyceps militaris]
ATY62265.1           -            311 41192at5125          -            246   1.2e-07   30.4   9.0   1   3     3e-06   0.00077   17.8   2.6    79   242     2   177     1   181 0.60 mitochondrial carrier [Cordyceps militaris]
ATY62265.1           -            311 41192at5125          -            246   1.2e-07   30.4   9.0   2   3    0.0002     0.051   11.9   0.0     9    37   201   232   192   236 0.79 mitochondrial carrier [Cordyceps militaris]
ATY62265.1           -            311 41192at5125          -            246   1.2e-07   30.4   9.0   3   3       1.9     5e+02   -1.2   0.1   123   136   263   276   248   302 0.64 mitochondrial carrier [Cordyceps militaris]
ATY58724.1           -            329 41192at5125          -            246   1.3e-07   30.2   3.2   1   1   1.1e-08   2.7e-06   25.9   2.6     8   195    12   233     5   284 0.65 peroxisomal adenine nucleotide transporter 1 [Cordyceps militaris]
ATY65715.1           -            314 41192at5125          -            246   1.5e-06   26.7   4.3   1   2   1.2e-06    0.0003   19.2   0.3   102   242    45   207    11   211 0.61 ATP carrier [Cordyceps militaris]
ATY65715.1           -            314 41192at5125          -            246   1.5e-06   26.7   4.3   2   2     1e-05    0.0026   16.1   2.8    44   154   177   299   120   309 0.57 ATP carrier [Cordyceps militaris]
ATY62838.1           -            481 41192at5125          -            246   7.8e-06   24.4   0.6   1   3   1.1e-06   0.00029   19.2   0.0    75   157   199   287   192   295 0.84 mitochondrial carrier [Cordyceps militaris]
ATY62838.1           -            481 41192at5125          -            246   7.8e-06   24.4   0.6   2   3       3.5   8.9e+02   -2.0   0.0    10    27   349   366   344   373 0.85 mitochondrial carrier [Cordyceps militaris]
ATY62838.1           -            481 41192at5125          -            246   7.8e-06   24.4   0.6   3   3       0.2        50    2.1   0.0   193   242   408   459   380   462 0.62 mitochondrial carrier [Cordyceps militaris]
ATY65994.1           -            974 41192at5125          -            246   3.3e-05   22.3   0.7   1   2   3.9e-05    0.0099   14.2   0.0     9    49   777   817   770   819 0.83 arylsulfatase [Cordyceps militaris]
ATY65994.1           -            974 41192at5125          -            246   3.3e-05   22.3   0.7   2   2       3.3   8.6e+02   -2.0   0.0   110   147   934   970   926   971 0.73 arylsulfatase [Cordyceps militaris]
ATY59085.1           -           2153 41192at5125          -            246   0.00079   17.8   0.1   1   2       2.2   5.6e+02   -1.4   0.0    13    37    21    45    10    60 0.63 chromosome segregation ATPase family [Cordyceps militaris]
ATY59085.1           -           2153 41192at5125          -            246   0.00079   17.8   0.1   2   2   2.7e-05    0.0069   14.7   0.0     5   139   122   275   118   284 0.53 chromosome segregation ATPase family [Cordyceps militaris]
ATY59278.1           -            359 41192at5125          -            246     0.021   13.1   0.2   1   1   8.2e-05     0.021   13.1   0.2   125   169   110   154    93   177 0.84 hypothetical protein A9K55_002727 [Cordyceps militaris]
#
# Program:         hmmsearch
# Version:         3.1b2 (February 2015)
# Pipeline mode:   SEARCH
# Query file:      /home/zack/funannotate_db/hypocreales_odb10/hmms/41192at5125.hmm
# Target file:     /home/zack/Desktop/IsariaPreferralGenome/MyGenomeSubmittedToNCBI/HypocrealesProteinSets/CmilitarisATCC34164.faa
# Option settings: hmmsearch --domtblout /home/zack/Desktop/IsariaPreferralGenome/MyGenomeSubmittedToNCBI/HypocrealesProteinSets/BUSCO_AA_all/BUSCO_AA_CmilitarisATCC34164/run_hypocreales_odb10/hmmer_output/initial_run_results/41192at5125.out --cpu 1 /home/zack/funannotate_db/hypocreales_odb10/hmms/41192at5125.hmm /home/zack/Desktop/IsariaPreferralGenome/MyGenomeSubmittedToNCBI/HypocrealesProteinSets/CmilitarisATCC34164.faa 
# Current dir:     /home/zack/Desktop/IsariaPreferralGenome/MyGenomeSubmittedToNCBI/HypocrealesProteinSets/BUSCO_AA_all
# Date:            Mon Mar  4 15:11:33 2024
# [ok]
