#                                                                            --- full sequence --- -------------- this domain -------------   hmm coord   ali coord   env coord
# target name        accession   tlen query name           accession   qlen   E-value  score  bias   #  of  c-Evalue  i-Evalue  score  bias  from    to  from    to  from    to  acc description of target
#------------------- ---------- ----- -------------------- ---------- ----- --------- ------ ----- --- --- --------- --------- ------ ----- ----- ----- ----- ----- ----- ----- ---- ---------------------
ATY59239.1           -            549 41930at5125          -            331  5.9e-121  402.6   3.2   1   3       2.8     2e+03   -3.5   4.6   222   240    87   105    47   139 0.53 ubiquitin-conjugating enzyme [Cordyceps militaris]
ATY59239.1           -            549 41930at5125          -            331  5.9e-121  402.6   3.2   2   3  5.8e-122  4.1e-119  396.5   1.3    25   283   258   508   235   508 0.90 ubiquitin-conjugating enzyme [Cordyceps militaris]
ATY59239.1           -            549 41930at5125          -            331  5.9e-121  402.6   3.2   3   3   1.2e-05    0.0084   14.2   0.0   306   330   507   531   506   532 0.95 ubiquitin-conjugating enzyme [Cordyceps militaris]
ATY59280.1           -            151 41930at5125          -            331   1.4e-09   36.5   0.0   1   1   2.7e-12   1.9e-09   36.0   0.0    13    89     4    81     1    96 0.91 Ubiquitin-conjugating active site [Cordyceps militaris]
ATY62223.1           -            434 41930at5125          -            331   1.8e-09   36.1   0.3   1   2   0.00031      0.22    9.5   0.0    50    79    41    70     6    75 0.73 ubiquitin-conjugating enzyme E2Z [Cordyceps militaris]
ATY62223.1           -            434 41930at5125          -            331   1.8e-09   36.1   0.3   2   2     8e-09   5.7e-06   24.6   0.1    35   107   305   378   287   386 0.84 ubiquitin-conjugating enzyme E2Z [Cordyceps militaris]
ATY64086.1           -            147 41930at5125          -            331   6.6e-07   27.7   0.1   1   1   1.1e-09   8.1e-07   27.4   0.1    44    90    32    79     4    85 0.84 ubiquitin-conjugating enzyme E2-16 kDa [Cordyceps militaris]
ATY59044.1           -            176 41930at5125          -            331   1.8e-06   26.3   0.1   1   1     3e-09   2.2e-06   26.0   0.1    43    89    59   106    15   112 0.83 ubiquitin conjugating enzyme [Cordyceps militaris]
ATY65887.1           -            177 41930at5125          -            331     9e-06   24.0   0.2   1   1   1.6e-08   1.2e-05   23.6   0.2    17    90    22    97     7   102 0.83 ubiquitin conjugating enzyme [Cordyceps militaris]
ATY59889.1           -            149 41930at5125          -            331   1.5e-05   23.2   0.1   1   1   2.8e-08     2e-05   22.8   0.1    53    90    43    80    28    87 0.92 ubiquitin-conjugating enzyme [Cordyceps militaris]
ATY63018.1           -            236 41930at5125          -            331   2.2e-05   22.7   0.0   1   1   4.8e-08   3.4e-05   22.0   0.0    53    94    47    88     8   100 0.87 ubiquitin-conjugating enzyme E2-24 kDa [Cordyceps militaris]
ATY61980.1           -            175 41930at5125          -            331   2.6e-05   22.4   0.0   1   1   5.6e-08     4e-05   21.8   0.0    15    93     7    87     2    98 0.82 ubiquitin-conjugating enzyme [Cordyceps militaris]
ATY67034.1           -            207 41930at5125          -            331   0.00048   18.3   0.0   1   1   9.9e-07   0.00071   17.7   0.0    53    94    62   103    46   114 0.86 Ubiquitin-conjugating enzyme [Cordyceps militaris]
ATY61238.1           -            148 41930at5125          -            331    0.0033   15.5   0.0   1   1   6.2e-06    0.0044   15.1   0.0    26    81    11    67     3    80 0.81 ubiquitin conjugating enzyme [Cordyceps militaris]
ATY63980.1           -            176 41930at5125          -            331    0.0045   15.1   0.0   1   1   8.4e-06     0.006   14.7   0.0    45    89    41    88    12    93 0.79 ubiquitin-conjugating enzyme E2 [Cordyceps militaris]
ATY60417.1           -            198 41930at5125          -            331     0.015   13.3   0.6   1   2      0.37   2.6e+02   -0.6   0.1   153   199    23    66     5    81 0.44 E2 ubiquitin-conjugating enzyme [Cordyceps militaris]
ATY60417.1           -            198 41930at5125          -            331     0.015   13.3   0.6   2   2   4.9e-05     0.035   12.2   0.1    52    89    82   119    66   122 0.85 E2 ubiquitin-conjugating enzyme [Cordyceps militaris]
#
# Program:         hmmsearch
# Version:         3.1b2 (February 2015)
# Pipeline mode:   SEARCH
# Query file:      /home/zack/funannotate_db/hypocreales_odb10/hmms/41930at5125.hmm
# Target file:     /home/zack/Desktop/IsariaPreferralGenome/MyGenomeSubmittedToNCBI/HypocrealesProteinSets/CmilitarisATCC34164.faa
# Option settings: hmmsearch --domtblout /home/zack/Desktop/IsariaPreferralGenome/MyGenomeSubmittedToNCBI/HypocrealesProteinSets/BUSCO_AA_all/BUSCO_AA_CmilitarisATCC34164/run_hypocreales_odb10/hmmer_output/initial_run_results/41930at5125.out --cpu 1 /home/zack/funannotate_db/hypocreales_odb10/hmms/41930at5125.hmm /home/zack/Desktop/IsariaPreferralGenome/MyGenomeSubmittedToNCBI/HypocrealesProteinSets/CmilitarisATCC34164.faa 
# Current dir:     /home/zack/Desktop/IsariaPreferralGenome/MyGenomeSubmittedToNCBI/HypocrealesProteinSets/BUSCO_AA_all
# Date:            Mon Mar  4 15:11:49 2024
# [ok]
