#                                                                            --- full sequence --- -------------- this domain -------------   hmm coord   ali coord   env coord
# target name        accession   tlen query name           accession   qlen   E-value  score  bias   #  of  c-Evalue  i-Evalue  score  bias  from    to  from    to  from    to  acc description of target
#------------------- ---------- ----- -------------------- ---------- ----- --------- ------ ----- --- --- --------- --------- ------ ----- ----- ----- ----- ----- ----- ----- ---- ---------------------
ATY61600.1           -            310 42133at5125          -            278  9.8e-167  552.3   2.7   1   1  2.4e-170  1.1e-166  552.1   2.7     1   278     6   309     6   309 0.96 eukaryotic translation initiation factor 2 alpha subunit [Cordyceps militaris]
ATY65343.1           -           1779 42133at5125          -            278     0.018   13.5   0.1   1   6      0.69   3.2e+03   -3.8   0.1    32    76   495   536   493   539 0.75 Nucleic acid-OB-fold [Cordyceps militaris]
ATY65343.1           -           1779 42133at5125          -            278     0.018   13.5   0.1   2   6   3.6e-05      0.17   10.3   0.0    27    79   635   685   611   707 0.85 Nucleic acid-OB-fold [Cordyceps militaris]
ATY65343.1           -           1779 42133at5125          -            278     0.018   13.5   0.1   3   6     0.014        64    1.8   0.0    66    96  1061  1091  1055  1124 0.71 Nucleic acid-OB-fold [Cordyceps militaris]
ATY65343.1           -           1779 42133at5125          -            278     0.018   13.5   0.1   4   6      0.48   2.2e+03   -3.3   0.3    18    81  1194  1255  1189  1265 0.74 Nucleic acid-OB-fold [Cordyceps militaris]
ATY65343.1           -           1779 42133at5125          -            278     0.018   13.5   0.1   5   6   3.8e-06     0.018   13.5   0.1    13    79  1278  1344  1270  1355 0.90 Nucleic acid-OB-fold [Cordyceps militaris]
ATY65343.1           -           1779 42133at5125          -            278     0.018   13.5   0.1   6   6         2   9.3e+03  -10.4   6.8   247   274  1383  1410  1377  1417 0.60 Nucleic acid-OB-fold [Cordyceps militaris]
#
# Program:         hmmsearch
# Version:         3.1b2 (February 2015)
# Pipeline mode:   SEARCH
# Query file:      /home/zack/funannotate_db/hypocreales_odb10/hmms/42133at5125.hmm
# Target file:     /home/zack/Desktop/IsariaPreferralGenome/MyGenomeSubmittedToNCBI/HypocrealesProteinSets/CmilitarisATCC34164.faa
# Option settings: hmmsearch --domtblout /home/zack/Desktop/IsariaPreferralGenome/MyGenomeSubmittedToNCBI/HypocrealesProteinSets/BUSCO_AA_all/BUSCO_AA_CmilitarisATCC34164/run_hypocreales_odb10/hmmer_output/initial_run_results/42133at5125.out --cpu 1 /home/zack/funannotate_db/hypocreales_odb10/hmms/42133at5125.hmm /home/zack/Desktop/IsariaPreferralGenome/MyGenomeSubmittedToNCBI/HypocrealesProteinSets/CmilitarisATCC34164.faa 
# Current dir:     /home/zack/Desktop/IsariaPreferralGenome/MyGenomeSubmittedToNCBI/HypocrealesProteinSets/BUSCO_AA_all
# Date:            Mon Mar  4 15:11:25 2024
# [ok]
