#                                                                            --- full sequence --- -------------- this domain -------------   hmm coord   ali coord   env coord
# target name        accession   tlen query name           accession   qlen   E-value  score  bias   #  of  c-Evalue  i-Evalue  score  bias  from    to  from    to  from    to  acc description of target
#------------------- ---------- ----- -------------------- ---------- ----- --------- ------ ----- --- --- --------- --------- ------ ----- ----- ----- ----- ----- ----- ----- ---- ---------------------
ATY64597.1           -            269 48835at5125          -            228  1.7e-118  393.2   4.3   1   2  4.7e-107  6.2e-104  345.6   0.2     1   191     1   199     1   216 0.94 DUF602 domain-containing [Cordyceps militaris]
ATY64597.1           -            269 48835at5125          -            228  1.7e-118  393.2   4.3   2   2   1.5e-16     2e-13   49.5   0.6   185   225   218   258   211   261 0.90 DUF602 domain-containing [Cordyceps militaris]
ATY59882.1           -            805 48835at5125          -            228   0.00016   20.4   0.2   1   2       1.3   1.8e+03   -2.7   0.0    63    92   182   211   176   214 0.84 RING-9 protein [Cordyceps militaris]
ATY59882.1           -            805 48835at5125          -            228   0.00016   20.4   0.2   2   2   3.1e-07   0.00041   19.0   0.0   100   163   667   733   662   747 0.86 RING-9 protein [Cordyceps militaris]
ATY64773.1           -            464 48835at5125          -            228     0.021   13.4   0.5   1   1   2.8e-05     0.037   12.6   0.5   102   169   366   431   354   451 0.66 RING finger [Cordyceps militaris]
ATY62747.1           -            450 48835at5125          -            228     0.027   13.1   1.8   1   2      0.76     1e+03   -1.9   0.0    32    61   187   218   184   221 0.77 regulator of gluconeogenesis Rmd5 [Cordyceps militaris]
ATY62747.1           -            450 48835at5125          -            228     0.027   13.1   1.8   2   2   6.1e-05     0.081   11.5   1.4   103   145   393   437   389   442 0.80 regulator of gluconeogenesis Rmd5 [Cordyceps militaris]
ATY66070.1           -           1423 48835at5125          -            228     0.045   12.4   4.0   1   2     2e-05     0.027   13.1   1.3   101   195    11   112     6   134 0.82 CCR4-NOT core complex subunit [Cordyceps militaris]
ATY66070.1           -           1423 48835at5125          -            228     0.045   12.4   4.0   2   2         2   2.7e+03   -3.3   0.1   150   169  1392  1411  1388  1415 0.82 CCR4-NOT core complex subunit [Cordyceps militaris]
ATY62337.1           -            620 48835at5125          -            228     0.056   12.0   0.1   1   1   6.5e-05     0.086   11.4   0.1   100   150   360   413   328   440 0.70 RING finger domain-containing [Cordyceps militaris]
ATY59609.1           -            684 48835at5125          -            228      0.41    9.2   4.8   1   2   7.8e-05       0.1   11.2   1.2   104   145   340   380   336   387 0.91 RING and UBP finger domain [Cordyceps militaris]
ATY59609.1           -            684 48835at5125          -            228      0.41    9.2   4.8   2   2       1.2   1.5e+03   -2.5   0.1   152   187   569   602   552   618 0.68 RING and UBP finger domain [Cordyceps militaris]
#
# Program:         hmmsearch
# Version:         3.1b2 (February 2015)
# Pipeline mode:   SEARCH
# Query file:      /home/zack/funannotate_db/hypocreales_odb10/hmms/48835at5125.hmm
# Target file:     /home/zack/Desktop/IsariaPreferralGenome/MyGenomeSubmittedToNCBI/HypocrealesProteinSets/CmilitarisATCC34164.faa
# Option settings: hmmsearch --domtblout /home/zack/Desktop/IsariaPreferralGenome/MyGenomeSubmittedToNCBI/HypocrealesProteinSets/BUSCO_AA_all/BUSCO_AA_CmilitarisATCC34164/run_hypocreales_odb10/hmmer_output/initial_run_results/48835at5125.out --cpu 1 /home/zack/funannotate_db/hypocreales_odb10/hmms/48835at5125.hmm /home/zack/Desktop/IsariaPreferralGenome/MyGenomeSubmittedToNCBI/HypocrealesProteinSets/CmilitarisATCC34164.faa 
# Current dir:     /home/zack/Desktop/IsariaPreferralGenome/MyGenomeSubmittedToNCBI/HypocrealesProteinSets/BUSCO_AA_all
# Date:            Mon Mar  4 15:11:48 2024
# [ok]
