#                                                                            --- full sequence --- -------------- this domain -------------   hmm coord   ali coord   env coord
# target name        accession   tlen query name           accession   qlen   E-value  score  bias   #  of  c-Evalue  i-Evalue  score  bias  from    to  from    to  from    to  acc description of target
#------------------- ---------- ----- -------------------- ---------- ----- --------- ------ ----- --- --- --------- --------- ------ ----- ----- ----- ----- ----- ----- ----- ---- ---------------------
ATY67224.1           -            264 49982at5125          -            186   7.9e-81  269.4  13.4   1   3   3.1e-18   7.2e-15   54.3   1.4     1    48     6    57     6    65 0.91 SNARE complex subunit (Syn8) [Cordyceps militaris]
ATY67224.1           -            264 49982at5125          -            186   7.9e-81  269.4  13.4   2   3    0.0024       5.6    5.8   0.0    42    61    75    94    65   115 0.77 SNARE complex subunit (Syn8) [Cordyceps militaris]
ATY67224.1           -            264 49982at5125          -            186   7.9e-81  269.4  13.4   3   3   2.6e-67     6e-64  214.4   3.9    45   186   109   264   102   264 0.89 SNARE complex subunit (Syn8) [Cordyceps militaris]
ATY60883.1           -            362 49982at5125          -            186   2.8e-10   39.4   1.3   1   1   2.4e-13   5.6e-10   38.4   1.3    85   151   283   352   263   361 0.84 SNARE complex subunit (Vam7) [Cordyceps militaris]
ATY59910.1           -            239 49982at5125          -            186   4.3e-08   32.2   1.6   1   2       1.3   2.9e+03   -3.1   0.2   118   135    88   105    85   112 0.69 SNARE domain-containing [Cordyceps militaris]
ATY59910.1           -            239 49982at5125          -            186   4.3e-08   32.2   1.6   2   2   1.9e-11   4.3e-08   32.2   1.6    98   185   143   236   126   237 0.80 SNARE domain-containing [Cordyceps militaris]
ATY60979.1           -            452 49982at5125          -            186     0.012   14.5   0.0   1   2      0.48   1.1e+03   -1.7   0.0    13    47   119   153   112   156 0.80 SNARE domain-containing [Cordyceps militaris]
ATY60979.1           -            452 49982at5125          -            186     0.012   14.5   0.0   2   2   1.9e-05     0.043   12.7   0.0    86   151   342   412   318   448 0.74 SNARE domain-containing [Cordyceps militaris]
#
# Program:         hmmsearch
# Version:         3.1b2 (February 2015)
# Pipeline mode:   SEARCH
# Query file:      /home/zack/funannotate_db/hypocreales_odb10/hmms/49982at5125.hmm
# Target file:     /home/zack/Desktop/IsariaPreferralGenome/MyGenomeSubmittedToNCBI/HypocrealesProteinSets/CmilitarisATCC34164.faa
# Option settings: hmmsearch --domtblout /home/zack/Desktop/IsariaPreferralGenome/MyGenomeSubmittedToNCBI/HypocrealesProteinSets/BUSCO_AA_all/BUSCO_AA_CmilitarisATCC34164/run_hypocreales_odb10/hmmer_output/initial_run_results/49982at5125.out --cpu 1 /home/zack/funannotate_db/hypocreales_odb10/hmms/49982at5125.hmm /home/zack/Desktop/IsariaPreferralGenome/MyGenomeSubmittedToNCBI/HypocrealesProteinSets/CmilitarisATCC34164.faa 
# Current dir:     /home/zack/Desktop/IsariaPreferralGenome/MyGenomeSubmittedToNCBI/HypocrealesProteinSets/BUSCO_AA_all
# Date:            Mon Mar  4 15:11:43 2024
# [ok]
