#                                                                            --- full sequence --- -------------- this domain -------------   hmm coord   ali coord   env coord
# target name        accession   tlen query name           accession   qlen   E-value  score  bias   #  of  c-Evalue  i-Evalue  score  bias  from    to  from    to  from    to  acc description of target
#------------------- ---------- ----- -------------------- ---------- ----- --------- ------ ----- --- --- --------- --------- ------ ----- ----- ----- ----- ----- ----- ----- ---- ---------------------
ATY58432.1           -            167 51187at5125          -            156     4e-89  295.6   0.0   1   1   4.9e-92   4.5e-89  295.4   0.0     1   156     1   167     1   167 0.96 peptidyl-prolyl cis-trans isomerase-like 3 [Cordyceps militaris]
ATY60377.1           -            163 51187at5125          -            156   3.2e-44  149.7   0.0   1   1     4e-47   3.7e-44  149.5   0.0     3   151     5   152     3   157 0.94 peptidyl prolyl cis-trans isomerase [Cordyceps militaris]
ATY58525.1           -            591 51187at5125          -            156   3.5e-41  139.8   0.0   1   1   6.7e-44   6.2e-41  139.0   0.0     5   150   337   481   334   490 0.95 peptidyl-prolyl cis-trans isomerase cyp8 [Cordyceps militaris]
ATY58438.1           -            545 51187at5125          -            156   8.2e-36  122.4   0.0   1   2   7.5e-18     7e-15   54.4   0.0     2    70    14    81    13   101 0.88 peptidyl-prolyl isomerase CWC27 [Cordyceps militaris]
ATY58438.1           -            545 51187at5125          -            156   8.2e-36  122.4   0.0   2   2   2.4e-21   2.2e-18   65.8   0.0    70   149   107   188    96   200 0.86 peptidyl-prolyl isomerase CWC27 [Cordyceps militaris]
ATY59530.1           -            628 51187at5125          -            156   2.6e-33  114.3   0.0   1   1   5.5e-36   5.1e-33  113.3   0.0     3   136   474   610   472   625 0.86 cyclophilin-type peptidyl-prolyl cis-trans isomerase [Cordyceps militaris]
ATY66502.1           -            208 51187at5125          -            156   8.5e-31  106.1   0.0   1   1   1.3e-33   1.2e-30  105.6   0.0     9   149    49   191    42   195 0.86 peptidyl-prolyl cis-trans isomerase B precursor [Cordyceps militaris]
ATY62045.1           -            228 51187at5125          -            156   1.8e-30  105.1   0.1   1   1   2.6e-33   2.4e-30  104.6   0.1     7   133    75   205    70   213 0.87 Peptidyl-prolyl cis-trans isomerase [Cordyceps militaris]
ATY63957.1           -            168 51187at5125          -            156   7.7e-30  103.0   0.1   1   1     1e-32   9.7e-30  102.7   0.1     9   134    17   148    10   164 0.82 cyclophilin A [Cordyceps militaris]
ATY58640.1           -            182 51187at5125          -            156     6e-29  100.1   0.0   1   1   9.7e-32     9e-29   99.5   0.0     9   147    25   172    17   179 0.87 peptidyl-prolyl cis-trans isomerase [Cordyceps militaris]
ATY65366.1           -            528 51187at5125          -            156   1.4e-26   92.4   0.0   1   1   2.6e-29   2.4e-26   91.7   0.0     1   150     1   168     1   174 0.82 cyclophilin-type peptidyl-prolyl cis-trans isomerase [Cordyceps militaris]
#
# Program:         hmmsearch
# Version:         3.1b2 (February 2015)
# Pipeline mode:   SEARCH
# Query file:      /home/zack/funannotate_db/hypocreales_odb10/hmms/51187at5125.hmm
# Target file:     /home/zack/Desktop/IsariaPreferralGenome/MyGenomeSubmittedToNCBI/HypocrealesProteinSets/CmilitarisATCC34164.faa
# Option settings: hmmsearch --domtblout /home/zack/Desktop/IsariaPreferralGenome/MyGenomeSubmittedToNCBI/HypocrealesProteinSets/BUSCO_AA_all/BUSCO_AA_CmilitarisATCC34164/run_hypocreales_odb10/hmmer_output/initial_run_results/51187at5125.out --cpu 1 /home/zack/funannotate_db/hypocreales_odb10/hmms/51187at5125.hmm /home/zack/Desktop/IsariaPreferralGenome/MyGenomeSubmittedToNCBI/HypocrealesProteinSets/CmilitarisATCC34164.faa 
# Current dir:     /home/zack/Desktop/IsariaPreferralGenome/MyGenomeSubmittedToNCBI/HypocrealesProteinSets/BUSCO_AA_all
# Date:            Mon Mar  4 15:11:46 2024
# [ok]
