#                                                                            --- full sequence --- -------------- this domain -------------   hmm coord   ali coord   env coord
# target name        accession   tlen query name           accession   qlen   E-value  score  bias   #  of  c-Evalue  i-Evalue  score  bias  from    to  from    to  from    to  acc description of target
#------------------- ---------- ----- -------------------- ---------- ----- --------- ------ ----- --- --- --------- --------- ------ ----- ----- ----- ----- ----- ----- ----- ---- ---------------------
ATY62655.1           -            471 54904at5125          -            245     1e-79  266.7  98.4   1   3   2.5e-07   0.00058   18.6   1.0     2    26     3    28     2    37 0.71 RRM domain [Cordyceps militaris]
ATY62655.1           -            471 54904at5125          -            245     1e-79  266.7  98.4   2   3   2.6e-65     6e-62  208.5  80.1     8   220    67   339    60   353 0.75 RRM domain [Cordyceps militaris]
ATY62655.1           -            471 54904at5125          -            245     1e-79  266.7  98.4   3   3   2.2e-12   5.1e-09   35.2   2.6   206   245   424   471   368   471 0.76 RRM domain [Cordyceps militaris]
ATY65594.1           -            399 54904at5125          -            245   0.00018   20.3   0.1   1   3     0.062   1.4e+02    0.9   2.0    17    59    64   109    57   117 0.63 RNA binding [Cordyceps militaris]
ATY65594.1           -            399 54904at5125          -            245   0.00018   20.3   0.1   2   3   7.5e-08   0.00018   20.3   0.1    14    94   189   270   182   286 0.81 RNA binding [Cordyceps militaris]
ATY65594.1           -            399 54904at5125          -            245   0.00018   20.3   0.1   3   3      0.37   8.6e+02   -1.6   0.3    92   146   317   372   299   382 0.73 RNA binding [Cordyceps militaris]
ATY61788.1           -            396 54904at5125          -            245     0.002   16.8   3.5   1   1   1.4e-06    0.0033   16.1   3.5   167   232   221   286   213   297 0.84 glycoside hydrolase family 16 [Cordyceps militaris]
ATY65824.1           -            254 54904at5125          -            245    0.0081   14.9   0.0   1   2   0.00065       1.5    7.4   0.0    70    96    54    80    43    97 0.85 small nuclear ribonucleo [Cordyceps militaris]
ATY65824.1           -            254 54904at5125          -            245    0.0081   14.9   0.0   2   2    0.0037       8.5    5.0   0.0    66    97   207   238   205   253 0.76 small nuclear ribonucleo [Cordyceps militaris]
#
# Program:         hmmsearch
# Version:         3.1b2 (February 2015)
# Pipeline mode:   SEARCH
# Query file:      /home/zack/funannotate_db/hypocreales_odb10/hmms/54904at5125.hmm
# Target file:     /home/zack/Desktop/IsariaPreferralGenome/MyGenomeSubmittedToNCBI/HypocrealesProteinSets/CmilitarisATCC34164.faa
# Option settings: hmmsearch --domtblout /home/zack/Desktop/IsariaPreferralGenome/MyGenomeSubmittedToNCBI/HypocrealesProteinSets/BUSCO_AA_all/BUSCO_AA_CmilitarisATCC34164/run_hypocreales_odb10/hmmer_output/initial_run_results/54904at5125.out --cpu 1 /home/zack/funannotate_db/hypocreales_odb10/hmms/54904at5125.hmm /home/zack/Desktop/IsariaPreferralGenome/MyGenomeSubmittedToNCBI/HypocrealesProteinSets/CmilitarisATCC34164.faa 
# Current dir:     /home/zack/Desktop/IsariaPreferralGenome/MyGenomeSubmittedToNCBI/HypocrealesProteinSets/BUSCO_AA_all
# Date:            Mon Mar  4 15:11:52 2024
# [ok]
