#                                                                            --- full sequence --- -------------- this domain -------------   hmm coord   ali coord   env coord
# target name        accession   tlen query name           accession   qlen   E-value  score  bias   #  of  c-Evalue  i-Evalue  score  bias  from    to  from    to  from    to  acc description of target
#------------------- ---------- ----- -------------------- ---------- ----- --------- ------ ----- --- --- --------- --------- ------ ----- ----- ----- ----- ----- ----- ----- ---- ---------------------
ATY59915.1           -           1019 8535at5125           -            703  4.9e-302 1002.3   0.0   1   4  1.6e-286  3.8e-283  939.8   0.0     1   608     1   702     1   714 0.88 ATP dependent DNA ligase domain [Cordyceps militaris]
ATY59915.1           -           1019 8535at5125           -            703  4.9e-302 1002.3   0.0   2   4      0.25   5.7e+02   -2.8   0.0   602   622   784   804   754   851 0.83 ATP dependent DNA ligase domain [Cordyceps militaris]
ATY59915.1           -           1019 8535at5125           -            703  4.9e-302 1002.3   0.0   3   4     0.032        74    0.1   0.0   591   633   855   900   799   921 0.68 ATP dependent DNA ligase domain [Cordyceps militaris]
ATY59915.1           -           1019 8535at5125           -            703  4.9e-302 1002.3   0.0   4   4   1.5e-18   3.5e-15   54.1   0.1   642   703   944  1019   928  1019 0.82 ATP dependent DNA ligase domain [Cordyceps militaris]
ATY60393.1           -           1001 8535at5125           -            703   3.2e-20   70.8   0.0   1   2   7.4e-18   1.7e-14   51.8   0.0    95   425   190   542    84   546 0.68 DNA ATP-dependent [Cordyceps militaris]
ATY60393.1           -           1001 8535at5125           -            703   3.2e-20   70.8   0.0   2   2   1.9e-06    0.0043   14.1   0.0   520   559   650   689   619   706 0.78 DNA ATP-dependent [Cordyceps militaris]
ATY61968.1           -            861 8535at5125           -            703   1.9e-09   35.2   0.3   1   2   2.4e-11   5.6e-08   30.3   0.2   245   427   516   710   446   716 0.70 DNA ligase (Polydeoxyribonucleotide synthase) [Cordyceps militaris]
ATY61968.1           -            861 8535at5125           -            703   1.9e-09   35.2   0.3   2   2     0.033        76    0.1   0.0   523   557   813   847   804   856 0.85 DNA ligase (Polydeoxyribonucleotide synthase) [Cordyceps militaris]
ATY64279.1           -            865 8535at5125           -            703   2.2e-05   21.7   0.1   1   1   1.7e-08     4e-05   20.9   0.1   228   352   446   570   431   613 0.80 DNA ligase [Cordyceps militaris]
#
# Program:         hmmsearch
# Version:         3.1b2 (February 2015)
# Pipeline mode:   SEARCH
# Query file:      /home/zack/funannotate_db/hypocreales_odb10/hmms/8535at5125.hmm
# Target file:     /home/zack/Desktop/IsariaPreferralGenome/MyGenomeSubmittedToNCBI/HypocrealesProteinSets/CmilitarisATCC34164.faa
# Option settings: hmmsearch --domtblout /home/zack/Desktop/IsariaPreferralGenome/MyGenomeSubmittedToNCBI/HypocrealesProteinSets/BUSCO_AA_all/BUSCO_AA_CmilitarisATCC34164/run_hypocreales_odb10/hmmer_output/initial_run_results/8535at5125.out --cpu 1 /home/zack/funannotate_db/hypocreales_odb10/hmms/8535at5125.hmm /home/zack/Desktop/IsariaPreferralGenome/MyGenomeSubmittedToNCBI/HypocrealesProteinSets/CmilitarisATCC34164.faa 
# Current dir:     /home/zack/Desktop/IsariaPreferralGenome/MyGenomeSubmittedToNCBI/HypocrealesProteinSets/BUSCO_AA_all
# Date:            Mon Mar  4 15:12:05 2024
# [ok]
