#                                                                            --- full sequence --- -------------- this domain -------------   hmm coord   ali coord   env coord
# target name        accession   tlen query name           accession   qlen   E-value  score  bias   #  of  c-Evalue  i-Evalue  score  bias  from    to  from    to  from    to  acc description of target
#------------------- ---------- ----- -------------------- ---------- ----- --------- ------ ----- --- --- --------- --------- ------ ----- ----- ----- ----- ----- ----- ----- ---- ---------------------
ATY59202.1           -            804 8604at5125           -            653  2.7e-226  752.2  16.1   1   3  5.7e-115  7.6e-112  374.1   7.9     2   339     8   389     7   413 0.88 capsular associated [Cordyceps militaris]
ATY59202.1           -            804 8604at5125           -            653  2.7e-226  752.2  16.1   2   3   1.4e-36   1.8e-33  115.1   0.1   341   434   442   541   437   545 0.93 capsular associated [Cordyceps militaris]
ATY59202.1           -            804 8604at5125           -            653  2.7e-226  752.2  16.1   3   3   1.8e-82   2.4e-79  266.7   0.1   433   648   560   793   556   797 0.89 capsular associated [Cordyceps militaris]
ATY65888.1           -            621 8604at5125           -            653   7.5e-65  218.8   1.1   1   3   7.2e-29   9.6e-26   89.6   0.1   191   340    55   207    49   212 0.82 capsule associated [Cordyceps militaris]
ATY65888.1           -            621 8604at5125           -            653   7.5e-65  218.8   1.1   2   3   1.2e-10   1.6e-07   29.3   0.0   342   432   247   346   236   352 0.82 capsule associated [Cordyceps militaris]
ATY65888.1           -            621 8604at5125           -            653   7.5e-65  218.8   1.1   3   3   4.7e-31   6.3e-28   96.8   0.3   502   648   462   605   451   609 0.84 capsule associated [Cordyceps militaris]
ATY63344.1           -            605 8604at5125           -            653   9.2e-62  208.6   0.3   1   3   1.2e-27   1.6e-24   85.5   0.3   192   347    57   218    49   235 0.77 endoplasmic reticulum-resident kdel [Cordyceps militaris]
ATY63344.1           -            605 8604at5125           -            653   9.2e-62  208.6   0.3   2   3   1.4e-07   0.00019   19.2   0.0   382   431   296   349   290   364 0.85 endoplasmic reticulum-resident kdel [Cordyceps militaris]
ATY63344.1           -            605 8604at5125           -            653   9.2e-62  208.6   0.3   3   3   5.9e-32   7.8e-29   99.8   0.0   491   647   449   600   432   604 0.83 endoplasmic reticulum-resident kdel [Cordyceps militaris]
ATY67467.1           -            625 8604at5125           -            653   1.5e-51  174.8  12.3   1   3   1.4e-24   1.8e-21   75.4   2.2   190   337    64   218    53   227 0.81 hypothetical protein A9K55_000078 [Cordyceps militaris]
ATY67467.1           -            625 8604at5125           -            653   1.5e-51  174.8  12.3   2   3   7.9e-08    0.0001   20.0   0.0   342   431   260   357   256   369 0.77 hypothetical protein A9K55_000078 [Cordyceps militaris]
ATY67467.1           -            625 8604at5125           -            653   1.5e-51  174.8  12.3   3   3   4.4e-26   5.9e-23   80.4   4.6   515   647   495   614   490   619 0.88 hypothetical protein A9K55_000078 [Cordyceps militaris]
ATY64186.1           -            638 8604at5125           -            653   2.2e-47  161.1   2.5   1   2     4e-25   5.3e-22   77.2   0.0   191   348    78   245    73   293 0.82 capsule-associated CAP1 [Cordyceps militaris]
ATY64186.1           -            638 8604at5125           -            653   2.2e-47  161.1   2.5   2   2     3e-26     4e-23   80.9   1.3   380   648   317   616   263   620 0.74 capsule-associated CAP1 [Cordyceps militaris]
ATY59185.1           -            829 8604at5125           -            653     3e-39  134.2   0.4   1   1   2.4e-41   3.2e-38  130.8   0.3   191   643   340   826   321   829 0.77 Lipopolysaccharide-modifying protein [Cordyceps militaris]
ATY66615.1           -            837 8604at5125           -            653     4e-31  107.3   3.5   1   1   1.8e-33   2.4e-30  104.7   3.5   192   629   328   796   319   800 0.76 hypothetical protein A9K55_001055 [Cordyceps militaris]
#
# Program:         hmmsearch
# Version:         3.1b2 (February 2015)
# Pipeline mode:   SEARCH
# Query file:      /home/zack/funannotate_db/hypocreales_odb10/hmms/8604at5125.hmm
# Target file:     /home/zack/Desktop/IsariaPreferralGenome/MyGenomeSubmittedToNCBI/HypocrealesProteinSets/CmilitarisATCC34164.faa
# Option settings: hmmsearch --domtblout /home/zack/Desktop/IsariaPreferralGenome/MyGenomeSubmittedToNCBI/HypocrealesProteinSets/BUSCO_AA_all/BUSCO_AA_CmilitarisATCC34164/run_hypocreales_odb10/hmmer_output/initial_run_results/8604at5125.out --cpu 1 /home/zack/funannotate_db/hypocreales_odb10/hmms/8604at5125.hmm /home/zack/Desktop/IsariaPreferralGenome/MyGenomeSubmittedToNCBI/HypocrealesProteinSets/CmilitarisATCC34164.faa 
# Current dir:     /home/zack/Desktop/IsariaPreferralGenome/MyGenomeSubmittedToNCBI/HypocrealesProteinSets/BUSCO_AA_all
# Date:            Mon Mar  4 15:12:12 2024
# [ok]
