#                                                                            --- full sequence --- -------------- this domain -------------   hmm coord   ali coord   env coord
# target name        accession   tlen query name           accession   qlen   E-value  score  bias   #  of  c-Evalue  i-Evalue  score  bias  from    to  from    to  from    to  acc description of target
#------------------- ---------- ----- -------------------- ---------- ----- --------- ------ ----- --- --- --------- --------- ------ ----- ----- ----- ----- ----- ----- ----- ---- ---------------------
OAA60647.1           -            725 11320at5125          -            461  2.3e-250  830.1  23.0   1   5    3e-222  2.9e-220  730.8   1.5     1   355     3   390     3   399 0.94 G2-specific protein kinase nimA [Cordyceps fumosorosea ARSEF 2679]
OAA60647.1           -            725 11320at5125          -            461  2.3e-250  830.1  23.0   2   5   4.2e-18     4e-16   57.8   0.4   346   391   441   490   436   506 0.90 G2-specific protein kinase nimA [Cordyceps fumosorosea ARSEF 2679]
OAA60647.1           -            725 11320at5125          -            461  2.3e-250  830.1  23.0   3   5     0.005      0.47    8.1   0.2   391   415   523   552   494   581 0.72 G2-specific protein kinase nimA [Cordyceps fumosorosea ARSEF 2679]
OAA60647.1           -            725 11320at5125          -            461  2.3e-250  830.1  23.0   4   5     1e-07   9.8e-06   23.6   0.4   411   443   638   670   571   682 0.73 G2-specific protein kinase nimA [Cordyceps fumosorosea ARSEF 2679]
OAA60647.1           -            725 11320at5125          -            461  2.3e-250  830.1  23.0   5   5   1.1e-07   1.1e-05   23.5   0.2   433   461   691   719   673   719 0.83 G2-specific protein kinase nimA [Cordyceps fumosorosea ARSEF 2679]
OAA71303.1           -            927 11320at5125          -            461   2.3e-32  111.4   0.2   1   2     2e-12   1.9e-10   39.1   0.2    10    97    28   113    23   123 0.93 Serine/threonine-protein kinase [Cordyceps fumosorosea ARSEF 2679]
OAA71303.1           -            927 11320at5125          -            461   2.3e-32  111.4   0.2   2   2   1.5e-21   1.5e-19   69.2   0.0   167   268   208   315   202   327 0.87 Serine/threonine-protein kinase [Cordyceps fumosorosea ARSEF 2679]
OAA69571.1           -            511 11320at5125          -            461   9.7e-32  109.3   0.1   1   2   1.8e-09   1.8e-07   29.3   0.2     5    96    65   154    61   160 0.89 MAP kinase kinase Ste7 [Cordyceps fumosorosea ARSEF 2679]
OAA69571.1           -            511 11320at5125          -            461   9.7e-32  109.3   0.1   2   2   3.4e-24   3.3e-22   77.9   0.0   148   276   183   326   167   355 0.82 MAP kinase kinase Ste7 [Cordyceps fumosorosea ARSEF 2679]
OAA54200.1           -            639 11320at5125          -            461   2.4e-31  108.0   0.0   1   2   5.2e-07     5e-05   21.2   0.0     3    91     8    93     6   105 0.87 Serine/threonine-protein kinase domain protein [Cordyceps fumosorosea ARSEF 2679]
OAA54200.1           -            639 11320at5125          -            461   2.4e-31  108.0   0.0   2   2   3.2e-26   3.1e-24   84.6   0.0   150   293   127   274   124   300 0.84 Serine/threonine-protein kinase domain protein [Cordyceps fumosorosea ARSEF 2679]
OAA59968.1           -            662 11320at5125          -            461   1.9e-29  101.7   0.0   1   2   2.6e-05    0.0025   15.6   0.0    10    95    26   108    20   119 0.86 serine/threonine-protein kinase 24 [Cordyceps fumosorosea ARSEF 2679]
OAA59968.1           -            662 11320at5125          -            461   1.9e-29  101.7   0.0   2   2   6.7e-26   6.4e-24   83.5   0.0   150   302   138   294   133   304 0.86 serine/threonine-protein kinase 24 [Cordyceps fumosorosea ARSEF 2679]
OAA73308.1           -            532 11320at5125          -            461   3.3e-27   94.4   0.1   1   2   4.1e-06   0.00039   18.3   0.2     2    91   173   263   172   272 0.82 serine/threonine-protein kinase psk1 [Cordyceps fumosorosea ARSEF 2679]
OAA73308.1           -            532 11320at5125          -            461   3.3e-27   94.4   0.1   2   2   5.5e-23   5.3e-21   73.9   0.0   146   270   295   423   276   443 0.89 serine/threonine-protein kinase psk1 [Cordyceps fumosorosea ARSEF 2679]
OAA56865.1           -           1458 11320at5125          -            461     4e-27   94.1   0.0   1   2   5.5e-08   5.3e-06   24.5   0.0     5    97    49   139    46   163 0.93 cell division control protein 15, cdc15 [Cordyceps fumosorosea ARSEF 2679]
OAA56865.1           -           1458 11320at5125          -            461     4e-27   94.1   0.0   2   2   5.3e-21   5.1e-19   67.4   0.0   148   289   166   313   150   344 0.79 cell division control protein 15, cdc15 [Cordyceps fumosorosea ARSEF 2679]
OAA67641.1           -           1187 11320at5125          -            461   1.4e-25   89.0   0.1   1   2      0.01      0.99    7.1   0.1    51   125   177   245   172   247 0.83 Serine/threonine-protein kinase domain protein [Cordyceps fumosorosea ARSEF 2679]
OAA67641.1           -           1187 11320at5125          -            461   1.4e-25   89.0   0.1   2   2   1.3e-24   1.2e-22   79.3   0.0   148   294   248   398   246   404 0.90 Serine/threonine-protein kinase domain protein [Cordyceps fumosorosea ARSEF 2679]
OAA70316.1           -            889 11320at5125          -            461   1.6e-25   88.8   0.0   1   2     0.023       2.2    5.9   0.0     6   104   610   705   606   709 0.74 sexual development serine/threonine kinase PakA [Cordyceps fumosorosea ARSEF 2679]
OAA70316.1           -            889 11320at5125          -            461   1.6e-25   88.8   0.0   2   2   4.9e-25   4.7e-23   80.7   0.0   148   275   723   856   706   864 0.91 sexual development serine/threonine kinase PakA [Cordyceps fumosorosea ARSEF 2679]
OAA67551.1           -           1338 11320at5125          -            461   2.8e-25   88.0   0.0   1   2   6.9e-08   6.6e-06   24.1   0.0    11   100  1043  1132  1035  1156 0.81 MAP kinase kinase kinase, SSK22 [Cordyceps fumosorosea ARSEF 2679]
OAA67551.1           -           1338 11320at5125          -            461   2.8e-25   88.0   0.0   2   2   2.8e-19   2.7e-17   61.7   0.0   148   284  1156  1314  1144  1319 0.79 MAP kinase kinase kinase, SSK22 [Cordyceps fumosorosea ARSEF 2679]
OAA74135.1           -            812 11320at5125          -            461   3.8e-25   87.6   1.2   1   3       5.5   5.3e+02   -1.9   0.3   324   359   315   351   294   359 0.67 Serine/threonine-protein kinase domain protein [Cordyceps fumosorosea ARSEF 2679]
OAA74135.1           -            812 11320at5125          -            461   3.8e-25   87.6   1.2   2   3   0.00042      0.04   11.7   0.0     9    97   541   628   535   636 0.80 Serine/threonine-protein kinase domain protein [Cordyceps fumosorosea ARSEF 2679]
OAA74135.1           -            812 11320at5125          -            461   3.8e-25   87.6   1.2   3   3   7.1e-23   6.8e-21   73.6   0.0   148   277   655   790   650   795 0.87 Serine/threonine-protein kinase domain protein [Cordyceps fumosorosea ARSEF 2679]
OAA69576.1           -            707 11320at5125          -            461   5.7e-25   87.0   0.8   1   2   3.9e-05    0.0038   15.1   1.6     5   125    66   180    63   183 0.82 carbon catabolite derepressing protein kinase Snf1 [Cordyceps fumosorosea ARSEF 2679]
OAA69576.1           -            707 11320at5125          -            461   5.7e-25   87.0   0.8   2   2   1.5e-21   1.5e-19   69.2   0.0   148   275   183   313   180   365 0.90 carbon catabolite derepressing protein kinase Snf1 [Cordyceps fumosorosea ARSEF 2679]
OAA74140.1           -            417 11320at5125          -            461   2.3e-24   85.0   0.5   1   2   1.1e-08     1e-06   26.8   0.8    10    96   151   236   144   257 0.85 serine/threonine-protein kinase Eg2 [Cordyceps fumosorosea ARSEF 2679]
OAA74140.1           -            417 11320at5125          -            461   2.3e-24   85.0   0.5   2   2   1.8e-17   1.7e-15   55.8   0.0   149   294   265   415   259   417 0.81 serine/threonine-protein kinase Eg2 [Cordyceps fumosorosea ARSEF 2679]
OAA53436.1           -            903 11320at5125          -            461   2.4e-24   84.9   0.0   1   2   0.00014     0.014   13.2   0.0    10   117   635   748   626   753 0.76 MAPKK kinase [Cordyceps fumosorosea ARSEF 2679]
OAA53436.1           -            903 11320at5125          -            461   2.4e-24   84.9   0.0   2   2   1.3e-21   1.3e-19   69.4   0.0   148   278   755   898   749   902 0.87 MAPKK kinase [Cordyceps fumosorosea ARSEF 2679]
OAA67397.1           -            537 11320at5125          -            461   3.2e-24   84.5   0.0   1   2      0.31        29    2.2   0.0    77   110   309   342   277   357 0.81 MAP kinase kinase [Cordyceps fumosorosea ARSEF 2679]
OAA67397.1           -            537 11320at5125          -            461   3.2e-24   84.5   0.0   2   2   8.3e-25     8e-23   79.9   0.0   135   285   347   514   343   524 0.80 MAP kinase kinase [Cordyceps fumosorosea ARSEF 2679]
OAA73983.1           -            690 11320at5125          -            461   5.9e-24   83.7   0.0   1   2       6.6   6.3e+02   -2.2   0.0     4    67   320   385   319   415 0.68 Serine/threonine-protein kinase domain protein [Cordyceps fumosorosea ARSEF 2679]
OAA73983.1           -            690 11320at5125          -            461   5.9e-24   83.7   0.0   2   2   1.9e-25   1.8e-23   82.0   0.0   148   278   440   585   436   601 0.82 Serine/threonine-protein kinase domain protein [Cordyceps fumosorosea ARSEF 2679]
OAA73589.1           -           1621 11320at5125          -            461   7.1e-24   83.4   0.0   1   2    0.0035      0.34    8.6   0.1    47   118  1380  1445  1334  1454 0.74 mitogen activated protein kinase kinase kinase 3, mapkkk3, mekk3 [Cordyceps fumosorosea ARSEF 2679]
OAA73589.1           -           1621 11320at5125          -            461   7.1e-24   83.4   0.0   2   2   1.4e-22   1.4e-20   72.5   0.0   149   275  1456  1593  1450  1598 0.86 mitogen activated protein kinase kinase kinase 3, mapkkk3, mekk3 [Cordyceps fumosorosea ARSEF 2679]
OAA58304.1           -            635 11320at5125          -            461   2.5e-23   81.6   0.0   1   2   0.00013     0.013   13.3   0.0     3    66   290   354   288   393 0.88 serine/threonine-protein kinase [Cordyceps fumosorosea ARSEF 2679]
OAA58304.1           -            635 11320at5125          -            461   2.5e-23   81.6   0.0   2   2   1.3e-20   1.2e-18   66.1   0.0   147   268   409   533   396   554 0.91 serine/threonine-protein kinase [Cordyceps fumosorosea ARSEF 2679]
OAA73304.1           -            918 11320at5125          -            461   6.3e-23   80.3   0.3   1   2     0.029       2.8    5.6   0.3     4    58   512   567   510   633 0.71 serine/threonine-protein kinase sck1 [Cordyceps fumosorosea ARSEF 2679]
OAA73304.1           -            918 11320at5125          -            461   6.3e-23   80.3   0.3   2   2   1.6e-22   1.5e-20   72.4   0.0   148   269   634   760   626   778 0.89 serine/threonine-protein kinase sck1 [Cordyceps fumosorosea ARSEF 2679]
OAA72524.1           -           1613 11320at5125          -            461   7.4e-23   80.0   0.1   1   3    0.0058      0.56    7.9   0.0   191   218   463   492   458   497 0.87 Serine/threonine-protein kinase, GCN2 [Cordyceps fumosorosea ARSEF 2679]
OAA72524.1           -           1613 11320at5125          -            461   7.4e-23   80.0   0.1   2   3   4.4e-06   0.00042   18.2   0.0    10    69   601   658   593   667 0.87 Serine/threonine-protein kinase, GCN2 [Cordyceps fumosorosea ARSEF 2679]
OAA72524.1           -           1613 11320at5125          -            461   7.4e-23   80.0   0.1   3   3   1.6e-15   1.5e-13   49.3   0.0   142   276   809   964   770   980 0.72 Serine/threonine-protein kinase, GCN2 [Cordyceps fumosorosea ARSEF 2679]
OAA58857.1           -            766 11320at5125          -            461   3.6e-22   77.8   0.1   1   2       7.2   6.9e+02   -2.3   0.0   364   383    26    45    20    62 0.76 Serine/threonine-protein kinase domain protein [Cordyceps fumosorosea ARSEF 2679]
OAA58857.1           -            766 11320at5125          -            461   3.6e-22   77.8   0.1   2   2   5.8e-23   5.5e-21   73.9   0.0   143   270   314   461   295   469 0.82 Serine/threonine-protein kinase domain protein [Cordyceps fumosorosea ARSEF 2679]
OAA58278.1           -            722 11320at5125          -            461   7.2e-22   76.8   0.0   1   2     0.061       5.8    4.5   0.0    31    96   476   539   437   550 0.82 STE20 kinase [Cordyceps fumosorosea ARSEF 2679]
OAA58278.1           -            722 11320at5125          -            461   7.2e-22   76.8   0.0   2   2   8.9e-22   8.5e-20   69.9   0.0   148   276   567   701   560   717 0.87 STE20 kinase [Cordyceps fumosorosea ARSEF 2679]
OAA64875.1           -            650 11320at5125          -            461   8.9e-22   76.5   0.2   1   3   1.8e-06   0.00017   19.5   0.0     3    94   267   357   265   366 0.89 serine/threonine-protein kinase cot-1 [Cordyceps fumosorosea ARSEF 2679]
OAA64875.1           -            650 11320at5125          -            461   8.9e-22   76.5   0.2   2   3   2.8e-06   0.00027   18.9   0.1   147   176   386   415   373   425 0.87 serine/threonine-protein kinase cot-1 [Cordyceps fumosorosea ARSEF 2679]
OAA64875.1           -            650 11320at5125          -            461   8.9e-22   76.5   0.2   3   3   6.1e-11   5.9e-09   34.2   0.0   183   242   468   527   441   549 0.88 serine/threonine-protein kinase cot-1 [Cordyceps fumosorosea ARSEF 2679]
OAA63946.1           -            982 11320at5125          -            461   1.9e-21   75.4   0.0   1   2     2e-05    0.0019   16.0   0.1     5    97    78   167    75   183 0.76 Serine/threonine-protein kinase [Cordyceps fumosorosea ARSEF 2679]
OAA63946.1           -            982 11320at5125          -            461   1.9e-21   75.4   0.0   2   2   5.9e-18   5.7e-16   57.3   0.0   146   278   192   337   168   357 0.72 Serine/threonine-protein kinase [Cordyceps fumosorosea ARSEF 2679]
OAA67598.1           -            865 11320at5125          -            461   6.2e-21   73.7   0.0   1   2     0.018       1.7    6.3   0.0     4    98    42   143    39   170 0.74 serine/threonine protein kinase [Cordyceps fumosorosea ARSEF 2679]
OAA67598.1           -            865 11320at5125          -            461   6.2e-21   73.7   0.0   2   2     2e-20   1.9e-18   65.5   0.0   148   276   171   305   160   326 0.85 serine/threonine protein kinase [Cordyceps fumosorosea ARSEF 2679]
OAA73118.1           -           1193 11320at5125          -            461   1.6e-20   72.3   0.0   1   3   3.7e-09   3.5e-07   28.3   0.1     3   104   305   407   303   424 0.81 Serine/threonine-protein kinase domain protein [Cordyceps fumosorosea ARSEF 2679]
OAA73118.1           -           1193 11320at5125          -            461   1.6e-20   72.3   0.0   2   3     2e-11   1.9e-09   35.8   0.0   147   199   426   481   416   488 0.88 Serine/threonine-protein kinase domain protein [Cordyceps fumosorosea ARSEF 2679]
OAA73118.1           -           1193 11320at5125          -            461   1.6e-20   72.3   0.0   3   3     0.074       7.1    4.3   0.0   202   277   505   589   497   607 0.68 Serine/threonine-protein kinase domain protein [Cordyceps fumosorosea ARSEF 2679]
OAA61309.1           -            375 11320at5125          -            461   1.1e-19   69.6   0.0   1   2    0.0036      0.35    8.6   0.0     3    66    18    81    16    85 0.89 mitogen-activated protein kinase [Cordyceps fumosorosea ARSEF 2679]
OAA61309.1           -            375 11320at5125          -            461   1.1e-19   69.6   0.0   2   2   1.9e-18   1.8e-16   59.0   0.0   148   239   154   244   144   260 0.89 mitogen-activated protein kinase [Cordyceps fumosorosea ARSEF 2679]
OAA70239.1           -            527 11320at5125          -            461   1.7e-19   69.0   0.3   1   2     0.002      0.19    9.5   0.6     4    67    19    83    16   114 0.79 Protein kinase-like domain protein [Cordyceps fumosorosea ARSEF 2679]
OAA70239.1           -            527 11320at5125          -            461   1.7e-19   69.0   0.3   2   2   7.5e-18   7.2e-16   57.0   0.0   147   242   136   231   129   262 0.91 Protein kinase-like domain protein [Cordyceps fumosorosea ARSEF 2679]
OAA62145.1           -            573 11320at5125          -            461   2.4e-19   68.4   0.2   1   3    0.0012      0.12   10.2   0.0     5    66   109   171   106   199 0.86 Calcium/calmodulin-dependent-like protein kinase [Cordyceps fumosorosea ARSEF 2679]
OAA62145.1           -            573 11320at5125          -            461   2.4e-19   68.4   0.2   2   3      0.54        52    1.4   0.0   149   161   229   241   224   245 0.87 Calcium/calmodulin-dependent-like protein kinase [Cordyceps fumosorosea ARSEF 2679]
OAA62145.1           -            573 11320at5125          -            461   2.4e-19   68.4   0.2   3   3   1.5e-16   1.4e-14   52.7   0.0   166   280   279   398   272   407 0.89 Calcium/calmodulin-dependent-like protein kinase [Cordyceps fumosorosea ARSEF 2679]
OAA73793.1           -            356 11320at5125          -            461   3.6e-19   67.9   0.5   1   2     0.033       3.2    5.4   0.2     3   101    22   121    20   139 0.75 mitogen activated protein kinase [Cordyceps fumosorosea ARSEF 2679]
OAA73793.1           -            356 11320at5125          -            461   3.6e-19   67.9   0.5   2   2   4.6e-19   4.4e-17   61.0   0.0   146   235   141   236   129   252 0.86 mitogen activated protein kinase [Cordyceps fumosorosea ARSEF 2679]
OAA73870.1           -            542 11320at5125          -            461   5.3e-19   67.3   0.1   1   2    0.0019      0.19    9.5   0.1     4    92   229   316   226   324 0.75 cAMP-dependent protein kinase type 3 [Cordyceps fumosorosea ARSEF 2679]
OAA73870.1           -            542 11320at5125          -            461   5.3e-19   67.3   0.1   2   2   1.7e-17   1.7e-15   55.8   0.0   148   244   348   443   342   465 0.89 cAMP-dependent protein kinase type 3 [Cordyceps fumosorosea ARSEF 2679]
OAA73610.1           -            447 11320at5125          -            461   5.5e-19   67.3   0.0   1   1   1.1e-20   1.1e-18   66.3   0.0   148   279   137   280   113   282 0.84 calcium/calmodulin-dependent protein kinase type I [Cordyceps fumosorosea ARSEF 2679]
OAA74145.1           -           1190 11320at5125          -            461   1.6e-18   65.8   0.1   1   1   1.4e-18   1.3e-16   59.4   0.1   147   279  1055  1183   921  1186 0.80 serine/threonine protein kinase [Cordyceps fumosorosea ARSEF 2679]
OAA54440.1           -            604 11320at5125          -            461   1.6e-18   65.7   0.0   1   2    0.0039      0.37    8.5   0.0     4    97    18   115    15   140 0.70 Protein kinase-like domain protein [Cordyceps fumosorosea ARSEF 2679]
OAA54440.1           -            604 11320at5125          -            461   1.6e-18   65.7   0.0   2   2   2.6e-17   2.5e-15   55.2   0.0   148   269   143   271   131   302 0.72 Protein kinase-like domain protein [Cordyceps fumosorosea ARSEF 2679]
OAA54424.1           -            329 11320at5125          -            461   1.6e-18   65.7   0.0   1   1   3.9e-17   3.8e-15   54.6   0.0     4   234     9   216     6   224 0.83 negative regulator of the PHO system [Cordyceps fumosorosea ARSEF 2679]
OAA56805.1           -            418 11320at5125          -            461   5.2e-18   64.1   0.0   1   2    0.0047      0.45    8.2   0.0     2   117    20   137    19   142 0.75 mitogen-activated protein kinase [Cordyceps fumosorosea ARSEF 2679]
OAA56805.1           -            418 11320at5125          -            461   5.2e-18   64.1   0.0   2   2   6.2e-17     6e-15   54.0   0.0   147   239   143   241   138   268 0.84 mitogen-activated protein kinase [Cordyceps fumosorosea ARSEF 2679]
OAA54217.1           -            394 11320at5125          -            461   1.1e-17   63.0   0.1   1   2    0.0059      0.57    7.9   0.0     4    68    34    95    31   117 0.73 glycogen synthase kinase 3 [Cordyceps fumosorosea ARSEF 2679]
OAA54217.1           -            394 11320at5125          -            461   1.1e-17   63.0   0.1   2   2   1.8e-16   1.7e-14   52.4   0.0   148   240   155   250   146   259 0.88 glycogen synthase kinase 3 [Cordyceps fumosorosea ARSEF 2679]
OAA63927.1           -           1809 11320at5125          -            461   1.2e-17   62.8   0.1   1   3     0.014       1.3    6.7   0.0     4    98   717   811   714   822 0.88 Serine/threonine-protein kinase domain protein [Cordyceps fumosorosea ARSEF 2679]
OAA63927.1           -           1809 11320at5125          -            461   1.2e-17   62.8   0.1   2   3   2.6e-06   0.00025   19.0   0.1   148   177   837   866   823   871 0.92 Serine/threonine-protein kinase domain protein [Cordyceps fumosorosea ARSEF 2679]
OAA63927.1           -           1809 11320at5125          -            461   1.2e-17   62.8   0.1   3   3   1.3e-10   1.3e-08   33.1   0.0   180   267  1027  1121  1022  1126 0.77 Serine/threonine-protein kinase domain protein [Cordyceps fumosorosea ARSEF 2679]
OAA72286.1           -            746 11320at5125          -            461   1.4e-17   62.6   0.8   1   3       1.8   1.8e+02   -0.3   0.1     3    48   104   148   102   151 0.74 calcium/calmodulin-dependent protein kinase kinase [Cordyceps fumosorosea ARSEF 2679]
OAA72286.1           -            746 11320at5125          -            461   1.4e-17   62.6   0.8   2   3       2.5   2.4e+02   -0.8   0.0    50    94   192   236   183   244 0.80 calcium/calmodulin-dependent protein kinase kinase [Cordyceps fumosorosea ARSEF 2679]
OAA72286.1           -            746 11320at5125          -            461   1.4e-17   62.6   0.8   3   3   1.6e-18   1.5e-16   59.2   0.0   148   280   268   406   261   452 0.88 calcium/calmodulin-dependent protein kinase kinase [Cordyceps fumosorosea ARSEF 2679]
OAA63168.1           -            316 11320at5125          -            461   1.6e-17   62.5   0.4   1   3       5.6   5.3e+02   -1.9   0.0   351   381    42    72    32    81 0.83 Protein kinase-like domain protein [Cordyceps fumosorosea ARSEF 2679]
OAA63168.1           -            316 11320at5125          -            461   1.6e-17   62.5   0.4   2   3   3.1e-05     0.003   15.4   0.4     9   104    82   176    76   194 0.81 Protein kinase-like domain protein [Cordyceps fumosorosea ARSEF 2679]
OAA63168.1           -            316 11320at5125          -            461   1.6e-17   62.5   0.4   3   3   4.4e-14   4.3e-12   44.6   0.0   146   235   194   284   181   308 0.85 Protein kinase-like domain protein [Cordyceps fumosorosea ARSEF 2679]
OAA62939.1           -           1087 11320at5125          -            461   2.2e-17   62.0   0.1   1   2       4.3   4.2e+02   -1.6   0.1    11   106   197   304   192   320 0.46 Serine/threonine-protein kinase domain protein [Cordyceps fumosorosea ARSEF 2679]
OAA62939.1           -           1087 11320at5125          -            461   2.2e-17   62.0   0.1   2   2   6.7e-19   6.4e-17   60.5   0.0   148   277   321   453   309   457 0.93 Serine/threonine-protein kinase domain protein [Cordyceps fumosorosea ARSEF 2679]
OAA69448.1           -            644 11320at5125          -            461   2.4e-17   61.8   1.7   1   3   2.8e-08   2.7e-06   25.4   0.6     5    95   260   349   257   357 0.89 Serine/threonine-protein kinase domain protein [Cordyceps fumosorosea ARSEF 2679]
OAA69448.1           -            644 11320at5125          -            461   2.4e-17   61.8   1.7   2   3   8.9e-05    0.0085   13.9   0.0   147   177   379   409   358   415 0.88 Serine/threonine-protein kinase domain protein [Cordyceps fumosorosea ARSEF 2679]
OAA69448.1           -            644 11320at5125          -            461   2.4e-17   61.8   1.7   3   3   1.8e-06   0.00017   19.5   0.0   185   239   445   499   438   534 0.86 Serine/threonine-protein kinase domain protein [Cordyceps fumosorosea ARSEF 2679]
OAA59940.1           -            844 11320at5125          -            461   4.3e-17   61.0   0.1   1   1   1.7e-18   1.6e-16   59.1   0.1   148   278   152   286    38   300 0.91 serine/threonine protein kinase [Cordyceps fumosorosea ARSEF 2679]
OAA59384.1           -            466 11320at5125          -            461     2e-16   58.8   1.9   1   3     0.031         3    5.5   2.2   306   352    10    55     3    77 0.79 Serine/threonine-protein kinase domain protein [Cordyceps fumosorosea ARSEF 2679]
OAA59384.1           -            466 11320at5125          -            461     2e-16   58.8   1.9   2   3      0.45        43    1.7   0.0     3    66   102   166   100   202 0.74 Serine/threonine-protein kinase domain protein [Cordyceps fumosorosea ARSEF 2679]
OAA59384.1           -            466 11320at5125          -            461     2e-16   58.8   1.9   3   3   6.2e-15   5.9e-13   47.4   0.0   149   240   229   322   217   330 0.88 Serine/threonine-protein kinase domain protein [Cordyceps fumosorosea ARSEF 2679]
OAA70512.1           -            343 11320at5125          -            461   4.6e-16   57.6   0.0   1   2       1.2   1.1e+02    0.3   0.0    14    82    31    99    28   123 0.73 Cell division control protein 2 (Cyclin-dependent protein kinase) [Cordyceps fumosorosea ARSEF 2679]
OAA70512.1           -            343 11320at5125          -            461   4.6e-16   57.6   0.0   2   2   3.4e-17   3.2e-15   54.8   0.0   146   239   159   254   149   259 0.86 Cell division control protein 2 (Cyclin-dependent protein kinase) [Cordyceps fumosorosea ARSEF 2679]
OAA66258.1           -            419 11320at5125          -            461   4.4e-15   54.4   0.0   1   2    0.0062      0.59    7.8   0.0    52   125   125   195    81   198 0.82 serine/threonine-protein kinase [Cordyceps fumosorosea ARSEF 2679]
OAA66258.1           -            419 11320at5125          -            461   4.4e-15   54.4   0.0   2   2   3.1e-14   2.9e-12   45.1   0.0   148   241   198   293   193   298 0.87 serine/threonine-protein kinase [Cordyceps fumosorosea ARSEF 2679]
OAA72132.1           -            375 11320at5125          -            461   5.1e-15   54.2   0.0   1   1   8.5e-17   8.2e-15   53.5   0.0   149   242   174   271   169   301 0.87 serine/threonine-protein kinase PRKX [Cordyceps fumosorosea ARSEF 2679]
OAA55663.1           -            650 11320at5125          -            461   1.1e-14   53.1   0.0   1   2      0.78        74    0.9   0.0     3    25   255   277   253   291 0.87 polymyxin B resistance protein kinase [Cordyceps fumosorosea ARSEF 2679]
OAA55663.1           -            650 11320at5125          -            461   1.1e-14   53.1   0.0   2   2   1.2e-15   1.2e-13   49.7   0.0   137   280   401   560   395   589 0.79 polymyxin B resistance protein kinase [Cordyceps fumosorosea ARSEF 2679]
OAA55700.1           -            656 11320at5125          -            461   1.4e-14   52.8   0.2   1   3      0.85        81    0.8   0.0     5   114   252   360   248   371 0.70 serine/threonine-protein kinase cot-1 [Cordyceps fumosorosea ARSEF 2679]
OAA55700.1           -            656 11320at5125          -            461   1.4e-14   52.8   0.2   2   3   1.3e-05    0.0012   16.7   0.0   148   175   370   397   364   404 0.90 serine/threonine-protein kinase cot-1 [Cordyceps fumosorosea ARSEF 2679]
OAA55700.1           -            656 11320at5125          -            461   1.4e-14   52.8   0.2   3   3     4e-10   3.9e-08   31.5   0.0   182   231   448   497   440   508 0.90 serine/threonine-protein kinase cot-1 [Cordyceps fumosorosea ARSEF 2679]
OAA67511.1           -            412 11320at5125          -            461     2e-14   52.2   0.0   1   2     0.058       5.6    4.6   0.0     3    68    16    78    14   106 0.73 calcium/calmodulin-dependent protein kinase [Cordyceps fumosorosea ARSEF 2679]
OAA67511.1           -            412 11320at5125          -            461     2e-14   52.2   0.0   2   2   2.2e-14   2.1e-12   45.5   0.0   146   275   130   269   112   320 0.76 calcium/calmodulin-dependent protein kinase [Cordyceps fumosorosea ARSEF 2679]
OAA72285.1           -            498 11320at5125          -            461   3.8e-14   51.3   0.0   1   2   5.2e-08     5e-06   24.5   0.1     7    96   218   310   212   331 0.74 serine/threonine-protein kinase hal4 [Cordyceps fumosorosea ARSEF 2679]
OAA72285.1           -            498 11320at5125          -            461   3.8e-14   51.3   0.0   2   2   5.2e-08     5e-06   24.5   0.0   147   222   337   418   330   494 0.63 serine/threonine-protein kinase hal4 [Cordyceps fumosorosea ARSEF 2679]
OAA74066.1           -            695 11320at5125          -            461   1.8e-13   49.1   0.0   1   2       3.6   3.4e+02   -1.3   0.0    52    85   357   388   341   396 0.76 protein kinase [Cordyceps fumosorosea ARSEF 2679]
OAA74066.1           -            695 11320at5125          -            461   1.8e-13   49.1   0.0   2   2   7.4e-15   7.1e-13   47.1   0.0   123   229   399   511   377   526 0.77 protein kinase [Cordyceps fumosorosea ARSEF 2679]
OAA54640.1           -            533 11320at5125          -            461   2.7e-13   48.5   0.2   1   1   4.3e-14   4.1e-12   44.6   0.2   123   229   164   281    64   291 0.82 negative regulator of sexual conjugation and meiosis [Cordyceps fumosorosea ARSEF 2679]
OAA58260.1           -           1342 11320at5125          -            461   2.7e-13   48.5   1.9   1   2     0.064       6.1    4.5   0.6     4    79   928  1010   926  1022 0.69 Protein kinase-like domain protein [Cordyceps fumosorosea ARSEF 2679]
OAA58260.1           -           1342 11320at5125          -            461   2.7e-13   48.5   1.9   2   2   1.8e-13   1.7e-11   42.6   0.0   148   229  1050  1131  1035  1145 0.86 Protein kinase-like domain protein [Cordyceps fumosorosea ARSEF 2679]
OAA67647.1           -            493 11320at5125          -            461   3.2e-13   48.3   0.0   1   2   8.1e-15   7.8e-13   47.0   0.0   145   230    41   136    21   188 0.76 Protein kinase-like domain protein [Cordyceps fumosorosea ARSEF 2679]
OAA67647.1           -            493 11320at5125          -            461   3.2e-13   48.3   0.0   2   2       9.5   9.1e+02   -2.7   0.0   263   290   269   296   266   328 0.68 Protein kinase-like domain protein [Cordyceps fumosorosea ARSEF 2679]
OAA67496.1           -            768 11320at5125          -            461   3.9e-13   48.0   0.0   1   1   2.4e-14   2.3e-12   45.5   0.0     2   237    20   264    19   271 0.79 serine/threonine-protein kinase MAK [Cordyceps fumosorosea ARSEF 2679]
OAA62205.1           -            214 11320at5125          -            461   4.9e-13   47.7   0.0   1   1   6.4e-15   6.2e-13   47.3   0.0   150   236    45   135    38   155 0.84 Protein kinase-like domain protein [Cordyceps fumosorosea ARSEF 2679]
OAA54639.1           -            788 11320at5125          -            461   7.9e-13   47.0   0.1   1   2     8e-14   7.6e-12   43.7   0.0   146   243   580   682   564   733 0.82 Protein kinase-like domain protein [Cordyceps fumosorosea ARSEF 2679]
OAA54639.1           -            788 11320at5125          -            461   7.9e-13   47.0   0.1   2   2       1.1     1e+02    0.4   0.0   254   277   756   779   738   783 0.79 Protein kinase-like domain protein [Cordyceps fumosorosea ARSEF 2679]
OAA58813.1           -            899 11320at5125          -            461   1.1e-12   46.5   0.0   1   1   2.6e-14   2.5e-12   45.3   0.0   148   265   455   573   442   599 0.85 protein kinase Yak1 [Cordyceps fumosorosea ARSEF 2679]
OAA69545.1           -           1107 11320at5125          -            461   3.4e-12   44.9   0.0   1   2      0.85        81    0.8   0.2     3   106   780   885   779   894 0.66 Protein kinase C [Cordyceps fumosorosea ARSEF 2679]
OAA69545.1           -           1107 11320at5125          -            461   3.4e-12   44.9   0.0   2   2   3.5e-14   3.4e-12   44.9   0.0   149   234   903   989   870  1026 0.86 Protein kinase C [Cordyceps fumosorosea ARSEF 2679]
OAA64949.1           -            844 11320at5125          -            461   3.7e-12   44.7   0.0   1   2       0.1       9.7    3.8   0.1     4    99   500   594   497   621 0.86 Serine/threonine-protein kinase domain protein [Cordyceps fumosorosea ARSEF 2679]
OAA64949.1           -            844 11320at5125          -            461   3.7e-12   44.7   0.0   2   2     4e-12   3.8e-10   38.1   0.0   147   228   623   722   610   782 0.73 Serine/threonine-protein kinase domain protein [Cordyceps fumosorosea ARSEF 2679]
OAA60758.1           -            798 11320at5125          -            461   3.8e-12   44.7   0.2   1   2   4.6e-06   0.00044   18.1   0.0     3    66   395   462   393   486 0.83 Serine/threonine-protein kinase-like domain protein [Cordyceps fumosorosea ARSEF 2679]
OAA60758.1           -            798 11320at5125          -            461   3.8e-12   44.7   0.2   2   2   8.2e-08   7.8e-06   23.9   0.0   146   223   514   597   502   605 0.79 Serine/threonine-protein kinase-like domain protein [Cordyceps fumosorosea ARSEF 2679]
OAA69595.1           -            514 11320at5125          -            461   4.3e-12   44.5   0.0   1   2       3.3   3.2e+02   -1.2   0.0    46   110    35    99    26   108 0.72 serine/threonine protein kinase [Cordyceps fumosorosea ARSEF 2679]
OAA69595.1           -            514 11320at5125          -            461   4.3e-12   44.5   0.0   2   2   2.2e-13   2.1e-11   42.3   0.0   148   228   112   209   100   267 0.73 serine/threonine protein kinase [Cordyceps fumosorosea ARSEF 2679]
OAA56762.1           -            510 11320at5125          -            461   5.1e-12   44.3   0.0   1   1     9e-14   8.7e-12   43.5   0.0   148   229   230   316   211   335 0.84 Serine/threonine-protein kinase domain protein [Cordyceps fumosorosea ARSEF 2679]
OAA38153.1           -           1585 11320at5125          -            461   5.2e-12   44.3   2.5   1   3      0.68        65    1.1   0.1     3    49    84   129    82   132 0.81 calcium/calmodulin-dependent protein kinase kinase [Cordyceps fumosorosea ARSEF 2679]
OAA38153.1           -           1585 11320at5125          -            461   5.2e-12   44.3   2.5   2   3       1.2   1.2e+02    0.3   0.1    50   121   177   246   171   251 0.76 calcium/calmodulin-dependent protein kinase kinase [Cordyceps fumosorosea ARSEF 2679]
OAA38153.1           -           1585 11320at5125          -            461   5.2e-12   44.3   2.5   3   3     7e-13   6.7e-11   40.6   0.0   148   279   253   390   249   404 0.86 calcium/calmodulin-dependent protein kinase kinase [Cordyceps fumosorosea ARSEF 2679]
OAA60685.1           -            889 11320at5125          -            461   7.1e-12   43.8   0.0   1   2       1.2   1.2e+02    0.2   0.0     9    68   229   288   226   293 0.88 Protein kinase-like domain protein [Cordyceps fumosorosea ARSEF 2679]
OAA60685.1           -            889 11320at5125          -            461   7.1e-12   43.8   0.0   2   2   6.5e-13   6.3e-11   40.7   0.0   148   275   339   484   335   494 0.74 Protein kinase-like domain protein [Cordyceps fumosorosea ARSEF 2679]
OAA69858.1           -           1144 11320at5125          -            461   1.6e-11   42.6   0.3   1   2     0.012       1.1    6.9   0.1     3    68    74   147    72   172 0.74 Calcium/calmodulin-dependent/calcium-dependent protein kinase [Cordyceps fumosorosea ARSEF 2679]
OAA69858.1           -           1144 11320at5125          -            461   1.6e-11   42.6   0.3   2   2   2.9e-10   2.8e-08   32.0   0.0   149   247   391   512   387   588 0.73 Calcium/calmodulin-dependent/calcium-dependent protein kinase [Cordyceps fumosorosea ARSEF 2679]
OAA66263.1           -           1017 11320at5125          -            461   2.2e-11   42.2   0.1   1   2       1.5   1.4e+02   -0.0   0.0    11    89   296   372   289   403 0.63 Serine/threonine-protein kinase [Cordyceps fumosorosea ARSEF 2679]
OAA66263.1           -           1017 11320at5125          -            461   2.2e-11   42.2   0.1   2   2   1.5e-12   1.4e-10   39.5   0.0   148   277   406   538   391   543 0.72 Serine/threonine-protein kinase [Cordyceps fumosorosea ARSEF 2679]
OAA58751.1           -            392 11320at5125          -            461   5.8e-11   40.8   0.0   1   1   9.3e-13   8.9e-11   40.2   0.0   148   223   222   295   214   305 0.85 Serine/threonine-protein kinase [Cordyceps fumosorosea ARSEF 2679]
OAA69005.1           -            619 11320at5125          -            461   1.5e-09   36.2   0.0   1   2      0.02       1.9    6.2   0.0    31    99   253   318   233   331 0.79 protein kinase [Cordyceps fumosorosea ARSEF 2679]
OAA69005.1           -            619 11320at5125          -            461   1.5e-09   36.2   0.0   2   2   4.4e-09   4.2e-07   28.1   0.0   138   221   330   420   319   427 0.78 protein kinase [Cordyceps fumosorosea ARSEF 2679]
OAA63004.1           -           1072 11320at5125          -            461   3.8e-09   34.8   0.1   1   1   1.8e-08   1.8e-06   26.0   0.1    44   223   767   922   754   936 0.71 Protein kinase-like domain protein [Cordyceps fumosorosea ARSEF 2679]
OAA60122.1           -            736 11320at5125          -            461   4.5e-09   34.6   0.1   1   1   8.6e-08   8.2e-06   23.8   0.1    42   204   418   566   413   576 0.74 serine/threonine-protein kinase hal4 [Cordyceps fumosorosea ARSEF 2679]
OAA71277.1           -            417 11320at5125          -            461   5.9e-09   34.2   0.0   1   2     0.016       1.5    6.5   0.0     2    68   180   251   179   255 0.69 Protein kinase-like domain protein [Cordyceps fumosorosea ARSEF 2679]
OAA71277.1           -            417 11320at5125          -            461   5.9e-09   34.2   0.0   2   2   2.3e-08   2.2e-06   25.7   0.0   153   220   261   332   256   382 0.87 Protein kinase-like domain protein [Cordyceps fumosorosea ARSEF 2679]
OAA73399.1           -            724 11320at5125          -            461   6.7e-09   34.0   0.0   1   2      0.32        31    2.1   0.0    46    77   192   225   150   252 0.58 protein kinase [Cordyceps fumosorosea ARSEF 2679]
OAA73399.1           -            724 11320at5125          -            461   6.7e-09   34.0   0.0   2   2   1.6e-09   1.5e-07   29.6   0.0   147   230   309   402   297   462 0.84 protein kinase [Cordyceps fumosorosea ARSEF 2679]
OAA68925.1           -            342 11320at5125          -            461   6.9e-09   34.0   0.1   1   2      0.65        62    1.2   0.0     4    92    31   115    28   127 0.64 Casein kinase II, alpha chain (CK II alpha subunit) [Cordyceps fumosorosea ARSEF 2679]
OAA68925.1           -            342 11320at5125          -            461   6.9e-09   34.0   0.1   2   2   7.6e-10   7.3e-08   30.6   0.0   148   238   144   237   133   253 0.82 Casein kinase II, alpha chain (CK II alpha subunit) [Cordyceps fumosorosea ARSEF 2679]
OAA56481.1           -            736 11320at5125          -            461   1.1e-08   33.3   0.5   1   1   9.5e-09   9.1e-07   27.0   0.5     3   230   366   599   364   625 0.65 protein kinase (Lkh1) [Cordyceps fumosorosea ARSEF 2679]
OAA59945.1           -            494 11320at5125          -            461   1.2e-08   33.2   0.0   1   2     0.069       6.7    4.4   0.1    10    66   223   284   214   288 0.71 Protein kinase-like domain protein [Cordyceps fumosorosea ARSEF 2679]
OAA59945.1           -            494 11320at5125          -            461   1.2e-08   33.2   0.0   2   2   1.4e-08   1.3e-06   26.5   0.0   150   224   339   416   319   424 0.84 Protein kinase-like domain protein [Cordyceps fumosorosea ARSEF 2679]
OAA73665.1           -            544 11320at5125          -            461   2.2e-08   32.3   1.0   1   1     3e-09   2.8e-07   28.7   1.0    10   229   188   413   180   429 0.74 Protein kinase-like domain protein [Cordyceps fumosorosea ARSEF 2679]
OAA68808.1           -           1126 11320at5125          -            461   3.7e-08   31.6   0.8   1   3       1.2   1.1e+02    0.3   0.0    49    97   327   373   322   397 0.71 Serine/threonine-protein kinase KIN4 [Cordyceps fumosorosea ARSEF 2679]
OAA68808.1           -           1126 11320at5125          -            461   3.7e-08   31.6   0.8   2   3    0.0016      0.15    9.7   0.1   148   181   400   433   395   438 0.88 Serine/threonine-protein kinase KIN4 [Cordyceps fumosorosea ARSEF 2679]
OAA68808.1           -           1126 11320at5125          -            461   3.7e-08   31.6   0.8   3   3   4.2e-06   0.00041   18.3   0.0   161   228   444   515   432   569 0.78 Serine/threonine-protein kinase KIN4 [Cordyceps fumosorosea ARSEF 2679]
OAA64780.1           -            588 11320at5125          -            461     4e-08   31.4   0.0   1   1   3.8e-06   0.00037   18.4   0.0     5   229   241   464   238   532 0.62 checkpoint protein kinase [Cordyceps fumosorosea ARSEF 2679]
OAA55666.1           -            525 11320at5125          -            461   4.7e-08   31.2   0.0   1   2     0.002      0.19    9.5   0.0    10    66   106   163    99   183 0.87 Protein kinase-like domain protein [Cordyceps fumosorosea ARSEF 2679]
OAA55666.1           -            525 11320at5125          -            461   4.7e-08   31.2   0.0   2   2   1.7e-06   0.00016   19.6   0.0   148   215   219   289   204   298 0.82 Protein kinase-like domain protein [Cordyceps fumosorosea ARSEF 2679]
OAA43054.1           -            429 11320at5125          -            461   2.3e-07   29.0   0.0   1   2   1.8e-05    0.0017   16.2   0.0   148   231   227   324   217   353 0.71 Protein kinase-like domain protein [Cordyceps fumosorosea ARSEF 2679]
OAA43054.1           -            429 11320at5125          -            461   2.3e-07   29.0   0.0   2   2    0.0011       0.1   10.3   0.0   249   276   387   414   380   421 0.87 Protein kinase-like domain protein [Cordyceps fumosorosea ARSEF 2679]
OAA71334.1           -            967 11320at5125          -            461   4.7e-07   27.9   0.0   1   1   1.4e-07   1.3e-05   23.1   0.0   149   274   188   329    89   340 0.75 Protein kinase-like domain protein [Cordyceps fumosorosea ARSEF 2679]
OAA71606.1           -            537 11320at5125          -            461   4.8e-07   27.9   0.0   1   2     0.013       1.2    6.8   0.0     4    64    36    96    34   112 0.77 serine/threonine-protein kinase BUR1 [Cordyceps fumosorosea ARSEF 2679]
OAA71606.1           -            537 11320at5125          -            461   4.8e-07   27.9   0.0   2   2   3.6e-06   0.00034   18.5   0.0   148   226   164   255   161   269 0.74 serine/threonine-protein kinase BUR1 [Cordyceps fumosorosea ARSEF 2679]
OAA73163.1           -            467 11320at5125          -            461   7.7e-07   27.2   0.0   1   3    0.0013      0.12   10.1   0.0     4    95   213   310   210   328 0.67 Protein kinase-like domain protein [Cordyceps fumosorosea ARSEF 2679]
OAA73163.1           -            467 11320at5125          -            461   7.7e-07   27.2   0.0   2   3   0.00096     0.092   10.5   0.0   146   175   336   365   316   378 0.84 Protein kinase-like domain protein [Cordyceps fumosorosea ARSEF 2679]
OAA73163.1           -            467 11320at5125          -            461   7.7e-07   27.2   0.0   3   3      0.17        16    3.1   0.0   181   205   439   463   426   467 0.80 Protein kinase-like domain protein [Cordyceps fumosorosea ARSEF 2679]
OAA62158.1           -            622 11320at5125          -            461   1.8e-06   26.0   0.1   1   2      0.23        22    2.7   0.4    49    92   382   421   371   441 0.84 Protein kinase-like domain protein [Cordyceps fumosorosea ARSEF 2679]
OAA62158.1           -            622 11320at5125          -            461   1.8e-06   26.0   0.1   2   2     8e-07   7.7e-05   20.6   0.0   149   224   460   532   447   543 0.88 Protein kinase-like domain protein [Cordyceps fumosorosea ARSEF 2679]
OAA55089.1           -            562 11320at5125          -            461   3.2e-06   25.2   0.0   1   2     0.059       5.6    4.6   0.0   125   162   203   244   160   253 0.63 Protein kinase-like domain protein [Cordyceps fumosorosea ARSEF 2679]
OAA55089.1           -            562 11320at5125          -            461   3.2e-06   25.2   0.0   2   2   4.7e-06   0.00045   18.1   0.0   155   228   356   427   343   436 0.85 Protein kinase-like domain protein [Cordyceps fumosorosea ARSEF 2679]
OAA55456.1           -            692 11320at5125          -            461   7.6e-05   20.6   0.0   1   1   2.3e-06   0.00022   19.1   0.0   149   229   497   594   480   610 0.76 Calcium/calmodulin-dependent/calcium-dependent protein kinase [Cordyceps fumosorosea ARSEF 2679]
OAA58695.1           -            305 11320at5125          -            461   0.00016   19.6   0.0   1   1   2.2e-06   0.00021   19.2   0.0   143   230   122   219   103   227 0.71 Protein kinase-like domain protein [Cordyceps fumosorosea ARSEF 2679]
OAA72134.1           -            289 11320at5125          -            461   0.00065   17.6   0.0   1   1   9.9e-06   0.00095   17.0   0.0   147   244    43   154    31   160 0.78 Protein kinase-like domain protein [Cordyceps fumosorosea ARSEF 2679]
OAA56884.1           -            258 11320at5125          -            461   0.00076   17.4   0.0   1   1     1e-05     0.001   17.0   0.0   149   274   122   242   111   251 0.89 Protein kinase-like domain protein [Cordyceps fumosorosea ARSEF 2679]
OAA64010.1           -            425 11320at5125          -            461   0.00079   17.3   0.0   1   1   2.3e-05    0.0022   15.8   0.0   168   228   247   305   231   340 0.77 Protein kinase-like domain protein [Cordyceps fumosorosea ARSEF 2679]
OAA73160.1           -            752 11320at5125          -            461   0.00087   17.2   0.0   1   1   1.3e-05    0.0013   16.6   0.0   146   230   602   693   585   739 0.79 Protein kinase-like domain protein [Cordyceps fumosorosea ARSEF 2679]
OAA69159.1           -            246 11320at5125          -            461    0.0027   15.5   0.0   1   1   5.4e-05    0.0052   14.6   0.0   148   260   121   227   108   236 0.81 Protein kinase-like domain protein [Cordyceps fumosorosea ARSEF 2679]
OAA64898.1           -            965 11320at5125          -            461    0.0054   14.5   0.0   1   2    0.0092      0.88    7.2   0.0   148   177   327   359   318   368 0.78 Protein kinase-like domain protein [Cordyceps fumosorosea ARSEF 2679]
OAA64898.1           -            965 11320at5125          -            461    0.0054   14.5   0.0   2   2      0.06       5.7    4.6   0.0   193   218   401   427   389   432 0.81 Protein kinase-like domain protein [Cordyceps fumosorosea ARSEF 2679]
OAA60869.1           -           1208 11320at5125          -            461    0.0073   14.1   0.0   1   2    0.0006     0.058   11.1   0.0   143   180   887   928   869   955 0.73 serine/threonine-protein kinase [Cordyceps fumosorosea ARSEF 2679]
OAA60869.1           -           1208 11320at5125          -            461    0.0073   14.1   0.0   2   2       1.2   1.1e+02    0.3   0.0   201   278   984  1069   961  1090 0.73 serine/threonine-protein kinase [Cordyceps fumosorosea ARSEF 2679]
OAA63017.1           -           2491 11320at5125          -            461    0.0074   14.1   0.0   1   1   0.00015     0.014   13.2   0.0   192   253   305   368   251   420 0.78 two-component sensor protein histidine protein kinase [Cordyceps fumosorosea ARSEF 2679]
OAA70697.1           -            285 11320at5125          -            461    0.0089   13.8   0.0   1   1   0.00019     0.019   12.8   0.0   149   263   166   278   152   285 0.79 Protein kinase-like domain protein [Cordyceps fumosorosea ARSEF 2679]
OAA63928.1           -            516 11320at5125          -            461    0.0094   13.7   0.0   1   1   0.00016     0.016   13.0   0.0   145   220   346   425   332   431 0.71 Protein kinase-like domain protein [Cordyceps fumosorosea ARSEF 2679]
OAA44437.1           -            351 11320at5125          -            461     0.025   12.4   0.0   1   1   0.00055     0.052   11.3   0.0   149   261   219   329   194   345 0.76 Protein kinase-like domain protein [Cordyceps fumosorosea ARSEF 2679]
OAA70712.1           -            330 11320at5125          -            461     0.032   12.0   0.0   1   1   0.00053      0.05   11.3   0.0   149   217   102   178    95   191 0.68 casein kinase I isoform delta [Cordyceps fumosorosea ARSEF 2679]
OAA39189.1           -            310 11320at5125          -            461     0.041   11.6   0.0   1   1   0.00055     0.053   11.3   0.0   149   193   133   180   125   240 0.71 casein kinase 1, delta [Cordyceps fumosorosea ARSEF 2679]
OAA58229.1           -            176 11320at5125          -            461     0.083   10.6   0.0   1   1    0.0015      0.14    9.9   0.0   170   223     9    60     3    83 0.75 Protein kinase-like domain protein [Cordyceps fumosorosea ARSEF 2679]
OAA49227.1           -            268 11320at5125          -            461     0.092   10.5   0.0   1   2       4.7   4.5e+02   -1.7   0.0    60    70    65    75    49    81 0.75 Protein kinase-like domain protein [Cordyceps fumosorosea ARSEF 2679]
OAA49227.1           -            268 11320at5125          -            461     0.092   10.5   0.0   2   2    0.0039      0.37    8.5   0.0   149   260   122   229   115   246 0.59 Protein kinase-like domain protein [Cordyceps fumosorosea ARSEF 2679]
OAA67604.1           -            289 11320at5125          -            461      0.26    9.0   3.9   1   1    0.0061      0.58    7.8   3.9   304   371   115   181    88   236 0.62 hypothetical protein ISF_03780 [Cordyceps fumosorosea ARSEF 2679]
#
# Program:         hmmsearch
# Version:         3.1b2 (February 2015)
# Pipeline mode:   SEARCH
# Query file:      /home/zack/funannotate_db/hypocreales_odb10/hmms/11320at5125.hmm
# Target file:     /home/zack/Desktop/IsariaPreferralGenome/MyGenomeSubmittedToNCBI/HypocrealesProteinSets/Cfumosorosea_ARSEF2679.faa
# Option settings: hmmsearch --domtblout /home/zack/Desktop/IsariaPreferralGenome/MyGenomeSubmittedToNCBI/HypocrealesProteinSets/BUSCO_AA_all/BUSCO_AA_Cfumosorosea_ARSEF2679/run_hypocreales_odb10/hmmer_output/initial_run_results/11320at5125.out --cpu 1 /home/zack/funannotate_db/hypocreales_odb10/hmms/11320at5125.hmm /home/zack/Desktop/IsariaPreferralGenome/MyGenomeSubmittedToNCBI/HypocrealesProteinSets/Cfumosorosea_ARSEF2679.faa 
# Current dir:     /home/zack/Desktop/IsariaPreferralGenome/MyGenomeSubmittedToNCBI/HypocrealesProteinSets/BUSCO_AA_all
# Date:            Mon Mar  4 14:48:47 2024
# [ok]
