#                                                                            --- full sequence --- -------------- this domain -------------   hmm coord   ali coord   env coord
# target name        accession   tlen query name           accession   qlen   E-value  score  bias   #  of  c-Evalue  i-Evalue  score  bias  from    to  from    to  from    to  acc description of target
#------------------- ---------- ----- -------------------- ---------- ----- --------- ------ ----- --- --- --------- --------- ------ ----- ----- ----- ----- ----- ----- ----- ---- ---------------------
OAA71558.1           -            546 14243at5125          -            472  1.9e-277  919.4  21.9   1   1    3e-279  5.2e-277  918.0  21.9     1   471     1   522     1   523 0.94 General substrate transporter [Cordyceps fumosorosea ARSEF 2679]
OAA72233.1           -            502 14243at5125          -            472  2.6e-143  477.2  24.2   1   1    4e-145  6.9e-143  475.8  24.2     2   448     4   473     3   480 0.91 Sugar/inositol transporter [Cordyceps fumosorosea ARSEF 2679]
OAA69867.1           -            506 14243at5125          -            472  2.2e-136  454.3  24.1   1   1  7.9e-138  1.4e-135  451.7  24.1    52   449    35   462     3   468 0.90 Sugar/inositol transporter [Cordyceps fumosorosea ARSEF 2679]
OAA63054.1           -            886 14243at5125          -            472   8.2e-82  274.4  16.5   1   1   6.9e-84   1.2e-81  273.8  16.5    13   453   344   787   336   793 0.90 General substrate transporter [Cordyceps fumosorosea ARSEF 2679]
OAA35081.1           -            541 14243at5125          -            472   9.4e-77  257.7  13.7   1   1   7.3e-79   1.3e-76  257.3  13.7     9   449    54   513    50   519 0.90 General substrate transporter [Cordyceps fumosorosea ARSEF 2679]
OAA62277.1           -            569 14243at5125          -            472   2.7e-75  252.9  13.0   1   1   2.2e-77   3.7e-75  252.4  13.0    15   451    29   488    19   504 0.87 high affinity glucose transporter RGT2 [Cordyceps fumosorosea ARSEF 2679]
OAA56083.1           -            550 14243at5125          -            472   4.9e-74  248.7  12.0   1   1   3.7e-76   6.4e-74  248.4  12.0    48   454    68   483    15   487 0.88 sugar transporter STL1 [Cordyceps fumosorosea ARSEF 2679]
OAA65034.1           -            520 14243at5125          -            472   3.2e-72  242.8  12.2   1   1   2.5e-74   4.3e-72  242.3  12.2    14   465    30   495    19   501 0.86 high-affinity glucose transporter [Cordyceps fumosorosea ARSEF 2679]
OAA74232.1           -            541 14243at5125          -            472   1.4e-69  234.0  14.0   1   1   1.1e-71   1.8e-69  233.7  14.0     6   449    22   495    16   503 0.84 Sugar/inositol transporter [Cordyceps fumosorosea ARSEF 2679]
OAA52915.1           -            549 14243at5125          -            472   2.9e-66  223.1  26.5   1   1   1.7e-66     3e-64  216.5  26.5     8   452    26   510    21   515 0.82 General substrate transporter [Cordyceps fumosorosea ARSEF 2679]
OAA70438.1           -            539 14243at5125          -            472   2.3e-64  216.8  15.9   1   1   1.7e-66     3e-64  216.5  15.9     8   448    42   503    36   522 0.86 General substrate transporter [Cordyceps fumosorosea ARSEF 2679]
OAA73730.1           -            571 14243at5125          -            472   2.3e-63  213.5  21.2   1   1   1.8e-65   3.2e-63  213.1  21.2    14   448    51   508    41   516 0.88 siderophore iron transporter mirC [Cordyceps fumosorosea ARSEF 2679]
OAA71521.1           -            545 14243at5125          -            472   1.4e-62  211.0  10.8   1   1     1e-64   1.7e-62  210.7  10.8     4   450    28   501    24   507 0.81 General substrate transporter [Cordyceps fumosorosea ARSEF 2679]
OAA52972.1           -            564 14243at5125          -            472     3e-61  206.6  20.6   1   1   4.3e-63   7.5e-61  205.3  20.6     6   450    35   524    31   538 0.82 Sugar/inositol transporter [Cordyceps fumosorosea ARSEF 2679]
OAA53333.1           -            592 14243at5125          -            472   1.2e-60  204.6  14.5   1   1   1.1e-62   1.9e-60  203.9  14.5    46   448   125   551    66   559 0.85 General substrate transporter [Cordyceps fumosorosea ARSEF 2679]
OAA69905.1           -            536 14243at5125          -            472   1.4e-57  194.5   9.9   1   1   1.1e-59   1.9e-57  194.1   9.9    56   453    91   501    50   506 0.87 General substrate transporter [Cordyceps fumosorosea ARSEF 2679]
OAA56099.1           -            532 14243at5125          -            472   7.9e-55  185.4  15.2   1   1     6e-57     1e-54  185.0  15.2     6   448    21   493    16   501 0.85 quinate permease [Cordyceps fumosorosea ARSEF 2679]
OAA63127.1           -            518 14243at5125          -            472   1.3e-51  174.8  10.0   1   1     1e-53   1.8e-51  174.4  10.0    13   449    30   479    23   487 0.85 General substrate transporter [Cordyceps fumosorosea ARSEF 2679]
OAA72357.1           -            525 14243at5125          -            472   1.6e-50  171.2  10.5   1   1   1.2e-52   2.2e-50  170.8  10.5     6   454    53   513    49   517 0.83 Sugar/inositol transporter [Cordyceps fumosorosea ARSEF 2679]
OAA58174.1           -            561 14243at5125          -            472   2.1e-49  167.5  12.7   1   1   1.6e-51   2.8e-49  167.1  12.7    48   449    70   490    22   512 0.80 sugar transporter STL1 [Cordyceps fumosorosea ARSEF 2679]
OAA72309.1           -            601 14243at5125          -            472   1.6e-48  164.6  12.6   1   1   1.2e-50   2.2e-48  164.2  12.6    19   450    94   540    83   559 0.86 General substrate transporter [Cordyceps fumosorosea ARSEF 2679]
OAA52925.1           -            537 14243at5125          -            472     3e-46  157.1  16.6   1   1   2.4e-48   4.2e-46  156.6  16.6     5   454    53   513    50   526 0.83 lactose permease [Cordyceps fumosorosea ARSEF 2679]
OAA52965.1           -            513 14243at5125          -            472   7.9e-46  155.7   7.6   1   1   5.9e-48     1e-45  155.4   7.6    14   450    21   474    11   493 0.81 ascus development protein [Cordyceps fumosorosea ARSEF 2679]
OAA63793.1           -            432 14243at5125          -            472   1.9e-45  154.5   6.7   1   1     2e-47   3.5e-45  153.6   6.6    68   448     2   396     1   402 0.86 hexose transport-related protein [Cordyceps fumosorosea ARSEF 2679]
OAA69457.1           -            533 14243at5125          -            472   3.2e-43  147.1  18.6   1   2     3e-33   5.1e-31  106.9  10.7    13   338    46   387    36   405 0.77 General substrate transporter [Cordyceps fumosorosea ARSEF 2679]
OAA69457.1           -            533 14243at5125          -            472   3.2e-43  147.1  18.6   2   2     1e-13   1.8e-11   42.4   1.0   348   453   421   532   415   533 0.83 General substrate transporter [Cordyceps fumosorosea ARSEF 2679]
OAA69157.1           -            527 14243at5125          -            472   2.5e-42  144.2  12.3   1   2   7.4e-13   1.3e-10   39.6   3.7     6   168    23   190    18   201 0.77 D-xylose-proton symporter [Cordyceps fumosorosea ARSEF 2679]
OAA69157.1           -            527 14243at5125          -            472   2.5e-42  144.2  12.3   2   2   5.5e-34   9.6e-32  109.3   1.4   269   450   294   485   289   496 0.88 D-xylose-proton symporter [Cordyceps fumosorosea ARSEF 2679]
OAA63133.1           -            563 14243at5125          -            472   2.7e-42  144.0  17.1   1   1   2.3e-44     4e-42  143.5  17.1    55   450    76   515    31   524 0.78 Sugar/inositol transporter [Cordyceps fumosorosea ARSEF 2679]
OAA59286.1           -            721 14243at5125          -            472   7.4e-42  142.6  13.5   1   1     6e-44     1e-41  142.1  13.5    63   453   232   642   212   657 0.79 Sugar/inositol transporter [Cordyceps fumosorosea ARSEF 2679]
OAA71293.1           -            529 14243at5125          -            472   1.1e-41  142.1  18.1   1   1   7.7e-44   1.3e-41  141.8  18.1     4   451     4   482     1   494 0.82 Sugar/inositol transporter [Cordyceps fumosorosea ARSEF 2679]
OAA62173.1           -            555 14243at5125          -            472   1.7e-41  141.4  11.4   1   1   1.4e-43   2.4e-41  140.9  11.4     6   454    57   533    53   550 0.78 General substrate transporter [Cordyceps fumosorosea ARSEF 2679]
OAA57749.1           -            640 14243at5125          -            472   1.9e-40  138.0  15.4   1   1   1.8e-42   3.1e-40  137.3  15.4    47   450   150   579   112   591 0.76 General substrate transporter [Cordyceps fumosorosea ARSEF 2679]
OAA70690.1           -            574 14243at5125          -            472   4.2e-40  136.9  12.4   1   1   3.2e-42   5.6e-40  136.4  12.4    57   450   111   523    75   532 0.84 plastidic glucose transporter 4 [Cordyceps fumosorosea ARSEF 2679]
OAA48788.1           -            631 14243at5125          -            472   6.2e-39  133.0  14.5   1   1   9.8e-41   1.7e-38  131.5  14.5    65   451   172   590   160   596 0.78 plastidic glucose transporter 4 [Cordyceps fumosorosea ARSEF 2679]
OAA53365.1           -            543 14243at5125          -            472   2.2e-38  131.2  23.4   1   2   7.4e-12   1.3e-09   36.3   2.1     6   104    21   115    17   130 0.87 MFS quinate transporter QutD [Cordyceps fumosorosea ARSEF 2679]
OAA53365.1           -            543 14243at5125          -            472   2.2e-38  131.2  23.4   2   2   3.9e-31   6.8e-29   99.9  13.7   111   448   144   518   141   528 0.77 MFS quinate transporter QutD [Cordyceps fumosorosea ARSEF 2679]
OAA59368.1           -            573 14243at5125          -            472   1.2e-35  122.2   9.6   1   1     1e-37   1.7e-35  121.6   9.6    75   450   120   527    71   536 0.81 General substrate transporter [Cordyceps fumosorosea ARSEF 2679]
OAA60868.1           -            675 14243at5125          -            472   1.3e-35  122.1  13.3   1   1   9.9e-38   1.7e-35  121.6  13.3    45   448   198   626   181   648 0.78 General substrate transporter [Cordyceps fumosorosea ARSEF 2679]
OAA62185.1           -            519 14243at5125          -            472   4.6e-31  107.0  10.3   1   1   3.5e-33   6.1e-31  106.6  10.3    16   449    58   506    52   517 0.82 maltose permease [Cordyceps fumosorosea ARSEF 2679]
OAA55146.1           -            618 14243at5125          -            472     8e-31  106.2  12.5   1   1   6.1e-33   1.1e-30  105.8  12.5    53   449    98   507    54   520 0.83 Sugar/inositol transporter [Cordyceps fumosorosea ARSEF 2679]
OAA47979.1           -            556 14243at5125          -            472   1.8e-30  105.1  11.2   1   1   1.3e-32   2.3e-30  104.7  11.2    21   449    68   513    58   524 0.80 Sugar/inositol transporter [Cordyceps fumosorosea ARSEF 2679]
OAA58881.1           -            563 14243at5125          -            472     4e-30  103.9  14.9   1   1   3.1e-32   5.4e-30  103.5  14.9    20   450    76   526    62   540 0.80 Sugar/inositol transporter [Cordyceps fumosorosea ARSEF 2679]
OAA38283.1           -            545 14243at5125          -            472   5.6e-30  103.5  12.1   1   1   4.3e-32   7.5e-30  103.0  12.1    44   449    93   512    58   523 0.79 Sugar/inositol transporter [Cordyceps fumosorosea ARSEF 2679]
OAA54707.1           -            543 14243at5125          -            472   6.9e-30  103.2  13.5   1   1   5.2e-32     9e-30  102.8  13.5    53   448   109   520    61   528 0.80 Sugar/inositol transporter [Cordyceps fumosorosea ARSEF 2679]
OAA53166.1           -            540 14243at5125          -            472   1.8e-26   91.9  16.7   1   1   1.4e-28   2.4e-26   91.5  16.7    19   448    67   512    56   519 0.81 General substrate transporter [Cordyceps fumosorosea ARSEF 2679]
OAA70279.1           -            532 14243at5125          -            472   2.7e-26   91.3   6.5   1   1     2e-28   3.5e-26   90.9   6.5    53   448    95   509    77   522 0.79 maltose permease MAL31 [Cordyceps fumosorosea ARSEF 2679]
OAA70612.1           -            560 14243at5125          -            472   1.3e-24   85.8  11.9   1   1   3.7e-26   6.4e-24   83.5  11.9    20   449    33   513    18   521 0.69 General substrate transporter [Cordyceps fumosorosea ARSEF 2679]
OAA69133.1           -            425 14243at5125          -            472   2.2e-24   85.0   4.2   1   1   2.1e-26   3.6e-24   84.3   4.2    61   360    83   409    61   420 0.74 General substrate transporter [Cordyceps fumosorosea ARSEF 2679]
OAA56848.1           -            509 14243at5125          -            472   1.3e-22   79.1  13.4   1   1   4.7e-24   8.1e-22   76.5  13.4    58   407    88   451    75   495 0.77 General substrate transporter [Cordyceps fumosorosea ARSEF 2679]
OAA71332.1           -            557 14243at5125          -            472   6.1e-22   77.0   9.0   1   1   4.6e-24   7.9e-22   76.6   9.0    52   412   128   496    90   548 0.80 trehalose transport-related protein [Cordyceps fumosorosea ARSEF 2679]
OAA63785.1           -            518 14243at5125          -            472     9e-10   36.8   3.7   1   2   7.2e-09   1.2e-06   26.5   0.1    67   207   106   250    88   257 0.85 sugar transporter family protein [Cordyceps fumosorosea ARSEF 2679]
OAA63785.1           -            518 14243at5125          -            472     9e-10   36.8   3.7   2   2   0.00046      0.08   10.6   0.8    56   144   315   404   304   417 0.71 sugar transporter family protein [Cordyceps fumosorosea ARSEF 2679]
OAA58325.1           -            742 14243at5125          -            472   1.1e-09   36.6  12.9   1   1   1.2e-09   2.1e-07   29.0  12.9    15   393    68   486    57   560 0.66 phosphate:H+ symporter [Cordyceps fumosorosea ARSEF 2679]
OAA60027.1           -            497 14243at5125          -            472     3e-08   31.8   5.7   1   2   2.7e-07   4.6e-05   21.3   2.1    47   196    78   248    43   259 0.75 Major facilitator superfamily domain, general substrate transporter [Cordyceps fumosorosea ARSEF 2679]
OAA60027.1           -            497 14243at5125          -            472     3e-08   31.8   5.7   2   2    0.0002     0.034   11.8   0.1    68   104   320   357   300   427 0.66 Major facilitator superfamily domain, general substrate transporter [Cordyceps fumosorosea ARSEF 2679]
OAA71380.1           -            506 14243at5125          -            472   1.8e-07   29.2   2.1   1   2   1.1e-09   1.8e-07   29.2   2.1    72   207    62   203    53   226 0.76 Major facilitator superfamily domain, general substrate transporter [Cordyceps fumosorosea ARSEF 2679]
OAA71380.1           -            506 14243at5125          -            472   1.8e-07   29.2   2.1   2   2      0.64   1.1e+02    0.3   0.1    58    81   411   434   321   457 0.78 Major facilitator superfamily domain, general substrate transporter [Cordyceps fumosorosea ARSEF 2679]
OAA38790.1           -            204 14243at5125          -            472   3.2e-07   28.4   3.9   1   1   1.8e-09   3.2e-07   28.4   3.9    68   170     8   110     4   129 0.82 Major facilitator superfamily domain, general substrate transporter [Cordyceps fumosorosea ARSEF 2679]
OAA61387.1           -            649 14243at5125          -            472   2.8e-05   22.0   0.6   1   1   2.9e-07     5e-05   21.2   0.6    73   186   206   320   163   345 0.82 Major facilitator superfamily [Cordyceps fumosorosea ARSEF 2679]
OAA53271.1           -            481 14243at5125          -            472   5.6e-05   21.0   0.7   1   3   3.2e-07   5.6e-05   21.0   0.7    58   133    65   142    48   179 0.78 membrane transporter [Cordyceps fumosorosea ARSEF 2679]
OAA53271.1           -            481 14243at5125          -            472   5.6e-05   21.0   0.7   2   3       3.9   6.7e+02   -2.3   0.0   106   135   280   309   275   323 0.82 membrane transporter [Cordyceps fumosorosea ARSEF 2679]
OAA53271.1           -            481 14243at5125          -            472   5.6e-05   21.0   0.7   3   3      0.79   1.4e+02   -0.0   0.4   307   375   331   397   303   403 0.77 membrane transporter [Cordyceps fumosorosea ARSEF 2679]
OAA59445.1           -            509 14243at5125          -            472   0.00017   19.4  10.4   1   3   2.8e-06   0.00048   17.9   1.3    57   153    91   198    66   258 0.65 Major facilitator superfamily transporter [Cordyceps fumosorosea ARSEF 2679]
OAA59445.1           -            509 14243at5125          -            472   0.00017   19.4  10.4   2   3     0.055       9.6    3.8   0.1    69    99   322   353   298   373 0.78 Major facilitator superfamily transporter [Cordyceps fumosorosea ARSEF 2679]
OAA59445.1           -            509 14243at5125          -            472   0.00017   19.4  10.4   3   3      0.13        23    2.5   0.3    56    98   403   446   390   450 0.83 Major facilitator superfamily transporter [Cordyceps fumosorosea ARSEF 2679]
OAA53527.1           -            497 14243at5125          -            472   0.00027   18.8   1.9   1   1   2.8e-06   0.00048   17.9   1.9    55   137   277   360   261   380 0.76 Major facilitator superfamily domain, general substrate transporter [Cordyceps fumosorosea ARSEF 2679]
OAA61392.1           -            524 14243at5125          -            472    0.0038   15.0   3.2   1   2   6.6e-05     0.012   13.4   0.4    66   120    71   126    48   160 0.77 MFS transporter [Cordyceps fumosorosea ARSEF 2679]
OAA61392.1           -            524 14243at5125          -            472    0.0038   15.0   3.2   2   2      0.21        37    1.8   0.1   370   428   329   387   321   394 0.88 MFS transporter [Cordyceps fumosorosea ARSEF 2679]
#
# Program:         hmmsearch
# Version:         3.1b2 (February 2015)
# Pipeline mode:   SEARCH
# Query file:      /home/zack/funannotate_db/hypocreales_odb10/hmms/14243at5125.hmm
# Target file:     /home/zack/Desktop/IsariaPreferralGenome/MyGenomeSubmittedToNCBI/HypocrealesProteinSets/Cfumosorosea_ARSEF2679.faa
# Option settings: hmmsearch --domtblout /home/zack/Desktop/IsariaPreferralGenome/MyGenomeSubmittedToNCBI/HypocrealesProteinSets/BUSCO_AA_all/BUSCO_AA_Cfumosorosea_ARSEF2679/run_hypocreales_odb10/hmmer_output/initial_run_results/14243at5125.out --cpu 1 /home/zack/funannotate_db/hypocreales_odb10/hmms/14243at5125.hmm /home/zack/Desktop/IsariaPreferralGenome/MyGenomeSubmittedToNCBI/HypocrealesProteinSets/Cfumosorosea_ARSEF2679.faa 
# Current dir:     /home/zack/Desktop/IsariaPreferralGenome/MyGenomeSubmittedToNCBI/HypocrealesProteinSets/BUSCO_AA_all
# Date:            Mon Mar  4 14:49:17 2024
# [ok]
