#                                                                            --- full sequence --- -------------- this domain -------------   hmm coord   ali coord   env coord
# target name        accession   tlen query name           accession   qlen   E-value  score  bias   #  of  c-Evalue  i-Evalue  score  bias  from    to  from    to  from    to  acc description of target
#------------------- ---------- ----- -------------------- ---------- ----- --------- ------ ----- --- --- --------- --------- ------ ----- ----- ----- ----- ----- ----- ----- ---- ---------------------
OAA61536.1           -            603 15454at5125          -            472   1.3e-94  316.3   5.9   1   2         7     1e+03   -3.1   0.4    87   117     7    37     2    47 0.68 WD-repeat containing protein slp1 [Cordyceps fumosorosea ARSEF 2679]
OAA61536.1           -            603 15454at5125          -            472   1.3e-94  316.3   5.9   2   2   8.9e-97   1.3e-94  316.3   5.9   144   461   266   585   256   594 0.95 WD-repeat containing protein slp1 [Cordyceps fumosorosea ARSEF 2679]
OAA65027.1           -            354 15454at5125          -            472   1.3e-21   75.7   1.3   1   2   6.3e-19   9.3e-17   59.7   0.6   244   453    56   263    36   280 0.89 U5 snRNP complex subunit [Cordyceps fumosorosea ARSEF 2679]
OAA65027.1           -            354 15454at5125          -            472   1.3e-21   75.7   1.3   2   2   3.6e-05    0.0053   14.3   0.0   213   270   286   346   274   352 0.65 U5 snRNP complex subunit [Cordyceps fumosorosea ARSEF 2679]
OAA54445.1           -            591 15454at5125          -            472   4.1e-17   60.8   4.1   1   6   0.00019     0.029   11.9   0.1   424   454   339   369   276   377 0.67 transcriptional repressor TUP1 [Cordyceps fumosorosea ARSEF 2679]
OAA54445.1           -            591 15454at5125          -            472   4.1e-17   60.8   4.1   2   6   0.00014     0.021   12.3   0.0   417   450   374   407   369   414 0.90 transcriptional repressor TUP1 [Cordyceps fumosorosea ARSEF 2679]
OAA54445.1           -            591 15454at5125          -            472   4.1e-17   60.8   4.1   3   6      0.05       7.4    3.9   0.0   424   451   422   449   409   460 0.86 transcriptional repressor TUP1 [Cordyceps fumosorosea ARSEF 2679]
OAA54445.1           -            591 15454at5125          -            472   4.1e-17   60.8   4.1   4   6   0.00022     0.032   11.7   0.0   418   458   461   501   452   512 0.84 transcriptional repressor TUP1 [Cordyceps fumosorosea ARSEF 2679]
OAA54445.1           -            591 15454at5125          -            472   4.1e-17   60.8   4.1   5   6    0.0061       0.9    7.0   0.0   414   449   510   545   507   552 0.91 transcriptional repressor TUP1 [Cordyceps fumosorosea ARSEF 2679]
OAA54445.1           -            591 15454at5125          -            472   4.1e-17   60.8   4.1   6   6    0.0014      0.21    9.1   0.0   416   449   554   587   546   590 0.91 transcriptional repressor TUP1 [Cordyceps fumosorosea ARSEF 2679]
OAA67545.1           -            527 15454at5125          -            472   3.6e-16   57.7   1.9   1   4   0.00067     0.099   10.1   0.0   416   449   164   197   155   201 0.90 WD repeat-containing protein [Cordyceps fumosorosea ARSEF 2679]
OAA67545.1           -            527 15454at5125          -            472   3.6e-16   57.7   1.9   2   4   2.7e-05     0.004   14.7   0.0   282   325   202   245   198   251 0.88 WD repeat-containing protein [Cordyceps fumosorosea ARSEF 2679]
OAA67545.1           -            527 15454at5125          -            472   3.6e-16   57.7   1.9   3   4   4.8e-09     7e-07   27.1   0.0   246   350   269   375   265   381 0.89 WD repeat-containing protein [Cordyceps fumosorosea ARSEF 2679]
OAA67545.1           -            527 15454at5125          -            472   3.6e-16   57.7   1.9   4   4      0.25        37    1.6   0.2   233   319   383   473   379   480 0.60 WD repeat-containing protein [Cordyceps fumosorosea ARSEF 2679]
OAA57224.1           -            359 15454at5125          -            472   1.5e-15   55.7   2.9   1   2   6.9e-05      0.01   13.4   0.1   285   344    65   124    55   140 0.83 heterotrimeric G protein beta subunit [Cordyceps fumosorosea ARSEF 2679]
OAA57224.1           -            359 15454at5125          -            472   1.5e-15   55.7   2.9   2   2   5.2e-14   7.7e-12   43.5   0.9   210   449   115   358   102   359 0.82 heterotrimeric G protein beta subunit [Cordyceps fumosorosea ARSEF 2679]
OAA67614.1           -            960 15454at5125          -            472   3.6e-15   54.4   8.5   1   5   3.3e-07   4.8e-05   21.0   0.7   199   317    54   177    21   191 0.69 WD domain-containing protein [Cordyceps fumosorosea ARSEF 2679]
OAA67614.1           -            960 15454at5125          -            472   3.6e-15   54.4   8.5   2   5      0.93   1.4e+02   -0.2   0.0   417   451   421   454   409   469 0.67 WD domain-containing protein [Cordyceps fumosorosea ARSEF 2679]
OAA67614.1           -            960 15454at5125          -            472   3.6e-15   54.4   8.5   3   5   0.00042     0.062   10.8   0.0   405   449   490   534   474   547 0.85 WD domain-containing protein [Cordyceps fumosorosea ARSEF 2679]
OAA67614.1           -            960 15454at5125          -            472   3.6e-15   54.4   8.5   4   5   0.00048      0.07   10.6   0.0   401   450   585   634   577   642 0.90 WD domain-containing protein [Cordyceps fumosorosea ARSEF 2679]
OAA67614.1           -            960 15454at5125          -            472   3.6e-15   54.4   8.5   5   5   0.00026     0.038   11.5   0.1   259   321   663   724   642   734 0.64 WD domain-containing protein [Cordyceps fumosorosea ARSEF 2679]
OAA59918.1           -            514 15454at5125          -            472   7.1e-15   53.5  17.4   1   4      0.21        31    1.9   0.0   330   365   141   176   131   181 0.88 WD repeat protein [Cordyceps fumosorosea ARSEF 2679]
OAA59918.1           -            514 15454at5125          -            472   7.1e-15   53.5  17.4   2   4     2e-06    0.0003   18.4   0.1   416   451   182   217   177   231 0.87 WD repeat protein [Cordyceps fumosorosea ARSEF 2679]
OAA59918.1           -            514 15454at5125          -            472   7.1e-15   53.5  17.4   3   4   0.00085      0.13    9.8   8.0   186   353   257   420   218   433 0.77 WD repeat protein [Cordyceps fumosorosea ARSEF 2679]
OAA59918.1           -            514 15454at5125          -            472   7.1e-15   53.5  17.4   4   4   2.7e-05     0.004   14.7   0.1   406   452   428   474   423   479 0.86 WD repeat protein [Cordyceps fumosorosea ARSEF 2679]
OAA56488.1           -            713 15454at5125          -            472   9.3e-15   53.1  10.1   1   3   1.8e-05    0.0027   15.3   0.1   226   281   343   397   337   412 0.87 WD40 repeat-like-containing domain protein [Cordyceps fumosorosea ARSEF 2679]
OAA56488.1           -            713 15454at5125          -            472   9.3e-15   53.1  10.1   2   3   8.2e-06    0.0012   16.4   0.1   247   340   449   540   421   545 0.86 WD40 repeat-like-containing domain protein [Cordyceps fumosorosea ARSEF 2679]
OAA56488.1           -            713 15454at5125          -            472   9.3e-15   53.1  10.1   3   3   6.4e-09   9.4e-07   26.7   1.7   219   336   542   661   535   684 0.83 WD40 repeat-like-containing domain protein [Cordyceps fumosorosea ARSEF 2679]
OAA55439.1           -            611 15454at5125          -            472   4.3e-14   50.9  21.8   1   3   0.00024     0.036   11.6   0.1   211   368    64   223    35   236 0.53 WD40 repeat-like-containing domain protein [Cordyceps fumosorosea ARSEF 2679]
OAA55439.1           -            611 15454at5125          -            472   4.3e-14   50.9  21.8   2   3    0.0043      0.63    7.5   4.2   210   322   237   359   233   387 0.67 WD40 repeat-like-containing domain protein [Cordyceps fumosorosea ARSEF 2679]
OAA55439.1           -            611 15454at5125          -            472   4.3e-14   50.9  21.8   3   3   1.1e-12   1.7e-10   39.1   5.3   183   320   461   607   453   610 0.76 WD40 repeat-like-containing domain protein [Cordyceps fumosorosea ARSEF 2679]
OAA55447.1           -            902 15454at5125          -            472   1.1e-13   49.5   2.1   1   3     0.022       3.3    5.1   0.0   416   451   146   181   137   223 0.89 Periodic tryptophan protein 2 [Cordyceps fumosorosea ARSEF 2679]
OAA55447.1           -            902 15454at5125          -            472   1.1e-13   49.5   2.1   2   3   0.00017     0.024   12.1   0.0   401   450   325   374   311   378 0.91 Periodic tryptophan protein 2 [Cordyceps fumosorosea ARSEF 2679]
OAA55447.1           -            902 15454at5125          -            472   1.1e-13   49.5   2.1   3   3   1.1e-12   1.7e-10   39.0   0.3   283   456   337   508   334   521 0.86 Periodic tryptophan protein 2 [Cordyceps fumosorosea ARSEF 2679]
OAA74061.1           -            439 15454at5125          -            472   1.6e-13   49.0   3.1   1   3   1.1e-06   0.00016   19.3   0.2   286   351   187   260   178   274 0.80 chromatin assembly factor 1 subunit C [Cordyceps fumosorosea ARSEF 2679]
OAA74061.1           -            439 15454at5125          -            472   1.6e-13   49.0   3.1   2   3   5.7e-10   8.5e-08   30.1   0.2   243   366   235   364   228   368 0.76 chromatin assembly factor 1 subunit C [Cordyceps fumosorosea ARSEF 2679]
OAA74061.1           -            439 15454at5125          -            472   1.6e-13   49.0   3.1   3   3      0.29        43    1.4   0.0   288   323   387   422   377   429 0.77 chromatin assembly factor 1 subunit C [Cordyceps fumosorosea ARSEF 2679]
OAA53026.1           -            320 15454at5125          -            472   5.5e-13   47.2   9.7   1   3   7.3e-14   1.1e-11   43.0   5.2   245   450    10   221     2   225 0.82 guanine nucleotide-binding protein beta subunit-like protein [Cordyceps fumosorosea ARSEF 2679]
OAA53026.1           -            320 15454at5125          -            472   5.5e-13   47.2   9.7   2   3    0.0022      0.33    8.4   0.0   307   375   208   271   205   292 0.76 guanine nucleotide-binding protein beta subunit-like protein [Cordyceps fumosorosea ARSEF 2679]
OAA53026.1           -            320 15454at5125          -            472   5.5e-13   47.2   9.7   3   3     0.021       3.1    5.2   0.1   425   453   291   319   281   320 0.91 guanine nucleotide-binding protein beta subunit-like protein [Cordyceps fumosorosea ARSEF 2679]
OAA73337.1           -            469 15454at5125          -            472   7.3e-13   46.8   3.9   1   3   3.8e-10   5.7e-08   30.7   0.4   208   351   116   271   110   278 0.84 Dynein regulator [Cordyceps fumosorosea ARSEF 2679]
OAA73337.1           -            469 15454at5125          -            472   7.3e-13   46.8   3.9   2   3    0.0025      0.37    8.2   0.0   393   458   227   290   220   301 0.74 Dynein regulator [Cordyceps fumosorosea ARSEF 2679]
OAA73337.1           -            469 15454at5125          -            472   7.3e-13   46.8   3.9   3   3   1.3e-05     0.002   15.7   0.3   262   344   332   414   326   433 0.86 Dynein regulator [Cordyceps fumosorosea ARSEF 2679]
OAA69656.1           -           1042 15454at5125          -            472   1.5e-12   45.8   0.2   1   3    0.0028      0.41    8.1   0.0   422   450    18    46    10    56 0.85 TUP1-like enhancer of split [Cordyceps fumosorosea ARSEF 2679]
OAA69656.1           -           1042 15454at5125          -            472   1.5e-12   45.8   0.2   2   3     3e-09   4.4e-07   27.7   0.0   238   349    58   187    53   205 0.81 TUP1-like enhancer of split [Cordyceps fumosorosea ARSEF 2679]
OAA69656.1           -           1042 15454at5125          -            472   1.5e-12   45.8   0.2   3   3     0.014         2    5.8   0.0   306   364   313   372   306   394 0.81 TUP1-like enhancer of split [Cordyceps fumosorosea ARSEF 2679]
OAA70460.1           -           1245 15454at5125          -            472     2e-12   45.4   0.5   1   2       2.4   3.6e+02   -1.6   0.0   326   356   114   144    86   156 0.74 WD40/YVTN repeat-like-containing domain protein [Cordyceps fumosorosea ARSEF 2679]
OAA70460.1           -           1245 15454at5125          -            472     2e-12   45.4   0.5   2   2     4e-14     6e-12   43.8   0.3   208   351   167   318   141   352 0.80 WD40/YVTN repeat-like-containing domain protein [Cordyceps fumosorosea ARSEF 2679]
OAA62966.1           -            306 15454at5125          -            472   6.2e-12   43.8   7.0   1   2     6e-10   8.9e-08   30.1   0.3   256   352    20   123     3   144 0.78 protein transport protein SEC13 [Cordyceps fumosorosea ARSEF 2679]
OAA62966.1           -            306 15454at5125          -            472   6.2e-12   43.8   7.0   2   2   6.4e-06   0.00095   16.8   1.2   225   319   183   291   176   298 0.77 protein transport protein SEC13 [Cordyceps fumosorosea ARSEF 2679]
OAA66082.1           -            795 15454at5125          -            472   1.4e-11   42.6   1.5   1   2   5.3e-07   7.8e-05   20.3   0.4   297   449   502   650   485   661 0.75 WD domain protein [Cordyceps fumosorosea ARSEF 2679]
OAA66082.1           -            795 15454at5125          -            472   1.4e-11   42.6   1.5   2   2   4.4e-07   6.5e-05   20.6   0.0   211   320   666   780   644   789 0.77 WD domain protein [Cordyceps fumosorosea ARSEF 2679]
OAA56420.1           -            696 15454at5125          -            472   1.9e-10   38.8   2.6   1   3   3.9e-09   5.8e-07   27.4   0.7   245   365   360   474   354   490 0.54 sulfur controller-2 [Cordyceps fumosorosea ARSEF 2679]
OAA56420.1           -            696 15454at5125          -            472   1.9e-10   38.8   2.6   2   3   0.00069       0.1   10.1   0.6   232   338   427   531   425   537 0.86 sulfur controller-2 [Cordyceps fumosorosea ARSEF 2679]
OAA56420.1           -            696 15454at5125          -            472   1.9e-10   38.8   2.6   3   3    0.0035      0.51    7.8   0.0   184   269   593   676   556   688 0.60 sulfur controller-2 [Cordyceps fumosorosea ARSEF 2679]
OAA71388.1           -            674 15454at5125          -            472   9.6e-10   36.5  15.7   1   3   9.3e-05     0.014   12.9   6.0   198   320   274   391   266   410 0.78 F-box and WD repeat-containing protein [Cordyceps fumosorosea ARSEF 2679]
OAA71388.1           -            674 15454at5125          -            472   9.6e-10   36.5  15.7   2   3   1.3e-05     0.002   15.7   3.9   220   340   333   451   317   452 0.78 F-box and WD repeat-containing protein [Cordyceps fumosorosea ARSEF 2679]
OAA71388.1           -            674 15454at5125          -            472   9.6e-10   36.5  15.7   3   3   2.3e-09   3.4e-07   28.1   2.2   219   387   413   574   405   595 0.86 F-box and WD repeat-containing protein [Cordyceps fumosorosea ARSEF 2679]
OAA74071.1           -            902 15454at5125          -            472   1.8e-09   35.6   7.8   1   5      0.28        41    1.5   0.0   285   320   105   140    76   167 0.66 small nucleolar ribonucleoprotein complex subunit [Cordyceps fumosorosea ARSEF 2679]
OAA74071.1           -            902 15454at5125          -            472   1.8e-09   35.6   7.8   2   5   9.9e-05     0.015   12.9   0.2   223   320   197   294   190   318 0.73 small nucleolar ribonucleoprotein complex subunit [Cordyceps fumosorosea ARSEF 2679]
OAA74071.1           -            902 15454at5125          -            472   1.8e-09   35.6   7.8   3   5     0.018       2.7    5.4   0.0   414   450   415   451   381   463 0.91 small nucleolar ribonucleoprotein complex subunit [Cordyceps fumosorosea ARSEF 2679]
OAA74071.1           -            902 15454at5125          -            472   1.8e-09   35.6   7.8   4   5      0.19        28    2.0   0.1   222   258   607   642   557   654 0.71 small nucleolar ribonucleoprotein complex subunit [Cordyceps fumosorosea ARSEF 2679]
OAA74071.1           -            902 15454at5125          -            472   1.8e-09   35.6   7.8   5   5     9e-05     0.013   13.0   0.2   226   448   660   711   635   720 0.64 small nucleolar ribonucleoprotein complex subunit [Cordyceps fumosorosea ARSEF 2679]
OAA55111.1           -            347 15454at5125          -            472     2e-09   35.5   0.1   1   4   2.3e-06   0.00035   18.2   0.0   260   359    34   131     6   142 0.87 WD40 repeat-like-containing domain protein [Cordyceps fumosorosea ARSEF 2679]
OAA55111.1           -            347 15454at5125          -            472     2e-09   35.5   0.1   2   4       1.7   2.5e+02   -1.1   0.0   420   455   162   196   156   212 0.72 WD40 repeat-like-containing domain protein [Cordyceps fumosorosea ARSEF 2679]
OAA55111.1           -            347 15454at5125          -            472     2e-09   35.5   0.1   3   4      0.39        58    1.0   0.0   177   228   226   277   220   283 0.80 WD40 repeat-like-containing domain protein [Cordyceps fumosorosea ARSEF 2679]
OAA55111.1           -            347 15454at5125          -            472     2e-09   35.5   0.1   4   4    0.0003     0.044   11.3   0.0   405   450   284   329   280   346 0.85 WD40 repeat-like-containing domain protein [Cordyceps fumosorosea ARSEF 2679]
OAA64049.1           -            467 15454at5125          -            472   2.1e-09   35.4   6.1   1   2    0.0054       0.8    7.1   0.1   409   450   146   187   115   191 0.78 pre-mRNA splicing factor prp46 [Cordyceps fumosorosea ARSEF 2679]
OAA64049.1           -            467 15454at5125          -            472   2.1e-09   35.4   6.1   2   2   2.1e-09   3.1e-07   28.2   2.3   230   354   222   346   212   445 0.80 pre-mRNA splicing factor prp46 [Cordyceps fumosorosea ARSEF 2679]
OAA70720.1           -           1093 15454at5125          -            472   3.5e-09   34.7  11.4   1   4   2.5e-06   0.00037   18.1   0.2   253   338   718   800   692   816 0.66 WD repeat containing protein pop1 [Cordyceps fumosorosea ARSEF 2679]
OAA70720.1           -           1093 15454at5125          -            472   3.5e-09   34.7  11.4   2   4       1.7   2.5e+02   -1.1   0.0   429   449   819   839   807   849 0.86 WD repeat containing protein pop1 [Cordyceps fumosorosea ARSEF 2679]
OAA70720.1           -           1093 15454at5125          -            472   3.5e-09   34.7  11.4   3   4   1.9e-05    0.0029   15.2   0.6   243   334   864   954   856   961 0.89 WD repeat containing protein pop1 [Cordyceps fumosorosea ARSEF 2679]
OAA70720.1           -           1093 15454at5125          -            472   3.5e-09   34.7  11.4   4   4     0.011       1.6    6.1   0.6   229   299   972  1040   961  1050 0.84 WD repeat containing protein pop1 [Cordyceps fumosorosea ARSEF 2679]
OAA54458.1           -            465 15454at5125          -            472   3.9e-09   34.5   1.1   1   2   2.2e-05    0.0033   15.0   0.0   297   375    30   105    21   115 0.82 WD domain-containing protein [Cordyceps fumosorosea ARSEF 2679]
OAA54458.1           -            465 15454at5125          -            472   3.9e-09   34.5   1.1   2   2   2.5e-06   0.00036   18.1   0.2   209   357   167   330   152   339 0.66 WD domain-containing protein [Cordyceps fumosorosea ARSEF 2679]
OAA73154.1           -            552 15454at5125          -            472   4.1e-09   34.5   0.2   1   1   4.4e-11   6.4e-09   33.8   0.2   207   362   269   433   229   456 0.74 transducin family protein [Cordyceps fumosorosea ARSEF 2679]
OAA69114.1           -            888 15454at5125          -            472   7.1e-09   33.7   2.9   1   4   2.9e-05    0.0043   14.6   0.0   372   451    36   113    29   128 0.87 beta-Ala-His dipeptidase [Cordyceps fumosorosea ARSEF 2679]
OAA69114.1           -            888 15454at5125          -            472   7.1e-09   33.7   2.9   2   4     0.028       4.2    4.8   0.1   430   461   237   269   217   278 0.82 beta-Ala-His dipeptidase [Cordyceps fumosorosea ARSEF 2679]
OAA69114.1           -            888 15454at5125          -            472   7.1e-09   33.7   2.9   3   4   0.00048     0.071   10.6   0.1   202   270   280   346   269   390 0.79 beta-Ala-His dipeptidase [Cordyceps fumosorosea ARSEF 2679]
OAA69114.1           -            888 15454at5125          -            472   7.1e-09   33.7   2.9   4   4      0.35        52    1.2   0.1   433   463   394   424   351   429 0.80 beta-Ala-His dipeptidase [Cordyceps fumosorosea ARSEF 2679]
OAA73441.1           -            522 15454at5125          -            472   1.4e-08   32.7   1.2   1   2   2.1e-08   3.1e-06   24.9   0.0   259   382   241   365   218   439 0.66 mRNA splicing factor (Prp17) [Cordyceps fumosorosea ARSEF 2679]
OAA73441.1           -            522 15454at5125          -            472   1.4e-08   32.7   1.2   2   2     0.015       2.3    5.6   0.8   285   351   443   511   421   520 0.80 mRNA splicing factor (Prp17) [Cordyceps fumosorosea ARSEF 2679]
OAA70595.1           -            446 15454at5125          -            472   1.5e-08   32.6   6.0   1   3     5e-05    0.0074   13.8   0.2   305   360    81   132    63   141 0.80 U3 small nucleolar RNA associated protein [Cordyceps fumosorosea ARSEF 2679]
OAA70595.1           -            446 15454at5125          -            472   1.5e-08   32.6   6.0   2   3   9.1e-07   0.00014   19.6   1.2   207   350   196   343   170   356 0.72 U3 small nucleolar RNA associated protein [Cordyceps fumosorosea ARSEF 2679]
OAA70595.1           -            446 15454at5125          -            472   1.5e-08   32.6   6.0   3   3      0.18        27    2.1   0.1   423   451   328   356   318   372 0.59 U3 small nucleolar RNA associated protein [Cordyceps fumosorosea ARSEF 2679]
OAA66303.1           -            626 15454at5125          -            472   2.6e-08   31.8   4.5   1   3     0.001      0.15    9.5   0.0   377   450   137   207    90   224 0.67 protein PFS2 [Cordyceps fumosorosea ARSEF 2679]
OAA66303.1           -            626 15454at5125          -            472   2.6e-08   31.8   4.5   2   3   3.3e-06   0.00049   17.7   0.6   213   315   225   330   222   341 0.73 protein PFS2 [Cordyceps fumosorosea ARSEF 2679]
OAA66303.1           -            626 15454at5125          -            472   2.6e-08   31.8   4.5   3   3     0.072        11    3.4   0.0   419   449   373   403   366   415 0.75 protein PFS2 [Cordyceps fumosorosea ARSEF 2679]
OAA55103.1           -            771 15454at5125          -            472   2.6e-08   31.8   1.0   1   2       8.4   1.2e+03   -3.4   0.0   415   449     8    41     6    46 0.72 WD40/YVTN repeat-like-containing domain protein [Cordyceps fumosorosea ARSEF 2679]
OAA55103.1           -            771 15454at5125          -            472   2.6e-08   31.8   1.0   2   2   3.6e-10   5.4e-08   30.8   0.3   262   449    78   269    71   280 0.79 WD40/YVTN repeat-like-containing domain protein [Cordyceps fumosorosea ARSEF 2679]
OAA58305.1           -            835 15454at5125          -            472   6.3e-08   30.5   0.5   1   2     0.085        13    3.2   0.0   397   449    73   125    12   128 0.81 coatomer beta' subunit [Cordyceps fumosorosea ARSEF 2679]
OAA58305.1           -            835 15454at5125          -            472   6.3e-08   30.5   0.5   2   2   1.2e-07   1.8e-05   22.4   0.0   401   454   208   261   202   269 0.90 coatomer beta' subunit [Cordyceps fumosorosea ARSEF 2679]
OAA74057.1           -            595 15454at5125          -            472   7.8e-08   30.2   0.4   1   3    0.0003     0.044   11.3   0.0   419   448   235   264   228   273 0.86 WD40/YVTN repeat-like-containing domain protein [Cordyceps fumosorosea ARSEF 2679]
OAA74057.1           -            595 15454at5125          -            472   7.8e-08   30.2   0.4   2   3   1.2e-05    0.0018   15.8   0.1   380   452   282   352   276   369 0.85 WD40/YVTN repeat-like-containing domain protein [Cordyceps fumosorosea ARSEF 2679]
OAA74057.1           -            595 15454at5125          -            472   7.8e-08   30.2   0.4   3   3       3.7   5.5e+02   -2.2   0.0   429   455   388   413   367   417 0.76 WD40/YVTN repeat-like-containing domain protein [Cordyceps fumosorosea ARSEF 2679]
OAA67418.1           -            606 15454at5125          -            472   1.1e-07   29.8   0.1   1   3      0.72   1.1e+02    0.1   0.0   325   352    75   100     9   110 0.67 coronin-6 [Cordyceps fumosorosea ARSEF 2679]
OAA67418.1           -            606 15454at5125          -            472   1.1e-07   29.8   0.1   2   3      0.72   1.1e+02    0.1   0.0   288   319    78   110    67   132 0.60 coronin-6 [Cordyceps fumosorosea ARSEF 2679]
OAA67418.1           -            606 15454at5125          -            472   1.1e-07   29.8   0.1   3   3   7.1e-10   1.1e-07   29.8   0.1   244   391   131   284   119   301 0.82 coronin-6 [Cordyceps fumosorosea ARSEF 2679]
OAA69862.1           -            816 15454at5125          -            472   1.3e-07   29.5   1.6   1   3   0.00015     0.022   12.3   0.1   303   370   478   548   473   559 0.91 striatin Pro11 [Cordyceps fumosorosea ARSEF 2679]
OAA69862.1           -            816 15454at5125          -            472   1.3e-07   29.5   1.6   2   3   3.8e-05    0.0056   14.2   0.0   417   458   737   777   685   786 0.80 striatin Pro11 [Cordyceps fumosorosea ARSEF 2679]
OAA69862.1           -            816 15454at5125          -            472   1.3e-07   29.5   1.6   3   3       1.3     2e+02   -0.8   0.1   211   234   790   813   782   815 0.58 striatin Pro11 [Cordyceps fumosorosea ARSEF 2679]
OAA63971.1           -            342 15454at5125          -            472   2.5e-07   28.6   0.2   1   2   6.3e-07   9.3e-05   20.1   0.0   211   344    43   180    38   199 0.73 WD repeat-containing protein [Cordyceps fumosorosea ARSEF 2679]
OAA63971.1           -            342 15454at5125          -            472   2.5e-07   28.6   0.2   2   2    0.0082       1.2    6.5   0.0   416   450   220   254   216   276 0.86 WD repeat-containing protein [Cordyceps fumosorosea ARSEF 2679]
OAA57713.1           -            337 15454at5125          -            472   3.6e-07   28.0   0.7   1   2   1.2e-05    0.0018   15.9   0.5   272   452    69   250    27   265 0.71 WD-repeat protein pop3 [Cordyceps fumosorosea ARSEF 2679]
OAA57713.1           -            337 15454at5125          -            472   3.6e-07   28.0   0.7   2   2    0.0017      0.26    8.7   0.0   414   455   273   314   266   328 0.86 WD-repeat protein pop3 [Cordyceps fumosorosea ARSEF 2679]
OAA73419.1           -            615 15454at5125          -            472   3.9e-07   27.9   0.0   1   2      0.14        20    2.5   0.0   249   317   367   438   361   448 0.51 WD domain containing protein [Cordyceps fumosorosea ARSEF 2679]
OAA73419.1           -            615 15454at5125          -            472   3.9e-07   27.9   0.0   2   2   2.6e-09   3.9e-07   27.9   0.0   255   322   486   555   470   577 0.87 WD domain containing protein [Cordyceps fumosorosea ARSEF 2679]
OAA72418.1           -            752 15454at5125          -            472   5.1e-07   27.5  11.7   1   2   1.2e-06   0.00017   19.2   2.9   213   466   381   626   373   631 0.77 WD40/YVTN repeat-like-containing domain protein [Cordyceps fumosorosea ARSEF 2679]
OAA72418.1           -            752 15454at5125          -            472   5.1e-07   27.5  11.7   2   2   1.4e-07   2.1e-05   22.2   1.6   181   333   510   666   501   707 0.84 WD40/YVTN repeat-like-containing domain protein [Cordyceps fumosorosea ARSEF 2679]
OAA73310.1           -            899 15454at5125          -            472   9.1e-07   26.7   1.0   1   3   6.2e-09   9.1e-07   26.7   1.0   175   349   211   391   203   397 0.83 WD40 repeat-like-containing domain protein [Cordyceps fumosorosea ARSEF 2679]
OAA73310.1           -            899 15454at5125          -            472   9.1e-07   26.7   1.0   2   3     0.077        11    3.3   0.3   213   258   380   425   374   429 0.83 WD40 repeat-like-containing domain protein [Cordyceps fumosorosea ARSEF 2679]
OAA73310.1           -            899 15454at5125          -            472   9.1e-07   26.7   1.0   3   3       3.3   4.8e+02   -2.0   0.0   229   432   461   493   445   510 0.58 WD40 repeat-like-containing domain protein [Cordyceps fumosorosea ARSEF 2679]
OAA70483.1           -            642 15454at5125          -            472   1.2e-06   26.4   0.0   1   1   1.2e-08   1.8e-06   25.8   0.0   215   354   207   351   200   359 0.82 WD repeat protein [Cordyceps fumosorosea ARSEF 2679]
OAA63059.1           -            410 15454at5125          -            472   2.9e-06   25.1   3.8   1   2     0.057       8.4    3.8   0.1   293   320   203   230   193   248 0.79 WD40/YVTN repeat-like-containing domain protein [Cordyceps fumosorosea ARSEF 2679]
OAA63059.1           -            410 15454at5125          -            472   2.9e-06   25.1   3.8   2   2   1.6e-07   2.4e-05   22.0   0.6   217   347   258   389   250   410 0.83 WD40/YVTN repeat-like-containing domain protein [Cordyceps fumosorosea ARSEF 2679]
OAA73741.1           -           1220 15454at5125          -            472   9.9e-06   23.3   1.4   1   2   4.6e-05    0.0067   14.0   0.0   317   456    42   177    36   189 0.74 Coatomer, alpha subunit [Cordyceps fumosorosea ARSEF 2679]
OAA73741.1           -           1220 15454at5125          -            472   9.9e-06   23.3   1.4   2   2     0.011       1.7    6.0   0.3   246   340   212   309   202   325 0.72 Coatomer, alpha subunit [Cordyceps fumosorosea ARSEF 2679]
OAA54868.1           -           1009 15454at5125          -            472   1.3e-05   22.9   0.0   1   3   0.00014     0.021   12.3   0.0   320   357   184   220   161   233 0.83 WD domain containing protein [Cordyceps fumosorosea ARSEF 2679]
OAA54868.1           -           1009 15454at5125          -            472   1.3e-05   22.9   0.0   2   3    0.0062      0.92    6.9   0.0   209   272   502   569   496   583 0.81 WD domain containing protein [Cordyceps fumosorosea ARSEF 2679]
OAA54868.1           -           1009 15454at5125          -            472   1.3e-05   22.9   0.0   3   3       2.4   3.6e+02   -1.6   0.0   268   318   711   763   703   820 0.66 WD domain containing protein [Cordyceps fumosorosea ARSEF 2679]
OAA60736.1           -            543 15454at5125          -            472   1.7e-05   22.5   8.0   1   1   1.2e-07   1.8e-05   22.4   2.1   174   320    47   199    40   235 0.79 WD40/YVTN repeat-like-containing domain protein [Cordyceps fumosorosea ARSEF 2679]
OAA68921.1           -            713 15454at5125          -            472   1.8e-05   22.4   1.8   1   3    0.0048      0.72    7.3   0.1   282   319    54    91    30   105 0.78 WD40 repeat-like-containing domain protein [Cordyceps fumosorosea ARSEF 2679]
OAA68921.1           -            713 15454at5125          -            472   1.8e-05   22.4   1.8   2   3    0.0004      0.06   10.8   0.1   201   276   114   191   107   202 0.80 WD40 repeat-like-containing domain protein [Cordyceps fumosorosea ARSEF 2679]
OAA68921.1           -            713 15454at5125          -            472   1.8e-05   22.4   1.8   3   3      0.81   1.2e+02   -0.0   0.0   313   352   493   533   486   543 0.82 WD40 repeat-like-containing domain protein [Cordyceps fumosorosea ARSEF 2679]
OAA62225.1           -            873 15454at5125          -            472   3.3e-05   21.6   0.2   1   1   6.2e-07   9.2e-05   20.1   0.2   354   445   203   300   134   347 0.82 WD40 repeat-like-containing domain protein [Cordyceps fumosorosea ARSEF 2679]
OAA53150.1           -            489 15454at5125          -            472   6.7e-05   20.6   4.3   1   2   5.2e-06   0.00077   17.1   1.3   242   353   248   369   223   376 0.77 WD40/YVTN repeat-like-containing domain protein [Cordyceps fumosorosea ARSEF 2679]
OAA53150.1           -            489 15454at5125          -            472   6.7e-05   20.6   4.3   2   2    0.0032      0.47    7.9   1.2   230   324   327   434   327   452 0.71 WD40/YVTN repeat-like-containing domain protein [Cordyceps fumosorosea ARSEF 2679]
OAA66142.1           -            254 15454at5125          -            472   0.00021   18.9   0.3   1   2         2     3e+02   -1.4   0.0   430   449    15    33     5    54 0.78 WD40/YVTN repeat-like-containing domain protein [Cordyceps fumosorosea ARSEF 2679]
OAA66142.1           -            254 15454at5125          -            472   0.00021   18.9   0.3   2   2   4.4e-06   0.00066   17.3   0.2   287   354    58   130    49   141 0.86 WD40/YVTN repeat-like-containing domain protein [Cordyceps fumosorosea ARSEF 2679]
OAA63110.1           -            961 15454at5125          -            472   0.00023   18.8   0.0   1   4   1.5e-06   0.00023   18.8   0.0   248   322   323   398   320   427 0.87 F-box and WD domain protein [Cordyceps fumosorosea ARSEF 2679]
OAA63110.1           -            961 15454at5125          -            472   0.00023   18.8   0.0   2   4     0.011       1.7    6.0   0.0   396   455   385   440   380   447 0.82 F-box and WD domain protein [Cordyceps fumosorosea ARSEF 2679]
OAA63110.1           -            961 15454at5125          -            472   0.00023   18.8   0.0   3   4      0.11        17    2.8   0.1   247   319   484   553   475   575 0.55 F-box and WD domain protein [Cordyceps fumosorosea ARSEF 2679]
OAA63110.1           -            961 15454at5125          -            472   0.00023   18.8   0.0   4   4       1.1   1.6e+02   -0.4   0.0   304   350   650   697   646   703 0.78 F-box and WD domain protein [Cordyceps fumosorosea ARSEF 2679]
OAA60057.1           -            644 15454at5125          -            472   0.00047   17.8   0.5   1   1   7.5e-06    0.0011   16.5   0.5   213   321   345   459   331   480 0.78 WD repeat protein [Cordyceps fumosorosea ARSEF 2679]
OAA63996.1           -            983 15454at5125          -            472   0.00064   17.3   5.0   1   2     0.019       2.8    5.3   0.0   289   327    24    63    17    82 0.84 WD repeat protein [Cordyceps fumosorosea ARSEF 2679]
OAA63996.1           -            983 15454at5125          -            472   0.00064   17.3   5.0   2   2   0.00022     0.033   11.7   2.3   250   337   182   268    85   368 0.51 WD repeat protein [Cordyceps fumosorosea ARSEF 2679]
OAA53036.1           -            742 15454at5125          -            472   0.00068   17.2   0.0   1   2   1.2e-05    0.0018   15.9   0.0   408   454   386   431   383   441 0.88 eukaryotic ribosome biogenesis protein 1 [Cordyceps fumosorosea ARSEF 2679]
OAA53036.1           -            742 15454at5125          -            472   0.00068   17.2   0.0   2   2       4.7     7e+02   -2.6   0.0   305   341   630   667   586   695 0.75 eukaryotic ribosome biogenesis protein 1 [Cordyceps fumosorosea ARSEF 2679]
OAA67617.1           -            441 15454at5125          -            472   0.00086   16.9   1.2   1   2     0.018       2.7    5.4   0.1   289   323   167   200   163   245 0.72 WD40/YVTN repeat-like-containing domain protein [Cordyceps fumosorosea ARSEF 2679]
OAA67617.1           -            441 15454at5125          -            472   0.00086   16.9   1.2   2   2     0.001      0.15    9.5   0.1   412   452   331   372   326   391 0.79 WD40/YVTN repeat-like-containing domain protein [Cordyceps fumosorosea ARSEF 2679]
OAA54029.1           -            881 15454at5125          -            472   0.00092   16.8   1.1   1   3       2.3   3.4e+02   -1.5   0.0   420   450    15    45    13    65 0.82 WD40 repeat-like-containing domain protein [Cordyceps fumosorosea ARSEF 2679]
OAA54029.1           -            881 15454at5125          -            472   0.00092   16.8   1.1   2   3         3   4.4e+02   -1.9   0.0   258   325   110   176    50   222 0.62 WD40 repeat-like-containing domain protein [Cordyceps fumosorosea ARSEF 2679]
OAA54029.1           -            881 15454at5125          -            472   0.00092   16.8   1.1   3   3   1.6e-05    0.0024   15.5   0.3   288   347   233   290   147   302 0.85 WD40 repeat-like-containing domain protein [Cordyceps fumosorosea ARSEF 2679]
OAA62359.1           -            615 15454at5125          -            472    0.0014   16.2   0.3   1   2   0.00014      0.02   12.4   0.1   223   278   332   387   310   403 0.79 mitochondrial division protein 1 [Cordyceps fumosorosea ARSEF 2679]
OAA62359.1           -            615 15454at5125          -            472    0.0014   16.2   0.3   2   2      0.32        47    1.3   0.0   245   277   431   463   423   476 0.67 mitochondrial division protein 1 [Cordyceps fumosorosea ARSEF 2679]
OAA60739.1           -            490 15454at5125          -            472     0.002   15.7   4.5   1   4      0.43        63    0.9   0.0   293   323    70   101    55   117 0.67 DNA excision repair protein ERCC-8 [Cordyceps fumosorosea ARSEF 2679]
OAA60739.1           -            490 15454at5125          -            472     0.002   15.7   4.5   2   4      0.64        95    0.3   0.0   418   450   129   162   117   169 0.87 DNA excision repair protein ERCC-8 [Cordyceps fumosorosea ARSEF 2679]
OAA60739.1           -            490 15454at5125          -            472     0.002   15.7   4.5   3   4    0.0015      0.23    8.9   1.3   319   448   204   321   184   326 0.54 DNA excision repair protein ERCC-8 [Cordyceps fumosorosea ARSEF 2679]
OAA60739.1           -            490 15454at5125          -            472     0.002   15.7   4.5   4   4     0.019       2.8    5.3   0.1   419   449   292   322   274   374 0.66 DNA excision repair protein ERCC-8 [Cordyceps fumosorosea ARSEF 2679]
OAA60771.1           -            350 15454at5125          -            472     0.002   15.7   0.0   1   2      0.54        80    0.5   0.0   266   352    33   119    21   135 0.72 nuclear pore complex subunit [Cordyceps fumosorosea ARSEF 2679]
OAA60771.1           -            350 15454at5125          -            472     0.002   15.7   0.0   2   2   0.00011     0.016   12.7   0.0   222   259   268   305   252   315 0.83 nuclear pore complex subunit [Cordyceps fumosorosea ARSEF 2679]
OAA61543.1           -           1116 15454at5125          -            472    0.0021   15.6   0.7   1   2       1.1   1.7e+02   -0.5   0.1   383   461   166   257   162   265 0.63 WD domain containing protein [Cordyceps fumosorosea ARSEF 2679]
OAA61543.1           -           1116 15454at5125          -            472    0.0021   15.6   0.7   2   2   6.4e-05    0.0095   13.5   0.1   416   452   771   808   761   848 0.86 WD domain containing protein [Cordyceps fumosorosea ARSEF 2679]
OAA61474.1           -            348 15454at5125          -            472    0.0035   14.9   4.0   1   3     0.054         8    3.8   0.0   292   351    63   124    39   183 0.83 peroxisomal targeting signal 2 receptor [Cordyceps fumosorosea ARSEF 2679]
OAA61474.1           -            348 15454at5125          -            472    0.0035   14.9   4.0   2   3   0.00038     0.057   10.9   0.1   299   448   218   283   208   306 0.55 peroxisomal targeting signal 2 receptor [Cordyceps fumosorosea ARSEF 2679]
OAA61474.1           -            348 15454at5125          -            472    0.0035   14.9   4.0   3   3      0.86   1.3e+02   -0.1   0.3   289   319   308   340   294   343 0.80 peroxisomal targeting signal 2 receptor [Cordyceps fumosorosea ARSEF 2679]
OAA72103.1           -           1450 15454at5125          -            472    0.0042   14.6   1.2   1   1     5e-05    0.0075   13.8   1.2   247   346   126   229   115   251 0.73 WD repeat protein [Cordyceps fumosorosea ARSEF 2679]
OAA62292.1           -           1282 15454at5125          -            472    0.0047   14.5   0.7   1   1   5.8e-05    0.0086   13.6   0.7   266   343   235   316   219   338 0.80 WD repeat protein [Cordyceps fumosorosea ARSEF 2679]
OAA69046.1           -            529 15454at5125          -            472    0.0058   14.2   0.1   1   2   0.00019     0.028   11.9   0.0   373   453   103   186    95   192 0.68 WD40/YVTN repeat-like-containing domain protein [Cordyceps fumosorosea ARSEF 2679]
OAA69046.1           -            529 15454at5125          -            472    0.0058   14.2   0.1   2   2       1.8   2.6e+02   -1.2   0.0   418   450   199   231   189   235 0.86 WD40/YVTN repeat-like-containing domain protein [Cordyceps fumosorosea ARSEF 2679]
OAA71431.1           -            337 15454at5125          -            472    0.0067   14.0   0.1   1   2   9.4e-05     0.014   12.9   0.0   400   453    30    84     6    92 0.86 eukaryotic translation initiation factor 3 subunit 2 [Cordyceps fumosorosea ARSEF 2679]
OAA71431.1           -            337 15454at5125          -            472    0.0067   14.0   0.1   2   2       7.2   1.1e+03   -3.2   0.0   215   282   154   181   132   220 0.49 eukaryotic translation initiation factor 3 subunit 2 [Cordyceps fumosorosea ARSEF 2679]
OAA54030.1           -            402 15454at5125          -            472    0.0083   13.7   0.1   1   1   0.00012     0.018   12.6   0.1   239   334    70   169    52   205 0.67 WD repeat-containing protein [Cordyceps fumosorosea ARSEF 2679]
OAA60654.1           -            433 15454at5125          -            472     0.016   12.7   0.4   1   2   0.00043     0.064   10.7   0.0   308   455    42   205    33   219 0.66 WD40 repeat-like-containing domain protein [Cordyceps fumosorosea ARSEF 2679]
OAA60654.1           -            433 15454at5125          -            472     0.016   12.7   0.4   2   2       1.3   1.9e+02   -0.7   0.0   260   319   307   368   292   373 0.68 WD40 repeat-like-containing domain protein [Cordyceps fumosorosea ARSEF 2679]
OAA55099.1           -            670 15454at5125          -            472     0.028   11.9   0.0   1   2   0.00058     0.085   10.3   0.0   412   450   220   258   210   275 0.89 transcription factor [Cordyceps fumosorosea ARSEF 2679]
OAA55099.1           -            670 15454at5125          -            472     0.028   11.9   0.0   2   2       4.1   6.1e+02   -2.4   0.0   213   242   535   564   506   569 0.73 transcription factor [Cordyceps fumosorosea ARSEF 2679]
OAA69615.1           -            553 15454at5125          -            472     0.032   11.8   0.0   1   1   0.00034     0.051   11.1   0.0   361   450   237   325   164   339 0.87 small nucleolar ribonucleoprotein complex subunit [Cordyceps fumosorosea ARSEF 2679]
OAA70583.1           -            402 15454at5125          -            472     0.039   11.5   0.5   1   3    0.0023      0.34    8.3   0.1   219   266    95   143    62   153 0.81 WD domain containing protein [Cordyceps fumosorosea ARSEF 2679]
OAA70583.1           -            402 15454at5125          -            472     0.039   11.5   0.5   2   3      0.93   1.4e+02   -0.3   0.0   404   456   204   257   180   268 0.69 WD domain containing protein [Cordyceps fumosorosea ARSEF 2679]
OAA70583.1           -            402 15454at5125          -            472     0.039   11.5   0.5   3   3       2.2   3.2e+02   -1.5   0.0   249   259   322   332   284   398 0.57 WD domain containing protein [Cordyceps fumosorosea ARSEF 2679]
#
# Program:         hmmsearch
# Version:         3.1b2 (February 2015)
# Pipeline mode:   SEARCH
# Query file:      /home/zack/funannotate_db/hypocreales_odb10/hmms/15454at5125.hmm
# Target file:     /home/zack/Desktop/IsariaPreferralGenome/MyGenomeSubmittedToNCBI/HypocrealesProteinSets/Cfumosorosea_ARSEF2679.faa
# Option settings: hmmsearch --domtblout /home/zack/Desktop/IsariaPreferralGenome/MyGenomeSubmittedToNCBI/HypocrealesProteinSets/BUSCO_AA_all/BUSCO_AA_Cfumosorosea_ARSEF2679/run_hypocreales_odb10/hmmer_output/initial_run_results/15454at5125.out --cpu 1 /home/zack/funannotate_db/hypocreales_odb10/hmms/15454at5125.hmm /home/zack/Desktop/IsariaPreferralGenome/MyGenomeSubmittedToNCBI/HypocrealesProteinSets/Cfumosorosea_ARSEF2679.faa 
# Current dir:     /home/zack/Desktop/IsariaPreferralGenome/MyGenomeSubmittedToNCBI/HypocrealesProteinSets/BUSCO_AA_all
# Date:            Mon Mar  4 14:48:37 2024
# [ok]
