#                                                                            --- full sequence --- -------------- this domain -------------   hmm coord   ali coord   env coord
# target name        accession   tlen query name           accession   qlen   E-value  score  bias   #  of  c-Evalue  i-Evalue  score  bias  from    to  from    to  from    to  acc description of target
#------------------- ---------- ----- -------------------- ---------- ----- --------- ------ ----- --- --- --------- --------- ------ ----- ----- ----- ----- ----- ----- ----- ---- ---------------------
OAA71202.1           -            850 16289at5125          -            564  1.5e-297  987.5  77.2   1   4  1.3e-279  9.7e-277  918.8  21.1     3   439    33   497    32   507 0.93 transcriptional corepressor Cyc8 [Cordyceps fumosorosea ARSEF 2679]
OAA71202.1           -            850 16289at5125          -            564  1.5e-297  987.5  77.2   2   4   3.4e-18   2.6e-15   55.7  25.1   418   531   588   709   536   726 0.65 transcriptional corepressor Cyc8 [Cordyceps fumosorosea ARSEF 2679]
OAA71202.1           -            850 16289at5125          -            564  1.5e-297  987.5  77.2   3   4      0.14   1.1e+02    0.8   3.4   519   538   719   738   705   763 0.73 transcriptional corepressor Cyc8 [Cordyceps fumosorosea ARSEF 2679]
OAA71202.1           -            850 16289at5125          -            564  1.5e-297  987.5  77.2   4   4   4.6e-10   3.5e-07   28.9   3.7   531   564   776   809   750   809 0.86 transcriptional corepressor Cyc8 [Cordyceps fumosorosea ARSEF 2679]
OAA73587.1           -           1419 16289at5125          -            564   5.5e-10   38.2   3.4   1   5      0.34   2.6e+02   -0.4   0.1   104   226    93   100     6   124 0.51 Tetratricopeptide-like helical [Cordyceps fumosorosea ARSEF 2679]
OAA73587.1           -           1419 16289at5125          -            564   5.5e-10   38.2   3.4   2   5   3.6e-05     0.028   12.7   0.1    27   108   436   517   428   544 0.82 Tetratricopeptide-like helical [Cordyceps fumosorosea ARSEF 2679]
OAA73587.1           -           1419 16289at5125          -            564   5.5e-10   38.2   3.4   3   5    0.0093       7.2    4.8   0.0    87   260   659   729   632   766 0.47 Tetratricopeptide-like helical [Cordyceps fumosorosea ARSEF 2679]
OAA73587.1           -           1419 16289at5125          -            564   5.5e-10   38.2   3.4   4   5   2.1e-06    0.0016   16.8   0.0    31   147   938  1051   926  1057 0.88 Tetratricopeptide-like helical [Cordyceps fumosorosea ARSEF 2679]
OAA73587.1           -           1419 16289at5125          -            564   5.5e-10   38.2   3.4   5   5       2.3   1.8e+03   -3.2   0.0   198   264  1207  1273  1199  1280 0.58 Tetratricopeptide-like helical [Cordyceps fumosorosea ARSEF 2679]
OAA53426.1           -            818 16289at5125          -            564   4.4e-08   31.9  12.5   1   5      0.29   2.2e+02   -0.2   0.0   230   295    18    81     4   106 0.70 Tetratricopeptide-like helical [Cordyceps fumosorosea ARSEF 2679]
OAA53426.1           -            818 16289at5125          -            564   4.4e-08   31.9  12.5   2   5     0.073        57    1.8   0.0   292   328   129   165   115   180 0.85 Tetratricopeptide-like helical [Cordyceps fumosorosea ARSEF 2679]
OAA53426.1           -            818 16289at5125          -            564   4.4e-08   31.9  12.5   3   5      0.42   3.2e+02   -0.7   0.9   350   447   380   479   373   494 0.82 Tetratricopeptide-like helical [Cordyceps fumosorosea ARSEF 2679]
OAA53426.1           -            818 16289at5125          -            564   4.4e-08   31.9  12.5   4   5   1.2e-09   9.2e-07   27.5   2.8   253   359   633   738   490   760 0.74 Tetratricopeptide-like helical [Cordyceps fumosorosea ARSEF 2679]
OAA53426.1           -            818 16289at5125          -            564   4.4e-08   31.9  12.5   5   5      0.41   3.2e+02   -0.7   0.0   320   358   768   805   762   813 0.77 Tetratricopeptide-like helical [Cordyceps fumosorosea ARSEF 2679]
OAA74078.1           -            656 16289at5125          -            564   7.1e-07   27.9   0.8   1   1   3.1e-09   2.4e-06   26.1   0.5    53   136   369   450   362   466 0.85 anaphase-promoting complex subunit CDC23 [Cordyceps fumosorosea ARSEF 2679]
OAA69472.1           -            675 16289at5125          -            564   4.4e-06   25.3   0.0   1   3   5.6e-09   4.4e-06   25.3   0.0   297   372   177   251   171   288 0.88 DNAJ domain containing protein [Cordyceps fumosorosea ARSEF 2679]
OAA69472.1           -            675 16289at5125          -            564   4.4e-06   25.3   0.0   2   3      0.36   2.8e+02   -0.5   0.0    40    79   349   388   314   407 0.58 DNAJ domain containing protein [Cordyceps fumosorosea ARSEF 2679]
OAA69472.1           -            675 16289at5125          -            564   4.4e-06   25.3   0.0   3   3      0.26     2e+02   -0.0   3.2   341   372   417   448   351   592 0.71 DNAJ domain containing protein [Cordyceps fumosorosea ARSEF 2679]
OAA71588.1           -            476 16289at5125          -            564   0.00025   19.5   0.0   1   1   4.6e-07   0.00035   19.0   0.0   263   366    12   114     4   124 0.86 serine/threonine-protein phosphatase 5 [Cordyceps fumosorosea ARSEF 2679]
OAA67633.1           -            624 16289at5125          -            564   0.00034   19.0   4.5   1   5      0.63   4.9e+02   -1.3   0.0   239   277    55    93    44   108 0.83 anaphase-promoting complex subunit Cut9 [Cordyceps fumosorosea ARSEF 2679]
OAA67633.1           -            624 16289at5125          -            564   0.00034   19.0   4.5   2   5   0.00049      0.38    9.0   0.3   193   287    80   173    75   183 0.74 anaphase-promoting complex subunit Cut9 [Cordyceps fumosorosea ARSEF 2679]
OAA67633.1           -            624 16289at5125          -            564   0.00034   19.0   4.5   3   5       1.2   8.9e+02   -2.1   0.0   261   336   223   302   204   320 0.68 anaphase-promoting complex subunit Cut9 [Cordyceps fumosorosea ARSEF 2679]
OAA67633.1           -            624 16289at5125          -            564   0.00034   19.0   4.5   4   5    0.0019       1.5    7.0   0.0   289   355   322   387   316   398 0.84 anaphase-promoting complex subunit Cut9 [Cordyceps fumosorosea ARSEF 2679]
OAA67633.1           -            624 16289at5125          -            564   0.00034   19.0   4.5   5   5      0.11        82    1.3   0.0    47   107   426   493   393   540 0.66 anaphase-promoting complex subunit Cut9 [Cordyceps fumosorosea ARSEF 2679]
OAA73624.1           -            443 16289at5125          -            564   0.00075   17.9   0.4   1   4      0.13     1e+02    1.0   0.0   241   320    26   105    20   150 0.75 Tetratricopeptide-like helical [Cordyceps fumosorosea ARSEF 2679]
OAA73624.1           -            443 16289at5125          -            564   0.00075   17.9   0.4   2   4    0.0014       1.1    7.5   0.0   290   356   218   283   205   284 0.87 Tetratricopeptide-like helical [Cordyceps fumosorosea ARSEF 2679]
OAA73624.1           -            443 16289at5125          -            564   0.00075   17.9   0.4   3   4    0.0028       2.2    6.5   0.0    29    91   269   331   260   336 0.92 Tetratricopeptide-like helical [Cordyceps fumosorosea ARSEF 2679]
OAA73624.1           -            443 16289at5125          -            564   0.00075   17.9   0.4   4   4      0.32   2.5e+02   -0.3   0.0   514   552   345   383   342   440 0.72 Tetratricopeptide-like helical [Cordyceps fumosorosea ARSEF 2679]
OAA64894.1           -            652 16289at5125          -            564    0.0015   16.9   3.3   1   2       2.9   2.3e+03   -3.5   0.2   484   507   225   248   172   284 0.64 peroxisomal targeting signal receptor [Cordyceps fumosorosea ARSEF 2679]
OAA64894.1           -            652 16289at5125          -            564    0.0015   16.9   3.3   2   2    0.0018       1.4    7.1   0.0    16    78   515   579   503   595 0.79 peroxisomal targeting signal receptor [Cordyceps fumosorosea ARSEF 2679]
OAA54860.1           -           1032 16289at5125          -            564     0.041   12.2   0.1   1   1   9.3e-05     0.072   11.4   0.1   256   342   651   742   636   859 0.70 F-box domain protein [Cordyceps fumosorosea ARSEF 2679]
OAA57690.1           -            622 16289at5125          -            564     0.085   11.1   5.8   1   3      0.56   4.3e+02   -1.1   0.2   269   326   142   198   112   219 0.75 mitochondrial precursor protein import receptor tom70 [Cordyceps fumosorosea ARSEF 2679]
OAA57690.1           -            622 16289at5125          -            564     0.085   11.1   5.8   2   3      0.02        16    3.7   0.0   275   358   420   502   390   519 0.71 mitochondrial precursor protein import receptor tom70 [Cordyceps fumosorosea ARSEF 2679]
OAA57690.1           -            622 16289at5125          -            564     0.085   11.1   5.8   3   3   0.00047      0.37    9.0   0.2    30    89   528   587   522   610 0.86 mitochondrial precursor protein import receptor tom70 [Cordyceps fumosorosea ARSEF 2679]
OAA69536.1           -            353 16289at5125          -            564      0.93    7.7   7.5   1   1    0.0016       1.2    7.3   7.5   395   562   193   353   155   353 0.59 Mediator complex, subunit Med4 [Cordyceps fumosorosea ARSEF 2679]
OAA57254.1           -            507 16289at5125          -            564       7.5    4.7  14.4   1   2    0.0012      0.96    7.6   0.0   295   332    40    77    23   114 0.88 Tetratricopeptide-like helical [Cordyceps fumosorosea ARSEF 2679]
OAA57254.1           -            507 16289at5125          -            564       7.5    4.7  14.4   2   2       2.6     2e+03   -3.3  12.6   412   530   226   351   191   363 0.72 Tetratricopeptide-like helical [Cordyceps fumosorosea ARSEF 2679]
#
# Program:         hmmsearch
# Version:         3.1b2 (February 2015)
# Pipeline mode:   SEARCH
# Query file:      /home/zack/funannotate_db/hypocreales_odb10/hmms/16289at5125.hmm
# Target file:     /home/zack/Desktop/IsariaPreferralGenome/MyGenomeSubmittedToNCBI/HypocrealesProteinSets/Cfumosorosea_ARSEF2679.faa
# Option settings: hmmsearch --domtblout /home/zack/Desktop/IsariaPreferralGenome/MyGenomeSubmittedToNCBI/HypocrealesProteinSets/BUSCO_AA_all/BUSCO_AA_Cfumosorosea_ARSEF2679/run_hypocreales_odb10/hmmer_output/initial_run_results/16289at5125.out --cpu 1 /home/zack/funannotate_db/hypocreales_odb10/hmms/16289at5125.hmm /home/zack/Desktop/IsariaPreferralGenome/MyGenomeSubmittedToNCBI/HypocrealesProteinSets/Cfumosorosea_ARSEF2679.faa 
# Current dir:     /home/zack/Desktop/IsariaPreferralGenome/MyGenomeSubmittedToNCBI/HypocrealesProteinSets/BUSCO_AA_all
# Date:            Mon Mar  4 14:49:17 2024
# [ok]
