#                                                                            --- full sequence --- -------------- this domain -------------   hmm coord   ali coord   env coord
# target name        accession   tlen query name           accession   qlen   E-value  score  bias   #  of  c-Evalue  i-Evalue  score  bias  from    to  from    to  from    to  acc description of target
#------------------- ---------- ----- -------------------- ---------- ----- --------- ------ ----- --- --- --------- --------- ------ ----- ----- ----- ----- ----- ----- ----- ---- ---------------------
OAA62103.1           -            620 16797at5125          -            461  2.4e-230  764.0   7.4   1   3  5.7e-147  4.1e-144  479.7   0.0     2   289    11   319    10   336 0.88 RING finger domain-containing protein [Cordyceps fumosorosea ARSEF 2679]
OAA62103.1           -            620 16797at5125          -            461  2.4e-230  764.0   7.4   2   3   7.4e-68   5.3e-65  218.9   0.5   279   404   338   469   325   493 0.86 RING finger domain-containing protein [Cordyceps fumosorosea ARSEF 2679]
OAA62103.1           -            620 16797at5125          -            461  2.4e-230  764.0   7.4   3   3   2.7e-22   1.9e-19   68.7   0.4   401   461   546   619   544   619 0.90 RING finger domain-containing protein [Cordyceps fumosorosea ARSEF 2679]
OAA72110.1           -            809 16797at5125          -            461   6.9e-10   37.2   1.2   1   2      0.99   7.1e+02   -2.4   0.1   185   227   523   568   515   599 0.57 RING-9 protein [Cordyceps fumosorosea ARSEF 2679]
OAA72110.1           -            809 16797at5125          -            461   6.9e-10   37.2   1.2   2   2   1.4e-12   9.9e-10   36.7   0.2   297   350   667   720   633   729 0.77 RING-9 protein [Cordyceps fumosorosea ARSEF 2679]
OAA59311.1           -            529 16797at5125          -            461   1.5e-09   36.1   0.8   1   2       0.6   4.3e+02   -1.7   0.1    19    59    74   113    63   149 0.68 Zinc finger, RING/FYVE/PHD-type [Cordyceps fumosorosea ARSEF 2679]
OAA59311.1           -            529 16797at5125          -            461   1.5e-09   36.1   0.8   2   2     4e-12   2.9e-09   35.1   0.0   301   354   365   417   331   426 0.85 Zinc finger, RING/FYVE/PHD-type [Cordyceps fumosorosea ARSEF 2679]
OAA49712.1           -            432 16797at5125          -            461   2.6e-09   35.3   0.3   1   1   6.5e-12   4.7e-09   34.4   0.3   305   350   267   311   261   325 0.91 RING finger domain-containing protein [Cordyceps fumosorosea ARSEF 2679]
OAA70265.1           -            628 16797at5125          -            461   9.8e-05   20.2   1.9   1   1   2.4e-07   0.00017   19.4   1.9   304   359   281   332   277   337 0.84 RING and UBP finger domain protein [Cordyceps fumosorosea ARSEF 2679]
OAA70234.1           -            197 16797at5125          -            461   0.00013   19.8   0.1   1   1   2.5e-07   0.00018   19.3   0.1   304   359   125   182   109   187 0.83 Zinc finger domain-containing protein, RING-type [Cordyceps fumosorosea ARSEF 2679]
OAA44435.1           -            465 16797at5125          -            461   0.00015   19.6   0.8   1   1     3e-07   0.00022   19.0   0.8   305   349   414   456   396   459 0.85 Ankyrin repeat-containing domain protein [Cordyceps fumosorosea ARSEF 2679]
OAA67456.1           -           1179 16797at5125          -            461   0.00041   18.1   0.2   1   1   1.2e-06   0.00083   17.1   0.2   302   350   113   164    81   197 0.85 von Willebrand factor, type A [Cordyceps fumosorosea ARSEF 2679]
OAA71531.1           -            563 16797at5125          -            461    0.0018   16.0   0.9   1   1   4.2e-06     0.003   15.3   0.9   280   349   340   411   328   415 0.82 FHA domain containing protein [Cordyceps fumosorosea ARSEF 2679]
OAA67506.1           -            553 16797at5125          -            461    0.0036   15.0   0.4   1   1   1.2e-05    0.0088   13.8   0.4   303   350   502   548   473   550 0.84 Zinc finger, FYVE-type [Cordyceps fumosorosea ARSEF 2679]
OAA67465.1           -            702 16797at5125          -            461    0.0055   14.4   2.6   1   1   1.8e-05     0.013   13.2   2.6   280   351   625   691   607   699 0.80 ubiquitin ligase protein BRE1 [Cordyceps fumosorosea ARSEF 2679]
OAA66073.1           -            872 16797at5125          -            461      0.03   12.0   0.6   1   1   6.5e-05     0.047   11.4   0.6   323   352   841   869   831   872 0.82 Zinc finger, RING/FYVE/PHD-type [Cordyceps fumosorosea ARSEF 2679]
OAA56031.1           -           1458 16797at5125          -            461     0.054   11.2   3.3   1   1   0.00014       0.1   10.3   3.3   305   407    14   111     4   122 0.84 Zinc finger, RING/FYVE/PHD-type [Cordyceps fumosorosea ARSEF 2679]
OAA71235.1           -            620 16797at5125          -            461       4.5    4.8  10.8   1   1     0.011       7.8    4.0  10.8   300   352   362   413   342   419 0.76 CHY zinc finger domain protein [Cordyceps fumosorosea ARSEF 2679]
#
# Program:         hmmsearch
# Version:         3.1b2 (February 2015)
# Pipeline mode:   SEARCH
# Query file:      /home/zack/funannotate_db/hypocreales_odb10/hmms/16797at5125.hmm
# Target file:     /home/zack/Desktop/IsariaPreferralGenome/MyGenomeSubmittedToNCBI/HypocrealesProteinSets/Cfumosorosea_ARSEF2679.faa
# Option settings: hmmsearch --domtblout /home/zack/Desktop/IsariaPreferralGenome/MyGenomeSubmittedToNCBI/HypocrealesProteinSets/BUSCO_AA_all/BUSCO_AA_Cfumosorosea_ARSEF2679/run_hypocreales_odb10/hmmer_output/initial_run_results/16797at5125.out --cpu 1 /home/zack/funannotate_db/hypocreales_odb10/hmms/16797at5125.hmm /home/zack/Desktop/IsariaPreferralGenome/MyGenomeSubmittedToNCBI/HypocrealesProteinSets/Cfumosorosea_ARSEF2679.faa 
# Current dir:     /home/zack/Desktop/IsariaPreferralGenome/MyGenomeSubmittedToNCBI/HypocrealesProteinSets/BUSCO_AA_all
# Date:            Mon Mar  4 14:48:49 2024
# [ok]
