#                                                                            --- full sequence --- -------------- this domain -------------   hmm coord   ali coord   env coord
# target name        accession   tlen query name           accession   qlen   E-value  score  bias   #  of  c-Evalue  i-Evalue  score  bias  from    to  from    to  from    to  acc description of target
#------------------- ---------- ----- -------------------- ---------- ----- --------- ------ ----- --- --- --------- --------- ------ ----- ----- ----- ----- ----- ----- ----- ---- ---------------------
OAA73852.1           -           1390 2038at5125           -           1054         0 1830.4  16.1   1   4   1.3e-51   1.1e-48  164.8   0.0     7   109    95   206    89   220 0.89 autoinducer 2 sensor kinase/phosphatase luxQ [Cordyceps fumosorosea ARSEF 2679]
OAA73852.1           -           1390 2038at5125           -           1054         0 1830.4  16.1   2   4         0         0 1355.1   6.1   111   848   244  1075   235  1083 0.93 autoinducer 2 sensor kinase/phosphatase luxQ [Cordyceps fumosorosea ARSEF 2679]
OAA73852.1           -           1390 2038at5125           -           1054         0 1830.4  16.1   3   4   8.5e-91   7.1e-88  294.6   0.1   844  1010  1101  1285  1093  1297 0.90 autoinducer 2 sensor kinase/phosphatase luxQ [Cordyceps fumosorosea ARSEF 2679]
OAA73852.1           -           1390 2038at5125           -           1054         0 1830.4  16.1   4   4   4.9e-07   0.00041   17.2   0.0  1001  1053  1304  1381  1288  1382 0.62 autoinducer 2 sensor kinase/phosphatase luxQ [Cordyceps fumosorosea ARSEF 2679]
OAA63017.1           -           2491 2038at5125           -           1054  4.9e-111  371.2   0.8   1   1  8.6e-114  7.2e-111  370.7   0.8   565   973  1915  2349  1908  2357 0.87 two-component sensor protein histidine protein kinase [Cordyceps fumosorosea ARSEF 2679]
OAA69478.1           -           1272 2038at5125           -           1054   4.3e-91  305.2   7.5   1   3      0.13   1.1e+02   -0.7   0.2   626   742   518   641   484   669 0.62 two-component osmosensing histidine kinase (Bos1) [Cordyceps fumosorosea ARSEF 2679]
OAA69478.1           -           1272 2038at5125           -           1054   4.3e-91  305.2   7.5   2   3   3.2e-65   2.7e-62  209.9   3.1   562   829   658   929   651   937 0.88 two-component osmosensing histidine kinase (Bos1) [Cordyceps fumosorosea ARSEF 2679]
OAA69478.1           -           1272 2038at5125           -           1054   4.3e-91  305.2   7.5   3   3   7.5e-31   6.3e-28   96.1   0.0   856   975  1068  1189  1056  1249 0.90 two-component osmosensing histidine kinase (Bos1) [Cordyceps fumosorosea ARSEF 2679]
OAA58186.1           -           2151 2038at5125           -           1054   3.1e-90  302.4   4.8   1   5   9.2e-12   7.7e-09   32.9   0.0   352   456  1169  1292  1165  1296 0.75 autoinducer 2 sensor kinase/phosphatase luxQ [Cordyceps fumosorosea ARSEF 2679]
OAA58186.1           -           2151 2038at5125           -           1054   3.1e-90  302.4   4.8   2   5   8.4e-07    0.0007   16.5   0.0   348   397  1298  1347  1293  1400 0.85 autoinducer 2 sensor kinase/phosphatase luxQ [Cordyceps fumosorosea ARSEF 2679]
OAA58186.1           -           2151 2038at5125           -           1054   3.1e-90  302.4   4.8   3   5   7.5e-06    0.0063   13.3   0.0   405   447  1430  1473  1422  1480 0.86 autoinducer 2 sensor kinase/phosphatase luxQ [Cordyceps fumosorosea ARSEF 2679]
OAA58186.1           -           2151 2038at5125           -           1054   3.1e-90  302.4   4.8   4   5   8.9e-54   7.4e-51  172.0   0.2   585   827  1477  1723  1474  1745 0.91 autoinducer 2 sensor kinase/phosphatase luxQ [Cordyceps fumosorosea ARSEF 2679]
OAA58186.1           -           2151 2038at5125           -           1054   3.1e-90  302.4   4.8   5   5     1e-21   8.8e-19   65.8   0.0   857   975  2026  2149  1996  2151 0.88 autoinducer 2 sensor kinase/phosphatase luxQ [Cordyceps fumosorosea ARSEF 2679]
OAA55187.1           -           1410 2038at5125           -           1054   4.4e-49  166.1  10.2   1   3   4.2e-13   3.5e-10   37.3   4.4   563   730   525   710   505   724 0.66 ATPase-like, ATP-binding domain protein [Cordyceps fumosorosea ARSEF 2679]
OAA55187.1           -           1410 2038at5125           -           1054   4.4e-49  166.1  10.2   2   3   3.8e-21   3.1e-18   64.0   0.0   735   832   791   885   780   895 0.90 ATPase-like, ATP-binding domain protein [Cordyceps fumosorosea ARSEF 2679]
OAA55187.1           -           1410 2038at5125           -           1054   4.4e-49  166.1  10.2   3   3   7.3e-21   6.1e-18   63.0   0.0   855   977  1002  1127   970  1136 0.85 ATPase-like, ATP-binding domain protein [Cordyceps fumosorosea ARSEF 2679]
OAA70549.1           -           1408 2038at5125           -           1054   1.2e-47  161.4   0.7   1   2   4.7e-33   3.9e-30  103.4   0.3   585   837   798  1061   792  1077 0.87 ATPase-like, ATP-binding domain protein [Cordyceps fumosorosea ARSEF 2679]
OAA70549.1           -           1408 2038at5125           -           1054   1.2e-47  161.4   0.7   2   2   8.7e-19   7.3e-16   56.2   0.0   837   968  1222  1367  1205  1374 0.87 ATPase-like, ATP-binding domain protein [Cordyceps fumosorosea ARSEF 2679]
OAA71183.1           -           1176 2038at5125           -           1054   4.3e-45  152.9  15.8   1   5   4.6e-12   3.8e-09   33.9   0.6   566   680   532   649   525   664 0.80 ATPase-like, ATP-binding domain protein [Cordyceps fumosorosea ARSEF 2679]
OAA71183.1           -           1176 2038at5125           -           1054   4.3e-45  152.9  15.8   2   5   3.6e-05      0.03   11.1   0.0   701   730   697   726   692   749 0.78 ATPase-like, ATP-binding domain protein [Cordyceps fumosorosea ARSEF 2679]
OAA71183.1           -           1176 2038at5125           -           1054   4.3e-45  152.9  15.8   3   5      0.33   2.8e+02   -2.1   2.1   175   228   756   809   744   826 0.82 ATPase-like, ATP-binding domain protein [Cordyceps fumosorosea ARSEF 2679]
OAA71183.1           -           1176 2038at5125           -           1054   4.3e-45  152.9  15.8   4   5   3.3e-21   2.8e-18   64.2   0.1   745   841   822   915   817   934 0.83 ATPase-like, ATP-binding domain protein [Cordyceps fumosorosea ARSEF 2679]
OAA71183.1           -           1176 2038at5125           -           1054   4.3e-45  152.9  15.8   5   5   2.3e-17   1.9e-14   51.4   0.0   853   977   998  1130   981  1136 0.85 ATPase-like, ATP-binding domain protein [Cordyceps fumosorosea ARSEF 2679]
OAA61551.1           -           1517 2038at5125           -           1054   5.5e-42  142.6  10.9   1   4      0.01       8.4    3.0   0.5   364   445   915  1003   858  1016 0.68 ethylene receptor [Cordyceps fumosorosea ARSEF 2679]
OAA61551.1           -           1517 2038at5125           -           1054   5.5e-42  142.6  10.9   2   4   2.7e-16   2.2e-13   47.9   1.4   574   730  1005  1177  1000  1197 0.77 ethylene receptor [Cordyceps fumosorosea ARSEF 2679]
OAA61551.1           -           1517 2038at5125           -           1054   5.5e-42  142.6  10.9   3   4   8.8e-16   7.3e-13   46.2   0.1   741   833  1222  1314  1211  1324 0.89 ethylene receptor [Cordyceps fumosorosea ARSEF 2679]
OAA61551.1           -           1517 2038at5125           -           1054   5.5e-42  142.6  10.9   4   4   1.2e-16     1e-13   49.1   0.0   853   965  1365  1491  1362  1498 0.87 ethylene receptor [Cordyceps fumosorosea ARSEF 2679]
OAA53573.1           -           1613 2038at5125           -           1054     2e-25   87.8   0.0   1   3     1e-07   8.4e-05   19.5   0.0   589   625  1014  1050  1004  1061 0.91 CheY-like superfamily [Cordyceps fumosorosea ARSEF 2679]
OAA53573.1           -           1613 2038at5125           -           1054     2e-25   87.8   0.0   2   3   2.2e-09   1.8e-06   25.0   0.0   708   817  1155  1260  1149  1274 0.82 CheY-like superfamily [Cordyceps fumosorosea ARSEF 2679]
OAA53573.1           -           1613 2038at5125           -           1054     2e-25   87.8   0.0   3   3   1.1e-13   9.3e-11   39.2   0.0   836   975  1450  1603  1442  1611 0.81 CheY-like superfamily [Cordyceps fumosorosea ARSEF 2679]
OAA53287.1           -            879 2038at5125           -           1054   9.6e-15   52.4  10.4   1   2   1.8e-11   1.5e-08   31.9   0.0   857   922   681   749   648   764 0.89 response regulator [Cordyceps fumosorosea ARSEF 2679]
OAA53287.1           -            879 2038at5125           -           1054   9.6e-15   52.4  10.4   2   2   7.4e-10   6.2e-07   26.6   0.0   933   978   790   835   781   842 0.92 response regulator [Cordyceps fumosorosea ARSEF 2679]
OAA73625.1           -            608 2038at5125           -           1054   1.2e-08   32.3   0.0   1   1     2e-11   1.7e-08   31.8   0.0   859   966   381   488   370   502 0.86 Signal transduction response regulator, SKN7-like protein [Cordyceps fumosorosea ARSEF 2679]
OAA63927.1           -           1809 2038at5125           -           1054   4.2e-06   23.8   0.0   1   1   8.4e-09     7e-06   23.1   0.0   858   941  1491  1575  1486  1632 0.80 Serine/threonine-protein kinase domain protein [Cordyceps fumosorosea ARSEF 2679]
#
# Program:         hmmsearch
# Version:         3.1b2 (February 2015)
# Pipeline mode:   SEARCH
# Query file:      /home/zack/funannotate_db/hypocreales_odb10/hmms/2038at5125.hmm
# Target file:     /home/zack/Desktop/IsariaPreferralGenome/MyGenomeSubmittedToNCBI/HypocrealesProteinSets/Cfumosorosea_ARSEF2679.faa
# Option settings: hmmsearch --domtblout /home/zack/Desktop/IsariaPreferralGenome/MyGenomeSubmittedToNCBI/HypocrealesProteinSets/BUSCO_AA_all/BUSCO_AA_Cfumosorosea_ARSEF2679/run_hypocreales_odb10/hmmer_output/initial_run_results/2038at5125.out --cpu 1 /home/zack/funannotate_db/hypocreales_odb10/hmms/2038at5125.hmm /home/zack/Desktop/IsariaPreferralGenome/MyGenomeSubmittedToNCBI/HypocrealesProteinSets/Cfumosorosea_ARSEF2679.faa 
# Current dir:     /home/zack/Desktop/IsariaPreferralGenome/MyGenomeSubmittedToNCBI/HypocrealesProteinSets/BUSCO_AA_all
# Date:            Mon Mar  4 14:48:44 2024
# [ok]
