#                                                                            --- full sequence --- -------------- this domain -------------   hmm coord   ali coord   env coord
# target name        accession   tlen query name           accession   qlen   E-value  score  bias   #  of  c-Evalue  i-Evalue  score  bias  from    to  from    to  from    to  acc description of target
#------------------- ---------- ----- -------------------- ---------- ----- --------- ------ ----- --- --- --------- --------- ------ ----- ----- ----- ----- ----- ----- ----- ---- ---------------------
OAA64049.1           -            467 22091at5125          -            352  1.1e-227  753.9   5.1   1   3       8.8     1e+03   -2.4   0.1     1    30    13    42    13    51 0.83 pre-mRNA splicing factor prp46 [Cordyceps fumosorosea ARSEF 2679]
OAA64049.1           -            467 22091at5125          -            352  1.1e-227  753.9   5.1   2   3       3.3   3.7e+02   -1.0   0.0     8    22    55    69    52    89 0.70 pre-mRNA splicing factor prp46 [Cordyceps fumosorosea ARSEF 2679]
OAA64049.1           -            467 22091at5125          -            352  1.1e-227  753.9   5.1   3   3  9.5e-230  1.1e-227  753.9   5.1    23   352   136   467   124   467 0.98 pre-mRNA splicing factor prp46 [Cordyceps fumosorosea ARSEF 2679]
OAA54445.1           -            591 22091at5125          -            352   2.6e-35  121.2   2.5   1   3   1.8e-10     2e-08   32.7   0.0    48   136   291   385   280   389 0.85 transcriptional repressor TUP1 [Cordyceps fumosorosea ARSEF 2679]
OAA54445.1           -            591 22091at5125          -            352   2.6e-35  121.2   2.5   2   3   8.3e-16   9.5e-14   50.3   0.1    58   158   391   493   385   502 0.90 transcriptional repressor TUP1 [Cordyceps fumosorosea ARSEF 2679]
OAA54445.1           -            591 22091at5125          -            352   2.6e-35  121.2   2.5   3   3   1.3e-11   1.5e-09   36.4   0.0    36   114   508   586   498   589 0.91 transcriptional repressor TUP1 [Cordyceps fumosorosea ARSEF 2679]
OAA67614.1           -            960 22091at5125          -            352   1.4e-34  118.8  10.3   1   6   1.6e-10   1.9e-08   32.8   0.1   109   219    45   158    39   170 0.84 WD domain-containing protein [Cordyceps fumosorosea ARSEF 2679]
OAA67614.1           -            960 22091at5125          -            352   1.4e-34  118.8  10.3   2   6     1e-06   0.00011   20.4   0.1   100   161   186   248   174   267 0.86 WD domain-containing protein [Cordyceps fumosorosea ARSEF 2679]
OAA67614.1           -            960 22091at5125          -            352   1.4e-34  118.8  10.3   3   6       1.1   1.3e+02    0.5   0.0   135   166   282   311   254   330 0.69 WD domain-containing protein [Cordyceps fumosorosea ARSEF 2679]
OAA67614.1           -            960 22091at5125          -            352   1.4e-34  118.8  10.3   4   6   8.4e-09   9.6e-07   27.2   0.1    77   201   415   536   404   551 0.89 WD domain-containing protein [Cordyceps fumosorosea ARSEF 2679]
OAA67614.1           -            960 22091at5125          -            352   1.4e-34  118.8  10.3   5   6   1.8e-11     2e-09   36.0   0.4    27   157   587   722   551   722 0.66 WD domain-containing protein [Cordyceps fumosorosea ARSEF 2679]
OAA67614.1           -            960 22091at5125          -            352   1.4e-34  118.8  10.3   6   6   3.8e-07   4.3e-05   21.8   0.1    57   119   664   726   653   750 0.85 WD domain-containing protein [Cordyceps fumosorosea ARSEF 2679]
OAA73337.1           -            469 22091at5125          -            352     8e-33  113.0   6.3   1   3   5.8e-13   6.7e-11   40.9   0.0     6   139    75   213    70   219 0.81 Dynein regulator [Cordyceps fumosorosea ARSEF 2679]
OAA73337.1           -            469 22091at5125          -            352     8e-33  113.0   6.3   2   3   6.8e-13   7.7e-11   40.7   0.3    38   117   196   283   193   310 0.75 Dynein regulator [Cordyceps fumosorosea ARSEF 2679]
OAA73337.1           -            469 22091at5125          -            352     8e-33  113.0   6.3   3   3   5.1e-11   5.8e-09   34.5   0.5    57   124   330   397   312   468 0.80 Dynein regulator [Cordyceps fumosorosea ARSEF 2679]
OAA71388.1           -            674 22091at5125          -            352   8.1e-33  113.0  15.4   1   2   6.1e-17   6.9e-15   54.0   4.4    99   221   294   412   268   415 0.85 F-box and WD repeat-containing protein [Cordyceps fumosorosea ARSEF 2679]
OAA71388.1           -            674 22091at5125          -            352   8.1e-33  113.0  15.4   2   2   8.2e-19   9.3e-17   60.2   3.2    61   216   418   567   417   586 0.89 F-box and WD repeat-containing protein [Cordyceps fumosorosea ARSEF 2679]
OAA56420.1           -            696 22091at5125          -            352   1.2e-32  112.4   1.5   1   3   4.1e-15   4.7e-13   48.0   0.1   121   232   357   462   341   463 0.90 sulfur controller-2 [Cordyceps fumosorosea ARSEF 2679]
OAA56420.1           -            696 22091at5125          -            352   1.2e-32  112.4   1.5   2   3   4.5e-10   5.2e-08   31.4   0.3    51   139   449   536   448   540 0.90 sulfur controller-2 [Cordyceps fumosorosea ARSEF 2679]
OAA56420.1           -            696 22091at5125          -            352   1.2e-32  112.4   1.5   3   3   1.5e-11   1.7e-09   36.3   0.0   100   200   588   684   576   691 0.89 sulfur controller-2 [Cordyceps fumosorosea ARSEF 2679]
OAA67545.1           -            527 22091at5125          -            352   4.9e-31  107.1   3.6   1   3   9.5e-14   1.1e-11   43.5   0.0    25   118   149   242   143   254 0.91 WD repeat-containing protein [Cordyceps fumosorosea ARSEF 2679]
OAA67545.1           -            527 22091at5125          -            352   4.9e-31  107.1   3.6   2   3   2.7e-12     3e-10   38.7   0.0    41   124   269   352   264   368 0.92 WD repeat-containing protein [Cordyceps fumosorosea ARSEF 2679]
OAA67545.1           -            527 22091at5125          -            352   4.9e-31  107.1   3.6   3   3   5.3e-08     6e-06   24.6   0.3    51   156   364   472   359   478 0.82 WD repeat-containing protein [Cordyceps fumosorosea ARSEF 2679]
OAA59918.1           -            514 22091at5125          -            352     6e-31  106.8  10.8   1   2   4.9e-19   5.6e-17   60.9   4.7    57   228   157   334   110   342 0.85 WD repeat protein [Cordyceps fumosorosea ARSEF 2679]
OAA59918.1           -            514 22091at5125          -            352     6e-31  106.8  10.8   2   2   1.5e-15   1.7e-13   49.4   0.4    60   198   373   512   367   514 0.95 WD repeat protein [Cordyceps fumosorosea ARSEF 2679]
OAA73741.1           -           1220 22091at5125          -            352   1.5e-30  105.6   3.6   1   2   4.5e-22   5.1e-20   70.9   0.5    48   201    19   172     7   180 0.95 Coatomer, alpha subunit [Cordyceps fumosorosea ARSEF 2679]
OAA73741.1           -           1220 22091at5125          -            352   1.5e-30  105.6   3.6   2   2   4.2e-11   4.8e-09   34.8   0.2    40   152   211   325   187   344 0.56 Coatomer, alpha subunit [Cordyceps fumosorosea ARSEF 2679]
OAA74071.1           -            902 22091at5125          -            352   5.9e-30  103.6  14.7   1   5   4.9e-06   0.00056   18.1   0.0   120   177   102   159     9   171 0.68 small nucleolar ribonucleoprotein complex subunit [Cordyceps fumosorosea ARSEF 2679]
OAA74071.1           -            902 22091at5125          -            352   5.9e-30  103.6  14.7   2   5     1e-09   1.2e-07   30.2   0.1   144   244   197   297   190   317 0.86 small nucleolar ribonucleoprotein complex subunit [Cordyceps fumosorosea ARSEF 2679]
OAA74071.1           -            902 22091at5125          -            352   5.9e-30  103.6  14.7   3   5    0.0003     0.034   12.2   0.1    40    80   417   457   408   482 0.81 small nucleolar ribonucleoprotein complex subunit [Cordyceps fumosorosea ARSEF 2679]
OAA74071.1           -            902 22091at5125          -            352   5.9e-30  103.6  14.7   4   5   2.8e-06   0.00032   18.9   0.1   170   225   535   590   497   606 0.65 small nucleolar ribonucleoprotein complex subunit [Cordyceps fumosorosea ARSEF 2679]
OAA74071.1           -            902 22091at5125          -            352   5.9e-30  103.6  14.7   5   5   1.4e-14   1.6e-12   46.2   2.4    48   203   539   716   531   726 0.79 small nucleolar ribonucleoprotein complex subunit [Cordyceps fumosorosea ARSEF 2679]
OAA58305.1           -            835 22091at5125          -            352   1.3e-29  102.4   3.9   1   3   2.1e-07   2.4e-05   22.6   0.0    88   201    14   127     4   129 0.94 coatomer beta' subunit [Cordyceps fumosorosea ARSEF 2679]
OAA58305.1           -            835 22091at5125          -            352   1.3e-29  102.4   3.9   2   3   3.3e-25   3.7e-23   81.2   0.6    30   172   125   271   125   302 0.82 coatomer beta' subunit [Cordyceps fumosorosea ARSEF 2679]
OAA58305.1           -            835 22091at5125          -            352   1.3e-29  102.4   3.9   3   3       2.1   2.5e+02   -0.4   0.0   268   290   433   455   428   481 0.73 coatomer beta' subunit [Cordyceps fumosorosea ARSEF 2679]
OAA65027.1           -            354 22091at5125          -            352   2.6e-29  101.4   2.6   1   3   3.3e-15   3.8e-13   48.3   0.1    39   163    56   182    24   195 0.85 U5 snRNP complex subunit [Cordyceps fumosorosea ARSEF 2679]
OAA65027.1           -            354 22091at5125          -            352   2.6e-29  101.4   2.6   2   3   5.7e-12   6.5e-10   37.6   0.1   133   200   193   260   185   267 0.92 U5 snRNP complex subunit [Cordyceps fumosorosea ARSEF 2679]
OAA65027.1           -            354 22091at5125          -            352   2.6e-29  101.4   2.6   3   3   7.7e-05    0.0088   14.2   0.0    55   110   291   347   282   353 0.89 U5 snRNP complex subunit [Cordyceps fumosorosea ARSEF 2679]
OAA53026.1           -            320 22091at5125          -            352   1.3e-26   92.5   6.9   1   2   7.1e-13   8.1e-11   40.6   0.6    40   137    10   113     4   115 0.88 guanine nucleotide-binding protein beta subunit-like protein [Cordyceps fumosorosea ARSEF 2679]
OAA53026.1           -            320 22091at5125          -            352   1.3e-26   92.5   6.9   2   2   7.4e-19   8.4e-17   60.3   0.7    41   168   101   231    98   240 0.87 guanine nucleotide-binding protein beta subunit-like protein [Cordyceps fumosorosea ARSEF 2679]
OAA70720.1           -           1093 22091at5125          -            352   4.3e-26   90.9  14.3   1   3   1.6e-09   1.8e-07   29.6   0.2   102   200   728   840   706   847 0.74 WD repeat containing protein pop1 [Cordyceps fumosorosea ARSEF 2679]
OAA70720.1           -           1093 22091at5125          -            352   4.3e-26   90.9  14.3   2   3   1.3e-14   1.5e-12   46.3   3.3   121   217   863   957   855   967 0.91 WD repeat containing protein pop1 [Cordyceps fumosorosea ARSEF 2679]
OAA70720.1           -           1093 22091at5125          -            352   4.3e-26   90.9  14.3   3   3   1.2e-06   0.00014   20.1   0.3    60   134   966  1037   960  1049 0.61 WD repeat containing protein pop1 [Cordyceps fumosorosea ARSEF 2679]
OAA55447.1           -            902 22091at5125          -            352     5e-26   90.6   3.3   1   6      0.47        54    1.7   0.0    86   168    13    94     6   103 0.84 Periodic tryptophan protein 2 [Cordyceps fumosorosea ARSEF 2679]
OAA55447.1           -            902 22091at5125          -            352     5e-26   90.6   3.3   2   6       7.4   8.5e+02   -2.2   0.0    48    74    99   124    86   127 0.77 Periodic tryptophan protein 2 [Cordyceps fumosorosea ARSEF 2679]
OAA55447.1           -            902 22091at5125          -            352     5e-26   90.6   3.3   3   6   0.00084     0.095   10.8   0.1   165   240   145   223   138   229 0.79 Periodic tryptophan protein 2 [Cordyceps fumosorosea ARSEF 2679]
OAA55447.1           -            902 22091at5125          -            352     5e-26   90.6   3.3   4   6    0.0086      0.99    7.5   0.0   121   172   251   303   242   312 0.80 Periodic tryptophan protein 2 [Cordyceps fumosorosea ARSEF 2679]
OAA55447.1           -            902 22091at5125          -            352     5e-26   90.6   3.3   5   6   1.4e-18   1.6e-16   59.4   0.1    51   232   308   492   304   492 0.90 Periodic tryptophan protein 2 [Cordyceps fumosorosea ARSEF 2679]
OAA55447.1           -            902 22091at5125          -            352     5e-26   90.6   3.3   6   6   1.9e-07   2.1e-05   22.8   0.1   112   210   456   554   454   583 0.91 Periodic tryptophan protein 2 [Cordyceps fumosorosea ARSEF 2679]
OAA56488.1           -            713 22091at5125          -            352   8.9e-25   86.5  14.8   1   2   1.1e-09   1.2e-07   30.2   2.4    43   219   364   539   345   541 0.76 WD40 repeat-like-containing domain protein [Cordyceps fumosorosea ARSEF 2679]
OAA56488.1           -            713 22091at5125          -            352   8.9e-25   86.5  14.8   2   2   5.4e-22   6.1e-20   70.6   4.8    56   205   502   650   484   660 0.91 WD40 repeat-like-containing domain protein [Cordyceps fumosorosea ARSEF 2679]
OAA57713.1           -            337 22091at5125          -            352   1.4e-24   85.9   1.9   1   2   1.4e-17   1.6e-15   56.1   0.3    46   248    45   255    20   262 0.81 WD-repeat protein pop3 [Cordyceps fumosorosea ARSEF 2679]
OAA57713.1           -            337 22091at5125          -            352   1.4e-24   85.9   1.9   2   2   1.9e-08   2.2e-06   26.1   0.1    79   138   272   331   267   334 0.94 WD-repeat protein pop3 [Cordyceps fumosorosea ARSEF 2679]
OAA57224.1           -            359 22091at5125          -            352   4.6e-24   84.2   5.2   1   3    0.0015      0.17    9.9   0.1   120   167    62   109    57   112 0.88 heterotrimeric G protein beta subunit [Cordyceps fumosorosea ARSEF 2679]
OAA57224.1           -            359 22091at5125          -            352   4.6e-24   84.2   5.2   2   3   1.4e-18   1.6e-16   59.4   0.0    46   208   114   281   111   286 0.90 heterotrimeric G protein beta subunit [Cordyceps fumosorosea ARSEF 2679]
OAA57224.1           -            359 22091at5125          -            352   4.6e-24   84.2   5.2   3   3   3.1e-05    0.0035   15.5   0.4    48   114   291   357   282   359 0.72 heterotrimeric G protein beta subunit [Cordyceps fumosorosea ARSEF 2679]
OAA55103.1           -            771 22091at5125          -            352   7.6e-22   76.9   3.5   1   2     6e-14   6.8e-12   44.2   1.1    36   240     5   229     3   229 0.74 WD40/YVTN repeat-like-containing domain protein [Cordyceps fumosorosea ARSEF 2679]
OAA55103.1           -            771 22091at5125          -            352   7.6e-22   76.9   3.5   2   2   1.3e-11   1.5e-09   36.5   0.1    52   157   208   309   198   323 0.85 WD40/YVTN repeat-like-containing domain protein [Cordyceps fumosorosea ARSEF 2679]
OAA66303.1           -            626 22091at5125          -            352   1.4e-21   76.0   5.0   1   3     0.025       2.9    5.9   0.0    71   120   121   170    95   172 0.70 protein PFS2 [Cordyceps fumosorosea ARSEF 2679]
OAA66303.1           -            626 22091at5125          -            352   1.4e-21   76.0   5.0   2   3   6.2e-22   7.1e-20   70.4   0.6    31   186   164   320   162   340 0.91 protein PFS2 [Cordyceps fumosorosea ARSEF 2679]
OAA66303.1           -            626 22091at5125          -            352   1.4e-21   76.0   5.0   3   3      0.11        13    3.8   0.1   126   157   372   403   356   418 0.73 protein PFS2 [Cordyceps fumosorosea ARSEF 2679]
OAA70595.1           -            446 22091at5125          -            352   5.5e-21   74.1   6.4   1   2   3.1e-11   3.6e-09   35.2   0.1    22   115    43   136    30   142 0.83 U3 small nucleolar RNA associated protein [Cordyceps fumosorosea ARSEF 2679]
OAA70595.1           -            446 22091at5125          -            352   5.5e-21   74.1   6.4   2   2   1.4e-12   1.6e-10   39.7   2.6    60   244   168   358   146   366 0.75 U3 small nucleolar RNA associated protein [Cordyceps fumosorosea ARSEF 2679]
OAA73310.1           -            899 22091at5125          -            352   1.4e-19   69.5   3.3   1   2   6.2e-21   7.1e-19   67.1   0.9    53   212   253   416   237   426 0.88 WD40 repeat-like-containing domain protein [Cordyceps fumosorosea ARSEF 2679]
OAA73310.1           -            899 22091at5125          -            352   1.4e-19   69.5   3.3   2   2      0.54        62    1.5   0.1   143   176   454   487   445   498 0.75 WD40 repeat-like-containing domain protein [Cordyceps fumosorosea ARSEF 2679]
OAA73441.1           -            522 22091at5125          -            352   3.4e-18   64.9   0.2   1   2   3.1e-15   3.5e-13   48.4   0.0   121   283   221   391   212   400 0.83 mRNA splicing factor (Prp17) [Cordyceps fumosorosea ARSEF 2679]
OAA73441.1           -            522 22091at5125          -            352   3.4e-18   64.9   0.2   2   2   5.9e-05    0.0067   14.6   0.0   123   199   443   522   409   522 0.77 mRNA splicing factor (Prp17) [Cordyceps fumosorosea ARSEF 2679]
OAA63996.1           -            983 22091at5125          -            352   9.6e-18   63.4   4.9   1   2    0.0014      0.16   10.0   0.0    84   117    23    56    13    62 0.67 WD repeat protein [Cordyceps fumosorosea ARSEF 2679]
OAA63996.1           -            983 22091at5125          -            352   9.6e-18   63.4   4.9   2   2   1.2e-16   1.4e-14   53.0   2.3    42   221    84   272    74   338 0.83 WD repeat protein [Cordyceps fumosorosea ARSEF 2679]
OAA72418.1           -            752 22091at5125          -            352   4.7e-17   61.1   3.0   1   2      0.52        59    1.6   0.0   172   214   374   418   365   448 0.70 WD40/YVTN repeat-like-containing domain protein [Cordyceps fumosorosea ARSEF 2679]
OAA72418.1           -            752 22091at5125          -            352   4.7e-17   61.1   3.0   2   2   2.2e-17   2.5e-15   55.4   1.8    94   289   460   660   454   672 0.88 WD40/YVTN repeat-like-containing domain protein [Cordyceps fumosorosea ARSEF 2679]
OAA74057.1           -            595 22091at5125          -            352   1.3e-14   53.1   0.7   1   3   6.2e-14   7.1e-12   44.1   0.0    41   162   233   354   201   368 0.91 WD40/YVTN repeat-like-containing domain protein [Cordyceps fumosorosea ARSEF 2679]
OAA74057.1           -            595 22091at5125          -            352   1.3e-14   53.1   0.7   2   3      0.11        13    3.8   0.0   259   282   385   408   378   416 0.83 WD40/YVTN repeat-like-containing domain protein [Cordyceps fumosorosea ARSEF 2679]
OAA74057.1           -            595 22091at5125          -            352   1.3e-14   53.1   0.7   3   3      0.54        61    1.6   0.0    47    87   450   490   445   498 0.85 WD40/YVTN repeat-like-containing domain protein [Cordyceps fumosorosea ARSEF 2679]
OAA66082.1           -            795 22091at5125          -            352   1.3e-13   49.8   0.5   1   2     6e-09   6.8e-07   27.7   0.0    99   176   508   585   488   603 0.89 WD domain protein [Cordyceps fumosorosea ARSEF 2679]
OAA66082.1           -            795 22091at5125          -            352   1.3e-13   49.8   0.5   2   2   4.8e-06   0.00055   18.2   0.0    55   129   718   794   703   795 0.83 WD domain protein [Cordyceps fumosorosea ARSEF 2679]
OAA62359.1           -            615 22091at5125          -            352   2.7e-13   48.8   3.4   1   4   2.8e-12   3.2e-10   38.7   0.3   162   243   308   388   303   400 0.83 mitochondrial division protein 1 [Cordyceps fumosorosea ARSEF 2679]
OAA62359.1           -            615 22091at5125          -            352   2.7e-13   48.8   3.4   2   4     0.015       1.7    6.7   0.0   169   209   434   472   423   488 0.64 mitochondrial division protein 1 [Cordyceps fumosorosea ARSEF 2679]
OAA62359.1           -            615 22091at5125          -            352   2.7e-13   48.8   3.4   3   4       2.7   3.1e+02   -0.8   0.0   145   166   517   536   496   581 0.55 mitochondrial division protein 1 [Cordyceps fumosorosea ARSEF 2679]
OAA62359.1           -            615 22091at5125          -            352   2.7e-13   48.8   3.4   4   4       2.9   3.4e+02   -0.9   0.0   237   280   571   613   566   615 0.81 mitochondrial division protein 1 [Cordyceps fumosorosea ARSEF 2679]
OAA69114.1           -            888 22091at5125          -            352   2.3e-12   45.7   1.6   1   3   7.2e-08   8.2e-06   24.2   0.0    85   188    39   141    32   173 0.86 beta-Ala-His dipeptidase [Cordyceps fumosorosea ARSEF 2679]
OAA69114.1           -            888 22091at5125          -            352   2.3e-12   45.7   1.6   2   3   1.6e-05    0.0018   16.4   0.1    52   154   235   349   218   357 0.72 beta-Ala-His dipeptidase [Cordyceps fumosorosea ARSEF 2679]
OAA69114.1           -            888 22091at5125          -            352   2.3e-12   45.7   1.6   3   3      0.52        60    1.6   0.0    44    75   379   412   359   423 0.69 beta-Ala-His dipeptidase [Cordyceps fumosorosea ARSEF 2679]
OAA68973.1           -           1840 22091at5125          -            352   2.9e-12   45.4   2.9   1   4      0.49        56    1.7   0.0   135   185   164   215   126   225 0.80 WD repeat containing protein 36 [Cordyceps fumosorosea ARSEF 2679]
OAA68973.1           -           1840 22091at5125          -            352   2.9e-12   45.4   2.9   2   4       4.2   4.8e+02   -1.4   0.0   272   298   278   305   268   346 0.60 WD repeat containing protein 36 [Cordyceps fumosorosea ARSEF 2679]
OAA68973.1           -           1840 22091at5125          -            352   2.9e-12   45.4   2.9   3   4       0.1        12    3.9   0.1    39    76   355   400   332   414 0.74 WD repeat containing protein 36 [Cordyceps fumosorosea ARSEF 2679]
OAA68973.1           -           1840 22091at5125          -            352   2.9e-12   45.4   2.9   4   4     1e-11   1.2e-09   36.8   0.1    84   210   595   723   580   754 0.82 WD repeat containing protein 36 [Cordyceps fumosorosea ARSEF 2679]
OAA63110.1           -            961 22091at5125          -            352   3.4e-12   45.2   0.2   1   4   2.7e-08   3.1e-06   25.6   0.0    53   157   331   437   321   443 0.59 F-box and WD domain protein [Cordyceps fumosorosea ARSEF 2679]
OAA63110.1           -            961 22091at5125          -            352   3.4e-12   45.2   0.2   2   4   0.00019     0.022   12.9   0.0    18   133   464   571   451   575 0.73 F-box and WD domain protein [Cordyceps fumosorosea ARSEF 2679]
OAA63110.1           -            961 22091at5125          -            352   3.4e-12   45.2   0.2   3   4     0.096        11    4.0   0.0    52    93   532   573   527   588 0.84 F-box and WD domain protein [Cordyceps fumosorosea ARSEF 2679]
OAA63110.1           -            961 22091at5125          -            352   3.4e-12   45.2   0.2   4   4       4.1   4.7e+02   -1.4   0.0   317   335   651   669   646   680 0.84 F-box and WD domain protein [Cordyceps fumosorosea ARSEF 2679]
OAA63059.1           -            410 22091at5125          -            352     4e-12   44.9   4.1   1   3   0.00058     0.066   11.3   0.2    48   159   112   231    71   245 0.58 WD40/YVTN repeat-like-containing domain protein [Cordyceps fumosorosea ARSEF 2679]
OAA63059.1           -            410 22091at5125          -            352     4e-12   44.9   4.1   2   3     7e-05     0.008   14.3   0.1    52   162   159   282   138   294 0.66 WD40/YVTN repeat-like-containing domain protein [Cordyceps fumosorosea ARSEF 2679]
OAA63059.1           -            410 22091at5125          -            352     4e-12   44.9   4.1   3   3   9.1e-13     1e-10   40.3   2.3    23   218   180   380   172   406 0.80 WD40/YVTN repeat-like-containing domain protein [Cordyceps fumosorosea ARSEF 2679]
OAA60736.1           -            543 22091at5125          -            352   4.7e-12   44.7   3.8   1   2   1.9e-11   2.1e-09   36.0   1.0    60   203    55   204    45   219 0.78 WD40/YVTN repeat-like-containing domain protein [Cordyceps fumosorosea ARSEF 2679]
OAA60736.1           -            543 22091at5125          -            352   4.7e-12   44.7   3.8   2   2    0.0042      0.48    8.5   0.1   154   200   239   285   225   296 0.84 WD40/YVTN repeat-like-containing domain protein [Cordyceps fumosorosea ARSEF 2679]
OAA54030.1           -            402 22091at5125          -            352   6.2e-12   44.3   1.7   1   2     8e-08   9.2e-06   24.0   0.2    50   158    86   205    77   265 0.70 WD repeat-containing protein [Cordyceps fumosorosea ARSEF 2679]
OAA54030.1           -            402 22091at5125          -            352   6.2e-12   44.3   1.7   2   2   2.3e-06   0.00027   19.2   0.1   127   202   272   352   221   376 0.73 WD repeat-containing protein [Cordyceps fumosorosea ARSEF 2679]
OAA74061.1           -            439 22091at5125          -            352   7.8e-12   44.0   2.7   1   2   3.1e-12   3.5e-10   38.5   0.7    49   201   196   364   170   369 0.76 chromatin assembly factor 1 subunit C [Cordyceps fumosorosea ARSEF 2679]
OAA74061.1           -            439 22091at5125          -            352   7.8e-12   44.0   2.7   2   2     0.049       5.6    5.0   0.0    34    76   379   422   368   427 0.81 chromatin assembly factor 1 subunit C [Cordyceps fumosorosea ARSEF 2679]
OAA73154.1           -            552 22091at5125          -            352   1.2e-11   43.3   2.5   1   1   4.1e-13   4.7e-11   41.4   2.6    85   284   268   486   252   496 0.80 transducin family protein [Cordyceps fumosorosea ARSEF 2679]
OAA53036.1           -            742 22091at5125          -            352   2.2e-11   42.5   0.1   1   3   2.7e-08   3.1e-06   25.6   0.0    22   121   374   477   359   493 0.78 eukaryotic ribosome biogenesis protein 1 [Cordyceps fumosorosea ARSEF 2679]
OAA53036.1           -            742 22091at5125          -            352   2.2e-11   42.5   0.1   2   3   0.00029     0.033   12.3   0.0    92   197   576   685   555   696 0.77 eukaryotic ribosome biogenesis protein 1 [Cordyceps fumosorosea ARSEF 2679]
OAA53036.1           -            742 22091at5125          -            352   2.2e-11   42.5   0.1   3   3       1.2   1.4e+02    0.4   0.1   131   198   716   741   689   742 0.52 eukaryotic ribosome biogenesis protein 1 [Cordyceps fumosorosea ARSEF 2679]
OAA69656.1           -           1042 22091at5125          -            352   2.7e-11   42.2   0.5   1   5      0.37        42    2.1   0.0   132   158    20    46    11    52 0.84 TUP1-like enhancer of split [Cordyceps fumosorosea ARSEF 2679]
OAA69656.1           -           1042 22091at5125          -            352   2.7e-11   42.2   0.5   2   5   1.6e-05    0.0019   16.4   0.0    27    78    53   103    46   162 0.83 TUP1-like enhancer of split [Cordyceps fumosorosea ARSEF 2679]
OAA69656.1           -           1042 22091at5125          -            352   2.7e-11   42.2   0.5   3   5     4e-05    0.0045   15.1   0.0    38    76   164   202   159   217 0.86 TUP1-like enhancer of split [Cordyceps fumosorosea ARSEF 2679]
OAA69656.1           -           1042 22091at5125          -            352   2.7e-11   42.2   0.5   4   5      0.68        78    1.2   0.0   143   197   312   367   302   391 0.62 TUP1-like enhancer of split [Cordyceps fumosorosea ARSEF 2679]
OAA69656.1           -           1042 22091at5125          -            352   2.7e-11   42.2   0.5   5   5       9.2     1e+03   -2.5   0.0   150   163   741   754   687   791 0.71 TUP1-like enhancer of split [Cordyceps fumosorosea ARSEF 2679]
OAA55439.1           -            611 22091at5125          -            352   3.1e-11   42.0  17.2   1   6       0.2        23    3.0   0.0   307   334    65    92    42   107 0.83 WD40 repeat-like-containing domain protein [Cordyceps fumosorosea ARSEF 2679]
OAA55439.1           -            611 22091at5125          -            352   3.1e-11   42.0  17.2   2   6   1.3e-07   1.5e-05   23.3   0.0    82   206   143   270   113   279 0.87 WD40 repeat-like-containing domain protein [Cordyceps fumosorosea ARSEF 2679]
OAA55439.1           -            611 22091at5125          -            352   3.1e-11   42.0  17.2   3   6    0.0026       0.3    9.2   1.6   122   207   319   405   311   432 0.73 WD40 repeat-like-containing domain protein [Cordyceps fumosorosea ARSEF 2679]
OAA55439.1           -            611 22091at5125          -            352   3.1e-11   42.0  17.2   4   6       1.9   2.1e+02   -0.2   0.0   282   324   435   477   414   488 0.83 WD40 repeat-like-containing domain protein [Cordyceps fumosorosea ARSEF 2679]
OAA55439.1           -            611 22091at5125          -            352   3.1e-11   42.0  17.2   5   6       1.4   1.6e+02    0.2   0.0    56    98   456   501   446   516 0.73 WD40 repeat-like-containing domain protein [Cordyceps fumosorosea ARSEF 2679]
OAA55439.1           -            611 22091at5125          -            352   3.1e-11   42.0  17.2   6   6   0.00057     0.065   11.3   2.1   167   240   530   606   505   610 0.85 WD40 repeat-like-containing domain protein [Cordyceps fumosorosea ARSEF 2679]
OAA63971.1           -            342 22091at5125          -            352   5.5e-11   41.2   0.6   1   2   8.7e-09   9.9e-07   27.2   0.0    47   157    42   154    34   194 0.83 WD repeat-containing protein [Cordyceps fumosorosea ARSEF 2679]
OAA63971.1           -            342 22091at5125          -            352   5.5e-11   41.2   0.6   2   2   0.00025     0.028   12.5   0.1    42   125   222   306   218   325 0.76 WD repeat-containing protein [Cordyceps fumosorosea ARSEF 2679]
OAA61536.1           -            603 22091at5125          -            352   7.5e-11   40.7   3.7   1   1   1.2e-12   1.4e-10   39.9   3.7    66   336   309   578   298   585 0.78 WD-repeat containing protein slp1 [Cordyceps fumosorosea ARSEF 2679]
OAA69862.1           -            816 22091at5125          -            352   1.3e-10   40.0   2.9   1   3     0.036       4.1    5.4   0.0    78   115   384   425   369   436 0.83 striatin Pro11 [Cordyceps fumosorosea ARSEF 2679]
OAA69862.1           -            816 22091at5125          -            352   1.3e-10   40.0   2.9   2   3    0.0013      0.15   10.1   0.1    56    97   477   518   471   529 0.90 striatin Pro11 [Cordyceps fumosorosea ARSEF 2679]
OAA69862.1           -            816 22091at5125          -            352   1.3e-10   40.0   2.9   3   3     5e-07   5.8e-05   21.4   0.1    57   156   711   814   698   816 0.84 striatin Pro11 [Cordyceps fumosorosea ARSEF 2679]
OAA71431.1           -            337 22091at5125          -            352   7.6e-10   37.4   0.2   1   3   1.1e-07   1.2e-05   23.6   0.2    85   167     8    90     3   110 0.77 eukaryotic translation initiation factor 3 subunit 2 [Cordyceps fumosorosea ARSEF 2679]
OAA71431.1           -            337 22091at5125          -            352   7.6e-10   37.4   0.2   2   3      0.78        89    1.0   0.0    58   113   160   217   153   266 0.58 eukaryotic translation initiation factor 3 subunit 2 [Cordyceps fumosorosea ARSEF 2679]
OAA71431.1           -            337 22091at5125          -            352   7.6e-10   37.4   0.2   3   3    0.0047      0.54    8.3   0.0    41    82   284   325   263   329 0.88 eukaryotic translation initiation factor 3 subunit 2 [Cordyceps fumosorosea ARSEF 2679]
OAA62966.1           -            306 22091at5125          -            352     1e-09   37.0   2.1   1   3   0.00021     0.024   12.8   0.1    42   116     9    87     3   155 0.67 protein transport protein SEC13 [Cordyceps fumosorosea ARSEF 2679]
OAA62966.1           -            306 22091at5125          -            352     1e-09   37.0   2.1   2   3   1.1e-06   0.00012   20.3   0.1    55   117   176   246   168   256 0.84 protein transport protein SEC13 [Cordyceps fumosorosea ARSEF 2679]
OAA62966.1           -            306 22091at5125          -            352     1e-09   37.0   2.1   3   3      0.33        38    2.2   0.0   298   334   258   294   247   301 0.86 protein transport protein SEC13 [Cordyceps fumosorosea ARSEF 2679]
OAA60739.1           -            490 22091at5125          -            352   1.4e-09   36.5   2.5   1   3    0.0024      0.28    9.3   0.0   127   174    66   114    56   125 0.66 DNA excision repair protein ERCC-8 [Cordyceps fumosorosea ARSEF 2679]
OAA60739.1           -            490 22091at5125          -            352   1.4e-09   36.5   2.5   2   3   2.2e-06   0.00025   19.3   0.1    43   160   130   250   126   258 0.81 DNA excision repair protein ERCC-8 [Cordyceps fumosorosea ARSEF 2679]
OAA60739.1           -            490 22091at5125          -            352   1.4e-09   36.5   2.5   3   3     0.019       2.1    6.3   0.1   169   204   292   327   274   349 0.73 DNA excision repair protein ERCC-8 [Cordyceps fumosorosea ARSEF 2679]
OAA55099.1           -            670 22091at5125          -            352     4e-09   35.0   0.6   1   2   1.4e-09   1.6e-07   29.7   0.0    49   223   111   281    97   285 0.79 transcription factor [Cordyceps fumosorosea ARSEF 2679]
OAA55099.1           -            670 22091at5125          -            352     4e-09   35.0   0.6   2   2      0.75        86    1.1   0.1   183   203   497   517   477   559 0.75 transcription factor [Cordyceps fumosorosea ARSEF 2679]
OAA55111.1           -            347 22091at5125          -            352   4.9e-09   34.7   1.4   1   4   5.6e-06   0.00064   17.9   0.0    41   116    60   135    28   140 0.74 WD40 repeat-like-containing domain protein [Cordyceps fumosorosea ARSEF 2679]
OAA55111.1           -            347 22091at5125          -            352   4.9e-09   34.7   1.4   2   4       3.5     4e+02   -1.1   0.0   170   202   162   193   157   217 0.77 WD40 repeat-like-containing domain protein [Cordyceps fumosorosea ARSEF 2679]
OAA55111.1           -            347 22091at5125          -            352   4.9e-09   34.7   1.4   3   4       5.8   6.7e+02   -1.9   0.0   305   337   259   292   254   298 0.76 WD40 repeat-like-containing domain protein [Cordyceps fumosorosea ARSEF 2679]
OAA55111.1           -            347 22091at5125          -            352   4.9e-09   34.7   1.4   4   4   9.2e-05     0.011   13.9   0.1    42    77   297   332   290   338 0.91 WD40 repeat-like-containing domain protein [Cordyceps fumosorosea ARSEF 2679]
OAA61474.1           -            348 22091at5125          -            352   9.2e-09   33.9   0.6   1   2   5.9e-06   0.00067   17.9   0.0   102   202    79   180    64   189 0.87 peroxisomal targeting signal 2 receptor [Cordyceps fumosorosea ARSEF 2679]
OAA61474.1           -            348 22091at5125          -            352   9.2e-09   33.9   0.6   2   2   7.5e-05    0.0086   14.2   0.2   143   203   225   288   215   317 0.81 peroxisomal targeting signal 2 receptor [Cordyceps fumosorosea ARSEF 2679]
OAA72103.1           -           1450 22091at5125          -            352   1.4e-08   33.2   1.7   1   1   2.1e-10   2.4e-08   32.5   1.7    57   203    94   249    80   253 0.84 WD repeat protein [Cordyceps fumosorosea ARSEF 2679]
OAA67418.1           -            606 22091at5125          -            352   1.6e-08   33.1   0.0   1   2       2.1   2.4e+02   -0.4   0.0   164   200    74   111    67   122 0.73 coronin-6 [Cordyceps fumosorosea ARSEF 2679]
OAA67418.1           -            606 22091at5125          -            352   1.6e-08   33.1   0.0   2   2   8.9e-10     1e-07   30.4   0.0    41   129   133   221   124   231 0.87 coronin-6 [Cordyceps fumosorosea ARSEF 2679]
OAA69046.1           -            529 22091at5125          -            352   3.3e-08   32.1   0.1   1   1     5e-10   5.7e-08   31.3   0.1    59   158   125   231   113   281 0.86 WD40/YVTN repeat-like-containing domain protein [Cordyceps fumosorosea ARSEF 2679]
OAA72243.1           -           1408 22091at5125          -            352   2.9e-07   29.0   2.2   1   2     0.029       3.3    5.7   0.1   270   348  1105  1181  1082  1184 0.73 TORC1 growth control complex subunit Kog1 [Cordyceps fumosorosea ARSEF 2679]
OAA72243.1           -           1408 22091at5125          -            352   2.9e-07   29.0   2.2   2   2   2.2e-07   2.5e-05   22.5   0.3   106   240  1207  1350  1198  1369 0.74 TORC1 growth control complex subunit Kog1 [Cordyceps fumosorosea ARSEF 2679]
OAA53150.1           -            489 22091at5125          -            352   3.3e-07   28.8   1.7   1   1   5.4e-09   6.2e-07   27.8   1.4    83   202   300   432   294   479 0.75 WD40/YVTN repeat-like-containing domain protein [Cordyceps fumosorosea ARSEF 2679]
OAA61543.1           -           1116 22091at5125          -            352   5.1e-07   28.1   2.1   1   3     0.078       8.9    4.3   0.0    40    76   204   248   194   255 0.68 WD domain containing protein [Cordyceps fumosorosea ARSEF 2679]
OAA61543.1           -           1116 22091at5125          -            352   5.1e-07   28.1   2.1   2   3   3.6e-07   4.1e-05   21.8   0.1    40   118   771   852   745   866 0.82 WD domain containing protein [Cordyceps fumosorosea ARSEF 2679]
OAA61543.1           -           1116 22091at5125          -            352   5.1e-07   28.1   2.1   3   3       4.8   5.5e+02   -1.6   0.1   221   221   975   975   877  1066 0.55 WD domain containing protein [Cordyceps fumosorosea ARSEF 2679]
OAA65056.1           -            381 22091at5125          -            352   6.8e-07   27.7   0.0   1   1   1.1e-08   1.2e-06   26.9   0.0    58   162    69   175    57   185 0.78 WD repeat containing protein 82 [Cordyceps fumosorosea ARSEF 2679]
OAA60057.1           -            644 22091at5125          -            352   1.1e-06   27.0   2.3   1   2      0.62        71    1.3   0.1   262   299   244   281   213   289 0.82 WD repeat protein [Cordyceps fumosorosea ARSEF 2679]
OAA60057.1           -            644 22091at5125          -            352   1.1e-06   27.0   2.3   2   2   6.4e-08   7.3e-06   24.3   0.3   111   217   364   471   346   557 0.78 WD repeat protein [Cordyceps fumosorosea ARSEF 2679]
OAA54868.1           -           1009 22091at5125          -            352   1.2e-06   26.9   4.2   1   4       6.3   7.2e+02   -2.0   0.0    48    74   200   228   157   284 0.59 WD domain containing protein [Cordyceps fumosorosea ARSEF 2679]
OAA54868.1           -           1009 22091at5125          -            352   1.2e-06   26.9   4.2   2   4    0.0085      0.97    7.5   0.1   266   335   461   533   442   534 0.80 WD domain containing protein [Cordyceps fumosorosea ARSEF 2679]
OAA54868.1           -           1009 22091at5125          -            352   1.2e-06   26.9   4.2   3   4   3.5e-05    0.0039   15.3   0.0    65   179   519   639   513   691 0.75 WD domain containing protein [Cordyceps fumosorosea ARSEF 2679]
OAA54868.1           -           1009 22091at5125          -            352   1.2e-06   26.9   4.2   4   4     0.005      0.57    8.2   0.1   143   200   705   765   688   770 0.82 WD domain containing protein [Cordyceps fumosorosea ARSEF 2679]
OAA58164.1           -            360 22091at5125          -            352   1.2e-06   26.9   3.0   1   2   2.9e-05    0.0033   15.6   0.3   101   202    51   155    35   172 0.74 Poly(A)+ RNA export protein [Cordyceps fumosorosea ARSEF 2679]
OAA58164.1           -            360 22091at5125          -            352   1.2e-06   26.9   3.0   2   2    0.0043      0.49    8.5   0.1   237   290   245   298   231   318 0.73 Poly(A)+ RNA export protein [Cordyceps fumosorosea ARSEF 2679]
OAA68978.1           -           1528 22091at5125          -            352   1.3e-06   26.8   1.9   1   3   1.4e-06   0.00016   19.9   0.1    25   117  1082  1181  1070  1202 0.64 Armadillo-type fold domain containing protein [Cordyceps fumosorosea ARSEF 2679]
OAA68978.1           -           1528 22091at5125          -            352   1.3e-06   26.8   1.9   2   3      0.55        63    1.5   0.3    49   119  1255  1331  1223  1343 0.57 Armadillo-type fold domain containing protein [Cordyceps fumosorosea ARSEF 2679]
OAA68978.1           -           1528 22091at5125          -            352   1.3e-06   26.8   1.9   3   3      0.27        31    2.5   0.0    98   117  1399  1418  1377  1440 0.75 Armadillo-type fold domain containing protein [Cordyceps fumosorosea ARSEF 2679]
OAA62225.1           -            873 22091at5125          -            352   2.3e-06   26.0   2.0   1   2   1.9e-07   2.2e-05   22.8   0.7   101   280    97   303    90   315 0.70 WD40 repeat-like-containing domain protein [Cordyceps fumosorosea ARSEF 2679]
OAA62225.1           -            873 22091at5125          -            352   2.3e-06   26.0   2.0   2   2    0.0083      0.95    7.5   0.3   266   330   247   317   227   388 0.57 WD40 repeat-like-containing domain protein [Cordyceps fumosorosea ARSEF 2679]
OAA53173.1           -            972 22091at5125          -            352   4.3e-06   25.1   0.2   1   3   7.5e-05    0.0086   14.2   0.0   169   246   325   402   315   433 0.67 WD repeat containing protein 44 [Cordyceps fumosorosea ARSEF 2679]
OAA53173.1           -            972 22091at5125          -            352   4.3e-06   25.1   0.2   2   3    0.0089         1    7.4   0.0   142   233   481   570   459   585 0.72 WD repeat containing protein 44 [Cordyceps fumosorosea ARSEF 2679]
OAA53173.1           -            972 22091at5125          -            352   4.3e-06   25.1   0.2   3   3       5.7   6.5e+02   -1.8   0.0   313   345   636   668   612   672 0.77 WD repeat containing protein 44 [Cordyceps fumosorosea ARSEF 2679]
OAA73419.1           -            615 22091at5125          -            352   6.2e-06   24.6   0.5   1   3    0.0017      0.19    9.8   0.2   169   221   366   419   336   439 0.73 WD domain containing protein [Cordyceps fumosorosea ARSEF 2679]
OAA73419.1           -            615 22091at5125          -            352   6.2e-06   24.6   0.5   2   3     0.026         3    5.9   0.0   130   161   412   444   407   457 0.76 WD domain containing protein [Cordyceps fumosorosea ARSEF 2679]
OAA73419.1           -            615 22091at5125          -            352   6.2e-06   24.6   0.5   3   3    0.0053       0.6    8.2   0.0    58   117   492   554   481   564 0.75 WD domain containing protein [Cordyceps fumosorosea ARSEF 2679]
OAA54029.1           -            881 22091at5125          -            352   6.3e-06   24.5   0.2   1   2    0.0031      0.35    8.9   0.0    51   159    62   172    58   192 0.80 WD40 repeat-like-containing domain protein [Cordyceps fumosorosea ARSEF 2679]
OAA54029.1           -            881 22091at5125          -            352   6.3e-06   24.5   0.2   2   2   0.00012     0.013   13.6   0.0    80   152   229   299   177   305 0.74 WD40 repeat-like-containing domain protein [Cordyceps fumosorosea ARSEF 2679]
OAA54207.1           -            840 22091at5125          -            352   6.5e-06   24.5   8.9   1   6       1.2   1.4e+02    0.4   0.0    42    75    56    94    31   120 0.61 RNA polymerase II Elongator subunit [Cordyceps fumosorosea ARSEF 2679]
OAA54207.1           -            840 22091at5125          -            352   6.5e-06   24.5   8.9   2   6    0.0011      0.13   10.4   0.1    51    81   121   151   108   159 0.84 RNA polymerase II Elongator subunit [Cordyceps fumosorosea ARSEF 2679]
OAA54207.1           -            840 22091at5125          -            352   6.5e-06   24.5   8.9   3   6     0.026         3    5.9   0.0    41    77   209   251   190   261 0.77 RNA polymerase II Elongator subunit [Cordyceps fumosorosea ARSEF 2679]
OAA54207.1           -            840 22091at5125          -            352   6.5e-06   24.5   8.9   4   6       0.9     1e+02    0.8   0.0   314   335   316   337   280   354 0.78 RNA polymerase II Elongator subunit [Cordyceps fumosorosea ARSEF 2679]
OAA54207.1           -            840 22091at5125          -            352   6.5e-06   24.5   8.9   5   6     0.057       6.5    4.7   0.7   166   199   406   439   359   456 0.77 RNA polymerase II Elongator subunit [Cordyceps fumosorosea ARSEF 2679]
OAA54207.1           -            840 22091at5125          -            352   6.5e-06   24.5   8.9   6   6       1.3   1.4e+02    0.3   0.0   322   344   710   732   613   738 0.80 RNA polymerase II Elongator subunit [Cordyceps fumosorosea ARSEF 2679]
OAA70460.1           -           1245 22091at5125          -            352   7.1e-06   24.4   0.0   1   1   1.3e-07   1.5e-05   23.3   0.0   127   291   119   296    88   320 0.70 WD40/YVTN repeat-like-containing domain protein [Cordyceps fumosorosea ARSEF 2679]
OAA70492.1           -            606 22091at5125          -            352   1.2e-05   23.6   1.3   1   2   5.2e-05     0.006   14.7   0.1    45    97   426   478   373   502 0.48 catabolite repression protein creC [Cordyceps fumosorosea ARSEF 2679]
OAA70492.1           -            606 22091at5125          -            352   1.2e-05   23.6   1.3   2   2   1.8e-05     0.002   16.3   0.1    46   123   427   509   416   589 0.83 catabolite repression protein creC [Cordyceps fumosorosea ARSEF 2679]
OAA69110.1           -           1120 22091at5125          -            352   1.7e-05   23.2   1.8   1   4       0.1        12    3.9   0.0   129   169   592   632   581   643 0.77 WD40 repeat-like-containing domain protein [Cordyceps fumosorosea ARSEF 2679]
OAA69110.1           -           1120 22091at5125          -            352   1.7e-05   23.2   1.8   2   4         7   8.1e+02   -2.1   0.1    50    73   663   686   651   702 0.65 WD40 repeat-like-containing domain protein [Cordyceps fumosorosea ARSEF 2679]
OAA69110.1           -           1120 22091at5125          -            352   1.7e-05   23.2   1.8   3   4     0.011       1.3    7.1   0.0    33   158   703   839   699   849 0.70 WD40 repeat-like-containing domain protein [Cordyceps fumosorosea ARSEF 2679]
OAA69110.1           -           1120 22091at5125          -            352   1.7e-05   23.2   1.8   4   4    0.0053      0.61    8.1   0.0    77   118   907   955   867   975 0.61 WD40 repeat-like-containing domain protein [Cordyceps fumosorosea ARSEF 2679]
OAA68921.1           -            713 22091at5125          -            352     2e-05   22.9   0.1   1   1   1.8e-05    0.0021   16.3   0.1    50   200    19   192     8   193 0.77 WD40 repeat-like-containing domain protein [Cordyceps fumosorosea ARSEF 2679]
OAA58827.1           -            483 22091at5125          -            352   3.3e-05   22.2   6.1   1   2         1   1.2e+02    0.6   0.1   138   198    36   100    28   112 0.55 WD40/YVTN repeat-like-containing domain protein [Cordyceps fumosorosea ARSEF 2679]
OAA58827.1           -            483 22091at5125          -            352   3.3e-05   22.2   6.1   2   2   9.1e-05      0.01   14.0   0.4    34   118   200   304   194   317 0.68 WD40/YVTN repeat-like-containing domain protein [Cordyceps fumosorosea ARSEF 2679]
OAA66142.1           -            254 22091at5125          -            352   5.2e-05   21.5   0.3   1   1   2.4e-06   0.00027   19.1   0.1    76   140    51   120     5   144 0.61 WD40/YVTN repeat-like-containing domain protein [Cordyceps fumosorosea ARSEF 2679]
OAA67617.1           -            441 22091at5125          -            352   6.5e-05   21.2   2.3   1   2      0.18        20    3.1   0.7   166   199   214   247   137   257 0.64 WD40/YVTN repeat-like-containing domain protein [Cordyceps fumosorosea ARSEF 2679]
OAA67617.1           -            441 22091at5125          -            352   6.5e-05   21.2   2.3   2   2   2.9e-05    0.0033   15.6   0.0    41    77   336   373   279   384 0.78 WD40/YVTN repeat-like-containing domain protein [Cordyceps fumosorosea ARSEF 2679]
OAA73724.1           -            512 22091at5125          -            352   0.00011   20.5   0.0   1   2    0.0023      0.27    9.3   0.0   164   209   229   275   178   318 0.65 WD repeat containing protein [Cordyceps fumosorosea ARSEF 2679]
OAA73724.1           -            512 22091at5125          -            352   0.00011   20.5   0.0   2   2    0.0051      0.59    8.2   0.0   133   201   330   406   285   411 0.54 WD repeat containing protein [Cordyceps fumosorosea ARSEF 2679]
OAA70483.1           -            642 22091at5125          -            352   0.00014   20.1   0.0   1   1   2.6e-06    0.0003   19.0   0.0   141   240   214   317   198   328 0.76 WD repeat protein [Cordyceps fumosorosea ARSEF 2679]
OAA67412.1           -            569 22091at5125          -            352   0.00016   19.9   4.4   1   3       0.1        12    3.9   0.0   169   201    94   126    82   160 0.68 WD repeat protein [Cordyceps fumosorosea ARSEF 2679]
OAA67412.1           -            569 22091at5125          -            352   0.00016   19.9   4.4   2   3    0.0003     0.035   12.2   0.2   132   206   168   243   136   297 0.74 WD repeat protein [Cordyceps fumosorosea ARSEF 2679]
OAA67412.1           -            569 22091at5125          -            352   0.00016   19.9   4.4   3   3       0.2        23    2.9   0.2    51    96   316   361   302   471 0.58 WD repeat protein [Cordyceps fumosorosea ARSEF 2679]
OAA54458.1           -            465 22091at5125          -            352   0.00021   19.6   0.2   1   1   4.5e-06   0.00051   18.3   0.2    51   118    30    97    16   107 0.82 WD domain-containing protein [Cordyceps fumosorosea ARSEF 2679]
OAA63777.1           -            459 22091at5125          -            352   0.00032   18.9   2.5   1   3   0.00089       0.1   10.7   0.0    83   159    10    85     2   102 0.60 WD40 repeat-like-containing domain protein [Cordyceps fumosorosea ARSEF 2679]
OAA63777.1           -            459 22091at5125          -            352   0.00032   18.9   2.5   2   3     0.043       4.9    5.2   0.1   186   221   343   378   301   405 0.77 WD40 repeat-like-containing domain protein [Cordyceps fumosorosea ARSEF 2679]
OAA63777.1           -            459 22091at5125          -            352   0.00032   18.9   2.5   3   3      0.88     1e+02    0.9   0.0    54    74   438   458   427   459 0.82 WD40 repeat-like-containing domain protein [Cordyceps fumosorosea ARSEF 2679]
OAA73290.1           -            623 22091at5125          -            352   0.00043   18.5   0.1   1   3     0.088        10    4.1   0.0   212   262    70   123    61   125 0.76 cyclophilin-type peptidyl-prolyl cis-trans isomerase [Cordyceps fumosorosea ARSEF 2679]
OAA73290.1           -            623 22091at5125          -            352   0.00043   18.5   0.1   2   3   0.00018     0.021   13.0   0.0    42   156   112   233   104   240 0.67 cyclophilin-type peptidyl-prolyl cis-trans isomerase [Cordyceps fumosorosea ARSEF 2679]
OAA73290.1           -            623 22091at5125          -            352   0.00043   18.5   0.1   3   3       1.3   1.5e+02    0.3   0.0    51    86   267   303   257   315 0.79 cyclophilin-type peptidyl-prolyl cis-trans isomerase [Cordyceps fumosorosea ARSEF 2679]
OAA56493.1           -            349 22091at5125          -            352   0.00057   18.1   1.4   1   3      0.29        33    2.4   0.1    54    91   149   187   142   193 0.77 Quinoprotein amine dehydrogenase [Cordyceps fumosorosea ARSEF 2679]
OAA56493.1           -            349 22091at5125          -            352   0.00057   18.1   1.4   2   3   9.9e-05     0.011   13.8   0.3   154   222   166   238   154   267 0.76 Quinoprotein amine dehydrogenase [Cordyceps fumosorosea ARSEF 2679]
OAA56493.1           -            349 22091at5125          -            352   0.00057   18.1   1.4   3   3      0.17        19    3.2   0.1    93   162   281   349   230   349 0.68 Quinoprotein amine dehydrogenase [Cordyceps fumosorosea ARSEF 2679]
OAA60771.1           -            350 22091at5125          -            352   0.00098   17.3   0.1   1   2     0.054       6.1    4.8   0.1   128   201    59   131    14   166 0.56 nuclear pore complex subunit [Cordyceps fumosorosea ARSEF 2679]
OAA60771.1           -            350 22091at5125          -            352   0.00098   17.3   0.1   2   2    0.0026       0.3    9.2   0.0    48    98   257   307   250   319 0.54 nuclear pore complex subunit [Cordyceps fumosorosea ARSEF 2679]
OAA70583.1           -            402 22091at5125          -            352    0.0012   17.0   1.4   1   3   0.00041     0.047   11.8   0.3   142   201    97   154    86   161 0.89 WD domain containing protein [Cordyceps fumosorosea ARSEF 2679]
OAA70583.1           -            402 22091at5125          -            352    0.0012   17.0   1.4   2   3      0.21        24    2.9   0.0    41    82   171   216   161   245 0.55 WD domain containing protein [Cordyceps fumosorosea ARSEF 2679]
OAA70583.1           -            402 22091at5125          -            352    0.0012   17.0   1.4   3   3         5   5.8e+02   -1.6   0.0   298   342   275   317   258   325 0.71 WD domain containing protein [Cordyceps fumosorosea ARSEF 2679]
OAA69615.1           -            553 22091at5125          -            352    0.0018   16.5   0.0   1   1   3.5e-05     0.004   15.3   0.0    37   128   246   337   228   361 0.89 small nucleolar ribonucleoprotein complex subunit [Cordyceps fumosorosea ARSEF 2679]
OAA62270.1           -            278 22091at5125          -            352    0.0047   15.1   2.7   1   2    0.0015      0.17   10.0   0.4   137   200    69   140    55   145 0.57 WD domain protein [Cordyceps fumosorosea ARSEF 2679]
OAA62270.1           -            278 22091at5125          -            352    0.0047   15.1   2.7   2   2     0.021       2.4    6.2   0.2   112   204   136   235   130   242 0.68 WD domain protein [Cordyceps fumosorosea ARSEF 2679]
OAA62292.1           -           1282 22091at5125          -            352    0.0056   14.8   0.4   1   1   0.00078     0.089   10.9   0.4    50   159   168   290   165   297 0.70 WD repeat protein [Cordyceps fumosorosea ARSEF 2679]
OAA54025.1           -            442 22091at5125          -            352    0.0068   14.6   2.4   1   1    0.0011      0.13   10.3   2.2   166   234   217   288   205   397 0.53 WD40/YVTN repeat-like-containing domain protein [Cordyceps fumosorosea ARSEF 2679]
OAA73376.1           -            429 22091at5125          -            352     0.013   13.6   0.0   1   2    0.0055      0.63    8.1   0.0    77   124    62   111    20   150 0.78 WD repeat protein [Cordyceps fumosorosea ARSEF 2679]
OAA73376.1           -            429 22091at5125          -            352     0.013   13.6   0.0   2   2      0.35        41    2.1   0.0    45    73   319   345   308   351 0.81 WD repeat protein [Cordyceps fumosorosea ARSEF 2679]
OAA60654.1           -            433 22091at5125          -            352     0.046   11.8   9.8   1   4       0.5        57    1.6   0.1   120   161   162   203    89   226 0.68 WD40 repeat-like-containing domain protein [Cordyceps fumosorosea ARSEF 2679]
OAA60654.1           -            433 22091at5125          -            352     0.046   11.8   9.8   2   4       3.3   3.7e+02   -1.0   0.0    48    74   233   259   229   264 0.74 WD40 repeat-like-containing domain protein [Cordyceps fumosorosea ARSEF 2679]
OAA60654.1           -            433 22091at5125          -            352     0.046   11.8   9.8   3   4   0.00016     0.019   13.1   1.2   121   207   282   376   267   379 0.78 WD40 repeat-like-containing domain protein [Cordyceps fumosorosea ARSEF 2679]
OAA60654.1           -            433 22091at5125          -            352     0.046   11.8   9.8   4   4       2.7   3.1e+02   -0.8   0.1   130   157   405   432   392   433 0.80 WD40 repeat-like-containing domain protein [Cordyceps fumosorosea ARSEF 2679]
OAA71335.1           -            495 22091at5125          -            352     0.051   11.7   0.5   1   2    0.0049      0.56    8.3   0.1   127   169   223   266   159   293 0.82 WD40 repeat-like-containing domain protein [Cordyceps fumosorosea ARSEF 2679]
OAA71335.1           -            495 22091at5125          -            352     0.051   11.7   0.5   2   2       1.9   2.2e+02   -0.3   0.0   186   200   416   430   396   460 0.72 WD40 repeat-like-containing domain protein [Cordyceps fumosorosea ARSEF 2679]
OAA71223.1           -           1075 22091at5125          -            352      0.11   10.6   3.7   1   3       2.4   2.7e+02   -0.6   0.0   304   337   504   537   490   550 0.73 Rik1-associated factor 1 [Cordyceps fumosorosea ARSEF 2679]
OAA71223.1           -           1075 22091at5125          -            352      0.11   10.6   3.7   2   3      0.36        42    2.1   0.3   177   177   724   724   643   775 0.45 Rik1-associated factor 1 [Cordyceps fumosorosea ARSEF 2679]
OAA71223.1           -           1075 22091at5125          -            352      0.11   10.6   3.7   3   3     0.021       2.5    6.1   0.1   137   166   797   826   787   864 0.81 Rik1-associated factor 1 [Cordyceps fumosorosea ARSEF 2679]
#
# Program:         hmmsearch
# Version:         3.1b2 (February 2015)
# Pipeline mode:   SEARCH
# Query file:      /home/zack/funannotate_db/hypocreales_odb10/hmms/22091at5125.hmm
# Target file:     /home/zack/Desktop/IsariaPreferralGenome/MyGenomeSubmittedToNCBI/HypocrealesProteinSets/Cfumosorosea_ARSEF2679.faa
# Option settings: hmmsearch --domtblout /home/zack/Desktop/IsariaPreferralGenome/MyGenomeSubmittedToNCBI/HypocrealesProteinSets/BUSCO_AA_all/BUSCO_AA_Cfumosorosea_ARSEF2679/run_hypocreales_odb10/hmmer_output/initial_run_results/22091at5125.out --cpu 1 /home/zack/funannotate_db/hypocreales_odb10/hmms/22091at5125.hmm /home/zack/Desktop/IsariaPreferralGenome/MyGenomeSubmittedToNCBI/HypocrealesProteinSets/Cfumosorosea_ARSEF2679.faa 
# Current dir:     /home/zack/Desktop/IsariaPreferralGenome/MyGenomeSubmittedToNCBI/HypocrealesProteinSets/BUSCO_AA_all
# Date:            Mon Mar  4 14:49:10 2024
# [ok]
