#                                                                            --- full sequence --- -------------- this domain -------------   hmm coord   ali coord   env coord
# target name        accession   tlen query name           accession   qlen   E-value  score  bias   #  of  c-Evalue  i-Evalue  score  bias  from    to  from    to  from    to  acc description of target
#------------------- ---------- ----- -------------------- ---------- ----- --------- ------ ----- --- --- --------- --------- ------ ----- ----- ----- ----- ----- ----- ----- ---- ---------------------
OAA72230.1           -            530 22499at5125          -            428  9.3e-222  735.7  11.5   1   2   2.6e-19   4.4e-16   58.1   0.8     1    68    11    74    11   118 0.90 Ras like GTPase [Cordyceps fumosorosea ARSEF 2679]
OAA72230.1           -            530 22499at5125          -            428  9.3e-222  735.7  11.5   2   2  2.1e-208  3.6e-205  681.1   4.0    70   427   128   529   119   530 0.95 Ras like GTPase [Cordyceps fumosorosea ARSEF 2679]
OAA54907.1           -            381 22499at5125          -            428   3.1e-29  101.4   5.0   1   3   1.4e-16   2.3e-13   49.1   0.0    99   233     6   141     1   143 0.82 Cell division protein GTP binding protein [Cordyceps fumosorosea ARSEF 2679]
OAA54907.1           -            381 22499at5125          -            428   3.1e-29  101.4   5.0   2   3     2e-15   3.3e-12   45.3   0.0   257   420   146   292   140   298 0.83 Cell division protein GTP binding protein [Cordyceps fumosorosea ARSEF 2679]
OAA54907.1           -            381 22499at5125          -            428   3.1e-29  101.4   5.0   3   3       1.9   3.1e+03   -4.0   0.7    28    41   329   342   312   373 0.45 Cell division protein GTP binding protein [Cordyceps fumosorosea ARSEF 2679]
OAA68987.1           -            444 22499at5125          -            428     6e-28   97.2   0.6   1   2   1.9e-08   3.2e-05   22.3   0.0   109   233    69   191    33   196 0.82 cell division control protein 3 [Cordyceps fumosorosea ARSEF 2679]
OAA68987.1           -            444 22499at5125          -            428     6e-28   97.2   0.6   2   2   6.4e-22   1.1e-18   66.7   0.3   258   421   197   343   191   349 0.88 cell division control protein 3 [Cordyceps fumosorosea ARSEF 2679]
OAA55446.1           -            385 22499at5125          -            428   5.9e-20   70.8   2.1   1   3   1.2e-05     0.021   13.0   0.1   104   233    24   151     4   156 0.72 cell division control protein 12 [Cordyceps fumosorosea ARSEF 2679]
OAA55446.1           -            385 22499at5125          -            428   5.9e-20   70.8   2.1   2   3   4.4e-07   0.00074   17.8   0.1   257   306   156   205   150   223 0.84 cell division control protein 12 [Cordyceps fumosorosea ARSEF 2679]
OAA55446.1           -            385 22499at5125          -            428   5.9e-20   70.8   2.1   3   3   2.2e-13   3.8e-10   38.5   0.1   366   423   247   304   211   309 0.84 cell division control protein 12 [Cordyceps fumosorosea ARSEF 2679]
OAA63060.1           -            338 22499at5125          -            428   6.2e-18   64.2   0.1   1   3   1.3e-05     0.021   13.0   0.0   110   233    33   154    18   159 0.84 cell division control protein 10 [Cordyceps fumosorosea ARSEF 2679]
OAA63060.1           -            338 22499at5125          -            428   6.2e-18   64.2   0.1   2   3   1.9e-08   3.3e-05   22.3   0.1   258   315   160   219   154   229 0.78 cell division control protein 10 [Cordyceps fumosorosea ARSEF 2679]
OAA63060.1           -            338 22499at5125          -            428   6.2e-18   64.2   0.1   3   3   1.2e-09     2e-06   26.2   0.0   362   422   245   305   213   311 0.81 cell division control protein 10 [Cordyceps fumosorosea ARSEF 2679]
OAA66312.1           -            539 22499at5125          -            428      0.41    8.7   2.5   1   1   0.00034      0.58    8.3   2.5    10    56    21    67    14    82 0.87 Membrane bound O-acyl transferase, MBOAT [Cordyceps fumosorosea ARSEF 2679]
#
# Program:         hmmsearch
# Version:         3.1b2 (February 2015)
# Pipeline mode:   SEARCH
# Query file:      /home/zack/funannotate_db/hypocreales_odb10/hmms/22499at5125.hmm
# Target file:     /home/zack/Desktop/IsariaPreferralGenome/MyGenomeSubmittedToNCBI/HypocrealesProteinSets/Cfumosorosea_ARSEF2679.faa
# Option settings: hmmsearch --domtblout /home/zack/Desktop/IsariaPreferralGenome/MyGenomeSubmittedToNCBI/HypocrealesProteinSets/BUSCO_AA_all/BUSCO_AA_Cfumosorosea_ARSEF2679/run_hypocreales_odb10/hmmer_output/initial_run_results/22499at5125.out --cpu 1 /home/zack/funannotate_db/hypocreales_odb10/hmms/22499at5125.hmm /home/zack/Desktop/IsariaPreferralGenome/MyGenomeSubmittedToNCBI/HypocrealesProteinSets/Cfumosorosea_ARSEF2679.faa 
# Current dir:     /home/zack/Desktop/IsariaPreferralGenome/MyGenomeSubmittedToNCBI/HypocrealesProteinSets/BUSCO_AA_all
# Date:            Mon Mar  4 14:48:45 2024
# [ok]
