#                                                                            --- full sequence --- -------------- this domain -------------   hmm coord   ali coord   env coord
# target name        accession   tlen query name           accession   qlen   E-value  score  bias   #  of  c-Evalue  i-Evalue  score  bias  from    to  from    to  from    to  acc description of target
#------------------- ---------- ----- -------------------- ---------- ----- --------- ------ ----- --- --- --------- --------- ------ ----- ----- ----- ----- ----- ----- ----- ---- ---------------------
OAA70456.1           -            475 24279at5125          -            392  1.7e-250  829.7   7.1   1   1  1.3e-253  2.2e-250  829.3   7.1     1   381    12   414    12   421 0.98 reptin [Cordyceps fumosorosea ARSEF 2679]
OAA59450.1           -            458 24279at5125          -            392   5.6e-90  301.2   1.0   1   1   4.6e-93   7.7e-90  300.8   1.0     6   375    14   416    10   426 0.85 AAA family ATPase Pontin [Cordyceps fumosorosea ARSEF 2679]
OAA71371.1           -            818 24279at5125          -            392   4.3e-05   21.7   0.9   1   4      0.67   1.1e+03   -2.7   0.0   238   260    62    84    47   125 0.53 cell division control protein Cdc48 [Cordyceps fumosorosea ARSEF 2679]
OAA71371.1           -            818 24279at5125          -            392   4.3e-05   21.7   0.9   2   4   0.00026      0.44    8.5   0.0    54   101   254   299   243   322 0.77 cell division control protein Cdc48 [Cordyceps fumosorosea ARSEF 2679]
OAA71371.1           -            818 24279at5125          -            392   4.3e-05   21.7   0.9   3   4      0.76   1.3e+03   -2.9   0.0    16    49   407   441   393   443 0.68 cell division control protein Cdc48 [Cordyceps fumosorosea ARSEF 2679]
OAA71371.1           -            818 24279at5125          -            392   4.3e-05   21.7   0.9   4   4   8.8e-05      0.15   10.1   0.0    50   102   524   574   518   586 0.80 cell division control protein Cdc48 [Cordyceps fumosorosea ARSEF 2679]
OAA68906.1           -            923 24279at5125          -            392    0.0074   14.4   0.1   1   1   7.9e-06     0.013   13.5   0.1    37    83   451   499   428   507 0.83 Peptidase S16, Lon [Cordyceps fumosorosea ARSEF 2679]
OAA57795.1           -            431 24279at5125          -            392     0.013   13.5   0.0   1   1   1.3e-05     0.022   12.8   0.0    49   105   157   211   122   233 0.82 vacuolar protein sorting-associated protein VPS4 [Cordyceps fumosorosea ARSEF 2679]
OAA74048.1           -            945 24279at5125          -            392     0.029   12.4   0.0   1   1   3.2e-05     0.053   11.5   0.0    53    94   484   523   475   535 0.83 Peptidase M41, FtsH [Cordyceps fumosorosea ARSEF 2679]
#
# Program:         hmmsearch
# Version:         3.1b2 (February 2015)
# Pipeline mode:   SEARCH
# Query file:      /home/zack/funannotate_db/hypocreales_odb10/hmms/24279at5125.hmm
# Target file:     /home/zack/Desktop/IsariaPreferralGenome/MyGenomeSubmittedToNCBI/HypocrealesProteinSets/Cfumosorosea_ARSEF2679.faa
# Option settings: hmmsearch --domtblout /home/zack/Desktop/IsariaPreferralGenome/MyGenomeSubmittedToNCBI/HypocrealesProteinSets/BUSCO_AA_all/BUSCO_AA_Cfumosorosea_ARSEF2679/run_hypocreales_odb10/hmmer_output/initial_run_results/24279at5125.out --cpu 1 /home/zack/funannotate_db/hypocreales_odb10/hmms/24279at5125.hmm /home/zack/Desktop/IsariaPreferralGenome/MyGenomeSubmittedToNCBI/HypocrealesProteinSets/Cfumosorosea_ARSEF2679.faa 
# Current dir:     /home/zack/Desktop/IsariaPreferralGenome/MyGenomeSubmittedToNCBI/HypocrealesProteinSets/BUSCO_AA_all
# Date:            Mon Mar  4 14:49:46 2024
# [ok]
