#                                                                            --- full sequence --- -------------- this domain -------------   hmm coord   ali coord   env coord
# target name        accession   tlen query name           accession   qlen   E-value  score  bias   #  of  c-Evalue  i-Evalue  score  bias  from    to  from    to  from    to  acc description of target
#------------------- ---------- ----- -------------------- ---------- ----- --------- ------ ----- --- --- --------- --------- ------ ----- ----- ----- ----- ----- ----- ----- ---- ---------------------
OAA70523.1           -            639 24358at5125          -            426  2.5e-242  803.7  49.7   1   5  3.3e-117  1.7e-114  382.5   2.2     1   187     1   189     1   205 0.96 SH3 domain protein [Cordyceps fumosorosea ARSEF 2679]
OAA70523.1           -            639 24358at5125          -            426  2.5e-242  803.7  49.7   2   5  7.6e-123  3.8e-120  401.1   0.2   181   381   208   410   200   421 0.92 SH3 domain protein [Cordyceps fumosorosea ARSEF 2679]
OAA70523.1           -            639 24358at5125          -            426  2.5e-242  803.7  49.7   3   5    0.0022       1.1    7.5   1.0   345   382   415   456   404   467 0.68 SH3 domain protein [Cordyceps fumosorosea ARSEF 2679]
OAA70523.1           -            639 24358at5125          -            426  2.5e-242  803.7  49.7   4   5   2.3e-08   1.2e-05   23.9  20.2   338   416   482   558   477   589 0.81 SH3 domain protein [Cordyceps fumosorosea ARSEF 2679]
OAA70523.1           -            639 24358at5125          -            426  2.5e-242  803.7  49.7   5   5    0.0024       1.2    7.4   1.0   407   422   607   622   601   634 0.69 SH3 domain protein [Cordyceps fumosorosea ARSEF 2679]
OAA63922.1           -            789 24358at5125          -            426   1.8e-17   62.8   0.0   1   2   4.4e-09   2.2e-06   26.3   0.0   190   247   636   694   626   698 0.88 hypothetical protein ISF_04631 [Cordyceps fumosorosea ARSEF 2679]
OAA63922.1           -            789 24358at5125          -            426   1.8e-17   62.8   0.0   2   2   1.9e-11   9.4e-09   34.1   0.0   183   242   727   786   722   788 0.92 hypothetical protein ISF_04631 [Cordyceps fumosorosea ARSEF 2679]
OAA70273.1           -            677 24358at5125          -            426   1.1e-15   57.0   0.0   1   3   2.1e-18   1.1e-15   57.0   0.0     4   148     7   153     4   191 0.86 Ubiquitin binding protein, Hrs/VPS27 [Cordyceps fumosorosea ARSEF 2679]
OAA70273.1           -            677 24358at5125          -            426   1.1e-15   57.0   0.0   2   3      0.04        20    3.4   6.9   267   365   366   466   234   553 0.74 Ubiquitin binding protein, Hrs/VPS27 [Cordyceps fumosorosea ARSEF 2679]
OAA70273.1           -            677 24358at5125          -            426   1.1e-15   57.0   0.0   3   3       4.2   2.1e+03   -3.3   3.9   340   384   624   670   620   677 0.77 Ubiquitin binding protein, Hrs/VPS27 [Cordyceps fumosorosea ARSEF 2679]
OAA73637.1           -            641 24358at5125          -            426   6.2e-12   44.6   0.0   1   1   2.1e-14   1.1e-11   43.8   0.0    31   133    46   156    33   231 0.83 VHS subgroup [Cordyceps fumosorosea ARSEF 2679]
OAA59375.1           -           1153 24358at5125          -            426   7.7e-11   41.0   0.0   1   1   2.6e-13   1.3e-10   40.2   0.0   182   248     5    71     2    85 0.92 Ras guanine nucleotide exchange factor [Cordyceps fumosorosea ARSEF 2679]
OAA47159.1           -           1059 24358at5125          -            426   1.8e-10   39.8  12.6   1   3   2.5e-06    0.0013   17.2   0.0   192   243     7    66     4    69 0.83 hypothetical protein ISF_09532 [Cordyceps fumosorosea ARSEF 2679]
OAA47159.1           -           1059 24358at5125          -            426   1.8e-10   39.8  12.6   2   3   6.9e-06    0.0035   15.8   0.0   185   243    66   124    65   136 0.92 hypothetical protein ISF_09532 [Cordyceps fumosorosea ARSEF 2679]
OAA47159.1           -           1059 24358at5125          -            426   1.8e-10   39.8  12.6   3   3   1.2e-05    0.0059   15.0   0.0   192   249   367   427   346   448 0.80 hypothetical protein ISF_09532 [Cordyceps fumosorosea ARSEF 2679]
OAA69503.1           -            428 24358at5125          -            426     3e-10   39.0   1.9   1   2       2.1   1.1e+03   -2.3   0.2   304   323   137   155   126   175 0.76 Amphiphysin-like protein [Cordyceps fumosorosea ARSEF 2679]
OAA69503.1           -            428 24358at5125          -            426     3e-10   39.0   1.9   2   2   6.2e-13   3.1e-10   39.0   0.0   189   242   371   426   359   427 0.87 Amphiphysin-like protein [Cordyceps fumosorosea ARSEF 2679]
OAA60011.1           -            267 24358at5125          -            426   1.3e-08   33.7   0.2   1   1   4.8e-11   2.4e-08   32.8   0.0   189   241   120   174   111   183 0.88 SH3 domain protein [Cordyceps fumosorosea ARSEF 2679]
OAA59500.1           -            421 24358at5125          -            426   3.7e-08   32.1   0.1   1   2   5.4e-10   2.7e-07   29.3   0.0     9   119     6   120     1   129 0.84 VHS domain protein [Cordyceps fumosorosea ARSEF 2679]
OAA59500.1           -            421 24358at5125          -            426   3.7e-08   32.1   0.1   2   2      0.37   1.8e+02    0.2   0.5   256   341   230   318   219   355 0.70 VHS domain protein [Cordyceps fumosorosea ARSEF 2679]
OAA61530.1           -            421 24358at5125          -            426   1.2e-05   23.9   0.0   1   1   4.3e-08   2.1e-05   23.0   0.0   192   256   315   387   289   394 0.80 Peroxin 13 [Cordyceps fumosorosea ARSEF 2679]
OAA70320.1           -            389 24358at5125          -            426   2.1e-05   23.1   0.0   1   1   6.7e-08   3.4e-05   22.4   0.0   185   225   323   367   315   371 0.78 DUF500 and domain-containing protein [Cordyceps fumosorosea ARSEF 2679]
OAA58731.1           -           1190 24358at5125          -            426   0.00011   20.7   0.0   1   1   3.9e-07    0.0002   19.9   0.0   191   249     6    68     1    76 0.84 SH3 domain protein [Cordyceps fumosorosea ARSEF 2679]
OAA70518.1           -           1257 24358at5125          -            426   0.00022   19.7   0.0   1   1   8.8e-07   0.00044   18.7   0.0   192   234   829   871   810   890 0.90 SH3 domain protein [Cordyceps fumosorosea ARSEF 2679]
OAA60795.1           -            545 24358at5125          -            426   0.00029   19.3   0.0   1   2    0.0014      0.68    8.2   0.0   192   251    15    78     4    85 0.75 hypothetical protein ISF_05834 [Cordyceps fumosorosea ARSEF 2679]
OAA60795.1           -            545 24358at5125          -            426   0.00029   19.3   0.0   2   2   0.00093      0.47    8.7   0.0   193   242   129   181   113   194 0.74 hypothetical protein ISF_05834 [Cordyceps fumosorosea ARSEF 2679]
OAA62330.1           -            258 24358at5125          -            426    0.0038   15.6   0.1   1   1   1.1e-05    0.0057   15.1   0.1   189   244   153   212   142   236 0.73 RING finger domain-containing protein [Cordyceps fumosorosea ARSEF 2679]
OAA60669.1           -            298 24358at5125          -            426     0.015   13.6   0.0   1   1   4.8e-05     0.024   13.0   0.0   195   241   249   295   241   298 0.82 hypothetical protein ISF_05708 [Cordyceps fumosorosea ARSEF 2679]
OAA53090.1           -            710 24358at5125          -            426     0.017   13.5   0.0   1   1   5.9e-05      0.03   12.7   0.0   203   240   667   704   644   709 0.84 RING finger domain-containing protein [Cordyceps fumosorosea ARSEF 2679]
OAA56091.1           -           1214 24358at5125          -            426     0.019   13.3   0.0   1   1   6.7e-05     0.034   12.5   0.0   193   246  1081  1134  1074  1143 0.89 myosin-5 [Cordyceps fumosorosea ARSEF 2679]
OAA67382.1           -            796 24358at5125          -            426     0.075   11.4   0.1   1   1   0.00025      0.13   10.6   0.1   203   242   752   791   737   796 0.85 RING finger domain-containing protein [Cordyceps fumosorosea ARSEF 2679]
OAA54201.1           -           1205 24358at5125          -            426      0.16   10.3   0.0   1   2   0.00031      0.16   10.3   0.0   192   244    16    71    13    81 0.87 hypothetical protein ISF_08428 [Cordyceps fumosorosea ARSEF 2679]
OAA54201.1           -           1205 24358at5125          -            426      0.16   10.3   0.0   2   2       6.3   3.2e+03   -3.9   1.0   346   408   481   543   468   561 0.65 hypothetical protein ISF_08428 [Cordyceps fumosorosea ARSEF 2679]
#
# Program:         hmmsearch
# Version:         3.1b2 (February 2015)
# Pipeline mode:   SEARCH
# Query file:      /home/zack/funannotate_db/hypocreales_odb10/hmms/24358at5125.hmm
# Target file:     /home/zack/Desktop/IsariaPreferralGenome/MyGenomeSubmittedToNCBI/HypocrealesProteinSets/Cfumosorosea_ARSEF2679.faa
# Option settings: hmmsearch --domtblout /home/zack/Desktop/IsariaPreferralGenome/MyGenomeSubmittedToNCBI/HypocrealesProteinSets/BUSCO_AA_all/BUSCO_AA_Cfumosorosea_ARSEF2679/run_hypocreales_odb10/hmmer_output/initial_run_results/24358at5125.out --cpu 1 /home/zack/funannotate_db/hypocreales_odb10/hmms/24358at5125.hmm /home/zack/Desktop/IsariaPreferralGenome/MyGenomeSubmittedToNCBI/HypocrealesProteinSets/Cfumosorosea_ARSEF2679.faa 
# Current dir:     /home/zack/Desktop/IsariaPreferralGenome/MyGenomeSubmittedToNCBI/HypocrealesProteinSets/BUSCO_AA_all
# Date:            Mon Mar  4 14:49:48 2024
# [ok]
