#                                                                            --- full sequence --- -------------- this domain -------------   hmm coord   ali coord   env coord
# target name        accession   tlen query name           accession   qlen   E-value  score  bias   #  of  c-Evalue  i-Evalue  score  bias  from    to  from    to  from    to  acc description of target
#------------------- ---------- ----- -------------------- ---------- ----- --------- ------ ----- --- --- --------- --------- ------ ----- ----- ----- ----- ----- ----- ----- ---- ---------------------
OAA54217.1           -            394 24606at5125          -            338  5.7e-227  751.4   0.1   1   1  7.6e-229  6.4e-227  751.2   0.1     1   338    10   364    10   364 0.98 glycogen synthase kinase 3 [Cordyceps fumosorosea ARSEF 2679]
OAA73793.1           -            356 24606at5125          -            338   3.5e-53  180.0   0.0   1   1   5.4e-55   4.6e-53  179.6   0.0    25   308    23   322    16   337 0.83 mitogen activated protein kinase [Cordyceps fumosorosea ARSEF 2679]
OAA61309.1           -            375 24606at5125          -            338   3.4e-50  170.1   0.0   1   1   5.5e-52   4.7e-50  169.7   0.0    13   308     5   327     1   335 0.80 mitogen-activated protein kinase [Cordyceps fumosorosea ARSEF 2679]
OAA56805.1           -            418 24606at5125          -            338   5.7e-45  153.0   0.0   1   1   1.2e-46     1e-44  152.1   0.0    23   309    20   325     1   343 0.77 mitogen-activated protein kinase [Cordyceps fumosorosea ARSEF 2679]
OAA54424.1           -            329 24606at5125          -            338   9.5e-45  152.2   0.0   1   1   1.3e-46   1.1e-44  152.0   0.0    25   301     9   298     1   312 0.86 negative regulator of the PHO system [Cordyceps fumosorosea ARSEF 2679]
OAA66258.1           -            419 24606at5125          -            338   2.3e-42  144.4   0.0   1   1   3.7e-44   3.1e-42  144.0   0.0    30   320    80   380    64   389 0.88 serine/threonine-protein kinase [Cordyceps fumosorosea ARSEF 2679]
OAA70512.1           -            343 24606at5125          -            338   1.2e-39  135.5   0.0   1   2    0.0013      0.11   10.6   0.0    34   100    30   101    22   111 0.78 Cell division control protein 2 (Cyclin-dependent protein kinase) [Cordyceps fumosorosea ARSEF 2679]
OAA70512.1           -            343 24606at5125          -            338   1.2e-39  135.5   0.0   2   2     1e-37   8.6e-36  122.8   0.0   123   303   142   330   133   340 0.88 Cell division control protein 2 (Cyclin-dependent protein kinase) [Cordyceps fumosorosea ARSEF 2679]
OAA74066.1           -            695 24606at5125          -            338   1.4e-34  118.8   0.0   1   1   2.8e-36   2.4e-34  118.0   0.0    30   298   314   595   309   608 0.80 protein kinase [Cordyceps fumosorosea ARSEF 2679]
OAA68925.1           -            342 24606at5125          -            338   1.4e-33  115.5   0.4   1   1   2.1e-35   1.8e-33  115.1   0.4    26   307    32   326    28   337 0.79 Casein kinase II, alpha chain (CK II alpha subunit) [Cordyceps fumosorosea ARSEF 2679]
OAA59384.1           -            466 24606at5125          -            338   1.8e-31  108.6   0.0   1   1     3e-33   2.5e-31  108.1   0.0    32   263   110   352    91   410 0.79 Serine/threonine-protein kinase domain protein [Cordyceps fumosorosea ARSEF 2679]
OAA71606.1           -            537 24606at5125          -            338   6.4e-31  106.8   0.0   1   1   1.7e-32   1.5e-30  105.6   0.0    25   287    36   322    18   339 0.80 serine/threonine-protein kinase BUR1 [Cordyceps fumosorosea ARSEF 2679]
OAA58260.1           -           1342 24606at5125          -            338   3.4e-30  104.4   0.0   1   1   6.3e-32   5.4e-30  103.7   0.0    17   247   920  1154   913  1233 0.80 Protein kinase-like domain protein [Cordyceps fumosorosea ARSEF 2679]
OAA58813.1           -            899 24606at5125          -            338   1.9e-26   92.1   0.1   1   1   3.8e-28   3.2e-26   91.3   0.1    25   241   332   553   318   571 0.81 protein kinase Yak1 [Cordyceps fumosorosea ARSEF 2679]
OAA53436.1           -            903 24606at5125          -            338   1.8e-25   88.9   0.0   1   1   4.3e-27   3.7e-25   87.8   0.0    10   235   613   856   606   880 0.78 MAPKK kinase [Cordyceps fumosorosea ARSEF 2679]
OAA56762.1           -            510 24606at5125          -            338   1.6e-22   79.2   0.0   1   1   4.5e-24   3.8e-22   77.9   0.0   121   246   209   349   155   366 0.84 Serine/threonine-protein kinase domain protein [Cordyceps fumosorosea ARSEF 2679]
OAA56865.1           -           1458 24606at5125          -            338   2.8e-22   78.3   0.0   1   1   5.6e-24   4.7e-22   77.6   0.0    26   254    49   279    31   295 0.80 cell division control protein 15, cdc15 [Cordyceps fumosorosea ARSEF 2679]
OAA73983.1           -            690 24606at5125          -            338   5.2e-22   77.5   0.0   1   1     1e-23   8.8e-22   76.7   0.0    25   225   320   526   313   531 0.82 Serine/threonine-protein kinase domain protein [Cordyceps fumosorosea ARSEF 2679]
OAA67551.1           -           1338 24606at5125          -            338     6e-22   77.3   0.0   1   1   1.3e-23   1.1e-21   76.4   0.0    24   219  1035  1248  1028  1265 0.77 MAP kinase kinase kinase, SSK22 [Cordyceps fumosorosea ARSEF 2679]
OAA67496.1           -            768 24606at5125          -            338   7.6e-22   76.9   0.0   1   2   1.2e-06   9.8e-05   20.7   0.0    26   156    23   164     6   171 0.72 serine/threonine-protein kinase MAK [Cordyceps fumosorosea ARSEF 2679]
OAA67496.1           -            768 24606at5125          -            338   7.6e-22   76.9   0.0   2   2   8.9e-17   7.6e-15   53.9   0.0   157   243   189   275   185   358 0.92 serine/threonine-protein kinase MAK [Cordyceps fumosorosea ARSEF 2679]
OAA54639.1           -            788 24606at5125          -            338   8.5e-22   76.8   0.0   1   1   1.7e-23   1.4e-21   76.0   0.0   123   242   563   686   452   726 0.82 Protein kinase-like domain protein [Cordyceps fumosorosea ARSEF 2679]
OAA69576.1           -            707 24606at5125          -            338     2e-21   75.5   0.0   1   1   4.3e-23   3.7e-21   74.7   0.0    21   225    61   266    54   277 0.86 carbon catabolite derepressing protein kinase Snf1 [Cordyceps fumosorosea ARSEF 2679]
OAA70239.1           -            527 24606at5125          -            338   6.6e-21   73.8   0.0   1   1   1.1e-22   9.4e-21   73.3   0.0    19   226    13   220     8   231 0.84 Protein kinase-like domain protein [Cordyceps fumosorosea ARSEF 2679]
OAA63946.1           -            982 24606at5125          -            338     9e-21   73.4   0.0   1   1   2.2e-22   1.8e-20   72.4   0.0    26   224    78   282    68   290 0.82 Serine/threonine-protein kinase [Cordyceps fumosorosea ARSEF 2679]
OAA73304.1           -            918 24606at5125          -            338   2.8e-20   71.8   0.0   1   1   6.2e-22   5.3e-20   70.9   0.0    28   226   515   719   497   733 0.72 serine/threonine-protein kinase sck1 [Cordyceps fumosorosea ARSEF 2679]
OAA58857.1           -            766 24606at5125          -            338   3.8e-20   71.4   0.5   1   1   4.7e-21     4e-19   68.0   0.2    26   227   200   421   184   432 0.74 Serine/threonine-protein kinase domain protein [Cordyceps fumosorosea ARSEF 2679]
OAA70316.1           -            889 24606at5125          -            338   6.2e-20   70.7   0.0   1   1   1.1e-21   9.2e-20   70.1   0.0    29   244   613   824   596   853 0.81 sexual development serine/threonine kinase PakA [Cordyceps fumosorosea ARSEF 2679]
OAA64875.1           -            650 24606at5125          -            338   2.6e-19   68.6   0.3   1   2   7.2e-16   6.2e-14   50.9   0.1    24   169   267   414   259   427 0.84 serine/threonine-protein kinase cot-1 [Cordyceps fumosorosea ARSEF 2679]
OAA64875.1           -            650 24606at5125          -            338   2.6e-19   68.6   0.3   2   2   3.8e-05    0.0033   15.7   0.0   184   236   475   526   467   558 0.87 serine/threonine-protein kinase cot-1 [Cordyceps fumosorosea ARSEF 2679]
OAA58695.1           -            305 24606at5125          -            338   6.9e-19   67.2   0.0   1   1   9.4e-21     8e-19   67.0   0.0   114   245    99   245     4   294 0.75 Protein kinase-like domain protein [Cordyceps fumosorosea ARSEF 2679]
OAA69571.1           -            511 24606at5125          -            338     7e-19   67.2   0.0   1   1   1.2e-20     1e-18   66.6   0.0    29   223    68   262    57   270 0.79 MAP kinase kinase Ste7 [Cordyceps fumosorosea ARSEF 2679]
OAA74135.1           -            812 24606at5125          -            338   8.2e-19   67.0   0.1   1   1   4.2e-20   3.5e-18   64.9   0.1    10   241   508   753   497   761 0.75 Serine/threonine-protein kinase domain protein [Cordyceps fumosorosea ARSEF 2679]
OAA67641.1           -           1187 24606at5125          -            338   1.1e-18   66.6   0.0   1   1   2.5e-20   2.1e-18   65.6   0.0    65   216   176   323   170   400 0.86 Serine/threonine-protein kinase domain protein [Cordyceps fumosorosea ARSEF 2679]
OAA67598.1           -            865 24606at5125          -            338   2.1e-18   65.6   0.0   1   1   8.8e-20   7.5e-18   63.8   0.0    25   220    42   250    22   258 0.77 serine/threonine protein kinase [Cordyceps fumosorosea ARSEF 2679]
OAA73589.1           -           1621 24606at5125          -            338   2.3e-18   65.5   0.0   1   1   5.1e-20   4.3e-18   64.6   0.0    21   251  1325  1568  1308  1586 0.73 mitogen activated protein kinase kinase kinase 3, mapkkk3, mekk3 [Cordyceps fumosorosea ARSEF 2679]
OAA58304.1           -            635 24606at5125          -            338   4.5e-18   64.5   0.0   1   1   9.4e-20   8.1e-18   63.7   0.0    26   227   292   495   273   506 0.79 serine/threonine-protein kinase [Cordyceps fumosorosea ARSEF 2679]
OAA55700.1           -            656 24606at5125          -            338   6.1e-18   64.1   0.0   1   2   2.6e-14   2.2e-12   45.8   0.0    30   170   256   398   245   408 0.86 serine/threonine-protein kinase cot-1 [Cordyceps fumosorosea ARSEF 2679]
OAA55700.1           -            656 24606at5125          -            338   6.1e-18   64.1   0.0   2   2     4e-05    0.0034   15.6   0.0   175   226   445   497   437   518 0.82 serine/threonine-protein kinase cot-1 [Cordyceps fumosorosea ARSEF 2679]
OAA73308.1           -            532 24606at5125          -            338   7.6e-18   63.8   0.0   1   1   2.1e-19   1.8e-17   62.6   0.0    30   228   180   384   164   398 0.75 serine/threonine-protein kinase psk1 [Cordyceps fumosorosea ARSEF 2679]
OAA67397.1           -            537 24606at5125          -            338   8.5e-18   63.6   0.0   1   1   1.6e-19   1.3e-17   63.0   0.0   134   225   352   442   344   467 0.86 MAP kinase kinase [Cordyceps fumosorosea ARSEF 2679]
OAA74140.1           -            417 24606at5125          -            338   1.6e-17   62.7   0.0   1   1     4e-19   3.4e-17   61.7   0.0    32   223   152   347   144   357 0.78 serine/threonine-protein kinase Eg2 [Cordyceps fumosorosea ARSEF 2679]
OAA66263.1           -           1017 24606at5125          -            338   2.8e-17   61.9   0.0   1   1   5.2e-19   4.4e-17   61.3   0.0    19   220   283   481   273   490 0.79 Serine/threonine-protein kinase [Cordyceps fumosorosea ARSEF 2679]
OAA73665.1           -            544 24606at5125          -            338   3.3e-17   61.7   2.1   1   2     8e-05    0.0069   14.6   0.6    24   157   181   319   167   324 0.65 Protein kinase-like domain protein [Cordyceps fumosorosea ARSEF 2679]
OAA73665.1           -            544 24606at5125          -            338   3.3e-17   61.7   2.1   2   2   5.3e-14   4.5e-12   44.8   0.0   131   254   324   444   319   509 0.80 Protein kinase-like domain protein [Cordyceps fumosorosea ARSEF 2679]
OAA59940.1           -            844 24606at5125          -            338   4.5e-17   61.2   0.0   1   1   8.4e-19   7.2e-17   60.6   0.0    25   222    39   233    24   248 0.83 serine/threonine protein kinase [Cordyceps fumosorosea ARSEF 2679]
OAA71303.1           -            927 24606at5125          -            338   4.5e-17   61.2   0.0   1   2   1.4e-09   1.2e-07   30.3   0.1    31   158    28   177    15   182 0.67 Serine/threonine-protein kinase [Cordyceps fumosorosea ARSEF 2679]
OAA71303.1           -            927 24606at5125          -            338   4.5e-17   61.2   0.0   2   2     4e-08   3.4e-06   25.5   0.0   160   233   207   279   196   295 0.89 Serine/threonine-protein kinase [Cordyceps fumosorosea ARSEF 2679]
OAA72286.1           -            746 24606at5125          -            338   1.6e-16   59.4   0.0   1   2      0.09       7.7    4.6   0.0    23    72   103   151    87   157 0.81 calcium/calmodulin-dependent protein kinase kinase [Cordyceps fumosorosea ARSEF 2679]
OAA72286.1           -            746 24606at5125          -            338   1.6e-16   59.4   0.0   2   2   2.6e-16   2.2e-14   52.4   0.0    66   229   193   358   185   366 0.84 calcium/calmodulin-dependent protein kinase kinase [Cordyceps fumosorosea ARSEF 2679]
OAA60647.1           -            725 24606at5125          -            338   2.4e-16   58.8   0.0   1   2     0.021       1.8    6.6   0.0    25    81     6    68     2    87 0.74 G2-specific protein kinase nimA [Cordyceps fumosorosea ARSEF 2679]
OAA60647.1           -            725 24606at5125          -            338   2.4e-16   58.8   0.0   2   2   1.4e-15   1.2e-13   49.9   0.0   142   236   158   250   151   262 0.92 G2-specific protein kinase nimA [Cordyceps fumosorosea ARSEF 2679]
OAA56481.1           -            736 24606at5125          -            338   2.7e-16   58.7   1.6   1   2   3.9e-05    0.0033   15.6   0.7    27   158   369   505   360   512 0.68 protein kinase (Lkh1) [Cordyceps fumosorosea ARSEF 2679]
OAA56481.1           -            736 24606at5125          -            338   2.7e-16   58.7   1.6   2   2   6.4e-13   5.4e-11   41.2   0.0   143   241   522   615   505   627 0.82 protein kinase (Lkh1) [Cordyceps fumosorosea ARSEF 2679]
OAA73715.1           -            469 24606at5125          -            338   3.5e-16   58.3   0.0   1   2   1.5e-08   1.3e-06   26.9   0.0   121   170   209   259   187   294 0.81 Protein kinase-like domain protein [Cordyceps fumosorosea ARSEF 2679]
OAA73715.1           -            469 24606at5125          -            338   3.5e-16   58.3   0.0   2   2     4e-09   3.4e-07   28.7   0.0   184   260   313   390   305   406 0.82 Protein kinase-like domain protein [Cordyceps fumosorosea ARSEF 2679]
OAA72285.1           -            498 24606at5125          -            338   5.4e-16   57.7   0.0   1   1   9.8e-18   8.3e-16   57.1   0.0    18   222   207   423   197   431 0.74 serine/threonine-protein kinase hal4 [Cordyceps fumosorosea ARSEF 2679]
OAA67511.1           -            412 24606at5125          -            338   5.7e-16   57.6   0.0   1   1   1.2e-17     1e-15   56.8   0.0    24   227    16   220     9   232 0.75 calcium/calmodulin-dependent protein kinase [Cordyceps fumosorosea ARSEF 2679]
OAA73870.1           -            542 24606at5125          -            338   6.5e-16   57.4   0.0   1   1   1.1e-17   9.6e-16   56.9   0.0    30   222   234   425   219   443 0.73 cAMP-dependent protein kinase type 3 [Cordyceps fumosorosea ARSEF 2679]
OAA62145.1           -            573 24606at5125          -            338   6.8e-16   57.4   1.2   1   2   9.9e-11   8.4e-09   34.0   0.1    32   160   115   246   108   250 0.69 Calcium/calmodulin-dependent-like protein kinase [Cordyceps fumosorosea ARSEF 2679]
OAA62145.1           -            573 24606at5125          -            338   6.8e-16   57.4   1.2   2   2   6.2e-07   5.3e-05   21.5   0.0   159   231   278   347   273   357 0.83 Calcium/calmodulin-dependent-like protein kinase [Cordyceps fumosorosea ARSEF 2679]
OAA54200.1           -            639 24606at5125          -            338   8.5e-16   57.0   0.0   1   1   2.3e-17   1.9e-15   55.9   0.0    28   221    12   204     3   220 0.79 Serine/threonine-protein kinase domain protein [Cordyceps fumosorosea ARSEF 2679]
OAA54440.1           -            604 24606at5125          -            338   1.2e-15   56.5   0.0   1   1   2.2e-17   1.9e-15   55.9   0.0    33   222    26   223     2   233 0.73 Protein kinase-like domain protein [Cordyceps fumosorosea ARSEF 2679]
OAA72524.1           -           1613 24606at5125          -            338   2.4e-15   55.6   0.0   1   3   1.3e-06   0.00011   20.5   0.0   123   233   391   512   378   528 0.79 Serine/threonine-protein kinase, GCN2 [Cordyceps fumosorosea ARSEF 2679]
OAA72524.1           -           1613 24606at5125          -            338   2.4e-15   55.6   0.0   2   3       1.4   1.2e+02    0.7   0.0    32    82   602   656   588   666 0.78 Serine/threonine-protein kinase, GCN2 [Cordyceps fumosorosea ARSEF 2679]
OAA72524.1           -           1613 24606at5125          -            338   2.4e-15   55.6   0.0   3   3   3.2e-09   2.7e-07   29.1   0.0   125   222   798   911   784   924 0.73 Serine/threonine-protein kinase, GCN2 [Cordyceps fumosorosea ARSEF 2679]
OAA59968.1           -            662 24606at5125          -            338   3.1e-15   55.2   0.0   1   1   5.8e-17   4.9e-15   54.5   0.0    23   223    18   217     4   230 0.77 serine/threonine-protein kinase 24 [Cordyceps fumosorosea ARSEF 2679]
OAA72132.1           -            375 24606at5125          -            338   5.9e-15   54.3   0.0   1   1   1.1e-16   9.1e-15   53.7   0.0    70   234   104   268    49   282 0.77 serine/threonine-protein kinase PRKX [Cordyceps fumosorosea ARSEF 2679]
OAA73118.1           -           1193 24606at5125          -            338   8.2e-15   53.8   0.0   1   2   3.4e-16   2.9e-14   52.0   0.0    14   193   295   481   291   491 0.78 Serine/threonine-protein kinase domain protein [Cordyceps fumosorosea ARSEF 2679]
OAA73118.1           -           1193 24606at5125          -            338   8.2e-15   53.8   0.0   2   2       7.2   6.2e+02   -1.7   0.0   198   226   506   534   501   547 0.85 Serine/threonine-protein kinase domain protein [Cordyceps fumosorosea ARSEF 2679]
OAA63168.1           -            316 24606at5125          -            338   1.6e-14   52.9   0.0   1   1   2.6e-16   2.2e-14   52.4   0.0    30   223    82   277    76   288 0.79 Protein kinase-like domain protein [Cordyceps fumosorosea ARSEF 2679]
OAA62939.1           -           1087 24606at5125          -            338     2e-14   52.6   0.0   1   1   3.9e-16   3.4e-14   51.8   0.0    64   225   248   404   189   417 0.79 Serine/threonine-protein kinase domain protein [Cordyceps fumosorosea ARSEF 2679]
OAA63927.1           -           1809 24606at5125          -            338   2.4e-14   52.3   0.0   1   2   2.5e-12   2.1e-10   39.3   0.0    29   171   721   866   714   876 0.77 Serine/threonine-protein kinase domain protein [Cordyceps fumosorosea ARSEF 2679]
OAA63927.1           -           1809 24606at5125          -            338   2.4e-14   52.3   0.0   2   2     0.002      0.17   10.0   0.0   176   225  1029  1077  1023  1118 0.84 Serine/threonine-protein kinase domain protein [Cordyceps fumosorosea ARSEF 2679]
OAA58278.1           -            722 24606at5125          -            338   2.4e-14   52.3   0.1   1   1     1e-15   8.8e-14   50.4   0.1    22   223   432   648   416   674 0.59 STE20 kinase [Cordyceps fumosorosea ARSEF 2679]
OAA55089.1           -            562 24606at5125          -            338   3.2e-14   51.9   0.0   1   2     7e-09     6e-07   28.0   0.0    20   158    96   246    90   259 0.82 Protein kinase-like domain protein [Cordyceps fumosorosea ARSEF 2679]
OAA55089.1           -            562 24606at5125          -            338   3.2e-14   51.9   0.0   2   2   5.6e-07   4.7e-05   21.7   0.0   162   240   369   450   361   459 0.79 Protein kinase-like domain protein [Cordyceps fumosorosea ARSEF 2679]
OAA74145.1           -           1190 24606at5125          -            338   3.4e-14   51.8   0.0   1   1   6.2e-16   5.3e-14   51.1   0.0    74   267   990  1183   916  1187 0.76 serine/threonine protein kinase [Cordyceps fumosorosea ARSEF 2679]
OAA58751.1           -            392 24606at5125          -            338   6.6e-14   50.8   0.0   1   2      0.19        16    3.5   0.0    18    57   151   190   146   207 0.89 Serine/threonine-protein kinase [Cordyceps fumosorosea ARSEF 2679]
OAA58751.1           -            392 24606at5125          -            338   6.6e-14   50.8   0.0   2   2   3.9e-14   3.3e-12   45.2   0.0   133   225   213   302   198   312 0.84 Serine/threonine-protein kinase [Cordyceps fumosorosea ARSEF 2679]
OAA69595.1           -            514 24606at5125          -            338   1.3e-13   49.9   0.0   1   1   2.7e-15   2.3e-13   49.1   0.0   113   220    80   206    59   235 0.76 serine/threonine protein kinase [Cordyceps fumosorosea ARSEF 2679]
OAA38153.1           -           1585 24606at5125          -            338   3.4e-13   48.5   0.1   1   2      0.23        20    3.2   0.0    24    72    84   131    72   137 0.85 calcium/calmodulin-dependent protein kinase kinase [Cordyceps fumosorosea ARSEF 2679]
OAA38153.1           -           1585 24606at5125          -            338   3.4e-13   48.5   0.1   2   2   2.4e-13     2e-11   42.7   0.0    65   228   177   342   166   350 0.84 calcium/calmodulin-dependent protein kinase kinase [Cordyceps fumosorosea ARSEF 2679]
OAA60122.1           -            736 24606at5125          -            338   8.3e-13   47.2   0.0   1   1     9e-14   7.7e-12   44.0   0.0    63   232   426   616   415   620 0.73 serine/threonine-protein kinase hal4 [Cordyceps fumosorosea ARSEF 2679]
OAA69448.1           -            644 24606at5125          -            338   1.4e-12   46.4   0.1   1   2   1.5e-10   1.3e-08   33.5   0.0    26   170   260   408   250   413 0.77 Serine/threonine-protein kinase domain protein [Cordyceps fumosorosea ARSEF 2679]
OAA69448.1           -            644 24606at5125          -            338   1.4e-12   46.4   0.1   2   2    0.0013      0.11   10.7   0.0   175   228   441   493   433   504 0.84 Serine/threonine-protein kinase domain protein [Cordyceps fumosorosea ARSEF 2679]
OAA68808.1           -           1126 24606at5125          -            338   2.5e-12   45.7   0.2   1   2   3.7e-10   3.1e-08   32.2   0.0    65   172   328   430   303   437 0.79 Serine/threonine-protein kinase KIN4 [Cordyceps fumosorosea ARSEF 2679]
OAA68808.1           -           1126 24606at5125          -            338   2.5e-12   45.7   0.2   2   2   0.00088     0.075   11.2   0.0   184   219   475   511   468   533 0.85 Serine/threonine-protein kinase KIN4 [Cordyceps fumosorosea ARSEF 2679]
OAA73610.1           -            447 24606at5125          -            338   3.1e-12   45.3   0.0   1   1   5.4e-14   4.6e-12   44.8   0.0    25   236    18   235     3   322 0.80 calcium/calmodulin-dependent protein kinase type I [Cordyceps fumosorosea ARSEF 2679]
OAA67647.1           -            493 24606at5125          -            338   5.2e-12   44.6   0.0   1   1   1.1e-13   9.4e-12   43.7   0.0   122   222    24   133    16   140 0.84 Protein kinase-like domain protein [Cordyceps fumosorosea ARSEF 2679]
OAA55456.1           -            692 24606at5125          -            338   6.3e-12   44.3   0.0   1   1   3.6e-13   3.1e-11   42.0   0.0    65   216   423   586   414   600 0.83 Calcium/calmodulin-dependent/calcium-dependent protein kinase [Cordyceps fumosorosea ARSEF 2679]
OAA64010.1           -            425 24606at5125          -            338   2.1e-11   42.6   0.0   1   2   0.00087     0.074   11.2   0.0   121   163   151   193    33   198 0.71 Protein kinase-like domain protein [Cordyceps fumosorosea ARSEF 2679]
OAA64010.1           -            425 24606at5125          -            338   2.1e-11   42.6   0.0   2   2   4.8e-09   4.1e-07   28.5   0.0   159   223   244   305   234   334 0.81 Protein kinase-like domain protein [Cordyceps fumosorosea ARSEF 2679]
OAA59945.1           -            494 24606at5125          -            338   1.3e-10   40.0   0.0   1   1   3.2e-12   2.7e-10   38.9   0.0   129   224   324   421   315   429 0.84 Protein kinase-like domain protein [Cordyceps fumosorosea ARSEF 2679]
OAA60758.1           -            798 24606at5125          -            338   1.4e-10   39.9   0.0   1   1   2.6e-12   2.2e-10   39.3   0.0   122   213   496   592   478   601 0.79 Serine/threonine-protein kinase-like domain protein [Cordyceps fumosorosea ARSEF 2679]
OAA55663.1           -            650 24606at5125          -            338   1.5e-10   39.8   0.0   1   1   3.1e-12   2.7e-10   39.0   0.0   141   226   411   504   395   522 0.80 polymyxin B resistance protein kinase [Cordyceps fumosorosea ARSEF 2679]
OAA54640.1           -            533 24606at5125          -            338   1.6e-10   39.7   0.0   1   1     3e-12   2.6e-10   39.0   0.0    29   223    70   279    60   289 0.72 negative regulator of sexual conjugation and meiosis [Cordyceps fumosorosea ARSEF 2679]
OAA69545.1           -           1107 24606at5125          -            338     2e-10   39.4   0.0   1   1   4.3e-12   3.7e-10   38.5   0.0    29   227   785   987   769   996 0.78 Protein kinase C [Cordyceps fumosorosea ARSEF 2679]
OAA69005.1           -            619 24606at5125          -            338   7.5e-10   37.5   0.0   1   1   1.5e-11   1.3e-09   36.7   0.0   129   238   327   442   316   459 0.79 protein kinase [Cordyceps fumosorosea ARSEF 2679]
OAA62205.1           -            214 24606at5125          -            338   2.8e-09   35.6   0.0   1   1   4.5e-11   3.9e-09   35.1   0.0   130   226    31   128    21   136 0.84 Protein kinase-like domain protein [Cordyceps fumosorosea ARSEF 2679]
OAA68978.1           -           1528 24606at5125          -            338   5.1e-09   34.8   0.0   1   1   1.1e-10   9.2e-09   33.9   0.0   121   222   119   236    84   243 0.77 Armadillo-type fold domain containing protein [Cordyceps fumosorosea ARSEF 2679]
OAA69858.1           -           1144 24606at5125          -            338   6.4e-09   34.4   0.1   1   3      0.02       1.7    6.7   0.1    14   107    64   172    53   177 0.69 Calcium/calmodulin-dependent/calcium-dependent protein kinase [Cordyceps fumosorosea ARSEF 2679]
OAA69858.1           -           1144 24606at5125          -            338   6.4e-09   34.4   0.1   2   3   1.3e-07   1.1e-05   23.8   0.0   134   169   382   417   375   429 0.92 Calcium/calmodulin-dependent/calcium-dependent protein kinase [Cordyceps fumosorosea ARSEF 2679]
OAA69858.1           -           1144 24606at5125          -            338   6.4e-09   34.4   0.1   3   3       5.9     5e+02   -1.4   0.0   199   225   472   498   449   519 0.74 Calcium/calmodulin-dependent/calcium-dependent protein kinase [Cordyceps fumosorosea ARSEF 2679]
OAA55666.1           -            525 24606at5125          -            338   2.3e-08   32.6   0.0   1   1   4.6e-10   3.9e-08   31.8   0.0    33   209   108   288    99   304 0.70 Protein kinase-like domain protein [Cordyceps fumosorosea ARSEF 2679]
OAA62158.1           -            622 24606at5125          -            338   2.6e-08   32.4   0.0   1   1   4.9e-10   4.2e-08   31.8   0.0    40   221   357   534   345   544 0.76 Protein kinase-like domain protein [Cordyceps fumosorosea ARSEF 2679]
OAA64780.1           -            588 24606at5125          -            338   3.6e-08   32.0   0.0   1   1   5.8e-09   4.9e-07   28.2   0.0   121   229   342   469   334   484 0.66 checkpoint protein kinase [Cordyceps fumosorosea ARSEF 2679]
OAA60869.1           -           1208 24606at5125          -            338   7.8e-08   30.9   0.0   1   1   2.2e-09   1.9e-07   29.6   0.0    32   236   781   995   762  1090 0.70 serine/threonine-protein kinase [Cordyceps fumosorosea ARSEF 2679]
OAA64949.1           -            844 24606at5125          -            338   8.9e-08   30.7   0.0   1   1   2.5e-09   2.1e-07   29.4   0.0    23   222   498   721   482   746 0.74 Serine/threonine-protein kinase domain protein [Cordyceps fumosorosea ARSEF 2679]
OAA63004.1           -           1072 24606at5125          -            338   2.8e-07   29.1   0.0   1   1   5.5e-09   4.7e-07   28.3   0.0    59   214   767   918   748   965 0.75 Protein kinase-like domain protein [Cordyceps fumosorosea ARSEF 2679]
OAA43054.1           -            429 24606at5125          -            338   7.9e-07   27.5   0.0   1   2       3.3   2.8e+02   -0.6   0.0    30    81    36    93    26   115 0.75 Protein kinase-like domain protein [Cordyceps fumosorosea ARSEF 2679]
OAA43054.1           -            429 24606at5125          -            338   7.9e-07   27.5   0.0   2   2   5.2e-08   4.4e-06   25.1   0.0   142   223   227   321   223   331 0.70 Protein kinase-like domain protein [Cordyceps fumosorosea ARSEF 2679]
OAA73163.1           -            467 24606at5125          -            338   1.4e-06   26.8   0.0   1   1     4e-08   3.4e-06   25.5   0.0    27   169   215   365   187   367 0.64 Protein kinase-like domain protein [Cordyceps fumosorosea ARSEF 2679]
OAA56857.1           -            304 24606at5125          -            338   1.7e-06   26.5   0.0   1   1   2.3e-08     2e-06   26.2   0.0   113   181   110   177    99   261 0.77 protein kinase domain-containing protein [Cordyceps fumosorosea ARSEF 2679]
OAA73399.1           -            724 24606at5125          -            338   4.6e-06   25.0   0.0   1   1   1.2e-07   9.9e-06   23.9   0.0   128   236   292   413   283   423 0.74 protein kinase [Cordyceps fumosorosea ARSEF 2679]
OAA58182.1           -            693 24606at5125          -            338   5.4e-06   24.8   0.0   1   1   1.3e-07   1.1e-05   23.8   0.0   127   171   345   391   324   410 0.83 protein kinase [Cordyceps fumosorosea ARSEF 2679]
OAA60685.1           -            889 24606at5125          -            338   5.8e-06   24.7   0.0   1   1   1.4e-07   1.2e-05   23.6   0.0   125   215   320   423   227   431 0.63 Protein kinase-like domain protein [Cordyceps fumosorosea ARSEF 2679]
OAA55765.1           -            437 24606at5125          -            338   9.7e-06   24.0   0.0   1   1   1.7e-07   1.5e-05   23.4   0.0    66   216   138   300   109   312 0.69 Protein kinase-like domain protein [Cordyceps fumosorosea ARSEF 2679]
OAA58229.1           -            176 24606at5125          -            338   1.2e-05   23.7   0.0   1   1   1.9e-07   1.6e-05   23.3   0.0   163   227     8    69     3    96 0.77 Protein kinase-like domain protein [Cordyceps fumosorosea ARSEF 2679]
OAA53145.1           -            234 24606at5125          -            338   1.4e-05   23.5   0.0   1   1   2.4e-07   2.1e-05   22.9   0.0   123   172   117   166   102   175 0.83 protein kinase domain-containing protein [Cordyceps fumosorosea ARSEF 2679]
OAA60810.1           -            244 24606at5125          -            338   1.7e-05   23.2   0.0   1   1   2.6e-07   2.2e-05   22.8   0.0   125   168   185   229   162   241 0.88 Protein kinase-like domain protein [Cordyceps fumosorosea ARSEF 2679]
OAA39189.1           -            310 24606at5125          -            338     2e-05   22.9   0.0   1   1   3.3e-07   2.8e-05   22.5   0.0   119   176   108   169    82   176 0.77 casein kinase 1, delta [Cordyceps fumosorosea ARSEF 2679]
OAA60807.1           -            195 24606at5125          -            338   4.4e-05   21.8   0.0   1   1   6.3e-07   5.4e-05   21.5   0.0    79   169    50   141    27   152 0.76 serine protein kinase Sky1 [Cordyceps fumosorosea ARSEF 2679]
OAA70697.1           -            285 24606at5125          -            338   5.3e-05   21.5   0.0   1   1   8.7e-07   7.5e-05   21.1   0.0   127   169   150   192   136   245 0.78 Protein kinase-like domain protein [Cordyceps fumosorosea ARSEF 2679]
OAA72134.1           -            289 24606at5125          -            338   8.1e-05   20.9   0.0   1   1   1.3e-06   0.00011   20.5   0.0   124   171    26    76    11   103 0.79 Protein kinase-like domain protein [Cordyceps fumosorosea ARSEF 2679]
OAA44437.1           -            351 24606at5125          -            338   0.00013   20.3   0.0   1   1   2.1e-06   0.00018   19.8   0.0   128   169   204   245   185   302 0.80 Protein kinase-like domain protein [Cordyceps fumosorosea ARSEF 2679]
OAA60729.1           -            446 24606at5125          -            338   0.00017   19.9   0.2   1   1   4.2e-06   0.00035   18.8   0.2    24   171    11   161     4   171 0.69 Protein kinase-like domain protein [Cordyceps fumosorosea ARSEF 2679]
OAA59266.1           -            950 24606at5125          -            338   0.00018   19.8   0.0   1   1   3.6e-06   0.00031   19.0   0.0    67   214   410   545   400   563 0.70 Protein kinase-like domain protein [Cordyceps fumosorosea ARSEF 2679]
OAA69159.1           -            246 24606at5125          -            338   0.00064   18.0   0.0   1   1     1e-05   0.00085   17.6   0.0   128   171   107   150    84   199 0.89 Protein kinase-like domain protein [Cordyceps fumosorosea ARSEF 2679]
OAA60119.1           -            225 24606at5125          -            338   0.00065   18.0   0.0   1   1   1.1e-05   0.00096   17.4   0.0   111   169   115   175   105   178 0.85 Protein kinase-like domain protein [Cordyceps fumosorosea ARSEF 2679]
OAA64898.1           -            965 24606at5125          -            338    0.0012   17.1   0.0   1   2    0.0048      0.41    8.8   0.0   143   174   327   362   218   369 0.86 Protein kinase-like domain protein [Cordyceps fumosorosea ARSEF 2679]
OAA64898.1           -            965 24606at5125          -            338    0.0012   17.1   0.0   2   2     0.038       3.2    5.8   0.0   187   214   401   428   391   439 0.89 Protein kinase-like domain protein [Cordyceps fumosorosea ARSEF 2679]
OAA52145.1           -            406 24606at5125          -            338    0.0013   16.9   0.0   1   2   7.2e-05    0.0061   14.8   0.0    93   155   121   182    87   190 0.80 Protein kinase-like domain protein [Cordyceps fumosorosea ARSEF 2679]
OAA52145.1           -            406 24606at5125          -            338    0.0013   16.9   0.0   2   2       3.9   3.3e+02   -0.8   0.0   187   224   258   294   247   302 0.77 Protein kinase-like domain protein [Cordyceps fumosorosea ARSEF 2679]
OAA73160.1           -            752 24606at5125          -            338    0.0014   16.9   0.0   1   1   2.5e-05    0.0021   16.3   0.0   128   170   590   632   533   640 0.79 Protein kinase-like domain protein [Cordyceps fumosorosea ARSEF 2679]
OAA54692.1           -            500 24606at5125          -            338    0.0015   16.7   0.0   1   1   2.9e-05    0.0025   16.0   0.0    97   157   326   388   317   403 0.86 Protein kinase-like domain protein [Cordyceps fumosorosea ARSEF 2679]
OAA61413.1           -            171 24606at5125          -            338    0.0016   16.7   0.0   1   1   2.4e-05     0.002   16.4   0.0   132   169    97   134    74   148 0.84 Protein kinase-like domain protein [Cordyceps fumosorosea ARSEF 2679]
OAA41834.1           -             80 24606at5125          -            338    0.0021   16.3   0.0   1   1   2.5e-05    0.0021   16.3   0.0   127   172    23    68     8    77 0.86 Protein kinase-like domain protein [Cordyceps fumosorosea ARSEF 2679]
OAA54619.1           -            515 24606at5125          -            338    0.0023   16.1   0.0   1   1   3.9e-05    0.0034   15.6   0.0   122   215   318   414   216   423 0.77 Protein kinase-like domain protein [Cordyceps fumosorosea ARSEF 2679]
OAA64930.1           -             92 24606at5125          -            338     0.003   15.8   0.0   1   1   3.9e-05    0.0033   15.6   0.0   186   226     4    43     2    70 0.80 protein kinase [Cordyceps fumosorosea ARSEF 2679]
OAA63965.1           -           1528 24606at5125          -            338    0.0054   14.9   0.0   1   2     0.019       1.6    6.8   0.0   127   154   163   190   155   201 0.90 DUF1339 domain protein [Cordyceps fumosorosea ARSEF 2679]
OAA63965.1           -           1528 24606at5125          -            338    0.0054   14.9   0.0   2   2     0.041       3.5    5.7   0.0   162   233   256   334   251   346 0.67 DUF1339 domain protein [Cordyceps fumosorosea ARSEF 2679]
OAA56884.1           -            258 24606at5125          -            338    0.0093   14.2   0.0   1   1   0.00014     0.012   13.8   0.0   119   168    99   147    80   195 0.81 Protein kinase-like domain protein [Cordyceps fumosorosea ARSEF 2679]
OAA70712.1           -            330 24606at5125          -            338     0.011   13.9   0.1   1   1    0.0002     0.017   13.3   0.1   125   170    84   132    55   143 0.80 casein kinase I isoform delta [Cordyceps fumosorosea ARSEF 2679]
OAA63928.1           -            516 24606at5125          -            338     0.012   13.8   0.0   1   1   0.00022     0.019   13.2   0.0   127   156   334   363   324   429 0.86 Protein kinase-like domain protein [Cordyceps fumosorosea ARSEF 2679]
#
# Program:         hmmsearch
# Version:         3.1b2 (February 2015)
# Pipeline mode:   SEARCH
# Query file:      /home/zack/funannotate_db/hypocreales_odb10/hmms/24606at5125.hmm
# Target file:     /home/zack/Desktop/IsariaPreferralGenome/MyGenomeSubmittedToNCBI/HypocrealesProteinSets/Cfumosorosea_ARSEF2679.faa
# Option settings: hmmsearch --domtblout /home/zack/Desktop/IsariaPreferralGenome/MyGenomeSubmittedToNCBI/HypocrealesProteinSets/BUSCO_AA_all/BUSCO_AA_Cfumosorosea_ARSEF2679/run_hypocreales_odb10/hmmer_output/initial_run_results/24606at5125.out --cpu 1 /home/zack/funannotate_db/hypocreales_odb10/hmms/24606at5125.hmm /home/zack/Desktop/IsariaPreferralGenome/MyGenomeSubmittedToNCBI/HypocrealesProteinSets/Cfumosorosea_ARSEF2679.faa 
# Current dir:     /home/zack/Desktop/IsariaPreferralGenome/MyGenomeSubmittedToNCBI/HypocrealesProteinSets/BUSCO_AA_all
# Date:            Mon Mar  4 14:49:21 2024
# [ok]
