#                                                                            --- full sequence --- -------------- this domain -------------   hmm coord   ali coord   env coord
# target name        accession   tlen query name           accession   qlen   E-value  score  bias   #  of  c-Evalue  i-Evalue  score  bias  from    to  from    to  from    to  acc description of target
#------------------- ---------- ----- -------------------- ---------- ----- --------- ------ ----- --- --- --------- --------- ------ ----- ----- ----- ----- ----- ----- ----- ---- ---------------------
OAA61392.1           -            524 26883at5125          -            421  2.1e-239  793.6  24.3   1   2  3.1e-133  1.7e-130  434.8   1.9     1   214    10   226    10   239 0.97 MFS transporter [Cordyceps fumosorosea ARSEF 2679]
OAA61392.1           -            524 26883at5125          -            421  2.1e-239  793.6  24.3   2   2  7.4e-111  4.1e-108  361.1  14.9   218   420   279   499   257   500 0.92 MFS transporter [Cordyceps fumosorosea ARSEF 2679]
OAA61467.1           -            523 26883at5125          -            421    2e-103  345.7  14.1   1   2   6.3e-71   3.5e-68  229.5   1.3    27   208     2   187     1   194 0.96 Major facilitator superfamily domain, general substrate transporter [Cordyceps fumosorosea ARSEF 2679]
OAA61467.1           -            523 26883at5125          -            421    2e-103  345.7  14.1   2   2   4.5e-38   2.5e-35  121.3   5.6   223   412   286   487   283   493 0.91 Major facilitator superfamily domain, general substrate transporter [Cordyceps fumosorosea ARSEF 2679]
OAA71412.1           -            595 26883at5125          -            421   8.6e-62  208.5  13.0   1   2     1e-45   5.8e-43  146.4   0.5     8   207    58   263    52   273 0.91 Major facilitator superfamily transporter [Cordyceps fumosorosea ARSEF 2679]
OAA71412.1           -            595 26883at5125          -            421   8.6e-62  208.5  13.0   2   2   2.9e-21   1.6e-18   65.9   6.4   257   410   407   571   403   580 0.84 Major facilitator superfamily transporter [Cordyceps fumosorosea ARSEF 2679]
OAA54447.1           -            523 26883at5125          -            421   1.3e-59  201.3  17.7   1   2   5.6e-48   3.2e-45  153.9   1.0     5   205    10   203     6   216 0.91 Major facilitator superfamily domain, general substrate transporter [Cordyceps fumosorosea ARSEF 2679]
OAA54447.1           -            523 26883at5125          -            421   1.3e-59  201.3  17.7   2   2   4.8e-17   2.7e-14   52.0   9.8   232   417   282   482   256   485 0.83 Major facilitator superfamily domain, general substrate transporter [Cordyceps fumosorosea ARSEF 2679]
OAA54644.1           -            549 26883at5125          -            421   3.4e-48  163.7  20.7   1   3   1.1e-33   6.1e-31  106.8   4.1    10   206    32   239    26   249 0.88 MFS transporter [Cordyceps fumosorosea ARSEF 2679]
OAA54644.1           -            549 26883at5125          -            421   3.4e-48  163.7  20.7   2   3      0.48   2.7e+02   -0.7   0.0   222   257   306   341   283   347 0.85 MFS transporter [Cordyceps fumosorosea ARSEF 2679]
OAA54644.1           -            549 26883at5125          -            421   3.4e-48  163.7  20.7   3   3   2.1e-20   1.2e-17   63.1   6.7   259   413   363   527   349   532 0.87 MFS transporter [Cordyceps fumosorosea ARSEF 2679]
OAA72314.1           -            521 26883at5125          -            421   6.7e-48  162.7  17.9   1   1   1.6e-50     9e-48  162.3  17.9     5   401    71   484    67   501 0.85 Major facilitator superfamily transporter [Cordyceps fumosorosea ARSEF 2679]
OAA58741.1           -            533 26883at5125          -            421   1.1e-45  155.4  23.0   1   1   2.6e-48   1.4e-45  155.0  23.0     5   409    89   514    85   526 0.80 Major facilitator superfamily transporter [Cordyceps fumosorosea ARSEF 2679]
OAA70343.1           -            606 26883at5125          -            421   7.3e-41  139.5  13.5   1   2   3.3e-30   1.8e-27   95.4   4.6     6   206   103   294   100   301 0.89 MFS transporter [Cordyceps fumosorosea ARSEF 2679]
OAA70343.1           -            606 26883at5125          -            421   7.3e-41  139.5  13.5   2   2   4.5e-16   2.5e-13   48.8   1.5   223   417   377   583   366   586 0.81 MFS transporter [Cordyceps fumosorosea ARSEF 2679]
OAA53872.1           -            482 26883at5125          -            421   2.3e-39  134.6  12.5   1   1   6.9e-42   3.9e-39  133.9  12.5     4   407    37   465    34   478 0.81 Major facilitator superfamily transporter [Cordyceps fumosorosea ARSEF 2679]
OAA59969.1           -            459 26883at5125          -            421   1.9e-09   36.0   0.9   1   1     6e-12   3.3e-09   35.2   0.9    46   161    82   199    66   243 0.82 tetracycline transporter [Cordyceps fumosorosea ARSEF 2679]
OAA68822.1           -            646 26883at5125          -            421   7.2e-08   30.8   7.9   1   2   1.3e-10   7.2e-08   30.8   7.9    55   167   156   270   119   283 0.80 multidrug resistance protein fnx1 [Cordyceps fumosorosea ARSEF 2679]
OAA68822.1           -            646 26883at5125          -            421   7.2e-08   30.8   7.9   2   2       1.2   6.8e+02   -2.0   0.4    48    87   409   448   375   462 0.82 multidrug resistance protein fnx1 [Cordyceps fumosorosea ARSEF 2679]
OAA59261.1           -            571 26883at5125          -            421   4.8e-07   28.1   3.6   1   2   8.5e-10   4.8e-07   28.1   3.6    43   168    53   183    45   201 0.78 Major facilitator superfamily domain, general substrate transporter [Cordyceps fumosorosea ARSEF 2679]
OAA59261.1           -            571 26883at5125          -            421   4.8e-07   28.1   3.6   2   2       3.4   1.9e+03   -3.5   0.0   144   206   260   290   258   311 0.53 Major facilitator superfamily domain, general substrate transporter [Cordyceps fumosorosea ARSEF 2679]
OAA74242.1           -            635 26883at5125          -            421   2.8e-05   22.3   1.0   1   1   1.3e-07   7.5e-05   20.9   0.7    51    98   186   233   169   318 0.87 Major facilitator superfamily transporter [Cordyceps fumosorosea ARSEF 2679]
OAA55693.1           -            413 26883at5125          -            421   9.5e-05   20.6   3.9   1   2   1.1e-06   0.00062   17.9   0.3    59    92   106   139    99   157 0.84 Major facilitator superfamily domain, general substrate transporter [Cordyceps fumosorosea ARSEF 2679]
OAA55693.1           -            413 26883at5125          -            421   9.5e-05   20.6   3.9   2   2     0.026        14    3.5   0.5   342   387   171   215   149   224 0.82 Major facilitator superfamily domain, general substrate transporter [Cordyceps fumosorosea ARSEF 2679]
OAA69157.1           -            527 26883at5125          -            421    0.0033   15.5   0.2   1   2       1.9   1.1e+03   -2.7   0.4    52    92    68   109    62   116 0.74 D-xylose-proton symporter [Cordyceps fumosorosea ARSEF 2679]
OAA69157.1           -            527 26883at5125          -            421    0.0033   15.5   0.2   2   2   5.9e-06    0.0033   15.5   0.2    71   118   337   384   312   414 0.77 D-xylose-proton symporter [Cordyceps fumosorosea ARSEF 2679]
OAA71558.1           -            546 26883at5125          -            421      0.11   10.5   9.5   1   2   1.1e-05    0.0061   14.6   2.6    58   114    69   128    59   177 0.79 General substrate transporter [Cordyceps fumosorosea ARSEF 2679]
OAA71558.1           -            546 26883at5125          -            421      0.11   10.5   9.5   2   2      0.46   2.6e+02   -0.6   0.6    51    93   312   357   292   368 0.70 General substrate transporter [Cordyceps fumosorosea ARSEF 2679]
OAA56099.1           -            532 26883at5125          -            421      0.25    9.3  12.7   1   3     0.044        25    2.7   1.8    66   167    86   195    62   205 0.66 quinate permease [Cordyceps fumosorosea ARSEF 2679]
OAA56099.1           -            532 26883at5125          -            421      0.25    9.3  12.7   2   3   4.7e-05     0.026   12.5   1.4    56    97   327   369   290   405 0.78 quinate permease [Cordyceps fumosorosea ARSEF 2679]
OAA56099.1           -            532 26883at5125          -            421      0.25    9.3  12.7   3   3      0.66   3.7e+02   -1.2   0.0   171   206   447   481   411   491 0.80 quinate permease [Cordyceps fumosorosea ARSEF 2679]
OAA63127.1           -            518 26883at5125          -            421      0.61    8.0  12.0   1   3     6e-05     0.033   12.2   2.4    67   111    80   127    63   202 0.64 General substrate transporter [Cordyceps fumosorosea ARSEF 2679]
OAA63127.1           -            518 26883at5125          -            421      0.61    8.0  12.0   2   3     0.061        34    2.3   0.1    45    97   308   357   289   389 0.78 General substrate transporter [Cordyceps fumosorosea ARSEF 2679]
OAA63127.1           -            518 26883at5125          -            421      0.61    8.0  12.0   3   3       1.6   9.1e+02   -2.4   0.3    74   108   437   470   411   477 0.61 General substrate transporter [Cordyceps fumosorosea ARSEF 2679]
#
# Program:         hmmsearch
# Version:         3.1b2 (February 2015)
# Pipeline mode:   SEARCH
# Query file:      /home/zack/funannotate_db/hypocreales_odb10/hmms/26883at5125.hmm
# Target file:     /home/zack/Desktop/IsariaPreferralGenome/MyGenomeSubmittedToNCBI/HypocrealesProteinSets/Cfumosorosea_ARSEF2679.faa
# Option settings: hmmsearch --domtblout /home/zack/Desktop/IsariaPreferralGenome/MyGenomeSubmittedToNCBI/HypocrealesProteinSets/BUSCO_AA_all/BUSCO_AA_Cfumosorosea_ARSEF2679/run_hypocreales_odb10/hmmer_output/initial_run_results/26883at5125.out --cpu 1 /home/zack/funannotate_db/hypocreales_odb10/hmms/26883at5125.hmm /home/zack/Desktop/IsariaPreferralGenome/MyGenomeSubmittedToNCBI/HypocrealesProteinSets/Cfumosorosea_ARSEF2679.faa 
# Current dir:     /home/zack/Desktop/IsariaPreferralGenome/MyGenomeSubmittedToNCBI/HypocrealesProteinSets/BUSCO_AA_all
# Date:            Mon Mar  4 14:49:19 2024
# [ok]
