#                                                                            --- full sequence --- -------------- this domain -------------   hmm coord   ali coord   env coord
# target name        accession   tlen query name           accession   qlen   E-value  score  bias   #  of  c-Evalue  i-Evalue  score  bias  from    to  from    to  from    to  acc description of target
#------------------- ---------- ----- -------------------- ---------- ----- --------- ------ ----- --- --- --------- --------- ------ ----- ----- ----- ----- ----- ----- ----- ---- ---------------------
OAA57676.1           -            643 28367at5125          -            238   5.5e-76  254.7  50.0   1   5      0.02        49    2.8   0.8     8    74    28   102    22   107 0.59 LIM domain containing protein [Cordyceps fumosorosea ARSEF 2679]
OAA57676.1           -            643 28367at5125          -            238   5.5e-76  254.7  50.0   2   5   0.00067       1.7    7.6   1.0    28    70   201   247   185   271 0.67 LIM domain containing protein [Cordyceps fumosorosea ARSEF 2679]
OAA57676.1           -            643 28367at5125          -            238   5.5e-76  254.7  50.0   3   5   7.6e-10   1.9e-06   27.1   7.0    53    97   279   333   254   344 0.70 LIM domain containing protein [Cordyceps fumosorosea ARSEF 2679]
OAA57676.1           -            643 28367at5125          -            238   5.5e-76  254.7  50.0   4   5   1.3e-72   3.3e-69  232.5  16.8    91   227   430   571   399   575 0.89 LIM domain containing protein [Cordyceps fumosorosea ARSEF 2679]
OAA57676.1           -            643 28367at5125          -            238   5.5e-76  254.7  50.0   5   5      0.15   3.7e+02   -0.1   0.0   226   237   631   642   625   643 0.84 LIM domain containing protein [Cordyceps fumosorosea ARSEF 2679]
OAA64861.1           -           1153 28367at5125          -            238   8.9e-16   57.6  25.5   1   3   4.8e-17   1.2e-13   50.6  16.2    70   232    56   223     5   227 0.73 Rho GTPase-activating protein domain protein [Cordyceps fumosorosea ARSEF 2679]
OAA64861.1           -           1153 28367at5125          -            238   8.9e-16   57.6  25.5   2   3   1.3e-07   0.00031   19.8   7.4   126   195   174   247   171   252 0.82 Rho GTPase-activating protein domain protein [Cordyceps fumosorosea ARSEF 2679]
OAA64861.1           -           1153 28367at5125          -            238   8.9e-16   57.6  25.5   3   3   6.7e-05      0.17   10.9   0.8   169   208   461   499   454   512 0.86 Rho GTPase-activating protein domain protein [Cordyceps fumosorosea ARSEF 2679]
OAA63918.1           -            838 28367at5125          -            238   4.2e-08   32.5  15.8   1   4      0.37   9.3e+02   -1.4   1.3    26   104   196   277   183   305 0.61 LIM domain-containing protein [Cordyceps fumosorosea ARSEF 2679]
OAA63918.1           -            838 28367at5125          -            238   4.2e-08   32.5  15.8   2   4      0.12     3e+02    0.2   0.4    15    69   371   425   361   465 0.73 LIM domain-containing protein [Cordyceps fumosorosea ARSEF 2679]
OAA63918.1           -            838 28367at5125          -            238   4.2e-08   32.5  15.8   3   4   1.7e-07   0.00043   19.4   0.1    98   146   612   658   564   677 0.87 LIM domain-containing protein [Cordyceps fumosorosea ARSEF 2679]
OAA63918.1           -            838 28367at5125          -            238   4.2e-08   32.5  15.8   4   4     7e-09   1.8e-05   23.9  11.8   107   207   717   816   715   830 0.85 LIM domain-containing protein [Cordyceps fumosorosea ARSEF 2679]
OAA70510.1           -            381 28367at5125          -            238       1.6    7.7   5.4   1   1   0.00096       2.4    7.1   5.4    28   104   216   292   199   296 0.73 cyclin [Cordyceps fumosorosea ARSEF 2679]
#
# Program:         hmmsearch
# Version:         3.1b2 (February 2015)
# Pipeline mode:   SEARCH
# Query file:      /home/zack/funannotate_db/hypocreales_odb10/hmms/28367at5125.hmm
# Target file:     /home/zack/Desktop/IsariaPreferralGenome/MyGenomeSubmittedToNCBI/HypocrealesProteinSets/Cfumosorosea_ARSEF2679.faa
# Option settings: hmmsearch --domtblout /home/zack/Desktop/IsariaPreferralGenome/MyGenomeSubmittedToNCBI/HypocrealesProteinSets/BUSCO_AA_all/BUSCO_AA_Cfumosorosea_ARSEF2679/run_hypocreales_odb10/hmmer_output/initial_run_results/28367at5125.out --cpu 1 /home/zack/funannotate_db/hypocreales_odb10/hmms/28367at5125.hmm /home/zack/Desktop/IsariaPreferralGenome/MyGenomeSubmittedToNCBI/HypocrealesProteinSets/Cfumosorosea_ARSEF2679.faa 
# Current dir:     /home/zack/Desktop/IsariaPreferralGenome/MyGenomeSubmittedToNCBI/HypocrealesProteinSets/BUSCO_AA_all
# Date:            Mon Mar  4 14:49:30 2024
# [ok]
