#                                                                            --- full sequence --- -------------- this domain -------------   hmm coord   ali coord   env coord
# target name        accession   tlen query name           accession   qlen   E-value  score  bias   #  of  c-Evalue  i-Evalue  score  bias  from    to  from    to  from    to  acc description of target
#------------------- ---------- ----- -------------------- ---------- ----- --------- ------ ----- --- --- --------- --------- ------ ----- ----- ----- ----- ----- ----- ----- ---- ---------------------
OAA69670.1           -            480 31383at5125          -            425  1.6e-172  573.3  43.4   1   1    1e-165    2e-162  540.0  43.4     1   366     2   476     2   480 0.86 FF domain protein [Cordyceps fumosorosea ARSEF 2679]
OAA71426.1           -            817 31383at5125          -            425   0.00014   20.0   6.3   1   3   7.5e-05      0.15   10.0   0.5     9    63   231   283   224   302 0.73 ubiquitin ligase (Nedd4/Rsp5p) [Cordyceps fumosorosea ARSEF 2679]
OAA71426.1           -            817 31383at5125          -            425   0.00014   20.0   6.3   2   3    0.0071        14    3.5   0.2     7    40   333   366   328   372 0.88 ubiquitin ligase (Nedd4/Rsp5p) [Cordyceps fumosorosea ARSEF 2679]
OAA71426.1           -            817 31383at5125          -            425   0.00014   20.0   6.3   3   3    0.0003       0.6    8.1   0.0     9    55   394   440   386   460 0.79 ubiquitin ligase (Nedd4/Rsp5p) [Cordyceps fumosorosea ARSEF 2679]
OAA53735.1           -            178 31383at5125          -            425    0.0049   14.9   0.0   1   1   2.4e-06    0.0049   14.9   0.0     9    64     4    58     1   164 0.72 peptidyl-prolyl cis/trans isomerase [Cordyceps fumosorosea ARSEF 2679]
OAA69560.1           -            818 31383at5125          -            425     0.005   14.9   1.6   1   6   2.5e-06     0.005   14.9   1.6     9    42     9    42     5    50 0.88 FF domain protein [Cordyceps fumosorosea ARSEF 2679]
OAA69560.1           -            818 31383at5125          -            425     0.005   14.9   1.6   2   6   3.9e-05     0.079   10.9   2.2    13    42    54    83    45    89 0.87 FF domain protein [Cordyceps fumosorosea ARSEF 2679]
OAA69560.1           -            818 31383at5125          -            425     0.005   14.9   1.6   3   6         5     1e+04   -9.9   6.7   367   395   132   160   121   167 0.52 FF domain protein [Cordyceps fumosorosea ARSEF 2679]
OAA69560.1           -            818 31383at5125          -            425     0.005   14.9   1.6   4   6   3.2e-05     0.064   11.3   6.7   187   324   191   326   181   334 0.86 FF domain protein [Cordyceps fumosorosea ARSEF 2679]
OAA69560.1           -            818 31383at5125          -            425     0.005   14.9   1.6   5   6    0.0048       9.8    4.1   0.4   195   270   334   418   327   448 0.59 FF domain protein [Cordyceps fumosorosea ARSEF 2679]
OAA69560.1           -            818 31383at5125          -            425     0.005   14.9   1.6   6   6         5     1e+04   -6.6   7.7   309   309   544   544   389   644 0.54 FF domain protein [Cordyceps fumosorosea ARSEF 2679]
OAA67435.1           -            454 31383at5125          -            425      0.52    8.2   9.4   1   1   0.00038      0.77    7.7   9.4   341   409   258   330   243   342 0.66 peroxin 26 [Cordyceps fumosorosea ARSEF 2679]
#
# Program:         hmmsearch
# Version:         3.1b2 (February 2015)
# Pipeline mode:   SEARCH
# Query file:      /home/zack/funannotate_db/hypocreales_odb10/hmms/31383at5125.hmm
# Target file:     /home/zack/Desktop/IsariaPreferralGenome/MyGenomeSubmittedToNCBI/HypocrealesProteinSets/Cfumosorosea_ARSEF2679.faa
# Option settings: hmmsearch --domtblout /home/zack/Desktop/IsariaPreferralGenome/MyGenomeSubmittedToNCBI/HypocrealesProteinSets/BUSCO_AA_all/BUSCO_AA_Cfumosorosea_ARSEF2679/run_hypocreales_odb10/hmmer_output/initial_run_results/31383at5125.out --cpu 1 /home/zack/funannotate_db/hypocreales_odb10/hmms/31383at5125.hmm /home/zack/Desktop/IsariaPreferralGenome/MyGenomeSubmittedToNCBI/HypocrealesProteinSets/Cfumosorosea_ARSEF2679.faa 
# Current dir:     /home/zack/Desktop/IsariaPreferralGenome/MyGenomeSubmittedToNCBI/HypocrealesProteinSets/BUSCO_AA_all
# Date:            Mon Mar  4 14:49:26 2024
# [ok]
