#                                                                            --- full sequence --- -------------- this domain -------------   hmm coord   ali coord   env coord
# target name        accession   tlen query name           accession   qlen   E-value  score  bias   #  of  c-Evalue  i-Evalue  score  bias  from    to  from    to  from    to  acc description of target
#------------------- ---------- ----- -------------------- ---------- ----- --------- ------ ----- --- --- --------- --------- ------ ----- ----- ----- ----- ----- ----- ----- ---- ---------------------
OAA56831.1           -            482 31481at5125          -            364  1.9e-222  736.8   0.0   1   1    1e-224  2.8e-222  736.2   0.0     1   358     1   372     1   378 0.96 cyclophilin-type peptidyl-prolyl cis-trans isomerase [Cordyceps fumosorosea ARSEF 2679]
OAA73290.1           -            623 31481at5125          -            364   2.4e-23   81.7   0.0   1   1   1.4e-25   3.9e-23   81.0   0.0     3   164   474   616   472   622 0.86 cyclophilin-type peptidyl-prolyl cis-trans isomerase [Cordyceps fumosorosea ARSEF 2679]
OAA72158.1           -            164 31481at5125          -            364   2.8e-23   81.4   0.0   1   1   1.2e-25   3.5e-23   81.2   0.0     2   170     4   155     3   162 0.91 cyclophilin C [Cordyceps fumosorosea ARSEF 2679]
OAA59381.1           -            586 31481at5125          -            364   8.7e-23   79.8   0.0   1   2       7.1     2e+03   -3.6   0.0   139   163   152   176   144   228 0.60 peptidyl-prolyl cis-trans isomerase cyp8 [Cordyceps fumosorosea ARSEF 2679]
OAA59381.1           -            586 31481at5125          -            364   8.7e-23   79.8   0.0   2   2   6.6e-25   1.8e-22   78.8   0.0     5   197   334   510   331   534 0.84 peptidyl-prolyl cis-trans isomerase cyp8 [Cordyceps fumosorosea ARSEF 2679]
OAA59481.1           -            734 31481at5125          -            364   9.3e-23   79.7   1.3   1   5   2.8e-09   7.9e-07   27.3   0.0   239   316    55   132    40   140 0.90 polyadenylate-binding protein [Cordyceps fumosorosea ARSEF 2679]
OAA59481.1           -            734 31481at5125          -            364   9.3e-23   79.7   1.3   2   5   1.2e-09   3.3e-07   28.6   0.0   241   313   145   216   135   224 0.92 polyadenylate-binding protein [Cordyceps fumosorosea ARSEF 2679]
OAA59481.1           -            734 31481at5125          -            364   9.3e-23   79.7   1.3   3   5   0.00059      0.16    9.8   0.1   231   344   228   340   222   345 0.91 polyadenylate-binding protein [Cordyceps fumosorosea ARSEF 2679]
OAA59481.1           -            734 31481at5125          -            364   9.3e-23   79.7   1.3   4   5   0.00072       0.2    9.5   0.0   241   279   341   379   339   392 0.88 polyadenylate-binding protein [Cordyceps fumosorosea ARSEF 2679]
OAA59481.1           -            734 31481at5125          -            364   9.3e-23   79.7   1.3   5   5       1.6   4.6e+02   -1.5   0.0   274   318   419   463   416   493 0.68 polyadenylate-binding protein [Cordyceps fumosorosea ARSEF 2679]
OAA70367.1           -            546 31481at5125          -            364   1.6e-19   69.1   1.8   1   1   1.1e-21   3.1e-19   68.2   0.0     2   197    14   222    13   237 0.79 peptidyl-prolyl isomerase CWC27 [Cordyceps fumosorosea ARSEF 2679]
OAA70369.1           -            187 31481at5125          -            364     2e-19   68.8   0.0   1   2    0.0066       1.8    6.4   0.0     1    26     1    26     1    29 0.94 Peptidyl-prolyl cis-trans isomerase, cyclophilin-type [Cordyceps fumosorosea ARSEF 2679]
OAA70369.1           -            187 31481at5125          -            364     2e-19   68.8   0.0   2   2   2.2e-19   6.1e-17   60.6   0.0    23   175    43   185    38   187 0.86 Peptidyl-prolyl cis-trans isomerase, cyclophilin-type [Cordyceps fumosorosea ARSEF 2679]
OAA58814.1           -            451 31481at5125          -            364   2.2e-15   55.5   0.0   1   3   1.1e-07   3.2e-05   22.0   0.0   234   315    65   145    57   157 0.88 nuclear and cytoplasmic polyadenylated RNA-binding protein pub1 [Cordyceps fumosorosea ARSEF 2679]
OAA58814.1           -            451 31481at5125          -            364   2.2e-15   55.5   0.0   2   3   3.6e-09     1e-06   27.0   0.0   241   315   162   236   156   250 0.93 nuclear and cytoplasmic polyadenylated RNA-binding protein pub1 [Cordyceps fumosorosea ARSEF 2679]
OAA58814.1           -            451 31481at5125          -            364   2.2e-15   55.5   0.0   3   3     0.087        24    2.7   0.0   238   309   285   350   274   358 0.80 nuclear and cytoplasmic polyadenylated RNA-binding protein pub1 [Cordyceps fumosorosea ARSEF 2679]
OAA49711.1           -            207 31481at5125          -            364   1.4e-12   46.2   0.0   1   1   6.7e-15   1.9e-12   45.8   0.0    10   163    51   199    45   204 0.78 cyclophilin H [Cordyceps fumosorosea ARSEF 2679]
OAA66246.1           -            258 31481at5125          -            364   2.1e-12   45.7   0.0   1   1   9.9e-15   2.8e-12   45.3   0.0    10   185    50   211    45   227 0.76 cyclophilin B [Cordyceps fumosorosea ARSEF 2679]
OAA71420.1           -            522 31481at5125          -            364   2.2e-10   39.0   0.0   1   2   3.8e-09   1.1e-06   26.9   0.0   240   309   114   186   101   199 0.86 RNA recognition protein, RNP-1 [Cordyceps fumosorosea ARSEF 2679]
OAA71420.1           -            522 31481at5125          -            364   2.2e-10   39.0   0.0   2   2   0.00043      0.12   10.3   0.0   241   296   199   254   190   270 0.92 RNA recognition protein, RNP-1 [Cordyceps fumosorosea ARSEF 2679]
OAA55722.1           -            418 31481at5125          -            364   4.6e-10   38.0   0.0   1   3      0.01       2.9    5.7   0.0   241   293    57   109    50   116 0.78 mRNA binding post-transcriptional regulator [Cordyceps fumosorosea ARSEF 2679]
OAA55722.1           -            418 31481at5125          -            364   4.6e-10   38.0   0.0   2   3   1.6e-07   4.6e-05   21.5   0.0   235   311   144   221   138   228 0.90 mRNA binding post-transcriptional regulator [Cordyceps fumosorosea ARSEF 2679]
OAA55722.1           -            418 31481at5125          -            364   4.6e-10   38.0   0.0   3   3    0.0047       1.3    6.9   0.0   236   317   279   354   272   365 0.84 mRNA binding post-transcriptional regulator [Cordyceps fumosorosea ARSEF 2679]
OAA69652.1           -            148 31481at5125          -            364   7.9e-10   37.2   0.1   1   1   4.7e-11   1.3e-08   33.2   0.1    62   150    54   128    13   137 0.68 cyclophilin A [Cordyceps fumosorosea ARSEF 2679]
OAA64830.1           -            376 31481at5125          -            364   9.1e-10   37.0   0.0   1   1     5e-12   1.4e-09   36.4   0.0   235   341   234   343   225   354 0.84 RNP domain protein [Cordyceps fumosorosea ARSEF 2679]
OAA59332.1           -            460 31481at5125          -            364   3.7e-09   35.0   0.7   1   2   1.3e-11   3.7e-09   35.0   0.7   224   317   193   286   135   311 0.69 RNA recognition motif domain protein [Cordyceps fumosorosea ARSEF 2679]
OAA59332.1           -            460 31481at5125          -            364   3.7e-09   35.0   0.7   2   2      0.12        33    2.3   0.0   239   315   313   393   306   397 0.79 RNA recognition motif domain protein [Cordyceps fumosorosea ARSEF 2679]
OAA73108.1           -            178 31481at5125          -            364   9.8e-08   30.3   0.0   1   1   4.8e-10   1.4e-07   29.9   0.0   241   314     4    77     2    81 0.96 glycine-rich RNA-binding protein [Cordyceps fumosorosea ARSEF 2679]
OAA73965.1           -            393 31481at5125          -            364   2.5e-07   29.0   0.0   1   1   1.3e-09   3.6e-07   28.5   0.0   239   315   102   186    45   196 0.77 U1 small nuclear ribonucleoprotein [Cordyceps fumosorosea ARSEF 2679]
OAA67590.1           -            288 31481at5125          -            364   3.8e-07   28.4   0.0   1   1   1.9e-09   5.3e-07   27.9   0.0   234   319     3    88     1   101 0.94 Nucleotide-binding, alpha-beta plait [Cordyceps fumosorosea ARSEF 2679]
OAA69718.1           -            554 31481at5125          -            364   7.7e-07   27.4   0.0   1   2    0.0035      0.98    7.3   0.0   239   296   168   225   111   234 0.90 Splicing factor, CC1-like protein [Cordyceps fumosorosea ARSEF 2679]
OAA69718.1           -            554 31481at5125          -            364   7.7e-07   27.4   0.0   2   2   2.5e-06    0.0007   17.6   0.0   237   315   265   342   241   396 0.77 Splicing factor, CC1-like protein [Cordyceps fumosorosea ARSEF 2679]
OAA62139.1           -            181 31481at5125          -            364   8.1e-07   27.3   0.0   1   1   3.7e-09     1e-06   26.9   0.0     5   141    26   148    23   165 0.81 peptidyl-prolyl cis-trans isomerase [Cordyceps fumosorosea ARSEF 2679]
OAA59357.1           -            796 31481at5125          -            364   1.1e-06   26.9   0.0   1   4   0.00081      0.23    9.4   0.0   239   314    42   117     8   125 0.90 ribosome biogenesis protein Nop4 [Cordyceps fumosorosea ARSEF 2679]
OAA59357.1           -            796 31481at5125          -            364   1.1e-06   26.9   0.0   2   4      0.37     1e+02    0.6   0.0   248   315   155   220   141   233 0.83 ribosome biogenesis protein Nop4 [Cordyceps fumosorosea ARSEF 2679]
OAA59357.1           -            796 31481at5125          -            364   1.1e-06   26.9   0.0   3   4   0.00037       0.1   10.5   0.0   240   289   316   365   305   375 0.84 ribosome biogenesis protein Nop4 [Cordyceps fumosorosea ARSEF 2679]
OAA59357.1           -            796 31481at5125          -            364   1.1e-06   26.9   0.0   4   4      0.76   2.1e+02   -0.4   0.1   264   307   562   605   557   666 0.59 ribosome biogenesis protein Nop4 [Cordyceps fumosorosea ARSEF 2679]
OAA49708.1           -            855 31481at5125          -            364   2.2e-06   25.8   0.0   1   3         2   5.6e+02   -1.8   0.0   240   312   324   395   311   400 0.80 Nucleotide-binding, alpha-beta plait [Cordyceps fumosorosea ARSEF 2679]
OAA49708.1           -            855 31481at5125          -            364   2.2e-06   25.8   0.0   2   3   1.1e-05    0.0032   15.5   0.0   240   335   624   724   615   735 0.83 Nucleotide-binding, alpha-beta plait [Cordyceps fumosorosea ARSEF 2679]
OAA49708.1           -            855 31481at5125          -            364   2.2e-06   25.8   0.0   3   3    0.0048       1.3    6.8   0.0   251   317   740   805   727   824 0.85 Nucleotide-binding, alpha-beta plait [Cordyceps fumosorosea ARSEF 2679]
OAA60705.1           -            321 31481at5125          -            364   2.6e-06   25.6   0.0   1   1     2e-08   5.5e-06   24.6   0.0   242   342   106   211   100   217 0.85 Nucleotide-binding, alpha-beta plait [Cordyceps fumosorosea ARSEF 2679]
OAA56907.1           -            377 31481at5125          -            364   3.6e-06   25.2   0.1   1   2   3.2e-08     9e-06   23.9   0.0     9   151    25   160    20   202 0.80 cyclophilin D [Cordyceps fumosorosea ARSEF 2679]
OAA56907.1           -            377 31481at5125          -            364   3.6e-06   25.2   0.1   2   2       3.8   1.1e+03   -2.7   0.0   226   250   334   358   293   362 0.71 cyclophilin D [Cordyceps fumosorosea ARSEF 2679]
OAA66207.1           -            334 31481at5125          -            364   5.7e-06   24.5   1.2   1   2   5.3e-08   1.5e-05   23.1   0.0   234   312    66   143     3   149 0.91 Nucleotide-binding, alpha-beta plait [Cordyceps fumosorosea ARSEF 2679]
OAA66207.1           -            334 31481at5125          -            364   5.7e-06   24.5   1.2   2   2       2.1   5.8e+02   -1.8   2.0   327   355   299   327   259   334 0.72 Nucleotide-binding, alpha-beta plait [Cordyceps fumosorosea ARSEF 2679]
OAA73883.1           -            370 31481at5125          -            364   1.3e-05   23.3   0.0   1   1   1.1e-07     3e-05   22.1   0.0   240   305   159   224   151   271 0.85 Nucleotide-binding, alpha-beta plait [Cordyceps fumosorosea ARSEF 2679]
OAA68872.1           -            299 31481at5125          -            364   4.7e-05   21.5   0.1   1   1     3e-07   8.4e-05   20.7   0.1   241   315   221   295   215   297 0.89 eukaryotic translation initiation factor 3, subunit 4 [Cordyceps fumosorosea ARSEF 2679]
OAA54203.1           -            403 31481at5125          -            364    0.0002   19.4   0.0   1   2     0.053        15    3.4   0.0   258   308    32    82    15    94 0.86 Nucleotide-binding, alpha-beta plait [Cordyceps fumosorosea ARSEF 2679]
OAA54203.1           -            403 31481at5125          -            364    0.0002   19.4   0.0   2   2   3.4e-05    0.0094   13.9   0.0   241   303   112   174   107   195 0.85 Nucleotide-binding, alpha-beta plait [Cordyceps fumosorosea ARSEF 2679]
OAA54903.1           -            303 31481at5125          -            364   0.00092   17.2   0.0   1   1   3.3e-06   0.00092   17.2   0.0   252   316    46   110    38   120 0.92 RNA binding domain protein [Cordyceps fumosorosea ARSEF 2679]
OAA64027.1           -            543 31481at5125          -            364    0.0017   16.4   0.0   1   2    0.0024      0.67    7.8   0.0   237   296   245   307   179   314 0.82 RNA binding protein MSSP-2 [Cordyceps fumosorosea ARSEF 2679]
OAA64027.1           -            543 31481at5125          -            364    0.0017   16.4   0.0   2   2    0.0065       1.8    6.4   0.0   241   308   337   402   327   438 0.84 RNA binding protein MSSP-2 [Cordyceps fumosorosea ARSEF 2679]
OAA53031.1           -            236 31481at5125          -            364     0.004   15.2   0.2   1   2   1.4e-05     0.004   15.2   0.2   262   343    62   144    58   168 0.65 Nucleotide-binding, alpha-beta plait [Cordyceps fumosorosea ARSEF 2679]
OAA53031.1           -            236 31481at5125          -            364     0.004   15.2   0.2   2   2       2.7   7.5e+02   -2.2   0.4   178   214   173   210   166   218 0.58 Nucleotide-binding, alpha-beta plait [Cordyceps fumosorosea ARSEF 2679]
OAA56019.1           -            233 31481at5125          -            364    0.0066   14.4   0.0   1   2     0.069        19    3.0   0.0   249   311    18    75     6    89 0.71 small nuclear ribonucleoprotein [Cordyceps fumosorosea ARSEF 2679]
OAA56019.1           -            233 31481at5125          -            364    0.0066   14.4   0.0   2   2    0.0008      0.22    9.4   0.0   233   314   154   230   148   233 0.74 small nuclear ribonucleoprotein [Cordyceps fumosorosea ARSEF 2679]
OAA53430.1           -            174 31481at5125          -            364     0.034   12.1   0.0   1   1   0.00014      0.04   11.9   0.0   187   314     2   124     1   164 0.82 nuclear cap binding protein subunit 2 [Cordyceps fumosorosea ARSEF 2679]
OAA62293.1           -            162 31481at5125          -            364     0.054   11.4   0.0   1   1   0.00025      0.07   11.1   0.0   240   315    38   120    28   123 0.84 RNA-binding protein 8A [Cordyceps fumosorosea ARSEF 2679]
OAA73783.1           -            440 31481at5125          -            364     0.062   11.2   0.0   1   1   0.00041      0.12   10.3   0.0   239   320   340   420   332   425 0.90 Nucleotide-binding, alpha-beta plait [Cordyceps fumosorosea ARSEF 2679]
OAA73123.1           -            303 31481at5125          -            364     0.077   10.9   0.0   1   1   0.00038      0.11   10.4   0.0   250   303    97   149    55   196 0.89 RNA binding domain protein [Cordyceps fumosorosea ARSEF 2679]
#
# Program:         hmmsearch
# Version:         3.1b2 (February 2015)
# Pipeline mode:   SEARCH
# Query file:      /home/zack/funannotate_db/hypocreales_odb10/hmms/31481at5125.hmm
# Target file:     /home/zack/Desktop/IsariaPreferralGenome/MyGenomeSubmittedToNCBI/HypocrealesProteinSets/Cfumosorosea_ARSEF2679.faa
# Option settings: hmmsearch --domtblout /home/zack/Desktop/IsariaPreferralGenome/MyGenomeSubmittedToNCBI/HypocrealesProteinSets/BUSCO_AA_all/BUSCO_AA_Cfumosorosea_ARSEF2679/run_hypocreales_odb10/hmmer_output/initial_run_results/31481at5125.out --cpu 1 /home/zack/funannotate_db/hypocreales_odb10/hmms/31481at5125.hmm /home/zack/Desktop/IsariaPreferralGenome/MyGenomeSubmittedToNCBI/HypocrealesProteinSets/Cfumosorosea_ARSEF2679.faa 
# Current dir:     /home/zack/Desktop/IsariaPreferralGenome/MyGenomeSubmittedToNCBI/HypocrealesProteinSets/BUSCO_AA_all
# Date:            Mon Mar  4 14:49:29 2024
# [ok]
