#                                                                            --- full sequence --- -------------- this domain -------------   hmm coord   ali coord   env coord
# target name        accession   tlen query name           accession   qlen   E-value  score  bias   #  of  c-Evalue  i-Evalue  score  bias  from    to  from    to  from    to  acc description of target
#------------------- ---------- ----- -------------------- ---------- ----- --------- ------ ----- --- --- --------- --------- ------ ----- ----- ----- ----- ----- ----- ----- ---- ---------------------
OAA69778.1           -            316 33523at5125          -            251  3.9e-134  445.1   3.1   1   1  2.7e-137  4.6e-134  444.8   3.1     2   251    19   286    18   286 0.95 Glycoside hydrolase [Cordyceps fumosorosea ARSEF 2679]
OAA59313.1           -            353 33523at5125          -            251     1e-26   93.2   2.7   1   1   9.3e-30   1.6e-26   92.6   2.7     3   215   117   329   115   349 0.83 Glycoside hydrolase [Cordyceps fumosorosea ARSEF 2679]
OAA72247.1           -            269 33523at5125          -            251   1.3e-24   86.3   4.7   1   1   9.4e-28   1.6e-24   86.0   4.7    17   219    44   239    26   260 0.80 Glycoside hydrolase, superfamily [Cordyceps fumosorosea ARSEF 2679]
OAA33990.1           -            266 33523at5125          -            251   4.3e-21   74.8   0.5   1   1   3.8e-24   6.3e-21   74.2   0.5     2   225    35   251    34   264 0.75 Glycoside hydrolase, subgroup, catalytic core [Cordyceps fumosorosea ARSEF 2679]
OAA60111.1           -            232 33523at5125          -            251   8.9e-10   37.7   0.0   1   2   1.3e-08   2.2e-05   23.3   0.0    23   113    53   143    48   157 0.78 hypothetical protein ISF_06122 [Cordyceps fumosorosea ARSEF 2679]
OAA60111.1           -            232 33523at5125          -            251   8.9e-10   37.7   0.0   2   2   2.7e-05     0.046   12.4   0.0   192   234   184   226   172   230 0.90 hypothetical protein ISF_06122 [Cordyceps fumosorosea ARSEF 2679]
OAA52157.1           -             68 33523at5125          -            251    0.0001   21.1   0.1   1   1   6.6e-08   0.00011   21.0   0.1   140   187     7    58     2    67 0.78 hypothetical protein ISF_09321 [Cordyceps fumosorosea ARSEF 2679]
#
# Program:         hmmsearch
# Version:         3.1b2 (February 2015)
# Pipeline mode:   SEARCH
# Query file:      /home/zack/funannotate_db/hypocreales_odb10/hmms/33523at5125.hmm
# Target file:     /home/zack/Desktop/IsariaPreferralGenome/MyGenomeSubmittedToNCBI/HypocrealesProteinSets/Cfumosorosea_ARSEF2679.faa
# Option settings: hmmsearch --domtblout /home/zack/Desktop/IsariaPreferralGenome/MyGenomeSubmittedToNCBI/HypocrealesProteinSets/BUSCO_AA_all/BUSCO_AA_Cfumosorosea_ARSEF2679/run_hypocreales_odb10/hmmer_output/initial_run_results/33523at5125.out --cpu 1 /home/zack/funannotate_db/hypocreales_odb10/hmms/33523at5125.hmm /home/zack/Desktop/IsariaPreferralGenome/MyGenomeSubmittedToNCBI/HypocrealesProteinSets/Cfumosorosea_ARSEF2679.faa 
# Current dir:     /home/zack/Desktop/IsariaPreferralGenome/MyGenomeSubmittedToNCBI/HypocrealesProteinSets/BUSCO_AA_all
# Date:            Mon Mar  4 14:49:42 2024
# [ok]
