#                                                                            --- full sequence --- -------------- this domain -------------   hmm coord   ali coord   env coord
# target name        accession   tlen query name           accession   qlen   E-value  score  bias   #  of  c-Evalue  i-Evalue  score  bias  from    to  from    to  from    to  acc description of target
#------------------- ---------- ----- -------------------- ---------- ----- --------- ------ ----- --- --- --------- --------- ------ ----- ----- ----- ----- ----- ----- ----- ---- ---------------------
OAA70460.1           -           1245 3991at5125           -            915         0 1648.8 106.8   1   5  5.8e-279  1.3e-276  919.2   4.9     1   463     1   481     1   494 0.96 WD40/YVTN repeat-like-containing domain protein [Cordyceps fumosorosea ARSEF 2679]
OAA70460.1           -           1245 3991at5125           -            915         0 1648.8 106.8   2   5  2.7e-161  5.9e-159  529.8   0.7   451   799   508   883   491   894 0.80 WD40/YVTN repeat-like-containing domain protein [Cordyceps fumosorosea ARSEF 2679]
OAA70460.1           -           1245 3991at5125           -            915         0 1648.8 106.8   3   5   0.00051      0.11    9.3  13.0   719   767   893   947   882   949 0.78 WD40/YVTN repeat-like-containing domain protein [Cordyceps fumosorosea ARSEF 2679]
OAA70460.1           -           1245 3991at5125           -            915         0 1648.8 106.8   4   5     0.024       5.2    3.8  45.8   739   800   949  1040   945  1056 0.68 WD40/YVTN repeat-like-containing domain protein [Cordyceps fumosorosea ARSEF 2679]
OAA70460.1           -           1245 3991at5125           -            915         0 1648.8 106.8   5   5   1.5e-61   3.3e-59  199.7  18.5   752   915  1066  1245  1043  1245 0.74 WD40/YVTN repeat-like-containing domain protein [Cordyceps fumosorosea ARSEF 2679]
OAA74061.1           -            439 3991at5125           -            915   1.4e-15   55.4   2.8   1   2    0.0029      0.64    6.8   0.0   107   143   132   168   124   175 0.86 chromatin assembly factor 1 subunit C [Cordyceps fumosorosea ARSEF 2679]
OAA74061.1           -            439 3991at5125           -            915   1.4e-15   55.4   2.8   2   2   1.3e-14   2.9e-12   44.4   2.1    64   290   192   433   180   434 0.77 chromatin assembly factor 1 subunit C [Cordyceps fumosorosea ARSEF 2679]
OAA59918.1           -            514 3991at5125           -            915   7.6e-14   49.6   6.6   1   2   4.6e-11     1e-08   32.7   1.8   110   296   140   323   126   343 0.81 WD repeat protein [Cordyceps fumosorosea ARSEF 2679]
OAA59918.1           -            514 3991at5125           -            915   7.6e-14   49.6   6.6   2   2     1e-06   0.00022   18.3   0.2   224   322   377   471   366   493 0.86 WD repeat protein [Cordyceps fumosorosea ARSEF 2679]
OAA53150.1           -            489 3991at5125           -            915   9.2e-14   49.3   1.3   1   1     6e-16   1.3e-13   48.8   1.3    56   237   247   431   235   445 0.83 WD40/YVTN repeat-like-containing domain protein [Cordyceps fumosorosea ARSEF 2679]
OAA73154.1           -            552 3991at5125           -            915   4.1e-13   47.2   4.4   1   2   2.4e-09   5.3e-07   27.0   1.7   158   265   268   371   259   375 0.86 transducin family protein [Cordyceps fumosorosea ARSEF 2679]
OAA73154.1           -            552 3991at5125           -            915   4.1e-13   47.2   4.4   2   2   3.1e-08   6.9e-06   23.3   0.1    66   193   358   487   354   497 0.84 transducin family protein [Cordyceps fumosorosea ARSEF 2679]
OAA61474.1           -            348 3991at5125           -            915   4.2e-13   47.1   0.2   1   2   1.1e-09   2.5e-07   28.1   0.1   206   323    65   178    52   188 0.91 peroxisomal targeting signal 2 receptor [Cordyceps fumosorosea ARSEF 2679]
OAA61474.1           -            348 3991at5125           -            915   4.2e-13   47.1   0.2   2   2   3.1e-06   0.00067   16.7   0.0   211   282   218   287   212   297 0.83 peroxisomal targeting signal 2 receptor [Cordyceps fumosorosea ARSEF 2679]
OAA57224.1           -            359 3991at5125           -            915   1.9e-12   44.9   0.0   1   3     1e-07   2.2e-05   21.6   0.0   243   324    64   143    57   159 0.86 heterotrimeric G protein beta subunit [Cordyceps fumosorosea ARSEF 2679]
OAA57224.1           -            359 3991at5125           -            915   1.9e-12   44.9   0.0   2   3   0.00027     0.059   10.3   0.0   244   310   154   218   146   224 0.87 heterotrimeric G protein beta subunit [Cordyceps fumosorosea ARSEF 2679]
OAA57224.1           -            359 3991at5125           -            915   1.9e-12   44.9   0.0   3   3   6.9e-05     0.015   12.2   0.0   173   294   214   331   202   356 0.75 heterotrimeric G protein beta subunit [Cordyceps fumosorosea ARSEF 2679]
OAA61536.1           -            603 3991at5125           -            915   1.3e-10   38.9   0.7   1   1   1.1e-12   2.3e-10   38.1   0.7   127   316   383   567   328   579 0.82 WD-repeat containing protein slp1 [Cordyceps fumosorosea ARSEF 2679]
OAA69656.1           -           1042 3991at5125           -            915   1.4e-10   38.9   0.5   1   3      0.63   1.4e+02   -0.9   0.0    66   142    19    97    13   109 0.70 TUP1-like enhancer of split [Cordyceps fumosorosea ARSEF 2679]
OAA69656.1           -           1042 3991at5125           -            915   1.4e-10   38.9   0.5   2   3   2.8e-10     6e-08   30.1   0.1   244   336   123   213   117   237 0.90 TUP1-like enhancer of split [Cordyceps fumosorosea ARSEF 2679]
OAA69656.1           -           1042 3991at5125           -            915   1.4e-10   38.9   0.5   3   3    0.0083       1.8    5.3   0.1   174   228   311   365   303   380 0.76 TUP1-like enhancer of split [Cordyceps fumosorosea ARSEF 2679]
OAA73441.1           -            522 3991at5125           -            915   2.3e-10   38.1   0.0   1   2   2.8e-05    0.0061   13.5   0.0   111   237   226   347   210   408 0.80 mRNA splicing factor (Prp17) [Cordyceps fumosorosea ARSEF 2679]
OAA73441.1           -            522 3991at5125           -            915   2.3e-10   38.1   0.0   2   2   5.4e-08   1.2e-05   22.5   0.1   174   226   464   516   433   521 0.90 mRNA splicing factor (Prp17) [Cordyceps fumosorosea ARSEF 2679]
OAA65027.1           -            354 3991at5125           -            915   2.9e-10   37.7   1.4   1   3    0.0001     0.022   11.7   0.1   230   285    85   139    65   145 0.86 U5 snRNP complex subunit [Cordyceps fumosorosea ARSEF 2679]
OAA65027.1           -            354 3991at5125           -            915   2.9e-10   37.7   1.4   2   3   7.8e-06    0.0017   15.4   0.0   163   279   150   259   144   262 0.85 U5 snRNP complex subunit [Cordyceps fumosorosea ARSEF 2679]
OAA65027.1           -            354 3991at5125           -            915   2.9e-10   37.7   1.4   3   3   3.8e-07   8.4e-05   19.7   0.1   177   316   205   346   198   354 0.78 U5 snRNP complex subunit [Cordyceps fumosorosea ARSEF 2679]
OAA70595.1           -            446 3991at5125           -            915   6.6e-09   33.3   2.8   1   2   0.00014     0.032   11.2   0.2   174   227    80   131    54   136 0.83 U3 small nucleolar RNA associated protein [Cordyceps fumosorosea ARSEF 2679]
OAA70595.1           -            446 3991at5125           -            915   6.6e-09   33.3   2.8   2   2   1.3e-07   2.7e-05   21.3   0.2    75   287   162   362   146   399 0.74 U3 small nucleolar RNA associated protein [Cordyceps fumosorosea ARSEF 2679]
OAA53026.1           -            320 3991at5125           -            915   6.9e-09   33.2   4.7   1   3   6.9e-05     0.015   12.2   0.1   245   285    10    50     6    59 0.88 guanine nucleotide-binding protein beta subunit-like protein [Cordyceps fumosorosea ARSEF 2679]
OAA53026.1           -            320 3991at5125           -            915   6.9e-09   33.2   4.7   2   3   1.3e-05    0.0028   14.6   0.2   231   308    87   165    78   188 0.73 guanine nucleotide-binding protein beta subunit-like protein [Cordyceps fumosorosea ARSEF 2679]
OAA53026.1           -            320 3991at5125           -            915   6.9e-09   33.2   4.7   3   3    0.0048       1.1    6.1   0.1   175   222   206   251   200   300 0.75 guanine nucleotide-binding protein beta subunit-like protein [Cordyceps fumosorosea ARSEF 2679]
OAA73337.1           -            469 3991at5125           -            915   1.9e-08   31.7   2.9   1   3   1.1e-09   2.5e-07   28.1   0.1   159   330   115   289   106   308 0.79 Dynein regulator [Cordyceps fumosorosea ARSEF 2679]
OAA73337.1           -            469 3991at5125           -            915   1.9e-08   31.7   2.9   2   3     0.025       5.4    3.8   0.1   175   259   332   412   327   420 0.80 Dynein regulator [Cordyceps fumosorosea ARSEF 2679]
OAA73337.1           -            469 3991at5125           -            915   1.9e-08   31.7   2.9   3   3       3.7     8e+02   -3.4   0.0   167   188   446   467   440   468 0.86 Dynein regulator [Cordyceps fumosorosea ARSEF 2679]
OAA62292.1           -           1282 3991at5125           -            915   2.9e-08   31.1   0.0   1   2     3e-10   6.6e-08   30.0   0.0    69   239   120   292   107   316 0.79 WD repeat protein [Cordyceps fumosorosea ARSEF 2679]
OAA62292.1           -           1282 3991at5125           -            915   2.9e-08   31.1   0.0   2   2         2   4.3e+02   -2.5   0.0   228   272   345   387   284   404 0.70 WD repeat protein [Cordyceps fumosorosea ARSEF 2679]
OAA58305.1           -            835 3991at5125           -            915   3.5e-08   30.9   1.2   1   2   2.8e-06   0.00061   16.8   0.1   113   279    12   169     6   170 0.86 coatomer beta' subunit [Cordyceps fumosorosea ARSEF 2679]
OAA58305.1           -            835 3991at5125           -            915   3.5e-08   30.9   1.2   2   2   8.4e-08   1.8e-05   21.9   0.1   106   283    89   260    75   306 0.85 coatomer beta' subunit [Cordyceps fumosorosea ARSEF 2679]
OAA67418.1           -            606 3991at5125           -            915   1.1e-07   29.3   0.0   1   2   4.8e-10   1.1e-07   29.3   0.0    68   195    85   213    75   290 0.84 coronin-6 [Cordyceps fumosorosea ARSEF 2679]
OAA67418.1           -            606 3991at5125           -            915   1.1e-07   29.3   0.0   2   2         4   8.7e+02   -3.5   2.9   766   804   402   444   389   470 0.52 coronin-6 [Cordyceps fumosorosea ARSEF 2679]
OAA63059.1           -            410 3991at5125           -            915   1.1e-07   29.2   0.3   1   2      0.34        75   -0.0   0.0   126   192   118   183   107   189 0.80 WD40/YVTN repeat-like-containing domain protein [Cordyceps fumosorosea ARSEF 2679]
OAA63059.1           -            410 3991at5125           -            915   1.1e-07   29.2   0.3   2   2   1.6e-09   3.5e-07   27.6   0.3   106   303   193   385   164   399 0.75 WD40/YVTN repeat-like-containing domain protein [Cordyceps fumosorosea ARSEF 2679]
OAA56488.1           -            713 3991at5125           -            915   2.9e-07   27.8   0.0   1   1   1.9e-08   4.2e-06   24.0   0.0   106   324   444   646   440   650 0.74 WD40 repeat-like-containing domain protein [Cordyceps fumosorosea ARSEF 2679]
OAA64049.1           -            467 3991at5125           -            915   2.9e-07   27.8   0.1   1   2   1.9e-07   4.3e-05   20.7   0.0   176   316   173   306   158   310 0.86 pre-mRNA splicing factor prp46 [Cordyceps fumosorosea ARSEF 2679]
OAA64049.1           -            467 3991at5125           -            915   2.9e-07   27.8   0.1   2   2    0.0051       1.1    6.0   0.0   184   289   307   404   300   410 0.73 pre-mRNA splicing factor prp46 [Cordyceps fumosorosea ARSEF 2679]
OAA67614.1           -            960 3991at5125           -            915   1.1e-06   26.0   1.2   1   2   2.3e-05    0.0051   13.8   0.1   162   265    69   167    38   184 0.80 WD domain-containing protein [Cordyceps fumosorosea ARSEF 2679]
OAA67614.1           -            960 3991at5125           -            915   1.1e-06   26.0   1.2   2   2   0.00025     0.055   10.4   0.1   102   285   494   686   474   722 0.63 WD domain-containing protein [Cordyceps fumosorosea ARSEF 2679]
OAA60739.1           -            490 3991at5125           -            915     4e-06   24.1   0.3   1   2   6.2e-06    0.0014   15.7   0.1   108   281    62   249    52   260 0.72 DNA excision repair protein ERCC-8 [Cordyceps fumosorosea ARSEF 2679]
OAA60739.1           -            490 3991at5125           -            915     4e-06   24.1   0.3   2   2   0.00041     0.089    9.7   0.1   163   198   221   256   201   340 0.65 DNA excision repair protein ERCC-8 [Cordyceps fumosorosea ARSEF 2679]
OAA62270.1           -            278 3991at5125           -            915   7.4e-06   23.2   0.0   1   1     4e-08   8.7e-06   23.0   0.0   175   284    76   189    47   216 0.81 WD domain protein [Cordyceps fumosorosea ARSEF 2679]
OAA72103.1           -           1450 3991at5125           -            915   9.5e-06   22.8   0.4   1   1   7.2e-08   1.6e-05   22.1   0.4    68   235    83   245    80   259 0.82 WD repeat protein [Cordyceps fumosorosea ARSEF 2679]
OAA70583.1           -            402 3991at5125           -            915   2.5e-05   21.4   3.4   1   2   9.3e-07    0.0002   18.4   0.4   175   285    98   213    87   245 0.85 WD domain containing protein [Cordyceps fumosorosea ARSEF 2679]
OAA70583.1           -            402 3991at5125           -            915   2.5e-05   21.4   3.4   2   2     0.025       5.6    3.7   0.2   153   231   274   346   265   355 0.82 WD domain containing protein [Cordyceps fumosorosea ARSEF 2679]
OAA66303.1           -            626 3991at5125           -            915   3.2e-05   21.1   0.3   1   2     0.003      0.66    6.8   0.1   196   282    88   168    81   173 0.83 protein PFS2 [Cordyceps fumosorosea ARSEF 2679]
OAA66303.1           -            626 3991at5125           -            915   3.2e-05   21.1   0.3   2   2   1.5e-07   3.2e-05   21.1   0.3   109   273   173   328   167   342 0.81 protein PFS2 [Cordyceps fumosorosea ARSEF 2679]
OAA71388.1           -            674 3991at5125           -            915    0.0001   19.4   0.2   1   3    0.0063       1.4    5.7   0.0   242   290   315   360   299   397 0.82 F-box and WD repeat-containing protein [Cordyceps fumosorosea ARSEF 2679]
OAA71388.1           -            674 3991at5125           -            915    0.0001   19.4   0.2   2   3     0.022       4.9    3.9   0.0   175   278   416   509   406   532 0.64 F-box and WD repeat-containing protein [Cordyceps fumosorosea ARSEF 2679]
OAA71388.1           -            674 3991at5125           -            915    0.0001   19.4   0.2   3   3     0.003      0.66    6.8   0.0   129   213   496   574   478   585 0.62 F-box and WD repeat-containing protein [Cordyceps fumosorosea ARSEF 2679]
OAA54445.1           -            591 3991at5125           -            915   0.00013   19.0   0.2   1   2   0.00011     0.025   11.5   0.1   116   277   338   489   272   502 0.68 transcriptional repressor TUP1 [Cordyceps fumosorosea ARSEF 2679]
OAA54445.1           -            591 3991at5125           -            915   0.00013   19.0   0.2   2   2     2e-05    0.0044   14.0   0.0   176   304   434   570   431   588 0.69 transcriptional repressor TUP1 [Cordyceps fumosorosea ARSEF 2679]
OAA73310.1           -            899 3991at5125           -            915   0.00017   18.6   1.0   1   2   2.2e-06   0.00047   17.2   0.1   176   284   260   362   253   370 0.87 WD40 repeat-like-containing domain protein [Cordyceps fumosorosea ARSEF 2679]
OAA73310.1           -            899 3991at5125           -            915   0.00017   18.6   1.0   2   2      0.56   1.2e+02   -0.7   0.1   165   211   380   425   369   429 0.77 WD40 repeat-like-containing domain protein [Cordyceps fumosorosea ARSEF 2679]
OAA63971.1           -            342 3991at5125           -            915   0.00018   18.6   0.6   1   2   7.5e-06    0.0016   15.4   0.2   159   268    39   144    25   199 0.77 WD repeat-containing protein [Cordyceps fumosorosea ARSEF 2679]
OAA63971.1           -            342 3991at5125           -            915   0.00018   18.6   0.6   2   2       0.1        23    1.7   0.0   165   210   228   274   205   284 0.78 WD repeat-containing protein [Cordyceps fumosorosea ARSEF 2679]
OAA66082.1           -            795 3991at5125           -            915    0.0003   17.9   0.3   1   2   2.2e-05    0.0048   13.9   0.1   162   267   494   597   484   606 0.84 WD domain protein [Cordyceps fumosorosea ARSEF 2679]
OAA66082.1           -            795 3991at5125           -            915    0.0003   17.9   0.3   2   2   0.00017     0.038   10.9   0.0   230   282   731   782   696   790 0.65 WD domain protein [Cordyceps fumosorosea ARSEF 2679]
OAA54458.1           -            465 3991at5125           -            915   0.00036   17.6   0.1   1   1   3.3e-05    0.0072   13.3   0.2   231   290    48   105    46   110 0.86 WD domain-containing protein [Cordyceps fumosorosea ARSEF 2679]
OAA63110.1           -            961 3991at5125           -            915   0.00041   17.4   4.3   1   2   3.8e-05    0.0082   13.1   0.0   164   303   326   460   321   474 0.83 F-box and WD domain protein [Cordyceps fumosorosea ARSEF 2679]
OAA63110.1           -            961 3991at5125           -            915   0.00041   17.4   4.3   2   2       1.1   2.3e+02   -1.6   7.8   732   810   832   909   781   933 0.71 F-box and WD domain protein [Cordyceps fumosorosea ARSEF 2679]
OAA60736.1           -            543 3991at5125           -            915   0.00043   17.3   0.1   1   1   2.8e-06   0.00061   16.8   0.1   169   283    89   202    55   209 0.80 WD40/YVTN repeat-like-containing domain protein [Cordyceps fumosorosea ARSEF 2679]
OAA71431.1           -            337 3991at5125           -            915   0.00084   16.4   0.1   1   2     3e-05    0.0065   13.4   0.0   246   318     6    76     3    85 0.83 eukaryotic translation initiation factor 3 subunit 2 [Cordyceps fumosorosea ARSEF 2679]
OAA71431.1           -            337 3991at5125           -            915   0.00084   16.4   0.1   2   2      0.21        45    0.7   0.0   116   236    95   223    86   229 0.57 eukaryotic translation initiation factor 3 subunit 2 [Cordyceps fumosorosea ARSEF 2679]
OAA54025.1           -            442 3991at5125           -            915   0.00087   16.3   0.3   1   2     4e-06   0.00087   16.3   0.3   223   305   195   277   181   304 0.85 WD40/YVTN repeat-like-containing domain protein [Cordyceps fumosorosea ARSEF 2679]
OAA54025.1           -            442 3991at5125           -            915   0.00087   16.3   0.3   2   2      0.22        48    0.6   0.2   231   285   338   399   330   406 0.72 WD40/YVTN repeat-like-containing domain protein [Cordyceps fumosorosea ARSEF 2679]
OAA56420.1           -            696 3991at5125           -            915    0.0011   16.0   1.4   1   2   8.4e-06    0.0018   15.2   0.7   159   276   364   467   355   519 0.76 sulfur controller-2 [Cordyceps fumosorosea ARSEF 2679]
OAA56420.1           -            696 3991at5125           -            915    0.0011   16.0   1.4   2   2       1.9   4.1e+02   -2.4   0.0   231   284   599   648   589   668 0.65 sulfur controller-2 [Cordyceps fumosorosea ARSEF 2679]
OAA73122.1           -            717 3991at5125           -            915    0.0023   15.0   0.0   1   3      0.26        56    0.4   0.0   276   321   344   389   309   408 0.69 cytoplasmic dynein 1 intermediate chain 2 [Cordyceps fumosorosea ARSEF 2679]
OAA73122.1           -            717 3991at5125           -            915    0.0023   15.0   0.0   2   3      0.08        17    2.1   0.0   230   292   385   452   335   469 0.69 cytoplasmic dynein 1 intermediate chain 2 [Cordyceps fumosorosea ARSEF 2679]
OAA73122.1           -            717 3991at5125           -            915    0.0023   15.0   0.0   3   3   0.00056      0.12    9.2   0.0   121   190   601   681   592   686 0.83 cytoplasmic dynein 1 intermediate chain 2 [Cordyceps fumosorosea ARSEF 2679]
OAA54029.1           -            881 3991at5125           -            915    0.0028   14.7   0.1   1   2      0.85   1.9e+02   -1.3   0.0   102   145   130   172   123   182 0.82 WD40 repeat-like-containing domain protein [Cordyceps fumosorosea ARSEF 2679]
OAA54029.1           -            881 3991at5125           -            915    0.0028   14.7   0.1   2   2   3.5e-05    0.0076   13.2   0.1   199   317   189   299   153   304 0.72 WD40 repeat-like-containing domain protein [Cordyceps fumosorosea ARSEF 2679]
OAA60771.1           -            350 3991at5125           -            915    0.0031   14.5   0.0   1   2    0.0027      0.58    7.0   0.0   205   325    16   132    12   152 0.72 nuclear pore complex subunit [Cordyceps fumosorosea ARSEF 2679]
OAA60771.1           -            350 3991at5125           -            915    0.0031   14.5   0.0   2   2    0.0085       1.9    5.3   0.0   171   214   264   307   254   318 0.84 nuclear pore complex subunit [Cordyceps fumosorosea ARSEF 2679]
OAA65056.1           -            381 3991at5125           -            915      0.01   12.8   0.1   1   2      0.14        31    1.3   0.0   215   284    14    89     8   106 0.82 WD repeat containing protein 82 [Cordyceps fumosorosea ARSEF 2679]
OAA65056.1           -            381 3991at5125           -            915      0.01   12.8   0.1   2   2    0.0006      0.13    9.1   0.0   215   289   109   180    94   194 0.80 WD repeat containing protein 82 [Cordyceps fumosorosea ARSEF 2679]
OAA55111.1           -            347 3991at5125           -            915     0.012   12.5   0.0   1   2    0.0063       1.4    5.7   0.0   248   316    16    86    10    95 0.77 WD40 repeat-like-containing domain protein [Cordyceps fumosorosea ARSEF 2679]
OAA55111.1           -            347 3991at5125           -            915     0.012   12.5   0.0   2   2     0.016       3.4    4.4   0.0   107   149    98   140    91   185 0.87 WD40 repeat-like-containing domain protein [Cordyceps fumosorosea ARSEF 2679]
OAA67545.1           -            527 3991at5125           -            915     0.033   11.1   0.0   1   4       2.5   5.5e+02   -2.9   0.6   745   814     9    75     3    79 0.72 WD repeat-containing protein [Cordyceps fumosorosea ARSEF 2679]
OAA67545.1           -            527 3991at5125           -            915     0.033   11.1   0.0   2   4    0.0012      0.26    8.2   0.6   176   235   184   239   175   256 0.74 WD repeat-containing protein [Cordyceps fumosorosea ARSEF 2679]
OAA67545.1           -            527 3991at5125           -            915     0.033   11.1   0.0   3   4   0.00015     0.033   11.1   0.0   112   259   271   409   259   435 0.74 WD repeat-containing protein [Cordyceps fumosorosea ARSEF 2679]
OAA67545.1           -            527 3991at5125           -            915     0.033   11.1   0.0   4   4      0.25        54    0.5   0.0   231   287   428   481   416   486 0.79 WD repeat-containing protein [Cordyceps fumosorosea ARSEF 2679]
OAA73419.1           -            615 3991at5125           -            915     0.038   10.9   0.0   1   2   0.00095      0.21    8.5   0.0   108   192   362   443   350   453 0.72 WD domain containing protein [Cordyceps fumosorosea ARSEF 2679]
OAA73419.1           -            615 3991at5125           -            915     0.038   10.9   0.0   2   2   0.00017     0.038   10.9   0.0   114   200   478   563   460   591 0.67 WD domain containing protein [Cordyceps fumosorosea ARSEF 2679]
OAA60057.1           -            644 3991at5125           -            915      0.07   10.0   0.0   1   1   0.00048       0.1    9.5   0.0   176   280   355   458   345   480 0.75 WD repeat protein [Cordyceps fumosorosea ARSEF 2679]
OAA68921.1           -            713 3991at5125           -            915      0.11    9.3   0.0   1   2    0.0012      0.26    8.2   0.1   206   280    17    92     2   100 0.54 WD40 repeat-like-containing domain protein [Cordyceps fumosorosea ARSEF 2679]
OAA68921.1           -            713 3991at5125           -            915      0.11    9.3   0.0   2   2   0.00051      0.11    9.3   0.0    64   150   121   198   113   206 0.84 WD40 repeat-like-containing domain protein [Cordyceps fumosorosea ARSEF 2679]
#
# Program:         hmmsearch
# Version:         3.1b2 (February 2015)
# Pipeline mode:   SEARCH
# Query file:      /home/zack/funannotate_db/hypocreales_odb10/hmms/3991at5125.hmm
# Target file:     /home/zack/Desktop/IsariaPreferralGenome/MyGenomeSubmittedToNCBI/HypocrealesProteinSets/Cfumosorosea_ARSEF2679.faa
# Option settings: hmmsearch --domtblout /home/zack/Desktop/IsariaPreferralGenome/MyGenomeSubmittedToNCBI/HypocrealesProteinSets/BUSCO_AA_all/BUSCO_AA_Cfumosorosea_ARSEF2679/run_hypocreales_odb10/hmmer_output/initial_run_results/3991at5125.out --cpu 1 /home/zack/funannotate_db/hypocreales_odb10/hmms/3991at5125.hmm /home/zack/Desktop/IsariaPreferralGenome/MyGenomeSubmittedToNCBI/HypocrealesProteinSets/Cfumosorosea_ARSEF2679.faa 
# Current dir:     /home/zack/Desktop/IsariaPreferralGenome/MyGenomeSubmittedToNCBI/HypocrealesProteinSets/BUSCO_AA_all
# Date:            Mon Mar  4 14:50:02 2024
# [ok]
