#                                                                            --- full sequence --- -------------- this domain -------------   hmm coord   ali coord   env coord
# target name        accession   tlen query name           accession   qlen   E-value  score  bias   #  of  c-Evalue  i-Evalue  score  bias  from    to  from    to  from    to  acc description of target
#------------------- ---------- ----- -------------------- ---------- ----- --------- ------ ----- --- --- --------- --------- ------ ----- ----- ----- ----- ----- ----- ----- ---- ---------------------
OAA56433.1           -            880 4056at5125           -            758         0 1400.1   9.5   1   1         0         0 1399.7   9.5     1   758    35   879    35   879 0.93 beta-glucosidase 1 precursor [Cordyceps fumosorosea ARSEF 2679]
OAA70341.1           -            949 4056at5125           -            758  1.1e-239  796.9   0.5   1   1  3.3e-242  2.8e-239  795.5   0.5     2   755   108   946   107   949 0.86 Glycoside hydrolase, family 3 [Cordyceps fumosorosea ARSEF 2679]
OAA56395.1           -            881 4056at5125           -            758  3.4e-199  662.9   4.6   1   1  9.7e-202  8.1e-199  661.7   4.6     3   753    26   863    24   868 0.86 beta-glucosidase 2 precursor [Cordyceps fumosorosea ARSEF 2679]
OAA57724.1           -            814 4056at5125           -            758  3.7e-175  583.5   0.3   1   3  5.5e-124  4.6e-121  404.6   0.3    11   373    54   420    33   432 0.89 beta-glucosidase [Cordyceps fumosorosea ARSEF 2679]
OAA57724.1           -            814 4056at5125           -            758  3.7e-175  583.5   0.3   2   3   5.1e-38   4.3e-35  120.3   0.0   389   608   471   688   452   702 0.86 beta-glucosidase [Cordyceps fumosorosea ARSEF 2679]
OAA57724.1           -            814 4056at5125           -            758  3.7e-175  583.5   0.3   3   3   2.2e-18   1.8e-15   55.4   0.1   661   758   703   812   686   812 0.83 beta-glucosidase [Cordyceps fumosorosea ARSEF 2679]
OAA68845.1           -            763 4056at5125           -            758  5.8e-172  572.9   1.1   1   3  2.6e-121  2.2e-118  395.7   0.4     1   374    24   398    24   408 0.92 Glycoside hydrolase, family 3 [Cordyceps fumosorosea ARSEF 2679]
OAA68845.1           -            763 4056at5125           -            758  5.8e-172  572.9   1.1   2   3   3.4e-38   2.9e-35  120.9   0.0   385   604   431   647   416   654 0.84 Glycoside hydrolase, family 3 [Cordyceps fumosorosea ARSEF 2679]
OAA68845.1           -            763 4056at5125           -            758  5.8e-172  572.9   1.1   3   3   6.5e-18   5.5e-15   53.9   0.0   663   755   657   756   645   759 0.83 Glycoside hydrolase, family 3 [Cordyceps fumosorosea ARSEF 2679]
OAA59990.1           -            777 4056at5125           -            758  1.7e-154  515.2   0.3   1   2  1.2e-142  9.7e-140  466.4   0.3     2   601    31   654    30   661 0.85 Glycoside hydrolase, family 3 [Cordyceps fumosorosea ARSEF 2679]
OAA59990.1           -            777 4056at5125           -            758  1.7e-154  515.2   0.3   2   2   3.9e-15   3.3e-12   44.7   0.0   661   756   670   772   655   774 0.83 Glycoside hydrolase, family 3 [Cordyceps fumosorosea ARSEF 2679]
OAA35972.1           -            745 4056at5125           -            758  2.1e-154  514.8   7.9   1   2  9.8e-142  8.2e-139  463.3   5.6    15   609    26   628    21   636 0.85 glycoside hydrolase family 3 protein [Cordyceps fumosorosea ARSEF 2679]
OAA35972.1           -            745 4056at5125           -            758  2.1e-154  514.8   7.9   2   2   9.5e-17     8e-14   50.0   0.0   662   757   640   742   625   743 0.82 glycoside hydrolase family 3 protein [Cordyceps fumosorosea ARSEF 2679]
OAA65046.1           -            832 4056at5125           -            758   2.7e-70  236.7   0.9   1   4   2.2e-51   1.8e-48  164.5   0.0    28   272     8   254     2   267 0.90 beta-glucosidase [Cordyceps fumosorosea ARSEF 2679]
OAA65046.1           -            832 4056at5125           -            758   2.7e-70  236.7   0.9   2   4     0.043        36    1.5   0.0   337   376   302   342   294   354 0.84 beta-glucosidase [Cordyceps fumosorosea ARSEF 2679]
OAA65046.1           -            832 4056at5125           -            758   2.7e-70  236.7   0.9   3   4   1.5e-19   1.3e-16   59.2   0.0   458   603   574   716   566   723 0.89 beta-glucosidase [Cordyceps fumosorosea ARSEF 2679]
OAA65046.1           -            832 4056at5125           -            758   2.7e-70  236.7   0.9   4   4    0.0011      0.88    6.9   0.0   676   718   724   772   717   811 0.69 beta-glucosidase [Cordyceps fumosorosea ARSEF 2679]
OAA59496.1           -            953 4056at5125           -            758   1.9e-11   42.1   0.0   1   1   3.4e-14   2.8e-11   41.6   0.0    78   243   127   304   113   347 0.86 Glycoside hydrolase, superfamily [Cordyceps fumosorosea ARSEF 2679]
OAA55139.1           -            541 4056at5125           -            758     6e-08   30.6   0.0   1   2   1.8e-10   1.5e-07   29.2   0.0   106   359   118   380    76   403 0.66 Glycoside hydrolase, family 3 [Cordyceps fumosorosea ARSEF 2679]
OAA55139.1           -            541 4056at5125           -            758     6e-08   30.6   0.0   2   2      0.48     4e+02   -1.9   0.0   488   531   487   530   482   538 0.83 Glycoside hydrolase, family 3 [Cordyceps fumosorosea ARSEF 2679]
OAA62301.1           -            143 4056at5125           -            758   2.9e-05   21.7   0.0   1   1   4.6e-08   3.8e-05   21.3   0.0   191   237    13    60     9    63 0.93 Glycoside hydrolase, family 3 [Cordyceps fumosorosea ARSEF 2679]
OAA57310.1           -            373 4056at5125           -            758     5e-05   20.9   0.1   1   1   7.6e-08   6.4e-05   20.6   0.1   115   299   159   363   126   368 0.65 Glycoside hydrolase, family 3 [Cordyceps fumosorosea ARSEF 2679]
#
# Program:         hmmsearch
# Version:         3.1b2 (February 2015)
# Pipeline mode:   SEARCH
# Query file:      /home/zack/funannotate_db/hypocreales_odb10/hmms/4056at5125.hmm
# Target file:     /home/zack/Desktop/IsariaPreferralGenome/MyGenomeSubmittedToNCBI/HypocrealesProteinSets/Cfumosorosea_ARSEF2679.faa
# Option settings: hmmsearch --domtblout /home/zack/Desktop/IsariaPreferralGenome/MyGenomeSubmittedToNCBI/HypocrealesProteinSets/BUSCO_AA_all/BUSCO_AA_Cfumosorosea_ARSEF2679/run_hypocreales_odb10/hmmer_output/initial_run_results/4056at5125.out --cpu 1 /home/zack/funannotate_db/hypocreales_odb10/hmms/4056at5125.hmm /home/zack/Desktop/IsariaPreferralGenome/MyGenomeSubmittedToNCBI/HypocrealesProteinSets/Cfumosorosea_ARSEF2679.faa 
# Current dir:     /home/zack/Desktop/IsariaPreferralGenome/MyGenomeSubmittedToNCBI/HypocrealesProteinSets/BUSCO_AA_all
# Date:            Mon Mar  4 14:50:14 2024
# [ok]
