#                                                                            --- full sequence --- -------------- this domain -------------   hmm coord   ali coord   env coord
# target name        accession   tlen query name           accession   qlen   E-value  score  bias   #  of  c-Evalue  i-Evalue  score  bias  from    to  from    to  from    to  acc description of target
#------------------- ---------- ----- -------------------- ---------- ----- --------- ------ ----- --- --- --------- --------- ------ ----- ----- ----- ----- ----- ----- ----- ---- ---------------------
OAA69858.1           -           1144 4081at5125           -            748         0 1281.8  26.8   1   5  2.5e-136  2.3e-134  448.5   0.6     1   250    11   284    11   293 0.89 Calcium/calmodulin-dependent/calcium-dependent protein kinase [Cordyceps fumosorosea ARSEF 2679]
OAA69858.1           -           1144 4081at5125           -            748         0 1281.8  26.8   2   5  1.7e-227  1.6e-225  749.9   3.4   236   599   324   692   311   756 0.91 Calcium/calmodulin-dependent/calcium-dependent protein kinase [Cordyceps fumosorosea ARSEF 2679]
OAA69858.1           -           1144 4081at5125           -            748         0 1281.8  26.8   3   5   0.00038     0.035   11.5   0.1   590   658   780   845   743   897 0.74 Calcium/calmodulin-dependent/calcium-dependent protein kinase [Cordyceps fumosorosea ARSEF 2679]
OAA69858.1           -           1144 4081at5125           -            748         0 1281.8  26.8   4   5   8.8e-21   8.1e-19   66.5   1.1   629   698   941  1021   920  1035 0.85 Calcium/calmodulin-dependent/calcium-dependent protein kinase [Cordyceps fumosorosea ARSEF 2679]
OAA69858.1           -           1144 4081at5125           -            748         0 1281.8  26.8   5   5   1.1e-06    0.0001   19.9   0.1   708   748  1080  1135  1053  1135 0.72 Calcium/calmodulin-dependent/calcium-dependent protein kinase [Cordyceps fumosorosea ARSEF 2679]
OAA72286.1           -            746 4081at5125           -            748     3e-48  163.8  13.8   1   5   1.7e-07   1.6e-05   22.5   0.0    40   103    85   152    56   162 0.67 calcium/calmodulin-dependent protein kinase kinase [Cordyceps fumosorosea ARSEF 2679]
OAA72286.1           -            746 4081at5125           -            748     3e-48  163.8  13.8   2   5   2.3e-10   2.1e-08   32.1   0.3   110   151   192   233   188   239 0.91 calcium/calmodulin-dependent protein kinase kinase [Cordyceps fumosorosea ARSEF 2679]
OAA72286.1           -            746 4081at5125           -            748     3e-48  163.8  13.8   3   5   1.3e-28   1.2e-26   92.4   0.1   280   422   248   370   238   374 0.88 calcium/calmodulin-dependent protein kinase kinase [Cordyceps fumosorosea ARSEF 2679]
OAA72286.1           -            746 4081at5125           -            748     3e-48  163.8  13.8   4   5   4.4e-06   0.00041   17.9   0.2   459   496   372   409   368   456 0.89 calcium/calmodulin-dependent protein kinase kinase [Cordyceps fumosorosea ARSEF 2679]
OAA72286.1           -            746 4081at5125           -            748     3e-48  163.8  13.8   5   5         5   4.6e+02   -2.1   0.1   178   266   482   566   477   570 0.64 calcium/calmodulin-dependent protein kinase kinase [Cordyceps fumosorosea ARSEF 2679]
OAA38153.1           -           1585 4081at5125           -            748   1.5e-45  154.9  10.9   1   4   2.3e-10   2.2e-08   32.0   0.0    17   111    41   140    27   143 0.79 calcium/calmodulin-dependent protein kinase kinase [Cordyceps fumosorosea ARSEF 2679]
OAA38153.1           -           1585 4081at5125           -            748   1.5e-45  154.9  10.9   2   4   4.9e-10   4.5e-08   31.0   1.0   110   149   177   216   174   230 0.92 calcium/calmodulin-dependent protein kinase kinase [Cordyceps fumosorosea ARSEF 2679]
OAA38153.1           -           1585 4081at5125           -            748   1.5e-45  154.9  10.9   3   4   9.9e-22   9.1e-20   69.6   0.1   282   423   235   356   224   359 0.86 calcium/calmodulin-dependent protein kinase kinase [Cordyceps fumosorosea ARSEF 2679]
OAA38153.1           -           1585 4081at5125           -            748   1.5e-45  154.9  10.9   4   4   8.7e-07     8e-05   20.2   0.1   460   497   358   395   356   472 0.69 calcium/calmodulin-dependent protein kinase kinase [Cordyceps fumosorosea ARSEF 2679]
OAA69576.1           -            707 4081at5125           -            748     1e-29  102.6   3.8   1   4   9.4e-11   8.7e-09   33.3   1.5    51   146    60   146    53   155 0.87 carbon catabolite derepressing protein kinase Snf1 [Cordyceps fumosorosea ARSEF 2679]
OAA69576.1           -            707 4081at5125           -            748     1e-29  102.6   3.8   2   4   6.1e-11   5.6e-09   34.0   0.0   281   328   164   211   158   217 0.94 carbon catabolite derepressing protein kinase Snf1 [Cordyceps fumosorosea ARSEF 2679]
OAA69576.1           -            707 4081at5125           -            748     1e-29  102.6   3.8   3   4   3.2e-07     3e-05   21.6   0.0   357   419   220   279   213   286 0.83 carbon catabolite derepressing protein kinase Snf1 [Cordyceps fumosorosea ARSEF 2679]
OAA69576.1           -            707 4081at5125           -            748     1e-29  102.6   3.8   4   4   0.00079     0.073   10.4   0.0   467   497   292   322   288   350 0.88 carbon catabolite derepressing protein kinase Snf1 [Cordyceps fumosorosea ARSEF 2679]
OAA73983.1           -            690 4081at5125           -            748     6e-26   90.1   0.9   1   3   4.2e-06   0.00038   18.0   0.0    54   151   318   407   311   418 0.89 Serine/threonine-protein kinase domain protein [Cordyceps fumosorosea ARSEF 2679]
OAA73983.1           -            690 4081at5125           -            748     6e-26   90.1   0.9   2   3   4.7e-15   4.4e-13   47.5   1.1   280   399   420   519   408   529 0.83 Serine/threonine-protein kinase domain protein [Cordyceps fumosorosea ARSEF 2679]
OAA73983.1           -            690 4081at5125           -            748     6e-26   90.1   0.9   3   3   0.00022      0.02   12.3   0.0   458   499   552   593   537   598 0.87 Serine/threonine-protein kinase domain protein [Cordyceps fumosorosea ARSEF 2679]
OAA62939.1           -           1087 4081at5125           -            748   1.1e-24   85.8   0.7   1   4   7.1e-11   6.5e-09   33.7   0.0    62   151   196   288   139   292 0.87 Serine/threonine-protein kinase domain protein [Cordyceps fumosorosea ARSEF 2679]
OAA62939.1           -           1087 4081at5125           -            748   1.1e-24   85.8   0.7   2   4   1.4e-08   1.3e-06   26.1   0.0   280   329   301   350   297   356 0.92 Serine/threonine-protein kinase domain protein [Cordyceps fumosorosea ARSEF 2679]
OAA62939.1           -           1087 4081at5125           -            748   1.1e-24   85.8   0.7   3   4   0.00041     0.038   11.4   0.1   361   404   362   402   354   422 0.75 Serine/threonine-protein kinase domain protein [Cordyceps fumosorosea ARSEF 2679]
OAA62939.1           -           1087 4081at5125           -            748   1.1e-24   85.8   0.7   4   4    0.0016      0.15    9.4   0.0   467   498   430   461   424   472 0.89 Serine/threonine-protein kinase domain protein [Cordyceps fumosorosea ARSEF 2679]
OAA67641.1           -           1187 4081at5125           -            748   4.5e-23   80.6   1.6   1   3     5e-06   0.00046   17.7   0.0    61   151   111   215    93   224 0.71 Serine/threonine-protein kinase domain protein [Cordyceps fumosorosea ARSEF 2679]
OAA67641.1           -           1187 4081at5125           -            748   4.5e-23   80.6   1.6   2   3   4.4e-12   4.1e-10   37.7   0.0   285   414   233   340   225   354 0.84 Serine/threonine-protein kinase domain protein [Cordyceps fumosorosea ARSEF 2679]
OAA67641.1           -           1187 4081at5125           -            748   4.5e-23   80.6   1.6   3   3   5.2e-05    0.0048   14.3   0.5   466   493   357   384   345   392 0.90 Serine/threonine-protein kinase domain protein [Cordyceps fumosorosea ARSEF 2679]
OAA74140.1           -            417 4081at5125           -            748   5.1e-22   77.1   3.1   1   4   4.6e-06   0.00043   17.8   0.0    56   151   145   231    38   240 0.91 serine/threonine-protein kinase Eg2 [Cordyceps fumosorosea ARSEF 2679]
OAA74140.1           -            417 4081at5125           -            748   5.1e-22   77.1   3.1   2   4   2.2e-09     2e-07   28.8   0.2   292   330   256   294   245   302 0.88 serine/threonine-protein kinase Eg2 [Cordyceps fumosorosea ARSEF 2679]
OAA74140.1           -            417 4081at5125           -            748   5.1e-22   77.1   3.1   3   4   0.00041     0.038   11.4   0.0   360   423   303   365   296   371 0.86 serine/threonine-protein kinase Eg2 [Cordyceps fumosorosea ARSEF 2679]
OAA74140.1           -            417 4081at5125           -            748   5.1e-22   77.1   3.1   4   4   8.6e-06    0.0008   16.9   0.5   466   496   373   403   366   411 0.90 serine/threonine-protein kinase Eg2 [Cordyceps fumosorosea ARSEF 2679]
OAA61309.1           -            375 4081at5125           -            748   2.1e-19   68.4   0.0   1   3   2.7e-06   0.00025   18.6   0.0    55   134    18    89    10    97 0.83 mitogen-activated protein kinase [Cordyceps fumosorosea ARSEF 2679]
OAA61309.1           -            375 4081at5125           -            748   2.1e-19   68.4   0.0   2   3   6.4e-11   5.9e-09   33.9   0.0   290   333   144   187   137   195 0.88 mitogen-activated protein kinase [Cordyceps fumosorosea ARSEF 2679]
OAA61309.1           -            375 4081at5125           -            748   2.1e-19   68.4   0.0   3   3   0.00014     0.013   13.0   0.0   360   489   192   314   184   319 0.75 mitogen-activated protein kinase [Cordyceps fumosorosea ARSEF 2679]
OAA58857.1           -            766 4081at5125           -            748   2.6e-19   68.1   0.3   1   2   1.4e-20   1.3e-18   65.8   0.0   289   419   308   432   293   437 0.85 Serine/threonine-protein kinase domain protein [Cordyceps fumosorosea ARSEF 2679]
OAA58857.1           -            766 4081at5125           -            748   2.6e-19   68.1   0.3   2   2       2.2     2e+02   -1.0   0.0   466   491   444   469   441   474 0.92 Serine/threonine-protein kinase domain protein [Cordyceps fumosorosea ARSEF 2679]
OAA68808.1           -           1126 4081at5125           -            748   2.3e-18   65.0   0.1   1   3    0.0023      0.21    8.9   0.1    81   150   305   366   294   371 0.74 Serine/threonine-protein kinase KIN4 [Cordyceps fumosorosea ARSEF 2679]
OAA68808.1           -           1126 4081at5125           -            748   2.3e-18   65.0   0.1   2   3   1.5e-14   1.4e-12   45.8   0.0   281   403   381   514   368   520 0.76 Serine/threonine-protein kinase KIN4 [Cordyceps fumosorosea ARSEF 2679]
OAA68808.1           -           1126 4081at5125           -            748   2.3e-18   65.0   0.1   3   3     0.016       1.5    6.1   0.0   464   501   547   583   536   670 0.85 Serine/threonine-protein kinase KIN4 [Cordyceps fumosorosea ARSEF 2679]
OAA73870.1           -            542 4081at5125           -            748   1.3e-17   62.5   0.2   1   3     4e-08   3.7e-06   24.6   0.0    36   152   208   316   193   327 0.83 cAMP-dependent protein kinase type 3 [Cordyceps fumosorosea ARSEF 2679]
OAA73870.1           -            542 4081at5125           -            748   1.3e-17   62.5   0.2   2   3   5.5e-09   5.1e-07   27.5   0.0   288   326   336   374   328   379 0.92 cAMP-dependent protein kinase type 3 [Cordyceps fumosorosea ARSEF 2679]
OAA73870.1           -            542 4081at5125           -            748   1.3e-17   62.5   0.2   3   3     0.015       1.3    6.3   0.0   360   405   386   427   380   448 0.76 cAMP-dependent protein kinase type 3 [Cordyceps fumosorosea ARSEF 2679]
OAA54424.1           -            329 4081at5125           -            748   1.2e-16   59.3   0.2   1   3     5e-07   4.6e-05   21.0   0.0    50   147     3    89     1    92 0.86 negative regulator of the PHO system [Cordyceps fumosorosea ARSEF 2679]
OAA54424.1           -            329 4081at5125           -            748   1.2e-16   59.3   0.2   2   3     3e-07   2.7e-05   21.8   0.0   289   333   117   162   108   171 0.85 negative regulator of the PHO system [Cordyceps fumosorosea ARSEF 2679]
OAA54424.1           -            329 4081at5125           -            748   1.2e-16   59.3   0.2   3   3   0.00014     0.013   12.9   0.0   461   496   264   299   246   319 0.85 negative regulator of the PHO system [Cordyceps fumosorosea ARSEF 2679]
OAA56865.1           -           1458 4081at5125           -            748   1.5e-16   59.0   8.9   1   3    0.0005     0.046   11.1   0.0    53   149    45   131    30   139 0.84 cell division control protein 15, cdc15 [Cordyceps fumosorosea ARSEF 2679]
OAA56865.1           -           1458 4081at5125           -            748   1.5e-16   59.0   8.9   2   3   4.7e-14   4.3e-12   44.2   0.2   290   397   156   241   149   260 0.73 cell division control protein 15, cdc15 [Cordyceps fumosorosea ARSEF 2679]
OAA56865.1           -           1458 4081at5125           -            748   1.5e-16   59.0   8.9   3   3      0.19        17    2.6   0.0   459   493   269   303   258   308 0.87 cell division control protein 15, cdc15 [Cordyceps fumosorosea ARSEF 2679]
OAA56805.1           -            418 4081at5125           -            748   2.2e-16   58.4   0.1   1   2     1e-05   0.00094   16.7   0.0    55   117    21    75    12   114 0.76 mitogen-activated protein kinase [Cordyceps fumosorosea ARSEF 2679]
OAA56805.1           -            418 4081at5125           -            748   2.2e-16   58.4   0.1   2   2   4.5e-11   4.2e-09   34.4   0.0   288   492   132   314   121   322 0.79 mitogen-activated protein kinase [Cordyceps fumosorosea ARSEF 2679]
OAA74145.1           -           1190 4081at5125           -            748   3.1e-16   58.0   2.4   1   3   3.7e-08   3.4e-06   24.8   0.0    52   135   920  1006   908  1016 0.68 serine/threonine protein kinase [Cordyceps fumosorosea ARSEF 2679]
OAA74145.1           -           1190 4081at5125           -            748   3.1e-16   58.0   2.4   2   3   1.7e-07   1.5e-05   22.6   0.3   281   409  1036  1141  1020  1147 0.88 serine/threonine protein kinase [Cordyceps fumosorosea ARSEF 2679]
OAA74145.1           -           1190 4081at5125           -            748   3.1e-16   58.0   2.4   3   3       0.9        83    0.3   0.0   466   493  1157  1184  1151  1189 0.90 serine/threonine protein kinase [Cordyceps fumosorosea ARSEF 2679]
OAA58304.1           -            635 4081at5125           -            748   6.6e-16   56.9   0.0   1   2   2.9e-06   0.00027   18.5   0.0    47   153   282   379   277   386 0.92 serine/threonine-protein kinase [Cordyceps fumosorosea ARSEF 2679]
OAA58304.1           -            635 4081at5125           -            748   6.6e-16   56.9   0.0   2   2   1.9e-09   1.7e-07   29.0   0.0   277   423   387   510   384   528 0.85 serine/threonine-protein kinase [Cordyceps fumosorosea ARSEF 2679]
OAA54200.1           -            639 4081at5125           -            748   7.6e-16   56.7   2.0   1   2   0.00015     0.014   12.8   0.0    55    92     8    45     3    58 0.87 Serine/threonine-protein kinase domain protein [Cordyceps fumosorosea ARSEF 2679]
OAA54200.1           -            639 4081at5125           -            748   7.6e-16   56.7   2.0   2   2   1.7e-11   1.6e-09   35.8   0.2   286   329   111   154   102   201 0.75 Serine/threonine-protein kinase domain protein [Cordyceps fumosorosea ARSEF 2679]
OAA53436.1           -            903 4081at5125           -            748   8.6e-16   56.5   0.0   1   2   1.1e-05   0.00097   16.6   0.0    63   130   636   703   625   722 0.90 MAPKK kinase [Cordyceps fumosorosea ARSEF 2679]
OAA53436.1           -            903 4081at5125           -            748   8.6e-16   56.5   0.0   2   2   7.9e-12   7.3e-10   36.9   0.0   283   327   738   782   735   795 0.95 MAPKK kinase [Cordyceps fumosorosea ARSEF 2679]
OAA71303.1           -            927 4081at5125           -            748     2e-15   55.3   1.2   1   3   1.3e-07   1.2e-05   22.9   0.1    57   152    23   108    13   135 0.79 Serine/threonine-protein kinase [Cordyceps fumosorosea ARSEF 2679]
OAA71303.1           -            927 4081at5125           -            748     2e-15   55.3   1.2   2   3      0.06       5.6    4.2   0.0   292   313   153   174   142   184 0.82 Serine/threonine-protein kinase [Cordyceps fumosorosea ARSEF 2679]
OAA71303.1           -            927 4081at5125           -            748     2e-15   55.3   1.2   3   3   3.3e-08     3e-06   24.9   0.0   356   445   224   310   219   319 0.87 Serine/threonine-protein kinase [Cordyceps fumosorosea ARSEF 2679]
OAA69448.1           -            644 4081at5125           -            748   2.1e-15   55.2   0.8   1   3     0.025       2.3    5.5   0.4    57   129   260   325   245   349 0.70 Serine/threonine-protein kinase domain protein [Cordyceps fumosorosea ARSEF 2679]
OAA69448.1           -            644 4081at5125           -            748   2.1e-15   55.2   0.8   2   3   9.5e-14   8.8e-12   43.2   0.0   276   423   356   507   353   514 0.87 Serine/threonine-protein kinase domain protein [Cordyceps fumosorosea ARSEF 2679]
OAA69448.1           -            644 4081at5125           -            748   2.1e-15   55.2   0.8   3   3      0.13        12    3.1   0.0   461   492   515   550   509   582 0.82 Serine/threonine-protein kinase domain protein [Cordyceps fumosorosea ARSEF 2679]
OAA62145.1           -            573 4081at5125           -            748   1.1e-14   52.9   4.0   1   3   0.00014     0.013   13.0   0.1    56   150   108   193    75   203 0.73 Calcium/calmodulin-dependent-like protein kinase [Cordyceps fumosorosea ARSEF 2679]
OAA62145.1           -            573 4081at5125           -            748   1.1e-14   52.9   4.0   2   3   3.5e-08   3.3e-06   24.8   0.2   287   416   214   352   201   358 0.64 Calcium/calmodulin-dependent-like protein kinase [Cordyceps fumosorosea ARSEF 2679]
OAA62145.1           -            573 4081at5125           -            748   1.1e-14   52.9   4.0   3   3   0.00033      0.03   11.7   0.0   458   516   363   427   360   433 0.73 Calcium/calmodulin-dependent-like protein kinase [Cordyceps fumosorosea ARSEF 2679]
OAA63927.1           -           1809 4081at5125           -            748   1.1e-14   52.8   7.7   1   4   0.00016     0.015   12.7   0.2    52   103   713   766   707   771 0.87 Serine/threonine-protein kinase domain protein [Cordyceps fumosorosea ARSEF 2679]
OAA63927.1           -           1809 4081at5125           -            748   1.1e-14   52.8   7.7   2   4   3.4e-09   3.1e-07   28.2   0.0   288   335   825   872   817   886 0.85 Serine/threonine-protein kinase domain protein [Cordyceps fumosorosea ARSEF 2679]
OAA63927.1           -           1809 4081at5125           -            748   1.1e-14   52.8   7.7   3   4   8.7e-05    0.0081   13.6   0.0   358   424  1033  1095  1020  1112 0.85 Serine/threonine-protein kinase domain protein [Cordyceps fumosorosea ARSEF 2679]
OAA63927.1           -           1809 4081at5125           -            748   1.1e-14   52.8   7.7   4   4       5.3   4.9e+02   -2.2   0.6   608   648  1723  1766  1706  1776 0.74 Serine/threonine-protein kinase domain protein [Cordyceps fumosorosea ARSEF 2679]
OAA73610.1           -            447 4081at5125           -            748   2.1e-14   51.9   0.8   1   3     0.013       1.2    6.4   0.1    57   144    19    97    13   113 0.72 calcium/calmodulin-dependent protein kinase type I [Cordyceps fumosorosea ARSEF 2679]
OAA73610.1           -            447 4081at5125           -            748   2.1e-14   51.9   0.8   2   3   3.1e-11   2.9e-09   34.9   0.1   284   417   121   235   112   245 0.79 calcium/calmodulin-dependent protein kinase type I [Cordyceps fumosorosea ARSEF 2679]
OAA73610.1           -            447 4081at5125           -            748   2.1e-14   51.9   0.8   3   3      0.25        23    2.2   0.0   461   494   249   282   241   289 0.87 calcium/calmodulin-dependent protein kinase type I [Cordyceps fumosorosea ARSEF 2679]
OAA74066.1           -            695 4081at5125           -            748   4.1e-14   50.9   0.2   1   2   0.00068     0.063   10.7   0.0    63   145   316   388   280   394 0.84 protein kinase [Cordyceps fumosorosea ARSEF 2679]
OAA74066.1           -            695 4081at5125           -            748   4.1e-14   50.9   0.2   2   2   4.3e-12     4e-10   37.7   0.1   290   330   417   457   400   470 0.86 protein kinase [Cordyceps fumosorosea ARSEF 2679]
OAA64875.1           -            650 4081at5125           -            748   4.2e-14   50.9   2.1   1   2      0.12        11    3.2   0.1    55   101   267   315   261   332 0.84 serine/threonine-protein kinase cot-1 [Cordyceps fumosorosea ARSEF 2679]
OAA64875.1           -            650 4081at5125           -            748   4.2e-14   50.9   2.1   2   2   1.5e-13   1.4e-11   42.6   0.3   277   416   364   525   361   535 0.73 serine/threonine-protein kinase cot-1 [Cordyceps fumosorosea ARSEF 2679]
OAA74135.1           -            812 4081at5125           -            748   7.3e-14   50.1  12.4   1   3       5.4   4.9e+02   -2.2   3.9   619   652     9    42     3    67 0.68 Serine/threonine-protein kinase domain protein [Cordyceps fumosorosea ARSEF 2679]
OAA74135.1           -            812 4081at5125           -            748   7.3e-14   50.1  12.4   2   3   0.00032      0.03   11.7   0.2    57   150   524   621   515   629 0.81 Serine/threonine-protein kinase domain protein [Cordyceps fumosorosea ARSEF 2679]
OAA74135.1           -            812 4081at5125           -            748   7.3e-14   50.1  12.4   3   3   3.1e-12   2.8e-10   38.2   0.0   275   418   630   750   621   759 0.86 Serine/threonine-protein kinase domain protein [Cordyceps fumosorosea ARSEF 2679]
OAA67598.1           -            865 4081at5125           -            748     5e-13   47.3   0.3   1   2   2.2e-06    0.0002   18.9   0.0    36    89    23    75    12   137 0.82 serine/threonine protein kinase [Cordyceps fumosorosea ARSEF 2679]
OAA67598.1           -            865 4081at5125           -            748     5e-13   47.3   0.3   2   2     3e-07   2.8e-05   21.7   0.1   292   327   163   198   155   254 0.81 serine/threonine protein kinase [Cordyceps fumosorosea ARSEF 2679]
OAA73589.1           -           1621 4081at5125           -            748   5.8e-13   47.1   0.6   1   3       5.6   5.2e+02   -2.3   0.0   698   725  1024  1051  1009  1068 0.68 mitogen activated protein kinase kinase kinase 3, mapkkk3, mekk3 [Cordyceps fumosorosea ARSEF 2679]
OAA73589.1           -           1621 4081at5125           -            748   5.8e-13   47.1   0.6   2   3     0.013       1.2    6.4   0.0    62   129  1335  1402  1302  1432 0.81 mitogen activated protein kinase kinase kinase 3, mapkkk3, mekk3 [Cordyceps fumosorosea ARSEF 2679]
OAA73589.1           -           1621 4081at5125           -            748   5.8e-13   47.1   0.6   3   3   5.1e-11   4.7e-09   34.2   0.0   284   416  1439  1552  1431  1568 0.69 mitogen activated protein kinase kinase kinase 3, mapkkk3, mekk3 [Cordyceps fumosorosea ARSEF 2679]
OAA70512.1           -            343 4081at5125           -            748   7.6e-13   46.7   0.5   1   3   0.00057     0.053   10.9   0.2   110   148    68   105    46   110 0.88 Cell division control protein 2 (Cyclin-dependent protein kinase) [Cordyceps fumosorosea ARSEF 2679]
OAA70512.1           -            343 4081at5125           -            748   7.6e-13   46.7   0.5   2   3   5.8e-09   5.3e-07   27.4   0.0   287   335   148   197   141   205 0.87 Cell division control protein 2 (Cyclin-dependent protein kinase) [Cordyceps fumosorosea ARSEF 2679]
OAA70512.1           -            343 4081at5125           -            748   7.6e-13   46.7   0.5   3   3     0.031       2.9    5.2   0.0   451   492   284   325   199   334 0.73 Cell division control protein 2 (Cyclin-dependent protein kinase) [Cordyceps fumosorosea ARSEF 2679]
OAA69595.1           -            514 4081at5125           -            748     8e-13   46.7   0.1   1   2   6.8e-10   6.3e-08   30.5   0.2   280   333    92   145    87   211 0.70 serine/threonine protein kinase [Cordyceps fumosorosea ARSEF 2679]
OAA69595.1           -            514 4081at5125           -            748     8e-13   46.7   0.1   2   2    0.0019      0.18    9.2   0.0   454   494   229   269   217   286 0.90 serine/threonine protein kinase [Cordyceps fumosorosea ARSEF 2679]
OAA58278.1           -            722 4081at5125           -            748   9.6e-13   46.4   2.2   1   2   0.00027     0.025   12.0   0.2    57   152   436   535   426   549 0.83 STE20 kinase [Cordyceps fumosorosea ARSEF 2679]
OAA58278.1           -            722 4081at5125           -            748   9.6e-13   46.4   2.2   2   2   1.3e-09   1.2e-07   29.5   0.1   286   326   553   593   542   663 0.91 STE20 kinase [Cordyceps fumosorosea ARSEF 2679]
OAA60122.1           -            736 4081at5125           -            748   1.3e-12   45.9   4.9   1   4       6.8   6.3e+02   -2.6   1.8   529   643   127   242   119   267 0.65 serine/threonine-protein kinase hal4 [Cordyceps fumosorosea ARSEF 2679]
OAA60122.1           -            736 4081at5125           -            748   1.3e-12   45.9   4.9   2   4      0.16        15    2.8   0.0   103   133   420   450   381   464 0.68 serine/threonine-protein kinase hal4 [Cordyceps fumosorosea ARSEF 2679]
OAA60122.1           -            736 4081at5125           -            748   1.3e-12   45.9   4.9   3   4   2.2e-13   2.1e-11   42.0   0.0   284   328   486   530   479   594 0.93 serine/threonine-protein kinase hal4 [Cordyceps fumosorosea ARSEF 2679]
OAA60122.1           -            736 4081at5125           -            748   1.3e-12   45.9   4.9   4   4       1.1        97    0.1   0.0   465   493   653   681   650   708 0.83 serine/threonine-protein kinase hal4 [Cordyceps fumosorosea ARSEF 2679]
OAA67397.1           -            537 4081at5125           -            748   1.5e-12   45.8   0.4   1   3   9.3e-12   8.6e-10   36.7   0.0   290   327   349   387   339   398 0.88 MAP kinase kinase [Cordyceps fumosorosea ARSEF 2679]
OAA67397.1           -            537 4081at5125           -            748   1.5e-12   45.8   0.4   2   3     0.013       1.2    6.4   0.0   350   406   390   442   388   450 0.74 MAP kinase kinase [Cordyceps fumosorosea ARSEF 2679]
OAA67397.1           -            537 4081at5125           -            748   1.5e-12   45.8   0.4   3   3       2.4   2.2e+02   -1.1   0.1   468   495   484   511   454   520 0.74 MAP kinase kinase [Cordyceps fumosorosea ARSEF 2679]
OAA59968.1           -            662 4081at5125           -            748   2.5e-12   45.0   2.5   1   3      0.15        14    2.9   0.0    63    89    27    53    18    75 0.92 serine/threonine-protein kinase 24 [Cordyceps fumosorosea ARSEF 2679]
OAA59968.1           -            662 4081at5125           -            748   2.5e-12   45.0   2.5   2   3   2.5e-11   2.3e-09   35.2   0.1   287   327   123   163   116   217 0.76 serine/threonine-protein kinase 24 [Cordyceps fumosorosea ARSEF 2679]
OAA59968.1           -            662 4081at5125           -            748   2.5e-12   45.0   2.5   3   3       3.8   3.5e+02   -1.7   0.1   472   495   251   274   242   411 0.57 serine/threonine-protein kinase 24 [Cordyceps fumosorosea ARSEF 2679]
OAA73793.1           -            356 4081at5125           -            748   2.6e-12   45.0   0.5   1   2    0.0008     0.074   10.4   0.0    54   144    21   105     8   127 0.78 mitogen activated protein kinase [Cordyceps fumosorosea ARSEF 2679]
OAA73793.1           -            356 4081at5125           -            748   2.6e-12   45.0   0.5   2   2   1.8e-08   1.6e-06   25.8   0.1   288   491   131   311   120   314 0.76 mitogen activated protein kinase [Cordyceps fumosorosea ARSEF 2679]
OAA72285.1           -            498 4081at5125           -            748   2.9e-12   44.8   0.0   1   2    0.0055      0.51    7.6   0.0    26   134   185   289   173   300 0.75 serine/threonine-protein kinase hal4 [Cordyceps fumosorosea ARSEF 2679]
OAA72285.1           -            498 4081at5125           -            748   2.9e-12   44.8   0.0   2   2     4e-11   3.7e-09   34.6   0.0   280   327   318   365   314   414 0.92 serine/threonine-protein kinase hal4 [Cordyceps fumosorosea ARSEF 2679]
OAA69545.1           -           1107 4081at5125           -            748     1e-11   43.0   0.2   1   3     0.077       7.1    3.9   0.0    43    90   767   815   742   874 0.79 Protein kinase C [Cordyceps fumosorosea ARSEF 2679]
OAA69545.1           -           1107 4081at5125           -            748     1e-11   43.0   0.2   2   3   1.7e-06   0.00016   19.3   0.1   287   326   889   928   878   931 0.87 Protein kinase C [Cordyceps fumosorosea ARSEF 2679]
OAA69545.1           -           1107 4081at5125           -            748     1e-11   43.0   0.2   3   3   1.9e-05    0.0017   15.8   0.0   360   419   943   998   930  1009 0.88 Protein kinase C [Cordyceps fumosorosea ARSEF 2679]
OAA71606.1           -            537 4081at5125           -            748   1.3e-11   42.7   0.1   1   2   0.00024     0.023   12.1   0.0    49   129    29   101    24   110 0.84 serine/threonine-protein kinase BUR1 [Cordyceps fumosorosea ARSEF 2679]
OAA71606.1           -            537 4081at5125           -            748   1.3e-11   42.7   0.1   2   2     3e-09   2.7e-07   28.4   0.0   286   327   150   191   137   211 0.86 serine/threonine-protein kinase BUR1 [Cordyceps fumosorosea ARSEF 2679]
OAA66258.1           -            419 4081at5125           -            748   1.4e-11   42.6   1.0   1   3     0.046       4.2    4.6   0.1   108   151   121   163    94   169 0.81 serine/threonine-protein kinase [Cordyceps fumosorosea ARSEF 2679]
OAA66258.1           -            419 4081at5125           -            748   1.4e-11   42.6   1.0   2   3   1.1e-07   9.8e-06   23.2   0.0   295   335   193   234   188   242 0.86 serine/threonine-protein kinase [Cordyceps fumosorosea ARSEF 2679]
OAA66258.1           -            419 4081at5125           -            748   1.4e-11   42.6   1.0   3   3    0.0004     0.037   11.4   0.1   452   492   326   366   247   371 0.75 serine/threonine-protein kinase [Cordyceps fumosorosea ARSEF 2679]
OAA70239.1           -            527 4081at5125           -            748   1.8e-11   42.2   0.7   1   3    0.0042      0.39    8.0   0.0    49    90    12    53     9   101 0.87 Protein kinase-like domain protein [Cordyceps fumosorosea ARSEF 2679]
OAA70239.1           -            527 4081at5125           -            748   1.8e-11   42.2   0.7   2   3   3.3e-07     3e-05   21.6   0.1   277   327   114   164   107   172 0.87 Protein kinase-like domain protein [Cordyceps fumosorosea ARSEF 2679]
OAA70239.1           -            527 4081at5125           -            748   1.8e-11   42.2   0.7   3   3    0.0014      0.13    9.6   0.0   358   416   175   229   165   239 0.81 Protein kinase-like domain protein [Cordyceps fumosorosea ARSEF 2679]
OAA54440.1           -            604 4081at5125           -            748   2.2e-11   41.9   0.0   1   3      0.11       9.8    3.4   0.0    63   150    25   108    16   114 0.84 Protein kinase-like domain protein [Cordyceps fumosorosea ARSEF 2679]
OAA54440.1           -            604 4081at5125           -            748   2.2e-11   41.9   0.0   2   3   3.9e-09   3.6e-07   28.0   0.0   285   327   128   170   119   176 0.87 Protein kinase-like domain protein [Cordyceps fumosorosea ARSEF 2679]
OAA54440.1           -            604 4081at5125           -            748   2.2e-11   41.9   0.0   3   3     0.011         1    6.6   0.0   357   408   178   228   170   241 0.81 Protein kinase-like domain protein [Cordyceps fumosorosea ARSEF 2679]
OAA70316.1           -            889 4081at5125           -            748   2.4e-11   41.8   0.0   1   2       1.5   1.3e+02   -0.4   0.0   105   150   647   693   614   699 0.72 sexual development serine/threonine kinase PakA [Cordyceps fumosorosea ARSEF 2679]
OAA70316.1           -            889 4081at5125           -            748   2.4e-11   41.8   0.0   2   2   2.6e-13   2.4e-11   41.8   0.0   277   418   700   818   691   826 0.85 sexual development serine/threonine kinase PakA [Cordyceps fumosorosea ARSEF 2679]
OAA56762.1           -            510 4081at5125           -            748   5.1e-11   40.7   0.0   1   2   0.00024     0.022   12.1   0.0    23   147    52   189    36   204 0.70 Serine/threonine-protein kinase domain protein [Cordyceps fumosorosea ARSEF 2679]
OAA56762.1           -            510 4081at5125           -            748   5.1e-11   40.7   0.0   2   2   1.3e-08   1.2e-06   26.2   0.0   289   333   219   264   210   276 0.83 Serine/threonine-protein kinase domain protein [Cordyceps fumosorosea ARSEF 2679]
OAA63168.1           -            316 4081at5125           -            748   5.2e-11   40.7   0.1   1   3   6.7e-05    0.0062   14.0   0.0    57   169    78   178    71   186 0.85 Protein kinase-like domain protein [Cordyceps fumosorosea ARSEF 2679]
OAA63168.1           -            316 4081at5125           -            748   5.2e-11   40.7   0.1   2   3   2.2e-07     2e-05   22.2   0.0   289   330   185   226   170   237 0.80 Protein kinase-like domain protein [Cordyceps fumosorosea ARSEF 2679]
OAA63168.1           -            316 4081at5125           -            748   5.2e-11   40.7   0.1   3   3      0.32        30    1.8   0.0   376   414   247   285   231   293 0.69 Protein kinase-like domain protein [Cordyceps fumosorosea ARSEF 2679]
OAA59384.1           -            466 4081at5125           -            748   5.3e-11   40.7   0.0   1   2   6.2e-05    0.0057   14.1   0.0    52   147    99   191    90   196 0.85 Serine/threonine-protein kinase domain protein [Cordyceps fumosorosea ARSEF 2679]
OAA59384.1           -            466 4081at5125           -            748   5.3e-11   40.7   0.0   2   2   6.5e-08     6e-06   23.9   0.0   285   332   213   261   203   265 0.85 Serine/threonine-protein kinase domain protein [Cordyceps fumosorosea ARSEF 2679]
OAA68925.1           -            342 4081at5125           -            748   1.3e-10   39.4   6.9   1   3   3.1e-06   0.00029   18.4   1.3    53   147    28   110    13   115 0.82 Casein kinase II, alpha chain (CK II alpha subunit) [Cordyceps fumosorosea ARSEF 2679]
OAA68925.1           -            342 4081at5125           -            748   1.3e-10   39.4   6.9   2   3   2.1e-06    0.0002   18.9   0.1   291   334   135   179   113   187 0.86 Casein kinase II, alpha chain (CK II alpha subunit) [Cordyceps fumosorosea ARSEF 2679]
OAA68925.1           -            342 4081at5125           -            748   1.3e-10   39.4   6.9   3   3       0.1       9.4    3.5   0.0   383   406   205   228   185   317 0.71 Casein kinase II, alpha chain (CK II alpha subunit) [Cordyceps fumosorosea ARSEF 2679]
OAA73304.1           -            918 4081at5125           -            748   1.3e-10   39.3  12.1   1   2      0.64        59    0.8   0.1    56    90   512   546   502   560 0.88 serine/threonine-protein kinase sck1 [Cordyceps fumosorosea ARSEF 2679]
OAA73304.1           -            918 4081at5125           -            748   1.3e-10   39.3  12.1   2   2   1.6e-12   1.5e-10   39.2   0.1   279   427   611   739   609   764 0.85 serine/threonine-protein kinase sck1 [Cordyceps fumosorosea ARSEF 2679]
OAA67551.1           -           1338 4081at5125           -            748   2.4e-10   38.5   0.0   1   4       9.5   8.8e+02   -3.1   0.0    56   120   576   640   573   643 0.79 MAP kinase kinase kinase, SSK22 [Cordyceps fumosorosea ARSEF 2679]
OAA67551.1           -           1338 4081at5125           -            748   2.4e-10   38.5   0.0   2   4     0.062       5.7    4.2   0.0    63   130  1043  1104  1035  1123 0.78 MAP kinase kinase kinase, SSK22 [Cordyceps fumosorosea ARSEF 2679]
OAA67551.1           -           1338 4081at5125           -            748   2.4e-10   38.5   0.0   3   4     1e-09   9.4e-08   29.9   0.0   291   404  1147  1252  1136  1268 0.81 MAP kinase kinase kinase, SSK22 [Cordyceps fumosorosea ARSEF 2679]
OAA67551.1           -           1338 4081at5125           -            748   2.4e-10   38.5   0.0   4   4       3.1   2.8e+02   -1.4   0.0   466   494  1283  1311  1279  1323 0.89 MAP kinase kinase kinase, SSK22 [Cordyceps fumosorosea ARSEF 2679]
OAA72132.1           -            375 4081at5125           -            748   3.2e-10   38.1   0.3   1   2      0.83        77    0.4   0.0    93   151    81   138    39   148 0.64 serine/threonine-protein kinase PRKX [Cordyceps fumosorosea ARSEF 2679]
OAA72132.1           -            375 4081at5125           -            748   3.2e-10   38.1   0.3   2   2   6.9e-11   6.4e-09   33.8   0.1   269   424   137   277   118   294 0.79 serine/threonine-protein kinase PRKX [Cordyceps fumosorosea ARSEF 2679]
OAA67511.1           -            412 4081at5125           -            748   5.8e-10   37.2   0.9   1   3         3   2.8e+02   -1.4   0.1    82   144    41    92    16   107 0.63 calcium/calmodulin-dependent protein kinase [Cordyceps fumosorosea ARSEF 2679]
OAA67511.1           -            412 4081at5125           -            748   5.8e-10   37.2   0.9   2   3   2.1e-08   1.9e-06   25.6   0.1   277   422   109   234   104   242 0.75 calcium/calmodulin-dependent protein kinase [Cordyceps fumosorosea ARSEF 2679]
OAA67511.1           -            412 4081at5125           -            748   5.8e-10   37.2   0.9   3   3     0.052       4.8    4.4   0.0   458   494   239   275   234   301 0.85 calcium/calmodulin-dependent protein kinase [Cordyceps fumosorosea ARSEF 2679]
OAA59940.1           -            844 4081at5125           -            748   6.4e-10   37.1  12.9   1   3      0.24        22    2.2   0.0    34    86    17    70    11   115 0.83 serine/threonine protein kinase [Cordyceps fumosorosea ARSEF 2679]
OAA59940.1           -            844 4081at5125           -            748   6.4e-10   37.1  12.9   2   3   9.8e-08     9e-06   23.4   0.1   279   327   131   179   125   189 0.88 serine/threonine protein kinase [Cordyceps fumosorosea ARSEF 2679]
OAA59940.1           -            844 4081at5125           -            748   6.4e-10   37.1  12.9   3   3   3.6e-06   0.00034   18.2   0.0   360   410   193   240   180   255 0.74 serine/threonine protein kinase [Cordyceps fumosorosea ARSEF 2679]
OAA73118.1           -           1193 4081at5125           -            748   1.3e-09   36.1   6.4   1   3     0.068       6.3    4.0   0.1   106   150   350   393   324   399 0.84 Serine/threonine-protein kinase domain protein [Cordyceps fumosorosea ARSEF 2679]
OAA73118.1           -           1193 4081at5125           -            748   1.3e-09   36.1   6.4   2   3   1.6e-06   0.00015   19.3   0.0   292   397   419   525   413   563 0.63 Serine/threonine-protein kinase domain protein [Cordyceps fumosorosea ARSEF 2679]
OAA73118.1           -           1193 4081at5125           -            748   1.3e-09   36.1   6.4   3   3   0.00011      0.01   13.3   0.0   461   523   560   629   553   636 0.69 Serine/threonine-protein kinase domain protein [Cordyceps fumosorosea ARSEF 2679]
OAA60758.1           -            798 4081at5125           -            748   1.6e-09   35.8   1.0   1   2   1.9e-08   1.7e-06   25.7   0.2   260   441   478   641   473   661 0.73 Serine/threonine-protein kinase-like domain protein [Cordyceps fumosorosea ARSEF 2679]
OAA60758.1           -            798 4081at5125           -            748   1.6e-09   35.8   1.0   2   2      0.09       8.3    3.6   0.0   468   496   742   770   738   779 0.88 Serine/threonine-protein kinase-like domain protein [Cordyceps fumosorosea ARSEF 2679]
OAA67496.1           -            768 4081at5125           -            748   1.8e-09   35.6   0.0   1   2   1.2e-06   0.00011   19.7   0.0    55   147    21   112    16   130 0.83 serine/threonine-protein kinase MAK [Cordyceps fumosorosea ARSEF 2679]
OAA67496.1           -            768 4081at5125           -            748   1.8e-09   35.6   0.0   2   2   7.5e-05    0.0069   13.8   0.0   281   317   131   167   124   242 0.86 serine/threonine-protein kinase MAK [Cordyceps fumosorosea ARSEF 2679]
OAA69571.1           -            511 4081at5125           -            748   5.6e-09   33.9   2.8   1   4      0.27        25    2.1   0.3    57    96    65   103    62   115 0.84 MAP kinase kinase Ste7 [Cordyceps fumosorosea ARSEF 2679]
OAA69571.1           -            511 4081at5125           -            748   5.6e-09   33.9   2.8   2   4   8.2e-08   7.6e-06   23.6   0.1   287   327   169   210   117   216 0.77 MAP kinase kinase Ste7 [Cordyceps fumosorosea ARSEF 2679]
OAA69571.1           -            511 4081at5125           -            748   5.6e-09   33.9   2.8   3   4     0.023       2.1    5.6   0.0   360   407   222   265   212   270 0.82 MAP kinase kinase Ste7 [Cordyceps fumosorosea ARSEF 2679]
OAA69571.1           -            511 4081at5125           -            748   5.6e-09   33.9   2.8   4   4       2.5   2.3e+02   -1.1   0.0   464   486   301   323   296   338 0.81 MAP kinase kinase Ste7 [Cordyceps fumosorosea ARSEF 2679]
OAA54639.1           -            788 4081at5125           -            748   7.2e-09   33.6   0.4   1   4     0.069       6.3    4.0   0.1    54    95   456   498   444   512 0.83 Protein kinase-like domain protein [Cordyceps fumosorosea ARSEF 2679]
OAA54639.1           -            788 4081at5125           -            748   7.2e-09   33.6   0.4   2   4     0.017       1.6    6.0   0.0   289   326   571   609   558   618 0.80 Protein kinase-like domain protein [Cordyceps fumosorosea ARSEF 2679]
OAA54639.1           -            788 4081at5125           -            748   7.2e-09   33.6   0.4   3   4    0.0026      0.24    8.7   0.0   384   416   647   679   641   687 0.93 Protein kinase-like domain protein [Cordyceps fumosorosea ARSEF 2679]
OAA54639.1           -            788 4081at5125           -            748   7.2e-09   33.6   0.4   4   4     0.002      0.18    9.1   0.0   463   492   752   781   741   785 0.88 Protein kinase-like domain protein [Cordyceps fumosorosea ARSEF 2679]
OAA54640.1           -            533 4081at5125           -            748   7.3e-09   33.6   0.0   1   3     0.001     0.094   10.1   0.0    56   150    66   156    54   168 0.79 negative regulator of sexual conjugation and meiosis [Cordyceps fumosorosea ARSEF 2679]
OAA54640.1           -            533 4081at5125           -            748   7.3e-09   33.6   0.0   2   3   2.1e-06    0.0002   18.9   0.0   282   327   174   220   166   234 0.87 negative regulator of sexual conjugation and meiosis [Cordyceps fumosorosea ARSEF 2679]
OAA54640.1           -            533 4081at5125           -            748   7.3e-09   33.6   0.0   3   3      0.73        67    0.6   0.0   385   403   260   278   243   287 0.89 negative regulator of sexual conjugation and meiosis [Cordyceps fumosorosea ARSEF 2679]
OAA58695.1           -            305 4081at5125           -            748   8.7e-09   33.3   0.0   1   1     1e-09   9.7e-08   29.9   0.0   280   394   107   205   102   219 0.74 Protein kinase-like domain protein [Cordyceps fumosorosea ARSEF 2679]
OAA67647.1           -            493 4081at5125           -            748     1e-08   33.1   0.0   1   1   4.7e-08   4.3e-06   24.4   0.0   281   405    25   135    23   153 0.81 Protein kinase-like domain protein [Cordyceps fumosorosea ARSEF 2679]
OAA55700.1           -            656 4081at5125           -            748   1.1e-08   33.0   0.1   1   2      0.05       4.6    4.5   0.0    56    90   251   285   239   336 0.89 serine/threonine-protein kinase cot-1 [Cordyceps fumosorosea ARSEF 2679]
OAA55700.1           -            656 4081at5125           -            748   1.1e-08   33.0   0.1   2   2     5e-07   4.6e-05   21.0   0.0   282   394   352   484   328   500 0.66 serine/threonine-protein kinase cot-1 [Cordyceps fumosorosea ARSEF 2679]
OAA73399.1           -            724 4081at5125           -            748   1.8e-08   32.3   0.0   1   2   3.4e-08   3.1e-06   24.9   0.0   278   327   288   340   285   437 0.81 protein kinase [Cordyceps fumosorosea ARSEF 2679]
OAA73399.1           -            724 4081at5125           -            748   1.8e-08   32.3   0.0   2   2       9.4   8.7e+02   -3.0   0.0   358   399   581   624   565   625 0.63 protein kinase [Cordyceps fumosorosea ARSEF 2679]
OAA66263.1           -           1017 4081at5125           -            748   2.1e-08   32.1   1.4   1   2   1.1e-08   9.7e-07   26.6   0.1   287   327   393   435   381   441 0.86 Serine/threonine-protein kinase [Cordyceps fumosorosea ARSEF 2679]
OAA66263.1           -           1017 4081at5125           -            748   2.1e-08   32.1   1.4   2   2     0.074       6.9    3.9   0.1   359   391   444   471   440   475 0.87 Serine/threonine-protein kinase [Cordyceps fumosorosea ARSEF 2679]
OAA69005.1           -            619 4081at5125           -            748   2.7e-08   31.7   0.1   1   2   1.4e-06   0.00013   19.5   0.0   286   326   326   368   320   374 0.86 protein kinase [Cordyceps fumosorosea ARSEF 2679]
OAA69005.1           -            619 4081at5125           -            748   2.7e-08   31.7   0.1   2   2   0.00087     0.081   10.3   0.0   355   398   374   421   368   425 0.82 protein kinase [Cordyceps fumosorosea ARSEF 2679]
OAA73308.1           -            532 4081at5125           -            748   3.3e-08   31.4   0.2   1   2   7.3e-05    0.0068   13.9   0.0    53   151   172   263   139   267 0.81 serine/threonine-protein kinase psk1 [Cordyceps fumosorosea ARSEF 2679]
OAA73308.1           -            532 4081at5125           -            748   3.3e-08   31.4   0.2   2   2   3.5e-05    0.0033   14.9   0.0   280   329   276   326   266   398 0.90 serine/threonine-protein kinase psk1 [Cordyceps fumosorosea ARSEF 2679]
OAA55663.1           -            650 4081at5125           -            748   3.5e-08   31.3   0.0   1   2   4.8e-08   4.5e-06   24.4   0.0   286   327   397   439   391   444 0.88 polymyxin B resistance protein kinase [Cordyceps fumosorosea ARSEF 2679]
OAA55663.1           -            650 4081at5125           -            748   3.5e-08   31.3   0.0   2   2     0.046       4.2    4.6   0.0   358   412   448   509   441   515 0.66 polymyxin B resistance protein kinase [Cordyceps fumosorosea ARSEF 2679]
OAA62205.1           -            214 4081at5125           -            748   3.5e-08   31.3   0.0   1   2   3.9e-08   3.6e-06   24.7   0.0   277   326    20    71    17    75 0.92 Protein kinase-like domain protein [Cordyceps fumosorosea ARSEF 2679]
OAA62205.1           -            214 4081at5125           -            748   3.5e-08   31.3   0.0   2   2     0.029       2.7    5.2   0.0   347   398    72   119    71   129 0.81 Protein kinase-like domain protein [Cordyceps fumosorosea ARSEF 2679]
OAA63946.1           -            982 4081at5125           -            748   5.4e-08   30.7   6.8   1   3      0.61        57    0.9   0.0   105   159   117   172   107   183 0.78 Serine/threonine-protein kinase [Cordyceps fumosorosea ARSEF 2679]
OAA63946.1           -            982 4081at5125           -            748   5.4e-08   30.7   6.8   2   3   1.6e-08   1.5e-06   25.9   0.0   293   414   187   291   175   302 0.84 Serine/threonine-protein kinase [Cordyceps fumosorosea ARSEF 2679]
OAA63946.1           -            982 4081at5125           -            748   5.4e-08   30.7   6.8   3   3       1.5   1.4e+02   -0.4   3.3   612   681   478   551   458   583 0.66 Serine/threonine-protein kinase [Cordyceps fumosorosea ARSEF 2679]
OAA60647.1           -            725 4081at5125           -            748   5.4e-08   30.7   8.3   1   2      0.05       4.7    4.5   0.0    55   127     5    69     2    97 0.80 G2-specific protein kinase nimA [Cordyceps fumosorosea ARSEF 2679]
OAA60647.1           -            725 4081at5125           -            748   5.4e-08   30.7   8.3   2   2   4.7e-08   4.4e-06   24.4   0.1   301   420   159   254   156   259 0.88 G2-specific protein kinase nimA [Cordyceps fumosorosea ARSEF 2679]
OAA62158.1           -            622 4081at5125           -            748   7.6e-08   30.2   0.8   1   3   4.6e-08   4.2e-06   24.4   0.0   281   327   440   486   432   495 0.91 Protein kinase-like domain protein [Cordyceps fumosorosea ARSEF 2679]
OAA62158.1           -            622 4081at5125           -            748   7.6e-08   30.2   0.8   2   3         2   1.8e+02   -0.8   0.0   361   396   497   528   495   536 0.75 Protein kinase-like domain protein [Cordyceps fumosorosea ARSEF 2679]
OAA62158.1           -            622 4081at5125           -            748   7.6e-08   30.2   0.8   3   3       0.2        19    2.5   0.1   460   486   588   614   580   617 0.87 Protein kinase-like domain protein [Cordyceps fumosorosea ARSEF 2679]
OAA56481.1           -            736 4081at5125           -            748   7.6e-08   30.2   1.7   1   3   0.00032     0.029   11.7   0.1    54   100   365   411   343   430 0.88 protein kinase (Lkh1) [Cordyceps fumosorosea ARSEF 2679]
OAA56481.1           -            736 4081at5125           -            748   7.6e-08   30.2   1.7   2   3      0.16        15    2.8   0.0   277   314   466   503   449   585 0.88 protein kinase (Lkh1) [Cordyceps fumosorosea ARSEF 2679]
OAA56481.1           -            736 4081at5125           -            748   7.6e-08   30.2   1.7   3   3   0.00011      0.01   13.3   0.1   463   492   678   707   637   733 0.76 protein kinase (Lkh1) [Cordyceps fumosorosea ARSEF 2679]
OAA73715.1           -            469 4081at5125           -            748   2.7e-07   28.4   0.2   1   1   3.4e-08   3.1e-06   24.9   0.2   287   417   217   366   192   375 0.70 Protein kinase-like domain protein [Cordyceps fumosorosea ARSEF 2679]
OAA73163.1           -            467 4081at5125           -            748   2.7e-07   28.4   0.1   1   3       3.5   3.3e+02   -1.6   0.7   639   680    41    84    10   136 0.47 Protein kinase-like domain protein [Cordyceps fumosorosea ARSEF 2679]
OAA73163.1           -            467 4081at5125           -            748   2.7e-07   28.4   0.1   2   3         2   1.8e+02   -0.8   0.0    55    84   212   241   197   258 0.76 Protein kinase-like domain protein [Cordyceps fumosorosea ARSEF 2679]
OAA73163.1           -            467 4081at5125           -            748   2.7e-07   28.4   0.1   3   3   2.9e-09   2.7e-07   28.4   0.1   282   335   320   373   315   381 0.90 Protein kinase-like domain protein [Cordyceps fumosorosea ARSEF 2679]
OAA55456.1           -            692 4081at5125           -            748   2.7e-07   28.4   0.1   1   1   1.9e-08   1.7e-06   25.7   0.1   290   403   486   592   480   610 0.83 Calcium/calmodulin-dependent/calcium-dependent protein kinase [Cordyceps fumosorosea ARSEF 2679]
OAA54217.1           -            394 4081at5125           -            748   3.9e-07   27.9   0.5   1   3      0.11        10    3.3   0.1   106   129    68    93    22   122 0.74 glycogen synthase kinase 3 [Cordyceps fumosorosea ARSEF 2679]
OAA54217.1           -            394 4081at5125           -            748   3.9e-07   27.9   0.5   2   3   7.5e-07     7e-05   20.4   0.0   292   326   147   182   142   187 0.85 glycogen synthase kinase 3 [Cordyceps fumosorosea ARSEF 2679]
OAA54217.1           -            394 4081at5125           -            748   3.9e-07   27.9   0.5   3   3         1        96    0.1   0.0   367   480   203   306   196   332 0.61 glycogen synthase kinase 3 [Cordyceps fumosorosea ARSEF 2679]
OAA64780.1           -            588 4081at5125           -            748   5.5e-07   27.4   0.1   1   2       2.7   2.5e+02   -1.3   0.0   106   150   281   328   200   333 0.60 checkpoint protein kinase [Cordyceps fumosorosea ARSEF 2679]
OAA64780.1           -            588 4081at5125           -            748   5.5e-07   27.4   0.1   2   2   2.3e-07   2.2e-05   22.1   0.1   286   403   349   462   345   469 0.69 checkpoint protein kinase [Cordyceps fumosorosea ARSEF 2679]
OAA71334.1           -            967 4081at5125           -            748   5.9e-07   27.3   0.0   1   1   1.1e-08   1.1e-06   26.4   0.0   285   404   170   283   163   293 0.83 Protein kinase-like domain protein [Cordyceps fumosorosea ARSEF 2679]
OAA59945.1           -            494 4081at5125           -            748   1.3e-06   26.1   0.0   1   2   1.9e-07   1.8e-05   22.4   0.0   287   327   324   367   316   376 0.82 Protein kinase-like domain protein [Cordyceps fumosorosea ARSEF 2679]
OAA59945.1           -            494 4081at5125           -            748   1.3e-06   26.1   0.0   2   2      0.59        54    0.9   0.0   361   392   380   408   375   418 0.83 Protein kinase-like domain protein [Cordyceps fumosorosea ARSEF 2679]
OAA72524.1           -           1613 4081at5125           -            748   1.6e-06   25.8   0.0   1   4       7.8   7.2e+02   -2.8   3.1   168   243   192   268   180   276 0.74 Serine/threonine-protein kinase, GCN2 [Cordyceps fumosorosea ARSEF 2679]
OAA72524.1           -           1613 4081at5125           -            748   1.6e-06   25.8   0.0   2   4      0.12        11    3.2   0.0   280   317   390   427   382   443 0.88 Serine/threonine-protein kinase, GCN2 [Cordyceps fumosorosea ARSEF 2679]
OAA72524.1           -           1613 4081at5125           -            748   1.6e-06   25.8   0.0   3   4   1.7e-08   1.6e-06   25.8   0.0   285   399   800   908   791   927 0.81 Serine/threonine-protein kinase, GCN2 [Cordyceps fumosorosea ARSEF 2679]
OAA72524.1           -           1613 4081at5125           -            748   1.6e-06   25.8   0.0   4   4       5.8   5.3e+02   -2.3   0.2   569   631  1466  1529  1427  1555 0.68 Serine/threonine-protein kinase, GCN2 [Cordyceps fumosorosea ARSEF 2679]
OAA58751.1           -            392 4081at5125           -            748   5.9e-06   24.0   0.5   1   2   2.1e-07   1.9e-05   22.3   0.1   292   327   214   251   159   265 0.86 Serine/threonine-protein kinase [Cordyceps fumosorosea ARSEF 2679]
OAA58751.1           -            392 4081at5125           -            748   5.9e-06   24.0   0.5   2   2       1.4   1.3e+02   -0.4   0.0   376   396   272   292   259   297 0.77 Serine/threonine-protein kinase [Cordyceps fumosorosea ARSEF 2679]
OAA73665.1           -            544 4081at5125           -            748   6.7e-06   23.8  11.4   1   3       1.8   1.6e+02   -0.6   0.5   593   636    58   100    50   141 0.59 Protein kinase-like domain protein [Cordyceps fumosorosea ARSEF 2679]
OAA73665.1           -            544 4081at5125           -            748   6.7e-06   23.8  11.4   2   3   0.00078     0.072   10.5   0.4    53   100   179   226   152   234 0.88 Protein kinase-like domain protein [Cordyceps fumosorosea ARSEF 2679]
OAA73665.1           -            544 4081at5125           -            748   6.7e-06   23.8  11.4   3   3     1e-05   0.00094   16.7   0.4   463   497   492   526   256   543 0.63 Protein kinase-like domain protein [Cordyceps fumosorosea ARSEF 2679]
OAA73160.1           -            752 4081at5125           -            748   1.6e-05   22.5   0.0   1   1   4.5e-07   4.2e-05   21.2   0.0   279   331   583   636   559   657 0.81 Protein kinase-like domain protein [Cordyceps fumosorosea ARSEF 2679]
OAA60685.1           -            889 4081at5125           -            748   3.5e-05   21.4   0.1   1   2   7.2e-06   0.00066   17.2   0.1   290   327   327   370   314   375 0.78 Protein kinase-like domain protein [Cordyceps fumosorosea ARSEF 2679]
OAA60685.1           -            889 4081at5125           -            748   3.5e-05   21.4   0.1   2   2      0.25        23    2.2   0.0   357   396   377   423   370   426 0.62 Protein kinase-like domain protein [Cordyceps fumosorosea ARSEF 2679]
OAA58182.1           -            693 4081at5125           -            748   4.3e-05   21.1   0.0   1   1   6.9e-07   6.4e-05   20.5   0.0   278   327   338   389   321   401 0.87 protein kinase [Cordyceps fumosorosea ARSEF 2679]
OAA63004.1           -           1072 4081at5125           -            748   4.5e-05   21.1   0.0   1   1   1.2e-06   0.00011   19.7   0.0   286   327   835   876   826   892 0.90 Protein kinase-like domain protein [Cordyceps fumosorosea ARSEF 2679]
OAA55089.1           -            562 4081at5125           -            748   4.6e-05   21.0   1.3   1   2     0.031       2.9    5.2   0.0    56    89   101   134    94   176 0.92 Protein kinase-like domain protein [Cordyceps fumosorosea ARSEF 2679]
OAA55089.1           -            562 4081at5125           -            748   4.6e-05   21.0   1.3   2   2   6.5e-05     0.006   14.0   0.0   287   313   216   243   210   253 0.88 Protein kinase-like domain protein [Cordyceps fumosorosea ARSEF 2679]
OAA72134.1           -            289 4081at5125           -            748   0.00016   19.3   0.1   1   1   2.8e-06   0.00025   18.6   0.1   292   327    36    74    21    93 0.82 Protein kinase-like domain protein [Cordyceps fumosorosea ARSEF 2679]
OAA59266.1           -            950 4081at5125           -            748   0.00058   17.4   0.1   1   2       0.6        55    0.9   0.1   105   126   403   424   396   430 0.85 Protein kinase-like domain protein [Cordyceps fumosorosea ARSEF 2679]
OAA59266.1           -            950 4081at5125           -            748   0.00058   17.4   0.1   2   2     7e-05    0.0064   13.9   0.0   274   330   450   506   435   543 0.91 Protein kinase-like domain protein [Cordyceps fumosorosea ARSEF 2679]
OAA58813.1           -            899 4081at5125           -            748    0.0012   16.3   1.0   1   4    0.0032       0.3    8.4   0.1    55    89   331   365   317   373 0.91 protein kinase Yak1 [Cordyceps fumosorosea ARSEF 2679]
OAA58813.1           -            899 4081at5125           -            748    0.0012   16.3   1.0   2   4     0.058       5.3    4.3   0.0   290   327   445   484   435   491 0.79 protein kinase Yak1 [Cordyceps fumosorosea ARSEF 2679]
OAA58813.1           -            899 4081at5125           -            748    0.0012   16.3   1.0   3   4       3.5   3.2e+02   -1.6   0.0   381   396   512   527   510   546 0.79 protein kinase Yak1 [Cordyceps fumosorosea ARSEF 2679]
OAA58813.1           -            899 4081at5125           -            748    0.0012   16.3   1.0   4   4       6.2   5.7e+02   -2.4   0.0   464   494   636   666   610   669 0.81 protein kinase Yak1 [Cordyceps fumosorosea ARSEF 2679]
OAA59942.1           -            348 4081at5125           -            748    0.0018   15.7   0.0   1   2      0.68        63    0.7   0.0    56    89     4    37     2    52 0.86 Protein kinase-like domain protein [Cordyceps fumosorosea ARSEF 2679]
OAA59942.1           -            348 4081at5125           -            748    0.0018   15.7   0.0   2   2   0.00019     0.017   12.5   0.0   463   495   281   313   268   321 0.87 Protein kinase-like domain protein [Cordyceps fumosorosea ARSEF 2679]
OAA64949.1           -            844 4081at5125           -            748     0.003   15.0   0.0   1   1   3.2e-05     0.003   15.0   0.0   293   403   617   721   606   736 0.70 Serine/threonine-protein kinase domain protein [Cordyceps fumosorosea ARSEF 2679]
OAA71277.1           -            417 4081at5125           -            748    0.0032   14.9   0.0   1   2    0.0024      0.22    8.8   0.0    57   134   183   257   174   270 0.80 Protein kinase-like domain protein [Cordyceps fumosorosea ARSEF 2679]
OAA71277.1           -            417 4081at5125           -            748    0.0032   14.9   0.0   2   2      0.09       8.3    3.6   0.0   356   396   296   332   290   336 0.78 Protein kinase-like domain protein [Cordyceps fumosorosea ARSEF 2679]
OAA60869.1           -           1208 4081at5125           -            748    0.0035   14.8   0.1   1   2   0.00013     0.012   13.0   0.0   291   326   883   922   876   926 0.86 serine/threonine-protein kinase [Cordyceps fumosorosea ARSEF 2679]
OAA60869.1           -           1208 4081at5125           -            748    0.0035   14.8   0.1   2   2       6.6   6.1e+02   -2.5   0.0   466   492  1044  1070  1038  1079 0.88 serine/threonine-protein kinase [Cordyceps fumosorosea ARSEF 2679]
OAA52145.1           -            406 4081at5125           -            748    0.0043   14.5   0.3   1   2   0.00046     0.043   11.2   0.0   288   314   157   183   142   192 0.81 Protein kinase-like domain protein [Cordyceps fumosorosea ARSEF 2679]
OAA52145.1           -            406 4081at5125           -            748    0.0043   14.5   0.3   2   2      0.76        70    0.6   0.1   467   492   376   401   357   405 0.82 Protein kinase-like domain protein [Cordyceps fumosorosea ARSEF 2679]
OAA55765.1           -            437 4081at5125           -            748    0.0044   14.5   0.0   1   1   8.1e-05    0.0075   13.7   0.0   292   327   208   249   202   258 0.75 Protein kinase-like domain protein [Cordyceps fumosorosea ARSEF 2679]
OAA39189.1           -            310 4081at5125           -            748    0.0066   13.9   0.0   1   1   9.2e-05    0.0085   13.5   0.0   291   325   123   160   100   170 0.77 casein kinase 1, delta [Cordyceps fumosorosea ARSEF 2679]
OAA60807.1           -            195 4081at5125           -            748    0.0095   13.4   0.0   1   1   0.00015     0.014   12.8   0.0   286   356    99   174    89   188 0.79 serine protein kinase Sky1 [Cordyceps fumosorosea ARSEF 2679]
OAA43054.1           -            429 4081at5125           -            748     0.016   12.6   0.1   1   1   0.00058     0.053   10.9   0.1   360   403   278   320   225   328 0.78 Protein kinase-like domain protein [Cordyceps fumosorosea ARSEF 2679]
OAA60810.1           -            244 4081at5125           -            748     0.018   12.5   0.0   1   1    0.0003     0.028   11.8   0.0   292   324   194   227   182   237 0.83 Protein kinase-like domain protein [Cordyceps fumosorosea ARSEF 2679]
OAA54619.1           -            515 4081at5125           -            748      0.02   12.3   0.1   1   2       2.9   2.7e+02   -1.4   0.0   527   594    14    81     9   104 0.78 Protein kinase-like domain protein [Cordyceps fumosorosea ARSEF 2679]
OAA54619.1           -            515 4081at5125           -            748      0.02   12.3   0.1   2   2   0.00081     0.074   10.4   0.0   292   316   330   354   322   367 0.88 Protein kinase-like domain protein [Cordyceps fumosorosea ARSEF 2679]
OAA61413.1           -            171 4081at5125           -            748     0.028   11.8   0.0   1   1   0.00039     0.036   11.4   0.0   289   327    96   134    90   141 0.88 Protein kinase-like domain protein [Cordyceps fumosorosea ARSEF 2679]
OAA70697.1           -            285 4081at5125           -            748      0.05   11.0   0.0   1   1   0.00081     0.074   10.4   0.0   292   329   157   194   144   207 0.86 Protein kinase-like domain protein [Cordyceps fumosorosea ARSEF 2679]
OAA70712.1           -            330 4081at5125           -            748     0.072   10.5   0.0   1   1    0.0011       0.1    9.9   0.0   292   326    93   130    74   138 0.82 casein kinase I isoform delta [Cordyceps fumosorosea ARSEF 2679]
OAA44437.1           -            351 4081at5125           -            748     0.095   10.1   0.0   1   1    0.0015      0.14    9.5   0.0   293   336   211   255   205   261 0.86 Protein kinase-like domain protein [Cordyceps fumosorosea ARSEF 2679]
OAA49227.1           -            268 4081at5125           -            748       0.1   10.0   0.0   1   1    0.0016      0.15    9.4   0.0   286   324   107   144    98   154 0.86 Protein kinase-like domain protein [Cordyceps fumosorosea ARSEF 2679]
OAA63928.1           -            516 4081at5125           -            748      0.11    9.9   0.0   1   1    0.0021       0.2    9.0   0.0   291   314   340   363   326   367 0.84 Protein kinase-like domain protein [Cordyceps fumosorosea ARSEF 2679]
OAA73801.1           -            171 4081at5125           -            748      0.11    9.9   0.1   1   2      0.23        21    2.3   0.0    49    87    27    65    24    70 0.85 protein kinase domain protein [Cordyceps fumosorosea ARSEF 2679]
OAA73801.1           -            171 4081at5125           -            748      0.11    9.9   0.1   2   2     0.026       2.4    5.4   0.1   271   303   124   156   116   161 0.93 protein kinase domain protein [Cordyceps fumosorosea ARSEF 2679]
OAA64010.1           -            425 4081at5125           -            748      0.12    9.7   0.0   1   3     0.038       3.5    4.9   0.0    56    89    41    74    36    97 0.91 Protein kinase-like domain protein [Cordyceps fumosorosea ARSEF 2679]
OAA64010.1           -            425 4081at5125           -            748      0.12    9.7   0.0   2   3       1.1   1.1e+02   -0.0   0.0   282   314   154   186   150   190 0.91 Protein kinase-like domain protein [Cordyceps fumosorosea ARSEF 2679]
OAA64010.1           -            425 4081at5125           -            748      0.12    9.7   0.0   3   3       1.6   1.4e+02   -0.5   0.0   367   397   272   298   262   304 0.77 Protein kinase-like domain protein [Cordyceps fumosorosea ARSEF 2679]
OAA63965.1           -           1528 4081at5125           -            748      0.15    9.4   0.0   1   2     0.079       7.3    3.8   0.0   277   311   154   189   149   194 0.86 DUF1339 domain protein [Cordyceps fumosorosea ARSEF 2679]
OAA63965.1           -           1528 4081at5125           -            748      0.15    9.4   0.0   2   2      0.15        14    2.9   0.0   463   497   389   423   386   439 0.86 DUF1339 domain protein [Cordyceps fumosorosea ARSEF 2679]
#
# Program:         hmmsearch
# Version:         3.1b2 (February 2015)
# Pipeline mode:   SEARCH
# Query file:      /home/zack/funannotate_db/hypocreales_odb10/hmms/4081at5125.hmm
# Target file:     /home/zack/Desktop/IsariaPreferralGenome/MyGenomeSubmittedToNCBI/HypocrealesProteinSets/Cfumosorosea_ARSEF2679.faa
# Option settings: hmmsearch --domtblout /home/zack/Desktop/IsariaPreferralGenome/MyGenomeSubmittedToNCBI/HypocrealesProteinSets/BUSCO_AA_all/BUSCO_AA_Cfumosorosea_ARSEF2679/run_hypocreales_odb10/hmmer_output/initial_run_results/4081at5125.out --cpu 1 /home/zack/funannotate_db/hypocreales_odb10/hmms/4081at5125.hmm /home/zack/Desktop/IsariaPreferralGenome/MyGenomeSubmittedToNCBI/HypocrealesProteinSets/Cfumosorosea_ARSEF2679.faa 
# Current dir:     /home/zack/Desktop/IsariaPreferralGenome/MyGenomeSubmittedToNCBI/HypocrealesProteinSets/BUSCO_AA_all
# Date:            Mon Mar  4 14:50:23 2024
# [ok]
