#                                                                            --- full sequence --- -------------- this domain -------------   hmm coord   ali coord   env coord
# target name        accession   tlen query name           accession   qlen   E-value  score  bias   #  of  c-Evalue  i-Evalue  score  bias  from    to  from    to  from    to  acc description of target
#------------------- ---------- ----- -------------------- ---------- ----- --------- ------ ----- --- --- --------- --------- ------ ----- ----- ----- ----- ----- ----- ----- ---- ---------------------
OAA56496.1           -            362 46842at5125          -            308  3.9e-157  521.2  20.7   1   2  7.7e-125  1.5e-121  404.3   6.7     1   234     2   253     2   259 0.93 hypothetical protein ISF_07564 [Cordyceps fumosorosea ARSEF 2679]
OAA56496.1           -            362 46842at5125          -            308  3.9e-157  521.2  20.7   2   2   3.3e-39   6.6e-36  123.0   6.0   221   308   271   362   256   362 0.92 hypothetical protein ISF_07564 [Cordyceps fumosorosea ARSEF 2679]
OAA58859.1           -            264 46842at5125          -            308   2.8e-08   32.3   2.1   1   1   2.1e-11   4.2e-08   31.7   2.1   228   299   154   227   144   236 0.87 SNARE complex subunit (Syn8) [Cordyceps fumosorosea ARSEF 2679]
OAA62942.1           -           1223 46842at5125          -            308   1.8e-07   29.6   1.1   1   2     0.092   1.9e+02    0.0   0.2   127   216   270   362   261   378 0.62 Phox-associated domain protein [Cordyceps fumosorosea ARSEF 2679]
OAA62942.1           -           1223 46842at5125          -            308   1.8e-07   29.6   1.1   2   2   6.3e-10   1.3e-06   26.9   0.0     6   103   874   980   870   989 0.75 Phox-associated domain protein [Cordyceps fumosorosea ARSEF 2679]
OAA53293.1           -            927 46842at5125          -            308    0.0044   15.2   0.0   1   1     4e-06     0.008   14.4   0.0    18    94    92   174    76   203 0.76 sorting nexin-3 [Cordyceps fumosorosea ARSEF 2679]
OAA62265.1           -            318 46842at5125          -            308      0.87    7.7   4.5   1   2      0.36   7.3e+02   -1.9   0.3   145   163    63    81    58    87 0.79 hypothetical protein ISF_05274 [Cordyceps fumosorosea ARSEF 2679]
OAA62265.1           -            318 46842at5125          -            308      0.87    7.7   4.5   2   2   7.7e-05      0.16   10.1   0.4    76   119   236   279   220   300 0.79 hypothetical protein ISF_05274 [Cordyceps fumosorosea ARSEF 2679]
#
# Program:         hmmsearch
# Version:         3.1b2 (February 2015)
# Pipeline mode:   SEARCH
# Query file:      /home/zack/funannotate_db/hypocreales_odb10/hmms/46842at5125.hmm
# Target file:     /home/zack/Desktop/IsariaPreferralGenome/MyGenomeSubmittedToNCBI/HypocrealesProteinSets/Cfumosorosea_ARSEF2679.faa
# Option settings: hmmsearch --domtblout /home/zack/Desktop/IsariaPreferralGenome/MyGenomeSubmittedToNCBI/HypocrealesProteinSets/BUSCO_AA_all/BUSCO_AA_Cfumosorosea_ARSEF2679/run_hypocreales_odb10/hmmer_output/initial_run_results/46842at5125.out --cpu 1 /home/zack/funannotate_db/hypocreales_odb10/hmms/46842at5125.hmm /home/zack/Desktop/IsariaPreferralGenome/MyGenomeSubmittedToNCBI/HypocrealesProteinSets/Cfumosorosea_ARSEF2679.faa 
# Current dir:     /home/zack/Desktop/IsariaPreferralGenome/MyGenomeSubmittedToNCBI/HypocrealesProteinSets/BUSCO_AA_all
# Date:            Mon Mar  4 14:49:58 2024
# [ok]
