#                                                                            --- full sequence --- -------------- this domain -------------   hmm coord   ali coord   env coord
# target name        accession   tlen query name           accession   qlen   E-value  score  bias   #  of  c-Evalue  i-Evalue  score  bias  from    to  from    to  from    to  acc description of target
#------------------- ---------- ----- -------------------- ---------- ----- --------- ------ ----- --- --- --------- --------- ------ ----- ----- ----- ----- ----- ----- ----- ---- ---------------------
OAA56761.1           -            186 50460at5125          -            147   1.2e-92  306.4   2.3   1   2   3.1e-77   1.2e-74  248.0   0.2     1   116    13   130    13   139 0.97 ADP-ribosylation factor 6 [Cordyceps fumosorosea ARSEF 2679]
OAA56761.1           -            186 50460at5125          -            147   1.2e-92  306.4   2.3   2   2   7.2e-19   2.9e-16   58.6   0.1   114   147   145   178   137   178 0.93 ADP-ribosylation factor 6 [Cordyceps fumosorosea ARSEF 2679]
OAA73523.1           -            183 50460at5125          -            147     1e-66  222.3   1.1   1   1     1e-67   4.2e-65  217.0   1.1     2   145    14   176    13   178 0.89 ADP-ribosylation factor [Cordyceps fumosorosea ARSEF 2679]
OAA74104.1           -            167 50460at5125          -            147   2.8e-39  133.3   0.1   1   2   2.1e-37   8.6e-35  118.7   0.0    20   116    19   117     7   123 0.89 ADP-ribosylation factor-like protein 1 [Cordyceps fumosorosea ARSEF 2679]
OAA74104.1           -            167 50460at5125          -            147   2.8e-39  133.3   0.1   2   2   0.00011     0.046   12.6   0.0   115   146   133   164   125   165 0.90 ADP-ribosylation factor-like protein 1 [Cordyceps fumosorosea ARSEF 2679]
OAA56477.1           -            181 50460at5125          -            147   9.7e-39  131.5   0.5   1   1   4.4e-39   1.8e-36  124.2   0.5     3   146    12   174    10   175 0.85 Small GTPase superfamily, ARF/SAR type [Cordyceps fumosorosea ARSEF 2679]
OAA53399.1           -            212 50460at5125          -            147   4.5e-22   77.5   0.0   1   1   2.5e-22   9.9e-20   69.9   0.0     4   116    16   147    13   201 0.81 ADP-ribosylation factor family protein [Cordyceps fumosorosea ARSEF 2679]
OAA56471.1           -            189 50460at5125          -            147   1.2e-19   69.6   0.0   1   2     6e-22   2.4e-19   68.6   0.0     4   133    19   154    16   166 0.86 GTP-binding protein SAR1 [Cordyceps fumosorosea ARSEF 2679]
OAA56471.1           -            189 50460at5125          -            147   1.2e-19   69.6   0.0   2   2       3.3   1.3e+03   -1.9   0.0   130   145   173   188   162   189 0.75 GTP-binding protein SAR1 [Cordyceps fumosorosea ARSEF 2679]
OAA58706.1           -            163 50460at5125          -            147   4.6e-18   64.5   0.0   1   1   1.4e-20   5.7e-18   64.2   0.0     6   117     1   114     1   124 0.90 ADP-ribosylation factor family protein [Cordyceps fumosorosea ARSEF 2679]
OAA58168.1           -            692 50460at5125          -            147   2.2e-17   62.3   0.0   1   1   1.8e-19   7.1e-17   60.6   0.0     4   118    12   119     9   124 0.90 ARF-like GTPase ARLP2 [Cordyceps fumosorosea ARSEF 2679]
OAA54032.1           -            202 50460at5125          -            147   3.8e-08   32.3   0.2   1   1   1.2e-10   4.7e-08   32.0   0.2     7   126    10   136     6   159 0.69 YPT1_NEUCR GTP-binding protein ypt1 [Cordyceps fumosorosea ARSEF 2679]
OAA60761.1           -            204 50460at5125          -            147     1e-06   27.7   0.0   1   1   3.4e-09   1.4e-06   27.2   0.0     6    89    11   100     7   134 0.72 GTP-binding protein SAS1 [Cordyceps fumosorosea ARSEF 2679]
OAA57808.1           -            208 50460at5125          -            147   1.9e-06   26.8   0.5   1   1   6.7e-09   2.7e-06   26.3   0.5     4   120    13   134    11   165 0.73 RAS small monomeric GTPase Rab6 [Cordyceps fumosorosea ARSEF 2679]
OAA71360.1           -            353 50460at5125          -            147     2e-06   26.7   2.7   1   2    0.0054       2.2    7.1   0.1     4    28    32    56    29    61 0.90 guanine nucleotide-binding protein alpha subunit [Cordyceps fumosorosea ARSEF 2679]
OAA71360.1           -            353 50460at5125          -            147     2e-06   26.7   2.7   2   2   1.4e-06   0.00056   18.8   0.4    33   121   178   278   167   281 0.72 guanine nucleotide-binding protein alpha subunit [Cordyceps fumosorosea ARSEF 2679]
OAA57725.1           -            353 50460at5125          -            147     7e-06   25.0   0.3   1   2   0.00066      0.26   10.1   0.0     3    27    30    54    29    77 0.89 guanine nucleotide-binding protein alpha-2 subunit [Cordyceps fumosorosea ARSEF 2679]
OAA57725.1           -            353 50460at5125          -            147     7e-06   25.0   0.3   2   2   0.00014     0.057   12.3   0.1    46   120   190   276   171   280 0.64 guanine nucleotide-binding protein alpha-2 subunit [Cordyceps fumosorosea ARSEF 2679]
OAA61360.1           -            314 50460at5125          -            147   1.4e-05   24.0   0.1   1   2   6.4e-08   2.6e-05   23.1   0.1     3    84     3    93     1   129 0.78 Small GTPase superfamily, Rab type [Cordyceps fumosorosea ARSEF 2679]
OAA61360.1           -            314 50460at5125          -            147   1.4e-05   24.0   0.1   2   2         9   3.6e+03   -3.3   0.0    97   109   231   243   215   245 0.69 Small GTPase superfamily, Rab type [Cordyceps fumosorosea ARSEF 2679]
OAA73194.1           -            216 50460at5125          -            147   1.6e-05   23.8   0.1   1   1   5.2e-08   2.1e-05   23.4   0.1     6    97     9   106     5   135 0.75 GTP-binding nuclear protein GSP1/Ran [Cordyceps fumosorosea ARSEF 2679]
OAA65072.1           -            212 50460at5125          -            147   6.2e-05   21.9   0.1   1   1   2.3e-07   9.2e-05   21.3   0.1     8   115    12   125     8   143 0.73 Small GTPase superfamily, Rab type [Cordyceps fumosorosea ARSEF 2679]
OAA54653.1           -            230 50460at5125          -            147    0.0001   21.1   0.0   1   2   6.8e-07   0.00027   19.8   0.0     7    82    13    95     9   109 0.72 Rho2 [Cordyceps fumosorosea ARSEF 2679]
OAA54653.1           -            230 50460at5125          -            147    0.0001   21.1   0.0   2   2      0.61   2.4e+02    0.5   0.0    36    68    87   122    79   135 0.76 Rho2 [Cordyceps fumosorosea ARSEF 2679]
OAA61311.1           -            355 50460at5125          -            147   0.00016   20.5   1.0   1   2     0.028        11    4.8   0.0     4    27    34    57    32    79 0.91 G-protein alpha subunit [Cordyceps fumosorosea ARSEF 2679]
OAA61311.1           -            355 50460at5125          -            147   0.00016   20.5   1.0   2   2   7.6e-05      0.03   13.1   0.2    48   121   196   281   175   286 0.68 G-protein alpha subunit [Cordyceps fumosorosea ARSEF 2679]
OAA53419.1           -            232 50460at5125          -            147   0.00032   19.6   0.0   1   1   1.2e-06    0.0005   18.9   0.0     4    81    12    95    10   115 0.76 Rab5-like protein ypt51 [Cordyceps fumosorosea ARSEF 2679]
OAA73861.1           -            194 50460at5125          -            147   0.00047   19.0   0.0   1   1   1.6e-06   0.00065   18.6   0.0     7    85     7    92     2   127 0.78 Rho1 [Cordyceps fumosorosea ARSEF 2679]
OAA62175.1           -            345 50460at5125          -            147    0.0013   17.6   0.0   1   2   9.5e-06    0.0038   16.1   0.0     8    85    33   120    28   157 0.68 rab like protein [Cordyceps fumosorosea ARSEF 2679]
OAA62175.1           -            345 50460at5125          -            147    0.0013   17.6   0.0   2   2       3.7   1.5e+03   -2.1   0.0    70    88   228   246   217   263 0.62 rab like protein [Cordyceps fumosorosea ARSEF 2679]
OAA68937.1           -            212 50460at5125          -            147    0.0015   17.4   0.0   1   1   4.8e-06    0.0019   17.0   0.0    47    98    59   115    19   156 0.67 Rab5-like protein ypt5 [Cordyceps fumosorosea ARSEF 2679]
OAA57172.1           -            329 50460at5125          -            147    0.0015   17.4   0.1   1   1   5.6e-06    0.0022   16.8   0.1     7    88   143   230   138   258 0.73 protein TEM1 [Cordyceps fumosorosea ARSEF 2679]
OAA70338.1           -            215 50460at5125          -            147    0.0016   17.3   0.0   1   1   5.4e-06    0.0022   16.9   0.0     3    86     7    96     5   132 0.71 protein RHO3 [Cordyceps fumosorosea ARSEF 2679]
OAA71237.1           -            265 50460at5125          -            147    0.0043   15.9   0.0   1   1   1.8e-05    0.0072   15.2   0.0    46   114    98   167    87   174 0.75 secretion related GTPase SrgD [Cordyceps fumosorosea ARSEF 2679]
#
# Program:         hmmsearch
# Version:         3.1b2 (February 2015)
# Pipeline mode:   SEARCH
# Query file:      /home/zack/funannotate_db/hypocreales_odb10/hmms/50460at5125.hmm
# Target file:     /home/zack/Desktop/IsariaPreferralGenome/MyGenomeSubmittedToNCBI/HypocrealesProteinSets/Cfumosorosea_ARSEF2679.faa
# Option settings: hmmsearch --domtblout /home/zack/Desktop/IsariaPreferralGenome/MyGenomeSubmittedToNCBI/HypocrealesProteinSets/BUSCO_AA_all/BUSCO_AA_Cfumosorosea_ARSEF2679/run_hypocreales_odb10/hmmer_output/initial_run_results/50460at5125.out --cpu 1 /home/zack/funannotate_db/hypocreales_odb10/hmms/50460at5125.hmm /home/zack/Desktop/IsariaPreferralGenome/MyGenomeSubmittedToNCBI/HypocrealesProteinSets/Cfumosorosea_ARSEF2679.faa 
# Current dir:     /home/zack/Desktop/IsariaPreferralGenome/MyGenomeSubmittedToNCBI/HypocrealesProteinSets/BUSCO_AA_all
# Date:            Mon Mar  4 14:50:02 2024
# [ok]
