#                                                                            --- full sequence --- -------------- this domain -------------   hmm coord   ali coord   env coord
# target name        accession   tlen query name           accession   qlen   E-value  score  bias   #  of  c-Evalue  i-Evalue  score  bias  from    to  from    to  from    to  acc description of target
#------------------- ---------- ----- -------------------- ---------- ----- --------- ------ ----- --- --- --------- --------- ------ ----- ----- ----- ----- ----- ----- ----- ---- ---------------------
OAA67404.1           -            278 51539at5125          -            237  1.5e-106  354.6  36.4   1   1  5.5e-109  2.5e-106  353.8  36.4     1   237     7   271     7   271 0.91 Heat shock protein DnaJ [Cordyceps fumosorosea ARSEF 2679]
OAA57221.1           -            428 51539at5125          -            237   6.1e-12   44.9   0.2   1   1   2.3e-14   1.1e-11   44.1   0.2    12    78    14    83     7    89 0.85 Heat shock protein DnaJ [Cordyceps fumosorosea ARSEF 2679]
OAA72528.1           -            370 51539at5125          -            237   1.8e-11   43.3   0.1   1   1   6.6e-14     3e-11   42.6   0.1    12    77     3    69     2    78 0.91 Heat shock protein DnaJ [Cordyceps fumosorosea ARSEF 2679]
OAA53087.1           -            408 51539at5125          -            237     2e-10   39.9   0.1   1   1   8.1e-13   3.7e-10   39.0   0.1    14    78    22    87    15    98 0.91 DnaJ domain-containing protein [Cordyceps fumosorosea ARSEF 2679]
OAA73767.1           -            533 51539at5125          -            237   4.9e-10   38.6   0.4   1   3   1.1e-12   4.9e-10   38.6   0.4    16    82    23    91    14    98 0.85 meiotically up-regulated protein [Cordyceps fumosorosea ARSEF 2679]
OAA73767.1           -            533 51539at5125          -            237   4.9e-10   38.6   0.4   2   3       1.5   6.7e+02   -1.1   0.8   101   130   329   358   316   367 0.76 meiotically up-regulated protein [Cordyceps fumosorosea ARSEF 2679]
OAA73767.1           -            533 51539at5125          -            237   4.9e-10   38.6   0.4   3   3       3.3   1.5e+03   -2.3   0.2   158   171   471   484   453   498 0.56 meiotically up-regulated protein [Cordyceps fumosorosea ARSEF 2679]
OAA43059.1           -            451 51539at5125          -            237   1.5e-09   37.0   0.0   1   1   6.1e-12   2.8e-09   36.2   0.0    14    81     5    73     3    77 0.92 mitochondrial protein import protein MAS5 [Cordyceps fumosorosea ARSEF 2679]
OAA69472.1           -            675 51539at5125          -            237   1.1e-08   34.2   1.4   1   1   6.1e-11   2.8e-08   32.9   1.4    11    77   524   591   516   595 0.90 DNAJ domain containing protein [Cordyceps fumosorosea ARSEF 2679]
OAA70255.1           -            302 51539at5125          -            237   5.7e-08   31.9  11.5   1   2   1.2e-10   5.7e-08   31.9  11.5    13   129    14   137     9   213 0.67 DnaJ domain protein [Cordyceps fumosorosea ARSEF 2679]
OAA70255.1           -            302 51539at5125          -            237   5.7e-08   31.9  11.5   2   2       2.1   9.8e+02   -1.6   0.7    93   119   250   275   236   302 0.55 DnaJ domain protein [Cordyceps fumosorosea ARSEF 2679]
OAA69871.1           -            370 51539at5125          -            237   1.4e-07   30.6   0.1   1   2   3.1e-10   1.4e-07   30.6   0.1    15    77    51   113    37   121 0.84 Heat shock protein DnaJ [Cordyceps fumosorosea ARSEF 2679]
OAA69871.1           -            370 51539at5125          -            237   1.4e-07   30.6   0.1   2   2       3.3   1.5e+03   -2.2   0.5   106   130   308   332   287   354 0.52 Heat shock protein DnaJ [Cordyceps fumosorosea ARSEF 2679]
OAA55173.1           -            445 51539at5125          -            237   3.8e-07   29.2   2.8   1   3       8.8     4e+03   -3.6   4.8    95   122    54    83    45    97 0.52 Heat shock protein DnaJ [Cordyceps fumosorosea ARSEF 2679]
OAA55173.1           -            445 51539at5125          -            237   3.8e-07   29.2   2.8   2   3   8.3e-10   3.8e-07   29.2   2.8    12    77    98   169    88   177 0.80 Heat shock protein DnaJ [Cordyceps fumosorosea ARSEF 2679]
OAA55173.1           -            445 51539at5125          -            237   3.8e-07   29.2   2.8   3   3       0.3   1.4e+02    1.2  27.2    53   176   232   359   227   378 0.65 Heat shock protein DnaJ [Cordyceps fumosorosea ARSEF 2679]
OAA62235.1           -            520 51539at5125          -            237   1.3e-06   27.4   0.0   1   4   2.9e-09   1.3e-06   27.4   0.0    16    80     7    76     3    83 0.82 DnaJ domain protein [Cordyceps fumosorosea ARSEF 2679]
OAA62235.1           -            520 51539at5125          -            237   1.3e-06   27.4   0.0   2   4         2   9.2e+02   -1.5   4.7   113   134   261   283   233   323 0.54 DnaJ domain protein [Cordyceps fumosorosea ARSEF 2679]
OAA62235.1           -            520 51539at5125          -            237   1.3e-06   27.4   0.0   3   4       3.4   1.5e+03   -2.3   0.0   206   219   380   393   367   424 0.60 DnaJ domain protein [Cordyceps fumosorosea ARSEF 2679]
OAA62235.1           -            520 51539at5125          -            237   1.3e-06   27.4   0.0   4   4      0.85   3.9e+02   -0.3   0.7   157   173   489   505   464   518 0.48 DnaJ domain protein [Cordyceps fumosorosea ARSEF 2679]
OAA73776.1           -            519 51539at5125          -            237   1.7e-06   27.1   0.8   1   2       7.8   3.6e+03   -3.5   0.0    23    47   356   382   349   385 0.63 heat shock protein, Hsp40, DnaJ [Cordyceps fumosorosea ARSEF 2679]
OAA73776.1           -            519 51539at5125          -            237   1.7e-06   27.1   0.8   2   2   3.6e-09   1.7e-06   27.1   0.8    11    77   399   470   391   476 0.84 heat shock protein, Hsp40, DnaJ [Cordyceps fumosorosea ARSEF 2679]
OAA62318.1           -            538 51539at5125          -            237   7.2e-06   25.0   0.3   1   1   2.5e-08   1.2e-05   24.3   0.3    15    78    76   139    66   144 0.93 Heat shock protein DnaJ [Cordyceps fumosorosea ARSEF 2679]
OAA62317.1           -            221 51539at5125          -            237   8.1e-06   24.8  24.8   1   2       2.1   9.5e+02   -1.6   0.1    92   114     5    27     3    38 0.73 Heat shock protein DnaJ [Cordyceps fumosorosea ARSEF 2679]
OAA62317.1           -            221 51539at5125          -            237   8.1e-06   24.8  24.8   2   2   1.8e-08   8.1e-06   24.8  24.8    14   154    38   183    28   200 0.64 Heat shock protein DnaJ [Cordyceps fumosorosea ARSEF 2679]
OAA73996.1           -            411 51539at5125          -            237   0.00016   20.6   0.1   1   2   3.5e-07   0.00016   20.6   0.1    11    55    41    85    28   114 0.88 DnaJ domain protein [Cordyceps fumosorosea ARSEF 2679]
OAA73996.1           -            411 51539at5125          -            237   0.00016   20.6   0.1   2   2         2   9.2e+02   -1.5   4.3   104   153   220   269   210   286 0.68 DnaJ domain protein [Cordyceps fumosorosea ARSEF 2679]
OAA73135.1           -            168 51539at5125          -            237   0.00032   19.6   0.3   1   1   7.4e-07   0.00034   19.5   0.3    21    82    28    88    10   136 0.78 DnaJ domain protein [Cordyceps fumosorosea ARSEF 2679]
OAA59367.1           -            233 51539at5125          -            237   0.00059   18.7   0.2   1   2   1.3e-06   0.00059   18.7   0.2    15    89     4    74     2   123 0.81 heat shock protein DnaJ domain protein [Cordyceps fumosorosea ARSEF 2679]
OAA59367.1           -            233 51539at5125          -            237   0.00059   18.7   0.2   2   2       3.1   1.4e+03   -2.1   1.6   101   131   199   230   149   233 0.55 heat shock protein DnaJ domain protein [Cordyceps fumosorosea ARSEF 2679]
OAA56473.1           -            705 51539at5125          -            237     0.002   17.0   0.0   1   3       8.8     4e+03   -3.6   0.4   153   167    58    72    48    78 0.45 translocation complex component [Cordyceps fumosorosea ARSEF 2679]
OAA56473.1           -            705 51539at5125          -            237     0.002   17.0   0.0   2   3   4.4e-06     0.002   17.0   0.0    15    63   105   151    92   176 0.71 translocation complex component [Cordyceps fumosorosea ARSEF 2679]
OAA56473.1           -            705 51539at5125          -            237     0.002   17.0   0.0   3   3       8.3   3.8e+03   -3.6   1.6   111   119   669   677   627   699 0.48 translocation complex component [Cordyceps fumosorosea ARSEF 2679]
OAA73177.1           -            234 51539at5125          -            237    0.0029   16.5   0.1   1   1   1.1e-05    0.0049   15.7   0.1    16    80     8    77     5    83 0.82 DnaJ chaperone (Caj1) [Cordyceps fumosorosea ARSEF 2679]
OAA69623.1           -            358 51539at5125          -            237     0.016   14.1   0.1   1   1   6.5e-05      0.03   13.2   0.1    16    77    70   136    60   144 0.80 Heat shock protein DnaJ [Cordyceps fumosorosea ARSEF 2679]
OAA61484.1           -            853 51539at5125          -            237     0.037   12.8   0.7   1   2   0.00019     0.086   11.6   0.0    39    79    47    89    45    98 0.84 Heat shock protein DnaJ [Cordyceps fumosorosea ARSEF 2679]
OAA61484.1           -            853 51539at5125          -            237     0.037   12.8   0.7   2   2       4.7   2.1e+03   -2.7   0.2    29    99   808   825   795   847 0.57 Heat shock protein DnaJ [Cordyceps fumosorosea ARSEF 2679]
OAA57686.1           -            773 51539at5125          -            237       1.3    7.7   8.3   1   2   0.00054      0.25   10.1   0.2    37    79   551   594   545   611 0.83 Zn(2)-C6 fungal-type DNA-binding domain protein [Cordyceps fumosorosea ARSEF 2679]
OAA57686.1           -            773 51539at5125          -            237       1.3    7.7   8.3   2   2      0.69   3.1e+02   -0.0   3.3    84   147   657   722   646   729 0.75 Zn(2)-C6 fungal-type DNA-binding domain protein [Cordyceps fumosorosea ARSEF 2679]
#
# Program:         hmmsearch
# Version:         3.1b2 (February 2015)
# Pipeline mode:   SEARCH
# Query file:      /home/zack/funannotate_db/hypocreales_odb10/hmms/51539at5125.hmm
# Target file:     /home/zack/Desktop/IsariaPreferralGenome/MyGenomeSubmittedToNCBI/HypocrealesProteinSets/Cfumosorosea_ARSEF2679.faa
# Option settings: hmmsearch --domtblout /home/zack/Desktop/IsariaPreferralGenome/MyGenomeSubmittedToNCBI/HypocrealesProteinSets/BUSCO_AA_all/BUSCO_AA_Cfumosorosea_ARSEF2679/run_hypocreales_odb10/hmmer_output/initial_run_results/51539at5125.out --cpu 1 /home/zack/funannotate_db/hypocreales_odb10/hmms/51539at5125.hmm /home/zack/Desktop/IsariaPreferralGenome/MyGenomeSubmittedToNCBI/HypocrealesProteinSets/Cfumosorosea_ARSEF2679.faa 
# Current dir:     /home/zack/Desktop/IsariaPreferralGenome/MyGenomeSubmittedToNCBI/HypocrealesProteinSets/BUSCO_AA_all
# Date:            Mon Mar  4 14:50:19 2024
# [ok]
