#                                                                            --- full sequence --- -------------- this domain -------------   hmm coord   ali coord   env coord
# target name        accession   tlen query name           accession   qlen   E-value  score  bias   #  of  c-Evalue  i-Evalue  score  bias  from    to  from    to  from    to  acc description of target
#------------------- ---------- ----- -------------------- ---------- ----- --------- ------ ----- --- --- --------- --------- ------ ----- ----- ----- ----- ----- ----- ----- ---- ---------------------
OAA67399.1           -            258 54148at5125          -            186   8.2e-75  249.8  31.2   1   1   6.4e-76   1.6e-72  242.3  31.2     4   186    32   258    29   258 0.76 hypothetical protein ISF_03575 [Cordyceps fumosorosea ARSEF 2679]
OAA65024.1           -            276 54148at5125          -            186       0.3   10.0  12.7   1   1   0.00018      0.45    9.4  12.7    86   133   200   251   179   264 0.51 meiotic recombination protein DMC1 [Cordyceps fumosorosea ARSEF 2679]
OAA72570.1           -            141 54148at5125          -            186      0.47    9.3   7.5   1   1   0.00027      0.67    8.9   7.5    93   152    58   117    21   128 0.78 hypothetical protein ISF_01643 [Cordyceps fumosorosea ARSEF 2679]
OAA67626.1           -            678 54148at5125          -            186       7.1    5.5  13.3   1   4   1.9e-05     0.047   12.6   1.3   122   179    13    69     3    73 0.89 Cyclin PHO80-like protein [Cordyceps fumosorosea ARSEF 2679]
OAA67626.1           -            678 54148at5125          -            186       7.1    5.5  13.3   2   4      0.67   1.7e+03   -2.2   0.0    70    88   114   132   112   137 0.86 Cyclin PHO80-like protein [Cordyceps fumosorosea ARSEF 2679]
OAA67626.1           -            678 54148at5125          -            186       7.1    5.5  13.3   3   4       2.7   6.9e+03   -4.2   0.8   135   156   458   478   443   486 0.64 Cyclin PHO80-like protein [Cordyceps fumosorosea ARSEF 2679]
OAA67626.1           -            678 54148at5125          -            186       7.1    5.5  13.3   4   4     0.084   2.1e+02    0.7   0.0    48    92   546   592   540   616 0.78 Cyclin PHO80-like protein [Cordyceps fumosorosea ARSEF 2679]
#
# Program:         hmmsearch
# Version:         3.1b2 (February 2015)
# Pipeline mode:   SEARCH
# Query file:      /home/zack/funannotate_db/hypocreales_odb10/hmms/54148at5125.hmm
# Target file:     /home/zack/Desktop/IsariaPreferralGenome/MyGenomeSubmittedToNCBI/HypocrealesProteinSets/Cfumosorosea_ARSEF2679.faa
# Option settings: hmmsearch --domtblout /home/zack/Desktop/IsariaPreferralGenome/MyGenomeSubmittedToNCBI/HypocrealesProteinSets/BUSCO_AA_all/BUSCO_AA_Cfumosorosea_ARSEF2679/run_hypocreales_odb10/hmmer_output/initial_run_results/54148at5125.out --cpu 1 /home/zack/funannotate_db/hypocreales_odb10/hmms/54148at5125.hmm /home/zack/Desktop/IsariaPreferralGenome/MyGenomeSubmittedToNCBI/HypocrealesProteinSets/Cfumosorosea_ARSEF2679.faa 
# Current dir:     /home/zack/Desktop/IsariaPreferralGenome/MyGenomeSubmittedToNCBI/HypocrealesProteinSets/BUSCO_AA_all
# Date:            Mon Mar  4 14:50:33 2024
# [ok]
