#                                                                            --- full sequence --- -------------- this domain -------------   hmm coord   ali coord   env coord
# target name        accession   tlen query name           accession   qlen   E-value  score  bias   #  of  c-Evalue  i-Evalue  score  bias  from    to  from    to  from    to  acc description of target
#------------------- ---------- ----- -------------------- ---------- ----- --------- ------ ----- --- --- --------- --------- ------ ----- ----- ----- ----- ----- ----- ----- ---- ---------------------
OAA68840.1           -            808 7280at5125           -            699         0 1385.2  19.2   1   3         0         0 1233.7  12.3     4   592    18   631    15   645 0.97 voltage-gated chloride channel [Cordyceps fumosorosea ARSEF 2679]
OAA68840.1           -            808 7280at5125           -            699         0 1385.2  19.2   2   3   5.5e-47   1.1e-43  148.7   0.0   594   676   668   751   654   758 0.91 voltage-gated chloride channel [Cordyceps fumosorosea ARSEF 2679]
OAA68840.1           -            808 7280at5125           -            699         0 1385.2  19.2   3   3   0.00093       1.9    5.9   0.3   675   699   782   806   772   806 0.83 voltage-gated chloride channel [Cordyceps fumosorosea ARSEF 2679]
OAA71383.1           -            914 7280at5125           -            699  2.5e-163  544.2  10.8   1   1    2e-165  4.1e-162  540.2  10.9    18   648   162   855   156   869 0.87 voltage-gated chloride channel [Cordyceps fumosorosea ARSEF 2679]
OAA71284.1           -            599 7280at5125           -            699  3.7e-121  404.8   6.8   1   1  1.3e-123  2.6e-120  402.0   6.8   140   652    34   591    29   599 0.86 chloride channel protein 3 [Cordyceps fumosorosea ARSEF 2679]
OAA62183.1           -            753 7280at5125           -            699   6.2e-89  298.3  18.6   1   4   2.6e-07   0.00052   17.6   0.7    54   134    66   164    58   171 0.78 Chloride channel, core [Cordyceps fumosorosea ARSEF 2679]
OAA62183.1           -            753 7280at5125           -            699   6.2e-89  298.3  18.6   2   4   2.2e-70   4.4e-67  226.1   4.3   132   424   198   505   194   508 0.88 Chloride channel, core [Cordyceps fumosorosea ARSEF 2679]
OAA62183.1           -            753 7280at5125           -            699   6.2e-89  298.3  18.6   3   4   8.5e-16   1.7e-12   45.6   0.9   445   523   506   584   505   589 0.96 Chloride channel, core [Cordyceps fumosorosea ARSEF 2679]
OAA62183.1           -            753 7280at5125           -            699   6.2e-89  298.3  18.6   4   4   3.8e-07   0.00077   17.0   0.0   597   651   692   748   638   753 0.71 Chloride channel, core [Cordyceps fumosorosea ARSEF 2679]
OAA61556.1           -            536 7280at5125           -            699   0.00077   17.0   0.0   1   1   9.8e-07     0.002   15.7   0.0   524   584   177   236   131   240 0.81 inosine-5'-monophosphate dehydrogenase IMD2 [Cordyceps fumosorosea ARSEF 2679]
#
# Program:         hmmsearch
# Version:         3.1b2 (February 2015)
# Pipeline mode:   SEARCH
# Query file:      /home/zack/funannotate_db/hypocreales_odb10/hmms/7280at5125.hmm
# Target file:     /home/zack/Desktop/IsariaPreferralGenome/MyGenomeSubmittedToNCBI/HypocrealesProteinSets/Cfumosorosea_ARSEF2679.faa
# Option settings: hmmsearch --domtblout /home/zack/Desktop/IsariaPreferralGenome/MyGenomeSubmittedToNCBI/HypocrealesProteinSets/BUSCO_AA_all/BUSCO_AA_Cfumosorosea_ARSEF2679/run_hypocreales_odb10/hmmer_output/initial_run_results/7280at5125.out --cpu 1 /home/zack/funannotate_db/hypocreales_odb10/hmms/7280at5125.hmm /home/zack/Desktop/IsariaPreferralGenome/MyGenomeSubmittedToNCBI/HypocrealesProteinSets/Cfumosorosea_ARSEF2679.faa 
# Current dir:     /home/zack/Desktop/IsariaPreferralGenome/MyGenomeSubmittedToNCBI/HypocrealesProteinSets/BUSCO_AA_all
# Date:            Mon Mar  4 14:51:01 2024
# [ok]
