#                                                                            --- full sequence --- -------------- this domain -------------   hmm coord   ali coord   env coord
# target name        accession   tlen query name           accession   qlen   E-value  score  bias   #  of  c-Evalue  i-Evalue  score  bias  from    to  from    to  from    to  acc description of target
#------------------- ---------- ----- -------------------- ---------- ----- --------- ------ ----- --- --- --------- --------- ------ ----- ----- ----- ----- ----- ----- ----- ---- ---------------------
OAA57308.1           -            316 7910at5125           -            776   1.1e-76  257.9   7.3   1   3     8e-05       0.1   10.0   0.5   567   602     2    39     1    47 0.74 ATPase, AAA-type, core [Cordyceps fumosorosea ARSEF 2679]
OAA57308.1           -            316 7910at5125           -            776   1.1e-76  257.9   7.3   2   3   6.1e-17   7.7e-14   50.1   0.0   585   644    47   109    39   129 0.89 ATPase, AAA-type, core [Cordyceps fumosorosea ARSEF 2679]
OAA57308.1           -            316 7910at5125           -            776   1.1e-76  257.9   7.3   3   3   1.2e-62   1.5e-59  201.2   0.4   630   774   135   282   121   284 0.89 ATPase, AAA-type, core [Cordyceps fumosorosea ARSEF 2679]
OAA60846.1           -           1040 7910at5125           -            776   4.6e-11   40.9   0.0   1   3      0.45   5.6e+02   -2.4   0.0   229   255   449   475   442   486 0.89 DNA replication factor C, large subunit [Cordyceps fumosorosea ARSEF 2679]
OAA60846.1           -           1040 7910at5125           -            776   4.6e-11   40.9   0.0   2   3   4.1e-08   5.1e-05   20.9   0.0   313   365   496   548   479   553 0.88 DNA replication factor C, large subunit [Cordyceps fumosorosea ARSEF 2679]
OAA60846.1           -           1040 7910at5125           -            776   4.6e-11   40.9   0.0   3   3   3.1e-07   0.00039   18.0   0.0   387   506   549   669   543   673 0.91 DNA replication factor C, large subunit [Cordyceps fumosorosea ARSEF 2679]
OAA64855.1           -            387 7910at5125           -            776   5.7e-07   27.3   0.0   1   2   3.7e-06    0.0047   14.4   0.0   288   368    42   127     9   139 0.74 activator 1 41 kDa subunit [Cordyceps fumosorosea ARSEF 2679]
OAA64855.1           -            387 7910at5125           -            776   5.7e-07   27.3   0.0   2   2   5.4e-05     0.068   10.6   0.0   408   509   146   246   143   260 0.80 activator 1 41 kDa subunit [Cordyceps fumosorosea ARSEF 2679]
OAA69000.1           -            745 7910at5125           -            776   9.9e-06   23.2   0.4   1   2   3.5e-08   4.4e-05   21.1   0.0   307   359    46    98    28   127 0.75 ATPase, AAA-type, core [Cordyceps fumosorosea ARSEF 2679]
OAA69000.1           -            745 7910at5125           -            776   9.9e-06   23.2   0.4   2   2       0.1   1.3e+02   -0.3   0.1   437   489   186   241   183   249 0.78 ATPase, AAA-type, core [Cordyceps fumosorosea ARSEF 2679]
OAA72496.1           -            355 7910at5125           -            776   1.6e-05   22.6   0.6   1   3      0.34   4.3e+02   -2.0   0.0   214   251    20    58    15    66 0.75 DNA polymerase III, clamp loader complex, gamma/delta/delta subunit [Cordyceps fumosorosea ARSEF 2679]
OAA72496.1           -            355 7910at5125           -            776   1.6e-05   22.6   0.6   2   3   6.6e-05     0.083   10.3   0.0   315   355    68   112    50   120 0.78 DNA polymerase III, clamp loader complex, gamma/delta/delta subunit [Cordyceps fumosorosea ARSEF 2679]
OAA72496.1           -            355 7910at5125           -            776   1.6e-05   22.6   0.6   3   3   7.6e-05     0.096   10.1   0.2   399   509   125   234   114   238 0.86 DNA polymerase III, clamp loader complex, gamma/delta/delta subunit [Cordyceps fumosorosea ARSEF 2679]
OAA63030.1           -            401 7910at5125           -            776   0.00025   18.6   0.0   1   2    0.0012       1.6    6.0   0.0   308   350    74   121    46   136 0.71 activator 1 subunit 3 [Cordyceps fumosorosea ARSEF 2679]
OAA63030.1           -            401 7910at5125           -            776   0.00025   18.6   0.0   2   2   7.3e-05     0.092   10.1   0.1   408   508   160   259   152   264 0.87 activator 1 subunit 3 [Cordyceps fumosorosea ARSEF 2679]
OAA73824.1           -            862 7910at5125           -            776     0.024   12.1   0.0   1   1   3.9e-05     0.049   11.0   0.0   309   345   239   276   208   287 0.72 cell cycle checkpoint protein RAD17 [Cordyceps fumosorosea ARSEF 2679]
OAA63196.1           -            831 7910at5125           -            776     0.047   11.1   0.0   1   1   5.5e-05     0.069   10.5   0.0   297   340   603   646   597   655 0.88 vesicular-fusion protein SEC18 [Cordyceps fumosorosea ARSEF 2679]
#
# Program:         hmmsearch
# Version:         3.1b2 (February 2015)
# Pipeline mode:   SEARCH
# Query file:      /home/zack/funannotate_db/hypocreales_odb10/hmms/7910at5125.hmm
# Target file:     /home/zack/Desktop/IsariaPreferralGenome/MyGenomeSubmittedToNCBI/HypocrealesProteinSets/Cfumosorosea_ARSEF2679.faa
# Option settings: hmmsearch --domtblout /home/zack/Desktop/IsariaPreferralGenome/MyGenomeSubmittedToNCBI/HypocrealesProteinSets/BUSCO_AA_all/BUSCO_AA_Cfumosorosea_ARSEF2679/run_hypocreales_odb10/hmmer_output/initial_run_results/7910at5125.out --cpu 1 /home/zack/funannotate_db/hypocreales_odb10/hmms/7910at5125.hmm /home/zack/Desktop/IsariaPreferralGenome/MyGenomeSubmittedToNCBI/HypocrealesProteinSets/Cfumosorosea_ARSEF2679.faa 
# Current dir:     /home/zack/Desktop/IsariaPreferralGenome/MyGenomeSubmittedToNCBI/HypocrealesProteinSets/BUSCO_AA_all
# Date:            Mon Mar  4 14:50:48 2024
# [ok]
