-successfully changed directories to /home/zack/Desktop/IsariaPreferralGenome/MyGenomeSubmittedToNCBI/HypocrealesProteinSets/GENOMES/CcateniannulataMBC234/FunannotatePredict/predict_misc/EVM/scaffold_435

-reading genomic sequence.

** Processing features (+)

-finding all potential splice sites, looking for GT/GC donors and AG acceptors.
-finding all potential starts and stops. (strand: +)
-loading gene prediction evidence. (strand: +)Valid prediction for GeneMark_model.10563_t
Valid prediction for GeneMark_model.10562_t
Valid prediction for GlimmerHMM_glimmerT_10703-T1
Valid prediction for Augustus_model.g8923.t1
Valid prediction for snap_scaffold_435-snap.1-T1

-loading the search evidence (protein and EST search results, strand: +)
-scoring exons (strand: +)

** Processing features (-)

-finding all potential splice sites, looking for GT/GC donors and AG acceptors.
-finding all potential starts and stops. (strand: -)
-loading gene prediction evidence. (strand: -)Valid prediction for GlimmerHMM_glimmerT_10704-T1

-loading the search evidence (protein and EST search results, strand: -)
-scoring exons (strand: -)
-building DP trellis

-building trellis in range 1 - 12620
-exon list size: 13


building trellis
6.7    13.3    20.0    26.7    33.3    40.0    46.7    53.3    60.0    66.7    73.3    80.0    86.7    93.3    
-found 1 predictions from path traversal

-reporting highest scoring path thru the trellis.
-found 1 predictions persist after filtering for low support
