#                                                                            --- full sequence --- -------------- this domain -------------   hmm coord   ali coord   env coord
# target name        accession   tlen query name           accession   qlen   E-value  score  bias   #  of  c-Evalue  i-Evalue  score  bias  from    to  from    to  from    to  acc description of target
#------------------- ---------- ----- -------------------- ---------- ----- --------- ------ ----- --- --- --------- --------- ------ ----- ----- ----- ----- ----- ----- ----- ---- ---------------------
EGX90991.1           -            708 13220at5125          -            537         0 1028.0   5.1   1   2   4.3e-25   1.2e-22   79.1   0.6     1    54    54   107    54   121 0.90 intermembrane space AAA protease IAP-1 [Cordyceps militaris CM01]
EGX90991.1           -            708 13220at5125          -            537         0 1028.0   5.1   2   2  2.9e-289    8e-287  950.9   0.3    54   537   162   693   144   693 0.93 intermembrane space AAA protease IAP-1 [Cordyceps militaris CM01]
EGX94884.1           -            890 13220at5125          -            537  1.9e-120  401.8   0.3   1   1    1e-122  2.8e-120  401.3   0.3    96   511   393   832   380   841 0.89 mitochondrial inner membrane AAA protease Yta12, putative [Cordyceps militaris CM01]
EGX96315.1           -            818 13220at5125          -            537  1.2e-109  366.2   0.3   1   2   5.2e-60   1.4e-57  194.3   0.1    96   327   215   450   193   467 0.93 cell division control protein Cdc48 [Cordyceps militaris CM01]
EGX96315.1           -            818 13220at5125          -            537  1.2e-109  366.2   0.3   2   2   1.5e-52   4.1e-50  169.7   0.0    94   315   487   715   475   735 0.91 cell division control protein Cdc48 [Cordyceps militaris CM01]
EGX92043.1           -            479 13220at5125          -            537   1.2e-61  207.8   0.0   1   1   5.8e-64   1.6e-61  207.4   0.0    91   322   211   452   192   471 0.88 26S protease regulatory subunit 7 [Cordyceps militaris CM01]
EGX93920.1           -            396 13220at5125          -            537   1.1e-55  188.1   0.0   1   1   5.4e-58   1.5e-55  187.7   0.0    99   319   137   364   126   386 0.90 26S protease regulatory subunit 8 [Cordyceps militaris CM01]
EGX90612.1           -            448 13220at5125          -            537   2.8e-55  186.7   0.0   1   1   1.5e-57   4.1e-55  186.2   0.0    98   317   189   415   181   432 0.92 proteasome regulatory particle subunit Rpt4 [Cordyceps militaris CM01]
EGX96101.1           -            458 13220at5125          -            537   5.5e-55  185.8   0.4   1   1   2.6e-57   7.2e-55  185.4   0.4    87   320   187   434   177   455 0.84 26S protease regulatory subunit 6A [Cordyceps militaris CM01]
EGX92455.1           -            432 13220at5125          -            537   5.3e-50  169.4   0.1   1   1   2.6e-52   7.3e-50  168.9   0.1    93   318   168   401   149   410 0.92 26S protease regulatory subunit 6B [Cordyceps militaris CM01]
EGX90710.1           -            469 13220at5125          -            537   3.2e-49  166.8   0.1   1   1   1.6e-51   4.3e-49  166.4   0.1    92   320   204   440   177   462 0.87 proteasome regulatory particle subunit Rpt2 [Cordyceps militaris CM01]
EGX90759.1           -            777 13220at5125          -            537   4.6e-49  166.3   0.1   1   2   1.8e-06   0.00051   17.6   0.0   115   311   240   439   203   453 0.70 AAA family ATPase [Cordyceps militaris CM01]
EGX90759.1           -            777 13220at5125          -            537   4.6e-49  166.3   0.1   2   2   1.6e-45   4.5e-43  146.5   0.0    89   307   492   720   473   734 0.88 AAA family ATPase [Cordyceps militaris CM01]
EGX91414.1           -           1228 13220at5125          -            537   6.1e-46  155.9   0.0   1   2   0.00031     0.085   10.2   0.0   136   283   539   701   524   730 0.72 peroxisome biosynthesis protein (PAS1/Peroxin-1), putative [Cordyceps militaris CM01]
EGX91414.1           -           1228 13220at5125          -            537   6.1e-46  155.9   0.0   2   2   1.4e-44   3.9e-42  143.4   0.0    90   315   823  1057   819  1061 0.92 peroxisome biosynthesis protein (PAS1/Peroxin-1), putative [Cordyceps militaris CM01]
EGX94182.1           -            732 13220at5125          -            537   2.4e-44  150.7   0.0   1   2   2.3e-05    0.0062   14.0   0.0   122   314   201   394   187   403 0.78 ribosome biogenesis ATPase RIX7 [Cordyceps militaris CM01]
EGX94182.1           -            732 13220at5125          -            537   2.4e-44  150.7   0.0   2   2   6.5e-42   1.8e-39  134.6   0.0   115   294   469   650   450   699 0.81 ribosome biogenesis ATPase RIX7 [Cordyceps militaris CM01]
EGX95806.1           -            431 13220at5125          -            537   7.7e-44  149.0   0.0   1   1   3.8e-46     1e-43  148.6   0.0    92   329   120   360   112   382 0.89 vacuolar protein sorting-associated protein VPS4 [Cordyceps militaris CM01]
EGX97157.1           -           1548 13220at5125          -            537   2.5e-43  147.3   0.0   1   1   1.6e-45   4.4e-43  146.5   0.0    97   316   546   773   530   784 0.91 AAA family ATPase [Cordyceps militaris CM01]
EGX90842.1           -           1371 13220at5125          -            537   6.4e-39  132.8   2.3   1   2      0.69   1.9e+02   -0.8   0.6   233   324   846   938   832   952 0.77 peroxisomal biogenesis factor 6 [Cordyceps militaris CM01]
EGX90842.1           -           1371 13220at5125          -            537   6.4e-39  132.8   2.3   2   2   2.8e-41   7.8e-39  132.5   0.0    97   321   992  1226   972  1235 0.88 peroxisomal biogenesis factor 6 [Cordyceps militaris CM01]
EGX88475.1           -           1248 13220at5125          -            537   2.7e-38  130.7   0.3   1   2   1.3e-36   3.7e-34  117.1   0.1   127   315   747   954   740  1019 0.86 vesicular-fusion protein SEC18 [Cordyceps militaris CM01]
EGX88475.1           -           1248 13220at5125          -            537   2.7e-38  130.7   0.3   2   2   0.00011     0.029   11.8   0.0   132   224  1034  1127  1013  1208 0.73 vesicular-fusion protein SEC18 [Cordyceps militaris CM01]
EGX89176.1           -           1002 13220at5125          -            537   1.4e-35  121.7   0.0   1   1   8.2e-38   2.3e-35  121.1   0.0    91   316   685   914   675   924 0.88 mitochondrial AAA ATPase, putative [Cordyceps militaris CM01]
EGX94664.1           -            422 13220at5125          -            537   9.1e-30  102.6   0.0   1   1   4.6e-32   1.3e-29  102.1   0.0    92   313   102   334    94   344 0.82 ATPase family AAA domain-containing protein 1 [Cordyceps militaris CM01]
EGX96557.1           -           1622 13220at5125          -            537   9.9e-25   85.9   0.0   1   1   7.9e-27   2.2e-24   84.8   0.0    95   270  1333  1523  1321  1539 0.77 ATPase, AAA-type, core [Cordyceps militaris CM01]
EGX89989.1           -           1162 13220at5125          -            537   3.4e-15   54.5   0.0   1   1   1.9e-17   5.2e-15   53.9   0.0   100   284   185   367   151   402 0.76 mitochondrial chaperone bcs1, putative [Cordyceps militaris CM01]
EGX89604.1           -            644 13220at5125          -            537   4.4e-12   44.2   0.0   1   2   1.4e-07     4e-05   21.2   0.0   107   168   305   368   296   417 0.81 mitochondrial chaperone bcs1 [Cordyceps militaris CM01]
EGX89604.1           -            644 13220at5125          -            537   4.4e-12   44.2   0.0   2   2   2.3e-07   6.3e-05   20.6   0.0   207   263   461   517   456   522 0.81 mitochondrial chaperone bcs1 [Cordyceps militaris CM01]
EGX93580.1           -            393 13220at5125          -            537   1.2e-11   42.7   0.0   1   1   6.6e-14   1.8e-11   42.2   0.0   126   269   170   311   153   319 0.79 mitochondrial chaperone bcs1, putative [Cordyceps militaris CM01]
EGX95658.1           -            678 13220at5125          -            537   3.5e-11   41.2   0.0   1   1   2.1e-13   5.7e-11   40.5   0.0   125   271   298   450   265   460 0.74 BCS1-like ATPase [Cordyceps militaris CM01]
EGX96082.1           -            466 13220at5125          -            537   8.9e-11   39.9   0.0   1   1   5.2e-13   1.4e-10   39.2   0.0   113   262   220   365   204   372 0.85 mitochondrial chaperone BCS1, putative [Cordyceps militaris CM01]
EGX93354.1           -            477 13220at5125          -            537   6.4e-09   33.8   0.0   1   1   5.2e-11   1.4e-08   32.6   0.0   109   284   201   368   179   406 0.82 ATP-dependent Zn protease [Cordyceps militaris CM01]
EGX96019.1           -            825 13220at5125          -            537   1.1e-08   33.0   0.0   1   1     6e-11   1.7e-08   32.4   0.0   137   252   586   694   573   741 0.86 AAA family ATPase, putative [Cordyceps militaris CM01]
EGX87657.1           -            359 13220at5125          -            537   2.2e-05   22.1   0.0   1   1   1.2e-07   3.3e-05   21.5   0.0   111   245   215   350   195   358 0.72 cell division protease ftsH [Cordyceps militaris CM01]
EGX93213.1           -           1027 13220at5125          -            537   0.00057   17.4   0.1   1   1   3.4e-06   0.00093   16.7   0.1   134   170   605   643   583   655 0.88 AAA family ATPase Pontin, putative [Cordyceps militaris CM01]
EGX92704.1           -            902 13220at5125          -            537    0.0016   15.9   0.0   1   1   9.3e-06    0.0026   15.3   0.0   134   166   471   502   375   559 0.80 LON domain serine protease, putative [Cordyceps militaris CM01]
EGX89751.1           -            527 13220at5125          -            537    0.0036   14.8   0.0   1   1   1.9e-05    0.0052   14.3   0.0   136   172   317   353   273   421 0.77 ATPase, AAA-type, core [Cordyceps militaris CM01]
EGX91517.1           -            993 13220at5125          -            537    0.0042   14.6   0.0   1   1   2.4e-05    0.0066   13.9   0.0   137   231   775   866   738   925 0.82 AAA family ATPase, putative [Cordyceps militaris CM01]
EGX94721.1           -            962 13220at5125          -            537     0.012   13.1   0.0   1   1   6.4e-05     0.018   12.5   0.0   137   205   276   357   253   379 0.72 sister chromatid cohesion factor (Chl12), putative [Cordyceps militaris CM01]
EGX94277.1           -           1253 13220at5125          -            537     0.013   13.0   0.4   1   2       0.5   1.4e+02   -0.3   0.1    96   137   568   609   556   611 0.87 ATP-dependent protease La [Cordyceps militaris CM01]
EGX94277.1           -           1253 13220at5125          -            537     0.013   13.0   0.4   2   2   0.00023     0.062   10.7   0.0   134   207   742   823   709   836 0.74 ATP-dependent protease La [Cordyceps militaris CM01]
EGX89676.1           -           1513 13220at5125          -            537     0.073   10.5   0.0   1   1   0.00058      0.16    9.3   0.0   125   159   593   629   584   634 0.85 ABC bile acid transporter, putative [Cordyceps militaris CM01]
EGX89161.1           -            140 13220at5125          -            537      0.15    9.4   0.0   1   1   0.00069      0.19    9.1   0.0   132   168    92   129    56   131 0.84 AAA family ATPase [Cordyceps militaris CM01]
#
# Program:         hmmsearch
# Version:         3.1b2 (February 2015)
# Pipeline mode:   SEARCH
# Query file:      /home/zack/funannotate_db/hypocreales_odb10/hmms/13220at5125.hmm
# Target file:     /home/zack/Desktop/IsariaPreferralGenome/MyGenomeSubmittedToNCBI/HypocrealesProteinSets/Cmilitaris_CM01.faa
# Option settings: hmmsearch --domtblout /home/zack/Desktop/IsariaPreferralGenome/MyGenomeSubmittedToNCBI/HypocrealesProteinSets/BUSCO_AA_all/BUSCO_AA_Cmilitaris_CM01/run_hypocreales_odb10/hmmer_output/initial_run_results/13220at5125.out --cpu 1 /home/zack/funannotate_db/hypocreales_odb10/hmms/13220at5125.hmm /home/zack/Desktop/IsariaPreferralGenome/MyGenomeSubmittedToNCBI/HypocrealesProteinSets/Cmilitaris_CM01.faa 
# Current dir:     /home/zack/Desktop/IsariaPreferralGenome/MyGenomeSubmittedToNCBI/HypocrealesProteinSets/BUSCO_AA_all
# Date:            Mon Mar  4 15:14:05 2024
# [ok]
