#                                                                            --- full sequence --- -------------- this domain -------------   hmm coord   ali coord   env coord
# target name        accession   tlen query name           accession   qlen   E-value  score  bias   #  of  c-Evalue  i-Evalue  score  bias  from    to  from    to  from    to  acc description of target
#------------------- ---------- ----- -------------------- ---------- ----- --------- ------ ----- --- --- --------- --------- ------ ----- ----- ----- ----- ----- ----- ----- ---- ---------------------
EGX96479.1           -           2563 142at5125            -           2139         0 3941.2  10.7   1   5         0         0 1419.9   0.0    11   798    62   920    56   932 0.94 beige/BEACH domain-containing protein [Cordyceps militaris CM01]
EGX96479.1           -           2563 142at5125            -           2139         0 3941.2  10.7   2   5   5.3e-53   5.1e-50  168.6   0.1   801   932   961  1118   956  1125 0.90 beige/BEACH domain-containing protein [Cordyceps militaris CM01]
EGX96479.1           -           2563 142at5125            -           2139         0 3941.2  10.7   3   5   1.1e-42     1e-39  134.4   0.1   930  1024  1175  1278  1156  1281 0.92 beige/BEACH domain-containing protein [Cordyceps militaris CM01]
EGX96479.1           -           2563 142at5125            -           2139         0 3941.2  10.7   4   5  4.4e-182  4.3e-179  596.7   2.4  1024  1366  1308  1692  1289  1704 0.93 beige/BEACH domain-containing protein [Cordyceps militaris CM01]
EGX96479.1           -           2563 142at5125            -           2139         0 3941.2  10.7   5   5         0         0 1622.5   0.0  1366  2139  1761  2553  1757  2553 0.97 beige/BEACH domain-containing protein [Cordyceps militaris CM01]
EGX95897.1           -            355 142at5125            -           2139   1.2e-06   24.8   0.1   1   3   0.00015      0.14    7.9   0.0  1940  2044    72   174    65   206 0.80 WD-repeat protein pop3 [Cordyceps militaris CM01]
EGX95897.1           -            355 142at5125            -           2139   1.2e-06   24.8   0.1   2   3    0.0051       4.9    2.8   0.1  1942  2013   201   275   196   280 0.74 WD-repeat protein pop3 [Cordyceps militaris CM01]
EGX95897.1           -            355 142at5125            -           2139   1.2e-06   24.8   0.1   3   3   1.9e-05     0.018   10.9   0.0  1971  2036   286   352   255   354 0.80 WD-repeat protein pop3 [Cordyceps militaris CM01]
EGX96106.1           -            318 142at5125            -           2139    0.0022   13.9   0.1   1   2     0.024        24    0.6   0.0  1957  2020    36   100    12   112 0.78 guanine nucleotide-binding protein beta subunit-like protein [Cordyceps militaris CM01]
EGX96106.1           -            318 142at5125            -           2139    0.0022   13.9   0.1   2   2   1.9e-05     0.018   10.9   0.0  1907  2027   117   236   105   269 0.80 guanine nucleotide-binding protein beta subunit-like protein [Cordyceps militaris CM01]
EGX94915.1           -            583 142at5125            -           2139    0.0029   13.5   0.0   1   1   4.2e-06     0.004   13.1   0.0  1934  2021   219   303   207   326 0.85 small nucleolar ribonucleoprotein complex subunit, putative [Cordyceps militaris CM01]
EGX94879.1           -            475 142at5125            -           2139    0.0044   13.0   0.2   1   2   3.2e-05     0.031   10.1   0.0  1949  2013   176   244   164   250 0.79 WD40/YVTN repeat-like-containing domain [Cordyceps militaris CM01]
EGX94879.1           -            475 142at5125            -           2139    0.0044   13.0   0.2   2   2     0.024        24    0.6   0.0  1916  2013   308   404   289   407 0.78 WD40/YVTN repeat-like-containing domain [Cordyceps militaris CM01]
EGX88049.1           -            363 142at5125            -           2139     0.011   11.6   0.0   1   1   1.6e-05     0.015   11.1   0.0  1941  2030    14   101     4   125 0.84 actin related protein 2/3 complex subunit [Cordyceps militaris CM01]
EGX93957.1           -            959 142at5125            -           2139     0.015   11.2   0.3   1   2      0.12   1.2e+02   -1.7   0.1  1977  2012   104   139    70   147 0.87 WD domain-containing protein [Cordyceps militaris CM01]
EGX93957.1           -            959 142at5125            -           2139     0.015   11.2   0.3   2   2   4.2e-05      0.04    9.8   0.0  1898  2047   565   715   541   750 0.78 WD domain-containing protein [Cordyceps militaris CM01]
EGX90330.1           -            354 142at5125            -           2139     0.022   10.6   0.0   1   2   0.00013      0.12    8.1   0.0  1937  2045    61   167    55   173 0.74 U5 snRNP complex subunit [Cordyceps militaris CM01]
EGX90330.1           -            354 142at5125            -           2139     0.022   10.6   0.0   2   2     0.042        40   -0.2   0.0  1986  2019   192   225   182   272 0.56 U5 snRNP complex subunit [Cordyceps militaris CM01]
EGX89076.1           -            772 142at5125            -           2139     0.039    9.8   0.1   1   3     0.032        31    0.2   0.0  1937  1964    13    40     6    55 0.87 polyubiquitin binding protein (Doa1/Ufd3), putative [Cordyceps militaris CM01]
EGX89076.1           -            772 142at5125            -           2139     0.039    9.8   0.1   2   3   0.00043      0.42    6.4   0.0  1952  2013    79   139    74   180 0.88 polyubiquitin binding protein (Doa1/Ufd3), putative [Cordyceps militaris CM01]
EGX89076.1           -            772 142at5125            -           2139     0.039    9.8   0.1   3   3      0.16   1.5e+02   -2.1   0.0  1944  2013   158   231   142   236 0.77 polyubiquitin binding protein (Doa1/Ufd3), putative [Cordyceps militaris CM01]
EGX91986.1           -            517 142at5125            -           2139      0.11    8.3   0.0   1   1   0.00016      0.16    7.8   0.0  1899  2015   291   407   284   412 0.85 WD40 repeat-like-containing domain [Cordyceps militaris CM01]
#
# Program:         hmmsearch
# Version:         3.1b2 (February 2015)
# Pipeline mode:   SEARCH
# Query file:      /home/zack/funannotate_db/hypocreales_odb10/hmms/142at5125.hmm
# Target file:     /home/zack/Desktop/IsariaPreferralGenome/MyGenomeSubmittedToNCBI/HypocrealesProteinSets/Cmilitaris_CM01.faa
# Option settings: hmmsearch --domtblout /home/zack/Desktop/IsariaPreferralGenome/MyGenomeSubmittedToNCBI/HypocrealesProteinSets/BUSCO_AA_all/BUSCO_AA_Cmilitaris_CM01/run_hypocreales_odb10/hmmer_output/initial_run_results/142at5125.out --cpu 1 /home/zack/funannotate_db/hypocreales_odb10/hmms/142at5125.hmm /home/zack/Desktop/IsariaPreferralGenome/MyGenomeSubmittedToNCBI/HypocrealesProteinSets/Cmilitaris_CM01.faa 
# Current dir:     /home/zack/Desktop/IsariaPreferralGenome/MyGenomeSubmittedToNCBI/HypocrealesProteinSets/BUSCO_AA_all
# Date:            Mon Mar  4 15:14:02 2024
# [ok]
