#                                                                            --- full sequence --- -------------- this domain -------------   hmm coord   ali coord   env coord
# target name        accession   tlen query name           accession   qlen   E-value  score  bias   #  of  c-Evalue  i-Evalue  score  bias  from    to  from    to  from    to  acc description of target
#------------------- ---------- ----- -------------------- ---------- ----- --------- ------ ----- --- --- --------- --------- ------ ----- ----- ----- ----- ----- ----- ----- ---- ---------------------
EGX88716.1           -           1617 1485at5125           -           1284         0 1925.6  13.8   1   3  1.9e-226  2.3e-223  743.4   0.4     1   481    30   567    30   587 0.90 RING zinc finger protein, putative [Cordyceps militaris CM01]
EGX88716.1           -           1617 1485at5125           -           1284         0 1925.6  13.8   2   3   4.9e-44     6e-41  139.1   1.7   429   679   617   920   578   955 0.73 RING zinc finger protein, putative [Cordyceps militaris CM01]
EGX88716.1           -           1617 1485at5125           -           1284         0 1925.6  13.8   3   3         0         0 1050.2   0.5   688  1284   962  1616   943  1616 0.92 RING zinc finger protein, putative [Cordyceps militaris CM01]
EGX94707.1           -            577 1485at5125           -           1284   0.00021   18.0   0.2   1   2      0.29   3.5e+02   -2.6   0.1  1249  1274    67    92    62    96 0.86 RING finger domain protein, putative [Cordyceps militaris CM01]
EGX94707.1           -            577 1485at5125           -           1284   0.00021   18.0   0.2   2   2   1.7e-07   0.00021   18.0   0.2  1219  1274   340   390   322   396 0.77 RING finger domain protein, putative [Cordyceps militaris CM01]
EGX89370.1           -            296 1485at5125           -           1284   0.00031   17.4   5.7   1   1   3.5e-07   0.00042   17.0   5.7  1222  1274   174   229   169   236 0.76 RING finger domain protein (Znf1), putative [Cordyceps militaris CM01]
EGX91282.1           -            436 1485at5125           -           1284    0.0016   15.0   1.8   1   1   1.9e-06    0.0023   14.5   1.8  1223  1271   272   316   267   321 0.88 RING finger domain-containing protein [Cordyceps militaris CM01]
EGX91366.1           -             96 1485at5125           -           1284    0.0029   14.2   5.2   1   1   6.6e-06     0.008   12.8   5.2  1244  1277    51    85    24    91 0.82 anaphase promoting complex subunit Apc11, putative [Cordyceps militaris CM01]
EGX97229.1           -            754 1485at5125           -           1284    0.0032   14.1   0.3   1   1     4e-06    0.0049   13.5   0.3  1244  1274   177   205   173   219 0.85 PHD and RING finger domain protein, putative [Cordyceps militaris CM01]
EGX91779.1           -            625 1485at5125           -           1284     0.011   12.3   0.6   1   1   1.3e-05     0.016   11.8   0.6  1219  1272   347   402   334   405 0.83 Zinc finger domain-containing protein, C3HC4 RING-type [Cordyceps militaris CM01]
EGX93700.1           -           1356 1485at5125           -           1284     0.034   10.7   0.2   1   1     4e-05     0.048   10.2   0.2   358   438   116   196    94   210 0.88 nuclear migration protein, putative [Cordyceps militaris CM01]
#
# Program:         hmmsearch
# Version:         3.1b2 (February 2015)
# Pipeline mode:   SEARCH
# Query file:      /home/zack/funannotate_db/hypocreales_odb10/hmms/1485at5125.hmm
# Target file:     /home/zack/Desktop/IsariaPreferralGenome/MyGenomeSubmittedToNCBI/HypocrealesProteinSets/Cmilitaris_CM01.faa
# Option settings: hmmsearch --domtblout /home/zack/Desktop/IsariaPreferralGenome/MyGenomeSubmittedToNCBI/HypocrealesProteinSets/BUSCO_AA_all/BUSCO_AA_Cmilitaris_CM01/run_hypocreales_odb10/hmmer_output/initial_run_results/1485at5125.out --cpu 1 /home/zack/funannotate_db/hypocreales_odb10/hmms/1485at5125.hmm /home/zack/Desktop/IsariaPreferralGenome/MyGenomeSubmittedToNCBI/HypocrealesProteinSets/Cmilitaris_CM01.faa 
# Current dir:     /home/zack/Desktop/IsariaPreferralGenome/MyGenomeSubmittedToNCBI/HypocrealesProteinSets/BUSCO_AA_all
# Date:            Mon Mar  4 15:13:43 2024
# [ok]
