#                                                                            --- full sequence --- -------------- this domain -------------   hmm coord   ali coord   env coord
# target name        accession   tlen query name           accession   qlen   E-value  score  bias   #  of  c-Evalue  i-Evalue  score  bias  from    to  from    to  from    to  acc description of target
#------------------- ---------- ----- -------------------- ---------- ----- --------- ------ ----- --- --- --------- --------- ------ ----- ----- ----- ----- ----- ----- ----- ---- ---------------------
EGX90266.1           -            477 20762at5125          -            401  3.9e-263  871.6  19.8   1   3   1.2e-88   1.9e-85  286.5   2.6     1   133     1   137     1   156 0.95 protein phosphatase PP2A regulatory subunit B [Cordyceps militaris CM01]
EGX90266.1           -            477 20762at5125          -            401  3.9e-263  871.6  19.8   2   3    2e-161  3.3e-158  526.1   4.0   126   365   159   407   151   424 0.97 protein phosphatase PP2A regulatory subunit B [Cordyceps militaris CM01]
EGX90266.1           -            477 20762at5125          -            401  3.9e-263  871.6  19.8   3   3   1.3e-22   2.2e-19   68.9   0.3   364   401   433   470   419   470 0.93 protein phosphatase PP2A regulatory subunit B [Cordyceps militaris CM01]
EGX91629.1           -            593 20762at5125          -            401   0.00017   19.9   0.1   1   5       1.3     2e+03   -3.4   0.0   234   282    20    68    14    74 0.78 transcriptional repressor TUP1 [Cordyceps militaris CM01]
EGX91629.1           -            593 20762at5125          -            401   0.00017   19.9   0.1   2   5   0.00082       1.3    7.1   0.0   259   296   291   328   284   340 0.80 transcriptional repressor TUP1 [Cordyceps militaris CM01]
EGX91629.1           -            593 20762at5125          -            401   0.00017   19.9   0.1   3   5     0.022        35    2.4   0.0   261   288   341   369   332   381 0.70 transcriptional repressor TUP1 [Cordyceps militaris CM01]
EGX91629.1           -            593 20762at5125          -            401   0.00017   19.9   0.1   4   5    0.0067        11    4.1   0.0   254   299   376   422   370   449 0.81 transcriptional repressor TUP1 [Cordyceps militaris CM01]
EGX91629.1           -            593 20762at5125          -            401   0.00017   19.9   0.1   5   5      0.13   2.1e+02   -0.2   0.0   260   334   468   539   462   565 0.60 transcriptional repressor TUP1 [Cordyceps militaris CM01]
EGX94912.1           -            491 20762at5125          -            401    0.0027   15.9   0.1   1   2   5.1e-05     0.081   11.1   0.0   171   239   261   328   244   333 0.85 chromatin assembly factor 1 subunit C [Cordyceps militaris CM01]
EGX94912.1           -            491 20762at5125          -            401    0.0027   15.9   0.1   2   2     0.021        34    2.4   0.0   159   391   344   397   328   405 0.47 chromatin assembly factor 1 subunit C [Cordyceps militaris CM01]
EGX91853.1           -            640 20762at5125          -            401     0.047   11.8   0.3   1   3     0.001       1.7    6.7   0.0   149   184   385   420   375   425 0.84 mRNA splicing factor (Prp17) [Cordyceps militaris CM01]
EGX91853.1           -            640 20762at5125          -            401     0.047   11.8   0.3   2   3     0.044        72    1.4   0.0   259   295   480   517   467   525 0.74 mRNA splicing factor (Prp17) [Cordyceps militaris CM01]
EGX91853.1           -            640 20762at5125          -            401     0.047   11.8   0.3   3   3       0.6   9.6e+02   -2.4   0.0    37    58   580   601   573   629 0.75 mRNA splicing factor (Prp17) [Cordyceps militaris CM01]
EGX96106.1           -            318 20762at5125          -            401     0.055   11.6   0.4   1   3     0.061        98    0.9   0.0   261   287    66    93    62   104 0.75 guanine nucleotide-binding protein beta subunit-like protein [Cordyceps militaris CM01]
EGX96106.1           -            318 20762at5125          -            401     0.055   11.6   0.4   2   3     0.034        54    1.8   0.0   157   183   106   133    94   151 0.61 guanine nucleotide-binding protein beta subunit-like protein [Cordyceps militaris CM01]
EGX96106.1           -            318 20762at5125          -            401     0.055   11.6   0.4   3   3    0.0042       6.7    4.8   0.0    17    60   183   226   165   242 0.84 guanine nucleotide-binding protein beta subunit-like protein [Cordyceps militaris CM01]
EGX90427.1           -            514 20762at5125          -            401     0.081   11.1   0.0   1   2   0.00048      0.78    7.8   0.0   251   306   272   327   247   386 0.90 WD repeat protein [Cordyceps militaris CM01]
EGX90427.1           -            514 20762at5125          -            401     0.081   11.1   0.0   2   2      0.12   1.9e+02   -0.0   0.0   258   298   443   484   401   488 0.63 WD repeat protein [Cordyceps militaris CM01]
#
# Program:         hmmsearch
# Version:         3.1b2 (February 2015)
# Pipeline mode:   SEARCH
# Query file:      /home/zack/funannotate_db/hypocreales_odb10/hmms/20762at5125.hmm
# Target file:     /home/zack/Desktop/IsariaPreferralGenome/MyGenomeSubmittedToNCBI/HypocrealesProteinSets/Cmilitaris_CM01.faa
# Option settings: hmmsearch --domtblout /home/zack/Desktop/IsariaPreferralGenome/MyGenomeSubmittedToNCBI/HypocrealesProteinSets/BUSCO_AA_all/BUSCO_AA_Cmilitaris_CM01/run_hypocreales_odb10/hmmer_output/initial_run_results/20762at5125.out --cpu 1 /home/zack/funannotate_db/hypocreales_odb10/hmms/20762at5125.hmm /home/zack/Desktop/IsariaPreferralGenome/MyGenomeSubmittedToNCBI/HypocrealesProteinSets/Cmilitaris_CM01.faa 
# Current dir:     /home/zack/Desktop/IsariaPreferralGenome/MyGenomeSubmittedToNCBI/HypocrealesProteinSets/BUSCO_AA_all
# Date:            Mon Mar  4 15:13:44 2024
# [ok]
