#                                                                            --- full sequence --- -------------- this domain -------------   hmm coord   ali coord   env coord
# target name        accession   tlen query name           accession   qlen   E-value  score  bias   #  of  c-Evalue  i-Evalue  score  bias  from    to  from    to  from    to  acc description of target
#------------------- ---------- ----- -------------------- ---------- ----- --------- ------ ----- --- --- --------- --------- ------ ----- ----- ----- ----- ----- ----- ----- ---- ---------------------
EGX89844.1           -            518 21392at5125          -            431    1e-245  814.4   8.4   1   1  1.4e-247  1.7e-244  810.4   8.4     1   431    16   515    16   515 0.93 cystathionine beta-synthase [Cordyceps militaris CM01]
EGX96818.1           -            370 21392at5125          -            431   3.8e-57  193.0   0.1   1   1   3.9e-60   4.7e-57  192.7   0.1     5   311    36   357    32   362 0.87 Cysteine synthase (O-acetylserine sulfhydrylase) [Cordyceps militaris CM01]
EGX91315.1           -            450 21392at5125          -            431   3.5e-48  163.5   0.8   1   1   1.5e-50   1.8e-47  161.1   0.8     7   298    94   423    90   429 0.83 cysteine synthase 2 [Cordyceps militaris CM01]
EGX96189.1           -            547 21392at5125          -            431     4e-12   44.6   0.0   1   1   6.1e-15   7.3e-12   43.8   0.0    27   196    51   222    30   302 0.75 cysteine synthase B [Cordyceps militaris CM01]
EGX93073.1           -            358 21392at5125          -            431   5.1e-08   31.1   0.8   1   2   8.1e-08   9.8e-05   20.3   0.0    11   129    11   132     7   147 0.76 serine family amino acid catabolism-related protein [Cordyceps militaris CM01]
EGX93073.1           -            358 21392at5125          -            431   5.1e-08   31.1   0.8   2   2    0.0002      0.24    9.1   0.2   166   208   194   238   155   250 0.87 serine family amino acid catabolism-related protein [Cordyceps militaris CM01]
EGX95509.1           -            618 21392at5125          -            431    0.0046   14.8   0.1   1   1   5.5e-06    0.0066   14.3   0.1    67   221   177   326   113   358 0.65 threonine ammonia-lyase precursor [Cordyceps militaris CM01]
EGX94586.1           -            753 21392at5125          -            431     0.037   11.8   0.0   1   1   6.4e-05     0.077   10.8   0.0    66   123   113   170    88   264 0.74 acetylornithine deacetylase [Cordyceps militaris CM01]
EGX93714.1           -            384 21392at5125          -            431     0.056   11.2   0.3   1   1     8e-05     0.096   10.4   0.3    28   205    71   256    63   261 0.66 Pyridoxal-phosphate dependent enzyme, putative [Cordyceps militaris CM01]
#
# Program:         hmmsearch
# Version:         3.1b2 (February 2015)
# Pipeline mode:   SEARCH
# Query file:      /home/zack/funannotate_db/hypocreales_odb10/hmms/21392at5125.hmm
# Target file:     /home/zack/Desktop/IsariaPreferralGenome/MyGenomeSubmittedToNCBI/HypocrealesProteinSets/Cmilitaris_CM01.faa
# Option settings: hmmsearch --domtblout /home/zack/Desktop/IsariaPreferralGenome/MyGenomeSubmittedToNCBI/HypocrealesProteinSets/BUSCO_AA_all/BUSCO_AA_Cmilitaris_CM01/run_hypocreales_odb10/hmmer_output/initial_run_results/21392at5125.out --cpu 1 /home/zack/funannotate_db/hypocreales_odb10/hmms/21392at5125.hmm /home/zack/Desktop/IsariaPreferralGenome/MyGenomeSubmittedToNCBI/HypocrealesProteinSets/Cmilitaris_CM01.faa 
# Current dir:     /home/zack/Desktop/IsariaPreferralGenome/MyGenomeSubmittedToNCBI/HypocrealesProteinSets/BUSCO_AA_all
# Date:            Mon Mar  4 15:13:21 2024
# [ok]
