#                                                                            --- full sequence --- -------------- this domain -------------   hmm coord   ali coord   env coord
# target name        accession   tlen query name           accession   qlen   E-value  score  bias   #  of  c-Evalue  i-Evalue  score  bias  from    to  from    to  from    to  acc description of target
#------------------- ---------- ----- -------------------- ---------- ----- --------- ------ ----- --- --- --------- --------- ------ ----- ----- ----- ----- ----- ----- ----- ---- ---------------------
EGX91897.1           -           1285 2255at5125           -           1003         0 1862.8  14.9   1   4   1.7e-26   6.7e-24   82.7   0.0     5    71    58   124    54   139 0.93 P-type calcium ATPase [Cordyceps militaris CM01]
EGX91897.1           -           1285 2255at5125           -           1003         0 1862.8  14.9   2   4         0         0 1744.5   7.3    70   950   152  1086   148  1092 0.95 P-type calcium ATPase [Cordyceps militaris CM01]
EGX91897.1           -           1285 2255at5125           -           1003         0 1862.8  14.9   3   4   2.7e-10   1.1e-07   29.0   0.0   941   988  1179  1238  1171  1245 0.80 P-type calcium ATPase [Cordyceps militaris CM01]
EGX91897.1           -           1285 2255at5125           -           1003         0 1862.8  14.9   4   4      0.13        51    0.3   0.1   986  1003  1268  1285  1258  1285 0.86 P-type calcium ATPase [Cordyceps militaris CM01]
EGX93319.1           -           1366 2255at5125           -           1003         0 1076.0  11.0   1   3   3.9e-18   1.6e-15   55.0   0.0     5    71   189   255   185   261 0.94 P-type calcium ATPase, putative [Cordyceps militaris CM01]
EGX93319.1           -           1366 2255at5125           -           1003         0 1076.0  11.0   2   3  2.5e-121    1e-118  396.6   1.7    66   399   278   638   265   652 0.91 P-type calcium ATPase, putative [Cordyceps militaris CM01]
EGX93319.1           -           1366 2255at5125           -           1003         0 1076.0  11.0   3   3  2.6e-191  1.1e-188  628.2   1.3   412   944   680  1227   665  1237 0.93 P-type calcium ATPase, putative [Cordyceps militaris CM01]
EGX89697.1           -           1158 2255at5125           -           1003         0 1052.8   7.2   1   1         0         0 1051.6   7.2     6   939    74  1072    71  1083 0.90 plasma membrane calcium-transporting ATPase 2 [Cordyceps militaris CM01]
EGX90547.1           -            998 2255at5125           -           1003   2.4e-97  325.8   1.5   1   2   1.8e-41   7.1e-39  132.3   1.3    74   392    31   361    16   380 0.82 calcium-transporting ATPase [Cordyceps militaris CM01]
EGX90547.1           -            998 2255at5125           -           1003   2.4e-97  325.8   1.5   2   2   2.2e-59   8.8e-57  191.6   0.0   461   805   473   820   460   853 0.87 calcium-transporting ATPase [Cordyceps militaris CM01]
EGX92062.1           -           1049 2255at5125           -           1003   1.8e-89  299.8   2.9   1   3     0.099        40    0.7   0.0    78   146    90   150    82   168 0.71 calcium-transporting ATPase type 2C member 1 [Cordyceps militaris CM01]
EGX92062.1           -           1049 2255at5125           -           1003   1.8e-89  299.8   2.9   2   3   4.4e-28   1.8e-25   87.9   1.5   173   392   216   446   206   473 0.80 calcium-transporting ATPase type 2C member 1 [Cordyceps militaris CM01]
EGX92062.1           -           1049 2255at5125           -           1003   1.8e-89  299.8   2.9   3   3   4.4e-64   1.8e-61  207.1   0.0   465   912   548  1009   515  1023 0.85 calcium-transporting ATPase type 2C member 1 [Cordyceps militaris CM01]
EGX94240.1           -           1086 2255at5125           -           1003   3.8e-81  272.2  10.8   1   3   4.3e-13   1.7e-10   38.3   0.1    60   271    43   253    30   263 0.76 sodium P-type ATPase, putative [Cordyceps militaris CM01]
EGX94240.1           -           1086 2255at5125           -           1003   3.8e-81  272.2  10.8   2   3   4.6e-16   1.9e-13   48.1   2.3   276   393   297   402   289   410 0.79 sodium P-type ATPase, putative [Cordyceps militaris CM01]
EGX94240.1           -           1086 2255at5125           -           1003   3.8e-81  272.2  10.8   3   3   5.2e-59   2.1e-56  190.3   0.2   435   802   488   871   449   923 0.83 sodium P-type ATPase, putative [Cordyceps militaris CM01]
EGX93470.1           -           1051 2255at5125           -           1003   2.3e-80  269.6  10.5   1   2   1.9e-28   7.6e-26   89.1   8.1   127   392   102   393    56   398 0.74 sodium transport ATPase 5 [Cordyceps militaris CM01]
EGX93470.1           -           1051 2255at5125           -           1003   2.3e-80  269.6  10.5   2   2   7.9e-56   3.2e-53  179.8   0.0   435   800   488   873   479   903 0.83 sodium transport ATPase 5 [Cordyceps militaris CM01]
EGX88791.1           -            859 2255at5125           -           1003   9.8e-76  254.3  13.1   1   1   1.9e-77   7.5e-75  251.4  13.1   123   812    12   732     1   766 0.77 potassium/sodium efflux P-type ATPase [Cordyceps militaris CM01]
EGX95017.1           -           1196 2255at5125           -           1003   1.1e-73  247.5   4.4   1   2   4.3e-54   1.7e-51  174.0   1.2    48   623   216   809   205   816 0.74 Na/K ATPase alpha 1 subunit, putative [Cordyceps militaris CM01]
EGX95017.1           -           1196 2255at5125           -           1003   1.1e-73  247.5   4.4   2   2   5.5e-24   2.2e-21   74.4   0.1   629   805   845  1023   835  1047 0.82 Na/K ATPase alpha 1 subunit, putative [Cordyceps militaris CM01]
EGX96970.1           -           1120 2255at5125           -           1003   1.3e-71  240.7  14.3   1   2     4e-19   1.6e-16   58.3  11.1   119   394    72   389    51   407 0.66 potassium/sodium efflux P-type ATPase [Cordyceps militaris CM01]
EGX96970.1           -           1120 2255at5125           -           1003   1.3e-71  240.7  14.3   2   2   2.4e-55   9.6e-53  178.2   0.1   432   817   497   912   467   940 0.80 potassium/sodium efflux P-type ATPase [Cordyceps militaris CM01]
EGX93693.1           -           1414 2255at5125           -           1003   2.4e-66  223.2   6.1   1   2   8.3e-44   3.4e-41  140.0   2.1   140   630   499  1036   490  1047 0.71 H/K ATPase alpha subunit, putative [Cordyceps militaris CM01]
EGX93693.1           -           1414 2255at5125           -           1003   2.4e-66  223.2   6.1   2   2   1.3e-26   5.1e-24   83.1   0.1   624   812  1062  1248  1056  1260 0.85 H/K ATPase alpha subunit, putative [Cordyceps militaris CM01]
EGX87952.1           -            930 2255at5125           -           1003   1.2e-49  167.9   7.9   1   2   7.5e-22     3e-19   67.3   2.6    72   392    87   399    69   424 0.77 magnesium-translocating P-type ATPase [Cordyceps militaris CM01]
EGX87952.1           -            930 2255at5125           -           1003   1.2e-49  167.9   7.9   2   2   8.3e-33   3.3e-30  103.6   0.3   467   793   456   782   442   792 0.88 magnesium-translocating P-type ATPase [Cordyceps militaris CM01]
EGX88827.1           -            927 2255at5125           -           1003   8.1e-38  128.8  10.2   1   2     9e-27   3.6e-24   83.6   5.7    57   394    84   398    72   528 0.82 Plasma membrane ATPase (Proton pump) [Cordyceps militaris CM01]
EGX88827.1           -            927 2255at5125           -           1003   8.1e-38  128.8  10.2   2   2   2.3e-15   9.4e-13   45.8   0.1   572   785   532   745   527   753 0.85 Plasma membrane ATPase (Proton pump) [Cordyceps militaris CM01]
EGX96767.1           -           1362 2255at5125           -           1003   2.8e-23   80.6   1.3   1   4   2.5e-07   9.9e-05   19.2   0.0   133   240   298   412   275   418 0.84 phospholipid-transporting ATPase, putative [Cordyceps militaris CM01]
EGX96767.1           -           1362 2255at5125           -           1003   2.8e-23   80.6   1.3   2   4    0.0046       1.9    5.1   0.0   368   398   604   634   593   662 0.82 phospholipid-transporting ATPase, putative [Cordyceps militaris CM01]
EGX96767.1           -           1362 2255at5125           -           1003   2.8e-23   80.6   1.3   3   4   6.1e-11   2.4e-08   31.2   0.0   463   622   744   906   725   934 0.80 phospholipid-transporting ATPase, putative [Cordyceps militaris CM01]
EGX96767.1           -           1362 2255at5125           -           1003   2.8e-23   80.6   1.3   4   4   1.1e-07   4.5e-05   20.4   0.4   643   826   971  1165   944  1182 0.73 phospholipid-transporting ATPase, putative [Cordyceps militaris CM01]
EGX92563.1           -           1340 2255at5125           -           1003   1.9e-20   71.2   0.8   1   3   5.6e-07   0.00023   18.0   0.1   296   399   584   681   515   696 0.78 ATPase type 13A2 [Cordyceps militaris CM01]
EGX92563.1           -           1340 2255at5125           -           1003   1.9e-20   71.2   0.8   2   3   1.1e-05    0.0046   13.7   0.0   563   621   864   922   831   928 0.91 ATPase type 13A2 [Cordyceps militaris CM01]
EGX92563.1           -           1340 2255at5125           -           1003   1.9e-20   71.2   0.8   3   3   1.9e-12   7.4e-10   36.2   0.0   623   774   984  1135   974  1193 0.79 ATPase type 13A2 [Cordyceps militaris CM01]
EGX91376.1           -           1189 2255at5125           -           1003     2e-20   71.2   9.5   1   3   2.1e-11   8.6e-09   32.7   1.5   182   401   589   806   581   814 0.81 copper-transporting ATPase 2 [Cordyceps militaris CM01]
EGX91376.1           -           1189 2255at5125           -           1003     2e-20   71.2   9.5   2   3      0.15        61    0.1   0.0   574   620   945   991   937   994 0.72 copper-transporting ATPase 2 [Cordyceps militaris CM01]
EGX91376.1           -           1189 2255at5125           -           1003     2e-20   71.2   9.5   3   3   2.6e-14   1.1e-11   42.3   1.2   645   734   991  1080   957  1092 0.89 copper-transporting ATPase 2 [Cordyceps militaris CM01]
EGX89548.1           -           1297 2255at5125           -           1003   3.1e-20   70.6   0.6   1   4     0.012       4.8    3.7   0.0   171   208   315   352   304   367 0.83 phospholipid-translocating P-type ATPase, putative [Cordyceps militaris CM01]
EGX89548.1           -           1297 2255at5125           -           1003   3.1e-20   70.6   0.6   2   4   0.00015     0.061   10.0   0.0   359   398   604   643   511   663 0.71 phospholipid-translocating P-type ATPase, putative [Cordyceps militaris CM01]
EGX89548.1           -           1297 2255at5125           -           1003   3.1e-20   70.6   0.6   3   4   8.8e-11   3.6e-08   30.6   0.1   460   640   772   962   737  1000 0.69 phospholipid-translocating P-type ATPase, putative [Cordyceps militaris CM01]
EGX89548.1           -           1297 2255at5125           -           1003   3.1e-20   70.6   0.6   4   4   5.9e-08   2.4e-05   21.3   0.0   649   742  1004  1097   972  1136 0.78 phospholipid-translocating P-type ATPase, putative [Cordyceps militaris CM01]
EGX93128.1           -           1027 2255at5125           -           1003     6e-17   59.7  11.8   1   2   3.4e-08   1.4e-05   22.1   0.9   179   386   481   685   470   693 0.71 ATPase, P-type, K/Mg/Cd/Cu/Zn/Na/Ca/Na/H-transporter [Cordyceps militaris CM01]
EGX93128.1           -           1027 2255at5125           -           1003     6e-17   59.7  11.8   2   2   7.2e-14   2.9e-11   40.9   4.0   567   747   805   967   777  1010 0.83 ATPase, P-type, K/Mg/Cd/Cu/Zn/Na/Ca/Na/H-transporter [Cordyceps militaris CM01]
EGX95026.1           -           1527 2255at5125           -           1003   7.5e-16   56.1   0.2   1   4      0.16        65   -0.0   0.0   166   221   341   400   326   415 0.80 phospholipid-translocating P-type ATPase domain-containing protein [Cordyceps militaris CM01]
EGX95026.1           -           1527 2255at5125           -           1003   7.5e-16   56.1   0.2   2   4    0.0035       1.4    5.5   0.0   371   393   620   642   614   660 0.84 phospholipid-translocating P-type ATPase domain-containing protein [Cordyceps militaris CM01]
EGX95026.1           -           1527 2255at5125           -           1003   7.5e-16   56.1   0.2   3   4     4e-12   1.6e-09   35.1   0.0   445   623   780   961   762   967 0.76 phospholipid-translocating P-type ATPase domain-containing protein [Cordyceps militaris CM01]
EGX95026.1           -           1527 2255at5125           -           1003   7.5e-16   56.1   0.2   4   4   0.00024     0.098    9.3   0.0   647   702  1050  1107  1013  1116 0.70 phospholipid-translocating P-type ATPase domain-containing protein [Cordyceps militaris CM01]
EGX93268.1           -           1241 2255at5125           -           1003   8.8e-16   55.8  13.2   1   3   8.7e-09   3.5e-06   24.1   7.1   124   393   696   958   655   964 0.69 ATPase, P-type, K/Mg/Cd/Cu/Zn/Na/Ca/Na/H-transporter [Cordyceps militaris CM01]
EGX93268.1           -           1241 2255at5125           -           1003   8.8e-16   55.8  13.2   2   3    0.0007      0.28    7.8   0.0   572   622  1055  1105  1051  1107 0.95 ATPase, P-type, K/Mg/Cd/Cu/Zn/Na/Ca/Na/H-transporter [Cordyceps militaris CM01]
EGX93268.1           -           1241 2255at5125           -           1003   8.8e-16   55.8  13.2   3   3   4.8e-10   1.9e-07   28.2   0.2   645   733  1103  1186  1098  1210 0.82 ATPase, P-type, K/Mg/Cd/Cu/Zn/Na/Ca/Na/H-transporter [Cordyceps militaris CM01]
EGX88655.1           -           1102 2255at5125           -           1003   1.4e-15   55.2  17.2   1   3   1.5e-10     6e-08   29.9   7.6   139   395   560   811   515   826 0.75 cation transport ATPase [Cordyceps militaris CM01]
EGX88655.1           -           1102 2255at5125           -           1003   1.4e-15   55.2  17.2   2   3   0.00017      0.07    9.8   0.0   573   621   910   958   884   962 0.92 cation transport ATPase [Cordyceps militaris CM01]
EGX88655.1           -           1102 2255at5125           -           1003   1.4e-15   55.2  17.2   3   3   8.3e-08   3.3e-05   20.8   0.4   655   713   965  1025   959  1029 0.90 cation transport ATPase [Cordyceps militaris CM01]
EGX91104.1           -           1318 2255at5125           -           1003   1.4e-15   55.1   0.4   1   3   9.7e-05     0.039   10.7   0.1   194   409   291   526   229   564 0.59 cation-transporting ATPase 4 [Cordyceps militaris CM01]
EGX91104.1           -           1318 2255at5125           -           1003   1.4e-15   55.1   0.4   2   3   4.4e-08   1.8e-05   21.7   0.0   524   631   658   763   642   772 0.84 cation-transporting ATPase 4 [Cordyceps militaris CM01]
EGX91104.1           -           1318 2255at5125           -           1003   1.4e-15   55.1   0.4   3   3     3e-07   0.00012   18.9   0.0   641   698   817   873   794   890 0.85 cation-transporting ATPase 4 [Cordyceps militaris CM01]
EGX92489.1           -           1427 2255at5125           -           1003     3e-11   40.8   2.3   1   5      0.62   2.5e+02   -1.9   0.0   180   227   215   266   212   270 0.81 phospholipid-transporting ATPase (DRS2), putative [Cordyceps militaris CM01]
EGX92489.1           -           1427 2255at5125           -           1003     3e-11   40.8   2.3   2   5    0.0024      0.97    6.0   0.0   369   399   461   495   416   518 0.81 phospholipid-transporting ATPase (DRS2), putative [Cordyceps militaris CM01]
EGX92489.1           -           1427 2255at5125           -           1003     3e-11   40.8   2.3   3   5   0.00035      0.14    8.8   0.0   457   500   658   701   634   733 0.86 phospholipid-transporting ATPase (DRS2), putative [Cordyceps militaris CM01]
EGX92489.1           -           1427 2255at5125           -           1003     3e-11   40.8   2.3   4   5   3.3e-06    0.0013   15.5   0.0   525   624   838   949   826   974 0.79 phospholipid-transporting ATPase (DRS2), putative [Cordyceps militaris CM01]
EGX92489.1           -           1427 2255at5125           -           1003     3e-11   40.8   2.3   5   5    0.0026         1    5.9   0.1   626   703   991  1076   970  1085 0.63 phospholipid-transporting ATPase (DRS2), putative [Cordyceps militaris CM01]
EGX97258.1           -           1542 2255at5125           -           1003   3.4e-08   30.7   7.6   1   5    0.0079       3.2    4.3   0.0   179   234   325   384   313   397 0.86 haloacid dehalogenase-like hydrolase, putative [Cordyceps militaris CM01]
EGX97258.1           -           1542 2255at5125           -           1003   3.4e-08   30.7   7.6   2   5    0.0042       1.7    5.2   0.0   369   392   577   600   563   633 0.76 haloacid dehalogenase-like hydrolase, putative [Cordyceps militaris CM01]
EGX97258.1           -           1542 2255at5125           -           1003   3.4e-08   30.7   7.6   3   5    0.0018      0.74    6.4   0.0   463   500   765   802   750   837 0.91 haloacid dehalogenase-like hydrolase, putative [Cordyceps militaris CM01]
EGX97258.1           -           1542 2255at5125           -           1003   3.4e-08   30.7   7.6   4   5    0.0053       2.1    4.9   0.0   572   619  1001  1048   942  1070 0.89 haloacid dehalogenase-like hydrolase, putative [Cordyceps militaris CM01]
EGX97258.1           -           1542 2255at5125           -           1003   3.4e-08   30.7   7.6   5   5     0.002      0.81    6.3   3.4   627   706  1089  1178  1068  1422 0.55 haloacid dehalogenase-like hydrolase, putative [Cordyceps militaris CM01]
#
# Program:         hmmsearch
# Version:         3.1b2 (February 2015)
# Pipeline mode:   SEARCH
# Query file:      /home/zack/funannotate_db/hypocreales_odb10/hmms/2255at5125.hmm
# Target file:     /home/zack/Desktop/IsariaPreferralGenome/MyGenomeSubmittedToNCBI/HypocrealesProteinSets/Cmilitaris_CM01.faa
# Option settings: hmmsearch --domtblout /home/zack/Desktop/IsariaPreferralGenome/MyGenomeSubmittedToNCBI/HypocrealesProteinSets/BUSCO_AA_all/BUSCO_AA_Cmilitaris_CM01/run_hypocreales_odb10/hmmer_output/initial_run_results/2255at5125.out --cpu 1 /home/zack/funannotate_db/hypocreales_odb10/hmms/2255at5125.hmm /home/zack/Desktop/IsariaPreferralGenome/MyGenomeSubmittedToNCBI/HypocrealesProteinSets/Cmilitaris_CM01.faa 
# Current dir:     /home/zack/Desktop/IsariaPreferralGenome/MyGenomeSubmittedToNCBI/HypocrealesProteinSets/BUSCO_AA_all
# Date:            Mon Mar  4 15:13:31 2024
# [ok]
