#                                                                            --- full sequence --- -------------- this domain -------------   hmm coord   ali coord   env coord
# target name        accession   tlen query name           accession   qlen   E-value  score  bias   #  of  c-Evalue  i-Evalue  score  bias  from    to  from    to  from    to  acc description of target
#------------------- ---------- ----- -------------------- ---------- ----- --------- ------ ----- --- --- --------- --------- ------ ----- ----- ----- ----- ----- ----- ----- ---- ---------------------
EGX96222.1           -            557 22957at5125          -            448  1.1e-240  797.9  10.9   1   1  6.9e-243  1.3e-240  797.7  10.9     2   448    82   557    81   557 0.95 MFS transporter [Cordyceps militaris CM01]
EGX90645.1           -            522 22957at5125          -            448  5.3e-132  439.7  16.0   1   1  1.5e-133  2.9e-131  437.3  16.0    18   446    57   520    39   522 0.90 MFS nicotinic acid transporter Tna1 [Cordyceps militaris CM01]
EGX94106.1           -            493 22957at5125          -            448  8.5e-130  432.5   9.1   1   1  5.5e-132    1e-129  432.2   9.1     3   448    28   493    25   493 0.91 Major facilitator superfamily transporter [Cordyceps militaris CM01]
EGX95801.1           -            470 22957at5125          -            448  1.6e-110  368.9  15.6   1   1  9.8e-113  1.8e-110  368.8  15.6    15   447     8   469     1   470 0.91 MFS nicotinic acid transporter Tna1, putative [Cordyceps militaris CM01]
EGX93281.1           -            509 22957at5125          -            448  4.3e-109  364.2   7.6   1   1  2.9e-111  5.3e-109  363.9   7.6    12   448    45   509    38   509 0.90 MFS transporter, putative [Cordyceps militaris CM01]
EGX96690.1           -            482 22957at5125          -            448    5e-100  334.3   6.3   1   1  3.1e-102  5.8e-100  334.1   6.3    10   448    21   482    13   482 0.90 MFS transporter, putative [Cordyceps militaris CM01]
EGX91205.1           -            487 22957at5125          -            448   2.2e-99  332.3  10.3   1   1  1.4e-101   2.6e-99  332.0  10.3     9   448    35   487    28   487 0.92 MFS transporter [Cordyceps militaris CM01]
EGX95481.1           -            492 22957at5125          -            448   2.5e-86  289.2   5.8   1   1   1.8e-88   3.3e-86  288.8   5.8     5   421    33   475    30   483 0.86 MFS transporter, putative [Cordyceps militaris CM01]
EGX90923.1           -            525 22957at5125          -            448   2.3e-84  282.7   8.3   1   1   1.5e-86   2.8e-84  282.4   8.3    12   448    55   525    43   525 0.87 MFS transporter, putative [Cordyceps militaris CM01]
EGX96167.1           -            505 22957at5125          -            448   7.7e-84  281.0   6.1   1   1   5.1e-86   9.4e-84  280.7   6.1     8   444    35   501    29   504 0.86 MFS transporter [Cordyceps militaris CM01]
EGX92254.1           -            502 22957at5125          -            448   2.1e-81  273.0  12.1   1   1   1.5e-83   2.7e-81  272.6  12.1    12   419    35   462    27   483 0.91 nicotinic acid plasma membrane transporter (predicted) [Cordyceps militaris CM01]
EGX88215.1           -            469 22957at5125          -            448   1.9e-77  260.0  14.8   1   1   1.3e-79   2.4e-77  259.6  14.8     4   410    23   453    20   464 0.85 vitamin H transporter, putative [Cordyceps militaris CM01]
EGX88944.1           -            501 22957at5125          -            448   3.1e-76  255.9   6.0   1   1   2.2e-78   4.1e-76  255.6   6.0    10   409    22   435    15   458 0.88 MFS transporter, putative [Cordyceps militaris CM01]
EGX95620.1           -            661 22957at5125          -            448   2.1e-75  253.2   4.8   1   1   1.5e-77   2.7e-75  252.8   4.8     7   427   194   646   188   656 0.84 pantothenate transporter liz1 [Cordyceps militaris CM01]
EGX91120.1           -            435 22957at5125          -            448   5.8e-75  251.7  10.4   1   1   4.1e-77   7.7e-75  251.3  10.4    59   446    24   433    19   434 0.90 MFS transporter, putative [Cordyceps militaris CM01]
EGX88203.1           -            480 22957at5125          -            448   1.7e-74  250.2   8.6   1   2   2.1e-62   3.8e-60  202.9   7.4    11   273    42   320    32   345 0.86 Major facilitator superfamily transporter [Cordyceps militaris CM01]
EGX88203.1           -            480 22957at5125          -            448   1.7e-74  250.2   8.6   2   2   4.3e-15     8e-13   46.9   0.0   328   448   350   480   323   480 0.85 Major facilitator superfamily transporter [Cordyceps militaris CM01]
EGX95820.1           -            497 22957at5125          -            448   1.6e-73  247.0   9.8   1   1     1e-75   1.9e-73  246.8   9.8    10   390    41   437    34   497 0.87 phthalate transporter [Cordyceps militaris CM01]
EGX97251.1           -            604 22957at5125          -            448   2.8e-73  246.2  10.7   1   1     2e-75   3.7e-73  245.8  10.7    12   420   149   577   142   602 0.84 MFS transporter, putative [Cordyceps militaris CM01]
EGX87949.1           -            493 22957at5125          -            448   9.7e-73  244.4   2.1   1   1   6.9e-75   1.3e-72  244.0   2.1    11   415    24   451    15   474 0.84 Major facilitator superfamily transporter [Cordyceps militaris CM01]
EGX90474.1           -            468 22957at5125          -            448   1.4e-72  243.9  13.0   1   1   9.9e-75   1.8e-72  243.5  13.0     8   447    23   467    17   468 0.87 high-affinity nicotinic acid transporter [Cordyceps militaris CM01]
EGX91133.1           -            552 22957at5125          -            448   1.1e-70  237.6  10.4   1   1   7.9e-73   1.5e-70  237.2  10.4     6   392    86   491    81   534 0.85 Major facilitator superfamily transporter [Cordyceps militaris CM01]
EGX88154.1           -            515 22957at5125          -            448   1.4e-61  207.7  11.4   1   1     1e-63   1.9e-61  207.2  11.4     8   359    53   415    46   438 0.88 pantothenate transporter, putative [Cordyceps militaris CM01]
EGX93548.1           -            534 22957at5125          -            448   1.6e-58  197.6  12.6   1   1   1.1e-60   2.1e-58  197.2  12.6    13   396    65   461    57   499 0.85 Major facilitator superfamily transporter [Cordyceps militaris CM01]
EGX92776.1           -            892 22957at5125          -            448   2.9e-55  186.8   2.2   1   1   2.2e-57     4e-55  186.3   2.2    13   417   413   844   404   856 0.82 MFS transporter, putative [Cordyceps militaris CM01]
EGX92240.1           -            490 22957at5125          -            448   2.2e-53  180.7  10.4   1   1   1.6e-55     3e-53  180.2  10.4    10   417    38   478    29   487 0.79 MFS transporter [Cordyceps militaris CM01]
EGX91966.1           -           1575 22957at5125          -            448   1.1e-52  178.4   6.0   1   1     1e-54   1.9e-52  177.6   6.0    34   405  1150  1533  1142  1562 0.85 vitamin H transporter, putative [Cordyceps militaris CM01]
EGX88636.1           -            561 22957at5125          -            448   1.2e-45  155.1   7.2   1   1     9e-48   1.7e-45  154.6   7.2    13   434    88   540    84   559 0.83 MFS transporter [Cordyceps militaris CM01]
EGX91303.1           -            494 22957at5125          -            448   1.3e-45  155.0   8.8   1   1   8.2e-48   1.5e-45  154.8   8.8     9   400    29   434    21   478 0.81 Major facilitator superfamily transporter [Cordyceps militaris CM01]
EGX91939.1           -            543 22957at5125          -            448   2.3e-44  150.9   9.0   1   1   2.2e-46   4.1e-44  150.1   9.0     3   433    62   521    60   542 0.78 phthalate transporter [Cordyceps militaris CM01]
EGX89827.1           -            516 22957at5125          -            448   1.9e-43  147.9  14.8   1   1   5.3e-44   9.8e-42  142.2  14.8    11   413    41   488    32   510 0.77 vitamin H transporter, putative [Cordyceps militaris CM01]
EGX93553.1           -            535 22957at5125          -            448   2.2e-42  144.4  13.2   1   1   1.5e-44   2.9e-42  144.0  13.2    12   431    50   495    41   507 0.83 allantoate permease [Cordyceps militaris CM01]
EGX89703.1           -            525 22957at5125          -            448   7.3e-42  142.7  10.1   1   2   0.00012     0.021   12.6   0.0     9    51    36    79    29    87 0.83 vitamin H transporter, putative [Cordyceps militaris CM01]
EGX89703.1           -            525 22957at5125          -            448   7.3e-42  142.7  10.1   2   2     7e-40   1.3e-37  128.7   9.5    58   420   108   488    99   510 0.82 vitamin H transporter, putative [Cordyceps militaris CM01]
EGX91229.1           -            459 22957at5125          -            448   2.3e-37  127.8  10.0   1   1   3.6e-39   6.6e-37  126.3  10.0    12   408    34   439    27   458 0.85 MFS transporter, putative [Cordyceps militaris CM01]
EGX97032.1           -            551 22957at5125          -            448   6.7e-36  123.0   8.3   1   1   4.7e-38   8.7e-36  122.6   8.3    11   434    59   502    53   516 0.80 MFS transporter, putative [Cordyceps militaris CM01]
EGX88261.1           -            501 22957at5125          -            448   1.8e-35  121.6  10.8   1   1   1.5e-35   2.8e-33  114.4  10.8    10   405    52   452    44   481 0.83 pantothenate transporter, putative [Cordyceps militaris CM01]
EGX95931.1           -            487 22957at5125          -            448   2.3e-35  121.2  10.2   1   1   1.6e-37   2.9e-35  120.9  10.2    14   408    26   435    13   478 0.82 allantoate permease, putative [Cordyceps militaris CM01]
EGX95464.1           -            534 22957at5125          -            448   9.3e-35  119.2  13.0   1   1   6.4e-37   1.2e-34  118.9  13.0     3   343    32   394    30   436 0.77 Major facilitator superfamily transporter [Cordyceps militaris CM01]
EGX95873.1           -            539 22957at5125          -            448   1.2e-32  112.3  13.1   1   1   8.2e-35   1.5e-32  111.9  13.1    14   374    74   454    63   527 0.84 MFS transporter, putative [Cordyceps militaris CM01]
EGX94162.1           -            721 22957at5125          -            448   4.9e-32  110.3  14.1   1   1   3.8e-34   7.1e-32  109.7  14.1    13   428    14   449     8   457 0.79 pantothenate transporter, putative [Cordyceps militaris CM01]
EGX94428.1           -            569 22957at5125          -            448   3.5e-31  107.4   7.2   1   1   2.5e-33   4.6e-31  107.1   7.2    13   429    58   496    47   510 0.79 allantoate permease, putative [Cordyceps militaris CM01]
EGX94930.1           -            531 22957at5125          -            448   6.9e-31  106.5  16.8   1   2   9.7e-33   1.8e-30  105.1  10.2     9   354    85   445    81   452 0.76 pantothenate transporter [Cordyceps militaris CM01]
EGX94930.1           -            531 22957at5125          -            448   6.9e-31  106.5  16.8   2   2     0.058        11    3.7   4.9   107   201   419   514   398   522 0.75 pantothenate transporter [Cordyceps militaris CM01]
EGX93099.1           -            522 22957at5125          -            448   1.8e-30  105.1  11.3   1   1   1.2e-32   2.3e-30  104.8  11.3    17   447    68   521    58   522 0.83 MFS transporter, putative [Cordyceps militaris CM01]
EGX87735.1           -            488 22957at5125          -            448   8.4e-29   99.6  12.0   1   1   1.2e-30   2.2e-28   98.2  12.1    10   399    38   441    30   466 0.82 MFS transporter, putative [Cordyceps militaris CM01]
EGX91420.1           -            496 22957at5125          -            448   2.7e-28   97.9  12.3   1   1   2.5e-30   4.6e-28   97.2  12.3     9   424    50   468    43   496 0.78 allantoin permease [Cordyceps militaris CM01]
EGX88999.1           -            538 22957at5125          -            448   4.1e-28   97.3   8.5   1   1   2.9e-30   5.4e-28   96.9   8.5     6   424    25   462    20   479 0.78 Major facilitator superfamily transporter [Cordyceps militaris CM01]
EGX89862.1           -            502 22957at5125          -            448   4.6e-28   97.2  14.5   1   1   3.6e-30   6.6e-28   96.6  14.5    16   424    38   479    25   501 0.75 allantoate transport protein [Cordyceps militaris CM01]
EGX95297.1           -            514 22957at5125          -            448     7e-27   93.3  15.6   1   1   9.3e-29   1.7e-26   92.0  15.6    14   358    41   408    37   464 0.71 Major facilitator superfamily transporter [Cordyceps militaris CM01]
EGX89682.1           -            514 22957at5125          -            448   1.7e-25   88.7  15.7   1   2   1.4e-21   2.6e-19   68.3   2.8     6   167    26   189    22   201 0.83 pantothenate transporter, putative [Cordyceps militaris CM01]
EGX89682.1           -            514 22957at5125          -            448   1.7e-25   88.7  15.7   2   2   1.1e-08     2e-06   25.9   5.0   169   376   212   429   205   463 0.74 pantothenate transporter, putative [Cordyceps militaris CM01]
EGX90486.1           -            442 22957at5125          -            448   2.5e-25   88.1  13.6   1   2   2.1e-08     4e-06   24.9   0.1     9    75    17    85    13    88 0.89 MFS transporter Seo1, putative [Cordyceps militaris CM01]
EGX90486.1           -            442 22957at5125          -            448   2.5e-25   88.1  13.6   2   2   9.8e-21   1.8e-18   65.5   9.5   108   416    87   414    81   439 0.70 MFS transporter Seo1, putative [Cordyceps militaris CM01]
EGX94697.1           -            406 22957at5125          -            448   6.3e-22   76.9  10.7   1   1   5.7e-23   1.1e-20   72.9  10.7    13   333    44   365    35   405 0.77 Major facilitator superfamily transporter [Cordyceps militaris CM01]
EGX93375.1           -            189 22957at5125          -            448   5.7e-16   57.3   4.8   1   1   3.4e-18   6.2e-16   57.2   4.8    85   237    18   171     6   189 0.87 allantoate permease, putative [Cordyceps militaris CM01]
EGX95721.1           -            550 22957at5125          -            448   8.7e-15   53.4  10.7   1   1   6.5e-17   1.2e-14   53.0  10.7    26   419    92   508    67   535 0.71 putative allantoate permease of the major facilitator superfamily [Cordyceps militaris CM01]
#
# Program:         hmmsearch
# Version:         3.1b2 (February 2015)
# Pipeline mode:   SEARCH
# Query file:      /home/zack/funannotate_db/hypocreales_odb10/hmms/22957at5125.hmm
# Target file:     /home/zack/Desktop/IsariaPreferralGenome/MyGenomeSubmittedToNCBI/HypocrealesProteinSets/Cmilitaris_CM01.faa
# Option settings: hmmsearch --domtblout /home/zack/Desktop/IsariaPreferralGenome/MyGenomeSubmittedToNCBI/HypocrealesProteinSets/BUSCO_AA_all/BUSCO_AA_Cmilitaris_CM01/run_hypocreales_odb10/hmmer_output/initial_run_results/22957at5125.out --cpu 1 /home/zack/funannotate_db/hypocreales_odb10/hmms/22957at5125.hmm /home/zack/Desktop/IsariaPreferralGenome/MyGenomeSubmittedToNCBI/HypocrealesProteinSets/Cmilitaris_CM01.faa 
# Current dir:     /home/zack/Desktop/IsariaPreferralGenome/MyGenomeSubmittedToNCBI/HypocrealesProteinSets/BUSCO_AA_all
# Date:            Mon Mar  4 15:13:41 2024
# [ok]
