#                                                                            --- full sequence --- -------------- this domain -------------   hmm coord   ali coord   env coord
# target name        accession   tlen query name           accession   qlen   E-value  score  bias   #  of  c-Evalue  i-Evalue  score  bias  from    to  from    to  from    to  acc description of target
#------------------- ---------- ----- -------------------- ---------- ----- --------- ------ ----- --- --- --------- --------- ------ ----- ----- ----- ----- ----- ----- ----- ---- ---------------------
EGX92954.1           -            690 24600at5125          -            407  6.4e-229  758.6   1.4   1   3  1.1e-130  1.8e-127  424.5   0.0     1   222     2   240     2   250 0.93 chromatin remodeling complex subunit (Arp9), putative [Cordyceps militaris CM01]
EGX92954.1           -            690 24600at5125          -            407  6.4e-229  758.6   1.4   2   3   1.6e-24   2.6e-21   74.9   0.1   222   279   290   357   286   371 0.82 chromatin remodeling complex subunit (Arp9), putative [Cordyceps militaris CM01]
EGX92954.1           -            690 24600at5125          -            407  6.4e-229  758.6   1.4   3   3   9.8e-80   1.6e-76  256.7   0.0   270   407   444   585   415   585 0.91 chromatin remodeling complex subunit (Arp9), putative [Cordyceps militaris CM01]
EGX93565.1           -            729 24600at5125          -            407   3.5e-05   21.7   0.3   1   3      0.22   3.6e+02   -1.3   0.0    10    69   107   170   100   186 0.60 chromatin remodeling complex subunit (Arp8), putative [Cordyceps militaris CM01]
EGX93565.1           -            729 24600at5125          -            407   3.5e-05   21.7   0.3   2   3      0.84   1.3e+03   -3.2   0.0   253   272   184   203   154   215 0.72 chromatin remodeling complex subunit (Arp8), putative [Cordyceps militaris CM01]
EGX93565.1           -            729 24600at5125          -            407   3.5e-05   21.7   0.3   3   3   1.3e-07    0.0002   19.2   0.0   133   196   331   393   305   403 0.81 chromatin remodeling complex subunit (Arp8), putative [Cordyceps militaris CM01]
EGX91275.1           -            467 24600at5125          -            407   0.00036   18.4   0.0   1   2   4.9e-07   0.00079   17.3   0.0   107   186   147   226   141   242 0.81 chromatin remodeling and histone acetyltransferase complexes subunit (Arp4) putative [Cordyceps militaris CM01]
EGX91275.1           -            467 24600at5125          -            407   0.00036   18.4   0.0   2   2       1.3     2e+03   -3.8   0.0   321   354   376   409   366   411 0.79 chromatin remodeling and histone acetyltransferase complexes subunit (Arp4) putative [Cordyceps militaris CM01]
EGX91213.1           -            375 24600at5125          -            407    0.0048   14.7   0.0   1   1   4.6e-06    0.0075   14.1   0.0   101   198    98   194    42   220 0.84 actin [Cordyceps militaris CM01]
EGX92414.1           -            375 24600at5125          -            407     0.011   13.6   0.0   1   1   9.4e-06     0.015   13.1   0.0   102   198    99   194    44   222 0.86 actin [Cordyceps militaris CM01]
EGX87634.1           -            386 24600at5125          -            407     0.017   12.9   0.0   1   2    0.0006      0.96    7.1   0.0    97   197    97   196    82   230 0.78 actin-like protein (Centractin) [Cordyceps militaris CM01]
EGX87634.1           -            386 24600at5125          -            407     0.017   12.9   0.0   2   2    0.0062       9.9    3.8   0.0   281   353   251   330   235   342 0.72 actin-like protein (Centractin) [Cordyceps militaris CM01]
#
# Program:         hmmsearch
# Version:         3.1b2 (February 2015)
# Pipeline mode:   SEARCH
# Query file:      /home/zack/funannotate_db/hypocreales_odb10/hmms/24600at5125.hmm
# Target file:     /home/zack/Desktop/IsariaPreferralGenome/MyGenomeSubmittedToNCBI/HypocrealesProteinSets/Cmilitaris_CM01.faa
# Option settings: hmmsearch --domtblout /home/zack/Desktop/IsariaPreferralGenome/MyGenomeSubmittedToNCBI/HypocrealesProteinSets/BUSCO_AA_all/BUSCO_AA_Cmilitaris_CM01/run_hypocreales_odb10/hmmer_output/initial_run_results/24600at5125.out --cpu 1 /home/zack/funannotate_db/hypocreales_odb10/hmms/24600at5125.hmm /home/zack/Desktop/IsariaPreferralGenome/MyGenomeSubmittedToNCBI/HypocrealesProteinSets/Cmilitaris_CM01.faa 
# Current dir:     /home/zack/Desktop/IsariaPreferralGenome/MyGenomeSubmittedToNCBI/HypocrealesProteinSets/BUSCO_AA_all
# Date:            Mon Mar  4 15:14:01 2024
# [ok]
