#                                                                            --- full sequence --- -------------- this domain -------------   hmm coord   ali coord   env coord
# target name        accession   tlen query name           accession   qlen   E-value  score  bias   #  of  c-Evalue  i-Evalue  score  bias  from    to  from    to  from    to  acc description of target
#------------------- ---------- ----- -------------------- ---------- ----- --------- ------ ----- --- --- --------- --------- ------ ----- ----- ----- ----- ----- ----- ----- ---- ---------------------
EGX92234.1           -            430 24675at5125          -            347  8.4e-176  583.4   9.4   1   1  6.8e-176  3.1e-173  575.0   9.4     1   340     4   386     4   395 0.88 mitochondrial protein import protein MAS5 [Cordyceps militaris CM01]
EGX87840.1           -            426 24675at5125          -            347   7.8e-68  228.4   0.1   1   1   2.1e-70   9.8e-68  228.0   0.1     4   328    19   381    15   398 0.82 DnaJ domain protein (Mas5), putative [Cordyceps militaris CM01]
EGX92265.1           -            418 24675at5125          -            347   4.5e-48  163.4   1.1   1   1   1.3e-50   6.1e-48  162.9   1.1     2   303    23   375    21   389 0.80 DnaJ domain-containing protein [Cordyceps militaris CM01]
EGX94771.1           -            533 24675at5125          -            347   4.9e-35  120.5  12.5   1   2   2.5e-17   1.2e-14   53.5   0.5     4    72    77   145    74   156 0.85 mitochondrial DnaJ chaperone (Mdj1), putative [Cordyceps militaris CM01]
EGX94771.1           -            533 24675at5125          -            347   4.9e-35  120.5  12.5   2   2   2.3e-22   1.1e-19   70.1   5.9    69   303   168   433   162   484 0.76 mitochondrial DnaJ chaperone (Mdj1), putative [Cordyceps militaris CM01]
EGX89382.1           -            513 24675at5125          -            347   4.2e-17   61.5   0.2   1   1   1.5e-19   6.7e-17   60.9   0.2     4    89     7    93     4    98 0.85 DnaJ domain protein [Cordyceps militaris CM01]
EGX96887.1           -            764 24675at5125          -            347   5.9e-17   61.0   0.1   1   1     2e-19     9e-17   60.4   0.1     3    80   527   610   524   625 0.77 DNAJ domain containing protein [Cordyceps militaris CM01]
EGX90896.1           -            296 24675at5125          -            347   1.3e-14   53.3   0.2   1   1   4.8e-17   2.2e-14   52.6   0.2     4    90    18   107    16   127 0.85 DnaJ domain protein [Cordyceps militaris CM01]
EGX93866.1           -            484 24675at5125          -            347   8.5e-12   44.1   0.1   1   2   1.9e-14   8.5e-12   44.1   0.1     8    68   166   226   156   251 0.84 ER associated DnaJ chaperone (Hlj1), putative [Cordyceps militaris CM01]
EGX93866.1           -            484 24675at5125          -            347   8.5e-12   44.1   0.1   2   2      0.74   3.4e+02   -0.7   1.2    68    91   263   286   254   289 0.68 ER associated DnaJ chaperone (Hlj1), putative [Cordyceps militaris CM01]
EGX88608.1           -            445 24675at5125          -            347   1.1e-08   33.8   0.5   1   1   2.4e-11   1.1e-08   33.8   0.5     3    69   102   174   100   209 0.77 heat shock protein, Hsp40, DnaJ [Cordyceps militaris CM01]
EGX93825.1           -            238 24675at5125          -            347   1.2e-08   33.7   0.1   1   1     4e-11   1.8e-08   33.1   0.1     4    64     6    67     2    72 0.91 heat shock protein DnaJ domain protein [Cordyceps militaris CM01]
EGX96560.1           -            521 24675at5125          -            347   1.8e-08   33.2   0.2   1   1   7.4e-11   3.4e-08   32.2   0.2     3    74   404   480   401   485 0.83 heat shock protein, Hsp40, DnaJ [Cordyceps militaris CM01]
EGX95857.1           -            346 24675at5125          -            347   1.9e-08   33.0   0.0   1   1   6.4e-11   2.9e-08   32.4   0.0     3    64    98   160    96   172 0.91 DnaJ domain protein [Cordyceps militaris CM01]
EGX96795.1           -            279 24675at5125          -            347   4.1e-07   28.7   0.3   1   2     9e-10   4.1e-07   28.7   0.3     4    71    23    90    19   144 0.78 Heat shock protein DnaJ [Cordyceps militaris CM01]
EGX96795.1           -            279 24675at5125          -            347   4.1e-07   28.7   0.3   2   2      0.54   2.5e+02   -0.2   0.3    13    51   154   193   149   220 0.78 Heat shock protein DnaJ [Cordyceps militaris CM01]
EGX89591.1           -            548 24675at5125          -            347   1.6e-06   26.7   1.0   1   2   4.6e-09   2.1e-06   26.3   0.1     4    64     9    73     6    79 0.85 DnaJ domain protein [Cordyceps militaris CM01]
EGX89591.1           -            548 24675at5125          -            347   1.6e-06   26.7   1.0   2   2       4.5   2.1e+03   -3.2   0.1    14    43   218   247   212   252 0.80 DnaJ domain protein [Cordyceps militaris CM01]
EGX91194.1           -            830 24675at5125          -            347   2.2e-06   26.3   0.1   1   1   9.1e-09   4.2e-06   25.3   0.1     4    64     7    70     4    89 0.81 Heat shock protein DnaJ [Cordyceps militaris CM01]
EGX92009.1           -            228 24675at5125          -            347   1.6e-05   23.4   0.0   1   1   5.1e-08   2.3e-05   22.9   0.0     4    64     9    74     6    84 0.79 DnaJ chaperone (Caj1) [Cordyceps militaris CM01]
EGX94518.1           -            702 24675at5125          -            347   7.4e-05   21.2   0.3   1   2   4.1e-07   0.00019   19.9   0.0     4    68   107   179   105   195 0.77 translocation complex component [Cordyceps militaris CM01]
EGX94518.1           -            702 24675at5125          -            347   7.4e-05   21.2   0.3   2   2       6.7   3.1e+03   -3.8   0.1    59    87   241   269   235   273 0.79 translocation complex component [Cordyceps militaris CM01]
EGX92223.1           -            174 24675at5125          -            347   9.6e-05   20.9   0.0   1   1   2.8e-07   0.00013   20.5   0.0    15    64    35    85    23   108 0.78 DnaJ domain protein [Cordyceps militaris CM01]
EGX94772.1           -            235 24675at5125          -            347   0.00025   19.5   0.5   1   3   1.1e-06   0.00051   18.5   0.0     3    63    45   105    43   144 0.75 DnaJ domain protein [Cordyceps militaris CM01]
EGX94772.1           -            235 24675at5125          -            347   0.00025   19.5   0.5   2   3       2.3   1.1e+03   -2.3   0.0    47    71   139   166   124   176 0.72 DnaJ domain protein [Cordyceps militaris CM01]
EGX94772.1           -            235 24675at5125          -            347   0.00025   19.5   0.5   3   3       1.7   7.9e+02   -1.9   0.1    61    77   200   216   146   221 0.60 DnaJ domain protein [Cordyceps militaris CM01]
EGX96749.1           -            405 24675at5125          -            347    0.0079   14.6   0.0   1   1   3.3e-05     0.015   13.6   0.0     3    48    46    91    44   124 0.82 DnaJ domain protein [Cordyceps militaris CM01]
EGX97089.1           -            359 24675at5125          -            347     0.019   13.4   0.0   1   1     6e-05     0.028   12.8   0.0     4    71    71   146    68   157 0.73 membrane associated DnaJ chaperone, putative [Cordyceps militaris CM01]
#
# Program:         hmmsearch
# Version:         3.1b2 (February 2015)
# Pipeline mode:   SEARCH
# Query file:      /home/zack/funannotate_db/hypocreales_odb10/hmms/24675at5125.hmm
# Target file:     /home/zack/Desktop/IsariaPreferralGenome/MyGenomeSubmittedToNCBI/HypocrealesProteinSets/Cmilitaris_CM01.faa
# Option settings: hmmsearch --domtblout /home/zack/Desktop/IsariaPreferralGenome/MyGenomeSubmittedToNCBI/HypocrealesProteinSets/BUSCO_AA_all/BUSCO_AA_Cmilitaris_CM01/run_hypocreales_odb10/hmmer_output/initial_run_results/24675at5125.out --cpu 1 /home/zack/funannotate_db/hypocreales_odb10/hmms/24675at5125.hmm /home/zack/Desktop/IsariaPreferralGenome/MyGenomeSubmittedToNCBI/HypocrealesProteinSets/Cmilitaris_CM01.faa 
# Current dir:     /home/zack/Desktop/IsariaPreferralGenome/MyGenomeSubmittedToNCBI/HypocrealesProteinSets/BUSCO_AA_all
# Date:            Mon Mar  4 15:14:06 2024
# [ok]
