#                                                                            --- full sequence --- -------------- this domain -------------   hmm coord   ali coord   env coord
# target name        accession   tlen query name           accession   qlen   E-value  score  bias   #  of  c-Evalue  i-Evalue  score  bias  from    to  from    to  from    to  acc description of target
#------------------- ---------- ----- -------------------- ---------- ----- --------- ------ ----- --- --- --------- --------- ------ ----- ----- ----- ----- ----- ----- ----- ---- ---------------------
EGX91053.1           -            365 28882at5125          -            325  4.9e-187  620.1   1.7   1   2    1e-143  6.3e-141  468.6   0.1     1   235     1   242     1   246 0.97 phosphatidylinositol 3,5-bisphosphate-binding protein, putative [Cordyceps militaris CM01]
EGX91053.1           -            365 28882at5125          -            325  4.9e-187  620.1   1.7   2   2     4e-47   2.4e-44  151.1   0.2   235   325   263   365   260   365 0.93 phosphatidylinositol 3,5-bisphosphate-binding protein, putative [Cordyceps militaris CM01]
EGX89189.1           -            525 28882at5125          -            325   1.3e-29  102.7   0.4   1   2   3.2e-09   1.9e-06   26.6   0.0    12   132    95   220    85   228 0.76 protein-vacuolar targeting protein Atg18 [Cordyceps militaris CM01]
EGX89189.1           -            525 28882at5125          -            325   1.3e-29  102.7   0.4   2   2   1.3e-23     8e-21   73.8   0.1   139   234   255   352   248   359 0.90 protein-vacuolar targeting protein Atg18 [Cordyceps militaris CM01]
EGX94029.1           -            541 28882at5125          -            325   3.7e-09   35.5   0.1   1   2   0.00014     0.084   11.3   0.0   159   233   191   263   186   269 0.86 WD repeat-containing protein [Cordyceps militaris CM01]
EGX94029.1           -            541 28882at5125          -            325   3.7e-09   35.5   0.1   2   2   1.6e-07   9.6e-05   21.0   0.0   143   219   319   394   294   411 0.76 WD repeat-containing protein [Cordyceps militaris CM01]
EGX93957.1           -            959 28882at5125          -            325   2.7e-06   26.1   0.1   1   4      0.25   1.5e+02    0.6   0.0   113   186    56   135    33   154 0.68 WD domain-containing protein [Cordyceps militaris CM01]
EGX93957.1           -            959 28882at5125          -            325   2.7e-06   26.1   0.1   2   4   9.3e-05     0.056   11.9   0.0   154   199   416   462   407   472 0.86 WD domain-containing protein [Cordyceps militaris CM01]
EGX93957.1           -            959 28882at5125          -            325   2.7e-06   26.1   0.1   3   4    0.0019       1.1    7.6   0.0   131   181   474   525   459   531 0.85 WD domain-containing protein [Cordyceps militaris CM01]
EGX93957.1           -            959 28882at5125          -            325   2.7e-06   26.1   0.1   4   4      0.78   4.7e+02   -1.0   0.0   158   191   690   722   684   738 0.80 WD domain-containing protein [Cordyceps militaris CM01]
EGX89582.1           -            752 28882at5125          -            325   6.3e-06   24.9   0.0   1   2       1.1   6.4e+02   -1.4   0.0   164   191   379   405   355   412 0.73 transcription initiation factor TFIID subunit, putative [Cordyceps militaris CM01]
EGX89582.1           -            752 28882at5125          -            325   6.3e-06   24.9   0.0   2   2   5.9e-08   3.6e-05   22.4   0.0   140   235   559   654   526   657 0.87 transcription initiation factor TFIID subunit, putative [Cordyceps militaris CM01]
EGX93648.1           -            621 28882at5125          -            325   0.00014   20.4   0.0   1   1     4e-07   0.00024   19.7   0.0   155   234   133   209   110   214 0.81 protein PFS2 [Cordyceps militaris CM01]
EGX94487.1           -            729 28882at5125          -            325   0.00016   20.2   0.2   1   2       2.8   1.7e+03   -2.8   0.0   169   226   470   525   451   531 0.61 F-box and WD40 domain protein, putative [Cordyceps militaris CM01]
EGX94487.1           -            729 28882at5125          -            325   0.00016   20.2   0.2   2   2   7.7e-07   0.00046   18.7   0.0   144   235   567   658   551   668 0.86 F-box and WD40 domain protein, putative [Cordyceps militaris CM01]
EGX94925.1           -            901 28882at5125          -            325    0.0006   18.4   0.0   1   2      0.13        81    1.5   0.0   137   187   198   249   185   281 0.85 small nucleolar ribonucleoprotein complex subunit [Cordyceps militaris CM01]
EGX94925.1           -            901 28882at5125          -            325    0.0006   18.4   0.0   2   2   2.7e-05     0.016   13.7   0.0   153   226   527   597   512   602 0.84 small nucleolar ribonucleoprotein complex subunit [Cordyceps militaris CM01]
EGX94611.1           -            931 28882at5125          -            325   0.00078   18.0   0.0   1   2   7.3e-06    0.0044   15.5   0.0   110   216    69   176    65   189 0.88 beta-Ala-His dipeptidase [Cordyceps militaris CM01]
EGX94611.1           -            931 28882at5125          -            325   0.00078   18.0   0.0   2   2      0.66     4e+02   -0.8   0.0   130   170   334   375   318   390 0.78 beta-Ala-His dipeptidase [Cordyceps militaris CM01]
EGX96106.1           -            318 28882at5125          -            325    0.0026   16.3   0.1   1   2      0.48   2.9e+02   -0.3   0.0   143   184    86   128    59   158 0.61 guanine nucleotide-binding protein beta subunit-like protein [Cordyceps militaris CM01]
EGX96106.1           -            318 28882at5125          -            325    0.0026   16.3   0.1   2   2   2.2e-05     0.013   14.0   0.0   159   237   190   264   167   272 0.86 guanine nucleotide-binding protein beta subunit-like protein [Cordyceps militaris CM01]
EGX94193.1           -            873 28882at5125          -            325    0.0032   16.0   0.0   1   2    0.0031       1.9    6.9   0.1    97   220    34   154    13   180 0.79 WD40 repeat-like-containing domain [Cordyceps militaris CM01]
EGX94193.1           -            873 28882at5125          -            325    0.0032   16.0   0.0   2   2    0.0038       2.3    6.6   0.0   158   186   231   259   203   295 0.85 WD40 repeat-like-containing domain [Cordyceps militaris CM01]
EGX90330.1           -            354 28882at5125          -            325    0.0034   15.9   0.0   1   3    0.0031       1.9    6.9   0.0   152   234    96   177    73   186 0.71 U5 snRNP complex subunit [Cordyceps militaris CM01]
EGX90330.1           -            354 28882at5125          -            325    0.0034   15.9   0.0   2   3      0.13        80    1.5   0.0   137   184   206   254   185   278 0.74 U5 snRNP complex subunit [Cordyceps militaris CM01]
EGX90330.1           -            354 28882at5125          -            325    0.0034   15.9   0.0   3   3      0.04        24    3.2   0.0   169   228   289   348   276   350 0.71 U5 snRNP complex subunit [Cordyceps militaris CM01]
EGX91239.1           -            603 28882at5125          -            325    0.0045   15.5   0.0   1   2    0.0077       4.7    5.6   0.0    77   219   326   470   291   492 0.74 WD-repeat containing protein slp1 [Cordyceps militaris CM01]
EGX91239.1           -            603 28882at5125          -            325    0.0045   15.5   0.0   2   2    0.0018       1.1    7.7   0.0   157   183   541   567   533   580 0.85 WD-repeat containing protein slp1 [Cordyceps militaris CM01]
EGX90767.1           -            350 28882at5125          -            325     0.013   14.0   0.0   1   1   3.1e-05     0.019   13.5   0.0   100   185    36   125    15   177 0.78 nuclear pore complex subunit [Cordyceps militaris CM01]
EGX93877.1           -            473 28882at5125          -            325     0.028   12.9   0.1   1   2      0.85   5.1e+02   -1.1   0.0   138   186   251   298   217   312 0.79 cell cycle control protein [Cordyceps militaris CM01]
EGX93877.1           -            473 28882at5125          -            325     0.028   12.9   0.1   2   2   0.00031      0.18   10.2   0.0   162   235   315   386   306   392 0.85 cell cycle control protein [Cordyceps militaris CM01]
EGX97061.1           -           1038 28882at5125          -            325      0.11   11.0   0.0   1   3     0.084        51    2.2   0.0   169   230    25    95    17   102 0.47 TUP1-like enhancer of split [Cordyceps militaris CM01]
EGX97061.1           -           1038 28882at5125          -            325      0.11   11.0   0.0   2   3    0.0097       5.8    5.3   0.0   155   187   165   196   147   210 0.86 TUP1-like enhancer of split [Cordyceps militaris CM01]
EGX97061.1           -           1038 28882at5125          -            325      0.11   11.0   0.0   3   3         6   3.6e+03   -3.9   0.0   165   188   345   368   334   370 0.81 TUP1-like enhancer of split [Cordyceps militaris CM01]
#
# Program:         hmmsearch
# Version:         3.1b2 (February 2015)
# Pipeline mode:   SEARCH
# Query file:      /home/zack/funannotate_db/hypocreales_odb10/hmms/28882at5125.hmm
# Target file:     /home/zack/Desktop/IsariaPreferralGenome/MyGenomeSubmittedToNCBI/HypocrealesProteinSets/Cmilitaris_CM01.faa
# Option settings: hmmsearch --domtblout /home/zack/Desktop/IsariaPreferralGenome/MyGenomeSubmittedToNCBI/HypocrealesProteinSets/BUSCO_AA_all/BUSCO_AA_Cmilitaris_CM01/run_hypocreales_odb10/hmmer_output/initial_run_results/28882at5125.out --cpu 1 /home/zack/funannotate_db/hypocreales_odb10/hmms/28882at5125.hmm /home/zack/Desktop/IsariaPreferralGenome/MyGenomeSubmittedToNCBI/HypocrealesProteinSets/Cmilitaris_CM01.faa 
# Current dir:     /home/zack/Desktop/IsariaPreferralGenome/MyGenomeSubmittedToNCBI/HypocrealesProteinSets/BUSCO_AA_all
# Date:            Mon Mar  4 15:14:30 2024
# [ok]
