#                                                                            --- full sequence --- -------------- this domain -------------   hmm coord   ali coord   env coord
# target name        accession   tlen query name           accession   qlen   E-value  score  bias   #  of  c-Evalue  i-Evalue  score  bias  from    to  from    to  from    to  acc description of target
#------------------- ---------- ----- -------------------- ---------- ----- --------- ------ ----- --- --- --------- --------- ------ ----- ----- ----- ----- ----- ----- ----- ---- ---------------------
EGX89120.1           -            544 29032at5125          -            321  1.3e-175  582.1   0.1   1   1  1.2e-178  2.3e-175  581.3   0.1     1   321   105   464   105   464 0.94 SUMO activating enzyme (AosA), putative [Cordyceps militaris CM01]
EGX89325.1           -           1027 29032at5125          -            321   9.1e-32  109.5   0.0   1   3   2.8e-24   5.3e-21   74.1   0.0     5   166    26   196    22   208 0.88 ubiquitin-activating enzyme E1 1 [Cordyceps militaris CM01]
EGX89325.1           -           1027 29032at5125          -            321   9.1e-32  109.5   0.0   2   3   0.00027      0.53    8.4   0.0   253   299   353   399   333   407 0.82 ubiquitin-activating enzyme E1 1 [Cordyceps militaris CM01]
EGX89325.1           -           1027 29032at5125          -            321   9.1e-32  109.5   0.0   3   3     1e-08     2e-05   22.9   0.0     6    94   420   519   417   559 0.89 ubiquitin-activating enzyme E1 1 [Cordyceps militaris CM01]
EGX95784.1           -            527 29032at5125          -            321   4.8e-23   80.8   0.0   1   2     9e-19   1.7e-15   56.0   0.0     5   144    16   173    12   177 0.82 ubiquitin-like activating enzyme (UlaA) [Cordyceps militaris CM01]
EGX95784.1           -            527 29032at5125          -            321   4.8e-23   80.8   0.0   2   2   1.7e-08   3.3e-05   22.2   0.0   260   301   478   519   459   526 0.88 ubiquitin-like activating enzyme (UlaA) [Cordyceps militaris CM01]
EGX95566.1           -            700 29032at5125          -            321   1.9e-07   29.5   0.0   1   1   1.7e-10   3.4e-07   28.7   0.0    15   111    92   199    83   232 0.75 ubiquitin-like activating enzyme, putative [Cordyceps militaris CM01]
EGX93978.1           -            432 29032at5125          -            321     0.008   14.3   0.1   1   1   7.2e-06     0.014   13.6   0.1    23   109    44   139    36   167 0.79 NEDD8-activating enzyme E1 catalytic subunit [Cordyceps militaris CM01]
#
# Program:         hmmsearch
# Version:         3.1b2 (February 2015)
# Pipeline mode:   SEARCH
# Query file:      /home/zack/funannotate_db/hypocreales_odb10/hmms/29032at5125.hmm
# Target file:     /home/zack/Desktop/IsariaPreferralGenome/MyGenomeSubmittedToNCBI/HypocrealesProteinSets/Cmilitaris_CM01.faa
# Option settings: hmmsearch --domtblout /home/zack/Desktop/IsariaPreferralGenome/MyGenomeSubmittedToNCBI/HypocrealesProteinSets/BUSCO_AA_all/BUSCO_AA_Cmilitaris_CM01/run_hypocreales_odb10/hmmer_output/initial_run_results/29032at5125.out --cpu 1 /home/zack/funannotate_db/hypocreales_odb10/hmms/29032at5125.hmm /home/zack/Desktop/IsariaPreferralGenome/MyGenomeSubmittedToNCBI/HypocrealesProteinSets/Cmilitaris_CM01.faa 
# Current dir:     /home/zack/Desktop/IsariaPreferralGenome/MyGenomeSubmittedToNCBI/HypocrealesProteinSets/BUSCO_AA_all
# Date:            Mon Mar  4 15:14:34 2024
# [ok]
