#                                                                            --- full sequence --- -------------- this domain -------------   hmm coord   ali coord   env coord
# target name        accession   tlen query name           accession   qlen   E-value  score  bias   #  of  c-Evalue  i-Evalue  score  bias  from    to  from    to  from    to  acc description of target
#------------------- ---------- ----- -------------------- ---------- ----- --------- ------ ----- --- --- --------- --------- ------ ----- ----- ----- ----- ----- ----- ----- ---- ---------------------
EGX89332.1           -            372 29909at5125          -            320  4.9e-185  613.0   0.5   1   1  1.1e-185  1.5e-182  604.8   0.5     1   320     1   368     1   368 0.91 GAL10 bifunctional protein [Cordyceps militaris CM01]
EGX90617.1           -            369 29909at5125          -            320   2.9e-07   28.9   0.0   1   2     0.023        31    2.5   0.0     3    26    11    34     9    61 0.74 C-3 sterol dehydrogenase/C-4 decarboxylase family protein [Cordyceps militaris CM01]
EGX90617.1           -            369 29909at5125          -            320   2.9e-07   28.9   0.0   2   2   6.3e-09   8.7e-06   24.0   0.0    69   223    98   240    72   248 0.79 C-3 sterol dehydrogenase/C-4 decarboxylase family protein [Cordyceps militaris CM01]
EGX96412.1           -            425 29909at5125          -            320   3.7e-05   22.0   0.4   1   2     0.014        19    3.2   0.0     3    36    40    76    38    90 0.75 dtdp-glucose 4,6-dehydratase [Cordyceps militaris CM01]
EGX96412.1           -            425 29909at5125          -            320   3.7e-05   22.0   0.4   2   2   1.1e-06    0.0015   16.7   0.1    55   156   124   222   102   235 0.77 dtdp-glucose 4,6-dehydratase [Cordyceps militaris CM01]
EGX88763.1           -            324 29909at5125          -            320   4.4e-05   21.7   0.0   1   2     0.017        24    2.9   0.0     6    34     3    31     1    37 0.92 nucleoside-diphosphate-sugar epimerase, putative [Cordyceps militaris CM01]
EGX88763.1           -            324 29909at5125          -            320   4.4e-05   21.7   0.0   2   2   1.1e-06    0.0015   16.7   0.0    45   179    70   210    67   215 0.68 nucleoside-diphosphate-sugar epimerase, putative [Cordyceps militaris CM01]
EGX92198.1           -            327 29909at5125          -            320    0.0013   16.9   0.0   1   3      0.07        97    0.9   0.0     4    33     5    36     2    40 0.77 nucleoside-diphosphate-sugar epimerase, putative [Cordyceps militaris CM01]
EGX92198.1           -            327 29909at5125          -            320    0.0013   16.9   0.0   2   3   2.9e-05      0.04   12.0   0.0    56   139    85   167    68   175 0.83 nucleoside-diphosphate-sugar epimerase, putative [Cordyceps militaris CM01]
EGX92198.1           -            327 29909at5125          -            320    0.0013   16.9   0.0   3   3       0.2   2.7e+02   -0.6   0.0   235   297   256   319   229   324 0.74 nucleoside-diphosphate-sugar epimerase, putative [Cordyceps militaris CM01]
EGX93853.1           -            337 29909at5125          -            320     0.025   12.7   0.0   1   1   0.00025      0.34    8.9   0.0    60   136    76   159     3   175 0.60 oxidoreductase [Cordyceps militaris CM01]
EGX93842.1           -            482 29909at5125          -            320     0.065   11.3   0.2   1   2    0.0057       7.9    4.5   0.2   251   298   240   287   230   293 0.85 flotillin domain-containing protein [Cordyceps militaris CM01]
EGX93842.1           -            482 29909at5125          -            320     0.065   11.3   0.2   2   2    0.0057       7.8    4.5   0.0   209   238   396   425   390   437 0.91 flotillin domain-containing protein [Cordyceps militaris CM01]
#
# Program:         hmmsearch
# Version:         3.1b2 (February 2015)
# Pipeline mode:   SEARCH
# Query file:      /home/zack/funannotate_db/hypocreales_odb10/hmms/29909at5125.hmm
# Target file:     /home/zack/Desktop/IsariaPreferralGenome/MyGenomeSubmittedToNCBI/HypocrealesProteinSets/Cmilitaris_CM01.faa
# Option settings: hmmsearch --domtblout /home/zack/Desktop/IsariaPreferralGenome/MyGenomeSubmittedToNCBI/HypocrealesProteinSets/BUSCO_AA_all/BUSCO_AA_Cmilitaris_CM01/run_hypocreales_odb10/hmmer_output/initial_run_results/29909at5125.out --cpu 1 /home/zack/funannotate_db/hypocreales_odb10/hmms/29909at5125.hmm /home/zack/Desktop/IsariaPreferralGenome/MyGenomeSubmittedToNCBI/HypocrealesProteinSets/Cmilitaris_CM01.faa 
# Current dir:     /home/zack/Desktop/IsariaPreferralGenome/MyGenomeSubmittedToNCBI/HypocrealesProteinSets/BUSCO_AA_all
# Date:            Mon Mar  4 15:14:30 2024
# [ok]
