#                                                                            --- full sequence --- -------------- this domain -------------   hmm coord   ali coord   env coord
# target name        accession   tlen query name           accession   qlen   E-value  score  bias   #  of  c-Evalue  i-Evalue  score  bias  from    to  from    to  from    to  acc description of target
#------------------- ---------- ----- -------------------- ---------- ----- --------- ------ ----- --- --- --------- --------- ------ ----- ----- ----- ----- ----- ----- ----- ---- ---------------------
EGX92230.1           -            434 30121at5125          -            340  2.6e-191  634.0   1.3   1   2  3.1e-175  2.9e-173  574.6   0.0     1   305     7   356     7   377 0.91 serine/threonine protein kinase, putative [Cordyceps militaris CM01]
EGX92230.1           -            434 30121at5125          -            340  2.6e-191  634.0   1.3   2   2   1.3e-16   1.3e-14   53.0   0.3   299   340   385   426   376   426 0.93 serine/threonine protein kinase, putative [Cordyceps militaris CM01]
EGX90832.1           -            972 30121at5125          -            340   5.7e-26   90.3   0.0   1   2   1.2e-10   1.1e-08   33.5   0.0    13   149    49   186    46   192 0.84 serine/threonine protein kinase, putative [Cordyceps militaris CM01]
EGX90832.1           -            972 30121at5125          -            340   5.7e-26   90.3   0.0   2   2     4e-17   3.8e-15   54.8   0.0   184   330   192   333   187   339 0.85 serine/threonine protein kinase, putative [Cordyceps militaris CM01]
EGX89215.1           -            766 30121at5125          -            340   4.3e-16   57.9   0.1   1   2   9.7e-05    0.0091   14.1   0.1    21    57   195   231   188   247 0.91 serine/threonine protein kinase, putative [Cordyceps militaris CM01]
EGX89215.1           -            766 30121at5125          -            340   4.3e-16   57.9   0.1   2   2   4.6e-13   4.3e-11   41.4   0.0   181   328   318   464   312   468 0.73 serine/threonine protein kinase, putative [Cordyceps militaris CM01]
EGX96763.1           -            690 30121at5125          -            340   5.4e-14   51.0   0.1   1   2     0.019       1.8    6.5   0.0    25    59   320   354   307   383 0.85 cell-cycle checkpoint protein kinase, putative [Cordyceps militaris CM01]
EGX96763.1           -            690 30121at5125          -            340   5.4e-14   51.0   0.1   2   2   3.7e-13   3.5e-11   41.7   0.0   179   329   437   581   414   584 0.85 cell-cycle checkpoint protein kinase, putative [Cordyceps militaris CM01]
EGX87756.1           -            540 30121at5125          -            340   3.9e-12   44.9   0.3   1   3    0.0014      0.13   10.3   0.0    23    59    17    53     7    62 0.89 protein kinase, putative [Cordyceps militaris CM01]
EGX87756.1           -            540 30121at5125          -            340   3.9e-12   44.9   0.3   2   3       2.5   2.3e+02   -0.4   0.0   303   328    70    95    64   107 0.86 protein kinase, putative [Cordyceps militaris CM01]
EGX87756.1           -            540 30121at5125          -            340   3.9e-12   44.9   0.3   3   3   1.3e-09   1.3e-07   30.0   0.0   181   317   148   268   136   275 0.74 protein kinase, putative [Cordyceps militaris CM01]
EGX91394.1           -            705 30121at5125          -            340   3.3e-10   38.5   0.1   1   2   8.1e-05    0.0076   14.3   0.0    25    86    63   125    49   136 0.85 carbon catabolite derepressing protein kinase Snf1 [Cordyceps militaris CM01]
EGX91394.1           -            705 30121at5125          -            340   3.3e-10   38.5   0.1   2   2   1.3e-06   0.00012   20.2   0.0   181   328   180   309   154   312 0.78 carbon catabolite derepressing protein kinase Snf1 [Cordyceps militaris CM01]
EGX96408.1           -            355 30121at5125          -            340   7.4e-10   37.4   0.0   1   2    0.0062      0.58    8.1   0.0    30   149    52   166    40   168 0.77 protein kinase, putative [Cordyceps militaris CM01]
EGX96408.1           -            355 30121at5125          -            340   7.4e-10   37.4   0.0   2   2   4.5e-09   4.2e-07   28.3   0.0   179   276   165   257   155   264 0.77 protein kinase, putative [Cordyceps militaris CM01]
EGX96578.1           -            356 30121at5125          -            340   9.1e-10   37.1   0.0   1   2   2.6e-06   0.00024   19.2   0.0    23   148    21   140     4   145 0.76 mitogen-activated protein kinase [Cordyceps militaris CM01]
EGX96578.1           -            356 30121at5125          -            340   9.1e-10   37.1   0.0   2   2   1.8e-05    0.0017   16.4   0.0   182   293   143   245   131   267 0.71 mitogen-activated protein kinase [Cordyceps militaris CM01]
EGX94025.1           -           1334 30121at5125          -            340   1.2e-09   36.7   0.0   1   2      0.21        19    3.1   0.0    31    59  1038  1066  1021  1123 0.81 MAP kinase kinase kinase SskB, putative [Cordyceps militaris CM01]
EGX94025.1           -           1334 30121at5125          -            340   1.2e-09   36.7   0.0   2   2   6.9e-10   6.4e-08   31.0   0.0   180   330  1150  1301  1142  1311 0.76 MAP kinase kinase kinase SskB, putative [Cordyceps militaris CM01]
EGX89259.1           -            903 30121at5125          -            340   1.4e-09   36.5   0.0   1   2   0.00027     0.026   12.6   0.0    31    72   635   676   627   729 0.69 MAPKK kinase [Cordyceps militaris CM01]
EGX89259.1           -            903 30121at5125          -            340   1.4e-09   36.5   0.0   2   2   5.7e-07   5.4e-05   21.4   0.0   181   280   754   848   749   896 0.67 MAPKK kinase [Cordyceps militaris CM01]
EGX95328.1           -            637 30121at5125          -            340   1.5e-09   36.4   0.0   1   3    0.0013      0.12   10.3   0.0    20    57   228   265   223   286 0.84 serine/threonine-protein kinase cot-1 [Cordyceps militaris CM01]
EGX95328.1           -            637 30121at5125          -            340   1.5e-09   36.4   0.0   2   3    0.0046      0.43    8.5   0.0   182   228   352   397   346   414 0.74 serine/threonine-protein kinase cot-1 [Cordyceps militaris CM01]
EGX95328.1           -            637 30121at5125          -            340   1.5e-09   36.4   0.0   3   3   0.00014     0.013   13.5   0.0   238   277   441   477   422   494 0.83 serine/threonine-protein kinase cot-1 [Cordyceps militaris CM01]
EGX90552.1           -            976 30121at5125          -            340   2.2e-09   35.8   0.0   1   2     0.015       1.4    6.8   0.0    28    81    76   129    70   145 0.88 Serine/threonine-protein kinase [Cordyceps militaris CM01]
EGX90552.1           -            976 30121at5125          -            340   2.2e-09   35.8   0.0   2   2   1.5e-08   1.4e-06   26.6   0.0   181   329   189   329   178   332 0.73 Serine/threonine-protein kinase [Cordyceps militaris CM01]
EGX96039.1           -            859 30121at5125          -            340   7.3e-09   34.1   0.0   1   2       0.1       9.8    4.1   0.0    22    58   446   481   440   485 0.89 serine/threonine protein kinase (Prp4), putative [Cordyceps militaris CM01]
EGX96039.1           -            859 30121at5125          -            340   7.3e-09   34.1   0.0   2   2     1e-08   9.6e-07   27.1   0.0   182   281   571   661   557   673 0.83 serine/threonine protein kinase (Prp4), putative [Cordyceps militaris CM01]
EGX96180.1           -            939 30121at5125          -            340   9.7e-09   33.7   0.0   1   2     0.043         4    5.3   0.0     5    83    74   145    70   158 0.74 serine/threonine protein kinase [Cordyceps militaris CM01]
EGX96180.1           -            939 30121at5125          -            340   9.7e-09   33.7   0.0   2   2   4.1e-08   3.8e-06   25.2   0.0   181   328   204   334   199   341 0.77 serine/threonine protein kinase [Cordyceps militaris CM01]
EGX96469.1           -           1902 30121at5125          -            340   9.9e-09   33.7   1.4   1   4     0.013       1.2    7.1   0.0    24    58   730   764   715   781 0.86 serine threonine protein kinase, putative [Cordyceps militaris CM01]
EGX96469.1           -           1902 30121at5125          -            340   9.9e-09   33.7   1.4   2   4     0.077       7.2    4.5   0.0   180   203   849   872   844   912 0.81 serine threonine protein kinase, putative [Cordyceps militaris CM01]
EGX96469.1           -           1902 30121at5125          -            340   9.9e-09   33.7   1.4   3   4     1e-05   0.00094   17.3   0.0   235   322  1056  1140  1017  1146 0.80 serine threonine protein kinase, putative [Cordyceps militaris CM01]
EGX96469.1           -           1902 30121at5125          -            340   9.9e-09   33.7   1.4   4   4       5.9   5.5e+02   -1.7   0.9   142   190  1755  1802  1752  1848 0.72 serine threonine protein kinase, putative [Cordyceps militaris CM01]
EGX96867.1           -            638 30121at5125          -            340   1.7e-08   32.9   0.0   1   2   7.5e-05     0.007   14.4   0.1    18    57   247   286   240   319 0.88 serine/threonine protein kinase (Nrc-2), putative [Cordyceps militaris CM01]
EGX96867.1           -            638 30121at5125          -            340   1.7e-08   32.9   0.0   2   2   3.5e-05    0.0033   15.5   0.0   183   321   376   528   368   533 0.63 serine/threonine protein kinase (Nrc-2), putative [Cordyceps militaris CM01]
EGX92828.1           -            358 30121at5125          -            340   3.8e-08   31.8   0.0   1   2    0.0004     0.038   12.0   0.0    21    87    16    81    10    88 0.76 mitogen-activated protein kinase sty1 [Cordyceps militaris CM01]
EGX92828.1           -            358 30121at5125          -            340   3.8e-08   31.8   0.0   2   2   6.8e-05    0.0063   14.6   0.0   184   275   138   214   127   229 0.75 mitogen-activated protein kinase sty1 [Cordyceps militaris CM01]
EGX88717.1           -            388 30121at5125          -            340   3.8e-08   31.7   0.0   1   1   8.2e-10   7.7e-08   30.7   0.0   179   286   207   311   196   320 0.85 cell division protein kinase (Ctk1), putative [Cordyceps militaris CM01]
EGX91991.1           -           1438 30121at5125          -            340     4e-08   31.7   0.0   1   2    0.0011     0.098   10.7   0.0    25    58  1032  1065  1026  1077 0.92 serine/threonine-protein kinase sck1 [Cordyceps militaris CM01]
EGX91991.1           -           1438 30121at5125          -            340     4e-08   31.7   0.0   2   2     5e-06   0.00047   18.3   0.0   182   322  1154  1278  1146  1289 0.76 serine/threonine-protein kinase sck1 [Cordyceps militaris CM01]
EGX90471.1           -            837 30121at5125          -            340   4.1e-08   31.6   0.0   1   2     0.003      0.28    9.2   0.0    18    94   486   562   479   567 0.83 checkpoint protein kinase, putative [Cordyceps militaris CM01]
EGX90471.1           -            837 30121at5125          -            340   4.1e-08   31.6   0.0   2   2   1.5e-06   0.00014   20.0   0.0   181   331   616   774   606   779 0.74 checkpoint protein kinase, putative [Cordyceps militaris CM01]
EGX91899.1           -            734 30121at5125          -            340   4.5e-08   31.5   0.0   1   2      0.73        69    1.3   0.0    30    87   157   216   149   254 0.77 protein kinase [Cordyceps militaris CM01]
EGX91899.1           -            734 30121at5125          -            340   4.5e-08   31.5   0.0   2   2   7.3e-09   6.9e-07   27.6   0.0   181   331   313   467   307   473 0.71 protein kinase [Cordyceps militaris CM01]
EGX94246.1           -            685 30121at5125          -            340   5.5e-08   31.2   0.0   1   2     0.069       6.4    4.7   0.0    30    57   251   278   240   292 0.91 protein kinase [Cordyceps militaris CM01]
EGX94246.1           -            685 30121at5125          -            340   5.5e-08   31.2   0.0   2   2   9.4e-08   8.8e-06   24.0   0.0   176   267   353   435   339   511 0.84 protein kinase [Cordyceps militaris CM01]
EGX94353.1           -            458 30121at5125          -            340   9.6e-08   30.4   0.0   1   2     0.015       1.4    6.8   0.0    26    92   178   245   171   295 0.69 serine/threonine-protein kinase Eg2 [Cordyceps militaris CM01]
EGX94353.1           -            458 30121at5125          -            340   9.6e-08   30.4   0.0   2   2   1.5e-06   0.00014   20.0   0.0   180   278   294   381   277   397 0.80 serine/threonine-protein kinase Eg2 [Cordyceps militaris CM01]
EGX96655.1           -            446 30121at5125          -            340   1.5e-07   29.8   0.0   1   2      0.93        87    1.0   0.0    15    58     8    51     4    81 0.85 calcium/calmodulin-dependent protein kinase type I [Cordyceps militaris CM01]
EGX96655.1           -            446 30121at5125          -            340   1.5e-07   29.8   0.0   2   2   2.1e-08   1.9e-06   26.1   0.0   183   328   138   274   129   278 0.75 calcium/calmodulin-dependent protein kinase type I [Cordyceps militaris CM01]
EGX90603.1           -            661 30121at5125          -            340   1.6e-07   29.7   0.1   1   3       0.9        84    1.0   0.0    26    57   280   311   273   320 0.89 serine/threonine-protein kinase cot-1 [Cordyceps militaris CM01]
EGX90603.1           -            661 30121at5125          -            340   1.6e-07   29.7   0.1   2   3     0.019       1.8    6.5   0.0   182   202   398   418   391   429 0.81 serine/threonine-protein kinase cot-1 [Cordyceps militaris CM01]
EGX90603.1           -            661 30121at5125          -            340   1.6e-07   29.7   0.1   3   3   5.7e-06   0.00053   18.1   0.0   233   314   484   561   442   577 0.72 serine/threonine-protein kinase cot-1 [Cordyceps militaris CM01]
EGX93481.1           -            725 30121at5125          -            340   1.6e-07   29.7   0.0   1   2     1e-08   9.8e-07   27.1   0.0   185   331   161   289   154   297 0.71 G2-specific protein kinase nimA [Cordyceps militaris CM01]
EGX93481.1           -            725 30121at5125          -            340   1.6e-07   29.7   0.0   2   2       5.4     5e+02   -1.5   0.0   170   217   544   592   535   596 0.79 G2-specific protein kinase nimA [Cordyceps militaris CM01]
EGX93123.1           -            325 30121at5125          -            340   1.7e-07   29.6   0.0   1   2    0.0013      0.12   10.4   0.0    28    78     6    58     2    74 0.80 Cell division control protein 2 (Cyclin-dependent protein kinase) [Cordyceps militaris CM01]
EGX93123.1           -            325 30121at5125          -            340   1.7e-07   29.6   0.0   2   2   1.7e-05    0.0016   16.5   0.0   183   274   144   222   138   232 0.80 Cell division control protein 2 (Cyclin-dependent protein kinase) [Cordyceps militaris CM01]
EGX96620.1           -           1614 30121at5125          -            340   2.3e-07   29.1   0.0   1   2     0.032         3    5.8   0.0    30    75  1326  1372  1314  1409 0.81 mitogen activated protein kinase kinase kinase 3, mapkkk3, mekk3 [Cordyceps militaris CM01]
EGX96620.1           -           1614 30121at5125          -            340   2.3e-07   29.1   0.0   2   2   8.4e-07   7.9e-05   20.8   0.0   184   329  1449  1585  1438  1588 0.74 mitogen activated protein kinase kinase kinase 3, mapkkk3, mekk3 [Cordyceps militaris CM01]
EGX95329.1           -           1174 30121at5125          -            340   2.6e-07   29.0   0.0   1   2     0.076       7.1    4.5   0.0    27    79    44   103    32   122 0.77 protein kinase, putative [Cordyceps militaris CM01]
EGX95329.1           -           1174 30121at5125          -            340   2.6e-07   29.0   0.0   2   2   4.7e-07   4.4e-05   21.7   0.0   182   328   171   303   161   311 0.75 protein kinase, putative [Cordyceps militaris CM01]
EGX88516.1           -            334 30121at5125          -            340   2.8e-07   28.9   0.0   1   2     0.037       3.4    5.6   0.0    26    81    74   131    64   138 0.77 serine/threonine protein kinase, putative [Cordyceps militaris CM01]
EGX88516.1           -            334 30121at5125          -            340   2.8e-07   28.9   0.0   2   2     2e-06   0.00019   19.6   0.0   180   329   190   322   159   325 0.75 serine/threonine protein kinase, putative [Cordyceps militaris CM01]
EGX91685.1           -            605 30121at5125          -            340   3.8e-07   28.4   0.0   1   2    0.0075      0.71    7.8   0.0    25   139    18   131    10   147 0.76 serine/threonine protein kinase, putative [Cordyceps militaris CM01]
EGX91685.1           -            605 30121at5125          -            340   3.8e-07   28.4   0.0   2   2   1.5e-05    0.0015   16.7   0.0   183   325   144   272   137   285 0.74 serine/threonine protein kinase, putative [Cordyceps militaris CM01]
EGX90859.1           -           1174 30121at5125          -            340   3.9e-07   28.4   0.0   1   1   2.8e-08   2.6e-06   25.7   0.0   180   329   423   585   417   595 0.64 serine/threonine protein kinase (Pdd7p), putative [Cordyceps militaris CM01]
EGX87639.1           -           1463 30121at5125          -            340     5e-07   28.0   0.0   1   2      0.28        26    2.7   0.0    26   131    49   146    44   166 0.64 cell division control protein 15, cdc15 [Cordyceps militaris CM01]
EGX87639.1           -           1463 30121at5125          -            340     5e-07   28.0   0.0   2   2   1.4e-07   1.3e-05   23.4   0.0   181   329   165   297   153   303 0.77 cell division control protein 15, cdc15 [Cordyceps militaris CM01]
EGX95156.1           -            639 30121at5125          -            340   5.1e-07   28.0   0.0   1   2       7.7   7.2e+02   -2.1   0.0    13    47   244   278   240   281 0.85 polymyxin B resistance protein kinase [Cordyceps militaris CM01]
EGX95156.1           -            639 30121at5125          -            340   5.1e-07   28.0   0.0   2   2   1.9e-08   1.7e-06   26.3   0.0   177   328   395   541   385   545 0.77 polymyxin B resistance protein kinase [Cordyceps militaris CM01]
EGX94859.1           -           1230 30121at5125          -            340   8.5e-07   27.3   0.0   1   2       5.9   5.6e+02   -1.7   0.0   101   149   273   320   218   324 0.71 serine/threonine protein kinase (Kcc4), putative [Cordyceps militaris CM01]
EGX94859.1           -           1230 30121at5125          -            340   8.5e-07   27.3   0.0   2   2   3.3e-08   3.1e-06   25.4   0.0   183   328   323   451   309   459 0.74 serine/threonine protein kinase (Kcc4), putative [Cordyceps militaris CM01]
EGX91400.1           -            508 30121at5125          -            340   9.1e-07   27.2   0.0   1   2       4.2   3.9e+02   -1.2   0.0    25    74    64   113    56   120 0.86 MAP kinase kinase Ste7 [Cordyceps militaris CM01]
EGX91400.1           -            508 30121at5125          -            340   9.1e-07   27.2   0.0   2   2   5.5e-08   5.2e-06   24.7   0.0   179   329   180   323   173   331 0.76 MAP kinase kinase Ste7 [Cordyceps militaris CM01]
EGX91638.1           -            327 30121at5125          -            340   1.7e-06   26.3   0.0   1   2   0.00037     0.035   12.1   0.0    24    86     8    69     4    80 0.85 negative regulator of the PHO system [Cordyceps militaris CM01]
EGX91638.1           -            327 30121at5125          -            340   1.7e-06   26.3   0.0   2   2   0.00047     0.044   11.8   0.0   183   280   129   214   121   234 0.73 negative regulator of the PHO system [Cordyceps militaris CM01]
EGX95080.1           -            374 30121at5125          -            340   2.8e-06   25.6   0.0   1   2     0.068       6.3    4.7   0.0    24    46    41    63    29    86 0.76 serine/threonine-protein kinase PRKX [Cordyceps militaris CM01]
EGX95080.1           -            374 30121at5125          -            340   2.8e-06   25.6   0.0   2   2     6e-06   0.00056   18.0   0.0   178   322   168   299   163   303 0.79 serine/threonine-protein kinase PRKX [Cordyceps militaris CM01]
EGX92205.1           -           1195 30121at5125          -            340   2.8e-06   25.6   0.0   1   1   3.7e-07   3.5e-05   22.0   0.0   183   328   425   582   415   585 0.68 protein kinase, putative [Cordyceps militaris CM01]
EGX92493.1           -            514 30121at5125          -            340     4e-06   25.1   0.0   1   2    0.0053       0.5    8.3   0.0    27    84    34    92    27   103 0.85 serine/threonine-protein kinase BUR1 [Cordyceps militaris CM01]
EGX92493.1           -            514 30121at5125          -            340     4e-06   25.1   0.0   2   2   6.7e-05    0.0063   14.6   0.0   180   280   147   246   140   259 0.85 serine/threonine-protein kinase BUR1 [Cordyceps militaris CM01]
EGX87676.1           -            416 30121at5125          -            340   4.2e-06   25.0   0.0   1   2     0.026       2.4    6.1   0.0    25    87    22    85    10    95 0.84 Serine/threonine-protein kinase-like domain [Cordyceps militaris CM01]
EGX87676.1           -            416 30121at5125          -            340   4.2e-06   25.0   0.0   2   2   1.5e-05    0.0014   16.7   0.0   183   279   145   233   138   266 0.72 Serine/threonine-protein kinase-like domain [Cordyceps militaris CM01]
EGX87893.1           -            703 30121at5125          -            340   5.9e-06   24.5   0.0   1   3    0.0031      0.29    9.1   0.0    26    55    39    68    33    89 0.82 protein kinase domain protein [Cordyceps militaris CM01]
EGX87893.1           -            703 30121at5125          -            340   5.9e-06   24.5   0.0   2   3      0.29        27    2.6   0.0   233   275   259   300   249   311 0.83 protein kinase domain protein [Cordyceps militaris CM01]
EGX87893.1           -            703 30121at5125          -            340   5.9e-06   24.5   0.0   3   3    0.0043       0.4    8.6   0.0   179   207   624   652   605   660 0.81 protein kinase domain protein [Cordyceps militaris CM01]
EGX90732.1           -            469 30121at5125          -            340   7.1e-06   24.3   0.1   1   3      0.14        13    3.6   0.0    83   122   212   252   142   259 0.68 Protein kinase-like domain [Cordyceps militaris CM01]
EGX90732.1           -            469 30121at5125          -            340   7.1e-06   24.3   0.1   2   3    0.0055      0.52    8.3   0.0   182   208   285   310   275   339 0.75 Protein kinase-like domain [Cordyceps militaris CM01]
EGX90732.1           -            469 30121at5125          -            340   7.1e-06   24.3   0.1   3   3    0.0043       0.4    8.6   0.0   258   339   390   464   379   465 0.81 Protein kinase-like domain [Cordyceps militaris CM01]
EGX93976.1           -            882 30121at5125          -            340   1.3e-05   23.4   0.0   1   2      0.38        36    2.2   0.0    26    58    44    76    40    91 0.91 serine/threonine protein kinase [Cordyceps militaris CM01]
EGX93976.1           -            882 30121at5125          -            340   1.3e-05   23.4   0.0   2   2   5.5e-06   0.00052   18.1   0.0   182   328   172   303   162   310 0.71 serine/threonine protein kinase [Cordyceps militaris CM01]
EGX89949.1           -            565 30121at5125          -            340   1.9e-05   22.9   0.1   1   2    0.0029      0.27    9.2   0.0    23    59   183   219   174   228 0.92 protein kinase (Lkh1), putative [Cordyceps militaris CM01]
EGX89949.1           -            565 30121at5125          -            340   1.9e-05   22.9   0.1   2   2    0.0014      0.13   10.2   0.0   182   280   307   419   295   433 0.61 protein kinase (Lkh1), putative [Cordyceps militaris CM01]
EGX96495.1           -            471 30121at5125          -            340   2.1e-05   22.7   0.1   1   3      0.35        33    2.4   0.0    25    47    85   107    78   113 0.85 cell cycle protein kinase, putative [Cordyceps militaris CM01]
EGX96495.1           -            471 30121at5125          -            340   2.1e-05   22.7   0.1   2   3       5.4   5.1e+02   -1.6   0.0   103   118   188   203   185   225 0.78 cell cycle protein kinase, putative [Cordyceps militaris CM01]
EGX96495.1           -            471 30121at5125          -            340   2.1e-05   22.7   0.1   3   3    0.0021       0.2    9.7   0.0   229   294   309   372   219   387 0.73 cell cycle protein kinase, putative [Cordyceps militaris CM01]
EGX94436.1           -            708 30121at5125          -            340   2.3e-05   22.6   0.0   1   1   5.4e-07   5.1e-05   21.5   0.0   180   279   261   350   253   397 0.71 calcium/calmodulin-dependent protein kinase kinase [Cordyceps militaris CM01]
EGX95480.1           -            546 30121at5125          -            340   2.9e-05   22.3   0.0   1   3   0.00097      0.09   10.8   0.0    28    92   110   175    99   181 0.84 calcium/calmodulin-dependent protein kinase, putative [Cordyceps militaris CM01]
EGX95480.1           -            546 30121at5125          -            340   2.9e-05   22.3   0.0   2   3     0.032         3    5.8   0.0   176   196   221   241   193   254 0.86 calcium/calmodulin-dependent protein kinase, putative [Cordyceps militaris CM01]
EGX95480.1           -            546 30121at5125          -            340   2.9e-05   22.3   0.0   3   3      0.57        53    1.7   0.0   291   329   326   366   284   369 0.77 calcium/calmodulin-dependent protein kinase, putative [Cordyceps militaris CM01]
EGX90951.1           -            888 30121at5125          -            340   5.2e-05   21.4   0.0   1   1   1.5e-06   0.00015   20.0   0.0   181   334   719   857   698   863 0.78 sexual development serine/threonine kinase PakA [Cordyceps militaris CM01]
EGX92422.1           -            407 30121at5125          -            340   5.9e-05   21.2   0.0   1   1   2.2e-06   0.00021   19.5   0.0   180   276   178   262   171   283 0.78 protein kinase gsk3 [Cordyceps militaris CM01]
EGX88003.1           -            425 30121at5125          -            340   6.3e-05   21.2   0.0   1   2    0.0048      0.45    8.5   0.0    23    59    61    97    56   113 0.88 protein kinase, putative [Cordyceps militaris CM01]
EGX88003.1           -            425 30121at5125          -            340   6.3e-05   21.2   0.0   2   2    0.0031      0.29    9.1   0.0   237   270   269   299   176   315 0.64 protein kinase, putative [Cordyceps militaris CM01]
EGX95406.1           -           1455 30121at5125          -            340   7.6e-05   20.9   0.0   1   2      0.69        65    1.4   0.0    30    97   532   600   524   627 0.77 serine/threonine protein kinase, putative [Cordyceps militaris CM01]
EGX95406.1           -           1455 30121at5125          -            340   7.6e-05   20.9   0.0   2   2   2.4e-05    0.0023   16.0   0.0   237   327   724   815   643   819 0.83 serine/threonine protein kinase, putative [Cordyceps militaris CM01]
EGX89487.1           -           1610 30121at5125          -            340   9.4e-05   20.6   0.0   1   3       4.9   4.6e+02   -1.4   0.0    32    74   602   643   596   658 0.78 protein kinase (Gcn2), putative [Cordyceps militaris CM01]
EGX89487.1           -           1610 30121at5125          -            340   9.4e-05   20.6   0.0   2   3       6.8   6.4e+02   -1.9   0.0   105   148   769   811   762   814 0.79 protein kinase (Gcn2), putative [Cordyceps militaris CM01]
EGX89487.1           -           1610 30121at5125          -            340   9.4e-05   20.6   0.0   3   3   1.1e-05     0.001   17.2   0.0   182   329   814   961   801   969 0.68 protein kinase (Gcn2), putative [Cordyceps militaris CM01]
EGX94070.1           -            493 30121at5125          -            340    0.0001   20.5   0.0   1   1     2e-06   0.00019   19.6   0.0   179   323   207   340   180   349 0.66 calcium/calmodulin-dependent protein kinase [Cordyceps militaris CM01]
EGX93813.1           -            476 30121at5125          -            340   0.00011   20.3   0.1   1   2   0.00017     0.016   13.3   0.0    25    59    48    82    43   110 0.80 protein kinase, putative [Cordyceps militaris CM01]
EGX93813.1           -            476 30121at5125          -            340   0.00011   20.3   0.1   2   2     0.065       6.1    4.8   0.1   249   277   274   302   262   332 0.70 protein kinase, putative [Cordyceps militaris CM01]
EGX88157.1           -            927 30121at5125          -            340   0.00018   19.7   0.0   1   2    0.0042      0.39    8.7   0.0    22    59   533   570   526   586 0.89 serine/threonine-protein kinase [Cordyceps militaris CM01]
EGX88157.1           -            927 30121at5125          -            340   0.00018   19.7   0.0   2   2    0.0065      0.61    8.1   0.0   185   322   658   777   650   785 0.71 serine/threonine-protein kinase [Cordyceps militaris CM01]
EGX93289.1           -            532 30121at5125          -            340   0.00018   19.7   0.0   1   2     0.029       2.7    5.9   0.0    21    64   207   247   195   291 0.72 checkpoint protein kinase [Cordyceps militaris CM01]
EGX93289.1           -            532 30121at5125          -            340   0.00018   19.7   0.0   2   2   0.00072     0.067   11.2   0.0   252   325   401   479   329   486 0.64 checkpoint protein kinase [Cordyceps militaris CM01]
EGX96028.1           -            505 30121at5125          -            340   0.00022   19.3   0.2   1   2     0.021         2    6.4   0.1    12   117    44   151    38   185 0.78 negative regulator of sexual conjugation and meiosis [Cordyceps militaris CM01]
EGX96028.1           -            505 30121at5125          -            340   0.00022   19.3   0.2   2   2    0.0027      0.25    9.3   0.0   184   213   188   217   176   320 0.74 negative regulator of sexual conjugation and meiosis [Cordyceps militaris CM01]
EGX89060.1           -            526 30121at5125          -            340   0.00024   19.3   0.1   1   3   0.00041     0.039   12.0   0.0    25    59    79   113    70   136 0.86 serine protein kinase Sky1, putative [Cordyceps militaris CM01]
EGX89060.1           -            526 30121at5125          -            340   0.00024   19.3   0.1   2   3       3.5   3.3e+02   -0.9   0.0   183   206   209   232   201   241 0.76 serine protein kinase Sky1, putative [Cordyceps militaris CM01]
EGX89060.1           -            526 30121at5125          -            340   0.00024   19.3   0.1   3   3      0.15        14    3.6   0.0   231   279   349   394   305   403 0.77 serine protein kinase Sky1, putative [Cordyceps militaris CM01]
EGX95151.1           -            574 30121at5125          -            340   0.00031   18.9   0.0   1   2     0.031       2.9    5.8   0.0    29    71   206   248   198   271 0.78 Protein kinase-like domain [Cordyceps militaris CM01]
EGX95151.1           -            574 30121at5125          -            340   0.00031   18.9   0.0   2   2    0.0013      0.12   10.4   0.0   179   265   322   397   295   404 0.71 Protein kinase-like domain [Cordyceps militaris CM01]
EGX90753.1           -            789 30121at5125          -            340   0.00035   18.7   0.0   1   2       1.2   1.1e+02    0.6   0.0    25    76   400   451   389   473 0.82 Serine/threonine-protein kinase-like domain [Cordyceps militaris CM01]
EGX90753.1           -            789 30121at5125          -            340   0.00035   18.7   0.0   2   2   5.2e-05    0.0049   14.9   0.0   183   270   520   598   514   613 0.79 Serine/threonine-protein kinase-like domain [Cordyceps militaris CM01]
EGX94510.1           -            716 30121at5125          -            340   0.00038   18.6   0.0   1   2     0.028       2.6    6.0   0.0    25    59   347   381   341   390 0.93 protein kinase (Lkh1) [Cordyceps militaris CM01]
EGX94510.1           -            716 30121at5125          -            340   0.00038   18.6   0.0   2   2    0.0029      0.27    9.2   0.0   184   278   471   579   460   596 0.57 protein kinase (Lkh1) [Cordyceps militaris CM01]
EGX95812.1           -            396 30121at5125          -            340    0.0004   18.5   0.0   1   2     0.042       3.9    5.4   0.0    23    58    40    75    29   102 0.76 protein kinase [Cordyceps militaris CM01]
EGX95812.1           -            396 30121at5125          -            340    0.0004   18.5   0.0   2   2    0.0042       0.4    8.7   0.0   237   278   252   290   165   297 0.80 protein kinase [Cordyceps militaris CM01]
EGX92527.1           -            526 30121at5125          -            340   0.00044   18.4   0.0   1   2     0.011         1    7.3   0.0    24    88   183   249   170   261 0.80 serine/threonine-protein kinase [Cordyceps militaris CM01]
EGX92527.1           -            526 30121at5125          -            340   0.00044   18.4   0.0   2   2    0.0052      0.49    8.4   0.0   184   288   309   400   298   408 0.74 serine/threonine-protein kinase [Cordyceps militaris CM01]
EGX91371.1           -            547 30121at5125          -            340   0.00045   18.4   0.0   1   1   8.7e-06   0.00082   17.5   0.0   180   322   142   285   137   293 0.66 serine/threonine protein kinase [Cordyceps militaris CM01]
EGX95138.1           -            664 30121at5125          -            340   0.00052   18.2   0.0   1   2      0.23        21    3.0   0.0    26    59    36    70    33    94 0.85 serine/threonine protein kinase [Cordyceps militaris CM01]
EGX95138.1           -            664 30121at5125          -            340   0.00052   18.2   0.0   2   2   0.00029     0.028   12.5   0.0   181   327   160   300   137   305 0.70 serine/threonine protein kinase [Cordyceps militaris CM01]
EGX92730.1           -            342 30121at5125          -            340   0.00059   18.0   0.0   1   1   3.1e-05    0.0029   15.7   0.0   181   297   143   248   136   258 0.73 Casein kinase II, alpha chain (CK II alpha subunit) [Cordyceps militaris CM01]
EGX91605.1           -            445 30121at5125          -            340   0.00077   17.6   0.0   1   1   2.5e-05    0.0023   16.0   0.0   233   300   251   318   204   328 0.70 Serine/threonine-protein kinase domain [Cordyceps militaris CM01]
EGX92373.1           -            414 30121at5125          -            340   0.00091   17.3   0.1   1   1   7.1e-05    0.0066   14.5   0.1   179   239   131   189   104   257 0.76 Protein kinase domain containing protein [Cordyceps militaris CM01]
EGX92449.1           -            433 30121at5125          -            340    0.0011   17.1   0.0   1   3     0.011         1    7.3   0.0    25    57    48    80    43   105 0.83 protein kinase domain-containing protein [Cordyceps militaris CM01]
EGX92449.1           -            433 30121at5125          -            340    0.0011   17.1   0.0   2   3         3   2.8e+02   -0.7   0.0   254   279   282   307   268   321 0.81 protein kinase domain-containing protein [Cordyceps militaris CM01]
EGX92449.1           -            433 30121at5125          -            340    0.0011   17.1   0.0   3   3     0.027       2.6    6.0   0.0   305   330   386   411   374   421 0.84 protein kinase domain-containing protein [Cordyceps militaris CM01]
EGX95923.1           -            419 30121at5125          -            340    0.0012   17.0   0.2   1   4       1.6   1.5e+02    0.2   0.0    22    39    49    66    46    72 0.87 serine protein kinase, putative [Cordyceps militaris CM01]
EGX95923.1           -            419 30121at5125          -            340    0.0012   17.0   0.2   2   4       4.4   4.1e+02   -1.3   0.0   180   197   158   175   149   207 0.68 serine protein kinase, putative [Cordyceps militaris CM01]
EGX95923.1           -            419 30121at5125          -            340    0.0012   17.0   0.2   3   4    0.0091      0.85    7.6   0.0   239   277   259   294   252   315 0.77 serine protein kinase, putative [Cordyceps militaris CM01]
EGX95923.1           -            419 30121at5125          -            340    0.0012   17.0   0.2   4   4      0.13        13    3.7   0.0   304   329   374   399   364   401 0.86 serine protein kinase, putative [Cordyceps militaris CM01]
EGX88709.1           -            834 30121at5125          -            340    0.0012   17.0   0.0   1   1   2.7e-05    0.0026   15.9   0.0   182   269   347   434   337   454 0.76 protein kinase [Cordyceps militaris CM01]
EGX94358.1           -            844 30121at5125          -            340    0.0015   16.6   2.5   1   1   1.6e-05    0.0015   16.6   0.0   179   330   684   820   665   822 0.77 protein kinase Chm1, putative [Cordyceps militaris CM01]
EGX91987.1           -            526 30121at5125          -            340    0.0025   15.9   0.0   1   2     0.007      0.66    7.9   0.0    20    58   167   205   162   236 0.87 serine/threonine-protein kinase psk1 [Cordyceps militaris CM01]
EGX91987.1           -            526 30121at5125          -            340    0.0025   15.9   0.0   2   2     0.036       3.4    5.6   0.0   184   276   296   376   286   418 0.78 serine/threonine-protein kinase psk1 [Cordyceps militaris CM01]
EGX93717.1           -            417 30121at5125          -            340    0.0033   15.5   0.0   1   2   0.00019     0.017   13.1   0.0    21    62    41    83    34   111 0.88 protein kinase, putative [Cordyceps militaris CM01]
EGX93717.1           -            417 30121at5125          -            340    0.0033   15.5   0.0   2   2       2.5   2.4e+02   -0.5   0.0   253   267   273   287   265   296 0.83 protein kinase, putative [Cordyceps militaris CM01]
EGX97119.1           -            682 30121at5125          -            340    0.0035   15.4   0.1   1   2    0.0012      0.11   10.5   0.0    24    58   309   343   298   367 0.87 cAMP-dependent protein kinase type 3 [Cordyceps militaris CM01]
EGX97119.1           -            682 30121at5125          -            340    0.0035   15.4   0.1   2   2       0.7        66    1.4   0.0   231   231   465   465   422   515 0.56 cAMP-dependent protein kinase type 3 [Cordyceps militaris CM01]
EGX95351.1           -           1182 30121at5125          -            340    0.0037   15.3   0.5   1   3       5.9   5.6e+02   -1.7   0.1   142   213   201   277   198   311 0.73 Protein kinase C [Cordyceps militaris CM01]
EGX95351.1           -           1182 30121at5125          -            340    0.0037   15.3   0.5   2   3    0.0016      0.15   10.1   0.1    23   147   854   973   844   988 0.67 Protein kinase C [Cordyceps militaris CM01]
EGX95351.1           -           1182 30121at5125          -            340    0.0037   15.3   0.5   3   3      0.52        49    1.8   0.0   238   281  1023  1061  1010  1101 0.70 Protein kinase C [Cordyceps militaris CM01]
EGX95240.1           -            729 30121at5125          -            340    0.0061   14.6   0.1   1   2      0.53        50    1.8   0.0   177   209   172   204   167   226 0.72 protein kinase domain protein [Cordyceps militaris CM01]
EGX95240.1           -            729 30121at5125          -            340    0.0061   14.6   0.1   2   2    0.0033      0.31    9.0   0.0    26    55   385   414   374   418 0.88 protein kinase domain protein [Cordyceps militaris CM01]
EGX93264.1           -            592 30121at5125          -            340    0.0068   14.5   0.0   1   1   0.00015     0.014   13.5   0.0   178   266   346   432   340   453 0.67 protein kinase, putative [Cordyceps militaris CM01]
EGX95694.1           -           1469 30121at5125          -            340    0.0073   14.4   0.0   1   1   0.00057     0.053   11.5   0.0   182   279   688   772   663   780 0.70 serine/threonine protein kinase Kin1, putative [Cordyceps militaris CM01]
EGX96160.1           -            684 30121at5125          -            340    0.0084   14.2   0.0   1   2       6.9   6.4e+02   -1.9   0.0    32    73    27    68    24    72 0.86 serine/threonine-protein kinase 24 [Cordyceps militaris CM01]
EGX96160.1           -            684 30121at5125          -            340    0.0084   14.2   0.0   2   2   0.00038     0.036   12.1   0.0   185   329   139   266   129   270 0.70 serine/threonine-protein kinase 24 [Cordyceps militaris CM01]
EGX89166.1           -            916 30121at5125          -            340     0.011   13.8   0.0   1   2     0.027       2.6    6.0   0.0    25    74   333   380   323   388 0.81 protein kinase Yak1 [Cordyceps militaris CM01]
EGX89166.1           -            916 30121at5125          -            340     0.011   13.8   0.0   2   2     0.067       6.3    4.7   0.0   184   273   458   533   447   554 0.64 protein kinase Yak1 [Cordyceps militaris CM01]
EGX92694.1           -            579 30121at5125          -            340     0.013   13.6   0.1   1   1   0.00046     0.044   11.8   0.1   181   289   261   361   253   411 0.51 serine/threonine protein kinase, putative [Cordyceps militaris CM01]
EGX88041.1           -            467 30121at5125          -            340     0.015   13.3   0.0   1   2     0.015       1.4    6.9   0.0    26    56    73   103    65   110 0.91 protein kinase domain protein [Cordyceps militaris CM01]
EGX88041.1           -            467 30121at5125          -            340     0.015   13.3   0.0   2   2      0.12        11    3.9   0.1   255   278   316   339   288   363 0.78 protein kinase domain protein [Cordyceps militaris CM01]
EGX88996.1           -           1753 30121at5125          -            340     0.017   13.2   0.0   1   2       2.3   2.2e+02   -0.3   0.0    26    55    59    88    55    92 0.85 Protein kinase-like domain [Cordyceps militaris CM01]
EGX88996.1           -           1753 30121at5125          -            340     0.017   13.2   0.0   2   2    0.0014      0.13   10.3   0.0   243   280   290   327   239   368 0.82 Protein kinase-like domain [Cordyceps militaris CM01]
EGX91051.1           -            377 30121at5125          -            340      0.02   12.9   0.0   1   2    0.0015      0.14   10.1   0.0    25    55    75   105    70   116 0.92 Protein kinase-like domain [Cordyceps militaris CM01]
EGX91051.1           -            377 30121at5125          -            340      0.02   12.9   0.0   2   2       1.8   1.7e+02    0.0   0.0   237   280   243   283   233   293 0.80 Protein kinase-like domain [Cordyceps militaris CM01]
EGX87707.1           -            481 30121at5125          -            340     0.027   12.5   0.0   1   1   0.00052     0.049   11.6   0.0   184   271   212   289   205   306 0.75 Serine/threonine-protein kinase domain [Cordyceps militaris CM01]
EGX95364.1           -            322 30121at5125          -            340     0.028   12.5   0.0   1   2    0.0078      0.73    7.8   0.0    25    66    24    65    15    77 0.81 casein kinase 1, delta [Cordyceps militaris CM01]
EGX95364.1           -            322 30121at5125          -            340     0.028   12.5   0.0   2   2      0.31        29    2.5   0.0   180   206   137   163   126   182 0.77 casein kinase 1, delta [Cordyceps militaris CM01]
EGX96674.1           -            525 30121at5125          -            340     0.028   12.5   0.1   1   1    0.0019      0.18    9.8   0.1   181   329   315   440   307   445 0.67 Serine/threonine-protein kinase [Cordyceps militaris CM01]
EGX93799.1           -           1492 30121at5125          -            340     0.033   12.2   0.0   1   1   0.00083     0.078   11.0   0.0   181   275   723   829   715   842 0.63 serine/threonine protein kinase, putative [Cordyceps militaris CM01]
EGX88256.1           -            676 30121at5125          -            340     0.034   12.2   0.0   1   1    0.0007     0.065   11.2   0.0   179   277   332   427   325   442 0.75 protein kinase [Cordyceps militaris CM01]
EGX92306.1           -            258 30121at5125          -            340     0.037   12.1   0.0   1   1   0.00059     0.055   11.5   0.0   244   275   149   180   138   198 0.87 Protein kinase-like domain [Cordyceps militaris CM01]
EGX91925.1           -           1059 30121at5125          -            340     0.039   12.0   0.0   1   1   0.00084     0.079   11.0   0.0   178   274   704   796   698   864 0.66 protein kinase [Cordyceps militaris CM01]
EGX95891.1           -            251 30121at5125          -            340     0.041   11.9   0.0   1   1   0.00062     0.058   11.4   0.0   183   215   183   213   171   244 0.86 Protein kinase-like domain [Cordyceps militaris CM01]
EGX92662.1           -            348 30121at5125          -            340     0.041   11.9   0.0   1   1   0.00065     0.061   11.3   0.0   237   300   153   212   104   224 0.83 Protein kinase-like domain [Cordyceps militaris CM01]
EGX92158.1           -            746 30121at5125          -            340     0.047   11.7   0.0   1   2      0.13        12    3.8   0.0    24    58   310   349   302   366 0.80 Protein kinase-like domain [Cordyceps militaris CM01]
EGX92158.1           -            746 30121at5125          -            340     0.047   11.7   0.0   2   2     0.041       3.9    5.4   0.0   182   203   436   457   427   464 0.85 Protein kinase-like domain [Cordyceps militaris CM01]
EGX94920.1           -            502 30121at5125          -            340     0.052   11.6   1.9   1   2       8.5     8e+02   -2.2   0.0    31    75   134   179   132   194 0.73 protein kinase [Cordyceps militaris CM01]
EGX94920.1           -            502 30121at5125          -            340     0.052   11.6   1.9   2   2    0.0011      0.11   10.5   0.0   184   276   248   329   241   353 0.73 protein kinase [Cordyceps militaris CM01]
EGX92300.1           -            410 30121at5125          -            340      0.06   11.4   0.0   1   2    0.0022      0.21    9.6   0.0    23    65    35    77    31    89 0.86 protein kinase domain-containing protein [Cordyceps militaris CM01]
EGX92300.1           -            410 30121at5125          -            340      0.06   11.4   0.0   2   2         5   4.7e+02   -1.4   0.0   249   267   265   283   252   292 0.78 protein kinase domain-containing protein [Cordyceps militaris CM01]
EGX94088.1           -           1032 30121at5125          -            340     0.067   11.2   0.0   1   1    0.0018      0.16    9.9   0.0   181   263   414   507   403   540 0.62 serine/threonine-protein kinase MAK [Cordyceps militaris CM01]
EGX88016.1           -            820 30121at5125          -            340      0.07   11.1   0.0   1   1    0.0016      0.15   10.1   0.0   180   276   622   721   615   749 0.75 protein kinase, putative [Cordyceps militaris CM01]
EGX91066.1           -            413 30121at5125          -            340     0.094   10.7   0.2   1   3      0.84        79    1.1   0.0    26    56    63    93    57   102 0.88 Protein kinase-like domain [Cordyceps militaris CM01]
EGX91066.1           -            413 30121at5125          -            340     0.094   10.7   0.2   2   3       3.2     3e+02   -0.8   0.0   177   195   186   204   183   227 0.78 Protein kinase-like domain [Cordyceps militaris CM01]
EGX91066.1           -            413 30121at5125          -            340     0.094   10.7   0.2   3   3     0.041       3.8    5.4   0.0   238   275   274   308   213   318 0.88 Protein kinase-like domain [Cordyceps militaris CM01]
EGX95077.1           -            371 30121at5125          -            340     0.094   10.7   0.0   1   2      0.38        36    2.2   0.0    23    55    10    41     2    50 0.86 casein kinase I, putative [Cordyceps militaris CM01]
EGX95077.1           -            371 30121at5125          -            340     0.094   10.7   0.0   2   2     0.024       2.3    6.2   0.0   180   216   124   162   115   215 0.76 casein kinase I, putative [Cordyceps militaris CM01]
EGX88423.1           -            684 30121at5125          -            340      0.13   10.3   0.0   1   2     0.041       3.9    5.4   0.0    26    56   270   300   261   305 0.90 protein kinase domain protein [Cordyceps militaris CM01]
EGX88423.1           -            684 30121at5125          -            340      0.13   10.3   0.0   2   2      0.42        39    2.1   0.0   256   270   515   529   487   558 0.81 protein kinase domain protein [Cordyceps militaris CM01]
#
# Program:         hmmsearch
# Version:         3.1b2 (February 2015)
# Pipeline mode:   SEARCH
# Query file:      /home/zack/funannotate_db/hypocreales_odb10/hmms/30121at5125.hmm
# Target file:     /home/zack/Desktop/IsariaPreferralGenome/MyGenomeSubmittedToNCBI/HypocrealesProteinSets/Cmilitaris_CM01.faa
# Option settings: hmmsearch --domtblout /home/zack/Desktop/IsariaPreferralGenome/MyGenomeSubmittedToNCBI/HypocrealesProteinSets/BUSCO_AA_all/BUSCO_AA_Cmilitaris_CM01/run_hypocreales_odb10/hmmer_output/initial_run_results/30121at5125.out --cpu 1 /home/zack/funannotate_db/hypocreales_odb10/hmms/30121at5125.hmm /home/zack/Desktop/IsariaPreferralGenome/MyGenomeSubmittedToNCBI/HypocrealesProteinSets/Cmilitaris_CM01.faa 
# Current dir:     /home/zack/Desktop/IsariaPreferralGenome/MyGenomeSubmittedToNCBI/HypocrealesProteinSets/BUSCO_AA_all
# Date:            Mon Mar  4 15:14:39 2024
# [ok]
