#                                                                            --- full sequence --- -------------- this domain -------------   hmm coord   ali coord   env coord
# target name        accession   tlen query name           accession   qlen   E-value  score  bias   #  of  c-Evalue  i-Evalue  score  bias  from    to  from    to  from    to  acc description of target
#------------------- ---------- ----- -------------------- ---------- ----- --------- ------ ----- --- --- --------- --------- ------ ----- ----- ----- ----- ----- ----- ----- ---- ---------------------
EGX92755.1           -           2276 322at5125            -           1895         0 3825.2  13.9   1   4         0         0 3043.2   5.4     1  1401    60  1529    60  1541 0.97 bifunctional pyrimidine biosynthesis protein (PyrABCN), putative [Cordyceps militaris CM01]
EGX92755.1           -           2276 322at5125            -           1895         0 3825.2  13.9   2   4   7.7e-64   6.2e-61  204.7   0.9  1396  1546  1564  1723  1549  1730 0.91 bifunctional pyrimidine biosynthesis protein (PyrABCN), putative [Cordyceps militaris CM01]
EGX92755.1           -           2276 322at5125            -           1895         0 3825.2  13.9   3   4   1.6e-35   1.3e-32  110.8   0.0  1532  1641  1733  1867  1719  1878 0.86 bifunctional pyrimidine biosynthesis protein (PyrABCN), putative [Cordyceps militaris CM01]
EGX92755.1           -           2276 322at5125            -           1895         0 3825.2  13.9   4   4  5.1e-141  4.1e-138  460.6   0.2  1635  1895  1948  2233  1929  2233 0.94 bifunctional pyrimidine biosynthesis protein (PyrABCN), putative [Cordyceps militaris CM01]
EGX90635.1           -           1302 322at5125            -           1895         0 1357.3   0.0   1   1         0         0 1356.9   0.0   359  1380   217  1274   206  1280 0.93 carbamoyl-phosphate synthase [Cordyceps militaris CM01]
EGX92754.1           -            462 322at5125            -           1895  2.8e-100  335.1   0.0   1   1  4.5e-103  3.6e-100  334.8   0.0    10   338    76   425    65   433 0.86 Carbamoyl-phosphate synthase [Cordyceps militaris CM01]
EGX88800.1           -            358 322at5125            -           1895   1.6e-11   40.8   0.0   1   1   2.2e-14   1.8e-11   40.7   0.0  1673  1893    73   334    29   336 0.76 ornithine carbamoyltransferase [Cordyceps militaris CM01]
EGX93936.1           -           1230 322at5125            -           1895   2.1e-06   23.9   0.1   1   1   3.7e-09     3e-06   23.4   0.1   977  1189   171   390   163   402 0.82 pyruvate carboxylase [Cordyceps militaris CM01]
EGX94971.1           -           1165 322at5125            -           1895   2.3e-06   23.7   0.0   1   1   4.1e-09   3.3e-06   23.2   0.0   977  1189    98   320    48   335 0.62 pyruvate carboxylase [Cordyceps militaris CM01]
EGX87747.1           -           2271 322at5125            -           1895   0.00013   17.9   0.0   1   1   2.5e-07    0.0002   17.3   0.0   502   686   224   408   203   414 0.85 acetyl-CoA carboxylase [Cordyceps militaris CM01]
EGX93703.1           -           1215 322at5125            -           1895    0.0037   13.1   0.0   1   1   6.4e-06    0.0051   12.6   0.0   495   583   129   223    43   293 0.83 urea amidolyase, putative [Cordyceps militaris CM01]
EGX95159.1           -            716 322at5125            -           1895    0.0039   13.0   0.0   1   1   6.9e-06    0.0056   12.5   0.0  1033  1194   173   341   164   357 0.76 methylcrotonoyl-CoA carboxylase alpha chain [Cordyceps militaris CM01]
EGX88260.1           -            256 322at5125            -           1895     0.025   10.4   0.0   1   1   3.6e-05     0.029   10.1   0.0   232   253   103   124    69   139 0.90 GMP synthase [Cordyceps militaris CM01]
EGX94460.1           -            541 322at5125            -           1895     0.033   10.0   0.0   1   1   5.1e-05     0.041    9.6   0.0   288   333   154   201    61   246 0.60 GMP synthase [Cordyceps militaris CM01]
EGX90738.1           -            882 322at5125            -           1895     0.075    8.8   0.0   1   1   0.00014      0.11    8.2   0.0   231   264   124   157    92   164 0.89 para-aminobenzoate synthase PabaA [Cordyceps militaris CM01]
#
# Program:         hmmsearch
# Version:         3.1b2 (February 2015)
# Pipeline mode:   SEARCH
# Query file:      /home/zack/funannotate_db/hypocreales_odb10/hmms/322at5125.hmm
# Target file:     /home/zack/Desktop/IsariaPreferralGenome/MyGenomeSubmittedToNCBI/HypocrealesProteinSets/Cmilitaris_CM01.faa
# Option settings: hmmsearch --domtblout /home/zack/Desktop/IsariaPreferralGenome/MyGenomeSubmittedToNCBI/HypocrealesProteinSets/BUSCO_AA_all/BUSCO_AA_Cmilitaris_CM01/run_hypocreales_odb10/hmmer_output/initial_run_results/322at5125.out --cpu 1 /home/zack/funannotate_db/hypocreales_odb10/hmms/322at5125.hmm /home/zack/Desktop/IsariaPreferralGenome/MyGenomeSubmittedToNCBI/HypocrealesProteinSets/Cmilitaris_CM01.faa 
# Current dir:     /home/zack/Desktop/IsariaPreferralGenome/MyGenomeSubmittedToNCBI/HypocrealesProteinSets/BUSCO_AA_all
# Date:            Mon Mar  4 15:14:31 2024
# [ok]
