#                                                                            --- full sequence --- -------------- this domain -------------   hmm coord   ali coord   env coord
# target name        accession   tlen query name           accession   qlen   E-value  score  bias   #  of  c-Evalue  i-Evalue  score  bias  from    to  from    to  from    to  acc description of target
#------------------- ---------- ----- -------------------- ---------- ----- --------- ------ ----- --- --- --------- --------- ------ ----- ----- ----- ----- ----- ----- ----- ---- ---------------------
EGX91910.1           -            437 33665at5125          -            343  9.2e-180  596.4   8.2   1   2  2.5e-173  2.2e-170  565.6   3.5     1   319     1   356     1   364 0.93 WD repeat protein [Cordyceps militaris CM01]
EGX91910.1           -            437 33665at5125          -            343  9.2e-180  596.4   8.2   2   2   4.5e-11     4e-08   32.0   0.2   310   343   402   437   397   437 0.88 WD repeat protein [Cordyceps militaris CM01]
EGX89076.1           -            772 33665at5125          -            343   9.2e-05   21.0   0.3   1   2    0.0012       1.1    7.6   0.2   134   270    59   183    53   192 0.70 polyubiquitin binding protein (Doa1/Ufd3), putative [Cordyceps militaris CM01]
EGX89076.1           -            772 33665at5125          -            343   9.2e-05   21.0   0.3   2   2    0.0002      0.18   10.2   0.0   235   316   198   278   186   287 0.85 polyubiquitin binding protein (Doa1/Ufd3), putative [Cordyceps militaris CM01]
EGX90230.1           -            466 33665at5125          -            343   0.00015   20.3   1.3   1   4    0.0017       1.5    7.1   0.0    18    88   164   235   159   241 0.75 pre-mRNA splicing factor prp46 [Cordyceps militaris CM01]
EGX90230.1           -            466 33665at5125          -            343   0.00015   20.3   1.3   2   4     0.002       1.8    6.9   0.1    13    90   243   321   240   351 0.80 pre-mRNA splicing factor prp46 [Cordyceps militaris CM01]
EGX90230.1           -            466 33665at5125          -            343   0.00015   20.3   1.3   3   4     0.037        33    2.7   0.0    40   122   309   394   305   402 0.77 pre-mRNA splicing factor prp46 [Cordyceps militaris CM01]
EGX90230.1           -            466 33665at5125          -            343   0.00015   20.3   1.3   4   4     0.031        27    3.0   0.0   200   265   376   442   368   453 0.73 pre-mRNA splicing factor prp46 [Cordyceps militaris CM01]
EGX96422.1           -            658 33665at5125          -            343   0.00023   19.7   5.2   1   4     0.077        68    1.7   0.0   100   143   271   313   252   322 0.77 F-box and WD repeat-containing protein [Cordyceps militaris CM01]
EGX96422.1           -            658 33665at5125          -            343   0.00023   19.7   5.2   2   4      0.14   1.3e+02    0.8   0.1    42    84   330   375   306   388 0.55 F-box and WD repeat-containing protein [Cordyceps militaris CM01]
EGX96422.1           -            658 33665at5125          -            343   0.00023   19.7   5.2   3   4      0.64   5.6e+02   -1.3   0.0    32    86   400   457   387   468 0.61 F-box and WD repeat-containing protein [Cordyceps militaris CM01]
EGX96422.1           -            658 33665at5125          -            343   0.00023   19.7   5.2   4   4     2e-06    0.0018   16.8   0.3   245   307   470   531   441   541 0.81 F-box and WD repeat-containing protein [Cordyceps militaris CM01]
EGX90427.1           -            514 33665at5125          -            343   0.00034   19.1   3.1   1   3   8.1e-05     0.071   11.5   0.0     9    88   141   223   137   234 0.67 WD repeat protein [Cordyceps militaris CM01]
EGX90427.1           -            514 33665at5125          -            343   0.00034   19.1   3.1   2   3     0.024        21    3.4   0.2    37    87   260   313   251   330 0.78 WD repeat protein [Cordyceps militaris CM01]
EGX90427.1           -            514 33665at5125          -            343   0.00034   19.1   3.1   3   3     0.028        25    3.1   0.0    54   151   400   502   381   510 0.75 WD repeat protein [Cordyceps militaris CM01]
EGX91629.1           -            593 33665at5125          -            343    0.0014   17.1   0.6   1   4      0.15   1.3e+02    0.8   0.0    71   220   308   332   283   348 0.60 transcriptional repressor TUP1 [Cordyceps militaris CM01]
EGX91629.1           -            593 33665at5125          -            343    0.0014   17.1   0.6   2   4   0.00021      0.18   10.1   0.1   250   310   350   411   304   417 0.76 transcriptional repressor TUP1 [Cordyceps militaris CM01]
EGX91629.1           -            593 33665at5125          -            343    0.0014   17.1   0.6   3   4     0.062        54    2.0   0.0     4    79   414   493   411   499 0.62 transcriptional repressor TUP1 [Cordyceps militaris CM01]
EGX91629.1           -            593 33665at5125          -            343    0.0014   17.1   0.6   4   4      0.35   3.1e+02   -0.5   0.0   125   157   510   542   507   568 0.70 transcriptional repressor TUP1 [Cordyceps militaris CM01]
EGX92141.1           -            623 33665at5125          -            343    0.0038   15.7   0.0   1   1   7.5e-06    0.0066   14.9   0.0    20   121    80   189    67   203 0.67 peptidyl-prolyl cis-trans isomerase, putative [Cordyceps militaris CM01]
EGX90063.1           -            422 33665at5125          -            343      0.02   13.3   0.0   1   2      0.44   3.9e+02   -0.8   0.0   196   239    41    84    31    96 0.88 FAD dependent oxidoreductase [Cordyceps militaris CM01]
EGX90063.1           -            422 33665at5125          -            343      0.02   13.3   0.0   2   2   0.00011     0.098   11.0   0.0    17    53   137   173   128   177 0.89 FAD dependent oxidoreductase [Cordyceps militaris CM01]
EGX93648.1           -            621 33665at5125          -            343     0.024   13.0   0.0   1   3     0.002       1.7    6.9   0.0    52   123   136   210   122   223 0.82 protein PFS2 [Cordyceps militaris CM01]
EGX93648.1           -            621 33665at5125          -            343     0.024   13.0   0.0   2   3     0.043        38    2.5   0.0    69   123   239   295   231   328 0.60 protein PFS2 [Cordyceps militaris CM01]
EGX93648.1           -            621 33665at5125          -            343     0.024   13.0   0.0   3   3      0.32   2.8e+02   -0.3   0.0     1    35   296   332   296   341 0.74 protein PFS2 [Cordyceps militaris CM01]
EGX94975.1           -           1410 33665at5125          -            343     0.081   11.3   0.2   1   1   0.00021      0.18   10.1   0.2   220   308  1214  1309  1146  1351 0.78 TORC1 growth control complex subunit Kog1 [Cordyceps militaris CM01]
EGX92811.1           -            657 33665at5125          -            343      0.59    8.5   7.8   1   5         5   4.4e+03   -4.3   0.2   303   325   146   168   138   173 0.78 mitochondrial division protein 1 [Cordyceps militaris CM01]
EGX92811.1           -            657 33665at5125          -            343      0.59    8.5   7.8   2   5       1.4   1.2e+03   -2.4   0.0   276   307   312   345   308   353 0.74 mitochondrial division protein 1 [Cordyceps militaris CM01]
EGX92811.1           -            657 33665at5125          -            343      0.59    8.5   7.8   3   5       1.4   1.2e+03   -2.4   0.0   201   218   369   388   360   404 0.77 mitochondrial division protein 1 [Cordyceps militaris CM01]
EGX92811.1           -            657 33665at5125          -            343      0.59    8.5   7.8   4   5       1.2     1e+03   -2.2   0.0    49    90   430   472   422   478 0.67 mitochondrial division protein 1 [Cordyceps militaris CM01]
EGX92811.1           -            657 33665at5125          -            343      0.59    8.5   7.8   5   5   0.00014      0.13   10.7   0.2   252   307   515   569   505   574 0.87 mitochondrial division protein 1 [Cordyceps militaris CM01]
#
# Program:         hmmsearch
# Version:         3.1b2 (February 2015)
# Pipeline mode:   SEARCH
# Query file:      /home/zack/funannotate_db/hypocreales_odb10/hmms/33665at5125.hmm
# Target file:     /home/zack/Desktop/IsariaPreferralGenome/MyGenomeSubmittedToNCBI/HypocrealesProteinSets/Cmilitaris_CM01.faa
# Option settings: hmmsearch --domtblout /home/zack/Desktop/IsariaPreferralGenome/MyGenomeSubmittedToNCBI/HypocrealesProteinSets/BUSCO_AA_all/BUSCO_AA_Cmilitaris_CM01/run_hypocreales_odb10/hmmer_output/initial_run_results/33665at5125.out --cpu 1 /home/zack/funannotate_db/hypocreales_odb10/hmms/33665at5125.hmm /home/zack/Desktop/IsariaPreferralGenome/MyGenomeSubmittedToNCBI/HypocrealesProteinSets/Cmilitaris_CM01.faa 
# Current dir:     /home/zack/Desktop/IsariaPreferralGenome/MyGenomeSubmittedToNCBI/HypocrealesProteinSets/BUSCO_AA_all
# Date:            Mon Mar  4 15:14:29 2024
# [ok]
