#                                                                            --- full sequence --- -------------- this domain -------------   hmm coord   ali coord   env coord
# target name        accession   tlen query name           accession   qlen   E-value  score  bias   #  of  c-Evalue  i-Evalue  score  bias  from    to  from    to  from    to  acc description of target
#------------------- ---------- ----- -------------------- ---------- ----- --------- ------ ----- --- --- --------- --------- ------ ----- ----- ----- ----- ----- ----- ----- ---- ---------------------
EGX88706.1           -            634 38440at5125          -            364  4.7e-160  532.1  56.4   1   3   2.2e-09   2.7e-06   26.2  11.2     1    86   118   213   118   218 0.62 cyclin-dependent protein kinase complex component [Cordyceps militaris CM01]
EGX88706.1           -            634 38440at5125          -            364  4.7e-160  532.1  56.4   2   3   0.00016      0.19   10.2  10.6    36    81   213   260   198   270 0.63 cyclin-dependent protein kinase complex component [Cordyceps militaris CM01]
EGX88706.1           -            634 38440at5125          -            364  4.7e-160  532.1  56.4   3   3  1.1e-152  1.4e-149  497.7  23.5    47   363   275   629   258   630 0.80 cyclin-dependent protein kinase complex component [Cordyceps militaris CM01]
EGX88764.1           -            374 38440at5125          -            364   1.1e-17   63.6  22.7   1   4     0.018        22    3.5   4.6    43    91    66   114    36   118 0.71 cyclin-dependent protein kinase regulator Pho80 [Cordyceps militaris CM01]
EGX88764.1           -            374 38440at5125          -            364   1.1e-17   63.6  22.7   2   4    0.0065       7.9    4.9   9.0    27   150    90   217    83   222 0.64 cyclin-dependent protein kinase regulator Pho80 [Cordyceps militaris CM01]
EGX88764.1           -            374 38440at5125          -            364   1.1e-17   63.6  22.7   3   4   3.4e-05     0.041   12.5   0.1   184   225   226   267   217   270 0.91 cyclin-dependent protein kinase regulator Pho80 [Cordyceps militaris CM01]
EGX88764.1           -            374 38440at5125          -            364   1.1e-17   63.6  22.7   4   4   3.1e-17   3.7e-14   52.1   0.0   280   354   273   347   267   355 0.95 cyclin-dependent protein kinase regulator Pho80 [Cordyceps militaris CM01]
EGX90606.1           -            330 38440at5125          -            364   0.00089   17.9   0.0   1   2   1.9e-06    0.0023   16.6   0.0   289   348    86   145    66   161 0.85 cyclin-like protein (Clg1), putative [Cordyceps militaris CM01]
EGX90606.1           -            330 38440at5125          -            364   0.00089   17.9   0.0   2   2      0.89   1.1e+03   -2.1   0.1     3    37   173   210   171   256 0.52 cyclin-like protein (Clg1), putative [Cordyceps militaris CM01]
EGX94901.1           -            664 38440at5125          -            364    0.0014   17.2   0.0   1   3       1.3   1.6e+03   -2.7   0.9   158   178    33    53    12    73 0.47 G1/S-specific cyclin Pcl5, putative [Cordyceps militaris CM01]
EGX94901.1           -            664 38440at5125          -            364    0.0014   17.2   0.0   2   3   1.2e-06    0.0014   17.2   0.0   289   341   214   266   211   281 0.89 G1/S-specific cyclin Pcl5, putative [Cordyceps militaris CM01]
EGX94901.1           -            664 38440at5125          -            364    0.0014   17.2   0.0   3   3         1   1.3e+03   -2.3   4.6     8    51   465   487   404   558 0.56 G1/S-specific cyclin Pcl5, putative [Cordyceps militaris CM01]
EGX89807.1           -            620 38440at5125          -            364     0.012   14.2   0.1   1   2       5.5   6.7e+03   -4.7   1.9    38    69    62    93    22   102 0.56 mucin [Cordyceps militaris CM01]
EGX89807.1           -            620 38440at5125          -            364     0.012   14.2   0.1   2   2     1e-05     0.012   14.2   0.1   289   355   212   278   209   287 0.87 mucin [Cordyceps militaris CM01]
EGX89639.1           -            137 38440at5125          -            364      0.14   10.7   3.0   1   1   0.00015      0.18   10.4   3.0    31    88    50   107    37   112 0.62 hypothetical protein CCM_07891 [Cordyceps militaris CM01]
EGX88221.1           -            995 38440at5125          -            364      0.16   10.5   2.6   1   2     0.078        94    1.4   3.6    48    94   145   191   109   204 0.71 C6 zinc finger domain-containing protein [Cordyceps militaris CM01]
EGX88221.1           -            995 38440at5125          -            364      0.16   10.5   2.6   2   2    0.0045       5.4    5.5   0.0   180   205   618   643   602   645 0.85 C6 zinc finger domain-containing protein [Cordyceps militaris CM01]
EGX93127.1           -            386 38440at5125          -            364       6.7    5.2  10.7   1   3      0.79   9.6e+02   -1.9   0.4    38    65    48    74    21    85 0.44 cyclin [Cordyceps militaris CM01]
EGX93127.1           -            386 38440at5125          -            364       6.7    5.2  10.7   2   3     0.015        19    3.7   0.0   288   345   129   195   126   203 0.67 cyclin [Cordyceps militaris CM01]
EGX93127.1           -            386 38440at5125          -            364       6.7    5.2  10.7   3   3     0.002       2.4    6.6   1.8    28    81   216   269   199   279 0.68 cyclin [Cordyceps militaris CM01]
#
# Program:         hmmsearch
# Version:         3.1b2 (February 2015)
# Pipeline mode:   SEARCH
# Query file:      /home/zack/funannotate_db/hypocreales_odb10/hmms/38440at5125.hmm
# Target file:     /home/zack/Desktop/IsariaPreferralGenome/MyGenomeSubmittedToNCBI/HypocrealesProteinSets/Cmilitaris_CM01.faa
# Option settings: hmmsearch --domtblout /home/zack/Desktop/IsariaPreferralGenome/MyGenomeSubmittedToNCBI/HypocrealesProteinSets/BUSCO_AA_all/BUSCO_AA_Cmilitaris_CM01/run_hypocreales_odb10/hmmer_output/initial_run_results/38440at5125.out --cpu 1 /home/zack/funannotate_db/hypocreales_odb10/hmms/38440at5125.hmm /home/zack/Desktop/IsariaPreferralGenome/MyGenomeSubmittedToNCBI/HypocrealesProteinSets/Cmilitaris_CM01.faa 
# Current dir:     /home/zack/Desktop/IsariaPreferralGenome/MyGenomeSubmittedToNCBI/HypocrealesProteinSets/BUSCO_AA_all
# Date:            Mon Mar  4 15:14:36 2024
# [ok]
