#                                                                            --- full sequence --- -------------- this domain -------------   hmm coord   ali coord   env coord
# target name        accession   tlen query name           accession   qlen   E-value  score  bias   #  of  c-Evalue  i-Evalue  score  bias  from    to  from    to  from    to  acc description of target
#------------------- ---------- ----- -------------------- ---------- ----- --------- ------ ----- --- --- --------- --------- ------ ----- ----- ----- ----- ----- ----- ----- ---- ---------------------
EGX94064.1           -            305 39587at5125          -            158   1.4e-76  254.7   0.8   1   1   5.9e-79   8.1e-76  252.2   0.8     1   157   104   282   104   283 0.93 uridylate kinase [Cordyceps militaris CM01]
EGX96695.1           -            410 39587at5125          -            158   1.4e-31  108.4   0.0   1   1   1.6e-34   2.2e-31  107.9   0.0    18   154   236   388   228   392 0.86 Adenylate kinase [Cordyceps militaris CM01]
EGX89227.1           -            257 39587at5125          -            158   2.1e-20   72.1   0.1   1   2     1e-15   1.4e-12   46.7   0.1     9    90    43   136    36   146 0.81 adenylate kinase [Cordyceps militaris CM01]
EGX89227.1           -            257 39587at5125          -            158   2.1e-20   72.1   0.1   2   2   1.5e-08   2.1e-05   23.4   0.0   100   151   182   232   177   239 0.82 adenylate kinase [Cordyceps militaris CM01]
EGX93608.1           -            267 39587at5125          -            158   1.2e-18   66.4   0.2   1   3   1.1e-11   1.6e-08   33.6   0.1     7    74     7    80     1    87 0.83 adenylate kinase [Cordyceps militaris CM01]
EGX93608.1           -            267 39587at5125          -            158   1.2e-18   66.4   0.2   2   3    0.0012       1.6    7.6   0.0    74   112   134   175   128   196 0.74 adenylate kinase [Cordyceps militaris CM01]
EGX93608.1           -            267 39587at5125          -            158   1.2e-18   66.4   0.2   3   3   4.4e-08     6e-05   21.9   0.0   119   156   209   246   202   248 0.94 adenylate kinase [Cordyceps militaris CM01]
EGX92567.1           -            172 39587at5125          -            158    0.0012   17.7   0.1   1   1   1.3e-06    0.0018   17.1   0.0     9    45     7    46     1   125 0.82 POS9-activating factor FAP7 [Cordyceps militaris CM01]
EGX91734.1           -            732 39587at5125          -            158     0.059   12.2   0.0   1   1   0.00012      0.17   10.7   0.0     9    42   452   485   445   506 0.79 heat shock protein 78 [Cordyceps militaris CM01]
EGX93366.1           -            461 39587at5125          -            158      0.72    8.7   4.6   1   3   0.00014      0.19   10.5   0.1    10    29     6    25     4    37 0.88 ATP binding protein, putative [Cordyceps militaris CM01]
EGX93366.1           -            461 39587at5125          -            158      0.72    8.7   4.6   2   3       1.7   2.3e+03   -2.7   0.0   133   155   157   179   155   181 0.84 ATP binding protein, putative [Cordyceps militaris CM01]
EGX93366.1           -            461 39587at5125          -            158      0.72    8.7   4.6   3   3       1.2   1.7e+03   -2.3   0.4   107   141   286   320   280   322 0.81 ATP binding protein, putative [Cordyceps militaris CM01]
#
# Program:         hmmsearch
# Version:         3.1b2 (February 2015)
# Pipeline mode:   SEARCH
# Query file:      /home/zack/funannotate_db/hypocreales_odb10/hmms/39587at5125.hmm
# Target file:     /home/zack/Desktop/IsariaPreferralGenome/MyGenomeSubmittedToNCBI/HypocrealesProteinSets/Cmilitaris_CM01.faa
# Option settings: hmmsearch --domtblout /home/zack/Desktop/IsariaPreferralGenome/MyGenomeSubmittedToNCBI/HypocrealesProteinSets/BUSCO_AA_all/BUSCO_AA_Cmilitaris_CM01/run_hypocreales_odb10/hmmer_output/initial_run_results/39587at5125.out --cpu 1 /home/zack/funannotate_db/hypocreales_odb10/hmms/39587at5125.hmm /home/zack/Desktop/IsariaPreferralGenome/MyGenomeSubmittedToNCBI/HypocrealesProteinSets/Cmilitaris_CM01.faa 
# Current dir:     /home/zack/Desktop/IsariaPreferralGenome/MyGenomeSubmittedToNCBI/HypocrealesProteinSets/BUSCO_AA_all
# Date:            Mon Mar  4 15:14:35 2024
# [ok]
