#                                                                            --- full sequence --- -------------- this domain -------------   hmm coord   ali coord   env coord
# target name        accession   tlen query name           accession   qlen   E-value  score  bias   #  of  c-Evalue  i-Evalue  score  bias  from    to  from    to  from    to  acc description of target
#------------------- ---------- ----- -------------------- ---------- ----- --------- ------ ----- --- --- --------- --------- ------ ----- ----- ----- ----- ----- ----- ----- ---- ---------------------
EGX96749.1           -            405 39836at5125          -            309  1.8e-140  466.4  15.9   1   3  3.6e-100   3.4e-97  324.3   0.1     1   186     1   205     1   224 0.92 DnaJ domain protein [Cordyceps militaris CM01]
EGX96749.1           -            405 39836at5125          -            309  1.8e-140  466.4  15.9   2   3   0.00079      0.76    7.8   1.7   183   203   224   244   213   258 0.83 DnaJ domain protein [Cordyceps militaris CM01]
EGX96749.1           -            405 39836at5125          -            309  1.8e-140  466.4  15.9   3   3     3e-43   2.9e-40  137.3   5.6   197   303   264   388   245   405 0.80 DnaJ domain protein [Cordyceps militaris CM01]
EGX90896.1           -            296 39836at5125          -            309   1.8e-05   23.0   0.2   1   1   3.9e-08   3.8e-05   22.0   0.2    35    77    13    58     3    80 0.77 DnaJ domain protein [Cordyceps militaris CM01]
EGX87840.1           -            426 39836at5125          -            309   4.9e-05   21.6   0.1   1   1   7.4e-08   7.2e-05   21.1   0.1    36    85    15    68     8    81 0.73 DnaJ domain protein (Mas5), putative [Cordyceps militaris CM01]
EGX96795.1           -            279 39836at5125          -            309   0.00012   20.4   0.2   1   2   1.2e-07   0.00012   20.4   0.2    30   111    13    99     5   104 0.76 Heat shock protein DnaJ [Cordyceps militaris CM01]
EGX96795.1           -            279 39836at5125          -            309   0.00012   20.4   0.2   2   2      0.75   7.3e+02   -2.0   3.6   183   209   159   186   144   273 0.68 Heat shock protein DnaJ [Cordyceps militaris CM01]
EGX96887.1           -            764 39836at5125          -            309    0.0005   18.3   0.3   1   1     1e-06   0.00098   17.3   0.3    30    94   518   584   500   589 0.70 DNAJ domain containing protein [Cordyceps militaris CM01]
EGX96560.1           -            521 39836at5125          -            309   0.00056   18.1   0.3   1   1     1e-06   0.00098   17.3   0.3    33    90   398   457   385   475 0.72 heat shock protein, Hsp40, DnaJ [Cordyceps militaris CM01]
EGX93866.1           -            484 39836at5125          -            309    0.0074   14.4   0.0   1   1   1.2e-05     0.012   13.7   0.0    35    67   154   192   141   220 0.81 ER associated DnaJ chaperone (Hlj1), putative [Cordyceps militaris CM01]
EGX92265.1           -            418 39836at5125          -            309     0.023   12.8   0.1   1   1   4.2e-05      0.04   12.0   0.1    37    67    22    55    17    96 0.84 DnaJ domain-containing protein [Cordyceps militaris CM01]
EGX92234.1           -            430 39836at5125          -            309     0.023   12.8   0.1   1   1   4.7e-05     0.046   11.8   0.1    36    76     4    47     2    67 0.73 mitochondrial protein import protein MAS5 [Cordyceps militaris CM01]
EGX94518.1           -            702 39836at5125          -            309     0.037   12.1   0.1   1   1   7.6e-05     0.073   11.2   0.1    39    75   106   145   100   173 0.76 translocation complex component [Cordyceps militaris CM01]
#
# Program:         hmmsearch
# Version:         3.1b2 (February 2015)
# Pipeline mode:   SEARCH
# Query file:      /home/zack/funannotate_db/hypocreales_odb10/hmms/39836at5125.hmm
# Target file:     /home/zack/Desktop/IsariaPreferralGenome/MyGenomeSubmittedToNCBI/HypocrealesProteinSets/Cmilitaris_CM01.faa
# Option settings: hmmsearch --domtblout /home/zack/Desktop/IsariaPreferralGenome/MyGenomeSubmittedToNCBI/HypocrealesProteinSets/BUSCO_AA_all/BUSCO_AA_Cmilitaris_CM01/run_hypocreales_odb10/hmmer_output/initial_run_results/39836at5125.out --cpu 1 /home/zack/funannotate_db/hypocreales_odb10/hmms/39836at5125.hmm /home/zack/Desktop/IsariaPreferralGenome/MyGenomeSubmittedToNCBI/HypocrealesProteinSets/Cmilitaris_CM01.faa 
# Current dir:     /home/zack/Desktop/IsariaPreferralGenome/MyGenomeSubmittedToNCBI/HypocrealesProteinSets/BUSCO_AA_all
# Date:            Mon Mar  4 15:14:40 2024
# [ok]
