#                                                                            --- full sequence --- -------------- this domain -------------   hmm coord   ali coord   env coord
# target name        accession   tlen query name           accession   qlen   E-value  score  bias   #  of  c-Evalue  i-Evalue  score  bias  from    to  from    to  from    to  acc description of target
#------------------- ---------- ----- -------------------- ---------- ----- --------- ------ ----- --- --- --------- --------- ------ ----- ----- ----- ----- ----- ----- ----- ---- ---------------------
EGX92356.1           -            915 4563at5125           -            811         0 1595.0  27.4   1   2   2.8e-16   5.5e-13   47.1   2.1     1    38     1    39     1    46 0.92 importin beta-1 subunit [Cordyceps militaris CM01]
EGX92356.1           -            915 4563at5125           -            811         0 1595.0  27.4   2   2         0         0 1553.2  18.1    28   811    52   906    37   906 0.95 importin beta-1 subunit [Cordyceps militaris CM01]
EGX91481.1           -            995 4563at5125           -            811     6e-14   50.3   0.1   1   3      0.32   6.1e+02   -2.7   0.0     9    63    71   139    66   152 0.58 importin beta-2 subunit [Cordyceps militaris CM01]
EGX91481.1           -            995 4563at5125           -            811     6e-14   50.3   0.1   2   3   0.00042      0.81    6.9   0.0   253   283   325   355   316   360 0.90 importin beta-2 subunit [Cordyceps militaris CM01]
EGX91481.1           -            995 4563at5125           -            811     6e-14   50.3   0.1   3   3   4.6e-14   8.8e-11   39.8   0.0   325   422   454   554   446   649 0.85 importin beta-2 subunit [Cordyceps militaris CM01]
EGX96524.1           -           1092 4563at5125           -            811   1.3e-06   26.0   8.2   1   3       0.1     2e+02   -1.0   1.1     5   127    11   143     8   220 0.56 Armadillo-type fold domain containing protein [Cordyceps militaris CM01]
EGX96524.1           -           1092 4563at5125           -            811   1.3e-06   26.0   8.2   2   3   4.6e-05     0.089   10.0   0.0   328   421   336   433   307   451 0.65 Armadillo-type fold domain containing protein [Cordyceps militaris CM01]
EGX96524.1           -           1092 4563at5125           -            811   1.3e-06   26.0   8.2   3   3   8.9e-08   0.00017   19.0   0.2   559   695   489   632   469   641 0.77 Armadillo-type fold domain containing protein [Cordyceps militaris CM01]
EGX95450.1           -           1038 4563at5125           -            811    0.0037   14.6   0.6   1   2    0.0032       6.2    3.9   0.1    15   131    28   148    15   193 0.77 importin 11, putative [Cordyceps militaris CM01]
EGX95450.1           -           1038 4563at5125           -            811    0.0037   14.6   0.6   2   2   0.00012      0.23    8.7   0.0   513   610   595   694   575   730 0.84 importin 11, putative [Cordyceps militaris CM01]
EGX90082.1           -           1062 4563at5125           -            811    0.0068   13.7   0.0   1   1   6.7e-06     0.013   12.8   0.0     1   100     1   100     1   141 0.77 nonsense-mediated mRNA decay protein (Nmd5), putative [Cordyceps militaris CM01]
#
# Program:         hmmsearch
# Version:         3.1b2 (February 2015)
# Pipeline mode:   SEARCH
# Query file:      /home/zack/funannotate_db/hypocreales_odb10/hmms/4563at5125.hmm
# Target file:     /home/zack/Desktop/IsariaPreferralGenome/MyGenomeSubmittedToNCBI/HypocrealesProteinSets/Cmilitaris_CM01.faa
# Option settings: hmmsearch --domtblout /home/zack/Desktop/IsariaPreferralGenome/MyGenomeSubmittedToNCBI/HypocrealesProteinSets/BUSCO_AA_all/BUSCO_AA_Cmilitaris_CM01/run_hypocreales_odb10/hmmer_output/initial_run_results/4563at5125.out --cpu 1 /home/zack/funannotate_db/hypocreales_odb10/hmms/4563at5125.hmm /home/zack/Desktop/IsariaPreferralGenome/MyGenomeSubmittedToNCBI/HypocrealesProteinSets/Cmilitaris_CM01.faa 
# Current dir:     /home/zack/Desktop/IsariaPreferralGenome/MyGenomeSubmittedToNCBI/HypocrealesProteinSets/BUSCO_AA_all
# Date:            Mon Mar  4 15:15:00 2024
# [ok]
