#                                                                            --- full sequence --- -------------- this domain -------------   hmm coord   ali coord   env coord
# target name        accession   tlen query name           accession   qlen   E-value  score  bias   #  of  c-Evalue  i-Evalue  score  bias  from    to  from    to  from    to  acc description of target
#------------------- ---------- ----- -------------------- ---------- ----- --------- ------ ----- --- --- --------- --------- ------ ----- ----- ----- ----- ----- ----- ----- ---- ---------------------
EGX93000.1           -            482 47349at5125          -            233     1e-51  174.9  78.6   1   5         2   9.7e+03   -6.2   4.6     1    18     5    22     5    25 0.52 hypothetical protein CCM_04372 [Cordyceps militaris CM01]
EGX93000.1           -            482 47349at5125          -            233     1e-51  174.9  78.6   2   5      0.33   1.6e+03   -2.5  10.4     3    50    30    75    28    86 0.72 hypothetical protein CCM_04372 [Cordyceps militaris CM01]
EGX93000.1           -            482 47349at5125          -            233     1e-51  174.9  78.6   3   5   0.00016      0.77    8.4  27.3    16    92    81   184    71   192 0.65 hypothetical protein CCM_04372 [Cordyceps militaris CM01]
EGX93000.1           -            482 47349at5125          -            233     1e-51  174.9  78.6   4   5   1.4e-40   6.8e-37  126.4   1.3    72   157   186   271   181   310 0.90 hypothetical protein CCM_04372 [Cordyceps militaris CM01]
EGX93000.1           -            482 47349at5125          -            233     1e-51  174.9  78.6   5   5   7.7e-21   3.7e-17   61.8   8.8   151   228   379   471   338   475 0.75 hypothetical protein CCM_04372 [Cordyceps militaris CM01]
EGX92354.1           -            500 47349at5125          -            233    0.0055   15.4  10.2   1   4    0.0067        33    3.1  16.3     4    88    49   139    45   153 0.82 hypothetical protein CCM_03726 [Cordyceps militaris CM01]
EGX92354.1           -            500 47349at5125          -            233    0.0055   15.4  10.2   2   4     0.012        59    2.2   4.0    42    75   113   146   109   171 0.80 hypothetical protein CCM_03726 [Cordyceps militaris CM01]
EGX92354.1           -            500 47349at5125          -            233    0.0055   15.4  10.2   3   4      0.61     3e+03   -3.4   5.1    42    88   221   269   183   279 0.65 hypothetical protein CCM_03726 [Cordyceps militaris CM01]
EGX92354.1           -            500 47349at5125          -            233    0.0055   15.4  10.2   4   4   1.1e-06    0.0055   15.4  10.2    83   207   368   496   346   498 0.73 hypothetical protein CCM_03726 [Cordyceps militaris CM01]
#
# Program:         hmmsearch
# Version:         3.1b2 (February 2015)
# Pipeline mode:   SEARCH
# Query file:      /home/zack/funannotate_db/hypocreales_odb10/hmms/47349at5125.hmm
# Target file:     /home/zack/Desktop/IsariaPreferralGenome/MyGenomeSubmittedToNCBI/HypocrealesProteinSets/Cmilitaris_CM01.faa
# Option settings: hmmsearch --domtblout /home/zack/Desktop/IsariaPreferralGenome/MyGenomeSubmittedToNCBI/HypocrealesProteinSets/BUSCO_AA_all/BUSCO_AA_Cmilitaris_CM01/run_hypocreales_odb10/hmmer_output/initial_run_results/47349at5125.out --cpu 1 /home/zack/funannotate_db/hypocreales_odb10/hmms/47349at5125.hmm /home/zack/Desktop/IsariaPreferralGenome/MyGenomeSubmittedToNCBI/HypocrealesProteinSets/Cmilitaris_CM01.faa 
# Current dir:     /home/zack/Desktop/IsariaPreferralGenome/MyGenomeSubmittedToNCBI/HypocrealesProteinSets/BUSCO_AA_all
# Date:            Mon Mar  4 15:14:48 2024
# [ok]
