#                                                                            --- full sequence --- -------------- this domain -------------   hmm coord   ali coord   env coord
# target name        accession   tlen query name           accession   qlen   E-value  score  bias   #  of  c-Evalue  i-Evalue  score  bias  from    to  from    to  from    to  acc description of target
#------------------- ---------- ----- -------------------- ---------- ----- --------- ------ ----- --- --- --------- --------- ------ ----- ----- ----- ----- ----- ----- ----- ---- ---------------------
EGX91425.1           -            385 50634at5125          -            222   2.5e-83  278.0  12.4   1   3     3e-84   5.8e-81  270.2   4.1     1   179     1   187     1   200 0.95 hypothetical protein CCM_05583 [Cordyceps militaris CM01]
EGX91425.1           -            385 50634at5125          -            222   2.5e-83  278.0  12.4   2   3   0.00019      0.37    9.2   0.0   185   211   223   249   213   278 0.84 hypothetical protein CCM_05583 [Cordyceps militaris CM01]
EGX91425.1           -            385 50634at5125          -            222   2.5e-83  278.0  12.4   3   3     0.016        30    3.0   0.2   197   222   357   384   328   384 0.75 hypothetical protein CCM_05583 [Cordyceps militaris CM01]
EGX91927.1           -            203 50634at5125          -            222   2.2e-06   26.3   0.8   1   1   1.7e-09   3.2e-06   25.8   0.8    13   199     7   195     2   200 0.73 hypothetical protein CCM_06087 [Cordyceps militaris CM01]
EGX96750.1           -            521 50634at5125          -            222   8.4e-05   21.1   0.3   1   2   6.4e-05      0.12   10.8   0.0     5    39   154   188   151   201 0.76 hypothetical protein CCM_01408 [Cordyceps militaris CM01]
EGX96750.1           -            521 50634at5125          -            222   8.4e-05   21.1   0.3   2   2   0.00044      0.85    8.1   0.1    92   174   265   346   243   365 0.70 hypothetical protein CCM_01408 [Cordyceps militaris CM01]
EGX96252.1           -            169 50634at5125          -            222      0.26    9.7   4.9   1   1    0.0023       4.4    5.7   4.9    12   172     7   152     2   166 0.60 integral membrane protein [Cordyceps militaris CM01]
EGX95470.1           -            190 50634at5125          -            222       2.5    6.5  12.4   1   1    0.0041       7.9    4.9  12.4    10   100    11    98     5   188 0.62 hypothetical protein CCM_00124 [Cordyceps militaris CM01]
#
# Program:         hmmsearch
# Version:         3.1b2 (February 2015)
# Pipeline mode:   SEARCH
# Query file:      /home/zack/funannotate_db/hypocreales_odb10/hmms/50634at5125.hmm
# Target file:     /home/zack/Desktop/IsariaPreferralGenome/MyGenomeSubmittedToNCBI/HypocrealesProteinSets/Cmilitaris_CM01.faa
# Option settings: hmmsearch --domtblout /home/zack/Desktop/IsariaPreferralGenome/MyGenomeSubmittedToNCBI/HypocrealesProteinSets/BUSCO_AA_all/BUSCO_AA_Cmilitaris_CM01/run_hypocreales_odb10/hmmer_output/initial_run_results/50634at5125.out --cpu 1 /home/zack/funannotate_db/hypocreales_odb10/hmms/50634at5125.hmm /home/zack/Desktop/IsariaPreferralGenome/MyGenomeSubmittedToNCBI/HypocrealesProteinSets/Cmilitaris_CM01.faa 
# Current dir:     /home/zack/Desktop/IsariaPreferralGenome/MyGenomeSubmittedToNCBI/HypocrealesProteinSets/BUSCO_AA_all
# Date:            Mon Mar  4 15:14:47 2024
# [ok]
