#                                                                            --- full sequence --- -------------- this domain -------------   hmm coord   ali coord   env coord
# target name        accession   tlen query name           accession   qlen   E-value  score  bias   #  of  c-Evalue  i-Evalue  score  bias  from    to  from    to  from    to  acc description of target
#------------------- ---------- ----- -------------------- ---------- ----- --------- ------ ----- --- --- --------- --------- ------ ----- ----- ----- ----- ----- ----- ----- ---- ---------------------
EGX91497.1           -            318 51434at5125          -            230  4.7e-103  342.8  10.5   1   2   2.8e-38   4.6e-35  120.3   4.3     2    91    52   141    51   167 0.92 tetratricopeptide repeat protein 1 (TTC1), putative [Cordyceps militaris CM01]
EGX91497.1           -            318 51434at5125          -            230  4.7e-103  342.8  10.5   2   2   9.9e-71   1.6e-67  226.5   0.6   106   228   195   317   157   318 0.91 tetratricopeptide repeat protein 1 (TTC1), putative [Cordyceps militaris CM01]
EGX96887.1           -            764 51434at5125          -            230   5.9e-13   48.0   2.7   1   2   1.9e-06    0.0031   16.2   0.1    12    82   166   231   159   236 0.90 DNAJ domain containing protein [Cordyceps militaris CM01]
EGX96887.1           -            764 51434at5125          -            230   5.9e-13   48.0   2.7   2   2   1.3e-10     2e-07   29.9   0.4    11    82   396   466   388   515 0.85 DNAJ domain containing protein [Cordyceps militaris CM01]
EGX95462.1           -            580 51434at5125          -            230   0.00043   19.0  19.8   1   4   5.3e-06    0.0085   14.7   2.0    15    80     4    64     1    68 0.90 heat shock protein [Cordyceps militaris CM01]
EGX95462.1           -            580 51434at5125          -            230   0.00043   19.0  19.8   2   4    0.0038       6.2    5.4   1.9     7    83   246   316   239   336 0.82 heat shock protein [Cordyceps militaris CM01]
EGX95462.1           -            580 51434at5125          -            230   0.00043   19.0  19.8   3   4   0.00067       1.1    7.9   0.0    14    82   387   450   372   455 0.85 heat shock protein [Cordyceps militaris CM01]
EGX95462.1           -            580 51434at5125          -            230   0.00043   19.0  19.8   4   4     0.034        54    2.3   0.5    41   109   441   510   435   528 0.50 heat shock protein [Cordyceps militaris CM01]
EGX89127.1           -            278 51434at5125          -            230    0.0006   18.5   6.3   1   1   8.3e-07    0.0013   17.4   6.3    16    81     5    65     1   201 0.90 U-box domain containing protein [Cordyceps militaris CM01]
EGX95864.1           -            621 51434at5125          -            230   0.00061   18.5   0.8   1   3       1.4   2.3e+03   -3.0   0.3    83   110    69    96    64   104 0.64 mitochondrial precursor protein import receptor tom70 [Cordyceps militaris CM01]
EGX95864.1           -            621 51434at5125          -            230   0.00061   18.5   0.8   2   3   3.8e-07   0.00061   18.5   0.8    14    82   127   189   116   214 0.84 mitochondrial precursor protein import receptor tom70 [Cordyceps militaris CM01]
EGX95864.1           -            621 51434at5125          -            230   0.00061   18.5   0.8   3   3      0.18   2.8e+02   -0.0   0.2    26    79   479   530   474   592 0.73 mitochondrial precursor protein import receptor tom70 [Cordyceps militaris CM01]
EGX95981.1           -            879 51434at5125          -            230     0.044   12.4   6.6   1   1   5.3e-05     0.085   11.5   6.6    11    80   619   683   604   690 0.81 Hsc70 cochaperone (SGT), putative [Cordyceps militaris CM01]
#
# Program:         hmmsearch
# Version:         3.1b2 (February 2015)
# Pipeline mode:   SEARCH
# Query file:      /home/zack/funannotate_db/hypocreales_odb10/hmms/51434at5125.hmm
# Target file:     /home/zack/Desktop/IsariaPreferralGenome/MyGenomeSubmittedToNCBI/HypocrealesProteinSets/Cmilitaris_CM01.faa
# Option settings: hmmsearch --domtblout /home/zack/Desktop/IsariaPreferralGenome/MyGenomeSubmittedToNCBI/HypocrealesProteinSets/BUSCO_AA_all/BUSCO_AA_Cmilitaris_CM01/run_hypocreales_odb10/hmmer_output/initial_run_results/51434at5125.out --cpu 1 /home/zack/funannotate_db/hypocreales_odb10/hmms/51434at5125.hmm /home/zack/Desktop/IsariaPreferralGenome/MyGenomeSubmittedToNCBI/HypocrealesProteinSets/Cmilitaris_CM01.faa 
# Current dir:     /home/zack/Desktop/IsariaPreferralGenome/MyGenomeSubmittedToNCBI/HypocrealesProteinSets/BUSCO_AA_all
# Date:            Mon Mar  4 15:15:02 2024
# [ok]
