#                                                                            --- full sequence --- -------------- this domain -------------   hmm coord   ali coord   env coord
# target name        accession   tlen query name           accession   qlen   E-value  score  bias   #  of  c-Evalue  i-Evalue  score  bias  from    to  from    to  from    to  acc description of target
#------------------- ---------- ----- -------------------- ---------- ----- --------- ------ ----- --- --- --------- --------- ------ ----- ----- ----- ----- ----- ----- ----- ---- ---------------------
EGX89021.1           -            204 52063at5125          -            182   1.9e-98  326.7   1.0   1   1  1.6e-101   2.2e-98  326.4   1.0     1   181     1   194     1   195 0.96 tetratricopeptide repeat domain containing protein [Cordyceps militaris CM01]
EGX95462.1           -            580 52063at5125          -            182   1.1e-11   43.9   4.6   1   3   3.3e-08   4.5e-05   22.4   0.1    99   181    35   116     2   117 0.91 heat shock protein [Cordyceps militaris CM01]
EGX95462.1           -            580 52063at5125          -            182   1.1e-11   43.9   4.6   2   3     0.007       9.6    5.0   0.3    57    80   256   279   245   286 0.83 heat shock protein [Cordyceps militaris CM01]
EGX95462.1           -            580 52063at5125          -            182   1.1e-11   43.9   4.6   3   3   4.5e-05     0.061   12.2   0.0    58   171   391   490   364   500 0.85 heat shock protein [Cordyceps militaris CM01]
EGX95981.1           -            879 52063at5125          -            182   2.5e-07   29.7   1.1   1   1   2.2e-09   3.1e-06   26.2   1.1    51   171   619   725   609   731 0.86 Hsc70 cochaperone (SGT), putative [Cordyceps militaris CM01]
EGX92505.1           -            474 52063at5125          -            182   2.5e-06   26.5   0.0   1   1     3e-08   4.2e-05   22.5   0.0    57   172     6   107     2   117 0.87 serine/threonine-protein phosphatase 5 [Cordyceps militaris CM01]
EGX90126.1           -            656 52063at5125          -            182   2.7e-05   23.1   2.4   1   3         3   4.2e+03   -3.6   0.0    38    70    79   111    75   140 0.64 TPR domain protein [Cordyceps militaris CM01]
EGX90126.1           -            656 52063at5125          -            182   2.7e-05   23.1   2.4   2   3   1.2e-07   0.00016   20.6   0.0    56   160   216   316   206   334 0.82 TPR domain protein [Cordyceps militaris CM01]
EGX90126.1           -            656 52063at5125          -            182   2.7e-05   23.1   2.4   3   3      0.19   2.6e+02    0.3   1.0    96   151   526   581   510   605 0.77 TPR domain protein [Cordyceps militaris CM01]
EGX96887.1           -            764 52063at5125          -            182   6.4e-05   21.9   0.4   1   2     0.021        29    3.4   0.0   100   156   201   256   157   262 0.78 DNAJ domain containing protein [Cordyceps militaris CM01]
EGX96887.1           -            764 52063at5125          -            182   6.4e-05   21.9   0.4   2   2   7.4e-06      0.01   14.7   0.4    55   129   400   465   377   500 0.85 DNAJ domain containing protein [Cordyceps militaris CM01]
EGX95864.1           -            621 52063at5125          -            182       0.1   11.4   4.7   1   2    0.0013       1.8    7.3   1.7    56   128   129   187   117   215 0.73 mitochondrial precursor protein import receptor tom70 [Cordyceps militaris CM01]
EGX95864.1           -            621 52063at5125          -            182       0.1   11.4   4.7   2   2      0.38   5.3e+02   -0.7   0.1    69    90   482   504   471   586 0.67 mitochondrial precursor protein import receptor tom70 [Cordyceps militaris CM01]
#
# Program:         hmmsearch
# Version:         3.1b2 (February 2015)
# Pipeline mode:   SEARCH
# Query file:      /home/zack/funannotate_db/hypocreales_odb10/hmms/52063at5125.hmm
# Target file:     /home/zack/Desktop/IsariaPreferralGenome/MyGenomeSubmittedToNCBI/HypocrealesProteinSets/Cmilitaris_CM01.faa
# Option settings: hmmsearch --domtblout /home/zack/Desktop/IsariaPreferralGenome/MyGenomeSubmittedToNCBI/HypocrealesProteinSets/BUSCO_AA_all/BUSCO_AA_Cmilitaris_CM01/run_hypocreales_odb10/hmmer_output/initial_run_results/52063at5125.out --cpu 1 /home/zack/funannotate_db/hypocreales_odb10/hmms/52063at5125.hmm /home/zack/Desktop/IsariaPreferralGenome/MyGenomeSubmittedToNCBI/HypocrealesProteinSets/Cmilitaris_CM01.faa 
# Current dir:     /home/zack/Desktop/IsariaPreferralGenome/MyGenomeSubmittedToNCBI/HypocrealesProteinSets/BUSCO_AA_all
# Date:            Mon Mar  4 15:15:13 2024
# [ok]
