#                                                                            --- full sequence --- -------------- this domain -------------   hmm coord   ali coord   env coord
# target name        accession   tlen query name           accession   qlen   E-value  score  bias   #  of  c-Evalue  i-Evalue  score  bias  from    to  from    to  from    to  acc description of target
#------------------- ---------- ----- -------------------- ---------- ----- --------- ------ ----- --- --- --------- --------- ------ ----- ----- ----- ----- ----- ----- ----- ---- ---------------------
EGX89436.1           -            175 56485at5125          -            107   5.2e-60  199.6   0.0   1   1   1.3e-62   5.2e-60  199.6   0.0     2   102    36   139    35   143 0.96 RNA-binding protein 8A [Cordyceps militaris CM01]
EGX92385.1           -            404 56485at5125          -            107   1.6e-11   43.6   0.0   1   2     3e-06    0.0012   18.3   0.0    23    94    15    89    10    98 0.85 splicing factor 3b subunit 4 [Cordyceps militaris CM01]
EGX92385.1           -            404 56485at5125          -            107   1.6e-11   43.6   0.0   2   2   9.4e-08   3.8e-05   23.1   0.0    24   101   114   194   109   201 0.80 splicing factor 3b subunit 4 [Cordyceps militaris CM01]
EGX91356.1           -            438 56485at5125          -            107   8.8e-10   38.0   0.1   1   2    0.0018      0.72    9.3   0.1    32   104   192   267   187   271 0.85 nucleolin protein Nsr1, putative [Cordyceps militaris CM01]
EGX91356.1           -            438 56485at5125          -            107   8.8e-10   38.0   0.1   2   2   1.1e-08   4.2e-06   26.2   0.0    18   104   283   376   272   378 0.83 nucleolin protein Nsr1, putative [Cordyceps militaris CM01]
EGX93330.1           -            296 56485at5125          -            107   5.3e-09   35.5   0.1   1   1   2.6e-11     1e-08   34.6   0.1    24    93   219   291   216   295 0.82 eukaryotic translation initiation factor 3, subunit 4 [Cordyceps militaris CM01]
EGX93237.1           -            736 56485at5125          -            107   1.3e-08   34.3   0.4   1   4       3.1   1.2e+03   -1.1   0.0    34    75    68   109    58   118 0.78 polyadenylate-binding protein [Cordyceps militaris CM01]
EGX93237.1           -            736 56485at5125          -            107   1.3e-08   34.3   0.4   2   4     7e-07   0.00028   20.3   0.0    23    83   145   204   130   227 0.79 polyadenylate-binding protein [Cordyceps militaris CM01]
EGX93237.1           -            736 56485at5125          -            107   1.3e-08   34.3   0.4   3   4      0.24        95    2.5   0.0    27    81   242   295   236   319 0.78 polyadenylate-binding protein [Cordyceps militaris CM01]
EGX93237.1           -            736 56485at5125          -            107   1.3e-08   34.3   0.4   4   4     0.019       7.7    6.0   0.0    20    51   338   369   316   378 0.83 polyadenylate-binding protein [Cordyceps militaris CM01]
EGX91287.1           -            849 56485at5125          -            107   1.2e-07   31.2   0.5   1   3       1.1   4.4e+02    0.4   0.0    46    65    30    48    16    90 0.77 pre-rRNA processing protein Mrd1, putative [Cordyceps militaris CM01]
EGX91287.1           -            849 56485at5125          -            107   1.2e-07   31.2   0.5   2   3   3.9e-05     0.016   14.7   0.0    23    80   324   380   307   402 0.82 pre-rRNA processing protein Mrd1, putative [Cordyceps militaris CM01]
EGX91287.1           -            849 56485at5125          -            107   1.2e-07   31.2   0.5   3   3   0.00057      0.23   11.0   0.0    21    95   727   802   708   812 0.75 pre-rRNA processing protein Mrd1, putative [Cordyceps militaris CM01]
EGX91621.1           -            818 56485at5125          -            107   1.6e-07   30.8   0.0   1   4     0.087        35    3.9   0.0    32    79    53   100    35   127 0.77 ribosome biogenesis protein Nop4 [Cordyceps militaris CM01]
EGX91621.1           -            818 56485at5125          -            107   1.6e-07   30.8   0.0   2   4    0.0041       1.7    8.2   0.0    34   104   159   230   147   233 0.76 ribosome biogenesis protein Nop4 [Cordyceps militaris CM01]
EGX91621.1           -            818 56485at5125          -            107   1.6e-07   30.8   0.0   3   4   0.00022     0.088   12.3   0.0    20    82   316   378   296   384 0.87 ribosome biogenesis protein Nop4 [Cordyceps militaris CM01]
EGX91621.1           -            818 56485at5125          -            107   1.6e-07   30.8   0.0   4   4       1.4   5.6e+02    0.1   0.0    47    73   565   591   560   602 0.82 ribosome biogenesis protein Nop4 [Cordyceps militaris CM01]
EGX89167.1           -            450 56485at5125          -            107   1.7e-07   30.7   0.0   1   3    0.0025         1    8.9   0.0    30   103    79   154    71   159 0.81 nuclear and cytoplasmic polyadenylated RNA-binding protein pub1 [Cordyceps militaris CM01]
EGX89167.1           -            450 56485at5125          -            107   1.7e-07   30.7   0.0   2   3   4.1e-06    0.0016   17.8   0.0    23   102   162   244   155   249 0.85 nuclear and cytoplasmic polyadenylated RNA-binding protein pub1 [Cordyceps militaris CM01]
EGX89167.1           -            450 56485at5125          -            107   1.7e-07   30.7   0.0   3   3       1.5   6.2e+02   -0.1   0.0    56    79   315   338   305   345 0.76 nuclear and cytoplasmic polyadenylated RNA-binding protein pub1 [Cordyceps militaris CM01]
EGX96437.1           -            201 56485at5125          -            107   3.4e-06   26.5   0.0   1   1   1.2e-08   4.8e-06   26.0   0.0     7    71    63   127    56   163 0.87 RNP domain-containing protein [Cordyceps militaris CM01]
EGX89266.1           -            172 56485at5125          -            107   6.2e-06   25.6   0.0   1   1   2.4e-08   9.5e-06   25.0   0.0    25    93    51   122    45   136 0.86 nuclear cap binding protein subunit 2 [Cordyceps militaris CM01]
EGX96290.1           -            321 56485at5125          -            107   8.7e-06   25.2   0.0   1   1   5.1e-08     2e-05   24.0   0.0    23    97   115   192   105   205 0.80 Nucleotide-binding, alpha-beta plait [Cordyceps militaris CM01]
EGX92210.1           -            285 56485at5125          -            107   4.4e-05   22.9   0.0   1   1   1.7e-07   6.9e-05   22.3   0.0    12    80    55   124    50   150 0.82 RNA binding domain protein [Cordyceps militaris CM01]
EGX93985.1           -            284 56485at5125          -            107   6.5e-05   22.4   0.0   1   1   3.1e-07   0.00012   21.5   0.0    22    99     9    89     6    95 0.87 Nucleotide-binding, alpha-beta plait [Cordyceps militaris CM01]
EGX92185.1           -            182 56485at5125          -            107    0.0003   20.2   0.0   1   1   1.1e-06   0.00043   19.7   0.0    32    97    13    81     6    87 0.81 glycine-rich RNA-binding protein [Cordyceps militaris CM01]
EGX96997.1           -            545 56485at5125          -            107   0.00044   19.7   0.0   1   2     0.067        27    4.3   0.0    37    92   175   232   160   245 0.79 RNA splicing factor (Pad-1), putative [Cordyceps militaris CM01]
EGX96997.1           -            545 56485at5125          -            107   0.00044   19.7   0.0   2   2   0.00018     0.072   12.6   0.0    24    81   261   317   257   341 0.87 RNA splicing factor (Pad-1), putative [Cordyceps militaris CM01]
EGX92758.1           -            376 56485at5125          -            107    0.0032   16.9   0.0   1   2   3.3e-05     0.013   14.9   0.0    10   101    33   126    24   131 0.84 RNP domain containing protein [Cordyceps militaris CM01]
EGX92758.1           -            376 56485at5125          -            107    0.0032   16.9   0.0   2   2       3.9   1.6e+03   -1.4   0.0    55    99   301   346   292   353 0.57 RNP domain containing protein [Cordyceps militaris CM01]
EGX96432.1           -            525 56485at5125          -            107    0.0036   16.7   0.0   1   2    0.0033       1.3    8.5   0.0    31    78   125   172   114   200 0.78 RNA recognition protein, RNP-1 [Cordyceps militaris CM01]
EGX96432.1           -            525 56485at5125          -            107    0.0036   16.7   0.0   2   2     0.019       7.6    6.1   0.0    23    78   201   256   196   274 0.85 RNA recognition protein, RNP-1 [Cordyceps militaris CM01]
EGX92582.1           -            375 56485at5125          -            107    0.0093   15.4   0.0   1   1   2.3e-05    0.0093   15.4   0.0    23    81    72   130    65   154 0.86 transformer-SR ribonucleoprotein, putative [Cordyceps militaris CM01]
EGX93171.1           -            144 56485at5125          -            107     0.016   14.6   0.0   1   2   0.00011     0.043   13.3   0.0    35    94    23    88    10   100 0.75 RNA recognition protein, RNP-1 [Cordyceps militaris CM01]
EGX93171.1           -            144 56485at5125          -            107     0.016   14.6   0.0   2   2       3.2   1.3e+03   -1.1   0.0    12    33   101   120    90   123 0.72 RNA recognition protein, RNP-1 [Cordyceps militaris CM01]
EGX87684.1           -            505 56485at5125          -            107     0.018   14.5   0.1   1   2       7.7   3.1e+03   -2.3   0.0    75   100   225   250   215   253 0.70 cyclophilin-type peptidyl-prolyl cis-trans isomerase [Cordyceps militaris CM01]
EGX87684.1           -            505 56485at5125          -            107     0.018   14.5   0.1   2   2   0.00013     0.054   13.0   0.1    28    95   258   328   236   337 0.80 cyclophilin-type peptidyl-prolyl cis-trans isomerase [Cordyceps militaris CM01]
EGX95728.1           -            267 56485at5125          -            107     0.021   14.3   0.0   1   2      0.22        90    2.6   0.0    33    80    34    78    17   105 0.62 small nuclear ribonucleoprotein [Cordyceps militaris CM01]
EGX95728.1           -            267 56485at5125          -            107     0.021   14.3   0.0   2   2    0.0019      0.76    9.3   0.0    22    92   195   263   192   266 0.76 small nuclear ribonucleoprotein [Cordyceps militaris CM01]
EGX97109.1           -            361 56485at5125          -            107     0.029   13.8   0.0   1   1   0.00014     0.057   12.9   0.0    17    77   146   206   134   226 0.79 Nucleotide-binding, alpha-beta plait [Cordyceps militaris CM01]
EGX92663.1           -            333 56485at5125          -            107     0.032   13.7   0.0   1   2    0.0033       1.3    8.5   0.0    42    79    40    77    22    98 0.83 ribonucleoprotein [Cordyceps militaris CM01]
EGX92663.1           -            333 56485at5125          -            107     0.032   13.7   0.0   2   2      0.17        67    3.0   0.0    61    92   243   277   199   289 0.72 ribonucleoprotein [Cordyceps militaris CM01]
EGX89306.1           -            868 56485at5125          -            107     0.043   13.3   0.0   1   2      0.97   3.9e+02    0.6   0.0    23    61   364   402   345   415 0.78 negative regulator of differentiation 1 [Cordyceps militaris CM01]
EGX89306.1           -            868 56485at5125          -            107     0.043   13.3   0.0   2   2    0.0013      0.52    9.8   0.0    23    69   589   629   576   668 0.69 negative regulator of differentiation 1 [Cordyceps militaris CM01]
#
# Program:         hmmsearch
# Version:         3.1b2 (February 2015)
# Pipeline mode:   SEARCH
# Query file:      /home/zack/funannotate_db/hypocreales_odb10/hmms/56485at5125.hmm
# Target file:     /home/zack/Desktop/IsariaPreferralGenome/MyGenomeSubmittedToNCBI/HypocrealesProteinSets/Cmilitaris_CM01.faa
# Option settings: hmmsearch --domtblout /home/zack/Desktop/IsariaPreferralGenome/MyGenomeSubmittedToNCBI/HypocrealesProteinSets/BUSCO_AA_all/BUSCO_AA_Cmilitaris_CM01/run_hypocreales_odb10/hmmer_output/initial_run_results/56485at5125.out --cpu 1 /home/zack/funannotate_db/hypocreales_odb10/hmms/56485at5125.hmm /home/zack/Desktop/IsariaPreferralGenome/MyGenomeSubmittedToNCBI/HypocrealesProteinSets/Cmilitaris_CM01.faa 
# Current dir:     /home/zack/Desktop/IsariaPreferralGenome/MyGenomeSubmittedToNCBI/HypocrealesProteinSets/BUSCO_AA_all
# Date:            Mon Mar  4 15:15:15 2024
# [ok]
