#                                                                            --- full sequence --- -------------- this domain -------------   hmm coord   ali coord   env coord
# target name        accession   tlen query name           accession   qlen   E-value  score  bias   #  of  c-Evalue  i-Evalue  score  bias  from    to  from    to  from    to  acc description of target
#------------------- ---------- ----- -------------------- ---------- ----- --------- ------ ----- --- --- --------- --------- ------ ----- ----- ----- ----- ----- ----- ----- ---- ---------------------
EGX88868.1           -            669 60380at5125          -            235   8.1e-63  211.9  49.7   1   2   2.4e-51   2.6e-48  164.4  20.8     1   195   380   570   380   577 0.78 WW/Rsp5/WWP [Cordyceps militaris CM01]
EGX88868.1           -            669 60380at5125          -            235   8.1e-63  211.9  49.7   2   2     5e-17   5.4e-14   52.1  22.9   156   233   575   657   567   661 0.83 WW/Rsp5/WWP [Cordyceps militaris CM01]
EGX96436.1           -            809 60380at5125          -            235   3.1e-05   23.4  11.6   1   3   5.4e-06    0.0058   16.0   0.3    17    76   226   284   210   292 0.80 ubiquitin ligase (Nedd4/Rsp5p) [Cordyceps militaris CM01]
EGX96436.1           -            809 60380at5125          -            235   3.1e-05   23.4  11.6   2   3     0.021        22    4.3   1.8     8    51   319   361   315   385 0.83 ubiquitin ligase (Nedd4/Rsp5p) [Cordyceps militaris CM01]
EGX96436.1           -            809 60380at5125          -            235   3.1e-05   23.4  11.6   3   3    0.0014       1.5    8.1   0.1    18    61   388   431   380   438 0.80 ubiquitin ligase (Nedd4/Rsp5p) [Cordyceps militaris CM01]
EGX90416.1           -            267 60380at5125          -            235   0.00011   21.7   5.2   1   1   1.6e-07   0.00018   21.0   5.2    60   110    96   146    70   188 0.66 SWIB/MDM2 domain protein [Cordyceps militaris CM01]
EGX93069.1           -            284 60380at5125          -            235   0.00023   20.6  38.3   1   5         9   9.7e+03   -4.9  10.2   144   182    18    55     5    58 0.58 WW/Rsp5/WWP [Cordyceps militaris CM01]
EGX93069.1           -            284 60380at5125          -            235   0.00023   20.6  38.3   2   5   6.1e-07   0.00065   19.1  16.1     7    56    55   109    49   116 0.75 WW/Rsp5/WWP [Cordyceps militaris CM01]
EGX93069.1           -            284 60380at5125          -            235   0.00023   20.6  38.3   3   5   1.3e-05     0.014   14.8  14.2   152   210   107   164   100   188 0.71 WW/Rsp5/WWP [Cordyceps militaris CM01]
EGX93069.1           -            284 60380at5125          -            235   0.00023   20.6  38.3   4   5       2.4   2.6e+03   -2.5   0.8    96   121   238   261   221   275 0.57 WW/Rsp5/WWP [Cordyceps militaris CM01]
EGX93069.1           -            284 60380at5125          -            235   0.00023   20.6  38.3   5   5       2.5   2.7e+03   -2.5   0.3   217   232   267   281   262   284 0.63 WW/Rsp5/WWP [Cordyceps militaris CM01]
EGX91034.1           -            398 60380at5125          -            235   0.00049   19.5  39.7   1   3   4.6e-07   0.00049   19.5  39.7     3   209     3   212     1   230 0.64 WW/Rsp5/WWP [Cordyceps militaris CM01]
EGX91034.1           -            398 60380at5125          -            235   0.00049   19.5  39.7   2   3       1.1   1.2e+03   -1.4  11.8   119   186   185   248   170   269 0.59 WW/Rsp5/WWP [Cordyceps militaris CM01]
EGX91034.1           -            398 60380at5125          -            235   0.00049   19.5  39.7   3   3         9   9.7e+03  -25.1  46.2   102   202   302   390   247   396 0.49 WW/Rsp5/WWP [Cordyceps militaris CM01]
EGX94546.1           -            287 60380at5125          -            235    0.0017   17.7  11.5   1   3       2.5   2.7e+03   -2.6   1.8    53    85    37    69    14    73 0.66 WW domain protein [Cordyceps militaris CM01]
EGX94546.1           -            287 60380at5125          -            235    0.0017   17.7  11.5   2   3   1.6e-06    0.0017   17.7  11.5     6    54    90   139    79   234 0.83 WW domain protein [Cordyceps militaris CM01]
EGX94546.1           -            287 60380at5125          -            235    0.0017   17.7  11.5   3   3      0.94     1e+03   -1.2   0.7    57    95   220   259   180   280 0.63 WW domain protein [Cordyceps militaris CM01]
EGX89655.1           -           1020 60380at5125          -            235     0.015   14.6   0.5   1   1     3e-05     0.033   13.5   0.5    34   102   107   174    99   213 0.82 DNA repair protein RAD16 [Cordyceps militaris CM01]
EGX89584.1           -            147 60380at5125          -            235     0.018   14.4   0.4   1   1   1.9e-05     0.021   14.2   0.4    44   143    10   105     4   143 0.66 hypothetical protein CCM_07836 [Cordyceps militaris CM01]
EGX96116.1           -            528 60380at5125          -            235       0.1   11.9   0.2   1   1   0.00015      0.16   11.3   0.2    84   106   225   247   215   267 0.73 Major facilitator superfamily transporter [Cordyceps militaris CM01]
#
# Program:         hmmsearch
# Version:         3.1b2 (February 2015)
# Pipeline mode:   SEARCH
# Query file:      /home/zack/funannotate_db/hypocreales_odb10/hmms/60380at5125.hmm
# Target file:     /home/zack/Desktop/IsariaPreferralGenome/MyGenomeSubmittedToNCBI/HypocrealesProteinSets/Cmilitaris_CM01.faa
# Option settings: hmmsearch --domtblout /home/zack/Desktop/IsariaPreferralGenome/MyGenomeSubmittedToNCBI/HypocrealesProteinSets/BUSCO_AA_all/BUSCO_AA_Cmilitaris_CM01/run_hypocreales_odb10/hmmer_output/initial_run_results/60380at5125.out --cpu 1 /home/zack/funannotate_db/hypocreales_odb10/hmms/60380at5125.hmm /home/zack/Desktop/IsariaPreferralGenome/MyGenomeSubmittedToNCBI/HypocrealesProteinSets/Cmilitaris_CM01.faa 
# Current dir:     /home/zack/Desktop/IsariaPreferralGenome/MyGenomeSubmittedToNCBI/HypocrealesProteinSets/BUSCO_AA_all
# Date:            Mon Mar  4 15:15:14 2024
# [ok]
