#                                                                            --- full sequence --- -------------- this domain -------------   hmm coord   ali coord   env coord
# target name        accession   tlen query name           accession   qlen   E-value  score  bias   #  of  c-Evalue  i-Evalue  score  bias  from    to  from    to  from    to  acc description of target
#------------------- ---------- ----- -------------------- ---------- ----- --------- ------ ----- --- --- --------- --------- ------ ----- ----- ----- ----- ----- ----- ----- ---- ---------------------
EGX90916.1           -            825 6627at5125           -            600         0 1080.2   0.0   1   1         0         0 1080.0   0.0     1   600   139   810   139   810 0.94 acyl-CoA synthetase [Cordyceps militaris CM01]
EGX91532.1           -            720 6627at5125           -            600     2e-55  187.3   0.0   1   2       2.6   7.3e+02   -2.8   0.0    39    63    58    82    54    83 0.91 AMP-binding enzyme, putative [Cordyceps militaris CM01]
EGX91532.1           -            720 6627at5125           -            600     2e-55  187.3   0.0   2   2   2.3e-57   6.4e-55  185.6   0.0   133   539   146   593   140   610 0.76 AMP-binding enzyme, putative [Cordyceps militaris CM01]
EGX88843.1           -            755 6627at5125           -            600   1.4e-49  168.0   0.0   1   1   1.4e-51   3.9e-49  166.5   0.0   130   540   191   642   162   658 0.75 long-chain-fatty-acid-CoA ligase 1 [Cordyceps militaris CM01]
EGX94983.1           -           4455 6627at5125           -            600   2.6e-19   68.0   0.2   1   8   1.1e-05    0.0031   14.9   0.0   221   267   178   223   167   247 0.80 non-ribosomal peptide synthase, putative [Cordyceps militaris CM01]
EGX94983.1           -           4455 6627at5125           -            600   2.6e-19   68.0   0.2   2   8       2.1   6.1e+02   -2.6   0.0   448   508   369   431   326   438 0.80 non-ribosomal peptide synthase, putative [Cordyceps militaris CM01]
EGX94983.1           -           4455 6627at5125           -            600   2.6e-19   68.0   0.2   3   8   0.00015     0.043   11.1   0.0   221   254  1266  1298  1240  1329 0.78 non-ribosomal peptide synthase, putative [Cordyceps militaris CM01]
EGX94983.1           -           4455 6627at5125           -            600   2.6e-19   68.0   0.2   4   8       1.4   4.1e+02   -2.0   0.0   403   479  1410  1490  1394  1530 0.75 non-ribosomal peptide synthase, putative [Cordyceps militaris CM01]
EGX94983.1           -           4455 6627at5125           -            600   2.6e-19   68.0   0.2   5   8   3.6e-06     0.001   16.5   0.0   222   272  2353  2402  2346  2431 0.80 non-ribosomal peptide synthase, putative [Cordyceps militaris CM01]
EGX94983.1           -           4455 6627at5125           -            600   2.6e-19   68.0   0.2   6   8      0.26        73    0.5   0.0   448   482  2539  2574  2495  2649 0.84 non-ribosomal peptide synthase, putative [Cordyceps militaris CM01]
EGX94983.1           -           4455 6627at5125           -            600   2.6e-19   68.0   0.2   7   8   0.00012     0.034   11.5   0.0   222   271  3428  3476  3405  3527 0.70 non-ribosomal peptide synthase, putative [Cordyceps militaris CM01]
EGX94983.1           -           4455 6627at5125           -            600   2.6e-19   68.0   0.2   8   8     0.093        26    1.9   0.0   448   483  3618  3654  3562  3681 0.73 non-ribosomal peptide synthase, putative [Cordyceps militaris CM01]
EGX89960.1           -            551 6627at5125           -            600   3.5e-19   67.6   0.0   1   2   1.8e-07     5e-05   20.8   0.0   226   256   190   220   171   271 0.85 4-coumarate-CoA ligase 2a [Cordyceps militaris CM01]
EGX89960.1           -            551 6627at5125           -            600   3.5e-19   67.6   0.0   2   2   9.8e-15   2.8e-12   44.8   0.0   427   545   371   494   317   530 0.67 4-coumarate-CoA ligase 2a [Cordyceps militaris CM01]
EGX91875.1           -            558 6627at5125           -            600   4.6e-19   67.2   0.0   1   2   2.4e-06   0.00067   17.1   0.0   224   253   189   218   184   271 0.84 4-coumarate-CoA ligase 2 [Cordyceps militaris CM01]
EGX91875.1           -            558 6627at5125           -            600   4.6e-19   67.2   0.0   2   2   1.2e-15   3.5e-13   47.8   0.0   375   516   313   458   279   486 0.81 4-coumarate-CoA ligase 2 [Cordyceps militaris CM01]
EGX91932.1           -            612 6627at5125           -            600   1.5e-18   65.5   0.1   1   2   7.8e-06    0.0022   15.4   0.0   231   271   250   297   238   306 0.79 4-coumarate-CoA ligase 2 [Cordyceps militaris CM01]
EGX91932.1           -            612 6627at5125           -            600   1.5e-18   65.5   0.1   2   2     1e-15   2.9e-13   48.0   0.0   401   541   389   540   351   579 0.72 4-coumarate-CoA ligase 2 [Cordyceps militaris CM01]
EGX96627.1           -           4760 6627at5125           -            600   1.4e-15   55.6   0.3   1   4     6e-06    0.0017   15.8   0.0   218   250   720   752   627   760 0.86 non-ribosomal peptide synthase, putative [Cordyceps militaris CM01]
EGX96627.1           -           4760 6627at5125           -            600   1.4e-15   55.6   0.3   2   4   2.1e-06    0.0006   17.3   0.0   220   319  2289  2392  2282  2407 0.77 non-ribosomal peptide synthase, putative [Cordyceps militaris CM01]
EGX96627.1           -           4760 6627at5125           -            600   1.4e-15   55.6   0.3   3   4      0.16        44    1.2   0.0   400   476  2431  2509  2421  2600 0.71 non-ribosomal peptide synthase, putative [Cordyceps militaris CM01]
EGX96627.1           -           4760 6627at5125           -            600   1.4e-15   55.6   0.3   4   4   9.1e-06    0.0026   15.2   0.0   221   324  3384  3491  3375  3499 0.71 non-ribosomal peptide synthase, putative [Cordyceps militaris CM01]
EGX97046.1           -           4812 6627at5125           -            600     3e-14   51.3   3.4   1   4   2.2e-07   6.2e-05   20.5   0.0   219   312   162   264   147   269 0.62 nonribosomal siderophore peptide synthase [Cordyceps militaris CM01]
EGX97046.1           -           4812 6627at5125           -            600     3e-14   51.3   3.4   2   4   1.8e-05     0.005   14.2   0.1   215   251  1204  1240  1188  1244 0.83 nonribosomal siderophore peptide synthase [Cordyceps militaris CM01]
EGX97046.1           -           4812 6627at5125           -            600     3e-14   51.3   3.4   3   4      0.15        44    1.2   0.0   402   525  1351  1484  1347  1516 0.71 nonribosomal siderophore peptide synthase [Cordyceps militaris CM01]
EGX97046.1           -           4812 6627at5125           -            600     3e-14   51.3   3.4   4   4   0.00011     0.033   11.5   0.5   225   251  2824  2849  2813  2858 0.81 nonribosomal siderophore peptide synthase [Cordyceps militaris CM01]
EGX96626.1           -            637 6627at5125           -            600   3.8e-11   41.0   0.0   1   2      0.96   2.7e+02   -1.4   0.0   229   253   279   303   271   308 0.85 AMP dependent CoA ligase, putative [Cordyceps militaris CM01]
EGX96626.1           -            637 6627at5125           -            600   3.8e-11   41.0   0.0   2   2   4.8e-13   1.4e-10   39.2   0.0   400   553   422   587   409   614 0.81 AMP dependent CoA ligase, putative [Cordyceps militaris CM01]
EGX91059.1           -            689 6627at5125           -            600   1.6e-10   38.9   0.1   1   2    0.0004      0.11    9.8   0.0   222   253   300   331   269   389 0.81 AMP-binding enzyme, putative [Cordyceps militaris CM01]
EGX91059.1           -            689 6627at5125           -            600   1.6e-10   38.9   0.1   2   2   2.2e-09   6.2e-07   27.1   0.0   396   540   447   607   425   623 0.76 AMP-binding enzyme, putative [Cordyceps militaris CM01]
EGX89353.1           -            638 6627at5125           -            600   2.8e-10   38.2   0.0   1   2    0.0012      0.34    8.2   0.0   229   290   230   300   209   355 0.70 2-succinylbenzoate-CoA ligase [Cordyceps militaris CM01]
EGX89353.1           -            638 6627at5125           -            600   2.8e-10   38.2   0.0   2   2   1.3e-09   3.6e-07   27.9   0.0   399   484   391   494   357   497 0.76 2-succinylbenzoate-CoA ligase [Cordyceps militaris CM01]
EGX91265.1           -            538 6627at5125           -            600   1.6e-09   35.7   0.0   1   2    0.0006      0.17    9.2   0.0   230   286   178   235   158   258 0.69 AMP-binding enzyme, putative [Cordyceps militaris CM01]
EGX91265.1           -            538 6627at5125           -            600   1.6e-09   35.7   0.0   2   2   1.5e-08   4.2e-06   24.4   0.0   397   528   314   453   299   482 0.81 AMP-binding enzyme, putative [Cordyceps militaris CM01]
EGX90284.1           -            752 6627at5125           -            600   1.9e-09   35.4   0.1   1   2   6.2e-07   0.00018   19.0   0.0   217   288   372   452   344   485 0.70 long-chain-fatty-acid-CoA ligase, putative [Cordyceps militaris CM01]
EGX90284.1           -            752 6627at5125           -            600   1.9e-09   35.4   0.1   2   2   1.7e-05    0.0047   14.3   0.0   401   509   526   644   511   671 0.72 long-chain-fatty-acid-CoA ligase, putative [Cordyceps militaris CM01]
EGX96124.1           -            578 6627at5125           -            600   5.6e-08   30.6   0.1   1   2   0.00018     0.052   10.9   0.0   229   274   204   263   196   275 0.73 phenylacetyl-CoA ligase [Cordyceps militaris CM01]
EGX96124.1           -            578 6627at5125           -            600   5.6e-08   30.6   0.1   2   2   1.9e-06   0.00055   17.4   0.0   401   506   352   469   311   487 0.75 phenylacetyl-CoA ligase [Cordyceps militaris CM01]
EGX87719.1           -           1514 6627at5125           -            600   4.2e-07   27.7   0.0   1   2   9.3e-08   2.6e-05   21.7   0.0   220   253   371   404   367   474 0.87 NRPS-like enzyme, putative [Cordyceps militaris CM01]
EGX87719.1           -           1514 6627at5125           -            600   4.2e-07   27.7   0.0   2   2     0.032         9    3.5   0.0   399   483   525   618   519   647 0.77 NRPS-like enzyme, putative [Cordyceps militaris CM01]
EGX96067.1           -           1397 6627at5125           -            600   1.5e-06   25.9   0.0   1   2   1.1e-06    0.0003   18.3   0.0   221   253   390   422   368   500 0.68 NRPS-like enzyme, putative [Cordyceps militaris CM01]
EGX96067.1           -           1397 6627at5125           -            600   1.5e-06   25.9   0.0   2   2     0.009       2.6    5.3   0.0   448   486   595   637   540   689 0.76 NRPS-like enzyme, putative [Cordyceps militaris CM01]
EGX91149.1           -           1192 6627at5125           -            600   2.4e-06   25.2   0.0   1   2   6.1e-05     0.017   12.4   0.0   225   317   213   309   148   316 0.73 AMP-binding enzyme family protein [Cordyceps militaris CM01]
EGX91149.1           -           1192 6627at5125           -            600   2.4e-06   25.2   0.0   2   2   0.00023     0.066   10.5   0.0   449   562   412   535   408   551 0.79 AMP-binding enzyme family protein [Cordyceps militaris CM01]
EGX96830.1           -            569 6627at5125           -            600   8.3e-06   23.4   0.0   1   2   0.00083      0.24    8.7   0.0   222   250   199   227   190   239 0.83 AMP-binding domain protein [Cordyceps militaris CM01]
EGX96830.1           -            569 6627at5125           -            600   8.3e-06   23.4   0.0   2   2   6.5e-05     0.019   12.3   0.0   448   516   410   479   401   500 0.86 AMP-binding domain protein [Cordyceps militaris CM01]
EGX90285.1           -           1808 6627at5125           -            600   1.8e-05   22.3   0.0   1   1   1.1e-07   3.2e-05   21.5   0.0   205   318   204   321   113   338 0.69 AMP-dependent synthetase/ligase [Cordyceps militaris CM01]
EGX93351.1           -           1418 6627at5125           -            600   0.00015   19.3   0.0   1   1   8.6e-07   0.00024   18.6   0.0   220   249   398   427   386   490 0.84 NRPS-like enzyme, putative [Cordyceps militaris CM01]
EGX89050.1           -           1585 6627at5125           -            600   0.00017   19.1   0.0   1   1   9.7e-07   0.00028   18.4   0.0   222   263  1063  1104  1035  1151 0.83 non-ribosomal peptide synthase, putative [Cordyceps militaris CM01]
EGX91971.1           -            580 6627at5125           -            600   0.00035   18.0   1.3   1   2   2.1e-05     0.006   14.0   0.1   229   272   225   274   210   304 0.76 4-coumarate-CoA ligase 2 [Cordyceps militaris CM01]
EGX91971.1           -            580 6627at5125           -            600   0.00035   18.0   1.3   2   2     0.072        21    2.3   0.1   488   551   459   525   339   553 0.57 4-coumarate-CoA ligase 2 [Cordyceps militaris CM01]
EGX88725.1           -           1357 6627at5125           -            600   0.00058   17.3   0.0   1   1   3.1e-06   0.00089   16.7   0.0   219   251   179   211   148   224 0.83 non-ribosomal peptide synthetase [Cordyceps militaris CM01]
EGX94166.1           -           1582 6627at5125           -            600   0.00066   17.1   0.0   1   2   1.9e-05    0.0055   14.1   0.0   221   260   635   674   607   745 0.71 non-ribosomal peptide synthetase [Cordyceps militaris CM01]
EGX94166.1           -           1582 6627at5125           -            600   0.00066   17.1   0.0   2   2      0.39   1.1e+02   -0.1   0.0   421   504   803   899   775   921 0.64 non-ribosomal peptide synthetase [Cordyceps militaris CM01]
EGX89765.1           -           3731 6627at5125           -            600   0.00077   16.9   0.0   1   1   6.6e-06    0.0019   15.6   0.0   218   249  2853  2884  2847  2961 0.83 polyketide synthase, putative [Cordyceps militaris CM01]
EGX94420.1           -           1286 6627at5125           -            600   0.00088   16.7   0.0   1   2      0.01       2.9    5.1   0.0   225   251   158   184   131   189 0.84 NRPS-like enzyme, putative [Cordyceps militaris CM01]
EGX94420.1           -           1286 6627at5125           -            600   0.00088   16.7   0.0   2   2   0.00058      0.17    9.2   0.0   400   507   299   422   274   470 0.72 NRPS-like enzyme, putative [Cordyceps militaris CM01]
EGX88663.1           -            633 6627at5125           -            600    0.0011   16.5   0.0   1   2   0.00014     0.039   11.3   0.0   212   256   193   236   161   249 0.80 long-chain fatty acid transporter, putative [Cordyceps militaris CM01]
EGX88663.1           -            633 6627at5125           -            600    0.0011   16.5   0.0   2   2     0.046        13    2.9   0.0   459   485   439   471   421   516 0.71 long-chain fatty acid transporter, putative [Cordyceps militaris CM01]
EGX89946.1           -            639 6627at5125           -            600    0.0057   14.0   0.0   1   2    0.0004      0.11    9.7   0.0   215   250   203   238   164   315 0.78 long-chain fatty acid transporter, putative [Cordyceps militaris CM01]
EGX89946.1           -            639 6627at5125           -            600    0.0057   14.0   0.0   2   2     0.093        26    1.9   0.0   459   487   449   483   434   535 0.74 long-chain fatty acid transporter, putative [Cordyceps militaris CM01]
EGX88994.1           -            678 6627at5125           -            600     0.014   12.8   0.0   1   2     0.032       9.1    3.5   0.0   214   253   240   284   232   296 0.75 AMP dependent CoA ligase, putative [Cordyceps militaris CM01]
EGX88994.1           -            678 6627at5125           -            600     0.014   12.8   0.0   2   2    0.0026      0.73    7.1   0.0   436   504   445   518   412   527 0.77 AMP dependent CoA ligase, putative [Cordyceps militaris CM01]
EGX95967.1           -           1429 6627at5125           -            600      0.03   11.7   0.0   1   2   0.00047      0.13    9.5   0.0   223   251   384   412   378   487 0.81 non-ribosomal peptide synthase, putative [Cordyceps militaris CM01]
EGX95967.1           -           1429 6627at5125           -            600      0.03   11.7   0.0   2   2      0.66   1.9e+02   -0.9   0.0   449   528   573   665   557   674 0.72 non-ribosomal peptide synthase, putative [Cordyceps militaris CM01]
EGX88824.1           -            734 6627at5125           -            600     0.057   10.7   0.0   1   1   0.00036       0.1    9.9   0.0   222   248   335   361   305   374 0.77 acetyl-coenzyme A synthetase [Cordyceps militaris CM01]
EGX89379.1           -            639 6627at5125           -            600     0.059   10.7   0.0   1   2    0.0016      0.45    7.8   0.0   225   283   213   278   142   291 0.72 long-chain fatty acid transporter [Cordyceps militaris CM01]
EGX89379.1           -            639 6627at5125           -            600     0.059   10.7   0.0   2   2      0.24        67    0.6   0.0   461   496   450   494   445   524 0.70 long-chain fatty acid transporter [Cordyceps militaris CM01]
EGX89678.1           -            550 6627at5125           -            600     0.078   10.3   0.1   1   2      0.22        62    0.7   0.0   228   250   179   201   168   218 0.80 AMP-dependent synthetase/ligase [Cordyceps militaris CM01]
EGX89678.1           -            550 6627at5125           -            600     0.078   10.3   0.1   2   2    0.0024      0.67    7.2   0.0   446   487   367   408   302   432 0.82 AMP-dependent synthetase/ligase [Cordyceps militaris CM01]
#
# Program:         hmmsearch
# Version:         3.1b2 (February 2015)
# Pipeline mode:   SEARCH
# Query file:      /home/zack/funannotate_db/hypocreales_odb10/hmms/6627at5125.hmm
# Target file:     /home/zack/Desktop/IsariaPreferralGenome/MyGenomeSubmittedToNCBI/HypocrealesProteinSets/Cmilitaris_CM01.faa
# Option settings: hmmsearch --domtblout /home/zack/Desktop/IsariaPreferralGenome/MyGenomeSubmittedToNCBI/HypocrealesProteinSets/BUSCO_AA_all/BUSCO_AA_Cmilitaris_CM01/run_hypocreales_odb10/hmmer_output/initial_run_results/6627at5125.out --cpu 1 /home/zack/funannotate_db/hypocreales_odb10/hmms/6627at5125.hmm /home/zack/Desktop/IsariaPreferralGenome/MyGenomeSubmittedToNCBI/HypocrealesProteinSets/Cmilitaris_CM01.faa 
# Current dir:     /home/zack/Desktop/IsariaPreferralGenome/MyGenomeSubmittedToNCBI/HypocrealesProteinSets/BUSCO_AA_all
# Date:            Mon Mar  4 15:15:11 2024
# [ok]
