#                                                                            --- full sequence --- -------------- this domain -------------   hmm coord   ali coord   env coord
# target name        accession   tlen query name           accession   qlen   E-value  score  bias   #  of  c-Evalue  i-Evalue  score  bias  from    to  from    to  from    to  acc description of target
#------------------- ---------- ----- -------------------- ---------- ----- --------- ------ ----- --- --- --------- --------- ------ ----- ----- ----- ----- ----- ----- ----- ---- ---------------------
EGX90293.1           -            729 7026at5125           -            599         0 1225.5   4.5   1   2         0         0 1034.3   0.5     1   485    52   565    52   574 0.96 histone deacetylase [Cordyceps militaris CM01]
EGX90293.1           -            729 7026at5125           -            599         0 1225.5   4.5   2   2   1.7e-60     4e-57  193.0   0.3   484   599   588   713   582   713 0.95 histone deacetylase [Cordyceps militaris CM01]
EGX90246.1           -            542 7026at5125           -            599   1.7e-24   85.3   0.2   1   2   2.4e-27   5.8e-24   83.5   0.1    73   296   156   384   145   395 0.83 histone deacetylase phd1 [Cordyceps militaris CM01]
EGX90246.1           -            542 7026at5125           -            599   1.7e-24   85.3   0.2   2   2      0.11   2.8e+02   -1.3   0.0   512   536   469   493   465   496 0.92 histone deacetylase phd1 [Cordyceps militaris CM01]
EGX95474.1           -            638 7026at5125           -            599   5.4e-21   73.7   0.9   1   1     3e-24   7.3e-21   73.3   0.9    68   332    63   321    50   339 0.76 histone deacetylase RpdA/Rpd3 [Cordyceps militaris CM01]
EGX89084.1           -           1192 7026at5125           -            599     6e-12   43.8   0.0   1   2   4.3e-14     1e-10   39.7   0.0   113   209   318   414   247   427 0.83 histone deacetylase HosB [Cordyceps militaris CM01]
EGX89084.1           -           1192 7026at5125           -            599     6e-12   43.8   0.0   2   2     0.014        33    1.7   0.0   280   336   519   586   508   601 0.74 histone deacetylase HosB [Cordyceps militaris CM01]
#
# Program:         hmmsearch
# Version:         3.1b2 (February 2015)
# Pipeline mode:   SEARCH
# Query file:      /home/zack/funannotate_db/hypocreales_odb10/hmms/7026at5125.hmm
# Target file:     /home/zack/Desktop/IsariaPreferralGenome/MyGenomeSubmittedToNCBI/HypocrealesProteinSets/Cmilitaris_CM01.faa
# Option settings: hmmsearch --domtblout /home/zack/Desktop/IsariaPreferralGenome/MyGenomeSubmittedToNCBI/HypocrealesProteinSets/BUSCO_AA_all/BUSCO_AA_Cmilitaris_CM01/run_hypocreales_odb10/hmmer_output/initial_run_results/7026at5125.out --cpu 1 /home/zack/funannotate_db/hypocreales_odb10/hmms/7026at5125.hmm /home/zack/Desktop/IsariaPreferralGenome/MyGenomeSubmittedToNCBI/HypocrealesProteinSets/Cmilitaris_CM01.faa 
# Current dir:     /home/zack/Desktop/IsariaPreferralGenome/MyGenomeSubmittedToNCBI/HypocrealesProteinSets/BUSCO_AA_all
# Date:            Mon Mar  4 15:15:36 2024
# [ok]
