#                                                                            --- full sequence --- -------------- this domain -------------   hmm coord   ali coord   env coord
# target name        accession   tlen query name           accession   qlen   E-value  score  bias   #  of  c-Evalue  i-Evalue  score  bias  from    to  from    to  from    to  acc description of target
#------------------- ---------- ----- -------------------- ---------- ----- --------- ------ ----- --- --- --------- --------- ------ ----- ----- ----- ----- ----- ----- ----- ---- ---------------------
EGX96721.1           -            841 7670at5125           -            667         0 1057.9  20.7   1   3  9.9e-206  6.8e-203  674.9   4.1     1   436    14   514    14   527 0.91 RING finger ubiquitin ligase, putative [Cordyceps militaris CM01]
EGX96721.1           -            841 7670at5125           -            667         0 1057.9  20.7   2   3   5.8e-82     4e-79  265.9   3.0   452   601   580   736   570   744 0.95 RING finger ubiquitin ligase, putative [Cordyceps militaris CM01]
EGX96721.1           -            841 7670at5125           -            667         0 1057.9  20.7   3   3   7.5e-39   5.2e-36  123.4   0.3   600   667   768   841   762   841 0.92 RING finger ubiquitin ligase, putative [Cordyceps militaris CM01]
EGX92608.1           -            972 7670at5125           -            667   8.6e-05   20.3   1.1   1   1   1.8e-07   0.00012   19.7   1.1   604   666   344   402   336   403 0.88 RING finger protein [Cordyceps militaris CM01]
EGX91678.1           -            112 7670at5125           -            667   0.00039   18.1   4.2   1   1   6.7e-07   0.00046   17.9   4.2   604   660    45   101    33   106 0.86 RING-box protein 1 [Cordyceps militaris CM01]
EGX95111.1           -            805 7670at5125           -            667    0.0018   15.9   1.8   1   1   3.6e-06    0.0025   15.4   1.8   633   664   686   718   668   720 0.80 RING-9 protein [Cordyceps militaris CM01]
EGX94707.1           -            577 7670at5125           -            667    0.0018   15.9   0.5   1   1   4.1e-06    0.0028   15.2   0.5   635   662   360   387   348   391 0.88 RING finger domain protein, putative [Cordyceps militaris CM01]
EGX97229.1           -            754 7670at5125           -            667    0.0032   15.1   0.2   1   1   7.3e-06     0.005   14.4   0.2   636   662   176   202   157   207 0.90 PHD and RING finger domain protein, putative [Cordyceps militaris CM01]
EGX88856.1           -            625 7670at5125           -            667    0.0035   14.9   1.7   1   1   7.3e-06    0.0051   14.4   1.7   634   665   392   423   372   425 0.90 CHY zinc finger domain protein [Cordyceps militaris CM01]
EGX91779.1           -            625 7670at5125           -            667    0.0068   14.0   0.5   1   1   1.4e-05    0.0097   13.5   0.5   637   664   376   403   367   406 0.92 Zinc finger domain-containing protein, C3HC4 RING-type [Cordyceps militaris CM01]
EGX91366.1           -             96 7670at5125           -            667    0.0091   13.6   4.2   1   1   1.4e-05    0.0095   13.5   4.2   637   662    51    79    24    84 0.87 anaphase promoting complex subunit Apc11, putative [Cordyceps militaris CM01]
EGX87759.1           -            195 7670at5125           -            667     0.017   12.7   1.4   1   1   3.3e-05     0.023   12.3   1.4   636   664   143   173   118   175 0.88 Zinc finger domain-containing protein, RING-type [Cordyceps militaris CM01]
EGX91282.1           -            436 7670at5125           -            667     0.044   11.3   1.0   1   1   9.9e-05     0.068   10.7   1.0   637   663   290   317   286   321 0.85 RING finger domain-containing protein [Cordyceps militaris CM01]
EGX92513.1           -           1494 7670at5125           -            667     0.076   10.5   1.6   1   1   0.00016      0.11   10.0   1.6   634   666  1129  1161  1125  1162 0.94 SNF2 family helicase/ATPase, putative [Cordyceps militaris CM01]
EGX95771.1           -            416 7670at5125           -            667      0.14    9.6   1.7   1   1   0.00029       0.2    9.1   1.7   631   662    37    68    19    73 0.87 DNA repair protein (RadR), putative [Cordyceps militaris CM01]
EGX95439.1           -            620 7670at5125           -            667      0.17    9.4   2.9   1   1   0.00037      0.26    8.8   2.9   636   665   382   413   370   414 0.80 RING finger domain-containing protein [Cordyceps militaris CM01]
#
# Program:         hmmsearch
# Version:         3.1b2 (February 2015)
# Pipeline mode:   SEARCH
# Query file:      /home/zack/funannotate_db/hypocreales_odb10/hmms/7670at5125.hmm
# Target file:     /home/zack/Desktop/IsariaPreferralGenome/MyGenomeSubmittedToNCBI/HypocrealesProteinSets/Cmilitaris_CM01.faa
# Option settings: hmmsearch --domtblout /home/zack/Desktop/IsariaPreferralGenome/MyGenomeSubmittedToNCBI/HypocrealesProteinSets/BUSCO_AA_all/BUSCO_AA_Cmilitaris_CM01/run_hypocreales_odb10/hmmer_output/initial_run_results/7670at5125.out --cpu 1 /home/zack/funannotate_db/hypocreales_odb10/hmms/7670at5125.hmm /home/zack/Desktop/IsariaPreferralGenome/MyGenomeSubmittedToNCBI/HypocrealesProteinSets/Cmilitaris_CM01.faa 
# Current dir:     /home/zack/Desktop/IsariaPreferralGenome/MyGenomeSubmittedToNCBI/HypocrealesProteinSets/BUSCO_AA_all
# Date:            Mon Mar  4 15:15:17 2024
# [ok]
