#                                                                            --- full sequence --- -------------- this domain -------------   hmm coord   ali coord   env coord
# target name        accession   tlen query name           accession   qlen   E-value  score  bias   #  of  c-Evalue  i-Evalue  score  bias  from    to  from    to  from    to  acc description of target
#------------------- ---------- ----- -------------------- ---------- ----- --------- ------ ----- --- --- --------- --------- ------ ----- ----- ----- ----- ----- ----- ----- ---- ---------------------
EGX89582.1           -            752 8525at5125           -            600         0 1153.9   0.4   1   2         0         0 1084.5   0.0     3   560    43   666    41   672 0.94 transcription initiation factor TFIID subunit, putative [Cordyceps militaris CM01]
EGX89582.1           -            752 8525at5125           -            600         0 1153.9   0.4   2   2   2.7e-21   3.4e-19   67.6   0.4   533   600   679   747   672   747 0.81 transcription initiation factor TFIID subunit, putative [Cordyceps militaris CM01]
EGX94029.1           -            541 8525at5125           -            600   2.1e-34  117.8   6.9   1   3   3.2e-11     4e-09   34.3   0.3   471   548   189   265   184   278 0.85 WD repeat-containing protein [Cordyceps militaris CM01]
EGX94029.1           -            541 8525at5125           -            600   2.1e-34  117.8   6.9   2   3   9.5e-12   1.2e-09   36.1   0.0   471   547   292   367   284   372 0.89 WD repeat-containing protein [Cordyceps militaris CM01]
EGX94029.1           -            541 8525at5125           -            600   2.1e-34  117.8   6.9   3   3     6e-16   7.5e-14   49.9   0.4   425   545   374   495   368   498 0.83 WD repeat-containing protein [Cordyceps militaris CM01]
EGX93957.1           -            959 8525at5125           -            600   3.7e-28   97.2  18.1   1   6    0.0046      0.57    7.4   0.0   494   548    42    98    20   101 0.75 WD domain-containing protein [Cordyceps militaris CM01]
EGX93957.1           -            959 8525at5125           -            600   3.7e-28   97.2  18.1   2   6   1.7e-06   0.00021   18.7   0.2   446   525    82   159    67   186 0.81 WD domain-containing protein [Cordyceps militaris CM01]
EGX93957.1           -            959 8525at5125           -            600   3.7e-28   97.2  18.1   3   6    0.0017      0.21    8.8   0.2   487   548   186   246   167   263 0.73 WD domain-containing protein [Cordyceps militaris CM01]
EGX93957.1           -            959 8525at5125           -            600   3.7e-28   97.2  18.1   4   6      0.76        96    0.0   0.0   398   421   285   309   270   329 0.70 WD domain-containing protein [Cordyceps militaris CM01]
EGX93957.1           -            959 8525at5125           -            600   3.7e-28   97.2  18.1   5   6   8.6e-10   1.1e-07   29.6   0.5   428   550   421   537   391   567 0.83 WD domain-containing protein [Cordyceps militaris CM01]
EGX93957.1           -            959 8525at5125           -            600   3.7e-28   97.2  18.1   6   6   1.6e-15     2e-13   48.5   0.6   397   546   570   721   557   727 0.89 WD domain-containing protein [Cordyceps militaris CM01]
EGX91629.1           -            593 8525at5125           -            600   7.3e-28   96.2   3.1   1   3      0.31        39    1.3   0.0   279   303   288   312   284   334 0.82 transcriptional repressor TUP1 [Cordyceps militaris CM01]
EGX91629.1           -            593 8525at5125           -            600   7.3e-28   96.2   3.1   2   3   6.8e-19   8.6e-17   59.6   0.2   396   551   345   499   338   507 0.91 transcriptional repressor TUP1 [Cordyceps militaris CM01]
EGX91629.1           -            593 8525at5125           -            600   7.3e-28   96.2   3.1   3   3   1.3e-14   1.6e-12   45.5   0.3   397   546   429   589   423   592 0.85 transcriptional repressor TUP1 [Cordyceps militaris CM01]
EGX90230.1           -            466 8525at5125           -            600   7.5e-26   89.6   5.1   1   2   7.5e-16   9.4e-14   49.6   0.7   424   553   150   276   143   289 0.92 pre-mRNA splicing factor prp46 [Cordyceps militaris CM01]
EGX90230.1           -            466 8525at5125           -            600   7.5e-26   89.6   5.1   2   2   1.9e-13   2.4e-11   41.7   0.5   403   551   297   448   274   456 0.82 pre-mRNA splicing factor prp46 [Cordyceps militaris CM01]
EGX90427.1           -            514 8525at5125           -            600   9.9e-25   85.9  12.1   1   4   3.1e-09   3.9e-07   27.8   0.1   399   483   154   239   148   243 0.84 WD repeat protein [Cordyceps militaris CM01]
EGX90427.1           -            514 8525at5125           -            600   9.9e-25   85.9  12.1   2   4   7.1e-09   8.9e-07   26.6   2.0   404   483   252   328   242   338 0.88 WD repeat protein [Cordyceps militaris CM01]
EGX90427.1           -            514 8525at5125           -            600   9.9e-25   85.9  12.1   3   4     4e-10     5e-08   30.7   0.1   447   548   374   473   369   490 0.88 WD repeat protein [Cordyceps militaris CM01]
EGX90427.1           -            514 8525at5125           -            600   9.9e-25   85.9  12.1   4   4     0.017       2.1    5.5   0.0   397   417   493   513   483   514 0.83 WD repeat protein [Cordyceps militaris CM01]
EGX90330.1           -            354 8525at5125           -            600   7.2e-23   79.7   4.4   1   3   1.1e-13   1.3e-11   42.5   0.3   422   548    53   178    48   189 0.86 U5 snRNP complex subunit [Cordyceps militaris CM01]
EGX90330.1           -            354 8525at5125           -            600   7.2e-23   79.7   4.4   2   3   1.4e-08   1.8e-06   25.6   0.0   478   549   192   262   183   272 0.86 U5 snRNP complex subunit [Cordyceps militaris CM01]
EGX90330.1           -            354 8525at5125           -            600   7.2e-23   79.7   4.4   3   3   0.00013     0.016   12.5   0.1   342   398   272   328   269   350 0.86 U5 snRNP complex subunit [Cordyceps militaris CM01]
EGX91986.1           -            517 8525at5125           -            600   1.8e-22   78.4   8.9   1   3    0.0017      0.22    8.8   0.1   478   548   195   275   190   276 0.77 WD40 repeat-like-containing domain [Cordyceps militaris CM01]
EGX91986.1           -            517 8525at5125           -            600   1.8e-22   78.4   8.9   2   3     4e-19     5e-17   60.4   2.9   402   549   258   406   250   417 0.93 WD40 repeat-like-containing domain [Cordyceps militaris CM01]
EGX91986.1           -            517 8525at5125           -            600   1.8e-22   78.4   8.9   3   3   8.3e-07    0.0001   19.7   0.2   364   418   453   511   413   516 0.85 WD40 repeat-like-containing domain [Cordyceps militaris CM01]
EGX96106.1           -            318 8525at5125           -            600   3.9e-22   77.3  10.0   1   3   5.5e-11   6.9e-09   33.5   0.5   402   485    29   115     8   123 0.80 guanine nucleotide-binding protein beta subunit-like protein [Cordyceps militaris CM01]
EGX96106.1           -            318 8525at5125           -            600   3.9e-22   77.3  10.0   2   3   3.9e-11   4.8e-09   34.0   0.2   404   511   120   228   113   277 0.67 guanine nucleotide-binding protein beta subunit-like protein [Cordyceps militaris CM01]
EGX96106.1           -            318 8525at5125           -            600   3.9e-22   77.3  10.0   3   3   8.6e-10   1.1e-07   29.6   0.3   399   549   160   316   159   318 0.81 guanine nucleotide-binding protein beta subunit-like protein [Cordyceps militaris CM01]
EGX94925.1           -            901 8525at5125           -            600   1.3e-21   75.5  18.8   1   4    0.0018      0.22    8.7   0.0   473   548    59   141    49   149 0.63 small nucleolar ribonucleoprotein complex subunit [Cordyceps militaris CM01]
EGX94925.1           -            901 8525at5125           -            600   1.3e-21   75.5  18.8   2   4   1.6e-11     2e-09   35.3   1.0   292   465   122   296   114   300 0.87 small nucleolar ribonucleoprotein complex subunit [Cordyceps militaris CM01]
EGX94925.1           -            901 8525at5125           -            600   1.3e-21   75.5  18.8   3   4   8.2e-06     0.001   16.4   3.1   366   527   390   586   354   601 0.62 small nucleolar ribonucleoprotein complex subunit [Cordyceps militaris CM01]
EGX94925.1           -            901 8525at5125           -            600   1.3e-21   75.5  18.8   4   4   2.6e-09   3.3e-07   28.0   0.9   453   557   611   725   601   739 0.73 small nucleolar ribonucleoprotein complex subunit [Cordyceps militaris CM01]
EGX91853.1           -            640 8525at5125           -            600   2.4e-21   74.7   1.3   1   2   4.2e-14   5.3e-12   43.8   0.0   388   553   342   514   337   521 0.83 mRNA splicing factor (Prp17) [Cordyceps militaris CM01]
EGX91853.1           -            640 8525at5125           -            600   2.4e-21   74.7   1.3   2   2     2e-12   2.5e-10   38.3   0.3   396   546   486   640   479   640 0.77 mRNA splicing factor (Prp17) [Cordyceps militaris CM01]
EGX96422.1           -            658 8525at5125           -            600   3.1e-21   74.3  10.7   1   2   1.1e-05    0.0014   16.0   0.7   409   486   283   355   264   360 0.75 F-box and WD repeat-containing protein [Cordyceps militaris CM01]
EGX96422.1           -            658 8525at5125           -            600   3.1e-21   74.3  10.7   2   2   1.4e-19   1.8e-17   61.9   4.0   366   549   358   534   353   544 0.90 F-box and WD repeat-containing protein [Cordyceps militaris CM01]
EGX88007.1           -            898 8525at5125           -            600   1.1e-18   65.9   6.9   1   6       0.2        25    2.0   0.0   439   551    22   128    10   137 0.70 Periodic tryptophan protein 2 [Cordyceps militaris CM01]
EGX88007.1           -            898 8525at5125           -            600   1.1e-18   65.9   6.9   2   6    0.0082         1    6.5   0.1   364   506    68   226    64   235 0.62 Periodic tryptophan protein 2 [Cordyceps militaris CM01]
EGX88007.1           -            898 8525at5125           -            600   1.1e-18   65.9   6.9   3   6       7.8   9.7e+02   -3.3   0.0   519   557   261   299   253   319 0.82 Periodic tryptophan protein 2 [Cordyceps militaris CM01]
EGX88007.1           -            898 8525at5125           -            600   1.1e-18   65.9   6.9   4   6   5.3e-11   6.6e-09   33.6   0.2   426   506   340   418   313   428 0.86 Periodic tryptophan protein 2 [Cordyceps militaris CM01]
EGX88007.1           -            898 8525at5125           -            600   1.1e-18   65.9   6.9   5   6   7.1e-08   8.9e-06   23.3   0.1   433   548   432   545   425   563 0.80 Periodic tryptophan protein 2 [Cordyceps militaris CM01]
EGX88007.1           -            898 8525at5125           -            600   1.1e-18   65.9   6.9   6   6      0.58        73    0.4   0.0   282   314   577   609   553   652 0.83 Periodic tryptophan protein 2 [Cordyceps militaris CM01]
EGX96521.1           -            855 8525at5125           -            600   1.1e-18   65.9   5.1   1   2   3.7e-14   4.6e-12   44.0   2.0   369   511    33   176    20   183 0.90 Coatomer, WD associated region [Cordyceps militaris CM01]
EGX96521.1           -            855 8525at5125           -            600   1.1e-18   65.9   5.1   2   2   1.1e-07   1.4e-05   22.6   0.1   422   549   206   331   190   353 0.74 Coatomer, WD associated region [Cordyceps militaris CM01]
EGX93648.1           -            621 8525at5125           -            600   3.4e-18   64.3   6.0   1   3   2.1e-11   2.6e-09   34.9   0.7   364   549   110   296   105   300 0.90 protein PFS2 [Cordyceps militaris CM01]
EGX93648.1           -            621 8525at5125           -            600   3.4e-18   64.3   6.0   2   3     4e-13     5e-11   40.6   0.5   366   554   154   344   151   351 0.86 protein PFS2 [Cordyceps militaris CM01]
EGX93648.1           -            621 8525at5125           -            600   3.4e-18   64.3   6.0   3   3    0.0052      0.65    7.2   0.1   430   550   376   409   360   432 0.60 protein PFS2 [Cordyceps militaris CM01]
EGX91110.1           -           1086 8525at5125           -            600   5.5e-18   63.6   9.7   1   3   7.2e-08   9.1e-06   23.2   0.1   471   549   703   777   690   784 0.79 WD repeat containing protein pop1 [Cordyceps militaris CM01]
EGX91110.1           -           1086 8525at5125           -            600   5.5e-18   63.6   9.7   2   3   7.6e-09   9.5e-07   26.5   2.6   424   516   857   945   791   947 0.71 WD repeat containing protein pop1 [Cordyceps militaris CM01]
EGX91110.1           -           1086 8525at5125           -            600   5.5e-18   63.6   9.7   3   3   3.2e-08     4e-06   24.4   0.6   362   469   915  1019   905  1026 0.86 WD repeat containing protein pop1 [Cordyceps militaris CM01]
EGX95897.1           -            355 8525at5125           -            600   1.2e-17   62.5   2.6   1   3   7.7e-08   9.6e-06   23.2   0.1   450   548    45   143    18   151 0.85 WD-repeat protein pop3 [Cordyceps militaris CM01]
EGX95897.1           -            355 8525at5125           -            600   1.2e-17   62.5   2.6   2   3   2.8e-10   3.5e-08   31.2   0.0   430   553   153   281   144   296 0.83 WD-repeat protein pop3 [Cordyceps militaris CM01]
EGX95897.1           -            355 8525at5125           -            600   1.2e-17   62.5   2.6   3   3     2e-05    0.0025   15.2   0.0   468   550   238   330   234   346 0.75 WD-repeat protein pop3 [Cordyceps militaris CM01]
EGX94463.1           -            690 8525at5125           -            600   1.2e-17   62.5   8.7   1   3   3.1e-07   3.9e-05   21.2   0.3   463   547   342   422   332   424 0.89 sulfur controller-2 [Cordyceps militaris CM01]
EGX94463.1           -            690 8525at5125           -            600   1.2e-17   62.5   8.7   2   3   5.5e-11   6.9e-09   33.5   0.7   366   480   408   521   404   528 0.88 sulfur controller-2 [Cordyceps militaris CM01]
EGX94463.1           -            690 8525at5125           -            600   1.2e-17   62.5   8.7   3   3   2.8e-07   3.5e-05   21.3   0.2   453   551   589   682   582   688 0.76 sulfur controller-2 [Cordyceps militaris CM01]
EGX88158.1           -            862 8525at5125           -            600   1.2e-16   59.2   1.5   1   2   2.3e-12   2.9e-10   38.1   0.2   366   504    28   170    11   170 0.86 coatomer beta' subunit [Cordyceps militaris CM01]
EGX88158.1           -            862 8525at5125           -            600   1.2e-16   59.2   1.5   2   2   2.1e-08   2.7e-06   25.0   0.1   403   553   155   306   150   325 0.85 coatomer beta' subunit [Cordyceps militaris CM01]
EGX95563.1           -            317 8525at5125           -            600   3.2e-15   54.5   6.9   1   3       1.3   1.6e+02   -0.7   0.0   531   560    26    55    17    61 0.77 meiotic recombination protein Ski8/Rec14, putative [Cordyceps militaris CM01]
EGX95563.1           -            317 8525at5125           -            600   3.2e-15   54.5   6.9   2   3   1.7e-08   2.1e-06   25.3   0.9   481   554    64   143    53   150 0.84 meiotic recombination protein Ski8/Rec14, putative [Cordyceps militaris CM01]
EGX95563.1           -            317 8525at5125           -            600   3.2e-15   54.5   6.9   3   3   2.8e-10   3.5e-08   31.2   0.5   447   550   169   271   159   288 0.93 meiotic recombination protein Ski8/Rec14, putative [Cordyceps militaris CM01]
EGX88642.1           -           1745 8525at5125           -            600     2e-14   51.8   8.3   1   3   6.7e-09   8.4e-07   26.7   1.1   365   546   945  1125   936  1146 0.71 NACHT and WD40 domain protein [Cordyceps militaris CM01]
EGX88642.1           -           1745 8525at5125           -            600     2e-14   51.8   8.3   2   3   2.1e-07   2.7e-05   21.7   0.5   453   507  1159  1212  1148  1266 0.78 NACHT and WD40 domain protein [Cordyceps militaris CM01]
EGX88642.1           -           1745 8525at5125           -            600     2e-14   51.8   8.3   3   3     0.011       1.4    6.1   0.0   474   507  1330  1363  1307  1412 0.50 NACHT and WD40 domain protein [Cordyceps militaris CM01]
EGX96256.1           -            490 8525at5125           -            600   7.7e-14   49.9   2.8   1   3   0.00036     0.045   11.0   0.0   511   555    62   106    38   114 0.81 DNA excision repair protein ERCC-8 [Cordyceps militaris CM01]
EGX96256.1           -            490 8525at5125           -            600   7.7e-14   49.9   2.8   2   3   4.4e-09   5.5e-07   27.2   0.2   429   549   130   250   119   262 0.86 DNA excision repair protein ERCC-8 [Cordyceps militaris CM01]
EGX96256.1           -            490 8525at5125           -            600   7.7e-14   49.9   2.8   3   3   0.00067     0.085   10.1   0.0   430   466   293   327   283   387 0.69 DNA excision repair protein ERCC-8 [Cordyceps militaris CM01]
EGX94487.1           -            729 8525at5125           -            600   9.1e-14   49.6   5.2   1   2     0.044       5.5    4.1   0.0   365   388   394   417   362   437 0.66 F-box and WD40 domain protein, putative [Cordyceps militaris CM01]
EGX94487.1           -            729 8525at5125           -            600   9.1e-14   49.6   5.2   2   2   3.8e-14   4.7e-12   44.0   3.8   366   547   518   698   514   708 0.78 F-box and WD40 domain protein, putative [Cordyceps militaris CM01]
EGX91239.1           -            603 8525at5125           -            600     1e-13   49.5   8.1   1   2   3.1e-11   3.9e-09   34.4   2.5   406   568   305   464   298   475 0.86 WD-repeat containing protein slp1 [Cordyceps militaris CM01]
EGX91239.1           -            603 8525at5125           -            600     1e-13   49.5   8.1   2   2   1.3e-06   0.00017   19.1   0.6   396   507   464   577   460   600 0.79 WD-repeat containing protein slp1 [Cordyceps militaris CM01]
EGX92811.1           -            657 8525at5125           -            600   1.9e-13   48.6   3.8   1   3     4e-10     5e-08   30.7   0.0   464   560   306   400   297   414 0.79 mitochondrial division protein 1 [Cordyceps militaris CM01]
EGX92811.1           -            657 8525at5125           -            600   1.9e-13   48.6   3.8   2   3     0.087        11    3.2   0.0   362   386   445   469   429   483 0.70 mitochondrial division protein 1 [Cordyceps militaris CM01]
EGX92811.1           -            657 8525at5125           -            600   1.9e-13   48.6   3.8   3   3   5.7e-05    0.0071   13.7   0.9   407   515   519   620   502   657 0.63 mitochondrial division protein 1 [Cordyceps militaris CM01]
EGX89076.1           -            772 8525at5125           -            600   7.8e-13   46.6   4.5   1   2   2.6e-07   3.3e-05   21.4   1.1   438   549    72   182    27   193 0.73 polyubiquitin binding protein (Doa1/Ufd3), putative [Cordyceps militaris CM01]
EGX89076.1           -            772 8525at5125           -            600   7.8e-13   46.6   4.5   2   2   1.8e-12   2.2e-10   38.5   2.9   366   573   124   337   123   351 0.73 polyubiquitin binding protein (Doa1/Ufd3), putative [Cordyceps militaris CM01]
EGX93806.1           -           1152 8525at5125           -            600     1e-12   46.2   0.1   1   3   0.00037     0.046   11.0   0.0   517   580   433   499   423   507 0.73 WD repeat containing protein 44 [Cordyceps militaris CM01]
EGX93806.1           -           1152 8525at5125           -            600     1e-12   46.2   0.1   2   3   5.2e-09   6.5e-07   27.0   0.0   397   505   518   622   503   655 0.75 WD repeat containing protein 44 [Cordyceps militaris CM01]
EGX93806.1           -           1152 8525at5125           -            600     1e-12   46.2   0.1   3   3     0.051       6.4    3.9   0.0   363   416   663   721   643   728 0.67 WD repeat containing protein 44 [Cordyceps militaris CM01]
EGX90375.1           -           1023 8525at5125           -            600   2.8e-12   44.7   5.9   1   3   0.00038     0.047   11.0   0.0   511   558    65   112    53   123 0.85 WD repeat protein [Cordyceps militaris CM01]
EGX90375.1           -           1023 8525at5125           -            600   2.8e-12   44.7   5.9   2   3   2.3e-06   0.00029   18.3   0.7   430   555   122   253   111   260 0.74 WD repeat protein [Cordyceps militaris CM01]
EGX90375.1           -           1023 8525at5125           -            600   2.8e-12   44.7   5.9   3   3   7.6e-06   0.00095   16.6   0.1   358   398   268   305   252   319 0.84 WD repeat protein [Cordyceps militaris CM01]
EGX95661.1           -            593 8525at5125           -            600   2.6e-11   41.5   9.4   1   3   4.7e-07     6e-05   20.5   0.5   364   456   312   418   284   456 0.75 protein transport protein SEC13 [Cordyceps militaris CM01]
EGX95661.1           -            593 8525at5125           -            600   2.6e-11   41.5   9.4   2   3   6.6e-07   8.2e-05   20.1   0.3   393   462   458   532   440   538 0.77 protein transport protein SEC13 [Cordyceps militaris CM01]
EGX95661.1           -            593 8525at5125           -            600   2.6e-11   41.5   9.4   3   3     0.014       1.7    5.8   0.3   520   547   552   579   548   588 0.91 protein transport protein SEC13 [Cordyceps militaris CM01]
EGX94912.1           -            491 8525at5125           -            600   4.9e-11   40.6   0.7   1   1   6.5e-13   8.2e-11   39.9   0.4   396   552   251   420   240   431 0.76 chromatin assembly factor 1 subunit C [Cordyceps militaris CM01]
EGX92585.1           -            678 8525at5125           -            600   7.6e-11   40.0   8.3   1   2   4.3e-06   0.00054   17.4   0.8   455   552   391   485   386   496 0.90 cell cycle regulatory protein (Srw1), putative [Cordyceps militaris CM01]
EGX92585.1           -            678 8525at5125           -            600   7.6e-11   40.0   8.3   2   2     1e-08   1.3e-06   26.0   1.4   396   547   501   653   490   674 0.54 cell cycle regulatory protein (Srw1), putative [Cordyceps militaris CM01]
EGX96781.1           -            701 8525at5125           -            600     5e-10   37.3   0.7   1   3   8.4e-08   1.1e-05   23.0   0.1   426   553   166   304   161   316 0.62 coronin-6 [Cordyceps militaris CM01]
EGX96781.1           -            701 8525at5125           -            600     5e-10   37.3   0.7   2   3   2.6e-07   3.2e-05   21.4   0.0   423   517   219   311   213   349 0.79 coronin-6 [Cordyceps militaris CM01]
EGX96781.1           -            701 8525at5125           -            600     5e-10   37.3   0.7   3   3      0.87   1.1e+02   -0.1   0.0   336   393   349   405   319   415 0.79 coronin-6 [Cordyceps militaris CM01]
EGX93875.1           -           1131 8525at5125           -            600   2.3e-09   35.1   3.5   1   3    0.0013      0.16    9.2   0.0   401   444   480   522   455   533 0.79 striatin Pro11 [Cordyceps militaris CM01]
EGX93875.1           -           1131 8525at5125           -            600   2.3e-09   35.1   3.5   2   3     0.013       1.7    5.8   0.0   532   550   539   557   531   572 0.79 striatin Pro11 [Cordyceps militaris CM01]
EGX93875.1           -           1131 8525at5125           -            600   2.3e-09   35.1   3.5   3   3   1.3e-06   0.00016   19.1   0.2   453   516   723   786   712   809 0.82 striatin Pro11 [Cordyceps militaris CM01]
EGX97061.1           -           1038 8525at5125           -            600   7.2e-09   33.5   0.4   1   2     2e-06   0.00025   18.5   0.2   363   495    29   191     9   204 0.73 TUP1-like enhancer of split [Cordyceps militaris CM01]
EGX97061.1           -           1038 8525at5125           -            600   7.2e-09   33.5   0.4   2   2   0.00065     0.082   10.2   0.0   405   452   314   362   300   373 0.83 TUP1-like enhancer of split [Cordyceps militaris CM01]
EGX96730.1           -            843 8525at5125           -            600   7.7e-09   33.4   3.0   1   2   4.5e-06   0.00056   17.3   0.8   472   552   532   611   527   621 0.86 WD domain protein [Cordyceps militaris CM01]
EGX96730.1           -            843 8525at5125           -            600   7.7e-09   33.4   3.0   2   2   5.9e-05    0.0073   13.6   0.0   479   549   751   820   720   830 0.75 WD domain protein [Cordyceps militaris CM01]
EGX91326.1           -            506 8525at5125           -            600     9e-09   33.1   1.1   1   2   1.2e-06   0.00016   19.2   0.1   447   509    38   100    19   111 0.53 WD domain-containing protein [Cordyceps militaris CM01]
EGX91326.1           -            506 8525at5125           -            600     9e-09   33.1   1.1   2   2   0.00013     0.016   12.5   0.1   395   466   261   332   252   345 0.87 WD domain-containing protein [Cordyceps militaris CM01]
EGX94193.1           -            873 8525at5125           -            600     1e-08   33.0   1.1   1   3    0.0044      0.56    7.4   0.0   399   504    66   169    25   179 0.81 WD40 repeat-like-containing domain [Cordyceps militaris CM01]
EGX94193.1           -            873 8525at5125           -            600     1e-08   33.0   1.1   2   3     5e-08   6.2e-06   23.8   0.1   430   512   190   271   180   301 0.86 WD40 repeat-like-containing domain [Cordyceps militaris CM01]
EGX94193.1           -            873 8525at5125           -            600     1e-08   33.0   1.1   3   3       8.4   1.1e+03   -3.4   0.0   289   312   529   550   523   552 0.76 WD40 repeat-like-containing domain [Cordyceps militaris CM01]
EGX96489.1           -            351 8525at5125           -            600   1.7e-08   32.3   0.2   1   2   4.2e-08   5.3e-06   24.0   0.0   396   501    47   152    41   194 0.83 WD repeat-containing protein [Cordyceps militaris CM01]
EGX96489.1           -            351 8525at5125           -            600   1.7e-08   32.3   0.2   2   2    0.0086       1.1    6.5   0.0   397   472   238   312   213   328 0.77 WD repeat-containing protein [Cordyceps militaris CM01]
EGX94192.1           -            403 8525at5125           -            600   1.8e-08   32.1   0.8   1   2     3e-08   3.8e-06   24.5   0.1   399   555    50   221    45   244 0.69 WD repeat-containing protein [Cordyceps militaris CM01]
EGX94192.1           -            403 8525at5125           -            600   1.8e-08   32.1   0.8   2   2    0.0074      0.92    6.7   0.1   474   549   283   354   193   369 0.51 WD repeat-containing protein [Cordyceps militaris CM01]
EGX89372.1           -            876 8525at5125           -            600   4.9e-08   30.7   4.7   1   2   1.1e-08   1.3e-06   26.0   1.4   424   549   176   307   152   351 0.80 WD40 repeat-like-containing domain [Cordyceps militaris CM01]
EGX89372.1           -            876 8525at5125           -            600   4.9e-08   30.7   4.7   2   2     0.027       3.4    4.8   0.0   477   508   547   578   537   597 0.70 WD40 repeat-like-containing domain [Cordyceps militaris CM01]
EGX92168.1           -            548 8525at5125           -            600   5.3e-08   30.6   3.6   1   1   9.2e-10   1.2e-07   29.5   3.6   362   556   276   486   196   506 0.75 transducin family protein [Cordyceps militaris CM01]
EGX94879.1           -            475 8525at5125           -            600   5.9e-08   30.4   3.1   1   2    0.0024      0.31    8.3   1.2   449   555   135   251   115   268 0.79 WD40/YVTN repeat-like-containing domain [Cordyceps militaris CM01]
EGX94879.1           -            475 8525at5125           -            600   5.9e-08   30.4   3.1   2   2   2.2e-08   2.8e-06   24.9   0.3   357   549   220   405   210   413 0.74 WD40/YVTN repeat-like-containing domain [Cordyceps militaris CM01]
EGX94915.1           -            583 8525at5125           -            600   9.6e-08   29.8   0.4   1   2   2.1e-09   2.6e-07   28.3   0.1   396   510   230   342   207   405 0.79 small nucleolar ribonucleoprotein complex subunit, putative [Cordyceps militaris CM01]
EGX94915.1           -            583 8525at5125           -            600   9.6e-08   29.8   0.4   2   2       4.7   5.9e+02   -2.6   0.0   530   547   447   464   436   471 0.60 small nucleolar ribonucleoprotein complex subunit, putative [Cordyceps militaris CM01]
EGX88573.1           -            971 8525at5125           -            600   1.1e-07   29.6   0.3   1   2   1.2e-07   1.5e-05   22.5   0.0   445   546   337   437   317   441 0.82 F-box and WD domain protein [Cordyceps militaris CM01]
EGX88573.1           -            971 8525at5125           -            600   1.1e-07   29.6   0.3   2   2     0.038       4.8    4.3   0.1   427   517   483   567   474   573 0.84 F-box and WD domain protein [Cordyceps militaris CM01]
EGX91053.1           -            365 8525at5125           -            600     2e-07   28.7   0.0   1   1   2.3e-09   2.9e-07   28.2   0.0   456   556   149   252   115   261 0.86 phosphatidylinositol 3,5-bisphosphate-binding protein, putative [Cordyceps militaris CM01]
EGX93172.1           -           1152 8525at5125           -            600     3e-07   28.1   0.1   1   2   0.00022     0.028   11.7   0.0   465   550    20   109    13   125 0.78 protein transport protein (SEC31), putative [Cordyceps militaris CM01]
EGX93172.1           -           1152 8525at5125           -            600     3e-07   28.1   0.1   2   2   3.4e-05    0.0042   14.4   0.0   478   546   122   195   111   200 0.77 protein transport protein (SEC31), putative [Cordyceps militaris CM01]
EGX90717.1           -            440 8525at5125           -            600   4.3e-07   27.6   2.6   1   2      0.26        33    1.6   0.0   289   394    71   105    40   147 0.65 F-box and wd40 domain protein, putative [Cordyceps militaris CM01]
EGX90717.1           -            440 8525at5125           -            600   4.3e-07   27.6   2.6   2   2     4e-08   5.1e-06   24.1   2.5   425   550   216   344    66   360 0.80 F-box and wd40 domain protein, putative [Cordyceps militaris CM01]
EGX93045.1           -            445 8525at5125           -            600   5.2e-07   27.3   2.5   1   3      0.12        15    2.7   0.1   420   493    53   127    36   185 0.76 U3 small nucleolar RNA associated protein [Cordyceps militaris CM01]
EGX93045.1           -            445 8525at5125           -            600   5.2e-07   27.3   2.5   2   3     0.089        11    3.1   0.2   405   551    83   230    78   245 0.60 U3 small nucleolar RNA associated protein [Cordyceps militaris CM01]
EGX93045.1           -            445 8525at5125           -            600   5.2e-07   27.3   2.5   3   3   2.8e-07   3.5e-05   21.3   0.1   368   461   256   353   248   363 0.78 U3 small nucleolar RNA associated protein [Cordyceps militaris CM01]
EGX92725.1           -            722 8525at5125           -            600   8.6e-07   26.6   0.6   1   1   1.3e-08   1.6e-06   25.8   0.6   292   465    27   208    17   219 0.77 WD40 repeat-like-containing domain [Cordyceps militaris CM01]
EGX89067.1           -            670 8525at5125           -            600   4.7e-06   24.2   0.1   1   2   2.2e-06   0.00027   18.4   0.0   427   487   225   283   195   302 0.84 transcription factor [Cordyceps militaris CM01]
EGX89067.1           -            670 8525at5125           -            600   4.7e-06   24.2   0.1   2   2     0.081        10    3.3   0.0   363   551   497   518   459   612 0.63 transcription factor [Cordyceps militaris CM01]
EGX94611.1           -            931 8525at5125           -            600   5.8e-06   23.9   0.2   1   4    0.0001     0.013   12.9   0.0   429   557    78   205    67   218 0.81 beta-Ala-His dipeptidase [Cordyceps militaris CM01]
EGX94611.1           -            931 8525at5125           -            600   5.8e-06   23.9   0.2   2   4      0.25        32    1.6   0.0   530   547   280   297   264   307 0.72 beta-Ala-His dipeptidase [Cordyceps militaris CM01]
EGX94611.1           -            931 8525at5125           -            600   5.8e-06   23.9   0.2   3   4     0.068       8.6    3.5   0.0   524   550   330   356   313   388 0.74 beta-Ala-His dipeptidase [Cordyceps militaris CM01]
EGX94611.1           -            931 8525at5125           -            600   5.8e-06   23.9   0.2   4   4      0.89   1.1e+02   -0.2   0.0   383   417   410   450   406   474 0.68 beta-Ala-His dipeptidase [Cordyceps militaris CM01]
EGX93810.1           -            486 8525at5125           -            600   7.2e-06   23.6   2.5   1   2   4.1e-07   5.2e-05   20.7   0.6   469   549   295   378   288   384 0.84 ribosome biogenesis protein (Rrb1), putative [Cordyceps militaris CM01]
EGX93810.1           -            486 8525at5125           -            600   7.2e-06   23.6   2.5   2   2      0.24        31    1.7   0.0   471   506   393   429   387   442 0.63 ribosome biogenesis protein (Rrb1), putative [Cordyceps militaris CM01]
EGX94676.1           -            478 8525at5125           -            600   2.3e-05   21.9   0.1   1   2   5.6e-06    0.0007   17.0   0.1   363   415   117   179    59   195 0.59 hypothetical protein CCM_02947 [Cordyceps militaris CM01]
EGX94676.1           -            478 8525at5125           -            600   2.3e-05   21.9   0.1   2   2      0.15        19    2.4   0.0   488   506   317   335   308   341 0.85 hypothetical protein CCM_02947 [Cordyceps militaris CM01]
EGX91879.1           -            607 8525at5125           -            600   4.3e-05   21.0   0.1   1   3       4.3   5.4e+02   -2.5   0.0   362   382   303   322   283   324 0.67 WD domain containing protein [Cordyceps militaris CM01]
EGX91879.1           -            607 8525at5125           -            600   4.3e-05   21.0   0.1   2   3   6.6e-05    0.0083   13.5   0.0   485   549   373   435   356   449 0.78 WD domain containing protein [Cordyceps militaris CM01]
EGX91879.1           -            607 8525at5125           -            600   4.3e-05   21.0   0.1   3   3     0.031       3.9    4.6   0.0   465   548   505   546   473   565 0.54 WD domain containing protein [Cordyceps militaris CM01]
EGX90005.1           -            661 8525at5125           -            600   5.1e-05   20.7   0.9   1   3      0.13        16    2.6   0.0   516   552   250   286   232   293 0.83 WD repeat protein [Cordyceps militaris CM01]
EGX90005.1           -            661 8525at5125           -            600   5.1e-05   20.7   0.9   2   3     0.014       1.7    5.8   0.1   503   551   340   389   331   402 0.78 WD repeat protein [Cordyceps militaris CM01]
EGX90005.1           -            661 8525at5125           -            600   5.1e-05   20.7   0.9   3   3    0.0014      0.17    9.1   0.1   429   518   396   488   388   503 0.76 WD repeat protein [Cordyceps militaris CM01]
EGX93146.1           -            599 8525at5125           -            600   5.5e-05   20.6   0.3   1   1   7.6e-07   9.5e-05   19.9   0.3   368   441   393   470   375   507 0.75 catabolite repression protein creC [Cordyceps militaris CM01]
EGX89189.1           -            525 8525at5125           -            600   0.00012   19.6   0.0   1   1   1.6e-06    0.0002   18.8   0.0   459   550   262   355   253   360 0.88 protein-vacuolar targeting protein Atg18 [Cordyceps militaris CM01]
EGX94746.1           -           1865 8525at5125           -            600   0.00014   19.3   2.5   1   4      0.45        56    0.8   0.0   454   530   203   283   198   297 0.75 WD repeat containing protein 36 [Cordyceps militaris CM01]
EGX94746.1           -           1865 8525at5125           -            600   0.00014   19.3   2.5   2   4      0.05       6.3    3.9   0.1   486   548   293   366   282   378 0.74 WD repeat containing protein 36 [Cordyceps militaris CM01]
EGX94746.1           -           1865 8525at5125           -            600   0.00014   19.3   2.5   3   4      0.13        17    2.5   0.0   511   547   615   651   522   655 0.73 WD repeat containing protein 36 [Cordyceps militaris CM01]
EGX94746.1           -           1865 8525at5125           -            600   0.00014   19.3   2.5   4   4    0.0003     0.037   11.3   0.3   397   514   630   746   618   781 0.64 WD repeat containing protein 36 [Cordyceps militaris CM01]
EGX90303.1           -            405 8525at5125           -            600   0.00019   18.9   0.0   1   1   5.6e-06    0.0007   17.0   0.0   445   549    96   198    82   205 0.80 WD repeat containing protein 82 [Cordyceps militaris CM01]
EGX94830.1           -            721 8525at5125           -            600   0.00019   18.9   1.0   1   3   0.00019     0.024   11.9   0.0   427   505   300   380   276   386 0.79 WD domain protein [Cordyceps militaris CM01]
EGX94830.1           -            721 8525at5125           -            600   0.00019   18.9   1.0   2   3      0.26        32    1.6   0.0   432   461   431   461   413   517 0.73 WD domain protein [Cordyceps militaris CM01]
EGX94830.1           -            721 8525at5125           -            600   0.00019   18.9   1.0   3   3      0.18        22    2.1   0.0   514   553   654   691   647   698 0.78 WD domain protein [Cordyceps militaris CM01]
EGX91014.1           -           1027 8525at5125           -            600   0.00021   18.7   1.1   1   3     0.092        12    3.1   0.0   513   559   214   262   163   274 0.53 WD domain containing protein [Cordyceps militaris CM01]
EGX91014.1           -           1027 8525at5125           -            600   0.00021   18.7   1.1   2   3     0.014       1.7    5.8   0.0   472   546   520   595   480   625 0.81 WD domain containing protein [Cordyceps militaris CM01]
EGX91014.1           -           1027 8525at5125           -            600   0.00021   18.7   1.1   3   3     0.008         1    6.6   0.0   450   505   730   788   715   802 0.69 WD domain containing protein [Cordyceps militaris CM01]
EGX95117.1           -           1471 8525at5125           -            600   0.00023   18.6   1.0   1   1   3.1e-06   0.00039   17.9   1.0   360   465   142   252   102   264 0.77 WD repeat protein [Cordyceps militaris CM01]
EGX96102.1           -            735 8525at5125           -            600   0.00031   18.2   1.2   1   3   0.00023     0.029   11.7   0.1   514   548   388   421   381   452 0.74 eukaryotic ribosome biogenesis protein 1 [Cordyceps militaris CM01]
EGX96102.1           -            735 8525at5125           -            600   0.00031   18.2   1.2   2   3      0.06       7.5    3.7   0.0   454   548   588   682   574   700 0.66 eukaryotic ribosome biogenesis protein 1 [Cordyceps militaris CM01]
EGX96102.1           -            735 8525at5125           -            600   0.00031   18.2   1.2   3   3         1   1.2e+02   -0.3   0.0   517   545   706   734   687   735 0.60 eukaryotic ribosome biogenesis protein 1 [Cordyceps militaris CM01]
EGX89179.1           -            472 8525at5125           -            600   0.00055   17.3   8.2   1   4         4     5e+02   -2.3   0.1   427   442    64    79    45   104 0.59 WD40/YVTN repeat-like-containing domain [Cordyceps militaris CM01]
EGX89179.1           -            472 8525at5125           -            600   0.00055   17.3   8.2   2   4      0.12        15    2.7   0.1   427   462   151   184   145   215 0.63 WD40/YVTN repeat-like-containing domain [Cordyceps militaris CM01]
EGX89179.1           -            472 8525at5125           -            600   0.00055   17.3   8.2   3   4   3.9e-05    0.0048   14.2   0.3   363   400   227   267   216   294 0.78 WD40/YVTN repeat-like-containing domain [Cordyceps militaris CM01]
EGX89179.1           -            472 8525at5125           -            600   0.00055   17.3   8.2   4   4      0.63        80    0.3   0.0   520   547   341   368   334   383 0.79 WD40/YVTN repeat-like-containing domain [Cordyceps militaris CM01]
EGX89415.1           -            286 8525at5125           -            600   0.00063   17.2   0.2   1   2    0.0024       0.3    8.3   0.1   473   559    17   102     9   111 0.73 WD domain protein [Cordyceps militaris CM01]
EGX89415.1           -            286 8525at5125           -            600   0.00063   17.2   0.2   2   2    0.0028      0.35    8.1   0.0   468   556    99   192    93   204 0.69 WD domain protein [Cordyceps militaris CM01]
EGX92408.1           -            824 8525at5125           -            600   0.00067   17.1  12.5   1   3    0.0011      0.14    9.4   1.1   400   549    75   252    22   270 0.68 RNA polymerase II Elongator subunit [Cordyceps militaris CM01]
EGX92408.1           -            824 8525at5125           -            600   0.00067   17.1  12.5   2   3    0.0013      0.17    9.2   1.8   396   461   377   447   319   455 0.82 RNA polymerase II Elongator subunit [Cordyceps militaris CM01]
EGX92408.1           -            824 8525at5125           -            600   0.00067   17.1  12.5   3   3       1.1   1.4e+02   -0.5   0.0   359   378   684   703   677   710 0.76 RNA polymerase II Elongator subunit [Cordyceps militaris CM01]
EGX93877.1           -            473 8525at5125           -            600    0.0013   16.1   0.1   1   1   1.9e-05    0.0023   15.3   0.1   387   540   267   422   243   434 0.74 cell cycle control protein [Cordyceps militaris CM01]
EGX89078.1           -            394 8525at5125           -            600    0.0014   16.0   0.0   1   2       1.6     2e+02   -1.0   0.0   291   310   113   132    71   143 0.52 WD domain containing protein [Cordyceps militaris CM01]
EGX89078.1           -            394 8525at5125           -            600    0.0014   16.0   0.0   2   2   4.6e-05    0.0058   14.0   0.0   509   546   289   325   275   329 0.88 WD domain containing protein [Cordyceps militaris CM01]
EGX91175.1           -            461 8525at5125           -            600    0.0016   15.8   1.9   1   3         1   1.3e+02   -0.4   0.0   521   568   168   216   135   248 0.67 peroxisomal targeting signal 2 receptor [Cordyceps militaris CM01]
EGX91175.1           -            461 8525at5125           -            600    0.0016   15.8   1.9   2   3       3.4   4.3e+02   -2.1   0.0   362   384   270   292   260   307 0.67 peroxisomal targeting signal 2 receptor [Cordyceps militaris CM01]
EGX91175.1           -            461 8525at5125           -            600    0.0016   15.8   1.9   3   3   5.3e-05    0.0066   13.8   0.8   405   466   339   401   327   457 0.68 peroxisomal targeting signal 2 receptor [Cordyceps militaris CM01]
EGX92141.1           -            623 8525at5125           -            600    0.0018   15.6   0.1   1   1   2.3e-05    0.0029   15.0   0.1   474   547    70   144    60   148 0.88 peptidyl-prolyl cis-trans isomerase, putative [Cordyceps militaris CM01]
EGX90767.1           -            350 8525at5125           -            600    0.0025   15.2   0.2   1   2      0.35        44    1.1   0.0   518   551   101   134    14   164 0.66 nuclear pore complex subunit [Cordyceps militaris CM01]
EGX90767.1           -            350 8525at5125           -            600    0.0025   15.2   0.2   2   2   0.00026     0.033   11.5   0.0   480   550   202   286   194   300 0.61 nuclear pore complex subunit [Cordyceps militaris CM01]
EGX93153.1           -            642 8525at5125           -            600    0.0061   13.9   0.1   1   2       2.1   2.6e+02   -1.4   0.0   278   319    51    93    49   101 0.80 WD repeat protein [Cordyceps militaris CM01]
EGX93153.1           -            642 8525at5125           -            600    0.0061   13.9   0.1   2   2   0.00018     0.023   12.0   0.0   488   552   215   278   198   325 0.55 WD repeat protein [Cordyceps militaris CM01]
EGX94743.1           -           1534 8525at5125           -            600    0.0075   13.6   2.1   1   3   0.00052     0.065   10.5   0.0   514   561  1098  1147  1090  1183 0.73 Armadillo-type fold domain containing protein [Cordyceps militaris CM01]
EGX94743.1           -           1534 8525at5125           -            600    0.0075   13.6   2.1   2   3      0.54        68    0.5   0.2   497   550  1273  1331  1261  1356 0.64 Armadillo-type fold domain containing protein [Cordyceps militaris CM01]
EGX94743.1           -           1534 8525at5125           -            600    0.0075   13.6   2.1   3   3       1.1   1.4e+02   -0.5   0.0   528   549  1398  1419  1363  1431 0.77 Armadillo-type fold domain containing protein [Cordyceps militaris CM01]
EGX89435.1           -           1280 8525at5125           -            600    0.0077   13.6   1.5   1   2      0.93   1.2e+02   -0.2   0.0   405   449    89   132    81   138 0.86 WD repeat protein [Cordyceps militaris CM01]
EGX89435.1           -           1280 8525at5125           -            600    0.0077   13.6   1.5   2   2   0.00051     0.063   10.5   0.3   391   459   218   286   193   297 0.75 WD repeat protein [Cordyceps militaris CM01]
EGX91499.1           -            449 8525at5125           -            600      0.04   11.2   0.6   1   4    0.0035      0.44    7.8   0.0   366   416    29    82     3    96 0.48 WD40 repeat-like-containing domain [Cordyceps militaris CM01]
EGX91499.1           -            449 8525at5125           -            600      0.04   11.2   0.6   2   4       5.9   7.4e+02   -2.9   0.0   383   410   216   247   154   251 0.67 WD40 repeat-like-containing domain [Cordyceps militaris CM01]
EGX91499.1           -            449 8525at5125           -            600      0.04   11.2   0.6   3   4      0.59        74    0.4   0.0   401   434   335   368   316   388 0.57 WD40 repeat-like-containing domain [Cordyceps militaris CM01]
EGX91499.1           -            449 8525at5125           -            600      0.04   11.2   0.6   4   4       9.4   1.2e+03   -3.6   0.0   533   547   434   448   427   448 0.82 WD40 repeat-like-containing domain [Cordyceps militaris CM01]
EGX88049.1           -            363 8525at5125           -            600     0.073   10.3   0.4   1   1     0.002      0.25    8.6   0.3   388   461    97   172    49   178 0.74 actin related protein 2/3 complex subunit [Cordyceps militaris CM01]
EGX92137.1           -           1392 8525at5125           -            600     0.086   10.1   0.1   1   2       9.5   1.2e+03   -3.6   0.5   481   549  1162  1234  1140  1236 0.75 IdgA domain protein [Cordyceps militaris CM01]
EGX92137.1           -           1392 8525at5125           -            600     0.086   10.1   0.1   2   2    0.0019      0.23    8.7   0.0   418   505  1301  1391  1296  1392 0.80 IdgA domain protein [Cordyceps militaris CM01]
#
# Program:         hmmsearch
# Version:         3.1b2 (February 2015)
# Pipeline mode:   SEARCH
# Query file:      /home/zack/funannotate_db/hypocreales_odb10/hmms/8525at5125.hmm
# Target file:     /home/zack/Desktop/IsariaPreferralGenome/MyGenomeSubmittedToNCBI/HypocrealesProteinSets/Cmilitaris_CM01.faa
# Option settings: hmmsearch --domtblout /home/zack/Desktop/IsariaPreferralGenome/MyGenomeSubmittedToNCBI/HypocrealesProteinSets/BUSCO_AA_all/BUSCO_AA_Cmilitaris_CM01/run_hypocreales_odb10/hmmer_output/initial_run_results/8525at5125.out --cpu 1 /home/zack/funannotate_db/hypocreales_odb10/hmms/8525at5125.hmm /home/zack/Desktop/IsariaPreferralGenome/MyGenomeSubmittedToNCBI/HypocrealesProteinSets/Cmilitaris_CM01.faa 
# Current dir:     /home/zack/Desktop/IsariaPreferralGenome/MyGenomeSubmittedToNCBI/HypocrealesProteinSets/BUSCO_AA_all
# Date:            Mon Mar  4 15:15:16 2024
# [ok]
