#                                                                            --- full sequence --- -------------- this domain -------------   hmm coord   ali coord   env coord
# target name        accession   tlen query name           accession   qlen   E-value  score  bias   #  of  c-Evalue  i-Evalue  score  bias  from    to  from    to  from    to  acc description of target
#------------------- ---------- ----- -------------------- ---------- ----- --------- ------ ----- --- --- --------- --------- ------ ----- ----- ----- ----- ----- ----- ----- ---- ---------------------
EGX89948.1           -            805 9856at5125           -            526  4.8e-280  928.4   5.5   1   3  4.6e-278  1.1e-274  910.6   0.1    23   483    86   583    56   586 0.92 Patatin family phospholipase, putative [Cordyceps militaris CM01]
EGX89948.1           -            805 9856at5125           -            526  4.8e-280  928.4   5.5   2   3     0.062   1.5e+02   -0.5   0.1   482   511   610   639   604   652 0.66 Patatin family phospholipase, putative [Cordyceps militaris CM01]
EGX89948.1           -            805 9856at5125           -            526  4.8e-280  928.4   5.5   3   3   3.2e-06    0.0077   13.6   0.5   482   517   649   684   628   692 0.78 Patatin family phospholipase, putative [Cordyceps militaris CM01]
EGX92073.1           -            574 9856at5125           -            526   4.9e-84  281.6   2.2   1   1   3.3e-85     8e-82  274.2   2.2    25   468    30   550    22   557 0.78 Patatin-like serine hydrolase, putative [Cordyceps militaris CM01]
EGX94520.1           -            837 9856at5125           -            526   3.1e-58  196.4   0.7   1   2   0.00013      0.32    8.2   1.0    21    72   266   319   260   325 0.81 Patatin-like serine hydrolase, putative [Cordyceps militaris CM01]
EGX94520.1           -            837 9856at5125           -            526   3.1e-58  196.4   0.7   2   2   1.4e-57   3.3e-54  183.1   0.0    69   463   343   761   321   770 0.82 Patatin-like serine hydrolase, putative [Cordyceps militaris CM01]
EGX93367.1           -           1488 9856at5125           -            526   3.1e-05   21.5   0.6   1   1     2e-08   4.8e-05   20.9   0.6   137   194  1174  1232  1169  1248 0.86 Patatin-like serine hydrolase [Cordyceps militaris CM01]
#
# Program:         hmmsearch
# Version:         3.1b2 (February 2015)
# Pipeline mode:   SEARCH
# Query file:      /home/zack/funannotate_db/hypocreales_odb10/hmms/9856at5125.hmm
# Target file:     /home/zack/Desktop/IsariaPreferralGenome/MyGenomeSubmittedToNCBI/HypocrealesProteinSets/Cmilitaris_CM01.faa
# Option settings: hmmsearch --domtblout /home/zack/Desktop/IsariaPreferralGenome/MyGenomeSubmittedToNCBI/HypocrealesProteinSets/BUSCO_AA_all/BUSCO_AA_Cmilitaris_CM01/run_hypocreales_odb10/hmmer_output/initial_run_results/9856at5125.out --cpu 1 /home/zack/funannotate_db/hypocreales_odb10/hmms/9856at5125.hmm /home/zack/Desktop/IsariaPreferralGenome/MyGenomeSubmittedToNCBI/HypocrealesProteinSets/Cmilitaris_CM01.faa 
# Current dir:     /home/zack/Desktop/IsariaPreferralGenome/MyGenomeSubmittedToNCBI/HypocrealesProteinSets/BUSCO_AA_all
# Date:            Mon Mar  4 15:15:38 2024
# [ok]
