!! Predictions spanning range 4028 - 30153 [R1]
# EVM prediction: Mode:STANDARD S-ratio: 8.85 4028-5920 orient(-) score(563593.00) noncoding_equivalent(63710.28) raw_noncoding(64914.28) offset(1204.00) 
5511	4028	terminal-	5	6	{GeneMark_model.9406_t;GeneMark},{Augustus_model.g8004.t1;Augustus},{snap_scaffold_275-snap.1-T1;snap}
5572	5512	INTRON			{GeneMark_model.9406_t;GeneMark},{Augustus_model.g8004.t1;Augustus},{GlimmerHMM_glimmerT_9520-T1;GlimmerHMM},{snap_scaffold_275-snap.1-T1;snap}
5660	5573	internal-	4	4	{GeneMark_model.9406_t;GeneMark},{Augustus_model.g8004.t1;Augustus},{GlimmerHMM_glimmerT_9520-T1;GlimmerHMM},{snap_scaffold_275-snap.1-T1;snap}
5794	5661	INTRON			{GeneMark_model.9406_t;GeneMark},{Augustus_model.g8004.t1;Augustus},{GlimmerHMM_glimmerT_9520-T1;GlimmerHMM},{snap_scaffold_275-snap.1-T1;snap}
5920	5795	initial-	4	6	{GeneMark_model.9406_t;GeneMark},{Augustus_model.g8004.t1;Augustus},{GlimmerHMM_glimmerT_9520-T1;GlimmerHMM},{snap_scaffold_275-snap.1-T1;snap}

# EVM prediction: Mode:STANDARD S-ratio: 15.59 7371-8287 orient(+) score(275512.00) noncoding_equivalent(17668.73) raw_noncoding(18270.73) offset(602.00) 
7371	7967	initial+	1	3	{GeneMark_model.9407_t;GeneMark},{snap_scaffold_275-snap.2-T1;snap},{Augustus_model.g8005.t1;Augustus},{GlimmerHMM_glimmerT_9521-T1;GlimmerHMM}
7968	8026	INTRON			{GeneMark_model.9407_t;GeneMark},{snap_scaffold_275-snap.2-T1;snap},{Augustus_model.g8005.t1;Augustus},{GlimmerHMM_glimmerT_9521-T1;GlimmerHMM}
8027	8287	terminal+	1	3	{GeneMark_model.9407_t;GeneMark},{snap_scaffold_275-snap.2-T1;snap}

# EVM prediction: Mode:STANDARD S-ratio: 1.39 8618-8914 orient(+) score(46268.00) noncoding_equivalent(33173.04) raw_noncoding(47200.43) offset(14027.40) 
8618	8647	initial+	1	3	{snap_scaffold_275-snap.3-T1;snap}
8648	8746	INTRON			{snap_scaffold_275-snap.3-T1;snap}
8747	8914	terminal+	1	3	{snap_scaffold_275-snap.3-T1;snap},{Augustus_model.g8005.t1;Augustus}

# EVM prediction: Mode:STANDARD S-ratio: 3.65 9385-9894 orient(-) score(127310.00) noncoding_equivalent(34888.00) raw_noncoding(39390.00) offset(4502.00) 
9602	9385	terminal-	5	6	{GeneMark_model.9408_t;GeneMark},{snap_scaffold_275-snap.4-T1;snap},{Augustus_model.g8006.t1;Augustus},{GlimmerHMM_glimmerT_9522-T1;GlimmerHMM}
9692	9603	INTRON			{GeneMark_model.9408_t;GeneMark},{snap_scaffold_275-snap.4-T1;snap},{Augustus_model.g8006.t1;Augustus}
9894	9693	initial-	4	4	{GeneMark_model.9408_t;GeneMark},{snap_scaffold_275-snap.4-T1;snap},{Augustus_model.g8006.t1;Augustus}

# EVM prediction: Mode:STANDARD S-ratio: 37.62 12359-14236 orient(+) score(545255.00) noncoding_equivalent(14494.45) raw_noncoding(25281.67) offset(10787.22) 
12359	12398	initial+	1	1	{GeneMark_model.9409_t;GeneMark}
12399	12452	INTRON			{GeneMark_model.9409_t;GeneMark}
12453	14236	terminal+	2	3	{GlimmerHMM_glimmerT_9523-T1;GlimmerHMM},{GeneMark_model.9409_t;GeneMark}

# EVM prediction: Mode:STANDARD S-ratio: 3.51 14753-15613 orient(+) score(173061.00) noncoding_equivalent(49307.00) raw_noncoding(55911.00) offset(6604.00) 
14753	14988	initial+	1	2	{GlimmerHMM_glimmerT_9524-T1;GlimmerHMM},{GeneMark_model.9410_t;GeneMark},{Augustus_model.g8008.t1;Augustus}
14989	15039	INTRON			{GlimmerHMM_glimmerT_9524-T1;GlimmerHMM},{GeneMark_model.9410_t;GeneMark},{Augustus_model.g8008.t1;Augustus}
15040	15256	internal+	3	3	{GlimmerHMM_glimmerT_9524-T1;GlimmerHMM},{GeneMark_model.9410_t;GeneMark},{Augustus_model.g8008.t1;Augustus}
15257	15316	INTRON			{GlimmerHMM_glimmerT_9524-T1;GlimmerHMM},{GeneMark_model.9410_t;GeneMark},{Augustus_model.g8008.t1;Augustus}
15317	15613	terminal+	1	3	{GlimmerHMM_glimmerT_9524-T1;GlimmerHMM},{GeneMark_model.9410_t;GeneMark},{Augustus_model.g8008.t1;Augustus}

# EVM prediction: Mode:STANDARD S-ratio: 9.30 15736-16907 orient(-) score(324272.00) noncoding_equivalent(34870.62) raw_noncoding(41572.62) offset(6702.00) 
16645	15736	terminal-	6	6	{GeneMark_model.9411_t;GeneMark},{Augustus_model.g8009.t1;Augustus}
16710	16646	INTRON			{snap_scaffold_275-snap.7-T1;snap},{GeneMark_model.9411_t;GeneMark},{Augustus_model.g8009.t1;Augustus}
16907	16711	initial-	4	5	{snap_scaffold_275-snap.7-T1;snap},{GeneMark_model.9411_t;GeneMark},{Augustus_model.g8009.t1;Augustus}

# EVM prediction: Mode:STANDARD S-ratio: 10.32 18098-18746 orient(-) score(195110.00) noncoding_equivalent(18901.15) raw_noncoding(19503.15) offset(602.00) 
18256	18098	terminal-	4	6	{GeneMark_model.9412_t;GeneMark},{snap_scaffold_275-snap.8-T1;snap},{GlimmerHMM_glimmerT_9526-T1;GlimmerHMM}
18320	18257	INTRON			{GeneMark_model.9412_t;GeneMark},{snap_scaffold_275-snap.8-T1;snap},{GlimmerHMM_glimmerT_9526-T1;GlimmerHMM},{Augustus_model.g8010.t1;Augustus}
18746	18321	initial-	4	6	{snap_scaffold_275-snap.8-T1;snap},{GlimmerHMM_glimmerT_9526-T1;GlimmerHMM}

# EVM prediction: Mode:STANDARD S-ratio: 85.16 20122-21495 orient(-) score(408774.00) noncoding_equivalent(4800.00) raw_noncoding(4800.00) offset(0.00) 
21495	20122	single-	4	6	{Augustus_model.g8011.t1;Augustus},{GeneMark_model.9413_t;GeneMark},{GlimmerHMM_glimmerT_9527-T1;GlimmerHMM}

# EVM prediction: Mode:STANDARD S-ratio: 186.69 25242-27860 orient(-) score(784119.00) noncoding_equivalent(4200.00) raw_noncoding(4200.00) offset(0.00) 
27860	25242	single-	4	6	{Augustus_model.g8012.t1;Augustus},{GlimmerHMM_glimmerT_9528-T1;GlimmerHMM},{GeneMark_model.9414_t;GeneMark}

# EVM prediction: Mode:STANDARD S-ratio: 14.52 28658-30153 orient(+) score(450296.00) noncoding_equivalent(31003.00) raw_noncoding(32207.00) offset(1204.00) 
28658	28853	initial+	1	1	{Augustus_model.g8013.t1;Augustus},{GeneMark_model.9415_t;GeneMark},{GlimmerHMM_glimmerT_9529-T1;GlimmerHMM},{snap_scaffold_275-snap.11-T1;snap}
28854	28903	INTRON			{Augustus_model.g8013.t1;Augustus},{GeneMark_model.9415_t;GeneMark},{GlimmerHMM_glimmerT_9529-T1;GlimmerHMM},{snap_scaffold_275-snap.11-T1;snap}
28904	29963	internal+	2	2	{Augustus_model.g8013.t1;Augustus},{GeneMark_model.9415_t;GeneMark},{GlimmerHMM_glimmerT_9529-T1;GlimmerHMM},{snap_scaffold_275-snap.11-T1;snap}
29964	30020	INTRON			{Augustus_model.g8013.t1;Augustus},{GeneMark_model.9415_t;GeneMark},{GlimmerHMM_glimmerT_9529-T1;GlimmerHMM},{snap_scaffold_275-snap.11-T1;snap}
30021	30153	terminal+	3	3	{Augustus_model.g8013.t1;Augustus},{GeneMark_model.9415_t;GeneMark},{GlimmerHMM_glimmerT_9529-T1;GlimmerHMM},{snap_scaffold_275-snap.11-T1;snap}

