-successfully changed directories to /home/zack/Desktop/IsariaPreferralGenome/MyGenomeSubmittedToNCBI/HypocrealesProteinSets/GENOMES/CcateniannulataMBC234/FunannotatePredict/predict_misc/EVM/scaffold_459

-reading genomic sequence.

** Processing features (+)

-finding all potential splice sites, looking for GT/GC donors and AG acceptors.
-finding all potential starts and stops. (strand: +)
-loading gene prediction evidence. (strand: +)Valid prediction for GeneMark_model.10648_t
Valid prediction for GeneMark_model.10649_t
Valid prediction for Augustus_model.g8986.t1
Valid prediction for snap_scaffold_459-snap.2-T1
Valid prediction for GlimmerHMM_glimmerT_10796-T1
Valid prediction for GlimmerHMM_glimmerT_10797-T1
Valid prediction for snap_scaffold_459-snap.3-T1
Valid prediction for Augustus_model.g8985.t1

-loading the search evidence (protein and EST search results, strand: +)
-scoring exons (strand: +)

** Processing features (-)

-finding all potential splice sites, looking for GT/GC donors and AG acceptors.
-finding all potential starts and stops. (strand: -)
-loading gene prediction evidence. (strand: -)Valid prediction for GeneMark_model.10647_t
Valid prediction for GlimmerHMM_glimmerT_10798-T1
Valid prediction for GlimmerHMM_glimmerT_10794-T1
Valid prediction for GeneMark_model.10650_t
Valid prediction for GeneMark_model.10646_t
Valid prediction for GlimmerHMM_glimmerT_10795-T1
Valid prediction for snap_scaffold_459-snap.1-T1
Valid prediction for Augustus_model.g8984.t1
Valid prediction for snap_scaffold_459-snap.4-T1
Couldn't classify 1, 907
Sorry, prediction Augustus_model.g8987.t1 fails validation.
(CCC)	 GA	1-907	TT	AGT

-loading the search evidence (protein and EST search results, strand: -)
-scoring exons (strand: -)
-building DP trellis

-building trellis in range 1 - 11016
-exon list size: 14


building trellis
6.2    12.5    18.8    25.0    31.2    37.5    43.8    50.0    56.2    62.5    68.8    75.0    81.2    87.5    93.8    
-found 5 predictions from path traversal
GOT 5prime partial gene.

-reporting highest scoring path thru the trellis.
-found 5 predictions persist after filtering for low support
