-successfully changed directories to /home/zack/Desktop/IsariaPreferralGenome/MyGenomeSubmittedToNCBI/HypocrealesProteinSets/GENOMES/CcateniannulataMBC234/FunannotatePredict/predict_misc/EVM/scaffold_1159

-reading genomic sequence.

** Processing features (+)

-finding all potential splice sites, looking for GT/GC donors and AG acceptors.
-finding all potential starts and stops. (strand: +)
-loading gene prediction evidence. (strand: +)
-loading the search evidence (protein and EST search results, strand: +)
-scoring exons (strand: +)

** Processing features (-)

-finding all potential splice sites, looking for GT/GC donors and AG acceptors.
-finding all potential starts and stops. (strand: -)
-loading gene prediction evidence. (strand: -)Valid prediction for snap_scaffold_1159-snap.1-T1
add_exon() Sorry, snap_scaffold_1159-snap.1-T1 101-530-terminal-1 is invalid.
Valid prediction for GlimmerHMM_glimmerT_11518-T1
add_exon() Sorry, GlimmerHMM_glimmerT_11518-T1 101-530-terminal-1 is invalid.
Couldn't classify 674, 707
Sorry, prediction GeneMark_model.11290_t fails validation.
(ATG)	 TG	16-100	GT	AGG
(CGA)	 AG	154-344	GT	GAG
(GAT)	 AG	390-475	GT	CTG
(TTT)	 AG	674-707	GC	CGG
-recovered GeneMark_model.11290_t, initial, 16, 100
-recovered GeneMark_model.11290_t, internal, 154, 344
-recovered GeneMark_model.11290_t, internal, 390, 475
-recovered GeneMark_model.11290_t, internal, 674, 707

-loading the search evidence (protein and EST search results, strand: -)
-scoring exons (strand: -)
-building DP trellis

-building trellis in range 1 - 728
-exon list size: 7


building trellis
11.1    22.2    33.3    44.4    55.6    66.7    77.8    88.9    
-found 1 predictions from path traversal
GOT 5prime partial gene.

-reporting highest scoring path thru the trellis.
-found 1 predictions persist after filtering for low support
