-successfully changed directories to /home/zack/Desktop/IsariaPreferralGenome/MyGenomeSubmittedToNCBI/HypocrealesProteinSets/GENOMES/CcateniannulataMBC234/FunannotatePredict/predict_misc/EVM/scaffold_464

-reading genomic sequence.

** Processing features (+)

-finding all potential splice sites, looking for GT/GC donors and AG acceptors.
-finding all potential starts and stops. (strand: +)
-loading gene prediction evidence. (strand: +)
-loading the search evidence (protein and EST search results, strand: +)
-scoring exons (strand: +)

** Processing features (-)

-finding all potential splice sites, looking for GT/GC donors and AG acceptors.
-finding all potential starts and stops. (strand: -)
-loading gene prediction evidence. (strand: -)Valid prediction for GlimmerHMM_glimmerT_10809-T1
Valid prediction for GeneMark_model.10660_t
Valid prediction for snap_scaffold_464-snap.1-T1
Valid prediction for GlimmerHMM_glimmerT_10810-T1
add_exon() Sorry, GlimmerHMM_glimmerT_10810-T1 8228-8478-terminal-1 is invalid.

-loading the search evidence (protein and EST search results, strand: -)
-scoring exons (strand: -)
-building DP trellis

-building trellis in range 1 - 10577
-exon list size: 4


building trellis
16.7    33.3    50.0    66.7    83.3    
-found 1 predictions from path traversal

-reporting highest scoring path thru the trellis.
-found 1 predictions persist after filtering for low support
