#                                                                            --- full sequence --- -------------- this domain -------------   hmm coord   ali coord   env coord
# target name        accession   tlen query name           accession   qlen   E-value  score  bias   #  of  c-Evalue  i-Evalue  score  bias  from    to  from    to  from    to  acc description of target
#------------------- ---------- ----- -------------------- ---------- ----- --------- ------ ----- --- --- --------- --------- ------ ----- ----- ----- ----- ----- ----- ----- ---- ---------------------
OY7_001773-T1        -            725 11320at5125          -            461  2.3e-250  830.1  23.0   1   5    3e-222  2.9e-220  730.8   1.5     1   355     3   390     3   399 0.94 OY7_001773
OY7_001773-T1        -            725 11320at5125          -            461  2.3e-250  830.1  23.0   2   5   4.2e-18     4e-16   57.8   0.4   346   391   441   490   436   506 0.90 OY7_001773
OY7_001773-T1        -            725 11320at5125          -            461  2.3e-250  830.1  23.0   3   5     0.005      0.47    8.1   0.2   391   415   523   552   494   581 0.72 OY7_001773
OY7_001773-T1        -            725 11320at5125          -            461  2.3e-250  830.1  23.0   4   5     1e-07   9.8e-06   23.6   0.4   411   443   638   670   571   682 0.73 OY7_001773
OY7_001773-T1        -            725 11320at5125          -            461  2.3e-250  830.1  23.0   5   5   1.1e-07   1.1e-05   23.5   0.2   433   461   691   719   673   719 0.83 OY7_001773
OY7_008314-T1        -            927 11320at5125          -            461   2.3e-32  111.4   0.2   1   2     2e-12   1.9e-10   39.1   0.2    10    97    28   113    23   123 0.93 OY7_008314
OY7_008314-T1        -            927 11320at5125          -            461   2.3e-32  111.4   0.2   2   2   1.5e-21   1.5e-19   69.2   0.0   167   268   208   315   202   327 0.87 OY7_008314
OY7_009748-T1        -            511 11320at5125          -            461   9.7e-32  109.3   0.1   1   2   1.8e-09   1.8e-07   29.3   0.2     5    96    65   154    61   160 0.89 OY7_009748
OY7_009748-T1        -            511 11320at5125          -            461   9.7e-32  109.3   0.1   2   2   3.4e-24   3.3e-22   77.9   0.0   148   276   183   326   167   355 0.82 OY7_009748
OY7_008702-T1        -            639 11320at5125          -            461   2.4e-31  108.0   0.0   1   2   5.2e-07     5e-05   21.2   0.0     3    91     8    93     6   105 0.87 OY7_008702
OY7_008702-T1        -            639 11320at5125          -            461   2.4e-31  108.0   0.0   2   2   3.2e-26   3.1e-24   84.6   0.0   150   293   127   274   124   300 0.84 OY7_008702
OY7_002078-T1        -            662 11320at5125          -            461   1.9e-29  101.7   0.0   1   2   2.6e-05    0.0025   15.6   0.0    10    95    26   108    20   119 0.86 OY7_002078
OY7_002078-T1        -            662 11320at5125          -            461   1.9e-29  101.7   0.0   2   2   6.7e-26   6.4e-24   83.5   0.0   150   302   138   294   133   304 0.86 OY7_002078
OY7_002522-T1        -            532 11320at5125          -            461   3.3e-27   94.4   0.1   1   2   4.1e-06   0.00039   18.3   0.2     2    91   173   263   172   272 0.82 OY7_002522
OY7_002522-T1        -            532 11320at5125          -            461   3.3e-27   94.4   0.1   2   2   5.5e-23   5.3e-21   73.9   0.0   146   270   295   423   276   443 0.89 OY7_002522
OY7_006574-T1        -           1458 11320at5125          -            461     4e-27   94.1   0.0   1   2   5.5e-08   5.3e-06   24.5   0.0     5    97    49   139    46   163 0.93 OY7_006574
OY7_006574-T1        -           1458 11320at5125          -            461     4e-27   94.1   0.0   2   2   5.3e-21   5.1e-19   67.4   0.0   148   289   166   313   150   344 0.79 OY7_006574
OY7_005108-T1        -           1187 11320at5125          -            461   1.4e-25   89.0   0.1   1   2      0.01      0.99    7.1   0.1    51   125   177   245   172   247 0.83 OY7_005108
OY7_005108-T1        -           1187 11320at5125          -            461   1.4e-25   89.0   0.1   2   2   1.3e-24   1.2e-22   79.3   0.0   148   294   248   398   246   404 0.90 OY7_005108
OY7_000316-T1        -            889 11320at5125          -            461   1.6e-25   88.8   0.0   1   2     0.023       2.2    5.9   0.0     6   104   610   705   606   709 0.74 OY7_000316
OY7_000316-T1        -            889 11320at5125          -            461   1.6e-25   88.8   0.0   2   2   4.9e-25   4.7e-23   80.7   0.0   148   275   723   856   706   864 0.91 OY7_000316
OY7_005202-T1        -           1338 11320at5125          -            461   2.8e-25   88.0   0.0   1   2   6.9e-08   6.6e-06   24.1   0.0    11   100  1043  1132  1035  1156 0.81 OY7_005202
OY7_005202-T1        -           1338 11320at5125          -            461   2.8e-25   88.0   0.0   2   2   2.8e-19   2.7e-17   61.7   0.0   148   284  1156  1314  1144  1319 0.79 OY7_005202
OY7_005755-T1        -            812 11320at5125          -            461   3.8e-25   87.6   1.2   1   3       5.5   5.3e+02   -1.9   0.3   324   359   315   351   294   359 0.67 OY7_005755
OY7_005755-T1        -            812 11320at5125          -            461   3.8e-25   87.6   1.2   2   3   0.00042      0.04   11.7   0.0     9    97   541   628   535   636 0.80 OY7_005755
OY7_005755-T1        -            812 11320at5125          -            461   3.8e-25   87.6   1.2   3   3   7.1e-23   6.8e-21   73.6   0.0   148   277   655   790   650   795 0.87 OY7_005755
OY7_009753-T1        -            707 11320at5125          -            461   5.7e-25   87.0   0.8   1   2   3.9e-05    0.0038   15.1   1.6     5   125    66   180    63   183 0.82 OY7_009753
OY7_009753-T1        -            707 11320at5125          -            461   5.7e-25   87.0   0.8   2   2   1.5e-21   1.5e-19   69.2   0.0   148   275   183   313   180   365 0.90 OY7_009753
OY7_005750-T1        -            417 11320at5125          -            461   2.2e-24   85.1   0.5   1   2   1.1e-08     1e-06   26.8   0.8    10    96   151   236   144   257 0.85 OY7_005750
OY7_005750-T1        -            417 11320at5125          -            461   2.2e-24   85.1   0.5   2   2   1.8e-17   1.7e-15   55.8   0.0   149   294   265   415   259   417 0.81 OY7_005750
OY7_007370-T1        -            903 11320at5125          -            461   2.4e-24   84.9   0.0   1   2   0.00014     0.014   13.2   0.0    10   117   635   748   626   753 0.76 OY7_007370
OY7_007370-T1        -            903 11320at5125          -            461   2.4e-24   84.9   0.0   2   2   1.3e-21   1.3e-19   69.4   0.0   148   278   755   898   749   902 0.87 OY7_007370
OY7_005355-T1        -            537 11320at5125          -            461   3.2e-24   84.5   0.0   1   2      0.31        29    2.2   0.0    77   110   309   342   277   357 0.81 OY7_005355
OY7_005355-T1        -            537 11320at5125          -            461   3.2e-24   84.5   0.0   2   2   8.3e-25   7.9e-23   79.9   0.0   135   285   347   514   343   524 0.80 OY7_005355
OY7_005911-T1        -            663 11320at5125          -            461   5.3e-24   83.8   0.0   1   2       6.1   5.8e+02   -2.0   0.0     4    67   293   358   292   389 0.68 OY7_005911
OY7_005911-T1        -            663 11320at5125          -            461   5.3e-24   83.8   0.0   2   2   1.8e-25   1.7e-23   82.2   0.0   148   278   413   558   409   575 0.82 OY7_005911
OY7_002241-T1        -           1621 11320at5125          -            461   7.1e-24   83.4   0.0   1   2    0.0035      0.34    8.6   0.1    47   118  1380  1445  1334  1454 0.74 OY7_002241
OY7_002241-T1        -           1621 11320at5125          -            461   7.1e-24   83.4   0.0   2   2   1.4e-22   1.4e-20   72.5   0.0   149   275  1456  1593  1450  1598 0.86 OY7_002241
OY7_007861-T1        -            633 11320at5125          -            461   2.5e-23   81.6   0.0   1   2   0.00013     0.013   13.3   0.0     3    66   288   352   286   391 0.88 OY7_007861
OY7_007861-T1        -            633 11320at5125          -            461   2.5e-23   81.6   0.0   2   2   1.3e-20   1.2e-18   66.1   0.0   147   268   407   531   394   552 0.91 OY7_007861
OY7_002526-T1        -            695 11320at5125          -            461   2.7e-23   81.5   0.3   1   2      0.02       1.9    6.1   0.3     4    58   289   344   287   409 0.71 OY7_002526
OY7_002526-T1        -            695 11320at5125          -            461   2.7e-23   81.5   0.3   2   2     1e-22   9.6e-21   73.1   0.0   148   269   411   537   401   554 0.89 OY7_002526
OY7_004977-T1        -           1613 11320at5125          -            461   7.4e-23   80.0   0.1   1   3    0.0058      0.55    7.9   0.0   191   218   463   492   458   497 0.87 OY7_004977
OY7_004977-T1        -           1613 11320at5125          -            461   7.4e-23   80.0   0.1   2   3   4.4e-06   0.00042   18.2   0.0    10    69   601   658   593   667 0.87 OY7_004977
OY7_004977-T1        -           1613 11320at5125          -            461   7.4e-23   80.0   0.1   3   3   1.6e-15   1.5e-13   49.3   0.0   142   276   809   964   770   980 0.72 OY7_004977
OY7_007329-T1        -            766 11320at5125          -            461   3.6e-22   77.8   0.1   1   2       7.2   6.9e+02   -2.3   0.0   364   383    26    45    20    62 0.76 OY7_007329
OY7_007329-T1        -            766 11320at5125          -            461   3.6e-22   77.8   0.1   2   2   5.8e-23   5.5e-21   73.9   0.0   143   270   314   461   295   469 0.82 OY7_007329
OY7_007888-T1        -            722 11320at5125          -            461   7.1e-22   76.8   0.0   1   2     0.061       5.8    4.5   0.0    31    96   476   539   437   550 0.82 OY7_007888
OY7_007888-T1        -            722 11320at5125          -            461   7.1e-22   76.8   0.0   2   2   8.9e-22   8.5e-20   69.9   0.0   148   276   567   701   560   717 0.87 OY7_007888
OY7_001352-T1        -            650 11320at5125          -            461   8.9e-22   76.5   0.2   1   3   1.8e-06   0.00017   19.5   0.0     3    94   267   357   265   366 0.89 OY7_001352
OY7_001352-T1        -            650 11320at5125          -            461   8.9e-22   76.5   0.2   2   3   2.8e-06   0.00026   18.9   0.1   147   176   386   415   373   425 0.87 OY7_001352
OY7_001352-T1        -            650 11320at5125          -            461   8.9e-22   76.5   0.2   3   3   6.1e-11   5.9e-09   34.2   0.0   183   242   468   527   441   549 0.88 OY7_001352
OY7_001001-T1        -            982 11320at5125          -            461   1.9e-21   75.4   0.0   1   2     2e-05    0.0019   16.0   0.1     5    97    78   167    75   183 0.76 OY7_001001
OY7_001001-T1        -            982 11320at5125          -            461   1.9e-21   75.4   0.0   2   2   5.9e-18   5.7e-16   57.3   0.0   146   278   192   337   168   357 0.72 OY7_001001
OY7_005153-T1        -            866 11320at5125          -            461   6.2e-21   73.7   0.0   1   2     0.018       1.7    6.3   0.0     4    98    43   144    40   171 0.74 OY7_005153
OY7_005153-T1        -            866 11320at5125          -            461   6.2e-21   73.7   0.0   2   2     2e-20   1.9e-18   65.5   0.0   148   276   172   306   161   327 0.85 OY7_005153
OY7_002706-T1        -           1193 11320at5125          -            461   1.6e-20   72.3   0.0   1   3   3.7e-09   3.5e-07   28.3   0.1     3   104   305   407   303   424 0.81 OY7_002706
OY7_002706-T1        -           1193 11320at5125          -            461   1.6e-20   72.3   0.0   2   3     2e-11   1.9e-09   35.8   0.0   147   199   426   481   416   488 0.88 OY7_002706
OY7_002706-T1        -           1193 11320at5125          -            461   1.6e-20   72.3   0.0   3   3     0.074       7.1    4.3   0.0   202   277   505   589   497   607 0.68 OY7_002706
OY7_003765-T1        -            357 11320at5125          -            461   5.7e-20   70.5   0.0   1   2    0.0018      0.17    9.6   0.0     3    67    18    82    16   129 0.83 OY7_003765
OY7_003765-T1        -            357 11320at5125          -            461   5.7e-20   70.5   0.0   2   2   1.7e-18   1.7e-16   59.1   0.0   147   238   135   225   124   235 0.88 OY7_003765
OY7_003534-T1        -            573 11320at5125          -            461   2.4e-19   68.4   0.2   1   3    0.0012      0.12   10.2   0.0     5    66   109   171   106   199 0.86 OY7_003534
OY7_003534-T1        -            573 11320at5125          -            461   2.4e-19   68.4   0.2   2   3      0.54        52    1.4   0.0   149   161   229   241   224   245 0.87 OY7_003534
OY7_003534-T1        -            573 11320at5125          -            461   2.4e-19   68.4   0.2   3   3   1.5e-16   1.4e-14   52.7   0.0   166   280   279   398   272   407 0.89 OY7_003534
OY7_006099-T1        -            356 11320at5125          -            461   3.6e-19   67.9   0.5   1   2     0.033       3.2    5.4   0.2     3   101    22   121    20   139 0.75 OY7_006099
OY7_006099-T1        -            356 11320at5125          -            461   3.6e-19   67.9   0.5   2   2   4.6e-19   4.4e-17   61.0   0.0   146   235   141   236   129   252 0.86 OY7_006099
OY7_006022-T1        -            542 11320at5125          -            461   5.3e-19   67.3   0.1   1   2    0.0019      0.18    9.5   0.1     4    92   229   316   226   324 0.75 OY7_006022
OY7_006022-T1        -            542 11320at5125          -            461   5.3e-19   67.3   0.1   2   2   1.7e-17   1.7e-15   55.8   0.0   148   244   348   443   342   465 0.89 OY7_006022
OY7_002222-T1        -            447 11320at5125          -            461   5.5e-19   67.3   0.0   1   1   1.1e-20   1.1e-18   66.3   0.0   148   279   137   280   113   282 0.84 OY7_002222
OY7_005745-T1        -           1186 11320at5125          -            461   1.6e-18   65.8   0.1   1   1   1.4e-18   1.3e-16   59.4   0.1   147   279  1051  1179   917  1182 0.80 OY7_005745
OY7_000244-T1        -            528 11320at5125          -            461   2.1e-18   65.3   0.3   1   2     0.002      0.19    9.5   0.6     4    67    19    83    16   114 0.79 OY7_000244
OY7_000244-T1        -            528 11320at5125          -            461   2.1e-18   65.3   0.3   2   2   9.5e-17     9e-15   53.4   0.0   147   242   136   232   129   263 0.88 OY7_000244
OY7_004141-T1        -            329 11320at5125          -            461   2.3e-18   65.2   0.0   1   2   3.7e-06   0.00036   18.4   0.1     4   125     9   125     6   127 0.78 OY7_004141
OY7_004141-T1        -            329 11320at5125          -            461   2.3e-18   65.2   0.0   2   2   3.4e-14   3.2e-12   44.9   0.0   149   234   129   216   124   224 0.83 OY7_004141
OY7_006739-T1        -            316 11320at5125          -            461   3.8e-18   64.5   0.4   1   3       6.3   6.1e+02   -2.1   0.0   351   379    42    70    33    77 0.83 OY7_006739
OY7_006739-T1        -            316 11320at5125          -            461   3.8e-18   64.5   0.4   2   3   7.2e-06   0.00069   17.5   0.5     9   105    82   177    74   194 0.83 OY7_006739
OY7_006739-T1        -            316 11320at5125          -            461   3.8e-18   64.5   0.4   3   3   4.8e-14   4.6e-12   44.5   0.0   147   235   195   284   182   308 0.85 OY7_006739
OY7_006515-T1        -            418 11320at5125          -            461   5.2e-18   64.1   0.0   1   2    0.0047      0.45    8.2   0.0     2   117    20   137    19   142 0.75 OY7_006515
OY7_006515-T1        -            418 11320at5125          -            461   5.2e-18   64.1   0.0   2   2   6.2e-17     6e-15   54.0   0.0   147   239   143   241   138   268 0.84 OY7_006515
OY7_008686-T1        -            394 11320at5125          -            461   1.1e-17   63.0   0.1   1   2    0.0059      0.57    7.9   0.0     4    68    34    95    31   117 0.73 OY7_008686
OY7_008686-T1        -            394 11320at5125          -            461   1.1e-17   63.0   0.1   2   2   1.8e-16   1.7e-14   52.4   0.0   148   240   155   250   146   259 0.88 OY7_008686
OY7_004739-T1        -            698 11320at5125          -            461   1.1e-17   62.9   0.8   1   3       1.7   1.6e+02   -0.2   0.1     3    48    56   100    54   103 0.74 OY7_004739
OY7_004739-T1        -            698 11320at5125          -            461   1.1e-17   62.9   0.8   2   3       2.3   2.2e+02   -0.7   0.0    50    94   144   188   135   196 0.80 OY7_004739
OY7_004739-T1        -            698 11320at5125          -            461   1.1e-17   62.9   0.8   3   3   1.4e-18   1.3e-16   59.4   0.0   148   280   220   358   213   405 0.88 OY7_004739
OY7_000978-T1        -           1809 11320at5125          -            461   1.2e-17   62.8   0.1   1   3     0.014       1.3    6.7   0.0     4    98   717   811   714   822 0.88 OY7_000978
OY7_000978-T1        -           1809 11320at5125          -            461   1.2e-17   62.8   0.1   2   3   2.6e-06   0.00025   19.0   0.1   148   177   837   866   823   871 0.92 OY7_000978
OY7_000978-T1        -           1809 11320at5125          -            461   1.2e-17   62.8   0.1   3   3   1.3e-10   1.3e-08   33.1   0.0   180   267  1027  1121  1022  1126 0.77 OY7_000978
OY7_004126-T1        -            573 11320at5125          -            461   1.7e-17   62.3   0.0   1   2     0.058       5.6    4.6   0.0    61    97    50    84    36    93 0.82 OY7_004126
OY7_004126-T1        -            573 11320at5125          -            461   1.7e-17   62.3   0.0   2   2   2.4e-17   2.3e-15   55.4   0.0   148   269   112   240   100   271 0.72 OY7_004126
OY7_006971-T1        -           1087 11320at5125          -            461   2.2e-17   62.0   0.1   1   2       4.3   4.2e+02   -1.6   0.1    11   106   197   304   192   320 0.46 OY7_006971
OY7_006971-T1        -           1087 11320at5125          -            461   2.2e-17   62.0   0.1   2   2   6.7e-19   6.4e-17   60.5   0.0   148   277   321   453   309   457 0.93 OY7_006971
OY7_009624-T1        -            644 11320at5125          -            461   2.4e-17   61.8   1.7   1   3   2.8e-08   2.7e-06   25.4   0.6     5    95   260   349   257   357 0.89 OY7_009624
OY7_009624-T1        -            644 11320at5125          -            461   2.4e-17   61.8   1.7   2   3   8.9e-05    0.0085   13.9   0.0   147   177   379   409   358   415 0.88 OY7_009624
OY7_009624-T1        -            644 11320at5125          -            461   2.4e-17   61.8   1.7   3   3   1.8e-06   0.00017   19.5   0.0   185   239   445   499   438   534 0.86 OY7_009624
OY7_002050-T1        -            844 11320at5125          -            461   4.3e-17   61.0   0.1   1   1   1.7e-18   1.6e-16   59.1   0.1   148   278   152   286    38   300 0.91 OY7_002050
OY7_001612-T1        -            466 11320at5125          -            461     2e-16   58.8   1.9   1   3     0.031         3    5.5   2.2   306   352    10    55     3    77 0.79 OY7_001612
OY7_001612-T1        -            466 11320at5125          -            461     2e-16   58.8   1.9   2   3      0.45        43    1.7   0.0     3    66   102   166   100   202 0.74 OY7_001612
OY7_001612-T1        -            466 11320at5125          -            461     2e-16   58.8   1.9   3   3   6.2e-15   5.9e-13   47.4   0.0   149   240   229   322   217   330 0.88 OY7_001612
OY7_000511-T1        -            342 11320at5125          -            461   4.6e-16   57.6   0.0   1   2       1.2   1.1e+02    0.3   0.0    14    82    30    98    27   122 0.73 OY7_000511
OY7_000511-T1        -            342 11320at5125          -            461   4.6e-16   57.6   0.0   2   2   3.4e-17   3.2e-15   54.8   0.0   146   239   158   253   148   258 0.86 OY7_000511
OY7_007577-T1        -            411 11320at5125          -            461   2.3e-15   55.3   0.0   1   2    0.0033      0.32    8.7   0.0    49   125   114   187    64   190 0.69 OY7_007577
OY7_007577-T1        -            411 11320at5125          -            461   2.3e-15   55.3   0.0   2   2   2.3e-14   2.2e-12   45.5   0.0   146   241   188   285   165   289 0.86 OY7_007577
OY7_004585-T1        -            375 11320at5125          -            461   5.1e-15   54.2   0.0   1   1   8.5e-17   8.2e-15   53.5   0.0   149   242   174   271   169   301 0.87 OY7_004585
OY7_003595-T1        -            230 11320at5125          -            461   7.1e-15   53.7   0.0   1   2   0.00096     0.092   10.5   0.0     5    65    17    86    14    94 0.76 OY7_003595
OY7_003595-T1        -            230 11320at5125          -            461   7.1e-15   53.7   0.0   2   2   4.5e-13   4.4e-11   41.2   0.0   150   223   143   218   136   227 0.87 OY7_003595
OY7_005242-T1        -            412 11320at5125          -            461     1e-14   53.2   0.0   1   2     0.055       5.3    4.7   0.0     3    68    16    78    14   111 0.73 OY7_005242
OY7_005242-T1        -            412 11320at5125          -            461     1e-14   53.2   0.0   2   2   1.1e-14   1.1e-12   46.6   0.0   146   275   130   269   109   318 0.76 OY7_005242
OY7_004495-T1        -            650 11320at5125          -            461   1.1e-14   53.1   0.0   1   2      0.78        74    0.9   0.0     3    25   255   277   253   291 0.87 OY7_004495
OY7_004495-T1        -            650 11320at5125          -            461   1.1e-14   53.1   0.0   2   2   1.2e-15   1.2e-13   49.7   0.0   137   280   401   560   395   589 0.79 OY7_004495
OY7_004456-T1        -            656 11320at5125          -            461   1.4e-14   52.8   0.2   1   3      0.85        81    0.8   0.0     5   114   252   360   248   371 0.70 OY7_004456
OY7_004456-T1        -            656 11320at5125          -            461   1.4e-14   52.8   0.2   2   3   1.3e-05    0.0012   16.7   0.0   148   175   370   397   364   404 0.90 OY7_004456
OY7_004456-T1        -            656 11320at5125          -            461   1.4e-14   52.8   0.2   3   3     4e-10   3.9e-08   31.5   0.0   182   231   448   497   440   508 0.90 OY7_004456
OY7_004738-T1        -            498 11320at5125          -            461   3.8e-14   51.3   0.0   1   2   5.2e-08     5e-06   24.5   0.1     7    96   218   310   212   331 0.74 OY7_004738
OY7_004738-T1        -            498 11320at5125          -            461   3.8e-14   51.3   0.0   2   2   5.2e-08     5e-06   24.5   0.0   147   222   337   418   330   494 0.63 OY7_004738
OY7_005828-T1        -            771 11320at5125          -            461   2.2e-13   48.8   0.0   1   2       2.7   2.6e+02   -0.9   0.0    52    86   433   465   411   493 0.77 OY7_005828
OY7_005828-T1        -            771 11320at5125          -            461   2.2e-13   48.8   0.0   2   2   7.6e-15   7.3e-13   47.1   0.0   122   229   474   587   445   602 0.77 OY7_005828
OY7_009391-T1        -            533 11320at5125          -            461   2.7e-13   48.5   0.2   1   1   4.3e-14   4.1e-12   44.6   0.2   123   229   164   281    64   291 0.82 OY7_009391
OY7_007907-T1        -           1342 11320at5125          -            461   2.7e-13   48.5   1.9   1   2     0.064       6.1    4.5   0.6     4    79   928  1010   926  1022 0.69 OY7_007907
OY7_007907-T1        -           1342 11320at5125          -            461   2.7e-13   48.5   1.9   2   2   1.8e-13   1.7e-11   42.6   0.0   148   229  1050  1131  1035  1145 0.86 OY7_007907
OY7_004539-T1        -            691 11320at5125          -            461   4.9e-13   47.7   0.0   1   1     1e-14   9.9e-13   46.6   0.0   147   272   185   327   174   338 0.76 OY7_004539
OY7_009392-T1        -            750 11320at5125          -            461   6.9e-13   47.2   0.1   1   2   7.4e-14   7.1e-12   43.8   0.0   146   243   542   644   526   695 0.82 OY7_009392
OY7_009392-T1        -            750 11320at5125          -            461   6.9e-13   47.2   0.1   2   2         1     1e+02    0.5   0.0   254   277   718   741   702   745 0.79 OY7_009392
OY7_005260-T1        -            768 11320at5125          -            461   7.9e-13   47.0   0.0   1   1   4.8e-14   4.6e-12   44.4   0.0     2   237    20   264    19   271 0.77 OY7_005260
OY7_007290-T1        -            899 11320at5125          -            461   1.1e-12   46.5   0.0   1   1   2.6e-14   2.5e-12   45.3   0.0   148   265   455   573   442   599 0.85 OY7_007290
OY7_005102-T1        -            555 11320at5125          -            461   2.5e-12   45.3   0.1   1   1   8.6e-14   8.2e-12   43.6   0.0   145   226   165   256   145   321 0.72 OY7_005102
OY7_000037-T1        -           1214 11320at5125          -            461   2.5e-12   45.3   2.7   1   3       0.5        48    1.5   0.1     3    49    98   143    96   146 0.81 OY7_000037
OY7_000037-T1        -           1214 11320at5125          -            461   2.5e-12   45.3   2.7   2   3      0.83        80    0.8   0.1    50   122   191   261   185   266 0.77 OY7_000037
OY7_000037-T1        -           1214 11320at5125          -            461   2.5e-12   45.3   2.7   3   3   4.5e-13   4.3e-11   41.2   0.0   148   279   267   404   262   424 0.86 OY7_000037
OY7_009773-T1        -            538 11320at5125          -            461   3.4e-12   44.9   0.0   1   2       1.8   1.7e+02   -0.3   0.0    40   110    53   123    17   132 0.71 OY7_009773
OY7_009773-T1        -            538 11320at5125          -            461   3.4e-12   44.9   0.0   2   2   2.3e-13   2.2e-11   42.2   0.0   148   228   136   233   124   291 0.73 OY7_009773
OY7_009721-T1        -           1107 11320at5125          -            461   3.4e-12   44.9   0.0   1   2      0.85        81    0.8   0.2     3   106   780   885   779   894 0.66 OY7_009721
OY7_009721-T1        -           1107 11320at5125          -            461   3.4e-12   44.9   0.0   2   2   3.5e-14   3.4e-12   44.9   0.0   149   234   903   989   870  1026 0.86 OY7_009721
OY7_001276-T1        -            844 11320at5125          -            461   3.7e-12   44.7   0.0   1   2       0.1       9.7    3.8   0.1     4    99   500   594   497   621 0.86 OY7_001276
OY7_001276-T1        -            844 11320at5125          -            461   3.7e-12   44.7   0.0   2   2     4e-12   3.8e-10   38.1   0.0   147   228   623   722   610   782 0.73 OY7_001276
OY7_001887-T1        -            798 11320at5125          -            461   3.8e-12   44.7   0.2   1   2   4.6e-06   0.00044   18.1   0.0     3    66   395   462   393   486 0.83 OY7_001887
OY7_001887-T1        -            798 11320at5125          -            461   3.8e-12   44.7   0.2   2   2   8.2e-08   7.8e-06   23.9   0.0   146   223   514   597   502   605 0.79 OY7_001887
OY7_006472-T1        -            469 11320at5125          -            461   4.4e-12   44.5   0.0   1   1   7.9e-14   7.5e-12   43.7   0.0   148   229   189   275   170   294 0.84 OY7_006472
OY7_001812-T1        -            889 11320at5125          -            461   7.1e-12   43.8   0.0   1   2       1.2   1.2e+02    0.2   0.0     9    68   229   288   226   293 0.88 OY7_001812
OY7_001812-T1        -            889 11320at5125          -            461   7.1e-12   43.8   0.0   2   2   6.5e-13   6.3e-11   40.7   0.0   148   275   339   484   335   494 0.74 OY7_001812
OY7_010042-T1        -           1144 11320at5125          -            461   1.6e-11   42.6   0.3   1   2     0.012       1.1    6.9   0.1     3    68    74   147    72   172 0.74 OY7_010042
OY7_010042-T1        -           1144 11320at5125          -            461   1.6e-11   42.6   0.3   2   2   2.9e-10   2.8e-08   32.0   0.0   149   247   391   512   387   588 0.73 OY7_010042
OY7_007572-T1        -            893 11320at5125          -            461   1.7e-10   39.3   0.1   1   1   9.9e-12   9.5e-10   36.8   0.1   148   222   327   399   209   405 0.92 OY7_007572
OY7_003267-T1        -            619 11320at5125          -            461   1.1e-09   36.7   0.0   1   2     0.014       1.4    6.6   0.0    25    99   247   318   231   330 0.79 OY7_003267
OY7_003267-T1        -            619 11320at5125          -            461   1.1e-09   36.7   0.0   2   2   4.4e-09   4.2e-07   28.1   0.0   138   221   330   420   319   427 0.78 OY7_003267
OY7_006904-T1        -           1072 11320at5125          -            461   3.8e-09   34.8   0.1   1   1   1.8e-08   1.8e-06   26.0   0.1    44   223   767   922   754   936 0.71 OY7_006904
OY7_006285-T1        -            736 11320at5125          -            461   4.5e-09   34.6   0.1   1   1   8.6e-08   8.2e-06   23.8   0.1    42   204   418   566   413   576 0.74 OY7_006285
OY7_002998-T1        -            598 11320at5125          -            461   5.9e-09   34.2   0.6   1   3      0.54        51    1.4   0.2     3    76   228   298   226   324 0.76 OY7_002998
OY7_002998-T1        -            598 11320at5125          -            461   5.9e-09   34.2   0.6   2   3     0.082       7.8    4.1   0.0   146   166   349   368   300   380 0.83 OY7_002998
OY7_002998-T1        -            598 11320at5125          -            461   5.9e-09   34.2   0.6   3   3   2.1e-08     2e-06   25.8   0.0   140   231   376   462   368   528 0.84 OY7_002998
OY7_002427-T1        -            677 11320at5125          -            461   6.2e-09   34.1   0.0   1   2       0.3        28    2.3   0.0    46    77   192   225   150   252 0.58 OY7_002427
OY7_002427-T1        -            677 11320at5125          -            461   6.2e-09   34.1   0.0   2   2   1.6e-09   1.5e-07   29.5   0.0   147   230   309   402   297   462 0.84 OY7_002427
OY7_007225-T1        -            333 11320at5125          -            461   6.6e-09   34.0   0.0   1   1   9.9e-11   9.4e-09   33.5   0.0   148   216   171   237   163   244 0.87 OY7_007225
OY7_003350-T1        -            342 11320at5125          -            461   6.9e-09   34.0   0.1   1   2      0.65        62    1.2   0.0     4    92    31   115    28   127 0.64 OY7_003350
OY7_003350-T1        -            342 11320at5125          -            461   6.9e-09   34.0   0.1   2   2   7.6e-10   7.3e-08   30.6   0.0   148   238   144   237   133   253 0.82 OY7_003350
OY7_003467-T1        -           1101 11320at5125          -            461   1.7e-08   32.6   0.9   1   3       0.4        39    1.8   0.1    47   115   300   362   260   374 0.64 OY7_003467
OY7_003467-T1        -           1101 11320at5125          -            461   1.7e-08   32.6   0.9   2   3    0.0015      0.14    9.9   0.1   148   181   375   408   365   413 0.89 OY7_003467
OY7_003467-T1        -           1101 11320at5125          -            461   1.7e-08   32.6   0.9   3   3   4.4e-06   0.00042   18.2   0.0   161   228   419   490   408   543 0.79 OY7_003467
OY7_006214-T1        -            544 11320at5125          -            461   2.2e-08   32.3   1.0   1   1     3e-09   2.8e-07   28.7   1.0    10   229   188   413   180   429 0.74 OY7_006214
OY7_001452-T1        -            588 11320at5125          -            461     4e-08   31.4   0.0   1   1   3.8e-06   0.00037   18.4   0.0     5   229   241   464   238   532 0.62 OY7_001452
OY7_002057-T1        -            247 11320at5125          -            461   6.8e-08   30.7   0.1   1   2       1.4   1.4e+02    0.0   0.1    44    66    15    37     6    41 0.81 OY7_002057
OY7_002057-T1        -            247 11320at5125          -            461   6.8e-08   30.7   0.1   2   2   3.8e-09   3.6e-07   28.3   0.0   149   225    91   170    71   178 0.84 OY7_002057
OY7_002736-T1        -            429 11320at5125          -            461   2.3e-07   29.0   0.0   1   2   1.8e-05    0.0017   16.2   0.0   148   231   227   324   217   353 0.71 OY7_002736
OY7_002736-T1        -            429 11320at5125          -            461   2.3e-07   29.0   0.0   2   2    0.0011       0.1   10.3   0.0   249   276   387   414   380   421 0.87 OY7_002736
OY7_008345-T1        -            967 11320at5125          -            461   4.1e-07   28.1   0.0   1   1   1.3e-07   1.2e-05   23.3   0.0   149   274   188   329    89   340 0.75 OY7_008345
OY7_008619-T1        -            537 11320at5125          -            461   4.8e-07   27.9   0.0   1   2     0.013       1.2    6.8   0.0     4    64    36    96    34   112 0.77 OY7_008619
OY7_008619-T1        -            537 11320at5125          -            461   4.8e-07   27.9   0.0   2   2   3.6e-06   0.00034   18.5   0.0   148   226   164   255   161   269 0.74 OY7_008619
OY7_004492-T1        -            643 11320at5125          -            461   5.9e-07   27.6   0.0   1   2     0.014       1.3    6.7   0.0    10    66   224   281   217   298 0.88 OY7_004492
OY7_004492-T1        -            643 11320at5125          -            461   5.9e-07   27.6   0.0   2   2   3.1e-06   0.00029   18.7   0.0   148   215   337   407   323   416 0.81 OY7_004492
OY7_002659-T1        -            467 11320at5125          -            461   7.7e-07   27.2   0.0   1   3    0.0013      0.12   10.1   0.0     4    95   213   310   210   328 0.67 OY7_002659
OY7_002659-T1        -            467 11320at5125          -            461   7.7e-07   27.2   0.0   2   3   0.00096     0.092   10.5   0.0   146   175   336   365   316   378 0.84 OY7_002659
OY7_002659-T1        -            467 11320at5125          -            461   7.7e-07   27.2   0.0   3   3      0.17        16    3.1   0.0   181   205   439   463   426   467 0.80 OY7_002659
OY7_003548-T1        -            622 11320at5125          -            461   1.8e-06   26.0   0.1   1   2      0.23        22    2.6   0.4    49    92   382   421   371   439 0.84 OY7_003548
OY7_003548-T1        -            622 11320at5125          -            461   1.8e-06   26.0   0.1   2   2     8e-07   7.7e-05   20.6   0.0   149   224   460   532   447   543 0.88 OY7_003548
OY7_002756-T1        -            562 11320at5125          -            461   3.2e-06   25.2   0.0   1   2     0.059       5.6    4.6   0.0   125   162   203   244   160   253 0.63 OY7_002756
OY7_002756-T1        -            562 11320at5125          -            461   3.2e-06   25.2   0.0   2   2   4.7e-06   0.00045   18.1   0.0   155   228   356   427   343   436 0.85 OY7_002756
OY7_008288-T1        -            384 11320at5125          -            461     2e-05   22.6   0.0   1   2     0.014       1.3    6.7   0.0     2    68   180   251   179   256 0.69 OY7_008288
OY7_008288-T1        -            384 11320at5125          -            461     2e-05   22.6   0.0   2   2   7.9e-05    0.0076   14.1   0.0   185   220   264   299   257   356 0.89 OY7_008288
OY7_008762-T1        -            692 11320at5125          -            461   7.6e-05   20.6   0.0   1   1   2.3e-06   0.00022   19.1   0.0   149   229   497   594   480   610 0.76 OY7_008762
OY7_007169-T1        -            305 11320at5125          -            461   0.00016   19.6   0.0   1   1   2.2e-06   0.00021   19.2   0.0   143   230   122   219   103   227 0.71 OY7_007169
OY7_000299-T1        -            692 11320at5125          -            461   0.00021   19.2   0.0   1   2       2.6   2.4e+02   -0.8   0.0     7    65   199   255   193   262 0.69 OY7_000299
OY7_000299-T1        -            692 11320at5125          -            461   0.00021   19.2   0.0   2   2   1.1e-05     0.001   16.9   0.0   149   215   301   367   296   375 0.88 OY7_000299
OY7_004587-T1        -            368 11320at5125          -            461   0.00046   18.1   0.1   1   2       3.7   3.5e+02   -1.3   0.0     3    19     7    23     6    59 0.86 OY7_004587
OY7_004587-T1        -            368 11320at5125          -            461   0.00046   18.1   0.1   2   2   1.6e-05    0.0016   16.3   0.0   147   244   122   233   110   239 0.78 OY7_004587
OY7_006593-T1        -            258 11320at5125          -            461   0.00076   17.4   0.0   1   1     1e-05     0.001   17.0   0.0   149   274   122   242   111   251 0.89 OY7_006593
OY7_001067-T1        -            425 11320at5125          -            461   0.00084   17.2   0.0   1   1   2.3e-05    0.0022   15.8   0.0   168   228   247   305   231   340 0.77 OY7_001067
OY7_002662-T1        -            768 11320at5125          -            461   0.00089   17.1   0.0   1   1   1.4e-05    0.0013   16.6   0.0   146   230   618   709   601   755 0.79 OY7_002662
OY7_003114-T1        -            246 11320at5125          -            461    0.0027   15.5   0.0   1   1   5.4e-05    0.0052   14.6   0.0   148   260   121   227   108   236 0.81 OY7_003114
OY7_003266-T1        -            267 11320at5125          -            461    0.0032   15.3   0.0   1   2      0.94        90    0.6   0.0    10    66   103   158    97   191 0.70 OY7_003266
OY7_003266-T1        -            267 11320at5125          -            461    0.0032   15.3   0.0   2   2   0.00027     0.026   12.3   0.0   147   183   212   250   200   260 0.78 OY7_003266
OY7_001329-T1        -            965 11320at5125          -            461    0.0054   14.5   0.0   1   2    0.0092      0.88    7.2   0.0   148   177   327   359   318   368 0.78 OY7_001329
OY7_001329-T1        -            965 11320at5125          -            461    0.0054   14.5   0.0   2   2      0.06       5.7    4.6   0.0   193   218   401   427   389   432 0.81 OY7_001329
OY7_006888-T1        -           2491 11320at5125          -            461    0.0074   14.1   0.0   1   1   0.00015     0.014   13.2   0.0   192   253   305   368   251   420 0.78 OY7_006888
OY7_000979-T1        -            516 11320at5125          -            461    0.0094   13.7   0.0   1   1   0.00016     0.016   13.0   0.0   145   220   346   425   332   431 0.71 OY7_000979
OY7_002001-T1        -           1925 11320at5125          -            461     0.018   12.9   0.0   1   2     0.001     0.098   10.4   0.0   143   180  1604  1645  1586  1672 0.73 OY7_002001
OY7_002001-T1        -           1925 11320at5125          -            461     0.018   12.9   0.0   2   2       2.2   2.1e+02   -0.6   0.0   201   278  1701  1786  1678  1806 0.73 OY7_002001
OY7_001733-T1        -            633 11320at5125          -            461     0.054   11.2   0.0   1   1   0.00095     0.091   10.5   0.0   145   228   473   555   402   629 0.78 OY7_001733
OY7_005420-T1        -            280 11320at5125          -            461     0.064   11.0   0.1   1   1    0.0013      0.13   10.0   0.0   149   192   207   253   199   262 0.82 OY7_005420
OY7_007487-T1        -            268 11320at5125          -            461     0.092   10.5   0.0   1   2       4.7   4.5e+02   -1.7   0.0    60    70    65    75    49    81 0.75 OY7_007487
OY7_007487-T1        -            268 11320at5125          -            461     0.092   10.5   0.0   2   2    0.0039      0.37    8.5   0.0   149   260   122   229   115   246 0.59 OY7_007487
OY7_005147-T1        -            299 11320at5125          -            461      0.36    8.5   3.4   1   1    0.0058      0.55    7.9   1.8   296   355   117   176    95   200 0.76 OY7_005147
#
# Program:         hmmsearch
# Version:         3.1b2 (February 2015)
# Pipeline mode:   SEARCH
# Query file:      /home/zack/funannotate_db/hypocreales_odb10/hmms/11320at5125.hmm
# Target file:     /home/zack/Desktop/IsariaPreferralGenome/MyGenomeSubmittedToNCBI/HypocrealesProteinSets/Cfumosorosea_grCorFumo1.proteins.fa
# Option settings: hmmsearch --domtblout /home/zack/Desktop/IsariaPreferralGenome/MyGenomeSubmittedToNCBI/HypocrealesProteinSets/BUSCO_AA_all/BUSCO_AA_Cfumosorosea_grCorFumo1/run_hypocreales_odb10/hmmer_output/initial_run_results/11320at5125.out --cpu 1 /home/zack/funannotate_db/hypocreales_odb10/hmms/11320at5125.hmm /home/zack/Desktop/IsariaPreferralGenome/MyGenomeSubmittedToNCBI/HypocrealesProteinSets/Cfumosorosea_grCorFumo1.proteins.fa 
# Current dir:     /home/zack/Desktop/IsariaPreferralGenome/MyGenomeSubmittedToNCBI/HypocrealesProteinSets/BUSCO_AA_all
# Date:            Mon Mar  4 14:44:45 2024
# [ok]
