#                                                                            --- full sequence --- -------------- this domain -------------   hmm coord   ali coord   env coord
# target name        accession   tlen query name           accession   qlen   E-value  score  bias   #  of  c-Evalue  i-Evalue  score  bias  from    to  from    to  from    to  acc description of target
#------------------- ---------- ----- -------------------- ---------- ----- --------- ------ ----- --- --- --------- --------- ------ ----- ----- ----- ----- ----- ----- ----- ---- ---------------------
OY7_000741-T1        -            722 15369at5125          -            583  1.9e-277  920.7  50.9   1   3    6e-242  6.7e-239  793.5  32.9    27   469     1   503     1   509 0.90 OY7_000741
OY7_000741-T1        -            722 15369at5125          -            583  1.9e-277  920.7  50.9   2   3   1.6e-27   1.8e-24   85.4   7.1   464   546   546   629   512   646 0.85 OY7_000741
OY7_000741-T1        -            722 15369at5125          -            583  1.9e-277  920.7  50.9   3   3   7.3e-16   8.2e-13   46.9   0.1   525   583   648   718   624   718 0.76 OY7_000741
OY7_008542-T1        -            563 15369at5125          -            583   1.2e-14   52.9  10.7   1   2       1.7   1.9e+03   -3.8   2.3    52    84    43    75    30   114 0.59 OY7_008542
OY7_008542-T1        -            563 15369at5125          -            583   1.2e-14   52.9  10.7   2   2   1.1e-17   1.2e-14   52.9  10.7    43   234   116   308    69   324 0.74 OY7_008542
OY7_009157-T1        -            469 15369at5125          -            583   6.5e-09   34.0   0.9   1   2   2.2e-11   2.4e-08   32.2   0.1   151   239    37   124    21   128 0.75 OY7_009157
OY7_009157-T1        -            469 15369at5125          -            583   6.5e-09   34.0   0.9   2   2      0.12   1.3e+02    0.0   0.1   506   573   392   460   362   466 0.64 OY7_009157
OY7_008288-T1        -            384 15369at5125          -            583   4.3e-05   21.4   0.0   1   1   5.5e-08   6.2e-05   20.9   0.0   176   226    91   145    69   149 0.79 OY7_008288
OY7_005911-T1        -            663 15369at5125          -            583     0.025   12.3   0.1   1   1   3.4e-05     0.038   11.7   0.1   176   215   219   260   212   270 0.81 OY7_005911
OY7_000269-T1        -            628 15369at5125          -            583     0.085   10.5  11.0   1   1   0.00012      0.13    9.9  11.0   409   522   483   607   466   626 0.67 OY7_000269
OY7_001006-T1        -            205 15369at5125          -            583      0.58    7.8   2.9   1   1   0.00066      0.74    7.4   2.9    38    63    35    61    26   104 0.56 OY7_001006
OY7_003882-T1        -            118 15369at5125          -            583         1    7.0   7.1   1   1   0.00094       1.1    6.9   7.1    32    85    34    92    12   113 0.63 OY7_003882
OY7_001121-T1        -            458 15369at5125          -            583         4    5.0   8.6   1   2      0.19   2.1e+02   -0.7   7.0    36   125   293   382   278   393 0.57 OY7_001121
OY7_001121-T1        -            458 15369at5125          -            583         4    5.0   8.6   2   2     0.004       4.5    4.9   0.0   473   502   425   454   411   457 0.87 OY7_001121
#
# Program:         hmmsearch
# Version:         3.1b2 (February 2015)
# Pipeline mode:   SEARCH
# Query file:      /home/zack/funannotate_db/hypocreales_odb10/hmms/15369at5125.hmm
# Target file:     /home/zack/Desktop/IsariaPreferralGenome/MyGenomeSubmittedToNCBI/HypocrealesProteinSets/Cfumosorosea_grCorFumo1.proteins.fa
# Option settings: hmmsearch --domtblout /home/zack/Desktop/IsariaPreferralGenome/MyGenomeSubmittedToNCBI/HypocrealesProteinSets/BUSCO_AA_all/BUSCO_AA_Cfumosorosea_grCorFumo1/run_hypocreales_odb10/hmmer_output/initial_run_results/15369at5125.out --cpu 1 /home/zack/funannotate_db/hypocreales_odb10/hmms/15369at5125.hmm /home/zack/Desktop/IsariaPreferralGenome/MyGenomeSubmittedToNCBI/HypocrealesProteinSets/Cfumosorosea_grCorFumo1.proteins.fa 
# Current dir:     /home/zack/Desktop/IsariaPreferralGenome/MyGenomeSubmittedToNCBI/HypocrealesProteinSets/BUSCO_AA_all
# Date:            Mon Mar  4 14:45:19 2024
# [ok]
