#                                                                            --- full sequence --- -------------- this domain -------------   hmm coord   ali coord   env coord
# target name        accession   tlen query name           accession   qlen   E-value  score  bias   #  of  c-Evalue  i-Evalue  score  bias  from    to  from    to  from    to  acc description of target
#------------------- ---------- ----- -------------------- ---------- ----- --------- ------ ----- --- --- --------- --------- ------ ----- ----- ----- ----- ----- ----- ----- ---- ---------------------
OY7_002616-T1        -            440 23574at5125          -            432  3.3e-301  997.3   1.7   1   1  9.7e-304  3.8e-301  997.1   1.7     1   432     2   440     2   440 0.99 OY7_002616
OY7_008380-T1        -            818 23574at5125          -            432  5.4e-116  387.0   0.0   1   2   1.3e-64     5e-62  209.2   0.1   169   402   215   445   208   470 0.93 OY7_008380
OY7_008380-T1        -            818 23574at5125          -            432  5.4e-116  387.0   0.0   2   2   1.9e-54   7.5e-52  175.7   0.0   162   398   482   718   454   737 0.94 OY7_008380
OY7_010002-T1        -            389 23574at5125          -            432    1e-105  353.2   0.2   1   1  3.5e-108  1.3e-105  352.8   0.2   108   417    66   375    57   383 0.98 OY7_010002
OY7_001359-T1        -            391 23574at5125          -            432   8.6e-97  323.8   0.3   1   1   2.8e-99   1.1e-96  323.4   0.3   106   417    67   378    36   389 0.95 OY7_001359
OY7_009299-T1        -            458 23574at5125          -            432     5e-91  304.8   0.1   1   1   1.8e-93   7.1e-91  304.3   0.1   130   415   161   446   130   457 0.95 OY7_009299
OY7_008538-T1        -            457 23574at5125          -            432   6.6e-90  301.1   0.1   1   1   2.1e-92   8.2e-90  300.8   0.1   130   419   158   447   105   456 0.95 OY7_008538
OY7_008665-T1        -            421 23574at5125          -            432   8.8e-88  294.1   0.1   1   1   3.1e-90   1.2e-87  293.6   0.1   120   422   111   414    96   420 0.94 OY7_008665
OY7_000362-T1        -            736 23574at5125          -            432   1.7e-61  207.5   0.1   1   1   6.2e-64   2.4e-61  207.0   0.1   167   421   254   504   246   510 0.95 OY7_000362
OY7_005845-T1        -           1025 23574at5125          -            432   5.8e-55  185.9   0.3   1   1   2.6e-57     1e-54  185.1   0.3   166   418   524   779   516   785 0.94 OY7_005845
OY7_005575-T1        -            758 23574at5125          -            432   4.7e-53  179.6   0.1   1   2   3.1e-09   1.2e-06   26.7   0.0   209   381   228   399   196   420 0.80 OY7_005575
OY7_005575-T1        -            758 23574at5125          -            432   4.7e-53  179.6   0.1   2   2   6.6e-47   2.6e-44  150.9   0.0   168   395   473   709   458   720 0.84 OY7_005575
OY7_005978-T1        -           1535 23574at5125          -            432   3.8e-52  176.7   0.0   1   1   1.9e-54   7.3e-52  175.7   0.0   170   398   548   777   542   799 0.90 OY7_005978
OY7_001893-T1        -            765 23574at5125          -            432   1.2e-47  161.8   0.0   1   2      0.38   1.5e+02    0.1   0.0   253   358   287   394   248   434 0.62 OY7_001893
OY7_001893-T1        -            765 23574at5125          -            432   1.2e-47  161.8   0.0   2   2   2.1e-49   8.2e-47  159.1   0.0   163   394   478   715   466   725 0.87 OY7_001893
OY7_009732-T1        -           1051 23574at5125          -            432   6.6e-42  142.9   0.0   1   2   0.00014     0.056   11.4   0.1   269   378   444   555   425   565 0.83 OY7_009732
OY7_009732-T1        -           1051 23574at5125          -            432   6.6e-42  142.9   0.0   2   2   2.5e-40   9.6e-38  129.2   0.0   170   397   666   895   654   905 0.92 OY7_009732
OY7_006710-T1        -            831 23574at5125          -            432   1.5e-40  138.4   0.0   1   2   1.8e-40   7.1e-38  129.6   0.0   183   402   312   544   291   567 0.82 OY7_006710
OY7_006710-T1        -            831 23574at5125          -            432   1.5e-40  138.4   0.0   2   2    0.0039       1.5    6.6   0.0   210   281   621   694   595   738 0.78 OY7_006710
OY7_008336-T1        -           1366 23574at5125          -            432   5.9e-39  133.2   0.0   1   1   2.7e-41     1e-38  132.4   0.0   168   399   991  1227   984  1241 0.88 OY7_008336
OY7_009084-T1        -           1011 23574at5125          -            432   6.3e-37  126.5   0.0   1   1   2.5e-39   9.5e-37  125.9   0.0   163   358   118   308   108   361 0.87 OY7_009084
OY7_003213-T1        -            416 23574at5125          -            432   2.5e-31  108.1   0.0   1   1   8.9e-34   3.4e-31  107.6   0.0   163   398   100   339    89   346 0.89 OY7_003213
OY7_007301-T1        -           1002 23574at5125          -            432   9.4e-31  106.2   0.0   1   1   3.8e-33   1.5e-30  105.5   0.0   172   404   693   922   683   925 0.89 OY7_007301
OY7_006939-T1        -            674 23574at5125          -            432   1.2e-11   43.2   0.0   1   1   7.1e-14   2.8e-11   42.0   0.0   200   353   296   455   288   461 0.74 OY7_006939
OY7_009316-T1        -            466 23574at5125          -            432   1.2e-09   36.6   0.0   1   1   5.5e-12   2.1e-09   35.8   0.0   197   340   230   366   215   371 0.86 OY7_009316
OY7_006440-T1        -            624 23574at5125          -            432   3.3e-08   31.9   0.0   1   2   0.00016      0.06   11.2   0.0   181   284   259   356   251   379 0.63 OY7_006440
OY7_006440-T1        -            624 23574at5125          -            432   3.3e-08   31.9   0.0   2   2   1.1e-06   0.00044   18.3   0.0   300   343   464   507   443   523 0.84 OY7_006440
OY7_003427-T1        -            476 23574at5125          -            432   3.5e-07   28.5   0.0   1   1   6.4e-09   2.5e-06   25.7   0.0   198   367   215   373   203   392 0.77 OY7_003427
OY7_009386-T1        -            799 23574at5125          -            432   1.1e-06   26.9   0.0   1   1   4.3e-09   1.7e-06   26.3   0.0   206   294   555   640   533   689 0.71 OY7_009386
OY7_006017-T1        -            576 23574at5125          -            432    0.0001   20.4   0.1   1   1   3.7e-07   0.00014   19.9   0.1   197   285   178   266   162   296 0.80 OY7_006017
OY7_006875-T1        -            401 23574at5125          -            432    0.0049   14.8   0.0   1   1   1.8e-05    0.0068   14.4   0.0   211   266    81   137    56   205 0.85 OY7_006875
OY7_001539-T1        -            458 23574at5125          -            432     0.029   12.3   0.0   1   1   0.00012     0.045   11.7   0.0   209   261    65   118    57   163 0.84 OY7_001539
#
# Program:         hmmsearch
# Version:         3.1b2 (February 2015)
# Pipeline mode:   SEARCH
# Query file:      /home/zack/funannotate_db/hypocreales_odb10/hmms/23574at5125.hmm
# Target file:     /home/zack/Desktop/IsariaPreferralGenome/MyGenomeSubmittedToNCBI/HypocrealesProteinSets/Cfumosorosea_grCorFumo1.proteins.fa
# Option settings: hmmsearch --domtblout /home/zack/Desktop/IsariaPreferralGenome/MyGenomeSubmittedToNCBI/HypocrealesProteinSets/BUSCO_AA_all/BUSCO_AA_Cfumosorosea_grCorFumo1/run_hypocreales_odb10/hmmer_output/initial_run_results/23574at5125.out --cpu 1 /home/zack/funannotate_db/hypocreales_odb10/hmms/23574at5125.hmm /home/zack/Desktop/IsariaPreferralGenome/MyGenomeSubmittedToNCBI/HypocrealesProteinSets/Cfumosorosea_grCorFumo1.proteins.fa 
# Current dir:     /home/zack/Desktop/IsariaPreferralGenome/MyGenomeSubmittedToNCBI/HypocrealesProteinSets/BUSCO_AA_all
# Date:            Mon Mar  4 14:45:13 2024
# [ok]
