#                                                                            --- full sequence --- -------------- this domain -------------   hmm coord   ali coord   env coord
# target name        accession   tlen query name           accession   qlen   E-value  score  bias   #  of  c-Evalue  i-Evalue  score  bias  from    to  from    to  from    to  acc description of target
#------------------- ---------- ----- -------------------- ---------- ----- --------- ------ ----- --- --- --------- --------- ------ ----- ----- ----- ----- ----- ----- ----- ---- ---------------------
OY7_005269-T1        -            983 25278at5125          -            574  1.3e-252  838.7  37.6   1   2     1e-18   1.3e-15   56.1   6.4     7    72   274   352   269   360 0.83 OY7_005269
OY7_005269-T1        -            983 25278at5125          -            574  1.3e-252  838.7  37.6   2   2  9.6e-237  1.2e-233  776.0  23.4    63   574   371   983   357   983 0.84 OY7_005269
OY7_003376-T1        -            474 25278at5125          -            574   8.7e-11   40.2   0.0   1   1   1.1e-13   1.4e-10   39.5   0.0   247   357   353   468   274   473 0.73 OY7_003376
OY7_003599-T1        -            476 25278at5125          -            574   1.8e-10   39.2   0.0   1   1   2.9e-13   3.6e-10   38.2   0.0   256   344   374   457   347   470 0.82 OY7_003599
OY7_007050-T1        -           1237 25278at5125          -            574   1.1e-09   36.5   0.1   1   2         8     1e+04   -6.6   4.3   362   447   277   362   266   394 0.60 OY7_007050
OY7_007050-T1        -           1237 25278at5125          -            574   1.1e-09   36.5   0.1   2   2     9e-13   1.1e-09   36.5   0.1   254   330   420   495   404   512 0.85 OY7_007050
OY7_006127-T1        -            556 25278at5125          -            574   1.3e-07   29.8   0.3   1   3     2e-07   0.00025   18.9   0.0   279   329    58   108    55   127 0.93 OY7_006127
OY7_006127-T1        -            556 25278at5125          -            574   1.3e-07   29.8   0.3   2   3         8     1e+04  -16.4  13.5   556   574   162   180   158   181 0.46 OY7_006127
OY7_006127-T1        -            556 25278at5125          -            574   1.3e-07   29.8   0.3   3   3     6e-07   0.00075   17.3   0.1   279   337   265   323   194   344 0.71 OY7_006127
OY7_008897-T1        -            537 25278at5125          -            574     3e-07   28.5   0.0   1   1     4e-10     5e-07   27.8   0.0   253   342   427   511   418   518 0.83 OY7_008897
OY7_003508-T1        -            651 25278at5125          -            574   1.7e-06   26.0   5.3   1   2     0.002       2.5    5.7   0.6   213   328     6   122     1   188 0.68 OY7_003508
OY7_003508-T1        -            651 25278at5125          -            574   1.7e-06   26.0   5.3   2   2   1.9e-08   2.3e-05   22.3   0.4   180   358   204   394   189   401 0.69 OY7_003508
OY7_000151-T1        -            206 25278at5125          -            574    0.0032   15.2   0.0   1   1   3.1e-06    0.0039   14.9   0.0   428   504   122   201    76   205 0.76 OY7_000151
#
# Program:         hmmsearch
# Version:         3.1b2 (February 2015)
# Pipeline mode:   SEARCH
# Query file:      /home/zack/funannotate_db/hypocreales_odb10/hmms/25278at5125.hmm
# Target file:     /home/zack/Desktop/IsariaPreferralGenome/MyGenomeSubmittedToNCBI/HypocrealesProteinSets/Cfumosorosea_grCorFumo1.proteins.fa
# Option settings: hmmsearch --domtblout /home/zack/Desktop/IsariaPreferralGenome/MyGenomeSubmittedToNCBI/HypocrealesProteinSets/BUSCO_AA_all/BUSCO_AA_Cfumosorosea_grCorFumo1/run_hypocreales_odb10/hmmer_output/initial_run_results/25278at5125.out --cpu 1 /home/zack/funannotate_db/hypocreales_odb10/hmms/25278at5125.hmm /home/zack/Desktop/IsariaPreferralGenome/MyGenomeSubmittedToNCBI/HypocrealesProteinSets/Cfumosorosea_grCorFumo1.proteins.fa 
# Current dir:     /home/zack/Desktop/IsariaPreferralGenome/MyGenomeSubmittedToNCBI/HypocrealesProteinSets/BUSCO_AA_all
# Date:            Mon Mar  4 14:45:33 2024
# [ok]
