#                                                                            --- full sequence --- -------------- this domain -------------   hmm coord   ali coord   env coord
# target name        accession   tlen query name           accession   qlen   E-value  score  bias   #  of  c-Evalue  i-Evalue  score  bias  from    to  from    to  from    to  acc description of target
#------------------- ---------- ----- -------------------- ---------- ----- --------- ------ ----- --- --- --------- --------- ------ ----- ----- ----- ----- ----- ----- ----- ---- ---------------------
OY7_001017-T1        -            552 25497at5125          -            390    3e-151  502.9   0.0   1   3   1.5e-51   6.9e-49  165.9   0.0     1   108    33   148    33   171 0.88 OY7_001017
OY7_001017-T1        -            552 25497at5125          -            390    3e-151  502.9   0.0   2   3   8.6e-20   3.9e-17   61.3   0.0   115   167   181   233   174   241 0.93 OY7_001017
OY7_001017-T1        -            552 25497at5125          -            390    3e-151  502.9   0.0   3   3   3.7e-83   1.7e-80  270.0   0.0   170   382   265   516   252   520 0.81 OY7_001017
OY7_007421-T1        -            493 25497at5125          -            390   0.00051   18.2   0.0   1   1   1.9e-06   0.00088   17.4   0.0     1    38    10    46    10    51 0.93 OY7_007421
OY7_000719-T1        -            491 25497at5125          -            390   0.00054   18.1   0.1   1   1   2.1e-06   0.00098   17.2   0.1     1    36    17    52    17    60 0.94 OY7_000719
OY7_002191-T1        -            497 25497at5125          -            390    0.0012   16.9   0.1   1   1   4.2e-06    0.0019   16.3   0.1     3    38    21    56    19    64 0.95 OY7_002191
OY7_007506-T1        -            467 25497at5125          -            390    0.0016   16.5   0.0   1   1   7.2e-06    0.0033   15.5   0.0     1    38    10    46    10    51 0.93 OY7_007506
OY7_007474-T1        -            491 25497at5125          -            390    0.0024   16.0   0.0   1   1   8.2e-06    0.0037   15.3   0.0     1    38    12    48    12    54 0.93 OY7_007474
OY7_002450-T1        -            484 25497at5125          -            390    0.0024   16.0   0.1   1   2   1.2e-05    0.0056   14.7   0.1     2    38    11    47    10    67 0.94 OY7_002450
OY7_002450-T1        -            484 25497at5125          -            390    0.0024   16.0   0.1   2   2       4.8   2.2e+03   -3.7   0.0   282   307   122   148   112   151 0.70 OY7_002450
OY7_000654-T1        -            629 25497at5125          -            390    0.0031   15.6   0.5   1   1   1.3e-05    0.0058   14.7   0.5     1    40    80   119    80   127 0.92 OY7_000654
OY7_002254-T1        -            570 25497at5125          -            390    0.0035   15.4   0.1   1   2   1.9e-05    0.0088   14.1   0.0     1    39    36    77    36    92 0.82 OY7_002254
OY7_002254-T1        -            570 25497at5125          -            390    0.0035   15.4   0.1   2   2       6.6     3e+03   -4.1   0.0   253   292   469   506   469   519 0.69 OY7_002254
OY7_009917-T1        -            332 25497at5125          -            390    0.0047   15.0   0.2   1   1   1.5e-05    0.0067   14.5   0.2     1    38    81   117    81   130 0.87 OY7_009917
OY7_004174-T1        -            488 25497at5125          -            390    0.0063   14.6   0.1   1   1   2.4e-05     0.011   13.8   0.1     2    38    13    49    12    62 0.95 OY7_004174
OY7_002075-T1        -            557 25497at5125          -            390    0.0078   14.3   0.5   1   1   2.7e-05     0.012   13.6   0.5     1    43    38    78    38    83 0.88 OY7_002075
OY7_004994-T1        -            429 25497at5125          -            390    0.0088   14.1   0.2   1   1     3e-05     0.014   13.5   0.2     1    34     7    43     7    48 0.84 OY7_004994
OY7_007415-T1        -            460 25497at5125          -            390    0.0094   14.0   0.1   1   1   3.1e-05     0.014   13.4   0.1     1    39    15    53    15    63 0.81 OY7_007415
OY7_003480-T1        -            495 25497at5125          -            390     0.013   13.6   0.0   1   1   4.3e-05      0.02   13.0   0.0     1    42     6    46     6    63 0.86 OY7_003480
OY7_009707-T1        -            383 25497at5125          -            390     0.019   13.0   0.3   1   1   5.8e-05     0.027   12.5   0.3     1    26     5    30     5    35 0.86 OY7_009707
OY7_002448-T1        -            598 25497at5125          -            390     0.024   12.7   0.0   1   1   0.00011     0.048   11.7   0.0     2    40     7    44     6    51 0.87 OY7_002448
OY7_004176-T1        -            482 25497at5125          -            390     0.025   12.6   0.0   1   1   9.7e-05     0.044   11.8   0.0     1    38     9    45     9    51 0.87 OY7_004176
OY7_007031-T1        -            604 25497at5125          -            390     0.028   12.4   0.0   1   1   8.7e-05      0.04   12.0   0.0     1    83    76   160    76   183 0.73 OY7_007031
OY7_005615-T1        -            530 25497at5125          -            390     0.033   12.2   0.1   1   1    0.0001     0.047   11.7   0.1     1    42    13    51    13    63 0.88 OY7_005615
OY7_005028-T1        -            506 25497at5125          -            390     0.066   11.2   0.4   1   1   0.00021     0.097   10.7   0.4     1    48    15    60    15    63 0.88 OY7_005028
OY7_008180-T1        -            733 25497at5125          -            390     0.081   10.9   0.0   1   1   0.00028      0.13   10.3   0.0     1    47     5    52     5   134 0.76 OY7_008180
#
# Program:         hmmsearch
# Version:         3.1b2 (February 2015)
# Pipeline mode:   SEARCH
# Query file:      /home/zack/funannotate_db/hypocreales_odb10/hmms/25497at5125.hmm
# Target file:     /home/zack/Desktop/IsariaPreferralGenome/MyGenomeSubmittedToNCBI/HypocrealesProteinSets/Cfumosorosea_grCorFumo1.proteins.fa
# Option settings: hmmsearch --domtblout /home/zack/Desktop/IsariaPreferralGenome/MyGenomeSubmittedToNCBI/HypocrealesProteinSets/BUSCO_AA_all/BUSCO_AA_Cfumosorosea_grCorFumo1/run_hypocreales_odb10/hmmer_output/initial_run_results/25497at5125.out --cpu 1 /home/zack/funannotate_db/hypocreales_odb10/hmms/25497at5125.hmm /home/zack/Desktop/IsariaPreferralGenome/MyGenomeSubmittedToNCBI/HypocrealesProteinSets/Cfumosorosea_grCorFumo1.proteins.fa 
# Current dir:     /home/zack/Desktop/IsariaPreferralGenome/MyGenomeSubmittedToNCBI/HypocrealesProteinSets/BUSCO_AA_all
# Date:            Mon Mar  4 14:45:41 2024
# [ok]
