#                                                                            --- full sequence --- -------------- this domain -------------   hmm coord   ali coord   env coord
# target name        accession   tlen query name           accession   qlen   E-value  score  bias   #  of  c-Evalue  i-Evalue  score  bias  from    to  from    to  from    to  acc description of target
#------------------- ---------- ----- -------------------- ---------- ----- --------- ------ ----- --- --- --------- --------- ------ ----- ----- ----- ----- ----- ----- ----- ---- ---------------------
OY7_004009-T1        -            566 30696at5125          -            380  3.7e-217  719.7  15.3   1   2   5.1e-05     0.064   11.3   3.6     6    47    75   130    70   145 0.62 OY7_004009
OY7_004009-T1        -            566 30696at5125          -            380  3.7e-217  719.7  15.3   2   2    1e-217  1.3e-214  711.4   3.9    30   380   195   566   169   566 0.90 OY7_004009
OY7_005112-T1        -           1444 30696at5125          -            380   2.7e-29  101.4   0.6   1   2   1.2e-29   1.5e-26   92.4   0.1    24   349    63   407    41   408 0.80 OY7_005112
OY7_005112-T1        -           1444 30696at5125          -            380   2.7e-29  101.4   0.6   2   2   8.9e-07    0.0011   17.1   0.0    80   164   342   432   342   437 0.86 OY7_005112
OY7_004012-T1        -            740 30696at5125          -            380   3.5e-19   68.1   1.3   1   1   4.7e-21   5.8e-18   64.1   1.3    69   266    78   272     5   273 0.79 OY7_004012
OY7_006210-T1        -            902 30696at5125          -            380   3.2e-10   38.6   0.3   1   4   7.9e-08   9.9e-05   20.6   0.0    56   146    77   172    28   183 0.77 OY7_006210
OY7_006210-T1        -            902 30696at5125          -            380   3.2e-10   38.6   0.3   2   4    0.0027       3.4    5.6   0.0   257   292   192   228   184   233 0.84 OY7_006210
OY7_006210-T1        -            902 30696at5125          -            380   3.2e-10   38.6   0.3   3   4    0.0016       2.1    6.3   0.0   136   174   265   304   260   322 0.59 OY7_006210
OY7_006210-T1        -            902 30696at5125          -            380   3.2e-10   38.6   0.3   4   4       0.1   1.3e+02    0.4   0.1   308   345   412   449   392   486 0.76 OY7_006210
OY7_006907-T1        -            625 30696at5125          -            380   1.3e-09   36.6   0.0   1   6     0.054        68    1.3   0.0   270   299    64    93     3   116 0.74 OY7_006907
OY7_006907-T1        -            625 30696at5125          -            380   1.3e-09   36.6   0.0   2   6     0.005       6.3    4.7   0.0    79   300   183   199   165   212 0.56 OY7_006907
OY7_006907-T1        -            625 30696at5125          -            380   1.3e-09   36.6   0.0   3   6       1.1   1.3e+03   -2.9   0.0   260   274   223   237   219   247 0.81 OY7_006907
OY7_006907-T1        -            625 30696at5125          -            380   1.3e-09   36.6   0.0   4   6   1.9e-05     0.024   12.7   0.0   230   323   342   433   329   447 0.75 OY7_006907
OY7_006907-T1        -            625 30696at5125          -            380   1.3e-09   36.6   0.0   5   6   7.7e-05     0.096   10.7   0.0   217   265   480   530   471   557 0.82 OY7_006907
OY7_006907-T1        -            625 30696at5125          -            380   1.3e-09   36.6   0.0   6   6      0.98   1.2e+03   -2.8   0.0   231   263   585   622   583   624 0.64 OY7_006907
OY7_001420-T1        -            889 30696at5125          -            380   7.5e-09   34.1   0.0   1   4   3.5e-06    0.0044   15.1   0.0   125   253   268   405   246   412 0.54 OY7_001420
OY7_001420-T1        -            889 30696at5125          -            380   7.5e-09   34.1   0.0   2   4   2.3e-06    0.0029   15.7   0.0   140   201   399   465   398   471 0.79 OY7_001420
OY7_001420-T1        -            889 30696at5125          -            380   7.5e-09   34.1   0.0   3   4      0.17   2.1e+02   -0.3   0.0   317   355   517   556   515   569 0.49 OY7_001420
OY7_001420-T1        -            889 30696at5125          -            380   7.5e-09   34.1   0.0   4   4       1.4   1.8e+03   -3.3   0.0    83   108   672   701   659   703 0.57 OY7_001420
OY7_009407-T1        -            296 30696at5125          -            380   1.8e-08   32.8   0.4   1   3   1.7e-08   2.2e-05   22.7   0.0   176   310    37   172    22   185 0.78 OY7_009407
OY7_009407-T1        -            296 30696at5125          -            380   1.8e-08   32.8   0.4   2   3   0.00057      0.72    7.8   0.1   175   275   140   252   138   257 0.68 OY7_009407
OY7_009407-T1        -            296 30696at5125          -            380   1.8e-08   32.8   0.4   3   3    0.0017       2.1    6.3   0.2   200   262   233   292   226   296 0.47 OY7_009407
OY7_001968-T1        -            706 30696at5125          -            380    0.0012   17.0   0.1   1   1   1.6e-06     0.002   16.2   0.1   297   351   273   331   223   338 0.71 OY7_001968
#
# Program:         hmmsearch
# Version:         3.1b2 (February 2015)
# Pipeline mode:   SEARCH
# Query file:      /home/zack/funannotate_db/hypocreales_odb10/hmms/30696at5125.hmm
# Target file:     /home/zack/Desktop/IsariaPreferralGenome/MyGenomeSubmittedToNCBI/HypocrealesProteinSets/Cfumosorosea_grCorFumo1.proteins.fa
# Option settings: hmmsearch --domtblout /home/zack/Desktop/IsariaPreferralGenome/MyGenomeSubmittedToNCBI/HypocrealesProteinSets/BUSCO_AA_all/BUSCO_AA_Cfumosorosea_grCorFumo1/run_hypocreales_odb10/hmmer_output/initial_run_results/30696at5125.out --cpu 1 /home/zack/funannotate_db/hypocreales_odb10/hmms/30696at5125.hmm /home/zack/Desktop/IsariaPreferralGenome/MyGenomeSubmittedToNCBI/HypocrealesProteinSets/Cfumosorosea_grCorFumo1.proteins.fa 
# Current dir:     /home/zack/Desktop/IsariaPreferralGenome/MyGenomeSubmittedToNCBI/HypocrealesProteinSets/BUSCO_AA_all
# Date:            Mon Mar  4 14:45:29 2024
# [ok]
