#                                                                            --- full sequence --- -------------- this domain -------------   hmm coord   ali coord   env coord
# target name        accession   tlen query name           accession   qlen   E-value  score  bias   #  of  c-Evalue  i-Evalue  score  bias  from    to  from    to  from    to  acc description of target
#------------------- ---------- ----- -------------------- ---------- ----- --------- ------ ----- --- --- --------- --------- ------ ----- ----- ----- ----- ----- ----- ----- ---- ---------------------
OY7_005073-T1        -           1430 3144at5125           -            973         0 1803.9  17.9   1   3     4e-47     4e-44  149.9  11.4     1   112     1   128     1   146 0.91 OY7_005073
OY7_005073-T1        -           1430 3144at5125           -            973         0 1803.9  17.9   2   3   9.5e-15   9.5e-12   42.7   0.2   107   142   184   219   170   225 0.91 OY7_005073
OY7_005073-T1        -           1430 3144at5125           -            973         0 1803.9  17.9   3   3         0         0 1611.7   0.0   144   960   293  1190   288  1198 0.94 OY7_005073
OY7_007115-T1        -           1192 3144at5125           -            973  4.6e-113  378.0   2.4   1   4   4.6e-61   4.6e-58  196.0   0.1   204   445   520   750   512   764 0.93 OY7_007115
OY7_007115-T1        -           1192 3144at5125           -            973  4.6e-113  378.0   2.4   2   4   1.1e-54   1.1e-51  174.8   0.0   502   712   770   983   765   994 0.91 OY7_007115
OY7_007115-T1        -           1192 3144at5125           -            973  4.6e-113  378.0   2.4   3   4    0.0016       1.6    5.5   0.0   745   801   993  1050   985  1060 0.86 OY7_007115
OY7_007115-T1        -           1192 3144at5125           -            973  4.6e-113  378.0   2.4   4   4       1.2   1.2e+03   -4.0   0.0   869   922  1096  1143  1094  1180 0.65 OY7_007115
OY7_002670-T1        -            978 3144at5125           -            973  1.3e-112  376.5   6.4   1   3   1.5e-61   1.5e-58  197.6   0.4   200   444   270   503   194   517 0.89 OY7_002670
OY7_002670-T1        -            978 3144at5125           -            973  1.3e-112  376.5   6.4   2   3   2.8e-54   2.9e-51  173.5   0.1   498   808   519   810   510   816 0.88 OY7_002670
OY7_002670-T1        -            978 3144at5125           -            973  1.3e-112  376.5   6.4   3   3      0.33   3.3e+02   -2.2   0.1   869   916   849   891   839   896 0.74 OY7_002670
OY7_006548-T1        -           1012 3144at5125           -            973  8.4e-111  370.5   1.3   1   3   2.3e-60   2.3e-57  193.7   0.1   139   447   291   597   175   610 0.83 OY7_006548
OY7_006548-T1        -           1012 3144at5125           -            973  8.4e-111  370.5   1.3   2   3   2.3e-53   2.3e-50  170.5   0.0   501   722   614   840   595   860 0.86 OY7_006548
OY7_006548-T1        -           1012 3144at5125           -            973  8.4e-111  370.5   1.3   3   3     0.004         4    4.2   0.1   739   918   834   990   830  1004 0.60 OY7_006548
OY7_006831-T1        -            764 3144at5125           -            973  4.2e-107  358.3   0.7   1   3   1.7e-59   1.7e-56  190.8   0.0   204   450    92   329    82   334 0.90 OY7_006831
OY7_006831-T1        -            764 3144at5125           -            973  4.2e-107  358.3   0.7   2   3   1.4e-48   1.4e-45  154.7   0.0   496   712   342   566   332   571 0.89 OY7_006831
OY7_006831-T1        -            764 3144at5125           -            973  4.2e-107  358.3   0.7   3   3   3.5e-05     0.035   11.0   0.1   733   802   566   636   565   676 0.78 OY7_006831
OY7_008261-T1        -            681 3144at5125           -            973  2.7e-103  345.7   3.3   1   3   2.6e-56   2.6e-53  180.2   0.2   211   444    20   261    11   272 0.82 OY7_008261
OY7_008261-T1        -            681 3144at5125           -            973  2.7e-103  345.7   3.3   2   3   2.4e-51   2.4e-48  163.8   0.0   502   707   282   492   270   501 0.91 OY7_008261
OY7_008261-T1        -            681 3144at5125           -            973  2.7e-103  345.7   3.3   3   3     0.041        42    0.8   0.2   738   836   501   604   496   617 0.65 OY7_008261
OY7_001127-T1        -            611 3144at5125           -            973     1e-86  290.9   1.1   1   2   2.5e-44   2.5e-41  140.6   0.1   264   466     1   218     1   220 0.84 OY7_001127
OY7_001127-T1        -            611 3144at5125           -            973     1e-86  290.9   1.1   2   2   7.1e-47   7.2e-44  149.0   0.1   501   712   217   434   205   513 0.91 OY7_001127
OY7_007708-T1        -           1380 3144at5125           -            973   1.6e-81  273.6   0.1   1   3   5.2e-34   5.2e-31  106.4   0.0   204   406   594   802   560   812 0.87 OY7_007708
OY7_007708-T1        -           1380 3144at5125           -            973   1.6e-81  273.6   0.1   2   3    0.0068       6.8    3.4   0.0   405   453   833   882   827   885 0.81 OY7_007708
OY7_007708-T1        -           1380 3144at5125           -            973   1.6e-81  273.6   0.1   3   3   1.8e-50   1.8e-47  160.9   0.0   499   710   883  1097   874  1106 0.94 OY7_007708
OY7_009286-T1        -            721 3144at5125           -            973   1.2e-27   95.3   1.5   1   3   6.4e-10   6.5e-07   26.7   0.0   205   250   136   181   119   184 0.89 OY7_009286
OY7_009286-T1        -            721 3144at5125           -            973   1.2e-27   95.3   1.5   2   3   1.7e-11   1.7e-08   31.9   0.5   302   406   176   269   174   275 0.88 OY7_009286
OY7_009286-T1        -            721 3144at5125           -            973   1.2e-27   95.3   1.5   3   3   6.9e-13   6.9e-10   36.5   0.0   503   556   384   437   376   450 0.92 OY7_009286
OY7_004363-T1        -            176 3144at5125           -            973   5.6e-19   66.6   0.1   1   2   3.8e-06    0.0038   14.2   0.0   410   452    24    66     7    76 0.81 OY7_004363
OY7_004363-T1        -            176 3144at5125           -            973   5.6e-19   66.6   0.1   2   2     3e-17     3e-14   51.0   0.1   513   604    83   173    69   175 0.86 OY7_004363
#
# Program:         hmmsearch
# Version:         3.1b2 (February 2015)
# Pipeline mode:   SEARCH
# Query file:      /home/zack/funannotate_db/hypocreales_odb10/hmms/3144at5125.hmm
# Target file:     /home/zack/Desktop/IsariaPreferralGenome/MyGenomeSubmittedToNCBI/HypocrealesProteinSets/Cfumosorosea_grCorFumo1.proteins.fa
# Option settings: hmmsearch --domtblout /home/zack/Desktop/IsariaPreferralGenome/MyGenomeSubmittedToNCBI/HypocrealesProteinSets/BUSCO_AA_all/BUSCO_AA_Cfumosorosea_grCorFumo1/run_hypocreales_odb10/hmmer_output/initial_run_results/3144at5125.out --cpu 1 /home/zack/funannotate_db/hypocreales_odb10/hmms/3144at5125.hmm /home/zack/Desktop/IsariaPreferralGenome/MyGenomeSubmittedToNCBI/HypocrealesProteinSets/Cfumosorosea_grCorFumo1.proteins.fa 
# Current dir:     /home/zack/Desktop/IsariaPreferralGenome/MyGenomeSubmittedToNCBI/HypocrealesProteinSets/BUSCO_AA_all
# Date:            Mon Mar  4 14:45:24 2024
# [ok]
