#                                                                            --- full sequence --- -------------- this domain -------------   hmm coord   ali coord   env coord
# target name        accession   tlen query name           accession   qlen   E-value  score  bias   #  of  c-Evalue  i-Evalue  score  bias  from    to  from    to  from    to  acc description of target
#------------------- ---------- ----- -------------------- ---------- ----- --------- ------ ----- --- --- --------- --------- ------ ----- ----- ----- ----- ----- ----- ----- ---- ---------------------
OY7_009963-T1        -            374 34431at5125          -            312  3.6e-181  600.6  10.5   1   1  5.6e-184  4.3e-181  600.3  10.5     1   312    20   356    20   356 0.96 OY7_009963
OY7_000643-T1        -            773 34431at5125          -            312     1e-06   27.5   2.7   1   2       1.4   1.1e+03   -2.1   0.0    14    47   531   563   527   618 0.70 OY7_000643
OY7_000643-T1        -            773 34431at5125          -            312     1e-06   27.5   2.7   2   2   1.3e-09     1e-06   27.5   2.7   179   263   642   727   591   746 0.88 OY7_000643
OY7_007887-T1        -            365 34431at5125          -            312   7.8e-05   21.4   6.2   1   2      0.78     6e+02   -1.3   0.1   202   227    87   114    73   141 0.72 OY7_007887
OY7_007887-T1        -            365 34431at5125          -            312   7.8e-05   21.4   6.2   2   2     1e-07   7.8e-05   21.4   6.2   178   269   203   295   182   310 0.83 OY7_007887
OY7_009784-T1        -            363 34431at5125          -            312   0.00021   19.9   2.2   1   2       2.7   2.1e+03   -3.0   0.0    18    49    97   128    85   146 0.72 OY7_009784
OY7_009784-T1        -            363 34431at5125          -            312   0.00021   19.9   2.2   2   2   2.8e-07   0.00021   19.9   2.2   181   270   202   292   178   314 0.84 OY7_009784
OY7_006481-T1        -            349 34431at5125          -            312   0.00037   19.1   3.9   1   1   8.9e-07   0.00069   18.3   3.9   175   306   181   326   132   330 0.68 OY7_006481
OY7_009055-T1        -            348 34431at5125          -            312   0.00059   18.5   9.2   1   2         6   4.6e+03   -4.2   1.5   213   223    64    74    25   105 0.43 OY7_009055
OY7_009055-T1        -            348 34431at5125          -            312   0.00059   18.5   9.2   2   2   7.6e-07   0.00059   18.5   9.2   154   306   158   325   133   329 0.64 OY7_009055
OY7_008872-T1        -             81 34431at5125          -            312   0.00078   18.1   4.0   1   1     1e-06   0.00078   18.1   4.0   167   216    28    78    10    81 0.79 OY7_008872
OY7_005947-T1        -            334 34431at5125          -            312    0.0028   16.3  17.4   1   1   6.4e-06     0.005   15.4  17.4   171   305   167   295   159   300 0.79 OY7_005947
OY7_006342-T1        -            362 34431at5125          -            312    0.0032   16.1   5.6   1   1     9e-06     0.007   15.0   5.6   166   306   185   339   144   343 0.58 OY7_006342
OY7_000426-T1        -            353 34431at5125          -            312    0.0099   14.5  11.4   1   1   3.7e-05     0.028   13.0  11.4   175   306   185   330   173   334 0.67 OY7_000426
OY7_004984-T1        -            360 34431at5125          -            312     0.024   13.2  14.8   1   1   0.00023      0.18   10.3  14.8   177   307   194   338   182   341 0.67 OY7_004984
OY7_006402-T1        -            308 34431at5125          -            312      0.05   12.1  11.8   1   1   0.00036      0.28    9.7  11.7   173   248   159   234   142   278 0.82 OY7_006402
OY7_005519-T1        -            361 34431at5125          -            312      0.53    8.8   9.9   1   1    0.0018       1.4    7.4   9.9   177   252   195   272   185   341 0.60 OY7_005519
#
# Program:         hmmsearch
# Version:         3.1b2 (February 2015)
# Pipeline mode:   SEARCH
# Query file:      /home/zack/funannotate_db/hypocreales_odb10/hmms/34431at5125.hmm
# Target file:     /home/zack/Desktop/IsariaPreferralGenome/MyGenomeSubmittedToNCBI/HypocrealesProteinSets/Cfumosorosea_grCorFumo1.proteins.fa
# Option settings: hmmsearch --domtblout /home/zack/Desktop/IsariaPreferralGenome/MyGenomeSubmittedToNCBI/HypocrealesProteinSets/BUSCO_AA_all/BUSCO_AA_Cfumosorosea_grCorFumo1/run_hypocreales_odb10/hmmer_output/initial_run_results/34431at5125.out --cpu 1 /home/zack/funannotate_db/hypocreales_odb10/hmms/34431at5125.hmm /home/zack/Desktop/IsariaPreferralGenome/MyGenomeSubmittedToNCBI/HypocrealesProteinSets/Cfumosorosea_grCorFumo1.proteins.fa 
# Current dir:     /home/zack/Desktop/IsariaPreferralGenome/MyGenomeSubmittedToNCBI/HypocrealesProteinSets/BUSCO_AA_all
# Date:            Mon Mar  4 14:45:41 2024
# [ok]
