#                                                                            --- full sequence --- -------------- this domain -------------   hmm coord   ali coord   env coord
# target name        accession   tlen query name           accession   qlen   E-value  score  bias   #  of  c-Evalue  i-Evalue  score  bias  from    to  from    to  from    to  acc description of target
#------------------- ---------- ----- -------------------- ---------- ----- --------- ------ ----- --- --- --------- --------- ------ ----- ----- ----- ----- ----- ----- ----- ---- ---------------------
OY7_009836-T1        -            952 4116at5125           -            709         0 1108.8   4.5   1   2  1.2e-262    1e-259  862.8   0.0     1   462    69   572    69   588 0.94 OY7_009836
OY7_009836-T1        -            952 4116at5125           -            709         0 1108.8   4.5   2   2   1.9e-75   1.5e-72  244.1   4.3   434   708   585   911   566   912 0.78 OY7_009836
OY7_000970-T1        -            782 4116at5125           -            709   6.6e-33  113.1   0.7   1   3   3.1e-09   2.6e-06   25.2   0.0    51    96    25    71     6    80 0.83 OY7_000970
OY7_000970-T1        -            782 4116at5125           -            709   6.6e-33  113.1   0.7   2   3   7.1e-25   5.9e-22   76.9   0.0   196   383   140   326   107   337 0.91 OY7_000970
OY7_000970-T1        -            782 4116at5125           -            709   6.6e-33  113.1   0.7   3   3   0.00067      0.56    7.6   0.3   619   703   693   778   681   781 0.81 OY7_000970
OY7_002067-T1        -            849 4116at5125           -            709   9.2e-31  106.0   1.2   1   3   2.5e-15   2.1e-12   45.3   0.0    41   116    43   119    25   146 0.78 OY7_002067
OY7_002067-T1        -            849 4116at5125           -            709   9.2e-31  106.0   1.2   2   3   3.7e-16   3.1e-13   48.1   0.0   193   395   160   368   131   384 0.77 OY7_002067
OY7_002067-T1        -            849 4116at5125           -            709   9.2e-31  106.0   1.2   3   3   0.00029      0.24    8.8   1.5   600   701   573   674   533   682 0.80 OY7_002067
OY7_007746-T1        -            697 4116at5125           -            709   1.2e-28   99.0   6.7   1   4   2.9e-09   2.4e-06   25.3   0.0    47    99    29    82    18    91 0.86 OY7_007746
OY7_007746-T1        -            697 4116at5125           -            709   1.2e-28   99.0   6.7   2   4   1.8e-21   1.5e-18   65.6   0.0   167   413   113   369   107   377 0.82 OY7_007746
OY7_007746-T1        -            697 4116at5125           -            709   1.2e-28   99.0   6.7   3   4      0.93   7.8e+02   -2.8   0.0   353   381   459   487   457   500 0.83 OY7_007746
OY7_007746-T1        -            697 4116at5125           -            709   1.2e-28   99.0   6.7   4   4   0.00023      0.19    9.1   1.3   619   704   608   694   597   697 0.90 OY7_007746
OY7_006589-T1        -           1353 4116at5125           -            709   5.5e-28   96.8   1.2   1   3   6.8e-12   5.7e-09   34.0   0.0    46   109   671   734   647   737 0.87 OY7_006589
OY7_006589-T1        -           1353 4116at5125           -            709   5.5e-28   96.8   1.2   2   3   1.9e-16   1.6e-13   49.0   0.0   190   395   789   997   769  1074 0.78 OY7_006589
OY7_006589-T1        -           1353 4116at5125           -            709   5.5e-28   96.8   1.2   3   3   0.00012       0.1   10.0   1.2   537   700  1182  1349  1111  1353 0.71 OY7_006589
OY7_008751-T1        -            840 4116at5125           -            709     5e-23   80.5   0.8   1   3   6.1e-12   5.1e-09   34.1   0.1    44   112    24    92    16   110 0.92 OY7_008751
OY7_008751-T1        -            840 4116at5125           -            709     5e-23   80.5   0.8   2   3   9.9e-13   8.3e-10   36.7   0.0   211   379   133   301   127   314 0.83 OY7_008751
OY7_008751-T1        -            840 4116at5125           -            709     5e-23   80.5   0.8   3   3    0.0016       1.3    6.3   0.0   623   701   575   653   569   658 0.86 OY7_008751
OY7_007602-T1        -            839 4116at5125           -            709   1.2e-20   72.6   1.3   1   3   5.1e-08   4.3e-05   21.2   0.1    43    96   148   202   133   209 0.86 OY7_007602
OY7_007602-T1        -            839 4116at5125           -            709   1.2e-20   72.6   1.3   2   3   5.4e-16   4.5e-13   47.5   0.0   196   416   252   481   239   495 0.82 OY7_007602
OY7_007602-T1        -            839 4116at5125           -            709   1.2e-20   72.6   1.3   3   3     0.077        65    0.7   0.1   353   383   769   799   756   832 0.78 OY7_007602
OY7_004765-T1        -            210 4116at5125           -            709   3.9e-19   67.6   1.0   1   2   7.6e-13   6.4e-10   37.1   0.2    40   110    22    92    11   121 0.87 OY7_004765
OY7_004765-T1        -            210 4116at5125           -            709   3.9e-19   67.6   1.0   2   2   1.6e-10   1.3e-07   29.5   0.0   189   259   136   206   119   210 0.89 OY7_004765
OY7_006636-T1        -            283 4116at5125           -            709   9.9e-12   43.1   0.0   1   2     0.021        18    2.6   0.0    67   102    77   112    33   121 0.76 OY7_006636
OY7_006636-T1        -            283 4116at5125           -            709   9.9e-12   43.1   0.0   2   2   2.8e-13   2.3e-10   38.6   0.0   190   291   165   267   147   281 0.89 OY7_006636
OY7_006665-T1        -            546 4116at5125           -            709   0.00074   17.1   0.0   1   1   1.2e-06     0.001   16.6   0.0   212   289     3    81     1    90 0.92 OY7_006665
OY7_004766-T1        -            153 4116at5125           -            709     0.014   12.8   0.0   1   1   1.9e-05     0.016   12.7   0.0   622   693     8    79     1    93 0.75 OY7_004766
OY7_002491-T1        -            108 4116at5125           -            709     0.076   10.4   0.0   1   1    0.0001     0.085   10.3   0.0   443   505    32    94    16   100 0.75 OY7_002491
#
# Program:         hmmsearch
# Version:         3.1b2 (February 2015)
# Pipeline mode:   SEARCH
# Query file:      /home/zack/funannotate_db/hypocreales_odb10/hmms/4116at5125.hmm
# Target file:     /home/zack/Desktop/IsariaPreferralGenome/MyGenomeSubmittedToNCBI/HypocrealesProteinSets/Cfumosorosea_grCorFumo1.proteins.fa
# Option settings: hmmsearch --domtblout /home/zack/Desktop/IsariaPreferralGenome/MyGenomeSubmittedToNCBI/HypocrealesProteinSets/BUSCO_AA_all/BUSCO_AA_Cfumosorosea_grCorFumo1/run_hypocreales_odb10/hmmer_output/initial_run_results/4116at5125.out --cpu 1 /home/zack/funannotate_db/hypocreales_odb10/hmms/4116at5125.hmm /home/zack/Desktop/IsariaPreferralGenome/MyGenomeSubmittedToNCBI/HypocrealesProteinSets/Cfumosorosea_grCorFumo1.proteins.fa 
# Current dir:     /home/zack/Desktop/IsariaPreferralGenome/MyGenomeSubmittedToNCBI/HypocrealesProteinSets/BUSCO_AA_all
# Date:            Mon Mar  4 14:45:54 2024
# [ok]
