#                                                                            --- full sequence --- -------------- this domain -------------   hmm coord   ali coord   env coord
# target name        accession   tlen query name           accession   qlen   E-value  score  bias   #  of  c-Evalue  i-Evalue  score  bias  from    to  from    to  from    to  acc description of target
#------------------- ---------- ----- -------------------- ---------- ----- --------- ------ ----- --- --- --------- --------- ------ ----- ----- ----- ----- ----- ----- ----- ---- ---------------------
OY7_002906-T1        -            869 4762at5125           -            739         0 1320.8   5.0   1   1         0         0 1320.0   5.0     1   733    29   854    29   861 0.93 OY7_002906
OY7_000342-T1        -            949 4762at5125           -            739  1.7e-221  736.5   0.1   1   1  4.9e-224  4.5e-221  735.1   0.1     1   729   112   943   112   947 0.82 OY7_000342
OY7_002946-T1        -            880 4762at5125           -            739  5.2e-171  569.6   1.5   1   1  8.1e-174  7.4e-171  569.0   1.5     7   729    51   873    40   879 0.81 OY7_002946
OY7_009155-T1        -            805 4762at5125           -            739  6.2e-147  489.9   0.0   1   3   3.4e-96   3.1e-93  312.4   0.2     6   292    50   352    46   413 0.90 OY7_009155
OY7_009155-T1        -            805 4762at5125           -            739  6.2e-147  489.9   0.0   2   3   1.6e-35   1.5e-32  111.8   0.0   352   576   445   678   440   690 0.76 OY7_009155
OY7_009155-T1        -            805 4762at5125           -            739  6.2e-147  489.9   0.0   3   3   1.9e-20   1.8e-17   61.9   0.0   632   729   696   797   687   803 0.89 OY7_009155
OY7_003428-T1        -            763 4762at5125           -            739  7.6e-144  479.7   0.8   1   2    4e-127  3.7e-124  414.7   0.6     7   572    39   646    29   655 0.82 OY7_003428
OY7_003428-T1        -            763 4762at5125           -            739  7.6e-144  479.7   0.8   2   2   2.3e-20   2.1e-17   61.7   0.0   631   729   656   753   645   762 0.88 OY7_003428
OY7_002100-T1        -            777 4762at5125           -            739  6.1e-136  453.6   0.1   1   3   3.1e-90   2.9e-87  292.7   0.3    10   292    49   344    40   422 0.84 OY7_002100
OY7_002100-T1        -            777 4762at5125           -            739  6.1e-136  453.6   0.1   2   3     1e-31   9.4e-29   99.2   0.0   436   571   510   655   440   664 0.79 OY7_002100
OY7_002100-T1        -            777 4762at5125           -            739  6.1e-136  453.6   0.1   3   3   3.2e-19     3e-16   57.9   0.0   629   729   669   768   657   772 0.91 OY7_002100
OY7_004092-T1        -            641 4762at5125           -            739  8.2e-128  426.7   4.8   1   2  1.6e-111  1.5e-108  363.1   1.8    82   573     1   521     1   529 0.82 OY7_004092
OY7_004092-T1        -            641 4762at5125           -            739  8.2e-128  426.7   4.8   2   2   5.1e-21   4.7e-18   63.9   0.1   624   729   529   633   521   638 0.89 OY7_004092
OY7_001182-T1        -            832 4762at5125           -            739   5.3e-78  262.0   0.0   1   3   1.6e-53   1.4e-50  171.4   0.0    17   244     8   247     3   251 0.87 OY7_001182
OY7_001182-T1        -            832 4762at5125           -            739   5.3e-78  262.0   0.0   2   3   1.5e-21   1.4e-18   65.6   0.0   428   572   573   716   565   720 0.87 OY7_001182
OY7_001182-T1        -            832 4762at5125           -            739   5.3e-78  262.0   0.0   3   3   1.8e-08   1.6e-05   22.4   0.0   636   726   715   810   711   820 0.81 OY7_001182
OY7_002810-T1        -            541 4762at5125           -            739   7.4e-10   36.7   0.0   1   3   4.4e-09     4e-06   24.4   0.0    83   232   118   272    90   307 0.75 OY7_002810
OY7_002810-T1        -            541 4762at5125           -            739   7.4e-10   36.7   0.0   2   3       1.9   1.7e+03   -4.1   0.0   319   339   353   373   338   383 0.76 OY7_002810
OY7_002810-T1        -            541 4762at5125           -            739   7.4e-10   36.7   0.0   3   3   9.5e-05     0.087   10.1   0.0   473   513   497   537   485   541 0.90 OY7_002810
OY7_001492-T1        -            934 4762at5125           -            739   1.1e-08   32.9   0.0   1   2   4.6e-10   4.2e-07   27.6   0.0    53   225   104   285    64   317 0.82 OY7_001492
OY7_001492-T1        -            934 4762at5125           -            739   1.1e-08   32.9   0.0   2   2     0.013        12    3.0   0.0   490   523   566   599   544   611 0.85 OY7_001492
OY7_003691-T1        -            399 4762at5125           -            739   0.00017   19.0   0.0   1   2    0.0068       6.3    3.9   0.0    56    88   182   214   117   262 0.71 OY7_003691
OY7_003691-T1        -            399 4762at5125           -            739   0.00017   19.0   0.0   2   2   1.7e-05     0.016   12.5   0.0   181   216   281   316   275   318 0.92 OY7_003691
#
# Program:         hmmsearch
# Version:         3.1b2 (February 2015)
# Pipeline mode:   SEARCH
# Query file:      /home/zack/funannotate_db/hypocreales_odb10/hmms/4762at5125.hmm
# Target file:     /home/zack/Desktop/IsariaPreferralGenome/MyGenomeSubmittedToNCBI/HypocrealesProteinSets/Cfumosorosea_grCorFumo1.proteins.fa
# Option settings: hmmsearch --domtblout /home/zack/Desktop/IsariaPreferralGenome/MyGenomeSubmittedToNCBI/HypocrealesProteinSets/BUSCO_AA_all/BUSCO_AA_Cfumosorosea_grCorFumo1/run_hypocreales_odb10/hmmer_output/initial_run_results/4762at5125.out --cpu 1 /home/zack/funannotate_db/hypocreales_odb10/hmms/4762at5125.hmm /home/zack/Desktop/IsariaPreferralGenome/MyGenomeSubmittedToNCBI/HypocrealesProteinSets/Cfumosorosea_grCorFumo1.proteins.fa 
# Current dir:     /home/zack/Desktop/IsariaPreferralGenome/MyGenomeSubmittedToNCBI/HypocrealesProteinSets/BUSCO_AA_all
# Date:            Mon Mar  4 14:46:05 2024
# [ok]
