#                                                                            --- full sequence --- -------------- this domain -------------   hmm coord   ali coord   env coord
# target name        accession   tlen query name           accession   qlen   E-value  score  bias   #  of  c-Evalue  i-Evalue  score  bias  from    to  from    to  from    to  acc description of target
#------------------- ---------- ----- -------------------- ---------- ----- --------- ------ ----- --- --- --------- --------- ------ ----- ----- ----- ----- ----- ----- ----- ---- ---------------------
OY7_007370-T1        -            903 5188at5125           -            738         0 1405.7   7.4   1   3     2e-52   1.7e-50  171.3   0.0     6   106    43   147    40   168 0.92 OY7_007370
OY7_007370-T1        -            903 5188at5125           -            738         0 1405.7   7.4   2   3  3.7e-105  3.1e-103  345.6   1.1   115   297   239   424   221   433 0.91 OY7_007370
OY7_007370-T1        -            903 5188at5125           -            738         0 1405.7   7.4   3   3  1.9e-270  1.6e-268  892.1   0.2   280   738   429   903   422   903 0.94 OY7_007370
OY7_002241-T1        -           1621 5188at5125           -            738   1.8e-82  277.0   0.0   1   2      0.29        24    2.1   0.0    15    56   220   262   212   266 0.86 OY7_002241
OY7_002241-T1        -           1621 5188at5125           -            738   1.8e-82  277.0   0.0   2   2   5.5e-83   4.5e-81  272.3   0.0   463   730  1329  1593  1322  1599 0.92 OY7_002241
OY7_006574-T1        -           1458 5188at5125           -            738   2.9e-66  223.4   0.0   1   2     1e-67   8.3e-66  221.9   0.0   467   735    52   303    40   305 0.92 OY7_006574
OY7_006574-T1        -           1458 5188at5125           -            738   2.9e-66  223.4   0.0   2   2       6.4   5.3e+02   -2.3   0.0   271   306   385   420   377   428 0.88 OY7_006574
OY7_005202-T1        -           1338 5188at5125           -            738   5.1e-51  173.0   0.0   1   1   9.2e-53   7.7e-51  172.4   0.0   442   737  1015  1312  1001  1313 0.87 OY7_005202
OY7_008702-T1        -            639 5188at5125           -            738   7.9e-50  169.0   0.0   1   1   1.5e-51   1.3e-49  168.4   0.0   470   734    16   260     8   263 0.94 OY7_008702
OY7_005755-T1        -            812 5188at5125           -            738   3.5e-49  166.9   0.0   1   1   4.2e-51   3.5e-49  166.9   0.0   463   735   523   793   486   795 0.88 OY7_005755
OY7_002078-T1        -            662 5188at5125           -            738   3.5e-49  166.9   0.0   1   1   5.8e-51   4.8e-49  166.5   0.0   465   735    22   272     3   275 0.92 OY7_002078
OY7_007888-T1        -            722 5188at5125           -            738   4.4e-47  160.0   0.0   1   1   7.6e-49   6.3e-47  159.4   0.0   464   734   436   704   404   706 0.89 OY7_007888
OY7_000316-T1        -            889 5188at5125           -            738   3.4e-43  147.1   0.0   1   1   6.3e-45   5.3e-43  146.5   0.0   469   729   614   855   602   862 0.90 OY7_000316
OY7_006971-T1        -           1087 5188at5125           -            738   1.7e-33  115.1   0.0   1   1   3.6e-35     3e-33  114.2   0.0   461   735   188   456   119   458 0.88 OY7_006971
OY7_005108-T1        -           1187 5188at5125           -            738   2.1e-33  114.8   0.0   1   1   4.6e-35   3.8e-33  113.9   0.0   438   732    76   381    29   386 0.74 OY7_005108
OY7_005750-T1        -            417 5188at5125           -            738   6.9e-33  113.0   0.0   1   1     1e-34   8.4e-33  112.7   0.0   466   736   148   401    37   403 0.82 OY7_005750
OY7_005153-T1        -            866 5188at5125           -            738   1.5e-30  105.3   0.0   1   1   2.3e-32   1.9e-30  104.9   0.0   467   735    47   310    13   313 0.86 OY7_005153
OY7_002050-T1        -            844 5188at5125           -            738   2.4e-30  104.6   0.0   1   1   5.8e-32   4.8e-30  103.6   0.0   447   736    23   289     4   291 0.90 OY7_002050
OY7_000978-T1        -           1809 5188at5125           -            738   2.6e-30  104.5   0.0   1   2   5.8e-26   4.8e-24   83.8   0.0   470   618   724   865   717   901 0.85 OY7_000978
OY7_000978-T1        -           1809 5188at5125           -            738   2.6e-30  104.5   0.0   2   2   4.3e-06   0.00035   18.1   0.0   643   718  1039  1117  1028  1126 0.86 OY7_000978
OY7_005911-T1        -            663 5188at5125           -            738   3.3e-30  104.2   0.0   1   1   5.2e-32   4.3e-30  103.8   0.0   470   736   300   561   222   563 0.83 OY7_005911
OY7_001001-T1        -            982 5188at5125           -            738   4.8e-30  103.6   0.0   1   1   9.9e-32   8.3e-30  102.9   0.0   460   734    74   338    63   340 0.87 OY7_001001
OY7_006739-T1        -            316 5188at5125           -            738   3.5e-28   97.5   0.0   1   1   5.9e-30   4.9e-28   97.0   0.0   468   712    82   308    77   311 0.90 OY7_006739
OY7_009753-T1        -            707 5188at5125           -            738     5e-28   97.0   0.0   1   1     9e-30   7.5e-28   96.4   0.0   470   733    72   316    66   319 0.85 OY7_009753
OY7_006022-T1        -            542 5188at5125           -            738   5.6e-28   96.8   0.3   1   1   1.3e-29   1.1e-27   95.8   0.0   470   722   236   468   232   471 0.90 OY7_006022
OY7_007329-T1        -            766 5188at5125           -            738   8.1e-28   96.3   0.0   1   1   1.5e-29   1.2e-27   95.7   0.0   466   717   202   453   179   471 0.80 OY7_007329
OY7_002522-T1        -            532 5188at5125           -            738   9.1e-28   96.1   0.0   1   1   1.3e-29     1e-27   95.9   0.0   470   722   182   420    62   425 0.91 OY7_002522
OY7_003595-T1        -            230 5188at5125           -            738   2.6e-27   94.6   0.0   1   1   4.2e-29   3.5e-27   94.2   0.0   470   672    23   216    15   224 0.92 OY7_003595
OY7_004141-T1        -            329 5188at5125           -            738   6.2e-27   93.3   0.0   1   1   1.3e-28     1e-26   92.6   0.0   470   695    16   229     9   254 0.83 OY7_004141
OY7_005828-T1        -            771 5188at5125           -            738   6.4e-27   93.3   0.0   1   1   1.3e-28   1.1e-26   92.6   0.0   468   734   390   653   379   672 0.82 OY7_005828
OY7_004495-T1        -            650 5188at5125           -            738   9.2e-27   92.8   0.0   1   1   1.7e-28   1.4e-26   92.2   0.0   516   737   339   562   323   563 0.86 OY7_004495
OY7_008686-T1        -            394 5188at5125           -            738   1.4e-26   92.2   0.0   1   1   7.1e-28   5.9e-26   90.1   0.0   463   698    34   256    15   275 0.78 OY7_008686
OY7_004977-T1        -           1613 5188at5125           -            738   1.5e-26   92.1   4.7   1   3   4.4e-14   3.7e-12   44.5   0.0   485   676   294   499   277   549 0.77 OY7_004977
OY7_004977-T1        -           1613 5188at5125           -            738   1.5e-26   92.1   4.7   2   3    0.0097       0.8    7.0   0.0   468   536   600   657   588   663 0.84 OY7_004977
OY7_004977-T1        -           1613 5188at5125           -            738   1.5e-26   92.1   4.7   3   3   7.4e-13   6.1e-11   40.5   0.0   573   729   798   962   768   969 0.66 OY7_004977
OY7_004585-T1        -            375 5188at5125           -            738   1.7e-25   88.6   0.0   1   1   2.7e-27   2.2e-25   88.2   0.0   471   718    50   296    46   303 0.83 OY7_004585
OY7_003467-T1        -           1101 5188at5125           -            738   1.8e-25   88.5   0.1   1   1   9.2e-26   7.6e-24   83.1   0.1   465   680   259   491   253   531 0.77 OY7_003467
OY7_009748-T1        -            511 5188at5125           -            738   2.4e-25   88.1   0.0   1   1   4.1e-27   3.4e-25   87.6   0.0   473   685    74   268    68   330 0.80 OY7_009748
OY7_006515-T1        -            418 5188at5125           -            738     3e-25   87.8   0.0   1   1   5.1e-27   4.2e-25   87.3   0.0   461   713    20   267     8   314 0.86 OY7_006515
OY7_001773-T1        -            725 5188at5125           -            738   4.9e-25   87.1   0.0   1   2   0.00011    0.0091   13.4   0.0   470   583    13   119     3   145 0.74 OY7_001773
OY7_001773-T1        -            725 5188at5125           -            738   4.9e-25   87.1   0.0   2   2   3.5e-22   2.9e-20   71.3   0.0   589   732   157   290   154   295 0.93 OY7_001773
OY7_004739-T1        -            698 5188at5125           -            738   1.1e-24   85.9   0.0   1   2       2.3   1.9e+02   -0.8   0.0   470   500    64    93    47   105 0.76 OY7_004739
OY7_004739-T1        -            698 5188at5125           -            738   1.1e-24   85.9   0.0   2   2   5.1e-26   4.3e-24   84.0   0.0   509   736   135   359   122   361 0.86 OY7_004739
OY7_005355-T1        -            537 5188at5125           -            738   1.1e-24   85.9   0.0   1   1   1.8e-26   1.5e-24   85.5   0.0   517   737   281   511   251   512 0.81 OY7_005355
OY7_002706-T1        -           1193 5188at5125           -            738   1.5e-24   85.5   0.0   1   2     2e-20   1.6e-18   65.5   0.0   462   623   305   462   295   484 0.86 OY7_002706
OY7_002706-T1        -           1193 5188at5125           -            738   1.5e-24   85.5   0.0   2   2   5.4e-06   0.00045   17.8   0.0   654   736   506   593   502   595 0.85 OY7_002706
OY7_002526-T1        -            695 5188at5125           -            738   1.5e-24   85.4   0.0   1   1   2.9e-26   2.4e-24   84.8   0.0   469   735   295   552   283   555 0.81 OY7_002526
OY7_004456-T1        -            656 5188at5125           -            738   2.1e-24   85.0   0.0   1   2   3.1e-17   2.6e-15   54.9   0.0   470   618   258   398   253   416 0.88 OY7_004456
OY7_004456-T1        -            656 5188at5125           -            738   2.1e-24   85.0   0.0   2   2   5.9e-09   4.9e-07   27.6   0.0   633   679   448   494   430   501 0.88 OY7_004456
OY7_003534-T1        -            573 5188at5125           -            738     5e-24   83.7   0.0   1   2   2.7e-14   2.2e-12   45.2   0.0   467   603   112   241   103   245 0.78 OY7_003534
OY7_003534-T1        -            573 5188at5125           -            738     5e-24   83.7   0.0   2   2   1.5e-11   1.2e-09   36.2   0.0   607   734   278   397   272   400 0.89 OY7_003534
OY7_009624-T1        -            644 5188at5125           -            738   1.1e-23   82.7   0.0   1   1     4e-25   3.4e-23   81.0   0.0   466   695   262   504   255   552 0.74 OY7_009624
OY7_008619-T1        -            537 5188at5125           -            738     2e-23   81.8   0.0   1   1   3.5e-25   2.9e-23   81.2   0.0   470   699    43   280    27   284 0.77 OY7_008619
OY7_001352-T1        -            650 5188at5125           -            738     4e-23   80.8   0.1   1   2   1.5e-20   1.2e-18   65.9   0.0   464   620   269   417   222   447 0.87 OY7_001352
OY7_001352-T1        -            650 5188at5125           -            738     4e-23   80.8   0.1   2   2   0.00017     0.014   12.8   0.0   638   702   472   536   445   572 0.80 OY7_001352
OY7_002222-T1        -            447 5188at5125           -            738   4.3e-23   80.6   0.0   1   1   7.7e-25   6.4e-23   80.1   0.0   466   735    21   281    15   282 0.88 OY7_002222
OY7_003765-T1        -            357 5188at5125           -            738   7.7e-23   79.8   0.0   1   1   2.2e-24   1.8e-22   78.6   0.0   470   712    26   251    18   270 0.86 OY7_003765
OY7_008314-T1        -            927 5188at5125           -            738   8.5e-23   79.7   0.1   1   2   1.4e-13   1.2e-11   42.8   0.3   470   602    29   173    22   176 0.80 OY7_008314
OY7_008314-T1        -            927 5188at5125           -            738   8.5e-23   79.7   0.1   2   2   5.1e-10   4.3e-08   31.1   0.0   636   694   226   284   206   305 0.85 OY7_008314
OY7_004738-T1        -            498 5188at5125           -            738   1.3e-22   79.1   0.0   1   1   2.2e-24   1.9e-22   78.5   0.0   468   678   220   423   189   429 0.83 OY7_004738
OY7_000511-T1        -            342 5188at5125           -            738   3.2e-21   74.5   0.0   1   1   4.7e-22   3.9e-20   70.9   0.0   473   698    30   261    23   270 0.73 OY7_000511
OY7_005242-T1        -            412 5188at5125           -            738   1.9e-20   71.9   0.1   1   2   8.9e-22   7.4e-20   69.9   0.0   517   734    59   273    32   276 0.86 OY7_005242
OY7_005242-T1        -            412 5188at5125           -            738   1.9e-20   71.9   0.1   2   2       2.2   1.8e+02   -0.8   0.1   333   378   334   384   314   408 0.65 OY7_005242
OY7_000037-T1        -           1214 5188at5125           -            738   3.6e-20   71.0   0.0   1   2     0.056       4.6    4.5   0.0   454   512    84   147    42   155 0.70 OY7_000037
OY7_000037-T1        -           1214 5188at5125           -            738   3.6e-20   71.0   0.0   2   2   5.3e-20   4.4e-18   64.1   0.0   509   735   182   405   165   407 0.84 OY7_000037
OY7_007861-T1        -            633 5188at5125           -            738   5.1e-20   70.5   0.0   1   1   8.8e-22   7.3e-20   70.0   0.0   469   725   295   533   285   548 0.87 OY7_007861
OY7_009391-T1        -            533 5188at5125           -            738   2.4e-19   68.3   0.0   1   1   4.8e-21     4e-19   67.5   0.0   469   688    72   288    64   328 0.84 OY7_009391
OY7_006285-T1        -            736 5188at5125           -            738   2.8e-19   68.1   0.0   1   1   4.8e-21     4e-19   67.5   0.0   467   670   381   594   369   603 0.81 OY7_006285
OY7_001612-T1        -            466 5188at5125           -            738   3.6e-19   67.7   0.0   1   2   1.1e-20   9.4e-19   66.3   0.0   462   692   102   326    26   336 0.73 OY7_001612
OY7_001612-T1        -            466 5188at5125           -            738   3.6e-19   67.7   0.0   2   2       9.8   8.1e+02   -2.9   0.0   709   734   373   398   357   400 0.78 OY7_001612
OY7_006099-T1        -            356 5188at5125           -            738   3.9e-19   67.5   0.0   1   1   7.4e-21   6.1e-19   66.9   0.0   469   711    29   263    19   286 0.77 OY7_006099
OY7_000244-T1        -            528 5188at5125           -            738     1e-18   66.2   0.0   1   1   1.8e-20   1.5e-18   65.6   0.0   469   683    25   222    16   235 0.89 OY7_000244
OY7_006472-T1        -            469 5188at5125           -            738   1.9e-18   65.3   0.0   1   1   3.4e-20   2.8e-18   64.7   0.0   470   673    57   268    49   275 0.74 OY7_006472
OY7_007577-T1        -            411 5188at5125           -            738   8.6e-18   63.1   0.0   1   1   1.6e-19   1.3e-17   62.5   0.0   461   697    65   290    53   295 0.81 OY7_007577
OY7_009721-T1        -           1107 5188at5125           -            738   1.1e-17   62.8   0.0   1   1   1.9e-19   1.6e-17   62.2   0.0   468   679   786   983   774  1044 0.86 OY7_009721
OY7_007290-T1        -            899 5188at5125           -            738   1.1e-17   62.7   0.0   1   1   2.9e-19   2.4e-17   61.7   0.0   450   692   318   548   296   570 0.79 OY7_007290
OY7_002057-T1        -            247 5188at5125           -            738   1.4e-17   62.5   0.0   1   1   2.4e-19     2e-17   61.9   0.0   514   675    17   169     3   177 0.77 OY7_002057
OY7_005102-T1        -            555 5188at5125           -            738   4.4e-17   60.8   0.0   1   1   7.2e-19     6e-17   60.3   0.0   463   677    43   256    11   311 0.79 OY7_005102
OY7_004126-T1        -            573 5188at5125           -            738   9.2e-17   59.7   0.0   1   2   4.8e-18     4e-16   57.6   0.0   503   723    23   239     2   252 0.83 OY7_004126
OY7_004126-T1        -            573 5188at5125           -            738   9.2e-17   59.7   0.0   2   2       4.2   3.5e+02   -1.7   0.0   389   448   386   446   376   458 0.81 OY7_004126
OY7_001887-T1        -            798 5188at5125           -            738   1.1e-16   59.5   0.0   1   1   2.5e-18   2.1e-16   58.5   0.0   466   679   400   602   369   626 0.81 OY7_001887
OY7_003266-T1        -            267 5188at5125           -            738   5.5e-16   57.2   0.0   1   1     9e-18   7.5e-16   56.7   0.0   470   621   104   246    99   262 0.87 OY7_003266
OY7_009773-T1        -            538 5188at5125           -            738   1.3e-15   55.9   0.0   1   1   2.4e-17     2e-15   55.3   0.0   470   734    20   291    16   294 0.79 OY7_009773
OY7_010042-T1        -           1144 5188at5125           -            738   1.3e-15   55.9   0.0   1   2     3e-06   0.00025   18.6   0.0   470   556    82   169    74   172 0.82 OY7_010042
OY7_010042-T1        -           1144 5188at5125           -            738   1.3e-15   55.9   0.0   2   2     5e-11   4.1e-09   34.4   0.0   573   691   373   508   366   527 0.68 OY7_010042
OY7_005745-T1        -           1186 5188at5125           -            738   3.6e-15   54.5   0.0   1   1     7e-17   5.8e-15   53.8   0.0   470   681   927  1134   919  1139 0.84 OY7_005745
OY7_008762-T1        -            692 5188at5125           -            738   1.3e-14   52.6   0.0   1   1     5e-16   4.2e-14   50.9   0.0   489   679   399   593   323   607 0.79 OY7_008762
OY7_005260-T1        -            768 5188at5125           -            738   1.8e-14   52.1   0.0   1   1   3.3e-15   2.7e-13   48.3   0.0   470   692    29   268    20   280 0.76 OY7_005260
OY7_004539-T1        -            691 5188at5125           -            738   1.9e-14   52.1   0.0   1   2      0.19        16    2.8   0.0   468   482    41    55    29    62 0.90 OY7_004539
OY7_004539-T1        -            691 5188at5125           -            738   1.9e-14   52.1   0.0   2   2   8.9e-15   7.4e-13   46.8   0.0   514   681   104   280    77   338 0.71 OY7_004539
OY7_009392-T1        -            750 5188at5125           -            738   2.1e-14   52.0   0.0   1   1   5.1e-16   4.2e-14   50.9   0.0   572   720   526   674   509   682 0.81 OY7_009392
OY7_001276-T1        -            844 5188at5125           -            738   2.9e-14   51.4   0.0   1   1   6.2e-16   5.1e-14   50.6   0.0   469   730   506   780   496   789 0.68 OY7_001276
OY7_002001-T1        -           1925 5188at5125           -            738   3.5e-14   51.2   0.0   1   1   3.1e-13   2.6e-11   41.7   0.0   516   733  1529  1786  1512  1790 0.57 OY7_002001
OY7_001812-T1        -            889 5188at5125           -            738   1.5e-13   49.1   0.0   1   1   2.7e-15   2.2e-13   48.5   0.0   524   668   276   420   259   479 0.82 OY7_001812
OY7_003350-T1        -            342 5188at5125           -            738   1.6e-13   49.0   0.1   1   2   9.4e-15   7.8e-13   46.7   0.0   516   691    70   242    57   248 0.80 OY7_003350
OY7_003350-T1        -            342 5188at5125           -            738   1.6e-13   49.0   0.1   2   2         2   1.7e+02   -0.6   0.0   703   729   286   312   278   320 0.84 OY7_003350
OY7_002998-T1        -            598 5188at5125           -            738   1.9e-13   48.8   0.1   1   1   1.9e-14   1.6e-12   45.7   0.0   455   685   221   465   193   485 0.72 OY7_002998
OY7_003267-T1        -            619 5188at5125           -            738   2.6e-13   48.3   0.0   1   1     5e-15   4.1e-13   47.6   0.0   518   674   272   422   219   454 0.73 OY7_003267
OY7_007907-T1        -           1342 5188at5125           -            738   3.3e-13   47.9   0.0   1   1   2.3e-14   1.9e-12   45.4   0.0   469   691   934  1145   839  1160 0.77 OY7_007907
OY7_002659-T1        -            467 5188at5125           -            738   3.7e-13   47.8   0.0   1   2   1.1e-14   8.9e-13   46.5   0.0   469   617   219   365   189   385 0.83 OY7_002659
OY7_002659-T1        -            467 5188at5125           -            738   3.7e-13   47.8   0.0   2   2       8.1   6.7e+02   -2.7   0.0   636   658   443   465   429   467 0.78 OY7_002659
OY7_004492-T1        -            643 5188at5125           -            738   4.7e-13   47.5   0.0   1   1   9.2e-15   7.7e-13   46.8   0.0   472   669   227   410   220   434 0.74 OY7_004492
OY7_007572-T1        -            893 5188at5125           -            738   2.3e-12   45.2   0.1   1   1     9e-14   7.5e-12   43.5   0.1   463   674   210   400   195   409 0.78 OY7_007572
OY7_006214-T1        -            544 5188at5125           -            738   2.9e-12   44.8   0.1   1   1   3.6e-12     3e-10   38.2   0.1   464   679   183   412   152   445 0.69 OY7_006214
OY7_007169-T1        -            305 5188at5125           -            738   4.8e-12   44.1   0.0   1   1     7e-14   5.8e-12   43.9   0.0   565   701   102   244    52   266 0.77 OY7_007169
OY7_008288-T1        -            384 5188at5125           -            738   6.2e-12   43.8   0.0   1   2   1.3e-06   0.00011   19.8   0.0   466   548   186   263   154   273 0.80 OY7_008288
OY7_008288-T1        -            384 5188at5125           -            738   6.2e-12   43.8   0.0   2   2   1.8e-07   1.5e-05   22.6   0.0   641   728   269   358   261   368 0.78 OY7_008288
OY7_000299-T1        -            692 5188at5125           -            738     8e-12   43.4   0.1   1   1     5e-13   4.2e-11   41.0   0.1   469   667   202   368   180   379 0.75 OY7_000299
OY7_006904-T1        -           1072 5188at5125           -            738   1.4e-11   42.6   0.0   1   1   2.8e-13   2.3e-11   41.9   0.0   517   671   771   919   695   931 0.72 OY7_006904
OY7_002756-T1        -            562 5188at5125           -            738   9.3e-11   39.9   1.2   1   2   2.4e-09     2e-07   28.9   0.6   431   604    64   244    40   274 0.68 OY7_002756
OY7_002756-T1        -            562 5188at5125           -            738   9.3e-11   39.9   1.2   2   2    0.0075      0.62    7.4   0.0   644   679   392   427   371   433 0.88 OY7_002756
OY7_006168-T1        -            492 5188at5125           -            738   2.3e-10   38.6   0.0   1   3   3.6e-07     3e-05   21.6   0.0   519   655   184   320   159   328 0.77 OY7_006168
OY7_006168-T1        -            492 5188at5125           -            738   2.3e-10   38.6   0.0   2   3   0.00021     0.018   12.5   0.0   634   691   329   388   322   398 0.80 OY7_006168
OY7_006168-T1        -            492 5188at5125           -            738   2.3e-10   38.6   0.0   3   3      0.97        80    0.4   0.0   706   732   443   469   431   473 0.83 OY7_006168
OY7_003548-T1        -            622 5188at5125           -            738   2.6e-10   38.4   0.0   1   1   4.9e-12   4.1e-10   37.7   0.0   460   665   322   522   293   558 0.73 OY7_003548
OY7_009413-T1        -            525 5188at5125           -            738   4.3e-10   37.7   0.0   1   1   9.5e-12   7.9e-10   36.8   0.0   470   607   222   365   217   389 0.76 OY7_009413
OY7_001452-T1        -            588 5188at5125           -            738   9.1e-10   36.6   0.0   1   1   3.3e-11   2.7e-09   35.0   0.0   518   686   285   470   278   523 0.66 OY7_001452
OY7_007225-T1        -            333 5188at5125           -            738   9.2e-10   36.6   0.1   1   2   8.8e-05    0.0073   13.8   0.0   463   503   107   147    91   154 0.85 OY7_007225
OY7_007225-T1        -            333 5188at5125           -            738   9.2e-10   36.6   0.1   2   2   1.4e-06   0.00012   19.7   0.0   582   667   163   237   154   262 0.80 OY7_007225
OY7_009258-T1        -            934 5188at5125           -            738     1e-09   36.4   1.4   1   2   1.3e-11   1.1e-09   36.4   0.0    12   135   234   362   225   372 0.74 OY7_009258
OY7_009258-T1        -            934 5188at5125           -            738     1e-09   36.4   1.4   2   2       9.2   7.7e+02   -2.8   0.4    94   125   475   506   465   515 0.84 OY7_009258
OY7_002427-T1        -            677 5188at5125           -            738   1.1e-09   36.3   0.0   1   2      0.92        76    0.5   0.0   469   536   154   214   147   247 0.71 OY7_002427
OY7_002427-T1        -            677 5188at5125           -            738   1.1e-09   36.3   0.0   2   2     1e-10   8.5e-09   33.4   0.0   572   685   292   406   282   463 0.75 OY7_002427
OY7_008345-T1        -            967 5188at5125           -            738   1.5e-09   35.8   0.0   1   1   2.8e-11   2.3e-09   35.2   0.0   511   729    98   329    63   336 0.74 OY7_008345
OY7_004587-T1        -            368 5188at5125           -            738   4.6e-09   34.3   0.0   1   2   0.00029     0.024   12.1   0.0   462   501     7    46     4    61 0.81 OY7_004587
OY7_004587-T1        -            368 5188at5125           -            738   4.6e-09   34.3   0.0   2   2   9.3e-07   7.7e-05   20.3   0.0   577   679   110   214    97   266 0.77 OY7_004587
OY7_002736-T1        -            429 5188at5125           -            738   4.1e-08   31.1   0.0   1   2   0.00049     0.041   11.3   0.0   469   563    37   130    29   158 0.87 OY7_002736
OY7_002736-T1        -            429 5188at5125           -            738   4.1e-08   31.1   0.0   2   2     7e-06   0.00058   17.4   0.0   591   679   228   321   223   331 0.73 OY7_002736
OY7_001856-T1        -            446 5188at5125           -            738   9.6e-08   29.9   0.0   1   1   1.8e-09   1.5e-07   29.2   0.0   551   726    87   273    12   281 0.78 OY7_001856
OY7_002662-T1        -            768 5188at5125           -            738   1.3e-07   29.5   0.0   1   1   2.6e-09   2.2e-07   28.7   0.0   519   621   550   651   507   668 0.80 OY7_002662
OY7_007982-T1        -            691 5188at5125           -            738     2e-07   28.9   0.0   1   1   6.1e-09   5.1e-07   27.5   0.0   546   627   317   397   313   474 0.70 OY7_007982
OY7_001067-T1        -            425 5188at5125           -            738   2.3e-07   28.7   0.0   1   3     0.011      0.89    6.9   0.0   456   603    34   185    27   195 0.72 OY7_001067
OY7_001067-T1        -            425 5188at5125           -            738   2.3e-07   28.7   0.0   2   3    0.0016      0.13    9.6   0.0   646   676   272   302   267   308 0.89 OY7_001067
OY7_001067-T1        -            425 5188at5125           -            738   2.3e-07   28.7   0.0   3   3     0.004      0.33    8.3   0.0   694   737   376   419   366   420 0.92 OY7_001067
OY7_000125-T1        -            468 5188at5125           -            738   4.4e-07   27.7   0.0   1   1   8.3e-09   6.9e-07   27.1   0.0    18    80    64   126    52   140 0.89 OY7_000125
OY7_008037-T1        -            517 5188at5125           -            738   9.2e-07   26.7   0.0   1   1   1.8e-08   1.5e-06   25.9   0.0   574   678   273   376   267   380 0.75 OY7_008037
OY7_001940-T1        -            226 5188at5125           -            738    0.0001   19.9   0.0   1   1   1.8e-06   0.00015   19.4   0.0   530   608   131   202   126   210 0.80 OY7_001940
OY7_003294-T1        -           1528 5188at5125           -            738   0.00012   19.7   0.0   1   1   2.8e-06   0.00023   18.7   0.0   577   728   127   285   117   289 0.75 OY7_003294
OY7_009339-T1        -            542 5188at5125           -            738   0.00019   19.0   0.0   1   1   3.7e-06    0.0003   18.3   0.0   571   678   353   458   343   463 0.84 OY7_009339
OY7_001733-T1        -            633 5188at5125           -            738   0.00026   18.5   0.0   1   1   4.4e-06   0.00037   18.1   0.0   510   618   400   504   364   546 0.82 OY7_001733
OY7_003114-T1        -            246 5188at5125           -            738   0.00038   18.0   0.0   1   1   1.5e-05    0.0012   16.3   0.0   577   634   108   164    78   208 0.81 OY7_003114
OY7_006593-T1        -            258 5188at5125           -            738   0.00051   17.6   0.0   1   1     1e-05   0.00084   16.9   0.0   536   643    68   178    65   199 0.83 OY7_006593
OY7_005881-T1        -            955 5188at5125           -            738     0.001   16.6   0.0   1   1   2.6e-05    0.0022   15.5   0.0    13   117   164   267   159   280 0.79 OY7_005881
OY7_000908-T1        -            971 5188at5125           -            738    0.0013   16.3   0.0   1   2      0.06         5    4.4   0.0   511   534    75    98    52   105 0.81 OY7_000908
OY7_000908-T1        -            971 5188at5125           -            738    0.0013   16.3   0.0   2   2    0.0016      0.14    9.6   0.0   577   679   171   284   161   305 0.80 OY7_000908
OY7_004339-T1        -            406 5188at5125           -            738    0.0013   16.2   0.3   1   2    0.0032      0.26    8.6   0.0   568   604   147   183   131   188 0.85 OY7_004339
OY7_004339-T1        -            406 5188at5125           -            738    0.0013   16.2   0.3   2   2     0.039       3.2    5.0   0.0   642   675   256   289   241   297 0.84 OY7_004339
OY7_007487-T1        -            268 5188at5125           -            738    0.0014   16.1   0.0   1   2   0.00089     0.074   10.4   0.0   572   614   103   144    54   151 0.66 OY7_007487
OY7_007487-T1        -            268 5188at5125           -            738    0.0014   16.1   0.0   2   2      0.11         9    3.5   0.0   655   678   168   191   162   204 0.83 OY7_007487
OY7_000979-T1        -            516 5188at5125           -            738    0.0016   15.9   0.0   1   1   0.00013     0.011   13.2   0.0   485   671   235   425   203   430 0.62 OY7_000979
OY7_005420-T1        -            280 5188at5125           -            738    0.0038   14.7   0.0   1   1     9e-05    0.0075   13.7   0.0   577   621   193   240   184   251 0.80 OY7_005420
OY7_005395-T1        -            330 5188at5125           -            738    0.0039   14.7   0.1   1   1   7.3e-05    0.0061   14.0   0.1   571   607   198   234   165   243 0.88 OY7_005395
OY7_008996-T1        -            338 5188at5125           -            738    0.0043   14.5   0.0   1   1     7e-05    0.0058   14.1   0.0   551   620    97   163    72   171 0.86 OY7_008996
OY7_009429-T1        -            275 5188at5125           -            738    0.0056   14.1   0.0   1   1   9.3e-05    0.0077   13.7   0.0   544   617   122   196   115   256 0.89 OY7_009429
OY7_001329-T1        -            965 5188at5125           -            738     0.017   12.5   0.0   1   2    0.0011     0.087   10.2   0.0   472   668   186   426   183   434 0.52 OY7_001329
OY7_001329-T1        -            965 5188at5125           -            738     0.017   12.5   0.0   2   2       5.6   4.6e+02   -2.1   0.0   513   550   722   759   717   762 0.87 OY7_001329
OY7_006567-T1        -            304 5188at5125           -            738     0.057   10.8   0.0   1   1   0.00091     0.075   10.4   0.0   516   620    69   169    59   177 0.83 OY7_006567
OY7_004218-T1        -            358 5188at5125           -            738     0.063   10.7   0.0   1   1    0.0013      0.11    9.9   0.0   570   615   264   309   227   312 0.78 OY7_004218
#
# Program:         hmmsearch
# Version:         3.1b2 (February 2015)
# Pipeline mode:   SEARCH
# Query file:      /home/zack/funannotate_db/hypocreales_odb10/hmms/5188at5125.hmm
# Target file:     /home/zack/Desktop/IsariaPreferralGenome/MyGenomeSubmittedToNCBI/HypocrealesProteinSets/Cfumosorosea_grCorFumo1.proteins.fa
# Option settings: hmmsearch --domtblout /home/zack/Desktop/IsariaPreferralGenome/MyGenomeSubmittedToNCBI/HypocrealesProteinSets/BUSCO_AA_all/BUSCO_AA_Cfumosorosea_grCorFumo1/run_hypocreales_odb10/hmmer_output/initial_run_results/5188at5125.out --cpu 1 /home/zack/funannotate_db/hypocreales_odb10/hmms/5188at5125.hmm /home/zack/Desktop/IsariaPreferralGenome/MyGenomeSubmittedToNCBI/HypocrealesProteinSets/Cfumosorosea_grCorFumo1.proteins.fa 
# Current dir:     /home/zack/Desktop/IsariaPreferralGenome/MyGenomeSubmittedToNCBI/HypocrealesProteinSets/BUSCO_AA_all
# Date:            Mon Mar  4 14:46:17 2024
# [ok]
