#                                                                            --- full sequence --- -------------- this domain -------------   hmm coord   ali coord   env coord
# target name        accession   tlen query name           accession   qlen   E-value  score  bias   #  of  c-Evalue  i-Evalue  score  bias  from    to  from    to  from    to  acc description of target
#------------------- ---------- ----- -------------------- ---------- ----- --------- ------ ----- --- --- --------- --------- ------ ----- ----- ----- ----- ----- ----- ----- ---- ---------------------
OY7_002644-T1        -            206 57204at5125          -            157   4.8e-72  240.3  24.6   1   2   6.2e-75   4.8e-72  240.3  24.6     1   147     2   168     2   171 0.90 OY7_002644
OY7_002644-T1        -            206 57204at5125          -            157   4.8e-72  240.3  24.6   2   2       3.6   2.8e+03   -2.6  22.5   122   157   168   206   159   206 0.73 OY7_002644
OY7_002197-T1        -            144 57204at5125          -            157   1.3e-09   37.5   0.0   1   1   2.1e-12   1.7e-09   37.1   0.0     6    72    62   127    59   142 0.82 OY7_002197
OY7_005729-T1        -             95 57204at5125          -            157   8.8e-07   28.2   0.0   1   1   1.3e-09     1e-06   28.1   0.0    19    67    38    87    23    94 0.82 OY7_005729
OY7_000099-T1        -             96 57204at5125          -            157   2.1e-05   23.8   0.0   1   1   3.3e-08   2.6e-05   23.5   0.0    10    70    24    90    19    95 0.69 OY7_000099
OY7_003514-T1        -             83 57204at5125          -            157   2.4e-05   23.6   0.1   1   1   4.6e-08   3.5e-05   23.0   0.1     6    71    10    70     6    79 0.88 OY7_003514
OY7_004094-T1        -            103 57204at5125          -            157   4.1e-05   22.8   0.0   1   1   1.5e-07   0.00012   21.4   0.0     6    73    12    88     8    94 0.78 OY7_004094
OY7_002517-T1        -             99 57204at5125          -            157   7.5e-05   22.0   0.0   1   1   1.1e-07   8.5e-05   21.8   0.0     5    71     5    73     2    97 0.82 OY7_002517
OY7_006636-T1        -            283 57204at5125          -            157   0.00012   21.4   0.0   1   1     3e-07   0.00024   20.4   0.0    20    60    39    80    25    96 0.81 OY7_006636
OY7_005848-T1        -             82 57204at5125          -            157    0.0017   17.6   0.0   1   1   2.6e-06     0.002   17.3   0.0     6    44    13    51    10    63 0.91 OY7_005848
OY7_005581-T1        -            188 57204at5125          -            157     0.002   17.3   1.7   1   2       1.7   1.3e+03   -1.6   0.4   136   148    19    31     5    43 0.48 OY7_005581
OY7_005581-T1        -            188 57204at5125          -            157     0.002   17.3   1.7   2   2   3.7e-06    0.0029   16.8   0.0    10    42    47    79    38    85 0.89 OY7_005581
OY7_002369-T1        -             81 57204at5125          -            157     0.005   16.0   0.0   1   1   6.9e-06    0.0053   16.0   0.0    11    72    23    79    13    81 0.77 OY7_002369
OY7_005808-T1        -            118 57204at5125          -            157     0.015   14.5   0.0   1   1   2.4e-05     0.019   14.2   0.0    13    43    50    80    40    96 0.86 OY7_005808
OY7_008832-T1        -             86 57204at5125          -            157     0.016   14.4   0.0   1   1   2.2e-05     0.017   14.3   0.0    21    44    30    53    12    78 0.81 OY7_008832
#
# Program:         hmmsearch
# Version:         3.1b2 (February 2015)
# Pipeline mode:   SEARCH
# Query file:      /home/zack/funannotate_db/hypocreales_odb10/hmms/57204at5125.hmm
# Target file:     /home/zack/Desktop/IsariaPreferralGenome/MyGenomeSubmittedToNCBI/HypocrealesProteinSets/Cfumosorosea_grCorFumo1.proteins.fa
# Option settings: hmmsearch --domtblout /home/zack/Desktop/IsariaPreferralGenome/MyGenomeSubmittedToNCBI/HypocrealesProteinSets/BUSCO_AA_all/BUSCO_AA_Cfumosorosea_grCorFumo1/run_hypocreales_odb10/hmmer_output/initial_run_results/57204at5125.out --cpu 1 /home/zack/funannotate_db/hypocreales_odb10/hmms/57204at5125.hmm /home/zack/Desktop/IsariaPreferralGenome/MyGenomeSubmittedToNCBI/HypocrealesProteinSets/Cfumosorosea_grCorFumo1.proteins.fa 
# Current dir:     /home/zack/Desktop/IsariaPreferralGenome/MyGenomeSubmittedToNCBI/HypocrealesProteinSets/BUSCO_AA_all
# Date:            Mon Mar  4 14:46:20 2024
# [ok]
