#                                                                            --- full sequence --- -------------- this domain -------------   hmm coord   ali coord   env coord
# target name        accession   tlen query name           accession   qlen   E-value  score  bias   #  of  c-Evalue  i-Evalue  score  bias  from    to  from    to  from    to  acc description of target
#------------------- ---------- ----- -------------------- ---------- ----- --------- ------ ----- --- --- --------- --------- ------ ----- ----- ----- ----- ----- ----- ----- ---- ---------------------
OY7_005304-T1        -             92 60600at5125          -             82   1.8e-47  159.0  14.2   1   1   6.8e-51   3.4e-47  158.1  14.2     1    82     1    92     1    92 0.94 OY7_005304
OY7_008074-T1        -            744 60600at5125          -             82      0.28   10.9   9.0   1   6     0.033   1.7e+02    2.0   0.0    33    76    41    85    34    89 0.79 OY7_008074
OY7_008074-T1        -            744 60600at5125          -             82      0.28   10.9   9.0   2   6    0.0015       7.3    6.4   0.0    46    73   205   232   183   235 0.85 OY7_008074
OY7_008074-T1        -            744 60600at5125          -             82      0.28   10.9   9.0   3   6      0.31   1.6e+03   -1.1   0.0    50    71   251   272   236   275 0.76 OY7_008074
OY7_008074-T1        -            744 60600at5125          -             82      0.28   10.9   9.0   4   6     0.058   2.9e+02    1.3   0.1    50    73   407   430   396   433 0.83 OY7_008074
OY7_008074-T1        -            744 60600at5125          -             82      0.28   10.9   9.0   5   6     0.085   4.3e+02    0.8   0.1    50    73   490   513   479   516 0.81 OY7_008074
OY7_008074-T1        -            744 60600at5125          -             82      0.28   10.9   9.0   6   6      0.89   4.5e+03   -2.5   0.1    49    73   531   555   523   556 0.75 OY7_008074
#
# Program:         hmmsearch
# Version:         3.1b2 (February 2015)
# Pipeline mode:   SEARCH
# Query file:      /home/zack/funannotate_db/hypocreales_odb10/hmms/60600at5125.hmm
# Target file:     /home/zack/Desktop/IsariaPreferralGenome/MyGenomeSubmittedToNCBI/HypocrealesProteinSets/Cfumosorosea_grCorFumo1.proteins.fa
# Option settings: hmmsearch --domtblout /home/zack/Desktop/IsariaPreferralGenome/MyGenomeSubmittedToNCBI/HypocrealesProteinSets/BUSCO_AA_all/BUSCO_AA_Cfumosorosea_grCorFumo1/run_hypocreales_odb10/hmmer_output/initial_run_results/60600at5125.out --cpu 1 /home/zack/funannotate_db/hypocreales_odb10/hmms/60600at5125.hmm /home/zack/Desktop/IsariaPreferralGenome/MyGenomeSubmittedToNCBI/HypocrealesProteinSets/Cfumosorosea_grCorFumo1.proteins.fa 
# Current dir:     /home/zack/Desktop/IsariaPreferralGenome/MyGenomeSubmittedToNCBI/HypocrealesProteinSets/BUSCO_AA_all
# Date:            Mon Mar  4 14:46:23 2024
# [ok]
