#                                                                            --- full sequence --- -------------- this domain -------------   hmm coord   ali coord   env coord
# target name        accession   tlen query name           accession   qlen   E-value  score  bias   #  of  c-Evalue  i-Evalue  score  bias  from    to  from    to  from    to  acc description of target
#------------------- ---------- ----- -------------------- ---------- ----- --------- ------ ----- --- --- --------- --------- ------ ----- ----- ----- ----- ----- ----- ----- ---- ---------------------
FRD24_007016-T1      -            472 20946at5125          -            328  4.9e-169  560.9  15.4   1   3  3.1e-127  1.1e-123  411.8   7.1     1   203     8   210     8   219 0.99 FRD24_007016
FRD24_007016-T1      -            472 20946at5125          -            328  4.9e-169  560.9  15.4   2   3   0.00049       1.8    6.9   0.0   200   219   238   257   233   275 0.87 FRD24_007016
FRD24_007016-T1      -            472 20946at5125          -            328  4.9e-169  560.9  15.4   3   3   1.9e-46   6.8e-43  146.3   0.6   216   319   303   406   273   416 0.83 FRD24_007016
FRD24_003927-T1      -            479 20946at5125          -            328  6.9e-116  386.2  16.3   1   2   2.5e-90     9e-87  290.5  11.9     3   239     6   244     4   250 0.94 FRD24_003927
FRD24_003927-T1      -            479 20946at5125          -            328  6.9e-116  386.2  16.3   2   2     4e-31   1.4e-27   95.9   0.1   227   321   305   398   285   405 0.88 FRD24_003927
FRD24_010012-T1      -            489 20946at5125          -            328     4e-66  222.6  14.4   1   2   2.8e-50     1e-46  158.9   8.6     3   205     4   205     2   236 0.93 FRD24_010012
FRD24_010012-T1      -            489 20946at5125          -            328     4e-66  222.6  14.4   2   2   2.1e-22   7.6e-19   67.2   0.3   242   317   328   403   319   414 0.89 FRD24_010012
#
# Program:         hmmsearch
# Version:         3.1b2 (February 2015)
# Pipeline mode:   SEARCH
# Query file:      /home/zack/funannotate_db/hypocreales_odb10/hmms/20946at5125.hmm
# Target file:     /home/zack/Desktop/IsariaPreferralGenome/MyGenomeSubmittedToNCBI/HypocrealesProteinSets/Ccateniannulata_FRD_24.proteins.fa
# Option settings: hmmsearch --domtblout /home/zack/Desktop/IsariaPreferralGenome/MyGenomeSubmittedToNCBI/HypocrealesProteinSets/BUSCO_AA_all/BUSCO_AA_Ccateniannulata_FRD_24/run_hypocreales_odb10/hmmer_output/initial_run_results/20946at5125.out --cpu 1 /home/zack/funannotate_db/hypocreales_odb10/hmms/20946at5125.hmm /home/zack/Desktop/IsariaPreferralGenome/MyGenomeSubmittedToNCBI/HypocrealesProteinSets/Ccateniannulata_FRD_24.proteins.fa 
# Current dir:     /home/zack/Desktop/IsariaPreferralGenome/MyGenomeSubmittedToNCBI/HypocrealesProteinSets/BUSCO_AA_all
# Date:            Mon Mar  4 14:27:55 2024
# [ok]
