#                                                                            --- full sequence --- -------------- this domain -------------   hmm coord   ali coord   env coord
# target name        accession   tlen query name           accession   qlen   E-value  score  bias   #  of  c-Evalue  i-Evalue  score  bias  from    to  from    to  from    to  acc description of target
#------------------- ---------- ----- -------------------- ---------- ----- --------- ------ ----- --- --- --------- --------- ------ ----- ----- ----- ----- ----- ----- ----- ---- ---------------------
FRD24_008416-T1      -           1646 2185at5125           -            898         0 1528.3  26.5   1   2   1.6e-58   6.7e-56  188.7  11.0     7   171   414   609   407   614 0.86 FRD24_008416
FRD24_008416-T1      -           1646 2185at5125           -            898         0 1528.3  26.5   2   2         0         0 1335.7   7.5   160   884   628  1436   621  1453 0.91 FRD24_008416
FRD24_007807-T1      -           1604 2185at5125           -            898  3.8e-128  427.8   0.5   1   1  2.2e-130  9.4e-128  426.5   0.5   183   795   290   932   224   988 0.83 FRD24_007807
FRD24_007966-T1      -           1116 2185at5125           -            898  9.1e-112  373.6   0.3   1   1    4e-114  1.7e-111  372.7   0.3   312   825   172   691   159   755 0.88 FRD24_007966
FRD24_009512-T1      -           1413 2185at5125           -            898  3.6e-109  365.0   4.1   1   1  1.9e-111  8.1e-109  363.8   4.1   301   794   520  1024   506  1122 0.85 FRD24_009512
FRD24_000633-T1      -            878 2185at5125           -            898   1.1e-95  320.4   1.5   1   2     3e-52   1.3e-49  167.9   1.2   309   570   125   410   121   424 0.83 FRD24_000633
FRD24_000633-T1      -            878 2185at5125           -            898   1.1e-95  320.4   1.5   2   2   1.8e-46   7.7e-44  148.8   0.0   619   776   625   783   586   852 0.90 FRD24_000633
FRD24_001368-T1      -           1693 2185at5125           -            898   8.6e-91  304.2   3.1   1   2   5.1e-51   2.2e-48  163.9   1.4   312   606   831  1143   823  1148 0.82 FRD24_001368
FRD24_001368-T1      -           1693 2185at5125           -            898   8.6e-91  304.2   3.1   2   2   1.2e-43     5e-41  139.5   0.0   620   773  1412  1565  1397  1574 0.92 FRD24_001368
FRD24_003842-T1      -           1703 2185at5125           -            898   7.8e-81  271.2   8.0   1   2   6.1e-44   2.6e-41  140.5   3.0   317   606   823  1127   812  1158 0.82 FRD24_003842
FRD24_003842-T1      -           1703 2185at5125           -            898   7.8e-81  271.2   8.0   2   2   1.4e-40   6.2e-38  129.3   0.2   625   777  1385  1537  1355  1575 0.93 FRD24_003842
FRD24_000917-T1      -            946 2185at5125           -            898     7e-80  268.1   1.0   1   2     1e-46   4.5e-44  149.6   0.1   308   610   389   707   380   721 0.78 FRD24_000917
FRD24_000917-T1      -            946 2185at5125           -            898     7e-80  268.1   1.0   2   2   1.2e-36     5e-34  116.4   0.1   627   794   770   935   767   944 0.92 FRD24_000917
FRD24_006702-T1      -           1155 2185at5125           -            898   1.1e-64  217.8   0.2   1   1   2.6e-66   1.1e-63  214.5   0.2   321   763   395   866   386   881 0.81 FRD24_006702
FRD24_009553-T1      -           1901 2185at5125           -            898   3.1e-59  199.8   3.0   1   1   3.3e-60   1.4e-57  194.3   3.1   319   790  1308  1826  1282  1836 0.77 FRD24_009553
FRD24_005648-T1      -            562 2185at5125           -            898   5.8e-56  189.0   0.0   1   2   3.8e-24   1.6e-21   74.9   0.0   345   502     1   166     1   186 0.84 FRD24_005648
FRD24_005648-T1      -            562 2185at5125           -            898   5.8e-56  189.0   0.0   2   2   2.1e-35   9.2e-33  112.2   0.0   627   783   318   476   255   504 0.94 FRD24_005648
FRD24_005178-T1      -           1115 2185at5125           -            898   6.4e-52  175.6   1.1   1   2   9.1e-21   3.9e-18   63.8   0.5   321   503   179   370   155   474 0.71 FRD24_005178
FRD24_005178-T1      -           1115 2185at5125           -            898   6.4e-52  175.6   1.1   2   2   3.1e-34   1.3e-31  108.3   0.0   627   761   556   690   544   702 0.93 FRD24_005178
FRD24_010533-T1      -            956 2185at5125           -            898   5.2e-49  165.9   0.1   1   2   4.6e-22     2e-19   68.1   0.0   311   502   343   542   315   547 0.78 FRD24_010533
FRD24_010533-T1      -            956 2185at5125           -            898   5.2e-49  165.9   0.1   2   2   2.3e-30   9.8e-28   95.5   0.0   625   781   781   939   738   955 0.87 FRD24_010533
FRD24_001565-T1      -           1206 2185at5125           -            898   2.1e-47  160.6   1.8   1   2   1.4e-19   5.9e-17   59.9   0.3   320   607   421   746   411   766 0.73 FRD24_001565
FRD24_001565-T1      -           1206 2185at5125           -            898   2.1e-47  160.6   1.8   2   2   1.4e-31   5.8e-29   99.6   0.1   628   779  1029  1184   951  1197 0.82 FRD24_001565
FRD24_004209-T1      -           1082 2185at5125           -            898   1.3e-44  151.4   0.1   1   2   6.3e-20   2.7e-17   61.0   0.0   312   535   245   499   199   505 0.68 FRD24_004209
FRD24_004209-T1      -           1082 2185at5125           -            898   1.3e-44  151.4   0.1   2   2     4e-28   1.7e-25   88.1   0.1   624   776   862  1013   849  1030 0.93 FRD24_004209
FRD24_004508-T1      -           1612 2185at5125           -            898   3.5e-43  146.6   0.4   1   2   3.7e-15   1.6e-12   45.2   0.0   321   501   773   977   765   993 0.69 FRD24_004508
FRD24_004508-T1      -           1612 2185at5125           -            898   3.5e-43  146.6   0.4   2   2   2.1e-31   8.9e-29   99.0   0.1   624   762  1136  1273  1009  1290 0.92 FRD24_004508
FRD24_006396-T1      -           1117 2185at5125           -            898   1.9e-39  134.3   1.1   1   3   1.6e-05    0.0071   13.3   0.0   344   363   480   499   468   508 0.88 FRD24_006396
FRD24_006396-T1      -           1117 2185at5125           -            898   1.9e-39  134.3   1.1   2   3   1.7e-10   7.1e-08   29.8   0.0   358   606   524   799   510   814 0.74 FRD24_006396
FRD24_006396-T1      -           1117 2185at5125           -            898   1.9e-39  134.3   1.1   3   3   4.2e-28   1.8e-25   88.0   0.2   627   792   946  1112   932  1116 0.86 FRD24_006396
FRD24_002927-T1      -           1088 2185at5125           -            898   1.4e-38  131.4   0.2   1   3    0.0023      0.98    6.2   0.0   342   366   440   464   436   472 0.84 FRD24_002927
FRD24_002927-T1      -           1088 2185at5125           -            898   1.4e-38  131.4   0.2   2   3     2e-10   8.7e-08   29.5   0.0   373   552   509   697   493   741 0.76 FRD24_002927
FRD24_002927-T1      -           1088 2185at5125           -            898   1.4e-38  131.4   0.2   3   3     3e-29   1.3e-26   91.8   0.0   646   783   933  1067   926  1084 0.92 FRD24_002927
FRD24_001420-T1      -           1496 2185at5125           -            898   1.2e-21   75.4   0.0   1   2   1.9e-12   8.3e-10   36.2   0.0   343   566   327   586   316   631 0.71 FRD24_001420
FRD24_001420-T1      -           1496 2185at5125           -            898   1.2e-21   75.4   0.0   2   2   1.9e-12     8e-10   36.3   0.0   641   766  1248  1366  1231  1375 0.88 FRD24_001420
FRD24_006461-T1      -            600 2185at5125           -            898   8.6e-13   46.1   0.0   1   2   1.4e-10   6.2e-08   30.0   0.0   344   502    95   268    91   333 0.68 FRD24_006461
FRD24_006461-T1      -            600 2185at5125           -            898   8.6e-13   46.1   0.0   2   2   1.5e-05    0.0063   13.4   0.0   646   724   521   599   503   600 0.91 FRD24_006461
FRD24_008468-T1      -           1140 2185at5125           -            898   1.1e-12   45.7   0.4   1   3      0.14        61    0.3   0.0   342   361   265   284   256   298 0.81 FRD24_008468
FRD24_008468-T1      -           1140 2185at5125           -            898   1.1e-12   45.7   0.4   2   3     2e-05    0.0084   13.0   0.0   375   487   386   499   376   509 0.73 FRD24_008468
FRD24_008468-T1      -           1140 2185at5125           -            898   1.1e-12   45.7   0.4   3   3   5.3e-10   2.3e-07   28.1   0.3   627   765   873  1010   860  1033 0.77 FRD24_008468
FRD24_003297-T1      -            490 2185at5125           -            898   7.8e-07   26.4   0.0   1   1   2.4e-09     1e-06   26.0   0.0   619   746   206   335   176   365 0.86 FRD24_003297
FRD24_002573-T1      -           1680 2185at5125           -            898   0.00077   16.5   0.6   1   2   1.3e-05    0.0055   13.6   0.0     4    84   375   456   372   464 0.72 FRD24_002573
FRD24_002573-T1      -           1680 2185at5125           -            898   0.00077   16.5   0.6   2   2      0.13        56    0.4   0.4    16    84  1253  1322  1248  1333 0.60 FRD24_002573
FRD24_009560-T1      -            647 2185at5125           -            898    0.0085   13.0   0.0   1   1   2.8e-05     0.012   12.5   0.0    52    84   125   157    97   163 0.86 FRD24_009560
FRD24_002054-T1      -           1246 2185at5125           -            898      0.14    9.0   2.6   1   2    0.0034       1.4    5.6   0.2    57    85   784   812   770   832 0.85 FRD24_002054
FRD24_002054-T1      -           1246 2185at5125           -            898      0.14    9.0   2.6   2   2     0.019         8    3.2   0.2    54    83   909   939   900   944 0.84 FRD24_002054
#
# Program:         hmmsearch
# Version:         3.1b2 (February 2015)
# Pipeline mode:   SEARCH
# Query file:      /home/zack/funannotate_db/hypocreales_odb10/hmms/2185at5125.hmm
# Target file:     /home/zack/Desktop/IsariaPreferralGenome/MyGenomeSubmittedToNCBI/HypocrealesProteinSets/Ccateniannulata_FRD_24.proteins.fa
# Option settings: hmmsearch --domtblout /home/zack/Desktop/IsariaPreferralGenome/MyGenomeSubmittedToNCBI/HypocrealesProteinSets/BUSCO_AA_all/BUSCO_AA_Ccateniannulata_FRD_24/run_hypocreales_odb10/hmmer_output/initial_run_results/2185at5125.out --cpu 1 /home/zack/funannotate_db/hypocreales_odb10/hmms/2185at5125.hmm /home/zack/Desktop/IsariaPreferralGenome/MyGenomeSubmittedToNCBI/HypocrealesProteinSets/Ccateniannulata_FRD_24.proteins.fa 
# Current dir:     /home/zack/Desktop/IsariaPreferralGenome/MyGenomeSubmittedToNCBI/HypocrealesProteinSets/BUSCO_AA_all
# Date:            Mon Mar  4 14:27:41 2024
# [ok]
