#                                                                            --- full sequence --- -------------- this domain -------------   hmm coord   ali coord   env coord
# target name        accession   tlen query name           accession   qlen   E-value  score  bias   #  of  c-Evalue  i-Evalue  score  bias  from    to  from    to  from    to  acc description of target
#------------------- ---------- ----- -------------------- ---------- ----- --------- ------ ----- --- --- --------- --------- ------ ----- ----- ----- ----- ----- ----- ----- ---- ---------------------
FRD24_009500-T1      -            537 22834at5125          -            399  2.2e-229  760.3  20.0   1   1  1.4e-229  1.5e-227  754.3  20.0     1   399    43   528    43   528 0.91 FRD24_009500
FRD24_007829-T1      -            511 22834at5125          -            399   3.3e-67  226.3   0.0   1   1   4.4e-69   4.6e-67  225.8   0.0   127   382    69   332    28   343 0.84 FRD24_007829
FRD24_008367-T1      -            648 22834at5125          -            399   1.6e-43  148.3   0.0   1   1   2.8e-45   2.9e-43  147.4   0.0   116   382   300   562   288   570 0.88 FRD24_008367
FRD24_003806-T1      -            662 22834at5125          -            399   3.7e-42  143.8   0.0   1   1   1.6e-43   1.7e-41  141.6   0.0   131   381    37   273    15   284 0.89 FRD24_003806
FRD24_008754-T1      -           1457 22834at5125          -            399   4.2e-37  127.2   0.0   1   2   1.6e-38   1.7e-36  125.2   0.0   142   384    75   306    40   318 0.83 FRD24_008754
FRD24_008754-T1      -           1457 22834at5125          -            399   4.2e-37  127.2   0.0   2   2         7   7.4e+02   -2.1   0.0    45    89   332   379   310   383 0.78 FRD24_008754
FRD24_001538-T1      -            639 22834at5125          -            399   3.4e-34  117.6   0.0   1   1   7.4e-36   7.8e-34  116.4   0.0   132   379    27   260     8   266 0.89 FRD24_001538
FRD24_006061-T1      -            890 22834at5125          -            399   2.6e-30  104.8   0.0   1   1   5.2e-32   5.5e-30  103.7   0.0   130   379   618   862   605   868 0.83 FRD24_006061
FRD24_002052-T1      -            844 22834at5125          -            399   3.8e-29  101.0   0.0   1   1   3.7e-31   3.8e-29  101.0   0.0   154   379   608   824   564   827 0.89 FRD24_002052
FRD24_009119-T1      -            711 22834at5125          -            399   3.2e-27   94.6   0.0   1   1     5e-29   5.3e-27   93.9   0.0   155   379   475   690   460   706 0.90 FRD24_009119
FRD24_007092-T1      -            904 22834at5125          -            399   5.7e-26   90.5   0.0   1   1     9e-28   9.5e-26   89.8   0.0   105   315   613   846   557   855 0.72 FRD24_007092
FRD24_009667-T1      -           1338 22834at5125          -            399   2.1e-24   85.3   0.0   1   1     4e-26   4.2e-24   84.4   0.0   146   387  1071  1317  1039  1320 0.79 FRD24_009667
FRD24_005774-T1      -           1624 22834at5125          -            399   3.6e-24   84.6   0.1   1   1   1.1e-25   1.1e-23   83.0   0.1   173   314  1400  1543  1351  1550 0.85 FRD24_005774
FRD24_005279-T1      -           1104 22834at5125          -            399   2.1e-23   82.1   0.1   1   1     2e-25   2.1e-23   82.1   0.1   191   380   282   459   262   463 0.89 FRD24_005279
FRD24_004259-T1      -            871 22834at5125          -            399   1.8e-22   79.0   0.0   1   1   3.2e-24   3.4e-22   78.1   0.0   188   378   125   308    64   316 0.85 FRD24_004259
FRD24_005962-T1      -            723 22834at5125          -            399   7.5e-22   77.0   0.0   1   2      0.67        70    1.3   0.0   166   210    59   103    45   124 0.81 FRD24_005962
FRD24_005962-T1      -            723 22834at5125          -            399   7.5e-22   77.0   0.0   2   2   1.4e-22   1.5e-20   72.7   0.0   227   386   151   299   133   310 0.83 FRD24_005962
FRD24_008326-T1      -            705 22834at5125          -            399   4.5e-20   71.1   0.0   1   2     5e-21   5.2e-19   67.6   0.0   188   379   136   329   125   351 0.83 FRD24_008326
FRD24_008326-T1      -            705 22834at5125          -            399   4.5e-20   71.1   0.0   2   2       1.1   1.2e+02    0.6   0.1    40    70   575   608   559   613 0.77 FRD24_008326
FRD24_003837-T1      -            884 22834at5125          -            399   1.4e-19   69.5   0.0   1   1   3.5e-21   3.7e-19   68.1   0.0   156   320    77   240    45   294 0.87 FRD24_003837
FRD24_004339-T1      -            691 22834at5125          -            399   2.1e-19   68.9   0.0   1   1   3.6e-21   3.8e-19   68.1   0.0   188   380   396   588   341   596 0.69 FRD24_004339
FRD24_007834-T1      -            707 22834at5125          -            399   2.5e-19   68.6   0.0   1   1   3.8e-21     4e-19   68.0   0.0   140   315    91   265    64   288 0.84 FRD24_007834
FRD24_000280-T1      -            914 22834at5125          -            399   3.9e-19   68.0   0.0   1   1   3.7e-21   3.9e-19   68.0   0.0   208   320   604   718   572   726 0.82 FRD24_000280
FRD24_004453-T1      -            546 22834at5125          -            399   7.8e-19   67.0   0.0   1   1   7.4e-21   7.8e-19   67.0   0.0   175   322   296   438   257   498 0.86 FRD24_004453
FRD24_004082-T1      -            529 22834at5125          -            399   2.1e-18   65.6   0.1   1   1   3.5e-20   3.7e-18   64.8   0.0   141   316    46   220    25   245 0.83 FRD24_004082
FRD24_003125-T1      -            604 22834at5125          -            399   2.2e-18   65.5   0.0   1   1   3.4e-20   3.5e-18   64.9   0.0   186   315    95   225    77   240 0.86 FRD24_003125
FRD24_006837-T1      -            532 22834at5125          -            399   5.6e-18   64.2   0.0   1   1   1.1e-19   1.2e-17   63.2   0.0   136   305    36   222     5   237 0.72 FRD24_006837
FRD24_009145-T1      -            632 22834at5125          -            399   6.8e-18   63.9   0.0   1   1     1e-19   1.1e-17   63.3   0.0   223   322   397   497   366   511 0.89 FRD24_009145
FRD24_002047-T1      -            417 22834at5125          -            399   8.6e-18   63.6   0.0   1   1   1.5e-19   1.5e-17   62.8   0.0   140   329   170   361   153   408 0.85 FRD24_002047
FRD24_000949-T1      -           1796 22834at5125          -            399   9.6e-18   63.4   0.0   1   2   3.9e-13   4.1e-11   41.6   0.0   167   261   772   863   729   889 0.80 FRD24_000949
FRD24_000949-T1      -           1796 22834at5125          -            399   9.6e-18   63.4   0.0   2   2   4.7e-06   0.00049   18.3   0.0   271   319  1031  1079  1023  1088 0.88 FRD24_000949
FRD24_001520-T1      -            394 22834at5125          -            399   1.1e-17   63.2   0.0   1   1     2e-19   2.1e-17   62.3   0.0   224   332   145   254   139   327 0.75 FRD24_001520
FRD24_009625-T1      -            417 22834at5125          -            399   1.3e-17   63.0   0.0   1   1   2.6e-19   2.8e-17   61.9   0.0   141   380    47   279    25   288 0.85 FRD24_009625
FRD24_000926-T1      -            983 22834at5125          -            399   1.6e-17   62.7   0.0   1   1   1.5e-19   1.6e-17   62.7   0.0   138   379   101   338    89   353 0.83 FRD24_000926
FRD24_004199-T1      -            325 22834at5125          -            399   2.2e-17   62.2   0.0   1   2       6.2   6.6e+02   -1.9   0.0   140   178    30    69    11    86 0.78 FRD24_004199
FRD24_004199-T1      -            325 22834at5125          -            399   2.2e-17   62.2   0.0   2   2     6e-19   6.3e-17   60.7   0.0   212   317   121   228   110   235 0.91 FRD24_004199
FRD24_002123-T1      -            420 22834at5125          -            399   2.3e-17   62.2   0.0   1   1   3.4e-19   3.6e-17   61.5   0.0   219   343   138   265   134   270 0.86 FRD24_002123
FRD24_000044-T1      -           1164 22834at5125          -            399   5.8e-17   60.8   0.0   1   1   1.1e-16   1.2e-14   53.3   0.0   171   382   368   596   349   601 0.80 FRD24_000044
FRD24_001235-T1      -            650 22834at5125          -            399   7.7e-17   60.4   0.1   1   2   1.4e-12   1.5e-10   39.7   0.0   153   269   309   422   274   428 0.80 FRD24_001235
FRD24_001235-T1      -            650 22834at5125          -            399   7.7e-17   60.4   0.1   2   2   4.7e-06    0.0005   18.3   0.0   271   319   470   518   464   526 0.89 FRD24_001235
FRD24_008777-T1      -            418 22834at5125          -            399   8.2e-17   60.4   0.0   1   1   1.4e-18   1.5e-16   59.5   0.0   222   310   132   226   114   241 0.86 FRD24_008777
FRD24_002514-T1      -            742 22834at5125          -            399   1.2e-16   59.8   0.0   1   1   2.7e-18   2.8e-16   58.6   0.0   222   380   250   400   179   406 0.78 FRD24_002514
FRD24_002793-T1      -            380 22834at5125          -            399   1.3e-16   59.7   0.0   1   1   2.1e-18   2.2e-16   58.9   0.0   223   316   147   239   131   253 0.88 FRD24_002793
FRD24_003147-T1      -            326 22834at5125          -            399   2.5e-16   58.8   0.0   1   2   2.3e-17   2.5e-15   55.5   0.0   139   321    34   217    14   242 0.80 FRD24_003147
FRD24_003147-T1      -            326 22834at5125          -            399   2.5e-16   58.8   0.0   2   2      0.75        79    1.1   0.0   357   382   270   295   266   304 0.84 FRD24_003147
FRD24_008595-T1      -            319 22834at5125          -            399   2.6e-16   58.7   0.0   1   1   3.5e-18   3.7e-16   58.2   0.0   159   315   121   275    93   293 0.82 FRD24_008595
FRD24_007134-T1      -            765 22834at5125          -            399   9.5e-16   56.9   0.1   1   1   3.6e-17   3.8e-15   54.9   0.1   158   317   245   419    80   430 0.75 FRD24_007134
FRD24_003830-T1      -            473 22834at5125          -            399   2.7e-15   55.4   0.0   1   1     4e-17   4.2e-15   54.7   0.0   221   314   322   418   317   456 0.79 FRD24_003830
FRD24_004789-T1      -            776 22834at5125          -            399   2.8e-15   55.3   0.0   1   2   8.6e-16   9.1e-14   50.3   0.0   219   323   555   664   524   670 0.82 FRD24_004789
FRD24_004789-T1      -            776 22834at5125          -            399   2.8e-15   55.3   0.0   2   2       0.3        31    2.5   0.0   350   385   740   775   725   776 0.85 FRD24_004789
FRD24_002189-T1      -           1187 22834at5125          -            399   3.1e-15   55.1   0.0   1   1     6e-17   6.3e-15   54.2   0.0   158   314   178   333   168   358 0.86 FRD24_002189
FRD24_005680-T1      -            356 22834at5125          -            399   5.1e-15   54.5   0.0   1   1   7.2e-17   7.6e-15   53.9   0.0   224   320   133   234   127   247 0.83 FRD24_005680
FRD24_004632-T1      -            656 22834at5125          -            399   5.1e-15   54.4   0.2   1   2   3.6e-09   3.8e-07   28.5   0.0   140   261   277   397   259   404 0.85 FRD24_004632
FRD24_004632-T1      -            656 22834at5125          -            399   5.1e-15   54.4   0.2   2   2   1.1e-07   1.1e-05   23.7   0.2   270   382   450   558   446   568 0.77 FRD24_004632
FRD24_005816-T1      -           1108 22834at5125          -            399   5.5e-15   54.4   0.0   1   2       4.3   4.5e+02   -1.3   2.2    44    98   634   689   628   696 0.70 FRD24_005816
FRD24_005816-T1      -           1108 22834at5125          -            399   5.5e-15   54.4   0.0   2   2   5.2e-17   5.5e-15   54.4   0.0   188   328   859   998   849  1011 0.89 FRD24_005816
FRD24_008098-T1      -            624 22834at5125          -            399   8.8e-15   53.7   0.0   1   1   1.3e-16   1.4e-14   53.1   0.0   160   318   384   539   349   561 0.75 FRD24_008098
FRD24_004524-T1      -            646 22834at5125          -            399   9.1e-15   53.6   0.0   1   2   1.6e-10   1.7e-08   33.0   0.0   157   269   303   417   269   427 0.71 FRD24_004524
FRD24_004524-T1      -            646 22834at5125          -            399   9.1e-15   53.6   0.0   2   2   4.7e-06    0.0005   18.3   0.0   270   316   446   492   439   541 0.86 FRD24_004524
FRD24_002042-T1      -           1187 22834at5125          -            399   9.7e-15   53.5   0.0   1   2   4.1e-16   4.3e-14   51.4   0.0   206   315  1024  1134  1016  1145 0.85 FRD24_002042
FRD24_002042-T1      -           1187 22834at5125          -            399   9.7e-15   53.5   0.0   2   2       3.9   4.1e+02   -1.2   0.0   354   379  1155  1180  1137  1184 0.88 FRD24_002042
FRD24_005204-T1      -           1072 22834at5125          -            399   1.1e-14   53.4   0.1   1   1   3.5e-16   3.7e-14   51.6   0.0   170   309   785   922   749   938 0.86 FRD24_005204
FRD24_000284-T1      -            532 22834at5125          -            399   1.8e-14   52.6   0.0   1   1   2.7e-16   2.8e-14   52.0   0.0   174   313   239   378   227   419 0.81 FRD24_000284
FRD24_009920-T1      -            407 22834at5125          -            399   2.2e-14   52.4   0.0   1   2   5.7e-16     6e-14   50.9   0.0   153   310   109   267    12   284 0.73 FRD24_009920
FRD24_009920-T1      -            407 22834at5125          -            399   2.2e-14   52.4   0.0   2   2       5.4   5.7e+02   -1.7   0.0   362   379   339   356   329   359 0.82 FRD24_009920
FRD24_008270-T1      -            375 22834at5125          -            399   3.1e-14   51.9   0.0   1   1   4.1e-16   4.3e-14   51.4   0.0   172   312   112   255    69   266 0.78 FRD24_008270
FRD24_008370-T1      -            593 22834at5125          -            399   3.5e-14   51.7   0.0   1   1   4.7e-16   4.9e-14   51.2   0.0   141   308   243   415   213   433 0.78 FRD24_008370
FRD24_008841-T1      -            467 22834at5125          -            399   5.7e-14   51.0   0.0   1   1   8.4e-16   8.8e-14   50.4   0.0   219   323   175   284   109   289 0.84 FRD24_008841
FRD24_001594-T1      -            692 22834at5125          -            399   5.8e-14   51.0   0.0   1   1   2.7e-15   2.8e-13   48.7   0.0   190   314   452   593   397   610 0.81 FRD24_001594
FRD24_008111-T1      -            498 22834at5125          -            399   1.1e-13   50.1   0.0   1   1   1.9e-15     2e-13   49.2   0.0   186   307   291   417   137   431 0.81 FRD24_008111
FRD24_006781-T1      -            466 22834at5125          -            399   3.6e-13   48.4   0.0   1   1   4.7e-15   4.9e-13   47.9   0.0   135   307   124   303    90   334 0.76 FRD24_006781
FRD24_002299-T1      -           1560 22834at5125          -            399   4.5e-13   48.0   0.1   1   2         1   1.1e+02    0.7   0.0   101   183   523   610   503   617 0.69 FRD24_002299
FRD24_002299-T1      -           1560 22834at5125          -            399   4.5e-13   48.0   0.1   2   2   6.2e-14   6.5e-12   44.2   0.0   180   307   709   853   698   864 0.78 FRD24_002299
FRD24_009607-T1      -            767 22834at5125          -            399   9.5e-13   47.0   0.0   1   2   4.8e-08   5.1e-06   24.8   0.0   159   248    74   164    40   170 0.75 FRD24_009607
FRD24_009607-T1      -            767 22834at5125          -            399   9.5e-13   47.0   0.0   2   2   1.9e-06    0.0002   19.6   0.0   252   315   192   256   189   267 0.89 FRD24_009607
FRD24_009099-T1      -           1342 22834at5125          -            399   1.4e-12   46.4   0.0   1   2   1.4e-14   1.4e-12   46.4   0.0   214   320  1030  1136  1005  1145 0.86 FRD24_009099
FRD24_009099-T1      -           1342 22834at5125          -            399   1.4e-12   46.4   0.0   2   2       4.4   4.7e+02   -1.4   0.0   350   380  1196  1226  1181  1230 0.86 FRD24_009099
FRD24_001819-T1      -            722 22834at5125          -            399   1.6e-12   46.2   0.0   1   1   3.4e-14   3.5e-12   45.1   0.0   133   312    65   256    55   278 0.86 FRD24_001819
FRD24_000784-T1      -           1091 22834at5125          -            399   2.4e-12   45.7   0.0   1   2   4.7e-08   4.9e-06   24.9   0.0   147   265   291   406   258   412 0.77 FRD24_000784
FRD24_000784-T1      -           1091 22834at5125          -            399   2.4e-12   45.7   0.0   2   2   5.4e-06   0.00057   18.1   0.0   271   382   445   553   431   561 0.84 FRD24_000784
FRD24_007179-T1      -            901 22834at5125          -            399   5.8e-12   44.4   0.0   1   1   1.1e-13   1.1e-11   43.4   0.0   218   310   440   532   408   552 0.83 FRD24_007179
FRD24_000661-T1      -            376 22834at5125          -            399   6.5e-12   44.2   0.0   1   2       9.5     1e+03   -2.5   0.0   140   148   107   115    31   132 0.63 FRD24_000661
FRD24_000661-T1      -            376 22834at5125          -            399   6.5e-12   44.2   0.0   2   2   1.4e-13   1.5e-11   43.1   0.0   218   318   182   292   168   317 0.77 FRD24_000661
FRD24_006603-T1      -           1175 22834at5125          -            399   1.3e-11   43.3   0.0   1   1   1.7e-11   1.7e-09   36.2   0.0   224   321   408   532   389   619 0.73 FRD24_006603
FRD24_007782-T1      -            558 22834at5125          -            399   1.9e-11   42.7   0.0   1   1   2.9e-13     3e-11   42.0   0.0   174   302   247   376   164   400 0.80 FRD24_007782
FRD24_004000-T1      -            806 22834at5125          -            399   2.7e-11   42.2   0.2   1   2   7.3e-13   7.7e-11   40.7   0.0   196   313   476   599   387   606 0.85 FRD24_004000
FRD24_004000-T1      -            806 22834at5125          -            399   2.7e-11   42.2   0.2   2   2       8.6   9.1e+02   -2.3   0.0   354   381   749   776   746   779 0.89 FRD24_004000
FRD24_005795-T1      -            455 22834at5125          -            399   4.2e-11   41.6   0.0   1   1   1.6e-12   1.7e-10   39.5   0.0   216   379   119   280    85   284 0.79 FRD24_005795
FRD24_004790-T1      -            516 22834at5125          -            399   7.1e-11   40.8   0.0   1   1   9.9e-13     1e-10   40.3   0.0   187   319   139   278    74   287 0.80 FRD24_004790
FRD24_004612-T1      -            929 22834at5125          -            399   1.2e-10   40.1   0.0   1   3      0.91        96    0.9   0.0   158   203    67   110    47   123 0.72 FRD24_004612
FRD24_004612-T1      -            929 22834at5125          -            399   1.2e-10   40.1   0.0   2   3    0.0056       0.6    8.1   0.0   218   249   145   176   134   182 0.81 FRD24_004612
FRD24_004612-T1      -            929 22834at5125          -            399   1.2e-10   40.1   0.0   3   3   1.4e-08   1.5e-06   26.6   0.0   253   316   208   271   201   291 0.93 FRD24_004612
FRD24_003649-T1      -            738 22834at5125          -            399   1.7e-10   39.6   0.2   1   1   6.6e-12   6.9e-10   37.5   0.2   191   266   459   537   425   599 0.77 FRD24_003649
FRD24_007291-T1      -            342 22834at5125          -            399   2.5e-10   39.0   0.0   1   1   3.2e-12   3.3e-10   38.6   0.0   143   315    56   227    28   244 0.82 FRD24_007291
FRD24_009270-T1      -            587 22834at5125          -            399   2.9e-10   38.8   0.0   1   1   5.8e-12   6.1e-10   37.7   0.0   138   285   265   418   242   422 0.80 FRD24_009270
FRD24_001944-T1      -            774 22834at5125          -            399   3.5e-10   38.5   0.0   1   1   5.6e-12   5.9e-10   37.8   0.0   218   300   275   356   268   365 0.85 FRD24_001944
FRD24_005924-T1      -            626 22834at5125          -            399   1.7e-09   36.3   0.0   1   2       2.4   2.5e+02   -0.5   0.0    40   104   250   316   236   328 0.82 FRD24_005924
FRD24_005924-T1      -            626 22834at5125          -            399   1.7e-09   36.3   0.0   2   2     9e-11   9.4e-09   33.8   0.0   219   306   457   542   441   553 0.85 FRD24_005924
FRD24_001159-T1      -            838 22834at5125          -            399   2.8e-09   35.6   1.3   1   2      0.97     1e+02    0.8   2.3     7    71   165   228   160   273 0.74 FRD24_001159
FRD24_001159-T1      -            838 22834at5125          -            399   2.8e-09   35.6   1.3   2   2   5.8e-10   6.1e-08   31.2   0.0   139   286   518   673   424   730 0.79 FRD24_001159
FRD24_007379-T1      -            561 22834at5125          -            399   3.9e-09   35.1   0.0   1   1   6.3e-11   6.6e-09   34.3   0.0   191   304   303   417   298   425 0.79 FRD24_007379
FRD24_000372-T1      -            731 22834at5125          -            399   9.6e-09   33.8   0.0   1   1   1.6e-10   1.7e-08   33.0   0.0   222   316   298   402   284   421 0.77 FRD24_000372
FRD24_005597-T1      -            484 22834at5125          -            399     1e-08   33.7   0.1   1   3   0.00071     0.075   11.1   0.0   224   262   235   274   227   282 0.75 FRD24_005597
FRD24_005597-T1      -            484 22834at5125          -            399     1e-08   33.7   0.1   2   3   1.4e-05    0.0014   16.8   0.0   274   320   326   373   317   384 0.77 FRD24_005597
FRD24_005597-T1      -            484 22834at5125          -            399     1e-08   33.7   0.1   3   3      0.44        47    1.9   0.0   354   377   438   461   414   466 0.81 FRD24_005597
FRD24_001445-T1      -            533 22834at5125          -            399   1.7e-08   33.0   0.0   1   1   2.7e-10   2.8e-08   32.2   0.0   223   306   153   249   143   282 0.78 FRD24_001445
FRD24_007574-T1      -            740 22834at5125          -            399   1.9e-08   32.8   0.3   1   3    0.0003     0.031   12.3   0.0   216   249   475   508   446   516 0.87 FRD24_007574
FRD24_007574-T1      -            740 22834at5125          -            399   1.9e-08   32.8   0.3   2   3   8.5e-05     0.009   14.1   0.0   245   306   536   593   512   608 0.81 FRD24_007574
FRD24_007574-T1      -            740 22834at5125          -            399   1.9e-08   32.8   0.3   3   3      0.31        33    2.4   0.1   348   383   680   715   666   718 0.86 FRD24_007574
FRD24_000093-T1      -            547 22834at5125          -            399   2.2e-08   32.6   0.9   1   3       6.6     7e+02   -2.0   0.6    38    78   127   168    97   190 0.77 FRD24_000093
FRD24_000093-T1      -            547 22834at5125          -            399   2.2e-08   32.6   0.9   2   3   3.1e-07   3.3e-05   22.1   0.0   190   263   377   449   320   460 0.74 FRD24_000093
FRD24_000093-T1      -            547 22834at5125          -            399   2.2e-08   32.6   0.9   3   3    0.0061      0.65    8.0   0.0   267   291   519   543   506   547 0.83 FRD24_000093
FRD24_004579-T1      -            966 22834at5125          -            399   2.5e-08   32.4   0.6   1   2   5.4e-08   5.7e-06   24.7   0.0   189   315   140   285   124   294 0.64 FRD24_004579
FRD24_004579-T1      -            966 22834at5125          -            399   2.5e-08   32.4   0.6   2   2     0.083       8.7    4.3   1.2    20    72   379   437   364   460 0.63 FRD24_004579
FRD24_000948-T1      -            521 22834at5125          -            399   5.1e-08   31.4   0.0   1   1   7.7e-10   8.1e-08   30.7   0.0   215   306   328   425   319   435 0.81 FRD24_000948
FRD24_001772-T1      -            621 22834at5125          -            399   1.4e-07   30.0   0.0   1   1   2.1e-09   2.2e-07   29.3   0.0   188   313   128   259   107   276 0.76 FRD24_001772
FRD24_008086-T1      -            572 22834at5125          -            399   2.7e-07   29.0   0.5   1   2   0.00036     0.038   12.1   0.0   213   247   206   241   136   245 0.77 FRD24_008086
FRD24_008086-T1      -            572 22834at5125          -            399   2.7e-07   29.0   0.5   2   2   6.7e-05     0.007   14.5   0.2   251   320   278   346   274   400 0.69 FRD24_008086
FRD24_004765-T1      -            474 22834at5125          -            399   3.6e-07   28.6   0.0   1   1   5.4e-09   5.7e-07   27.9   0.0   223   306   341   427   326   434 0.83 FRD24_004765
FRD24_003390-T1      -            565 22834at5125          -            399   4.1e-07   28.4   1.2   1   3   2.2e-05    0.0023   16.1   0.0   216   267   214   266   147   272 0.81 FRD24_003390
FRD24_003390-T1      -            565 22834at5125          -            399   4.1e-07   28.4   1.2   2   3    0.0038       0.4    8.7   0.0   273   319   389   436   366   458 0.75 FRD24_003390
FRD24_003390-T1      -            565 22834at5125          -            399   4.1e-07   28.4   1.2   3   3       1.6   1.7e+02    0.0   0.0   353   381   504   532   486   548 0.80 FRD24_003390
FRD24_000090-T1      -            619 22834at5125          -            399   7.2e-06   24.3   0.0   1   1   1.2e-07   1.2e-05   23.6   0.0   223   283   453   510   441   520 0.83 FRD24_000090
FRD24_001518-T1      -            419 22834at5125          -            399   7.3e-06   24.3   0.0   1   3   0.00012     0.013   13.6   0.0   208   248   165   206   151   215 0.87 FRD24_001518
FRD24_001518-T1      -            419 22834at5125          -            399   7.3e-06   24.3   0.0   2   3     0.079       8.4    4.4   0.0   253   301   251   297   240   313 0.83 FRD24_001518
FRD24_001518-T1      -            419 22834at5125          -            399   7.3e-06   24.3   0.0   3   3      0.33        35    2.3   0.0   343   379   382   418   373   419 0.89 FRD24_001518
FRD24_005548-T1      -            547 22834at5125          -            399     9e-06   24.0   0.0   1   2    0.0011      0.12   10.5   0.0   215   248   288   321   255   331 0.80 FRD24_005548
FRD24_005548-T1      -            547 22834at5125          -            399     9e-06   24.0   0.0   2   2   0.00076      0.08   11.0   0.0   238   306   343   407   334   421 0.81 FRD24_005548
FRD24_008268-T1      -            368 22834at5125          -            399     1e-05   23.9   0.0   1   1   1.3e-07   1.4e-05   23.4   0.0   197   264    86   156    72   226 0.74 FRD24_008268
FRD24_003882-T1      -           1214 22834at5125          -            399   3.7e-05   22.0   0.0   1   1   9.5e-07    0.0001   20.6   0.0   187   283   847   956   818   973 0.65 FRD24_003882
FRD24_006045-T1      -            446 22834at5125          -            399   4.9e-05   21.6   0.0   1   1   6.9e-07   7.3e-05   21.0   0.0   197   288    90   194    83   221 0.76 FRD24_006045
FRD24_003430-T1      -             93 22834at5125          -            399   5.6e-05   21.4   0.0   1   1   5.9e-07   6.2e-05   21.2   0.0   193   261     8    75     4    80 0.77 FRD24_003430
FRD24_009016-T1      -            684 22834at5125          -            399   5.7e-05   21.4   0.0   1   2   6.7e-06   0.00071   17.8   0.0   222   261   331   372   302   394 0.75 FRD24_009016
FRD24_009016-T1      -            684 22834at5125          -            399   5.7e-05   21.4   0.0   2   2      0.84        89    1.0   0.0   287   327   469   510   457   519 0.85 FRD24_009016
FRD24_008963-T1      -            540 22834at5125          -            399   0.00024   19.3   0.0   1   2    0.0043      0.45    8.5   0.0   215   248   156   189   131   198 0.77 FRD24_008963
FRD24_008963-T1      -            540 22834at5125          -            399   0.00024   19.3   0.0   2   2    0.0064      0.67    8.0   0.0   238   328   216   303   209   332 0.86 FRD24_008963
FRD24_000217-T1      -            430 22834at5125          -            399    0.0047   15.1   0.0   1   1   8.7e-05    0.0092   14.1   0.0   232   317   222   321   218   331 0.68 FRD24_000217
FRD24_001727-T1      -            172 22834at5125          -            399     0.014   13.5   0.0   1   1   0.00015     0.016   13.3   0.0   249   302     2    54     1    82 0.82 FRD24_001727
FRD24_004763-T1      -            334 22834at5125          -            399     0.034   12.2   0.1   1   2    0.0025      0.27    9.3   0.0   226   248    88   110    79   119 0.83 FRD24_004763
FRD24_004763-T1      -            334 22834at5125          -            399     0.034   12.2   0.1   2   2       2.2   2.3e+02   -0.4   0.0   350   379   300   329   295   332 0.91 FRD24_004763
FRD24_009863-T1      -            748 22834at5125          -            399     0.055   11.5   0.3   1   1    0.0012      0.13   10.4   0.3   229   289   639   705   417   744 0.75 FRD24_009863
#
# Program:         hmmsearch
# Version:         3.1b2 (February 2015)
# Pipeline mode:   SEARCH
# Query file:      /home/zack/funannotate_db/hypocreales_odb10/hmms/22834at5125.hmm
# Target file:     /home/zack/Desktop/IsariaPreferralGenome/MyGenomeSubmittedToNCBI/HypocrealesProteinSets/Ccateniannulata_FRD_24.proteins.fa
# Option settings: hmmsearch --domtblout /home/zack/Desktop/IsariaPreferralGenome/MyGenomeSubmittedToNCBI/HypocrealesProteinSets/BUSCO_AA_all/BUSCO_AA_Ccateniannulata_FRD_24/run_hypocreales_odb10/hmmer_output/initial_run_results/22834at5125.out --cpu 1 /home/zack/funannotate_db/hypocreales_odb10/hmms/22834at5125.hmm /home/zack/Desktop/IsariaPreferralGenome/MyGenomeSubmittedToNCBI/HypocrealesProteinSets/Ccateniannulata_FRD_24.proteins.fa 
# Current dir:     /home/zack/Desktop/IsariaPreferralGenome/MyGenomeSubmittedToNCBI/HypocrealesProteinSets/BUSCO_AA_all
# Date:            Mon Mar  4 14:27:40 2024
# [ok]
