#                                                                            --- full sequence --- -------------- this domain -------------   hmm coord   ali coord   env coord
# target name        accession   tlen query name           accession   qlen   E-value  score  bias   #  of  c-Evalue  i-Evalue  score  bias  from    to  from    to  from    to  acc description of target
#------------------- ---------- ----- -------------------- ---------- ----- --------- ------ ----- --- --- --------- --------- ------ ----- ----- ----- ----- ----- ----- ----- ---- ---------------------
FRD24_009269-T1      -            851 35445at5125          -            363   4.6e-66  222.8  78.8   1   9   4.9e-13   5.3e-09   35.0   0.1     1    35     1    42     1    80 0.80 FRD24_009269
FRD24_009269-T1      -            851 35445at5125          -            363   4.6e-66  222.8  78.8   2   9   3.9e-14   4.2e-10   38.6  13.3    49   131   108   202    93   233 0.70 FRD24_009269
FRD24_009269-T1      -            851 35445at5125          -            363   4.6e-66  222.8  78.8   3   9   4.2e-10   4.5e-06   25.4   4.1    83   148   219   283   203   302 0.67 FRD24_009269
FRD24_009269-T1      -            851 35445at5125          -            363   4.6e-66  222.8  78.8   4   9   1.1e-08   0.00012   20.7  17.4   148   232   339   425   326   447 0.68 FRD24_009269
FRD24_009269-T1      -            851 35445at5125          -            363   4.6e-66  222.8  78.8   5   9   0.00031       3.3    6.1   0.5   210   237   485   512   452   526 0.74 FRD24_009269
FRD24_009269-T1      -            851 35445at5125          -            363   4.6e-66  222.8  78.8   6   9   1.6e-29   1.7e-25   89.3   3.4   223   297   528   602   520   624 0.81 FRD24_009269
FRD24_009269-T1      -            851 35445at5125          -            363   4.6e-66  222.8  78.8   7   9   0.00038       4.1    5.8   0.0   295   324   627   656   608   670 0.70 FRD24_009269
FRD24_009269-T1      -            851 35445at5125          -            363   4.6e-66  222.8  78.8   8   9     0.073   7.8e+02   -1.7   0.1   311   335   713   737   684   738 0.77 FRD24_009269
FRD24_009269-T1      -            851 35445at5125          -            363   4.6e-66  222.8  78.8   9   9   8.6e-11   9.3e-07   27.6   1.1   335   363   801   836   763   836 0.83 FRD24_009269
#
# Program:         hmmsearch
# Version:         3.1b2 (February 2015)
# Pipeline mode:   SEARCH
# Query file:      /home/zack/funannotate_db/hypocreales_odb10/hmms/35445at5125.hmm
# Target file:     /home/zack/Desktop/IsariaPreferralGenome/MyGenomeSubmittedToNCBI/HypocrealesProteinSets/Ccateniannulata_FRD_24.proteins.fa
# Option settings: hmmsearch --domtblout /home/zack/Desktop/IsariaPreferralGenome/MyGenomeSubmittedToNCBI/HypocrealesProteinSets/BUSCO_AA_all/BUSCO_AA_Ccateniannulata_FRD_24/run_hypocreales_odb10/hmmer_output/initial_run_results/35445at5125.out --cpu 1 /home/zack/funannotate_db/hypocreales_odb10/hmms/35445at5125.hmm /home/zack/Desktop/IsariaPreferralGenome/MyGenomeSubmittedToNCBI/HypocrealesProteinSets/Ccateniannulata_FRD_24.proteins.fa 
# Current dir:     /home/zack/Desktop/IsariaPreferralGenome/MyGenomeSubmittedToNCBI/HypocrealesProteinSets/BUSCO_AA_all
# Date:            Mon Mar  4 14:28:25 2024
# [ok]
