#                                                                            --- full sequence --- -------------- this domain -------------   hmm coord   ali coord   env coord
# target name        accession   tlen query name           accession   qlen   E-value  score  bias   #  of  c-Evalue  i-Evalue  score  bias  from    to  from    to  from    to  acc description of target
#------------------- ---------- ----- -------------------- ---------- ----- --------- ------ ----- --- --- --------- --------- ------ ----- ----- ----- ----- ----- ----- ----- ---- ---------------------
FRD24_000699-T1      -            422 35650at5125          -            313  4.9e-132  438.8  10.6   1   1  6.7e-133  7.2e-130  431.7  10.6     1   313     1   392     1   392 0.84 FRD24_000699
FRD24_001194-T1      -            348 35650at5125          -            313   6.4e-11   41.0   0.0   1   1   9.8e-14     1e-10   40.3   0.0    25   194    95   278    86   306 0.78 FRD24_001194
FRD24_005935-T1      -            476 35650at5125          -            313   1.8e-06   26.3   0.1   1   3     6e-07   0.00065   17.9   0.0    29    71   113   155    92   162 0.82 FRD24_005935
FRD24_005935-T1      -            476 35650at5125          -            313   1.8e-06   26.3   0.1   2   3    0.0033       3.6    5.7   0.0   128   192   235   299   228   305 0.92 FRD24_005935
FRD24_005935-T1      -            476 35650at5125          -            313   1.8e-06   26.3   0.1   3   3       2.3   2.5e+03   -3.7   0.0   206   219   389   402   384   406 0.88 FRD24_005935
FRD24_007904-T1      -            818 35650at5125          -            313     0.028   12.6   0.0   1   2     0.012        12    3.9   0.0    55    73   258   276   244   281 0.79 FRD24_007904
FRD24_007904-T1      -            818 35650at5125          -            313     0.028   12.6   0.0   2   2    0.0028         3    5.9   0.0    54    76   531   553   502   563 0.76 FRD24_007904
FRD24_006537-T1      -            630 35650at5125          -            313     0.042   12.0   0.0   1   1   6.1e-05     0.065   11.4   0.0    45    74    56    85    38   169 0.84 FRD24_006537
FRD24_001869-T1      -            758 35650at5125          -            313     0.043   11.9   1.1   1   2      0.11   1.1e+02    0.7   0.2   254   306    47   102    25   106 0.74 FRD24_001869
FRD24_001869-T1      -            758 35650at5125          -            313     0.043   11.9   1.1   2   2   0.00027      0.29    9.2   0.1    54    75   512   533   501   540 0.78 FRD24_001869
FRD24_004683-T1      -            458 35650at5125          -            313     0.048   11.8   0.0   1   1   8.7e-05     0.093   10.9   0.0    31    75   219   263   210   271 0.85 FRD24_004683
FRD24_006647-T1      -            389 35650at5125          -            313     0.058   11.5   0.0   1   1   9.1e-05     0.097   10.8   0.0    32    81   147   196   136   207 0.76 FRD24_006647
FRD24_003408-T1      -            825 35650at5125          -            313     0.079   11.1   0.1   1   1   0.00016      0.18    9.9   0.1    55   102   266   314   257   322 0.86 FRD24_003408
FRD24_008626-T1      -            827 35650at5125          -            313     0.096   10.8   0.0   1   2     0.012        13    3.8   0.0    56    72   338   354   327   365 0.84 FRD24_008626
FRD24_008626-T1      -            827 35650at5125          -            313     0.096   10.8   0.0   2   2    0.0073       7.9    4.5   0.0    57    76   621   640   593   749 0.67 FRD24_008626
#
# Program:         hmmsearch
# Version:         3.1b2 (February 2015)
# Pipeline mode:   SEARCH
# Query file:      /home/zack/funannotate_db/hypocreales_odb10/hmms/35650at5125.hmm
# Target file:     /home/zack/Desktop/IsariaPreferralGenome/MyGenomeSubmittedToNCBI/HypocrealesProteinSets/Ccateniannulata_FRD_24.proteins.fa
# Option settings: hmmsearch --domtblout /home/zack/Desktop/IsariaPreferralGenome/MyGenomeSubmittedToNCBI/HypocrealesProteinSets/BUSCO_AA_all/BUSCO_AA_Ccateniannulata_FRD_24/run_hypocreales_odb10/hmmer_output/initial_run_results/35650at5125.out --cpu 1 /home/zack/funannotate_db/hypocreales_odb10/hmms/35650at5125.hmm /home/zack/Desktop/IsariaPreferralGenome/MyGenomeSubmittedToNCBI/HypocrealesProteinSets/Ccateniannulata_FRD_24.proteins.fa 
# Current dir:     /home/zack/Desktop/IsariaPreferralGenome/MyGenomeSubmittedToNCBI/HypocrealesProteinSets/BUSCO_AA_all
# Date:            Mon Mar  4 14:28:32 2024
# [ok]
