#                                                                            --- full sequence --- -------------- this domain -------------   hmm coord   ali coord   env coord
# target name        accession   tlen query name           accession   qlen   E-value  score  bias   #  of  c-Evalue  i-Evalue  score  bias  from    to  from    to  from    to  acc description of target
#------------------- ---------- ----- -------------------- ---------- ----- --------- ------ ----- --- --- --------- --------- ------ ----- ----- ----- ----- ----- ----- ----- ---- ---------------------
FRD24_003148-T1      -            335 37548at5125          -            443   1.5e-71  240.6   1.4   1   2   0.00099       1.5    6.6   0.1    12    46    21    55     1    61 0.66 FRD24_003148
FRD24_003148-T1      -            335 37548at5125          -            443   1.5e-71  240.6   1.4   2   2   2.7e-72   4.2e-69  232.6   0.2   220   442    59   320    55   321 0.78 FRD24_003148
FRD24_001604-T1      -            385 37548at5125          -            443   8.4e-09   33.8   0.1   1   2     0.013        20    2.9   0.0    93   111    33    52    25    75 0.87 FRD24_001604
FRD24_001604-T1      -            385 37548at5125          -            443   8.4e-09   33.8   0.1   2   2   2.4e-10   3.6e-07   28.4   0.0   208   260   141   198   135   213 0.79 FRD24_001604
FRD24_010265-T1      -            381 37548at5125          -            443   2.7e-08   32.2   0.1   1   2      0.15   2.3e+02   -0.6   0.0    94   129    21    58    16    85 0.73 FRD24_010265
FRD24_010265-T1      -            381 37548at5125          -            443   2.7e-08   32.2   0.1   2   2   8.6e-11   1.3e-07   29.9   0.0   207   265   130   189   124   203 0.81 FRD24_010265
FRD24_007361-T1      -            581 37548at5125          -            443   1.1e-06   26.8   0.1   1   2     0.091   1.4e+02    0.2   0.0    93   112   210   230   206   233 0.82 FRD24_007361
FRD24_007361-T1      -            581 37548at5125          -            443   1.1e-06   26.8   0.1   2   2   5.7e-09   8.8e-06   23.9   0.0   208   267   318   383   311   391 0.79 FRD24_007361
FRD24_008480-T1      -            339 37548at5125          -            443   2.5e-06   25.7   0.1   1   2     0.075   1.2e+02    0.4   0.0    96   111    40    55    34    77 0.81 FRD24_008480
FRD24_008480-T1      -            339 37548at5125          -            443   2.5e-06   25.7   0.1   2   2   1.2e-08   1.8e-05   22.9   0.0   206   261   142   199   107   216 0.81 FRD24_008480
FRD24_004517-T1      -           4823 37548at5125          -            443      0.01   13.8   0.1   1   4      0.53   8.1e+02   -2.4   0.0    95   112   304   322   278   340 0.78 FRD24_004517
FRD24_004517-T1      -           4823 37548at5125          -            443      0.01   13.8   0.1   2   4     0.076   1.2e+02    0.4   0.0    94   113   637   656   632   681 0.83 FRD24_004517
FRD24_004517-T1      -           4823 37548at5125          -            443      0.01   13.8   0.1   3   4      0.12   1.9e+02   -0.3   0.0    94   138  1378  1423  1360  1435 0.77 FRD24_004517
FRD24_004517-T1      -           4823 37548at5125          -            443      0.01   13.8   0.1   4   4    0.0007       1.1    7.1   0.0    82   114  1743  1777  1734  1796 0.78 FRD24_004517
FRD24_008169-T1      -            530 37548at5125          -            443     0.081   10.8   0.1   1   1   8.6e-05      0.13   10.1   0.1   222   252   332   362   325   401 0.85 FRD24_008169
#
# Program:         hmmsearch
# Version:         3.1b2 (February 2015)
# Pipeline mode:   SEARCH
# Query file:      /home/zack/funannotate_db/hypocreales_odb10/hmms/37548at5125.hmm
# Target file:     /home/zack/Desktop/IsariaPreferralGenome/MyGenomeSubmittedToNCBI/HypocrealesProteinSets/Ccateniannulata_FRD_24.proteins.fa
# Option settings: hmmsearch --domtblout /home/zack/Desktop/IsariaPreferralGenome/MyGenomeSubmittedToNCBI/HypocrealesProteinSets/BUSCO_AA_all/BUSCO_AA_Ccateniannulata_FRD_24/run_hypocreales_odb10/hmmer_output/initial_run_results/37548at5125.out --cpu 1 /home/zack/funannotate_db/hypocreales_odb10/hmms/37548at5125.hmm /home/zack/Desktop/IsariaPreferralGenome/MyGenomeSubmittedToNCBI/HypocrealesProteinSets/Ccateniannulata_FRD_24.proteins.fa 
# Current dir:     /home/zack/Desktop/IsariaPreferralGenome/MyGenomeSubmittedToNCBI/HypocrealesProteinSets/BUSCO_AA_all
# Date:            Mon Mar  4 14:28:45 2024
# [ok]
