#                                                                            --- full sequence --- -------------- this domain -------------   hmm coord   ali coord   env coord
# target name        accession   tlen query name           accession   qlen   E-value  score  bias   #  of  c-Evalue  i-Evalue  score  bias  from    to  from    to  from    to  acc description of target
#------------------- ---------- ----- -------------------- ---------- ----- --------- ------ ----- --- --- --------- --------- ------ ----- ----- ----- ----- ----- ----- ----- ---- ---------------------
FRD24_006590-T1      -            371 39318at5125          -            274  1.5e-126  420.6  29.1   1   3   3.2e-83   1.6e-80  269.6   2.2     1   132     1   133     1   141 0.97 FRD24_006590
FRD24_006590-T1      -            371 39318at5125          -            274  1.5e-126  420.6  29.1   2   3   8.7e-41   4.3e-38  130.4  12.9   132   248   159   316   155   322 0.81 FRD24_006590
FRD24_006590-T1      -            371 39318at5125          -            274  1.5e-126  420.6  29.1   3   3     3e-09   1.5e-06   27.0   0.4   240   273   325   363   320   364 0.84 FRD24_006590
FRD24_002295-T1      -            367 39318at5125          -            274   2.8e-17   62.1   1.3   1   2   5.7e-20   2.8e-17   62.1   1.3    47   169     6   132     2   139 0.79 FRD24_002295
FRD24_002295-T1      -            367 39318at5125          -            274   2.8e-17   62.1   1.3   2   2       1.5   7.4e+02   -1.6   1.5   138   178   135   178   128   183 0.72 FRD24_002295
FRD24_000223-T1      -            449 39318at5125          -            274   4.9e-16   58.1   0.1   1   1   2.5e-18   1.2e-15   56.7   0.1    46   160     5   117     2   143 0.70 FRD24_000223
FRD24_006231-T1      -            428 39318at5125          -            274   5.6e-14   51.3   0.0   1   1     2e-16   9.6e-14   50.5   0.0    50   151    17   121    11   125 0.70 FRD24_006231
FRD24_008956-T1      -            713 39318at5125          -            274   1.7e-13   49.8   0.1   1   1   5.7e-16   2.8e-13   49.0   0.1    47   149   328   422   318   428 0.83 FRD24_008956
FRD24_005663-T1      -            521 39318at5125          -            274   4.4e-13   48.4   2.4   1   1   1.4e-15   6.9e-13   47.7   1.8    35   162   391   516   380   519 0.85 FRD24_005663
FRD24_004067-T1      -            297 39318at5125          -            274   1.1e-11   43.8   0.7   1   2   2.2e-14   1.1e-11   43.8   0.7    49   123    18    92    13   127 0.79 FRD24_004067
FRD24_004067-T1      -            297 39318at5125          -            274   1.1e-11   43.8   0.7   2   2       5.5   2.7e+03   -3.4   0.0   221   250   169   199   150   202 0.59 FRD24_004067
FRD24_003491-T1      -            445 39318at5125          -            274   1.3e-10   40.3   1.3   1   1   2.7e-13   1.3e-10   40.3   1.3    44   118    98   175    64   185 0.85 FRD24_003491
FRD24_002440-T1      -            547 39318at5125          -            274   1.5e-09   36.8   2.1   1   2     2e-05    0.0097   14.4   0.0    46    83     5    39     2    55 0.79 FRD24_002440
FRD24_002440-T1      -            547 39318at5125          -            274   1.5e-09   36.8   2.1   2   2   1.7e-07   8.3e-05   21.2   0.8    77   131    67   116    50   138 0.77 FRD24_002440
FRD24_009506-T1      -            278 39318at5125          -            274   1.7e-09   36.6   0.6   1   2   3.5e-12   1.7e-09   36.6   0.6    34   113     5    84     1   122 0.81 FRD24_009506
FRD24_009506-T1      -            278 39318at5125          -            274   1.7e-09   36.6   0.6   2   2      0.51   2.5e+02   -0.0   1.5   223   263   127   164   118   176 0.67 FRD24_009506
FRD24_002354-T1      -            537 39318at5125          -            274   2.1e-09   36.3   1.9   1   1     7e-12   3.4e-09   35.6   1.9    57   146    83   168    70   212 0.74 FRD24_002354
FRD24_007862-T1      -            765 39318at5125          -            274   2.6e-09   36.0  10.3   1   1   2.7e-11   1.3e-08   33.7  10.3    25   114   504   591   489   657 0.82 FRD24_007862
FRD24_002355-T1      -            225 39318at5125          -            274   3.2e-09   35.7   0.1   1   2   6.6e-12   3.2e-09   35.7   0.1    48   121    40   110    19   141 0.77 FRD24_002355
FRD24_002355-T1      -            225 39318at5125          -            274   3.2e-09   35.7   0.1   2   2       2.1     1e+03   -2.0   0.1   236   260   165   189   151   195 0.59 FRD24_002355
FRD24_005655-T1      -            536 39318at5125          -            274   1.4e-07   30.3   0.1   1   1   6.6e-10   3.2e-07   29.1   0.1    45   113    20    87    15    91 0.82 FRD24_005655
FRD24_002957-T1      -            721 39318at5125          -            274   1.7e-07   30.1   0.0   1   1   6.2e-10     3e-07   29.2   0.0    63   132    19    92     7   147 0.85 FRD24_002957
FRD24_008442-T1      -            335 39318at5125          -            274   2.6e-05   22.9   0.0   1   1   8.4e-08   4.1e-05   22.2   0.0    57   112   100   156    65   177 0.83 FRD24_008442
FRD24_000111-T1      -            236 39318at5125          -            274    0.0001   20.9   0.1   1   1   3.1e-07   0.00015   20.4   0.1    58   134    15    92     4   149 0.68 FRD24_000111
FRD24_000061-T1      -            169 39318at5125          -            274   0.00013   20.5   0.0   1   1   3.2e-07   0.00016   20.3   0.0    47   113    11    83     6   131 0.75 FRD24_000061
FRD24_007583-T1      -            705 39318at5125          -            274   0.00022   19.8   0.0   1   1   8.2e-07    0.0004   19.0   0.0    49   118   107   180    97   189 0.75 FRD24_007583
FRD24_004475-T1      -            365 39318at5125          -            274   0.00065   18.3   0.0   1   1   2.1e-06     0.001   17.7   0.0    52   114    81   145    71   149 0.76 FRD24_004475
FRD24_004328-T1      -            410 39318at5125          -            274    0.0075   14.8   1.0   1   2   2.6e-05     0.012   14.1   0.0    46    83    44    78    22    86 0.83 FRD24_004328
FRD24_004328-T1      -            410 39318at5125          -            274    0.0075   14.8   1.0   2   2       2.3   1.1e+03   -2.2   0.2     2    21   389   408   388   409 0.85 FRD24_004328
FRD24_001429-T1      -            123 39318at5125          -            274       0.1   11.1   0.0   1   1   0.00027      0.13   10.7   0.0   120   186    15    82     9    87 0.87 FRD24_001429
#
# Program:         hmmsearch
# Version:         3.1b2 (February 2015)
# Pipeline mode:   SEARCH
# Query file:      /home/zack/funannotate_db/hypocreales_odb10/hmms/39318at5125.hmm
# Target file:     /home/zack/Desktop/IsariaPreferralGenome/MyGenomeSubmittedToNCBI/HypocrealesProteinSets/Ccateniannulata_FRD_24.proteins.fa
# Option settings: hmmsearch --domtblout /home/zack/Desktop/IsariaPreferralGenome/MyGenomeSubmittedToNCBI/HypocrealesProteinSets/BUSCO_AA_all/BUSCO_AA_Ccateniannulata_FRD_24/run_hypocreales_odb10/hmmer_output/initial_run_results/39318at5125.out --cpu 1 /home/zack/funannotate_db/hypocreales_odb10/hmms/39318at5125.hmm /home/zack/Desktop/IsariaPreferralGenome/MyGenomeSubmittedToNCBI/HypocrealesProteinSets/Ccateniannulata_FRD_24.proteins.fa 
# Current dir:     /home/zack/Desktop/IsariaPreferralGenome/MyGenomeSubmittedToNCBI/HypocrealesProteinSets/BUSCO_AA_all
# Date:            Mon Mar  4 14:28:56 2024
# [ok]
