#                                                                            --- full sequence --- -------------- this domain -------------   hmm coord   ali coord   env coord
# target name        accession   tlen query name           accession   qlen   E-value  score  bias   #  of  c-Evalue  i-Evalue  score  bias  from    to  from    to  from    to  acc description of target
#------------------- ---------- ----- -------------------- ---------- ----- --------- ------ ----- --- --- --------- --------- ------ ----- ----- ----- ----- ----- ----- ----- ---- ---------------------
FRD24_005730-T1      -            923 3985at5125           -            807         0 1615.5   1.9   1   1         0         0 1613.5   1.9     1   807     8   923     8   923 0.94 FRD24_005730
FRD24_000327-T1      -           1439 3985at5125           -            807   3.7e-60  203.0   0.2   1   2   3.2e-17   6.8e-14   50.0   0.0   217   367   802   955   679   973 0.83 FRD24_000327
FRD24_000327-T1      -           1439 3985at5125           -            807   3.7e-60  203.0   0.2   2   2   1.6e-47   3.5e-44  150.2   0.2   553   774  1159  1397  1079  1404 0.80 FRD24_000327
FRD24_000219-T1      -            986 3985at5125           -            807     2e-55  187.3   0.9   1   2   1.4e-14   2.9e-11   41.3   0.1   254   392   377   514   351   547 0.87 FRD24_000219
FRD24_000219-T1      -            986 3985at5125           -            807     2e-55  187.3   0.9   2   2   7.8e-46   1.7e-42  144.6   0.1   538   711   717   917   688   985 0.73 FRD24_000219
FRD24_004573-T1      -           1101 3985at5125           -            807   1.8e-52  177.6   2.4   1   1   3.6e-54   7.7e-51  172.2   2.4   259   764   507  1065   478  1072 0.78 FRD24_004573
FRD24_003861-T1      -            469 3985at5125           -            807   3.4e-42  143.6   0.1   1   1   2.1e-45   4.4e-42  143.2   0.1   540   758   150   400   113   435 0.80 FRD24_003861
#
# Program:         hmmsearch
# Version:         3.1b2 (February 2015)
# Pipeline mode:   SEARCH
# Query file:      /home/zack/funannotate_db/hypocreales_odb10/hmms/3985at5125.hmm
# Target file:     /home/zack/Desktop/IsariaPreferralGenome/MyGenomeSubmittedToNCBI/HypocrealesProteinSets/Ccateniannulata_FRD_24.proteins.fa
# Option settings: hmmsearch --domtblout /home/zack/Desktop/IsariaPreferralGenome/MyGenomeSubmittedToNCBI/HypocrealesProteinSets/BUSCO_AA_all/BUSCO_AA_Ccateniannulata_FRD_24/run_hypocreales_odb10/hmmer_output/initial_run_results/3985at5125.out --cpu 1 /home/zack/funannotate_db/hypocreales_odb10/hmms/3985at5125.hmm /home/zack/Desktop/IsariaPreferralGenome/MyGenomeSubmittedToNCBI/HypocrealesProteinSets/Ccateniannulata_FRD_24.proteins.fa 
# Current dir:     /home/zack/Desktop/IsariaPreferralGenome/MyGenomeSubmittedToNCBI/HypocrealesProteinSets/BUSCO_AA_all
# Date:            Mon Mar  4 14:28:41 2024
# [ok]
