#                                                                            --- full sequence --- -------------- this domain -------------   hmm coord   ali coord   env coord
# target name        accession   tlen query name           accession   qlen   E-value  score  bias   #  of  c-Evalue  i-Evalue  score  bias  from    to  from    to  from    to  acc description of target
#------------------- ---------- ----- -------------------- ---------- ----- --------- ------ ----- --- --- --------- --------- ------ ----- ----- ----- ----- ----- ----- ----- ---- ---------------------
FRD24_005687-T1      -            182 50650at5125          -            157   2.5e-96  319.0   0.8   1   1   2.4e-99   2.9e-96  318.8   0.8     1   156    13   170    13   171 0.98 FRD24_005687
FRD24_008937-T1      -            222 50650at5125          -            157   1.7e-13   49.8   0.1   1   1   2.4e-16   2.8e-13   49.1   0.1    14   155    10   161     4   163 0.85 FRD24_008937
FRD24_008520-T1      -            288 50650at5125          -            157   0.00011   21.2   0.0   1   2   4.5e-06    0.0054   15.7   0.0    80   136    80   137    70   150 0.82 FRD24_008520
FRD24_008520-T1      -            288 50650at5125          -            157   0.00011   21.2   0.0   2   2     0.031        37    3.3   0.0    82   100   225   243   203   250 0.76 FRD24_008520
FRD24_009973-T1      -            190 50650at5125          -            157   0.00019   20.5   0.0   1   1   2.2e-07   0.00026   20.0   0.0    26   143    23   146    15   153 0.80 FRD24_009973
FRD24_002908-T1      -            192 50650at5125          -            157   0.00058   18.9   0.0   1   1     8e-07   0.00095   18.2   0.0    72   141    97   166    72   173 0.74 FRD24_002908
FRD24_003685-T1      -            179 50650at5125          -            157    0.0011   18.0   0.0   1   1   1.3e-06    0.0015   17.5   0.0    48   135    69   160    63   170 0.81 FRD24_003685
FRD24_008569-T1      -            125 50650at5125          -            157     0.069   12.1   0.0   1   1   7.3e-05     0.088   11.8   0.0    78   133    32    85    20    91 0.86 FRD24_008569
FRD24_008967-T1      -            252 50650at5125          -            157     0.076   12.0   0.0   1   1   9.8e-05      0.12   11.4   0.0    79   133   170   222   156   226 0.78 FRD24_008967
FRD24_007428-T1      -            218 50650at5125          -            157     0.092   11.7   0.0   1   2       1.8   2.1e+03   -2.5   0.0    18    44    40    66    32    79 0.55 FRD24_007428
FRD24_007428-T1      -            218 50650at5125          -            157     0.092   11.7   0.0   2   2   0.00017       0.2   10.6   0.0    61   145   105   190    93   199 0.68 FRD24_007428
#
# Program:         hmmsearch
# Version:         3.1b2 (February 2015)
# Pipeline mode:   SEARCH
# Query file:      /home/zack/funannotate_db/hypocreales_odb10/hmms/50650at5125.hmm
# Target file:     /home/zack/Desktop/IsariaPreferralGenome/MyGenomeSubmittedToNCBI/HypocrealesProteinSets/Ccateniannulata_FRD_24.proteins.fa
# Option settings: hmmsearch --domtblout /home/zack/Desktop/IsariaPreferralGenome/MyGenomeSubmittedToNCBI/HypocrealesProteinSets/BUSCO_AA_all/BUSCO_AA_Ccateniannulata_FRD_24/run_hypocreales_odb10/hmmer_output/initial_run_results/50650at5125.out --cpu 1 /home/zack/funannotate_db/hypocreales_odb10/hmms/50650at5125.hmm /home/zack/Desktop/IsariaPreferralGenome/MyGenomeSubmittedToNCBI/HypocrealesProteinSets/Ccateniannulata_FRD_24.proteins.fa 
# Current dir:     /home/zack/Desktop/IsariaPreferralGenome/MyGenomeSubmittedToNCBI/HypocrealesProteinSets/BUSCO_AA_all
# Date:            Mon Mar  4 14:28:49 2024
# [ok]
