#                                                                            --- full sequence --- -------------- this domain -------------   hmm coord   ali coord   env coord
# target name        accession   tlen query name           accession   qlen   E-value  score  bias   #  of  c-Evalue  i-Evalue  score  bias  from    to  from    to  from    to  acc description of target
#------------------- ---------- ----- -------------------- ---------- ----- --------- ------ ----- --- --- --------- --------- ------ ----- ----- ----- ----- ----- ----- ----- ---- ---------------------
PHA62_000584-T1      -           1993 17084at5125          -            474  1.4e-257  854.2  10.9   1   2   1.1e-61   1.5e-58  197.9  11.7     1   159  1432  1628  1432  1646 0.84 PHA62_000584
PHA62_000584-T1      -           1993 17084at5125          -            474  1.4e-257  854.2  10.9   2   2  6.2e-199  8.1e-196  650.5   0.0   152   474  1654  1993  1627  1993 0.94 PHA62_000584
PHA62_006729-T1      -            886 17084at5125          -            474   5.6e-98  327.9   0.0   1   1  5.9e-101   7.7e-98  327.5   0.0    41   472   134   558   124   560 0.91 PHA62_006729
PHA62_004514-T1      -            476 17084at5125          -            474   2.7e-59  200.3   0.0   1   1   2.6e-62   3.3e-59  200.0   0.0    47   474    29   476     8   476 0.82 PHA62_004514
PHA62_009433-T1      -            588 17084at5125          -            474   1.1e-31  109.3   0.0   1   2       3.3   4.3e+03   -4.8   3.1    14    37    98   120    82   151 0.48 PHA62_009433
PHA62_009433-T1      -            588 17084at5125          -            474   1.1e-31  109.3   0.0   2   2   8.3e-35   1.1e-31  109.3   0.0   184   472   295   586   269   588 0.83 PHA62_009433
PHA62_005135-T1      -            529 17084at5125          -            474   2.5e-18   65.2   0.0   1   2   5.4e-14     7e-11   40.7   0.0   166   300   168   315    50   328 0.80 PHA62_005135
PHA62_005135-T1      -            529 17084at5125          -            474   2.5e-18   65.2   0.0   2   2   2.1e-08   2.8e-05   22.2   0.0   378   468   424   523   347   527 0.71 PHA62_005135
PHA62_009296-T1      -            649 17084at5125          -            474   5.6e-17   60.8   0.0   1   2   1.2e-11   1.6e-08   33.0   0.0   188   327   167   312   155   324 0.82 PHA62_009296
PHA62_009296-T1      -            649 17084at5125          -            474   5.6e-17   60.8   0.0   2   2   2.2e-09   2.8e-06   25.5   0.0   386   470   533   621   525   623 0.88 PHA62_009296
PHA62_009974-T1      -            595 17084at5125          -            474   3.1e-10   38.6   0.0   1   2   8.3e-10   1.1e-06   26.9   0.0   182   287   275   381   251   390 0.83 PHA62_009974
PHA62_009974-T1      -            595 17084at5125          -            474   3.1e-10   38.6   0.0   2   2   0.00019      0.25    9.2   0.0   403   460   527   584   501   593 0.72 PHA62_009974
PHA62_002423-T1      -            624 17084at5125          -            474   4.8e-05   21.5   0.0   1   2   8.3e-07    0.0011   17.0   0.0   182   266   231   317   195   349 0.79 PHA62_002423
PHA62_002423-T1      -            624 17084at5125          -            474   4.8e-05   21.5   0.0   2   2     0.029        37    2.0   0.0   427   453   566   591   553   599 0.82 PHA62_002423
#
# Program:         hmmsearch
# Version:         3.1b2 (February 2015)
# Pipeline mode:   SEARCH
# Query file:      /home/zack/funannotate_db/hypocreales_odb10/hmms/17084at5125.hmm
# Target file:     /home/zack/Desktop/IsariaPreferralGenome/MyGenomeSubmittedToNCBI/HypocrealesProteinSets/Cjavanica_Apopka_97.proteins.fa
# Option settings: hmmsearch --domtblout /home/zack/Desktop/IsariaPreferralGenome/MyGenomeSubmittedToNCBI/HypocrealesProteinSets/BUSCO_AA_all/BUSCO_AA_Cjavanica_Apopka97/run_hypocreales_odb10/hmmer_output/initial_run_results/17084at5125.out --cpu 1 /home/zack/funannotate_db/hypocreales_odb10/hmms/17084at5125.hmm /home/zack/Desktop/IsariaPreferralGenome/MyGenomeSubmittedToNCBI/HypocrealesProteinSets/Cjavanica_Apopka_97.proteins.fa 
# Current dir:     /home/zack/Desktop/IsariaPreferralGenome/MyGenomeSubmittedToNCBI/HypocrealesProteinSets/BUSCO_AA_all
# Date:            Mon Mar  4 14:55:30 2024
# [ok]
