#                                                                            --- full sequence --- -------------- this domain -------------   hmm coord   ali coord   env coord
# target name        accession   tlen query name           accession   qlen   E-value  score  bias   #  of  c-Evalue  i-Evalue  score  bias  from    to  from    to  from    to  acc description of target
#------------------- ---------- ----- -------------------- ---------- ----- --------- ------ ----- --- --- --------- --------- ------ ----- ----- ----- ----- ----- ----- ----- ---- ---------------------
PHA62_006359-T1      -            613 17265at5125          -            467  2.6e-244  810.4  34.4   1   3   1.8e-31   1.9e-28   98.7   7.9     1    90     1   129     1   138 0.83 PHA62_006359
PHA62_006359-T1      -            613 17265at5125          -            467  2.6e-244  810.4  34.4   2   3  1.1e-207  1.2e-204  679.6   3.8    90   416   149   494   145   522 0.93 PHA62_006359
PHA62_006359-T1      -            613 17265at5125          -            467  2.6e-244  810.4  34.4   3   3   3.4e-13   3.5e-10   38.4   8.2   416   467   535   603   500   603 0.69 PHA62_006359
PHA62_002506-T1      -            467 17265at5125          -            467   6.7e-06   24.3   0.1   1   2     9e-06    0.0094   13.9   0.1   156   202   255   302   249   321 0.80 PHA62_002506
PHA62_002506-T1      -            467 17265at5125          -            467   6.7e-06   24.3   0.1   2   2   0.00055      0.57    8.1   0.0   122   186   326   390   315   404 0.84 PHA62_002506
PHA62_005553-T1      -            290 17265at5125          -            467   5.1e-05   21.4   0.0   1   1   8.7e-08   9.1e-05   20.6   0.0   121   196    10    85     5    95 0.93 PHA62_005553
PHA62_002434-T1      -            852 17265at5125          -            467   0.00012   20.1   1.3   1   3       0.3   3.2e+02   -1.0   0.0   156   191   359   394   311   400 0.92 PHA62_002434
PHA62_002434-T1      -            852 17265at5125          -            467   0.00012   20.1   1.3   2   3     0.031        32    2.3   0.1   111   209   616   719   603   728 0.77 PHA62_002434
PHA62_002434-T1      -            852 17265at5125          -            467   0.00012   20.1   1.3   3   3   5.2e-06    0.0054   14.7   0.1   119   218   729   827   719   833 0.88 PHA62_002434
PHA62_003951-T1      -            144 17265at5125          -            467     0.013   13.5   0.0   1   1   1.6e-05     0.017   13.1   0.0   140   197    36    90    30   100 0.85 PHA62_003951
PHA62_004791-T1      -            403 17265at5125          -            467     0.014   13.4   0.6   1   2   0.00085      0.89    7.4   0.1   139   193    29    87    14    99 0.76 PHA62_004791
PHA62_004791-T1      -            403 17265at5125          -            467     0.014   13.4   0.6   2   2    0.0075       7.8    4.3   0.1   155   206   138   190   134   210 0.76 PHA62_004791
PHA62_002711-T1      -            466 17265at5125          -            467     0.018   13.0   0.0   1   2    0.0029       3.1    5.6   0.0   159   193   246   280   205   285 0.85 PHA62_002711
PHA62_002711-T1      -            466 17265at5125          -            467     0.018   13.0   0.0   2   2    0.0038       3.9    5.3   0.0   121   208   368   454   349   462 0.85 PHA62_002711
PHA62_001543-T1      -            451 17265at5125          -            467     0.019   12.9   0.1   1   3       2.6   2.7e+03   -4.1   0.0   176   194   126   144   114   153 0.80 PHA62_001543
PHA62_001543-T1      -            451 17265at5125          -            467     0.019   12.9   0.1   2   3      0.37   3.8e+02   -1.3   0.0   163   236   179   254   167   259 0.57 PHA62_001543
PHA62_001543-T1      -            451 17265at5125          -            467     0.019   12.9   0.1   3   3   8.3e-05     0.087   10.7   0.0   158   195   319   356   303   362 0.83 PHA62_001543
PHA62_004040-T1      -            737 17265at5125          -            467     0.023   12.6   2.0   1   4      0.56   5.8e+02   -1.9   0.0   161   195    97   131    91   138 0.89 PHA62_004040
PHA62_004040-T1      -            737 17265at5125          -            467     0.023   12.6   2.0   2   4     0.029        31    2.3   0.0   155   194   178   217   144   237 0.84 PHA62_004040
PHA62_004040-T1      -            737 17265at5125          -            467     0.023   12.6   2.0   3   4    0.0006      0.62    7.9   0.2   156   203   272   319   268   337 0.80 PHA62_004040
PHA62_004040-T1      -            737 17265at5125          -            467     0.023   12.6   2.0   4   4       1.3   1.4e+03   -3.1   0.0   160   193   426   459   423   486 0.79 PHA62_004040
PHA62_008035-T1      -            180 17265at5125          -            467     0.035   12.0   0.2   1   1   4.6e-05     0.048   11.6   0.2   155   193    38    76    31    80 0.93 PHA62_008035
#
# Program:         hmmsearch
# Version:         3.1b2 (February 2015)
# Pipeline mode:   SEARCH
# Query file:      /home/zack/funannotate_db/hypocreales_odb10/hmms/17265at5125.hmm
# Target file:     /home/zack/Desktop/IsariaPreferralGenome/MyGenomeSubmittedToNCBI/HypocrealesProteinSets/Cjavanica_Apopka_97.proteins.fa
# Option settings: hmmsearch --domtblout /home/zack/Desktop/IsariaPreferralGenome/MyGenomeSubmittedToNCBI/HypocrealesProteinSets/BUSCO_AA_all/BUSCO_AA_Cjavanica_Apopka97/run_hypocreales_odb10/hmmer_output/initial_run_results/17265at5125.out --cpu 1 /home/zack/funannotate_db/hypocreales_odb10/hmms/17265at5125.hmm /home/zack/Desktop/IsariaPreferralGenome/MyGenomeSubmittedToNCBI/HypocrealesProteinSets/Cjavanica_Apopka_97.proteins.fa 
# Current dir:     /home/zack/Desktop/IsariaPreferralGenome/MyGenomeSubmittedToNCBI/HypocrealesProteinSets/BUSCO_AA_all
# Date:            Mon Mar  4 14:55:34 2024
# [ok]
