#                                                                            --- full sequence --- -------------- this domain -------------   hmm coord   ali coord   env coord
# target name        accession   tlen query name           accession   qlen   E-value  score  bias   #  of  c-Evalue  i-Evalue  score  bias  from    to  from    to  from    to  acc description of target
#------------------- ---------- ----- -------------------- ---------- ----- --------- ------ ----- --- --- --------- --------- ------ ----- ----- ----- ----- ----- ----- ----- ---- ---------------------
PHA62_006295-T1      -            475 22325at5125          -            393  6.6e-195  646.5  11.1   1   2   1.1e-97   3.9e-95  318.0   0.1     1   180     1   192     1   201 0.94 PHA62_006295
PHA62_006295-T1      -            475 22325at5125          -            393  6.6e-195  646.5  11.1   2   2    3e-101     1e-98  329.8   6.6   175   393   209   470   204   470 0.89 PHA62_006295
PHA62_008356-T1      -           1508 22325at5125          -            393   9.4e-20   69.8   4.9   1   6   1.2e-05     0.004   15.0   0.1   247   314  1000  1068   993  1106 0.70 PHA62_008356
PHA62_008356-T1      -           1508 22325at5125          -            393   9.4e-20   69.8   4.9   2   6     0.002       0.7    7.6   0.0   249   309  1086  1147  1076  1152 0.81 PHA62_008356
PHA62_008356-T1      -           1508 22325at5125          -            393   9.4e-20   69.8   4.9   3   6   0.00027     0.093   10.5   0.0   249   309  1211  1273  1207  1278 0.83 PHA62_008356
PHA62_008356-T1      -           1508 22325at5125          -            393   9.4e-20   69.8   4.9   4   6   0.00031      0.11   10.3   0.0   251   309  1297  1357  1291  1362 0.84 PHA62_008356
PHA62_008356-T1      -           1508 22325at5125          -            393   9.4e-20   69.8   4.9   5   6   0.00014     0.049   11.5   0.0   248   309  1336  1399  1322  1413 0.87 PHA62_008356
PHA62_008356-T1      -           1508 22325at5125          -            393   9.4e-20   69.8   4.9   6   6   0.00022     0.078   10.8   0.0   249   309  1421  1483  1414  1497 0.85 PHA62_008356
PHA62_007682-T1      -            318 22325at5125          -            393   9.7e-09   33.5   0.0   1   2      0.34   1.2e+02    0.3   0.0   208   269     8    74     4    94 0.72 PHA62_007682
PHA62_007682-T1      -            318 22325at5125          -            393   9.7e-09   33.5   0.0   2   2   1.7e-10   5.9e-08   31.0   0.0   212   349   148   303   108   312 0.73 PHA62_007682
PHA62_006132-T1      -            896 22325at5125          -            393   1.3e-08   33.2   0.0   1   4    0.0003       0.1   10.4   0.0   249   357    19   130    14   137 0.79 PHA62_006132
PHA62_006132-T1      -            896 22325at5125          -            393   1.3e-08   33.2   0.0   2   4      0.33   1.1e+02    0.4   0.0   211   243   144   177   134   181 0.79 PHA62_006132
PHA62_006132-T1      -            896 22325at5125          -            393   1.3e-08   33.2   0.0   3   4   4.7e-06    0.0016   16.3   0.0   250   308   205   266   187   274 0.82 PHA62_006132
PHA62_006132-T1      -            896 22325at5125          -            393   1.3e-08   33.2   0.0   4   4   0.00012     0.042   11.7   0.0   217   273   247   311   229   322 0.77 PHA62_006132
PHA62_005578-T1      -            960 22325at5125          -            393   6.2e-08   30.9   0.3   1   5    0.0009      0.31    8.8   0.0   255   319    77   142    56   148 0.85 PHA62_005578
PHA62_005578-T1      -            960 22325at5125          -            393   6.2e-08   30.9   0.3   2   5      0.64   2.2e+02   -0.6   0.0   216   244   278   306   231   313 0.62 PHA62_005578
PHA62_005578-T1      -            960 22325at5125          -            393   6.2e-08   30.9   0.3   3   5     0.028       9.9    3.9   0.0   251   274   469   492   424   499 0.81 PHA62_005578
PHA62_005578-T1      -            960 22325at5125          -            393   6.2e-08   30.9   0.3   4   5     0.011       3.7    5.3   0.0   211   247   502   539   495   635 0.66 PHA62_005578
PHA62_005578-T1      -            960 22325at5125          -            393   6.2e-08   30.9   0.3   5   5      0.12        41    1.8   0.0   211   242   690   722   660   726 0.77 PHA62_005578
PHA62_003829-T1      -            447 22325at5125          -            393   7.9e-07   27.2   1.6   1   3      0.22        75    1.0   0.1   217   247   156   186   143   198 0.81 PHA62_003829
PHA62_003829-T1      -            447 22325at5125          -            393   7.9e-07   27.2   1.6   2   3    0.0003       0.1   10.4   0.1   226   302   211   300   196   312 0.61 PHA62_003829
PHA62_003829-T1      -            447 22325at5125          -            393   7.9e-07   27.2   1.6   3   3   0.00011      0.04   11.7   0.0   240   282   321   363   313   379 0.83 PHA62_003829
PHA62_000306-T1      -            379 22325at5125          -            393   1.2e-06   26.7   0.0   1   2      0.55   1.9e+02   -0.4   0.0   264   315    57   105    40   110 0.79 PHA62_000306
PHA62_000306-T1      -            379 22325at5125          -            393   1.2e-06   26.7   0.0   2   2   2.3e-08   7.9e-06   23.9   0.0   253   357   134   236   131   244 0.86 PHA62_000306
PHA62_004695-T1      -            610 22325at5125          -            393   1.3e-06   26.5   8.1   1   3      0.01       3.5    5.4   0.0   249   283    64    98    13   129 0.88 PHA62_004695
PHA62_004695-T1      -            610 22325at5125          -            393   1.3e-06   26.5   8.1   2   3    0.0019      0.67    7.7   0.1   248   315   193   263   141   279 0.62 PHA62_004695
PHA62_004695-T1      -            610 22325at5125          -            393   1.3e-06   26.5   8.1   3   3   2.7e-05    0.0095   13.8   3.3   248   350   492   597   371   607 0.60 PHA62_004695
PHA62_005508-T1      -            490 22325at5125          -            393   1.4e-06   26.4   0.2   1   3     0.068        24    2.6   0.0   210   242   181   213   138   225 0.55 PHA62_005508
PHA62_005508-T1      -            490 22325at5125          -            393   1.4e-06   26.4   0.2   2   3   6.7e-06    0.0023   15.8   0.0   214   302   243   344   238   352 0.72 PHA62_005508
PHA62_005508-T1      -            490 22325at5125          -            393   1.4e-06   26.4   0.2   3   3     0.025       8.8    4.0   0.0   197   261   356   421   346   433 0.83 PHA62_005508
PHA62_000516-T1      -            439 22325at5125          -            393   1.4e-05   23.1   0.0   1   2    0.0012       0.4    8.4   0.0   251   319   247   322   123   331 0.71 PHA62_000516
PHA62_000516-T1      -            439 22325at5125          -            393   1.4e-05   23.1   0.0   2   2   0.00013     0.046   11.5   0.0   216   247   335   367   325   378 0.85 PHA62_000516
PHA62_008219-T1      -            517 22325at5125          -            393   8.2e-05   20.6   0.0   1   3    0.0098       3.4    5.4   0.0   252   287   198   233   190   243 0.86 PHA62_008219
PHA62_008219-T1      -            517 22325at5125          -            393   8.2e-05   20.6   0.0   2   3   0.00017     0.059   11.2   0.0   247   353   288   397   249   419 0.81 PHA62_008219
PHA62_008219-T1      -            517 22325at5125          -            393   8.2e-05   20.6   0.0   3   3      0.57     2e+02   -0.4   0.0   278   309   474   505   451   517 0.56 PHA62_008219
PHA62_009756-T1      -            490 22325at5125          -            393   0.00024   19.0   0.4   1   2      0.84   2.9e+02   -1.0   0.0   215   246    69   101    60   124 0.69 PHA62_009756
PHA62_009756-T1      -            490 22325at5125          -            393   0.00024   19.0   0.4   2   2   2.5e-06   0.00087   17.2   0.1   249   352   135   239   126   252 0.82 PHA62_009756
PHA62_003650-T1      -            378 22325at5125          -            393   0.00026   19.0   0.0   1   2       2.4   8.2e+02   -2.4   0.0   251   290    17    56    13    75 0.67 PHA62_003650
PHA62_003650-T1      -            378 22325at5125          -            393   0.00026   19.0   0.0   2   2   1.8e-06   0.00063   17.7   0.0   247   319   181   257   173   284 0.81 PHA62_003650
PHA62_002671-T1      -           1216 22325at5125          -            393   0.00043   18.2   0.2   1   3       0.6   2.1e+02   -0.5   0.0   197   273   159   242   137   250 0.59 PHA62_002671
PHA62_002671-T1      -           1216 22325at5125          -            393   0.00043   18.2   0.2   2   3   0.00012     0.041   11.7   0.0   203   270   247   325   231   378 0.76 PHA62_002671
PHA62_002671-T1      -           1216 22325at5125          -            393   0.00043   18.2   0.2   3   3     0.087        30    2.3   0.1   267   345   481   553   458   560 0.69 PHA62_002671
PHA62_004359-T1      -            587 22325at5125          -            393    0.0015   16.5   0.0   1   2   2.4e-05    0.0082   14.0   0.0   250   350   336   434   326   446 0.78 PHA62_004359
PHA62_004359-T1      -            587 22325at5125          -            393    0.0015   16.5   0.0   2   2      0.04        14    3.4   0.0   216   249   417   453   408   490 0.51 PHA62_004359
PHA62_004207-T1      -            449 22325at5125          -            393    0.0016   16.4   0.0   1   2       2.9     1e+03   -2.8   0.0   289   356   183   251   170   254 0.63 PHA62_004207
PHA62_004207-T1      -            449 22325at5125          -            393    0.0016   16.4   0.0   2   2   1.2e-05    0.0041   15.0   0.0   210   263   319   372   275   406 0.83 PHA62_004207
PHA62_007691-T1      -            744 22325at5125          -            393     0.004   15.0   0.0   1   3   0.00039      0.14   10.0   0.0   247   306   401   464   397   490 0.80 PHA62_007691
PHA62_007691-T1      -            744 22325at5125          -            393     0.004   15.0   0.0   2   3      0.52   1.8e+02   -0.3   0.0   332   354   533   555   518   574 0.73 PHA62_007691
PHA62_007691-T1      -            744 22325at5125          -            393     0.004   15.0   0.0   3   3      0.31   1.1e+02    0.5   0.0   219   257   623   662   614   702 0.82 PHA62_007691
PHA62_009192-T1      -            378 22325at5125          -            393    0.0065   14.3   0.0   1   2   6.3e-05     0.022   12.6   0.0   214   281   139   216   134   229 0.78 PHA62_009192
PHA62_009192-T1      -            378 22325at5125          -            393    0.0065   14.3   0.0   2   2       3.4   1.2e+03   -3.0   0.0   251   266   305   320   304   328 0.82 PHA62_009192
PHA62_007543-T1      -            320 22325at5125          -            393     0.007   14.2   0.0   1   1   2.9e-05      0.01   13.7   0.0   247   353    79   184    33   198 0.82 PHA62_007543
PHA62_007003-T1      -            452 22325at5125          -            393     0.013   13.4   0.0   1   3     0.029        10    3.8   0.0   249   357   116   229   107   251 0.73 PHA62_007003
PHA62_007003-T1      -            452 22325at5125          -            393     0.013   13.4   0.0   2   3      0.44   1.5e+02   -0.1   0.0   287   341   247   300   202   319 0.66 PHA62_007003
PHA62_007003-T1      -            452 22325at5125          -            393     0.013   13.4   0.0   3   3     0.011       3.7    5.3   0.0   215   246   353   384   335   392 0.85 PHA62_007003
PHA62_009791-T1      -            350 22325at5125          -            393     0.014   13.3   0.0   1   1     9e-05     0.031   12.1   0.0   250   305   258   315   252   341 0.85 PHA62_009791
PHA62_003913-T1      -            641 22325at5125          -            393     0.014   13.2   0.0   1   1   7.7e-05     0.027   12.3   0.0   259   320   215   277   199   301 0.78 PHA62_003913
PHA62_010484-T1      -            347 22325at5125          -            393      0.02   12.7   0.1   1   2      0.22        77    0.9   0.0   234   277    93   137    62   153 0.71 PHA62_010484
PHA62_010484-T1      -            347 22325at5125          -            393      0.02   12.7   0.1   2   2   0.00062      0.21    9.3   0.0   251   274   305   328   294   331 0.91 PHA62_010484
PHA62_001161-T1      -            726 22325at5125          -            393     0.021   12.6   0.0   1   1    0.0001     0.035   11.9   0.0   247   309   637   701   630   711 0.84 PHA62_001161
PHA62_009925-T1      -            514 22325at5125          -            393     0.022   12.6   0.1   1   2     0.063        22    2.7   0.0   251   273   192   214   130   306 0.71 PHA62_009925
PHA62_009925-T1      -            514 22325at5125          -            393     0.022   12.6   0.1   2   2    0.0018      0.62    7.8   0.0   248   311   403   467   394   509 0.81 PHA62_009925
PHA62_001359-T1      -            602 22325at5125          -            393     0.029   12.2   0.0   1   3      0.43   1.5e+02   -0.0   0.0   237   318   282   369   268   411 0.71 PHA62_001359
PHA62_001359-T1      -            602 22325at5125          -            393     0.029   12.2   0.0   2   3     0.098        34    2.1   0.0   259   308   488   540   452   557 0.57 PHA62_001359
PHA62_001359-T1      -            602 22325at5125          -            393     0.029   12.2   0.0   3   3    0.0026      0.91    7.3   0.0   333   359   574   600   479   602 0.55 PHA62_001359
PHA62_002969-T1      -            752 22325at5125          -            393     0.034   12.0   0.2   1   3      0.24        84    0.8   0.0   244   274   374   404   358   415 0.72 PHA62_002969
PHA62_002969-T1      -            752 22325at5125          -            393     0.034   12.0   0.2   2   3      0.18        62    1.2   0.0   254   308   503   560   467   576 0.76 PHA62_002969
PHA62_002969-T1      -            752 22325at5125          -            393     0.034   12.0   0.2   3   3    0.0098       3.4    5.4   0.0   217   260   584   627   557   667 0.71 PHA62_002969
PHA62_008196-T1      -            591 22325at5125          -            393     0.038   11.8   0.0   1   2     0.038        13    3.5   0.0   246   266   513   533   507   544 0.83 PHA62_008196
PHA62_008196-T1      -            591 22325at5125          -            393     0.038   11.8   0.0   2   2    0.0077       2.7    5.7   0.0   244   274   558   588   554   591 0.91 PHA62_008196
PHA62_001614-T1      -           1146 22325at5125          -            393     0.039   11.8   0.0   1   1   0.00022     0.078   10.8   0.0   231   301   977  1055   960  1070 0.73 PHA62_001614
PHA62_003385-T1      -            359 22325at5125          -            393     0.054   11.3   0.9   1   3      0.63   2.2e+02   -0.6   0.1    85   104    23    42    13    55 0.79 PHA62_003385
PHA62_003385-T1      -            359 22325at5125          -            393     0.054   11.3   0.9   2   3      0.13        44    1.7   0.0   245   268   112   135    72   146 0.83 PHA62_003385
PHA62_003385-T1      -            359 22325at5125          -            393     0.054   11.3   0.9   3   3     0.015         5    4.8   0.0   247   277   245   275   239   305 0.82 PHA62_003385
#
# Program:         hmmsearch
# Version:         3.1b2 (February 2015)
# Pipeline mode:   SEARCH
# Query file:      /home/zack/funannotate_db/hypocreales_odb10/hmms/22325at5125.hmm
# Target file:     /home/zack/Desktop/IsariaPreferralGenome/MyGenomeSubmittedToNCBI/HypocrealesProteinSets/Cjavanica_Apopka_97.proteins.fa
# Option settings: hmmsearch --domtblout /home/zack/Desktop/IsariaPreferralGenome/MyGenomeSubmittedToNCBI/HypocrealesProteinSets/BUSCO_AA_all/BUSCO_AA_Cjavanica_Apopka97/run_hypocreales_odb10/hmmer_output/initial_run_results/22325at5125.out --cpu 1 /home/zack/funannotate_db/hypocreales_odb10/hmms/22325at5125.hmm /home/zack/Desktop/IsariaPreferralGenome/MyGenomeSubmittedToNCBI/HypocrealesProteinSets/Cjavanica_Apopka_97.proteins.fa 
# Current dir:     /home/zack/Desktop/IsariaPreferralGenome/MyGenomeSubmittedToNCBI/HypocrealesProteinSets/BUSCO_AA_all
# Date:            Mon Mar  4 14:55:09 2024
# [ok]
