#                                                                            --- full sequence --- -------------- this domain -------------   hmm coord   ali coord   env coord
# target name        accession   tlen query name           accession   qlen   E-value  score  bias   #  of  c-Evalue  i-Evalue  score  bias  from    to  from    to  from    to  acc description of target
#------------------- ---------- ----- -------------------- ---------- ----- --------- ------ ----- --- --- --------- --------- ------ ----- ----- ----- ----- ----- ----- ----- ---- ---------------------
PHA62_006480-T1      -           1117 2374at5125           -            969         0 1929.4   7.6   1   1         0         0 1926.7   7.6     1   969     2  1098     2  1098 0.94 PHA62_006480
PHA62_006080-T1      -           1086 2374at5125           -            969  6.4e-301  999.9   1.9   1   1  2.1e-303  8.9e-301  999.4   1.9    29   936    62  1036    36  1052 0.87 PHA62_006080
PHA62_009655-T1      -           1053 2374at5125           -            969  2.1e-276  918.7   0.2   1   1  6.9e-279    3e-276  918.2   0.2    30   934    63  1036    41  1042 0.89 PHA62_009655
PHA62_001723-T1      -           1024 2374at5125           -            969  2.5e-261  868.8   5.2   1   1    8e-264  3.5e-261  868.3   5.2    38   940    92  1016    69  1021 0.88 PHA62_001723
PHA62_009049-T1      -            998 2374at5125           -            969  6.1e-102  341.3   5.0   1   2   9.9e-24   4.3e-21   73.7   0.6    27   207    34   237    14   243 0.75 PHA62_009049
PHA62_009049-T1      -            998 2374at5125           -            969  6.1e-102  341.3   5.0   2   2   8.7e-83   3.8e-80  269.1   0.4   246   935   244   982   238   988 0.75 PHA62_009049
PHA62_008126-T1      -           1048 2374at5125           -            969   1.3e-96  323.6   3.4   1   3   8.8e-07   0.00038   17.6   0.0    41   115   105   178    75   194 0.83 PHA62_008126
PHA62_008126-T1      -           1048 2374at5125           -            969   1.3e-96  323.6   3.4   2   3   7.9e-13   3.4e-10   37.6   1.6   106   209   207   333   204   346 0.75 PHA62_008126
PHA62_008126-T1      -           1048 2374at5125           -            969   1.3e-96  323.6   3.4   3   3   3.5e-81   1.5e-78  263.8   0.4   252   904   351  1006   340  1035 0.78 PHA62_008126
PHA62_004136-T1      -           1383 2374at5125           -            969   1.7e-76  257.1   3.4   1   2   1.9e-13   8.1e-11   39.6   0.1    69   171   350   455   304   475 0.88 PHA62_004136
PHA62_004136-T1      -           1383 2374at5125           -            969   1.7e-76  257.1   3.4   2   2   3.3e-67   1.4e-64  217.6   0.6   278   918   563  1211   557  1220 0.76 PHA62_004136
PHA62_004611-T1      -           1103 2374at5125           -            969   1.5e-66  224.1  15.9   1   5   2.9e-14   1.2e-11   42.3   0.0    75   214   185   331   177   334 0.82 PHA62_004611
PHA62_004611-T1      -           1103 2374at5125           -            969   1.5e-66  224.1  15.9   2   5   2.4e-15     1e-12   45.9   3.9   256   357   339   455   328   460 0.77 PHA62_004611
PHA62_004611-T1      -           1103 2374at5125           -            969   1.5e-66  224.1  15.9   3   5      0.15        65    0.2   0.0   407   469   487   552   475   558 0.84 PHA62_004611
PHA62_004611-T1      -           1103 2374at5125           -            969   1.5e-66  224.1  15.9   4   5   5.4e-14   2.3e-11   41.4   0.0   502   591   623   717   610   725 0.88 PHA62_004611
PHA62_004611-T1      -           1103 2374at5125           -            969   1.5e-66  224.1  15.9   5   5   3.5e-31   1.5e-28   98.3   0.5   626   814   776   958   755  1098 0.71 PHA62_004611
PHA62_000627-T1      -           1127 2374at5125           -            969   3.5e-65  219.6  12.6   1   4   3.5e-15   1.5e-12   45.4   0.3    76   212   223   367   217   379 0.82 PHA62_000627
PHA62_000627-T1      -           1127 2374at5125           -            969   3.5e-65  219.6  12.6   2   4   1.3e-12   5.6e-10   36.9   1.5   285   365   421   506   369   519 0.72 PHA62_000627
PHA62_000627-T1      -           1127 2374at5125           -            969   3.5e-65  219.6  12.6   3   4       0.9   3.9e+02   -2.3   0.0   406   472   518   585   499   588 0.72 PHA62_000627
PHA62_000627-T1      -           1127 2374at5125           -            969   3.5e-65  219.6  12.6   4   4   1.4e-43   6.2e-41  139.3   0.2   503   803   649   970   635   987 0.75 PHA62_000627
PHA62_003084-T1      -           1171 2374at5125           -            969   3.8e-65  219.5  18.0   1   2     3e-10   1.3e-07   29.0   0.1    69   167   219   319   185   327 0.88 PHA62_003084
PHA62_003084-T1      -           1171 2374at5125           -            969   3.8e-65  219.5  18.0   2   2   7.1e-58   3.1e-55  186.7  14.3   276   892   428  1037   359  1074 0.74 PHA62_003084
PHA62_008312-T1      -           1281 2374at5125           -            969   4.5e-65  219.2   3.3   1   2   2.4e-06    0.0011   16.1   0.2    71   167   214   312   184   318 0.75 PHA62_008312
PHA62_008312-T1      -           1281 2374at5125           -            969   4.5e-65  219.2   3.3   2   2   9.6e-63   4.1e-60  202.8   0.3   277   786   420   938   352   991 0.79 PHA62_008312
PHA62_000023-T1      -            930 2374at5125           -            969     7e-59  198.7   9.3   1   3     4e-22   1.7e-19   68.4   0.0    40   220   106   293    82   302 0.78 PHA62_000023
PHA62_000023-T1      -            930 2374at5125           -            969     7e-59  198.7   9.3   2   3   1.4e-11   5.9e-09   33.5   0.8   251   352   296   403   292   414 0.78 PHA62_000023
PHA62_000023-T1      -            930 2374at5125           -            969     7e-59  198.7   9.3   3   3   5.9e-32   2.5e-29  100.9   1.2   440   735   438   747   420   773 0.78 PHA62_000023
PHA62_001351-T1      -            931 2374at5125           -            969   2.9e-54  183.5  13.5   1   3   7.1e-21   3.1e-18   64.2   0.4    51   210   133   289    88   300 0.79 PHA62_001351
PHA62_001351-T1      -            931 2374at5125           -            969   2.9e-54  183.5  13.5   2   3   9.5e-13   4.1e-10   37.3   4.9   267   346   313   399   297   408 0.72 PHA62_001351
PHA62_001351-T1      -            931 2374at5125           -            969   2.9e-54  183.5  13.5   3   3   1.6e-27     7e-25   86.2   0.0   541   721   537   710   506   738 0.87 PHA62_001351
PHA62_003911-T1      -           1094 2374at5125           -            969   2.9e-21   74.2   5.7   1   3    0.0021      0.89    6.4   0.0    96   201   516   626   487   635 0.68 PHA62_003911
PHA62_003911-T1      -           1094 2374at5125           -            969   2.9e-21   74.2   5.7   2   3   3.6e-08   1.6e-05   22.2   0.0   540   603   876   941   859   950 0.85 PHA62_003911
PHA62_003911-T1      -           1094 2374at5125           -            969   2.9e-21   74.2   5.7   3   3   5.7e-15   2.5e-12   44.7   2.3   649   722   959  1032   953  1070 0.83 PHA62_003911
PHA62_003695-T1      -           1318 2374at5125           -            969   5.9e-20   69.9   1.9   1   5   0.00042      0.18    8.7   0.0    15   167   167   321   155   331 0.71 PHA62_003695
PHA62_003695-T1      -           1318 2374at5125           -            969   5.9e-20   69.9   1.9   2   5      0.14        59    0.4   0.0   292   351   454   513   415   539 0.77 PHA62_003695
PHA62_003695-T1      -           1318 2374at5125           -            969   5.9e-20   69.9   1.9   3   5   6.7e-13   2.9e-10   37.8   0.1   479   598   639   761   591   792 0.82 PHA62_003695
PHA62_003695-T1      -           1318 2374at5125           -            969   5.9e-20   69.9   1.9   4   5   7.2e-07   0.00031   17.8   0.0   620   677   818   875   812   892 0.88 PHA62_003695
PHA62_003695-T1      -           1318 2374at5125           -            969   5.9e-20   69.9   1.9   5   5      0.78   3.4e+02   -2.1   0.2    36    84  1041  1090  1036  1097 0.86 PHA62_003695
PHA62_002511-T1      -           1178 2374at5125           -            969   7.8e-20   69.5  18.1   1   4   4.8e-05     0.021   11.8   0.1   121   180   571   630   562   661 0.78 PHA62_002511
PHA62_002511-T1      -           1178 2374at5125           -            969   7.8e-20   69.5  18.1   2   4   7.3e-05     0.032   11.2   1.5   293   353   728   788   702   797 0.72 PHA62_002511
PHA62_002511-T1      -           1178 2374at5125           -            969   7.8e-20   69.5  18.1   3   4      0.02       8.5    3.2   0.1   552   593   943   984   931   986 0.85 PHA62_002511
PHA62_002511-T1      -           1178 2374at5125           -            969   7.8e-20   69.5  18.1   4   4   1.5e-17   6.5e-15   53.2   1.3   628   711   985  1069   983  1101 0.91 PHA62_002511
PHA62_005387-T1      -           1363 2374at5125           -            969   7.7e-15   52.9   0.3   1   3     0.054        23    1.7   0.0    77   146   306   373   243   396 0.74 PHA62_005387
PHA62_005387-T1      -           1363 2374at5125           -            969   7.7e-15   52.9   0.3   2   3   3.9e-15   1.7e-12   45.2   0.2   318   605   599   923   591   956 0.66 PHA62_005387
PHA62_005387-T1      -           1363 2374at5125           -            969   7.7e-15   52.9   0.3   3   3     0.047        20    1.9   0.0   627   683   978  1038   963  1079 0.76 PHA62_005387
PHA62_002935-T1      -           1298 2374at5125           -            969   7.4e-14   49.7   3.1   1   2      0.52   2.3e+02   -1.5   0.0   121   149   323   351   314   357 0.86 PHA62_002935
PHA62_002935-T1      -           1298 2374at5125           -            969   7.4e-14   49.7   3.1   2   2   1.9e-14   8.2e-12   42.9   1.7   254   683   530  1062   521  1112 0.60 PHA62_002935
PHA62_004074-T1      -           1247 2374at5125           -            969   1.9e-11   41.7  15.0   1   4    0.0019      0.84    6.5   0.1    80   178   713   814   664   844 0.73 PHA62_004074
PHA62_004074-T1      -           1247 2374at5125           -            969   1.9e-11   41.7  15.0   2   4   0.00011     0.049   10.6   4.2   256   349   866   963   857   997 0.74 PHA62_004074
PHA62_004074-T1      -           1247 2374at5125           -            969   1.9e-11   41.7  15.0   3   4      0.43   1.9e+02   -1.3   0.0   546   593  1066  1113  1060  1121 0.86 PHA62_004074
PHA62_004074-T1      -           1247 2374at5125           -            969   1.9e-11   41.7  15.0   4   4   1.4e-10   6.3e-08   30.1   0.2   651   728  1133  1209  1112  1220 0.80 PHA62_004074
PHA62_000635-T1      -           1526 2374at5125           -            969     7e-11   39.9   0.2   1   3    0.0043       1.8    5.4   0.0   326   355   622   651   609   685 0.79 PHA62_000635
PHA62_000635-T1      -           1526 2374at5125           -            969     7e-11   39.9   0.2   2   3   2.7e-09   1.2e-06   25.9   0.0   457   603   802   975   791   997 0.76 PHA62_000635
PHA62_000635-T1      -           1526 2374at5125           -            969     7e-11   39.9   0.2   3   3    0.0067       2.9    4.7   0.0   628   681  1056  1112  1040  1200 0.79 PHA62_000635
PHA62_010263-T1      -           1101 2374at5125           -            969     8e-11   39.7  20.8   1   4   3.2e-06    0.0014   15.7   0.3    65   190   546   670   515   705 0.76 PHA62_010263
PHA62_010263-T1      -           1101 2374at5125           -            969     8e-11   39.7  20.8   2   4     0.001      0.43    7.5   5.1   279   346   738   805   688   814 0.75 PHA62_010263
PHA62_010263-T1      -           1101 2374at5125           -            969     8e-11   39.7  20.8   3   4    0.0068         3    4.7   0.0   549   589   916   956   884   959 0.89 PHA62_010263
PHA62_010263-T1      -           1101 2374at5125           -            969     8e-11   39.7  20.8   4   4   8.7e-09   3.8e-06   24.2   1.8   597   690   926  1024   916  1066 0.77 PHA62_010263
PHA62_006214-T1      -           1552 2374at5125           -            969   2.2e-10   38.2   0.1   1   4      0.62   2.7e+02   -1.8   0.0   123   148   336   361   332   378 0.85 PHA62_006214
PHA62_006214-T1      -           1552 2374at5125           -            969   2.2e-10   38.2   0.1   2   4     7e-05      0.03   11.3   0.0   317   357   578   618   547   654 0.83 PHA62_006214
PHA62_006214-T1      -           1552 2374at5125           -            969   2.2e-10   38.2   0.1   3   4   5.5e-06    0.0024   14.9   0.0   514   589   982  1058   937  1086 0.80 PHA62_006214
PHA62_006214-T1      -           1552 2374at5125           -            969   2.2e-10   38.2   0.1   4   4    0.0015      0.67    6.8   0.0   627   675  1127  1177  1103  1257 0.80 PHA62_006214
PHA62_004963-T1      -            775 2374at5125           -            969   2.2e-08   31.6   1.7   1   3   5.3e-05     0.023   11.7   0.3   268   355    14   101     1   122 0.79 PHA62_004963
PHA62_004963-T1      -            775 2374at5125           -            969   2.2e-08   31.6   1.7   2   3      0.37   1.6e+02   -1.1   0.0   458   519   202   272   196   289 0.73 PHA62_004963
PHA62_004963-T1      -            775 2374at5125           -            969   2.2e-08   31.6   1.7   3   3   6.6e-07   0.00029   18.0   0.1   624   704   289   367   276   384 0.76 PHA62_004963
PHA62_004877-T1      -           1446 2374at5125           -            969   5.7e-08   30.2   1.7   1   4   3.4e-05     0.015   12.3   0.1   322   356   459   493   316   521 0.79 PHA62_004877
PHA62_004877-T1      -           1446 2374at5125           -            969   5.7e-08   30.2   1.7   2   4         1   4.4e+02   -2.5   0.0   441   474   652   685   592   716 0.74 PHA62_004877
PHA62_004877-T1      -           1446 2374at5125           -            969   5.7e-08   30.2   1.7   3   4   7.7e-06    0.0034   14.4   0.0   531   596   886   952   826   964 0.76 PHA62_004877
PHA62_004877-T1      -           1446 2374at5125           -            969   5.7e-08   30.2   1.7   4   4      0.26   1.1e+02   -0.5   0.0   643   674  1037  1068  1009  1106 0.79 PHA62_004877
#
# Program:         hmmsearch
# Version:         3.1b2 (February 2015)
# Pipeline mode:   SEARCH
# Query file:      /home/zack/funannotate_db/hypocreales_odb10/hmms/2374at5125.hmm
# Target file:     /home/zack/Desktop/IsariaPreferralGenome/MyGenomeSubmittedToNCBI/HypocrealesProteinSets/Cjavanica_Apopka_97.proteins.fa
# Option settings: hmmsearch --domtblout /home/zack/Desktop/IsariaPreferralGenome/MyGenomeSubmittedToNCBI/HypocrealesProteinSets/BUSCO_AA_all/BUSCO_AA_Cjavanica_Apopka97/run_hypocreales_odb10/hmmer_output/initial_run_results/2374at5125.out --cpu 1 /home/zack/funannotate_db/hypocreales_odb10/hmms/2374at5125.hmm /home/zack/Desktop/IsariaPreferralGenome/MyGenomeSubmittedToNCBI/HypocrealesProteinSets/Cjavanica_Apopka_97.proteins.fa 
# Current dir:     /home/zack/Desktop/IsariaPreferralGenome/MyGenomeSubmittedToNCBI/HypocrealesProteinSets/BUSCO_AA_all
# Date:            Mon Mar  4 14:55:59 2024
# [ok]
