#                                                                            --- full sequence --- -------------- this domain -------------   hmm coord   ali coord   env coord
# target name        accession   tlen query name           accession   qlen   E-value  score  bias   #  of  c-Evalue  i-Evalue  score  bias  from    to  from    to  from    to  acc description of target
#------------------- ---------- ----- -------------------- ---------- ----- --------- ------ ----- --- --- --------- --------- ------ ----- ----- ----- ----- ----- ----- ----- ---- ---------------------
PHA62_008901-T1      -            524 25990at5125          -            321  1.6e-163  542.3   1.0   1   1  2.5e-166  2.4e-163  541.7   1.0    10   321   149   497   142   497 0.91 PHA62_008901
PHA62_006667-T1      -            378 25990at5125          -            321   9.1e-24   83.1   0.0   1   1   1.4e-26   1.3e-23   82.5   0.0     9   291    73   371    68   374 0.77 PHA62_006667
PHA62_000335-T1      -            636 25990at5125          -            321   2.8e-11   42.0   3.0   1   2    0.0045       4.3    5.3   0.1    16    78   239   302   234   319 0.69 PHA62_000335
PHA62_000335-T1      -            636 25990at5125          -            321   2.8e-11   42.0   3.0   2   2   1.1e-12   1.1e-09   36.9   0.5   134   292   467   630   373   635 0.76 PHA62_000335
PHA62_004491-T1      -            441 25990at5125          -            321   1.5e-09   36.4   2.5   1   3    0.0012       1.1    7.2   0.2    15    91   119   197   109   243 0.74 PHA62_004491
PHA62_004491-T1      -            441 25990at5125          -            321   1.5e-09   36.4   2.5   2   3       0.3   2.9e+02   -0.7   0.0   247   279   291   323   283   325 0.89 PHA62_004491
PHA62_004491-T1      -            441 25990at5125          -            321   1.5e-09   36.4   2.5   3   3     8e-10   7.5e-07   27.5   0.3   213   291   362   436   345   439 0.87 PHA62_004491
PHA62_002902-T1      -            511 25990at5125          -            321   3.1e-08   32.0   1.3   1   2   2.7e-06    0.0025   15.9   0.2    15    72   203   261   198   283 0.86 PHA62_002902
PHA62_002902-T1      -            511 25990at5125          -            321   3.1e-08   32.0   1.3   2   2   5.3e-06     0.005   14.9   0.1   225   274   440   490   425   503 0.86 PHA62_002902
PHA62_000253-T1      -            371 25990at5125          -            321   5.4e-05   21.4   7.9   1   3   0.00046      0.43    8.6   0.1    51    73    69    91    57   125 0.73 PHA62_000253
PHA62_000253-T1      -            371 25990at5125          -            321   5.4e-05   21.4   7.9   2   3       1.4   1.4e+03   -2.9   0.1   173   197   184   208   180   210 0.81 PHA62_000253
PHA62_000253-T1      -            371 25990at5125          -            321   5.4e-05   21.4   7.9   3   3   1.7e-06    0.0016   16.6   1.2   220   272   264   316   257   328 0.89 PHA62_000253
PHA62_003509-T1      -            447 25990at5125          -            321   7.4e-05   20.9   0.1   1   1   1.2e-07   0.00011   20.4   0.1    16   120   115   217   110   224 0.73 PHA62_003509
PHA62_001066-T1      -            418 25990at5125          -            321   0.00028   19.1   2.5   1   2       0.1        99    0.8   0.1    45    90   156   204   124   239 0.68 PHA62_001066
PHA62_001066-T1      -            418 25990at5125          -            321   0.00028   19.1   2.5   2   2   6.6e-07   0.00063   17.9   0.4   227   292   352   415   335   417 0.85 PHA62_001066
PHA62_005027-T1      -            651 25990at5125          -            321   0.00029   19.0   1.6   1   1   4.8e-07   0.00046   18.3   1.6    13   120   106   216    97   237 0.89 PHA62_005027
PHA62_002454-T1      -            431 25990at5125          -            321   0.00038   18.6   2.9   1   3   0.00044      0.42    8.6   0.0    15    63     8    56     3    70 0.80 PHA62_002454
PHA62_002454-T1      -            431 25990at5125          -            321   0.00038   18.6   2.9   2   3      0.37   3.5e+02   -1.0   0.0   212   245   105   138   100   170 0.86 PHA62_002454
PHA62_002454-T1      -            431 25990at5125          -            321   0.00038   18.6   2.9   3   3   0.00035      0.33    8.9   0.4   241   278   365   402   357   427 0.79 PHA62_002454
PHA62_008913-T1      -            420 25990at5125          -            321    0.0034   15.5   0.1   1   1   4.9e-06    0.0047   15.0   0.1    16   117   119   218   114   277 0.78 PHA62_008913
#
# Program:         hmmsearch
# Version:         3.1b2 (February 2015)
# Pipeline mode:   SEARCH
# Query file:      /home/zack/funannotate_db/hypocreales_odb10/hmms/25990at5125.hmm
# Target file:     /home/zack/Desktop/IsariaPreferralGenome/MyGenomeSubmittedToNCBI/HypocrealesProteinSets/Cjavanica_Apopka_97.proteins.fa
# Option settings: hmmsearch --domtblout /home/zack/Desktop/IsariaPreferralGenome/MyGenomeSubmittedToNCBI/HypocrealesProteinSets/BUSCO_AA_all/BUSCO_AA_Cjavanica_Apopka97/run_hypocreales_odb10/hmmer_output/initial_run_results/25990at5125.out --cpu 1 /home/zack/funannotate_db/hypocreales_odb10/hmms/25990at5125.hmm /home/zack/Desktop/IsariaPreferralGenome/MyGenomeSubmittedToNCBI/HypocrealesProteinSets/Cjavanica_Apopka_97.proteins.fa 
# Current dir:     /home/zack/Desktop/IsariaPreferralGenome/MyGenomeSubmittedToNCBI/HypocrealesProteinSets/BUSCO_AA_all
# Date:            Mon Mar  4 14:56:05 2024
# [ok]
