#                                                                            --- full sequence --- -------------- this domain -------------   hmm coord   ali coord   env coord
# target name        accession   tlen query name           accession   qlen   E-value  score  bias   #  of  c-Evalue  i-Evalue  score  bias  from    to  from    to  from    to  acc description of target
#------------------- ---------- ----- -------------------- ---------- ----- --------- ------ ----- --- --- --------- --------- ------ ----- ----- ----- ----- ----- ----- ----- ---- ---------------------
PHA62_000830-T1      -            471 27188at5125          -            361  1.5e-191  635.5  31.6   1   1  5.4e-194  1.9e-191  635.2  31.6     2   357    64   451    63   455 0.93 PHA62_000830
PHA62_004465-T1      -            447 27188at5125          -            361  1.5e-106  355.9  20.9   1   1  5.2e-109  1.8e-106  355.6  20.9     5   359    45   431    41   433 0.90 PHA62_004465
PHA62_005878-T1      -            462 27188at5125          -            361  3.6e-101  338.1  30.3   1   1  1.4e-103    5e-101  337.7  30.3     7   356    56   442    50   446 0.88 PHA62_005878
PHA62_002785-T1      -            464 27188at5125          -            361   1.3e-68  231.0  32.7   1   1     5e-71   1.7e-68  230.6  32.7     7   355    64   444    59   450 0.87 PHA62_002785
PHA62_008276-T1      -            450 27188at5125          -            361   7.7e-62  208.7  24.5   1   1   2.9e-64     1e-61  208.3  24.5     8   353    51   427    44   434 0.87 PHA62_008276
PHA62_001403-T1      -            496 27188at5125          -            361   9.5e-59  198.6  27.7   1   1   3.7e-61   1.3e-58  198.1  27.7     9   355    97   475    91   481 0.88 PHA62_001403
PHA62_002760-T1      -            442 27188at5125          -            361   3.3e-58  196.8  28.1   1   1   1.2e-60   4.2e-58  196.4  28.1     5   354    43   421    39   428 0.86 PHA62_002760
PHA62_005817-T1      -            468 27188at5125          -            361   3.2e-56  190.2  20.4   1   1   1.2e-58   4.1e-56  189.9  20.4     7   353    66   445    60   453 0.85 PHA62_005817
PHA62_007900-T1      -            440 27188at5125          -            361   6.9e-51  172.7  27.1   1   1   2.7e-53   9.2e-51  172.3  27.1     9   352    44   417    36   425 0.84 PHA62_007900
PHA62_004219-T1      -            442 27188at5125          -            361   7.5e-51  172.6  30.6   1   1   2.7e-53   9.5e-51  172.2  30.6     5   355    42   421    38   427 0.87 PHA62_004219
PHA62_001955-T1      -            431 27188at5125          -            361   7.6e-49  166.0  26.1   1   1   2.9e-51     1e-48  165.6  26.1     6   347    31   401    27   412 0.87 PHA62_001955
PHA62_007493-T1      -            442 27188at5125          -            361   2.3e-48  164.4  21.1   1   1   8.5e-51   2.9e-48  164.0  21.1     9   354    42   423    35   430 0.84 PHA62_007493
PHA62_001057-T1      -            439 27188at5125          -            361     1e-46  158.9  28.9   1   1     4e-49   1.4e-46  158.5  28.9     8   356    41   419    37   424 0.86 PHA62_001057
PHA62_007949-T1      -            441 27188at5125          -            361     1e-45  155.7  28.2   1   1   3.7e-48   1.3e-45  155.3  28.2     3   355    38   421    36   427 0.85 PHA62_007949
PHA62_006385-T1      -            451 27188at5125          -            361     3e-45  154.2  26.4   1   1   1.2e-47   4.2e-45  153.7  26.4    11   348     7   393     1   407 0.76 PHA62_006385
PHA62_007327-T1      -            444 27188at5125          -            361   6.7e-43  146.4  28.0   1   1   2.7e-45   9.3e-43  146.0  28.0     9   357    44   425    36   428 0.82 PHA62_007327
PHA62_004614-T1      -            437 27188at5125          -            361   9.6e-43  145.9  27.3   1   1   3.6e-45   1.3e-42  145.5  27.3    10   351    41   411    31   425 0.83 PHA62_004614
PHA62_002668-T1      -            514 27188at5125          -            361   6.7e-40  136.5  25.6   1   1   2.9e-42   9.9e-40  136.0  25.6    10   343   111   474   102   486 0.83 PHA62_002668
PHA62_000037-T1      -            405 27188at5125          -            361   1.1e-38  132.6  30.4   1   1   4.1e-41   1.4e-38  132.2  30.4    10   344    13   376     7   394 0.83 PHA62_000037
PHA62_007913-T1      -            844 27188at5125          -            361     2e-37  128.4  21.3   1   1   8.5e-40   2.9e-37  127.9  21.3     7   336    19   383    14   403 0.81 PHA62_007913
PHA62_004278-T1      -            463 27188at5125          -            361     1e-21   76.7  31.1   1   1   4.4e-24   1.5e-21   76.2  31.1     6   344    61   425    56   443 0.76 PHA62_004278
PHA62_002805-T1      -            276 27188at5125          -            361   5.1e-20   71.1   7.6   1   2     1e-06   0.00035   19.0   0.0   133   185     5    61     1    75 0.76 PHA62_002805
PHA62_002805-T1      -            276 27188at5125          -            361   5.1e-20   71.1   7.6   2   2   4.5e-17   1.6e-14   53.1   4.7   187   308    97   225    86   242 0.88 PHA62_002805
PHA62_008870-T1      -            797 27188at5125          -            361   9.8e-19   66.9  22.0   1   1   4.5e-21   1.6e-18   66.2  22.0    11   344    50   419    40   443 0.75 PHA62_008870
PHA62_000942-T1      -            351 27188at5125          -            361   1.4e-18   66.5  17.5   1   1   5.9e-21   2.1e-18   65.9  17.4    85   343    27   311    14   325 0.75 PHA62_000942
PHA62_009283-T1      -            918 27188at5125          -            361   2.1e-18   65.8  27.3   1   1   9.8e-21   3.4e-18   65.1  27.3     4   343    55   420    52   438 0.81 PHA62_009283
PHA62_002019-T1      -            437 27188at5125          -            361   6.3e-18   64.3  27.0   1   1   1.9e-19   6.5e-17   60.9  27.0    13   305    45   352    42   428 0.77 PHA62_002019
PHA62_006657-T1      -            295 27188at5125          -            361   1.5e-15   56.4  10.9   1   1   5.9e-18   2.1e-15   56.0  10.9    11   183    40   230    30   242 0.76 PHA62_006657
PHA62_006413-T1      -            496 27188at5125          -            361     2e-12   46.2  22.1   1   1   1.9e-14   6.5e-12   44.5  22.1    86   304   166   401    67   408 0.71 PHA62_006413
PHA62_004318-T1      -            453 27188at5125          -            361   3.9e-12   45.2  20.3   1   1   1.9e-14   6.4e-12   44.5  20.3    83   291   124   349    34   362 0.83 PHA62_004318
PHA62_001978-T1      -            273 27188at5125          -            361   1.6e-06   26.7  15.3   1   1     9e-09   3.1e-06   25.8  15.3     4   168    69   250    66   259 0.74 PHA62_001978
#
# Program:         hmmsearch
# Version:         3.1b2 (February 2015)
# Pipeline mode:   SEARCH
# Query file:      /home/zack/funannotate_db/hypocreales_odb10/hmms/27188at5125.hmm
# Target file:     /home/zack/Desktop/IsariaPreferralGenome/MyGenomeSubmittedToNCBI/HypocrealesProteinSets/Cjavanica_Apopka_97.proteins.fa
# Option settings: hmmsearch --domtblout /home/zack/Desktop/IsariaPreferralGenome/MyGenomeSubmittedToNCBI/HypocrealesProteinSets/BUSCO_AA_all/BUSCO_AA_Cjavanica_Apopka97/run_hypocreales_odb10/hmmer_output/initial_run_results/27188at5125.out --cpu 1 /home/zack/funannotate_db/hypocreales_odb10/hmms/27188at5125.hmm /home/zack/Desktop/IsariaPreferralGenome/MyGenomeSubmittedToNCBI/HypocrealesProteinSets/Cjavanica_Apopka_97.proteins.fa 
# Current dir:     /home/zack/Desktop/IsariaPreferralGenome/MyGenomeSubmittedToNCBI/HypocrealesProteinSets/BUSCO_AA_all
# Date:            Mon Mar  4 14:56:06 2024
# [ok]
