#                                                                            --- full sequence --- -------------- this domain -------------   hmm coord   ali coord   env coord
# target name        accession   tlen query name           accession   qlen   E-value  score  bias   #  of  c-Evalue  i-Evalue  score  bias  from    to  from    to  from    to  acc description of target
#------------------- ---------- ----- -------------------- ---------- ----- --------- ------ ----- --- --- --------- --------- ------ ----- ----- ----- ----- ----- ----- ----- ---- ---------------------
PHA62_003835-T1      -            362 33830at5125          -            294  4.2e-156  517.6   9.0   1   2     2e-12     3e-10   38.8   0.4     1    39    13    57    13    64 0.84 PHA62_003835
PHA62_003835-T1      -            362 33830at5125          -            294  4.2e-156  517.6   9.0   2   2  1.2e-147  1.8e-145  482.7   2.9    35   294    77   352    60   352 0.94 PHA62_003835
PHA62_008193-T1      -            375 33830at5125          -            294   2.9e-43  147.1   0.1   1   1   2.8e-45   4.3e-43  146.6   0.1    50   260    88   305    70   312 0.92 PHA62_008193
PHA62_001944-T1      -            358 33830at5125          -            294   1.1e-36  125.6   0.1   1   1   9.9e-39   1.5e-36  125.1   0.1    44   230    93   288    59   294 0.89 PHA62_001944
PHA62_003241-T1      -            368 33830at5125          -            294     4e-36  123.7   0.0   1   1   3.7e-38   5.6e-36  123.2   0.0    50   231    99   290    78   315 0.89 PHA62_003241
PHA62_010012-T1      -            378 33830at5125          -            294   5.4e-29  100.3   0.0   1   1     6e-31     9e-29   99.6   0.0    51   258   104   322    95   331 0.85 PHA62_010012
PHA62_008573-T1      -            329 33830at5125          -            294   1.2e-23   82.8   0.1   1   1   1.1e-25   1.6e-23   82.3   0.1    51   230    80   272    52   292 0.83 PHA62_008573
PHA62_002185-T1      -            903 33830at5125          -            294   2.8e-21   75.0   8.8   1   2   1.2e-10   1.9e-08   32.9   3.1    52   207     7   181     1   222 0.80 PHA62_002185
PHA62_002185-T1      -            903 33830at5125          -            294   2.8e-21   75.0   8.8   2   2   7.5e-13   1.1e-10   40.2   0.3    49   236   310   505   304   522 0.79 PHA62_002185
PHA62_004629-T1      -            276 33830at5125          -            294   2.5e-19   68.6   0.1   1   1   2.3e-21   3.5e-19   68.1   0.1    49   223    29   216    23   229 0.81 PHA62_004629
PHA62_007062-T1      -            306 33830at5125          -            294   2.4e-18   65.4   0.1   1   1   2.1e-20   3.2e-18   64.9   0.1    54   238     3   197     1   203 0.87 PHA62_007062
PHA62_006093-T1      -            286 33830at5125          -            294   8.5e-17   60.3   1.8   1   1   7.5e-19   1.1e-16   59.9   1.8    54   230     4   187     2   216 0.86 PHA62_006093
PHA62_005891-T1      -           1286 33830at5125          -            294   2.9e-15   55.2   2.7   1   1   3.8e-17   5.8e-15   54.3   2.7    52   257  1043  1266  1029  1272 0.84 PHA62_005891
PHA62_003465-T1      -            262 33830at5125          -            294   3.5e-15   55.0   0.8   1   1   4.2e-17   6.4e-15   54.1   0.8    52   228    13   205     7   220 0.84 PHA62_003465
PHA62_003090-T1      -            259 33830at5125          -            294   3.7e-15   54.9   1.0   1   1   3.7e-16   5.6e-14   51.0   1.0    47   230     2   203     1   209 0.70 PHA62_003090
PHA62_003545-T1      -            378 33830at5125          -            294     1e-13   50.2   0.4   1   1   1.1e-15   1.7e-13   49.4   0.4    39   229   111   321    97   325 0.74 PHA62_003545
PHA62_008327-T1      -            319 33830at5125          -            294   3.7e-13   48.3   0.8   1   1   3.4e-14   5.2e-12   44.6   0.8    49   230    58   261    53   270 0.80 PHA62_008327
PHA62_002911-T1      -            296 33830at5125          -            294   4.7e-13   48.0   0.0   1   1   8.2e-15   1.2e-12   46.6   0.0    53   247    52   261    44   282 0.75 PHA62_002911
PHA62_007897-T1      -            291 33830at5125          -            294   5.2e-13   47.8   0.0   1   1   4.9e-15   7.4e-13   47.3   0.0    49   234    33   238    22   244 0.80 PHA62_007897
PHA62_009270-T1      -            276 33830at5125          -            294     1e-12   46.9   0.0   1   1     1e-14   1.5e-12   46.3   0.0    50   234    12   210     2   216 0.78 PHA62_009270
PHA62_007940-T1      -            251 33830at5125          -            294   1.7e-12   46.2   0.1   1   1   1.5e-14   2.2e-12   45.8   0.1    52   243     6   209     3   227 0.81 PHA62_007940
PHA62_009989-T1      -            271 33830at5125          -            294   3.9e-12   45.0   1.5   1   1   4.5e-14   6.9e-12   44.2   1.5   112   228    72   185     2   233 0.72 PHA62_009989
PHA62_006669-T1      -            297 33830at5125          -            294   8.4e-12   43.9   0.1   1   1   7.4e-14   1.1e-11   43.5   0.1    55   225     6   182     2   213 0.77 PHA62_006669
PHA62_005929-T1      -            294 33830at5125          -            294   1.4e-11   43.1   1.1   1   1   1.5e-12   2.2e-10   39.2   1.1    50   225    13   226     7   233 0.75 PHA62_005929
PHA62_009884-T1      -            289 33830at5125          -            294     4e-11   41.7   1.3   1   1   3.2e-13   4.8e-11   41.4   1.3    94   232    58   198    12   244 0.71 PHA62_009884
PHA62_005649-T1      -            250 33830at5125          -            294   4.2e-11   41.6   0.2   1   1   8.7e-13   1.3e-10   40.0   0.2    52   238     3   203     1   207 0.77 PHA62_005649
PHA62_002549-T1      -            311 33830at5125          -            294   5.5e-11   41.2   0.4   1   1   1.6e-12   2.3e-10   39.1   0.4    59   228    24   208    21   217 0.76 PHA62_002549
PHA62_004292-T1      -            257 33830at5125          -            294   8.9e-11   40.5   1.5   1   1   1.5e-12   2.2e-10   39.2   1.5    52   246    12   216     7   236 0.75 PHA62_004292
PHA62_007817-T1      -            290 33830at5125          -            294   9.7e-11   40.4   0.8   1   1   1.8e-12   2.7e-10   39.0   0.8    52   229    19   211     4   221 0.77 PHA62_007817
PHA62_010195-T1      -            261 33830at5125          -            294   2.6e-10   39.0   0.0   1   1   2.3e-12   3.5e-10   38.5   0.0    56   231     9   197     4   206 0.79 PHA62_010195
PHA62_004222-T1      -            281 33830at5125          -            294   4.8e-10   38.1   1.2   1   1   6.8e-12     1e-09   37.0   1.2    56   230    10   202     4   222 0.76 PHA62_004222
PHA62_009915-T1      -            297 33830at5125          -            294   1.1e-09   36.9   1.0   1   1   9.8e-12   1.5e-09   36.5   1.0    76   211    32   170     3   209 0.74 PHA62_009915
PHA62_003152-T1      -            266 33830at5125          -            294   3.2e-09   35.4   0.7   1   1   3.2e-11   4.8e-09   34.8   0.7    57   229    22   210     9   240 0.71 PHA62_003152
PHA62_000705-T1      -            346 33830at5125          -            294   4.8e-09   34.8   1.9   1   1     3e-09   4.5e-07   28.4   1.9    50   230    84   288    75   297 0.79 PHA62_000705
PHA62_007671-T1      -            579 33830at5125          -            294   1.2e-08   33.5   0.1   1   1   1.3e-10   1.9e-08   32.9   0.1   119   230   408   519   383   530 0.86 PHA62_007671
PHA62_005008-T1      -            246 33830at5125          -            294   3.9e-08   31.8   1.8   1   1   5.5e-10   8.3e-08   30.8   1.8    52   233     3   194     1   203 0.76 PHA62_005008
PHA62_007393-T1      -            282 33830at5125          -            294   4.9e-08   31.5   1.0   1   1   7.8e-10   1.2e-07   30.3   0.9   109   227    95   214    14   252 0.82 PHA62_007393
PHA62_003555-T1      -            293 33830at5125          -            294   6.3e-08   31.2   0.1   1   1   4.6e-10   6.9e-08   31.0   0.1    90   212    49   177     4   256 0.82 PHA62_003555
PHA62_001691-T1      -            266 33830at5125          -            294   8.7e-08   30.7   1.0   1   1   9.7e-10   1.5e-07   30.0   1.0    50   231    17   212    12   218 0.81 PHA62_001691
PHA62_001324-T1      -            304 33830at5125          -            294   2.4e-07   29.3   2.3   1   1   2.4e-09   3.6e-07   28.7   2.3    88   231    98   249    43   255 0.73 PHA62_001324
PHA62_003687-T1      -            249 33830at5125          -            294   2.6e-07   29.1   0.4   1   1   2.1e-09   3.1e-07   28.9   0.4    55   230     3   183     1   202 0.79 PHA62_003687
PHA62_006831-T1      -            282 33830at5125          -            294   5.4e-07   28.1   1.3   1   1   4.9e-09   7.4e-07   27.6   1.3    86   232    64   218     5   225 0.73 PHA62_006831
PHA62_005023-T1      -            285 33830at5125          -            294   2.1e-06   26.1   0.0   1   2    0.0016      0.25    9.5   0.0    44    80     7    43     1    61 0.83 PHA62_005023
PHA62_005023-T1      -            285 33830at5125          -            294   2.1e-06   26.1   0.0   2   2   4.1e-05    0.0061   14.8   0.0   107   217    90   207    81   226 0.79 PHA62_005023
PHA62_003180-T1      -            265 33830at5125          -            294   2.5e-06   25.9   0.2   1   1   2.9e-08   4.4e-06   25.1   0.2    52   234    11   204     5   211 0.77 PHA62_003180
PHA62_006633-T1      -            287 33830at5125          -            294   2.6e-06   25.8   0.7   1   2    0.0035      0.53    8.4   0.3    58    89    15    44    11    71 0.81 PHA62_006633
PHA62_006633-T1      -            287 33830at5125          -            294   2.6e-06   25.8   0.7   2   2   1.8e-05    0.0027   16.0   0.0   141   236   115   210    86   224 0.86 PHA62_006633
PHA62_000365-T1      -            244 33830at5125          -            294     3e-06   25.7   2.1   1   2         2   3.1e+02   -0.6   0.3    57    84    10    37     5    47 0.80 PHA62_000365
PHA62_000365-T1      -            244 33830at5125          -            294     3e-06   25.7   2.1   2   2   2.7e-08   4.1e-06   25.2   0.1   115   205   114   199   104   210 0.84 PHA62_000365
PHA62_005515-T1      -            295 33830at5125          -            294   3.2e-06   25.6   0.9   1   1   2.7e-08   4.1e-06   25.2   0.9    92   208    71   190    19   208 0.85 PHA62_005515
PHA62_006958-T1      -            261 33830at5125          -            294     4e-06   25.2   0.2   1   1   3.8e-08   5.8e-06   24.7   0.2    52   222     3   197     1   210 0.72 PHA62_006958
PHA62_004605-T1      -            271 33830at5125          -            294   4.6e-06   25.0   0.4   1   2    0.0031      0.47    8.6   0.1    55    82    12    39     6    47 0.88 PHA62_004605
PHA62_004605-T1      -            271 33830at5125          -            294   4.6e-06   25.0   0.4   2   2   4.6e-05    0.0069   14.6   0.0   119   208   100   193    72   205 0.80 PHA62_004605
PHA62_010216-T1      -            260 33830at5125          -            294   7.5e-06   24.3   0.5   1   1     7e-08     1e-05   23.9   0.5    52   229     8   202     4   218 0.75 PHA62_010216
PHA62_004451-T1      -            319 33830at5125          -            294   9.7e-06   24.0   0.2   1   1   9.8e-08   1.5e-05   23.4   0.2   133   229   153   248   121   254 0.82 PHA62_004451
PHA62_003665-T1      -            313 33830at5125          -            294   1.3e-05   23.5   0.2   1   1   1.4e-07   2.1e-05   22.9   0.2   113   227   150   268   108   274 0.79 PHA62_003665
PHA62_004475-T1      -            292 33830at5125          -            294   1.4e-05   23.5   1.7   1   1   8.1e-07   0.00012   20.4   1.7    54   207    31   217    20   243 0.67 PHA62_004475
PHA62_001748-T1      -            337 33830at5125          -            294     2e-05   23.0   0.0   1   1   2.8e-07   4.2e-05   21.9   0.0   119   219   142   243    60   258 0.84 PHA62_001748
PHA62_001947-T1      -            258 33830at5125          -            294   2.8e-05   22.5   1.5   1   1   1.1e-05    0.0016   16.7   1.5    53   228     4   199     1   205 0.61 PHA62_001947
PHA62_005245-T1      -            286 33830at5125          -            294   5.4e-05   21.5   0.1   1   1     1e-06   0.00016   20.0   0.1    94   257    82   245    25   276 0.71 PHA62_005245
PHA62_004377-T1      -            328 33830at5125          -            294   0.00014   20.2   0.0   1   1   1.1e-06   0.00017   19.9   0.0   100   225    79   205    25   222 0.78 PHA62_004377
PHA62_003588-T1      -            303 33830at5125          -            294   0.00023   19.5   1.0   1   1   3.6e-06   0.00055   18.2   1.0    51   229    32   233    22   242 0.67 PHA62_003588
PHA62_005280-T1      -            248 33830at5125          -            294   0.00033   18.9   0.0   1   1   3.3e-06    0.0005   18.4   0.0    98   216    58   188     7   206 0.63 PHA62_005280
PHA62_005438-T1      -           2432 33830at5125          -            294    0.0016   16.7   3.4   1   3       7.9   1.2e+03   -2.6   0.0    44    76  1506  1540  1501  1572 0.61 PHA62_005438
PHA62_005438-T1      -           2432 33830at5125          -            294    0.0016   16.7   3.4   2   3       2.8   4.2e+02   -1.1   0.0   213   268  1750  1805  1741  1820 0.74 PHA62_005438
PHA62_005438-T1      -           2432 33830at5125          -            294    0.0016   16.7   3.4   3   3   1.7e-05    0.0026   16.0   0.1    56   200  2056  2213  2038  2224 0.72 PHA62_005438
PHA62_006951-T1      -            323 33830at5125          -            294    0.0018   16.6   0.0   1   1   1.8e-05    0.0027   16.0   0.0   114   191   104   178    81   199 0.82 PHA62_006951
PHA62_004034-T1      -            272 33830at5125          -            294    0.0018   16.5   0.4   1   1   2.2e-05    0.0033   15.7   0.4   125   242   103   227    16   243 0.74 PHA62_004034
PHA62_007285-T1      -            259 33830at5125          -            294    0.0019   16.5   2.8   1   3      0.61        93    1.1   0.3    56    89     7    41     2    72 0.78 PHA62_007285
PHA62_007285-T1      -            259 33830at5125          -            294    0.0019   16.5   2.8   2   3       7.1   1.1e+03   -2.4   0.0   177   197    75    95    58    98 0.66 PHA62_007285
PHA62_007285-T1      -            259 33830at5125          -            294    0.0019   16.5   2.8   3   3   3.2e-05    0.0048   15.1   0.1   165   237   144   212   132   236 0.84 PHA62_007285
PHA62_008727-T1      -            386 33830at5125          -            294    0.0019   16.4   0.0   1   1     2e-05     0.003   15.8   0.0   147   220   142   212   118   260 0.83 PHA62_008727
PHA62_003681-T1      -            330 33830at5125          -            294    0.0027   16.0   0.0   1   1   2.6e-05    0.0039   15.4   0.0   171   231   181   239   144   263 0.86 PHA62_003681
PHA62_004011-T1      -            320 33830at5125          -            294    0.0068   14.6   0.0   1   1   6.5e-05    0.0098   14.1   0.0   134   190   118   174    69   227 0.84 PHA62_004011
PHA62_000732-T1      -            288 33830at5125          -            294     0.011   13.9   2.1   1   2     0.031       4.6    5.3   0.3    54    88     5    39     2    52 0.83 PHA62_000732
PHA62_000732-T1      -            288 33830at5125          -            294     0.011   13.9   2.1   2   2    0.0043      0.65    8.1   0.1   112   186    96   177    78   205 0.73 PHA62_000732
PHA62_006539-T1      -            942 33830at5125          -            294      0.02   13.1   0.3   1   1   0.00025     0.038   12.2   0.3   119   208   103   192    84   201 0.80 PHA62_006539
PHA62_009922-T1      -            334 33830at5125          -            294     0.038   12.2   0.2   1   1    0.0015      0.22    9.7   0.2    92   166    83   161    26   177 0.61 PHA62_009922
PHA62_000473-T1      -            299 33830at5125          -            294      0.04   12.1   3.6   1   1    0.0013      0.19    9.9   3.6   108   206   100   199    19   216 0.66 PHA62_000473
PHA62_005652-T1      -            338 33830at5125          -            294     0.054   11.7   0.9   1   2    0.0084       1.3    7.2   0.2    52    82    11    41     5    54 0.85 PHA62_005652
PHA62_005652-T1      -            338 33830at5125          -            294     0.054   11.7   0.9   2   2      0.17        25    2.9   0.0   185   269   187   278   170   287 0.72 PHA62_005652
#
# Program:         hmmsearch
# Version:         3.1b2 (February 2015)
# Pipeline mode:   SEARCH
# Query file:      /home/zack/funannotate_db/hypocreales_odb10/hmms/33830at5125.hmm
# Target file:     /home/zack/Desktop/IsariaPreferralGenome/MyGenomeSubmittedToNCBI/HypocrealesProteinSets/Cjavanica_Apopka_97.proteins.fa
# Option settings: hmmsearch --domtblout /home/zack/Desktop/IsariaPreferralGenome/MyGenomeSubmittedToNCBI/HypocrealesProteinSets/BUSCO_AA_all/BUSCO_AA_Cjavanica_Apopka97/run_hypocreales_odb10/hmmer_output/initial_run_results/33830at5125.out --cpu 1 /home/zack/funannotate_db/hypocreales_odb10/hmms/33830at5125.hmm /home/zack/Desktop/IsariaPreferralGenome/MyGenomeSubmittedToNCBI/HypocrealesProteinSets/Cjavanica_Apopka_97.proteins.fa 
# Current dir:     /home/zack/Desktop/IsariaPreferralGenome/MyGenomeSubmittedToNCBI/HypocrealesProteinSets/BUSCO_AA_all
# Date:            Mon Mar  4 14:56:27 2024
# [ok]
