#                                                                            --- full sequence --- -------------- this domain -------------   hmm coord   ali coord   env coord
# target name        accession   tlen query name           accession   qlen   E-value  score  bias   #  of  c-Evalue  i-Evalue  score  bias  from    to  from    to  from    to  acc description of target
#------------------- ---------- ----- -------------------- ---------- ----- --------- ------ ----- --- --- --------- --------- ------ ----- ----- ----- ----- ----- ----- ----- ---- ---------------------
PHA62_003639-T1      -            302 35410at5125          -            253  1.5e-148  492.2   2.7   1   1  6.4e-151  2.6e-148  491.4   2.7     1   253    11   297    11   297 0.93 PHA62_003639
PHA62_003891-T1      -            297 35410at5125          -            253     3e-16   58.7   1.1   1   2   8.5e-07   0.00036   19.2   0.0   176   242    15    87     8    93 0.59 PHA62_003891
PHA62_003891-T1      -            297 35410at5125          -            253     3e-16   58.7   1.1   2   2   1.3e-12   5.5e-10   38.2   0.5    72   237    93   277    85   293 0.70 PHA62_003891
PHA62_005870-T1      -            323 35410at5125          -            253     1e-15   57.0   0.5   1   2   1.3e-06   0.00052   18.6   0.0    82   203    10   147     3   155 0.67 PHA62_005870
PHA62_005870-T1      -            323 35410at5125          -            253     1e-15   57.0   0.5   2   2   4.1e-12   1.7e-09   36.6   0.1   125   244   165   301   150   308 0.74 PHA62_005870
PHA62_003831-T1      -            303 35410at5125          -            253   2.1e-12   46.2   0.2   1   2     0.054        22    3.5   0.0   114   200    48   139    39   143 0.67 PHA62_003831
PHA62_003831-T1      -            303 35410at5125          -            253   2.1e-12   46.2   0.2   2   2   1.7e-13     7e-11   41.2   0.1   124   244   157   284   116   292 0.78 PHA62_003831
PHA62_005062-T1      -           1314 35410at5125          -            253   1.7e-11   43.2   0.1   1   2   0.00016     0.066   11.8   0.0   176   240   354   425   347   438 0.75 PHA62_005062
PHA62_005062-T1      -           1314 35410at5125          -            253   1.7e-11   43.2   0.1   2   2   8.2e-10   3.4e-07   29.1   0.1    92   244   451   623   427   633 0.72 PHA62_005062
PHA62_002703-T1      -            309 35410at5125          -            253   2.2e-11   42.8   0.2   1   2   3.3e-09   1.4e-06   27.1   0.1    91   243    26   195    19   207 0.69 PHA62_002703
PHA62_002703-T1      -            309 35410at5125          -            253   2.2e-11   42.8   0.2   2   2   2.3e-05    0.0097   14.5   0.0   176   240   214   290   166   301 0.68 PHA62_002703
PHA62_001996-T1      -            404 35410at5125          -            253   4.4e-11   41.8   1.5   1   3   2.7e-12   1.1e-09   37.2   0.6    89   203    52   180    44   188 0.77 PHA62_001996
PHA62_001996-T1      -            404 35410at5125          -            253   4.4e-11   41.8   1.5   2   3      0.66   2.8e+02   -0.1   0.0   169   202   270   303   267   315 0.76 PHA62_001996
PHA62_001996-T1      -            404 35410at5125          -            253   4.4e-11   41.8   1.5   3   3       3.4   1.4e+03   -2.4   0.0   128   160   347   381   335   387 0.68 PHA62_001996
PHA62_009794-T1      -            403 35410at5125          -            253   6.1e-10   38.1   0.0   1   3   2.7e-08   1.1e-05   24.1   0.0    98   208    83   204    71   212 0.80 PHA62_009794
PHA62_009794-T1      -            403 35410at5125          -            253   6.1e-10   38.1   0.0   2   3   0.00026      0.11   11.1   0.0   129   202   221   301   209   308 0.73 PHA62_009794
PHA62_009794-T1      -            403 35410at5125          -            253   6.1e-10   38.1   0.0   3   3       7.7   3.2e+03   -3.6   0.0   210   234   349   373   347   388 0.69 PHA62_009794
PHA62_002098-T1      -            302 35410at5125          -            253   7.3e-10   37.8   0.3   1   2    0.0036       1.5    7.3   0.0   173   237    19    84    12    96 0.70 PHA62_002098
PHA62_002098-T1      -            302 35410at5125          -            253   7.3e-10   37.8   0.3   2   2     1e-09   4.2e-07   28.8   0.1    76   245    99   294    89   301 0.70 PHA62_002098
PHA62_008521-T1      -            324 35410at5125          -            253   1.8e-08   33.3   1.8   1   4   0.00028      0.12   10.9   0.0    88   123    13    49     5    75 0.70 PHA62_008521
PHA62_008521-T1      -            324 35410at5125          -            253   1.8e-08   33.3   1.8   2   4   0.00043      0.18   10.3   0.0   173   242   127   200    76   212 0.77 PHA62_008521
PHA62_008521-T1      -            324 35410at5125          -            253   1.8e-08   33.3   1.8   3   4   0.00028      0.12   10.9   0.1   102   200   141   247   127   255 0.55 PHA62_008521
PHA62_008521-T1      -            324 35410at5125          -            253   1.8e-08   33.3   1.8   4   4    0.0086       3.6    6.1   0.0   125   154   269   300   257   316 0.81 PHA62_008521
PHA62_004794-T1      -            319 35410at5125          -            253   1.9e-08   33.2   0.1   1   3   4.3e-05     0.018   13.6   0.0   174   232    12    82     1    99 0.65 PHA62_004794
PHA62_004794-T1      -            319 35410at5125          -            253   1.9e-08   33.2   0.1   2   3     0.028        12    4.4   0.0   173   228   122   183   113   200 0.65 PHA62_004794
PHA62_004794-T1      -            319 35410at5125          -            253   1.9e-08   33.2   0.1   3   3   0.00011     0.046   12.3   0.0   179   242   229   301   164   308 0.65 PHA62_004794
PHA62_009241-T1      -            309 35410at5125          -            253   2.6e-07   29.5   6.2   1   3     0.013       5.3    5.5   0.4    94   156    26    81    21    92 0.70 PHA62_009241
PHA62_009241-T1      -            309 35410at5125          -            253   2.6e-07   29.5   6.2   2   3    0.0004      0.17   10.4   0.2    81   153   107   189    98   196 0.72 PHA62_009241
PHA62_009241-T1      -            309 35410at5125          -            253   2.6e-07   29.5   6.2   3   3   2.2e-05    0.0092   14.6   0.0   176   232   229   285   220   306 0.76 PHA62_009241
PHA62_002623-T1      -            300 35410at5125          -            253   2.3e-06   26.4   0.1   1   2   0.00031      0.13   10.8   0.0   152   233    85   174    13   183 0.71 PHA62_002623
PHA62_002623-T1      -            300 35410at5125          -            253   2.3e-06   26.4   0.1   2   2   7.9e-05     0.033   12.7   0.0   184   243   218   283   203   294 0.75 PHA62_002623
PHA62_008516-T1      -            337 35410at5125          -            253   2.3e-06   26.4   0.6   1   3    0.0001     0.042   12.4   0.0    87   200    35   162    26   167 0.60 PHA62_008516
PHA62_008516-T1      -            337 35410at5125          -            253   2.3e-06   26.4   0.6   2   3      0.11        48    2.4   0.2   175   203   249   280   174   287 0.65 PHA62_008516
PHA62_008516-T1      -            337 35410at5125          -            253   2.3e-06   26.4   0.6   3   3   0.00057      0.24    9.9   0.1    92   156   253   325   248   330 0.69 PHA62_008516
PHA62_010099-T1      -            399 35410at5125          -            253   6.7e-06   24.8   0.2   1   4    0.0002     0.085   11.4   0.0   170   205    60    94    53   112 0.80 PHA62_010099
PHA62_010099-T1      -            399 35410at5125          -            253   6.7e-06   24.8   0.2   2   4       0.7   2.9e+02   -0.2   0.0   212   243   125   159   121   168 0.77 PHA62_010099
PHA62_010099-T1      -            399 35410at5125          -            253   6.7e-06   24.8   0.2   3   4     0.019       7.9    4.9   0.0   164   205   173   214   148   226 0.78 PHA62_010099
PHA62_010099-T1      -            399 35410at5125          -            253   6.7e-06   24.8   0.2   4   4     0.068        28    3.1   0.0   178   243   314   386   243   394 0.73 PHA62_010099
PHA62_001123-T1      -            324 35410at5125          -            253   8.8e-06   24.4   4.2   1   2     0.033        14    4.2   0.0   184   201    47    64    30    85 0.61 PHA62_001123
PHA62_001123-T1      -            324 35410at5125          -            253   8.8e-06   24.4   4.2   2   2   4.1e-07   0.00017   20.2   2.4    27   238    74   300    67   313 0.73 PHA62_001123
PHA62_008696-T1      -            315 35410at5125          -            253   1.3e-05   23.9   0.8   1   3    0.0067       2.8    6.4   0.0   172   202    17    47     8    68 0.71 PHA62_008696
PHA62_008696-T1      -            315 35410at5125          -            253   1.3e-05   23.9   0.8   2   3   7.8e-06    0.0033   16.0   0.4   105   244    35   190    21   198 0.69 PHA62_008696
PHA62_008696-T1      -            315 35410at5125          -            253   1.3e-05   23.9   0.8   3   3     0.032        13    4.2   0.0   175   240   220   289   209   300 0.76 PHA62_008696
PHA62_007259-T1      -            334 35410at5125          -            253   1.4e-05   23.8   3.2   1   3   0.00037      0.15   10.5   0.0   179   243    46   114    35   122 0.78 PHA62_007259
PHA62_007259-T1      -            334 35410at5125          -            253   1.4e-05   23.8   3.2   2   3     0.018       7.7    5.0   0.1   123   160   183   223   162   232 0.77 PHA62_007259
PHA62_007259-T1      -            334 35410at5125          -            253   1.4e-05   23.8   3.2   3   3    0.0035       1.4    7.4   0.2    92   168   249   328   232   331 0.76 PHA62_007259
PHA62_009191-T1      -            312 35410at5125          -            253   1.9e-05   23.4   0.1   1   2     0.012       5.1    5.6   0.1   116   200    43   138     2   145 0.59 PHA62_009191
PHA62_009191-T1      -            312 35410at5125          -            253   1.9e-05   23.4   0.1   2   2   1.3e-05    0.0056   15.3   0.0   125   246   158   288   148   294 0.74 PHA62_009191
PHA62_006862-T1      -            438 35410at5125          -            253   5.9e-05   21.7   4.8   1   4     0.013       5.3    5.5   0.0   169   202    33    66    26    80 0.83 PHA62_006862
PHA62_006862-T1      -            438 35410at5125          -            253   5.9e-05   21.7   4.8   2   4    0.0046       1.9    7.0   0.0   124   166   148   192   123   240 0.54 PHA62_006862
PHA62_006862-T1      -            438 35410at5125          -            253   5.9e-05   21.7   4.8   3   4      0.34   1.4e+02    0.8   0.3   124   152   245   274   205   286 0.67 PHA62_006862
PHA62_006862-T1      -            438 35410at5125          -            253   5.9e-05   21.7   4.8   4   4    0.0096         4    5.9   0.2   169   204   321   356   313   409 0.75 PHA62_006862
PHA62_003764-T1      -            285 35410at5125          -            253    0.0036   15.9   0.1   1   3    0.0015      0.63    8.5   0.0   175   202    28    55    19    70 0.74 PHA62_003764
PHA62_003764-T1      -            285 35410at5125          -            253    0.0036   15.9   0.1   2   3       1.2   5.2e+02   -1.0   0.0   177   201   117   141   103   150 0.80 PHA62_003764
PHA62_003764-T1      -            285 35410at5125          -            253    0.0036   15.9   0.1   3   3     0.047        20    3.6   0.0   175   243   196   272   185   280 0.60 PHA62_003764
PHA62_009571-T1      -            311 35410at5125          -            253    0.0048   15.5   2.5   1   2   0.00019     0.077   11.5   0.6    87   205     9   143     4   202 0.72 PHA62_009571
PHA62_009571-T1      -            311 35410at5125          -            253    0.0048   15.5   2.5   2   2      0.14        59    2.1   0.0   127   157   259   290   242   303 0.65 PHA62_009571
PHA62_001858-T1      -            348 35410at5125          -            253    0.0064   15.1   0.0   1   2   0.00016     0.068   11.7   0.0   172   232    31    92    22   114 0.86 PHA62_001858
PHA62_001858-T1      -            348 35410at5125          -            253    0.0064   15.1   0.0   2   2      0.36   1.5e+02    0.7   0.0   179   205   167   192   159   246 0.59 PHA62_001858
PHA62_000232-T1      -            335 35410at5125          -            253      0.01   14.4   0.1   1   3    0.0002     0.082   11.4   0.0   176   230    34    88    16   110 0.70 PHA62_000232
PHA62_000232-T1      -            335 35410at5125          -            253      0.01   14.4   0.1   2   3      0.82   3.4e+02   -0.4   0.1   125   153   197   226   178   279 0.65 PHA62_000232
PHA62_000232-T1      -            335 35410at5125          -            253      0.01   14.4   0.1   3   3       1.3   5.5e+02   -1.1   0.0    73   118   235   280   207   330 0.64 PHA62_000232
PHA62_008702-T1      -            473 35410at5125          -            253      0.32    9.5   4.8   1   2     0.011       4.5    5.7   1.3   134   172   255   295   202   301 0.66 PHA62_008702
PHA62_008702-T1      -            473 35410at5125          -            253      0.32    9.5   4.8   2   2      0.13        52    2.3   0.1   137   154   425   442   414   463 0.82 PHA62_008702
#
# Program:         hmmsearch
# Version:         3.1b2 (February 2015)
# Pipeline mode:   SEARCH
# Query file:      /home/zack/funannotate_db/hypocreales_odb10/hmms/35410at5125.hmm
# Target file:     /home/zack/Desktop/IsariaPreferralGenome/MyGenomeSubmittedToNCBI/HypocrealesProteinSets/Cjavanica_Apopka_97.proteins.fa
# Option settings: hmmsearch --domtblout /home/zack/Desktop/IsariaPreferralGenome/MyGenomeSubmittedToNCBI/HypocrealesProteinSets/BUSCO_AA_all/BUSCO_AA_Cjavanica_Apopka97/run_hypocreales_odb10/hmmer_output/initial_run_results/35410at5125.out --cpu 1 /home/zack/funannotate_db/hypocreales_odb10/hmms/35410at5125.hmm /home/zack/Desktop/IsariaPreferralGenome/MyGenomeSubmittedToNCBI/HypocrealesProteinSets/Cjavanica_Apopka_97.proteins.fa 
# Current dir:     /home/zack/Desktop/IsariaPreferralGenome/MyGenomeSubmittedToNCBI/HypocrealesProteinSets/BUSCO_AA_all
# Date:            Mon Mar  4 14:56:17 2024
# [ok]
