#                                                                            --- full sequence --- -------------- this domain -------------   hmm coord   ali coord   env coord
# target name        accession   tlen query name           accession   qlen   E-value  score  bias   #  of  c-Evalue  i-Evalue  score  bias  from    to  from    to  from    to  acc description of target
#------------------- ---------- ----- -------------------- ---------- ----- --------- ------ ----- --- --- --------- --------- ------ ----- ----- ----- ----- ----- ----- ----- ---- ---------------------
PHA62_000150-T1      -            339 41864at5125          -            246  1.5e-120  400.4  23.3   1   2   1.3e-22   1.2e-19   69.9   0.1     1    50     1    54     1    85 0.82 PHA62_000150
PHA62_000150-T1      -            339 41864at5125          -            246  1.5e-120  400.4  23.3   2   2  4.5e-101   4.3e-98  326.9  19.2    57   246   113   339   108   339 0.86 PHA62_000150
PHA62_005658-T1      -            376 41864at5125          -            246   1.6e-23   82.7   5.9   1   1   2.3e-26   2.2e-23   82.2   5.9    55   198   137   285   105   330 0.75 PHA62_005658
PHA62_007621-T1      -            355 41864at5125          -            246     7e-05   21.6   7.5   1   1   1.3e-07   0.00012   20.8   7.2    51   131    92   172    70   186 0.73 PHA62_007621
PHA62_003928-T1      -            279 41864at5125          -            246   0.00017   20.3   0.4   1   2         2   1.9e+03   -2.7   0.0    38    75    32    69    25    72 0.74 PHA62_003928
PHA62_003928-T1      -            279 41864at5125          -            246   0.00017   20.3   0.4   2   2     4e-07   0.00037   19.2   0.3    68   132   191   266   147   273 0.74 PHA62_003928
PHA62_008763-T1      -            141 41864at5125          -            246    0.0022   16.7   8.9   1   1     5e-06    0.0047   15.6   8.9    66   171    46   141     9   141 0.76 PHA62_008763
PHA62_009657-T1      -            308 41864at5125          -            246     0.003   16.3   1.7   1   1   4.7e-06    0.0045   15.7   1.7    72   134   242   299   228   308 0.79 PHA62_009657
PHA62_004341-T1      -            803 41864at5125          -            246    0.0057   15.3   3.1   1   1     1e-05    0.0098   14.6   3.1    81   137    31    85    14    98 0.84 PHA62_004341
PHA62_008210-T1      -            384 41864at5125          -            246    0.0076   14.9   3.1   1   1   1.4e-05     0.013   14.2   3.1    69   134   133   198    92   209 0.79 PHA62_008210
PHA62_007067-T1      -            665 41864at5125          -            246     0.027   13.1   1.6   1   2      0.98   9.3e+02   -1.7   0.1   175   203   120   147   113   161 0.64 PHA62_007067
PHA62_007067-T1      -            665 41864at5125          -            246     0.027   13.1   1.6   2   2   6.9e-05     0.065   11.9   0.1   142   178   564   599   552   608 0.84 PHA62_007067
PHA62_003000-T1      -           1184 41864at5125          -            246     0.028   13.1  13.7   1   2   2.2e-05     0.021   13.5  11.2    84   187   788   883   768   899 0.85 PHA62_003000
PHA62_003000-T1      -           1184 41864at5125          -            246     0.028   13.1  13.7   2   2       1.5   1.4e+03   -2.3   0.1    96   113   896   913   887   919 0.80 PHA62_003000
PHA62_005009-T1      -            632 41864at5125          -            246      0.58    8.8   6.7   1   2    0.0009      0.85    8.2   5.7    96   174   288   364   256   377 0.60 PHA62_005009
PHA62_005009-T1      -            632 41864at5125          -            246      0.58    8.8   6.7   2   2   0.00054      0.51    8.9   4.2    75   138   300   367   282   440 0.69 PHA62_005009
#
# Program:         hmmsearch
# Version:         3.1b2 (February 2015)
# Pipeline mode:   SEARCH
# Query file:      /home/zack/funannotate_db/hypocreales_odb10/hmms/41864at5125.hmm
# Target file:     /home/zack/Desktop/IsariaPreferralGenome/MyGenomeSubmittedToNCBI/HypocrealesProteinSets/Cjavanica_Apopka_97.proteins.fa
# Option settings: hmmsearch --domtblout /home/zack/Desktop/IsariaPreferralGenome/MyGenomeSubmittedToNCBI/HypocrealesProteinSets/BUSCO_AA_all/BUSCO_AA_Cjavanica_Apopka97/run_hypocreales_odb10/hmmer_output/initial_run_results/41864at5125.out --cpu 1 /home/zack/funannotate_db/hypocreales_odb10/hmms/41864at5125.hmm /home/zack/Desktop/IsariaPreferralGenome/MyGenomeSubmittedToNCBI/HypocrealesProteinSets/Cjavanica_Apopka_97.proteins.fa 
# Current dir:     /home/zack/Desktop/IsariaPreferralGenome/MyGenomeSubmittedToNCBI/HypocrealesProteinSets/BUSCO_AA_all
# Date:            Mon Mar  4 14:56:52 2024
# [ok]
