#                                                                            --- full sequence --- -------------- this domain -------------   hmm coord   ali coord   env coord
# target name        accession   tlen query name           accession   qlen   E-value  score  bias   #  of  c-Evalue  i-Evalue  score  bias  from    to  from    to  from    to  acc description of target
#------------------- ---------- ----- -------------------- ---------- ----- --------- ------ ----- --- --- --------- --------- ------ ----- ----- ----- ----- ----- ----- ----- ---- ---------------------
PHA62_003687-T1      -            249 44657at5125          -            218  1.2e-104  347.7   2.0   1   1  6.8e-106  9.8e-104  344.8   2.0     1   218     3   249     3   249 0.92 PHA62_003687
PHA62_003555-T1      -            293 44657at5125          -            218   2.5e-13   49.3   0.3   1   2     2e-06   0.00028   19.6   0.1     2    53     8    63     7    81 0.76 PHA62_003555
PHA62_003555-T1      -            293 44657at5125          -            218   2.5e-13   49.3   0.3   2   2     6e-09   8.7e-07   27.8   0.0    70   153   105   191    84   201 0.87 PHA62_003555
PHA62_007062-T1      -            306 44657at5125          -            218   3.4e-13   48.8   0.0   1   1   2.1e-13   3.1e-11   42.4   0.0     2   157     5   191     4   196 0.75 PHA62_007062
PHA62_009989-T1      -            271 44657at5125          -            218   3.6e-13   48.7   0.1   1   1   3.6e-14   5.1e-12   44.9   0.1     1   154     3   186     3   196 0.74 PHA62_009989
PHA62_002549-T1      -            311 44657at5125          -            218     3e-12   45.7   0.0   1   2   8.9e-05     0.013   14.2   0.0     4    33    23    52    21    70 0.86 PHA62_002549
PHA62_002549-T1      -            311 44657at5125          -            218     3e-12   45.7   0.0   2   2     2e-09   2.9e-07   29.4   0.0    78   157   129   212   101   223 0.86 PHA62_002549
PHA62_003180-T1      -            265 44657at5125          -            218   6.9e-11   41.2   1.1   1   1   9.2e-12   1.3e-09   37.0   1.1     2   158    15   203    14   221 0.72 PHA62_003180
PHA62_006669-T1      -            297 44657at5125          -            218   8.5e-11   41.0   0.1   1   1   5.3e-12   7.6e-10   37.8   0.1     3   179     8   212     6   238 0.71 PHA62_006669
PHA62_007393-T1      -            282 44657at5125          -            218     2e-10   39.7   0.3   1   2   5.9e-05    0.0085   14.8   0.1     1    57    21    80    21    90 0.81 PHA62_007393
PHA62_007393-T1      -            282 44657at5125          -            218     2e-10   39.7   0.3   2   2   1.6e-07   2.3e-05   23.2   0.0    74   172   129   233    85   243 0.79 PHA62_007393
PHA62_005891-T1      -           1286 44657at5125          -            218   4.2e-10   38.7   0.9   1   1   7.9e-11   1.1e-08   34.0   1.1     1   156  1046  1233  1046  1248 0.72 PHA62_005891
PHA62_005008-T1      -            246 44657at5125          -            218   2.6e-09   36.1   0.7   1   1   5.4e-10   7.8e-08   31.3   0.7     2   157     7   193     6   239 0.70 PHA62_005008
PHA62_002278-T1      -            254 44657at5125          -            218   3.2e-09   35.8   1.6   1   2      0.97   1.4e+02    1.0   0.0     3    22     4    23     2    38 0.83 PHA62_002278
PHA62_002278-T1      -            254 44657at5125          -            218   3.2e-09   35.8   1.6   2   2   1.9e-10   2.7e-08   32.8   0.2    75   156   110   201    95   210 0.82 PHA62_002278
PHA62_003090-T1      -            259 44657at5125          -            218     1e-08   34.2   0.5   1   2     0.039       5.6    5.6   0.5     1    43    10    53    10    83 0.78 PHA62_003090
PHA62_003090-T1      -            259 44657at5125          -            218     1e-08   34.2   0.5   2   2   1.1e-08   1.6e-06   26.9   0.0    59   155   103   203    82   253 0.83 PHA62_003090
PHA62_007897-T1      -            291 44657at5125          -            218   1.3e-08   33.8   0.2   1   1   8.6e-10   1.2e-07   30.6   0.2     1   158    39   237    39   250 0.73 PHA62_007897
PHA62_009915-T1      -            297 44657at5125          -            218   1.4e-08   33.7   0.8   1   1   1.7e-09   2.5e-07   29.6   0.8     3   138     8   168     6   237 0.72 PHA62_009915
PHA62_003665-T1      -            313 44657at5125          -            218   2.3e-08   33.0   0.3   1   1   1.4e-09     2e-07   29.9   0.3     4   157    85   273    82   286 0.69 PHA62_003665
PHA62_008573-T1      -            329 44657at5125          -            218   4.2e-08   32.1   0.1   1   2   0.00012     0.017   13.8   0.1     1    85    84   171    84   186 0.73 PHA62_008573
PHA62_008573-T1      -            329 44657at5125          -            218   4.2e-08   32.1   0.1   2   2   1.9e-05    0.0027   16.4   0.0    78   156   193   273   189   321 0.81 PHA62_008573
PHA62_007940-T1      -            251 44657at5125          -            218   5.8e-08   31.7   0.9   1   1     9e-09   1.3e-06   27.3   0.9     1   136     9   171     9   193 0.75 PHA62_007940
PHA62_009270-T1      -            276 44657at5125          -            218   1.8e-07   30.1   0.1   1   1   1.6e-08   2.3e-06   26.5   0.1     2   161    18   212    17   222 0.71 PHA62_009270
PHA62_006093-T1      -            286 44657at5125          -            218   4.4e-07   28.8   0.0   1   1   4.2e-08     6e-06   25.1   0.0     1   152     5   184     5   195 0.74 PHA62_006093
PHA62_002648-T1      -            306 44657at5125          -            218   4.9e-07   28.7   0.0   1   2     0.001      0.15   10.8   0.0     1    75    19   104    19   107 0.71 PHA62_002648
PHA62_002648-T1      -            306 44657at5125          -            218   4.9e-07   28.7   0.0   2   2   2.9e-05    0.0041   15.8   0.0   115   156   182   223   174   230 0.89 PHA62_002648
PHA62_008327-T1      -            319 44657at5125          -            218     7e-07   28.1   1.7   1   2      0.18        26    3.4   0.1     1    24    64    87    64    97 0.88 PHA62_008327
PHA62_008327-T1      -            319 44657at5125          -            218     7e-07   28.1   1.7   2   2     1e-07   1.5e-05   23.8   0.2    76   158   175   264   137   281 0.83 PHA62_008327
PHA62_009884-T1      -            289 44657at5125          -            218   7.2e-07   28.1   2.5   1   1   1.5e-07   2.2e-05   23.3   2.5    11   153    25   194    14   199 0.61 PHA62_009884
PHA62_001691-T1      -            266 44657at5125          -            218   7.3e-07   28.1   6.7   1   1   9.2e-08   1.3e-05   24.0   6.7     1   155    22   211    22   224 0.68 PHA62_001691
PHA62_006633-T1      -            287 44657at5125          -            218   9.8e-07   27.7   0.6   1   1   3.3e-07   4.7e-05   22.2   0.6     4   155    15   204    12   229 0.73 PHA62_006633
PHA62_005929-T1      -            294 44657at5125          -            218   1.4e-06   27.2   1.4   1   3   1.4e-05     0.002   16.9   0.1     2    55    19    73    18    90 0.86 PHA62_005929
PHA62_005929-T1      -            294 44657at5125          -            218   1.4e-06   27.2   1.4   2   3      0.88   1.3e+02    1.2   0.0   141   168   108   135    73   155 0.76 PHA62_005929
PHA62_005929-T1      -            294 44657at5125          -            218   1.4e-06   27.2   1.4   3   3      0.01       1.5    7.5   0.1   106   157   177   233   138   260 0.72 PHA62_005929
PHA62_010216-T1      -            260 44657at5125          -            218   1.5e-06   27.1   0.2   1   2     0.003      0.44    9.2   0.2     4    37    14    47    11    77 0.84 PHA62_010216
PHA62_010216-T1      -            260 44657at5125          -            218   1.5e-06   27.1   0.2   2   2   2.4e-05    0.0034   16.1   0.0   115   158   161   206   117   214 0.85 PHA62_010216
PHA62_003152-T1      -            266 44657at5125          -            218   1.6e-06   27.0   5.0   1   1     1e-06   0.00015   20.6   5.0    37   165    72   221    20   226 0.61 PHA62_003152
PHA62_006958-T1      -            261 44657at5125          -            218   2.1e-06   26.6   0.0   1   2     0.072        10    4.7   0.0     2    32     7    37     6    76 0.76 PHA62_006958
PHA62_006958-T1      -            261 44657at5125          -            218   2.1e-06   26.6   0.0   2   2   1.5e-06   0.00022   20.0   0.0    82   166   129   216   107   227 0.77 PHA62_006958
PHA62_008193-T1      -            375 44657at5125          -            218   2.2e-06   26.5   1.2   1   1   1.7e-07   2.5e-05   23.1   1.2     3   161    95   281    93   313 0.63 PHA62_008193
PHA62_005245-T1      -            286 44657at5125          -            218   2.8e-06   26.2   0.3   1   2     0.014         2    7.0   0.2     4    36    35    69    32   101 0.79 PHA62_005245
PHA62_005245-T1      -            286 44657at5125          -            218   2.8e-06   26.2   0.3   2   2     1e-05    0.0015   17.3   0.0    76   161   137   226   132   240 0.83 PHA62_005245
PHA62_006831-T1      -            282 44657at5125          -            218   5.6e-06   25.2   0.9   1   1   8.1e-07   0.00012   20.9   0.9     1   171    17   232    17   242 0.67 PHA62_006831
PHA62_003588-T1      -            303 44657at5125          -            218   5.8e-06   25.1   1.0   1   2       1.4   2.1e+02    0.5   0.0     1    23    36    60    36    90 0.79 PHA62_003588
PHA62_003588-T1      -            303 44657at5125          -            218   5.8e-06   25.1   1.0   2   2   1.8e-07   2.6e-05   23.0   0.6    74   162   143   241    95   253 0.79 PHA62_003588
PHA62_004292-T1      -            257 44657at5125          -            218   7.9e-06   24.7   1.2   1   2   7.5e-05     0.011   14.5   0.1     4    43    18    57    15    75 0.87 PHA62_004292
PHA62_004292-T1      -            257 44657at5125          -            218   7.9e-06   24.7   1.2   2   2     0.003      0.43    9.2   0.1    79   156   120   201   117   216 0.72 PHA62_004292
PHA62_004433-T1      -            263 44657at5125          -            218   9.1e-06   24.5   0.0   1   2     4e-06   0.00058   18.6   0.1     2    74     7    90     6    96 0.75 PHA62_004433
PHA62_004433-T1      -            263 44657at5125          -            218   9.1e-06   24.5   0.0   2   2      0.13        19    3.8   0.0   109   164   146   203   104   217 0.70 PHA62_004433
PHA62_000732-T1      -            288 44657at5125          -            218     1e-05   24.3   4.7   1   3   2.2e-06   0.00032   19.5   0.2     2    35     7    41     6    72 0.78 PHA62_000732
PHA62_000732-T1      -            288 44657at5125          -            218     1e-05   24.3   4.7   2   3       0.4        58    2.3   0.1   112   133   177   198   144   203 0.69 PHA62_000732
PHA62_000732-T1      -            288 44657at5125          -            218     1e-05   24.3   4.7   3   3      0.26        38    2.9   0.0   139   157   222   240   216   265 0.88 PHA62_000732
PHA62_002185-T1      -            903 44657at5125          -            218   1.2e-05   24.1  14.4   1   2    0.0088       1.3    7.7   4.1    52   137    80   182    10   196 0.69 PHA62_002185
PHA62_002185-T1      -            903 44657at5125          -            218   1.2e-05   24.1  14.4   2   2   2.6e-05    0.0037   16.0   2.6     1   147   316   489   316   502 0.72 PHA62_002185
PHA62_005515-T1      -            295 44657at5125          -            218   1.4e-05   24.0   0.3   1   2       5.5   7.9e+02   -1.4   0.0     1    46    21    66    21    77 0.85 PHA62_005515
PHA62_005515-T1      -            295 44657at5125          -            218   1.4e-05   24.0   0.3   2   2   2.4e-07   3.4e-05   22.6   0.1    32   151    82   206    70   220 0.80 PHA62_005515
PHA62_006951-T1      -            323 44657at5125          -            218   1.4e-05   23.9   0.2   1   2     0.013       1.9    7.1   0.1     1    58    25    85    25   100 0.78 PHA62_006951
PHA62_006951-T1      -            323 44657at5125          -            218   1.4e-05   23.9   0.2   2   2     6e-05    0.0086   14.8   0.0   111   159   183   233   178   262 0.84 PHA62_006951
PHA62_003241-T1      -            368 44657at5125          -            218   2.2e-05   23.3   0.1   1   1   3.8e-06   0.00055   18.7   0.1     2   151   105   285   104   334 0.63 PHA62_003241
PHA62_010195-T1      -            261 44657at5125          -            218   2.3e-05   23.2   0.0   1   2   1.5e-06   0.00022   20.0   0.0     4    45    11    52     8    91 0.81 PHA62_010195
PHA62_010195-T1      -            261 44657at5125          -            218   2.3e-05   23.2   0.0   2   2      0.87   1.3e+02    1.2   0.0   119   157   156   198   109   235 0.61 PHA62_010195
PHA62_003282-T1      -            263 44657at5125          -            218   5.8e-05   21.9   0.0   1   3    0.0088       1.3    7.7   0.0     2    32     6    37     5    64 0.80 PHA62_003282
PHA62_003282-T1      -            263 44657at5125          -            218   5.8e-05   21.9   0.0   2   3      0.36        52    2.4   0.0    77   111   114   149    73   168 0.81 PHA62_003282
PHA62_003282-T1      -            263 44657at5125          -            218   5.8e-05   21.9   0.0   3   3    0.0051      0.74    8.5   0.0   117   156   176   215   155   238 0.86 PHA62_003282
PHA62_009922-T1      -            334 44657at5125          -            218   7.8e-05   21.5   0.0   1   2   5.7e-05    0.0082   14.9   0.0     1    38    33    70    33   124 0.90 PHA62_009922
PHA62_009922-T1      -            334 44657at5125          -            218   7.8e-05   21.5   0.0   2   2     0.077        11    4.6   0.0   106   158   194   249   171   259 0.77 PHA62_009922
PHA62_000705-T1      -            346 44657at5125          -            218    0.0001   21.0   0.3   1   2     0.086        12    4.5   0.0     2    37    90   125    89   139 0.79 PHA62_000705
PHA62_000705-T1      -            346 44657at5125          -            218    0.0001   21.0   0.3   2   2   0.00012     0.017   13.8   0.1    76   161   202   294   160   304 0.78 PHA62_000705
PHA62_010012-T1      -            378 44657at5125          -            218   0.00014   20.6   0.0   1   2   2.5e-05    0.0036   16.0   0.0     2    55   109   165   108   188 0.77 PHA62_010012
PHA62_010012-T1      -            378 44657at5125          -            218   0.00014   20.6   0.0   2   2      0.38        55    2.4   0.0    75   136   206   269   203   274 0.77 PHA62_010012
PHA62_009904-T1      -            249 44657at5125          -            218   0.00016   20.5   0.1   1   2      0.01       1.5    7.5   0.0     4    44     5    47     2    64 0.80 PHA62_009904
PHA62_009904-T1      -            249 44657at5125          -            218   0.00016   20.5   0.1   2   2    0.0014       0.2   10.4   0.0    77   139   110   182   104   211 0.64 PHA62_009904
PHA62_004629-T1      -            276 44657at5125          -            218   0.00018   20.2   0.5   1   1   1.9e-05    0.0027   16.4   0.5     1   156    35   224    35   230 0.67 PHA62_004629
PHA62_003144-T1      -            270 44657at5125          -            218   0.00021   20.1   0.7   1   2   8.2e-05     0.012   14.3   0.8     1    45     6    53     6   107 0.87 PHA62_003144
PHA62_003144-T1      -            270 44657at5125          -            218   0.00021   20.1   0.7   2   2      0.71     1e+02    1.5   0.0   118   155   186   225   181   269 0.77 PHA62_003144
PHA62_005023-T1      -            285 44657at5125          -            218   0.00025   19.8   0.2   1   2    0.0015      0.22   10.2   0.2     1    40    18    58    18    72 0.82 PHA62_005023
PHA62_005023-T1      -            285 44657at5125          -            218   0.00025   19.8   0.2   2   2    0.0096       1.4    7.6   0.0   118   169   179   234   155   261 0.82 PHA62_005023
PHA62_007495-T1      -            293 44657at5125          -            218   0.00027   19.7   0.1   1   1   5.5e-05    0.0079   14.9   0.1     2   113     7   150     6   166 0.69 PHA62_007495
PHA62_005652-T1      -            338 44657at5125          -            218   0.00035   19.4   0.2   1   2   1.4e-05    0.0021   16.8   0.1     1    45    14    58    14    68 0.91 PHA62_005652
PHA62_005652-T1      -            338 44657at5125          -            218   0.00035   19.4   0.2   2   2       2.3   3.3e+02   -0.2   0.0   105   136   178   209   170   229 0.68 PHA62_005652
PHA62_003545-T1      -            378 44657at5125          -            218   0.00055   18.7   1.8   1   2      0.56        81    1.8   0.1     1    28   130   157   130   172 0.79 PHA62_003545
PHA62_003545-T1      -            378 44657at5125          -            218   0.00055   18.7   1.8   2   2   2.9e-05    0.0042   15.8   0.2    77   156   237   323   232   333 0.79 PHA62_003545
PHA62_001748-T1      -            337 44657at5125          -            218   0.00085   18.1   0.2   1   2   0.00063     0.091   11.4   0.1     4    41    63   100    61   115 0.89 PHA62_001748
PHA62_001748-T1      -            337 44657at5125          -            218   0.00085   18.1   0.2   2   2     0.086        12    4.5   0.0    78   141   171   240   166   259 0.61 PHA62_001748
PHA62_007204-T1      -            267 44657at5125          -            218   0.00092   18.0   0.0   1   3   5.8e-05    0.0083   14.8   0.0     1    45     5    51     5    70 0.84 PHA62_007204
PHA62_007204-T1      -            267 44657at5125          -            218   0.00092   18.0   0.0   2   3       5.9   8.6e+02   -1.6   0.0    89   121    75   109    57   120 0.66 PHA62_007204
PHA62_007204-T1      -            267 44657at5125          -            218   0.00092   18.0   0.0   3   3       2.5   3.6e+02   -0.3   0.0   125   162   226   263   182   264 0.82 PHA62_007204
PHA62_005649-T1      -            250 44657at5125          -            218   0.00097   17.9   0.3   1   1   7.3e-05      0.01   14.5   0.3     1   152     6   192     6   197 0.64 PHA62_005649
PHA62_000473-T1      -            299 44657at5125          -            218    0.0013   17.5   0.2   1   1   1.5e-05    0.0022   16.7   0.2    76   156   139   220    84   229 0.77 PHA62_000473
PHA62_009601-T1      -            278 44657at5125          -            218    0.0013   17.5   0.0   1   2   0.00045     0.066   11.9   0.1     2    44     6    51     5   100 0.73 PHA62_009601
PHA62_009601-T1      -            278 44657at5125          -            218    0.0013   17.5   0.0   2   2      0.21        30    3.2   0.0   117   155   193   233   183   259 0.83 PHA62_009601
PHA62_003465-T1      -            262 44657at5125          -            218    0.0014   17.3   0.8   1   2    0.0078       1.1    7.9   0.6     2    29    17    44    16   106 0.90 PHA62_003465
PHA62_003465-T1      -            262 44657at5125          -            218    0.0014   17.3   0.8   2   2    0.0094       1.4    7.6   0.0    77   154   124   206   120   217 0.80 PHA62_003465
PHA62_004475-T1      -            292 44657at5125          -            218    0.0016   17.2   0.3   1   2    0.0074       1.1    7.9   0.2     2    65    33    96    32   122 0.78 PHA62_004475
PHA62_004475-T1      -            292 44657at5125          -            218    0.0016   17.2   0.3   2   2     0.012       1.7    7.3   0.0   117   168   198   250   171   270 0.83 PHA62_004475
PHA62_001944-T1      -            358 44657at5125          -            218    0.0019   16.9   0.7   1   1   7.2e-05      0.01   14.5   0.7     2   136   105   263   104   293 0.75 PHA62_001944
PHA62_007817-T1      -            290 44657at5125          -            218    0.0026   16.5   2.5   1   1   0.00032     0.046   12.4   2.5     2    73    23   108    22   218 0.54 PHA62_007817
PHA62_010011-T1      -            265 44657at5125          -            218     0.003   16.3   0.0   1   1   5.6e-05    0.0081   14.9   0.1     2    45     6    51     5   106 0.78 PHA62_010011
PHA62_000291-T1      -            271 44657at5125          -            218     0.003   16.3   0.0   1   2    0.0046      0.67    8.6   0.0     3    67     4    78     2    94 0.73 PHA62_000291
PHA62_000291-T1      -            271 44657at5125          -            218     0.003   16.3   0.0   2   2     0.034         5    5.8   0.0   115   157   164   208   112   234 0.63 PHA62_000291
PHA62_005711-T1      -            330 44657at5125          -            218    0.0031   16.2   0.3   1   2      0.03       4.4    5.9   0.1     2    34     8    46     7    56 0.71 PHA62_005711
PHA62_005711-T1      -            330 44657at5125          -            218    0.0031   16.2   0.3   2   2     0.017       2.5    6.7   0.0    40    77    81   119    61   168 0.77 PHA62_005711
PHA62_002217-T1      -            344 44657at5125          -            218    0.0034   16.1   0.0   1   2   0.00047     0.068   11.8   0.0     4    43    57    96    55   103 0.89 PHA62_002217
PHA62_002217-T1      -            344 44657at5125          -            218    0.0034   16.1   0.0   2   2      0.73   1.1e+02    1.4   0.0    80   134   192   247   187   254 0.79 PHA62_002217
PHA62_001324-T1      -            304 44657at5125          -            218    0.0039   15.9   0.6   1   1   5.6e-05    0.0081   14.9   0.6    77   154   159   247   109   258 0.79 PHA62_001324
PHA62_004605-T1      -            271 44657at5125          -            218    0.0057   15.4   0.0   1   2      0.02         3    6.5   0.1     3    37    14    48    12    83 0.86 PHA62_004605
PHA62_004605-T1      -            271 44657at5125          -            218    0.0057   15.4   0.0   2   2     0.017       2.4    6.8   0.0   112   160   168   219   124   228 0.74 PHA62_004605
PHA62_002911-T1      -            296 44657at5125          -            218    0.0069   15.1   0.3   1   1     0.001      0.15   10.7   0.3    76   153   160   239    54   256 0.66 PHA62_002911
PHA62_001947-T1      -            258 44657at5125          -            218     0.018   13.7   2.8   1   1     0.025       3.6    6.2   2.8     1    31     6    36     6   226 0.79 PHA62_001947
PHA62_006539-T1      -            942 44657at5125          -            218     0.018   13.7   1.0   1   2      0.25        36    2.9   0.0     4    31    19    46    16    75 0.83 PHA62_006539
PHA62_006539-T1      -            942 44657at5125          -            218     0.018   13.7   1.0   2   2     0.005      0.72    8.5   0.2    77   135   130   190   128   205 0.83 PHA62_006539
PHA62_004222-T1      -            281 44657at5125          -            218     0.033   12.9   1.8   1   2    0.0094       1.4    7.6   0.4     3    50    11    58     9   103 0.66 PHA62_004222
PHA62_004222-T1      -            281 44657at5125          -            218     0.033   12.9   1.8   2   2      0.11        16    4.1   0.0    88   135   131   180   114   198 0.75 PHA62_004222
PHA62_003835-T1      -            362 44657at5125          -            218     0.043   12.5   0.4   1   1    0.0018      0.25   10.0   0.4    99   154   217   277    97   285 0.81 PHA62_003835
PHA62_001387-T1      -            328 44657at5125          -            218     0.063   12.0   0.2   1   1   0.00077      0.11   11.2   0.2     4    30     4    30     2   130 0.88 PHA62_001387
#
# Program:         hmmsearch
# Version:         3.1b2 (February 2015)
# Pipeline mode:   SEARCH
# Query file:      /home/zack/funannotate_db/hypocreales_odb10/hmms/44657at5125.hmm
# Target file:     /home/zack/Desktop/IsariaPreferralGenome/MyGenomeSubmittedToNCBI/HypocrealesProteinSets/Cjavanica_Apopka_97.proteins.fa
# Option settings: hmmsearch --domtblout /home/zack/Desktop/IsariaPreferralGenome/MyGenomeSubmittedToNCBI/HypocrealesProteinSets/BUSCO_AA_all/BUSCO_AA_Cjavanica_Apopka97/run_hypocreales_odb10/hmmer_output/initial_run_results/44657at5125.out --cpu 1 /home/zack/funannotate_db/hypocreales_odb10/hmms/44657at5125.hmm /home/zack/Desktop/IsariaPreferralGenome/MyGenomeSubmittedToNCBI/HypocrealesProteinSets/Cjavanica_Apopka_97.proteins.fa 
# Current dir:     /home/zack/Desktop/IsariaPreferralGenome/MyGenomeSubmittedToNCBI/HypocrealesProteinSets/BUSCO_AA_all
# Date:            Mon Mar  4 14:56:37 2024
# [ok]
