#                                                                            --- full sequence --- -------------- this domain -------------   hmm coord   ali coord   env coord
# target name        accession   tlen query name           accession   qlen   E-value  score  bias   #  of  c-Evalue  i-Evalue  score  bias  from    to  from    to  from    to  acc description of target
#------------------- ---------- ----- -------------------- ---------- ----- --------- ------ ----- --- --- --------- --------- ------ ----- ----- ----- ----- ----- ----- ----- ---- ---------------------
PHA62_008563-T1      -            947 4816at5125           -            754         0 1429.4  22.5   1   3      0.13   3.5e+02   -1.7   0.3     1    12    47    58    47    63 0.88 PHA62_008563
PHA62_008563-T1      -            947 4816at5125           -            754         0 1429.4  22.5   2   3   3.1e-06     0.008   13.6   0.0     9    33    76   100    71   106 0.88 PHA62_008563
PHA62_008563-T1      -            947 4816at5125           -            754         0 1429.4  22.5   3   3         0         0 1414.0  14.7    29   750   132   923   127   926 0.94 PHA62_008563
PHA62_009084-T1      -            678 4816at5125           -            754   7.7e-05   20.3  12.8   1   5     4e-08    0.0001   19.8   0.7    65   118    93   147    62   156 0.81 PHA62_009084
PHA62_009084-T1      -            678 4816at5125           -            754   7.7e-05   20.3  12.8   2   5     0.054   1.4e+02   -0.4   1.6   515   526   243   254   167   370 0.60 PHA62_009084
PHA62_009084-T1      -            678 4816at5125           -            754   7.7e-05   20.3  12.8   3   5     0.015        39    1.4   0.0   529   590   379   437   371   447 0.81 PHA62_009084
PHA62_009084-T1      -            678 4816at5125           -            754   7.7e-05   20.3  12.8   4   5     0.026        66    0.6   0.0    67   119   459   514   451   521 0.72 PHA62_009084
PHA62_009084-T1      -            678 4816at5125           -            754   7.7e-05   20.3  12.8   5   5     0.039     1e+02    0.0   0.0    80   119   508   547   500   552 0.92 PHA62_009084
PHA62_009038-T1      -            583 4816at5125           -            754   0.00034   18.1   0.6   1   2   5.1e-05      0.13    9.6   0.0    65   121    62   119    40   163 0.82 PHA62_009038
PHA62_009038-T1      -            583 4816at5125           -            754   0.00034   18.1   0.6   2   2   0.00053       1.4    6.2   0.2   292   335   285   328   247   341 0.83 PHA62_009038
PHA62_007371-T1      -            831 4816at5125           -            754     0.038   11.4   6.1   1   2     0.013        34    1.6   0.2    75   169    34   127    15   176 0.66 PHA62_007371
PHA62_007371-T1      -            831 4816at5125           -            754     0.038   11.4   6.1   2   2     2e-05     0.052   10.9   0.4    76   106   444   474   432   489 0.87 PHA62_007371
#
# Program:         hmmsearch
# Version:         3.1b2 (February 2015)
# Pipeline mode:   SEARCH
# Query file:      /home/zack/funannotate_db/hypocreales_odb10/hmms/4816at5125.hmm
# Target file:     /home/zack/Desktop/IsariaPreferralGenome/MyGenomeSubmittedToNCBI/HypocrealesProteinSets/Cjavanica_Apopka_97.proteins.fa
# Option settings: hmmsearch --domtblout /home/zack/Desktop/IsariaPreferralGenome/MyGenomeSubmittedToNCBI/HypocrealesProteinSets/BUSCO_AA_all/BUSCO_AA_Cjavanica_Apopka97/run_hypocreales_odb10/hmmer_output/initial_run_results/4816at5125.out --cpu 1 /home/zack/funannotate_db/hypocreales_odb10/hmms/4816at5125.hmm /home/zack/Desktop/IsariaPreferralGenome/MyGenomeSubmittedToNCBI/HypocrealesProteinSets/Cjavanica_Apopka_97.proteins.fa 
# Current dir:     /home/zack/Desktop/IsariaPreferralGenome/MyGenomeSubmittedToNCBI/HypocrealesProteinSets/BUSCO_AA_all
# Date:            Mon Mar  4 14:56:36 2024
# [ok]
