#                                                                            --- full sequence --- -------------- this domain -------------   hmm coord   ali coord   env coord
# target name        accession   tlen query name           accession   qlen   E-value  score  bias   #  of  c-Evalue  i-Evalue  score  bias  from    to  from    to  from    to  acc description of target
#------------------- ---------- ----- -------------------- ---------- ----- --------- ------ ----- --- --- --------- --------- ------ ----- ----- ----- ----- ----- ----- ----- ---- ---------------------
PHA62_001072-T1      -            191 48875at5125          -            176  7.5e-102  337.6   0.3   1   1  2.4e-105  8.4e-102  337.4   0.3     1   176     3   191     3   191 0.94 PHA62_001072
PHA62_001297-T1      -            152 48875at5125          -            176   1.6e-59  199.7  11.8   1   2   3.5e-34   1.2e-30  105.7   5.0     1   101     3    94     3    95 0.92 PHA62_001297
PHA62_001297-T1      -            152 48875at5125          -            176   1.6e-59  199.7  11.8   2   2   1.2e-29   4.1e-26   90.9   0.6   122   176    94   152    92   152 0.92 PHA62_001297
PHA62_007528-T1      -           1170 48875at5125          -            176       1.1    8.1   8.2   1   8      0.77   2.7e+03   -2.9   0.0   137   161   576   600   573   602 0.90 PHA62_007528
PHA62_007528-T1      -           1170 48875at5125          -            176       1.1    8.1   8.2   2   8      0.73   2.5e+03   -2.8   0.0   138   161   619   642   615   644 0.89 PHA62_007528
PHA62_007528-T1      -           1170 48875at5125          -            176       1.1    8.1   8.2   3   8     0.048   1.7e+02    1.0   0.0   137   161   660   684   654   688 0.91 PHA62_007528
PHA62_007528-T1      -           1170 48875at5125          -            176       1.1    8.1   8.2   4   8     0.057     2e+02    0.8   0.0   137   161   702   726   695   731 0.91 PHA62_007528
PHA62_007528-T1      -           1170 48875at5125          -            176       1.1    8.1   8.2   5   8    0.0048        17    4.3   0.0   135   161   826   852   819   858 0.91 PHA62_007528
PHA62_007528-T1      -           1170 48875at5125          -            176       1.1    8.1   8.2   6   8       1.2   4.2e+03   -3.6   0.0   138   161   871   894   868   895 0.88 PHA62_007528
PHA62_007528-T1      -           1170 48875at5125          -            176       1.1    8.1   8.2   7   8       1.3   4.7e+03   -3.7   0.0   138   161   955   978   953   979 0.88 PHA62_007528
PHA62_007528-T1      -           1170 48875at5125          -            176       1.1    8.1   8.2   8   8      0.07   2.4e+02    0.5   0.0   137   161  1038  1062  1031  1067 0.90 PHA62_007528
#
# Program:         hmmsearch
# Version:         3.1b2 (February 2015)
# Pipeline mode:   SEARCH
# Query file:      /home/zack/funannotate_db/hypocreales_odb10/hmms/48875at5125.hmm
# Target file:     /home/zack/Desktop/IsariaPreferralGenome/MyGenomeSubmittedToNCBI/HypocrealesProteinSets/Cjavanica_Apopka_97.proteins.fa
# Option settings: hmmsearch --domtblout /home/zack/Desktop/IsariaPreferralGenome/MyGenomeSubmittedToNCBI/HypocrealesProteinSets/BUSCO_AA_all/BUSCO_AA_Cjavanica_Apopka97/run_hypocreales_odb10/hmmer_output/initial_run_results/48875at5125.out --cpu 1 /home/zack/funannotate_db/hypocreales_odb10/hmms/48875at5125.hmm /home/zack/Desktop/IsariaPreferralGenome/MyGenomeSubmittedToNCBI/HypocrealesProteinSets/Cjavanica_Apopka_97.proteins.fa 
# Current dir:     /home/zack/Desktop/IsariaPreferralGenome/MyGenomeSubmittedToNCBI/HypocrealesProteinSets/BUSCO_AA_all
# Date:            Mon Mar  4 14:56:56 2024
# [ok]
