#                                                                            --- full sequence --- -------------- this domain -------------   hmm coord   ali coord   env coord
# target name        accession   tlen query name           accession   qlen   E-value  score  bias   #  of  c-Evalue  i-Evalue  score  bias  from    to  from    to  from    to  acc description of target
#------------------- ---------- ----- -------------------- ---------- ----- --------- ------ ----- --- --- --------- --------- ------ ----- ----- ----- ----- ----- ----- ----- ---- ---------------------
PHA62_000628-T1      -            334 55440at5125          -            198   3.2e-57  193.5  61.4   1   4       4.1   1.4e+03   -1.1   3.9    17    60    29    56     7    68 0.50 PHA62_000628
PHA62_000628-T1      -            334 55440at5125          -            198   3.2e-57  193.5  61.4   2   4   0.00046      0.15   11.8   5.9    17    67    59   108    49   134 0.63 PHA62_000628
PHA62_000628-T1      -            334 55440at5125          -            198   3.2e-57  193.5  61.4   3   4   1.1e-10   3.7e-08   33.4  23.8    53   135   129   239   111   244 0.71 PHA62_000628
PHA62_000628-T1      -            334 55440at5125          -            198   3.2e-57  193.5  61.4   4   4   6.7e-49   2.2e-46  158.1  11.9   129   196   248   317   238   319 0.88 PHA62_000628
PHA62_004062-T1      -            440 55440at5125          -            198   7.7e-16   58.5  25.7   1   3   2.1e-12     7e-10   39.0  12.5    72   190    46   171    15   174 0.76 PHA62_004062
PHA62_004062-T1      -            440 55440at5125          -            198   7.7e-16   58.5  25.7   2   3   1.2e-10     4e-08   33.3   5.2   135   187   172   226   168   237 0.94 PHA62_004062
PHA62_004062-T1      -            440 55440at5125          -            198   7.7e-16   58.5  25.7   3   3       8.7   2.9e+03   -2.2   6.2    24   101   357   431   346   439 0.52 PHA62_004062
PHA62_003585-T1      -            393 55440at5125          -            198   9.9e-16   58.1  29.5   1   3   1.4e-13   4.8e-11   42.8   1.9   134   186    10    66     1    69 0.87 PHA62_003585
PHA62_003585-T1      -            393 55440at5125          -            198   9.9e-16   58.1  29.5   2   3   3.1e-08     1e-05   25.4   7.8   134   187    70   127    67   130 0.91 PHA62_003585
PHA62_003585-T1      -            393 55440at5125          -            198   9.9e-16   58.1  29.5   3   3      0.68   2.3e+02    1.4   4.3     6   101   233   328   228   340 0.67 PHA62_003585
PHA62_008505-T1      -            667 55440at5125          -            198   2.4e-14   53.6  20.7   1   5      0.17        57    3.4   2.1    70   123    36    89    11   127 0.77 PHA62_008505
PHA62_008505-T1      -            667 55440at5125          -            198   2.4e-14   53.6  20.7   2   5   0.00052      0.17   11.6  11.9    86   186   426   532   356   536 0.59 PHA62_008505
PHA62_008505-T1      -            667 55440at5125          -            198   2.4e-14   53.6  20.7   3   5   1.6e-08   5.5e-06   26.3   2.1   122   186   495   562   490   568 0.87 PHA62_008505
PHA62_008505-T1      -            667 55440at5125          -            198   2.4e-14   53.6  20.7   4   5   3.6e-08   1.2e-05   25.2   0.4   129   178   531   582   528   585 0.91 PHA62_008505
PHA62_008505-T1      -            667 55440at5125          -            198   2.4e-14   53.6  20.7   5   5   3.2e-09   1.1e-06   28.6   4.7   136   186   568   618   563   626 0.94 PHA62_008505
PHA62_009131-T1      -            682 55440at5125          -            198     4e-14   52.9  18.1   1   3       4.9   1.6e+03   -1.4   8.6     3   117   151   264   149   272 0.66 PHA62_009131
PHA62_009131-T1      -            682 55440at5125          -            198     4e-14   52.9  18.1   2   3   3.3e-10   1.1e-07   31.9   9.4    88   195   410   520   353   522 0.72 PHA62_009131
PHA62_009131-T1      -            682 55440at5125          -            198     4e-14   52.9  18.1   3   3   3.9e-11   1.3e-08   34.9   1.4   136   186   489   548   486   551 0.87 PHA62_009131
PHA62_002793-T1      -            750 55440at5125          -            198   5.2e-13   49.2  19.6   1   5       3.3   1.1e+03   -0.8   0.1   177   197    65    85    46    86 0.86 PHA62_002793
PHA62_002793-T1      -            750 55440at5125          -            198   5.2e-13   49.2  19.6   2   5       4.3   1.5e+03   -1.2   1.8    49    87   248   286   200   327 0.56 PHA62_002793
PHA62_002793-T1      -            750 55440at5125          -            198   5.2e-13   49.2  19.6   3   5   1.5e-15   5.2e-13   49.2  19.6    45   188   353   507   336   512 0.65 PHA62_002793
PHA62_002793-T1      -            750 55440at5125          -            198   5.2e-13   49.2  19.6   4   5       5.7   1.9e+03   -1.6   0.5    63   119   536   592   524   609 0.49 PHA62_002793
PHA62_002793-T1      -            750 55440at5125          -            198   5.2e-13   49.2  19.6   5   5         7   2.4e+03   -1.9   2.1    40    79   618   656   583   699 0.50 PHA62_002793
PHA62_009140-T1      -            577 55440at5125          -            198     1e-11   45.0   6.2   1   4       4.5   1.5e+03   -1.2   0.2    20    32   147   159    86   206 0.53 PHA62_009140
PHA62_009140-T1      -            577 55440at5125          -            198     1e-11   45.0   6.2   2   4   0.00012     0.039   13.7   5.5   127   171   238   282   141   282 0.93 PHA62_009140
PHA62_009140-T1      -            577 55440at5125          -            198     1e-11   45.0   6.2   3   4   3.1e-14     1e-11   45.0   6.2   135   188   274   327   270   336 0.90 PHA62_009140
PHA62_009140-T1      -            577 55440at5125          -            198     1e-11   45.0   6.2   4   4     0.097        32    4.2   0.9    40    94   492   549   477   563 0.69 PHA62_009140
PHA62_007136-T1      -            414 55440at5125          -            198   1.7e-10   41.0   3.8   1   3     5e-13   1.7e-10   41.0   3.8   130   187    54   113    21   124 0.78 PHA62_007136
PHA62_007136-T1      -            414 55440at5125          -            198   1.7e-10   41.0   3.8   2   3       2.6   8.6e+02   -0.4   0.8    33    86   178   231   156   239 0.72 PHA62_007136
PHA62_007136-T1      -            414 55440at5125          -            198   1.7e-10   41.0   3.8   3   3         1   3.3e+02    0.9   5.4     8   120   239   347   232   367 0.71 PHA62_007136
PHA62_005479-T1      -            494 55440at5125          -            198   1.6e-09   37.9   7.6   1   4         5   1.7e+03   -1.4   0.4    58    83    19    44     6   104 0.62 PHA62_005479
PHA62_005479-T1      -            494 55440at5125          -            198   1.6e-09   37.9   7.6   2   4       4.3   1.4e+03   -1.2   0.4    52    75   154   178   114   228 0.57 PHA62_005479
PHA62_005479-T1      -            494 55440at5125          -            198   1.6e-09   37.9   7.6   3   4       3.5   1.2e+03   -0.9   0.4    46    76   336   366   298   382 0.46 PHA62_005479
PHA62_005479-T1      -            494 55440at5125          -            198   1.6e-09   37.9   7.6   4   4   4.7e-12   1.6e-09   37.9   7.6   135   186   377   429   368   435 0.89 PHA62_005479
PHA62_005270-T1      -            525 55440at5125          -            198   1.8e-09   37.7  35.0   1   5    0.0022      0.73    9.6   4.4   143   186    77   122    50   133 0.84 PHA62_005270
PHA62_005270-T1      -            525 55440at5125          -            198   1.8e-09   37.7  35.0   2   5   2.4e-06    0.0008   19.3   4.6   136   188   129   183   123   187 0.88 PHA62_005270
PHA62_005270-T1      -            525 55440at5125          -            198   1.8e-09   37.7  35.0   3   5    0.0017      0.58    9.9   0.9   133   174   185   228   182   232 0.85 PHA62_005270
PHA62_005270-T1      -            525 55440at5125          -            198   1.8e-09   37.7  35.0   4   5      0.03        10    5.9   3.2   123   160   274   313   257   323 0.73 PHA62_005270
PHA62_005270-T1      -            525 55440at5125          -            198   1.8e-09   37.7  35.0   5   5    0.0028      0.92    9.3   0.0   122   159   393   432   353   444 0.77 PHA62_005270
PHA62_003286-T1      -           1142 55440at5125          -            198   7.5e-09   35.7  11.1   1   4   2.2e-11   7.5e-09   35.7  11.1   132   187    48   103    42   107 0.92 PHA62_003286
PHA62_003286-T1      -           1142 55440at5125          -            198   7.5e-09   35.7  11.1   2   4       4.2   1.4e+03   -1.1   0.3    42   107   120   182   105   207 0.51 PHA62_003286
PHA62_003286-T1      -           1142 55440at5125          -            198   7.5e-09   35.7  11.1   3   4       4.7   1.6e+03   -1.3   1.1    53   123   270   339   254   375 0.59 PHA62_003286
PHA62_003286-T1      -           1142 55440at5125          -            198   7.5e-09   35.7  11.1   4   4       7.6   2.6e+03   -2.0   2.3     7    94   395   484   388   500 0.50 PHA62_003286
PHA62_005574-T1      -            373 55440at5125          -            198   8.4e-09   35.5   5.8   1   3      0.63   2.1e+02    1.6   2.1    83   132    20    71     3    76 0.60 PHA62_005574
PHA62_005574-T1      -            373 55440at5125          -            198   8.4e-09   35.5   5.8   2   3       3.6   1.2e+03   -0.9   5.5    11    82    77   150    69   190 0.48 PHA62_005574
PHA62_005574-T1      -            373 55440at5125          -            198   8.4e-09   35.5   5.8   3   3   2.5e-11   8.4e-09   35.5   5.8    63   195   224   362   202   365 0.72 PHA62_005574
PHA62_004341-T1      -            803 55440at5125          -            198   4.3e-08   33.2   7.3   1   2   1.3e-10   4.3e-08   33.2   7.3   135   186    24    75     2    83 0.88 PHA62_004341
PHA62_004341-T1      -            803 55440at5125          -            198   4.3e-08   33.2   7.3   2   2       4.1   1.4e+03   -1.1   0.9    34    98   209   274   183   283 0.60 PHA62_004341
PHA62_004578-T1      -            369 55440at5125          -            198   6.1e-07   29.4  24.1   1   4   8.1e-06    0.0027   17.5   7.7   136   186    12    66     1    68 0.87 PHA62_004578
PHA62_004578-T1      -            369 55440at5125          -            198   6.1e-07   29.4  24.1   2   4   2.8e-08   9.3e-06   25.6   8.4   134   187    70   127    65   136 0.89 PHA62_004578
PHA62_004578-T1      -            369 55440at5125          -            198   6.1e-07   29.4  24.1   3   4       3.7   1.2e+03   -0.9   0.5    13    42   188   216   176   287 0.55 PHA62_004578
PHA62_004578-T1      -            369 55440at5125          -            198   6.1e-07   29.4  24.1   4   4       2.3   7.6e+02   -0.3   2.6    41    99   297   354   256   363 0.64 PHA62_004578
PHA62_001702-T1      -            309 55440at5125          -            198   9.9e-07   28.7  24.4   1   3   0.00043      0.15   11.9   0.3   168   186     3    21     1    23 0.93 PHA62_001702
PHA62_001702-T1      -            309 55440at5125          -            198   9.9e-07   28.7  24.4   2   3   0.00048      0.16   11.7   6.2   140   186    32    79    22    82 0.94 PHA62_001702
PHA62_001702-T1      -            309 55440at5125          -            198   9.9e-07   28.7  24.4   3   3   5.4e-05     0.018   14.8   4.6   134   186    84   138    80   140 0.89 PHA62_001702
PHA62_005366-T1      -            679 55440at5125          -            198   1.1e-06   28.6   6.1   1   4       2.1   6.9e+02   -0.1   5.8    58   116   185   242   141   268 0.62 PHA62_005366
PHA62_005366-T1      -            679 55440at5125          -            198   1.1e-06   28.6   6.1   2   4       3.1     1e+03   -0.7   0.1    37    98   287   349   262   376 0.65 PHA62_005366
PHA62_005366-T1      -            679 55440at5125          -            198   1.1e-06   28.6   6.1   3   4       2.1     7e+02   -0.1   0.5    27   128   386   484   364   515 0.61 PHA62_005366
PHA62_005366-T1      -            679 55440at5125          -            198   1.1e-06   28.6   6.1   4   4   3.2e-09   1.1e-06   28.6   6.1   143   188   548   593   496   603 0.88 PHA62_005366
PHA62_002296-T1      -            427 55440at5125          -            198   1.1e-06   28.5   6.0   1   2       3.7   1.2e+03   -0.9   4.6    79   112    14    47     2    89 0.72 PHA62_002296
PHA62_002296-T1      -            427 55440at5125          -            198   1.1e-06   28.5   6.0   2   2   3.4e-09   1.1e-06   28.5   6.0   132   186   211   265   180   275 0.90 PHA62_002296
PHA62_004017-T1      -            822 55440at5125          -            198   1.8e-06   27.9   6.9   1   1   5.5e-09   1.8e-06   27.9   6.9   132   187    31    88    19   100 0.85 PHA62_004017
PHA62_005466-T1      -            978 55440at5125          -            198   5.7e-06   26.3  10.9   1   2   1.7e-08   5.7e-06   26.3  10.9   139   186    84   131    16   138 0.76 PHA62_005466
PHA62_005466-T1      -            978 55440at5125          -            198   5.7e-06   26.3  10.9   2   2       7.2   2.4e+03   -1.9   5.6    15   123   193   298   178   307 0.47 PHA62_005466
PHA62_004795-T1      -            497 55440at5125          -            198   8.9e-06   25.6   1.7   1   2     0.001      0.35   10.6  13.8   108   186   218   299   129   303 0.59 PHA62_004795
PHA62_004795-T1      -            497 55440at5125          -            198   8.9e-06   25.6   1.7   2   2   2.7e-08   8.9e-06   25.6   1.7   131   187   300   358   298   360 0.93 PHA62_004795
PHA62_009657-T1      -            308 55440at5125          -            198   9.3e-06   25.6  16.6   1   2       1.5   4.9e+02    0.3   0.6    34    98    12    76     6    95 0.64 PHA62_009657
PHA62_009657-T1      -            308 55440at5125          -            198   9.3e-06   25.6  16.6   2   2   2.8e-08   9.3e-06   25.6  16.6     7   193   103   297    98   301 0.72 PHA62_009657
PHA62_001107-T1      -            370 55440at5125          -            198   3.5e-05   23.7   8.6   1   3      0.61   2.1e+02    1.6   2.4    40   112    27    84     8   128 0.49 PHA62_001107
PHA62_001107-T1      -            370 55440at5125          -            198   3.5e-05   23.7   8.6   2   3       5.5   1.9e+03   -1.5   0.1    38    46   198   206   152   249 0.51 PHA62_001107
PHA62_001107-T1      -            370 55440at5125          -            198   3.5e-05   23.7   8.6   3   3     1e-07   3.5e-05   23.7   8.6   141   188   270   322   262   331 0.86 PHA62_001107
PHA62_007621-T1      -            355 55440at5125          -            198   5.8e-05   23.0   1.7   1   1   3.4e-07   0.00011   22.0   1.7    71   186    48   168     7   171 0.69 PHA62_007621
PHA62_006815-T1      -            894 55440at5125          -            198   0.00014   21.7   6.6   1   1   4.3e-07   0.00014   21.7   6.6   136   186    31    85    24    92 0.92 PHA62_006815
PHA62_005673-T1      -            588 55440at5125          -            198   0.00016   21.6   6.3   1   2       9.2   3.1e+03   -2.3   0.4    11    28    13    30     4    57 0.52 PHA62_005673
PHA62_005673-T1      -            588 55440at5125          -            198   0.00016   21.6   6.3   2   2   4.6e-07   0.00016   21.6   6.3   150   186    94   130    81   139 0.83 PHA62_005673
PHA62_005009-T1      -            632 55440at5125          -            198    0.0006   19.7   1.1   1   4       8.2   2.8e+03   -2.1   2.1   103   103    87    87    17   166 0.53 PHA62_005009
PHA62_005009-T1      -            632 55440at5125          -            198    0.0006   19.7   1.1   2   4       4.1   1.4e+03   -1.1   3.0    54   115   196   255   177   261 0.65 PHA62_005009
PHA62_005009-T1      -            632 55440at5125          -            198    0.0006   19.7   1.1   3   4   1.8e-06    0.0006   19.7   1.1   131   194   290   365   283   369 0.79 PHA62_005009
PHA62_005009-T1      -            632 55440at5125          -            198    0.0006   19.7   1.1   4   4       0.2        69    3.1   0.1   141   158   394   411   382   413 0.86 PHA62_005009
PHA62_008210-T1      -            384 55440at5125          -            198    0.0011   18.8   1.8   1   1   3.3e-06    0.0011   18.8   1.8   153   188   156   194   124   201 0.84 PHA62_008210
PHA62_005881-T1      -            752 55440at5125          -            198    0.0012   18.7   4.7   1   2   3.6e-06    0.0012   18.7   4.7   137   191     7    59     1    68 0.86 PHA62_005881
PHA62_005881-T1      -            752 55440at5125          -            198    0.0012   18.7   4.7   2   2       2.8   9.3e+02   -0.5   4.9    35    94   148   206   112   238 0.38 PHA62_005881
PHA62_001232-T1      -            868 55440at5125          -            198    0.0018   18.1   0.7   1   2   5.4e-06    0.0018   18.1   0.7   148   186   199   239   196   246 0.91 PHA62_001232
PHA62_001232-T1      -            868 55440at5125          -            198    0.0018   18.1   0.7   2   2       9.3   3.1e+03   -2.3   0.2    99   122   289   312   254   334 0.61 PHA62_001232
PHA62_008763-T1      -            141 55440at5125          -            198       0.3   10.8   7.0   1   2      0.59     2e+02    1.7   1.5   143   174    59    88     8   100 0.80 PHA62_008763
PHA62_008763-T1      -            141 55440at5125          -            198       0.3   10.8   7.0   2   2    0.0014      0.48   10.2   5.8   137   186    79   136    69   140 0.79 PHA62_008763
PHA62_003006-T1      -            870 55440at5125          -            198       8.2    6.2  11.6   1   2    0.0032       1.1    9.0   5.4   136   187    16    71     9    75 0.89 PHA62_003006
PHA62_003006-T1      -            870 55440at5125          -            198       8.2    6.2  11.6   2   2       2.3   7.9e+02   -0.3   0.5    48   112    91   155    72   159 0.69 PHA62_003006
#
# Program:         hmmsearch
# Version:         3.1b2 (February 2015)
# Pipeline mode:   SEARCH
# Query file:      /home/zack/funannotate_db/hypocreales_odb10/hmms/55440at5125.hmm
# Target file:     /home/zack/Desktop/IsariaPreferralGenome/MyGenomeSubmittedToNCBI/HypocrealesProteinSets/Cjavanica_Apopka_97.proteins.fa
# Option settings: hmmsearch --domtblout /home/zack/Desktop/IsariaPreferralGenome/MyGenomeSubmittedToNCBI/HypocrealesProteinSets/BUSCO_AA_all/BUSCO_AA_Cjavanica_Apopka97/run_hypocreales_odb10/hmmer_output/initial_run_results/55440at5125.out --cpu 1 /home/zack/funannotate_db/hypocreales_odb10/hmms/55440at5125.hmm /home/zack/Desktop/IsariaPreferralGenome/MyGenomeSubmittedToNCBI/HypocrealesProteinSets/Cjavanica_Apopka_97.proteins.fa 
# Current dir:     /home/zack/Desktop/IsariaPreferralGenome/MyGenomeSubmittedToNCBI/HypocrealesProteinSets/BUSCO_AA_all
# Date:            Mon Mar  4 14:57:15 2024
# [ok]
