#                                                                            --- full sequence --- -------------- this domain -------------   hmm coord   ali coord   env coord
# target name        accession   tlen query name           accession   qlen   E-value  score  bias   #  of  c-Evalue  i-Evalue  score  bias  from    to  from    to  from    to  acc description of target
#------------------- ---------- ----- -------------------- ---------- ----- --------- ------ ----- --- --- --------- --------- ------ ----- ----- ----- ----- ----- ----- ----- ---- ---------------------
PHA62_007687-T1      -            234 56922at5125          -            156   6.7e-73  243.4  71.7   1   3     7e-17   1.5e-13   50.6   0.3     1    30     1    30     1    36 0.93 PHA62_007687
PHA62_007687-T1      -            234 56922at5125          -            156   6.7e-73  243.4  71.7   2   3   4.4e-58   9.2e-55  184.5  52.7    28   142    78   198    72   201 0.95 PHA62_007687
PHA62_007687-T1      -            234 56922at5125          -            156   6.7e-73  243.4  71.7   3   3   4.9e-06      0.01   15.4  12.2   126   152   194   220   193   223 0.86 PHA62_007687
PHA62_003951-T1      -            144 56922at5125          -            156     0.011   15.3   0.0   1   1   8.6e-06     0.018   14.6   0.0    27    70    53    95    45   103 0.85 PHA62_003951
PHA62_000047-T1      -            329 56922at5125          -            156     0.015   14.9   9.7   1   1   1.6e-05     0.033   13.7   9.7    86   120   142   175   108   186 0.68 PHA62_000047
PHA62_001543-T1      -            451 56922at5125          -            156     0.026   14.1   0.0   1   3    0.0055        11    5.5   0.0    29    66   112   148    99   159 0.83 PHA62_001543
PHA62_001543-T1      -            451 56922at5125          -            156     0.026   14.1   0.0   2   3     0.045        94    2.5   0.0    29    65   203   238   185   249 0.84 PHA62_001543
PHA62_001543-T1      -            451 56922at5125          -            156     0.026   14.1   0.0   3   3      0.07   1.5e+02    1.9   0.0     6    50   286   331   283   361 0.75 PHA62_001543
PHA62_006839-T1      -            140 56922at5125          -            156     0.046   13.3   3.6   1   1   0.00017      0.35   10.4   3.0    26    91    60   128    48   133 0.58 PHA62_006839
#
# Program:         hmmsearch
# Version:         3.1b2 (February 2015)
# Pipeline mode:   SEARCH
# Query file:      /home/zack/funannotate_db/hypocreales_odb10/hmms/56922at5125.hmm
# Target file:     /home/zack/Desktop/IsariaPreferralGenome/MyGenomeSubmittedToNCBI/HypocrealesProteinSets/Cjavanica_Apopka_97.proteins.fa
# Option settings: hmmsearch --domtblout /home/zack/Desktop/IsariaPreferralGenome/MyGenomeSubmittedToNCBI/HypocrealesProteinSets/BUSCO_AA_all/BUSCO_AA_Cjavanica_Apopka97/run_hypocreales_odb10/hmmer_output/initial_run_results/56922at5125.out --cpu 1 /home/zack/funannotate_db/hypocreales_odb10/hmms/56922at5125.hmm /home/zack/Desktop/IsariaPreferralGenome/MyGenomeSubmittedToNCBI/HypocrealesProteinSets/Cjavanica_Apopka_97.proteins.fa 
# Current dir:     /home/zack/Desktop/IsariaPreferralGenome/MyGenomeSubmittedToNCBI/HypocrealesProteinSets/BUSCO_AA_all
# Date:            Mon Mar  4 14:56:58 2024
# [ok]
