#                                                                            --- full sequence --- -------------- this domain -------------   hmm coord   ali coord   env coord
# target name        accession   tlen query name           accession   qlen   E-value  score  bias   #  of  c-Evalue  i-Evalue  score  bias  from    to  from    to  from    to  acc description of target
#------------------- ---------- ----- -------------------- ---------- ----- --------- ------ ----- --- --- --------- --------- ------ ----- ----- ----- ----- ----- ----- ----- ---- ---------------------
PHA62_008551-T1      -             81 59117at5125          -             68   1.2e-47  158.9   1.1   1   1   1.3e-50   1.3e-47  158.7   1.1     1    68     6    73     6    73 0.99 PHA62_008551
PHA62_004646-T1      -             86 59117at5125          -             68   4.9e-11   41.6   0.0   1   1   5.9e-14   6.1e-11   41.3   0.0     6    68     7    70     5    70 0.94 PHA62_004646
PHA62_005581-T1      -             98 59117at5125          -             68   7.4e-06   25.0   0.0   1   1   1.1e-08   1.1e-05   24.5   0.0     9    46     5    42     4    65 0.89 PHA62_005581
PHA62_005587-T1      -            119 59117at5125          -             68   0.00053   19.1   0.0   1   1     7e-07   0.00073   18.6   0.0    10    49     6    45     3    63 0.87 PHA62_005587
PHA62_006776-T1      -            150 59117at5125          -             68    0.0009   18.3   0.0   1   1   1.3e-06    0.0014   17.7   0.0     8    68    26    87    22    87 0.87 PHA62_006776
PHA62_008086-T1      -            205 59117at5125          -             68    0.0025   16.9   0.0   1   2     9e-06    0.0094   15.1   0.0    18    58    15    55     7    65 0.86 PHA62_008086
PHA62_008086-T1      -            205 59117at5125          -             68    0.0025   16.9   0.0   2   2      0.76   7.9e+02   -0.7   0.0    50    66    65    81    60    83 0.86 PHA62_008086
PHA62_010101-T1      -            142 59117at5125          -             68    0.0028   16.8   0.1   1   1   3.8e-06     0.004   16.3   0.1    13    53    60   100    51   118 0.88 PHA62_010101
PHA62_007010-T1      -             83 59117at5125          -             68    0.0066   15.6   0.4   1   1   8.4e-06    0.0087   15.2   0.4    17    67    14    64     7    65 0.90 PHA62_007010
PHA62_003270-T1      -             96 59117at5125          -             68     0.013   14.6   0.0   1   1   1.6e-05     0.017   14.2   0.0    14    56    21    63     3    86 0.86 PHA62_003270
PHA62_008767-T1      -            115 59117at5125          -             68     0.039   13.1   0.0   1   1   4.8e-05      0.05   12.8   0.0     9    47    10    48     6    69 0.81 PHA62_008767
#
# Program:         hmmsearch
# Version:         3.1b2 (February 2015)
# Pipeline mode:   SEARCH
# Query file:      /home/zack/funannotate_db/hypocreales_odb10/hmms/59117at5125.hmm
# Target file:     /home/zack/Desktop/IsariaPreferralGenome/MyGenomeSubmittedToNCBI/HypocrealesProteinSets/Cjavanica_Apopka_97.proteins.fa
# Option settings: hmmsearch --domtblout /home/zack/Desktop/IsariaPreferralGenome/MyGenomeSubmittedToNCBI/HypocrealesProteinSets/BUSCO_AA_all/BUSCO_AA_Cjavanica_Apopka97/run_hypocreales_odb10/hmmer_output/initial_run_results/59117at5125.out --cpu 1 /home/zack/funannotate_db/hypocreales_odb10/hmms/59117at5125.hmm /home/zack/Desktop/IsariaPreferralGenome/MyGenomeSubmittedToNCBI/HypocrealesProteinSets/Cjavanica_Apopka_97.proteins.fa 
# Current dir:     /home/zack/Desktop/IsariaPreferralGenome/MyGenomeSubmittedToNCBI/HypocrealesProteinSets/BUSCO_AA_all
# Date:            Mon Mar  4 14:57:09 2024
# [ok]
