#                                                                            --- full sequence --- -------------- this domain -------------   hmm coord   ali coord   env coord
# target name        accession   tlen query name           accession   qlen   E-value  score  bias   #  of  c-Evalue  i-Evalue  score  bias  from    to  from    to  from    to  acc description of target
#------------------- ---------- ----- -------------------- ---------- ----- --------- ------ ----- --- --- --------- --------- ------ ----- ----- ----- ----- ----- ----- ----- ---- ---------------------
PHA62_007676-T1      -           1064 6208at5125           -            826         0 1216.7  38.0   1   4  1.9e-194  4.5e-192  639.5  20.2     1   460     1   530     1   540 0.88 PHA62_007676
PHA62_007676-T1      -           1064 6208at5125           -            826         0 1216.7  38.0   2   4  1.5e-136  3.6e-134  448.0   2.6   461   720   584   849   556   856 0.93 PHA62_007676
PHA62_007676-T1      -           1064 6208at5125           -            826         0 1216.7  38.0   3   4   2.4e-42   5.7e-40  136.4   0.0   716   809   875   969   853   983 0.89 PHA62_007676
PHA62_007676-T1      -           1064 6208at5125           -            826         0 1216.7  38.0   4   4     0.085        20    2.3   0.1   807   826  1032  1051  1009  1051 0.70 PHA62_007676
PHA62_004040-T1      -            737 6208at5125           -            826   1.6e-36  125.0   5.3   1   4   9.9e-09   2.3e-06   25.2   0.0   637   709    57   131    52   141 0.85 PHA62_004040
PHA62_004040-T1      -            737 6208at5125           -            826   1.6e-36  125.0   5.3   2   4     2e-21   4.6e-19   67.2   2.8   547   711   145   313   142   330 0.90 PHA62_004040
PHA62_004040-T1      -            737 6208at5125           -            826   1.6e-36  125.0   5.3   3   4    0.0075       1.8    5.7   0.0   633   667   337   371   324   378 0.84 PHA62_004040
PHA62_004040-T1      -            737 6208at5125           -            826   1.6e-36  125.0   5.3   4   4   6.1e-07   0.00015   19.3   0.2   670   725   422   478   417   489 0.87 PHA62_004040
PHA62_002434-T1      -            852 6208at5125           -            826   3.4e-31  107.4   4.5   1   5     1e-05    0.0024   15.2   0.1   637   727     6    93     2   103 0.89 PHA62_002434
PHA62_002434-T1      -            852 6208at5125           -            826   3.4e-31  107.4   4.5   2   5   1.1e-10   2.7e-08   31.6   0.0   626   706   314   395   306   413 0.89 PHA62_002434
PHA62_002434-T1      -            852 6208at5125           -            826   3.4e-31  107.4   4.5   3   5   1.7e-05     0.004   14.5   0.0   468   526   501   557   473   573 0.88 PHA62_002434
PHA62_002434-T1      -            852 6208at5125           -            826   3.4e-31  107.4   4.5   4   5    0.0013       0.3    8.3   0.0   630   710   619   706   584   710 0.81 PHA62_002434
PHA62_002434-T1      -            852 6208at5125           -            826   3.4e-31  107.4   4.5   5   5   1.2e-13   2.8e-11   41.5   0.2   588   708   673   803   672   823 0.77 PHA62_002434
PHA62_001543-T1      -            451 6208at5125           -            826   2.2e-20   71.6   0.0   1   3   3.4e-09   8.1e-07   26.7   0.0   634   713    69   149    60   160 0.88 PHA62_001543
PHA62_001543-T1      -            451 6208at5125           -            826   2.2e-20   71.6   0.0   2   3   4.3e-09     1e-06   26.4   0.0   636   712   161   239   153   259 0.81 PHA62_001543
PHA62_001543-T1      -            451 6208at5125           -            826   2.2e-20   71.6   0.0   3   3   1.2e-05    0.0028   15.0   0.0   637   707   288   354   284   363 0.85 PHA62_001543
PHA62_004350-T1      -            786 6208at5125           -            826   4.9e-19   67.1   0.9   1   3   9.7e-08   2.3e-05   21.9   0.1   621   720    31   129    26   135 0.88 PHA62_004350
PHA62_004350-T1      -            786 6208at5125           -            826   4.9e-19   67.1   0.9   2   3   7.9e-09   1.9e-06   25.5   0.0   640   712   150   223   143   236 0.83 PHA62_004350
PHA62_004350-T1      -            786 6208at5125           -            826   4.9e-19   67.1   0.9   3   3   5.4e-06    0.0013   16.1   0.1   458   690   305   377   281   409 0.60 PHA62_004350
PHA62_007197-T1      -            374 6208at5125           -            826   4.1e-16   57.5   3.1   1   3     5e-12   1.2e-09   36.1   0.1   628   711    37   121     2   133 0.81 PHA62_007197
PHA62_007197-T1      -            374 6208at5125           -            826   4.1e-16   57.5   3.1   2   3    0.0016      0.37    8.0   0.1   431   496   207   275   199   285 0.78 PHA62_007197
PHA62_007197-T1      -            374 6208at5125           -            826   4.1e-16   57.5   3.1   3   3   5.7e-05     0.014   12.7   0.0   668   716   298   346   286   357 0.82 PHA62_007197
PHA62_006504-T1      -            553 6208at5125           -            826   1.5e-14   52.3   0.1   1   3   1.5e-07   3.4e-05   21.3   0.1   619   717   148   251   141   259 0.79 PHA62_006504
PHA62_006504-T1      -            553 6208at5125           -            826   1.5e-14   52.3   0.1   2   3   2.9e-09   6.9e-07   26.9   0.0   637   722   269   354   265   359 0.87 PHA62_006504
PHA62_006504-T1      -            553 6208at5125           -            826   1.5e-14   52.3   0.1   3   3      0.58   1.4e+02   -0.5   0.0   648   704   479   533   475   538 0.79 PHA62_006504
PHA62_002711-T1      -            466 6208at5125           -            826   2.6e-14   51.5   0.0   1   3   0.00026     0.061   10.6   0.0   633   709    82   154    67   161 0.87 PHA62_002711
PHA62_002711-T1      -            466 6208at5125           -            826   2.6e-14   51.5   0.0   2   3   2.7e-06   0.00063   17.2   0.0   629   706   198   279   195   284 0.88 PHA62_002711
PHA62_002711-T1      -            466 6208at5125           -            826   2.6e-14   51.5   0.0   3   3   3.6e-07   8.6e-05   20.0   0.0   637   705   368   437   352   455 0.85 PHA62_002711
PHA62_000861-T1      -            421 6208at5125           -            826   7.5e-14   50.0   0.0   1   2   4.6e-10   1.1e-07   29.6   0.0   545   705    59   225    53   234 0.82 PHA62_000861
PHA62_000861-T1      -            421 6208at5125           -            826   7.5e-14   50.0   0.0   2   2   1.2e-06   0.00029   18.3   0.0   636   698   286   344   281   360 0.86 PHA62_000861
PHA62_004791-T1      -            403 6208at5125           -            826   2.6e-13   48.2   0.0   1   1     1e-14   2.4e-12   45.0   0.0   543   712    11   181    10   200 0.78 PHA62_004791
PHA62_001419-T1      -            790 6208at5125           -            826   7.6e-13   46.7   0.0   1   2     1e-06   0.00024   18.5   0.0   541   695   189   340   185   348 0.67 PHA62_001419
PHA62_001419-T1      -            790 6208at5125           -            826   7.6e-13   46.7   0.0   2   2   6.4e-09   1.5e-06   25.8   0.0   585   695   452   565   417   583 0.79 PHA62_001419
PHA62_007118-T1      -            297 6208at5125           -            826   1.9e-12   45.3   0.1   1   1   1.2e-14   2.8e-12   44.8   0.1   637   712   219   296   208   297 0.92 PHA62_007118
PHA62_009388-T1      -            523 6208at5125           -            826   1.2e-11   42.7   0.1   1   2   5.8e-07   0.00014   19.4   0.0   636   685   116   167   105   176 0.84 PHA62_009388
PHA62_009388-T1      -            523 6208at5125           -            826   1.2e-11   42.7   0.1   2   2   1.2e-07   2.7e-05   21.7   0.0   609   687   174   253   166   262 0.80 PHA62_009388
PHA62_004137-T1      -            322 6208at5125           -            826   1.4e-10   39.2   0.0   1   2   1.6e-05    0.0039   14.5   0.0   628   695    10    81     2    96 0.83 PHA62_004137
PHA62_004137-T1      -            322 6208at5125           -            826   1.4e-10   39.2   0.0   2   2     6e-08   1.4e-05   22.6   0.0   632   713   179   271   172   285 0.73 PHA62_004137
PHA62_002506-T1      -            467 6208at5125           -            826   1.8e-10   38.8   0.0   1   1   8.7e-12   2.1e-09   35.3   0.0   556   696   229   386   219   398 0.79 PHA62_002506
PHA62_004983-T1      -            333 6208at5125           -            826   3.9e-10   37.7   0.0   1   1   2.2e-12   5.1e-10   37.3   0.0   624   718    59   155    52   159 0.90 PHA62_004983
PHA62_008019-T1      -            339 6208at5125           -            826   4.5e-10   37.5   0.0   1   1   2.6e-12   6.1e-10   37.1   0.0   621   704   105   189    89   198 0.84 PHA62_008019
PHA62_009718-T1      -            313 6208at5125           -            826   7.1e-10   36.8   0.0   1   1   3.9e-12   9.3e-10   36.4   0.0   623   709    98   186    88   200 0.88 PHA62_009718
PHA62_005553-T1      -            290 6208at5125           -            826   2.9e-09   34.8   0.0   1   1   1.7e-11   3.9e-09   34.4   0.0   635   715     8    90     5   103 0.89 PHA62_005553
PHA62_005753-T1      -            357 6208at5125           -            826   9.4e-09   33.1   0.0   1   1   5.5e-11   1.3e-08   32.6   0.0   633   716   150   235   124   244 0.87 PHA62_005753
PHA62_008159-T1      -            169 6208at5125           -            826   1.3e-08   32.6   0.0   1   1   6.7e-11   1.6e-08   32.4   0.0   634   727    13   104     2   112 0.86 PHA62_008159
PHA62_003951-T1      -            144 6208at5125           -            826   1.8e-08   32.2   0.0   1   1   9.3e-11   2.2e-08   31.9   0.0   636   713    10    92     4   104 0.86 PHA62_003951
PHA62_001453-T1      -            177 6208at5125           -            826   4.4e-08   30.9   0.0   1   1     3e-10   7.1e-08   30.2   0.0   630   708    45   125    31   128 0.89 PHA62_001453
PHA62_008035-T1      -            180 6208at5125           -            826   7.3e-08   30.2   0.1   1   1   3.8e-10   9.1e-08   29.9   0.1   638   707     5    76     2    82 0.87 PHA62_008035
PHA62_007610-T1      -            407 6208at5125           -            826   1.4e-07   29.3   0.7   1   3     0.096        23    2.1   0.0   433   493    48   107    40   123 0.76 PHA62_007610
PHA62_007610-T1      -            407 6208at5125           -            826   1.4e-07   29.3   0.7   2   3     0.027       6.3    3.9   0.0   623   706    73   172    62   207 0.59 PHA62_007610
PHA62_007610-T1      -            407 6208at5125           -            826   1.4e-07   29.3   0.7   3   3     3e-08   7.1e-06   23.6   0.2   633   698   207   274   138   279 0.75 PHA62_007610
PHA62_009275-T1      -            503 6208at5125           -            826   4.3e-07   27.6   0.0   1   2   0.00031     0.073   10.3   0.0   619   696   187   270   181   280 0.78 PHA62_009275
PHA62_009275-T1      -            503 6208at5125           -            826   4.3e-07   27.6   0.0   2   2     1e-05    0.0024   15.3   0.0   635   705   295   365   277   392 0.83 PHA62_009275
PHA62_009382-T1      -            195 6208at5125           -            826   1.1e-06   26.3   0.0   1   1   9.1e-09   2.1e-06   25.3   0.0   633   707    69   144    63   151 0.86 PHA62_009382
PHA62_007369-T1      -            242 6208at5125           -            826   4.2e-06   24.4   0.0   1   2   2.2e-07   5.3e-05   20.7   0.0   637   715    10    91     5   105 0.81 PHA62_007369
PHA62_007369-T1      -            242 6208at5125           -            826   4.2e-06   24.4   0.0   2   2      0.13        31    1.6   0.0   649   706   180   237   169   242 0.68 PHA62_007369
PHA62_010166-T1      -            620 6208at5125           -            826   6.5e-06   23.7   0.0   1   2     0.004      0.95    6.6   0.0   643   698   148   201   140   226 0.81 PHA62_010166
PHA62_010166-T1      -            620 6208at5125           -            826   6.5e-06   23.7   0.0   2   2   1.3e-05    0.0032   14.8   0.0   634   707   320   398   306   416 0.83 PHA62_010166
PHA62_007225-T1      -            798 6208at5125           -            826   1.8e-05   22.3   0.0   1   1   7.5e-08   1.8e-05   22.3   0.0   467   538   383   453   375   459 0.84 PHA62_007225
PHA62_000227-T1      -            247 6208at5125           -            826   2.8e-05   21.7   0.0   1   1   1.5e-07   3.5e-05   21.3   0.0   636   709    68   143    46   163 0.84 PHA62_000227
PHA62_008825-T1      -            377 6208at5125           -            826   5.2e-05   20.7   0.2   1   1   2.9e-07   6.9e-05   20.3   0.2   637   718   235   317   232   327 0.80 PHA62_008825
PHA62_000073-T1      -            482 6208at5125           -            826   0.00023   18.6   0.0   1   1   9.9e-07   0.00023   18.6   0.0   637   711   253   329   249   347 0.87 PHA62_000073
PHA62_003818-T1      -            268 6208at5125           -            826   0.00032   18.1   0.1   1   1   2.1e-06   0.00049   17.5   0.1   471   542     4    75     2    79 0.96 PHA62_003818
PHA62_003649-T1      -            321 6208at5125           -            826   0.00044   17.7   0.0   1   1   2.7e-06   0.00063   17.2   0.0   637   711    35   111    29   122 0.84 PHA62_003649
PHA62_005572-T1      -            578 6208at5125           -            826   0.00071   17.0   0.0   1   3      0.57   1.3e+02   -0.5   0.0   468   531   258   329   252   347 0.74 PHA62_005572
PHA62_005572-T1      -            578 6208at5125           -            826   0.00071   17.0   0.0   2   3      0.12        29    1.7   0.0   639   789   375   443   365   453 0.56 PHA62_005572
PHA62_005572-T1      -            578 6208at5125           -            826   0.00071   17.0   0.0   3   3   0.00019     0.044   11.1   0.0   646   704   500   563   489   572 0.83 PHA62_005572
PHA62_002073-T1      -            814 6208at5125           -            826    0.0016   15.8   0.5   1   2       3.3   7.7e+02   -3.0   0.1   725   769    28    75    21    81 0.75 PHA62_002073
PHA62_002073-T1      -            814 6208at5125           -            826    0.0016   15.8   0.5   2   2   1.1e-05    0.0027   15.1   0.0   632   712   350   425   325   437 0.86 PHA62_002073
PHA62_005661-T1      -            400 6208at5125           -            826    0.0023   15.3   0.1   1   1   1.2e-05    0.0029   15.0   0.1   636   715   103   192    65   197 0.79 PHA62_005661
PHA62_007687-T1      -            234 6208at5125           -            826    0.0035   14.7   0.0   1   1   2.5e-05    0.0059   13.9   0.0   658   707    60   111    43   118 0.83 PHA62_007687
PHA62_006839-T1      -            140 6208at5125           -            826    0.0044   14.4   0.1   1   1   8.8e-05     0.021   12.1   0.1   634   708    36    96    21   100 0.77 PHA62_006839
PHA62_002584-T1      -            201 6208at5125           -            826     0.012   12.9   0.0   1   1   7.2e-05     0.017   12.4   0.0   744   791    50   101    17   127 0.57 PHA62_002584
PHA62_001350-T1      -            670 6208at5125           -            826     0.013   12.8   0.0   1   1   7.6e-05     0.018   12.3   0.0   646   698   469   517   460   524 0.87 PHA62_001350
PHA62_010307-T1      -            370 6208at5125           -            826     0.024   11.9   0.0   1   1   0.00015     0.035   11.4   0.0   474   691   235   285   228   292 0.59 PHA62_010307
PHA62_008428-T1      -            406 6208at5125           -            826      0.03   11.6   3.6   1   3     0.002      0.48    7.6   0.2   159   256    25   115    10   116 0.79 PHA62_008428
PHA62_008428-T1      -            406 6208at5125           -            826      0.03   11.6   3.6   2   3    0.0053       1.2    6.2   0.0    27    80    93   145    89   151 0.82 PHA62_008428
PHA62_008428-T1      -            406 6208at5125           -            826      0.03   11.6   3.6   3   3      0.29        69    0.5   0.1   239   276   166   203   158   207 0.88 PHA62_008428
#
# Program:         hmmsearch
# Version:         3.1b2 (February 2015)
# Pipeline mode:   SEARCH
# Query file:      /home/zack/funannotate_db/hypocreales_odb10/hmms/6208at5125.hmm
# Target file:     /home/zack/Desktop/IsariaPreferralGenome/MyGenomeSubmittedToNCBI/HypocrealesProteinSets/Cjavanica_Apopka_97.proteins.fa
# Option settings: hmmsearch --domtblout /home/zack/Desktop/IsariaPreferralGenome/MyGenomeSubmittedToNCBI/HypocrealesProteinSets/BUSCO_AA_all/BUSCO_AA_Cjavanica_Apopka97/run_hypocreales_odb10/hmmer_output/initial_run_results/6208at5125.out --cpu 1 /home/zack/funannotate_db/hypocreales_odb10/hmms/6208at5125.hmm /home/zack/Desktop/IsariaPreferralGenome/MyGenomeSubmittedToNCBI/HypocrealesProteinSets/Cjavanica_Apopka_97.proteins.fa 
# Current dir:     /home/zack/Desktop/IsariaPreferralGenome/MyGenomeSubmittedToNCBI/HypocrealesProteinSets/BUSCO_AA_all
# Date:            Mon Mar  4 14:57:18 2024
# [ok]
