#                                                                            --- full sequence --- -------------- this domain -------------   hmm coord   ali coord   env coord
# target name        accession   tlen query name           accession   qlen   E-value  score  bias   #  of  c-Evalue  i-Evalue  score  bias  from    to  from    to  from    to  acc description of target
#------------------- ---------- ----- -------------------- ---------- ----- --------- ------ ----- --- --- --------- --------- ------ ----- ----- ----- ----- ----- ----- ----- ---- ---------------------
PHA62_009058-T1      -            925 6258at5125           -            671         0 1180.7   3.5   1   2   1.1e-14   4.8e-12   44.0   0.2     1    66    94   182    94   188 0.78 PHA62_009058
PHA62_009058-T1      -            925 6258at5125           -            671         0 1180.7   3.5   2   2         0         0 1137.5   0.3    60   662   227   903   216   921 0.91 PHA62_009058
PHA62_005362-T1      -           1424 6258at5125           -            671   9.5e-83  277.7   1.1   1   2   2.3e-52     1e-49  168.5   0.5   178   464   537   846   529   859 0.81 PHA62_005362
PHA62_005362-T1      -           1424 6258at5125           -            671   9.5e-83  277.7   1.1   2   2     7e-34   3.2e-31  107.4   0.0   516   660   866  1016   858  1025 0.90 PHA62_005362
PHA62_008723-T1      -           1942 6258at5125           -            671   1.2e-82  277.3   2.5   1   2   4.4e-51     2e-48  164.2   0.9   169   465  1070  1393  1027  1398 0.78 PHA62_008723
PHA62_008723-T1      -           1942 6258at5125           -            671   1.2e-82  277.3   2.5   2   2   3.3e-35   1.5e-32  111.8   0.0   514   657  1666  1814  1659  1822 0.89 PHA62_008723
PHA62_009376-T1      -           1112 6258at5125           -            671   3.5e-78  262.6   0.6   1   2   1.9e-45   8.7e-43  145.6   0.0   185   464   179   467   165   469 0.82 PHA62_009376
PHA62_009376-T1      -           1112 6258at5125           -            671   3.5e-78  262.6   0.6   2   2   3.6e-36   1.6e-33  115.0   0.2   514   657   483   632   477   640 0.88 PHA62_009376
PHA62_001693-T1      -            880 6258at5125           -            671   5.4e-74  248.7   0.7   1   2   8.7e-50   3.9e-47  160.0   0.1   167   440   116   409    35   439 0.78 PHA62_001693
PHA62_001693-T1      -            880 6258at5125           -            671   5.4e-74  248.7   0.7   2   2   9.5e-28   4.3e-25   87.1   0.1   515   655   632   778   626   788 0.85 PHA62_001693
PHA62_005236-T1      -           1626 6258at5125           -            671   1.7e-73  247.1   0.2   1   2   2.6e-42   1.2e-39  135.3   0.0   153   463   415   738   396   753 0.80 PHA62_005236
PHA62_005236-T1      -           1626 6258at5125           -            671   1.7e-73  247.1   0.2   2   2   1.7e-34   7.7e-32  109.4   0.0   515   654   762   907   757   917 0.89 PHA62_005236
PHA62_009952-T1      -           1629 6258at5125           -            671   6.6e-73  245.1   0.4   1   2   4.9e-41   2.2e-38  131.0   0.0   165   463   730  1051   701  1059 0.76 PHA62_009952
PHA62_009952-T1      -           1629 6258at5125           -            671   6.6e-73  245.1   0.4   2   2   3.5e-35   1.6e-32  111.7   0.1   513   653  1309  1455  1303  1466 0.89 PHA62_009952
PHA62_007636-T1      -           1644 6258at5125           -            671   9.4e-69  231.4   0.1   1   2   7.2e-43   3.2e-40  137.1   0.0   189   470   855  1153   842  1162 0.83 PHA62_007636
PHA62_007636-T1      -           1644 6258at5125           -            671   9.4e-69  231.4   0.1   2   2   3.6e-29   1.6e-26   91.8   0.0   518   663  1170  1321  1161  1326 0.86 PHA62_007636
PHA62_005398-T1      -           1901 6258at5125           -            671   1.7e-66  224.0   0.1   1   1   2.8e-68   1.2e-65  221.1   0.1   188   661  1309  1814  1304  1823 0.83 PHA62_005398
PHA62_006461-T1      -           1157 6258at5125           -            671   1.5e-61  207.6   0.0   1   2   1.7e-32   7.7e-30  102.8   0.1   187   470   396   721   386   726 0.74 PHA62_006461
PHA62_006461-T1      -           1157 6258at5125           -            671   1.5e-61  207.6   0.0   2   2   4.8e-30   2.2e-27   94.7   0.0   523   659   739   881   724   887 0.86 PHA62_006461
PHA62_000390-T1      -           1109 6258at5125           -            671   1.1e-53  181.6   0.1   1   2   1.1e-19   4.8e-17   60.5   0.0   205   427   199   445   175   469 0.76 PHA62_000390
PHA62_000390-T1      -           1109 6258at5125           -            671   1.1e-53  181.6   0.1   2   2   8.5e-37   3.8e-34  117.0   0.0   517   655   557   700   544   712 0.88 PHA62_000390
PHA62_002690-T1      -           1358 6258at5125           -            671   2.1e-49  167.5   0.0   1   2     2e-26   9.2e-24   82.7   0.0   190   426   769  1036   745  1083 0.68 PHA62_002690
PHA62_002690-T1      -           1358 6258at5125           -            671   2.1e-49  167.5   0.0   2   2   2.3e-26   1.1e-23   82.6   0.0   513   664  1111  1269  1104  1275 0.84 PHA62_002690
PHA62_004740-T1      -           1221 6258at5125           -            671   1.8e-43  147.8   0.7   1   3   5.5e-13   2.5e-10   38.4   0.0   179   294   415   535   389   562 0.81 PHA62_004740
PHA62_004740-T1      -           1221 6258at5125           -            671   1.8e-43  147.8   0.7   2   3   1.5e-11   6.6e-09   33.7   0.1   305   427   574   698   566   754 0.72 PHA62_004740
PHA62_004740-T1      -           1221 6258at5125           -            671   1.8e-43  147.8   0.7   3   3   2.7e-23   1.2e-20   72.4   0.2   479   654  1005  1190   977  1202 0.79 PHA62_004740
PHA62_003129-T1      -            970 6258at5125           -            671   1.2e-41  141.9   0.3   1   2     1e-24   4.5e-22   77.2   0.0   177   363   356   561   343   567 0.81 PHA62_003129
PHA62_003129-T1      -            970 6258at5125           -            671   1.2e-41  141.9   0.3   2   2   3.1e-20   1.4e-17   62.3   0.0   483   655   767   943   761   956 0.83 PHA62_003129
PHA62_005300-T1      -           1623 6258at5125           -            671   6.7e-41  139.4   0.4   1   1   9.8e-43   4.4e-40  136.7   0.4   202   660   801  1296   779  1303 0.73 PHA62_005300
PHA62_002306-T1      -           1085 6258at5125           -            671   5.4e-38  129.8   0.0   1   3   1.2e-05    0.0052   14.2   0.0   206   243   437   475   435   482 0.85 PHA62_002306
PHA62_002306-T1      -           1085 6258at5125           -            671   5.4e-38  129.8   0.0   2   3   4.4e-15     2e-12   45.3   0.0   233   429   504   700   493   755 0.74 PHA62_002306
PHA62_002306-T1      -           1085 6258at5125           -            671   5.4e-38  129.8   0.0   3   3   1.8e-21     8e-19   66.4   0.0   537   658   932  1058   925  1069 0.87 PHA62_002306
PHA62_003316-T1      -           1118 6258at5125           -            671   6.2e-36  123.0   1.5   1   3   9.4e-05     0.042   11.2   0.1   205   226   478   499   474   506 0.88 PHA62_003316
PHA62_003316-T1      -           1118 6258at5125           -            671   6.2e-36  123.0   1.5   2   3   1.7e-17   7.8e-15   53.2   0.0   220   447   523   769   512   833 0.74 PHA62_003316
PHA62_003316-T1      -           1118 6258at5125           -            671   6.2e-36  123.0   1.5   3   3   2.3e-18     1e-15   56.1   0.0   515   665   946  1102   939  1110 0.84 PHA62_003316
PHA62_003896-T1      -           1029 6258at5125           -            671     1e-31  109.0   0.1   1   2   4.7e-18   2.1e-15   55.1   0.0   188   363   202   411   183   450 0.73 PHA62_003896
PHA62_003896-T1      -           1029 6258at5125           -            671     1e-31  109.0   0.1   2   2   5.8e-17   2.6e-14   51.5   0.1   514   659   811   960   804   970 0.84 PHA62_003896
PHA62_004915-T1      -           1482 6258at5125           -            671   1.5e-16   58.9   0.0   1   2   6.9e-11   3.1e-08   31.4   0.0   203   294   323   435   320   441 0.72 PHA62_004915
PHA62_004915-T1      -           1482 6258at5125           -            671   1.5e-16   58.9   0.0   2   2   1.1e-08   5.1e-06   24.1   0.0   529   648  1244  1361  1226  1377 0.85 PHA62_004915
PHA62_002566-T1      -           1139 6258at5125           -            671   3.7e-13   47.7   0.9   1   3     0.054        25    2.0   0.0   206   225   265   284   258   292 0.81 PHA62_002566
PHA62_002566-T1      -           1139 6258at5125           -            671   3.7e-13   47.7   0.9   2   3   0.00058      0.26    8.5   0.0   236   343   385   499   376   502 0.72 PHA62_002566
PHA62_002566-T1      -           1139 6258at5125           -            671   3.7e-13   47.7   0.9   3   3   1.7e-11   7.8e-09   33.4   0.5   516   646   873  1007   866  1019 0.83 PHA62_002566
PHA62_008746-T1      -            794 6258at5125           -            671     0.015   12.7   0.0   1   2      0.33   1.5e+02   -0.6   0.0   273   366   410   501   350   520 0.66 PHA62_008746
PHA62_008746-T1      -            794 6258at5125           -            671     0.015   12.7   0.0   2   2   0.00015     0.066   10.5   0.0   515   604   545   633   538   677 0.78 PHA62_008746
PHA62_003025-T1      -            575 6258at5125           -            671     0.068   10.5   0.0   1   1   0.00023       0.1    9.9   0.0   521   623   335   440   322   452 0.80 PHA62_003025
PHA62_005318-T1      -            822 6258at5125           -            671     0.072   10.4   0.0   1   1    0.0003      0.13    9.5   0.0   516   603   560   646   555   676 0.82 PHA62_005318
#
# Program:         hmmsearch
# Version:         3.1b2 (February 2015)
# Pipeline mode:   SEARCH
# Query file:      /home/zack/funannotate_db/hypocreales_odb10/hmms/6258at5125.hmm
# Target file:     /home/zack/Desktop/IsariaPreferralGenome/MyGenomeSubmittedToNCBI/HypocrealesProteinSets/Cjavanica_Apopka_97.proteins.fa
# Option settings: hmmsearch --domtblout /home/zack/Desktop/IsariaPreferralGenome/MyGenomeSubmittedToNCBI/HypocrealesProteinSets/BUSCO_AA_all/BUSCO_AA_Cjavanica_Apopka97/run_hypocreales_odb10/hmmer_output/initial_run_results/6258at5125.out --cpu 1 /home/zack/funannotate_db/hypocreales_odb10/hmms/6258at5125.hmm /home/zack/Desktop/IsariaPreferralGenome/MyGenomeSubmittedToNCBI/HypocrealesProteinSets/Cjavanica_Apopka_97.proteins.fa 
# Current dir:     /home/zack/Desktop/IsariaPreferralGenome/MyGenomeSubmittedToNCBI/HypocrealesProteinSets/BUSCO_AA_all
# Date:            Mon Mar  4 14:57:21 2024
# [ok]
