!! Predictions spanning range 3090 - 173288 [R1]
# EVM prediction: Mode:STANDARD S-ratio: 28.41 3090-3470 orient(-) score(110781.00) noncoding_equivalent(3900.00) raw_noncoding(3900.00) offset(0.00) 
3470	3090	single-	4	6	{Augustus_model.g6149.t1;Augustus},{GlimmerHMM_glimmerT_7125-T1;GlimmerHMM}

# EVM prediction: Mode:STANDARD S-ratio: 39.31 5173-5742 orient(+) score(167364.00) noncoding_equivalent(4257.00) raw_noncoding(4257.00) offset(0.00) 
5173	5742	single+	1	3	{GeneMark_model.7178_t;GeneMark}

# EVM prediction: Mode:STANDARD S-ratio: 14.90 15509-17126 orient(-) score(474718.00) noncoding_equivalent(31865.00) raw_noncoding(32467.00) offset(602.00) 
16377	15509	terminal-	5	6	{Augustus_model.g6151.t1;Augustus},{GlimmerHMM_glimmerT_7127-T1;GlimmerHMM},{snap_scaffold_5-snap.925-T1;snap},{GeneMark_model.7179_t;GeneMark}
16444	16378	INTRON			{Augustus_model.g6151.t1;Augustus},{GlimmerHMM_glimmerT_7127-T1;GlimmerHMM},{snap_scaffold_5-snap.925-T1;snap},{GeneMark_model.7179_t;GeneMark}
17126	16445	initial-	4	4	{Augustus_model.g6151.t1;Augustus},{GlimmerHMM_glimmerT_7127-T1;GlimmerHMM},{GeneMark_model.7179_t;GeneMark}

# EVM prediction: Mode:STANDARD S-ratio: 9.15 28559-29507 orient(-) score(280849.00) noncoding_equivalent(30686.00) raw_noncoding(31288.00) offset(602.00) 
29280	28559	terminal-	5	6	{Augustus_model.g6152.t1;Augustus},{snap_scaffold_5-snap.926-T1;snap},{GlimmerHMM_glimmerT_7128-T1;GlimmerHMM},{GeneMark_model.7181_t;GeneMark}
29368	29281	INTRON			{Augustus_model.g6152.t1;Augustus},{snap_scaffold_5-snap.926-T1;snap},{GlimmerHMM_glimmerT_7128-T1;GlimmerHMM},{GeneMark_model.7181_t;GeneMark}
29507	29369	initial-	4	4	{Augustus_model.g6152.t1;Augustus},{GlimmerHMM_glimmerT_7128-T1;GlimmerHMM},{GeneMark_model.7181_t;GeneMark}

# EVM prediction: Mode:STANDARD S-ratio: 5.81 31467-33470 orient(+) score(506682.00) noncoding_equivalent(87149.11) raw_noncoding(124341.00) offset(37191.89) 
31467	32056	initial+	1	2	{GeneMark_model.7182_t;GeneMark}
32057	32135	INTRON			{GeneMark_model.7182_t;GeneMark},{Augustus_model.g6153.t1;Augustus}
32136	32236	internal+	3	1	{GeneMark_model.7182_t;GeneMark},{Augustus_model.g6153.t1;Augustus}
32237	32315	INTRON			{GeneMark_model.7182_t;GeneMark},{Augustus_model.g6153.t1;Augustus}
32316	32485	internal+	2	3	{GeneMark_model.7182_t;GeneMark},{Augustus_model.g6153.t1;Augustus}
32486	32546	INTRON			{GlimmerHMM_glimmerT_7130-T1;GlimmerHMM},{GeneMark_model.7182_t;GeneMark},{Augustus_model.g6153.t1;Augustus}
32547	33470	terminal+	1	3	{GlimmerHMM_glimmerT_7130-T1;GlimmerHMM},{GeneMark_model.7182_t;GeneMark},{Augustus_model.g6153.t1;Augustus}

# EVM prediction: Mode:STANDARD S-ratio: 12.83 34031-35386 orient(+) score(378642.00) noncoding_equivalent(29514.00) raw_noncoding(29514.00) offset(0.00) 
34031	35386	single+	1	3	{GeneMark_model.7183_t;GeneMark},{GlimmerHMM_glimmerT_7131-T1;GlimmerHMM}

# EVM prediction: Mode:STANDARD S-ratio: 48.58 35903-37793 orient(-) score(563067.00) noncoding_equivalent(11590.17) raw_noncoding(17782.00) offset(6191.83) 
37105	35903	terminal-	4	6	{GeneMark_model.7184_t;GeneMark},{GlimmerHMM_glimmerT_7132-T1;GlimmerHMM},{Augustus_model.g6155.t1;Augustus}
37163	37106	INTRON			{GeneMark_model.7184_t;GeneMark},{GlimmerHMM_glimmerT_7132-T1;GlimmerHMM},{Augustus_model.g6155.t1;Augustus}
37793	37164	initial-	4	6	{GeneMark_model.7184_t;GeneMark},{GlimmerHMM_glimmerT_7132-T1;GlimmerHMM}

# EVM prediction: Mode:STANDARD S-ratio: 3.03 41168-43090 orient(-) score(432207.00) noncoding_equivalent(142812.44) raw_noncoding(176703.00) offset(33890.56) 
41984	41168	terminal-	6	6	{Augustus_model.g6156.t1;Augustus},{GeneMark_model.7185_t;GeneMark},{snap_scaffold_5-snap.930-T1;snap}
42071	41985	INTRON			{Augustus_model.g6156.t1;Augustus},{GeneMark_model.7185_t;GeneMark},{snap_scaffold_5-snap.930-T1;snap}
42330	42072	internal-	5	5	{GeneMark_model.7185_t;GeneMark}
42390	42331	INTRON			{GeneMark_model.7185_t;GeneMark}
42513	42391	internal-	5	4	{GeneMark_model.7185_t;GeneMark}
42579	42514	INTRON			{GeneMark_model.7185_t;GeneMark}
43090	42580	initial-	4	4	{GeneMark_model.7185_t;GeneMark}

# EVM prediction: Mode:STANDARD S-ratio: 17.20 44763-48206 orient(+) score(1037560.00) noncoding_equivalent(60325.18) raw_noncoding(62131.18) offset(1806.00) 
44763	44811	initial+	1	1	{GeneMark_model.7186_t;GeneMark},{GlimmerHMM_glimmerT_7134-T1;GlimmerHMM}
44812	44869	INTRON			{GeneMark_model.7186_t;GeneMark},{snap_scaffold_5-snap.931-T1;snap},{Augustus_model.g6157.t1;Augustus},{GlimmerHMM_glimmerT_7134-T1;GlimmerHMM},{ev_type:exonerate/ID=match.2507919.1373/Target=CYPP1_HYPVG;exonerate}
44870	45230	internal+	2	2	{GeneMark_model.7186_t;GeneMark},{snap_scaffold_5-snap.931-T1;snap},{Augustus_model.g6157.t1;Augustus},{GlimmerHMM_glimmerT_7134-T1;GlimmerHMM},{ev_type:exonerate/ID=match.2507919.1373/Target=CYPP1_HYPVG;exonerate}
45231	45292	INTRON			{GeneMark_model.7186_t;GeneMark},{snap_scaffold_5-snap.931-T1;snap},{Augustus_model.g6157.t1;Augustus},{GlimmerHMM_glimmerT_7134-T1;GlimmerHMM},{ev_type:exonerate/ID=match.2507919.1373/Target=CYPP1_HYPVG;exonerate}
45293	47252	internal+	3	3	{GeneMark_model.7186_t;GeneMark},{snap_scaffold_5-snap.931-T1;snap},{Augustus_model.g6157.t1;Augustus},{GlimmerHMM_glimmerT_7134-T1;GlimmerHMM},{ev_type:exonerate/ID=match.2507919.1373/Target=CYPP1_HYPVG;exonerate}
47253	47330	INTRON			{GeneMark_model.7186_t;GeneMark},{snap_scaffold_5-snap.931-T1;snap},{Augustus_model.g6157.t1;Augustus},{GlimmerHMM_glimmerT_7134-T1;GlimmerHMM},{ev_type:exonerate/ID=match.2507919.1373/Target=CYPP1_HYPVG;exonerate}
47331	48206	terminal+	1	3	{GeneMark_model.7186_t;GeneMark},{GlimmerHMM_glimmerT_7134-T1;GlimmerHMM}

# EVM prediction: Mode:STANDARD S-ratio: 1082.60 48862-51237 orient(+) score(714516.00) noncoding_equivalent(660.00) raw_noncoding(660.00) offset(0.00) 
48862	51237	single+	1	3	{GeneMark_model.7187_t;GeneMark},{GlimmerHMM_glimmerT_7135-T1;GlimmerHMM}

# EVM prediction: Mode:STANDARD S-ratio: 1.98 52167-52910 orient(+) score(148800.00) noncoding_equivalent(75144.00) raw_noncoding(75144.00) offset(0.00) 
52167	52910	single+	1	3	{GeneMark_model.7188_t;GeneMark}

# EVM prediction: Mode:STANDARD S-ratio: 10000.00 53277-54098 orient(-) score(247422.00) noncoding_equivalent(24.74) raw_noncoding(0.00) offset(0.00) 
54098	53277	single-	4	6	{GlimmerHMM_glimmerT_7137-T1;GlimmerHMM},{GeneMark_model.7189_t;GeneMark},{Augustus_model.g6158.t1;Augustus}

# EVM prediction: Mode:STANDARD S-ratio: 44.51 54856-57214 orient(-) score(710059.00) noncoding_equivalent(15953.00) raw_noncoding(16555.00) offset(602.00) 
55811	54856	terminal-	5	6	{GlimmerHMM_glimmerT_7138-T1;GlimmerHMM},{GeneMark_model.7190_t;GeneMark},{snap_scaffold_5-snap.933-T1;snap},{Augustus_model.g6159.t1;Augustus}
55866	55812	INTRON			{GlimmerHMM_glimmerT_7138-T1;GlimmerHMM},{GeneMark_model.7190_t;GeneMark},{snap_scaffold_5-snap.933-T1;snap},{Augustus_model.g6159.t1;Augustus}
57214	55867	initial-	4	4	{GlimmerHMM_glimmerT_7138-T1;GlimmerHMM},{GeneMark_model.7190_t;GeneMark},{Augustus_model.g6159.t1;Augustus}

# EVM prediction: Mode:STANDARD S-ratio: 92.77 58685-59221 orient(+) score(159724.00) noncoding_equivalent(1721.67) raw_noncoding(1721.67) offset(0.00) 
58685	59221	single+	1	3	{GeneMark_model.7191_t;GeneMark}

# EVM prediction: Mode:STANDARD S-ratio: 1.98 60352-60783 orient(-) score(86400.00) noncoding_equivalent(43632.00) raw_noncoding(43632.00) offset(0.00) 
60783	60352	single-	4	6	{GeneMark_model.7192_t;GeneMark},{GlimmerHMM_glimmerT_7140-T1;GlimmerHMM}

# EVM prediction: Mode:STANDARD S-ratio: 7.16 62276-64694 orient(+) score(671212.00) noncoding_equivalent(93789.29) raw_noncoding(95062.00) offset(1272.71) 
62276	63002	initial+	1	1	{GeneMark_model.7193_t;GeneMark}
63003	63057	INTRON			{snap_scaffold_5-snap.935-T1;snap},{Augustus_model.g6161.t1;Augustus},{GlimmerHMM_glimmerT_7141-T1;GlimmerHMM},{GeneMark_model.7193_t;GeneMark}
63058	63932	internal+	2	3	{snap_scaffold_5-snap.935-T1;snap},{GlimmerHMM_glimmerT_7141-T1;GlimmerHMM},{GeneMark_model.7193_t;GeneMark}
63933	64004	INTRON			{snap_scaffold_5-snap.935-T1;snap},{GlimmerHMM_glimmerT_7141-T1;GlimmerHMM},{GeneMark_model.7193_t;GeneMark}
64005	64694	terminal+	1	3	{snap_scaffold_5-snap.935-T1;snap},{Augustus_model.g6161.t1;Augustus},{GlimmerHMM_glimmerT_7141-T1;GlimmerHMM},{GeneMark_model.7193_t;GeneMark}

# EVM prediction: Mode:STANDARD S-ratio: 2.69 64806-65557 orient(-) score(206000.00) noncoding_equivalent(76559.65) raw_noncoding(88752.00) offset(12192.35) 
64883	64806	terminal-	4	6	{GlimmerHMM_glimmerT_7142-T1;GlimmerHMM},{snap_scaffold_5-snap.936-T1;snap},{GeneMark_model.7194_t;GeneMark}
64934	64884	INTRON			{GlimmerHMM_glimmerT_7142-T1;GlimmerHMM},{snap_scaffold_5-snap.936-T1;snap},{GeneMark_model.7194_t;GeneMark}
65056	64935	internal-	5	6	{GlimmerHMM_glimmerT_7142-T1;GlimmerHMM},{snap_scaffold_5-snap.936-T1;snap},{GeneMark_model.7194_t;GeneMark}
65169	65057	INTRON			{GlimmerHMM_glimmerT_7142-T1;GlimmerHMM},{snap_scaffold_5-snap.936-T1;snap},{GeneMark_model.7194_t;GeneMark}
65269	65170	internal-	4	4	{GlimmerHMM_glimmerT_7142-T1;GlimmerHMM},{snap_scaffold_5-snap.936-T1;snap},{GeneMark_model.7194_t;GeneMark}
65325	65270	INTRON			{GlimmerHMM_glimmerT_7142-T1;GlimmerHMM},{snap_scaffold_5-snap.936-T1;snap},{GeneMark_model.7194_t;GeneMark}
65430	65326	internal-	4	6	{GeneMark_model.7194_t;GeneMark}
65506	65431	INTRON			{GeneMark_model.7194_t;GeneMark}
65557	65507	initial-	4	6	{GeneMark_model.7194_t;GeneMark}

# EVM prediction: Mode:STANDARD S-ratio: 174.67 66979-67215 orient(+) score(70933.00) noncoding_equivalent(406.09) raw_noncoding(406.09) offset(0.00) 
66979	67215	single+	1	3	{GeneMark_model.7195_t;GeneMark}

# EVM prediction: Mode:STANDARD S-ratio: 9.82 70439-72928 orient(+) score(715190.00) noncoding_equivalent(72835.55) raw_noncoding(96196.62) offset(23361.06) 
70439	70682	initial+	1	1	{GlimmerHMM_glimmerT_7144-T1;GlimmerHMM},{Augustus_model.g6163.t1;Augustus},{GeneMark_model.7196_t;GeneMark}
70683	70786	INTRON			{GlimmerHMM_glimmerT_7144-T1;GlimmerHMM},{Augustus_model.g6163.t1;Augustus},{GeneMark_model.7196_t;GeneMark}
70787	70843	internal+	2	1	{GlimmerHMM_glimmerT_7144-T1;GlimmerHMM},{Augustus_model.g6163.t1;Augustus},{GeneMark_model.7196_t;GeneMark}
70844	70900	INTRON			{GlimmerHMM_glimmerT_7144-T1;GlimmerHMM},{Augustus_model.g6163.t1;Augustus},{GeneMark_model.7196_t;GeneMark}
70901	71227	internal+	2	1	{GlimmerHMM_glimmerT_7144-T1;GlimmerHMM},{Augustus_model.g6163.t1;Augustus},{GeneMark_model.7196_t;GeneMark}
71228	71285	INTRON			{GlimmerHMM_glimmerT_7144-T1;GlimmerHMM},{Augustus_model.g6163.t1;Augustus},{GeneMark_model.7196_t;GeneMark}
71286	72666	internal+	2	2	{snap_scaffold_5-snap.938-T1;snap},{GlimmerHMM_glimmerT_7144-T1;GlimmerHMM},{Augustus_model.g6163.t1;Augustus},{GeneMark_model.7196_t;GeneMark}
72667	72726	INTRON			{snap_scaffold_5-snap.938-T1;snap},{GlimmerHMM_glimmerT_7144-T1;GlimmerHMM},{Augustus_model.g6163.t1;Augustus},{GeneMark_model.7196_t;GeneMark}
72727	72928	terminal+	3	3	{snap_scaffold_5-snap.938-T1;snap},{GlimmerHMM_glimmerT_7144-T1;GlimmerHMM},{Augustus_model.g6163.t1;Augustus},{GeneMark_model.7196_t;GeneMark}

# EVM prediction: Mode:STANDARD S-ratio: 2.14 73295-76744 orient(-) score(693211.00) noncoding_equivalent(323937.02) raw_noncoding(323937.02) offset(0.00) 
76744	73295	single-	4	6	{GeneMark_model.7197_t;GeneMark},{GlimmerHMM_glimmerT_7145-T1;GlimmerHMM}

# EVM prediction: Mode:STANDARD S-ratio: 5.97 77377-78727 orient(-) score(400638.00) noncoding_equivalent(67055.04) raw_noncoding(69263.04) offset(2208.00) 
77580	77377	terminal-	4	6	{GlimmerHMM_glimmerT_7146-T1;GlimmerHMM},{snap_scaffold_5-snap.940-T1;snap},{GeneMark_model.7198_t;GeneMark}
77655	77581	INTRON			{GlimmerHMM_glimmerT_7146-T1;GlimmerHMM},{snap_scaffold_5-snap.940-T1;snap},{Augustus_model.g6164.t1;Augustus},{GeneMark_model.7198_t;GeneMark}
77757	77656	internal-	4	6	{snap_scaffold_5-snap.940-T1;snap},{Augustus_model.g6164.t1;Augustus},{GeneMark_model.7198_t;GeneMark}
77817	77758	INTRON			{snap_scaffold_5-snap.940-T1;snap},{Augustus_model.g6164.t1;Augustus},{GeneMark_model.7198_t;GeneMark}
78189	77818	internal-	4	6	{snap_scaffold_5-snap.940-T1;snap},{Augustus_model.g6164.t1;Augustus},{GeneMark_model.7198_t;GeneMark}
78245	78190	INTRON			{GlimmerHMM_glimmerT_7146-T1;GlimmerHMM},{snap_scaffold_5-snap.940-T1;snap},{Augustus_model.g6164.t1;Augustus},{GeneMark_model.7198_t;GeneMark}
78584	78246	internal-	4	6	{GlimmerHMM_glimmerT_7146-T1;GlimmerHMM},{snap_scaffold_5-snap.940-T1;snap},{Augustus_model.g6164.t1;Augustus},{GeneMark_model.7198_t;GeneMark}
78643	78585	INTRON			{GlimmerHMM_glimmerT_7146-T1;GlimmerHMM},{snap_scaffold_5-snap.940-T1;snap},{Augustus_model.g6164.t1;Augustus},{GeneMark_model.7198_t;GeneMark}
78727	78644	initial-	4	6	{GlimmerHMM_glimmerT_7146-T1;GlimmerHMM},{Augustus_model.g6164.t1;Augustus},{GeneMark_model.7198_t;GeneMark}

# EVM prediction: Mode:STANDARD S-ratio: 10.71 81773-82670 orient(+) score(256493.00) noncoding_equivalent(23938.92) raw_noncoding(34004.71) offset(10065.79) 
81773	82092	initial+	1	2	{GeneMark_model.7199_t;GeneMark},{GlimmerHMM_glimmerT_7147-T1;GlimmerHMM},{Augustus_model.g6165.t1;Augustus}
82093	82189	INTRON			{GeneMark_model.7199_t;GeneMark},{GlimmerHMM_glimmerT_7147-T1;GlimmerHMM},{Augustus_model.g6165.t1;Augustus},{ev_type:exonerate/ID=match.2507919.350/Target=MTDH_HYPJE;exonerate}
82190	82670	terminal+	3	3	{GeneMark_model.7199_t;GeneMark},{GlimmerHMM_glimmerT_7147-T1;GlimmerHMM},{Augustus_model.g6165.t1;Augustus}

# EVM prediction: Mode:STANDARD S-ratio: 6.91 84902-87678 orient(+) score(738396.00) noncoding_equivalent(106851.42) raw_noncoding(155026.76) offset(48175.33) 
84902	85028	initial+	1	1	{Augustus_model.g6166.t1;Augustus},{GeneMark_model.7200_t;GeneMark}
85029	85086	INTRON			{Augustus_model.g6166.t1;Augustus},{GeneMark_model.7200_t;GeneMark}
85087	85116	internal+	2	1	{Augustus_model.g6166.t1;Augustus},{GeneMark_model.7200_t;GeneMark}
85117	85173	INTRON			{GeneMark_model.7200_t;GeneMark}
85174	85245	internal+	2	1	{GeneMark_model.7200_t;GeneMark}
85246	85314	INTRON			{Augustus_model.g6166.t1;Augustus},{GeneMark_model.7200_t;GeneMark}
85315	85355	internal+	2	3	{snap_scaffold_5-snap.942-T1;snap},{Augustus_model.g6166.t1;Augustus},{GeneMark_model.7200_t;GeneMark}
85356	85413	INTRON			{snap_scaffold_5-snap.942-T1;snap},{Augustus_model.g6166.t1;Augustus},{GeneMark_model.7200_t;GeneMark}
85414	86209	internal+	1	1	{GlimmerHMM_glimmerT_7148-T1;GlimmerHMM},{snap_scaffold_5-snap.942-T1;snap},{Augustus_model.g6166.t1;Augustus},{GeneMark_model.7200_t;GeneMark}
86210	86262	INTRON			{GlimmerHMM_glimmerT_7148-T1;GlimmerHMM},{Augustus_model.g6166.t1;Augustus},{GeneMark_model.7200_t;GeneMark}
86263	86571	internal+	2	1	{GlimmerHMM_glimmerT_7148-T1;GlimmerHMM},{Augustus_model.g6166.t1;Augustus},{GeneMark_model.7200_t;GeneMark}
86572	86629	INTRON			{GlimmerHMM_glimmerT_7148-T1;GlimmerHMM},{snap_scaffold_5-snap.942-T1;snap},{Augustus_model.g6166.t1;Augustus},{GeneMark_model.7200_t;GeneMark}
86630	87678	terminal+	2	3	{GlimmerHMM_glimmerT_7148-T1;GlimmerHMM},{snap_scaffold_5-snap.942-T1;snap},{Augustus_model.g6166.t1;Augustus},{GeneMark_model.7200_t;GeneMark}

# EVM prediction: Mode:STANDARD S-ratio: 23.35 88071-89162 orient(-) score(315192.00) noncoding_equivalent(13500.00) raw_noncoding(13500.00) offset(0.00) 
89162	88071	single-	4	6	{Augustus_model.g6167.t1;Augustus},{GlimmerHMM_glimmerT_7149-T1;GlimmerHMM},{GeneMark_model.7201_t;GeneMark}

# EVM prediction: Mode:STANDARD S-ratio: 10.78 91082-92432 orient(+) score(370634.00) noncoding_equivalent(34375.78) raw_noncoding(57915.31) offset(23539.52) 
91082	91849	initial+	1	3	{GeneMark_model.7202_t;GeneMark}
91850	91955	INTRON			{GeneMark_model.7202_t;GeneMark},{Augustus_model.g6168.t1;Augustus}
91956	92294	internal+	1	3	{GeneMark_model.7202_t;GeneMark},{GlimmerHMM_glimmerT_7150-T1;GlimmerHMM}
92295	92387	INTRON			{GeneMark_model.7202_t;GeneMark},{snap_scaffold_5-snap.944-T1;snap}
92388	92432	terminal+	1	3	{GeneMark_model.7202_t;GeneMark},{Augustus_model.g6168.t1;Augustus},{snap_scaffold_5-snap.944-T1;snap}

# EVM prediction: Mode:STANDARD S-ratio: 5.54 93067-94545 orient(+) score(411679.00) noncoding_equivalent(74370.40) raw_noncoding(91755.00) offset(17384.60) 
93067	93202	initial+	1	1	{GlimmerHMM_glimmerT_7151-T1;GlimmerHMM},{Augustus_model.g6169.t1;Augustus},{GeneMark_model.7203_t;GeneMark}
93203	93287	INTRON			{Augustus_model.g6169.t1;Augustus},{GeneMark_model.7203_t;GeneMark}
93288	93523	internal+	2	3	{Augustus_model.g6169.t1;Augustus},{GeneMark_model.7203_t;GeneMark}
93524	93583	INTRON			{GlimmerHMM_glimmerT_7151-T1;GlimmerHMM},{Augustus_model.g6169.t1;Augustus},{snap_scaffold_5-snap.945-T1;snap},{GeneMark_model.7203_t;GeneMark}
93584	93777	internal+	1	2	{GlimmerHMM_glimmerT_7151-T1;GlimmerHMM},{Augustus_model.g6169.t1;Augustus},{snap_scaffold_5-snap.945-T1;snap},{GeneMark_model.7203_t;GeneMark}
93778	93823	INTRON			{GlimmerHMM_glimmerT_7151-T1;GlimmerHMM},{Augustus_model.g6169.t1;Augustus},{snap_scaffold_5-snap.945-T1;snap},{GeneMark_model.7203_t;GeneMark}
93824	94166	internal+	3	3	{GlimmerHMM_glimmerT_7151-T1;GlimmerHMM},{Augustus_model.g6169.t1;Augustus},{snap_scaffold_5-snap.945-T1;snap},{GeneMark_model.7203_t;GeneMark}
94167	94230	INTRON			{GlimmerHMM_glimmerT_7151-T1;GlimmerHMM},{Augustus_model.g6169.t1;Augustus},{snap_scaffold_5-snap.945-T1;snap},{GeneMark_model.7203_t;GeneMark}
94231	94545	terminal+	1	3	{GlimmerHMM_glimmerT_7151-T1;GlimmerHMM},{Augustus_model.g6169.t1;Augustus},{snap_scaffold_5-snap.945-T1;snap},{GeneMark_model.7203_t;GeneMark}

# EVM prediction: Mode:STANDARD S-ratio: 9.71 95259-96851 orient(-) score(445848.00) noncoding_equivalent(45893.95) raw_noncoding(58971.00) offset(13077.05) 
96507	95259	terminal-	6	6	{snap_scaffold_5-snap.946-T1;snap},{GlimmerHMM_glimmerT_7152-T1;GlimmerHMM},{Augustus_model.g6170.t1;Augustus},{GeneMark_model.7204_t;GeneMark}
96568	96508	INTRON			{GlimmerHMM_glimmerT_7152-T1;GlimmerHMM},{Augustus_model.g6170.t1;Augustus},{GeneMark_model.7204_t;GeneMark}
96668	96569	internal-	5	5	{GlimmerHMM_glimmerT_7152-T1;GlimmerHMM},{Augustus_model.g6170.t1;Augustus},{GeneMark_model.7204_t;GeneMark}
96733	96669	INTRON			{GlimmerHMM_glimmerT_7152-T1;GlimmerHMM},{Augustus_model.g6170.t1;Augustus},{GeneMark_model.7204_t;GeneMark}
96851	96734	initial-	4	4	{GlimmerHMM_glimmerT_7152-T1;GlimmerHMM},{GeneMark_model.7204_t;GeneMark}

# EVM prediction: Mode:STANDARD S-ratio: 20.37 98937-100655 orient(-) score(493203.00) noncoding_equivalent(24216.00) raw_noncoding(24216.00) offset(0.00) 
100655	98937	single-	4	6	{GeneMark_model.7205_t;GeneMark},{GlimmerHMM_glimmerT_7153-T1;GlimmerHMM}

# EVM prediction: Mode:STANDARD S-ratio: 18.00 101625-104964 orient(-) score(963340.00) noncoding_equivalent(53504.03) raw_noncoding(79741.64) offset(26237.61) 
104550	101625	terminal-	6	6	{GlimmerHMM_glimmerT_7154-T1;GlimmerHMM},{Augustus_model.g6172.t1;Augustus},{snap_scaffold_5-snap.948-T1;snap},{GeneMark_model.7206_t;GeneMark}
104634	104551	INTRON			{GlimmerHMM_glimmerT_7154-T1;GlimmerHMM},{Augustus_model.g6172.t1;Augustus},{snap_scaffold_5-snap.948-T1;snap},{GeneMark_model.7206_t;GeneMark}
104754	104635	internal-	6	5	{GlimmerHMM_glimmerT_7154-T1;GlimmerHMM},{Augustus_model.g6172.t1;Augustus},{snap_scaffold_5-snap.948-T1;snap},{GeneMark_model.7206_t;GeneMark}
104813	104755	INTRON			{Augustus_model.g6172.t1;Augustus},{GeneMark_model.7206_t;GeneMark}
104853	104814	internal-	5	5	{Augustus_model.g6172.t1;Augustus},{GeneMark_model.7206_t;GeneMark}
104927	104854	INTRON			{Augustus_model.g6172.t1;Augustus},{GeneMark_model.7206_t;GeneMark}
104964	104928	initial-	4	4	{Augustus_model.g6172.t1;Augustus},{GeneMark_model.7206_t;GeneMark}

# EVM prediction: Mode:STANDARD S-ratio: 5.26 106420-107487 orient(-) score(270500.00) noncoding_equivalent(51415.53) raw_noncoding(73770.96) offset(22355.43) 
107156	106420	terminal-	5	6	{GeneMark_model.7207_t;GeneMark}
107243	107157	INTRON			{GlimmerHMM_glimmerT_7154-T1;GlimmerHMM},{GeneMark_model.7207_t;GeneMark}
107342	107244	internal-	5	4	{GlimmerHMM_glimmerT_7154-T1;GlimmerHMM},{GeneMark_model.7207_t;GeneMark}
107420	107343	INTRON			{GeneMark_model.7207_t;GeneMark}
107487	107421	initial-	4	4	{GeneMark_model.7207_t;GeneMark}

# EVM prediction: Mode:STANDARD S-ratio: 12.44 111161-111650 orient(-) score(141200.00) noncoding_equivalent(11347.34) raw_noncoding(17283.10) offset(5935.76) 
111592	111161	terminal-	4	6	{GlimmerHMM_glimmerT_7155-T1;GlimmerHMM},{GeneMark_model.7209_t;GeneMark},{snap_scaffold_5-snap.950-T1;snap}
111647	111593	INTRON			{GlimmerHMM_glimmerT_7155-T1;GlimmerHMM},{GeneMark_model.7209_t;GeneMark}
111650	111648	initial-	4	6	{GlimmerHMM_glimmerT_7155-T1;GlimmerHMM},{GeneMark_model.7209_t;GeneMark}

# EVM prediction: Mode:STANDARD S-ratio: 3.22 112150-113059 orient(+) score(269600.00) noncoding_equivalent(83849.84) raw_noncoding(84715.84) offset(866.00) 
112150	112594	initial+	1	1	{GlimmerHMM_glimmerT_7156-T1;GlimmerHMM},{GeneMark_model.7210_t;GeneMark}
112595	112862	INTRON			{snap_scaffold_5-snap.951-T1;snap},{GlimmerHMM_glimmerT_7156-T1;GlimmerHMM},{GeneMark_model.7210_t;GeneMark}
112863	113059	terminal+	2	3	{snap_scaffold_5-snap.951-T1;snap},{GeneMark_model.7210_t;GeneMark}

# EVM prediction: Mode:STANDARD S-ratio: 14.55 114990-116369 orient(+) score(411600.00) noncoding_equivalent(28298.00) raw_noncoding(28980.00) offset(682.00) 
114990	115468	initial+	1	2	{GeneMark_model.7211_t;GeneMark}
115469	115552	INTRON			{snap_scaffold_5-snap.952-T1;snap},{GeneMark_model.7211_t;GeneMark},{GlimmerHMM_glimmerT_7157-T1;GlimmerHMM}
115553	116369	terminal+	3	3	{snap_scaffold_5-snap.952-T1;snap},{GeneMark_model.7211_t;GeneMark},{GlimmerHMM_glimmerT_7157-T1;GlimmerHMM}

# EVM prediction: Mode:STANDARD S-ratio: 5.48 116881-117609 orient(-) score(218700.00) noncoding_equivalent(39898.00) raw_noncoding(41229.00) offset(1331.00) 
117198	116881	terminal-	4	6	{GeneMark_model.7212_t;GeneMark},{GlimmerHMM_glimmerT_7158-T1;GlimmerHMM},{snap_scaffold_5-snap.953-T1;snap}
117273	117199	INTRON			{GeneMark_model.7212_t;GeneMark},{GlimmerHMM_glimmerT_7158-T1;GlimmerHMM},{snap_scaffold_5-snap.953-T1;snap}
117396	117274	internal-	4	6	{GeneMark_model.7212_t;GeneMark},{GlimmerHMM_glimmerT_7158-T1;GlimmerHMM},{snap_scaffold_5-snap.953-T1;snap}
117456	117397	INTRON			{GeneMark_model.7212_t;GeneMark},{GlimmerHMM_glimmerT_7158-T1;GlimmerHMM},{snap_scaffold_5-snap.953-T1;snap}
117609	117457	initial-	4	6	{GeneMark_model.7212_t;GeneMark},{GlimmerHMM_glimmerT_7158-T1;GlimmerHMM}

# EVM prediction: Mode:STANDARD S-ratio: 300.00 118930-119856 orient(-) score(278100.00) noncoding_equivalent(927.00) raw_noncoding(927.00) offset(0.00) 
119856	118930	single-	4	6	{GeneMark_model.7213_t;GeneMark},{GlimmerHMM_glimmerT_7159-T1;GlimmerHMM}

# EVM prediction: Mode:STANDARD S-ratio: 1.87 121566-122580 orient(+) score(191500.00) noncoding_equivalent(102402.00) raw_noncoding(122215.00) offset(19813.00) 
121566	121813	initial+	1	2	{GlimmerHMM_glimmerT_7160-T1;GlimmerHMM}
121814	121928	INTRON			{GlimmerHMM_glimmerT_7160-T1;GlimmerHMM}
121929	122580	terminal+	3	3	{GeneMark_model.7214_t;GeneMark},{GlimmerHMM_glimmerT_7160-T1;GlimmerHMM}

# EVM prediction: Mode:STANDARD S-ratio: 9.75 122838-125385 orient(-) score(761700.00) noncoding_equivalent(78112.58) raw_noncoding(80757.58) offset(2645.00) 
124396	122838	terminal-	5	6	{snap_scaffold_5-snap.955-T1;snap},{GeneMark_model.7215_t;GeneMark},{GlimmerHMM_glimmerT_7161-T1;GlimmerHMM}
124458	124397	INTRON			{snap_scaffold_5-snap.955-T1;snap},{GeneMark_model.7215_t;GeneMark},{GlimmerHMM_glimmerT_7161-T1;GlimmerHMM}
124579	124459	internal-	4	4	{snap_scaffold_5-snap.955-T1;snap},{GeneMark_model.7215_t;GeneMark},{GlimmerHMM_glimmerT_7161-T1;GlimmerHMM}
124649	124580	INTRON			{snap_scaffold_5-snap.955-T1;snap},{GeneMark_model.7215_t;GeneMark},{GlimmerHMM_glimmerT_7161-T1;GlimmerHMM}
124738	124650	internal-	5	6	{snap_scaffold_5-snap.955-T1;snap},{GeneMark_model.7215_t;GeneMark},{GlimmerHMM_glimmerT_7161-T1;GlimmerHMM}
124800	124739	INTRON			{snap_scaffold_5-snap.955-T1;snap},{GeneMark_model.7215_t;GeneMark},{GlimmerHMM_glimmerT_7161-T1;GlimmerHMM}
124989	124801	internal-	5	4	{snap_scaffold_5-snap.955-T1;snap},{GeneMark_model.7215_t;GeneMark},{GlimmerHMM_glimmerT_7161-T1;GlimmerHMM}
125048	124990	INTRON			{snap_scaffold_5-snap.955-T1;snap},{GeneMark_model.7215_t;GeneMark},{GlimmerHMM_glimmerT_7161-T1;GlimmerHMM}
125385	125049	initial-	4	4	{GeneMark_model.7215_t;GeneMark}

# EVM prediction: Mode:STANDARD S-ratio: 9.26 130188-132207 orient(+) score(565900.00) noncoding_equivalent(61126.00) raw_noncoding(79420.00) offset(18294.00) 
130188	130392	initial+	1	1	{GlimmerHMM_glimmerT_7162-T1;GlimmerHMM},{GeneMark_model.7216_t;GeneMark}
130393	130588	INTRON			{GlimmerHMM_glimmerT_7162-T1;GlimmerHMM},{GeneMark_model.7216_t;GeneMark}
130589	132207	terminal+	2	3	{GlimmerHMM_glimmerT_7162-T1;GlimmerHMM},{GeneMark_model.7216_t;GeneMark}

# EVM prediction: Mode:STANDARD S-ratio: 1.90 132604-133441 orient(-) score(160300.00) noncoding_equivalent(84567.00) raw_noncoding(91938.00) offset(7371.00) 
132614	132604	terminal-	5	6	{GeneMark_model.7217_t;GeneMark}
132687	132615	INTRON			{GeneMark_model.7217_t;GeneMark}
133441	132688	initial-	4	4	{GeneMark_model.7217_t;GeneMark}

# EVM prediction: Mode:STANDARD S-ratio: 16.91 134554-137861 orient(-) score(951600.00) noncoding_equivalent(56265.25) raw_noncoding(68708.00) offset(12442.75) 
136714	134554	terminal-	6	6	{GlimmerHMM_glimmerT_7164-T1;GlimmerHMM},{GeneMark_model.7218_t;GeneMark}
136772	136715	INTRON			{GlimmerHMM_glimmerT_7164-T1;GlimmerHMM},{GeneMark_model.7218_t;GeneMark}
136848	136773	internal-	5	5	{GlimmerHMM_glimmerT_7164-T1;GlimmerHMM},{GeneMark_model.7218_t;GeneMark}
136918	136849	INTRON			{GlimmerHMM_glimmerT_7164-T1;GlimmerHMM},{GeneMark_model.7218_t;GeneMark}
137861	136919	initial-	4	4	{GlimmerHMM_glimmerT_7164-T1;GlimmerHMM},{GeneMark_model.7218_t;GeneMark}

# EVM prediction: Mode:STANDARD S-ratio: 300.00 142384-143130 orient(+) score(224100.00) noncoding_equivalent(747.00) raw_noncoding(747.00) offset(0.00) 
142384	143130	single+	1	3	{GeneMark_model.7219_t;GeneMark},{GlimmerHMM_glimmerT_7165-T1;GlimmerHMM}

# EVM prediction: Mode:STANDARD S-ratio: 92.56 153012-155717 orient(-) score(805800.00) noncoding_equivalent(8706.00) raw_noncoding(8706.00) offset(0.00) 
155717	153012	single-	4	6	{GeneMark_model.7220_t;GeneMark}

# EVM prediction: Mode:STANDARD S-ratio: 54.38 160790-162272 orient(-) score(433300.00) noncoding_equivalent(7968.65) raw_noncoding(17786.18) offset(9817.52) 
162214	160790	terminal-	4	6	{GeneMark_model.7221_t;GeneMark},{snap_scaffold_5-snap.960-T1;snap},{GlimmerHMM_glimmerT_7168-T1;GlimmerHMM}
162263	162215	INTRON			{snap_scaffold_5-snap.960-T1;snap}
162272	162264	initial-	4	6	{snap_scaffold_5-snap.960-T1;snap}

# EVM prediction: Mode:STANDARD S-ratio: 8.24 163209-165192 orient(-) score(537200.00) noncoding_equivalent(65229.44) raw_noncoding(71005.58) offset(5776.14) 
164005	163209	terminal-	5	6	{snap_scaffold_5-snap.961-T1;snap},{GeneMark_model.7222_t;GeneMark}
164060	164006	INTRON			{snap_scaffold_5-snap.961-T1;snap},{GeneMark_model.7222_t;GeneMark}
165192	164061	initial-	4	4	{GeneMark_model.7222_t;GeneMark}

# EVM prediction: Mode:STANDARD S-ratio: 300.00 166566-167426 orient(+) score(258300.00) noncoding_equivalent(861.00) raw_noncoding(861.00) offset(0.00) 
166566	167426	single+	1	3	{GeneMark_model.7223_t;GeneMark},{GlimmerHMM_glimmerT_7169-T1;GlimmerHMM}

# EVM prediction: Mode:STANDARD S-ratio: 1.98 172329-173288 orient(-) score(192000.00) noncoding_equivalent(96960.00) raw_noncoding(96960.00) offset(0.00) 
173288	172329	single-	4	6	{GeneMark_model.7225_t;GeneMark},{GlimmerHMM_glimmerT_7170-T1;GlimmerHMM}

