# Eukaryotic GeneMark.hmm version 3.68_lic
# Sequence name: /home/zack/Desktop/IsariaPreferralGenome/MyGenomeSubmittedToNCBI/HypocrealesProteinSets/GENOMES/CcateniannulataMBC234/FunannotatePredict/predict_misc/genemark/output/data/dna.fa_579
# FASTA defline: >dna.fa_579	579_dna	1	5419
# Sequence length: 5419 bp
# G+C content: 54.05%
# Matrices file: /home/zack/Desktop/IsariaPreferralGenome/MyGenomeSubmittedToNCBI/HypocrealesProteinSets/GENOMES/CcateniannulataMBC234/FunannotatePredict/predict_misc/genemark/output/gmhmm.mod
# Sun Mar  3 17:59:55 2024
# FASTA definition line: >dna.fa_579	579_dna	1	5419
# sequence-region 579_dna 1 5419
579_dna	GeneMark.hmm3	gene	18	278	.	+	.	gene_id "1_g"; transcript_id "1_t";
579_dna	GeneMark.hmm3	mRNA	18	278	.	+	.	gene_id "1_g"; transcript_id "1_t";
579_dna	GeneMark.hmm3	start_codon	18	20	.	+	0	gene_id "1_g"; transcript_id "1_t";
579_dna	GeneMark.hmm3	CDS	18	278	.	+	0	gene_id "1_g"; transcript_id "1_t"; cds_type "Single"; count "1_1";
579_dna	GeneMark.hmm3	stop_codon	276	278	.	+	0	gene_id "1_g"; transcript_id "1_t";
579_dna	GeneMark.hmm3	gene	688	1324	.	-	.	gene_id "2_g"; transcript_id "2_t";
579_dna	GeneMark.hmm3	mRNA	688	1324	.	-	.	gene_id "2_g"; transcript_id "2_t";
579_dna	GeneMark.hmm3	stop_codon	688	690	.	-	0	gene_id "2_g"; transcript_id "2_t";
579_dna	GeneMark.hmm3	CDS	688	891	.	-	0	gene_id "2_g"; transcript_id "2_t"; cds_type "Terminal"; count "3_3";
579_dna	GeneMark.hmm3	intron	892	949	.	-	0	gene_id "2_g"; transcript_id "2_t";
579_dna	GeneMark.hmm3	CDS	950	1012	.	-	0	gene_id "2_g"; transcript_id "2_t"; cds_type "Internal"; count "2_3";
579_dna	GeneMark.hmm3	intron	1013	1102	.	-	0	gene_id "2_g"; transcript_id "2_t";
579_dna	GeneMark.hmm3	CDS	1103	1324	.	-	0	gene_id "2_g"; transcript_id "2_t"; cds_type "Initial"; count "1_3";
579_dna	GeneMark.hmm3	start_codon	1322	1324	.	-	0	gene_id "2_g"; transcript_id "2_t";
579_dna	GeneMark.hmm3	gene	3469	4484	.	+	.	gene_id "3_g"; transcript_id "3_t";
579_dna	GeneMark.hmm3	mRNA	3469	4484	.	+	.	gene_id "3_g"; transcript_id "3_t";
579_dna	GeneMark.hmm3	start_codon	3469	3471	.	+	0	gene_id "3_g"; transcript_id "3_t";
579_dna	GeneMark.hmm3	CDS	3469	3945	.	+	0	gene_id "3_g"; transcript_id "3_t"; cds_type "Initial"; count "1_2";
579_dna	GeneMark.hmm3	intron	3946	4007	.	+	0	gene_id "3_g"; transcript_id "3_t";
579_dna	GeneMark.hmm3	CDS	4008	4484	.	+	0	gene_id "3_g"; transcript_id "3_t"; cds_type "Terminal"; count "2_2";
579_dna	GeneMark.hmm3	stop_codon	4482	4484	.	+	0	gene_id "3_g"; transcript_id "3_t";
579_dna	GeneMark.hmm3	gene	5196	5398	.	-	.	gene_id "4_g"; transcript_id "4_t";
579_dna	GeneMark.hmm3	mRNA	5196	5398	.	-	.	gene_id "4_g"; transcript_id "4_t";
579_dna	GeneMark.hmm3	stop_codon	5196	5198	.	-	0	gene_id "4_g"; transcript_id "4_t";
579_dna	GeneMark.hmm3	CDS	5196	5225	.	-	0	gene_id "4_g"; transcript_id "4_t"; cds_type "Terminal"; count "2_2";
579_dna	GeneMark.hmm3	intron	5226	5283	.	-	0	gene_id "4_g"; transcript_id "4_t";
579_dna	GeneMark.hmm3	CDS	5284	5398	.	-	1	gene_id "4_g"; transcript_id "4_t"; cds_type "Internal"; count "1_2";
