# Eukaryotic GeneMark.hmm version 3.68_lic
# Sequence name: /home/zack/Desktop/IsariaPreferralGenome/MyGenomeSubmittedToNCBI/HypocrealesProteinSets/GENOMES/CcateniannulataMBC234/FunannotatePredict/predict_misc/genemark/output/data/dna.fa_601
# FASTA defline: >dna.fa_601	601_dna	1	4667
# Sequence length: 4667 bp
# G+C content: 57.57%
# Matrices file: /home/zack/Desktop/IsariaPreferralGenome/MyGenomeSubmittedToNCBI/HypocrealesProteinSets/GENOMES/CcateniannulataMBC234/FunannotatePredict/predict_misc/genemark/output/gmhmm.mod
# Sun Mar  3 18:00:01 2024
# FASTA definition line: >dna.fa_601	601_dna	1	4667
# sequence-region 601_dna 1 4667
601_dna	GeneMark.hmm3	gene	1212	1817	.	-	.	gene_id "2_g"; transcript_id "2_t";
601_dna	GeneMark.hmm3	mRNA	1212	1817	.	-	.	gene_id "2_g"; transcript_id "2_t";
601_dna	GeneMark.hmm3	stop_codon	1212	1214	.	-	0	gene_id "2_g"; transcript_id "2_t";
601_dna	GeneMark.hmm3	CDS	1212	1817	.	-	0	gene_id "2_g"; transcript_id "2_t"; cds_type "Single"; count "1_1";
601_dna	GeneMark.hmm3	start_codon	1815	1817	.	-	0	gene_id "2_g"; transcript_id "2_t";
601_dna	GeneMark.hmm3	gene	2332	3318	.	+	.	gene_id "3_g"; transcript_id "3_t";
601_dna	GeneMark.hmm3	mRNA	2332	3318	.	+	.	gene_id "3_g"; transcript_id "3_t";
601_dna	GeneMark.hmm3	start_codon	2332	2334	.	+	0	gene_id "3_g"; transcript_id "3_t";
601_dna	GeneMark.hmm3	CDS	2332	2344	.	+	0	gene_id "3_g"; transcript_id "3_t"; cds_type "Initial"; count "1_5";
601_dna	GeneMark.hmm3	intron	2345	2394	.	+	1	gene_id "3_g"; transcript_id "3_t";
601_dna	GeneMark.hmm3	CDS	2395	2445	.	+	2	gene_id "3_g"; transcript_id "3_t"; cds_type "Internal"; count "2_5";
601_dna	GeneMark.hmm3	intron	2446	2496	.	+	1	gene_id "3_g"; transcript_id "3_t";
601_dna	GeneMark.hmm3	CDS	2497	2542	.	+	2	gene_id "3_g"; transcript_id "3_t"; cds_type "Internal"; count "3_5";
601_dna	GeneMark.hmm3	intron	2543	2590	.	+	2	gene_id "3_g"; transcript_id "3_t";
601_dna	GeneMark.hmm3	CDS	2591	2664	.	+	1	gene_id "3_g"; transcript_id "3_t"; cds_type "Internal"; count "4_5";
601_dna	GeneMark.hmm3	intron	2665	2716	.	+	1	gene_id "3_g"; transcript_id "3_t";
601_dna	GeneMark.hmm3	CDS	2717	3318	.	+	2	gene_id "3_g"; transcript_id "3_t"; cds_type "Terminal"; count "5_5";
601_dna	GeneMark.hmm3	stop_codon	3316	3318	.	+	0	gene_id "3_g"; transcript_id "3_t";
601_dna	GeneMark.hmm3	gene	3538	4452	.	-	.	gene_id "4_g"; transcript_id "4_t";
601_dna	GeneMark.hmm3	mRNA	3538	4452	.	-	.	gene_id "4_g"; transcript_id "4_t";
601_dna	GeneMark.hmm3	stop_codon	3538	3540	.	-	0	gene_id "4_g"; transcript_id "4_t";
601_dna	GeneMark.hmm3	CDS	3538	3764	.	-	2	gene_id "4_g"; transcript_id "4_t"; cds_type "Terminal"; count "2_2";
601_dna	GeneMark.hmm3	intron	3765	3815	.	-	1	gene_id "4_g"; transcript_id "4_t";
601_dna	GeneMark.hmm3	CDS	3816	4452	.	-	0	gene_id "4_g"; transcript_id "4_t"; cds_type "Initial"; count "1_2";
601_dna	GeneMark.hmm3	start_codon	4450	4452	.	-	0	gene_id "4_g"; transcript_id "4_t";
