# Eukaryotic GeneMark.hmm version 3.68_lic
# Sequence name: /home/zack/Desktop/IsariaPreferralGenome/MyGenomeSubmittedToNCBI/HypocrealesProteinSets/GENOMES/CcateniannulataMBC234/FunannotatePredict/predict_misc/genemark/output/data/dna.fa_362
# FASTA defline: >dna.fa_362	362_dna	1	20966
# Sequence length: 20966 bp
# G+C content: 55.05%
# Matrices file: /home/zack/Desktop/IsariaPreferralGenome/MyGenomeSubmittedToNCBI/HypocrealesProteinSets/GENOMES/CcateniannulataMBC234/FunannotatePredict/predict_misc/genemark/output/gmhmm.mod
# Sun Mar  3 17:58:49 2024
# FASTA definition line: >dna.fa_362	362_dna	1	20966
# sequence-region 362_dna 1 20966
362_dna	GeneMark.hmm3	gene	347	1372	.	-	.	gene_id "1_g"; transcript_id "1_t";
362_dna	GeneMark.hmm3	mRNA	347	1372	.	-	.	gene_id "1_g"; transcript_id "1_t";
362_dna	GeneMark.hmm3	stop_codon	347	349	.	-	0	gene_id "1_g"; transcript_id "1_t";
362_dna	GeneMark.hmm3	CDS	347	1372	.	-	0	gene_id "1_g"; transcript_id "1_t"; cds_type "Single"; count "1_1";
362_dna	GeneMark.hmm3	start_codon	1370	1372	.	-	0	gene_id "1_g"; transcript_id "1_t";
362_dna	GeneMark.hmm3	gene	4883	6258	.	+	.	gene_id "2_g"; transcript_id "2_t";
362_dna	GeneMark.hmm3	mRNA	4883	6258	.	+	.	gene_id "2_g"; transcript_id "2_t";
362_dna	GeneMark.hmm3	start_codon	4883	4885	.	+	0	gene_id "2_g"; transcript_id "2_t";
362_dna	GeneMark.hmm3	CDS	4883	5050	.	+	0	gene_id "2_g"; transcript_id "2_t"; cds_type "Initial"; count "1_5";
362_dna	GeneMark.hmm3	intron	5051	5106	.	+	0	gene_id "2_g"; transcript_id "2_t";
362_dna	GeneMark.hmm3	CDS	5107	5211	.	+	0	gene_id "2_g"; transcript_id "2_t"; cds_type "Internal"; count "2_5";
362_dna	GeneMark.hmm3	intron	5212	5260	.	+	0	gene_id "2_g"; transcript_id "2_t";
362_dna	GeneMark.hmm3	CDS	5261	5634	.	+	0	gene_id "2_g"; transcript_id "2_t"; cds_type "Internal"; count "3_5";
362_dna	GeneMark.hmm3	intron	5635	5691	.	+	2	gene_id "2_g"; transcript_id "2_t";
362_dna	GeneMark.hmm3	CDS	5692	5759	.	+	1	gene_id "2_g"; transcript_id "2_t"; cds_type "Internal"; count "4_5";
362_dna	GeneMark.hmm3	intron	5760	5812	.	+	1	gene_id "2_g"; transcript_id "2_t";
362_dna	GeneMark.hmm3	CDS	5813	6258	.	+	2	gene_id "2_g"; transcript_id "2_t"; cds_type "Terminal"; count "5_5";
362_dna	GeneMark.hmm3	stop_codon	6256	6258	.	+	0	gene_id "2_g"; transcript_id "2_t";
362_dna	GeneMark.hmm3	gene	6710	7990	.	-	.	gene_id "3_g"; transcript_id "3_t";
362_dna	GeneMark.hmm3	mRNA	6710	7990	.	-	.	gene_id "3_g"; transcript_id "3_t";
362_dna	GeneMark.hmm3	stop_codon	6710	6712	.	-	0	gene_id "3_g"; transcript_id "3_t";
362_dna	GeneMark.hmm3	CDS	6710	7990	.	-	0	gene_id "3_g"; transcript_id "3_t"; cds_type "Single"; count "1_1";
362_dna	GeneMark.hmm3	start_codon	7988	7990	.	-	0	gene_id "3_g"; transcript_id "3_t";
362_dna	GeneMark.hmm3	gene	8735	9944	.	+	.	gene_id "4_g"; transcript_id "4_t";
362_dna	GeneMark.hmm3	mRNA	8735	9944	.	+	.	gene_id "4_g"; transcript_id "4_t";
362_dna	GeneMark.hmm3	start_codon	8735	8737	.	+	0	gene_id "4_g"; transcript_id "4_t";
362_dna	GeneMark.hmm3	CDS	8735	8860	.	+	0	gene_id "4_g"; transcript_id "4_t"; cds_type "Initial"; count "1_3";
362_dna	GeneMark.hmm3	intron	8861	8919	.	+	0	gene_id "4_g"; transcript_id "4_t";
362_dna	GeneMark.hmm3	CDS	8920	9236	.	+	0	gene_id "4_g"; transcript_id "4_t"; cds_type "Internal"; count "2_3";
362_dna	GeneMark.hmm3	intron	9237	9331	.	+	2	gene_id "4_g"; transcript_id "4_t";
362_dna	GeneMark.hmm3	CDS	9332	9944	.	+	1	gene_id "4_g"; transcript_id "4_t"; cds_type "Terminal"; count "3_3";
362_dna	GeneMark.hmm3	stop_codon	9942	9944	.	+	0	gene_id "4_g"; transcript_id "4_t";
362_dna	GeneMark.hmm3	gene	10283	10962	.	-	.	gene_id "5_g"; transcript_id "5_t";
362_dna	GeneMark.hmm3	mRNA	10283	10962	.	-	.	gene_id "5_g"; transcript_id "5_t";
362_dna	GeneMark.hmm3	stop_codon	10283	10285	.	-	0	gene_id "5_g"; transcript_id "5_t";
362_dna	GeneMark.hmm3	CDS	10283	10539	.	-	2	gene_id "5_g"; transcript_id "5_t"; cds_type "Terminal"; count "2_2";
362_dna	GeneMark.hmm3	intron	10540	10622	.	-	1	gene_id "5_g"; transcript_id "5_t";
362_dna	GeneMark.hmm3	CDS	10623	10962	.	-	0	gene_id "5_g"; transcript_id "5_t"; cds_type "Initial"; count "1_2";
362_dna	GeneMark.hmm3	start_codon	10960	10962	.	-	0	gene_id "5_g"; transcript_id "5_t";
362_dna	GeneMark.hmm3	gene	11378	11844	.	-	.	gene_id "6_g"; transcript_id "6_t";
362_dna	GeneMark.hmm3	mRNA	11378	11844	.	-	.	gene_id "6_g"; transcript_id "6_t";
362_dna	GeneMark.hmm3	stop_codon	11378	11380	.	-	0	gene_id "6_g"; transcript_id "6_t";
362_dna	GeneMark.hmm3	CDS	11378	11535	.	-	2	gene_id "6_g"; transcript_id "6_t"; cds_type "Terminal"; count "2_2";
362_dna	GeneMark.hmm3	intron	11536	11618	.	-	1	gene_id "6_g"; transcript_id "6_t";
362_dna	GeneMark.hmm3	CDS	11619	11844	.	-	0	gene_id "6_g"; transcript_id "6_t"; cds_type "Initial"; count "1_2";
362_dna	GeneMark.hmm3	start_codon	11842	11844	.	-	0	gene_id "6_g"; transcript_id "6_t";
362_dna	GeneMark.hmm3	gene	12305	13800	.	+	.	gene_id "7_g"; transcript_id "7_t";
362_dna	GeneMark.hmm3	mRNA	12305	13800	.	+	.	gene_id "7_g"; transcript_id "7_t";
362_dna	GeneMark.hmm3	start_codon	12305	12307	.	+	0	gene_id "7_g"; transcript_id "7_t";
362_dna	GeneMark.hmm3	CDS	12305	12778	.	+	0	gene_id "7_g"; transcript_id "7_t"; cds_type "Initial"; count "1_3";
362_dna	GeneMark.hmm3	intron	12779	12832	.	+	0	gene_id "7_g"; transcript_id "7_t";
362_dna	GeneMark.hmm3	CDS	12833	13410	.	+	0	gene_id "7_g"; transcript_id "7_t"; cds_type "Internal"; count "2_3";
362_dna	GeneMark.hmm3	intron	13411	13472	.	+	2	gene_id "7_g"; transcript_id "7_t";
362_dna	GeneMark.hmm3	CDS	13473	13800	.	+	1	gene_id "7_g"; transcript_id "7_t"; cds_type "Terminal"; count "3_3";
362_dna	GeneMark.hmm3	stop_codon	13798	13800	.	+	0	gene_id "7_g"; transcript_id "7_t";
362_dna	GeneMark.hmm3	gene	14837	15082	.	-	.	gene_id "8_g"; transcript_id "8_t";
362_dna	GeneMark.hmm3	mRNA	14837	15082	.	-	.	gene_id "8_g"; transcript_id "8_t";
362_dna	GeneMark.hmm3	stop_codon	14837	14839	.	-	0	gene_id "8_g"; transcript_id "8_t";
362_dna	GeneMark.hmm3	CDS	14837	15082	.	-	0	gene_id "8_g"; transcript_id "8_t"; cds_type "Single"; count "1_1";
362_dna	GeneMark.hmm3	start_codon	15080	15082	.	-	0	gene_id "8_g"; transcript_id "8_t";
362_dna	GeneMark.hmm3	gene	18692	19987	.	+	.	gene_id "9_g"; transcript_id "9_t";
362_dna	GeneMark.hmm3	mRNA	18692	19987	.	+	.	gene_id "9_g"; transcript_id "9_t";
362_dna	GeneMark.hmm3	start_codon	18692	18694	.	+	0	gene_id "9_g"; transcript_id "9_t";
362_dna	GeneMark.hmm3	CDS	18692	18791	.	+	0	gene_id "9_g"; transcript_id "9_t"; cds_type "Initial"; count "1_2";
362_dna	GeneMark.hmm3	intron	18792	18845	.	+	1	gene_id "9_g"; transcript_id "9_t";
362_dna	GeneMark.hmm3	CDS	18846	19987	.	+	2	gene_id "9_g"; transcript_id "9_t"; cds_type "Terminal"; count "2_2";
362_dna	GeneMark.hmm3	stop_codon	19985	19987	.	+	0	gene_id "9_g"; transcript_id "9_t";
