# Eukaryotic GeneMark.hmm version 3.68_lic
# Sequence name: /home/zack/Desktop/IsariaPreferralGenome/MyGenomeSubmittedToNCBI/HypocrealesProteinSets/GENOMES/CcateniannulataMBC234/FunannotatePredict/predict_misc/genemark/output/data/dna.fa_339
# FASTA defline: >dna.fa_339	339_dna	1	24259
# Sequence length: 24259 bp
# G+C content: 53.54%
# Matrices file: /home/zack/Desktop/IsariaPreferralGenome/MyGenomeSubmittedToNCBI/HypocrealesProteinSets/GENOMES/CcateniannulataMBC234/FunannotatePredict/predict_misc/genemark/output/gmhmm.mod
# Sun Mar  3 17:58:39 2024
# FASTA definition line: >dna.fa_339	339_dna	1	24259
# sequence-region 339_dna 1 24259
339_dna	GeneMark.hmm3	gene	13	527	.	+	.	gene_id "1_g"; transcript_id "1_t";
339_dna	GeneMark.hmm3	mRNA	13	527	.	+	.	gene_id "1_g"; transcript_id "1_t";
339_dna	GeneMark.hmm3	CDS	13	527	.	+	2	gene_id "1_g"; transcript_id "1_t"; cds_type "Terminal"; count "1_1";
339_dna	GeneMark.hmm3	stop_codon	525	527	.	+	0	gene_id "1_g"; transcript_id "1_t";
339_dna	GeneMark.hmm3	gene	1227	1698	.	+	.	gene_id "2_g"; transcript_id "2_t";
339_dna	GeneMark.hmm3	mRNA	1227	1698	.	+	.	gene_id "2_g"; transcript_id "2_t";
339_dna	GeneMark.hmm3	start_codon	1227	1229	.	+	0	gene_id "2_g"; transcript_id "2_t";
339_dna	GeneMark.hmm3	CDS	1227	1267	.	+	0	gene_id "2_g"; transcript_id "2_t"; cds_type "Initial"; count "1_3";
339_dna	GeneMark.hmm3	intron	1268	1331	.	+	2	gene_id "2_g"; transcript_id "2_t";
339_dna	GeneMark.hmm3	CDS	1332	1596	.	+	1	gene_id "2_g"; transcript_id "2_t"; cds_type "Internal"; count "2_3";
339_dna	GeneMark.hmm3	intron	1597	1689	.	+	0	gene_id "2_g"; transcript_id "2_t";
339_dna	GeneMark.hmm3	CDS	1690	1698	.	+	0	gene_id "2_g"; transcript_id "2_t"; cds_type "Terminal"; count "3_3";
339_dna	GeneMark.hmm3	stop_codon	1696	1698	.	+	0	gene_id "2_g"; transcript_id "2_t";
339_dna	GeneMark.hmm3	gene	3034	4768	.	+	.	gene_id "3_g"; transcript_id "3_t";
339_dna	GeneMark.hmm3	mRNA	3034	4768	.	+	.	gene_id "3_g"; transcript_id "3_t";
339_dna	GeneMark.hmm3	start_codon	3034	3036	.	+	0	gene_id "3_g"; transcript_id "3_t";
339_dna	GeneMark.hmm3	CDS	3034	3178	.	+	0	gene_id "3_g"; transcript_id "3_t"; cds_type "Initial"; count "1_2";
339_dna	GeneMark.hmm3	intron	3179	3242	.	+	1	gene_id "3_g"; transcript_id "3_t";
339_dna	GeneMark.hmm3	CDS	3243	4768	.	+	2	gene_id "3_g"; transcript_id "3_t"; cds_type "Terminal"; count "2_2";
339_dna	GeneMark.hmm3	stop_codon	4766	4768	.	+	0	gene_id "3_g"; transcript_id "3_t";
339_dna	GeneMark.hmm3	gene	5105	5491	.	+	.	gene_id "4_g"; transcript_id "4_t";
339_dna	GeneMark.hmm3	mRNA	5105	5491	.	+	.	gene_id "4_g"; transcript_id "4_t";
339_dna	GeneMark.hmm3	start_codon	5105	5107	.	+	0	gene_id "4_g"; transcript_id "4_t";
339_dna	GeneMark.hmm3	CDS	5105	5491	.	+	0	gene_id "4_g"; transcript_id "4_t"; cds_type "Single"; count "1_1";
339_dna	GeneMark.hmm3	stop_codon	5489	5491	.	+	0	gene_id "4_g"; transcript_id "4_t";
339_dna	GeneMark.hmm3	gene	7137	7856	.	+	.	gene_id "5_g"; transcript_id "5_t";
339_dna	GeneMark.hmm3	mRNA	7137	7856	.	+	.	gene_id "5_g"; transcript_id "5_t";
339_dna	GeneMark.hmm3	start_codon	7137	7139	.	+	0	gene_id "5_g"; transcript_id "5_t";
339_dna	GeneMark.hmm3	CDS	7137	7856	.	+	0	gene_id "5_g"; transcript_id "5_t"; cds_type "Single"; count "1_1";
339_dna	GeneMark.hmm3	stop_codon	7854	7856	.	+	0	gene_id "5_g"; transcript_id "5_t";
339_dna	GeneMark.hmm3	gene	8659	9683	.	+	.	gene_id "6_g"; transcript_id "6_t";
339_dna	GeneMark.hmm3	mRNA	8659	9683	.	+	.	gene_id "6_g"; transcript_id "6_t";
339_dna	GeneMark.hmm3	start_codon	8659	8661	.	+	0	gene_id "6_g"; transcript_id "6_t";
339_dna	GeneMark.hmm3	CDS	8659	8957	.	+	0	gene_id "6_g"; transcript_id "6_t"; cds_type "Initial"; count "1_5";
339_dna	GeneMark.hmm3	intron	8958	9073	.	+	2	gene_id "6_g"; transcript_id "6_t";
339_dna	GeneMark.hmm3	CDS	9074	9101	.	+	1	gene_id "6_g"; transcript_id "6_t"; cds_type "Internal"; count "2_5";
339_dna	GeneMark.hmm3	intron	9102	9177	.	+	0	gene_id "6_g"; transcript_id "6_t";
339_dna	GeneMark.hmm3	CDS	9178	9270	.	+	0	gene_id "6_g"; transcript_id "6_t"; cds_type "Internal"; count "3_5";
339_dna	GeneMark.hmm3	intron	9271	9341	.	+	0	gene_id "6_g"; transcript_id "6_t";
339_dna	GeneMark.hmm3	CDS	9342	9540	.	+	0	gene_id "6_g"; transcript_id "6_t"; cds_type "Internal"; count "4_5";
339_dna	GeneMark.hmm3	intron	9541	9606	.	+	1	gene_id "6_g"; transcript_id "6_t";
339_dna	GeneMark.hmm3	CDS	9607	9683	.	+	2	gene_id "6_g"; transcript_id "6_t"; cds_type "Terminal"; count "5_5";
339_dna	GeneMark.hmm3	stop_codon	9681	9683	.	+	0	gene_id "6_g"; transcript_id "6_t";
339_dna	GeneMark.hmm3	gene	10038	11447	.	-	.	gene_id "7_g"; transcript_id "7_t";
339_dna	GeneMark.hmm3	mRNA	10038	11447	.	-	.	gene_id "7_g"; transcript_id "7_t";
339_dna	GeneMark.hmm3	stop_codon	10038	10040	.	-	0	gene_id "7_g"; transcript_id "7_t";
339_dna	GeneMark.hmm3	CDS	10038	11447	.	-	0	gene_id "7_g"; transcript_id "7_t"; cds_type "Single"; count "1_1";
339_dna	GeneMark.hmm3	start_codon	11445	11447	.	-	0	gene_id "7_g"; transcript_id "7_t";
339_dna	GeneMark.hmm3	gene	13280	14124	.	+	.	gene_id "8_g"; transcript_id "8_t";
339_dna	GeneMark.hmm3	mRNA	13280	14124	.	+	.	gene_id "8_g"; transcript_id "8_t";
339_dna	GeneMark.hmm3	start_codon	13280	13282	.	+	0	gene_id "8_g"; transcript_id "8_t";
339_dna	GeneMark.hmm3	CDS	13280	13504	.	+	0	gene_id "8_g"; transcript_id "8_t"; cds_type "Initial"; count "1_4";
339_dna	GeneMark.hmm3	intron	13505	13756	.	+	0	gene_id "8_g"; transcript_id "8_t";
339_dna	GeneMark.hmm3	CDS	13757	13774	.	+	0	gene_id "8_g"; transcript_id "8_t"; cds_type "Internal"; count "2_4";
339_dna	GeneMark.hmm3	intron	13775	13868	.	+	0	gene_id "8_g"; transcript_id "8_t";
339_dna	GeneMark.hmm3	CDS	13869	13998	.	+	0	gene_id "8_g"; transcript_id "8_t"; cds_type "Internal"; count "3_4";
339_dna	GeneMark.hmm3	intron	13999	14077	.	+	1	gene_id "8_g"; transcript_id "8_t";
339_dna	GeneMark.hmm3	CDS	14078	14124	.	+	2	gene_id "8_g"; transcript_id "8_t"; cds_type "Terminal"; count "4_4";
339_dna	GeneMark.hmm3	stop_codon	14122	14124	.	+	0	gene_id "8_g"; transcript_id "8_t";
339_dna	GeneMark.hmm3	gene	15402	17450	.	-	.	gene_id "9_g"; transcript_id "9_t";
339_dna	GeneMark.hmm3	mRNA	15402	17450	.	-	.	gene_id "9_g"; transcript_id "9_t";
339_dna	GeneMark.hmm3	stop_codon	15402	15404	.	-	0	gene_id "9_g"; transcript_id "9_t";
339_dna	GeneMark.hmm3	CDS	15402	16877	.	-	0	gene_id "9_g"; transcript_id "9_t"; cds_type "Terminal"; count "3_3";
339_dna	GeneMark.hmm3	intron	16878	16961	.	-	0	gene_id "9_g"; transcript_id "9_t";
339_dna	GeneMark.hmm3	CDS	16962	17080	.	-	2	gene_id "9_g"; transcript_id "9_t"; cds_type "Internal"; count "2_3";
339_dna	GeneMark.hmm3	intron	17081	17353	.	-	1	gene_id "9_g"; transcript_id "9_t";
339_dna	GeneMark.hmm3	CDS	17354	17450	.	-	0	gene_id "9_g"; transcript_id "9_t"; cds_type "Initial"; count "1_3";
339_dna	GeneMark.hmm3	start_codon	17448	17450	.	-	0	gene_id "9_g"; transcript_id "9_t";
