# Eukaryotic GeneMark.hmm version 3.68_lic
# Sequence name: /home/zack/Desktop/IsariaPreferralGenome/MyGenomeSubmittedToNCBI/HypocrealesProteinSets/GENOMES/CcateniannulataMBC234/FunannotatePredict/predict_misc/genemark/output/data/dna.fa_388
# FASTA defline: >dna.fa_388	388_dna	1	16900
# Sequence length: 16900 bp
# G+C content: 55.83%
# Matrices file: /home/zack/Desktop/IsariaPreferralGenome/MyGenomeSubmittedToNCBI/HypocrealesProteinSets/GENOMES/CcateniannulataMBC234/FunannotatePredict/predict_misc/genemark/output/gmhmm.mod
# Sun Mar  3 17:59:03 2024
# FASTA definition line: >dna.fa_388	388_dna	1	16900
# sequence-region 388_dna 1 16900
388_dna	GeneMark.hmm3	gene	40	1327	.	+	.	gene_id "1_g"; transcript_id "1_t";
388_dna	GeneMark.hmm3	mRNA	40	1327	.	+	.	gene_id "1_g"; transcript_id "1_t";
388_dna	GeneMark.hmm3	CDS	40	484	.	+	2	gene_id "1_g"; transcript_id "1_t"; cds_type "Internal"; count "1_3";
388_dna	GeneMark.hmm3	intron	485	543	.	+	2	gene_id "1_g"; transcript_id "1_t";
388_dna	GeneMark.hmm3	CDS	544	850	.	+	1	gene_id "1_g"; transcript_id "1_t"; cds_type "Internal"; count "2_3";
388_dna	GeneMark.hmm3	intron	851	907	.	+	0	gene_id "1_g"; transcript_id "1_t";
388_dna	GeneMark.hmm3	CDS	908	1327	.	+	0	gene_id "1_g"; transcript_id "1_t"; cds_type "Terminal"; count "3_3";
388_dna	GeneMark.hmm3	stop_codon	1325	1327	.	+	0	gene_id "1_g"; transcript_id "1_t";
388_dna	GeneMark.hmm3	gene	1434	2219	.	-	.	gene_id "2_g"; transcript_id "2_t";
388_dna	GeneMark.hmm3	mRNA	1434	2219	.	-	.	gene_id "2_g"; transcript_id "2_t";
388_dna	GeneMark.hmm3	stop_codon	1434	1436	.	-	0	gene_id "2_g"; transcript_id "2_t";
388_dna	GeneMark.hmm3	CDS	1434	2219	.	-	0	gene_id "2_g"; transcript_id "2_t"; cds_type "Single"; count "1_1";
388_dna	GeneMark.hmm3	start_codon	2217	2219	.	-	0	gene_id "2_g"; transcript_id "2_t";
388_dna	GeneMark.hmm3	gene	5491	11310	.	+	.	gene_id "3_g"; transcript_id "3_t";
388_dna	GeneMark.hmm3	mRNA	5491	11310	.	+	.	gene_id "3_g"; transcript_id "3_t";
388_dna	GeneMark.hmm3	start_codon	5491	5493	.	+	0	gene_id "3_g"; transcript_id "3_t";
388_dna	GeneMark.hmm3	CDS	5491	5537	.	+	0	gene_id "3_g"; transcript_id "3_t"; cds_type "Initial"; count "1_8";
388_dna	GeneMark.hmm3	intron	5538	5589	.	+	2	gene_id "3_g"; transcript_id "3_t";
388_dna	GeneMark.hmm3	CDS	5590	6031	.	+	1	gene_id "3_g"; transcript_id "3_t"; cds_type "Internal"; count "2_8";
388_dna	GeneMark.hmm3	intron	6032	6118	.	+	0	gene_id "3_g"; transcript_id "3_t";
388_dna	GeneMark.hmm3	CDS	6119	6160	.	+	0	gene_id "3_g"; transcript_id "3_t"; cds_type "Internal"; count "3_8";
388_dna	GeneMark.hmm3	intron	6161	6209	.	+	0	gene_id "3_g"; transcript_id "3_t";
388_dna	GeneMark.hmm3	CDS	6210	6297	.	+	0	gene_id "3_g"; transcript_id "3_t"; cds_type "Internal"; count "4_8";
388_dna	GeneMark.hmm3	intron	6298	6346	.	+	1	gene_id "3_g"; transcript_id "3_t";
388_dna	GeneMark.hmm3	CDS	6347	6928	.	+	2	gene_id "3_g"; transcript_id "3_t"; cds_type "Internal"; count "5_8";
388_dna	GeneMark.hmm3	intron	6929	6990	.	+	1	gene_id "3_g"; transcript_id "3_t";
388_dna	GeneMark.hmm3	CDS	6991	7243	.	+	2	gene_id "3_g"; transcript_id "3_t"; cds_type "Internal"; count "6_8";
388_dna	GeneMark.hmm3	intron	7244	7312	.	+	2	gene_id "3_g"; transcript_id "3_t";
388_dna	GeneMark.hmm3	CDS	7313	7416	.	+	1	gene_id "3_g"; transcript_id "3_t"; cds_type "Internal"; count "7_8";
388_dna	GeneMark.hmm3	intron	7417	9715	.	+	1	gene_id "3_g"; transcript_id "3_t";
388_dna	GeneMark.hmm3	CDS	9716	11310	.	+	2	gene_id "3_g"; transcript_id "3_t"; cds_type "Terminal"; count "8_8";
388_dna	GeneMark.hmm3	stop_codon	11308	11310	.	+	0	gene_id "3_g"; transcript_id "3_t";
388_dna	GeneMark.hmm3	gene	12797	16675	.	-	.	gene_id "4_g"; transcript_id "4_t";
388_dna	GeneMark.hmm3	mRNA	12797	16675	.	-	.	gene_id "4_g"; transcript_id "4_t";
388_dna	GeneMark.hmm3	stop_codon	12797	12799	.	-	0	gene_id "4_g"; transcript_id "4_t";
388_dna	GeneMark.hmm3	CDS	12797	16675	.	-	0	gene_id "4_g"; transcript_id "4_t"; cds_type "Terminal"; count "1_1";
