# Eukaryotic GeneMark.hmm version 3.68_lic
# Sequence name: /home/zack/Desktop/IsariaPreferralGenome/MyGenomeSubmittedToNCBI/HypocrealesProteinSets/GENOMES/CcateniannulataMBC234/FunannotatePredict/predict_misc/genemark/output/data/dna.fa_51
# FASTA defline: >dna.fa_51	51_dna	1	153342
# Sequence length: 153342 bp
# G+C content: 53.68%
# Matrices file: /home/zack/Desktop/IsariaPreferralGenome/MyGenomeSubmittedToNCBI/HypocrealesProteinSets/GENOMES/CcateniannulataMBC234/FunannotatePredict/predict_misc/genemark/output/gmhmm.mod
# Sun Mar  3 17:53:13 2024
# FASTA definition line: >dna.fa_51	51_dna	1	153342
# sequence-region 51_dna 1 153342
51_dna	GeneMark.hmm3	gene	1708	2453	.	-	.	gene_id "1_g"; transcript_id "1_t";
51_dna	GeneMark.hmm3	mRNA	1708	2453	.	-	.	gene_id "1_g"; transcript_id "1_t";
51_dna	GeneMark.hmm3	CDS	1708	1716	.	-	2	gene_id "1_g"; transcript_id "1_t"; cds_type "Internal"; count "3_3";
51_dna	GeneMark.hmm3	intron	1717	1782	.	-	1	gene_id "1_g"; transcript_id "1_t";
51_dna	GeneMark.hmm3	CDS	1783	2085	.	-	2	gene_id "1_g"; transcript_id "1_t"; cds_type "Internal"; count "2_3";
51_dna	GeneMark.hmm3	intron	2086	2179	.	-	1	gene_id "1_g"; transcript_id "1_t";
51_dna	GeneMark.hmm3	CDS	2180	2453	.	-	0	gene_id "1_g"; transcript_id "1_t"; cds_type "Initial"; count "1_3";
51_dna	GeneMark.hmm3	start_codon	2451	2453	.	-	0	gene_id "1_g"; transcript_id "1_t";
51_dna	GeneMark.hmm3	gene	3481	4356	.	-	.	gene_id "2_g"; transcript_id "2_t";
51_dna	GeneMark.hmm3	mRNA	3481	4356	.	-	.	gene_id "2_g"; transcript_id "2_t";
51_dna	GeneMark.hmm3	stop_codon	3481	3483	.	-	0	gene_id "2_g"; transcript_id "2_t";
51_dna	GeneMark.hmm3	CDS	3481	4082	.	-	2	gene_id "2_g"; transcript_id "2_t"; cds_type "Terminal"; count "2_2";
51_dna	GeneMark.hmm3	intron	4083	4151	.	-	1	gene_id "2_g"; transcript_id "2_t";
51_dna	GeneMark.hmm3	CDS	4152	4356	.	-	0	gene_id "2_g"; transcript_id "2_t"; cds_type "Initial"; count "1_2";
51_dna	GeneMark.hmm3	start_codon	4354	4356	.	-	0	gene_id "2_g"; transcript_id "2_t";
51_dna	GeneMark.hmm3	gene	4601	5041	.	+	.	gene_id "3_g"; transcript_id "3_t";
51_dna	GeneMark.hmm3	mRNA	4601	5041	.	+	.	gene_id "3_g"; transcript_id "3_t";
51_dna	GeneMark.hmm3	start_codon	4601	4603	.	+	0	gene_id "3_g"; transcript_id "3_t";
51_dna	GeneMark.hmm3	CDS	4601	4763	.	+	0	gene_id "3_g"; transcript_id "3_t"; cds_type "Initial"; count "1_2";
51_dna	GeneMark.hmm3	intron	4764	4847	.	+	1	gene_id "3_g"; transcript_id "3_t";
51_dna	GeneMark.hmm3	CDS	4848	5041	.	+	2	gene_id "3_g"; transcript_id "3_t"; cds_type "Terminal"; count "2_2";
51_dna	GeneMark.hmm3	stop_codon	5039	5041	.	+	0	gene_id "3_g"; transcript_id "3_t";
51_dna	GeneMark.hmm3	gene	5286	6282	.	-	.	gene_id "4_g"; transcript_id "4_t";
51_dna	GeneMark.hmm3	mRNA	5286	6282	.	-	.	gene_id "4_g"; transcript_id "4_t";
51_dna	GeneMark.hmm3	stop_codon	5286	5288	.	-	0	gene_id "4_g"; transcript_id "4_t";
51_dna	GeneMark.hmm3	CDS	5286	6133	.	-	2	gene_id "4_g"; transcript_id "4_t"; cds_type "Terminal"; count "2_2";
51_dna	GeneMark.hmm3	intron	6134	6215	.	-	1	gene_id "4_g"; transcript_id "4_t";
51_dna	GeneMark.hmm3	CDS	6216	6282	.	-	0	gene_id "4_g"; transcript_id "4_t"; cds_type "Initial"; count "1_2";
51_dna	GeneMark.hmm3	start_codon	6280	6282	.	-	0	gene_id "4_g"; transcript_id "4_t";
51_dna	GeneMark.hmm3	gene	7353	8464	.	-	.	gene_id "5_g"; transcript_id "5_t";
51_dna	GeneMark.hmm3	mRNA	7353	8464	.	-	.	gene_id "5_g"; transcript_id "5_t";
51_dna	GeneMark.hmm3	stop_codon	7353	7355	.	-	0	gene_id "5_g"; transcript_id "5_t";
51_dna	GeneMark.hmm3	CDS	7353	7529	.	-	0	gene_id "5_g"; transcript_id "5_t"; cds_type "Terminal"; count "4_4";
51_dna	GeneMark.hmm3	intron	7530	7569	.	-	0	gene_id "5_g"; transcript_id "5_t";
51_dna	GeneMark.hmm3	CDS	7570	7922	.	-	2	gene_id "5_g"; transcript_id "5_t"; cds_type "Internal"; count "3_4";
51_dna	GeneMark.hmm3	intron	7923	7966	.	-	1	gene_id "5_g"; transcript_id "5_t";
51_dna	GeneMark.hmm3	CDS	7967	8405	.	-	0	gene_id "5_g"; transcript_id "5_t"; cds_type "Internal"; count "2_4";
51_dna	GeneMark.hmm3	intron	8406	8455	.	-	0	gene_id "5_g"; transcript_id "5_t";
51_dna	GeneMark.hmm3	CDS	8456	8464	.	-	0	gene_id "5_g"; transcript_id "5_t"; cds_type "Initial"; count "1_4";
51_dna	GeneMark.hmm3	start_codon	8462	8464	.	-	0	gene_id "5_g"; transcript_id "5_t";
51_dna	GeneMark.hmm3	gene	9684	10922	.	-	.	gene_id "6_g"; transcript_id "6_t";
51_dna	GeneMark.hmm3	mRNA	9684	10922	.	-	.	gene_id "6_g"; transcript_id "6_t";
51_dna	GeneMark.hmm3	stop_codon	9684	9686	.	-	0	gene_id "6_g"; transcript_id "6_t";
51_dna	GeneMark.hmm3	CDS	9684	10922	.	-	0	gene_id "6_g"; transcript_id "6_t"; cds_type "Single"; count "1_1";
51_dna	GeneMark.hmm3	start_codon	10920	10922	.	-	0	gene_id "6_g"; transcript_id "6_t";
51_dna	GeneMark.hmm3	gene	12297	12930	.	+	.	gene_id "7_g"; transcript_id "7_t";
51_dna	GeneMark.hmm3	mRNA	12297	12930	.	+	.	gene_id "7_g"; transcript_id "7_t";
51_dna	GeneMark.hmm3	start_codon	12297	12299	.	+	0	gene_id "7_g"; transcript_id "7_t";
51_dna	GeneMark.hmm3	CDS	12297	12502	.	+	0	gene_id "7_g"; transcript_id "7_t"; cds_type "Initial"; count "1_2";
51_dna	GeneMark.hmm3	intron	12503	12779	.	+	2	gene_id "7_g"; transcript_id "7_t";
51_dna	GeneMark.hmm3	CDS	12780	12930	.	+	1	gene_id "7_g"; transcript_id "7_t"; cds_type "Terminal"; count "2_2";
51_dna	GeneMark.hmm3	stop_codon	12928	12930	.	+	0	gene_id "7_g"; transcript_id "7_t";
51_dna	GeneMark.hmm3	gene	13914	15470	.	+	.	gene_id "8_g"; transcript_id "8_t";
51_dna	GeneMark.hmm3	mRNA	13914	15470	.	+	.	gene_id "8_g"; transcript_id "8_t";
51_dna	GeneMark.hmm3	start_codon	13914	13916	.	+	0	gene_id "8_g"; transcript_id "8_t";
51_dna	GeneMark.hmm3	CDS	13914	15470	.	+	0	gene_id "8_g"; transcript_id "8_t"; cds_type "Single"; count "1_1";
51_dna	GeneMark.hmm3	stop_codon	15468	15470	.	+	0	gene_id "8_g"; transcript_id "8_t";
51_dna	GeneMark.hmm3	gene	15535	17934	.	-	.	gene_id "9_g"; transcript_id "9_t";
51_dna	GeneMark.hmm3	mRNA	15535	17934	.	-	.	gene_id "9_g"; transcript_id "9_t";
51_dna	GeneMark.hmm3	stop_codon	15535	15537	.	-	0	gene_id "9_g"; transcript_id "9_t";
51_dna	GeneMark.hmm3	CDS	15535	17934	.	-	0	gene_id "9_g"; transcript_id "9_t"; cds_type "Single"; count "1_1";
51_dna	GeneMark.hmm3	start_codon	17932	17934	.	-	0	gene_id "9_g"; transcript_id "9_t";
51_dna	GeneMark.hmm3	gene	18996	19811	.	-	.	gene_id "10_g"; transcript_id "10_t";
51_dna	GeneMark.hmm3	mRNA	18996	19811	.	-	.	gene_id "10_g"; transcript_id "10_t";
51_dna	GeneMark.hmm3	stop_codon	18996	18998	.	-	0	gene_id "10_g"; transcript_id "10_t";
51_dna	GeneMark.hmm3	CDS	18996	19481	.	-	0	gene_id "10_g"; transcript_id "10_t"; cds_type "Terminal"; count "3_3";
51_dna	GeneMark.hmm3	intron	19482	19558	.	-	0	gene_id "10_g"; transcript_id "10_t";
51_dna	GeneMark.hmm3	CDS	19559	19577	.	-	1	gene_id "10_g"; transcript_id "10_t"; cds_type "Internal"; count "2_3";
51_dna	GeneMark.hmm3	intron	19578	19629	.	-	2	gene_id "10_g"; transcript_id "10_t";
51_dna	GeneMark.hmm3	CDS	19630	19811	.	-	0	gene_id "10_g"; transcript_id "10_t"; cds_type "Initial"; count "1_3";
51_dna	GeneMark.hmm3	start_codon	19809	19811	.	-	0	gene_id "10_g"; transcript_id "10_t";
51_dna	GeneMark.hmm3	gene	20218	21949	.	-	.	gene_id "11_g"; transcript_id "11_t";
51_dna	GeneMark.hmm3	mRNA	20218	21949	.	-	.	gene_id "11_g"; transcript_id "11_t";
51_dna	GeneMark.hmm3	stop_codon	20218	20220	.	-	0	gene_id "11_g"; transcript_id "11_t";
51_dna	GeneMark.hmm3	CDS	20218	20396	.	-	2	gene_id "11_g"; transcript_id "11_t"; cds_type "Terminal"; count "3_3";
51_dna	GeneMark.hmm3	intron	20397	20445	.	-	1	gene_id "11_g"; transcript_id "11_t";
51_dna	GeneMark.hmm3	CDS	20446	21786	.	-	2	gene_id "11_g"; transcript_id "11_t"; cds_type "Internal"; count "2_3";
51_dna	GeneMark.hmm3	intron	21787	21843	.	-	1	gene_id "11_g"; transcript_id "11_t";
51_dna	GeneMark.hmm3	CDS	21844	21949	.	-	0	gene_id "11_g"; transcript_id "11_t"; cds_type "Initial"; count "1_3";
51_dna	GeneMark.hmm3	start_codon	21947	21949	.	-	0	gene_id "11_g"; transcript_id "11_t";
51_dna	GeneMark.hmm3	gene	25049	28781	.	-	.	gene_id "12_g"; transcript_id "12_t";
51_dna	GeneMark.hmm3	mRNA	25049	28781	.	-	.	gene_id "12_g"; transcript_id "12_t";
51_dna	GeneMark.hmm3	stop_codon	25049	25051	.	-	0	gene_id "12_g"; transcript_id "12_t";
51_dna	GeneMark.hmm3	CDS	25049	26397	.	-	2	gene_id "12_g"; transcript_id "12_t"; cds_type "Terminal"; count "6_6";
51_dna	GeneMark.hmm3	intron	26398	26454	.	-	1	gene_id "12_g"; transcript_id "12_t";
51_dna	GeneMark.hmm3	CDS	26455	27663	.	-	2	gene_id "12_g"; transcript_id "12_t"; cds_type "Internal"; count "5_6";
51_dna	GeneMark.hmm3	intron	27664	27711	.	-	1	gene_id "12_g"; transcript_id "12_t";
51_dna	GeneMark.hmm3	CDS	27712	27849	.	-	2	gene_id "12_g"; transcript_id "12_t"; cds_type "Internal"; count "4_6";
51_dna	GeneMark.hmm3	intron	27850	27899	.	-	1	gene_id "12_g"; transcript_id "12_t";
51_dna	GeneMark.hmm3	CDS	27900	28258	.	-	1	gene_id "12_g"; transcript_id "12_t"; cds_type "Internal"; count "3_6";
51_dna	GeneMark.hmm3	intron	28259	28311	.	-	2	gene_id "12_g"; transcript_id "12_t";
51_dna	GeneMark.hmm3	CDS	28312	28451	.	-	0	gene_id "12_g"; transcript_id "12_t"; cds_type "Internal"; count "2_6";
51_dna	GeneMark.hmm3	intron	28452	28505	.	-	0	gene_id "12_g"; transcript_id "12_t";
51_dna	GeneMark.hmm3	CDS	28506	28781	.	-	0	gene_id "12_g"; transcript_id "12_t"; cds_type "Initial"; count "1_6";
51_dna	GeneMark.hmm3	start_codon	28779	28781	.	-	0	gene_id "12_g"; transcript_id "12_t";
51_dna	GeneMark.hmm3	gene	29685	31813	.	+	.	gene_id "13_g"; transcript_id "13_t";
51_dna	GeneMark.hmm3	mRNA	29685	31813	.	+	.	gene_id "13_g"; transcript_id "13_t";
51_dna	GeneMark.hmm3	start_codon	29685	29687	.	+	0	gene_id "13_g"; transcript_id "13_t";
51_dna	GeneMark.hmm3	CDS	29685	29824	.	+	0	gene_id "13_g"; transcript_id "13_t"; cds_type "Initial"; count "1_4";
51_dna	GeneMark.hmm3	intron	29825	29880	.	+	2	gene_id "13_g"; transcript_id "13_t";
51_dna	GeneMark.hmm3	CDS	29881	30717	.	+	1	gene_id "13_g"; transcript_id "13_t"; cds_type "Internal"; count "2_4";
51_dna	GeneMark.hmm3	intron	30718	30786	.	+	2	gene_id "13_g"; transcript_id "13_t";
51_dna	GeneMark.hmm3	CDS	30787	30912	.	+	1	gene_id "13_g"; transcript_id "13_t"; cds_type "Internal"; count "3_4";
51_dna	GeneMark.hmm3	intron	30913	30963	.	+	2	gene_id "13_g"; transcript_id "13_t";
51_dna	GeneMark.hmm3	CDS	30964	31813	.	+	1	gene_id "13_g"; transcript_id "13_t"; cds_type "Terminal"; count "4_4";
51_dna	GeneMark.hmm3	stop_codon	31811	31813	.	+	0	gene_id "13_g"; transcript_id "13_t";
51_dna	GeneMark.hmm3	gene	32425	37027	.	-	.	gene_id "14_g"; transcript_id "14_t";
51_dna	GeneMark.hmm3	mRNA	32425	37027	.	-	.	gene_id "14_g"; transcript_id "14_t";
51_dna	GeneMark.hmm3	stop_codon	32425	32427	.	-	0	gene_id "14_g"; transcript_id "14_t";
51_dna	GeneMark.hmm3	CDS	32425	33892	.	-	1	gene_id "14_g"; transcript_id "14_t"; cds_type "Terminal"; count "4_4";
51_dna	GeneMark.hmm3	intron	33893	33980	.	-	2	gene_id "14_g"; transcript_id "14_t";
51_dna	GeneMark.hmm3	CDS	33981	34161	.	-	2	gene_id "14_g"; transcript_id "14_t"; cds_type "Internal"; count "3_4";
51_dna	GeneMark.hmm3	intron	34162	35652	.	-	1	gene_id "14_g"; transcript_id "14_t";
51_dna	GeneMark.hmm3	CDS	35653	36016	.	-	0	gene_id "14_g"; transcript_id "14_t"; cds_type "Internal"; count "2_4";
51_dna	GeneMark.hmm3	intron	36017	36085	.	-	0	gene_id "14_g"; transcript_id "14_t";
51_dna	GeneMark.hmm3	CDS	36086	37027	.	-	0	gene_id "14_g"; transcript_id "14_t"; cds_type "Initial"; count "1_4";
51_dna	GeneMark.hmm3	start_codon	37025	37027	.	-	0	gene_id "14_g"; transcript_id "14_t";
51_dna	GeneMark.hmm3	gene	38020	39174	.	-	.	gene_id "15_g"; transcript_id "15_t";
51_dna	GeneMark.hmm3	mRNA	38020	39174	.	-	.	gene_id "15_g"; transcript_id "15_t";
51_dna	GeneMark.hmm3	stop_codon	38020	38022	.	-	0	gene_id "15_g"; transcript_id "15_t";
51_dna	GeneMark.hmm3	CDS	38020	39174	.	-	0	gene_id "15_g"; transcript_id "15_t"; cds_type "Single"; count "1_1";
51_dna	GeneMark.hmm3	start_codon	39172	39174	.	-	0	gene_id "15_g"; transcript_id "15_t";
51_dna	GeneMark.hmm3	gene	40278	41788	.	-	.	gene_id "16_g"; transcript_id "16_t";
51_dna	GeneMark.hmm3	mRNA	40278	41788	.	-	.	gene_id "16_g"; transcript_id "16_t";
51_dna	GeneMark.hmm3	stop_codon	40278	40280	.	-	0	gene_id "16_g"; transcript_id "16_t";
51_dna	GeneMark.hmm3	CDS	40278	40735	.	-	2	gene_id "16_g"; transcript_id "16_t"; cds_type "Terminal"; count "5_5";
51_dna	GeneMark.hmm3	intron	40736	40785	.	-	1	gene_id "16_g"; transcript_id "16_t";
51_dna	GeneMark.hmm3	CDS	40786	40854	.	-	2	gene_id "16_g"; transcript_id "16_t"; cds_type "Internal"; count "4_5";
51_dna	GeneMark.hmm3	intron	40855	40919	.	-	1	gene_id "16_g"; transcript_id "16_t";
51_dna	GeneMark.hmm3	CDS	40920	41197	.	-	1	gene_id "16_g"; transcript_id "16_t"; cds_type "Internal"; count "3_5";
51_dna	GeneMark.hmm3	intron	41198	41257	.	-	2	gene_id "16_g"; transcript_id "16_t";
51_dna	GeneMark.hmm3	CDS	41258	41589	.	-	0	gene_id "16_g"; transcript_id "16_t"; cds_type "Internal"; count "2_5";
51_dna	GeneMark.hmm3	intron	41590	41650	.	-	0	gene_id "16_g"; transcript_id "16_t";
51_dna	GeneMark.hmm3	CDS	41651	41788	.	-	0	gene_id "16_g"; transcript_id "16_t"; cds_type "Initial"; count "1_5";
51_dna	GeneMark.hmm3	start_codon	41786	41788	.	-	0	gene_id "16_g"; transcript_id "16_t";
51_dna	GeneMark.hmm3	gene	44498	46633	.	+	.	gene_id "17_g"; transcript_id "17_t";
51_dna	GeneMark.hmm3	mRNA	44498	46633	.	+	.	gene_id "17_g"; transcript_id "17_t";
51_dna	GeneMark.hmm3	start_codon	44498	44500	.	+	0	gene_id "17_g"; transcript_id "17_t";
51_dna	GeneMark.hmm3	CDS	44498	45028	.	+	0	gene_id "17_g"; transcript_id "17_t"; cds_type "Initial"; count "1_6";
51_dna	GeneMark.hmm3	intron	45029	45090	.	+	0	gene_id "17_g"; transcript_id "17_t";
51_dna	GeneMark.hmm3	CDS	45091	45331	.	+	0	gene_id "17_g"; transcript_id "17_t"; cds_type "Internal"; count "2_6";
51_dna	GeneMark.hmm3	intron	45332	45386	.	+	1	gene_id "17_g"; transcript_id "17_t";
51_dna	GeneMark.hmm3	CDS	45387	45455	.	+	2	gene_id "17_g"; transcript_id "17_t"; cds_type "Internal"; count "3_6";
51_dna	GeneMark.hmm3	intron	45456	45510	.	+	1	gene_id "17_g"; transcript_id "17_t";
51_dna	GeneMark.hmm3	CDS	45511	45577	.	+	2	gene_id "17_g"; transcript_id "17_t"; cds_type "Internal"; count "4_6";
51_dna	GeneMark.hmm3	intron	45578	45628	.	+	2	gene_id "17_g"; transcript_id "17_t";
51_dna	GeneMark.hmm3	CDS	45629	46008	.	+	1	gene_id "17_g"; transcript_id "17_t"; cds_type "Internal"; count "5_6";
51_dna	GeneMark.hmm3	intron	46009	46058	.	+	1	gene_id "17_g"; transcript_id "17_t";
51_dna	GeneMark.hmm3	CDS	46059	46633	.	+	2	gene_id "17_g"; transcript_id "17_t"; cds_type "Terminal"; count "6_6";
51_dna	GeneMark.hmm3	stop_codon	46631	46633	.	+	0	gene_id "17_g"; transcript_id "17_t";
51_dna	GeneMark.hmm3	gene	46902	48455	.	-	.	gene_id "18_g"; transcript_id "18_t";
51_dna	GeneMark.hmm3	mRNA	46902	48455	.	-	.	gene_id "18_g"; transcript_id "18_t";
51_dna	GeneMark.hmm3	stop_codon	46902	46904	.	-	0	gene_id "18_g"; transcript_id "18_t";
51_dna	GeneMark.hmm3	CDS	46902	47178	.	-	1	gene_id "18_g"; transcript_id "18_t"; cds_type "Terminal"; count "5_5";
51_dna	GeneMark.hmm3	intron	47179	47262	.	-	2	gene_id "18_g"; transcript_id "18_t";
51_dna	GeneMark.hmm3	CDS	47263	47656	.	-	2	gene_id "18_g"; transcript_id "18_t"; cds_type "Internal"; count "4_5";
51_dna	GeneMark.hmm3	intron	47657	47750	.	-	1	gene_id "18_g"; transcript_id "18_t";
51_dna	GeneMark.hmm3	CDS	47751	47860	.	-	1	gene_id "18_g"; transcript_id "18_t"; cds_type "Internal"; count "3_5";
51_dna	GeneMark.hmm3	intron	47861	47916	.	-	2	gene_id "18_g"; transcript_id "18_t";
51_dna	GeneMark.hmm3	CDS	47917	48040	.	-	2	gene_id "18_g"; transcript_id "18_t"; cds_type "Internal"; count "2_5";
51_dna	GeneMark.hmm3	intron	48041	48088	.	-	1	gene_id "18_g"; transcript_id "18_t";
51_dna	GeneMark.hmm3	CDS	48089	48455	.	-	0	gene_id "18_g"; transcript_id "18_t"; cds_type "Initial"; count "1_5";
51_dna	GeneMark.hmm3	start_codon	48453	48455	.	-	0	gene_id "18_g"; transcript_id "18_t";
51_dna	GeneMark.hmm3	gene	48868	51558	.	-	.	gene_id "19_g"; transcript_id "19_t";
51_dna	GeneMark.hmm3	mRNA	48868	51558	.	-	.	gene_id "19_g"; transcript_id "19_t";
51_dna	GeneMark.hmm3	stop_codon	48868	48870	.	-	0	gene_id "19_g"; transcript_id "19_t";
51_dna	GeneMark.hmm3	CDS	48868	51558	.	-	0	gene_id "19_g"; transcript_id "19_t"; cds_type "Single"; count "1_1";
51_dna	GeneMark.hmm3	start_codon	51556	51558	.	-	0	gene_id "19_g"; transcript_id "19_t";
51_dna	GeneMark.hmm3	gene	52817	53709	.	-	.	gene_id "20_g"; transcript_id "20_t";
51_dna	GeneMark.hmm3	mRNA	52817	53709	.	-	.	gene_id "20_g"; transcript_id "20_t";
51_dna	GeneMark.hmm3	stop_codon	52817	52819	.	-	0	gene_id "20_g"; transcript_id "20_t";
51_dna	GeneMark.hmm3	CDS	52817	53118	.	-	2	gene_id "20_g"; transcript_id "20_t"; cds_type "Terminal"; count "2_2";
51_dna	GeneMark.hmm3	intron	53119	53174	.	-	1	gene_id "20_g"; transcript_id "20_t";
51_dna	GeneMark.hmm3	CDS	53175	53709	.	-	0	gene_id "20_g"; transcript_id "20_t"; cds_type "Initial"; count "1_2";
51_dna	GeneMark.hmm3	start_codon	53707	53709	.	-	0	gene_id "20_g"; transcript_id "20_t";
51_dna	GeneMark.hmm3	gene	54437	58069	.	-	.	gene_id "21_g"; transcript_id "21_t";
51_dna	GeneMark.hmm3	mRNA	54437	58069	.	-	.	gene_id "21_g"; transcript_id "21_t";
51_dna	GeneMark.hmm3	stop_codon	54437	54439	.	-	0	gene_id "21_g"; transcript_id "21_t";
51_dna	GeneMark.hmm3	CDS	54437	56544	.	-	2	gene_id "21_g"; transcript_id "21_t"; cds_type "Terminal"; count "3_3";
51_dna	GeneMark.hmm3	intron	56545	56597	.	-	1	gene_id "21_g"; transcript_id "21_t";
51_dna	GeneMark.hmm3	CDS	56598	57483	.	-	0	gene_id "21_g"; transcript_id "21_t"; cds_type "Internal"; count "2_3";
51_dna	GeneMark.hmm3	intron	57484	57802	.	-	0	gene_id "21_g"; transcript_id "21_t";
51_dna	GeneMark.hmm3	CDS	57803	58069	.	-	0	gene_id "21_g"; transcript_id "21_t"; cds_type "Initial"; count "1_3";
51_dna	GeneMark.hmm3	start_codon	58067	58069	.	-	0	gene_id "21_g"; transcript_id "21_t";
51_dna	GeneMark.hmm3	gene	61841	63494	.	+	.	gene_id "22_g"; transcript_id "22_t";
51_dna	GeneMark.hmm3	mRNA	61841	63494	.	+	.	gene_id "22_g"; transcript_id "22_t";
51_dna	GeneMark.hmm3	start_codon	61841	61843	.	+	0	gene_id "22_g"; transcript_id "22_t";
51_dna	GeneMark.hmm3	CDS	61841	61967	.	+	0	gene_id "22_g"; transcript_id "22_t"; cds_type "Initial"; count "1_4";
51_dna	GeneMark.hmm3	intron	61968	62029	.	+	1	gene_id "22_g"; transcript_id "22_t";
51_dna	GeneMark.hmm3	CDS	62030	62667	.	+	2	gene_id "22_g"; transcript_id "22_t"; cds_type "Internal"; count "2_4";
51_dna	GeneMark.hmm3	intron	62668	62726	.	+	0	gene_id "22_g"; transcript_id "22_t";
51_dna	GeneMark.hmm3	CDS	62727	62960	.	+	0	gene_id "22_g"; transcript_id "22_t"; cds_type "Internal"; count "3_4";
51_dna	GeneMark.hmm3	intron	62961	63017	.	+	0	gene_id "22_g"; transcript_id "22_t";
51_dna	GeneMark.hmm3	CDS	63018	63494	.	+	0	gene_id "22_g"; transcript_id "22_t"; cds_type "Terminal"; count "4_4";
51_dna	GeneMark.hmm3	stop_codon	63492	63494	.	+	0	gene_id "22_g"; transcript_id "22_t";
51_dna	GeneMark.hmm3	gene	63938	65406	.	-	.	gene_id "23_g"; transcript_id "23_t";
51_dna	GeneMark.hmm3	mRNA	63938	65406	.	-	.	gene_id "23_g"; transcript_id "23_t";
51_dna	GeneMark.hmm3	stop_codon	63938	63940	.	-	0	gene_id "23_g"; transcript_id "23_t";
51_dna	GeneMark.hmm3	CDS	63938	64018	.	-	0	gene_id "23_g"; transcript_id "23_t"; cds_type "Terminal"; count "3_3";
51_dna	GeneMark.hmm3	intron	64019	64068	.	-	0	gene_id "23_g"; transcript_id "23_t";
51_dna	GeneMark.hmm3	CDS	64069	65289	.	-	0	gene_id "23_g"; transcript_id "23_t"; cds_type "Internal"; count "2_3";
51_dna	GeneMark.hmm3	intron	65290	65367	.	-	0	gene_id "23_g"; transcript_id "23_t";
51_dna	GeneMark.hmm3	CDS	65368	65406	.	-	0	gene_id "23_g"; transcript_id "23_t"; cds_type "Initial"; count "1_3";
51_dna	GeneMark.hmm3	start_codon	65404	65406	.	-	0	gene_id "23_g"; transcript_id "23_t";
51_dna	GeneMark.hmm3	gene	69237	70975	.	+	.	gene_id "24_g"; transcript_id "24_t";
51_dna	GeneMark.hmm3	mRNA	69237	70975	.	+	.	gene_id "24_g"; transcript_id "24_t";
51_dna	GeneMark.hmm3	start_codon	69237	69239	.	+	0	gene_id "24_g"; transcript_id "24_t";
51_dna	GeneMark.hmm3	CDS	69237	69615	.	+	0	gene_id "24_g"; transcript_id "24_t"; cds_type "Initial"; count "1_2";
51_dna	GeneMark.hmm3	intron	69616	69680	.	+	1	gene_id "24_g"; transcript_id "24_t";
51_dna	GeneMark.hmm3	CDS	69681	70975	.	+	2	gene_id "24_g"; transcript_id "24_t"; cds_type "Terminal"; count "2_2";
51_dna	GeneMark.hmm3	stop_codon	70973	70975	.	+	0	gene_id "24_g"; transcript_id "24_t";
51_dna	GeneMark.hmm3	gene	72030	72572	.	+	.	gene_id "25_g"; transcript_id "25_t";
51_dna	GeneMark.hmm3	mRNA	72030	72572	.	+	.	gene_id "25_g"; transcript_id "25_t";
51_dna	GeneMark.hmm3	start_codon	72030	72032	.	+	0	gene_id "25_g"; transcript_id "25_t";
51_dna	GeneMark.hmm3	CDS	72030	72572	.	+	0	gene_id "25_g"; transcript_id "25_t"; cds_type "Single"; count "1_1";
51_dna	GeneMark.hmm3	stop_codon	72570	72572	.	+	0	gene_id "25_g"; transcript_id "25_t";
51_dna	GeneMark.hmm3	gene	72638	73260	.	-	.	gene_id "26_g"; transcript_id "26_t";
51_dna	GeneMark.hmm3	mRNA	72638	73260	.	-	.	gene_id "26_g"; transcript_id "26_t";
51_dna	GeneMark.hmm3	stop_codon	72638	72640	.	-	0	gene_id "26_g"; transcript_id "26_t";
51_dna	GeneMark.hmm3	CDS	72638	72962	.	-	1	gene_id "26_g"; transcript_id "26_t"; cds_type "Terminal"; count "2_2";
51_dna	GeneMark.hmm3	intron	72963	73021	.	-	2	gene_id "26_g"; transcript_id "26_t";
51_dna	GeneMark.hmm3	CDS	73022	73260	.	-	0	gene_id "26_g"; transcript_id "26_t"; cds_type "Initial"; count "1_2";
51_dna	GeneMark.hmm3	start_codon	73258	73260	.	-	0	gene_id "26_g"; transcript_id "26_t";
51_dna	GeneMark.hmm3	gene	73856	76083	.	-	.	gene_id "27_g"; transcript_id "27_t";
51_dna	GeneMark.hmm3	mRNA	73856	76083	.	-	.	gene_id "27_g"; transcript_id "27_t";
51_dna	GeneMark.hmm3	stop_codon	73856	73858	.	-	0	gene_id "27_g"; transcript_id "27_t";
51_dna	GeneMark.hmm3	CDS	73856	75850	.	-	0	gene_id "27_g"; transcript_id "27_t"; cds_type "Terminal"; count "2_2";
51_dna	GeneMark.hmm3	intron	75851	75903	.	-	0	gene_id "27_g"; transcript_id "27_t";
51_dna	GeneMark.hmm3	CDS	75904	76083	.	-	0	gene_id "27_g"; transcript_id "27_t"; cds_type "Initial"; count "1_2";
51_dna	GeneMark.hmm3	start_codon	76081	76083	.	-	0	gene_id "27_g"; transcript_id "27_t";
51_dna	GeneMark.hmm3	gene	77191	78743	.	-	.	gene_id "28_g"; transcript_id "28_t";
51_dna	GeneMark.hmm3	mRNA	77191	78743	.	-	.	gene_id "28_g"; transcript_id "28_t";
51_dna	GeneMark.hmm3	stop_codon	77191	77193	.	-	0	gene_id "28_g"; transcript_id "28_t";
51_dna	GeneMark.hmm3	CDS	77191	77339	.	-	2	gene_id "28_g"; transcript_id "28_t"; cds_type "Terminal"; count "5_5";
51_dna	GeneMark.hmm3	intron	77340	77397	.	-	1	gene_id "28_g"; transcript_id "28_t";
51_dna	GeneMark.hmm3	CDS	77398	77856	.	-	2	gene_id "28_g"; transcript_id "28_t"; cds_type "Internal"; count "4_5";
51_dna	GeneMark.hmm3	intron	77857	77910	.	-	1	gene_id "28_g"; transcript_id "28_t";
51_dna	GeneMark.hmm3	CDS	77911	78258	.	-	2	gene_id "28_g"; transcript_id "28_t"; cds_type "Internal"; count "3_5";
51_dna	GeneMark.hmm3	intron	78259	78320	.	-	1	gene_id "28_g"; transcript_id "28_t";
51_dna	GeneMark.hmm3	CDS	78321	78521	.	-	2	gene_id "28_g"; transcript_id "28_t"; cds_type "Internal"; count "2_5";
51_dna	GeneMark.hmm3	intron	78522	78583	.	-	1	gene_id "28_g"; transcript_id "28_t";
51_dna	GeneMark.hmm3	CDS	78584	78743	.	-	0	gene_id "28_g"; transcript_id "28_t"; cds_type "Initial"; count "1_5";
51_dna	GeneMark.hmm3	start_codon	78741	78743	.	-	0	gene_id "28_g"; transcript_id "28_t";
51_dna	GeneMark.hmm3	gene	79478	80119	.	-	.	gene_id "29_g"; transcript_id "29_t";
51_dna	GeneMark.hmm3	mRNA	79478	80119	.	-	.	gene_id "29_g"; transcript_id "29_t";
51_dna	GeneMark.hmm3	stop_codon	79478	79480	.	-	0	gene_id "29_g"; transcript_id "29_t";
51_dna	GeneMark.hmm3	CDS	79478	80011	.	-	0	gene_id "29_g"; transcript_id "29_t"; cds_type "Terminal"; count "2_2";
51_dna	GeneMark.hmm3	intron	80012	80074	.	-	0	gene_id "29_g"; transcript_id "29_t";
51_dna	GeneMark.hmm3	CDS	80075	80119	.	-	0	gene_id "29_g"; transcript_id "29_t"; cds_type "Initial"; count "1_2";
51_dna	GeneMark.hmm3	start_codon	80117	80119	.	-	0	gene_id "29_g"; transcript_id "29_t";
51_dna	GeneMark.hmm3	gene	80927	81925	.	+	.	gene_id "30_g"; transcript_id "30_t";
51_dna	GeneMark.hmm3	mRNA	80927	81925	.	+	.	gene_id "30_g"; transcript_id "30_t";
51_dna	GeneMark.hmm3	start_codon	80927	80929	.	+	0	gene_id "30_g"; transcript_id "30_t";
51_dna	GeneMark.hmm3	CDS	80927	81213	.	+	0	gene_id "30_g"; transcript_id "30_t"; cds_type "Initial"; count "1_4";
51_dna	GeneMark.hmm3	intron	81214	81308	.	+	2	gene_id "30_g"; transcript_id "30_t";
51_dna	GeneMark.hmm3	CDS	81309	81497	.	+	1	gene_id "30_g"; transcript_id "30_t"; cds_type "Internal"; count "2_4";
51_dna	GeneMark.hmm3	intron	81498	81554	.	+	2	gene_id "30_g"; transcript_id "30_t";
51_dna	GeneMark.hmm3	CDS	81555	81719	.	+	1	gene_id "30_g"; transcript_id "30_t"; cds_type "Internal"; count "3_4";
51_dna	GeneMark.hmm3	intron	81720	81774	.	+	2	gene_id "30_g"; transcript_id "30_t";
51_dna	GeneMark.hmm3	CDS	81775	81925	.	+	1	gene_id "30_g"; transcript_id "30_t"; cds_type "Terminal"; count "4_4";
51_dna	GeneMark.hmm3	stop_codon	81923	81925	.	+	0	gene_id "30_g"; transcript_id "30_t";
51_dna	GeneMark.hmm3	gene	83420	84305	.	-	.	gene_id "31_g"; transcript_id "31_t";
51_dna	GeneMark.hmm3	mRNA	83420	84305	.	-	.	gene_id "31_g"; transcript_id "31_t";
51_dna	GeneMark.hmm3	stop_codon	83420	83422	.	-	0	gene_id "31_g"; transcript_id "31_t";
51_dna	GeneMark.hmm3	CDS	83420	84105	.	-	2	gene_id "31_g"; transcript_id "31_t"; cds_type "Terminal"; count "2_2";
51_dna	GeneMark.hmm3	intron	84106	84163	.	-	1	gene_id "31_g"; transcript_id "31_t";
51_dna	GeneMark.hmm3	CDS	84164	84305	.	-	0	gene_id "31_g"; transcript_id "31_t"; cds_type "Initial"; count "1_2";
51_dna	GeneMark.hmm3	start_codon	84303	84305	.	-	0	gene_id "31_g"; transcript_id "31_t";
51_dna	GeneMark.hmm3	gene	85297	86795	.	-	.	gene_id "32_g"; transcript_id "32_t";
51_dna	GeneMark.hmm3	mRNA	85297	86795	.	-	.	gene_id "32_g"; transcript_id "32_t";
51_dna	GeneMark.hmm3	stop_codon	85297	85299	.	-	0	gene_id "32_g"; transcript_id "32_t";
51_dna	GeneMark.hmm3	CDS	85297	85631	.	-	2	gene_id "32_g"; transcript_id "32_t"; cds_type "Terminal"; count "4_4";
51_dna	GeneMark.hmm3	intron	85632	85705	.	-	1	gene_id "32_g"; transcript_id "32_t";
51_dna	GeneMark.hmm3	CDS	85706	86062	.	-	2	gene_id "32_g"; transcript_id "32_t"; cds_type "Internal"; count "3_4";
51_dna	GeneMark.hmm3	intron	86063	86119	.	-	1	gene_id "32_g"; transcript_id "32_t";
51_dna	GeneMark.hmm3	CDS	86120	86658	.	-	1	gene_id "32_g"; transcript_id "32_t"; cds_type "Internal"; count "2_4";
51_dna	GeneMark.hmm3	intron	86659	86718	.	-	2	gene_id "32_g"; transcript_id "32_t";
51_dna	GeneMark.hmm3	CDS	86719	86795	.	-	0	gene_id "32_g"; transcript_id "32_t"; cds_type "Initial"; count "1_4";
51_dna	GeneMark.hmm3	start_codon	86793	86795	.	-	0	gene_id "32_g"; transcript_id "32_t";
51_dna	GeneMark.hmm3	gene	88497	88835	.	-	.	gene_id "33_g"; transcript_id "33_t";
51_dna	GeneMark.hmm3	mRNA	88497	88835	.	-	.	gene_id "33_g"; transcript_id "33_t";
51_dna	GeneMark.hmm3	stop_codon	88497	88499	.	-	0	gene_id "33_g"; transcript_id "33_t";
51_dna	GeneMark.hmm3	CDS	88497	88732	.	-	2	gene_id "33_g"; transcript_id "33_t"; cds_type "Terminal"; count "2_2";
51_dna	GeneMark.hmm3	intron	88733	88801	.	-	1	gene_id "33_g"; transcript_id "33_t";
51_dna	GeneMark.hmm3	CDS	88802	88835	.	-	0	gene_id "33_g"; transcript_id "33_t"; cds_type "Initial"; count "1_2";
51_dna	GeneMark.hmm3	start_codon	88833	88835	.	-	0	gene_id "33_g"; transcript_id "33_t";
51_dna	GeneMark.hmm3	gene	91126	93760	.	+	.	gene_id "34_g"; transcript_id "34_t";
51_dna	GeneMark.hmm3	mRNA	91126	93760	.	+	.	gene_id "34_g"; transcript_id "34_t";
51_dna	GeneMark.hmm3	start_codon	91126	91128	.	+	0	gene_id "34_g"; transcript_id "34_t";
51_dna	GeneMark.hmm3	CDS	91126	91984	.	+	0	gene_id "34_g"; transcript_id "34_t"; cds_type "Initial"; count "1_2";
51_dna	GeneMark.hmm3	intron	91985	92060	.	+	1	gene_id "34_g"; transcript_id "34_t";
51_dna	GeneMark.hmm3	CDS	92061	93760	.	+	2	gene_id "34_g"; transcript_id "34_t"; cds_type "Terminal"; count "2_2";
51_dna	GeneMark.hmm3	stop_codon	93758	93760	.	+	0	gene_id "34_g"; transcript_id "34_t";
51_dna	GeneMark.hmm3	gene	96663	98072	.	+	.	gene_id "35_g"; transcript_id "35_t";
51_dna	GeneMark.hmm3	mRNA	96663	98072	.	+	.	gene_id "35_g"; transcript_id "35_t";
51_dna	GeneMark.hmm3	start_codon	96663	96665	.	+	0	gene_id "35_g"; transcript_id "35_t";
51_dna	GeneMark.hmm3	CDS	96663	96801	.	+	0	gene_id "35_g"; transcript_id "35_t"; cds_type "Initial"; count "1_2";
51_dna	GeneMark.hmm3	intron	96802	96873	.	+	1	gene_id "35_g"; transcript_id "35_t";
51_dna	GeneMark.hmm3	CDS	96874	98072	.	+	2	gene_id "35_g"; transcript_id "35_t"; cds_type "Terminal"; count "2_2";
51_dna	GeneMark.hmm3	stop_codon	98070	98072	.	+	0	gene_id "35_g"; transcript_id "35_t";
51_dna	GeneMark.hmm3	gene	98527	100767	.	-	.	gene_id "36_g"; transcript_id "36_t";
51_dna	GeneMark.hmm3	mRNA	98527	100767	.	-	.	gene_id "36_g"; transcript_id "36_t";
51_dna	GeneMark.hmm3	stop_codon	98527	98529	.	-	0	gene_id "36_g"; transcript_id "36_t";
51_dna	GeneMark.hmm3	CDS	98527	98837	.	-	2	gene_id "36_g"; transcript_id "36_t"; cds_type "Terminal"; count "12_12";
51_dna	GeneMark.hmm3	intron	98838	98927	.	-	1	gene_id "36_g"; transcript_id "36_t";
51_dna	GeneMark.hmm3	CDS	98928	98994	.	-	0	gene_id "36_g"; transcript_id "36_t"; cds_type "Internal"; count "11_12";
51_dna	GeneMark.hmm3	intron	98995	99057	.	-	0	gene_id "36_g"; transcript_id "36_t";
51_dna	GeneMark.hmm3	CDS	99058	99141	.	-	0	gene_id "36_g"; transcript_id "36_t"; cds_type "Internal"; count "10_12";
51_dna	GeneMark.hmm3	intron	99142	99203	.	-	0	gene_id "36_g"; transcript_id "36_t";
51_dna	GeneMark.hmm3	CDS	99204	99292	.	-	2	gene_id "36_g"; transcript_id "36_t"; cds_type "Internal"; count "9_12";
51_dna	GeneMark.hmm3	intron	99293	99356	.	-	1	gene_id "36_g"; transcript_id "36_t";
51_dna	GeneMark.hmm3	CDS	99357	99417	.	-	0	gene_id "36_g"; transcript_id "36_t"; cds_type "Internal"; count "8_12";
51_dna	GeneMark.hmm3	intron	99418	99505	.	-	0	gene_id "36_g"; transcript_id "36_t";
51_dna	GeneMark.hmm3	CDS	99506	99587	.	-	1	gene_id "36_g"; transcript_id "36_t"; cds_type "Internal"; count "7_12";
51_dna	GeneMark.hmm3	intron	99588	99649	.	-	2	gene_id "36_g"; transcript_id "36_t";
51_dna	GeneMark.hmm3	CDS	99650	99892	.	-	1	gene_id "36_g"; transcript_id "36_t"; cds_type "Internal"; count "6_12";
51_dna	GeneMark.hmm3	intron	99893	99951	.	-	2	gene_id "36_g"; transcript_id "36_t";
51_dna	GeneMark.hmm3	CDS	99952	100033	.	-	2	gene_id "36_g"; transcript_id "36_t"; cds_type "Internal"; count "5_12";
51_dna	GeneMark.hmm3	intron	100034	100095	.	-	1	gene_id "36_g"; transcript_id "36_t";
51_dna	GeneMark.hmm3	CDS	100096	100228	.	-	0	gene_id "36_g"; transcript_id "36_t"; cds_type "Internal"; count "4_12";
51_dna	GeneMark.hmm3	intron	100229	100300	.	-	0	gene_id "36_g"; transcript_id "36_t";
51_dna	GeneMark.hmm3	CDS	100301	100406	.	-	1	gene_id "36_g"; transcript_id "36_t"; cds_type "Internal"; count "3_12";
51_dna	GeneMark.hmm3	intron	100407	100466	.	-	2	gene_id "36_g"; transcript_id "36_t";
51_dna	GeneMark.hmm3	CDS	100467	100586	.	-	1	gene_id "36_g"; transcript_id "36_t"; cds_type "Internal"; count "2_12";
51_dna	GeneMark.hmm3	intron	100587	100651	.	-	2	gene_id "36_g"; transcript_id "36_t";
51_dna	GeneMark.hmm3	CDS	100652	100767	.	-	0	gene_id "36_g"; transcript_id "36_t"; cds_type "Initial"; count "1_12";
51_dna	GeneMark.hmm3	start_codon	100765	100767	.	-	0	gene_id "36_g"; transcript_id "36_t";
51_dna	GeneMark.hmm3	gene	101654	102149	.	+	.	gene_id "37_g"; transcript_id "37_t";
51_dna	GeneMark.hmm3	mRNA	101654	102149	.	+	.	gene_id "37_g"; transcript_id "37_t";
51_dna	GeneMark.hmm3	start_codon	101654	101656	.	+	0	gene_id "37_g"; transcript_id "37_t";
51_dna	GeneMark.hmm3	CDS	101654	101739	.	+	0	gene_id "37_g"; transcript_id "37_t"; cds_type "Initial"; count "1_2";
51_dna	GeneMark.hmm3	intron	101740	101815	.	+	2	gene_id "37_g"; transcript_id "37_t";
51_dna	GeneMark.hmm3	CDS	101816	102149	.	+	1	gene_id "37_g"; transcript_id "37_t"; cds_type "Terminal"; count "2_2";
51_dna	GeneMark.hmm3	stop_codon	102147	102149	.	+	0	gene_id "37_g"; transcript_id "37_t";
51_dna	GeneMark.hmm3	gene	103534	104223	.	+	.	gene_id "38_g"; transcript_id "38_t";
51_dna	GeneMark.hmm3	mRNA	103534	104223	.	+	.	gene_id "38_g"; transcript_id "38_t";
51_dna	GeneMark.hmm3	start_codon	103534	103536	.	+	0	gene_id "38_g"; transcript_id "38_t";
51_dna	GeneMark.hmm3	CDS	103534	104223	.	+	0	gene_id "38_g"; transcript_id "38_t"; cds_type "Single"; count "1_1";
51_dna	GeneMark.hmm3	stop_codon	104221	104223	.	+	0	gene_id "38_g"; transcript_id "38_t";
51_dna	GeneMark.hmm3	gene	104388	106061	.	-	.	gene_id "39_g"; transcript_id "39_t";
51_dna	GeneMark.hmm3	mRNA	104388	106061	.	-	.	gene_id "39_g"; transcript_id "39_t";
51_dna	GeneMark.hmm3	stop_codon	104388	104390	.	-	0	gene_id "39_g"; transcript_id "39_t";
51_dna	GeneMark.hmm3	CDS	104388	106061	.	-	0	gene_id "39_g"; transcript_id "39_t"; cds_type "Single"; count "1_1";
51_dna	GeneMark.hmm3	start_codon	106059	106061	.	-	0	gene_id "39_g"; transcript_id "39_t";
51_dna	GeneMark.hmm3	gene	106471	107161	.	+	.	gene_id "40_g"; transcript_id "40_t";
51_dna	GeneMark.hmm3	mRNA	106471	107161	.	+	.	gene_id "40_g"; transcript_id "40_t";
51_dna	GeneMark.hmm3	start_codon	106471	106473	.	+	0	gene_id "40_g"; transcript_id "40_t";
51_dna	GeneMark.hmm3	CDS	106471	106544	.	+	0	gene_id "40_g"; transcript_id "40_t"; cds_type "Initial"; count "1_3";
51_dna	GeneMark.hmm3	intron	106545	106609	.	+	2	gene_id "40_g"; transcript_id "40_t";
51_dna	GeneMark.hmm3	CDS	106610	106823	.	+	1	gene_id "40_g"; transcript_id "40_t"; cds_type "Internal"; count "2_3";
51_dna	GeneMark.hmm3	intron	106824	106879	.	+	0	gene_id "40_g"; transcript_id "40_t";
51_dna	GeneMark.hmm3	CDS	106880	107161	.	+	0	gene_id "40_g"; transcript_id "40_t"; cds_type "Terminal"; count "3_3";
51_dna	GeneMark.hmm3	stop_codon	107159	107161	.	+	0	gene_id "40_g"; transcript_id "40_t";
51_dna	GeneMark.hmm3	gene	107208	107720	.	-	.	gene_id "41_g"; transcript_id "41_t";
51_dna	GeneMark.hmm3	mRNA	107208	107720	.	-	.	gene_id "41_g"; transcript_id "41_t";
51_dna	GeneMark.hmm3	stop_codon	107208	107210	.	-	0	gene_id "41_g"; transcript_id "41_t";
51_dna	GeneMark.hmm3	CDS	107208	107534	.	-	0	gene_id "41_g"; transcript_id "41_t"; cds_type "Terminal"; count "2_2";
51_dna	GeneMark.hmm3	intron	107535	107588	.	-	0	gene_id "41_g"; transcript_id "41_t";
51_dna	GeneMark.hmm3	CDS	107589	107720	.	-	0	gene_id "41_g"; transcript_id "41_t"; cds_type "Initial"; count "1_2";
51_dna	GeneMark.hmm3	start_codon	107718	107720	.	-	0	gene_id "41_g"; transcript_id "41_t";
51_dna	GeneMark.hmm3	gene	108773	110150	.	+	.	gene_id "42_g"; transcript_id "42_t";
51_dna	GeneMark.hmm3	mRNA	108773	110150	.	+	.	gene_id "42_g"; transcript_id "42_t";
51_dna	GeneMark.hmm3	start_codon	108773	108775	.	+	0	gene_id "42_g"; transcript_id "42_t";
51_dna	GeneMark.hmm3	CDS	108773	109705	.	+	0	gene_id "42_g"; transcript_id "42_t"; cds_type "Initial"; count "1_2";
51_dna	GeneMark.hmm3	intron	109706	109769	.	+	0	gene_id "42_g"; transcript_id "42_t";
51_dna	GeneMark.hmm3	CDS	109770	110150	.	+	0	gene_id "42_g"; transcript_id "42_t"; cds_type "Terminal"; count "2_2";
51_dna	GeneMark.hmm3	stop_codon	110148	110150	.	+	0	gene_id "42_g"; transcript_id "42_t";
51_dna	GeneMark.hmm3	gene	113120	115015	.	+	.	gene_id "43_g"; transcript_id "43_t";
51_dna	GeneMark.hmm3	mRNA	113120	115015	.	+	.	gene_id "43_g"; transcript_id "43_t";
51_dna	GeneMark.hmm3	start_codon	113120	113122	.	+	0	gene_id "43_g"; transcript_id "43_t";
51_dna	GeneMark.hmm3	CDS	113120	115015	.	+	0	gene_id "43_g"; transcript_id "43_t"; cds_type "Single"; count "1_1";
51_dna	GeneMark.hmm3	stop_codon	115013	115015	.	+	0	gene_id "43_g"; transcript_id "43_t";
51_dna	GeneMark.hmm3	gene	115478	116528	.	-	.	gene_id "44_g"; transcript_id "44_t";
51_dna	GeneMark.hmm3	mRNA	115478	116528	.	-	.	gene_id "44_g"; transcript_id "44_t";
51_dna	GeneMark.hmm3	stop_codon	115478	115480	.	-	0	gene_id "44_g"; transcript_id "44_t";
51_dna	GeneMark.hmm3	CDS	115478	115903	.	-	0	gene_id "44_g"; transcript_id "44_t"; cds_type "Terminal"; count "3_3";
51_dna	GeneMark.hmm3	intron	115904	116036	.	-	0	gene_id "44_g"; transcript_id "44_t";
51_dna	GeneMark.hmm3	CDS	116037	116105	.	-	0	gene_id "44_g"; transcript_id "44_t"; cds_type "Internal"; count "2_3";
51_dna	GeneMark.hmm3	intron	116106	116267	.	-	0	gene_id "44_g"; transcript_id "44_t";
51_dna	GeneMark.hmm3	CDS	116268	116528	.	-	0	gene_id "44_g"; transcript_id "44_t"; cds_type "Initial"; count "1_3";
51_dna	GeneMark.hmm3	start_codon	116526	116528	.	-	0	gene_id "44_g"; transcript_id "44_t";
51_dna	GeneMark.hmm3	gene	123442	123995	.	-	.	gene_id "45_g"; transcript_id "45_t";
51_dna	GeneMark.hmm3	mRNA	123442	123995	.	-	.	gene_id "45_g"; transcript_id "45_t";
51_dna	GeneMark.hmm3	stop_codon	123442	123444	.	-	0	gene_id "45_g"; transcript_id "45_t";
51_dna	GeneMark.hmm3	CDS	123442	123720	.	-	0	gene_id "45_g"; transcript_id "45_t"; cds_type "Terminal"; count "3_3";
51_dna	GeneMark.hmm3	intron	123721	123792	.	-	0	gene_id "45_g"; transcript_id "45_t";
51_dna	GeneMark.hmm3	CDS	123793	123905	.	-	2	gene_id "45_g"; transcript_id "45_t"; cds_type "Internal"; count "2_3";
51_dna	GeneMark.hmm3	intron	123906	123976	.	-	1	gene_id "45_g"; transcript_id "45_t";
51_dna	GeneMark.hmm3	CDS	123977	123995	.	-	0	gene_id "45_g"; transcript_id "45_t"; cds_type "Initial"; count "1_3";
51_dna	GeneMark.hmm3	start_codon	123993	123995	.	-	0	gene_id "45_g"; transcript_id "45_t";
51_dna	GeneMark.hmm3	gene	124524	125533	.	-	.	gene_id "46_g"; transcript_id "46_t";
51_dna	GeneMark.hmm3	mRNA	124524	125533	.	-	.	gene_id "46_g"; transcript_id "46_t";
51_dna	GeneMark.hmm3	stop_codon	124524	124526	.	-	0	gene_id "46_g"; transcript_id "46_t";
51_dna	GeneMark.hmm3	CDS	124524	124573	.	-	2	gene_id "46_g"; transcript_id "46_t"; cds_type "Terminal"; count "4_4";
51_dna	GeneMark.hmm3	intron	124574	124649	.	-	1	gene_id "46_g"; transcript_id "46_t";
51_dna	GeneMark.hmm3	CDS	124650	125100	.	-	0	gene_id "46_g"; transcript_id "46_t"; cds_type "Internal"; count "3_4";
51_dna	GeneMark.hmm3	intron	125101	125159	.	-	0	gene_id "46_g"; transcript_id "46_t";
51_dna	GeneMark.hmm3	CDS	125160	125229	.	-	1	gene_id "46_g"; transcript_id "46_t"; cds_type "Internal"; count "2_4";
51_dna	GeneMark.hmm3	intron	125230	125309	.	-	2	gene_id "46_g"; transcript_id "46_t";
51_dna	GeneMark.hmm3	CDS	125310	125533	.	-	0	gene_id "46_g"; transcript_id "46_t"; cds_type "Initial"; count "1_4";
51_dna	GeneMark.hmm3	start_codon	125531	125533	.	-	0	gene_id "46_g"; transcript_id "46_t";
51_dna	GeneMark.hmm3	gene	125822	127497	.	-	.	gene_id "47_g"; transcript_id "47_t";
51_dna	GeneMark.hmm3	mRNA	125822	127497	.	-	.	gene_id "47_g"; transcript_id "47_t";
51_dna	GeneMark.hmm3	stop_codon	125822	125824	.	-	0	gene_id "47_g"; transcript_id "47_t";
51_dna	GeneMark.hmm3	CDS	125822	127209	.	-	2	gene_id "47_g"; transcript_id "47_t"; cds_type "Terminal"; count "2_2";
51_dna	GeneMark.hmm3	intron	127210	127271	.	-	1	gene_id "47_g"; transcript_id "47_t";
51_dna	GeneMark.hmm3	CDS	127272	127497	.	-	0	gene_id "47_g"; transcript_id "47_t"; cds_type "Initial"; count "1_2";
51_dna	GeneMark.hmm3	start_codon	127495	127497	.	-	0	gene_id "47_g"; transcript_id "47_t";
51_dna	GeneMark.hmm3	gene	129368	130181	.	+	.	gene_id "48_g"; transcript_id "48_t";
51_dna	GeneMark.hmm3	mRNA	129368	130181	.	+	.	gene_id "48_g"; transcript_id "48_t";
51_dna	GeneMark.hmm3	start_codon	129368	129370	.	+	0	gene_id "48_g"; transcript_id "48_t";
51_dna	GeneMark.hmm3	CDS	129368	129547	.	+	0	gene_id "48_g"; transcript_id "48_t"; cds_type "Initial"; count "1_3";
51_dna	GeneMark.hmm3	intron	129548	129616	.	+	0	gene_id "48_g"; transcript_id "48_t";
51_dna	GeneMark.hmm3	CDS	129617	130032	.	+	0	gene_id "48_g"; transcript_id "48_t"; cds_type "Internal"; count "2_3";
51_dna	GeneMark.hmm3	intron	130033	130093	.	+	2	gene_id "48_g"; transcript_id "48_t";
51_dna	GeneMark.hmm3	CDS	130094	130181	.	+	1	gene_id "48_g"; transcript_id "48_t"; cds_type "Terminal"; count "3_3";
51_dna	GeneMark.hmm3	stop_codon	130179	130181	.	+	0	gene_id "48_g"; transcript_id "48_t";
51_dna	GeneMark.hmm3	gene	130874	132651	.	+	.	gene_id "49_g"; transcript_id "49_t";
51_dna	GeneMark.hmm3	mRNA	130874	132651	.	+	.	gene_id "49_g"; transcript_id "49_t";
51_dna	GeneMark.hmm3	start_codon	130874	130876	.	+	0	gene_id "49_g"; transcript_id "49_t";
51_dna	GeneMark.hmm3	CDS	130874	130890	.	+	0	gene_id "49_g"; transcript_id "49_t"; cds_type "Initial"; count "1_4";
51_dna	GeneMark.hmm3	intron	130891	130949	.	+	2	gene_id "49_g"; transcript_id "49_t";
51_dna	GeneMark.hmm3	CDS	130950	130985	.	+	1	gene_id "49_g"; transcript_id "49_t"; cds_type "Internal"; count "2_4";
51_dna	GeneMark.hmm3	intron	130986	131041	.	+	2	gene_id "49_g"; transcript_id "49_t";
51_dna	GeneMark.hmm3	CDS	131042	131282	.	+	1	gene_id "49_g"; transcript_id "49_t"; cds_type "Internal"; count "3_4";
51_dna	GeneMark.hmm3	intron	131283	131472	.	+	0	gene_id "49_g"; transcript_id "49_t";
51_dna	GeneMark.hmm3	CDS	131473	132651	.	+	0	gene_id "49_g"; transcript_id "49_t"; cds_type "Terminal"; count "4_4";
51_dna	GeneMark.hmm3	stop_codon	132649	132651	.	+	0	gene_id "49_g"; transcript_id "49_t";
51_dna	GeneMark.hmm3	gene	133817	135961	.	+	.	gene_id "50_g"; transcript_id "50_t";
51_dna	GeneMark.hmm3	mRNA	133817	135961	.	+	.	gene_id "50_g"; transcript_id "50_t";
51_dna	GeneMark.hmm3	start_codon	133817	133819	.	+	0	gene_id "50_g"; transcript_id "50_t";
51_dna	GeneMark.hmm3	CDS	133817	135961	.	+	0	gene_id "50_g"; transcript_id "50_t"; cds_type "Single"; count "1_1";
51_dna	GeneMark.hmm3	stop_codon	135959	135961	.	+	0	gene_id "50_g"; transcript_id "50_t";
51_dna	GeneMark.hmm3	gene	139822	142257	.	+	.	gene_id "51_g"; transcript_id "51_t";
51_dna	GeneMark.hmm3	mRNA	139822	142257	.	+	.	gene_id "51_g"; transcript_id "51_t";
51_dna	GeneMark.hmm3	start_codon	139822	139824	.	+	0	gene_id "51_g"; transcript_id "51_t";
51_dna	GeneMark.hmm3	CDS	139822	142257	.	+	0	gene_id "51_g"; transcript_id "51_t"; cds_type "Single"; count "1_1";
51_dna	GeneMark.hmm3	stop_codon	142255	142257	.	+	0	gene_id "51_g"; transcript_id "51_t";
51_dna	GeneMark.hmm3	gene	142602	143303	.	-	.	gene_id "52_g"; transcript_id "52_t";
51_dna	GeneMark.hmm3	mRNA	142602	143303	.	-	.	gene_id "52_g"; transcript_id "52_t";
51_dna	GeneMark.hmm3	stop_codon	142602	142604	.	-	0	gene_id "52_g"; transcript_id "52_t";
51_dna	GeneMark.hmm3	CDS	142602	143303	.	-	0	gene_id "52_g"; transcript_id "52_t"; cds_type "Single"; count "1_1";
51_dna	GeneMark.hmm3	start_codon	143301	143303	.	-	0	gene_id "52_g"; transcript_id "52_t";
51_dna	GeneMark.hmm3	gene	144724	146097	.	+	.	gene_id "53_g"; transcript_id "53_t";
51_dna	GeneMark.hmm3	mRNA	144724	146097	.	+	.	gene_id "53_g"; transcript_id "53_t";
51_dna	GeneMark.hmm3	start_codon	144724	144726	.	+	0	gene_id "53_g"; transcript_id "53_t";
51_dna	GeneMark.hmm3	CDS	144724	146097	.	+	0	gene_id "53_g"; transcript_id "53_t"; cds_type "Single"; count "1_1";
51_dna	GeneMark.hmm3	stop_codon	146095	146097	.	+	0	gene_id "53_g"; transcript_id "53_t";
51_dna	GeneMark.hmm3	gene	146573	147964	.	+	.	gene_id "54_g"; transcript_id "54_t";
51_dna	GeneMark.hmm3	mRNA	146573	147964	.	+	.	gene_id "54_g"; transcript_id "54_t";
51_dna	GeneMark.hmm3	start_codon	146573	146575	.	+	0	gene_id "54_g"; transcript_id "54_t";
51_dna	GeneMark.hmm3	CDS	146573	147964	.	+	0	gene_id "54_g"; transcript_id "54_t"; cds_type "Single"; count "1_1";
51_dna	GeneMark.hmm3	stop_codon	147962	147964	.	+	0	gene_id "54_g"; transcript_id "54_t";
51_dna	GeneMark.hmm3	gene	148384	150219	.	+	.	gene_id "55_g"; transcript_id "55_t";
51_dna	GeneMark.hmm3	mRNA	148384	150219	.	+	.	gene_id "55_g"; transcript_id "55_t";
51_dna	GeneMark.hmm3	start_codon	148384	148386	.	+	0	gene_id "55_g"; transcript_id "55_t";
51_dna	GeneMark.hmm3	CDS	148384	148531	.	+	0	gene_id "55_g"; transcript_id "55_t"; cds_type "Initial"; count "1_2";
51_dna	GeneMark.hmm3	intron	148532	148603	.	+	1	gene_id "55_g"; transcript_id "55_t";
51_dna	GeneMark.hmm3	CDS	148604	150219	.	+	2	gene_id "55_g"; transcript_id "55_t"; cds_type "Terminal"; count "2_2";
51_dna	GeneMark.hmm3	stop_codon	150217	150219	.	+	0	gene_id "55_g"; transcript_id "55_t";
51_dna	GeneMark.hmm3	gene	151137	151452	.	+	.	gene_id "56_g"; transcript_id "56_t";
51_dna	GeneMark.hmm3	mRNA	151137	151452	.	+	.	gene_id "56_g"; transcript_id "56_t";
51_dna	GeneMark.hmm3	start_codon	151137	151139	.	+	0	gene_id "56_g"; transcript_id "56_t";
51_dna	GeneMark.hmm3	CDS	151137	151224	.	+	0	gene_id "56_g"; transcript_id "56_t"; cds_type "Initial"; count "1_2";
51_dna	GeneMark.hmm3	intron	151225	151288	.	+	1	gene_id "56_g"; transcript_id "56_t";
51_dna	GeneMark.hmm3	CDS	151289	151452	.	+	2	gene_id "56_g"; transcript_id "56_t"; cds_type "Terminal"; count "2_2";
51_dna	GeneMark.hmm3	stop_codon	151450	151452	.	+	0	gene_id "56_g"; transcript_id "56_t";
51_dna	GeneMark.hmm3	gene	152711	153333	.	+	.	gene_id "57_g"; transcript_id "57_t";
51_dna	GeneMark.hmm3	mRNA	152711	153333	.	+	.	gene_id "57_g"; transcript_id "57_t";
51_dna	GeneMark.hmm3	start_codon	152711	152713	.	+	0	gene_id "57_g"; transcript_id "57_t";
51_dna	GeneMark.hmm3	CDS	152711	152798	.	+	0	gene_id "57_g"; transcript_id "57_t"; cds_type "Initial"; count "1_2";
51_dna	GeneMark.hmm3	intron	152799	152868	.	+	1	gene_id "57_g"; transcript_id "57_t";
51_dna	GeneMark.hmm3	CDS	152869	153333	.	+	2	gene_id "57_g"; transcript_id "57_t"; cds_type "Internal"; count "2_2";
