# Eukaryotic GeneMark.hmm version 3.68_lic
# Sequence name: /home/zack/Desktop/IsariaPreferralGenome/MyGenomeSubmittedToNCBI/HypocrealesProteinSets/GENOMES/CcateniannulataMBC234/FunannotatePredict/predict_misc/genemark/output/data/dna.fa_78
# FASTA defline: >dna.fa_78	78_dna	1	122048
# Sequence length: 122048 bp
# G+C content: 53.32%
# Matrices file: /home/zack/Desktop/IsariaPreferralGenome/MyGenomeSubmittedToNCBI/HypocrealesProteinSets/GENOMES/CcateniannulataMBC234/FunannotatePredict/predict_misc/genemark/output/gmhmm.mod
# Sun Mar  3 17:54:13 2024
# FASTA definition line: >dna.fa_78	78_dna	1	122048
# sequence-region 78_dna 1 122048
78_dna	GeneMark.hmm3	gene	1332	2516	.	+	.	gene_id "1_g"; transcript_id "1_t";
78_dna	GeneMark.hmm3	mRNA	1332	2516	.	+	.	gene_id "1_g"; transcript_id "1_t";
78_dna	GeneMark.hmm3	start_codon	1332	1334	.	+	0	gene_id "1_g"; transcript_id "1_t";
78_dna	GeneMark.hmm3	CDS	1332	1825	.	+	0	gene_id "1_g"; transcript_id "1_t"; cds_type "Initial"; count "1_2";
78_dna	GeneMark.hmm3	intron	1826	1891	.	+	2	gene_id "1_g"; transcript_id "1_t";
78_dna	GeneMark.hmm3	CDS	1892	2516	.	+	1	gene_id "1_g"; transcript_id "1_t"; cds_type "Terminal"; count "2_2";
78_dna	GeneMark.hmm3	stop_codon	2514	2516	.	+	0	gene_id "1_g"; transcript_id "1_t";
78_dna	GeneMark.hmm3	gene	2909	5281	.	-	.	gene_id "2_g"; transcript_id "2_t";
78_dna	GeneMark.hmm3	mRNA	2909	5281	.	-	.	gene_id "2_g"; transcript_id "2_t";
78_dna	GeneMark.hmm3	stop_codon	2909	2911	.	-	0	gene_id "2_g"; transcript_id "2_t";
78_dna	GeneMark.hmm3	CDS	2909	3338	.	-	1	gene_id "2_g"; transcript_id "2_t"; cds_type "Terminal"; count "2_2";
78_dna	GeneMark.hmm3	intron	3339	4394	.	-	2	gene_id "2_g"; transcript_id "2_t";
78_dna	GeneMark.hmm3	CDS	4395	5281	.	-	0	gene_id "2_g"; transcript_id "2_t"; cds_type "Initial"; count "1_2";
78_dna	GeneMark.hmm3	start_codon	5279	5281	.	-	0	gene_id "2_g"; transcript_id "2_t";
78_dna	GeneMark.hmm3	gene	11306	14734	.	+	.	gene_id "3_g"; transcript_id "3_t";
78_dna	GeneMark.hmm3	mRNA	11306	14734	.	+	.	gene_id "3_g"; transcript_id "3_t";
78_dna	GeneMark.hmm3	start_codon	11306	11308	.	+	0	gene_id "3_g"; transcript_id "3_t";
78_dna	GeneMark.hmm3	CDS	11306	14734	.	+	0	gene_id "3_g"; transcript_id "3_t"; cds_type "Single"; count "1_1";
78_dna	GeneMark.hmm3	stop_codon	14732	14734	.	+	0	gene_id "3_g"; transcript_id "3_t";
78_dna	GeneMark.hmm3	gene	15290	15843	.	-	.	gene_id "4_g"; transcript_id "4_t";
78_dna	GeneMark.hmm3	mRNA	15290	15843	.	-	.	gene_id "4_g"; transcript_id "4_t";
78_dna	GeneMark.hmm3	stop_codon	15290	15292	.	-	0	gene_id "4_g"; transcript_id "4_t";
78_dna	GeneMark.hmm3	CDS	15290	15340	.	-	0	gene_id "4_g"; transcript_id "4_t"; cds_type "Terminal"; count "2_2";
78_dna	GeneMark.hmm3	intron	15341	15408	.	-	0	gene_id "4_g"; transcript_id "4_t";
78_dna	GeneMark.hmm3	CDS	15409	15843	.	-	0	gene_id "4_g"; transcript_id "4_t"; cds_type "Initial"; count "1_2";
78_dna	GeneMark.hmm3	start_codon	15841	15843	.	-	0	gene_id "4_g"; transcript_id "4_t";
78_dna	GeneMark.hmm3	gene	16592	18019	.	+	.	gene_id "5_g"; transcript_id "5_t";
78_dna	GeneMark.hmm3	mRNA	16592	18019	.	+	.	gene_id "5_g"; transcript_id "5_t";
78_dna	GeneMark.hmm3	start_codon	16592	16594	.	+	0	gene_id "5_g"; transcript_id "5_t";
78_dna	GeneMark.hmm3	CDS	16592	16996	.	+	0	gene_id "5_g"; transcript_id "5_t"; cds_type "Initial"; count "1_2";
78_dna	GeneMark.hmm3	intron	16997	17086	.	+	0	gene_id "5_g"; transcript_id "5_t";
78_dna	GeneMark.hmm3	CDS	17087	18019	.	+	0	gene_id "5_g"; transcript_id "5_t"; cds_type "Terminal"; count "2_2";
78_dna	GeneMark.hmm3	stop_codon	18017	18019	.	+	0	gene_id "5_g"; transcript_id "5_t";
78_dna	GeneMark.hmm3	gene	18787	24725	.	-	.	gene_id "6_g"; transcript_id "6_t";
78_dna	GeneMark.hmm3	mRNA	18787	24725	.	-	.	gene_id "6_g"; transcript_id "6_t";
78_dna	GeneMark.hmm3	stop_codon	18787	18789	.	-	0	gene_id "6_g"; transcript_id "6_t";
78_dna	GeneMark.hmm3	CDS	18787	21357	.	-	0	gene_id "6_g"; transcript_id "6_t"; cds_type "Terminal"; count "2_2";
78_dna	GeneMark.hmm3	intron	21358	21410	.	-	0	gene_id "6_g"; transcript_id "6_t";
78_dna	GeneMark.hmm3	CDS	21411	24725	.	-	0	gene_id "6_g"; transcript_id "6_t"; cds_type "Initial"; count "1_2";
78_dna	GeneMark.hmm3	start_codon	24723	24725	.	-	0	gene_id "6_g"; transcript_id "6_t";
78_dna	GeneMark.hmm3	gene	25184	29385	.	+	.	gene_id "7_g"; transcript_id "7_t";
78_dna	GeneMark.hmm3	mRNA	25184	29385	.	+	.	gene_id "7_g"; transcript_id "7_t";
78_dna	GeneMark.hmm3	start_codon	25184	25186	.	+	0	gene_id "7_g"; transcript_id "7_t";
78_dna	GeneMark.hmm3	CDS	25184	25669	.	+	0	gene_id "7_g"; transcript_id "7_t"; cds_type "Initial"; count "1_5";
78_dna	GeneMark.hmm3	intron	25670	25718	.	+	0	gene_id "7_g"; transcript_id "7_t";
78_dna	GeneMark.hmm3	CDS	25719	25745	.	+	0	gene_id "7_g"; transcript_id "7_t"; cds_type "Internal"; count "2_5";
78_dna	GeneMark.hmm3	intron	25746	25796	.	+	0	gene_id "7_g"; transcript_id "7_t";
78_dna	GeneMark.hmm3	CDS	25797	26773	.	+	0	gene_id "7_g"; transcript_id "7_t"; cds_type "Internal"; count "3_5";
78_dna	GeneMark.hmm3	intron	26774	26822	.	+	2	gene_id "7_g"; transcript_id "7_t";
78_dna	GeneMark.hmm3	CDS	26823	28554	.	+	1	gene_id "7_g"; transcript_id "7_t"; cds_type "Internal"; count "4_5";
78_dna	GeneMark.hmm3	intron	28555	28602	.	+	0	gene_id "7_g"; transcript_id "7_t";
78_dna	GeneMark.hmm3	CDS	28603	29385	.	+	0	gene_id "7_g"; transcript_id "7_t"; cds_type "Terminal"; count "5_5";
78_dna	GeneMark.hmm3	stop_codon	29383	29385	.	+	0	gene_id "7_g"; transcript_id "7_t";
78_dna	GeneMark.hmm3	gene	29881	30551	.	-	.	gene_id "8_g"; transcript_id "8_t";
78_dna	GeneMark.hmm3	mRNA	29881	30551	.	-	.	gene_id "8_g"; transcript_id "8_t";
78_dna	GeneMark.hmm3	stop_codon	29881	29883	.	-	0	gene_id "8_g"; transcript_id "8_t";
78_dna	GeneMark.hmm3	CDS	29881	30284	.	-	2	gene_id "8_g"; transcript_id "8_t"; cds_type "Terminal"; count "3_3";
78_dna	GeneMark.hmm3	intron	30285	30360	.	-	1	gene_id "8_g"; transcript_id "8_t";
78_dna	GeneMark.hmm3	CDS	30361	30420	.	-	2	gene_id "8_g"; transcript_id "8_t"; cds_type "Internal"; count "2_3";
78_dna	GeneMark.hmm3	intron	30421	30481	.	-	1	gene_id "8_g"; transcript_id "8_t";
78_dna	GeneMark.hmm3	CDS	30482	30551	.	-	0	gene_id "8_g"; transcript_id "8_t"; cds_type "Initial"; count "1_3";
78_dna	GeneMark.hmm3	start_codon	30549	30551	.	-	0	gene_id "8_g"; transcript_id "8_t";
78_dna	GeneMark.hmm3	gene	32268	33958	.	-	.	gene_id "9_g"; transcript_id "9_t";
78_dna	GeneMark.hmm3	mRNA	32268	33958	.	-	.	gene_id "9_g"; transcript_id "9_t";
78_dna	GeneMark.hmm3	stop_codon	32268	32270	.	-	0	gene_id "9_g"; transcript_id "9_t";
78_dna	GeneMark.hmm3	CDS	32268	32929	.	-	2	gene_id "9_g"; transcript_id "9_t"; cds_type "Terminal"; count "2_2";
78_dna	GeneMark.hmm3	intron	32930	33000	.	-	1	gene_id "9_g"; transcript_id "9_t";
78_dna	GeneMark.hmm3	CDS	33001	33958	.	-	0	gene_id "9_g"; transcript_id "9_t"; cds_type "Initial"; count "1_2";
78_dna	GeneMark.hmm3	start_codon	33956	33958	.	-	0	gene_id "9_g"; transcript_id "9_t";
78_dna	GeneMark.hmm3	gene	35468	37342	.	+	.	gene_id "10_g"; transcript_id "10_t";
78_dna	GeneMark.hmm3	mRNA	35468	37342	.	+	.	gene_id "10_g"; transcript_id "10_t";
78_dna	GeneMark.hmm3	start_codon	35468	35470	.	+	0	gene_id "10_g"; transcript_id "10_t";
78_dna	GeneMark.hmm3	CDS	35468	37342	.	+	0	gene_id "10_g"; transcript_id "10_t"; cds_type "Single"; count "1_1";
78_dna	GeneMark.hmm3	stop_codon	37340	37342	.	+	0	gene_id "10_g"; transcript_id "10_t";
78_dna	GeneMark.hmm3	gene	37815	38203	.	+	.	gene_id "11_g"; transcript_id "11_t";
78_dna	GeneMark.hmm3	mRNA	37815	38203	.	+	.	gene_id "11_g"; transcript_id "11_t";
78_dna	GeneMark.hmm3	start_codon	37815	37817	.	+	0	gene_id "11_g"; transcript_id "11_t";
78_dna	GeneMark.hmm3	CDS	37815	37971	.	+	0	gene_id "11_g"; transcript_id "11_t"; cds_type "Initial"; count "1_2";
78_dna	GeneMark.hmm3	intron	37972	38042	.	+	1	gene_id "11_g"; transcript_id "11_t";
78_dna	GeneMark.hmm3	CDS	38043	38203	.	+	2	gene_id "11_g"; transcript_id "11_t"; cds_type "Terminal"; count "2_2";
78_dna	GeneMark.hmm3	stop_codon	38201	38203	.	+	0	gene_id "11_g"; transcript_id "11_t";
78_dna	GeneMark.hmm3	gene	38395	38988	.	-	.	gene_id "12_g"; transcript_id "12_t";
78_dna	GeneMark.hmm3	mRNA	38395	38988	.	-	.	gene_id "12_g"; transcript_id "12_t";
78_dna	GeneMark.hmm3	stop_codon	38395	38397	.	-	0	gene_id "12_g"; transcript_id "12_t";
78_dna	GeneMark.hmm3	CDS	38395	38671	.	-	1	gene_id "12_g"; transcript_id "12_t"; cds_type "Terminal"; count "2_2";
78_dna	GeneMark.hmm3	intron	38672	38734	.	-	2	gene_id "12_g"; transcript_id "12_t";
78_dna	GeneMark.hmm3	CDS	38735	38988	.	-	0	gene_id "12_g"; transcript_id "12_t"; cds_type "Initial"; count "1_2";
78_dna	GeneMark.hmm3	start_codon	38986	38988	.	-	0	gene_id "12_g"; transcript_id "12_t";
78_dna	GeneMark.hmm3	gene	41186	41887	.	+	.	gene_id "13_g"; transcript_id "13_t";
78_dna	GeneMark.hmm3	mRNA	41186	41887	.	+	.	gene_id "13_g"; transcript_id "13_t";
78_dna	GeneMark.hmm3	start_codon	41186	41188	.	+	0	gene_id "13_g"; transcript_id "13_t";
78_dna	GeneMark.hmm3	CDS	41186	41887	.	+	0	gene_id "13_g"; transcript_id "13_t"; cds_type "Single"; count "1_1";
78_dna	GeneMark.hmm3	stop_codon	41885	41887	.	+	0	gene_id "13_g"; transcript_id "13_t";
78_dna	GeneMark.hmm3	gene	42182	43165	.	-	.	gene_id "14_g"; transcript_id "14_t";
78_dna	GeneMark.hmm3	mRNA	42182	43165	.	-	.	gene_id "14_g"; transcript_id "14_t";
78_dna	GeneMark.hmm3	stop_codon	42182	42184	.	-	0	gene_id "14_g"; transcript_id "14_t";
78_dna	GeneMark.hmm3	CDS	42182	43165	.	-	0	gene_id "14_g"; transcript_id "14_t"; cds_type "Single"; count "1_1";
78_dna	GeneMark.hmm3	start_codon	43163	43165	.	-	0	gene_id "14_g"; transcript_id "14_t";
78_dna	GeneMark.hmm3	gene	45361	47122	.	+	.	gene_id "15_g"; transcript_id "15_t";
78_dna	GeneMark.hmm3	mRNA	45361	47122	.	+	.	gene_id "15_g"; transcript_id "15_t";
78_dna	GeneMark.hmm3	start_codon	45361	45363	.	+	0	gene_id "15_g"; transcript_id "15_t";
78_dna	GeneMark.hmm3	CDS	45361	45665	.	+	0	gene_id "15_g"; transcript_id "15_t"; cds_type "Initial"; count "1_2";
78_dna	GeneMark.hmm3	intron	45666	45741	.	+	2	gene_id "15_g"; transcript_id "15_t";
78_dna	GeneMark.hmm3	CDS	45742	47122	.	+	1	gene_id "15_g"; transcript_id "15_t"; cds_type "Terminal"; count "2_2";
78_dna	GeneMark.hmm3	stop_codon	47120	47122	.	+	0	gene_id "15_g"; transcript_id "15_t";
78_dna	GeneMark.hmm3	gene	48762	49154	.	+	.	gene_id "16_g"; transcript_id "16_t";
78_dna	GeneMark.hmm3	mRNA	48762	49154	.	+	.	gene_id "16_g"; transcript_id "16_t";
78_dna	GeneMark.hmm3	start_codon	48762	48764	.	+	0	gene_id "16_g"; transcript_id "16_t";
78_dna	GeneMark.hmm3	CDS	48762	49154	.	+	0	gene_id "16_g"; transcript_id "16_t"; cds_type "Single"; count "1_1";
78_dna	GeneMark.hmm3	stop_codon	49152	49154	.	+	0	gene_id "16_g"; transcript_id "16_t";
78_dna	GeneMark.hmm3	gene	49788	52004	.	+	.	gene_id "17_g"; transcript_id "17_t";
78_dna	GeneMark.hmm3	mRNA	49788	52004	.	+	.	gene_id "17_g"; transcript_id "17_t";
78_dna	GeneMark.hmm3	start_codon	49788	49790	.	+	0	gene_id "17_g"; transcript_id "17_t";
78_dna	GeneMark.hmm3	CDS	49788	50512	.	+	0	gene_id "17_g"; transcript_id "17_t"; cds_type "Initial"; count "1_5";
78_dna	GeneMark.hmm3	intron	50513	51375	.	+	2	gene_id "17_g"; transcript_id "17_t";
78_dna	GeneMark.hmm3	CDS	51376	51389	.	+	1	gene_id "17_g"; transcript_id "17_t"; cds_type "Internal"; count "2_5";
78_dna	GeneMark.hmm3	intron	51390	51519	.	+	1	gene_id "17_g"; transcript_id "17_t";
78_dna	GeneMark.hmm3	CDS	51520	51560	.	+	2	gene_id "17_g"; transcript_id "17_t"; cds_type "Internal"; count "3_5";
78_dna	GeneMark.hmm3	intron	51561	51629	.	+	0	gene_id "17_g"; transcript_id "17_t";
78_dna	GeneMark.hmm3	CDS	51630	51914	.	+	0	gene_id "17_g"; transcript_id "17_t"; cds_type "Internal"; count "4_5";
78_dna	GeneMark.hmm3	intron	51915	51968	.	+	0	gene_id "17_g"; transcript_id "17_t";
78_dna	GeneMark.hmm3	CDS	51969	52004	.	+	0	gene_id "17_g"; transcript_id "17_t"; cds_type "Terminal"; count "5_5";
78_dna	GeneMark.hmm3	stop_codon	52002	52004	.	+	0	gene_id "17_g"; transcript_id "17_t";
78_dna	GeneMark.hmm3	gene	52206	53400	.	+	.	gene_id "18_g"; transcript_id "18_t";
78_dna	GeneMark.hmm3	mRNA	52206	53400	.	+	.	gene_id "18_g"; transcript_id "18_t";
78_dna	GeneMark.hmm3	start_codon	52206	52208	.	+	0	gene_id "18_g"; transcript_id "18_t";
78_dna	GeneMark.hmm3	CDS	52206	52324	.	+	0	gene_id "18_g"; transcript_id "18_t"; cds_type "Initial"; count "1_6";
78_dna	GeneMark.hmm3	intron	52325	52508	.	+	2	gene_id "18_g"; transcript_id "18_t";
78_dna	GeneMark.hmm3	CDS	52509	52585	.	+	1	gene_id "18_g"; transcript_id "18_t"; cds_type "Internal"; count "2_6";
78_dna	GeneMark.hmm3	intron	52586	52639	.	+	1	gene_id "18_g"; transcript_id "18_t";
78_dna	GeneMark.hmm3	CDS	52640	52817	.	+	2	gene_id "18_g"; transcript_id "18_t"; cds_type "Internal"; count "3_6";
78_dna	GeneMark.hmm3	intron	52818	52871	.	+	2	gene_id "18_g"; transcript_id "18_t";
78_dna	GeneMark.hmm3	CDS	52872	52933	.	+	1	gene_id "18_g"; transcript_id "18_t"; cds_type "Internal"; count "4_6";
78_dna	GeneMark.hmm3	intron	52934	52980	.	+	1	gene_id "18_g"; transcript_id "18_t";
78_dna	GeneMark.hmm3	CDS	52981	53073	.	+	2	gene_id "18_g"; transcript_id "18_t"; cds_type "Internal"; count "5_6";
78_dna	GeneMark.hmm3	intron	53074	53122	.	+	1	gene_id "18_g"; transcript_id "18_t";
78_dna	GeneMark.hmm3	CDS	53123	53400	.	+	2	gene_id "18_g"; transcript_id "18_t"; cds_type "Terminal"; count "6_6";
78_dna	GeneMark.hmm3	stop_codon	53398	53400	.	+	0	gene_id "18_g"; transcript_id "18_t";
78_dna	GeneMark.hmm3	gene	57010	57628	.	+	.	gene_id "19_g"; transcript_id "19_t";
78_dna	GeneMark.hmm3	mRNA	57010	57628	.	+	.	gene_id "19_g"; transcript_id "19_t";
78_dna	GeneMark.hmm3	start_codon	57010	57012	.	+	0	gene_id "19_g"; transcript_id "19_t";
78_dna	GeneMark.hmm3	CDS	57010	57091	.	+	0	gene_id "19_g"; transcript_id "19_t"; cds_type "Initial"; count "1_3";
78_dna	GeneMark.hmm3	intron	57092	57261	.	+	1	gene_id "19_g"; transcript_id "19_t";
78_dna	GeneMark.hmm3	CDS	57262	57560	.	+	2	gene_id "19_g"; transcript_id "19_t"; cds_type "Internal"; count "2_3";
78_dna	GeneMark.hmm3	intron	57561	57622	.	+	0	gene_id "19_g"; transcript_id "19_t";
78_dna	GeneMark.hmm3	CDS	57623	57628	.	+	0	gene_id "19_g"; transcript_id "19_t"; cds_type "Terminal"; count "3_3";
78_dna	GeneMark.hmm3	stop_codon	57626	57628	.	+	0	gene_id "19_g"; transcript_id "19_t";
78_dna	GeneMark.hmm3	gene	59154	61671	.	-	.	gene_id "20_g"; transcript_id "20_t";
78_dna	GeneMark.hmm3	mRNA	59154	61671	.	-	.	gene_id "20_g"; transcript_id "20_t";
78_dna	GeneMark.hmm3	stop_codon	59154	59156	.	-	0	gene_id "20_g"; transcript_id "20_t";
78_dna	GeneMark.hmm3	CDS	59154	61008	.	-	1	gene_id "20_g"; transcript_id "20_t"; cds_type "Terminal"; count "3_3";
78_dna	GeneMark.hmm3	intron	61009	61059	.	-	2	gene_id "20_g"; transcript_id "20_t";
78_dna	GeneMark.hmm3	CDS	61060	61259	.	-	0	gene_id "20_g"; transcript_id "20_t"; cds_type "Internal"; count "2_3";
78_dna	GeneMark.hmm3	intron	61260	61311	.	-	0	gene_id "20_g"; transcript_id "20_t";
78_dna	GeneMark.hmm3	CDS	61312	61671	.	-	0	gene_id "20_g"; transcript_id "20_t"; cds_type "Initial"; count "1_3";
78_dna	GeneMark.hmm3	start_codon	61669	61671	.	-	0	gene_id "20_g"; transcript_id "20_t";
78_dna	GeneMark.hmm3	gene	62763	64377	.	+	.	gene_id "21_g"; transcript_id "21_t";
78_dna	GeneMark.hmm3	mRNA	62763	64377	.	+	.	gene_id "21_g"; transcript_id "21_t";
78_dna	GeneMark.hmm3	start_codon	62763	62765	.	+	0	gene_id "21_g"; transcript_id "21_t";
78_dna	GeneMark.hmm3	CDS	62763	63075	.	+	0	gene_id "21_g"; transcript_id "21_t"; cds_type "Initial"; count "1_2";
78_dna	GeneMark.hmm3	intron	63076	63130	.	+	1	gene_id "21_g"; transcript_id "21_t";
78_dna	GeneMark.hmm3	CDS	63131	64377	.	+	2	gene_id "21_g"; transcript_id "21_t"; cds_type "Terminal"; count "2_2";
78_dna	GeneMark.hmm3	stop_codon	64375	64377	.	+	0	gene_id "21_g"; transcript_id "21_t";
78_dna	GeneMark.hmm3	gene	64974	67319	.	+	.	gene_id "22_g"; transcript_id "22_t";
78_dna	GeneMark.hmm3	mRNA	64974	67319	.	+	.	gene_id "22_g"; transcript_id "22_t";
78_dna	GeneMark.hmm3	start_codon	64974	64976	.	+	0	gene_id "22_g"; transcript_id "22_t";
78_dna	GeneMark.hmm3	CDS	64974	67319	.	+	0	gene_id "22_g"; transcript_id "22_t"; cds_type "Single"; count "1_1";
78_dna	GeneMark.hmm3	stop_codon	67317	67319	.	+	0	gene_id "22_g"; transcript_id "22_t";
78_dna	GeneMark.hmm3	gene	67770	70508	.	-	.	gene_id "23_g"; transcript_id "23_t";
78_dna	GeneMark.hmm3	mRNA	67770	70508	.	-	.	gene_id "23_g"; transcript_id "23_t";
78_dna	GeneMark.hmm3	stop_codon	67770	67772	.	-	0	gene_id "23_g"; transcript_id "23_t";
78_dna	GeneMark.hmm3	CDS	67770	70192	.	-	2	gene_id "23_g"; transcript_id "23_t"; cds_type "Terminal"; count "2_2";
78_dna	GeneMark.hmm3	intron	70193	70489	.	-	1	gene_id "23_g"; transcript_id "23_t";
78_dna	GeneMark.hmm3	CDS	70490	70508	.	-	0	gene_id "23_g"; transcript_id "23_t"; cds_type "Initial"; count "1_2";
78_dna	GeneMark.hmm3	start_codon	70506	70508	.	-	0	gene_id "23_g"; transcript_id "23_t";
78_dna	GeneMark.hmm3	gene	75050	78054	.	+	.	gene_id "24_g"; transcript_id "24_t";
78_dna	GeneMark.hmm3	mRNA	75050	78054	.	+	.	gene_id "24_g"; transcript_id "24_t";
78_dna	GeneMark.hmm3	start_codon	75050	75052	.	+	0	gene_id "24_g"; transcript_id "24_t";
78_dna	GeneMark.hmm3	CDS	75050	75341	.	+	0	gene_id "24_g"; transcript_id "24_t"; cds_type "Initial"; count "1_2";
78_dna	GeneMark.hmm3	intron	75342	75430	.	+	1	gene_id "24_g"; transcript_id "24_t";
78_dna	GeneMark.hmm3	CDS	75431	78054	.	+	2	gene_id "24_g"; transcript_id "24_t"; cds_type "Terminal"; count "2_2";
78_dna	GeneMark.hmm3	stop_codon	78052	78054	.	+	0	gene_id "24_g"; transcript_id "24_t";
78_dna	GeneMark.hmm3	gene	79136	81036	.	+	.	gene_id "25_g"; transcript_id "25_t";
78_dna	GeneMark.hmm3	mRNA	79136	81036	.	+	.	gene_id "25_g"; transcript_id "25_t";
78_dna	GeneMark.hmm3	start_codon	79136	79138	.	+	0	gene_id "25_g"; transcript_id "25_t";
78_dna	GeneMark.hmm3	CDS	79136	79253	.	+	0	gene_id "25_g"; transcript_id "25_t"; cds_type "Initial"; count "1_2";
78_dna	GeneMark.hmm3	intron	79254	79438	.	+	1	gene_id "25_g"; transcript_id "25_t";
78_dna	GeneMark.hmm3	CDS	79439	81036	.	+	2	gene_id "25_g"; transcript_id "25_t"; cds_type "Terminal"; count "2_2";
78_dna	GeneMark.hmm3	stop_codon	81034	81036	.	+	0	gene_id "25_g"; transcript_id "25_t";
78_dna	GeneMark.hmm3	gene	81363	82004	.	-	.	gene_id "26_g"; transcript_id "26_t";
78_dna	GeneMark.hmm3	mRNA	81363	82004	.	-	.	gene_id "26_g"; transcript_id "26_t";
78_dna	GeneMark.hmm3	stop_codon	81363	81365	.	-	0	gene_id "26_g"; transcript_id "26_t";
78_dna	GeneMark.hmm3	CDS	81363	82004	.	-	0	gene_id "26_g"; transcript_id "26_t"; cds_type "Single"; count "1_1";
78_dna	GeneMark.hmm3	start_codon	82002	82004	.	-	0	gene_id "26_g"; transcript_id "26_t";
78_dna	GeneMark.hmm3	gene	83185	83652	.	+	.	gene_id "27_g"; transcript_id "27_t";
78_dna	GeneMark.hmm3	mRNA	83185	83652	.	+	.	gene_id "27_g"; transcript_id "27_t";
78_dna	GeneMark.hmm3	start_codon	83185	83187	.	+	0	gene_id "27_g"; transcript_id "27_t";
78_dna	GeneMark.hmm3	CDS	83185	83652	.	+	0	gene_id "27_g"; transcript_id "27_t"; cds_type "Single"; count "1_1";
78_dna	GeneMark.hmm3	stop_codon	83650	83652	.	+	0	gene_id "27_g"; transcript_id "27_t";
78_dna	GeneMark.hmm3	gene	84413	86072	.	+	.	gene_id "28_g"; transcript_id "28_t";
78_dna	GeneMark.hmm3	mRNA	84413	86072	.	+	.	gene_id "28_g"; transcript_id "28_t";
78_dna	GeneMark.hmm3	start_codon	84413	84415	.	+	0	gene_id "28_g"; transcript_id "28_t";
78_dna	GeneMark.hmm3	CDS	84413	84493	.	+	0	gene_id "28_g"; transcript_id "28_t"; cds_type "Initial"; count "1_3";
78_dna	GeneMark.hmm3	intron	84494	84551	.	+	0	gene_id "28_g"; transcript_id "28_t";
78_dna	GeneMark.hmm3	CDS	84552	85395	.	+	0	gene_id "28_g"; transcript_id "28_t"; cds_type "Internal"; count "2_3";
78_dna	GeneMark.hmm3	intron	85396	85455	.	+	1	gene_id "28_g"; transcript_id "28_t";
78_dna	GeneMark.hmm3	CDS	85456	86072	.	+	2	gene_id "28_g"; transcript_id "28_t"; cds_type "Terminal"; count "3_3";
78_dna	GeneMark.hmm3	stop_codon	86070	86072	.	+	0	gene_id "28_g"; transcript_id "28_t";
78_dna	GeneMark.hmm3	gene	90636	92436	.	-	.	gene_id "29_g"; transcript_id "29_t";
78_dna	GeneMark.hmm3	mRNA	90636	92436	.	-	.	gene_id "29_g"; transcript_id "29_t";
78_dna	GeneMark.hmm3	stop_codon	90636	90638	.	-	0	gene_id "29_g"; transcript_id "29_t";
78_dna	GeneMark.hmm3	CDS	90636	91462	.	-	2	gene_id "29_g"; transcript_id "29_t"; cds_type "Terminal"; count "4_4";
78_dna	GeneMark.hmm3	intron	91463	91510	.	-	1	gene_id "29_g"; transcript_id "29_t";
78_dna	GeneMark.hmm3	CDS	91511	91892	.	-	0	gene_id "29_g"; transcript_id "29_t"; cds_type "Internal"; count "3_4";
78_dna	GeneMark.hmm3	intron	91893	91952	.	-	0	gene_id "29_g"; transcript_id "29_t";
78_dna	GeneMark.hmm3	CDS	91953	92305	.	-	2	gene_id "29_g"; transcript_id "29_t"; cds_type "Internal"; count "2_4";
78_dna	GeneMark.hmm3	intron	92306	92369	.	-	1	gene_id "29_g"; transcript_id "29_t";
78_dna	GeneMark.hmm3	CDS	92370	92436	.	-	0	gene_id "29_g"; transcript_id "29_t"; cds_type "Initial"; count "1_4";
78_dna	GeneMark.hmm3	start_codon	92434	92436	.	-	0	gene_id "29_g"; transcript_id "29_t";
78_dna	GeneMark.hmm3	gene	93186	93590	.	+	.	gene_id "30_g"; transcript_id "30_t";
78_dna	GeneMark.hmm3	mRNA	93186	93590	.	+	.	gene_id "30_g"; transcript_id "30_t";
78_dna	GeneMark.hmm3	start_codon	93186	93188	.	+	0	gene_id "30_g"; transcript_id "30_t";
78_dna	GeneMark.hmm3	CDS	93186	93590	.	+	0	gene_id "30_g"; transcript_id "30_t"; cds_type "Single"; count "1_1";
78_dna	GeneMark.hmm3	stop_codon	93588	93590	.	+	0	gene_id "30_g"; transcript_id "30_t";
78_dna	GeneMark.hmm3	gene	93799	95091	.	-	.	gene_id "31_g"; transcript_id "31_t";
78_dna	GeneMark.hmm3	mRNA	93799	95091	.	-	.	gene_id "31_g"; transcript_id "31_t";
78_dna	GeneMark.hmm3	stop_codon	93799	93801	.	-	0	gene_id "31_g"; transcript_id "31_t";
78_dna	GeneMark.hmm3	CDS	93799	94002	.	-	0	gene_id "31_g"; transcript_id "31_t"; cds_type "Terminal"; count "4_4";
78_dna	GeneMark.hmm3	intron	94003	94075	.	-	0	gene_id "31_g"; transcript_id "31_t";
78_dna	GeneMark.hmm3	CDS	94076	94747	.	-	0	gene_id "31_g"; transcript_id "31_t"; cds_type "Internal"; count "3_4";
78_dna	GeneMark.hmm3	intron	94748	94808	.	-	0	gene_id "31_g"; transcript_id "31_t";
78_dna	GeneMark.hmm3	CDS	94809	94969	.	-	2	gene_id "31_g"; transcript_id "31_t"; cds_type "Internal"; count "2_4";
78_dna	GeneMark.hmm3	intron	94970	95030	.	-	1	gene_id "31_g"; transcript_id "31_t";
78_dna	GeneMark.hmm3	CDS	95031	95091	.	-	0	gene_id "31_g"; transcript_id "31_t"; cds_type "Initial"; count "1_4";
78_dna	GeneMark.hmm3	start_codon	95089	95091	.	-	0	gene_id "31_g"; transcript_id "31_t";
78_dna	GeneMark.hmm3	gene	95693	98047	.	-	.	gene_id "32_g"; transcript_id "32_t";
78_dna	GeneMark.hmm3	mRNA	95693	98047	.	-	.	gene_id "32_g"; transcript_id "32_t";
78_dna	GeneMark.hmm3	stop_codon	95693	95695	.	-	0	gene_id "32_g"; transcript_id "32_t";
78_dna	GeneMark.hmm3	CDS	95693	96010	.	-	0	gene_id "32_g"; transcript_id "32_t"; cds_type "Terminal"; count "6_6";
78_dna	GeneMark.hmm3	intron	96011	96066	.	-	0	gene_id "32_g"; transcript_id "32_t";
78_dna	GeneMark.hmm3	CDS	96067	96158	.	-	2	gene_id "32_g"; transcript_id "32_t"; cds_type "Internal"; count "5_6";
78_dna	GeneMark.hmm3	intron	96159	96214	.	-	1	gene_id "32_g"; transcript_id "32_t";
78_dna	GeneMark.hmm3	CDS	96215	96526	.	-	2	gene_id "32_g"; transcript_id "32_t"; cds_type "Internal"; count "4_6";
78_dna	GeneMark.hmm3	intron	96527	96601	.	-	1	gene_id "32_g"; transcript_id "32_t";
78_dna	GeneMark.hmm3	CDS	96602	96676	.	-	2	gene_id "32_g"; transcript_id "32_t"; cds_type "Internal"; count "3_6";
78_dna	GeneMark.hmm3	intron	96677	96729	.	-	1	gene_id "32_g"; transcript_id "32_t";
78_dna	GeneMark.hmm3	CDS	96730	97858	.	-	0	gene_id "32_g"; transcript_id "32_t"; cds_type "Internal"; count "2_6";
78_dna	GeneMark.hmm3	intron	97859	97912	.	-	0	gene_id "32_g"; transcript_id "32_t";
78_dna	GeneMark.hmm3	CDS	97913	98047	.	-	0	gene_id "32_g"; transcript_id "32_t"; cds_type "Initial"; count "1_6";
78_dna	GeneMark.hmm3	start_codon	98045	98047	.	-	0	gene_id "32_g"; transcript_id "32_t";
78_dna	GeneMark.hmm3	gene	99336	99785	.	-	.	gene_id "33_g"; transcript_id "33_t";
78_dna	GeneMark.hmm3	mRNA	99336	99785	.	-	.	gene_id "33_g"; transcript_id "33_t";
78_dna	GeneMark.hmm3	stop_codon	99336	99338	.	-	0	gene_id "33_g"; transcript_id "33_t";
78_dna	GeneMark.hmm3	CDS	99336	99340	.	-	2	gene_id "33_g"; transcript_id "33_t"; cds_type "Terminal"; count "5_5";
78_dna	GeneMark.hmm3	intron	99341	99390	.	-	1	gene_id "33_g"; transcript_id "33_t";
78_dna	GeneMark.hmm3	CDS	99391	99481	.	-	0	gene_id "33_g"; transcript_id "33_t"; cds_type "Internal"; count "4_5";
78_dna	GeneMark.hmm3	intron	99482	99533	.	-	0	gene_id "33_g"; transcript_id "33_t";
78_dna	GeneMark.hmm3	CDS	99534	99607	.	-	2	gene_id "33_g"; transcript_id "33_t"; cds_type "Internal"; count "3_5";
78_dna	GeneMark.hmm3	intron	99608	99653	.	-	1	gene_id "33_g"; transcript_id "33_t";
78_dna	GeneMark.hmm3	CDS	99654	99691	.	-	1	gene_id "33_g"; transcript_id "33_t"; cds_type "Internal"; count "2_5";
78_dna	GeneMark.hmm3	intron	99692	99744	.	-	2	gene_id "33_g"; transcript_id "33_t";
78_dna	GeneMark.hmm3	CDS	99745	99785	.	-	0	gene_id "33_g"; transcript_id "33_t"; cds_type "Initial"; count "1_5";
78_dna	GeneMark.hmm3	start_codon	99783	99785	.	-	0	gene_id "33_g"; transcript_id "33_t";
78_dna	GeneMark.hmm3	gene	100248	101380	.	+	.	gene_id "34_g"; transcript_id "34_t";
78_dna	GeneMark.hmm3	mRNA	100248	101380	.	+	.	gene_id "34_g"; transcript_id "34_t";
78_dna	GeneMark.hmm3	start_codon	100248	100250	.	+	0	gene_id "34_g"; transcript_id "34_t";
78_dna	GeneMark.hmm3	CDS	100248	100439	.	+	0	gene_id "34_g"; transcript_id "34_t"; cds_type "Initial"; count "1_2";
78_dna	GeneMark.hmm3	intron	100440	100504	.	+	0	gene_id "34_g"; transcript_id "34_t";
78_dna	GeneMark.hmm3	CDS	100505	101380	.	+	0	gene_id "34_g"; transcript_id "34_t"; cds_type "Terminal"; count "2_2";
78_dna	GeneMark.hmm3	stop_codon	101378	101380	.	+	0	gene_id "34_g"; transcript_id "34_t";
78_dna	GeneMark.hmm3	gene	101580	102614	.	-	.	gene_id "35_g"; transcript_id "35_t";
78_dna	GeneMark.hmm3	mRNA	101580	102614	.	-	.	gene_id "35_g"; transcript_id "35_t";
78_dna	GeneMark.hmm3	stop_codon	101580	101582	.	-	0	gene_id "35_g"; transcript_id "35_t";
78_dna	GeneMark.hmm3	CDS	101580	102614	.	-	0	gene_id "35_g"; transcript_id "35_t"; cds_type "Single"; count "1_1";
78_dna	GeneMark.hmm3	start_codon	102612	102614	.	-	0	gene_id "35_g"; transcript_id "35_t";
78_dna	GeneMark.hmm3	gene	103644	104447	.	+	.	gene_id "36_g"; transcript_id "36_t";
78_dna	GeneMark.hmm3	mRNA	103644	104447	.	+	.	gene_id "36_g"; transcript_id "36_t";
78_dna	GeneMark.hmm3	start_codon	103644	103646	.	+	0	gene_id "36_g"; transcript_id "36_t";
78_dna	GeneMark.hmm3	CDS	103644	104447	.	+	0	gene_id "36_g"; transcript_id "36_t"; cds_type "Single"; count "1_1";
78_dna	GeneMark.hmm3	stop_codon	104445	104447	.	+	0	gene_id "36_g"; transcript_id "36_t";
78_dna	GeneMark.hmm3	gene	104826	105413	.	-	.	gene_id "37_g"; transcript_id "37_t";
78_dna	GeneMark.hmm3	mRNA	104826	105413	.	-	.	gene_id "37_g"; transcript_id "37_t";
78_dna	GeneMark.hmm3	stop_codon	104826	104828	.	-	0	gene_id "37_g"; transcript_id "37_t";
78_dna	GeneMark.hmm3	CDS	104826	105064	.	-	2	gene_id "37_g"; transcript_id "37_t"; cds_type "Terminal"; count "2_2";
78_dna	GeneMark.hmm3	intron	105065	105133	.	-	1	gene_id "37_g"; transcript_id "37_t";
78_dna	GeneMark.hmm3	CDS	105134	105413	.	-	0	gene_id "37_g"; transcript_id "37_t"; cds_type "Initial"; count "1_2";
78_dna	GeneMark.hmm3	start_codon	105411	105413	.	-	0	gene_id "37_g"; transcript_id "37_t";
78_dna	GeneMark.hmm3	gene	106531	113295	.	+	.	gene_id "38_g"; transcript_id "38_t";
78_dna	GeneMark.hmm3	mRNA	106531	113295	.	+	.	gene_id "38_g"; transcript_id "38_t";
78_dna	GeneMark.hmm3	start_codon	106531	106533	.	+	0	gene_id "38_g"; transcript_id "38_t";
78_dna	GeneMark.hmm3	CDS	106531	107138	.	+	0	gene_id "38_g"; transcript_id "38_t"; cds_type "Initial"; count "1_3";
78_dna	GeneMark.hmm3	intron	107139	107197	.	+	2	gene_id "38_g"; transcript_id "38_t";
78_dna	GeneMark.hmm3	CDS	107198	107346	.	+	1	gene_id "38_g"; transcript_id "38_t"; cds_type "Internal"; count "2_3";
78_dna	GeneMark.hmm3	intron	107347	107395	.	+	1	gene_id "38_g"; transcript_id "38_t";
78_dna	GeneMark.hmm3	CDS	107396	113295	.	+	2	gene_id "38_g"; transcript_id "38_t"; cds_type "Terminal"; count "3_3";
78_dna	GeneMark.hmm3	stop_codon	113293	113295	.	+	0	gene_id "38_g"; transcript_id "38_t";
78_dna	GeneMark.hmm3	gene	113623	114911	.	-	.	gene_id "39_g"; transcript_id "39_t";
78_dna	GeneMark.hmm3	mRNA	113623	114911	.	-	.	gene_id "39_g"; transcript_id "39_t";
78_dna	GeneMark.hmm3	stop_codon	113623	113625	.	-	0	gene_id "39_g"; transcript_id "39_t";
78_dna	GeneMark.hmm3	CDS	113623	114762	.	-	0	gene_id "39_g"; transcript_id "39_t"; cds_type "Terminal"; count "2_2";
78_dna	GeneMark.hmm3	intron	114763	114821	.	-	0	gene_id "39_g"; transcript_id "39_t";
78_dna	GeneMark.hmm3	CDS	114822	114911	.	-	0	gene_id "39_g"; transcript_id "39_t"; cds_type "Initial"; count "1_2";
78_dna	GeneMark.hmm3	start_codon	114909	114911	.	-	0	gene_id "39_g"; transcript_id "39_t";
78_dna	GeneMark.hmm3	gene	115836	119141	.	+	.	gene_id "40_g"; transcript_id "40_t";
78_dna	GeneMark.hmm3	mRNA	115836	119141	.	+	.	gene_id "40_g"; transcript_id "40_t";
78_dna	GeneMark.hmm3	start_codon	115836	115838	.	+	0	gene_id "40_g"; transcript_id "40_t";
78_dna	GeneMark.hmm3	CDS	115836	115926	.	+	0	gene_id "40_g"; transcript_id "40_t"; cds_type "Initial"; count "1_8";
78_dna	GeneMark.hmm3	intron	115927	116000	.	+	1	gene_id "40_g"; transcript_id "40_t";
78_dna	GeneMark.hmm3	CDS	116001	116168	.	+	2	gene_id "40_g"; transcript_id "40_t"; cds_type "Internal"; count "2_8";
78_dna	GeneMark.hmm3	intron	116169	116224	.	+	1	gene_id "40_g"; transcript_id "40_t";
78_dna	GeneMark.hmm3	CDS	116225	116557	.	+	2	gene_id "40_g"; transcript_id "40_t"; cds_type "Internal"; count "3_8";
78_dna	GeneMark.hmm3	intron	116558	116615	.	+	1	gene_id "40_g"; transcript_id "40_t";
78_dna	GeneMark.hmm3	CDS	116616	116742	.	+	2	gene_id "40_g"; transcript_id "40_t"; cds_type "Internal"; count "4_8";
78_dna	GeneMark.hmm3	intron	116743	116825	.	+	2	gene_id "40_g"; transcript_id "40_t";
78_dna	GeneMark.hmm3	CDS	116826	116864	.	+	1	gene_id "40_g"; transcript_id "40_t"; cds_type "Internal"; count "5_8";
78_dna	GeneMark.hmm3	intron	116865	116913	.	+	2	gene_id "40_g"; transcript_id "40_t";
78_dna	GeneMark.hmm3	CDS	116914	116998	.	+	1	gene_id "40_g"; transcript_id "40_t"; cds_type "Internal"; count "6_8";
78_dna	GeneMark.hmm3	intron	116999	117051	.	+	0	gene_id "40_g"; transcript_id "40_t";
78_dna	GeneMark.hmm3	CDS	117052	117097	.	+	0	gene_id "40_g"; transcript_id "40_t"; cds_type "Internal"; count "7_8";
78_dna	GeneMark.hmm3	intron	117098	117153	.	+	1	gene_id "40_g"; transcript_id "40_t";
78_dna	GeneMark.hmm3	CDS	117154	119141	.	+	2	gene_id "40_g"; transcript_id "40_t"; cds_type "Terminal"; count "8_8";
78_dna	GeneMark.hmm3	stop_codon	119139	119141	.	+	0	gene_id "40_g"; transcript_id "40_t";
78_dna	GeneMark.hmm3	gene	119837	120558	.	+	.	gene_id "41_g"; transcript_id "41_t";
78_dna	GeneMark.hmm3	mRNA	119837	120558	.	+	.	gene_id "41_g"; transcript_id "41_t";
78_dna	GeneMark.hmm3	start_codon	119837	119839	.	+	0	gene_id "41_g"; transcript_id "41_t";
78_dna	GeneMark.hmm3	CDS	119837	119956	.	+	0	gene_id "41_g"; transcript_id "41_t"; cds_type "Initial"; count "1_3";
78_dna	GeneMark.hmm3	intron	119957	120009	.	+	0	gene_id "41_g"; transcript_id "41_t";
78_dna	GeneMark.hmm3	CDS	120010	120249	.	+	0	gene_id "41_g"; transcript_id "41_t"; cds_type "Internal"; count "2_3";
78_dna	GeneMark.hmm3	intron	120250	120377	.	+	0	gene_id "41_g"; transcript_id "41_t";
78_dna	GeneMark.hmm3	CDS	120378	120558	.	+	0	gene_id "41_g"; transcript_id "41_t"; cds_type "Internal"; count "3_3";
