# Eukaryotic GeneMark.hmm version 3.68_lic
# Sequence name: /home/zack/Desktop/IsariaPreferralGenome/MyGenomeSubmittedToNCBI/HypocrealesProteinSets/GENOMES/CcateniannulataMBC234/FunannotatePredict/predict_misc/genemark/output/data/dna.fa_9
# FASTA defline: >dna.fa_9	9_dna	1	269597
# Sequence length: 269597 bp
# G+C content: 53.96%
# Matrices file: /home/zack/Desktop/IsariaPreferralGenome/MyGenomeSubmittedToNCBI/HypocrealesProteinSets/GENOMES/CcateniannulataMBC234/FunannotatePredict/predict_misc/genemark/output/gmhmm.mod
# Sun Mar  3 17:51:19 2024
# FASTA definition line: >dna.fa_9	9_dna	1	269597
# sequence-region 9_dna 1 269597
9_dna	GeneMark.hmm3	gene	10	493	.	-	.	gene_id "1_g"; transcript_id "1_t";
9_dna	GeneMark.hmm3	mRNA	10	493	.	-	.	gene_id "1_g"; transcript_id "1_t";
9_dna	GeneMark.hmm3	CDS	10	221	.	-	2	gene_id "1_g"; transcript_id "1_t"; cds_type "Internal"; count "2_2";
9_dna	GeneMark.hmm3	intron	222	291	.	-	1	gene_id "1_g"; transcript_id "1_t";
9_dna	GeneMark.hmm3	CDS	292	493	.	-	0	gene_id "1_g"; transcript_id "1_t"; cds_type "Initial"; count "1_2";
9_dna	GeneMark.hmm3	start_codon	491	493	.	-	0	gene_id "1_g"; transcript_id "1_t";
9_dna	GeneMark.hmm3	gene	1699	2955	.	+	.	gene_id "2_g"; transcript_id "2_t";
9_dna	GeneMark.hmm3	mRNA	1699	2955	.	+	.	gene_id "2_g"; transcript_id "2_t";
9_dna	GeneMark.hmm3	start_codon	1699	1701	.	+	0	gene_id "2_g"; transcript_id "2_t";
9_dna	GeneMark.hmm3	CDS	1699	1701	.	+	0	gene_id "2_g"; transcript_id "2_t"; cds_type "Initial"; count "1_3";
9_dna	GeneMark.hmm3	intron	1702	1757	.	+	0	gene_id "2_g"; transcript_id "2_t";
9_dna	GeneMark.hmm3	CDS	1758	1833	.	+	0	gene_id "2_g"; transcript_id "2_t"; cds_type "Internal"; count "2_3";
9_dna	GeneMark.hmm3	intron	1834	1885	.	+	1	gene_id "2_g"; transcript_id "2_t";
9_dna	GeneMark.hmm3	CDS	1886	2955	.	+	2	gene_id "2_g"; transcript_id "2_t"; cds_type "Terminal"; count "3_3";
9_dna	GeneMark.hmm3	stop_codon	2953	2955	.	+	0	gene_id "2_g"; transcript_id "2_t";
9_dna	GeneMark.hmm3	gene	4620	4988	.	+	.	gene_id "3_g"; transcript_id "3_t";
9_dna	GeneMark.hmm3	mRNA	4620	4988	.	+	.	gene_id "3_g"; transcript_id "3_t";
9_dna	GeneMark.hmm3	start_codon	4620	4622	.	+	0	gene_id "3_g"; transcript_id "3_t";
9_dna	GeneMark.hmm3	CDS	4620	4682	.	+	0	gene_id "3_g"; transcript_id "3_t"; cds_type "Initial"; count "1_2";
9_dna	GeneMark.hmm3	intron	4683	4748	.	+	0	gene_id "3_g"; transcript_id "3_t";
9_dna	GeneMark.hmm3	CDS	4749	4988	.	+	0	gene_id "3_g"; transcript_id "3_t"; cds_type "Terminal"; count "2_2";
9_dna	GeneMark.hmm3	stop_codon	4986	4988	.	+	0	gene_id "3_g"; transcript_id "3_t";
9_dna	GeneMark.hmm3	gene	5423	7045	.	-	.	gene_id "4_g"; transcript_id "4_t";
9_dna	GeneMark.hmm3	mRNA	5423	7045	.	-	.	gene_id "4_g"; transcript_id "4_t";
9_dna	GeneMark.hmm3	stop_codon	5423	5425	.	-	0	gene_id "4_g"; transcript_id "4_t";
9_dna	GeneMark.hmm3	CDS	5423	5762	.	-	1	gene_id "4_g"; transcript_id "4_t"; cds_type "Terminal"; count "2_2";
9_dna	GeneMark.hmm3	intron	5763	5825	.	-	2	gene_id "4_g"; transcript_id "4_t";
9_dna	GeneMark.hmm3	CDS	5826	7045	.	-	0	gene_id "4_g"; transcript_id "4_t"; cds_type "Initial"; count "1_2";
9_dna	GeneMark.hmm3	start_codon	7043	7045	.	-	0	gene_id "4_g"; transcript_id "4_t";
9_dna	GeneMark.hmm3	gene	9593	12615	.	-	.	gene_id "5_g"; transcript_id "5_t";
9_dna	GeneMark.hmm3	mRNA	9593	12615	.	-	.	gene_id "5_g"; transcript_id "5_t";
9_dna	GeneMark.hmm3	stop_codon	9593	9595	.	-	0	gene_id "5_g"; transcript_id "5_t";
9_dna	GeneMark.hmm3	CDS	9593	9789	.	-	2	gene_id "5_g"; transcript_id "5_t"; cds_type "Terminal"; count "5_5";
9_dna	GeneMark.hmm3	intron	9790	9848	.	-	1	gene_id "5_g"; transcript_id "5_t";
9_dna	GeneMark.hmm3	CDS	9849	10103	.	-	2	gene_id "5_g"; transcript_id "5_t"; cds_type "Internal"; count "4_5";
9_dna	GeneMark.hmm3	intron	10104	10266	.	-	1	gene_id "5_g"; transcript_id "5_t";
9_dna	GeneMark.hmm3	CDS	10267	10465	.	-	0	gene_id "5_g"; transcript_id "5_t"; cds_type "Internal"; count "3_5";
9_dna	GeneMark.hmm3	intron	10466	11666	.	-	0	gene_id "5_g"; transcript_id "5_t";
9_dna	GeneMark.hmm3	CDS	11667	12446	.	-	0	gene_id "5_g"; transcript_id "5_t"; cds_type "Internal"; count "2_5";
9_dna	GeneMark.hmm3	intron	12447	12495	.	-	0	gene_id "5_g"; transcript_id "5_t";
9_dna	GeneMark.hmm3	CDS	12496	12615	.	-	0	gene_id "5_g"; transcript_id "5_t"; cds_type "Initial"; count "1_5";
9_dna	GeneMark.hmm3	start_codon	12613	12615	.	-	0	gene_id "5_g"; transcript_id "5_t";
9_dna	GeneMark.hmm3	gene	14008	15477	.	+	.	gene_id "6_g"; transcript_id "6_t";
9_dna	GeneMark.hmm3	mRNA	14008	15477	.	+	.	gene_id "6_g"; transcript_id "6_t";
9_dna	GeneMark.hmm3	start_codon	14008	14010	.	+	0	gene_id "6_g"; transcript_id "6_t";
9_dna	GeneMark.hmm3	CDS	14008	14565	.	+	0	gene_id "6_g"; transcript_id "6_t"; cds_type "Initial"; count "1_3";
9_dna	GeneMark.hmm3	intron	14566	14617	.	+	0	gene_id "6_g"; transcript_id "6_t";
9_dna	GeneMark.hmm3	CDS	14618	14777	.	+	0	gene_id "6_g"; transcript_id "6_t"; cds_type "Internal"; count "2_3";
9_dna	GeneMark.hmm3	intron	14778	14827	.	+	1	gene_id "6_g"; transcript_id "6_t";
9_dna	GeneMark.hmm3	CDS	14828	15477	.	+	2	gene_id "6_g"; transcript_id "6_t"; cds_type "Terminal"; count "3_3";
9_dna	GeneMark.hmm3	stop_codon	15475	15477	.	+	0	gene_id "6_g"; transcript_id "6_t";
9_dna	GeneMark.hmm3	gene	16206	16624	.	-	.	gene_id "7_g"; transcript_id "7_t";
9_dna	GeneMark.hmm3	mRNA	16206	16624	.	-	.	gene_id "7_g"; transcript_id "7_t";
9_dna	GeneMark.hmm3	stop_codon	16206	16208	.	-	0	gene_id "7_g"; transcript_id "7_t";
9_dna	GeneMark.hmm3	CDS	16206	16485	.	-	1	gene_id "7_g"; transcript_id "7_t"; cds_type "Terminal"; count "2_2";
9_dna	GeneMark.hmm3	intron	16486	16547	.	-	2	gene_id "7_g"; transcript_id "7_t";
9_dna	GeneMark.hmm3	CDS	16548	16624	.	-	0	gene_id "7_g"; transcript_id "7_t"; cds_type "Initial"; count "1_2";
9_dna	GeneMark.hmm3	start_codon	16622	16624	.	-	0	gene_id "7_g"; transcript_id "7_t";
9_dna	GeneMark.hmm3	gene	17193	18523	.	+	.	gene_id "8_g"; transcript_id "8_t";
9_dna	GeneMark.hmm3	mRNA	17193	18523	.	+	.	gene_id "8_g"; transcript_id "8_t";
9_dna	GeneMark.hmm3	start_codon	17193	17195	.	+	0	gene_id "8_g"; transcript_id "8_t";
9_dna	GeneMark.hmm3	CDS	17193	17204	.	+	0	gene_id "8_g"; transcript_id "8_t"; cds_type "Initial"; count "1_7";
9_dna	GeneMark.hmm3	intron	17205	17282	.	+	0	gene_id "8_g"; transcript_id "8_t";
9_dna	GeneMark.hmm3	CDS	17283	17391	.	+	0	gene_id "8_g"; transcript_id "8_t"; cds_type "Internal"; count "2_7";
9_dna	GeneMark.hmm3	intron	17392	17482	.	+	1	gene_id "8_g"; transcript_id "8_t";
9_dna	GeneMark.hmm3	CDS	17483	17548	.	+	2	gene_id "8_g"; transcript_id "8_t"; cds_type "Internal"; count "3_7";
9_dna	GeneMark.hmm3	intron	17549	17605	.	+	1	gene_id "8_g"; transcript_id "8_t";
9_dna	GeneMark.hmm3	CDS	17606	17700	.	+	2	gene_id "8_g"; transcript_id "8_t"; cds_type "Internal"; count "4_7";
9_dna	GeneMark.hmm3	intron	17701	17970	.	+	0	gene_id "8_g"; transcript_id "8_t";
9_dna	GeneMark.hmm3	CDS	17971	18067	.	+	0	gene_id "8_g"; transcript_id "8_t"; cds_type "Internal"; count "5_7";
9_dna	GeneMark.hmm3	intron	18068	18120	.	+	1	gene_id "8_g"; transcript_id "8_t";
9_dna	GeneMark.hmm3	CDS	18121	18349	.	+	2	gene_id "8_g"; transcript_id "8_t"; cds_type "Internal"; count "6_7";
9_dna	GeneMark.hmm3	intron	18350	18420	.	+	2	gene_id "8_g"; transcript_id "8_t";
9_dna	GeneMark.hmm3	CDS	18421	18523	.	+	1	gene_id "8_g"; transcript_id "8_t"; cds_type "Terminal"; count "7_7";
9_dna	GeneMark.hmm3	stop_codon	18521	18523	.	+	0	gene_id "8_g"; transcript_id "8_t";
9_dna	GeneMark.hmm3	gene	21559	23394	.	-	.	gene_id "9_g"; transcript_id "9_t";
9_dna	GeneMark.hmm3	mRNA	21559	23394	.	-	.	gene_id "9_g"; transcript_id "9_t";
9_dna	GeneMark.hmm3	stop_codon	21559	21561	.	-	0	gene_id "9_g"; transcript_id "9_t";
9_dna	GeneMark.hmm3	CDS	21559	22596	.	-	0	gene_id "9_g"; transcript_id "9_t"; cds_type "Terminal"; count "3_3";
9_dna	GeneMark.hmm3	intron	22597	22666	.	-	0	gene_id "9_g"; transcript_id "9_t";
9_dna	GeneMark.hmm3	CDS	22667	23011	.	-	0	gene_id "9_g"; transcript_id "9_t"; cds_type "Internal"; count "2_3";
9_dna	GeneMark.hmm3	intron	23012	23127	.	-	0	gene_id "9_g"; transcript_id "9_t";
9_dna	GeneMark.hmm3	CDS	23128	23394	.	-	0	gene_id "9_g"; transcript_id "9_t"; cds_type "Initial"; count "1_3";
9_dna	GeneMark.hmm3	start_codon	23392	23394	.	-	0	gene_id "9_g"; transcript_id "9_t";
9_dna	GeneMark.hmm3	gene	28684	30357	.	+	.	gene_id "10_g"; transcript_id "10_t";
9_dna	GeneMark.hmm3	mRNA	28684	30357	.	+	.	gene_id "10_g"; transcript_id "10_t";
9_dna	GeneMark.hmm3	start_codon	28684	28686	.	+	0	gene_id "10_g"; transcript_id "10_t";
9_dna	GeneMark.hmm3	CDS	28684	30357	.	+	0	gene_id "10_g"; transcript_id "10_t"; cds_type "Single"; count "1_1";
9_dna	GeneMark.hmm3	stop_codon	30355	30357	.	+	0	gene_id "10_g"; transcript_id "10_t";
9_dna	GeneMark.hmm3	gene	33156	33518	.	+	.	gene_id "11_g"; transcript_id "11_t";
9_dna	GeneMark.hmm3	mRNA	33156	33518	.	+	.	gene_id "11_g"; transcript_id "11_t";
9_dna	GeneMark.hmm3	start_codon	33156	33158	.	+	0	gene_id "11_g"; transcript_id "11_t";
9_dna	GeneMark.hmm3	CDS	33156	33518	.	+	0	gene_id "11_g"; transcript_id "11_t"; cds_type "Single"; count "1_1";
9_dna	GeneMark.hmm3	stop_codon	33516	33518	.	+	0	gene_id "11_g"; transcript_id "11_t";
9_dna	GeneMark.hmm3	gene	38411	39682	.	+	.	gene_id "12_g"; transcript_id "12_t";
9_dna	GeneMark.hmm3	mRNA	38411	39682	.	+	.	gene_id "12_g"; transcript_id "12_t";
9_dna	GeneMark.hmm3	start_codon	38411	38413	.	+	0	gene_id "12_g"; transcript_id "12_t";
9_dna	GeneMark.hmm3	CDS	38411	39682	.	+	0	gene_id "12_g"; transcript_id "12_t"; cds_type "Single"; count "1_1";
9_dna	GeneMark.hmm3	stop_codon	39680	39682	.	+	0	gene_id "12_g"; transcript_id "12_t";
9_dna	GeneMark.hmm3	gene	40245	41541	.	-	.	gene_id "13_g"; transcript_id "13_t";
9_dna	GeneMark.hmm3	mRNA	40245	41541	.	-	.	gene_id "13_g"; transcript_id "13_t";
9_dna	GeneMark.hmm3	stop_codon	40245	40247	.	-	0	gene_id "13_g"; transcript_id "13_t";
9_dna	GeneMark.hmm3	CDS	40245	41253	.	-	1	gene_id "13_g"; transcript_id "13_t"; cds_type "Terminal"; count "2_2";
9_dna	GeneMark.hmm3	intron	41254	41311	.	-	2	gene_id "13_g"; transcript_id "13_t";
9_dna	GeneMark.hmm3	CDS	41312	41541	.	-	0	gene_id "13_g"; transcript_id "13_t"; cds_type "Initial"; count "1_2";
9_dna	GeneMark.hmm3	start_codon	41539	41541	.	-	0	gene_id "13_g"; transcript_id "13_t";
9_dna	GeneMark.hmm3	gene	42006	43118	.	-	.	gene_id "14_g"; transcript_id "14_t";
9_dna	GeneMark.hmm3	mRNA	42006	43118	.	-	.	gene_id "14_g"; transcript_id "14_t";
9_dna	GeneMark.hmm3	stop_codon	42006	42008	.	-	0	gene_id "14_g"; transcript_id "14_t";
9_dna	GeneMark.hmm3	CDS	42006	43118	.	-	0	gene_id "14_g"; transcript_id "14_t"; cds_type "Single"; count "1_1";
9_dna	GeneMark.hmm3	start_codon	43116	43118	.	-	0	gene_id "14_g"; transcript_id "14_t";
9_dna	GeneMark.hmm3	gene	43407	44286	.	-	.	gene_id "15_g"; transcript_id "15_t";
9_dna	GeneMark.hmm3	mRNA	43407	44286	.	-	.	gene_id "15_g"; transcript_id "15_t";
9_dna	GeneMark.hmm3	stop_codon	43407	43409	.	-	0	gene_id "15_g"; transcript_id "15_t";
9_dna	GeneMark.hmm3	CDS	43407	44145	.	-	1	gene_id "15_g"; transcript_id "15_t"; cds_type "Terminal"; count "2_2";
9_dna	GeneMark.hmm3	intron	44146	44209	.	-	2	gene_id "15_g"; transcript_id "15_t";
9_dna	GeneMark.hmm3	CDS	44210	44286	.	-	0	gene_id "15_g"; transcript_id "15_t"; cds_type "Initial"; count "1_2";
9_dna	GeneMark.hmm3	start_codon	44284	44286	.	-	0	gene_id "15_g"; transcript_id "15_t";
9_dna	GeneMark.hmm3	gene	47101	47882	.	+	.	gene_id "16_g"; transcript_id "16_t";
9_dna	GeneMark.hmm3	mRNA	47101	47882	.	+	.	gene_id "16_g"; transcript_id "16_t";
9_dna	GeneMark.hmm3	start_codon	47101	47103	.	+	0	gene_id "16_g"; transcript_id "16_t";
9_dna	GeneMark.hmm3	CDS	47101	47179	.	+	0	gene_id "16_g"; transcript_id "16_t"; cds_type "Initial"; count "1_3";
9_dna	GeneMark.hmm3	intron	47180	47247	.	+	1	gene_id "16_g"; transcript_id "16_t";
9_dna	GeneMark.hmm3	CDS	47248	47660	.	+	2	gene_id "16_g"; transcript_id "16_t"; cds_type "Internal"; count "2_3";
9_dna	GeneMark.hmm3	intron	47661	47726	.	+	0	gene_id "16_g"; transcript_id "16_t";
9_dna	GeneMark.hmm3	CDS	47727	47882	.	+	0	gene_id "16_g"; transcript_id "16_t"; cds_type "Terminal"; count "3_3";
9_dna	GeneMark.hmm3	stop_codon	47880	47882	.	+	0	gene_id "16_g"; transcript_id "16_t";
9_dna	GeneMark.hmm3	gene	48103	48859	.	-	.	gene_id "17_g"; transcript_id "17_t";
9_dna	GeneMark.hmm3	mRNA	48103	48859	.	-	.	gene_id "17_g"; transcript_id "17_t";
9_dna	GeneMark.hmm3	stop_codon	48103	48105	.	-	0	gene_id "17_g"; transcript_id "17_t";
9_dna	GeneMark.hmm3	CDS	48103	48727	.	-	1	gene_id "17_g"; transcript_id "17_t"; cds_type "Terminal"; count "2_2";
9_dna	GeneMark.hmm3	intron	48728	48785	.	-	2	gene_id "17_g"; transcript_id "17_t";
9_dna	GeneMark.hmm3	CDS	48786	48859	.	-	0	gene_id "17_g"; transcript_id "17_t"; cds_type "Initial"; count "1_2";
9_dna	GeneMark.hmm3	start_codon	48857	48859	.	-	0	gene_id "17_g"; transcript_id "17_t";
9_dna	GeneMark.hmm3	gene	51512	52573	.	+	.	gene_id "18_g"; transcript_id "18_t";
9_dna	GeneMark.hmm3	mRNA	51512	52573	.	+	.	gene_id "18_g"; transcript_id "18_t";
9_dna	GeneMark.hmm3	start_codon	51512	51514	.	+	0	gene_id "18_g"; transcript_id "18_t";
9_dna	GeneMark.hmm3	CDS	51512	51661	.	+	0	gene_id "18_g"; transcript_id "18_t"; cds_type "Initial"; count "1_3";
9_dna	GeneMark.hmm3	intron	51662	51720	.	+	0	gene_id "18_g"; transcript_id "18_t";
9_dna	GeneMark.hmm3	CDS	51721	52192	.	+	0	gene_id "18_g"; transcript_id "18_t"; cds_type "Internal"; count "2_3";
9_dna	GeneMark.hmm3	intron	52193	52256	.	+	1	gene_id "18_g"; transcript_id "18_t";
9_dna	GeneMark.hmm3	CDS	52257	52573	.	+	2	gene_id "18_g"; transcript_id "18_t"; cds_type "Terminal"; count "3_3";
9_dna	GeneMark.hmm3	stop_codon	52571	52573	.	+	0	gene_id "18_g"; transcript_id "18_t";
9_dna	GeneMark.hmm3	gene	53464	55512	.	+	.	gene_id "19_g"; transcript_id "19_t";
9_dna	GeneMark.hmm3	mRNA	53464	55512	.	+	.	gene_id "19_g"; transcript_id "19_t";
9_dna	GeneMark.hmm3	start_codon	53464	53466	.	+	0	gene_id "19_g"; transcript_id "19_t";
9_dna	GeneMark.hmm3	CDS	53464	55512	.	+	0	gene_id "19_g"; transcript_id "19_t"; cds_type "Single"; count "1_1";
9_dna	GeneMark.hmm3	stop_codon	55510	55512	.	+	0	gene_id "19_g"; transcript_id "19_t";
9_dna	GeneMark.hmm3	gene	56310	58094	.	+	.	gene_id "20_g"; transcript_id "20_t";
9_dna	GeneMark.hmm3	mRNA	56310	58094	.	+	.	gene_id "20_g"; transcript_id "20_t";
9_dna	GeneMark.hmm3	start_codon	56310	56312	.	+	0	gene_id "20_g"; transcript_id "20_t";
9_dna	GeneMark.hmm3	CDS	56310	56634	.	+	0	gene_id "20_g"; transcript_id "20_t"; cds_type "Initial"; count "1_2";
9_dna	GeneMark.hmm3	intron	56635	56706	.	+	1	gene_id "20_g"; transcript_id "20_t";
9_dna	GeneMark.hmm3	CDS	56707	58094	.	+	2	gene_id "20_g"; transcript_id "20_t"; cds_type "Terminal"; count "2_2";
9_dna	GeneMark.hmm3	stop_codon	58092	58094	.	+	0	gene_id "20_g"; transcript_id "20_t";
9_dna	GeneMark.hmm3	gene	58571	60436	.	-	.	gene_id "21_g"; transcript_id "21_t";
9_dna	GeneMark.hmm3	mRNA	58571	60436	.	-	.	gene_id "21_g"; transcript_id "21_t";
9_dna	GeneMark.hmm3	stop_codon	58571	58573	.	-	0	gene_id "21_g"; transcript_id "21_t";
9_dna	GeneMark.hmm3	CDS	58571	60436	.	-	0	gene_id "21_g"; transcript_id "21_t"; cds_type "Single"; count "1_1";
9_dna	GeneMark.hmm3	start_codon	60434	60436	.	-	0	gene_id "21_g"; transcript_id "21_t";
9_dna	GeneMark.hmm3	gene	64769	65429	.	+	.	gene_id "22_g"; transcript_id "22_t";
9_dna	GeneMark.hmm3	mRNA	64769	65429	.	+	.	gene_id "22_g"; transcript_id "22_t";
9_dna	GeneMark.hmm3	start_codon	64769	64771	.	+	0	gene_id "22_g"; transcript_id "22_t";
9_dna	GeneMark.hmm3	CDS	64769	64818	.	+	0	gene_id "22_g"; transcript_id "22_t"; cds_type "Initial"; count "1_3";
9_dna	GeneMark.hmm3	intron	64819	64916	.	+	2	gene_id "22_g"; transcript_id "22_t";
9_dna	GeneMark.hmm3	CDS	64917	64974	.	+	1	gene_id "22_g"; transcript_id "22_t"; cds_type "Internal"; count "2_3";
9_dna	GeneMark.hmm3	intron	64975	65045	.	+	0	gene_id "22_g"; transcript_id "22_t";
9_dna	GeneMark.hmm3	CDS	65046	65429	.	+	0	gene_id "22_g"; transcript_id "22_t"; cds_type "Terminal"; count "3_3";
9_dna	GeneMark.hmm3	stop_codon	65427	65429	.	+	0	gene_id "22_g"; transcript_id "22_t";
9_dna	GeneMark.hmm3	gene	65682	66721	.	-	.	gene_id "23_g"; transcript_id "23_t";
9_dna	GeneMark.hmm3	mRNA	65682	66721	.	-	.	gene_id "23_g"; transcript_id "23_t";
9_dna	GeneMark.hmm3	stop_codon	65682	65684	.	-	0	gene_id "23_g"; transcript_id "23_t";
9_dna	GeneMark.hmm3	CDS	65682	66167	.	-	0	gene_id "23_g"; transcript_id "23_t"; cds_type "Terminal"; count "2_2";
9_dna	GeneMark.hmm3	intron	66168	66226	.	-	0	gene_id "23_g"; transcript_id "23_t";
9_dna	GeneMark.hmm3	CDS	66227	66721	.	-	0	gene_id "23_g"; transcript_id "23_t"; cds_type "Initial"; count "1_2";
9_dna	GeneMark.hmm3	start_codon	66719	66721	.	-	0	gene_id "23_g"; transcript_id "23_t";
9_dna	GeneMark.hmm3	gene	67222	67956	.	-	.	gene_id "24_g"; transcript_id "24_t";
9_dna	GeneMark.hmm3	mRNA	67222	67956	.	-	.	gene_id "24_g"; transcript_id "24_t";
9_dna	GeneMark.hmm3	stop_codon	67222	67224	.	-	0	gene_id "24_g"; transcript_id "24_t";
9_dna	GeneMark.hmm3	CDS	67222	67762	.	-	1	gene_id "24_g"; transcript_id "24_t"; cds_type "Terminal"; count "2_2";
9_dna	GeneMark.hmm3	intron	67763	67858	.	-	2	gene_id "24_g"; transcript_id "24_t";
9_dna	GeneMark.hmm3	CDS	67859	67956	.	-	0	gene_id "24_g"; transcript_id "24_t"; cds_type "Initial"; count "1_2";
9_dna	GeneMark.hmm3	start_codon	67954	67956	.	-	0	gene_id "24_g"; transcript_id "24_t";
9_dna	GeneMark.hmm3	gene	68734	69636	.	-	.	gene_id "25_g"; transcript_id "25_t";
9_dna	GeneMark.hmm3	mRNA	68734	69636	.	-	.	gene_id "25_g"; transcript_id "25_t";
9_dna	GeneMark.hmm3	stop_codon	68734	68736	.	-	0	gene_id "25_g"; transcript_id "25_t";
9_dna	GeneMark.hmm3	CDS	68734	69636	.	-	0	gene_id "25_g"; transcript_id "25_t"; cds_type "Single"; count "1_1";
9_dna	GeneMark.hmm3	start_codon	69634	69636	.	-	0	gene_id "25_g"; transcript_id "25_t";
9_dna	GeneMark.hmm3	gene	71372	72856	.	-	.	gene_id "26_g"; transcript_id "26_t";
9_dna	GeneMark.hmm3	mRNA	71372	72856	.	-	.	gene_id "26_g"; transcript_id "26_t";
9_dna	GeneMark.hmm3	stop_codon	71372	71374	.	-	0	gene_id "26_g"; transcript_id "26_t";
9_dna	GeneMark.hmm3	CDS	71372	72856	.	-	0	gene_id "26_g"; transcript_id "26_t"; cds_type "Single"; count "1_1";
9_dna	GeneMark.hmm3	start_codon	72854	72856	.	-	0	gene_id "26_g"; transcript_id "26_t";
9_dna	GeneMark.hmm3	gene	75479	76957	.	+	.	gene_id "27_g"; transcript_id "27_t";
9_dna	GeneMark.hmm3	mRNA	75479	76957	.	+	.	gene_id "27_g"; transcript_id "27_t";
9_dna	GeneMark.hmm3	start_codon	75479	75481	.	+	0	gene_id "27_g"; transcript_id "27_t";
9_dna	GeneMark.hmm3	CDS	75479	76957	.	+	0	gene_id "27_g"; transcript_id "27_t"; cds_type "Single"; count "1_1";
9_dna	GeneMark.hmm3	stop_codon	76955	76957	.	+	0	gene_id "27_g"; transcript_id "27_t";
9_dna	GeneMark.hmm3	gene	77465	78136	.	-	.	gene_id "28_g"; transcript_id "28_t";
9_dna	GeneMark.hmm3	mRNA	77465	78136	.	-	.	gene_id "28_g"; transcript_id "28_t";
9_dna	GeneMark.hmm3	stop_codon	77465	77467	.	-	0	gene_id "28_g"; transcript_id "28_t";
9_dna	GeneMark.hmm3	CDS	77465	77694	.	-	2	gene_id "28_g"; transcript_id "28_t"; cds_type "Terminal"; count "3_3";
9_dna	GeneMark.hmm3	intron	77695	77799	.	-	1	gene_id "28_g"; transcript_id "28_t";
9_dna	GeneMark.hmm3	CDS	77800	77851	.	-	0	gene_id "28_g"; transcript_id "28_t"; cds_type "Internal"; count "2_3";
9_dna	GeneMark.hmm3	intron	77852	78037	.	-	0	gene_id "28_g"; transcript_id "28_t";
9_dna	GeneMark.hmm3	CDS	78038	78136	.	-	0	gene_id "28_g"; transcript_id "28_t"; cds_type "Initial"; count "1_3";
9_dna	GeneMark.hmm3	start_codon	78134	78136	.	-	0	gene_id "28_g"; transcript_id "28_t";
9_dna	GeneMark.hmm3	gene	78749	80682	.	-	.	gene_id "29_g"; transcript_id "29_t";
9_dna	GeneMark.hmm3	mRNA	78749	80682	.	-	.	gene_id "29_g"; transcript_id "29_t";
9_dna	GeneMark.hmm3	stop_codon	78749	78751	.	-	0	gene_id "29_g"; transcript_id "29_t";
9_dna	GeneMark.hmm3	CDS	78749	79522	.	-	0	gene_id "29_g"; transcript_id "29_t"; cds_type "Terminal"; count "2_2";
9_dna	GeneMark.hmm3	intron	79523	79569	.	-	0	gene_id "29_g"; transcript_id "29_t";
9_dna	GeneMark.hmm3	CDS	79570	80682	.	-	0	gene_id "29_g"; transcript_id "29_t"; cds_type "Initial"; count "1_2";
9_dna	GeneMark.hmm3	start_codon	80680	80682	.	-	0	gene_id "29_g"; transcript_id "29_t";
9_dna	GeneMark.hmm3	gene	82127	86165	.	+	.	gene_id "30_g"; transcript_id "30_t";
9_dna	GeneMark.hmm3	mRNA	82127	86165	.	+	.	gene_id "30_g"; transcript_id "30_t";
9_dna	GeneMark.hmm3	start_codon	82127	82129	.	+	0	gene_id "30_g"; transcript_id "30_t";
9_dna	GeneMark.hmm3	CDS	82127	85391	.	+	0	gene_id "30_g"; transcript_id "30_t"; cds_type "Initial"; count "1_2";
9_dna	GeneMark.hmm3	intron	85392	85929	.	+	1	gene_id "30_g"; transcript_id "30_t";
9_dna	GeneMark.hmm3	CDS	85930	86165	.	+	2	gene_id "30_g"; transcript_id "30_t"; cds_type "Terminal"; count "2_2";
9_dna	GeneMark.hmm3	stop_codon	86163	86165	.	+	0	gene_id "30_g"; transcript_id "30_t";
9_dna	GeneMark.hmm3	gene	87165	89927	.	-	.	gene_id "31_g"; transcript_id "31_t";
9_dna	GeneMark.hmm3	mRNA	87165	89927	.	-	.	gene_id "31_g"; transcript_id "31_t";
9_dna	GeneMark.hmm3	stop_codon	87165	87167	.	-	0	gene_id "31_g"; transcript_id "31_t";
9_dna	GeneMark.hmm3	CDS	87165	89405	.	-	0	gene_id "31_g"; transcript_id "31_t"; cds_type "Terminal"; count "2_2";
9_dna	GeneMark.hmm3	intron	89406	89495	.	-	0	gene_id "31_g"; transcript_id "31_t";
9_dna	GeneMark.hmm3	CDS	89496	89927	.	-	0	gene_id "31_g"; transcript_id "31_t"; cds_type "Initial"; count "1_2";
9_dna	GeneMark.hmm3	start_codon	89925	89927	.	-	0	gene_id "31_g"; transcript_id "31_t";
9_dna	GeneMark.hmm3	gene	97777	99308	.	-	.	gene_id "32_g"; transcript_id "32_t";
9_dna	GeneMark.hmm3	mRNA	97777	99308	.	-	.	gene_id "32_g"; transcript_id "32_t";
9_dna	GeneMark.hmm3	stop_codon	97777	97779	.	-	0	gene_id "32_g"; transcript_id "32_t";
9_dna	GeneMark.hmm3	CDS	97777	98713	.	-	1	gene_id "32_g"; transcript_id "32_t"; cds_type "Terminal"; count "2_2";
9_dna	GeneMark.hmm3	intron	98714	98769	.	-	2	gene_id "32_g"; transcript_id "32_t";
9_dna	GeneMark.hmm3	CDS	98770	99308	.	-	0	gene_id "32_g"; transcript_id "32_t"; cds_type "Initial"; count "1_2";
9_dna	GeneMark.hmm3	start_codon	99306	99308	.	-	0	gene_id "32_g"; transcript_id "32_t";
9_dna	GeneMark.hmm3	gene	105458	106800	.	+	.	gene_id "33_g"; transcript_id "33_t";
9_dna	GeneMark.hmm3	mRNA	105458	106800	.	+	.	gene_id "33_g"; transcript_id "33_t";
9_dna	GeneMark.hmm3	start_codon	105458	105460	.	+	0	gene_id "33_g"; transcript_id "33_t";
9_dna	GeneMark.hmm3	CDS	105458	105583	.	+	0	gene_id "33_g"; transcript_id "33_t"; cds_type "Initial"; count "1_3";
9_dna	GeneMark.hmm3	intron	105584	105632	.	+	0	gene_id "33_g"; transcript_id "33_t";
9_dna	GeneMark.hmm3	CDS	105633	105680	.	+	0	gene_id "33_g"; transcript_id "33_t"; cds_type "Internal"; count "2_3";
9_dna	GeneMark.hmm3	intron	105681	105744	.	+	0	gene_id "33_g"; transcript_id "33_t";
9_dna	GeneMark.hmm3	CDS	105745	106800	.	+	0	gene_id "33_g"; transcript_id "33_t"; cds_type "Terminal"; count "3_3";
9_dna	GeneMark.hmm3	stop_codon	106798	106800	.	+	0	gene_id "33_g"; transcript_id "33_t";
9_dna	GeneMark.hmm3	gene	107248	108339	.	-	.	gene_id "34_g"; transcript_id "34_t";
9_dna	GeneMark.hmm3	mRNA	107248	108339	.	-	.	gene_id "34_g"; transcript_id "34_t";
9_dna	GeneMark.hmm3	stop_codon	107248	107250	.	-	0	gene_id "34_g"; transcript_id "34_t";
9_dna	GeneMark.hmm3	CDS	107248	107771	.	-	2	gene_id "34_g"; transcript_id "34_t"; cds_type "Terminal"; count "3_3";
9_dna	GeneMark.hmm3	intron	107772	107826	.	-	1	gene_id "34_g"; transcript_id "34_t";
9_dna	GeneMark.hmm3	CDS	107827	107932	.	-	0	gene_id "34_g"; transcript_id "34_t"; cds_type "Internal"; count "2_3";
9_dna	GeneMark.hmm3	intron	107933	108003	.	-	0	gene_id "34_g"; transcript_id "34_t";
9_dna	GeneMark.hmm3	CDS	108004	108339	.	-	0	gene_id "34_g"; transcript_id "34_t"; cds_type "Initial"; count "1_3";
9_dna	GeneMark.hmm3	start_codon	108337	108339	.	-	0	gene_id "34_g"; transcript_id "34_t";
9_dna	GeneMark.hmm3	gene	109370	109783	.	+	.	gene_id "35_g"; transcript_id "35_t";
9_dna	GeneMark.hmm3	mRNA	109370	109783	.	+	.	gene_id "35_g"; transcript_id "35_t";
9_dna	GeneMark.hmm3	start_codon	109370	109372	.	+	0	gene_id "35_g"; transcript_id "35_t";
9_dna	GeneMark.hmm3	CDS	109370	109598	.	+	0	gene_id "35_g"; transcript_id "35_t"; cds_type "Initial"; count "1_2";
9_dna	GeneMark.hmm3	intron	109599	109679	.	+	1	gene_id "35_g"; transcript_id "35_t";
9_dna	GeneMark.hmm3	CDS	109680	109783	.	+	2	gene_id "35_g"; transcript_id "35_t"; cds_type "Terminal"; count "2_2";
9_dna	GeneMark.hmm3	stop_codon	109781	109783	.	+	0	gene_id "35_g"; transcript_id "35_t";
9_dna	GeneMark.hmm3	gene	110309	110815	.	-	.	gene_id "36_g"; transcript_id "36_t";
9_dna	GeneMark.hmm3	mRNA	110309	110815	.	-	.	gene_id "36_g"; transcript_id "36_t";
9_dna	GeneMark.hmm3	stop_codon	110309	110311	.	-	0	gene_id "36_g"; transcript_id "36_t";
9_dna	GeneMark.hmm3	CDS	110309	110815	.	-	0	gene_id "36_g"; transcript_id "36_t"; cds_type "Single"; count "1_1";
9_dna	GeneMark.hmm3	start_codon	110813	110815	.	-	0	gene_id "36_g"; transcript_id "36_t";
9_dna	GeneMark.hmm3	gene	113254	114264	.	+	.	gene_id "37_g"; transcript_id "37_t";
9_dna	GeneMark.hmm3	mRNA	113254	114264	.	+	.	gene_id "37_g"; transcript_id "37_t";
9_dna	GeneMark.hmm3	start_codon	113254	113256	.	+	0	gene_id "37_g"; transcript_id "37_t";
9_dna	GeneMark.hmm3	CDS	113254	114264	.	+	0	gene_id "37_g"; transcript_id "37_t"; cds_type "Single"; count "1_1";
9_dna	GeneMark.hmm3	stop_codon	114262	114264	.	+	0	gene_id "37_g"; transcript_id "37_t";
9_dna	GeneMark.hmm3	gene	116050	118072	.	-	.	gene_id "38_g"; transcript_id "38_t";
9_dna	GeneMark.hmm3	mRNA	116050	118072	.	-	.	gene_id "38_g"; transcript_id "38_t";
9_dna	GeneMark.hmm3	stop_codon	116050	116052	.	-	0	gene_id "38_g"; transcript_id "38_t";
9_dna	GeneMark.hmm3	CDS	116050	116394	.	-	0	gene_id "38_g"; transcript_id "38_t"; cds_type "Terminal"; count "4_4";
9_dna	GeneMark.hmm3	intron	116395	116912	.	-	0	gene_id "38_g"; transcript_id "38_t";
9_dna	GeneMark.hmm3	CDS	116913	117081	.	-	1	gene_id "38_g"; transcript_id "38_t"; cds_type "Internal"; count "3_4";
9_dna	GeneMark.hmm3	intron	117082	117608	.	-	2	gene_id "38_g"; transcript_id "38_t";
9_dna	GeneMark.hmm3	CDS	117609	117681	.	-	2	gene_id "38_g"; transcript_id "38_t"; cds_type "Internal"; count "2_4";
9_dna	GeneMark.hmm3	intron	117682	117783	.	-	1	gene_id "38_g"; transcript_id "38_t";
9_dna	GeneMark.hmm3	CDS	117784	118072	.	-	0	gene_id "38_g"; transcript_id "38_t"; cds_type "Initial"; count "1_4";
9_dna	GeneMark.hmm3	start_codon	118070	118072	.	-	0	gene_id "38_g"; transcript_id "38_t";
9_dna	GeneMark.hmm3	gene	119304	119903	.	+	.	gene_id "39_g"; transcript_id "39_t";
9_dna	GeneMark.hmm3	mRNA	119304	119903	.	+	.	gene_id "39_g"; transcript_id "39_t";
9_dna	GeneMark.hmm3	start_codon	119304	119306	.	+	0	gene_id "39_g"; transcript_id "39_t";
9_dna	GeneMark.hmm3	CDS	119304	119903	.	+	0	gene_id "39_g"; transcript_id "39_t"; cds_type "Single"; count "1_1";
9_dna	GeneMark.hmm3	stop_codon	119901	119903	.	+	0	gene_id "39_g"; transcript_id "39_t";
9_dna	GeneMark.hmm3	gene	121981	122328	.	-	.	gene_id "40_g"; transcript_id "40_t";
9_dna	GeneMark.hmm3	mRNA	121981	122328	.	-	.	gene_id "40_g"; transcript_id "40_t";
9_dna	GeneMark.hmm3	stop_codon	121981	121983	.	-	0	gene_id "40_g"; transcript_id "40_t";
9_dna	GeneMark.hmm3	CDS	121981	122328	.	-	0	gene_id "40_g"; transcript_id "40_t"; cds_type "Single"; count "1_1";
9_dna	GeneMark.hmm3	start_codon	122326	122328	.	-	0	gene_id "40_g"; transcript_id "40_t";
9_dna	GeneMark.hmm3	gene	133016	134003	.	-	.	gene_id "42_g"; transcript_id "42_t";
9_dna	GeneMark.hmm3	mRNA	133016	134003	.	-	.	gene_id "42_g"; transcript_id "42_t";
9_dna	GeneMark.hmm3	stop_codon	133016	133018	.	-	0	gene_id "42_g"; transcript_id "42_t";
9_dna	GeneMark.hmm3	CDS	133016	133155	.	-	2	gene_id "42_g"; transcript_id "42_t"; cds_type "Terminal"; count "3_3";
9_dna	GeneMark.hmm3	intron	133156	133281	.	-	1	gene_id "42_g"; transcript_id "42_t";
9_dna	GeneMark.hmm3	CDS	133282	133476	.	-	2	gene_id "42_g"; transcript_id "42_t"; cds_type "Internal"; count "2_3";
9_dna	GeneMark.hmm3	intron	133477	133570	.	-	1	gene_id "42_g"; transcript_id "42_t";
9_dna	GeneMark.hmm3	CDS	133571	134003	.	-	0	gene_id "42_g"; transcript_id "42_t"; cds_type "Initial"; count "1_3";
9_dna	GeneMark.hmm3	start_codon	134001	134003	.	-	0	gene_id "42_g"; transcript_id "42_t";
9_dna	GeneMark.hmm3	gene	136828	137207	.	-	.	gene_id "43_g"; transcript_id "43_t";
9_dna	GeneMark.hmm3	mRNA	136828	137207	.	-	.	gene_id "43_g"; transcript_id "43_t";
9_dna	GeneMark.hmm3	stop_codon	136828	136830	.	-	0	gene_id "43_g"; transcript_id "43_t";
9_dna	GeneMark.hmm3	CDS	136828	136890	.	-	0	gene_id "43_g"; transcript_id "43_t"; cds_type "Terminal"; count "2_2";
9_dna	GeneMark.hmm3	intron	136891	136955	.	-	0	gene_id "43_g"; transcript_id "43_t";
9_dna	GeneMark.hmm3	CDS	136956	137207	.	-	0	gene_id "43_g"; transcript_id "43_t"; cds_type "Initial"; count "1_2";
9_dna	GeneMark.hmm3	start_codon	137205	137207	.	-	0	gene_id "43_g"; transcript_id "43_t";
9_dna	GeneMark.hmm3	gene	138100	139102	.	-	.	gene_id "44_g"; transcript_id "44_t";
9_dna	GeneMark.hmm3	mRNA	138100	139102	.	-	.	gene_id "44_g"; transcript_id "44_t";
9_dna	GeneMark.hmm3	stop_codon	138100	138102	.	-	0	gene_id "44_g"; transcript_id "44_t";
9_dna	GeneMark.hmm3	CDS	138100	138437	.	-	2	gene_id "44_g"; transcript_id "44_t"; cds_type "Terminal"; count "2_2";
9_dna	GeneMark.hmm3	intron	138438	138522	.	-	1	gene_id "44_g"; transcript_id "44_t";
9_dna	GeneMark.hmm3	CDS	138523	139102	.	-	0	gene_id "44_g"; transcript_id "44_t"; cds_type "Initial"; count "1_2";
9_dna	GeneMark.hmm3	start_codon	139100	139102	.	-	0	gene_id "44_g"; transcript_id "44_t";
9_dna	GeneMark.hmm3	gene	139673	141682	.	+	.	gene_id "45_g"; transcript_id "45_t";
9_dna	GeneMark.hmm3	mRNA	139673	141682	.	+	.	gene_id "45_g"; transcript_id "45_t";
9_dna	GeneMark.hmm3	start_codon	139673	139675	.	+	0	gene_id "45_g"; transcript_id "45_t";
9_dna	GeneMark.hmm3	CDS	139673	140260	.	+	0	gene_id "45_g"; transcript_id "45_t"; cds_type "Initial"; count "1_3";
9_dna	GeneMark.hmm3	intron	140261	140331	.	+	0	gene_id "45_g"; transcript_id "45_t";
9_dna	GeneMark.hmm3	CDS	140332	140800	.	+	0	gene_id "45_g"; transcript_id "45_t"; cds_type "Internal"; count "2_3";
9_dna	GeneMark.hmm3	intron	140801	140882	.	+	1	gene_id "45_g"; transcript_id "45_t";
9_dna	GeneMark.hmm3	CDS	140883	141682	.	+	2	gene_id "45_g"; transcript_id "45_t"; cds_type "Terminal"; count "3_3";
9_dna	GeneMark.hmm3	stop_codon	141680	141682	.	+	0	gene_id "45_g"; transcript_id "45_t";
9_dna	GeneMark.hmm3	gene	141864	143489	.	-	.	gene_id "46_g"; transcript_id "46_t";
9_dna	GeneMark.hmm3	mRNA	141864	143489	.	-	.	gene_id "46_g"; transcript_id "46_t";
9_dna	GeneMark.hmm3	stop_codon	141864	141866	.	-	0	gene_id "46_g"; transcript_id "46_t";
9_dna	GeneMark.hmm3	CDS	141864	142642	.	-	2	gene_id "46_g"; transcript_id "46_t"; cds_type "Terminal"; count "2_2";
9_dna	GeneMark.hmm3	intron	142643	142705	.	-	1	gene_id "46_g"; transcript_id "46_t";
9_dna	GeneMark.hmm3	CDS	142706	143489	.	-	0	gene_id "46_g"; transcript_id "46_t"; cds_type "Initial"; count "1_2";
9_dna	GeneMark.hmm3	start_codon	143487	143489	.	-	0	gene_id "46_g"; transcript_id "46_t";
9_dna	GeneMark.hmm3	gene	145160	145324	.	+	.	gene_id "47_g"; transcript_id "47_t";
9_dna	GeneMark.hmm3	mRNA	145160	145324	.	+	.	gene_id "47_g"; transcript_id "47_t";
9_dna	GeneMark.hmm3	start_codon	145160	145162	.	+	0	gene_id "47_g"; transcript_id "47_t";
9_dna	GeneMark.hmm3	CDS	145160	145324	.	+	0	gene_id "47_g"; transcript_id "47_t"; cds_type "Single"; count "1_1";
9_dna	GeneMark.hmm3	stop_codon	145322	145324	.	+	0	gene_id "47_g"; transcript_id "47_t";
9_dna	GeneMark.hmm3	gene	145742	146994	.	-	.	gene_id "48_g"; transcript_id "48_t";
9_dna	GeneMark.hmm3	mRNA	145742	146994	.	-	.	gene_id "48_g"; transcript_id "48_t";
9_dna	GeneMark.hmm3	stop_codon	145742	145744	.	-	0	gene_id "48_g"; transcript_id "48_t";
9_dna	GeneMark.hmm3	CDS	145742	146650	.	-	0	gene_id "48_g"; transcript_id "48_t"; cds_type "Terminal"; count "2_2";
9_dna	GeneMark.hmm3	intron	146651	146733	.	-	0	gene_id "48_g"; transcript_id "48_t";
9_dna	GeneMark.hmm3	CDS	146734	146994	.	-	0	gene_id "48_g"; transcript_id "48_t"; cds_type "Initial"; count "1_2";
9_dna	GeneMark.hmm3	start_codon	146992	146994	.	-	0	gene_id "48_g"; transcript_id "48_t";
9_dna	GeneMark.hmm3	gene	149388	151234	.	+	.	gene_id "49_g"; transcript_id "49_t";
9_dna	GeneMark.hmm3	mRNA	149388	151234	.	+	.	gene_id "49_g"; transcript_id "49_t";
9_dna	GeneMark.hmm3	start_codon	149388	149390	.	+	0	gene_id "49_g"; transcript_id "49_t";
9_dna	GeneMark.hmm3	CDS	149388	149819	.	+	0	gene_id "49_g"; transcript_id "49_t"; cds_type "Initial"; count "1_2";
9_dna	GeneMark.hmm3	intron	149820	149899	.	+	0	gene_id "49_g"; transcript_id "49_t";
9_dna	GeneMark.hmm3	CDS	149900	151234	.	+	0	gene_id "49_g"; transcript_id "49_t"; cds_type "Terminal"; count "2_2";
9_dna	GeneMark.hmm3	stop_codon	151232	151234	.	+	0	gene_id "49_g"; transcript_id "49_t";
9_dna	GeneMark.hmm3	gene	151357	152273	.	-	.	gene_id "50_g"; transcript_id "50_t";
9_dna	GeneMark.hmm3	mRNA	151357	152273	.	-	.	gene_id "50_g"; transcript_id "50_t";
9_dna	GeneMark.hmm3	stop_codon	151357	151359	.	-	0	gene_id "50_g"; transcript_id "50_t";
9_dna	GeneMark.hmm3	CDS	151357	152181	.	-	0	gene_id "50_g"; transcript_id "50_t"; cds_type "Terminal"; count "2_2";
9_dna	GeneMark.hmm3	intron	152182	152252	.	-	0	gene_id "50_g"; transcript_id "50_t";
9_dna	GeneMark.hmm3	CDS	152253	152273	.	-	0	gene_id "50_g"; transcript_id "50_t"; cds_type "Initial"; count "1_2";
9_dna	GeneMark.hmm3	start_codon	152271	152273	.	-	0	gene_id "50_g"; transcript_id "50_t";
9_dna	GeneMark.hmm3	gene	152667	153333	.	+	.	gene_id "51_g"; transcript_id "51_t";
9_dna	GeneMark.hmm3	mRNA	152667	153333	.	+	.	gene_id "51_g"; transcript_id "51_t";
9_dna	GeneMark.hmm3	start_codon	152667	152669	.	+	0	gene_id "51_g"; transcript_id "51_t";
9_dna	GeneMark.hmm3	CDS	152667	152882	.	+	0	gene_id "51_g"; transcript_id "51_t"; cds_type "Initial"; count "1_2";
9_dna	GeneMark.hmm3	intron	152883	152952	.	+	0	gene_id "51_g"; transcript_id "51_t";
9_dna	GeneMark.hmm3	CDS	152953	153333	.	+	0	gene_id "51_g"; transcript_id "51_t"; cds_type "Terminal"; count "2_2";
9_dna	GeneMark.hmm3	stop_codon	153331	153333	.	+	0	gene_id "51_g"; transcript_id "51_t";
9_dna	GeneMark.hmm3	gene	153713	155734	.	-	.	gene_id "52_g"; transcript_id "52_t";
9_dna	GeneMark.hmm3	mRNA	153713	155734	.	-	.	gene_id "52_g"; transcript_id "52_t";
9_dna	GeneMark.hmm3	stop_codon	153713	153715	.	-	0	gene_id "52_g"; transcript_id "52_t";
9_dna	GeneMark.hmm3	CDS	153713	155024	.	-	1	gene_id "52_g"; transcript_id "52_t"; cds_type "Terminal"; count "2_2";
9_dna	GeneMark.hmm3	intron	155025	155078	.	-	2	gene_id "52_g"; transcript_id "52_t";
9_dna	GeneMark.hmm3	CDS	155079	155734	.	-	0	gene_id "52_g"; transcript_id "52_t"; cds_type "Initial"; count "1_2";
9_dna	GeneMark.hmm3	start_codon	155732	155734	.	-	0	gene_id "52_g"; transcript_id "52_t";
9_dna	GeneMark.hmm3	gene	156392	157655	.	+	.	gene_id "53_g"; transcript_id "53_t";
9_dna	GeneMark.hmm3	mRNA	156392	157655	.	+	.	gene_id "53_g"; transcript_id "53_t";
9_dna	GeneMark.hmm3	start_codon	156392	156394	.	+	0	gene_id "53_g"; transcript_id "53_t";
9_dna	GeneMark.hmm3	CDS	156392	156499	.	+	0	gene_id "53_g"; transcript_id "53_t"; cds_type "Initial"; count "1_2";
9_dna	GeneMark.hmm3	intron	156500	156635	.	+	0	gene_id "53_g"; transcript_id "53_t";
9_dna	GeneMark.hmm3	CDS	156636	157655	.	+	0	gene_id "53_g"; transcript_id "53_t"; cds_type "Terminal"; count "2_2";
9_dna	GeneMark.hmm3	stop_codon	157653	157655	.	+	0	gene_id "53_g"; transcript_id "53_t";
9_dna	GeneMark.hmm3	gene	158352	160640	.	-	.	gene_id "54_g"; transcript_id "54_t";
9_dna	GeneMark.hmm3	mRNA	158352	160640	.	-	.	gene_id "54_g"; transcript_id "54_t";
9_dna	GeneMark.hmm3	stop_codon	158352	158354	.	-	0	gene_id "54_g"; transcript_id "54_t";
9_dna	GeneMark.hmm3	CDS	158352	159044	.	-	0	gene_id "54_g"; transcript_id "54_t"; cds_type "Terminal"; count "5_5";
9_dna	GeneMark.hmm3	intron	159045	159097	.	-	0	gene_id "54_g"; transcript_id "54_t";
9_dna	GeneMark.hmm3	CDS	159098	159423	.	-	2	gene_id "54_g"; transcript_id "54_t"; cds_type "Internal"; count "4_5";
9_dna	GeneMark.hmm3	intron	159424	159479	.	-	1	gene_id "54_g"; transcript_id "54_t";
9_dna	GeneMark.hmm3	CDS	159480	159568	.	-	1	gene_id "54_g"; transcript_id "54_t"; cds_type "Internal"; count "3_5";
9_dna	GeneMark.hmm3	intron	159569	159617	.	-	2	gene_id "54_g"; transcript_id "54_t";
9_dna	GeneMark.hmm3	CDS	159618	159950	.	-	1	gene_id "54_g"; transcript_id "54_t"; cds_type "Internal"; count "2_5";
9_dna	GeneMark.hmm3	intron	159951	160002	.	-	2	gene_id "54_g"; transcript_id "54_t";
9_dna	GeneMark.hmm3	CDS	160003	160640	.	-	0	gene_id "54_g"; transcript_id "54_t"; cds_type "Initial"; count "1_5";
9_dna	GeneMark.hmm3	start_codon	160638	160640	.	-	0	gene_id "54_g"; transcript_id "54_t";
9_dna	GeneMark.hmm3	gene	162921	163571	.	-	.	gene_id "55_g"; transcript_id "55_t";
9_dna	GeneMark.hmm3	mRNA	162921	163571	.	-	.	gene_id "55_g"; transcript_id "55_t";
9_dna	GeneMark.hmm3	stop_codon	162921	162923	.	-	0	gene_id "55_g"; transcript_id "55_t";
9_dna	GeneMark.hmm3	CDS	162921	163571	.	-	0	gene_id "55_g"; transcript_id "55_t"; cds_type "Single"; count "1_1";
9_dna	GeneMark.hmm3	start_codon	163569	163571	.	-	0	gene_id "55_g"; transcript_id "55_t";
9_dna	GeneMark.hmm3	gene	164021	166369	.	+	.	gene_id "56_g"; transcript_id "56_t";
9_dna	GeneMark.hmm3	mRNA	164021	166369	.	+	.	gene_id "56_g"; transcript_id "56_t";
9_dna	GeneMark.hmm3	start_codon	164021	164023	.	+	0	gene_id "56_g"; transcript_id "56_t";
9_dna	GeneMark.hmm3	CDS	164021	166369	.	+	0	gene_id "56_g"; transcript_id "56_t"; cds_type "Single"; count "1_1";
9_dna	GeneMark.hmm3	stop_codon	166367	166369	.	+	0	gene_id "56_g"; transcript_id "56_t";
9_dna	GeneMark.hmm3	gene	167563	170156	.	+	.	gene_id "57_g"; transcript_id "57_t";
9_dna	GeneMark.hmm3	mRNA	167563	170156	.	+	.	gene_id "57_g"; transcript_id "57_t";
9_dna	GeneMark.hmm3	start_codon	167563	167565	.	+	0	gene_id "57_g"; transcript_id "57_t";
9_dna	GeneMark.hmm3	CDS	167563	170016	.	+	0	gene_id "57_g"; transcript_id "57_t"; cds_type "Initial"; count "1_2";
9_dna	GeneMark.hmm3	intron	170017	170078	.	+	0	gene_id "57_g"; transcript_id "57_t";
9_dna	GeneMark.hmm3	CDS	170079	170156	.	+	0	gene_id "57_g"; transcript_id "57_t"; cds_type "Terminal"; count "2_2";
9_dna	GeneMark.hmm3	stop_codon	170154	170156	.	+	0	gene_id "57_g"; transcript_id "57_t";
9_dna	GeneMark.hmm3	gene	170901	173052	.	-	.	gene_id "58_g"; transcript_id "58_t";
9_dna	GeneMark.hmm3	mRNA	170901	173052	.	-	.	gene_id "58_g"; transcript_id "58_t";
9_dna	GeneMark.hmm3	stop_codon	170901	170903	.	-	0	gene_id "58_g"; transcript_id "58_t";
9_dna	GeneMark.hmm3	CDS	170901	170969	.	-	0	gene_id "58_g"; transcript_id "58_t"; cds_type "Terminal"; count "3_3";
9_dna	GeneMark.hmm3	intron	170970	171042	.	-	0	gene_id "58_g"; transcript_id "58_t";
9_dna	GeneMark.hmm3	CDS	171043	172136	.	-	2	gene_id "58_g"; transcript_id "58_t"; cds_type "Internal"; count "2_3";
9_dna	GeneMark.hmm3	intron	172137	172196	.	-	1	gene_id "58_g"; transcript_id "58_t";
9_dna	GeneMark.hmm3	CDS	172197	173052	.	-	0	gene_id "58_g"; transcript_id "58_t"; cds_type "Initial"; count "1_3";
9_dna	GeneMark.hmm3	start_codon	173050	173052	.	-	0	gene_id "58_g"; transcript_id "58_t";
9_dna	GeneMark.hmm3	gene	182073	183929	.	-	.	gene_id "59_g"; transcript_id "59_t";
9_dna	GeneMark.hmm3	mRNA	182073	183929	.	-	.	gene_id "59_g"; transcript_id "59_t";
9_dna	GeneMark.hmm3	stop_codon	182073	182075	.	-	0	gene_id "59_g"; transcript_id "59_t";
9_dna	GeneMark.hmm3	CDS	182073	183929	.	-	0	gene_id "59_g"; transcript_id "59_t"; cds_type "Single"; count "1_1";
9_dna	GeneMark.hmm3	start_codon	183927	183929	.	-	0	gene_id "59_g"; transcript_id "59_t";
9_dna	GeneMark.hmm3	gene	184642	185452	.	+	.	gene_id "60_g"; transcript_id "60_t";
9_dna	GeneMark.hmm3	mRNA	184642	185452	.	+	.	gene_id "60_g"; transcript_id "60_t";
9_dna	GeneMark.hmm3	start_codon	184642	184644	.	+	0	gene_id "60_g"; transcript_id "60_t";
9_dna	GeneMark.hmm3	CDS	184642	184824	.	+	0	gene_id "60_g"; transcript_id "60_t"; cds_type "Initial"; count "1_3";
9_dna	GeneMark.hmm3	intron	184825	184928	.	+	0	gene_id "60_g"; transcript_id "60_t";
9_dna	GeneMark.hmm3	CDS	184929	185234	.	+	0	gene_id "60_g"; transcript_id "60_t"; cds_type "Internal"; count "2_3";
9_dna	GeneMark.hmm3	intron	185235	185302	.	+	0	gene_id "60_g"; transcript_id "60_t";
9_dna	GeneMark.hmm3	CDS	185303	185452	.	+	0	gene_id "60_g"; transcript_id "60_t"; cds_type "Terminal"; count "3_3";
9_dna	GeneMark.hmm3	stop_codon	185450	185452	.	+	0	gene_id "60_g"; transcript_id "60_t";
9_dna	GeneMark.hmm3	gene	186769	188251	.	-	.	gene_id "61_g"; transcript_id "61_t";
9_dna	GeneMark.hmm3	mRNA	186769	188251	.	-	.	gene_id "61_g"; transcript_id "61_t";
9_dna	GeneMark.hmm3	stop_codon	186769	186771	.	-	0	gene_id "61_g"; transcript_id "61_t";
9_dna	GeneMark.hmm3	CDS	186769	187910	.	-	2	gene_id "61_g"; transcript_id "61_t"; cds_type "Terminal"; count "3_3";
9_dna	GeneMark.hmm3	intron	187911	187971	.	-	1	gene_id "61_g"; transcript_id "61_t";
9_dna	GeneMark.hmm3	CDS	187972	188041	.	-	0	gene_id "61_g"; transcript_id "61_t"; cds_type "Internal"; count "2_3";
9_dna	GeneMark.hmm3	intron	188042	188122	.	-	0	gene_id "61_g"; transcript_id "61_t";
9_dna	GeneMark.hmm3	CDS	188123	188251	.	-	0	gene_id "61_g"; transcript_id "61_t"; cds_type "Initial"; count "1_3";
9_dna	GeneMark.hmm3	start_codon	188249	188251	.	-	0	gene_id "61_g"; transcript_id "61_t";
9_dna	GeneMark.hmm3	gene	192344	193201	.	+	.	gene_id "62_g"; transcript_id "62_t";
9_dna	GeneMark.hmm3	mRNA	192344	193201	.	+	.	gene_id "62_g"; transcript_id "62_t";
9_dna	GeneMark.hmm3	start_codon	192344	192346	.	+	0	gene_id "62_g"; transcript_id "62_t";
9_dna	GeneMark.hmm3	CDS	192344	193201	.	+	0	gene_id "62_g"; transcript_id "62_t"; cds_type "Single"; count "1_1";
9_dna	GeneMark.hmm3	stop_codon	193199	193201	.	+	0	gene_id "62_g"; transcript_id "62_t";
9_dna	GeneMark.hmm3	gene	193806	195904	.	-	.	gene_id "63_g"; transcript_id "63_t";
9_dna	GeneMark.hmm3	mRNA	193806	195904	.	-	.	gene_id "63_g"; transcript_id "63_t";
9_dna	GeneMark.hmm3	stop_codon	193806	193808	.	-	0	gene_id "63_g"; transcript_id "63_t";
9_dna	GeneMark.hmm3	CDS	193806	194183	.	-	0	gene_id "63_g"; transcript_id "63_t"; cds_type "Terminal"; count "3_3";
9_dna	GeneMark.hmm3	intron	194184	194239	.	-	0	gene_id "63_g"; transcript_id "63_t";
9_dna	GeneMark.hmm3	CDS	194240	194692	.	-	0	gene_id "63_g"; transcript_id "63_t"; cds_type "Internal"; count "2_3";
9_dna	GeneMark.hmm3	intron	194693	194746	.	-	0	gene_id "63_g"; transcript_id "63_t";
9_dna	GeneMark.hmm3	CDS	194747	195904	.	-	0	gene_id "63_g"; transcript_id "63_t"; cds_type "Initial"; count "1_3";
9_dna	GeneMark.hmm3	start_codon	195902	195904	.	-	0	gene_id "63_g"; transcript_id "63_t";
9_dna	GeneMark.hmm3	gene	197099	198311	.	+	.	gene_id "64_g"; transcript_id "64_t";
9_dna	GeneMark.hmm3	mRNA	197099	198311	.	+	.	gene_id "64_g"; transcript_id "64_t";
9_dna	GeneMark.hmm3	start_codon	197099	197101	.	+	0	gene_id "64_g"; transcript_id "64_t";
9_dna	GeneMark.hmm3	CDS	197099	197145	.	+	0	gene_id "64_g"; transcript_id "64_t"; cds_type "Initial"; count "1_5";
9_dna	GeneMark.hmm3	intron	197146	197197	.	+	2	gene_id "64_g"; transcript_id "64_t";
9_dna	GeneMark.hmm3	CDS	197198	197226	.	+	1	gene_id "64_g"; transcript_id "64_t"; cds_type "Internal"; count "2_5";
9_dna	GeneMark.hmm3	intron	197227	197283	.	+	1	gene_id "64_g"; transcript_id "64_t";
9_dna	GeneMark.hmm3	CDS	197284	197720	.	+	2	gene_id "64_g"; transcript_id "64_t"; cds_type "Internal"; count "3_5";
9_dna	GeneMark.hmm3	intron	197721	197786	.	+	0	gene_id "64_g"; transcript_id "64_t";
9_dna	GeneMark.hmm3	CDS	197787	198060	.	+	0	gene_id "64_g"; transcript_id "64_t"; cds_type "Internal"; count "4_5";
9_dna	GeneMark.hmm3	intron	198061	198129	.	+	1	gene_id "64_g"; transcript_id "64_t";
9_dna	GeneMark.hmm3	CDS	198130	198311	.	+	2	gene_id "64_g"; transcript_id "64_t"; cds_type "Terminal"; count "5_5";
9_dna	GeneMark.hmm3	stop_codon	198309	198311	.	+	0	gene_id "64_g"; transcript_id "64_t";
9_dna	GeneMark.hmm3	gene	199824	201623	.	+	.	gene_id "65_g"; transcript_id "65_t";
9_dna	GeneMark.hmm3	mRNA	199824	201623	.	+	.	gene_id "65_g"; transcript_id "65_t";
9_dna	GeneMark.hmm3	start_codon	199824	199826	.	+	0	gene_id "65_g"; transcript_id "65_t";
9_dna	GeneMark.hmm3	CDS	199824	201623	.	+	0	gene_id "65_g"; transcript_id "65_t"; cds_type "Single"; count "1_1";
9_dna	GeneMark.hmm3	stop_codon	201621	201623	.	+	0	gene_id "65_g"; transcript_id "65_t";
9_dna	GeneMark.hmm3	gene	203852	204013	.	+	.	gene_id "66_g"; transcript_id "66_t";
9_dna	GeneMark.hmm3	mRNA	203852	204013	.	+	.	gene_id "66_g"; transcript_id "66_t";
9_dna	GeneMark.hmm3	start_codon	203852	203854	.	+	0	gene_id "66_g"; transcript_id "66_t";
9_dna	GeneMark.hmm3	CDS	203852	204013	.	+	0	gene_id "66_g"; transcript_id "66_t"; cds_type "Single"; count "1_1";
9_dna	GeneMark.hmm3	stop_codon	204011	204013	.	+	0	gene_id "66_g"; transcript_id "66_t";
9_dna	GeneMark.hmm3	gene	207441	207708	.	+	.	gene_id "67_g"; transcript_id "67_t";
9_dna	GeneMark.hmm3	mRNA	207441	207708	.	+	.	gene_id "67_g"; transcript_id "67_t";
9_dna	GeneMark.hmm3	start_codon	207441	207443	.	+	0	gene_id "67_g"; transcript_id "67_t";
9_dna	GeneMark.hmm3	CDS	207441	207625	.	+	0	gene_id "67_g"; transcript_id "67_t"; cds_type "Initial"; count "1_2";
9_dna	GeneMark.hmm3	intron	207626	207647	.	+	2	gene_id "67_g"; transcript_id "67_t";
9_dna	GeneMark.hmm3	CDS	207648	207708	.	+	1	gene_id "67_g"; transcript_id "67_t"; cds_type "Terminal"; count "2_2";
9_dna	GeneMark.hmm3	stop_codon	207706	207708	.	+	0	gene_id "67_g"; transcript_id "67_t";
9_dna	GeneMark.hmm3	gene	208378	208623	.	+	.	gene_id "68_g"; transcript_id "68_t";
9_dna	GeneMark.hmm3	mRNA	208378	208623	.	+	.	gene_id "68_g"; transcript_id "68_t";
9_dna	GeneMark.hmm3	start_codon	208378	208380	.	+	0	gene_id "68_g"; transcript_id "68_t";
9_dna	GeneMark.hmm3	CDS	208378	208623	.	+	0	gene_id "68_g"; transcript_id "68_t"; cds_type "Single"; count "1_1";
9_dna	GeneMark.hmm3	stop_codon	208621	208623	.	+	0	gene_id "68_g"; transcript_id "68_t";
9_dna	GeneMark.hmm3	gene	211105	213155	.	+	.	gene_id "69_g"; transcript_id "69_t";
9_dna	GeneMark.hmm3	mRNA	211105	213155	.	+	.	gene_id "69_g"; transcript_id "69_t";
9_dna	GeneMark.hmm3	start_codon	211105	211107	.	+	0	gene_id "69_g"; transcript_id "69_t";
9_dna	GeneMark.hmm3	CDS	211105	211328	.	+	0	gene_id "69_g"; transcript_id "69_t"; cds_type "Initial"; count "1_4";
9_dna	GeneMark.hmm3	intron	211329	211408	.	+	2	gene_id "69_g"; transcript_id "69_t";
9_dna	GeneMark.hmm3	CDS	211409	211635	.	+	1	gene_id "69_g"; transcript_id "69_t"; cds_type "Internal"; count "2_4";
9_dna	GeneMark.hmm3	intron	211636	211693	.	+	1	gene_id "69_g"; transcript_id "69_t";
9_dna	GeneMark.hmm3	CDS	211694	212363	.	+	2	gene_id "69_g"; transcript_id "69_t"; cds_type "Internal"; count "3_4";
9_dna	GeneMark.hmm3	intron	212364	212416	.	+	2	gene_id "69_g"; transcript_id "69_t";
9_dna	GeneMark.hmm3	CDS	212417	213155	.	+	1	gene_id "69_g"; transcript_id "69_t"; cds_type "Terminal"; count "4_4";
9_dna	GeneMark.hmm3	stop_codon	213153	213155	.	+	0	gene_id "69_g"; transcript_id "69_t";
9_dna	GeneMark.hmm3	gene	213508	214720	.	-	.	gene_id "70_g"; transcript_id "70_t";
9_dna	GeneMark.hmm3	mRNA	213508	214720	.	-	.	gene_id "70_g"; transcript_id "70_t";
9_dna	GeneMark.hmm3	stop_codon	213508	213510	.	-	0	gene_id "70_g"; transcript_id "70_t";
9_dna	GeneMark.hmm3	CDS	213508	214346	.	-	2	gene_id "70_g"; transcript_id "70_t"; cds_type "Terminal"; count "3_3";
9_dna	GeneMark.hmm3	intron	214347	214405	.	-	1	gene_id "70_g"; transcript_id "70_t";
9_dna	GeneMark.hmm3	CDS	214406	214514	.	-	0	gene_id "70_g"; transcript_id "70_t"; cds_type "Internal"; count "2_3";
9_dna	GeneMark.hmm3	intron	214515	214573	.	-	0	gene_id "70_g"; transcript_id "70_t";
9_dna	GeneMark.hmm3	CDS	214574	214720	.	-	0	gene_id "70_g"; transcript_id "70_t"; cds_type "Initial"; count "1_3";
9_dna	GeneMark.hmm3	start_codon	214718	214720	.	-	0	gene_id "70_g"; transcript_id "70_t";
9_dna	GeneMark.hmm3	gene	216369	218592	.	+	.	gene_id "71_g"; transcript_id "71_t";
9_dna	GeneMark.hmm3	mRNA	216369	218592	.	+	.	gene_id "71_g"; transcript_id "71_t";
9_dna	GeneMark.hmm3	start_codon	216369	216371	.	+	0	gene_id "71_g"; transcript_id "71_t";
9_dna	GeneMark.hmm3	CDS	216369	217609	.	+	0	gene_id "71_g"; transcript_id "71_t"; cds_type "Initial"; count "1_2";
9_dna	GeneMark.hmm3	intron	217610	217670	.	+	2	gene_id "71_g"; transcript_id "71_t";
9_dna	GeneMark.hmm3	CDS	217671	218592	.	+	1	gene_id "71_g"; transcript_id "71_t"; cds_type "Terminal"; count "2_2";
9_dna	GeneMark.hmm3	stop_codon	218590	218592	.	+	0	gene_id "71_g"; transcript_id "71_t";
9_dna	GeneMark.hmm3	gene	218919	219703	.	-	.	gene_id "72_g"; transcript_id "72_t";
9_dna	GeneMark.hmm3	mRNA	218919	219703	.	-	.	gene_id "72_g"; transcript_id "72_t";
9_dna	GeneMark.hmm3	stop_codon	218919	218921	.	-	0	gene_id "72_g"; transcript_id "72_t";
9_dna	GeneMark.hmm3	CDS	218919	219188	.	-	0	gene_id "72_g"; transcript_id "72_t"; cds_type "Terminal"; count "2_2";
9_dna	GeneMark.hmm3	intron	219189	219256	.	-	0	gene_id "72_g"; transcript_id "72_t";
9_dna	GeneMark.hmm3	CDS	219257	219703	.	-	0	gene_id "72_g"; transcript_id "72_t"; cds_type "Initial"; count "1_2";
9_dna	GeneMark.hmm3	start_codon	219701	219703	.	-	0	gene_id "72_g"; transcript_id "72_t";
9_dna	GeneMark.hmm3	gene	223550	224406	.	+	.	gene_id "73_g"; transcript_id "73_t";
9_dna	GeneMark.hmm3	mRNA	223550	224406	.	+	.	gene_id "73_g"; transcript_id "73_t";
9_dna	GeneMark.hmm3	start_codon	223550	223552	.	+	0	gene_id "73_g"; transcript_id "73_t";
9_dna	GeneMark.hmm3	CDS	223550	223569	.	+	0	gene_id "73_g"; transcript_id "73_t"; cds_type "Initial"; count "1_3";
9_dna	GeneMark.hmm3	intron	223570	223646	.	+	2	gene_id "73_g"; transcript_id "73_t";
9_dna	GeneMark.hmm3	CDS	223647	223818	.	+	1	gene_id "73_g"; transcript_id "73_t"; cds_type "Internal"; count "2_3";
9_dna	GeneMark.hmm3	intron	223819	223881	.	+	0	gene_id "73_g"; transcript_id "73_t";
9_dna	GeneMark.hmm3	CDS	223882	224406	.	+	0	gene_id "73_g"; transcript_id "73_t"; cds_type "Terminal"; count "3_3";
9_dna	GeneMark.hmm3	stop_codon	224404	224406	.	+	0	gene_id "73_g"; transcript_id "73_t";
9_dna	GeneMark.hmm3	gene	224952	225794	.	+	.	gene_id "74_g"; transcript_id "74_t";
9_dna	GeneMark.hmm3	mRNA	224952	225794	.	+	.	gene_id "74_g"; transcript_id "74_t";
9_dna	GeneMark.hmm3	start_codon	224952	224954	.	+	0	gene_id "74_g"; transcript_id "74_t";
9_dna	GeneMark.hmm3	CDS	224952	225041	.	+	0	gene_id "74_g"; transcript_id "74_t"; cds_type "Initial"; count "1_4";
9_dna	GeneMark.hmm3	intron	225042	225190	.	+	0	gene_id "74_g"; transcript_id "74_t";
9_dna	GeneMark.hmm3	CDS	225191	225365	.	+	0	gene_id "74_g"; transcript_id "74_t"; cds_type "Internal"; count "2_4";
9_dna	GeneMark.hmm3	intron	225366	225510	.	+	1	gene_id "74_g"; transcript_id "74_t";
9_dna	GeneMark.hmm3	CDS	225511	225624	.	+	2	gene_id "74_g"; transcript_id "74_t"; cds_type "Internal"; count "3_4";
9_dna	GeneMark.hmm3	intron	225625	225729	.	+	1	gene_id "74_g"; transcript_id "74_t";
9_dna	GeneMark.hmm3	CDS	225730	225794	.	+	2	gene_id "74_g"; transcript_id "74_t"; cds_type "Terminal"; count "4_4";
9_dna	GeneMark.hmm3	stop_codon	225792	225794	.	+	0	gene_id "74_g"; transcript_id "74_t";
9_dna	GeneMark.hmm3	gene	230508	232008	.	+	.	gene_id "75_g"; transcript_id "75_t";
9_dna	GeneMark.hmm3	mRNA	230508	232008	.	+	.	gene_id "75_g"; transcript_id "75_t";
9_dna	GeneMark.hmm3	start_codon	230508	230510	.	+	0	gene_id "75_g"; transcript_id "75_t";
9_dna	GeneMark.hmm3	CDS	230508	230696	.	+	0	gene_id "75_g"; transcript_id "75_t"; cds_type "Initial"; count "1_2";
9_dna	GeneMark.hmm3	intron	230697	230775	.	+	0	gene_id "75_g"; transcript_id "75_t";
9_dna	GeneMark.hmm3	CDS	230776	232008	.	+	0	gene_id "75_g"; transcript_id "75_t"; cds_type "Terminal"; count "2_2";
9_dna	GeneMark.hmm3	stop_codon	232006	232008	.	+	0	gene_id "75_g"; transcript_id "75_t";
9_dna	GeneMark.hmm3	gene	232392	233958	.	-	.	gene_id "76_g"; transcript_id "76_t";
9_dna	GeneMark.hmm3	mRNA	232392	233958	.	-	.	gene_id "76_g"; transcript_id "76_t";
9_dna	GeneMark.hmm3	stop_codon	232392	232394	.	-	0	gene_id "76_g"; transcript_id "76_t";
9_dna	GeneMark.hmm3	CDS	232392	233246	.	-	0	gene_id "76_g"; transcript_id "76_t"; cds_type "Terminal"; count "2_2";
9_dna	GeneMark.hmm3	intron	233247	233382	.	-	0	gene_id "76_g"; transcript_id "76_t";
9_dna	GeneMark.hmm3	CDS	233383	233958	.	-	0	gene_id "76_g"; transcript_id "76_t"; cds_type "Initial"; count "1_2";
9_dna	GeneMark.hmm3	start_codon	233956	233958	.	-	0	gene_id "76_g"; transcript_id "76_t";
9_dna	GeneMark.hmm3	gene	234733	238679	.	-	.	gene_id "77_g"; transcript_id "77_t";
9_dna	GeneMark.hmm3	mRNA	234733	238679	.	-	.	gene_id "77_g"; transcript_id "77_t";
9_dna	GeneMark.hmm3	stop_codon	234733	234735	.	-	0	gene_id "77_g"; transcript_id "77_t";
9_dna	GeneMark.hmm3	CDS	234733	235691	.	-	2	gene_id "77_g"; transcript_id "77_t"; cds_type "Terminal"; count "3_3";
9_dna	GeneMark.hmm3	intron	235692	235739	.	-	1	gene_id "77_g"; transcript_id "77_t";
9_dna	GeneMark.hmm3	CDS	235740	237996	.	-	0	gene_id "77_g"; transcript_id "77_t"; cds_type "Internal"; count "2_3";
9_dna	GeneMark.hmm3	intron	237997	238046	.	-	0	gene_id "77_g"; transcript_id "77_t";
9_dna	GeneMark.hmm3	CDS	238047	238679	.	-	0	gene_id "77_g"; transcript_id "77_t"; cds_type "Initial"; count "1_3";
9_dna	GeneMark.hmm3	start_codon	238677	238679	.	-	0	gene_id "77_g"; transcript_id "77_t";
9_dna	GeneMark.hmm3	gene	245486	248381	.	+	.	gene_id "78_g"; transcript_id "78_t";
9_dna	GeneMark.hmm3	mRNA	245486	248381	.	+	.	gene_id "78_g"; transcript_id "78_t";
9_dna	GeneMark.hmm3	start_codon	245486	245488	.	+	0	gene_id "78_g"; transcript_id "78_t";
9_dna	GeneMark.hmm3	CDS	245486	246478	.	+	0	gene_id "78_g"; transcript_id "78_t"; cds_type "Initial"; count "1_5";
9_dna	GeneMark.hmm3	intron	246479	246541	.	+	0	gene_id "78_g"; transcript_id "78_t";
9_dna	GeneMark.hmm3	CDS	246542	246779	.	+	0	gene_id "78_g"; transcript_id "78_t"; cds_type "Internal"; count "2_5";
9_dna	GeneMark.hmm3	intron	246780	246831	.	+	1	gene_id "78_g"; transcript_id "78_t";
9_dna	GeneMark.hmm3	CDS	246832	247839	.	+	2	gene_id "78_g"; transcript_id "78_t"; cds_type "Internal"; count "3_5";
9_dna	GeneMark.hmm3	intron	247840	247889	.	+	1	gene_id "78_g"; transcript_id "78_t";
9_dna	GeneMark.hmm3	CDS	247890	248224	.	+	2	gene_id "78_g"; transcript_id "78_t"; cds_type "Internal"; count "4_5";
9_dna	GeneMark.hmm3	intron	248225	248282	.	+	0	gene_id "78_g"; transcript_id "78_t";
9_dna	GeneMark.hmm3	CDS	248283	248381	.	+	0	gene_id "78_g"; transcript_id "78_t"; cds_type "Terminal"; count "5_5";
9_dna	GeneMark.hmm3	stop_codon	248379	248381	.	+	0	gene_id "78_g"; transcript_id "78_t";
9_dna	GeneMark.hmm3	gene	249180	249730	.	-	.	gene_id "79_g"; transcript_id "79_t";
9_dna	GeneMark.hmm3	mRNA	249180	249730	.	-	.	gene_id "79_g"; transcript_id "79_t";
9_dna	GeneMark.hmm3	stop_codon	249180	249182	.	-	0	gene_id "79_g"; transcript_id "79_t";
9_dna	GeneMark.hmm3	CDS	249180	249553	.	-	2	gene_id "79_g"; transcript_id "79_t"; cds_type "Terminal"; count "2_2";
9_dna	GeneMark.hmm3	intron	249554	249615	.	-	1	gene_id "79_g"; transcript_id "79_t";
9_dna	GeneMark.hmm3	CDS	249616	249730	.	-	0	gene_id "79_g"; transcript_id "79_t"; cds_type "Initial"; count "1_2";
9_dna	GeneMark.hmm3	start_codon	249728	249730	.	-	0	gene_id "79_g"; transcript_id "79_t";
9_dna	GeneMark.hmm3	gene	250470	252311	.	+	.	gene_id "80_g"; transcript_id "80_t";
9_dna	GeneMark.hmm3	mRNA	250470	252311	.	+	.	gene_id "80_g"; transcript_id "80_t";
9_dna	GeneMark.hmm3	start_codon	250470	250472	.	+	0	gene_id "80_g"; transcript_id "80_t";
9_dna	GeneMark.hmm3	CDS	250470	250587	.	+	0	gene_id "80_g"; transcript_id "80_t"; cds_type "Initial"; count "1_2";
9_dna	GeneMark.hmm3	intron	250588	250701	.	+	1	gene_id "80_g"; transcript_id "80_t";
9_dna	GeneMark.hmm3	CDS	250702	252311	.	+	2	gene_id "80_g"; transcript_id "80_t"; cds_type "Terminal"; count "2_2";
9_dna	GeneMark.hmm3	stop_codon	252309	252311	.	+	0	gene_id "80_g"; transcript_id "80_t";
9_dna	GeneMark.hmm3	gene	252905	253281	.	-	.	gene_id "81_g"; transcript_id "81_t";
9_dna	GeneMark.hmm3	mRNA	252905	253281	.	-	.	gene_id "81_g"; transcript_id "81_t";
9_dna	GeneMark.hmm3	stop_codon	252905	252907	.	-	0	gene_id "81_g"; transcript_id "81_t";
9_dna	GeneMark.hmm3	CDS	252905	253063	.	-	0	gene_id "81_g"; transcript_id "81_t"; cds_type "Terminal"; count "2_2";
9_dna	GeneMark.hmm3	intron	253064	253146	.	-	0	gene_id "81_g"; transcript_id "81_t";
9_dna	GeneMark.hmm3	CDS	253147	253281	.	-	0	gene_id "81_g"; transcript_id "81_t"; cds_type "Initial"; count "1_2";
9_dna	GeneMark.hmm3	start_codon	253279	253281	.	-	0	gene_id "81_g"; transcript_id "81_t";
9_dna	GeneMark.hmm3	gene	254455	255600	.	+	.	gene_id "82_g"; transcript_id "82_t";
9_dna	GeneMark.hmm3	mRNA	254455	255600	.	+	.	gene_id "82_g"; transcript_id "82_t";
9_dna	GeneMark.hmm3	start_codon	254455	254457	.	+	0	gene_id "82_g"; transcript_id "82_t";
9_dna	GeneMark.hmm3	CDS	254455	255600	.	+	0	gene_id "82_g"; transcript_id "82_t"; cds_type "Single"; count "1_1";
9_dna	GeneMark.hmm3	stop_codon	255598	255600	.	+	0	gene_id "82_g"; transcript_id "82_t";
9_dna	GeneMark.hmm3	gene	256367	258194	.	+	.	gene_id "83_g"; transcript_id "83_t";
9_dna	GeneMark.hmm3	mRNA	256367	258194	.	+	.	gene_id "83_g"; transcript_id "83_t";
9_dna	GeneMark.hmm3	start_codon	256367	256369	.	+	0	gene_id "83_g"; transcript_id "83_t";
9_dna	GeneMark.hmm3	CDS	256367	257173	.	+	0	gene_id "83_g"; transcript_id "83_t"; cds_type "Initial"; count "1_2";
9_dna	GeneMark.hmm3	intron	257174	257231	.	+	0	gene_id "83_g"; transcript_id "83_t";
9_dna	GeneMark.hmm3	CDS	257232	258194	.	+	0	gene_id "83_g"; transcript_id "83_t"; cds_type "Terminal"; count "2_2";
9_dna	GeneMark.hmm3	stop_codon	258192	258194	.	+	0	gene_id "83_g"; transcript_id "83_t";
9_dna	GeneMark.hmm3	gene	259061	259654	.	-	.	gene_id "84_g"; transcript_id "84_t";
9_dna	GeneMark.hmm3	mRNA	259061	259654	.	-	.	gene_id "84_g"; transcript_id "84_t";
9_dna	GeneMark.hmm3	stop_codon	259061	259063	.	-	0	gene_id "84_g"; transcript_id "84_t";
9_dna	GeneMark.hmm3	CDS	259061	259654	.	-	0	gene_id "84_g"; transcript_id "84_t"; cds_type "Single"; count "1_1";
9_dna	GeneMark.hmm3	start_codon	259652	259654	.	-	0	gene_id "84_g"; transcript_id "84_t";
9_dna	GeneMark.hmm3	gene	262759	265641	.	+	.	gene_id "85_g"; transcript_id "85_t";
9_dna	GeneMark.hmm3	mRNA	262759	265641	.	+	.	gene_id "85_g"; transcript_id "85_t";
9_dna	GeneMark.hmm3	start_codon	262759	262761	.	+	0	gene_id "85_g"; transcript_id "85_t";
9_dna	GeneMark.hmm3	CDS	262759	265497	.	+	0	gene_id "85_g"; transcript_id "85_t"; cds_type "Initial"; count "1_2";
9_dna	GeneMark.hmm3	intron	265498	265560	.	+	0	gene_id "85_g"; transcript_id "85_t";
9_dna	GeneMark.hmm3	CDS	265561	265641	.	+	0	gene_id "85_g"; transcript_id "85_t"; cds_type "Terminal"; count "2_2";
9_dna	GeneMark.hmm3	stop_codon	265639	265641	.	+	0	gene_id "85_g"; transcript_id "85_t";
9_dna	GeneMark.hmm3	gene	266366	267466	.	-	.	gene_id "86_g"; transcript_id "86_t";
9_dna	GeneMark.hmm3	mRNA	266366	267466	.	-	.	gene_id "86_g"; transcript_id "86_t";
9_dna	GeneMark.hmm3	stop_codon	266366	266368	.	-	0	gene_id "86_g"; transcript_id "86_t";
9_dna	GeneMark.hmm3	CDS	266366	267466	.	-	0	gene_id "86_g"; transcript_id "86_t"; cds_type "Single"; count "1_1";
9_dna	GeneMark.hmm3	start_codon	267464	267466	.	-	0	gene_id "86_g"; transcript_id "86_t";
