# Eukaryotic GeneMark.hmm version 3.68_lic
# Sequence name: /home/zack/Desktop/IsariaPreferralGenome/MyGenomeSubmittedToNCBI/HypocrealesProteinSets/GENOMES/CcateniannulataMBC234/FunannotatePredict/predict_misc/genemark/output/data/dna.fa_554
# FASTA defline: >dna.fa_554	554_dna	1	6136
# Sequence length: 6136 bp
# G+C content: 55.46%
# Matrices file: /home/zack/Desktop/IsariaPreferralGenome/MyGenomeSubmittedToNCBI/HypocrealesProteinSets/GENOMES/CcateniannulataMBC234/FunannotatePredict/predict_misc/genemark/output/gmhmm.mod
# Sun Mar  3 17:59:50 2024
# FASTA definition line: >dna.fa_554	554_dna	1	6136
# sequence-region 554_dna 1 6136
554_dna	GeneMark.hmm3	gene	1729	3758	.	+	.	gene_id "1_g"; transcript_id "1_t";
554_dna	GeneMark.hmm3	mRNA	1729	3758	.	+	.	gene_id "1_g"; transcript_id "1_t";
554_dna	GeneMark.hmm3	start_codon	1729	1731	.	+	0	gene_id "1_g"; transcript_id "1_t";
554_dna	GeneMark.hmm3	CDS	1729	1816	.	+	0	gene_id "1_g"; transcript_id "1_t"; cds_type "Initial"; count "1_4";
554_dna	GeneMark.hmm3	intron	1817	2066	.	+	1	gene_id "1_g"; transcript_id "1_t";
554_dna	GeneMark.hmm3	CDS	2067	3186	.	+	2	gene_id "1_g"; transcript_id "1_t"; cds_type "Internal"; count "2_4";
554_dna	GeneMark.hmm3	intron	3187	3238	.	+	2	gene_id "1_g"; transcript_id "1_t";
554_dna	GeneMark.hmm3	CDS	3239	3537	.	+	1	gene_id "1_g"; transcript_id "1_t"; cds_type "Internal"; count "3_4";
554_dna	GeneMark.hmm3	intron	3538	3585	.	+	1	gene_id "1_g"; transcript_id "1_t";
554_dna	GeneMark.hmm3	CDS	3586	3758	.	+	2	gene_id "1_g"; transcript_id "1_t"; cds_type "Terminal"; count "4_4";
554_dna	GeneMark.hmm3	stop_codon	3756	3758	.	+	0	gene_id "1_g"; transcript_id "1_t";
554_dna	GeneMark.hmm3	gene	4662	6128	.	+	.	gene_id "2_g"; transcript_id "2_t";
554_dna	GeneMark.hmm3	mRNA	4662	6128	.	+	.	gene_id "2_g"; transcript_id "2_t";
554_dna	GeneMark.hmm3	start_codon	4662	4664	.	+	0	gene_id "2_g"; transcript_id "2_t";
554_dna	GeneMark.hmm3	CDS	4662	5535	.	+	0	gene_id "2_g"; transcript_id "2_t"; cds_type "Initial"; count "1_3";
554_dna	GeneMark.hmm3	intron	5536	5605	.	+	1	gene_id "2_g"; transcript_id "2_t";
554_dna	GeneMark.hmm3	CDS	5606	5774	.	+	2	gene_id "2_g"; transcript_id "2_t"; cds_type "Internal"; count "2_3";
554_dna	GeneMark.hmm3	intron	5775	5843	.	+	2	gene_id "2_g"; transcript_id "2_t";
554_dna	GeneMark.hmm3	CDS	5844	6128	.	+	1	gene_id "2_g"; transcript_id "2_t"; cds_type "Internal"; count "3_3";
