# Eukaryotic GeneMark.hmm version 3.68_lic
# Sequence name: /home/zack/Desktop/IsariaPreferralGenome/MyGenomeSubmittedToNCBI/HypocrealesProteinSets/GENOMES/CcateniannulataMBC234/FunannotatePredict/predict_misc/genemark/output/data/dna.fa_419
# FASTA defline: >dna.fa_419	419_dna	1	13858
# Sequence length: 13858 bp
# G+C content: 56.81%
# Matrices file: /home/zack/Desktop/IsariaPreferralGenome/MyGenomeSubmittedToNCBI/HypocrealesProteinSets/GENOMES/CcateniannulataMBC234/FunannotatePredict/predict_misc/genemark/output/gmhmm.mod
# Sun Mar  3 17:59:15 2024
# FASTA definition line: >dna.fa_419	419_dna	1	13858
# sequence-region 419_dna 1 13858
419_dna	GeneMark.hmm3	gene	78	1964	.	+	.	gene_id "1_g"; transcript_id "1_t";
419_dna	GeneMark.hmm3	mRNA	78	1964	.	+	.	gene_id "1_g"; transcript_id "1_t";
419_dna	GeneMark.hmm3	CDS	78	354	.	+	2	gene_id "1_g"; transcript_id "1_t"; cds_type "Internal"; count "1_4";
419_dna	GeneMark.hmm3	intron	355	436	.	+	2	gene_id "1_g"; transcript_id "1_t";
419_dna	GeneMark.hmm3	CDS	437	715	.	+	1	gene_id "1_g"; transcript_id "1_t"; cds_type "Internal"; count "2_4";
419_dna	GeneMark.hmm3	intron	716	1027	.	+	2	gene_id "1_g"; transcript_id "1_t";
419_dna	GeneMark.hmm3	CDS	1028	1694	.	+	1	gene_id "1_g"; transcript_id "1_t"; cds_type "Internal"; count "3_4";
419_dna	GeneMark.hmm3	intron	1695	1742	.	+	0	gene_id "1_g"; transcript_id "1_t";
419_dna	GeneMark.hmm3	CDS	1743	1964	.	+	0	gene_id "1_g"; transcript_id "1_t"; cds_type "Terminal"; count "4_4";
419_dna	GeneMark.hmm3	stop_codon	1962	1964	.	+	0	gene_id "1_g"; transcript_id "1_t";
419_dna	GeneMark.hmm3	gene	2265	3971	.	+	.	gene_id "2_g"; transcript_id "2_t";
419_dna	GeneMark.hmm3	mRNA	2265	3971	.	+	.	gene_id "2_g"; transcript_id "2_t";
419_dna	GeneMark.hmm3	start_codon	2265	2267	.	+	0	gene_id "2_g"; transcript_id "2_t";
419_dna	GeneMark.hmm3	CDS	2265	3971	.	+	0	gene_id "2_g"; transcript_id "2_t"; cds_type "Single"; count "1_1";
419_dna	GeneMark.hmm3	stop_codon	3969	3971	.	+	0	gene_id "2_g"; transcript_id "2_t";
419_dna	GeneMark.hmm3	gene	5600	6820	.	+	.	gene_id "3_g"; transcript_id "3_t";
419_dna	GeneMark.hmm3	mRNA	5600	6820	.	+	.	gene_id "3_g"; transcript_id "3_t";
419_dna	GeneMark.hmm3	start_codon	5600	5602	.	+	0	gene_id "3_g"; transcript_id "3_t";
419_dna	GeneMark.hmm3	CDS	5600	5999	.	+	0	gene_id "3_g"; transcript_id "3_t"; cds_type "Initial"; count "1_3";
419_dna	GeneMark.hmm3	intron	6000	6050	.	+	1	gene_id "3_g"; transcript_id "3_t";
419_dna	GeneMark.hmm3	CDS	6051	6634	.	+	2	gene_id "3_g"; transcript_id "3_t"; cds_type "Internal"; count "2_3";
419_dna	GeneMark.hmm3	intron	6635	6682	.	+	0	gene_id "3_g"; transcript_id "3_t";
419_dna	GeneMark.hmm3	CDS	6683	6820	.	+	0	gene_id "3_g"; transcript_id "3_t"; cds_type "Terminal"; count "3_3";
419_dna	GeneMark.hmm3	stop_codon	6818	6820	.	+	0	gene_id "3_g"; transcript_id "3_t";
419_dna	GeneMark.hmm3	gene	7978	9474	.	+	.	gene_id "4_g"; transcript_id "4_t";
419_dna	GeneMark.hmm3	mRNA	7978	9474	.	+	.	gene_id "4_g"; transcript_id "4_t";
419_dna	GeneMark.hmm3	start_codon	7978	7980	.	+	0	gene_id "4_g"; transcript_id "4_t";
419_dna	GeneMark.hmm3	CDS	7978	8177	.	+	0	gene_id "4_g"; transcript_id "4_t"; cds_type "Initial"; count "1_4";
419_dna	GeneMark.hmm3	intron	8178	8270	.	+	2	gene_id "4_g"; transcript_id "4_t";
419_dna	GeneMark.hmm3	CDS	8271	8715	.	+	1	gene_id "4_g"; transcript_id "4_t"; cds_type "Internal"; count "2_4";
419_dna	GeneMark.hmm3	intron	8716	8799	.	+	0	gene_id "4_g"; transcript_id "4_t";
419_dna	GeneMark.hmm3	CDS	8800	9064	.	+	0	gene_id "4_g"; transcript_id "4_t"; cds_type "Internal"; count "3_4";
419_dna	GeneMark.hmm3	intron	9065	9250	.	+	1	gene_id "4_g"; transcript_id "4_t";
419_dna	GeneMark.hmm3	CDS	9251	9474	.	+	2	gene_id "4_g"; transcript_id "4_t"; cds_type "Terminal"; count "4_4";
419_dna	GeneMark.hmm3	stop_codon	9472	9474	.	+	0	gene_id "4_g"; transcript_id "4_t";
419_dna	GeneMark.hmm3	gene	10364	12835	.	-	.	gene_id "5_g"; transcript_id "5_t";
419_dna	GeneMark.hmm3	mRNA	10364	12835	.	-	.	gene_id "5_g"; transcript_id "5_t";
419_dna	GeneMark.hmm3	stop_codon	10364	10366	.	-	0	gene_id "5_g"; transcript_id "5_t";
419_dna	GeneMark.hmm3	CDS	10364	12835	.	-	0	gene_id "5_g"; transcript_id "5_t"; cds_type "Single"; count "1_1";
419_dna	GeneMark.hmm3	start_codon	12833	12835	.	-	0	gene_id "5_g"; transcript_id "5_t";
