# Eukaryotic GeneMark.hmm version 3.68_lic
# Sequence name: /home/zack/Desktop/IsariaPreferralGenome/MyGenomeSubmittedToNCBI/HypocrealesProteinSets/GENOMES/CcateniannulataMBC234/FunannotatePredict/predict_misc/genemark/output/data/dna.fa_306
# FASTA defline: >dna.fa_306	306_dna	1	30140
# Sequence length: 30140 bp
# G+C content: 49.74%
# Matrices file: /home/zack/Desktop/IsariaPreferralGenome/MyGenomeSubmittedToNCBI/HypocrealesProteinSets/GENOMES/CcateniannulataMBC234/FunannotatePredict/predict_misc/genemark/output/gmhmm.mod
# Sun Mar  3 17:58:21 2024
# FASTA definition line: >dna.fa_306	306_dna	1	30140
# sequence-region 306_dna 1 30140
306_dna	GeneMark.hmm3	gene	13	1102	.	-	.	gene_id "1_g"; transcript_id "1_t";
306_dna	GeneMark.hmm3	mRNA	13	1102	.	-	.	gene_id "1_g"; transcript_id "1_t";
306_dna	GeneMark.hmm3	CDS	13	1102	.	-	0	gene_id "1_g"; transcript_id "1_t"; cds_type "Initial"; count "1_1";
306_dna	GeneMark.hmm3	start_codon	1100	1102	.	-	0	gene_id "1_g"; transcript_id "1_t";
306_dna	GeneMark.hmm3	gene	5644	6600	.	-	.	gene_id "2_g"; transcript_id "2_t";
306_dna	GeneMark.hmm3	mRNA	5644	6600	.	-	.	gene_id "2_g"; transcript_id "2_t";
306_dna	GeneMark.hmm3	stop_codon	5644	5646	.	-	0	gene_id "2_g"; transcript_id "2_t";
306_dna	GeneMark.hmm3	CDS	5644	6158	.	-	2	gene_id "2_g"; transcript_id "2_t"; cds_type "Terminal"; count "2_2";
306_dna	GeneMark.hmm3	intron	6159	6221	.	-	1	gene_id "2_g"; transcript_id "2_t";
306_dna	GeneMark.hmm3	CDS	6222	6600	.	-	0	gene_id "2_g"; transcript_id "2_t"; cds_type "Initial"; count "1_2";
306_dna	GeneMark.hmm3	start_codon	6598	6600	.	-	0	gene_id "2_g"; transcript_id "2_t";
306_dna	GeneMark.hmm3	gene	8077	9071	.	-	.	gene_id "3_g"; transcript_id "3_t";
306_dna	GeneMark.hmm3	mRNA	8077	9071	.	-	.	gene_id "3_g"; transcript_id "3_t";
306_dna	GeneMark.hmm3	stop_codon	8077	8079	.	-	0	gene_id "3_g"; transcript_id "3_t";
306_dna	GeneMark.hmm3	CDS	8077	8247	.	-	0	gene_id "3_g"; transcript_id "3_t"; cds_type "Terminal"; count "2_2";
306_dna	GeneMark.hmm3	intron	8248	8504	.	-	0	gene_id "3_g"; transcript_id "3_t";
306_dna	GeneMark.hmm3	CDS	8505	9071	.	-	0	gene_id "3_g"; transcript_id "3_t"; cds_type "Initial"; count "1_2";
306_dna	GeneMark.hmm3	start_codon	9069	9071	.	-	0	gene_id "3_g"; transcript_id "3_t";
306_dna	GeneMark.hmm3	gene	15570	15716	.	+	.	gene_id "4_g"; transcript_id "4_t";
306_dna	GeneMark.hmm3	mRNA	15570	15716	.	+	.	gene_id "4_g"; transcript_id "4_t";
306_dna	GeneMark.hmm3	start_codon	15570	15572	.	+	0	gene_id "4_g"; transcript_id "4_t";
306_dna	GeneMark.hmm3	CDS	15570	15716	.	+	0	gene_id "4_g"; transcript_id "4_t"; cds_type "Single"; count "1_1";
306_dna	GeneMark.hmm3	stop_codon	15714	15716	.	+	0	gene_id "4_g"; transcript_id "4_t";
306_dna	GeneMark.hmm3	gene	21089	23290	.	+	.	gene_id "5_g"; transcript_id "5_t";
306_dna	GeneMark.hmm3	mRNA	21089	23290	.	+	.	gene_id "5_g"; transcript_id "5_t";
306_dna	GeneMark.hmm3	start_codon	21089	21091	.	+	0	gene_id "5_g"; transcript_id "5_t";
306_dna	GeneMark.hmm3	CDS	21089	23290	.	+	0	gene_id "5_g"; transcript_id "5_t"; cds_type "Single"; count "1_1";
306_dna	GeneMark.hmm3	stop_codon	23288	23290	.	+	0	gene_id "5_g"; transcript_id "5_t";
306_dna	GeneMark.hmm3	gene	28571	29428	.	+	.	gene_id "6_g"; transcript_id "6_t";
306_dna	GeneMark.hmm3	mRNA	28571	29428	.	+	.	gene_id "6_g"; transcript_id "6_t";
306_dna	GeneMark.hmm3	start_codon	28571	28573	.	+	0	gene_id "6_g"; transcript_id "6_t";
306_dna	GeneMark.hmm3	CDS	28571	29227	.	+	0	gene_id "6_g"; transcript_id "6_t"; cds_type "Initial"; count "1_2";
306_dna	GeneMark.hmm3	intron	29228	29320	.	+	0	gene_id "6_g"; transcript_id "6_t";
306_dna	GeneMark.hmm3	CDS	29321	29428	.	+	0	gene_id "6_g"; transcript_id "6_t"; cds_type "Internal"; count "2_2";
