# Eukaryotic GeneMark.hmm version 3.68_lic
# Sequence name: /home/zack/Desktop/IsariaPreferralGenome/MyGenomeSubmittedToNCBI/HypocrealesProteinSets/GENOMES/CcateniannulataMBC234/FunannotatePredict/predict_misc/genemark/output/data/dna.fa_588
# FASTA defline: >dna.fa_588	588_dna	1	5066
# Sequence length: 5066 bp
# G+C content: 50.59%
# Matrices file: /home/zack/Desktop/IsariaPreferralGenome/MyGenomeSubmittedToNCBI/HypocrealesProteinSets/GENOMES/CcateniannulataMBC234/FunannotatePredict/predict_misc/genemark/output/gmhmm.mod
# Sun Mar  3 17:59:58 2024
# FASTA definition line: >dna.fa_588	588_dna	1	5066
# sequence-region 588_dna 1 5066
588_dna	GeneMark.hmm3	gene	363	2474	.	+	.	gene_id "1_g"; transcript_id "1_t";
588_dna	GeneMark.hmm3	mRNA	363	2474	.	+	.	gene_id "1_g"; transcript_id "1_t";
588_dna	GeneMark.hmm3	start_codon	363	365	.	+	0	gene_id "1_g"; transcript_id "1_t";
588_dna	GeneMark.hmm3	CDS	363	848	.	+	0	gene_id "1_g"; transcript_id "1_t"; cds_type "Initial"; count "1_2";
588_dna	GeneMark.hmm3	intron	849	929	.	+	0	gene_id "1_g"; transcript_id "1_t";
588_dna	GeneMark.hmm3	CDS	930	2474	.	+	0	gene_id "1_g"; transcript_id "1_t"; cds_type "Terminal"; count "2_2";
588_dna	GeneMark.hmm3	stop_codon	2472	2474	.	+	0	gene_id "1_g"; transcript_id "1_t";
588_dna	GeneMark.hmm3	gene	4600	4935	.	+	.	gene_id "2_g"; transcript_id "2_t";
588_dna	GeneMark.hmm3	mRNA	4600	4935	.	+	.	gene_id "2_g"; transcript_id "2_t";
588_dna	GeneMark.hmm3	start_codon	4600	4602	.	+	0	gene_id "2_g"; transcript_id "2_t";
588_dna	GeneMark.hmm3	CDS	4600	4935	.	+	0	gene_id "2_g"; transcript_id "2_t"; cds_type "Single"; count "1_1";
588_dna	GeneMark.hmm3	stop_codon	4933	4935	.	+	0	gene_id "2_g"; transcript_id "2_t";
