# Eukaryotic GeneMark.hmm version 3.68_lic
# Sequence name: /home/zack/Desktop/IsariaPreferralGenome/MyGenomeSubmittedToNCBI/HypocrealesProteinSets/GENOMES/CcateniannulataMBC234/FunannotatePredict/predict_misc/genemark/output/data/dna.fa_735
# FASTA defline: >dna.fa_735	735_dna	1	2300
# Sequence length: 2300 bp
# G+C content: 54.00%
# Matrices file: /home/zack/Desktop/IsariaPreferralGenome/MyGenomeSubmittedToNCBI/HypocrealesProteinSets/GENOMES/CcateniannulataMBC234/FunannotatePredict/predict_misc/genemark/output/gmhmm.mod
# Sun Mar  3 18:00:35 2024
# FASTA definition line: >dna.fa_735	735_dna	1	2300
# sequence-region 735_dna 1 2300
735_dna	GeneMark.hmm3	gene	25	518	.	+	.	gene_id "1_g"; transcript_id "1_t";
735_dna	GeneMark.hmm3	mRNA	25	518	.	+	.	gene_id "1_g"; transcript_id "1_t";
735_dna	GeneMark.hmm3	CDS	25	458	.	+	0	gene_id "1_g"; transcript_id "1_t"; cds_type "Internal"; count "1_2";
735_dna	GeneMark.hmm3	intron	459	514	.	+	2	gene_id "1_g"; transcript_id "1_t";
735_dna	GeneMark.hmm3	CDS	515	518	.	+	1	gene_id "1_g"; transcript_id "1_t"; cds_type "Terminal"; count "2_2";
735_dna	GeneMark.hmm3	stop_codon	516	518	.	+	0	gene_id "1_g"; transcript_id "1_t";
735_dna	GeneMark.hmm3	gene	680	2289	.	-	.	gene_id "2_g"; transcript_id "2_t";
735_dna	GeneMark.hmm3	mRNA	680	2289	.	-	.	gene_id "2_g"; transcript_id "2_t";
735_dna	GeneMark.hmm3	stop_codon	680	682	.	-	0	gene_id "2_g"; transcript_id "2_t";
735_dna	GeneMark.hmm3	CDS	680	859	.	-	0	gene_id "2_g"; transcript_id "2_t"; cds_type "Terminal"; count "2_2";
735_dna	GeneMark.hmm3	intron	860	908	.	-	0	gene_id "2_g"; transcript_id "2_t";
735_dna	GeneMark.hmm3	CDS	909	2289	.	-	1	gene_id "2_g"; transcript_id "2_t"; cds_type "Internal"; count "1_2";
