#                                                                            --- full sequence --- -------------- this domain -------------   hmm coord   ali coord   env coord
# target name        accession   tlen query name           accession   qlen   E-value  score  bias   #  of  c-Evalue  i-Evalue  score  bias  from    to  from    to  from    to  acc description of target
#------------------- ---------- ----- -------------------- ---------- ----- --------- ------ ----- --- --- --------- --------- ------ ----- ----- ----- ----- ----- ----- ----- ---- ---------------------
QPG97615.1           -           1808 1027at5125           -           1126         0 1630.5  88.9   1  12   1.6e-08   2.2e-05   21.0   0.2     1    27    23    52    23    61 0.82 hypothetical protein C2857_006616 [Epichloe festucae Fl1]
QPG97615.1           -           1808 1027at5125           -           1126         0 1630.5  88.9   2  12    0.0047       6.7    2.9   0.3    20    51    75   105    68   124 0.66 hypothetical protein C2857_006616 [Epichloe festucae Fl1]
QPG97615.1           -           1808 1027at5125           -           1126         0 1630.5  88.9   3  12   1.8e-21   2.5e-18   63.9   0.2    20    90    98   180    88   184 0.74 hypothetical protein C2857_006616 [Epichloe festucae Fl1]
QPG97615.1           -           1808 1027at5125           -           1126         0 1630.5  88.9   4  12   6.4e-07    0.0009   15.7   0.5    89   116   230   257   221   278 0.83 hypothetical protein C2857_006616 [Epichloe festucae Fl1]
QPG97615.1           -           1808 1027at5125           -           1126         0 1630.5  88.9   5  12   3.4e-27   4.8e-24   82.8   0.0   115   177   295   357   269   367 0.91 hypothetical protein C2857_006616 [Epichloe festucae Fl1]
QPG97615.1           -           1808 1027at5125           -           1126         0 1630.5  88.9   6  12   1.8e-41   2.6e-38  130.1   3.3   171   268   390   509   384   529 0.84 hypothetical protein C2857_006616 [Epichloe festucae Fl1]
QPG97615.1           -           1808 1027at5125           -           1126         0 1630.5  88.9   7  12   0.00049      0.69    6.1   0.2   264   290   530   556   522   575 0.79 hypothetical protein C2857_006616 [Epichloe festucae Fl1]
QPG97615.1           -           1808 1027at5125           -           1126         0 1630.5  88.9   8  12   2.4e-17   3.3e-14   50.2   2.5   291   343   625   679   617   693 0.83 hypothetical protein C2857_006616 [Epichloe festucae Fl1]
QPG97615.1           -           1808 1027at5125           -           1126         0 1630.5  88.9   9  12   2.9e-43     4e-40  136.1   5.1   337   448   740   871   730   879 0.82 hypothetical protein C2857_006616 [Epichloe festucae Fl1]
QPG97615.1           -           1808 1027at5125           -           1126         0 1630.5  88.9  10  12   1.3e-42   1.9e-39  133.8   3.6   435   532   909  1019   889  1038 0.80 hypothetical protein C2857_006616 [Epichloe festucae Fl1]
QPG97615.1           -           1808 1027at5125           -           1126         0 1630.5  88.9  11  12   2.4e-12   3.4e-09   33.7   0.1   537   575  1088  1126  1058  1137 0.79 hypothetical protein C2857_006616 [Epichloe festucae Fl1]
QPG97615.1           -           1808 1027at5125           -           1126         0 1630.5  88.9  12  12  2.4e-303  3.4e-300  997.3  12.9   569  1126  1163  1755  1148  1755 0.95 hypothetical protein C2857_006616 [Epichloe festucae Fl1]
QPG95853.1           -            382 1027at5125           -           1126   2.9e-17   60.4  10.3   1   2   3.7e-15   5.2e-12   43.0   6.1   724   869   108   259    81   266 0.87 hypothetical protein C2857_002296 [Epichloe festucae Fl1]
QPG95853.1           -            382 1027at5125           -           1126   2.9e-17   60.4  10.3   2   2   4.3e-08   6.1e-05   19.6   0.1   748   812   267   330   259   342 0.89 hypothetical protein C2857_002296 [Epichloe festucae Fl1]
QPH00329.1           -           2165 1027at5125           -           1126   2.3e-10   37.5  13.4   1   2   1.6e-13   2.3e-10   37.5  13.4   750  1015   795  1079   746  1084 0.80 hypothetical protein C2857_003768 [Epichloe festucae Fl1]
QPH00329.1           -           2165 1027at5125           -           1126   2.3e-10   37.5  13.4   2   2     0.061        86   -0.8   1.2   931  1008  1245  1323  1217  1366 0.48 hypothetical protein C2857_003768 [Epichloe festucae Fl1]
QPH01229.1           -            848 1027at5125           -           1126   0.00022   17.7   0.1   1   1   3.2e-07   0.00045   16.7   0.1   835   949   447   578   440   592 0.74 hypothetical protein C2857_005428 [Epichloe festucae Fl1]
QPH12178.1           -            242 1027at5125           -           1126     0.034   10.4   0.7   1   2    0.0042         6    3.0   0.0   823   869    29    76    10    81 0.75 U2 snRNP complex subunit [Epichloe festucae Fl1]
QPH12178.1           -            242 1027at5125           -           1126     0.034   10.4   0.7   2   2   0.00011      0.15    8.3   0.5   980  1042    61   124    54   129 0.84 U2 snRNP complex subunit [Epichloe festucae Fl1]
#
# Program:         hmmsearch
# Version:         3.1b2 (February 2015)
# Pipeline mode:   SEARCH
# Query file:      /home/zack/funannotate_db/hypocreales_odb10/hmms/1027at5125.hmm
# Target file:     /home/zack/Desktop/IsariaPreferralGenome/MyGenomeSubmittedToNCBI/HypocrealesProteinSets/Epichloefestucae_Fl1_Proteins.faa
# Option settings: hmmsearch --domtblout /home/zack/Desktop/IsariaPreferralGenome/MyGenomeSubmittedToNCBI/HypocrealesProteinSets/BUSCO_AA_all/BUSCO_AA_Efestucae_Fl1/run_hypocreales_odb10/hmmer_output/initial_run_results/1027at5125.out --cpu 1 /home/zack/funannotate_db/hypocreales_odb10/hmms/1027at5125.hmm /home/zack/Desktop/IsariaPreferralGenome/MyGenomeSubmittedToNCBI/HypocrealesProteinSets/Epichloefestucae_Fl1_Proteins.faa 
# Current dir:     /home/zack/Desktop/IsariaPreferralGenome/MyGenomeSubmittedToNCBI/HypocrealesProteinSets/BUSCO_AA_all
# Date:            Mon Mar  4 15:16:54 2024
# [ok]
