#                                                                            --- full sequence --- -------------- this domain -------------   hmm coord   ali coord   env coord
# target name        accession   tlen query name           accession   qlen   E-value  score  bias   #  of  c-Evalue  i-Evalue  score  bias  from    to  from    to  from    to  acc description of target
#------------------- ---------- ----- -------------------- ---------- ----- --------- ------ ----- --- --- --------- --------- ------ ----- ----- ----- ----- ----- ----- ----- ---- ---------------------
QPG93975.1           -            781 10538at5125          -            485  1.9e-279  926.1  17.8   1   3   7.5e-07   0.00088   16.9   0.1     1    20   150   169   150   184 0.87 hypothetical protein C2857_003878 [Epichloe festucae Fl1]
QPG93975.1           -            781 10538at5125          -            485  1.9e-279  926.1  17.8   2   3   6.6e-05     0.077   10.5   2.2    19    54   199   256   181   263 0.68 hypothetical protein C2857_003878 [Epichloe festucae Fl1]
QPG93975.1           -            781 10538at5125          -            485  1.9e-279  926.1  17.8   3   3  6.8e-276    8e-273  904.2   3.9    42   485   274   752   258   752 0.95 hypothetical protein C2857_003878 [Epichloe festucae Fl1]
QPG99104.1           -            879 10538at5125          -            485   1.6e-27   95.2   4.5   1   1   2.9e-28   3.4e-25   87.5   4.5    85   349   299   632   296   641 0.70 hypothetical protein C2857_000938 [Epichloe festucae Fl1]
QPH17817.1           -            504 10538at5125          -            485     4e-11   41.1   0.0   1   1   6.1e-14   7.2e-11   40.3   0.0   169   455   131   438    44   455 0.74 hypothetical protein C2857_002719 [Epichloe festucae Fl1]
QPG94372.1           -            833 10538at5125          -            485   1.1e-08   33.0   0.1   1   2     1e-05     0.012   13.2   0.0    87   236   427   574   421   605 0.74 hypothetical protein C2857_005795 [Epichloe festucae Fl1]
QPG94372.1           -            833 10538at5125          -            485   1.1e-08   33.0   0.1   2   2   5.2e-07   0.00061   17.5   0.0   311   394   648   730   637   740 0.89 hypothetical protein C2857_005795 [Epichloe festucae Fl1]
QPG94527.1           -            724 10538at5125          -            485   0.00052   17.7   0.0   1   2     0.019        23    2.4   0.0    86   114   295   324   283   474 0.65 translation termination factor GTPase eRF3 [Epichloe festucae Fl1]
QPG94527.1           -            724 10538at5125          -            485   0.00052   17.7   0.0   2   2   1.2e-05     0.015   12.9   0.0   309   431   519   645   505   672 0.76 translation termination factor GTPase eRF3 [Epichloe festucae Fl1]
QPG93791.1           -           1065 10538at5125          -            485     0.014   13.0   0.1   1   3         1   1.2e+03   -3.3   0.0    87   108   544   565   543   569 0.85 hypothetical protein C2857_002476 [Epichloe festucae Fl1]
QPG93791.1           -           1065 10538at5125          -            485     0.014   13.0   0.1   2   3   1.2e-05     0.014   13.0   0.1   167   234   588   653   576   664 0.89 hypothetical protein C2857_002476 [Epichloe festucae Fl1]
QPG93791.1           -           1065 10538at5125          -            485     0.014   13.0   0.1   3   3      0.89     1e+03   -3.1   0.2    79   137   979  1038   951  1048 0.54 hypothetical protein C2857_002476 [Epichloe festucae Fl1]
#
# Program:         hmmsearch
# Version:         3.1b2 (February 2015)
# Pipeline mode:   SEARCH
# Query file:      /home/zack/funannotate_db/hypocreales_odb10/hmms/10538at5125.hmm
# Target file:     /home/zack/Desktop/IsariaPreferralGenome/MyGenomeSubmittedToNCBI/HypocrealesProteinSets/Epichloefestucae_Fl1_Proteins.faa
# Option settings: hmmsearch --domtblout /home/zack/Desktop/IsariaPreferralGenome/MyGenomeSubmittedToNCBI/HypocrealesProteinSets/BUSCO_AA_all/BUSCO_AA_Efestucae_Fl1/run_hypocreales_odb10/hmmer_output/initial_run_results/10538at5125.out --cpu 1 /home/zack/funannotate_db/hypocreales_odb10/hmms/10538at5125.hmm /home/zack/Desktop/IsariaPreferralGenome/MyGenomeSubmittedToNCBI/HypocrealesProteinSets/Epichloefestucae_Fl1_Proteins.faa 
# Current dir:     /home/zack/Desktop/IsariaPreferralGenome/MyGenomeSubmittedToNCBI/HypocrealesProteinSets/BUSCO_AA_all
# Date:            Mon Mar  4 15:17:02 2024
# [ok]
