#                                                                            --- full sequence --- -------------- this domain -------------   hmm coord   ali coord   env coord
# target name        accession   tlen query name           accession   qlen   E-value  score  bias   #  of  c-Evalue  i-Evalue  score  bias  from    to  from    to  from    to  acc description of target
#------------------- ---------- ----- -------------------- ---------- ----- --------- ------ ----- --- --- --------- --------- ------ ----- ----- ----- ----- ----- ----- ----- ---- ---------------------
QPG93906.1           -            603 11307at5125          -            392  3.6e-192  637.2   0.2   1   3  4.7e-180  8.2e-177  586.6   0.0     1   308    88   411    88   431 0.96 hypothetical protein C2857_003460 [Epichloe festucae Fl1]
QPG93906.1           -            603 11307at5125          -            392  3.6e-192  637.2   0.2   2   3    0.0004      0.71    7.4   0.1   330   348   492   511   469   525 0.84 hypothetical protein C2857_003460 [Epichloe festucae Fl1]
QPG93906.1           -            603 11307at5125          -            392  3.6e-192  637.2   0.2   3   3   5.3e-14   9.3e-11   39.9   0.0   349   391   549   591   521   592 0.90 hypothetical protein C2857_003460 [Epichloe festucae Fl1]
QPG96999.1           -            630 11307at5125          -            392   1.3e-06   26.2   0.1   1   1   1.4e-09   2.4e-06   25.4   0.1     1   199   121   317   121   334 0.77 hypothetical protein C2857_005600 [Epichloe festucae Fl1]
QPG94787.1           -            556 11307at5125          -            392   5.5e-05   20.9   0.0   1   2   1.3e-05     0.022   12.3   0.0     1    53    75   133    75   181 0.83 hypothetical protein C2857_006972 [Epichloe festucae Fl1]
QPG94787.1           -            556 11307at5125          -            392   5.5e-05   20.9   0.0   2   2   0.00083       1.5    6.3   0.0   172   198   224   250   221   272 0.91 hypothetical protein C2857_006972 [Epichloe festucae Fl1]
QPH04710.1           -            629 11307at5125          -            392   0.00041   18.0   0.7   1   1   8.5e-07    0.0015   16.2   0.7    62   237   156   337    99   343 0.70 hypothetical protein C2857_001937 [Epichloe festucae Fl1]
#
# Program:         hmmsearch
# Version:         3.1b2 (February 2015)
# Pipeline mode:   SEARCH
# Query file:      /home/zack/funannotate_db/hypocreales_odb10/hmms/11307at5125.hmm
# Target file:     /home/zack/Desktop/IsariaPreferralGenome/MyGenomeSubmittedToNCBI/HypocrealesProteinSets/Epichloefestucae_Fl1_Proteins.faa
# Option settings: hmmsearch --domtblout /home/zack/Desktop/IsariaPreferralGenome/MyGenomeSubmittedToNCBI/HypocrealesProteinSets/BUSCO_AA_all/BUSCO_AA_Efestucae_Fl1/run_hypocreales_odb10/hmmer_output/initial_run_results/11307at5125.out --cpu 1 /home/zack/funannotate_db/hypocreales_odb10/hmms/11307at5125.hmm /home/zack/Desktop/IsariaPreferralGenome/MyGenomeSubmittedToNCBI/HypocrealesProteinSets/Epichloefestucae_Fl1_Proteins.faa 
# Current dir:     /home/zack/Desktop/IsariaPreferralGenome/MyGenomeSubmittedToNCBI/HypocrealesProteinSets/BUSCO_AA_all
# Date:            Mon Mar  4 15:16:51 2024
# [ok]
