#                                                                            --- full sequence --- -------------- this domain -------------   hmm coord   ali coord   env coord
# target name        accession   tlen query name           accession   qlen   E-value  score  bias   #  of  c-Evalue  i-Evalue  score  bias  from    to  from    to  from    to  acc description of target
#------------------- ---------- ----- -------------------- ---------- ----- --------- ------ ----- --- --- --------- --------- ------ ----- ----- ----- ----- ----- ----- ----- ---- ---------------------
QPH00665.1           -            738 15401at5125          -            455  2.7e-160  532.5  44.6   1   6   4.9e-47   1.2e-43  148.1   0.1     1   111     1   133     1   148 0.85 hypothetical protein C2857_004509 [Epichloe festucae Fl1]
QPH00665.1           -            738 15401at5125          -            455  2.7e-160  532.5  44.6   2   6   3.9e-05     0.091   10.0   0.0   113   142   161   192   157   198 0.79 hypothetical protein C2857_004509 [Epichloe festucae Fl1]
QPH00665.1           -            738 15401at5125          -            455  2.7e-160  532.5  44.6   3   6   1.5e-08   3.4e-05   21.2   0.0   104   158   195   248   185   268 0.69 hypothetical protein C2857_004509 [Epichloe festucae Fl1]
QPH00665.1           -            738 15401at5125          -            455  2.7e-160  532.5  44.6   4   6   9.6e-23   2.3e-19   68.0   1.6   158   230   276   353   265   369 0.80 hypothetical protein C2857_004509 [Epichloe festucae Fl1]
QPH00665.1           -            738 15401at5125          -            455  2.7e-160  532.5  44.6   5   6   1.3e-19   3.1e-16   57.6   0.3   215   263   381   429   369   433 0.90 hypothetical protein C2857_004509 [Epichloe festucae Fl1]
QPH00665.1           -            738 15401at5125          -            455  2.7e-160  532.5  44.6   6   6   3.7e-71   8.6e-68  227.6  20.2   257   455   465   737   463   737 0.81 hypothetical protein C2857_004509 [Epichloe festucae Fl1]
QPH10931.1           -            333 15401at5125          -            455    0.0018   15.6   0.1   1   1   1.5e-06    0.0035   14.6   0.0   214   266   159   212   139   218 0.85 hypothetical protein C2857_002458 [Epichloe festucae Fl1]
QPG94836.1           -            162 15401at5125          -            455     0.043   11.0   0.3   1   1   2.4e-05     0.057   10.6   0.3   224   255    32    63    15    71 0.82 hypothetical protein C2857_007123 [Epichloe festucae Fl1]
#
# Program:         hmmsearch
# Version:         3.1b2 (February 2015)
# Pipeline mode:   SEARCH
# Query file:      /home/zack/funannotate_db/hypocreales_odb10/hmms/15401at5125.hmm
# Target file:     /home/zack/Desktop/IsariaPreferralGenome/MyGenomeSubmittedToNCBI/HypocrealesProteinSets/Epichloefestucae_Fl1_Proteins.faa
# Option settings: hmmsearch --domtblout /home/zack/Desktop/IsariaPreferralGenome/MyGenomeSubmittedToNCBI/HypocrealesProteinSets/BUSCO_AA_all/BUSCO_AA_Efestucae_Fl1/run_hypocreales_odb10/hmmer_output/initial_run_results/15401at5125.out --cpu 1 /home/zack/funannotate_db/hypocreales_odb10/hmms/15401at5125.hmm /home/zack/Desktop/IsariaPreferralGenome/MyGenomeSubmittedToNCBI/HypocrealesProteinSets/Epichloefestucae_Fl1_Proteins.faa 
# Current dir:     /home/zack/Desktop/IsariaPreferralGenome/MyGenomeSubmittedToNCBI/HypocrealesProteinSets/BUSCO_AA_all
# Date:            Mon Mar  4 15:17:25 2024
# [ok]
