#                                                                            --- full sequence --- -------------- this domain -------------   hmm coord   ali coord   env coord
# target name        accession   tlen query name           accession   qlen   E-value  score  bias   #  of  c-Evalue  i-Evalue  score  bias  from    to  from    to  from    to  acc description of target
#------------------- ---------- ----- -------------------- ---------- ----- --------- ------ ----- --- --- --------- --------- ------ ----- ----- ----- ----- ----- ----- ----- ---- ---------------------
QPG96867.1           -            635 16254at5125          -            471    2e-292  968.0  58.8   1   3  3.1e-242  4.4e-239  792.2  11.9     1   351    12   387    12   395 0.96 hypothetical protein C2857_005398 [Epichloe festucae Fl1]
QPG96867.1           -            635 16254at5125          -            471    2e-292  968.0  58.8   2   3   1.5e-44   2.1e-41  140.3  11.8   345   438   428   522   423   523 0.90 hypothetical protein C2857_005398 [Epichloe festucae Fl1]
QPG96867.1           -            635 16254at5125          -            471    2e-292  968.0  58.8   3   3   1.2e-11   1.7e-08   31.9  24.3   399   462   502   583   500   610 0.71 hypothetical protein C2857_005398 [Epichloe festucae Fl1]
QPH04134.1           -            830 16254at5125          -            471   0.00052   17.0   0.7   1   2     0.082   1.1e+02   -0.6   0.0   250   301   175   230   166   237 0.85 hypothetical protein C2857_000869 [Epichloe festucae Fl1]
QPH04134.1           -            830 16254at5125          -            471   0.00052   17.0   0.7   2   2   1.3e-06    0.0018   15.2   0.1   314   341   284   312   253   328 0.83 hypothetical protein C2857_000869 [Epichloe festucae Fl1]
QPG93564.1           -            356 16254at5125          -            471    0.0046   13.9   0.1   1   1   4.4e-06    0.0062   13.5   0.1    99   163    74   137    69   214 0.80 hypothetical protein C2857_000819 [Epichloe festucae Fl1]
QPG98092.1           -            407 16254at5125          -            471     0.021   11.8   5.8   1   3    0.0057         8    3.2   0.0   221   270     3    51     1    76 0.79 hypothetical protein C2857_007246 [Epichloe festucae Fl1]
QPG98092.1           -            407 16254at5125          -            471     0.021   11.8   5.8   2   3   1.5e-05     0.021   11.8   0.0   214   277    80   140    68   166 0.75 hypothetical protein C2857_007246 [Epichloe festucae Fl1]
QPG98092.1           -            407 16254at5125          -            471     0.021   11.8   5.8   3   3         5     7e+03   -6.6   2.9   408   435   270   297   261   308 0.66 hypothetical protein C2857_007246 [Epichloe festucae Fl1]
QPG97861.1           -            303 16254at5125          -            471     0.052   10.4   0.0   1   1   5.8e-05     0.081    9.8   0.0   371   408   251   287   236   300 0.86 hypothetical protein C2857_006949 [Epichloe festucae Fl1]
#
# Program:         hmmsearch
# Version:         3.1b2 (February 2015)
# Pipeline mode:   SEARCH
# Query file:      /home/zack/funannotate_db/hypocreales_odb10/hmms/16254at5125.hmm
# Target file:     /home/zack/Desktop/IsariaPreferralGenome/MyGenomeSubmittedToNCBI/HypocrealesProteinSets/Epichloefestucae_Fl1_Proteins.faa
# Option settings: hmmsearch --domtblout /home/zack/Desktop/IsariaPreferralGenome/MyGenomeSubmittedToNCBI/HypocrealesProteinSets/BUSCO_AA_all/BUSCO_AA_Efestucae_Fl1/run_hypocreales_odb10/hmmer_output/initial_run_results/16254at5125.out --cpu 1 /home/zack/funannotate_db/hypocreales_odb10/hmms/16254at5125.hmm /home/zack/Desktop/IsariaPreferralGenome/MyGenomeSubmittedToNCBI/HypocrealesProteinSets/Epichloefestucae_Fl1_Proteins.faa 
# Current dir:     /home/zack/Desktop/IsariaPreferralGenome/MyGenomeSubmittedToNCBI/HypocrealesProteinSets/BUSCO_AA_all
# Date:            Mon Mar  4 15:17:18 2024
# [ok]
