#                                                                            --- full sequence --- -------------- this domain -------------   hmm coord   ali coord   env coord
# target name        accession   tlen query name           accession   qlen   E-value  score  bias   #  of  c-Evalue  i-Evalue  score  bias  from    to  from    to  from    to  acc description of target
#------------------- ---------- ----- -------------------- ---------- ----- --------- ------ ----- --- --- --------- --------- ------ ----- ----- ----- ----- ----- ----- ----- ---- ---------------------
QPG93676.1           -            438 17873at5125          -            379  1.9e-249  825.3   2.2   1   2   1.5e-67   2.7e-64  216.0   0.3     1   117     1   132     1   135 0.92 hypothetical protein C2857_001656 [Epichloe festucae Fl1]
QPG93676.1           -            438 17873at5125          -            379  1.9e-249  825.3   2.2   2   2  7.9e-187  1.4e-183  608.6   0.1   117   379   153   422   143   422 0.98 hypothetical protein C2857_001656 [Epichloe festucae Fl1]
QPH09864.1           -            454 17873at5125          -            379   1.4e-30  105.0   0.1   1   3   9.8e-07    0.0017   15.8   0.0    15    86    53   126    42   134 0.86 hypothetical protein C2857_000916 [Epichloe festucae Fl1]
QPH09864.1           -            454 17873at5125          -            379   1.4e-30  105.0   0.1   2   3   9.6e-15   1.7e-11   42.2   0.0   133   282   150   305   142   314 0.80 hypothetical protein C2857_000916 [Epichloe festucae Fl1]
QPH09864.1           -            454 17873at5125          -            379   1.4e-30  105.0   0.1   3   3   6.9e-15   1.2e-11   42.7   0.4   300   379   352   442   345   442 0.78 hypothetical protein C2857_000916 [Epichloe festucae Fl1]
QPH17246.1           -            346 17873at5125          -            379    0.0046   14.4   0.5   1   1   4.5e-06    0.0079   13.7   0.5    28   178   146   289   122   303 0.78 hypothetical protein C2857_002057 [Epichloe festucae Fl1]
QPH01307.1           -           1309 17873at5125          -            379       1.1    6.6   5.6   1   4     0.016        28    2.0   0.1   131   176   185   230   163   247 0.82 hypothetical protein C2857_005506 [Epichloe festucae Fl1]
QPH01307.1           -           1309 17873at5125          -            379       1.1    6.6   5.6   2   4     0.075   1.3e+02   -0.2   0.1   133   179   282   332   273   344 0.78 hypothetical protein C2857_005506 [Epichloe festucae Fl1]
QPH01307.1           -           1309 17873at5125          -            379       1.1    6.6   5.6   3   4      0.29   5.2e+02   -2.2   0.1   125   178   366   423   362   434 0.65 hypothetical protein C2857_005506 [Epichloe festucae Fl1]
QPH01307.1           -           1309 17873at5125          -            379       1.1    6.6   5.6   4   4    0.0038       6.7    4.0   0.0   343   378   907   942   853   943 0.76 hypothetical protein C2857_005506 [Epichloe festucae Fl1]
#
# Program:         hmmsearch
# Version:         3.1b2 (February 2015)
# Pipeline mode:   SEARCH
# Query file:      /home/zack/funannotate_db/hypocreales_odb10/hmms/17873at5125.hmm
# Target file:     /home/zack/Desktop/IsariaPreferralGenome/MyGenomeSubmittedToNCBI/HypocrealesProteinSets/Epichloefestucae_Fl1_Proteins.faa
# Option settings: hmmsearch --domtblout /home/zack/Desktop/IsariaPreferralGenome/MyGenomeSubmittedToNCBI/HypocrealesProteinSets/BUSCO_AA_all/BUSCO_AA_Efestucae_Fl1/run_hypocreales_odb10/hmmer_output/initial_run_results/17873at5125.out --cpu 1 /home/zack/funannotate_db/hypocreales_odb10/hmms/17873at5125.hmm /home/zack/Desktop/IsariaPreferralGenome/MyGenomeSubmittedToNCBI/HypocrealesProteinSets/Epichloefestucae_Fl1_Proteins.faa 
# Current dir:     /home/zack/Desktop/IsariaPreferralGenome/MyGenomeSubmittedToNCBI/HypocrealesProteinSets/BUSCO_AA_all
# Date:            Mon Mar  4 15:16:45 2024
# [ok]
