#                                                                            --- full sequence --- -------------- this domain -------------   hmm coord   ali coord   env coord
# target name        accession   tlen query name           accession   qlen   E-value  score  bias   #  of  c-Evalue  i-Evalue  score  bias  from    to  from    to  from    to  acc description of target
#------------------- ---------- ----- -------------------- ---------- ----- --------- ------ ----- --- --- --------- --------- ------ ----- ----- ----- ----- ----- ----- ----- ---- ---------------------
QPH00558.1           -           1598 1954at5125           -           1156         0 1955.8  65.8   1   6   2.4e-08   6.9e-06   22.3   6.5     1    42     3    65     3    73 0.66 hypothetical protein C2857_004289 [Epichloe festucae Fl1]
QPH00558.1           -           1598 1954at5125           -           1156         0 1955.8  65.8   2   6    0.0001     0.029   10.2   5.0    26    81    70   131    50   134 0.70 hypothetical protein C2857_004289 [Epichloe festucae Fl1]
QPH00558.1           -           1598 1954at5125           -           1156         0 1955.8  65.8   3   6   2.7e-15   7.8e-13   45.3   9.5    61   144   137   237   123   247 0.76 hypothetical protein C2857_004289 [Epichloe festucae Fl1]
QPH00558.1           -           1598 1954at5125           -           1156         0 1955.8  65.8   4   6         0         0 1799.6   9.9   129  1053   270  1312   248  1324 0.91 hypothetical protein C2857_004289 [Epichloe festucae Fl1]
QPH00558.1           -           1598 1954at5125           -           1156         0 1955.8  65.8   5   6   4.3e-16   1.3e-13   47.9   6.0  1043  1102  1361  1423  1324  1438 0.71 hypothetical protein C2857_004289 [Epichloe festucae Fl1]
QPH00558.1           -           1598 1954at5125           -           1156         0 1955.8  65.8   6   6   1.4e-15   4.2e-13   46.2   0.0  1111  1153  1534  1577  1484  1580 0.86 hypothetical protein C2857_004289 [Epichloe festucae Fl1]
QPH12515.1           -            820 1954at5125           -           1156  1.3e-127  425.4   0.1   1   2   4.9e-74   1.4e-71  239.8   0.0   339   567   216   443   194   481 0.93 AAA ATPase cdc48 [Epichloe festucae Fl1]
QPH12515.1           -            820 1954at5125           -           1156  1.3e-127  425.4   0.1   2   2   5.1e-57   1.5e-54  183.4   0.0   339   564   490   717   477   727 0.90 AAA ATPase cdc48 [Epichloe festucae Fl1]
QPH00608.1           -            440 1954at5125           -           1156   1.6e-54  183.3   0.0   1   1   8.3e-57   2.4e-54  182.7   0.0   339   565   178   406   166   430 0.88 26S proteasome regulatory subunit 7 [Epichloe festucae Fl1]
QPH00202.1           -            391 1954at5125           -           1156   3.2e-53  179.0   0.0   1   1   1.5e-55   4.3e-53  178.6   0.0   339   565   131   359   114   375 0.90 26S proteasome subunit rpt4 [Epichloe festucae Fl1]
QPG97355.1           -           1401 1954at5125           -           1156   1.7e-51  173.3   0.1   1   1   5.7e-54   1.7e-51  173.3   0.1   325   569   975  1229   941  1247 0.85 peroxisomal assembly protein [Epichloe festucae Fl1]
QPH19638.1           -            389 1954at5125           -           1156   3.6e-51  172.2   0.0   1   1   1.4e-53   4.2e-51  172.0   0.0   342   584   131   373    82   388 0.85 26s proteasome regulatory subunit 6B [Epichloe festucae Fl1]
QPG94125.1           -            457 1954at5125           -           1156   9.1e-50  167.6   0.1   1   1   4.4e-52   1.3e-49  167.1   0.1   330   564   183   425   165   444 0.86 26S protease regulatory subunit [Epichloe festucae Fl1]
QPG95011.1           -            743 1954at5125           -           1156   1.3e-49  167.1   0.2   1   2   1.6e-07   4.7e-05   19.5   0.0   382   560   251   425   234   439 0.72 hypothetical protein C2857_007502 [Epichloe festucae Fl1]
QPG95011.1           -            743 1954at5125           -           1156   1.3e-49  167.1   0.2   2   2   1.9e-45   5.6e-43  145.1   0.0   374   567   506   698   476   719 0.90 hypothetical protein C2857_007502 [Epichloe festucae Fl1]
QPH09812.1           -            728 1954at5125           -           1156     1e-48  164.1   0.9   1   2     3e-07   8.9e-05   18.6   0.7   433   560   250   386   169   392 0.86 hypothetical protein C2857_000820 [Epichloe festucae Fl1]
QPH09812.1           -            728 1954at5125           -           1156     1e-48  164.1   0.9   2   2   1.6e-44   4.6e-42  142.1   0.0   339   575   456   696   449   714 0.86 hypothetical protein C2857_000820 [Epichloe festucae Fl1]
QPG94187.1           -            421 1954at5125           -           1156   1.7e-46  156.7   0.1   1   1   7.3e-49   2.2e-46  156.4   0.1   334   573   154   398   101   418 0.87 hypothetical protein C2857_005319 [Epichloe festucae Fl1]
QPH01050.1           -           1230 1954at5125           -           1156   3.9e-44  148.9   0.1   1   2    0.0098       2.9    3.6   0.0   379   525   540   696   532   703 0.72 hypothetical protein C2857_005242 [Epichloe festucae Fl1]
QPH01050.1           -           1230 1954at5125           -           1156   3.9e-44  148.9   0.1   2   2   8.8e-45   2.6e-42  142.9   0.0   341   564   843  1070   831  1075 0.91 hypothetical protein C2857_005242 [Epichloe festucae Fl1]
QPG99056.1           -            459 1954at5125           -           1156   1.7e-41  140.2   0.1   1   1   9.4e-44   2.8e-41  139.5   0.1   341   565   204   430   189   443 0.90 26S proteasome regulatory subunit 6A [Epichloe festucae Fl1]
QPG97893.1           -            811 1954at5125           -           1156   1.8e-41  140.1   0.1   1   1   9.1e-44   2.7e-41  139.5   0.1   341   563   334   554   320   577 0.89 hypothetical protein C2857_007000 [Epichloe festucae Fl1]
QPG96938.1           -            904 1954at5125           -           1156   1.4e-40  137.2   0.2   1   1   8.5e-43   2.5e-40  136.3   0.2   313   562   390   639   374   647 0.85 Mitochondrial inner membrane m-AAA protease component [Epichloe festucae Fl1]
QPH09939.1           -            426 1954at5125           -           1156   1.8e-40  136.8   0.0   1   1   8.5e-43   2.5e-40  136.3   0.0   337   584   119   373   106   383 0.83 hypothetical protein C2857_001012 [Epichloe festucae Fl1]
QPG94174.1           -            430 1954at5125           -           1156     3e-39  132.7   0.1   1   1   1.3e-41   3.8e-39  132.4   0.1   322   563   108   346    77   367 0.84 hypothetical protein C2857_005114 [Epichloe festucae Fl1]
QPG93761.1           -           1078 1954at5125           -           1156   1.3e-29  100.9   0.0   1   1   8.1e-32   2.4e-29  100.0   0.0   338   564   763   988   757   998 0.89 hypothetical protein C2857_002285 [Epichloe festucae Fl1]
QPG93851.1           -            795 1954at5125           -           1156   3.4e-18   63.0   0.2   1   3      0.22        66   -0.9   0.2    95   117   177   199   118   216 0.87 hypothetical protein C2857_003141 [Epichloe festucae Fl1]
QPG93851.1           -            795 1954at5125           -           1156   3.4e-18   63.0   0.2   2   3   8.9e-07   0.00026   17.0   0.0   339   392   524   576   515   577 0.92 hypothetical protein C2857_003141 [Epichloe festucae Fl1]
QPG93851.1           -            795 1954at5125           -           1156   3.4e-18   63.0   0.2   3   3   1.4e-17     4e-15   52.8   0.1   419   561   577   739   573   744 0.74 hypothetical protein C2857_003141 [Epichloe festucae Fl1]
QPH16469.1           -            926 1954at5125           -           1156     1e-07   28.3   0.0   1   2   0.00057      0.17    7.7   0.0   383   494   223   336   215   369 0.75 Heat shock protein hsp98 [Epichloe festucae Fl1]
QPH16469.1           -            926 1954at5125           -           1156     1e-07   28.3   0.0   2   2   4.4e-07   0.00013   18.1   0.0   377   454   628   713   624   744 0.74 Heat shock protein hsp98 [Epichloe festucae Fl1]
QPG99002.1           -            824 1954at5125           -           1156   1.1e-05   21.5   0.1   1   1   7.6e-08   2.2e-05   20.6   0.1   377   509   253   376   245   380 0.87 hypothetical protein C2857_000593 [Epichloe festucae Fl1]
QPH11106.1           -            689 1954at5125           -           1156     3e-05   20.2   0.1   1   2   0.00011     0.031   10.2   0.0   377   399   336   358   320   368 0.89 hypothetical protein C2857_002708 [Epichloe festucae Fl1]
QPH11106.1           -            689 1954at5125           -           1156     3e-05   20.2   0.1   2   2   1.2e-06   0.00035   16.6   0.0   469   526   438   495   435   529 0.87 hypothetical protein C2857_002708 [Epichloe festucae Fl1]
QPG97003.1           -           1062 1954at5125           -           1156   0.00052   16.1   0.0   1   2   0.00048      0.14    8.0   0.0   376   402   709   735   693   745 0.78 hypothetical protein C2857_005604 [Epichloe festucae Fl1]
QPG97003.1           -           1062 1954at5125           -           1156   0.00052   16.1   0.0   2   2   1.8e-06   0.00052   16.1   0.0   468   513   895   940   880   944 0.86 hypothetical protein C2857_005604 [Epichloe festucae Fl1]
QPH19104.1           -           2260 1954at5125           -           1156    0.0012   14.8   2.2   1   3      0.49   1.4e+02   -2.0   0.6   997  1106  1135  1250  1128  1276 0.64 hypothetical protein C2857_004266 [Epichloe festucae Fl1]
QPH19104.1           -           2260 1954at5125           -           1156    0.0012   14.8   2.2   2   3   0.00038      0.11    8.3   0.0   381   538  1580  1744  1569  1750 0.83 hypothetical protein C2857_004266 [Epichloe festucae Fl1]
QPH19104.1           -           2260 1954at5125           -           1156    0.0012   14.8   2.2   3   3    0.0038       1.1    5.0   0.0   377   400  1852  1875  1843  1926 0.76 hypothetical protein C2857_004266 [Epichloe festucae Fl1]
QPG95722.1           -            571 1954at5125           -           1156       7.3    2.3  16.5   1   1     0.035        10    1.8  16.5   109   211   460   566   439   570 0.64 FACT complex subunit [Epichloe festucae Fl1]
#
# Program:         hmmsearch
# Version:         3.1b2 (February 2015)
# Pipeline mode:   SEARCH
# Query file:      /home/zack/funannotate_db/hypocreales_odb10/hmms/1954at5125.hmm
# Target file:     /home/zack/Desktop/IsariaPreferralGenome/MyGenomeSubmittedToNCBI/HypocrealesProteinSets/Epichloefestucae_Fl1_Proteins.faa
# Option settings: hmmsearch --domtblout /home/zack/Desktop/IsariaPreferralGenome/MyGenomeSubmittedToNCBI/HypocrealesProteinSets/BUSCO_AA_all/BUSCO_AA_Efestucae_Fl1/run_hypocreales_odb10/hmmer_output/initial_run_results/1954at5125.out --cpu 1 /home/zack/funannotate_db/hypocreales_odb10/hmms/1954at5125.hmm /home/zack/Desktop/IsariaPreferralGenome/MyGenomeSubmittedToNCBI/HypocrealesProteinSets/Epichloefestucae_Fl1_Proteins.faa 
# Current dir:     /home/zack/Desktop/IsariaPreferralGenome/MyGenomeSubmittedToNCBI/HypocrealesProteinSets/BUSCO_AA_all
# Date:            Mon Mar  4 15:16:56 2024
# [ok]
