#                                                                            --- full sequence --- -------------- this domain -------------   hmm coord   ali coord   env coord
# target name        accession   tlen query name           accession   qlen   E-value  score  bias   #  of  c-Evalue  i-Evalue  score  bias  from    to  from    to  from    to  acc description of target
#------------------- ---------- ----- -------------------- ---------- ----- --------- ------ ----- --- --- --------- --------- ------ ----- ----- ----- ----- ----- ----- ----- ---- ---------------------
QPG94535.1           -           1476 1977at5125           -           1010         0 1913.7   3.0   1   6   6.7e-05     0.039   10.2   0.3     1    33    88   120    88   139 0.84 hypothetical protein C2857_006329 [Epichloe festucae Fl1]
QPG94535.1           -           1476 1977at5125           -           1010         0 1913.7   3.0   2   6    0.0062       3.6    3.7   0.0    14    33   160   179   156   191 0.92 hypothetical protein C2857_006329 [Epichloe festucae Fl1]
QPG94535.1           -           1476 1977at5125           -           1010         0 1913.7   3.0   3   6         0         0 1670.5   0.0    26   834   228  1071   214  1085 0.96 hypothetical protein C2857_006329 [Epichloe festucae Fl1]
QPG94535.1           -           1476 1977at5125           -           1010         0 1913.7   3.0   4   6   7.2e-05     0.042   10.1   0.0   840   859  1150  1169  1143  1178 0.88 hypothetical protein C2857_006329 [Epichloe festucae Fl1]
QPG94535.1           -           1476 1977at5125           -           1010         0 1913.7   3.0   5   6    0.0026       1.5    5.0   0.1   859   879  1220  1241  1202  1250 0.76 hypothetical protein C2857_006329 [Epichloe festucae Fl1]
QPG94535.1           -           1476 1977at5125           -           1010         0 1913.7   3.0   6   6   1.5e-64   8.6e-62  207.7   0.0   881  1010  1289  1441  1281  1441 0.88 hypothetical protein C2857_006329 [Epichloe festucae Fl1]
QPG95927.1           -           1317 1977at5125           -           1010   4.6e-49  165.6   3.7   1   2   2.9e-34   1.7e-31  107.4   0.8   614   832   730   968   699   972 0.86 hypothetical protein C2857_002544 [Epichloe festucae Fl1]
QPG95927.1           -           1317 1977at5125           -           1010   4.6e-49  165.6   3.7   2   2   1.4e-19   8.5e-17   58.8   0.1   877   990  1043  1168  1024  1173 0.84 hypothetical protein C2857_002544 [Epichloe festucae Fl1]
QPH09672.1           -           1997 1977at5125           -           1010     1e-44  151.2   0.3   1   2   1.4e-28   8.2e-26   88.6   0.0   627   833  1328  1558  1312  1564 0.83 hypothetical protein C2857_000588 [Epichloe festucae Fl1]
QPH09672.1           -           1997 1977at5125           -           1010     1e-44  151.2   0.3   2   2   4.3e-20   2.5e-17   60.5   0.1   880   990  1875  1993  1824  1996 0.86 hypothetical protein C2857_000588 [Epichloe festucae Fl1]
QPH01307.1           -           1309 1977at5125           -           1010   1.1e-44  151.1  10.5   1   3       0.4   2.4e+02   -2.3   1.0   685   769   399   489   373   548 0.66 hypothetical protein C2857_005506 [Epichloe festucae Fl1]
QPH01307.1           -           1309 1977at5125           -           1010   1.1e-44  151.1  10.5   2   3   4.6e-34   2.7e-31  106.8   0.9   614   829   711   948   686   957 0.83 hypothetical protein C2857_005506 [Epichloe festucae Fl1]
QPH01307.1           -           1309 1977at5125           -           1010   1.1e-44  151.1  10.5   3   3   5.3e-17   3.1e-14   50.3   0.0   880   987  1101  1219  1082  1228 0.86 hypothetical protein C2857_005506 [Epichloe festucae Fl1]
QPG94552.1           -           2493 1977at5125           -           1010   1.1e-39  134.5   0.2   1   1   2.8e-42   1.7e-39  133.9   0.2   610   990  1933  2347  1927  2354 0.77 hypothetical protein C2857_006359 [Epichloe festucae Fl1]
QPH02759.1           -           1029 1977at5125           -           1010   1.3e-25   87.9   0.0   1   2   1.7e-16     1e-13   48.6   0.0   611   832   548   793   522   808 0.79 hypothetical protein C2857_006975 [Epichloe festucae Fl1]
QPH02759.1           -           1029 1977at5125           -           1010   1.3e-25   87.9   0.0   2   2   5.2e-13     3e-10   37.1   0.1   880   988   900  1014   868  1023 0.78 hypothetical protein C2857_006975 [Epichloe festucae Fl1]
QPG93514.1           -           1232 1977at5125           -           1010   1.1e-24   84.9   0.0   1   3   2.9e-05     0.017   11.4   0.0   608   683   537   610   522   615 0.91 hypothetical protein C2857_000416 [Epichloe festucae Fl1]
QPG93514.1           -           1232 1977at5125           -           1010   1.1e-24   84.9   0.0   2   3   1.5e-07   8.6e-05   19.0   0.0   757   831   781   857   744   880 0.83 hypothetical protein C2857_000416 [Epichloe festucae Fl1]
QPG93514.1           -           1232 1977at5125           -           1010   1.1e-24   84.9   0.0   3   3   4.3e-17   2.5e-14   50.6   0.0   866   991  1095  1227  1071  1230 0.85 hypothetical protein C2857_000416 [Epichloe festucae Fl1]
QPG97230.1           -           1258 1977at5125           -           1010   2.8e-21   73.6   0.1   1   3   0.00035      0.21    7.8   0.0   609   686   563   638   552   644 0.89 hypothetical protein C2857_005997 [Epichloe festucae Fl1]
QPG97230.1           -           1258 1977at5125           -           1010   2.8e-21   73.6   0.1   2   3   1.7e-06     0.001   15.5   0.0   763   832   810   881   802   891 0.86 hypothetical protein C2857_005997 [Epichloe festucae Fl1]
QPG97230.1           -           1258 1977at5125           -           1010   2.8e-21   73.6   0.1   3   3   8.1e-16   4.7e-13   46.4   0.0   876   991  1132  1253  1097  1257 0.80 hypothetical protein C2857_005997 [Epichloe festucae Fl1]
QPG96064.1           -           1490 1977at5125           -           1010   1.8e-15   54.4   1.4   1   3     0.031        18    1.4   0.1   647   753  1037  1145   977  1163 0.65 hypothetical protein C2857_003038 [Epichloe festucae Fl1]
QPG96064.1           -           1490 1977at5125           -           1010   1.8e-15   54.4   1.4   2   3   0.00012     0.071    9.4   0.0   763   827  1200  1269  1195  1276 0.78 hypothetical protein C2857_003038 [Epichloe festucae Fl1]
QPG96064.1           -           1490 1977at5125           -           1010   1.8e-15   54.4   1.4   3   3   6.1e-14   3.6e-11   40.1   0.0   881   983  1348  1467  1341  1482 0.78 hypothetical protein C2857_003038 [Epichloe festucae Fl1]
QPG93566.1           -            876 1977at5125           -           1010     8e-12   42.3   0.0   1   2   9.3e-13   5.4e-10   36.2   0.0   876   945   671   745   658   757 0.86 hypothetical protein C2857_000830 [Epichloe festucae Fl1]
QPG93566.1           -            876 1977at5125           -           1010     8e-12   42.3   0.0   2   2    0.0063       3.7    3.7   0.0   946   988   779   821   770   841 0.83 hypothetical protein C2857_000830 [Epichloe festucae Fl1]
QPG99255.1           -           1911 1977at5125           -           1010   5.2e-09   33.0   0.0   1   1   1.3e-11   7.7e-09   32.4   0.0   881   992  1512  1623  1508  1629 0.87 hypothetical protein C2857_001319 [Epichloe festucae Fl1]
QPG93776.1           -            576 1977at5125           -           1010   6.1e-09   32.8   0.0   1   1   1.4e-11   8.5e-09   32.3   0.0   874   982   354   463   315   480 0.81 hypothetical protein C2857_002371 [Epichloe festucae Fl1]
#
# Program:         hmmsearch
# Version:         3.1b2 (February 2015)
# Pipeline mode:   SEARCH
# Query file:      /home/zack/funannotate_db/hypocreales_odb10/hmms/1977at5125.hmm
# Target file:     /home/zack/Desktop/IsariaPreferralGenome/MyGenomeSubmittedToNCBI/HypocrealesProteinSets/Epichloefestucae_Fl1_Proteins.faa
# Option settings: hmmsearch --domtblout /home/zack/Desktop/IsariaPreferralGenome/MyGenomeSubmittedToNCBI/HypocrealesProteinSets/BUSCO_AA_all/BUSCO_AA_Efestucae_Fl1/run_hypocreales_odb10/hmmer_output/initial_run_results/1977at5125.out --cpu 1 /home/zack/funannotate_db/hypocreales_odb10/hmms/1977at5125.hmm /home/zack/Desktop/IsariaPreferralGenome/MyGenomeSubmittedToNCBI/HypocrealesProteinSets/Epichloefestucae_Fl1_Proteins.faa 
# Current dir:     /home/zack/Desktop/IsariaPreferralGenome/MyGenomeSubmittedToNCBI/HypocrealesProteinSets/BUSCO_AA_all
# Date:            Mon Mar  4 15:17:01 2024
# [ok]
