#                                                                            --- full sequence --- -------------- this domain -------------   hmm coord   ali coord   env coord
# target name        accession   tlen query name           accession   qlen   E-value  score  bias   #  of  c-Evalue  i-Evalue  score  bias  from    to  from    to  from    to  acc description of target
#------------------- ---------- ----- -------------------- ---------- ----- --------- ------ ----- --- --- --------- --------- ------ ----- ----- ----- ----- ----- ----- ----- ---- ---------------------
QPG95584.1           -            374 33160at5125          -            265  1.2e-140  466.3   7.2   1   2   3.8e-51   6.7e-48  162.2   0.1     1   107     9   126     9   137 0.88 hypothetical protein C2857_001297 [Epichloe festucae Fl1]
QPG95584.1           -            374 33160at5125          -            265  1.2e-140  466.3   7.2   2   2   4.7e-95   8.3e-92  306.2   3.2   100   265   200   374   198   374 0.95 hypothetical protein C2857_001297 [Epichloe festucae Fl1]
QPG95195.1           -            566 33160at5125          -            265   8.9e-50  168.4   7.1   1   2   2.2e-18   3.8e-15   54.8   0.1     4    97   202   303   199   313 0.81 hypothetical protein C2857_007814 [Epichloe festucae Fl1]
QPG95195.1           -            566 33160at5125          -            265   8.9e-50  168.4   7.1   2   2   7.3e-37   1.3e-33  115.4   2.7   117   265   410   566   397   566 0.88 hypothetical protein C2857_007814 [Epichloe festucae Fl1]
QPG95043.1           -            498 33160at5125          -            265   4.1e-45  153.1   7.7   1   2   1.3e-14   2.3e-11   42.4   0.1    11   104    55   156    49   165 0.74 hypothetical protein C2857_007541 [Epichloe festucae Fl1]
QPG95043.1           -            498 33160at5125          -            265   4.1e-45  153.1   7.7   2   2   5.1e-36   8.9e-33  112.6   3.7   112   264   296   456   285   457 0.85 hypothetical protein C2857_007541 [Epichloe festucae Fl1]
QPG93770.1           -            506 33160at5125          -            265   4.1e-43  146.5  17.1   1   2   1.3e-33   2.3e-30  104.7   7.3     8   168   177   354   171   378 0.81 hypothetical protein C2857_002341 [Epichloe festucae Fl1]
QPG93770.1           -            506 33160at5125          -            265   4.1e-43  146.5  17.1   2   2   4.2e-16   7.4e-13   47.3   2.2   178   265   411   506   400   506 0.79 hypothetical protein C2857_002341 [Epichloe festucae Fl1]
#
# Program:         hmmsearch
# Version:         3.1b2 (February 2015)
# Pipeline mode:   SEARCH
# Query file:      /home/zack/funannotate_db/hypocreales_odb10/hmms/33160at5125.hmm
# Target file:     /home/zack/Desktop/IsariaPreferralGenome/MyGenomeSubmittedToNCBI/HypocrealesProteinSets/Epichloefestucae_Fl1_Proteins.faa
# Option settings: hmmsearch --domtblout /home/zack/Desktop/IsariaPreferralGenome/MyGenomeSubmittedToNCBI/HypocrealesProteinSets/BUSCO_AA_all/BUSCO_AA_Efestucae_Fl1/run_hypocreales_odb10/hmmer_output/initial_run_results/33160at5125.out --cpu 1 /home/zack/funannotate_db/hypocreales_odb10/hmms/33160at5125.hmm /home/zack/Desktop/IsariaPreferralGenome/MyGenomeSubmittedToNCBI/HypocrealesProteinSets/Epichloefestucae_Fl1_Proteins.faa 
# Current dir:     /home/zack/Desktop/IsariaPreferralGenome/MyGenomeSubmittedToNCBI/HypocrealesProteinSets/BUSCO_AA_all
# Date:            Mon Mar  4 15:17:33 2024
# [ok]
