#                                                                            --- full sequence --- -------------- this domain -------------   hmm coord   ali coord   env coord
# target name        accession   tlen query name           accession   qlen   E-value  score  bias   #  of  c-Evalue  i-Evalue  score  bias  from    to  from    to  from    to  acc description of target
#------------------- ---------- ----- -------------------- ---------- ----- --------- ------ ----- --- --- --------- --------- ------ ----- ----- ----- ----- ----- ----- ----- ---- ---------------------
QPH05789.1           -            360 33830at5125          -            294  7.2e-159  526.1  11.1   1   2   3.9e-14   7.8e-12   43.4   0.4     1    37     9    51     9    60 0.88 hypothetical protein C2857_003797 [Epichloe festucae Fl1]
QPH05789.1           -            360 33830at5125          -            294  7.2e-159  526.1  11.1   2   2  2.9e-149  5.9e-147  487.0   4.7    31   294    69   348    54   348 0.94 hypothetical protein C2857_003797 [Epichloe festucae Fl1]
QPH00800.1           -            378 33830at5125          -            294   7.7e-36  122.2   0.0   1   1   5.8e-38   1.2e-35  121.7   0.0    53   276    91   326    79   341 0.87 hypothetical protein C2857_004784 [Epichloe festucae Fl1]
QPH02477.1           -            356 33830at5125          -            294   3.4e-27   93.9   0.2   1   1   2.1e-29   4.3e-27   93.5   0.2    51   230    96   284    59   312 0.87 hypothetical protein C2857_006687 [Epichloe festucae Fl1]
QPG94718.1           -            901 33830at5125          -            294   8.5e-24   82.7   6.9   1   2   2.8e-11   5.7e-09   34.0   2.2    50   207     5   181     1   198 0.78 bifunctional hydroxyacyl-CoA dehydrogenase/enoyl-CoA hydratase fox2 [Epichloe festucae Fl1]
QPG94718.1           -            901 33830at5125          -            294   8.5e-24   82.7   6.9   2   2   1.8e-14   3.6e-12   44.5   0.2    49   225   309   493   298   518 0.78 bifunctional hydroxyacyl-CoA dehydrogenase/enoyl-CoA hydratase fox2 [Epichloe festucae Fl1]
QPG94349.1           -            339 33830at5125          -            294   3.2e-14   51.3   0.4   1   1   2.5e-16     5e-14   50.6   0.4    48   229    84   282    71   287 0.76 hypothetical protein C2857_005747 [Epichloe festucae Fl1]
QPG95254.1           -            266 33830at5125          -            294     2e-13   48.6   0.3   1   1   1.7e-15   3.4e-13   47.9   0.3    52   228    17   209     8   220 0.78 L-xylulose reductase [Epichloe festucae Fl1]
QPH02562.1           -           1285 33830at5125          -            294   1.6e-12   45.7   1.8   1   1   1.6e-14   3.2e-12   44.7   1.8    51   246  1038  1243  1030  1274 0.80 putative secondary metabolism biosynthetic enzyme [Epichloe festucae Fl1]
QPG96909.1           -            291 33830at5125          -            294   4.3e-12   44.3   1.2   1   1   1.1e-13   2.2e-11   41.9   1.2    51   225    14   224     4   233 0.74 hypothetical protein C2857_005470 [Epichloe festucae Fl1]
QPH04575.1           -            271 33830at5125          -            294   6.8e-12   43.6   0.2   1   2       1.1   2.3e+02   -0.8   0.0    52    68     9    25     4    36 0.80 hypothetical protein C2857_001694 [Epichloe festucae Fl1]
QPH04575.1           -            271 33830at5125          -            294   6.8e-12   43.6   0.2   2   2   1.1e-13   2.2e-11   41.9   0.1    88   229    61   207    41   243 0.83 hypothetical protein C2857_001694 [Epichloe festucae Fl1]
QPG98899.1           -            292 33830at5125          -            294   2.2e-11   41.9   0.1   1   1   2.2e-13   4.4e-11   41.0   0.1    52   228    19   210     4   218 0.79 hypothetical protein C2857_000305 [Epichloe festucae Fl1]
QPG94414.1           -            304 33830at5125          -            294   4.2e-11   41.0   0.1   1   2     0.024       4.9    4.7   0.0    54    92     7    45     4    61 0.85 L-xylo-3-hexulose reductase [Epichloe festucae Fl1]
QPG94414.1           -            304 33830at5125          -            294   4.2e-11   41.0   0.1   2   2   2.5e-11     5e-09   34.2   0.0   120   209   103   196    97   207 0.88 L-xylo-3-hexulose reductase [Epichloe festucae Fl1]
QPH18680.1           -            349 33830at5125          -            294   1.1e-09   36.4   2.6   1   1   7.8e-10   1.6e-07   29.3   2.6    51   229    88   290    78   299 0.78 hypothetical protein C2857_003758 [Epichloe festucae Fl1]
QPG98667.1           -            280 33830at5125          -            294   2.2e-09   35.4   0.3   1   1   2.5e-11   5.1e-09   34.2   0.3    55   229     7   199     3   203 0.72 hypothetical protein C2857_007845 [Epichloe festucae Fl1]
QPG93501.1           -            288 33830at5125          -            294   2.9e-09   35.0   0.6   1   1   1.8e-11   3.6e-09   34.7   0.6   119   222    88   191    17   203 0.85 hypothetical protein C2857_000211 [Epichloe festucae Fl1]
QPG97896.1           -            312 33830at5125          -            294   3.8e-08   31.3   0.8   1   1   3.9e-10   7.8e-08   30.3   0.8    52   229    42   242    29   251 0.72 hypothetical protein C2857_007005 [Epichloe festucae Fl1]
QPG95095.1           -            259 33830at5125          -            294   9.8e-08   30.0   0.6   1   1   7.6e-10   1.5e-07   29.3   0.6    53   227     4   200     1   207 0.73 hypothetical protein C2857_007645 [Epichloe festucae Fl1]
QPG95231.1           -            269 33830at5125          -            294   2.2e-07   28.8   3.8   1   2     6e-09   1.2e-06   26.4   2.8    52   230    11   202     3   206 0.78 hypothetical protein C2857_007875 [Epichloe festucae Fl1]
QPG95231.1           -            269 33830at5125          -            294   2.2e-07   28.8   3.8   2   2       2.9   5.9e+02   -2.1   0.0    28    63   231   267   214   268 0.67 hypothetical protein C2857_007875 [Epichloe festucae Fl1]
QPG95274.1           -            262 33830at5125          -            294   1.4e-06   26.2   2.9   1   1   2.4e-08   4.9e-06   24.4   2.9    53   270     5   256     2   262 0.68 hypothetical protein C2857_007930 [Epichloe festucae Fl1]
QPG94091.1           -            289 33830at5125          -            294   1.6e-06   26.0   0.0   1   2    0.0012      0.24    9.0   0.0    49    81    12    44     5    55 0.85 hypothetical protein C2857_004592 [Epichloe festucae Fl1]
QPG94091.1           -            289 33830at5125          -            294   1.6e-06   26.0   0.0   2   2   1.9e-05    0.0038   14.9   0.0   106   218    89   208    80   223 0.79 hypothetical protein C2857_004592 [Epichloe festucae Fl1]
QPG97588.1           -            265 33830at5125          -            294   1.9e-06   25.7   2.0   1   1   8.8e-08   1.8e-05   22.6   2.0    52   225    15   222     6   229 0.70 hypothetical protein C2857_006577 [Epichloe festucae Fl1]
QPH19353.1           -            347 33830at5125          -            294   3.8e-06   24.8   0.0   1   1   3.3e-08   6.7e-06   24.0   0.0   119   220   152   254   124   291 0.81 hypothetical protein C2857_004575 [Epichloe festucae Fl1]
QPG96978.1           -            460 33830at5125          -            294   7.1e-06   23.9   0.3   1   2   0.00022     0.044   11.4   0.1    48    91   170   213   159   236 0.88 hypothetical protein C2857_005574 [Epichloe festucae Fl1]
QPG96978.1           -            460 33830at5125          -            294   7.1e-06   23.9   0.3   2   2   0.00041     0.082   10.5   0.0   145   231   291   376   280   403 0.77 hypothetical protein C2857_005574 [Epichloe festucae Fl1]
QPH11834.1           -            265 33830at5125          -            294   1.1e-05   23.2   0.3   1   2    0.0017      0.35    8.5   0.4    54    82    11    39     5    46 0.89 hypothetical protein C2857_003752 [Epichloe festucae Fl1]
QPH11834.1           -            265 33830at5125          -            294   1.1e-05   23.2   0.3   2   2     9e-05     0.018   12.7   0.0   107   209    82   188    71   209 0.82 hypothetical protein C2857_003752 [Epichloe festucae Fl1]
QPG96518.1           -            322 33830at5125          -            294   2.9e-05   21.9   0.6   1   1   2.7e-07   5.4e-05   21.0   0.6    55   173    62   197    54   266 0.77 L-xylulose reductase [Epichloe festucae Fl1]
QPH17086.1           -            675 33830at5125          -            294   3.4e-05   21.6   0.0   1   1   3.2e-07   6.5e-05   20.7   0.0    56   225   383   560   376   563 0.80 hypothetical protein C2857_001862 [Epichloe festucae Fl1]
QPH01153.1           -            263 33830at5125          -            294   9.4e-05   20.2   0.4   1   1   6.7e-07   0.00013   19.7   0.4    97   208    42   156    23   189 0.84 hypothetical protein C2857_005352 [Epichloe festucae Fl1]
QPG96393.1           -            392 33830at5125          -            294   0.00016   19.5   0.1   1   2       8.9   1.8e+03   -3.7   0.0     7    31    23    46    21    58 0.75 hypothetical protein C2857_004057 [Epichloe festucae Fl1]
QPG96393.1           -            392 33830at5125          -            294   0.00016   19.5   0.1   2   2   1.3e-06   0.00027   18.7   0.0   149   222   143   213    82   251 0.75 hypothetical protein C2857_004057 [Epichloe festucae Fl1]
QPG93575.1           -            259 33830at5125          -            294   0.00058   17.6   0.2   1   1   4.1e-06   0.00083   17.1   0.2    54   229     9   201     4   217 0.74 hypothetical protein C2857_000943 [Epichloe festucae Fl1]
QPG96747.1           -            232 33830at5125          -            294   0.00063   17.5   0.0   1   2      0.15        29    2.2   0.0    54    71     3    20     1    35 0.87 hypothetical protein C2857_005155 [Epichloe festucae Fl1]
QPG96747.1           -            232 33830at5125          -            294   0.00063   17.5   0.0   2   2   5.4e-05     0.011   13.4   0.0   121   229    63   165    47   173 0.84 hypothetical protein C2857_005155 [Epichloe festucae Fl1]
QPG94168.1           -            279 33830at5125          -            294    0.0012   16.5   0.3   1   2       1.9   3.7e+02   -1.5   0.0    58    81    19    42     9    68 0.51 hypothetical protein C2857_005083 [Epichloe festucae Fl1]
QPG94168.1           -            279 33830at5125          -            294    0.0012   16.5   0.3   2   2   1.6e-05    0.0033   15.1   0.1   114   215    98   199    88   221 0.78 hypothetical protein C2857_005083 [Epichloe festucae Fl1]
QPH10927.1           -            379 33830at5125          -            294    0.0014   16.4   0.0   1   1   1.1e-05    0.0021   15.7   0.0   118   191    10    81     4   104 0.86 hypothetical protein C2857_002453 [Epichloe festucae Fl1]
QPG94540.1           -            295 33830at5125          -            294    0.0021   15.7   0.8   1   1   2.5e-05     0.005   14.5   0.8    52   128    18   106     8   239 0.70 hypothetical protein C2857_006342 [Epichloe festucae Fl1]
QPH09574.1           -            434 33830at5125          -            294    0.0037   14.9   0.0   1   2   7.5e-05     0.015   13.0   0.0    49    85    50    86    39   114 0.86 hypothetical protein C2857_000432 [Epichloe festucae Fl1]
QPH09574.1           -            434 33830at5125          -            294    0.0037   14.9   0.0   2   2       2.7   5.4e+02   -2.0   0.0    91   113   331   353   298   357 0.72 hypothetical protein C2857_000432 [Epichloe festucae Fl1]
QPH11494.1           -           3155 33830at5125          -            294    0.0083   13.8   0.7   1   2       1.2   2.5e+02   -0.9   0.3    93   199  1830  1928  1822  1940 0.71 t1pks [Epichloe festucae Fl1]
QPH11494.1           -           3155 33830at5125          -            294    0.0083   13.8   0.7   2   2   0.00019     0.038   11.6   0.0    95   203  2168  2274  2130  2290 0.80 t1pks [Epichloe festucae Fl1]
QPG95160.1           -            233 33830at5125          -            294     0.027   12.1   0.0   1   1   0.00017     0.034   11.8   0.0   134   223    58   152    36   169 0.71 hypothetical protein C2857_007749 [Epichloe festucae Fl1]
#
# Program:         hmmsearch
# Version:         3.1b2 (February 2015)
# Pipeline mode:   SEARCH
# Query file:      /home/zack/funannotate_db/hypocreales_odb10/hmms/33830at5125.hmm
# Target file:     /home/zack/Desktop/IsariaPreferralGenome/MyGenomeSubmittedToNCBI/HypocrealesProteinSets/Epichloefestucae_Fl1_Proteins.faa
# Option settings: hmmsearch --domtblout /home/zack/Desktop/IsariaPreferralGenome/MyGenomeSubmittedToNCBI/HypocrealesProteinSets/BUSCO_AA_all/BUSCO_AA_Efestucae_Fl1/run_hypocreales_odb10/hmmer_output/initial_run_results/33830at5125.out --cpu 1 /home/zack/funannotate_db/hypocreales_odb10/hmms/33830at5125.hmm /home/zack/Desktop/IsariaPreferralGenome/MyGenomeSubmittedToNCBI/HypocrealesProteinSets/Epichloefestucae_Fl1_Proteins.faa 
# Current dir:     /home/zack/Desktop/IsariaPreferralGenome/MyGenomeSubmittedToNCBI/HypocrealesProteinSets/BUSCO_AA_all
# Date:            Mon Mar  4 15:17:50 2024
# [ok]
