#                                                                            --- full sequence --- -------------- this domain -------------   hmm coord   ali coord   env coord
# target name        accession   tlen query name           accession   qlen   E-value  score  bias   #  of  c-Evalue  i-Evalue  score  bias  from    to  from    to  from    to  acc description of target
#------------------- ---------- ----- -------------------- ---------- ----- --------- ------ ----- --- --- --------- --------- ------ ----- ----- ----- ----- ----- ----- ----- ---- ---------------------
QPH19651.1           -            973 3460at5125           -            595    5e-272  902.4  18.3   1   5   5.4e-15   1.3e-11   42.5   0.1     1    55    80   154    80   164 0.80 hypothetical protein C2857_004941 [Epichloe festucae Fl1]
QPH19651.1           -            973 3460at5125           -            595    5e-272  902.4  18.3   2   5   0.00036      0.85    6.8   1.4    44    68   165   189   159   235 0.64 hypothetical protein C2857_004941 [Epichloe festucae Fl1]
QPH19651.1           -            973 3460at5125           -            595    5e-272  902.4  18.3   3   5    2e-176  4.7e-173  575.6   0.2    97   429   283   675   262   715 0.89 hypothetical protein C2857_004941 [Epichloe festucae Fl1]
QPH19651.1           -            973 3460at5125           -            595    5e-272  902.4  18.3   4   5   3.3e-64   7.8e-61  205.0   0.0   426   547   721   853   716   867 0.89 hypothetical protein C2857_004941 [Epichloe festucae Fl1]
QPH19651.1           -            973 3460at5125           -            595    5e-272  902.4  18.3   5   5   5.8e-25   1.4e-21   75.4   0.3   539   594   896   951   885   952 0.93 hypothetical protein C2857_004941 [Epichloe festucae Fl1]
QPH10298.1           -            481 3460at5125           -            595   1.1e-31  108.7   0.1   1   2   2.6e-23   6.2e-20   70.0   0.0   311   467   164   333   155   337 0.77 hypothetical protein C2857_001544 [Epichloe festucae Fl1]
QPH10298.1           -            481 3460at5125           -            595   1.1e-31  108.7   0.1   2   2   3.2e-13   7.5e-10   36.7   0.0   493   586   339   434   333   441 0.84 hypothetical protein C2857_001544 [Epichloe festucae Fl1]
QPH16480.1           -            983 3460at5125           -            595   4.5e-10   37.4   0.0   1   1   3.1e-13   7.3e-10   36.7   0.0    99   221   641   774   624   792 0.80 hypothetical protein C2857_001142 [Epichloe festucae Fl1]
#
# Program:         hmmsearch
# Version:         3.1b2 (February 2015)
# Pipeline mode:   SEARCH
# Query file:      /home/zack/funannotate_db/hypocreales_odb10/hmms/3460at5125.hmm
# Target file:     /home/zack/Desktop/IsariaPreferralGenome/MyGenomeSubmittedToNCBI/HypocrealesProteinSets/Epichloefestucae_Fl1_Proteins.faa
# Option settings: hmmsearch --domtblout /home/zack/Desktop/IsariaPreferralGenome/MyGenomeSubmittedToNCBI/HypocrealesProteinSets/BUSCO_AA_all/BUSCO_AA_Efestucae_Fl1/run_hypocreales_odb10/hmmer_output/initial_run_results/3460at5125.out --cpu 1 /home/zack/funannotate_db/hypocreales_odb10/hmms/3460at5125.hmm /home/zack/Desktop/IsariaPreferralGenome/MyGenomeSubmittedToNCBI/HypocrealesProteinSets/Epichloefestucae_Fl1_Proteins.faa 
# Current dir:     /home/zack/Desktop/IsariaPreferralGenome/MyGenomeSubmittedToNCBI/HypocrealesProteinSets/BUSCO_AA_all
# Date:            Mon Mar  4 15:17:47 2024
# [ok]
