#                                                                            --- full sequence --- -------------- this domain -------------   hmm coord   ali coord   env coord
# target name        accession   tlen query name           accession   qlen   E-value  score  bias   #  of  c-Evalue  i-Evalue  score  bias  from    to  from    to  from    to  acc description of target
#------------------- ---------- ----- -------------------- ---------- ----- --------- ------ ----- --- --- --------- --------- ------ ----- ----- ----- ----- ----- ----- ----- ---- ---------------------
QPH04406.1           -            334 34786at5125          -            285  7.7e-150  496.4   0.1   1   1  2.3e-152  1.2e-149  495.8   0.1     1   285     4   333     4   333 0.93 hypothetical protein C2857_001374 [Epichloe festucae Fl1]
QPH18988.1           -            455 34786at5125          -            285   8.5e-23   79.5   0.2   1   1   2.5e-25   1.3e-22   79.0   0.2    19   282   162   451   156   454 0.78 hypothetical protein C2857_004122 [Epichloe festucae Fl1]
QPG94732.1           -            336 34786at5125          -            285   1.1e-20   72.6   2.0   1   1   2.9e-23   1.5e-20   72.2   2.0    22   227    32   262    29   325 0.82 hypothetical protein C2857_006864 [Epichloe festucae Fl1]
QPH02469.1           -            354 34786at5125          -            285   8.8e-17   59.8   0.2   1   2   3.4e-06    0.0017   16.2   0.0    16    69    36    89    25   101 0.88 hypothetical protein C2857_006679 [Epichloe festucae Fl1]
QPH02469.1           -            354 34786at5125          -            285   8.8e-17   59.8   0.2   2   2   5.4e-14   2.7e-11   41.8   0.1    98   283   152   351   123   353 0.74 hypothetical protein C2857_006679 [Epichloe festucae Fl1]
QPH02303.1           -           2196 34786at5125          -            285   6.1e-14   50.5   0.3   1   1   2.7e-16   1.4e-13   49.3   0.3    23   205  1516  1719  1508  1805 0.76 t1pks [Epichloe festucae Fl1]
QPH02654.1           -           2235 34786at5125          -            285   8.9e-14   49.9   0.4   1   1   4.6e-16   2.3e-13   48.6   0.4    23   182  1549  1727  1535  1762 0.74 t1pks [Epichloe festucae Fl1]
QPH02999.1           -            334 34786at5125          -            285   1.6e-12   45.8   0.3   1   1     5e-15   2.5e-12   45.2   0.3     4   187    28   231    26   252 0.74 hypothetical protein C2857_007219 [Epichloe festucae Fl1]
QPH11494.1           -           3155 34786at5125          -            285   7.5e-12   43.6   0.5   1   1   3.7e-14   1.8e-11   42.3   0.5    45   182  1817  1973  1790  1983 0.69 t1pks [Epichloe festucae Fl1]
QPH02881.1           -           2370 34786at5125          -            285   2.3e-10   38.7   0.0   1   1   5.4e-12   2.7e-09   35.2   0.0    23   283  1692  1983  1687  1985 0.67 t1pks [Epichloe festucae Fl1]
QPH15627.1           -           2565 34786at5125          -            285   2.9e-09   35.1   0.1   1   1   1.3e-11   6.7e-09   33.9   0.1    25   283  1888  2175  1877  2177 0.73 t1pks [Epichloe festucae Fl1]
QPG96188.1           -           2362 34786at5125          -            285     1e-08   33.3   0.1   1   1   3.6e-11   1.8e-08   32.5   0.1    50   251  1691  1918  1681  1955 0.73 t1pks [Epichloe festucae Fl1]
QPG95630.1           -            373 34786at5125          -            285   6.9e-08   30.6   0.1   1   2   1.6e-06    0.0008   17.3   0.0    18    73    28    81    19    85 0.89 hypothetical protein C2857_001454 [Epichloe festucae Fl1]
QPG95630.1           -            373 34786at5125          -            285   6.9e-08   30.6   0.1   2   2   0.00012      0.06   11.1   0.1    75   187   144   269   125   285 0.69 hypothetical protein C2857_001454 [Epichloe festucae Fl1]
QPG95003.1           -            363 34786at5125          -            285   2.1e-06   25.7   0.2   1   2     0.015       7.7    4.2   0.0    20    53    35    68    26    87 0.83 hypothetical protein C2857_007493 [Epichloe festucae Fl1]
QPG95003.1           -            363 34786at5125          -            285   2.1e-06   25.7   0.2   2   2   3.2e-07   0.00016   19.6   0.1    88   283   139   352   115   354 0.71 hypothetical protein C2857_007493 [Epichloe festucae Fl1]
QPH16964.1           -            438 34786at5125          -            285    0.0022   15.9   0.0   1   2    0.0083       4.2    5.1   0.0    22    76    84   136    75   152 0.74 hypothetical protein C2857_001712 [Epichloe festucae Fl1]
QPH16964.1           -            438 34786at5125          -            285    0.0022   15.9   0.0   2   2   0.00079       0.4    8.4   0.0   112   269   221   388   168   402 0.58 hypothetical protein C2857_001712 [Epichloe festucae Fl1]
#
# Program:         hmmsearch
# Version:         3.1b2 (February 2015)
# Pipeline mode:   SEARCH
# Query file:      /home/zack/funannotate_db/hypocreales_odb10/hmms/34786at5125.hmm
# Target file:     /home/zack/Desktop/IsariaPreferralGenome/MyGenomeSubmittedToNCBI/HypocrealesProteinSets/Epichloefestucae_Fl1_Proteins.faa
# Option settings: hmmsearch --domtblout /home/zack/Desktop/IsariaPreferralGenome/MyGenomeSubmittedToNCBI/HypocrealesProteinSets/BUSCO_AA_all/BUSCO_AA_Efestucae_Fl1/run_hypocreales_odb10/hmmer_output/initial_run_results/34786at5125.out --cpu 1 /home/zack/funannotate_db/hypocreales_odb10/hmms/34786at5125.hmm /home/zack/Desktop/IsariaPreferralGenome/MyGenomeSubmittedToNCBI/HypocrealesProteinSets/Epichloefestucae_Fl1_Proteins.faa 
# Current dir:     /home/zack/Desktop/IsariaPreferralGenome/MyGenomeSubmittedToNCBI/HypocrealesProteinSets/BUSCO_AA_all
# Date:            Mon Mar  4 15:17:50 2024
# [ok]
