#                                                                            --- full sequence --- -------------- this domain -------------   hmm coord   ali coord   env coord
# target name        accession   tlen query name           accession   qlen   E-value  score  bias   #  of  c-Evalue  i-Evalue  score  bias  from    to  from    to  from    to  acc description of target
#------------------- ---------- ----- -------------------- ---------- ----- --------- ------ ----- --- --- --------- --------- ------ ----- ----- ----- ----- ----- ----- ----- ---- ---------------------
QPG97174.1           -            417 34865at5125          -            326    1e-202  670.7   0.4   1   2       0.1   1.5e+02   -0.3   0.0     2    20     2    25     1    32 0.71 Ribosome-interacting GTPase 2 [Epichloe festucae Fl1]
QPG97174.1           -            417 34865at5125          -            326    1e-202  670.7   0.4   2   2  2.5e-205  3.5e-202  668.9   0.1    10   326    80   411    77   411 0.96 Ribosome-interacting GTPase 2 [Epichloe festucae Fl1]
QPH01249.1           -            439 34865at5125          -            326   4.4e-94  313.6   0.0   1   1   5.1e-97   7.2e-94  312.9   0.0     9   324    34   363    30   365 0.95 GTP-binding protein rbg1 [Epichloe festucae Fl1]
QPG94821.1           -            655 34865at5125          -            326   2.6e-08   31.7   0.0   1   2   2.3e-10   3.2e-07   28.1   0.0    42   123   171   255   162   269 0.79 Nucleolar GTP-binding protein 1 [Epichloe festucae Fl1]
QPG94821.1           -            655 34865at5125          -            326   2.6e-08   31.7   0.0   2   2     0.039        55    1.1   0.0   228   289   308   370   281   375 0.69 Nucleolar GTP-binding protein 1 [Epichloe festucae Fl1]
QPG96622.1           -            427 34865at5125          -            326   3.9e-07   27.8   0.0   1   2   8.3e-10   1.2e-06   26.3   0.0    38   126     4   105     2   114 0.78 hypothetical protein C2857_004767 [Epichloe festucae Fl1]
QPG96622.1           -            427 34865at5125          -            326   3.9e-07   27.8   0.0   2   2         1   1.4e+03   -3.6   0.0    12    33   267   288   262   319 0.61 hypothetical protein C2857_004767 [Epichloe festucae Fl1]
QPG94937.1           -            640 34865at5125          -            326   0.00011   19.8   0.1   1   2   2.9e-06    0.0041   14.7   0.0    39    76   372   410   359   422 0.85 hypothetical protein C2857_007359 [Epichloe festucae Fl1]
QPG94937.1           -            640 34865at5125          -            326   0.00011   19.8   0.1   2   2     0.013        19    2.6   0.0    88   126   454   492   449   511 0.79 hypothetical protein C2857_007359 [Epichloe festucae Fl1]
#
# Program:         hmmsearch
# Version:         3.1b2 (February 2015)
# Pipeline mode:   SEARCH
# Query file:      /home/zack/funannotate_db/hypocreales_odb10/hmms/34865at5125.hmm
# Target file:     /home/zack/Desktop/IsariaPreferralGenome/MyGenomeSubmittedToNCBI/HypocrealesProteinSets/Epichloefestucae_Fl1_Proteins.faa
# Option settings: hmmsearch --domtblout /home/zack/Desktop/IsariaPreferralGenome/MyGenomeSubmittedToNCBI/HypocrealesProteinSets/BUSCO_AA_all/BUSCO_AA_Efestucae_Fl1/run_hypocreales_odb10/hmmer_output/initial_run_results/34865at5125.out --cpu 1 /home/zack/funannotate_db/hypocreales_odb10/hmms/34865at5125.hmm /home/zack/Desktop/IsariaPreferralGenome/MyGenomeSubmittedToNCBI/HypocrealesProteinSets/Epichloefestucae_Fl1_Proteins.faa 
# Current dir:     /home/zack/Desktop/IsariaPreferralGenome/MyGenomeSubmittedToNCBI/HypocrealesProteinSets/BUSCO_AA_all
# Date:            Mon Mar  4 15:17:27 2024
# [ok]
