#                                                                            --- full sequence --- -------------- this domain -------------   hmm coord   ali coord   env coord
# target name        accession   tlen query name           accession   qlen   E-value  score  bias   #  of  c-Evalue  i-Evalue  score  bias  from    to  from    to  from    to  acc description of target
#------------------- ---------- ----- -------------------- ---------- ----- --------- ------ ----- --- --- --------- --------- ------ ----- ----- ----- ----- ----- ----- ----- ---- ---------------------
QPH10514.1           -            988 3582at5125           -            834         0 1516.0   0.0   1   2    9e-123  1.1e-119  399.1   0.0     1   233     1   274     1   279 0.93 hypothetical protein C2857_001855 [Epichloe festucae Fl1]
QPH10514.1           -            988 3582at5125           -            834         0 1516.0   0.0   2   2         0         0 1113.9   0.0   232   834   294   988   289   988 0.93 hypothetical protein C2857_001855 [Epichloe festucae Fl1]
QPH01177.1           -            484 3582at5125           -            834    0.0007   16.0   0.8   1   4    0.0011       1.3    5.2   0.1   203   253   157   209   146   218 0.77 hypothetical protein C2857_005376 [Epichloe festucae Fl1]
QPH01177.1           -            484 3582at5125           -            834    0.0007   16.0   0.8   2   4      0.11   1.3e+02   -1.5   0.0   206   228   299   321   293   328 0.60 hypothetical protein C2857_005376 [Epichloe festucae Fl1]
QPH01177.1           -            484 3582at5125           -            834    0.0007   16.0   0.8   3   4     0.018        22    1.2   0.0   194   224   330   360   327   370 0.88 hypothetical protein C2857_005376 [Epichloe festucae Fl1]
QPH01177.1           -            484 3582at5125           -            834    0.0007   16.0   0.8   4   4    0.0013       1.5    5.0   0.0   205   225   387   407   383   425 0.82 hypothetical protein C2857_005376 [Epichloe festucae Fl1]
QPG94480.1           -            566 3582at5125           -            834     0.027   10.7   0.2   1   2    0.0003      0.35    7.1   0.0   163   225   220   282   209   283 0.78 hypothetical protein C2857_006165 [Epichloe festucae Fl1]
QPG94480.1           -            566 3582at5125           -            834     0.027   10.7   0.2   2   2     0.017        20    1.2   0.1   197   237   383   424   380   431 0.82 hypothetical protein C2857_006165 [Epichloe festucae Fl1]
QPH02606.1           -            696 3582at5125           -            834     0.041   10.2   0.2   1   5      0.16   1.9e+02   -2.0   0.0   401   438   364   401   357   405 0.58 hypothetical protein C2857_006819 [Epichloe festucae Fl1]
QPH02606.1           -            696 3582at5125           -            834     0.041   10.2   0.2   2   5     0.012        14    1.8   0.0    67   102   487   522   461   530 0.85 hypothetical protein C2857_006819 [Epichloe festucae Fl1]
QPH02606.1           -            696 3582at5125           -            834     0.041   10.2   0.2   3   5     0.027        32    0.6   0.0    75   104   535   564   527   575 0.89 hypothetical protein C2857_006819 [Epichloe festucae Fl1]
QPH02606.1           -            696 3582at5125           -            834     0.041   10.2   0.2   4   5     0.086     1e+02   -1.1   0.0   381   406   579   604   567   619 0.71 hypothetical protein C2857_006819 [Epichloe festucae Fl1]
QPH02606.1           -            696 3582at5125           -            834     0.041   10.2   0.2   5   5     0.018        21    1.2   0.0    71   102   615   646   602   648 0.86 hypothetical protein C2857_006819 [Epichloe festucae Fl1]
QPH09591.1           -            848 3582at5125           -            834     0.055    9.7   0.1   1   2    0.0032       3.8    3.7   0.0   194   225    98   130    79   136 0.78 hypothetical protein C2857_000476 [Epichloe festucae Fl1]
QPH09591.1           -            848 3582at5125           -            834     0.055    9.7   0.1   2   2    0.0032       3.8    3.7   0.0   196   262   232   301   209   313 0.81 hypothetical protein C2857_000476 [Epichloe festucae Fl1]
QPH00831.1           -            520 3582at5125           -            834     0.061    9.6   0.9   1   2    0.0001      0.12    8.6   0.0   195   225   291   321   275   361 0.76 hypothetical protein C2857_004859 [Epichloe festucae Fl1]
QPH00831.1           -            520 3582at5125           -            834     0.061    9.6   0.9   2   2      0.12   1.5e+02   -1.6   0.2   198   226   381   410   369   416 0.85 hypothetical protein C2857_004859 [Epichloe festucae Fl1]
#
# Program:         hmmsearch
# Version:         3.1b2 (February 2015)
# Pipeline mode:   SEARCH
# Query file:      /home/zack/funannotate_db/hypocreales_odb10/hmms/3582at5125.hmm
# Target file:     /home/zack/Desktop/IsariaPreferralGenome/MyGenomeSubmittedToNCBI/HypocrealesProteinSets/Epichloefestucae_Fl1_Proteins.faa
# Option settings: hmmsearch --domtblout /home/zack/Desktop/IsariaPreferralGenome/MyGenomeSubmittedToNCBI/HypocrealesProteinSets/BUSCO_AA_all/BUSCO_AA_Efestucae_Fl1/run_hypocreales_odb10/hmmer_output/initial_run_results/3582at5125.out --cpu 1 /home/zack/funannotate_db/hypocreales_odb10/hmms/3582at5125.hmm /home/zack/Desktop/IsariaPreferralGenome/MyGenomeSubmittedToNCBI/HypocrealesProteinSets/Epichloefestucae_Fl1_Proteins.faa 
# Current dir:     /home/zack/Desktop/IsariaPreferralGenome/MyGenomeSubmittedToNCBI/HypocrealesProteinSets/BUSCO_AA_all
# Date:            Mon Mar  4 15:17:48 2024
# [ok]
