#                                                                            --- full sequence --- -------------- this domain -------------   hmm coord   ali coord   env coord
# target name        accession   tlen query name           accession   qlen   E-value  score  bias   #  of  c-Evalue  i-Evalue  score  bias  from    to  from    to  from    to  acc description of target
#------------------- ---------- ----- -------------------- ---------- ----- --------- ------ ----- --- --- --------- --------- ------ ----- ----- ----- ----- ----- ----- ----- ---- ---------------------
QPH16918.1           -            612 37548at5125          -            443  9.6e-137  454.9   9.6   1   2   6.7e-05      0.12    9.7   0.1     9    54    22    64    14    86 0.62 hypothetical protein C2857_001657 [Epichloe festucae Fl1]
QPH16918.1           -            612 37548at5125          -            443  9.6e-137  454.9   9.6   2   2  1.7e-135  2.9e-132  440.1   6.0    35   419   131   576    83   593 0.79 hypothetical protein C2857_001657 [Epichloe festucae Fl1]
QPG96771.1           -            384 37548at5125          -            443   1.7e-08   32.2   0.0   1   2      0.54   9.5e+02   -3.2   0.0    94   111    23    41    21    44 0.82 hypothetical protein C2857_005226 [Epichloe festucae Fl1]
QPG96771.1           -            384 37548at5125          -            443   1.7e-08   32.2   0.0   2   2   2.6e-11   4.6e-08   30.8   0.0   207   265   132   191   129   205 0.79 hypothetical protein C2857_005226 [Epichloe festucae Fl1]
QPH12124.1           -            543 37548at5125          -            443   5.9e-07   27.1   0.1   1   2     0.044        76    0.4   0.0    93   112   172   192   163   195 0.83 Cell division control protein 3 [Epichloe festucae Fl1]
QPH12124.1           -            543 37548at5125          -            443   5.9e-07   27.1   0.1   2   2   3.7e-09   6.6e-06   23.7   0.0   208   267   280   345   273   353 0.80 Cell division control protein 3 [Epichloe festucae Fl1]
QPG97442.1           -            508 37548at5125          -            443     0.006   13.9   0.4   1   2      0.94   1.6e+03   -4.0   0.1    94   108   159   174   158   177 0.77 hypothetical protein C2857_006325 [Epichloe festucae Fl1]
QPG97442.1           -            508 37548at5125          -            443     0.006   13.9   0.4   2   2   3.4e-06     0.006   13.9   0.4   223   282   316   379   308   391 0.74 hypothetical protein C2857_006325 [Epichloe festucae Fl1]
#
# Program:         hmmsearch
# Version:         3.1b2 (February 2015)
# Pipeline mode:   SEARCH
# Query file:      /home/zack/funannotate_db/hypocreales_odb10/hmms/37548at5125.hmm
# Target file:     /home/zack/Desktop/IsariaPreferralGenome/MyGenomeSubmittedToNCBI/HypocrealesProteinSets/Epichloefestucae_Fl1_Proteins.faa
# Option settings: hmmsearch --domtblout /home/zack/Desktop/IsariaPreferralGenome/MyGenomeSubmittedToNCBI/HypocrealesProteinSets/BUSCO_AA_all/BUSCO_AA_Efestucae_Fl1/run_hypocreales_odb10/hmmer_output/initial_run_results/37548at5125.out --cpu 1 /home/zack/funannotate_db/hypocreales_odb10/hmms/37548at5125.hmm /home/zack/Desktop/IsariaPreferralGenome/MyGenomeSubmittedToNCBI/HypocrealesProteinSets/Epichloefestucae_Fl1_Proteins.faa 
# Current dir:     /home/zack/Desktop/IsariaPreferralGenome/MyGenomeSubmittedToNCBI/HypocrealesProteinSets/BUSCO_AA_all
# Date:            Mon Mar  4 15:17:54 2024
# [ok]
