#                                                                            --- full sequence --- -------------- this domain -------------   hmm coord   ali coord   env coord
# target name        accession   tlen query name           accession   qlen   E-value  score  bias   #  of  c-Evalue  i-Evalue  score  bias  from    to  from    to  from    to  acc description of target
#------------------- ---------- ----- -------------------- ---------- ----- --------- ------ ----- --- --- --------- --------- ------ ----- ----- ----- ----- ----- ----- ----- ---- ---------------------
QPG96841.1           -            913 4187at5125           -            755         0 1458.1  13.3   1   2     5e-85   4.7e-83  278.4   0.8     1   159     1   169     1   182 0.90 hypothetical protein C2857_005358 [Epichloe festucae Fl1]
QPG96841.1           -            913 4187at5125           -            755         0 1458.1  13.3   2   2         0         0 1183.2   5.7   152   754   197   890   193   891 0.93 hypothetical protein C2857_005358 [Epichloe festucae Fl1]
QPH00859.1           -            962 4187at5125           -            755     1e-36  125.2  19.3   1   5   1.1e-10     1e-08   32.6   0.5    99   191    67   160    47   162 0.88 hypothetical protein C2857_004920 [Epichloe festucae Fl1]
QPH00859.1           -            962 4187at5125           -            755     1e-36  125.2  19.3   2   5   1.1e-06   9.9e-05   19.4   0.0   468   557   145   247   141   258 0.77 hypothetical protein C2857_004920 [Epichloe festucae Fl1]
QPH00859.1           -            962 4187at5125           -            755     1e-36  125.2  19.3   3   5      0.11        10    2.8   0.2   423   490   268   336   262   360 0.78 hypothetical protein C2857_004920 [Epichloe festucae Fl1]
QPH00859.1           -            962 4187at5125           -            755     1e-36  125.2  19.3   4   5   7.7e-09   7.2e-07   26.5   0.6   502   596   439   540   420   560 0.77 hypothetical protein C2857_004920 [Epichloe festucae Fl1]
QPH00859.1           -            962 4187at5125           -            755     1e-36  125.2  19.3   5   5     5e-18   4.6e-16   56.8   0.4   301   465   565   728   555   738 0.90 hypothetical protein C2857_004920 [Epichloe festucae Fl1]
QPH02424.1           -            729 4187at5125           -            755   7.3e-31  105.8   5.3   1   3   1.2e-15   1.2e-13   48.9   0.3    89   189   378   474   372   477 0.92 E3 ubiquitin ligase complex SCF subunit scon-2 [Epichloe festucae Fl1]
QPH02424.1           -            729 4187at5125           -            755   7.3e-31  105.8   5.3   2   3   1.7e-09   1.6e-07   28.7   0.4   439   538   472   556   470   562 0.81 E3 ubiquitin ligase complex SCF subunit scon-2 [Epichloe festucae Fl1]
QPH02424.1           -            729 4187at5125           -            755   7.3e-31  105.8   5.3   3   3   1.1e-09     1e-07   29.3   0.0   504   591   623   715   618   725 0.86 E3 ubiquitin ligase complex SCF subunit scon-2 [Epichloe festucae Fl1]
QPH16583.1           -            680 4187at5125           -            755     9e-28   95.6   9.7   1   3   1.4e-14   1.3e-12   45.4   1.0    53   190   285   417   274   421 0.89 hypothetical protein C2857_001265 [Epichloe festucae Fl1]
QPH16583.1           -            680 4187at5125           -            755     9e-28   95.6   9.7   2   3     5e-08   4.7e-06   23.8   0.1   503   571   422   493   417   499 0.59 hypothetical protein C2857_001265 [Epichloe festucae Fl1]
QPH16583.1           -            680 4187at5125           -            755     9e-28   95.6   9.7   3   3   2.1e-10     2e-08   31.6   0.3   112   207   501   594   489   600 0.85 hypothetical protein C2857_001265 [Epichloe festucae Fl1]
QPG97741.1           -            478 4187at5125           -            755   2.4e-27   94.2   4.8   1   3   5.5e-15   5.2e-13   46.8   0.1   403   547    89   219    76   226 0.86 protein with putative role during mitosis [Epichloe festucae Fl1]
QPG97741.1           -            478 4187at5125           -            755   2.4e-27   94.2   4.8   2   3   1.7e-06   0.00016   18.7   0.2   503   557   227   286   217   308 0.50 protein with putative role during mitosis [Epichloe festucae Fl1]
QPG97741.1           -            478 4187at5125           -            755   2.4e-27   94.2   4.8   3   3   1.7e-12   1.6e-10   38.5   0.6   341   502   250   428   248   478 0.80 protein with putative role during mitosis [Epichloe festucae Fl1]
QPH16049.1           -            515 4187at5125           -            755     9e-27   92.3  14.5   1   4     4e-08   3.7e-06   24.1   0.2   502   568   160   232   142   244 0.77 hypothetical protein C2857_000591 [Epichloe festucae Fl1]
QPH16049.1           -            515 4187at5125           -            755     9e-27   92.3  14.5   2   4   2.4e-09   2.3e-07   28.1   2.7   362   533   205   323   202   331 0.47 hypothetical protein C2857_000591 [Epichloe festucae Fl1]
QPH16049.1           -            515 4187at5125           -            755     9e-27   92.3  14.5   3   4   2.7e-10   2.5e-08   31.3   0.1   405   485   373   454   366   457 0.90 hypothetical protein C2857_000591 [Epichloe festucae Fl1]
QPH16049.1           -            515 4187at5125           -            755     9e-27   92.3  14.5   4   4   1.1e-05     0.001   16.1   0.1   405   460   458   513   454   515 0.59 hypothetical protein C2857_000591 [Epichloe festucae Fl1]
QPH01177.1           -            484 4187at5125           -            755   1.9e-25   87.9   1.2   1   2   9.1e-24   8.5e-22   75.8   0.2    94   290   143   357   134   359 0.85 hypothetical protein C2857_005376 [Epichloe festucae Fl1]
QPH01177.1           -            484 4187at5125           -            755   1.9e-25   87.9   1.2   2   2    0.0024      0.22    8.3   0.0   198   258   391   451   385   476 0.67 hypothetical protein C2857_005376 [Epichloe festucae Fl1]
QPH10850.1           -           1092 4187at5125           -            755     2e-25   87.8   6.0   1   3     3e-10   2.8e-08   31.1   0.0   400   521   720   841   695   850 0.82 hypothetical protein C2857_002354 [Epichloe festucae Fl1]
QPH10850.1           -           1092 4187at5125           -            755     2e-25   87.8   6.0   2   3   1.8e-13   1.7e-11   41.8   0.7    93   217   863   983   859   987 0.82 hypothetical protein C2857_002354 [Epichloe festucae Fl1]
QPH10850.1           -           1092 4187at5125           -            755     2e-25   87.8   6.0   3   3   3.4e-08   3.2e-06   24.3   0.1   405   494   963  1050   957  1063 0.85 hypothetical protein C2857_002354 [Epichloe festucae Fl1]
QPG99203.1           -            463 4187at5125           -            755     3e-25   87.2   5.7   1   2   2.3e-15   2.2e-13   48.0   0.1    90   214   145   269   142   271 0.95 pre-mRNA-splicing factor prp46 [Epichloe festucae Fl1]
QPG99203.1           -            463 4187at5125           -            755     3e-25   87.2   5.7   2   2     1e-15   9.6e-14   49.2   1.6   105   261   244   399   241   450 0.81 pre-mRNA-splicing factor prp46 [Epichloe festucae Fl1]
QPG95744.1           -            599 4187at5125           -            755   1.1e-24   85.4   1.0   1   2   1.7e-13   1.6e-11   41.8   0.1   338   485   288   437   278   442 0.80 transcriptional regulatory protein rco1 [Epichloe festucae Fl1]
QPG95744.1           -            599 4187at5125           -            755   1.1e-24   85.4   1.0   2   2   1.9e-13   1.8e-11   41.7   0.1   436   591   430   594   427   597 0.78 transcriptional regulatory protein rco1 [Epichloe festucae Fl1]
QPH09591.1           -            848 4187at5125           -            755   2.7e-24   84.1   9.2   1   2   1.2e-08   1.2e-06   25.8   0.2   135   220    51   137    45   139 0.92 hypothetical protein C2857_000476 [Epichloe festucae Fl1]
QPH09591.1           -            848 4187at5125           -            755   2.7e-24   84.1   9.2   2   2   4.4e-22   4.2e-20   70.2   3.9   360   588    71   296    70   330 0.85 hypothetical protein C2857_000476 [Epichloe festucae Fl1]
QPG99376.1           -           1530 4187at5125           -            755     4e-23   80.2  12.1   1   3     0.043         4    4.1   0.1   227   255   956   983   946   998 0.88 hypothetical protein C2857_001620 [Epichloe festucae Fl1]
QPG99376.1           -           1530 4187at5125           -            755     4e-23   80.2  12.1   2   3   1.7e-05    0.0016   15.4   0.8    73   216  1053  1199   993  1202 0.72 hypothetical protein C2857_001620 [Epichloe festucae Fl1]
QPG99376.1           -           1530 4187at5125           -            755     4e-23   80.2  12.1   3   3   4.4e-21   4.1e-19   66.9   2.2    82   267  1190  1378  1169  1439 0.84 hypothetical protein C2857_001620 [Epichloe festucae Fl1]
QPG98239.1           -            354 4187at5125           -            755   7.6e-23   79.3   0.6   1   3   6.8e-06   0.00063   16.7   0.0   431   534    60   150    50   156 0.82 hypothetical protein C2857_007407 [Epichloe festucae Fl1]
QPG98239.1           -            354 4187at5125           -            755   7.6e-23   79.3   0.6   2   3   8.5e-13     8e-11   39.5   0.2   108   215   157   263   149   274 0.88 hypothetical protein C2857_007407 [Epichloe festucae Fl1]
QPG98239.1           -            354 4187at5125           -            755   7.6e-23   79.3   0.6   3   3   2.3e-06   0.00021   18.3   0.0   433   493   281   341   267   349 0.88 hypothetical protein C2857_007407 [Epichloe festucae Fl1]
QPH02606.1           -            696 4187at5125           -            755   1.2e-22   78.6   3.0   1   3     6e-06   0.00056   16.9   0.0   187   245   370   429   352   440 0.81 hypothetical protein C2857_006819 [Epichloe festucae Fl1]
QPH02606.1           -            696 4187at5125           -            755   1.2e-22   78.6   3.0   2   3     3e-15   2.8e-13   47.6   0.7   102   266   449   611   434   612 0.89 hypothetical protein C2857_006819 [Epichloe festucae Fl1]
QPH02606.1           -            696 4187at5125           -            755   1.2e-22   78.6   3.0   3   3     4e-06   0.00037   17.5   0.1    92   170   604   681   602   695 0.81 hypothetical protein C2857_006819 [Epichloe festucae Fl1]
QPG93891.1           -           1221 4187at5125           -            755   6.7e-21   72.8   0.5   1   2   2.8e-14   2.6e-12   44.4   0.1    51   219     8   177     2   188 0.88 hypothetical protein C2857_003389 [Epichloe festucae Fl1]
QPG93891.1           -           1221 4187at5125           -            755   6.7e-21   72.8   0.5   2   2   1.2e-08   1.1e-06   25.8   0.0   457   623   197   359   186   375 0.73 hypothetical protein C2857_003389 [Epichloe festucae Fl1]
QPH15981.1           -            662 4187at5125           -            755   4.6e-19   66.8   4.3   1   3   1.5e-08   1.4e-06   25.5   0.0    90   173   311   392   281   400 0.77 Mitochondrial fission protein [Epichloe festucae Fl1]
QPH15981.1           -            662 4187at5125           -            755   4.6e-19   66.8   4.3   2   3   0.00046     0.043   10.7   0.0   145   181   445   479   430   490 0.64 Mitochondrial fission protein [Epichloe festucae Fl1]
QPH15981.1           -            662 4187at5125           -            755   4.6e-19   66.8   4.3   3   3   6.5e-10   6.1e-08   30.0   0.6   106   173   513   578   497   622 0.70 Mitochondrial fission protein [Epichloe festucae Fl1]
QPH00831.1           -            520 4187at5125           -            755   2.3e-18   64.5   5.8   1   3   3.6e-10   3.4e-08   30.8   0.0   392   484   249   341   192   344 0.80 hypothetical protein C2857_004859 [Epichloe festucae Fl1]
QPH00831.1           -            520 4187at5125           -            755   2.3e-18   64.5   5.8   2   3   6.2e-07   5.8e-05   20.2   0.8    98   189   331   426   331   433 0.80 hypothetical protein C2857_004859 [Epichloe festucae Fl1]
QPH00831.1           -            520 4187at5125           -            755   2.3e-18   64.5   5.8   3   3   3.5e-07   3.3e-05   21.0   3.8   432   560   377   519   377   520 0.78 hypothetical protein C2857_004859 [Epichloe festucae Fl1]
QPH05817.1           -            446 4187at5125           -            755   3.3e-17   60.7   5.0   1   2   2.8e-07   2.7e-05   21.3   0.3   154   212    80   138    63   148 0.86 hypothetical protein C2857_003830 [Epichloe festucae Fl1]
QPH05817.1           -            446 4187at5125           -            755   3.3e-17   60.7   5.0   2   2   2.4e-13   2.3e-11   41.4   0.6    78   262   172   364   153   379 0.74 hypothetical protein C2857_003830 [Epichloe festucae Fl1]
QPG98157.1           -            316 4187at5125           -            755   6.8e-17   59.6   2.8   1   4    0.0063      0.59    6.9   0.0   179   212    11    45     6    52 0.81 cross-pathway control WD-repeat protein cpc2 [Epichloe festucae Fl1]
QPG98157.1           -            316 4187at5125           -            755   6.8e-17   59.6   2.8   2   4   3.8e-06   0.00036   17.5   0.1   495   539    68   113    57   118 0.86 cross-pathway control WD-repeat protein cpc2 [Epichloe festucae Fl1]
QPG98157.1           -            316 4187at5125           -            755   6.8e-17   59.6   2.8   3   4   6.5e-10   6.1e-08   30.0   0.1   360   466   119   225   113   243 0.80 cross-pathway control WD-repeat protein cpc2 [Epichloe festucae Fl1]
QPG98157.1           -            316 4187at5125           -            755   6.8e-17   59.6   2.8   4   4     0.075         7    3.3   0.0    47   128   223   312   220   315 0.69 cross-pathway control WD-repeat protein cpc2 [Epichloe festucae Fl1]
QPG97279.1           -            319 4187at5125           -            755     8e-17   59.4   0.5   1   3   3.1e-08   2.9e-06   24.5   0.1   111   219     2   111     1   115 0.85 hypothetical protein C2857_006075 [Epichloe festucae Fl1]
QPG97279.1           -            319 4187at5125           -            755     8e-17   59.4   0.5   2   3     3e-07   2.8e-05   21.2   0.0    64   171   122   237   113   238 0.73 hypothetical protein C2857_006075 [Epichloe festucae Fl1]
QPG97279.1           -            319 4187at5125           -            755     8e-17   59.4   0.5   3   3   0.00025     0.024   11.5   0.0   431   537   205   310   200   316 0.77 hypothetical protein C2857_006075 [Epichloe festucae Fl1]
QPG93936.1           -            359 4187at5125           -            755   8.5e-17   59.3   4.4   1   2   1.2e-05    0.0012   15.9   0.1   178   255    66   144    44   170 0.80 Guanine nucleotide-binding protein subunit beta [Epichloe festucae Fl1]
QPG93936.1           -            359 4187at5125           -            755   8.5e-17   59.3   4.4   2   2   3.2e-10     3e-08   31.0   0.1   361   463   174   274   169   297 0.85 Guanine nucleotide-binding protein subunit beta [Epichloe festucae Fl1]
QPH02310.1           -            613 4187at5125           -            755   3.5e-16   57.3   1.0   1   3   1.8e-07   1.7e-05   21.9   0.0    92   211    84   202    78   209 0.88 pre-mRNA cleavage and polyadenylation factor (CPF) complex subunit [Epichloe festucae Fl1]
QPH02310.1           -            613 4187at5125           -            755   3.5e-16   57.3   1.0   2   3   1.2e-13   1.1e-11   42.4   0.3   400   579   142   312   140   315 0.92 pre-mRNA cleavage and polyadenylation factor (CPF) complex subunit [Epichloe festucae Fl1]
QPH02310.1           -            613 4187at5125           -            755   3.5e-16   57.3   1.0   3   3       0.1       9.5    2.9   0.0   431   461   369   399   360   409 0.79 pre-mRNA cleavage and polyadenylation factor (CPF) complex subunit [Epichloe festucae Fl1]
QPG98490.1           -            986 4187at5125           -            755   1.9e-15   54.8   0.0   1   2   1.6e-09   1.5e-07   28.7   0.0   344   460   337   450   335   457 0.64 hypothetical protein C2857_007661 [Epichloe festucae Fl1]
QPG98490.1           -            986 4187at5125           -            755   1.9e-15   54.8   0.0   2   2   5.9e-08   5.6e-06   23.5   0.0   400   497   512   607   496   613 0.88 hypothetical protein C2857_007661 [Epichloe festucae Fl1]
QPG94109.1           -            757 4187at5125           -            755   6.3e-15   53.1   2.5   1   2      0.99        92   -0.4   0.0   227   260   380   412   370   429 0.65 hypothetical protein C2857_004686 [Epichloe festucae Fl1]
QPG94109.1           -            757 4187at5125           -            755   6.3e-15   53.1   2.5   2   2   3.8e-15   3.5e-13   47.3   1.5   396   608   459   670   452   671 0.87 hypothetical protein C2857_004686 [Epichloe festucae Fl1]
QPH04824.1           -            497 4187at5125           -            755     5e-13   46.8   1.5   1   4   1.4e-05    0.0013   15.7   0.0    92   142    53   107    46   110 0.83 hypothetical protein C2857_002162 [Epichloe festucae Fl1]
QPH04824.1           -            497 4187at5125           -            755     5e-13   46.8   1.5   2   4       1.5   1.4e+02   -1.0   0.0   195   462   136   153   121   159 0.55 hypothetical protein C2857_002162 [Epichloe festucae Fl1]
QPH04824.1           -            497 4187at5125           -            755     5e-13   46.8   1.5   3   4   3.2e-07     3e-05   21.1   0.1    60   133   167   246   153   265 0.79 hypothetical protein C2857_002162 [Epichloe festucae Fl1]
QPH04824.1           -            497 4187at5125           -            755     5e-13   46.8   1.5   4   4     0.009      0.84    6.4   0.1   225   258   277   310   271   330 0.77 hypothetical protein C2857_002162 [Epichloe festucae Fl1]
QPH11122.1           -            307 4187at5125           -            755   9.4e-13   45.9   9.8   1   1   6.7e-14   6.2e-12   43.2   9.8   340   593     9   293     3   298 0.74 GTPase-activating protein S13 [Epichloe festucae Fl1]
QPG95801.1           -            520 4187at5125           -            755   3.6e-12   44.0   0.5   1   2     4e-11   3.8e-09   34.0   0.2    57   212   227   388   213   398 0.75 hypothetical protein C2857_002139 [Epichloe festucae Fl1]
QPG95801.1           -            520 4187at5125           -            755   3.6e-12   44.0   0.5   2   2    0.0025      0.23    8.2   0.0   113   211   463   520   405   520 0.62 hypothetical protein C2857_002139 [Epichloe festucae Fl1]
QPG93492.1           -            771 4187at5125           -            755   4.5e-12   43.7   1.4   1   2   2.3e-08   2.2e-06   24.9   0.2   432   592    14   180     8   197 0.74 hypothetical protein C2857_000181 [Epichloe festucae Fl1]
QPG93492.1           -            771 4187at5125           -            755   4.5e-12   43.7   1.4   2   2   3.9e-06   0.00036   17.5   0.1   317   394   217   290   205   322 0.79 hypothetical protein C2857_000181 [Epichloe festucae Fl1]
QPH17141.1           -            613 4187at5125           -            755   7.8e-12   42.9   5.7   1   2   1.5e-09   1.4e-07   28.8   3.9    28   212   316   503   312   513 0.86 hypothetical protein C2857_001932 [Epichloe festucae Fl1]
QPH17141.1           -            613 4187at5125           -            755   7.8e-12   42.9   5.7   2   2   2.2e-05    0.0021   15.0   0.0   114   212   487   588   486   592 0.80 hypothetical protein C2857_001932 [Epichloe festucae Fl1]
QPG93725.1           -           1255 4187at5125           -            755   1.2e-11   42.3   1.6   1   3    0.0059      0.55    7.0   0.0    96   128    21    53     3    69 0.83 hypothetical protein C2857_002042 [Epichloe festucae Fl1]
QPG93725.1           -           1255 4187at5125           -            755   1.2e-11   42.3   1.6   2   3    0.0035      0.33    7.7   0.1   429   491    81   146    65   166 0.69 hypothetical protein C2857_002042 [Epichloe festucae Fl1]
QPG93725.1           -           1255 4187at5125           -            755   1.2e-11   42.3   1.6   3   3   1.3e-08   1.2e-06   25.7   0.0   360   492   147   280   143   306 0.71 hypothetical protein C2857_002042 [Epichloe festucae Fl1]
QPG99317.1           -            329 4187at5125           -            755   2.1e-11   41.5   0.8   1   2   5.6e-09   5.3e-07   26.9   0.0   105   252    44   193    32   214 0.79 hypothetical protein C2857_001463 [Epichloe festucae Fl1]
QPG99317.1           -            329 4187at5125           -            755   2.1e-11   41.5   0.8   2   2   7.9e-05    0.0074   13.2   0.2    95   190   217   313   201   324 0.79 hypothetical protein C2857_001463 [Epichloe festucae Fl1]
QPG99436.1           -            544 4187at5125           -            755   3.3e-11   40.8   4.4   1   3       1.5   1.4e+02   -0.9   0.0   156   175   215   234   204   239 0.55 hypothetical protein C2857_001776 [Epichloe festucae Fl1]
QPG99436.1           -            544 4187at5125           -            755   3.3e-11   40.8   4.4   2   3   9.7e-07   9.1e-05   19.5   0.5   156   251   291   389   278   403 0.70 hypothetical protein C2857_001776 [Epichloe festucae Fl1]
QPG99436.1           -            544 4187at5125           -            755   3.3e-11   40.8   4.4   3   3   2.6e-07   2.5e-05   21.4   0.1    92   178   404   496   399   508 0.76 hypothetical protein C2857_001776 [Epichloe festucae Fl1]
QPG98105.1           -            337 4187at5125           -            755   6.2e-11   39.9   1.3   1   4   5.9e-07   5.6e-05   20.2   0.5   432   528     9    91     5    96 0.73 translation initiation factor eIF3 subunit [Epichloe festucae Fl1]
QPG98105.1           -            337 4187at5125           -            755   6.2e-11   39.9   1.3   2   4   0.00025     0.024   11.5   0.1   106   149    59   101    58   163 0.81 translation initiation factor eIF3 subunit [Epichloe festucae Fl1]
QPG98105.1           -            337 4187at5125           -            755   6.2e-11   39.9   1.3   3   4     0.016       1.5    5.6   0.0   156   235   162   243   151   271 0.80 translation initiation factor eIF3 subunit [Epichloe festucae Fl1]
QPG98105.1           -            337 4187at5125           -            755   6.2e-11   39.9   1.3   4   4    0.0032       0.3    7.9   0.0    92   134   281   323   267   330 0.87 translation initiation factor eIF3 subunit [Epichloe festucae Fl1]
QPH05348.1           -            424 4187at5125           -            755   1.7e-10   38.5   7.4   1   3   2.1e-07     2e-05   21.7   0.1   136   214    10    87     7    99 0.91 hypothetical protein C2857_003089 [Epichloe festucae Fl1]
QPH05348.1           -            424 4187at5125           -            755   1.7e-10   38.5   7.4   2   3   7.9e-06   0.00074   16.5   0.3   428   487   318   374   298   396 0.78 hypothetical protein C2857_003089 [Epichloe festucae Fl1]
QPH05348.1           -            424 4187at5125           -            755   1.7e-10   38.5   7.4   3   3     0.083       7.8    3.2   0.2   358   375   406   423   401   424 0.83 hypothetical protein C2857_003089 [Epichloe festucae Fl1]
QPH05369.1           -            358 4187at5125           -            755   9.2e-10   36.0   0.1   1   2   4.9e-10   4.6e-08   30.4   0.0    57   208    30   188    11   220 0.81 RNA export factor gle2 [Epichloe festucae Fl1]
QPH05369.1           -            358 4187at5125           -            755   9.2e-10   36.0   0.1   2   2     0.053         5    3.8   0.0   177   238   254   315   232   327 0.73 RNA export factor gle2 [Epichloe festucae Fl1]
QPG96870.1           -            439 4187at5125           -            755   1.1e-09   35.8   0.6   1   2    0.0097      0.91    6.3   0.0   172   214   181   224   159   234 0.78 Histone acetyltransferase type B subunit 2 [Epichloe festucae Fl1]
QPG96870.1           -            439 4187at5125           -            755   1.1e-09   35.8   0.6   2   2   2.3e-08   2.1e-06   24.9   0.7   403   492   255   350   230   431 0.68 Histone acetyltransferase type B subunit 2 [Epichloe festucae Fl1]
QPG96884.1           -            606 4187at5125           -            755   2.5e-09   34.6   2.9   1   4       4.7   4.5e+02   -2.6   0.1   400   420   178   198   173   215 0.79 hypothetical protein C2857_005425 [Epichloe festucae Fl1]
QPG96884.1           -            606 4187at5125           -            755   2.5e-09   34.6   2.9   2   4   5.1e-10   4.8e-08   30.4   0.6    89   212   237   360   234   367 0.94 hypothetical protein C2857_005425 [Epichloe festucae Fl1]
QPG96884.1           -            606 4187at5125           -            755   2.5e-09   34.6   2.9   3   4    0.0001    0.0098   12.8   0.1   341   428   326   426   323   434 0.62 hypothetical protein C2857_005425 [Epichloe festucae Fl1]
QPG96884.1           -            606 4187at5125           -            755   2.5e-09   34.6   2.9   4   4      0.21        20    1.9   0.0   146   172   464   490   458   503 0.75 hypothetical protein C2857_005425 [Epichloe festucae Fl1]
QPH04206.1           -            610 4187at5125           -            755   3.7e-09   34.0  15.0   1   4       0.2        19    1.9   0.0   135   169    55    89    22   126 0.77 hypothetical protein C2857_001030 [Epichloe festucae Fl1]
QPH04206.1           -            610 4187at5125           -            755   3.7e-09   34.0  15.0   2   4   0.00038     0.036   10.9   0.1   430   467   232   269   196   279 0.66 hypothetical protein C2857_001030 [Epichloe festucae Fl1]
QPH04206.1           -            610 4187at5125           -            755   3.7e-09   34.0  15.0   3   4    0.0078      0.73    6.6   0.6   155   209   342   395   323   402 0.68 hypothetical protein C2857_001030 [Epichloe festucae Fl1]
QPH04206.1           -            610 4187at5125           -            755   3.7e-09   34.0  15.0   4   4   1.9e-06   0.00017   18.6   2.3   113   253   459   606   405   609 0.53 hypothetical protein C2857_001030 [Epichloe festucae Fl1]
QPG94215.1           -            485 4187at5125           -            755   8.4e-09   32.9   2.0   1   2   4.3e-06    0.0004   17.4   0.1   495   559   261   335   246   353 0.83 hypothetical protein C2857_005394 [Epichloe festucae Fl1]
QPG94215.1           -            485 4187at5125           -            755   8.4e-09   32.9   2.0   2   2   2.8e-05    0.0026   14.7   0.2   154   212   360   426   352   429 0.81 hypothetical protein C2857_005394 [Epichloe festucae Fl1]
QPG96084.1           -            674 4187at5125           -            755   2.3e-08   31.4   4.0   1   2     4e-07   3.7e-05   20.8   1.8   112   219   415   521   382   531 0.88 hypothetical protein C2857_003127 [Epichloe festucae Fl1]
QPG96084.1           -            674 4187at5125           -            755   2.3e-08   31.4   4.0   2   2   0.00096      0.09    9.6   0.0   110   212   540   645   522   652 0.70 hypothetical protein C2857_003127 [Epichloe festucae Fl1]
QPH16824.1           -            387 4187at5125           -            755   1.7e-07   28.5   0.0   1   1   4.4e-09   4.1e-07   27.3   0.0   100   215    59   177    16   184 0.69 hypothetical protein C2857_001547 [Epichloe festucae Fl1]
QPG93493.1           -            353 4187at5125           -            755   1.9e-07   28.3   0.2   1   3   0.00053      0.05   10.4   0.0   130   253    14   142     7   156 0.68 hypothetical protein C2857_000188 [Epichloe festucae Fl1]
QPG93493.1           -            353 4187at5125           -            755   1.9e-07   28.3   0.2   2   3     0.011       1.1    6.1   0.2   115   214    87   200    87   210 0.59 hypothetical protein C2857_000188 [Epichloe festucae Fl1]
QPG93493.1           -            353 4187at5125           -            755   1.9e-07   28.3   0.2   3   3   0.00022     0.021   11.7   0.0   427   465   301   339   266   349 0.70 hypothetical protein C2857_000188 [Epichloe festucae Fl1]
QPG93764.1           -            509 4187at5125           -            755   3.9e-07   27.3   6.7   1   5       7.7   7.2e+02   -3.3   0.0   508   539    43    75    39    79 0.76 hypothetical protein C2857_002302 [Epichloe festucae Fl1]
QPG93764.1           -            509 4187at5125           -            755   3.9e-07   27.3   6.7   2   5     0.012       1.1    6.0   0.0   180   460   170   200   161   236 0.58 hypothetical protein C2857_002302 [Epichloe festucae Fl1]
QPG93764.1           -            509 4187at5125           -            755   3.9e-07   27.3   6.7   3   5   5.1e-07   4.8e-05   20.4   0.1   437   487   238   291   232   316 0.79 hypothetical protein C2857_002302 [Epichloe festucae Fl1]
QPG93764.1           -            509 4187at5125           -            755   3.9e-07   27.3   6.7   4   5       1.5   1.4e+02   -0.9   0.0   431   461   367   397   356   414 0.73 hypothetical protein C2857_002302 [Epichloe festucae Fl1]
QPG93764.1           -            509 4187at5125           -            755   3.9e-07   27.3   6.7   5   5       6.5   6.1e+02   -3.1   0.0   113   128   480   495   473   499 0.71 hypothetical protein C2857_002302 [Epichloe festucae Fl1]
QPH17561.1           -            659 4187at5125           -            755   5.1e-07   26.9   0.1   1   3       7.2   6.7e+02   -3.2   0.0   227   255   251   279   241   284 0.80 hypothetical protein C2857_002422 [Epichloe festucae Fl1]
QPH17561.1           -            659 4187at5125           -            755   5.1e-07   26.9   0.1   2   3   3.4e-08   3.1e-06   24.3   0.0   147   255   359   473   340   492 0.83 hypothetical protein C2857_002422 [Epichloe festucae Fl1]
QPH17561.1           -            659 4187at5125           -            755   5.1e-07   26.9   0.1   3   3       1.4   1.3e+02   -0.9   0.0   155   171   542   558   512   569 0.61 hypothetical protein C2857_002422 [Epichloe festucae Fl1]
QPG95192.1           -            345 4187at5125           -            755   1.1e-06   25.9   0.1   1   2   2.3e-06   0.00022   18.3   0.0   102   299    18   241     4   265 0.65 hypothetical protein C2857_007810 [Epichloe festucae Fl1]
QPG95192.1           -            345 4187at5125           -            755   1.1e-06   25.9   0.1   2   2     0.019       1.8    5.3   0.0   225   252   315   342   312   345 0.92 hypothetical protein C2857_007810 [Epichloe festucae Fl1]
QPH01566.1           -            610 4187at5125           -            755   1.6e-06   25.3   0.8   1   1   1.2e-07   1.1e-05   22.5   0.3    95   182   133   220   124   244 0.75 Coronin-like protein crn1 [Epichloe festucae Fl1]
QPH12170.1           -           1557 4187at5125           -            755   1.7e-06   25.3   1.5   1   3   0.00056     0.053   10.4   0.1    93   170  1110  1194  1104  1203 0.70 hypothetical protein C2857_004263 [Epichloe festucae Fl1]
QPH12170.1           -           1557 4187at5125           -            755   1.7e-06   25.3   1.5   2   3    0.0014      0.13    9.1   0.1    80   175  1248  1347  1218  1365 0.68 hypothetical protein C2857_004263 [Epichloe festucae Fl1]
QPH12170.1           -           1557 4187at5125           -            755   1.7e-06   25.3   1.5   3   3      0.12        11    2.7   0.0   493   529  1406  1442  1353  1445 0.72 hypothetical protein C2857_004263 [Epichloe festucae Fl1]
QPG94935.1           -           1043 4187at5125           -            755   2.2e-06   24.8   1.5   1   3       8.5   7.9e+02   -3.4   0.0   116   134   199   217   187   232 0.72 hypothetical protein C2857_007357 [Epichloe festucae Fl1]
QPG94935.1           -           1043 4187at5125           -            755   2.2e-06   24.8   1.5   2   3      0.46        43    0.8   0.0    55    94   540   579   531   595 0.86 hypothetical protein C2857_007357 [Epichloe festucae Fl1]
QPG94935.1           -           1043 4187at5125           -            755   2.2e-06   24.8   1.5   3   3   2.8e-07   2.6e-05   21.3   0.3    98   214   622   739   613   759 0.87 hypothetical protein C2857_007357 [Epichloe festucae Fl1]
QPG95955.1           -            469 4187at5125           -            755   3.1e-06   24.4   0.6   1   2   3.5e-07   3.3e-05   21.0   0.0   101   172    26    97    12   106 0.73 hypothetical protein C2857_002693 [Epichloe festucae Fl1]
QPG95955.1           -            469 4187at5125           -            755   3.1e-06   24.4   0.6   2   2      0.34        32    1.2   0.1    60    87   216   243   178   368 0.69 hypothetical protein C2857_002693 [Epichloe festucae Fl1]
QPH00810.1           -            645 4187at5125           -            755   3.1e-06   24.4   0.0   1   1   6.7e-08   6.3e-06   23.4   0.0   404   472   106   176    99   267 0.68 hypothetical protein C2857_004808 [Epichloe festucae Fl1]
QPG95055.1           -            885 4187at5125           -            755   3.1e-06   24.3   1.4   1   2   5.2e-08   4.9e-06   23.7   0.3   109   211   195   304   143   343 0.79 hypothetical protein C2857_007557 [Epichloe festucae Fl1]
QPG95055.1           -            885 4187at5125           -            755   3.1e-06   24.3   1.4   2   2       4.2     4e+02   -2.4   0.0   190   222   366   401   359   421 0.73 hypothetical protein C2857_007557 [Epichloe festucae Fl1]
QPH10865.1           -            893 4187at5125           -            755   4.6e-06   23.8   6.0   1   3   6.9e-06   0.00065   16.7   0.1    91   209    30   149    23   154 0.57 hypothetical protein C2857_002372 [Epichloe festucae Fl1]
QPH10865.1           -            893 4187at5125           -            755   4.6e-06   23.8   6.0   2   3    0.0061      0.57    7.0   0.2   106   189   231   326   222   329 0.54 hypothetical protein C2857_002372 [Epichloe festucae Fl1]
QPH10865.1           -            893 4187at5125           -            755   4.6e-06   23.8   6.0   3   3     0.047       4.4    4.0   0.2   404   475   291   361   265   425 0.57 hypothetical protein C2857_002372 [Epichloe festucae Fl1]
QPG94575.1           -           1251 4187at5125           -            755   8.7e-06   22.9   0.1   1   2   2.4e-05    0.0023   14.9   0.0   111   213   134   244   110   248 0.70 protein transport protein S31 [Epichloe festucae Fl1]
QPG94575.1           -           1251 4187at5125           -            755   8.7e-06   22.9   0.1   2   2     0.011       1.1    6.1   0.0   418   498   241   325   235   335 0.54 protein transport protein S31 [Epichloe festucae Fl1]
QPG94846.1           -            351 4187at5125           -            755   1.1e-05   22.6   0.1   1   2   0.00014     0.013   12.3   0.0   154   255    73   177    34   184 0.78 hypothetical protein C2857_007143 [Epichloe festucae Fl1]
QPG94846.1           -            351 4187at5125           -            755   1.1e-05   22.6   0.1   2   2    0.0025      0.24    8.2   0.0   396   475   216   298   199   341 0.71 hypothetical protein C2857_007143 [Epichloe festucae Fl1]
QPG96246.1           -           1482 4187at5125           -            755   1.3e-05   22.4   1.7   1   1   1.9e-07   1.8e-05   21.8   1.0   111   211   142   245   109   249 0.83 hypothetical protein C2857_003637 [Epichloe festucae Fl1]
QPG96947.1           -            472 4187at5125           -            755   1.7e-05   21.9   6.0   1   3    0.0039      0.37    7.6   0.0   431   462   210   241   201   249 0.89 ribosome bioproteinsis protein ytm1 [Epichloe festucae Fl1]
QPG96947.1           -            472 4187at5125           -            755   1.7e-05   21.9   6.0   2   3      0.36        34    1.1   0.1   432   462   283   314   270   327 0.72 ribosome bioproteinsis protein ytm1 [Epichloe festucae Fl1]
QPG96947.1           -            472 4187at5125           -            755   1.7e-05   21.9   6.0   3   3    0.0028      0.26    8.1   0.2   313   378   336   403   289   422 0.51 ribosome bioproteinsis protein ytm1 [Epichloe festucae Fl1]
QPG97703.1           -            749 4187at5125           -            755   1.8e-05   21.9   0.1   1   3       2.5   2.3e+02   -1.7   0.1   420   457   202   241   198   255 0.79 hypothetical protein C2857_006736 [Epichloe festucae Fl1]
QPG97703.1           -            749 4187at5125           -            755   1.8e-05   21.9   0.1   2   3   1.9e-07   1.8e-05   21.9   0.1   450   519   497   568   489   576 0.86 hypothetical protein C2857_006736 [Epichloe festucae Fl1]
QPG97703.1           -            749 4187at5125           -            755   1.8e-05   21.9   0.1   3   3       5.9   5.5e+02   -2.9   0.0   541   568   647   674   642   692 0.66 hypothetical protein C2857_006736 [Epichloe festucae Fl1]
QPG99060.1           -            773 4187at5125           -            755   2.4e-05   21.4   1.1   1   3   0.00067     0.063   10.1   0.1   341   381   428   470   422   490 0.78 Ribosome bioproteinsis protein erb1 [Epichloe festucae Fl1]
QPG99060.1           -            773 4187at5125           -            755   2.4e-05   21.4   1.1   2   3    0.0045      0.42    7.4   0.0   404   461   660   718   646   732 0.86 Ribosome bioproteinsis protein erb1 [Epichloe festucae Fl1]
QPG99060.1           -            773 4187at5125           -            755   2.4e-05   21.4   1.1   3   3       1.5   1.4e+02   -1.0   0.1   340   373   735   772   726   773 0.67 Ribosome bioproteinsis protein erb1 [Epichloe festucae Fl1]
QPG94213.1           -           1001 4187at5125           -            755     3e-05   21.1   0.1   1   2   0.00013     0.012   12.5   0.0   444   537   286   381   262   387 0.72 hypothetical protein C2857_005390 [Epichloe festucae Fl1]
QPG94213.1           -           1001 4187at5125           -            755     3e-05   21.1   0.1   2   2   1.3e-05    0.0012   15.8   0.0   403   485   346   427   330   436 0.78 hypothetical protein C2857_005390 [Epichloe festucae Fl1]
QPG96100.1           -            711 4187at5125           -            755   4.6e-05   20.5   0.0   1   2     0.011      0.99    6.2   0.0   155   210    29    90    14    96 0.64 hypothetical protein C2857_003176 [Epichloe festucae Fl1]
QPG96100.1           -            711 4187at5125           -            755   4.6e-05   20.5   0.0   2   2   0.00017     0.016   12.1   0.0    49   129   114   193    98   212 0.86 hypothetical protein C2857_003176 [Epichloe festucae Fl1]
QPH10627.1           -           1033 4187at5125           -            755   5.6e-05   20.2   4.4   1   4    0.0026      0.24    8.2   0.3   114   222    32   168    20   169 0.61 HIR complex subunit [Epichloe festucae Fl1]
QPH10627.1           -           1033 4187at5125           -            755   5.6e-05   20.2   4.4   2   4    0.0087      0.81    6.4   0.0   431   461   169   199   165   202 0.92 HIR complex subunit [Epichloe festucae Fl1]
QPH10627.1           -           1033 4187at5125           -            755   5.6e-05   20.2   4.4   3   4     0.055       5.1    3.8   0.0   448   521   313   330   268   386 0.54 HIR complex subunit [Epichloe festucae Fl1]
QPH10627.1           -           1033 4187at5125           -            755   5.6e-05   20.2   4.4   4   4       8.7   8.2e+02   -3.5   0.0   104   130   691   717   687   758 0.55 HIR complex subunit [Epichloe festucae Fl1]
QPG93687.1           -            550 4187at5125           -            755   9.6e-05   19.4   0.0   1   1   1.4e-06   0.00013   19.0   0.0   112   216   224   328   178   362 0.88 hypothetical protein C2857_001718 [Epichloe festucae Fl1]
QPG96732.1           -            437 4187at5125           -            755   0.00013   19.0   0.0   1   2   8.6e-06    0.0008   16.4   0.0   110   219    95   215    50   267 0.73 hypothetical protein C2857_005119 [Epichloe festucae Fl1]
QPG96732.1           -            437 4187at5125           -            755   0.00013   19.0   0.0   2   2      0.87        82   -0.2   0.0   102   128   284   310   250   318 0.71 hypothetical protein C2857_005119 [Epichloe festucae Fl1]
QPH06549.1           -            203 4187at5125           -            755   0.00017   18.6   0.0   1   1   2.7e-06   0.00025   18.1   0.0    59   169    59   163    17   185 0.66 hypothetical protein C2857_005089 [Epichloe festucae Fl1]
QPH09932.1           -            474 4187at5125           -            755   0.00018   18.5   0.0   1   1   5.2e-06   0.00049   17.1   0.0   114   211    80   184    72   199 0.75 hypothetical protein C2857_001002 [Epichloe festucae Fl1]
QPG94480.1           -            566 4187at5125           -            755   0.00018   18.5   0.0   1   1   3.5e-06   0.00032   17.7   0.0    48   171   327   457   312   463 0.83 hypothetical protein C2857_006165 [Epichloe festucae Fl1]
QPG93487.1           -            685 4187at5125           -            755   0.00049   17.1   0.8   1   4       1.3   1.2e+02   -0.7   0.0    96   127   113   144    97   158 0.85 hypothetical protein C2857_000153 [Epichloe festucae Fl1]
QPG93487.1           -            685 4187at5125           -            755   0.00049   17.1   0.8   2   4   0.00063     0.059   10.2   0.0   146   214   199   269   193   278 0.84 hypothetical protein C2857_000153 [Epichloe festucae Fl1]
QPG93487.1           -            685 4187at5125           -            755   0.00049   17.1   0.8   3   4      0.27        25    1.5   0.0   156   214   515   576   503   581 0.73 hypothetical protein C2857_000153 [Epichloe festucae Fl1]
QPG93487.1           -            685 4187at5125           -            755   0.00049   17.1   0.8   4   4      0.74        69    0.1   0.0    59   105   594   637   585   654 0.82 hypothetical protein C2857_000153 [Epichloe festucae Fl1]
QPG97474.1           -           1041 4187at5125           -            755    0.0005   17.0   0.5   1   3     0.032         3    4.6   0.0   407   469   508   576   497   580 0.72 hypothetical protein C2857_006380 [Epichloe festucae Fl1]
QPG97474.1           -           1041 4187at5125           -            755    0.0005   17.0   0.5   2   3      0.22        20    1.8   0.0   111   131   731   751   637   761 0.78 hypothetical protein C2857_006380 [Epichloe festucae Fl1]
QPG97474.1           -           1041 4187at5125           -            755    0.0005   17.0   0.5   3   3    0.0061      0.57    7.0   0.0   109   190   785   865   772   870 0.76 hypothetical protein C2857_006380 [Epichloe festucae Fl1]
QPG94472.1           -            642 4187at5125           -            755    0.0011   15.9   0.0   1   1   1.7e-05    0.0016   15.4   0.0   107   238   210   345   200   355 0.77 hypothetical protein C2857_006145 [Epichloe festucae Fl1]
QPG95021.1           -            348 4187at5125           -            755    0.0012   15.8   0.1   1   3       3.3   3.1e+02   -2.1   0.0   444   486    27    71    16    93 0.69 hypothetical protein C2857_007513 [Epichloe festucae Fl1]
QPG95021.1           -            348 4187at5125           -            755    0.0012   15.8   0.1   2   3     0.059       5.5    3.7   0.1   177   210    95   128    75   144 0.83 hypothetical protein C2857_007513 [Epichloe festucae Fl1]
QPG95021.1           -            348 4187at5125           -            755    0.0012   15.8   0.1   3   3    0.0012      0.12    9.2   0.0   144   196   255   307   248   313 0.87 hypothetical protein C2857_007513 [Epichloe festucae Fl1]
QPG99543.1           -            362 4187at5125           -            755    0.0061   13.5   0.3   1   2   0.00031     0.029   11.2   0.1   312   374    21    82    10   178 0.78 hypothetical protein C2857_002024 [Epichloe festucae Fl1]
QPG99543.1           -            362 4187at5125           -            755    0.0061   13.5   0.3   2   2       3.3   3.1e+02   -2.1   0.0   519   554   330   361   298   362 0.68 hypothetical protein C2857_002024 [Epichloe festucae Fl1]
QPG97402.1           -           1402 4187at5125           -            755     0.011   12.7   1.4   1   2    0.0045      0.42    7.4   0.3   497   579  1190  1280  1129  1289 0.73 hypothetical protein C2857_006263 [Epichloe festucae Fl1]
QPG97402.1           -           1402 4187at5125           -            755     0.011   12.7   1.4   2   2     0.054         5    3.8   0.0   406   464  1287  1345  1283  1353 0.64 hypothetical protein C2857_006263 [Epichloe festucae Fl1]
QPH01873.1           -           1053 4187at5125           -            755     0.011   12.6   0.0   1   1   0.00022      0.02   11.8   0.0   139   214   160   236   147   239 0.86 hypothetical protein C2857_006076 [Epichloe festucae Fl1]
QPH10156.1           -            457 4187at5125           -            755     0.028   11.3   0.1   1   3       1.2   1.1e+02   -0.6   0.0   285   321    24    61     7    74 0.81 autophagy- protein [Epichloe festucae Fl1]
QPH10156.1           -            457 4187at5125           -            755     0.028   11.3   0.1   2   3       9.3   8.8e+02   -3.6   0.0    18    71    82   135    67   139 0.77 autophagy- protein [Epichloe festucae Fl1]
QPH10156.1           -            457 4187at5125           -            755     0.028   11.3   0.1   3   3    0.0017      0.16    8.8   0.0    86   141   177   233   153   267 0.65 autophagy- protein [Epichloe festucae Fl1]
QPH00449.1           -            727 4187at5125           -            755     0.038   10.8   0.0   1   1   0.00053      0.05   10.5   0.0   124   237   534   657   452   671 0.74 hypothetical protein C2857_004052 [Epichloe festucae Fl1]
#
# Program:         hmmsearch
# Version:         3.1b2 (February 2015)
# Pipeline mode:   SEARCH
# Query file:      /home/zack/funannotate_db/hypocreales_odb10/hmms/4187at5125.hmm
# Target file:     /home/zack/Desktop/IsariaPreferralGenome/MyGenomeSubmittedToNCBI/HypocrealesProteinSets/Epichloefestucae_Fl1_Proteins.faa
# Option settings: hmmsearch --domtblout /home/zack/Desktop/IsariaPreferralGenome/MyGenomeSubmittedToNCBI/HypocrealesProteinSets/BUSCO_AA_all/BUSCO_AA_Efestucae_Fl1/run_hypocreales_odb10/hmmer_output/initial_run_results/4187at5125.out --cpu 1 /home/zack/funannotate_db/hypocreales_odb10/hmms/4187at5125.hmm /home/zack/Desktop/IsariaPreferralGenome/MyGenomeSubmittedToNCBI/HypocrealesProteinSets/Epichloefestucae_Fl1_Proteins.faa 
# Current dir:     /home/zack/Desktop/IsariaPreferralGenome/MyGenomeSubmittedToNCBI/HypocrealesProteinSets/BUSCO_AA_all
# Date:            Mon Mar  4 15:18:10 2024
# [ok]
