#                                                                            --- full sequence --- -------------- this domain -------------   hmm coord   ali coord   env coord
# target name        accession   tlen query name           accession   qlen   E-value  score  bias   #  of  c-Evalue  i-Evalue  score  bias  from    to  from    to  from    to  acc description of target
#------------------- ---------- ----- -------------------- ---------- ----- --------- ------ ----- --- --- --------- --------- ------ ----- ----- ----- ----- ----- ----- ----- ---- ---------------------
QPH16198.1           -            240 42382at5125          -            190   5.4e-90  298.6   0.0   1   1   3.4e-92     3e-89  296.1   0.0     1   190    12   234    12   234 0.89 hypothetical protein C2857_000776 [Epichloe festucae Fl1]
QPH11054.1           -            299 42382at5125          -            190   1.1e-14   52.9   0.0   1   2   1.1e-12   9.6e-10   36.8   0.0     4   128    20   168    18   178 0.74 hypothetical protein C2857_002621 [Epichloe festucae Fl1]
QPH11054.1           -            299 42382at5125          -            190   1.1e-14   52.9   0.0   2   2   1.7e-05     0.015   13.4   0.0   139   189   227   289   214   290 0.82 hypothetical protein C2857_002621 [Epichloe festucae Fl1]
QPG97229.1           -            346 42382at5125          -            190   2.2e-12   45.4   0.1   1   2   2.7e-12   2.4e-09   35.5   0.0     3   109    71   201    69   212 0.72 hypothetical protein C2857_005994 [Epichloe festucae Fl1]
QPG97229.1           -            346 42382at5125          -            190   2.2e-12   45.4   0.1   2   2    0.0011      0.95    7.5   0.0   127   159   246   280   238   299 0.80 hypothetical protein C2857_005994 [Epichloe festucae Fl1]
QPH05546.1           -            265 42382at5125          -            190   9.7e-11   40.1   0.1   1   2   3.7e-12   3.2e-09   35.1   0.0    18   130     2   140     1   189 0.74 hypothetical protein C2857_003405 [Epichloe festucae Fl1]
QPH05546.1           -            265 42382at5125          -            190   9.7e-11   40.1   0.1   2   2      0.03        26    2.8   0.0   145   169   208   232   171   257 0.62 hypothetical protein C2857_003405 [Epichloe festucae Fl1]
QPG94045.1           -            326 42382at5125          -            190   2.9e-10   38.5   0.0   1   1   2.9e-11   2.6e-08   32.2   0.0    11   162    78   270    68   310 0.70 hypothetical protein C2857_004293 [Epichloe festucae Fl1]
QPH12040.1           -            432 42382at5125          -            190     0.018   13.1   0.0   1   1   4.1e-05     0.036   12.1   0.0    87   110   212   235   200   241 0.86 hypothetical protein C2857_004069 [Epichloe festucae Fl1]
QPG98950.1           -            303 42382at5125          -            190      0.03   12.4   0.0   1   1   5.4e-05     0.047   11.7   0.0    76   109    88   122    65   150 0.84 hypothetical protein C2857_000485 [Epichloe festucae Fl1]
QPG95211.1           -            386 42382at5125          -            190     0.031   12.3   0.0   1   1   7.5e-05     0.066   11.3   0.0    70   108   171   209   156   242 0.81 hypothetical protein C2857_007843 [Epichloe festucae Fl1]
#
# Program:         hmmsearch
# Version:         3.1b2 (February 2015)
# Pipeline mode:   SEARCH
# Query file:      /home/zack/funannotate_db/hypocreales_odb10/hmms/42382at5125.hmm
# Target file:     /home/zack/Desktop/IsariaPreferralGenome/MyGenomeSubmittedToNCBI/HypocrealesProteinSets/Epichloefestucae_Fl1_Proteins.faa
# Option settings: hmmsearch --domtblout /home/zack/Desktop/IsariaPreferralGenome/MyGenomeSubmittedToNCBI/HypocrealesProteinSets/BUSCO_AA_all/BUSCO_AA_Efestucae_Fl1/run_hypocreales_odb10/hmmer_output/initial_run_results/42382at5125.out --cpu 1 /home/zack/funannotate_db/hypocreales_odb10/hmms/42382at5125.hmm /home/zack/Desktop/IsariaPreferralGenome/MyGenomeSubmittedToNCBI/HypocrealesProteinSets/Epichloefestucae_Fl1_Proteins.faa 
# Current dir:     /home/zack/Desktop/IsariaPreferralGenome/MyGenomeSubmittedToNCBI/HypocrealesProteinSets/BUSCO_AA_all
# Date:            Mon Mar  4 15:17:57 2024
# [ok]
