#                                                                            --- full sequence --- -------------- this domain -------------   hmm coord   ali coord   env coord
# target name        accession   tlen query name           accession   qlen   E-value  score  bias   #  of  c-Evalue  i-Evalue  score  bias  from    to  from    to  from    to  acc description of target
#------------------- ---------- ----- -------------------- ---------- ----- --------- ------ ----- --- --- --------- --------- ------ ----- ----- ----- ----- ----- ----- ----- ---- ---------------------
QPG96012.1           -            432 45616at5125          -            326  2.8e-164  544.4  13.4   1   2  5.4e-160  2.9e-157  521.4   7.7     1   314     1   371     1   386 0.86 hypothetical protein C2857_002892 [Epichloe festucae Fl1]
QPG96012.1           -            432 45616at5125          -            326  2.8e-164  544.4  13.4   2   2   8.6e-09   4.6e-06   24.5   0.3   286   321   387   431   376   432 0.76 hypothetical protein C2857_002892 [Epichloe festucae Fl1]
QPH06128.1           -            521 45616at5125          -            326   2.5e-13   48.4   3.6   1   2       1.1   6.1e+02   -2.2   0.0    33    71   199   237   173   251 0.60 hypothetical protein C2857_004379 [Epichloe festucae Fl1]
QPH06128.1           -            521 45616at5125          -            326   2.5e-13   48.4   3.6   2   2   1.2e-15   6.8e-13   46.9   3.5   155   249   322   415   302   436 0.75 hypothetical protein C2857_004379 [Epichloe festucae Fl1]
QPH18805.1           -            817 45616at5125          -            326     4e-13   47.7   0.7   1   1   1.5e-15   8.1e-13   46.7   0.7   204   250   675   722   669   744 0.85 hypothetical protein C2857_003905 [Epichloe festucae Fl1]
QPH18386.1           -            609 45616at5125          -            326   7.2e-08   30.4   0.4   1   1   2.5e-10   1.4e-07   29.5   0.4   203   248   367   413   358   443 0.86 hypothetical protein C2857_003407 [Epichloe festucae Fl1]
QPH12029.1           -            597 45616at5125          -            326   1.4e-05   22.9   0.2   1   2   2.5e-08   1.4e-05   22.9   0.2   201   247   357   402   310   421 0.84 hypothetical protein C2857_004056 [Epichloe festucae Fl1]
QPH12029.1           -            597 45616at5125          -            326   1.4e-05   22.9   0.2   2   2       2.1   1.2e+03   -3.1   0.1   132   151   504   523   474   555 0.74 hypothetical protein C2857_004056 [Epichloe festucae Fl1]
QPG94417.1           -            203 45616at5125          -            326     3e-05   21.8   1.6   1   1   8.6e-08   4.7e-05   21.2   1.6   201   254   129   185   124   200 0.79 hypothetical protein C2857_005948 [Epichloe festucae Fl1]
QPH17265.1           -            816 45616at5125          -            326   0.00014   19.6   0.3   1   1   5.2e-07   0.00028   18.6   0.3   219   261   374   415   327   430 0.79 hypothetical protein C2857_002081 [Epichloe festucae Fl1]
QPG95902.1           -             96 45616at5125          -            326    0.0014   16.3   5.6   1   1   3.1e-06    0.0017   16.1   5.6   213   249    43    81    20    94 0.73 hypothetical protein C2857_002466 [Epichloe festucae Fl1]
QPH04059.1           -            227 45616at5125          -            326    0.0021   15.8   0.3   1   2       1.9     1e+03   -3.0   0.1    25    35   161   171   137   186 0.45 hypothetical protein C2857_000695 [Epichloe festucae Fl1]
QPH04059.1           -            227 45616at5125          -            326    0.0021   15.8   0.3   2   2   3.8e-06    0.0021   15.8   0.3   220   249   198   227   192   227 0.90 hypothetical protein C2857_000695 [Epichloe festucae Fl1]
QPH00936.1           -            371 45616at5125          -            326     0.003   15.2   0.2   1   1   7.2e-06    0.0039   14.9   0.2   202   248   317   359   241   367 0.85 hypothetical protein C2857_005058 [Epichloe festucae Fl1]
QPG93649.1           -           1327 45616at5125          -            326    0.0048   14.6   0.0   1   1   2.3e-05     0.013   13.2   0.0   197   228  1236  1268  1189  1275 0.74 hypothetical protein C2857_001392 [Epichloe festucae Fl1]
QPG95754.1           -            112 45616at5125          -            326     0.009   13.7   6.4   1   1   3.3e-05     0.018   12.7   6.3   221   249    78   105    32   110 0.85 RING-box protein 1 [Epichloe festucae Fl1]
QPG95603.1           -            576 45616at5125          -            326     0.027   12.1   1.8   1   1   8.9e-05     0.048   11.3   1.8   199   247   361   412   352   446 0.84 hypothetical protein C2857_001356 [Epichloe festucae Fl1]
#
# Program:         hmmsearch
# Version:         3.1b2 (February 2015)
# Pipeline mode:   SEARCH
# Query file:      /home/zack/funannotate_db/hypocreales_odb10/hmms/45616at5125.hmm
# Target file:     /home/zack/Desktop/IsariaPreferralGenome/MyGenomeSubmittedToNCBI/HypocrealesProteinSets/Epichloefestucae_Fl1_Proteins.faa
# Option settings: hmmsearch --domtblout /home/zack/Desktop/IsariaPreferralGenome/MyGenomeSubmittedToNCBI/HypocrealesProteinSets/BUSCO_AA_all/BUSCO_AA_Efestucae_Fl1/run_hypocreales_odb10/hmmer_output/initial_run_results/45616at5125.out --cpu 1 /home/zack/funannotate_db/hypocreales_odb10/hmms/45616at5125.hmm /home/zack/Desktop/IsariaPreferralGenome/MyGenomeSubmittedToNCBI/HypocrealesProteinSets/Epichloefestucae_Fl1_Proteins.faa 
# Current dir:     /home/zack/Desktop/IsariaPreferralGenome/MyGenomeSubmittedToNCBI/HypocrealesProteinSets/BUSCO_AA_all
# Date:            Mon Mar  4 15:18:10 2024
# [ok]
