#                                                                            --- full sequence --- -------------- this domain -------------   hmm coord   ali coord   env coord
# target name        accession   tlen query name           accession   qlen   E-value  score  bias   #  of  c-Evalue  i-Evalue  score  bias  from    to  from    to  from    to  acc description of target
#------------------- ---------- ----- -------------------- ---------- ----- --------- ------ ----- --- --- --------- --------- ------ ----- ----- ----- ----- ----- ----- ----- ---- ---------------------
QPG97815.1           -            205 50581at5125          -            122   2.3e-77  256.0   0.4   1   2   9.7e-79     4e-76  252.0   0.1     1   116    59   174    59   182 0.94 Ubiquitin-conjugating enzyme E2 8 [Epichloe festucae Fl1]
QPG97815.1           -            205 50581at5125          -            122   2.3e-77  256.0   0.4   2   2      0.16        64    2.7   0.1   109   122   192   205   175   205 0.77 Ubiquitin-conjugating enzyme E2 8 [Epichloe festucae Fl1]
QPG94117.1           -            317 50581at5125          -            122   1.8e-22   78.8   0.0   1   1     7e-25   2.9e-22   78.1   0.0     1   107   131   236   131   245 0.93 hypothetical protein C2857_004768 [Epichloe festucae Fl1]
QPG96252.1           -            150 50581at5125          -            122   1.9e-22   78.7   0.0   1   1   5.7e-25   2.4e-22   78.4   0.0     2   107    45   148    44   150 0.95 Ubiquitin-conjugating enzyme E2 35 [Epichloe festucae Fl1]
QPG94010.1           -            147 50581at5125          -            122   5.4e-21   74.0   0.1   1   1   1.6e-23   6.6e-21   73.7   0.1     2   106    44   146    43   147 0.94 Ubiquitin-conjugating enzyme E2 1 [Epichloe festucae Fl1]
QPG94865.1           -            151 50581at5125          -            122   8.2e-20   70.2   0.0   1   1   2.7e-22   1.1e-19   69.7   0.0     1   104    46   147    46   150 0.95 Ubiquitin-conjugating enzyme E2 2 [Epichloe festucae Fl1]
QPG96605.1           -            157 50581at5125          -            122   6.4e-17   60.8   0.0   1   1   1.9e-19   7.9e-17   60.5   0.0     2   103    51   152    50   156 0.91 SUMO conjugating enzyme Hus5 [Epichloe festucae Fl1]
QPG95874.1           -            180 50581at5125          -            122   1.9e-16   59.3   0.0   1   1   6.7e-19   2.8e-16   58.8   0.0     1    98    75   170    75   175 0.90 hypothetical protein C2857_002356 [Epichloe festucae Fl1]
QPH01655.1           -            177 50581at5125          -            122   1.8e-15   56.2   0.0   1   1   5.9e-18   2.4e-15   55.7   0.0     3    87    68   151    66   161 0.94 hypothetical protein C2857_005858 [Epichloe festucae Fl1]
QPG98888.1           -            383 50581at5125          -            122   1.4e-14   53.2   0.0   1   1     6e-17   2.5e-14   52.5   0.0     2   107   267   373   266   378 0.92 hypothetical protein C2857_000283 [Epichloe festucae Fl1]
QPG96427.1           -            166 50581at5125          -            122   1.7e-11   43.3   0.2   1   1   3.2e-13   1.3e-10   40.5   0.2     1   104    48   162    48   164 0.82 Ubiquitin-conjugating enzyme E2 7 [Epichloe festucae Fl1]
QPH11799.1           -            194 50581at5125          -            122   9.3e-11   40.9   0.0   1   1   3.1e-13   1.3e-10   40.5   0.0     4    98    78   170    75   184 0.84 hypothetical protein C2857_003712 [Epichloe festucae Fl1]
QPH00234.1           -            466 50581at5125          -            122     2e-07   30.2   0.1   1   2   3.6e-06    0.0015   17.7   0.0     1    48    75   126    75   189 0.73 hypothetical protein C2857_003606 [Epichloe festucae Fl1]
QPH00234.1           -            466 50581at5125          -            122     2e-07   30.2   0.1   2   2    0.0011      0.45    9.7   0.0     2    37   358   393   357   464 0.84 hypothetical protein C2857_003606 [Epichloe festucae Fl1]
QPG97188.1           -            226 50581at5125          -            122   2.4e-05   23.5   0.0   1   1   2.1e-07   8.7e-05   21.6   0.0     5   104    46   157    42   165 0.74 hypothetical protein C2857_005927 [Epichloe festucae Fl1]
QPG94735.1           -            176 50581at5125          -            122   4.5e-05   22.6   0.1   1   1   1.3e-06   0.00054   19.1   0.1     3    95    54   158    52   173 0.69 hypothetical protein C2857_006871 [Epichloe festucae Fl1]
QPH01710.1           -            156 50581at5125          -            122    0.0028   16.8   0.0   1   1   9.6e-06     0.004   16.3   0.0     5    57    52   109    48   132 0.81 hypothetical protein C2857_005913 [Epichloe festucae Fl1]
QPG97818.1           -            120 50581at5125          -            122     0.026   13.7   0.0   1   1   7.5e-05     0.031   13.4   0.0     4    43    55    94    52   112 0.91 Ubiquitin-conjugating enzyme spm2 [Epichloe festucae Fl1]
QPG94841.1           -            337 50581at5125          -            122     0.064   12.4   0.0   1   1   0.00026      0.11   11.7   0.0     2    40    52    90    51   101 0.86 hypothetical protein C2857_007135 [Epichloe festucae Fl1]
#
# Program:         hmmsearch
# Version:         3.1b2 (February 2015)
# Pipeline mode:   SEARCH
# Query file:      /home/zack/funannotate_db/hypocreales_odb10/hmms/50581at5125.hmm
# Target file:     /home/zack/Desktop/IsariaPreferralGenome/MyGenomeSubmittedToNCBI/HypocrealesProteinSets/Epichloefestucae_Fl1_Proteins.faa
# Option settings: hmmsearch --domtblout /home/zack/Desktop/IsariaPreferralGenome/MyGenomeSubmittedToNCBI/HypocrealesProteinSets/BUSCO_AA_all/BUSCO_AA_Efestucae_Fl1/run_hypocreales_odb10/hmmer_output/initial_run_results/50581at5125.out --cpu 1 /home/zack/funannotate_db/hypocreales_odb10/hmms/50581at5125.hmm /home/zack/Desktop/IsariaPreferralGenome/MyGenomeSubmittedToNCBI/HypocrealesProteinSets/Epichloefestucae_Fl1_Proteins.faa 
# Current dir:     /home/zack/Desktop/IsariaPreferralGenome/MyGenomeSubmittedToNCBI/HypocrealesProteinSets/BUSCO_AA_all
# Date:            Mon Mar  4 15:17:58 2024
# [ok]
