#                                                                            --- full sequence --- -------------- this domain -------------   hmm coord   ali coord   env coord
# target name        accession   tlen query name           accession   qlen   E-value  score  bias   #  of  c-Evalue  i-Evalue  score  bias  from    to  from    to  from    to  acc description of target
#------------------- ---------- ----- -------------------- ---------- ----- --------- ------ ----- --- --- --------- --------- ------ ----- ----- ----- ----- ----- ----- ----- ---- ---------------------
QPG94010.1           -            147 52042at5125          -            100   2.9e-67  221.7   0.4   1   1   9.3e-70   3.8e-67  221.3   0.4     1   100    42   146    42   146 0.97 Ubiquitin-conjugating enzyme E2 1 [Epichloe festucae Fl1]
QPG96252.1           -            150 52042at5125          -            100   2.5e-35  119.2   0.0   1   1   8.3e-38   3.5e-35  118.8   0.0     1   100    43   147    43   147 0.95 Ubiquitin-conjugating enzyme E2 35 [Epichloe festucae Fl1]
QPG94117.1           -            317 52042at5125          -            100   2.1e-26   90.6   0.0   1   1     1e-28   4.1e-26   89.7   0.0     1    99   130   234   130   235 0.90 hypothetical protein C2857_004768 [Epichloe festucae Fl1]
QPG95874.1           -            180 52042at5125          -            100   2.1e-26   90.6   0.1   1   1   7.7e-29   3.2e-26   90.0   0.1     1    88    74   161    74   171 0.93 hypothetical protein C2857_002356 [Epichloe festucae Fl1]
QPG98888.1           -            383 52042at5125          -            100   2.5e-25   87.1   0.0   1   1   9.9e-28   4.1e-25   86.5   0.0     1    98   265   365   265   367 0.94 hypothetical protein C2857_000283 [Epichloe festucae Fl1]
QPG94865.1           -            151 52042at5125          -            100   1.7e-24   84.5   0.0   1   1   6.1e-27   2.5e-24   83.9   0.0     1    97    45   139    45   142 0.95 Ubiquitin-conjugating enzyme E2 2 [Epichloe festucae Fl1]
QPG96605.1           -            157 52042at5125          -            100   1.3e-23   81.7   0.0   1   1     4e-26   1.7e-23   81.3   0.0     4    95    52   145    49   150 0.93 SUMO conjugating enzyme Hus5 [Epichloe festucae Fl1]
QPH11799.1           -            194 52042at5125          -            100   7.6e-21   72.8   0.0   1   1   3.1e-23   1.3e-20   72.1   0.0     3    90    76   163    74   172 0.95 hypothetical protein C2857_003712 [Epichloe festucae Fl1]
QPG97815.1           -            205 52042at5125          -            100   3.6e-19   67.4   0.0   1   1   1.5e-21   6.1e-19   66.7   0.0     1   100    58   164    58   164 0.85 Ubiquitin-conjugating enzyme E2 8 [Epichloe festucae Fl1]
QPG96427.1           -            166 52042at5125          -            100   1.1e-18   65.9   0.3   1   1   2.4e-20   9.9e-18   62.8   0.3     2    92    48   151    47   158 0.87 Ubiquitin-conjugating enzyme E2 7 [Epichloe festucae Fl1]
QPH00234.1           -            466 52042at5125          -            100     5e-18   63.7   0.0   1   2     2e-13   8.2e-11   40.6   0.0     1    77    74   159    74   180 0.78 hypothetical protein C2857_003606 [Epichloe festucae Fl1]
QPH00234.1           -            466 52042at5125          -            100     5e-18   63.7   0.0   2   2     3e-07   0.00012   20.8   0.0     5    45   360   400   356   421 0.94 hypothetical protein C2857_003606 [Epichloe festucae Fl1]
QPH01655.1           -            177 52042at5125          -            100   2.1e-16   58.6   0.0   1   1   6.6e-19   2.7e-16   58.2   0.0     3    86    67   151    65   164 0.92 hypothetical protein C2857_005858 [Epichloe festucae Fl1]
QPH01710.1           -            156 52042at5125          -            100   2.6e-14   51.8   0.1   1   1   8.8e-17   3.6e-14   51.4   0.1     4    73    50   125    46   141 0.87 hypothetical protein C2857_005913 [Epichloe festucae Fl1]
QPG94735.1           -            176 52042at5125          -            100   8.9e-12   43.7   0.5   1   1   2.2e-13   9.3e-11   40.4   0.5     4    91    54   155    50   165 0.83 hypothetical protein C2857_006871 [Epichloe festucae Fl1]
QPG97188.1           -            226 52042at5125          -            100   8.5e-10   37.3   0.2   1   1   8.9e-12   3.7e-09   35.3   0.2     2    49    42    90    41   152 0.69 hypothetical protein C2857_005927 [Epichloe festucae Fl1]
QPG94303.1           -            266 52042at5125          -            100   2.2e-05   23.2   0.0   1   1   8.3e-08   3.4e-05   22.6   0.0     1    72    46   118    46   143 0.78 hypothetical protein C2857_005649 [Epichloe festucae Fl1]
QPG94841.1           -            337 52042at5125          -            100   5.2e-05   22.0   0.2   1   1   2.3e-07   9.6e-05   21.1   0.2     1    37    50    86    50   104 0.93 hypothetical protein C2857_007135 [Epichloe festucae Fl1]
#
# Program:         hmmsearch
# Version:         3.1b2 (February 2015)
# Pipeline mode:   SEARCH
# Query file:      /home/zack/funannotate_db/hypocreales_odb10/hmms/52042at5125.hmm
# Target file:     /home/zack/Desktop/IsariaPreferralGenome/MyGenomeSubmittedToNCBI/HypocrealesProteinSets/Epichloefestucae_Fl1_Proteins.faa
# Option settings: hmmsearch --domtblout /home/zack/Desktop/IsariaPreferralGenome/MyGenomeSubmittedToNCBI/HypocrealesProteinSets/BUSCO_AA_all/BUSCO_AA_Efestucae_Fl1/run_hypocreales_odb10/hmmer_output/initial_run_results/52042at5125.out --cpu 1 /home/zack/funannotate_db/hypocreales_odb10/hmms/52042at5125.hmm /home/zack/Desktop/IsariaPreferralGenome/MyGenomeSubmittedToNCBI/HypocrealesProteinSets/Epichloefestucae_Fl1_Proteins.faa 
# Current dir:     /home/zack/Desktop/IsariaPreferralGenome/MyGenomeSubmittedToNCBI/HypocrealesProteinSets/BUSCO_AA_all
# Date:            Mon Mar  4 15:18:18 2024
# [ok]
