#                                                                            --- full sequence --- -------------- this domain -------------   hmm coord   ali coord   env coord
# target name        accession   tlen query name           accession   qlen   E-value  score  bias   #  of  c-Evalue  i-Evalue  score  bias  from    to  from    to  from    to  acc description of target
#------------------- ---------- ----- -------------------- ---------- ----- --------- ------ ----- --- --- --------- --------- ------ ----- ----- ----- ----- ----- ----- ----- ---- ---------------------
QPG95858.1           -            812 5944at5125           -            729         0 1531.2   3.8   1   1         0         0 1530.0   3.8     1   729     3   791     3   791 0.96 hypothetical protein C2857_002304 [Epichloe festucae Fl1]
QPH01809.1           -           1346 5944at5125           -            729   2.6e-21   74.1   0.0   1   2   6.7e-10   1.7e-07   28.5   0.0   599   680   568   652   418   671 0.79 hypothetical protein C2857_006012 [Epichloe festucae Fl1]
QPH01809.1           -           1346 5944at5125           -            729   2.6e-21   74.1   0.0   2   2   2.2e-14   5.8e-12   43.2   0.0   499   672  1119  1306  1111  1336 0.76 hypothetical protein C2857_006012 [Epichloe festucae Fl1]
QPH02093.1           -           1305 5944at5125           -            729   1.1e-17   62.2   0.0   1   2     2e-11   5.2e-09   33.5   0.0   463   673   383   613   296   629 0.78 hypothetical protein C2857_006299 [Epichloe festucae Fl1]
QPH02093.1           -           1305 5944at5125           -            729   1.1e-17   62.2   0.0   2   2   2.6e-09   6.8e-07   26.5   0.0   476   679  1055  1276   967  1296 0.75 hypothetical protein C2857_006299 [Epichloe festucae Fl1]
QPH15657.1           -           1462 5944at5125           -            729   5.3e-16   56.6   0.1   1   2   2.6e-09   6.7e-07   26.5   0.0   498   655   640   794   629   814 0.79 hypothetical protein C2857_000128 [Epichloe festucae Fl1]
QPH15657.1           -           1462 5944at5125           -            729   5.3e-16   56.6   0.1   2   2   1.1e-09   2.8e-07   27.8   0.0   497   665  1239  1415  1227  1435 0.73 hypothetical protein C2857_000128 [Epichloe festucae Fl1]
QPH11461.1           -           1161 5944at5125           -            729   1.7e-15   55.0   0.0   1   2   7.1e-10   1.9e-07   28.4   0.0   511   641   460   586   446   625 0.80 hypothetical protein C2857_003221 [Epichloe festucae Fl1]
QPH11461.1           -           1161 5944at5125           -            729   1.7e-15   55.0   0.0   2   2   1.5e-08   3.8e-06   24.0   0.0   492   665   932  1115   924  1134 0.76 hypothetical protein C2857_003221 [Epichloe festucae Fl1]
QPH02083.1           -           1249 5944at5125           -            729   1.9e-15   54.8   0.0   1   2     9e-09   2.4e-06   24.7   0.0   595   682   531   621   377   638 0.78 hypothetical protein C2857_006289 [Epichloe festucae Fl1]
QPH02083.1           -           1249 5944at5125           -            729   1.9e-15   54.8   0.0   2   2   2.1e-09   5.6e-07   26.8   0.0   499   669  1019  1206  1000  1226 0.71 hypothetical protein C2857_006289 [Epichloe festucae Fl1]
QPG93808.1           -           1305 5944at5125           -            729   6.7e-15   53.0   0.1   1   2   6.3e-08   1.7e-05   21.9   0.1   592   682   536   630   406   637 0.60 hypothetical protein C2857_002745 [Epichloe festucae Fl1]
QPG93808.1           -           1305 5944at5125           -            729   6.7e-15   53.0   0.1   2   2   9.6e-10   2.5e-07   27.9   0.0   491   668  1069  1264  1055  1285 0.76 hypothetical protein C2857_002745 [Epichloe festucae Fl1]
QPG98942.1           -           1343 5944at5125           -            729   1.4e-13   48.6   0.0   1   4      0.13        35    1.0   0.0   460   530   352   420   313   439 0.78 hypothetical protein C2857_000438 [Epichloe festucae Fl1]
QPG98942.1           -           1343 5944at5125           -            729   1.4e-13   48.6   0.0   2   4   7.3e-07   0.00019   18.4   0.0   610   679   552   623   548   630 0.76 hypothetical protein C2857_000438 [Epichloe festucae Fl1]
QPG98942.1           -           1343 5944at5125           -            729   1.4e-13   48.6   0.0   3   4     0.028       7.4    3.2   0.0   498   540  1091  1133  1079  1141 0.88 hypothetical protein C2857_000438 [Epichloe festucae Fl1]
QPG98942.1           -           1343 5944at5125           -            729   1.4e-13   48.6   0.0   4   4   2.6e-07   6.7e-05   19.9   0.0   551   665  1171  1299  1164  1327 0.69 hypothetical protein C2857_000438 [Epichloe festucae Fl1]
QPG93461.1           -           1209 5944at5125           -            729   1.5e-13   48.5   0.0   1   2   5.9e-08   1.5e-05   22.0   0.0   604   682   527   607   402   620 0.80 hypothetical protein C2857_000032 [Epichloe festucae Fl1]
QPG93461.1           -           1209 5944at5125           -            729   1.5e-13   48.5   0.0   2   2   1.2e-08   3.2e-06   24.3   0.0   504   669   986  1165   968  1189 0.67 hypothetical protein C2857_000032 [Epichloe festucae Fl1]
QPH17255.1           -            793 5944at5125           -            729     2e-12   44.8   0.0   1   1   1.2e-14   3.2e-12   44.1   0.0   415   671   436   702   430   726 0.73 hypothetical protein C2857_002066 [Epichloe festucae Fl1]
QPH03853.1           -           1683 5944at5125           -            729   6.3e-12   43.1   0.2   1   3   4.4e-08   1.2e-05   22.4   0.0   501   653   724   889   705   911 0.74 hypothetical protein C2857_000240 [Epichloe festucae Fl1]
QPH03853.1           -           1683 5944at5125           -            729   6.3e-12   43.1   0.2   2   3      0.25        65    0.1   0.0   496   568  1413  1494  1404  1507 0.69 hypothetical protein C2857_000240 [Epichloe festucae Fl1]
QPH03853.1           -           1683 5944at5125           -            729   6.3e-12   43.1   0.2   3   3   3.3e-06   0.00086   16.2   0.0   609   699  1560  1652  1552  1678 0.76 hypothetical protein C2857_000240 [Epichloe festucae Fl1]
QPG96096.1           -           1552 5944at5125           -            729   3.9e-11   40.5   0.1   1   3   2.7e-07   6.9e-05   19.9   0.0   478   668   606   819   589   837 0.64 hypothetical protein C2857_003162 [Epichloe festucae Fl1]
QPG96096.1           -           1552 5944at5125           -            729   3.9e-11   40.5   0.1   2   3       2.5   6.5e+02   -3.2   0.0   499   566  1298  1374  1296  1381 0.64 hypothetical protein C2857_003162 [Epichloe festucae Fl1]
QPG96096.1           -           1552 5944at5125           -            729   3.9e-11   40.5   0.1   3   3   1.5e-06   0.00039   17.4   0.0   610   696  1438  1526  1430  1542 0.86 hypothetical protein C2857_003162 [Epichloe festucae Fl1]
QPH18245.1           -            838 5944at5125           -            729   6.8e-11   39.7   0.0   1   1   4.1e-13   1.1e-10   39.1   0.0   449   681   561   804   552   819 0.71 hypothetical protein C2857_003243 [Epichloe festucae Fl1]
QPG98963.1           -            929 5944at5125           -            729   7.5e-11   39.6   0.0   1   1   5.2e-13   1.4e-10   38.7   0.0   492   653   621   792   582   827 0.79 hypothetical protein C2857_000521 [Epichloe festucae Fl1]
QPG94023.1           -           1310 5944at5125           -            729   4.4e-10   37.0   0.0   1   1   2.6e-12   6.7e-10   36.4   0.0   497   667  1062  1246  1044  1297 0.73 hypothetical protein C2857_004086 [Epichloe festucae Fl1]
QPH19575.1           -           1436 5944at5125           -            729   5.2e-09   33.5   0.0   1   2   2.6e-09   6.7e-07   26.5   0.0   495   642   618   762   598   795 0.83 hypothetical protein C2857_004852 [Epichloe festucae Fl1]
QPH19575.1           -           1436 5944at5125           -            729   5.2e-09   33.5   0.0   2   2     0.012       3.2    4.4   0.0   501   665  1220  1401  1205  1415 0.64 hypothetical protein C2857_004852 [Epichloe festucae Fl1]
QPH12678.1           -           1526 5944at5125           -            729     8e-09   32.9   0.1   1   2   1.7e-08   4.4e-06   23.8   0.0   493   646   650   799   634   821 0.78 hypothetical protein C2857_004949 [Epichloe festucae Fl1]
QPH12678.1           -           1526 5944at5125           -            729     8e-09   32.9   0.1   2   2    0.0035       0.9    6.3   0.0   609   689  1421  1502  1316  1513 0.85 hypothetical protein C2857_004949 [Epichloe festucae Fl1]
QPG97773.1           -            750 5944at5125           -            729   5.2e-07   26.9   0.1   1   3     0.058        15    2.2   0.0   493   530   207   244   194   251 0.92 hypothetical protein C2857_006850 [Epichloe festucae Fl1]
QPG97773.1           -            750 5944at5125           -            729   5.2e-07   26.9   0.1   2   3    0.0092       2.4    4.9   0.0   608   641   364   397   331   474 0.78 hypothetical protein C2857_006850 [Epichloe festucae Fl1]
QPG97773.1           -            750 5944at5125           -            729   5.2e-07   26.9   0.1   3   3   1.2e-05    0.0031   14.4   0.0   494   639   541   678   528   707 0.77 hypothetical protein C2857_006850 [Epichloe festucae Fl1]
QPH02835.1           -           1456 5944at5125           -            729     5e-06   23.6   0.0   1   2   6.1e-05     0.016   12.0   0.0   513   643   669   796   645   837 0.81 hypothetical protein C2857_007053 [Epichloe festucae Fl1]
QPH02835.1           -           1456 5944at5125           -            729     5e-06   23.6   0.0   2   2   0.00044      0.11    9.2   0.0   499   665  1258  1429  1239  1440 0.65 hypothetical protein C2857_007053 [Epichloe festucae Fl1]
QPH12528.1           -           1019 5944at5125           -            729     6e-06   23.4   0.0   1   1   3.4e-08   8.8e-06   22.8   0.0   610   682   824   898   798   936 0.86 hypothetical protein C2857_004729 [Epichloe festucae Fl1]
QPG94536.1           -           1606 5944at5125           -            729     1e-05   22.6   0.1   1   2   5.7e-05     0.015   12.1   0.0   499   639   470   605   456   632 0.85 hypothetical protein C2857_006333 [Epichloe festucae Fl1]
QPG94536.1           -           1606 5944at5125           -            729     1e-05   22.6   0.1   2   2    0.0012       0.3    7.8   0.0   498   651  1252  1409  1243  1431 0.61 hypothetical protein C2857_006333 [Epichloe festucae Fl1]
QPG94118.1           -            615 5944at5125           -            729   0.00019   18.4   0.1   1   2    0.0022      0.56    6.9   0.0   604   699   223   325   214   342 0.69 ABC transporter ATP-binding protein arb1 [Epichloe festucae Fl1]
QPG94118.1           -            615 5944at5125           -            729   0.00019   18.4   0.1   2   2   0.00056      0.15    8.9   0.0   497   639   410   546   398   563 0.70 ABC transporter ATP-binding protein arb1 [Epichloe festucae Fl1]
QPH04716.1           -           1055 5944at5125           -            729    0.0087   12.9   0.0   1   3     0.022       5.8    3.6   0.0   494   530   447   483   441   614 0.61 translational elongation factor EF-1 alpha [Epichloe festucae Fl1]
QPH04716.1           -           1055 5944at5125           -            729    0.0087   12.9   0.0   2   3      0.12        32    1.1   0.0   501   532   697   728   669   744 0.82 translational elongation factor EF-1 alpha [Epichloe festucae Fl1]
QPH04716.1           -           1055 5944at5125           -            729    0.0087   12.9   0.0   3   3     0.055        14    2.3   0.0   610   666   908   964   901   989 0.84 translational elongation factor EF-1 alpha [Epichloe festucae Fl1]
QPG94888.1           -            655 5944at5125           -            729     0.012   12.4   0.0   1   1   8.6e-05     0.022   11.6   0.0   475   533   351   411   328   420 0.83 hypothetical protein C2857_007218 [Epichloe festucae Fl1]
QPG94047.1           -           1361 5944at5125           -            729     0.019   11.8   0.0   1   2     0.081        21    1.7   0.0   610   666   212   268   199   289 0.77 hypothetical protein C2857_004300 [Epichloe festucae Fl1]
QPG94047.1           -           1361 5944at5125           -            729     0.019   11.8   0.0   2   2    0.0014      0.37    7.6   0.0   581   680   820   922   796   928 0.66 hypothetical protein C2857_004300 [Epichloe festucae Fl1]
QPG94728.1           -            637 5944at5125           -            729     0.027   11.3   0.0   1   1   0.00015     0.039   10.8   0.0   499   652   457   607   450   625 0.79 hypothetical protein C2857_006841 [Epichloe festucae Fl1]
QPG94910.1           -            737 5944at5125           -            729     0.043   10.6   0.4   1   3     0.036       9.5    2.9   0.0   495   530    61    96    53   103 0.88 hypothetical protein C2857_007289 [Epichloe festucae Fl1]
QPG94910.1           -            737 5944at5125           -            729     0.043   10.6   0.4   2   3      0.97   2.5e+02   -1.8   0.1   500   529   503   532   500   543 0.87 hypothetical protein C2857_007289 [Epichloe festucae Fl1]
QPG94910.1           -            737 5944at5125           -            729     0.043   10.6   0.4   3   3     0.012         3    4.5   0.0   610   639   613   642   606   664 0.90 hypothetical protein C2857_007289 [Epichloe festucae Fl1]
#
# Program:         hmmsearch
# Version:         3.1b2 (February 2015)
# Pipeline mode:   SEARCH
# Query file:      /home/zack/funannotate_db/hypocreales_odb10/hmms/5944at5125.hmm
# Target file:     /home/zack/Desktop/IsariaPreferralGenome/MyGenomeSubmittedToNCBI/HypocrealesProteinSets/Epichloefestucae_Fl1_Proteins.faa
# Option settings: hmmsearch --domtblout /home/zack/Desktop/IsariaPreferralGenome/MyGenomeSubmittedToNCBI/HypocrealesProteinSets/BUSCO_AA_all/BUSCO_AA_Efestucae_Fl1/run_hypocreales_odb10/hmmer_output/initial_run_results/5944at5125.out --cpu 1 /home/zack/funannotate_db/hypocreales_odb10/hmms/5944at5125.hmm /home/zack/Desktop/IsariaPreferralGenome/MyGenomeSubmittedToNCBI/HypocrealesProteinSets/Epichloefestucae_Fl1_Proteins.faa 
# Current dir:     /home/zack/Desktop/IsariaPreferralGenome/MyGenomeSubmittedToNCBI/HypocrealesProteinSets/BUSCO_AA_all
# Date:            Mon Mar  4 15:18:27 2024
# [ok]
