#                                                                            --- full sequence --- -------------- this domain -------------   hmm coord   ali coord   env coord
# target name        accession   tlen query name           accession   qlen   E-value  score  bias   #  of  c-Evalue  i-Evalue  score  bias  from    to  from    to  from    to  acc description of target
#------------------- ---------- ----- -------------------- ---------- ----- --------- ------ ----- --- --- --------- --------- ------ ----- ----- ----- ----- ----- ----- ----- ---- ---------------------
QPG97009.1           -           1222 6849at5125           -            916         0 1536.5  50.2   1   3   1.8e-10   1.4e-07   28.9  11.1     2   110     7   132     6   132 0.63 hypothetical protein C2857_005613 [Epichloe festucae Fl1]
QPG97009.1           -           1222 6849at5125           -            916         0 1536.5  50.2   2   3   4.3e-11   3.4e-08   30.9  37.2    47   207   119   317    79   324 0.70 hypothetical protein C2857_005613 [Epichloe festucae Fl1]
QPG97009.1           -           1222 6849at5125           -            916         0 1536.5  50.2   3   3         0         0 1476.1   0.0    80   912   351  1211   336  1217 0.94 hypothetical protein C2857_005613 [Epichloe festucae Fl1]
QPG99418.1           -           1451 6849at5125           -            916   2.5e-49  167.1   2.4   1   2   3.2e-52   2.5e-49  167.1   2.4   625   876   788  1056   737  1078 0.82 hypothetical protein C2857_001731 [Epichloe festucae Fl1]
QPG99418.1           -           1451 6849at5125           -            916   2.5e-49  167.1   2.4   2   2         9     7e+03  -11.5  18.4    97   166  1208  1280  1168  1317 0.52 hypothetical protein C2857_001731 [Epichloe festucae Fl1]
QPG93952.1           -            978 6849at5125           -            916   4.3e-33  113.3   0.6   1   3   3.3e-17   2.6e-14   51.2   0.0   619   758   149   287    79   295 0.83 hypothetical protein C2857_003770 [Epichloe festucae Fl1]
QPG93952.1           -            978 6849at5125           -            916   4.3e-33  113.3   0.6   2   3   3.4e-19   2.7e-16   57.8   0.1   765   840   365   440   362   453 0.81 hypothetical protein C2857_003770 [Epichloe festucae Fl1]
QPG93952.1           -            978 6849at5125           -            916   4.3e-33  113.3   0.6   3   3     0.084        65    0.2   0.0   840   882   518   561   505   580 0.84 hypothetical protein C2857_003770 [Epichloe festucae Fl1]
QPH18522.1           -            525 6849at5125           -            916   3.7e-07   27.5   0.0   1   2   0.00028      0.22    8.4   0.0   654   726   156   234   128   240 0.72 hypothetical protein C2857_003584 [Epichloe festucae Fl1]
QPH18522.1           -            525 6849at5125           -            916   3.7e-07   27.5   0.0   2   2   8.3e-07   0.00065   16.8   0.0   743   830   299   401   289   466 0.75 hypothetical protein C2857_003584 [Epichloe festucae Fl1]
QPH16583.1           -            680 6849at5125           -            916    0.0005   17.1   0.0   1   3         9     7e+03   -6.9   4.0   104   130    52    78    33   118 0.68 hypothetical protein C2857_001265 [Epichloe festucae Fl1]
QPH16583.1           -            680 6849at5125           -            916    0.0005   17.1   0.0   2   3     0.031        24    1.6   0.0   215   250   410   447   365   461 0.72 hypothetical protein C2857_001265 [Epichloe festucae Fl1]
QPH16583.1           -            680 6849at5125           -            916    0.0005   17.1   0.0   3   3   6.4e-07    0.0005   17.1   0.0   400   506   460   556   448   591 0.88 hypothetical protein C2857_001265 [Epichloe festucae Fl1]
QPH04206.1           -            610 6849at5125           -            916   0.00079   16.5   6.9   1   3       0.3   2.3e+02   -1.6   0.0   483   507   196   220   183   226 0.87 hypothetical protein C2857_001030 [Epichloe festucae Fl1]
QPH04206.1           -            610 6849at5125           -            916   0.00079   16.5   6.9   2   3   0.00012     0.092    9.6   3.4   392   487   449   548   335   553 0.73 hypothetical protein C2857_001030 [Epichloe festucae Fl1]
QPH04206.1           -            610 6849at5125           -            916   0.00079   16.5   6.9   3   3    0.0047       3.7    4.3   0.1   456   506   554   605   551   607 0.83 hypothetical protein C2857_001030 [Epichloe festucae Fl1]
QPG94279.1           -            271 6849at5125           -            916       1.2    6.0   7.3   1   1    0.0021       1.7    5.5   7.3    90   177     5    93     2   119 0.81 hypothetical protein C2857_005587 [Epichloe festucae Fl1]
QPH09583.1           -            241 6849at5125           -            916       1.9    5.3  15.0   1   1    0.0029       2.3    5.0  15.0    83   190    13   120     4   163 0.80 hypothetical protein C2857_000449 [Epichloe festucae Fl1]
QPH04289.1           -            330 6849at5125           -            916       7.3    3.4   7.5   1   1     0.012       9.6    3.0   7.5    63   132   102   163    76   173 0.64 hypothetical protein C2857_001183 [Epichloe festucae Fl1]
#
# Program:         hmmsearch
# Version:         3.1b2 (February 2015)
# Pipeline mode:   SEARCH
# Query file:      /home/zack/funannotate_db/hypocreales_odb10/hmms/6849at5125.hmm
# Target file:     /home/zack/Desktop/IsariaPreferralGenome/MyGenomeSubmittedToNCBI/HypocrealesProteinSets/Epichloefestucae_Fl1_Proteins.faa
# Option settings: hmmsearch --domtblout /home/zack/Desktop/IsariaPreferralGenome/MyGenomeSubmittedToNCBI/HypocrealesProteinSets/BUSCO_AA_all/BUSCO_AA_Efestucae_Fl1/run_hypocreales_odb10/hmmer_output/initial_run_results/6849at5125.out --cpu 1 /home/zack/funannotate_db/hypocreales_odb10/hmms/6849at5125.hmm /home/zack/Desktop/IsariaPreferralGenome/MyGenomeSubmittedToNCBI/HypocrealesProteinSets/Epichloefestucae_Fl1_Proteins.faa 
# Current dir:     /home/zack/Desktop/IsariaPreferralGenome/MyGenomeSubmittedToNCBI/HypocrealesProteinSets/BUSCO_AA_all
# Date:            Mon Mar  4 15:18:30 2024
# [ok]
