#                                                                            --- full sequence --- -------------- this domain -------------   hmm coord   ali coord   env coord
# target name        accession   tlen query name           accession   qlen   E-value  score  bias   #  of  c-Evalue  i-Evalue  score  bias  from    to  from    to  from    to  acc description of target
#------------------- ---------- ----- -------------------- ---------- ----- --------- ------ ----- --- --- --------- --------- ------ ----- ----- ----- ----- ----- ----- ----- ---- ---------------------
QPG99069.1           -           1112 7710at5125           -            727         0 1069.2  66.8   1   7   2.6e-71   1.4e-68  230.5   0.2     1   137     1   137     1   171 0.87 hypothetical protein C2857_000757 [Epichloe festucae Fl1]
QPG99069.1           -           1112 7710at5125           -            727         0 1069.2  66.8   2   7  1.6e-127  8.6e-125  416.3   0.2   127   363   213   463   207   478 0.91 hypothetical protein C2857_000757 [Epichloe festucae Fl1]
QPG99069.1           -           1112 7710at5125           -            727         0 1069.2  66.8   3   7  1.3e-120  6.8e-118  393.5   1.2   359   566   488   720   474   737 0.91 hypothetical protein C2857_000757 [Epichloe festucae Fl1]
QPG99069.1           -           1112 7710at5125           -            727         0 1069.2  66.8   4   7    0.0029       1.6    5.6   0.3   562   595   744   779   723   785 0.68 hypothetical protein C2857_000757 [Epichloe festucae Fl1]
QPG99069.1           -           1112 7710at5125           -            727         0 1069.2  66.8   5   7     1e-06   0.00054   17.0   3.1   576   622   785   829   778   850 0.69 hypothetical protein C2857_000757 [Epichloe festucae Fl1]
QPG99069.1           -           1112 7710at5125           -            727         0 1069.2  66.8   6   7   1.7e-09     9e-07   26.2  12.6   596   677   852   959   834   972 0.70 hypothetical protein C2857_000757 [Epichloe festucae Fl1]
QPG99069.1           -           1112 7710at5125           -            727         0 1069.2  66.8   7   7     0.013       7.3    3.4  14.0   676   721  1025  1069   968  1072 0.61 hypothetical protein C2857_000757 [Epichloe festucae Fl1]
QPG94670.1           -            573 7710at5125           -            727   6.7e-14   49.8   0.1   1   2   1.2e-08   6.5e-06   23.3   0.0     6    60    37    87    35    98 0.85 hypothetical protein C2857_006697 [Epichloe festucae Fl1]
QPG94670.1           -            573 7710at5125           -            727   6.7e-14   49.8   0.1   2   2   6.9e-09   3.7e-06   24.1   0.0   276   346   152   222   142   243 0.83 hypothetical protein C2857_006697 [Epichloe festucae Fl1]
QPG99243.1           -            793 7710at5125           -            727   5.3e-13   46.8   2.0   1   2   2.6e-06    0.0014   15.6   0.1    69   131   640   703   613   737 0.70 hypothetical protein C2857_001285 [Epichloe festucae Fl1]
QPG99243.1           -            793 7710at5125           -            727   5.3e-13   46.8   2.0   2   2   8.2e-11   4.5e-08   30.5   0.2    70   122   739   791   734   793 0.95 hypothetical protein C2857_001285 [Epichloe festucae Fl1]
QPG95817.1           -           1216 7710at5125           -            727     8e-06   23.1   0.0   1   1   2.4e-08   1.3e-05   22.3   0.0     8    66  1077  1127  1073  1140 0.78 class II myosin [Epichloe festucae Fl1]
QPG94511.1           -            634 7710at5125           -            727   1.6e-05   22.1   0.0   1   1   2.9e-08   1.6e-05   22.1   0.0    50   130   200   281   178   315 0.77 ESCRT-0 subunit protein hse1 [Epichloe festucae Fl1]
QPG97327.1           -            432 7710at5125           -            727   1.8e-05   21.9   0.0   1   1   5.6e-08     3e-05   21.1   0.0   276   328   380   431   368   432 0.67 hypothetical protein C2857_006151 [Epichloe festucae Fl1]
QPG96103.1           -            432 7710at5125           -            727   5.4e-05   20.3   0.0   1   1   1.6e-07   8.9e-05   19.6   0.0   275   332   321   384   304   425 0.78 hypothetical protein C2857_003185 [Epichloe festucae Fl1]
QPH17731.1           -            884 7710at5125           -            727   0.00057   16.9   0.0   1   1   2.5e-06    0.0013   15.7   0.0    69   329   706   761   687   772 0.57 hypothetical protein C2857_002619 [Epichloe festucae Fl1]
QPH09642.1           -           1233 7710at5125           -            727   0.00067   16.7   0.1   1   1     2e-06    0.0011   16.0   0.1    67   132     3    74     1   108 0.77 hypothetical protein C2857_000551 [Epichloe festucae Fl1]
QPG98075.1           -            960 7710at5125           -            727    0.0007   16.6   0.0   1   1   2.5e-06    0.0014   15.7   0.0   277   329    21    75    16    84 0.90 hypothetical protein C2857_007223 [Epichloe festucae Fl1]
QPH16893.1           -           1160 7710at5125           -            727    0.0022   15.0   0.1   1   2   9.4e-06    0.0051   13.8   0.0    71   124    15    68    11    92 0.76 hypothetical protein C2857_001629 [Epichloe festucae Fl1]
QPH16893.1           -           1160 7710at5125           -            727    0.0022   15.0   0.1   2   2       1.3   6.8e+02   -3.2   0.0   566   597   725   757   707   775 0.70 hypothetical protein C2857_001629 [Epichloe festucae Fl1]
QPG94507.1           -           1298 7710at5125           -            727    0.0063   13.5   2.6   1   2      0.13        70    0.1   0.8   567   647   302   385   289   390 0.72 hypothetical protein C2857_006251 [Epichloe festucae Fl1]
QPG94507.1           -           1298 7710at5125           -            727    0.0063   13.5   2.6   2   2     2e-05     0.011   12.7   0.0     6    48   809   850   804   858 0.85 hypothetical protein C2857_006251 [Epichloe festucae Fl1]
QPG94343.1           -            395 7710at5125           -            727     0.044   10.7   0.0   1   1   0.00011     0.062   10.2   0.0     9   120   343   392   332   395 0.52 hypothetical protein C2857_005737 [Epichloe festucae Fl1]
#
# Program:         hmmsearch
# Version:         3.1b2 (February 2015)
# Pipeline mode:   SEARCH
# Query file:      /home/zack/funannotate_db/hypocreales_odb10/hmms/7710at5125.hmm
# Target file:     /home/zack/Desktop/IsariaPreferralGenome/MyGenomeSubmittedToNCBI/HypocrealesProteinSets/Epichloefestucae_Fl1_Proteins.faa
# Option settings: hmmsearch --domtblout /home/zack/Desktop/IsariaPreferralGenome/MyGenomeSubmittedToNCBI/HypocrealesProteinSets/BUSCO_AA_all/BUSCO_AA_Efestucae_Fl1/run_hypocreales_odb10/hmmer_output/initial_run_results/7710at5125.out --cpu 1 /home/zack/funannotate_db/hypocreales_odb10/hmms/7710at5125.hmm /home/zack/Desktop/IsariaPreferralGenome/MyGenomeSubmittedToNCBI/HypocrealesProteinSets/Epichloefestucae_Fl1_Proteins.faa 
# Current dir:     /home/zack/Desktop/IsariaPreferralGenome/MyGenomeSubmittedToNCBI/HypocrealesProteinSets/BUSCO_AA_all
# Date:            Mon Mar  4 15:18:23 2024
# [ok]
