#                                                                            --- full sequence --- -------------- this domain -------------   hmm coord   ali coord   env coord
# target name        accession   tlen query name           accession   qlen   E-value  score  bias   #  of  c-Evalue  i-Evalue  score  bias  from    to  from    to  from    to  acc description of target
#------------------- ---------- ----- -------------------- ---------- ----- --------- ------ ----- --- --- --------- --------- ------ ----- ----- ----- ----- ----- ----- ----- ---- ---------------------
QPG96558.1           -            849 9596at5125           -            542  1.4e-272  903.5  61.1   1   5   2.5e-34   2.5e-31  107.2   0.3     1    75    28   112    28   128 0.85 hypothetical protein C2857_004583 [Epichloe festucae Fl1]
QPG96558.1           -            849 9596at5125           -            542  1.4e-272  903.5  61.1   2   5   7.7e-38   7.7e-35  118.8   0.8    57   143   203   292   177   297 0.91 hypothetical protein C2857_004583 [Epichloe festucae Fl1]
QPG96558.1           -            849 9596at5125           -            542  1.4e-272  903.5  61.1   3   5  8.7e-122  8.8e-119  395.9  25.3   143   363   336   585   330   587 0.92 hypothetical protein C2857_004583 [Epichloe festucae Fl1]
QPG96558.1           -            849 9596at5125           -            542  1.4e-272  903.5  61.1   4   5   7.5e-72   7.5e-69  231.1   0.0   363   489   612   741   604   757 0.96 hypothetical protein C2857_004583 [Epichloe festucae Fl1]
QPG96558.1           -            849 9596at5125           -            542  1.4e-272  903.5  61.1   5   5     8e-18     8e-15   52.8  13.0   481   541   763   845   747   846 0.79 hypothetical protein C2857_004583 [Epichloe festucae Fl1]
QPH01502.1           -            931 9596at5125           -            542   8.3e-10   36.2  21.7   1   3   6.6e-08   6.6e-05   20.0   3.1    76   119   523   568   514   570 0.86 hypothetical protein C2857_005705 [Epichloe festucae Fl1]
QPH01502.1           -            931 9596at5125           -            542   8.3e-10   36.2  21.7   2   3   6.9e-07   0.00069   16.7   4.9    77   120   628   671   615   677 0.88 hypothetical protein C2857_005705 [Epichloe festucae Fl1]
QPH01502.1           -            931 9596at5125           -            542   8.3e-10   36.2  21.7   3   3   0.00016      0.16    8.8   0.3    76   114   716   764   706   774 0.78 hypothetical protein C2857_005705 [Epichloe festucae Fl1]
QPG95209.1           -            909 9596at5125           -            542   3.2e-08   31.0   4.6   1   2   2.6e-10   2.6e-07   28.0   2.8   266   323   144   195   120   202 0.82 hypothetical protein C2857_007839 [Epichloe festucae Fl1]
QPG95209.1           -            909 9596at5125           -            542   3.2e-08   31.0   4.6   2   2     0.015        15    2.4   0.0   478   523   540   586   533   600 0.77 hypothetical protein C2857_007839 [Epichloe festucae Fl1]
QPH19365.1           -            518 9596at5125           -            542     0.007   13.4   0.7   1   1   1.1e-05     0.011   12.8   0.7   216   250    19    56     4    75 0.52 hypothetical protein C2857_004589 [Epichloe festucae Fl1]
QPG99247.1           -            416 9596at5125           -            542    0.0078   13.2   2.8   1   1   1.3e-05     0.013   12.5   2.8   188   255    16    85     4    91 0.74 hypothetical protein C2857_001299 [Epichloe festucae Fl1]
QPG94704.1           -            806 9596at5125           -            542     0.026   11.5   0.5   1   1   3.8e-05     0.038   10.9   0.5    74   135   271   332   250   344 0.73 hypothetical protein C2857_006769 [Epichloe festucae Fl1]
QPH11791.1           -            403 9596at5125           -            542       0.1    9.5   0.0   1   2   0.00074      0.74    6.7   0.0   195   280   119   204   111   214 0.87 Acetolactate synthase, mitochondrial [Epichloe festucae Fl1]
QPH11791.1           -            403 9596at5125           -            542       0.1    9.5   0.0   2   2     0.065        65    0.3   0.0   341   381   316   358   311   378 0.85 Acetolactate synthase, mitochondrial [Epichloe festucae Fl1]
#
# Program:         hmmsearch
# Version:         3.1b2 (February 2015)
# Pipeline mode:   SEARCH
# Query file:      /home/zack/funannotate_db/hypocreales_odb10/hmms/9596at5125.hmm
# Target file:     /home/zack/Desktop/IsariaPreferralGenome/MyGenomeSubmittedToNCBI/HypocrealesProteinSets/Epichloefestucae_Fl1_Proteins.faa
# Option settings: hmmsearch --domtblout /home/zack/Desktop/IsariaPreferralGenome/MyGenomeSubmittedToNCBI/HypocrealesProteinSets/BUSCO_AA_all/BUSCO_AA_Efestucae_Fl1/run_hypocreales_odb10/hmmer_output/initial_run_results/9596at5125.out --cpu 1 /home/zack/funannotate_db/hypocreales_odb10/hmms/9596at5125.hmm /home/zack/Desktop/IsariaPreferralGenome/MyGenomeSubmittedToNCBI/HypocrealesProteinSets/Epichloefestucae_Fl1_Proteins.faa 
# Current dir:     /home/zack/Desktop/IsariaPreferralGenome/MyGenomeSubmittedToNCBI/HypocrealesProteinSets/BUSCO_AA_all
# Date:            Mon Mar  4 15:18:25 2024
# [ok]
