#                                                                            --- full sequence --- -------------- this domain -------------   hmm coord   ali coord   env coord
# target name        accession   tlen query name           accession   qlen   E-value  score  bias   #  of  c-Evalue  i-Evalue  score  bias  from    to  from    to  from    to  acc description of target
#------------------- ---------- ----- -------------------- ---------- ----- --------- ------ ----- --- --- --------- --------- ------ ----- ----- ----- ----- ----- ----- ----- ---- ---------------------
KAH8715688.1         -            568 12301at5125          -            484  4.3e-272  902.0   5.3   1   2    7e-138  1.9e-135  451.4   3.1     1   265     1   317     1   329 0.89 putative acyl-activating enzyme 1, peroxisomal [Beauveria bassiana]
KAH8715688.1         -            568 12301at5125          -            484  4.3e-272  902.0   5.3   2   2  4.3e-136  1.2e-133  445.5   0.0   258   484   331   564   319   564 0.96 putative acyl-activating enzyme 1, peroxisomal [Beauveria bassiana]
KAH8715687.1         -            223 12301at5125          -            484  8.3e-127  422.9   0.0   1   1  3.5e-129  9.3e-127  422.7   0.0   273   484     1   219     1   219 0.96 putative acyl-activating enzyme 1, peroxisomal [Beauveria bassiana]
KAH8717840.1         -            558 12301at5125          -            484   1.3e-25   89.2   0.5   1   2   7.5e-07    0.0002   19.3   0.0   129   221   165   266   157   276 0.77 Acyl-CoA ligase azaF [Beauveria bassiana]
KAH8717840.1         -            558 12301at5125          -            484   1.3e-25   89.2   0.5   2   2   1.3e-21   3.6e-19   67.9   0.1   331   483   379   543   372   544 0.86 Acyl-CoA ligase azaF [Beauveria bassiana]
KAH8712826.1         -            643 12301at5125          -            484     2e-25   88.5   0.3   1   4      0.14        36    1.9   0.0    60   114   108   163    79   192 0.87 Acyl-CoA ligase SID4 [Beauveria bassiana]
KAH8712826.1         -            643 12301at5125          -            484     2e-25   88.5   0.3   2   4   2.4e-06   0.00064   17.6   0.0   145   219   249   322   235   362 0.83 Acyl-CoA ligase SID4 [Beauveria bassiana]
KAH8712826.1         -            643 12301at5125          -            484     2e-25   88.5   0.3   3   4   5.7e-15   1.5e-12   46.0   0.0   334   435   454   561   441   570 0.88 Acyl-CoA ligase SID4 [Beauveria bassiana]
KAH8712826.1         -            643 12301at5125          -            484     2e-25   88.5   0.3   4   4   2.2e-06   0.00058   17.7   0.0   439   483   595   638   573   639 0.86 Acyl-CoA ligase SID4 [Beauveria bassiana]
KAH8721104.1         -           2379 12301at5125          -            484   1.7e-22   78.9   0.0   1   2   1.1e-11     3e-09   35.2   0.0    24   435   301   724   294   778 0.69 Nonribosomal peptide synthetase 7 [Beauveria bassiana]
KAH8721104.1         -           2379 12301at5125          -            484   1.7e-22   78.9   0.0   2   2   6.1e-13   1.6e-10   39.4   0.0    71   481  1402  1835  1389  1838 0.66 Nonribosomal peptide synthetase 7 [Beauveria bassiana]
KAH8717345.1         -            575 12301at5125          -            484   7.9e-21   73.4   0.2   1   1   9.2e-22   2.5e-19   68.4   0.2   152   479   208   554   195   559 0.70 4-coumarate--CoA ligase-like 5 [Beauveria bassiana]
KAH8717312.1         -            581 12301at5125          -            484   5.9e-20   70.5   0.1   1   2    0.0041       1.1    7.0   0.0   147   205   216   271   198   318 0.69 putative 4-coumarate--CoA ligase 1 [Beauveria bassiana]
KAH8717312.1         -            581 12301at5125          -            484   5.9e-20   70.5   0.1   2   2   1.3e-19   3.5e-17   61.4   0.0   332   482   410   571   384   573 0.80 putative 4-coumarate--CoA ligase 1 [Beauveria bassiana]
KAH8711610.1         -           4814 12301at5125          -            484   5.8e-19   67.2   0.0   1   3     2e-08   5.4e-06   24.4   0.0    64   479    79   514    53   520 0.77 Nonribosomal peptide synthetase 2 [Beauveria bassiana]
KAH8711610.1         -           4814 12301at5125          -            484   5.8e-19   67.2   0.0   2   3   7.8e-09   2.1e-06   25.8   0.0    51   477  1108  1564  1070  1570 0.65 Nonribosomal peptide synthetase 2 [Beauveria bassiana]
KAH8711610.1         -           4814 12301at5125          -            484   5.8e-19   67.2   0.0   3   3   0.00093      0.25    9.1   0.0    77   411  2747  3097  2730  3141 0.66 Nonribosomal peptide synthetase 2 [Beauveria bassiana]
KAH8718790.1         -            584 12301at5125          -            484   6.1e-19   67.2   0.9   1   3   4.1e-05     0.011   13.5   0.0    24   204    20   223    12   239 0.66 Acyl-CoA synthetase family member 3, mitochondrial [Beauveria bassiana]
KAH8718790.1         -            584 12301at5125          -            484   6.1e-19   67.2   0.9   2   3       4.3   1.1e+03   -3.0   0.0   238   257   271   290   266   296 0.88 Acyl-CoA synthetase family member 3, mitochondrial [Beauveria bassiana]
KAH8718790.1         -            584 12301at5125          -            484   6.1e-19   67.2   0.9   3   3   6.7e-16   1.8e-13   49.1   0.1   311   478   368   571   361   575 0.76 Acyl-CoA synthetase family member 3, mitochondrial [Beauveria bassiana]
KAH8721227.1         -            664 12301at5125          -            484   3.4e-18   64.7   0.1   1   2   0.00037     0.098   10.4   0.1   145   177   264   296   259   394 0.57 Acetyl-coenzyme A synthetase [Beauveria bassiana]
KAH8721227.1         -            664 12301at5125          -            484   3.4e-18   64.7   0.1   2   2   2.3e-16   6.2e-14   50.6   0.0   363   480   506   630   491   634 0.85 Acetyl-coenzyme A synthetase [Beauveria bassiana]
KAH8708076.1         -            576 12301at5125          -            484     6e-17   60.6   0.2   1   3      0.15        40    1.8   0.0    62   113    87   139    78   151 0.86 Acyl-CoA ligase sidI [Beauveria bassiana]
KAH8708076.1         -            576 12301at5125          -            484     6e-17   60.6   0.2   2   3   0.00059      0.16    9.7   0.0   145   247   199   302   163   324 0.78 Acyl-CoA ligase sidI [Beauveria bassiana]
KAH8708076.1         -            576 12301at5125          -            484     6e-17   60.6   0.2   3   3   8.4e-15   2.3e-12   45.5   0.0   336   478   401   560   374   565 0.76 Acyl-CoA ligase sidI [Beauveria bassiana]
KAH8713057.1         -            566 12301at5125          -            484   3.4e-13   48.2   0.2   1   1   1.6e-14   4.2e-12   44.6   0.2   151   479   206   561   181   565 0.66 Acyl-CoA ligase easD [Beauveria bassiana]
KAH8717945.1         -            544 12301at5125          -            484   3.7e-13   48.1   0.3   1   1   1.9e-13     5e-11   41.1   0.3   147   482   189   539   179   541 0.67 putative acyl-coenzyme A synthetase [Beauveria bassiana]
KAH8712615.1         -            673 12301at5125          -            484   5.9e-12   44.1   0.0   1   3       3.9     1e+03   -2.9   0.0    64   113   130   180   126   196 0.77 Long chain acyl-CoA synthetase 7, peroxisomal [Beauveria bassiana]
KAH8712615.1         -            673 12301at5125          -            484   5.9e-12   44.1   0.0   2   3     2e-06   0.00054   17.9   0.0   147   187   254   295   247   311 0.79 Long chain acyl-CoA synthetase 7, peroxisomal [Beauveria bassiana]
KAH8712615.1         -            673 12301at5125          -            484   5.9e-12   44.1   0.0   3   3   5.2e-08   1.4e-05   23.1   0.0   328   418   490   582   473   610 0.83 Long chain acyl-CoA synthetase 7, peroxisomal [Beauveria bassiana]
KAH8713055.1         -           4762 12301at5125          -            484   7.6e-12   43.8   0.0   1   4   2.8e-06   0.00074   17.4   0.0    26   418   593  1011   585  1028 0.67 Nonribosomal peptide synthetase easA [Beauveria bassiana]
KAH8713055.1         -           4762 12301at5125          -            484   7.6e-12   43.8   0.0   2   4     0.019       5.2    4.7   0.0   139   172  2281  2314  2155  2395 0.76 Nonribosomal peptide synthetase easA [Beauveria bassiana]
KAH8713055.1         -           4762 12301at5125          -            484   7.6e-12   43.8   0.0   3   4    0.0025      0.68    7.6   0.0    99   188  3336  3430  3253  3443 0.61 Nonribosomal peptide synthetase easA [Beauveria bassiana]
KAH8713055.1         -           4762 12301at5125          -            484   7.6e-12   43.8   0.0   4   4     0.029       7.6    4.2   0.0   335   421  3576  3678  3567  3696 0.73 Nonribosomal peptide synthetase easA [Beauveria bassiana]
KAH8713056.1         -            437 12301at5125          -            484   7.7e-12   43.7   0.1   1   2       7.8   2.1e+03   -3.9   0.0   208   238    77   109    75   122 0.72 Acyl-CoA ligase easD [Beauveria bassiana]
KAH8713056.1         -            437 12301at5125          -            484   7.7e-12   43.7   0.1   2   2   5.9e-14   1.6e-11   42.7   0.0   333   479   270   432   254   436 0.76 Acyl-CoA ligase easD [Beauveria bassiana]
KAH8711238.1         -           4446 12301at5125          -            484   5.1e-11   41.0   0.5   1   6    0.0064       1.7    6.3   0.0   145   172   180   207    44   406 0.79 Nonribosomal peptide synthetase gloA [Beauveria bassiana]
KAH8711238.1         -           4446 12301at5125          -            484   5.1e-11   41.0   0.5   2   6    0.0033       0.9    7.2   0.0   151   171  1239  1259  1232  1358 0.92 Nonribosomal peptide synthetase gloA [Beauveria bassiana]
KAH8711238.1         -           4446 12301at5125          -            484   5.1e-11   41.0   0.5   3   6       6.8   1.8e+03   -3.7   0.0   462   480  1589  1607  1576  1609 0.87 Nonribosomal peptide synthetase gloA [Beauveria bassiana]
KAH8711238.1         -           4446 12301at5125          -            484   5.1e-11   41.0   0.5   4   6   0.00046      0.12   10.1   0.0   147   172  2328  2353  2320  2371 0.87 Nonribosomal peptide synthetase gloA [Beauveria bassiana]
KAH8711238.1         -           4446 12301at5125          -            484   5.1e-11   41.0   0.5   5   6       1.4   3.8e+02   -1.4   0.0   363   417  2564  2619  2558  2643 0.78 Nonribosomal peptide synthetase gloA [Beauveria bassiana]
KAH8711238.1         -           4446 12301at5125          -            484   5.1e-11   41.0   0.5   6   6    0.0019      0.51    8.0   0.0   153   269  3425  3545  3420  3788 0.62 Nonribosomal peptide synthetase gloA [Beauveria bassiana]
KAH8710965.1         -            586 12301at5125          -            484   3.7e-10   38.2   0.2   1   1   1.5e-11     4e-09   34.8   0.2   153   482   204   576   190   578 0.68 Acyl-CoA ligase easD [Beauveria bassiana]
KAH8713234.1         -           1183 12301at5125          -            484   3.9e-10   38.1   0.5   1   3      0.18        48    1.5   0.0   105   163   125   184   120   191 0.87 putative acyl-CoA synthetase YngI [Beauveria bassiana]
KAH8713234.1         -           1183 12301at5125          -            484   3.9e-10   38.1   0.5   2   3     0.022         6    4.5   0.0   153   171   221   239   205   247 0.89 putative acyl-CoA synthetase YngI [Beauveria bassiana]
KAH8713234.1         -           1183 12301at5125          -            484   3.9e-10   38.1   0.5   3   3   1.4e-09   3.8e-07   28.3   0.0   334   437   414   519   388   570 0.73 putative acyl-CoA synthetase YngI [Beauveria bassiana]
KAH8721314.1         -           3006 12301at5125          -            484   1.1e-09   36.6   0.0   1   6      0.03       7.9    4.1   0.0   146   171   403   428   354   451 0.81 Nonribosomal peptide synthase 1 [Beauveria bassiana]
KAH8721314.1         -           3006 12301at5125          -            484   1.1e-09   36.6   0.0   2   6   0.00026      0.07   10.9   0.0   335   481   594   764   577   767 0.67 Nonribosomal peptide synthase 1 [Beauveria bassiana]
KAH8721314.1         -           3006 12301at5125          -            484   1.1e-09   36.6   0.0   3   6       3.9   1.1e+03   -2.9   0.0   448   478  1393  1423  1388  1427 0.88 Nonribosomal peptide synthase 1 [Beauveria bassiana]
KAH8721314.1         -           3006 12301at5125          -            484   1.1e-09   36.6   0.0   4   6   0.00015     0.041   11.7   0.0   141   178  2083  2119  1944  2139 0.67 Nonribosomal peptide synthase 1 [Beauveria bassiana]
KAH8721314.1         -           3006 12301at5125          -            484   1.1e-09   36.6   0.0   5   6       2.2   5.8e+02   -2.0   0.0   335   360  2279  2304  2275  2319 0.80 Nonribosomal peptide synthase 1 [Beauveria bassiana]
KAH8721314.1         -           3006 12301at5125          -            484   1.1e-09   36.6   0.0   6   6     0.097        26    2.4   0.0   446   481  2422  2456  2374  2459 0.82 Nonribosomal peptide synthase 1 [Beauveria bassiana]
KAH8712381.1         -           1903 12301at5125          -            484   1.7e-09   36.0   0.0   1   2   0.00024     0.065   11.0   0.0   146   172   447   473   404   501 0.87 Nonribosomal peptide synthetase dtxS1 [Beauveria bassiana]
KAH8712381.1         -           1903 12301at5125          -            484   1.7e-09   36.0   0.0   2   2   1.1e-07   2.8e-05   22.1   0.0   362   479   681   814   622   819 0.76 Nonribosomal peptide synthetase dtxS1 [Beauveria bassiana]
KAH8708951.1         -           1395 12301at5125          -            484   3.2e-09   35.1   0.0   1   2    0.0016      0.43    8.3   0.0   146   173   391   418   384   448 0.87 Nonribosomal peptide synthetase sidC [Beauveria bassiana]
KAH8708951.1         -           1395 12301at5125          -            484   3.2e-09   35.1   0.0   2   2     2e-08   5.5e-06   24.4   0.0   316   481   578   756   551   759 0.75 Nonribosomal peptide synthetase sidC [Beauveria bassiana]
KAH8719907.1         -            692 12301at5125          -            484   3.6e-08   31.6   0.0   1   2    0.0065       1.7    6.3   0.0   146   172   258   284   209   320 0.83 Acyl-CoA synthetase FUM16 [Beauveria bassiana]
KAH8719907.1         -            692 12301at5125          -            484   3.6e-08   31.6   0.0   2   2     5e-08   1.3e-05   23.1   0.0   336   421   504   591   484   637 0.81 Acyl-CoA synthetase FUM16 [Beauveria bassiana]
KAH8707263.1         -            704 12301at5125          -            484     4e-08   31.5   0.0   1   2      0.36        97    0.5   0.0   149   167   247   265   239   277 0.82 Uncharacterized protein HC256_010540 [Beauveria bassiana]
KAH8707263.1         -            704 12301at5125          -            484     4e-08   31.5   0.0   2   2   1.4e-09   3.8e-07   28.2   0.0   357   482   513   654   485   656 0.75 Uncharacterized protein HC256_010540 [Beauveria bassiana]
KAH8707391.1         -           3372 12301at5125          -            484   9.6e-08   30.2   0.0   1   5   0.00016     0.042   11.6   0.0   150   388   227   480   216   520 0.76 Nonribosomal peptide synthase atnA [Beauveria bassiana]
KAH8707391.1         -           3372 12301at5125          -            484   9.6e-08   30.2   0.0   2   5      0.38     1e+02    0.4   0.0   449   480   567   598   559   600 0.90 Nonribosomal peptide synthase atnA [Beauveria bassiana]
KAH8707391.1         -           3372 12301at5125          -            484   9.6e-08   30.2   0.0   3   5      0.32        84    0.7   0.0   151   171  1323  1343  1313  1356 0.83 Nonribosomal peptide synthase atnA [Beauveria bassiana]
KAH8707391.1         -           3372 12301at5125          -            484   9.6e-08   30.2   0.0   4   5   0.00052      0.14    9.9   0.0    74   172  2348  2451  2336  2473 0.80 Nonribosomal peptide synthase atnA [Beauveria bassiana]
KAH8707391.1         -           3372 12301at5125          -            484   9.6e-08   30.2   0.0   5   5       5.3   1.4e+03   -3.3   0.0   335   360  2615  2640  2613  2642 0.92 Nonribosomal peptide synthase atnA [Beauveria bassiana]
KAH8710736.1         -           3146 12301at5125          -            484   1.8e-07   29.3   0.2   1   4     0.013       3.6    5.2   0.0   138   172   617   652   597   661 0.77 Beauvericin nonribosomal cyclodepsipeptide synthetase [Beauveria bassiana]
KAH8710736.1         -           3146 12301at5125          -            484   1.8e-07   29.3   0.2   2   4     0.012       3.3    5.4   0.0   366   479   861   994   848   998 0.63 Beauvericin nonribosomal cyclodepsipeptide synthetase [Beauveria bassiana]
KAH8710736.1         -           3146 12301at5125          -            484   1.8e-07   29.3   0.2   3   4    0.0013      0.36    8.6   0.0   134   182  1686  1745  1670  1822 0.79 Beauvericin nonribosomal cyclodepsipeptide synthetase [Beauveria bassiana]
KAH8710736.1         -           3146 12301at5125          -            484   1.8e-07   29.3   0.2   4   4     0.047        12    3.5   0.0   438   482  2455  2498  2436  2500 0.84 Beauvericin nonribosomal cyclodepsipeptide synthetase [Beauveria bassiana]
KAH8715860.1         -           1495 12301at5125          -            484   2.6e-07   28.8   0.0   1   2   0.00017     0.045   11.5   0.0   149   264   391   505   387   528 0.66 Nonribosomal peptide synthetase sidC [Beauveria bassiana]
KAH8715860.1         -           1495 12301at5125          -            484   2.6e-07   28.8   0.0   2   2   1.4e-05    0.0038   15.1   0.0   337   479   596   752   556   757 0.76 Nonribosomal peptide synthetase sidC [Beauveria bassiana]
KAH8717614.1         -            540 12301at5125          -            484     7e-07   27.4   0.2   1   4         3   8.1e+02   -2.5   0.0    64   120    60   117    37   125 0.68 Acyl-CoA ligase azaF [Beauveria bassiana]
KAH8717614.1         -            540 12301at5125          -            484     7e-07   27.4   0.2   2   4       5.4   1.5e+03   -3.4   0.0   155   176   181   202   178   231 0.71 Acyl-CoA ligase azaF [Beauveria bassiana]
KAH8717614.1         -            540 12301at5125          -            484     7e-07   27.4   0.2   3   4       3.9     1e+03   -2.9   0.0   427   457   240   271   211   286 0.79 Acyl-CoA ligase azaF [Beauveria bassiana]
KAH8717614.1         -            540 12301at5125          -            484     7e-07   27.4   0.2   4   4   1.2e-08   3.2e-06   25.2   0.0   336   478   372   525   351   529 0.79 Acyl-CoA ligase azaF [Beauveria bassiana]
KAH8716524.1         -           1289 12301at5125          -            484     1e-06   26.8   0.0   1   2    0.0034      0.91    7.2   0.0   148   175   157   184    45   213 0.75 Linear gramicidin synthase subunit D [Beauveria bassiana]
KAH8716524.1         -           1289 12301at5125          -            484     1e-06   26.8   0.0   2   2   2.9e-06   0.00078   17.3   0.0   336   432   353   458   339   512 0.85 Linear gramicidin synthase subunit D [Beauveria bassiana]
KAH8718817.1         -            654 12301at5125          -            484   1.9e-06   26.0   0.0   1   2     0.098        26    2.4   0.0   149   241   224   315   108   350 0.63 Fatty acid transporter protein [Beauveria bassiana]
KAH8718817.1         -            654 12301at5125          -            484   1.9e-06   26.0   0.0   2   2   1.8e-07   4.7e-05   21.3   0.0   347   479   461   609   456   613 0.74 Fatty acid transporter protein [Beauveria bassiana]
KAH8718725.1         -           1103 12301at5125          -            484   2.5e-06   25.5   0.0   1   2   0.00075       0.2    9.4   0.0   146   176   395   425   385   450 0.90 Nonribosomal peptide synthetase sidC [Beauveria bassiana]
KAH8718725.1         -           1103 12301at5125          -            484   2.5e-06   25.5   0.0   2   2   3.1e-05    0.0082   14.0   0.0   362   483   632   764   580   765 0.60 Nonribosomal peptide synthetase sidC [Beauveria bassiana]
KAH8719607.1         -           3848 12301at5125          -            484   3.2e-06   25.2   0.0   1   6     0.011       3.1    5.5   0.0   147   188   419   460   405   505 0.83 Nonribosomal peptide synthase atnA [Beauveria bassiana]
KAH8719607.1         -           3848 12301at5125          -            484   3.2e-06   25.2   0.0   2   6     0.026       6.9    4.3   0.0   446   480   764   798   713   801 0.91 Nonribosomal peptide synthase atnA [Beauveria bassiana]
KAH8719607.1         -           3848 12301at5125          -            484   3.2e-06   25.2   0.0   3   6     0.057        15    3.2   0.0   152   174  1991  2013  1981  2038 0.80 Nonribosomal peptide synthase atnA [Beauveria bassiana]
KAH8719607.1         -           3848 12301at5125          -            484   3.2e-06   25.2   0.0   4   6      0.24        63    1.1   0.0   334   385  2174  2239  2151  2255 0.72 Nonribosomal peptide synthase atnA [Beauveria bassiana]
KAH8719607.1         -           3848 12301at5125          -            484   3.2e-06   25.2   0.0   5   6      0.19        51    1.4   0.0   448   481  2330  2363  2315  2366 0.88 Nonribosomal peptide synthase atnA [Beauveria bassiana]
KAH8719607.1         -           3848 12301at5125          -            484   3.2e-06   25.2   0.0   6   6       1.6   4.3e+02   -1.6   0.0   446   482  3365  3401  3358  3403 0.90 Nonribosomal peptide synthase atnA [Beauveria bassiana]
KAH8716199.1         -           1671 12301at5125          -            484   3.4e-05   21.8   0.0   1   2    0.0024      0.65    7.7   0.0   144   247   408   513   342   539 0.61 Hybrid PKS-NRPS synthetase TAS1 [Beauveria bassiana]
KAH8716199.1         -           1671 12301at5125          -            484   3.4e-05   21.8   0.0   2   2   0.00013     0.035   11.9   0.0   333   478   604   754   595   759 0.84 Hybrid PKS-NRPS synthetase TAS1 [Beauveria bassiana]
KAH8717277.1         -           3190 12301at5125          -            484   0.00019   19.4   0.2   1   4       0.2        54    1.4   0.0   149   172   646   669   601   681 0.78 Beauvericin nonribosomal cyclodepsipeptide synthetase [Beauveria bassiana]
KAH8717277.1         -           3190 12301at5125          -            484   0.00019   19.4   0.2   2   4      0.08        21    2.7   0.0   357   479   867  1012   816  1016 0.57 Beauvericin nonribosomal cyclodepsipeptide synthetase [Beauveria bassiana]
KAH8717277.1         -           3190 12301at5125          -            484   0.00019   19.4   0.2   3   4    0.0098       2.6    5.7   0.0   148   172  1744  1768  1727  1778 0.80 Beauvericin nonribosomal cyclodepsipeptide synthetase [Beauveria bassiana]
KAH8717277.1         -           3190 12301at5125          -            484   0.00019   19.4   0.2   4   4     0.082        22    2.7   0.0   449   482  2507  2540  2497  2542 0.88 Beauvericin nonribosomal cyclodepsipeptide synthetase [Beauveria bassiana]
KAH8708333.1         -           3896 12301at5125          -            484   0.00037   18.4   0.0   1   1   2.6e-06    0.0007   17.5   0.0    56   172  2966  3088  2941  3128 0.77 PKS-NRPS hybrid synthetase psoA [Beauveria bassiana]
KAH8710331.1         -            548 12301at5125          -            484   0.00042   18.2   0.0   1   2     0.064        17    3.0   0.0   145   169   172   196   102   221 0.86 Acyl-CoA synthetase family member 3, mitochondrial [Beauveria bassiana]
KAH8710331.1         -            548 12301at5125          -            484   0.00042   18.2   0.0   2   2   7.2e-05     0.019   12.7   0.0   349   475   377   513   373   522 0.69 Acyl-CoA synthetase family member 3, mitochondrial [Beauveria bassiana]
KAH8721126.1         -           1343 12301at5125          -            484   0.00058   17.8   0.2   1   1   6.1e-06    0.0016   16.3   0.2    63   173   101   203    98   213 0.74 Bacitracin synthase 3 [Beauveria bassiana]
KAH8720334.1         -           1254 12301at5125          -            484     0.002   16.0   0.0   1   3      0.39   1.1e+02    0.4   0.0   153   171   353   371   346   380 0.86 Nonribosomal peptide synthetase 6 [Beauveria bassiana]
KAH8720334.1         -           1254 12301at5125          -            484     0.002   16.0   0.0   2   3       1.2   3.2e+02   -1.2   0.0   364   413   577   627   519   657 0.77 Nonribosomal peptide synthetase 6 [Beauveria bassiana]
KAH8720334.1         -           1254 12301at5125          -            484     0.002   16.0   0.0   3   3   0.00018     0.048   11.4   0.0   448   481   687   720   670   722 0.87 Nonribosomal peptide synthetase 6 [Beauveria bassiana]
KAH8709939.1         -           3350 12301at5125          -            484    0.0027   15.6   0.1   1   1   2.4e-05    0.0064   14.3   0.1    50   174  2934  3073  2911  3088 0.67 Polyketide synthase-nonribosomal peptide synthetase [Beauveria bassiana]
KAH8711558.1         -           1011 12301at5125          -            484    0.0044   14.8   0.0   1   2     0.013       3.6    5.2   0.0    63   171    90   208    36   215 0.55 Adenylate-forming reductase [Beauveria bassiana]
KAH8711558.1         -           1011 12301at5125          -            484    0.0044   14.8   0.0   2   2    0.0031      0.83    7.3   0.0   365   482   406   519   378   521 0.88 Adenylate-forming reductase [Beauveria bassiana]
KAH8719096.1         -            870 12301at5125          -            484     0.013   13.3   0.0   1   3     0.037       9.8    3.8   0.0   145   173   485   513   426   544 0.81 Nonribosomal peptide synthetase dtxS1 [Beauveria bassiana]
KAH8719096.1         -            870 12301at5125          -            484     0.013   13.3   0.0   2   3       2.1   5.5e+02   -2.0   0.0   363   402   720   759   715   777 0.75 Nonribosomal peptide synthetase dtxS1 [Beauveria bassiana]
KAH8719096.1         -            870 12301at5125          -            484     0.013   13.3   0.0   3   3    0.0072       1.9    6.1   0.0   448   480   824   856   790   859 0.88 Nonribosomal peptide synthetase dtxS1 [Beauveria bassiana]
KAH8711728.1         -           1040 12301at5125          -            484     0.048   11.4   0.0   1   2      0.23        60    1.2   0.0   147   209   178   249   171   276 0.66 Non-canonical non-ribosomal peptide synthetase FUB8 [Beauveria bassiana]
KAH8711728.1         -           1040 12301at5125          -            484     0.048   11.4   0.0   2   2    0.0026      0.69    7.6   0.0   366   418   395   450   386   456 0.86 Non-canonical non-ribosomal peptide synthetase FUB8 [Beauveria bassiana]
#
# Program:         hmmsearch
# Version:         3.1b2 (February 2015)
# Pipeline mode:   SEARCH
# Query file:      /home/zack/funannotate_db/hypocreales_odb10/hmms/12301at5125.hmm
# Target file:     /home/zack/Desktop/IsariaPreferralGenome/MyGenomeSubmittedToNCBI/HypocrealesProteinSets/Bbassiana_JEF-350_protein.faa
# Option settings: hmmsearch --domtblout /home/zack/Desktop/IsariaPreferralGenome/MyGenomeSubmittedToNCBI/HypocrealesProteinSets/BUSCO_AA_all/BUSCO_AA_Bbassiana_JEF-350/run_hypocreales_odb10/hmmer_output/initial_run_results/12301at5125.out --cpu 1 /home/zack/funannotate_db/hypocreales_odb10/hmms/12301at5125.hmm /home/zack/Desktop/IsariaPreferralGenome/MyGenomeSubmittedToNCBI/HypocrealesProteinSets/Bbassiana_JEF-350_protein.faa 
# Current dir:     /home/zack/Desktop/IsariaPreferralGenome/MyGenomeSubmittedToNCBI/HypocrealesProteinSets/BUSCO_AA_all
# Date:            Mon Mar  4 14:23:40 2024
# [ok]
