#                                                                            --- full sequence --- -------------- this domain -------------   hmm coord   ali coord   env coord
# target name        accession   tlen query name           accession   qlen   E-value  score  bias   #  of  c-Evalue  i-Evalue  score  bias  from    to  from    to  from    to  acc description of target
#------------------- ---------- ----- -------------------- ---------- ----- --------- ------ ----- --- --- --------- --------- ------ ----- ----- ----- ----- ----- ----- ----- ---- ---------------------
KAH8711066.1         -            945 19318at5125          -            430    2e-154  514.0  61.4   1  10   0.00038       1.4    7.0   0.6     2    21    86   105    85   109 0.91 Protein red1 [Beauveria bassiana]
KAH8711066.1         -            945 19318at5125          -            430    2e-154  514.0  61.4   2  10   2.2e-07   0.00082   17.7   0.3    12    42   118   151   109   153 0.77 Protein red1 [Beauveria bassiana]
KAH8711066.1         -            945 19318at5125          -            430    2e-154  514.0  61.4   3  10   8.2e-19   3.1e-15   55.3   0.0    33    88   173   228   169   261 0.83 Protein red1 [Beauveria bassiana]
KAH8711066.1         -            945 19318at5125          -            430    2e-154  514.0  61.4   4  10   4.6e-18   1.7e-14   52.9   9.8    83   147   263   341   257   350 0.79 Protein red1 [Beauveria bassiana]
KAH8711066.1         -            945 19318at5125          -            430    2e-154  514.0  61.4   5  10   2.1e-12     8e-09   34.2   0.1   129   178   392   442   362   445 0.84 Protein red1 [Beauveria bassiana]
KAH8711066.1         -            945 19318at5125          -            430    2e-154  514.0  61.4   6  10   3.1e-12   1.2e-08   33.7   1.3   181   220   473   512   458   515 0.85 Protein red1 [Beauveria bassiana]
KAH8711066.1         -            945 19318at5125          -            430    2e-154  514.0  61.4   7  10    0.0085        32    2.6   0.3   204   232   518   545   514   548 0.84 Protein red1 [Beauveria bassiana]
KAH8711066.1         -            945 19318at5125          -            430    2e-154  514.0  61.4   8  10   9.2e-21   3.4e-17   61.8   7.9   205   268   545   607   528   619 0.86 Protein red1 [Beauveria bassiana]
KAH8711066.1         -            945 19318at5125          -            430    2e-154  514.0  61.4   9  10      0.17   6.4e+02   -1.7   0.1   263   287   704   736   691   754 0.58 Protein red1 [Beauveria bassiana]
KAH8711066.1         -            945 19318at5125          -            430    2e-154  514.0  61.4  10  10   3.8e-86   1.4e-82  277.2   0.0   266   430   783   945   747   945 0.89 Protein red1 [Beauveria bassiana]
KAH8711065.1         -            932 19318at5125          -            430  3.2e-152  506.7  62.4   1  10   0.00037       1.4    7.0   0.6     2    21    86   105    85   109 0.91 Protein red1 [Beauveria bassiana]
KAH8711065.1         -            932 19318at5125          -            430  3.2e-152  506.7  62.4   2  10   2.2e-07   0.00081   17.7   0.3    12    42   118   151   109   153 0.77 Protein red1 [Beauveria bassiana]
KAH8711065.1         -            932 19318at5125          -            430  3.2e-152  506.7  62.4   3  10     8e-19     3e-15   55.4   0.0    33    88   173   228   169   261 0.83 Protein red1 [Beauveria bassiana]
KAH8711065.1         -            932 19318at5125          -            430  3.2e-152  506.7  62.4   4  10   4.5e-18   1.7e-14   52.9   9.8    83   147   263   341   257   350 0.79 Protein red1 [Beauveria bassiana]
KAH8711065.1         -            932 19318at5125          -            430  3.2e-152  506.7  62.4   5  10   2.1e-12   7.7e-09   34.2   0.1   129   178   392   442   361   445 0.84 Protein red1 [Beauveria bassiana]
KAH8711065.1         -            932 19318at5125          -            430  3.2e-152  506.7  62.4   6  10     3e-12   1.1e-08   33.7   1.3   181   220   473   512   458   515 0.85 Protein red1 [Beauveria bassiana]
KAH8711065.1         -            932 19318at5125          -            430  3.2e-152  506.7  62.4   7  10    0.0079        30    2.7   0.3   204   232   518   545   512   548 0.84 Protein red1 [Beauveria bassiana]
KAH8711065.1         -            932 19318at5125          -            430  3.2e-152  506.7  62.4   8  10     9e-21   3.4e-17   61.8   7.9   205   268   545   607   528   619 0.86 Protein red1 [Beauveria bassiana]
KAH8711065.1         -            932 19318at5125          -            430  3.2e-152  506.7  62.4   9  10      0.21     8e+02   -2.1   0.3   262   287   703   736   690   748 0.56 Protein red1 [Beauveria bassiana]
KAH8711065.1         -            932 19318at5125          -            430  3.2e-152  506.7  62.4  10  10     4e-84   1.5e-80  270.5   0.0   280   430   782   932   763   932 0.93 Protein red1 [Beauveria bassiana]
KAH8718120.1         -            752 19318at5125          -            430       2.2    6.4   6.6   1   2   2.6e-05     0.096   10.9   0.6   171   203   424   456   417   473 0.76 Grainyhead-like protein 2 [Beauveria bassiana]
KAH8718120.1         -            752 19318at5125          -            430       2.2    6.4   6.6   2   2      0.35   1.3e+03   -2.8   0.9   248   287   695   734   666   743 0.66 Grainyhead-like protein 2 [Beauveria bassiana]
#
# Program:         hmmsearch
# Version:         3.1b2 (February 2015)
# Pipeline mode:   SEARCH
# Query file:      /home/zack/funannotate_db/hypocreales_odb10/hmms/19318at5125.hmm
# Target file:     /home/zack/Desktop/IsariaPreferralGenome/MyGenomeSubmittedToNCBI/HypocrealesProteinSets/Bbassiana_JEF-350_protein.faa
# Option settings: hmmsearch --domtblout /home/zack/Desktop/IsariaPreferralGenome/MyGenomeSubmittedToNCBI/HypocrealesProteinSets/BUSCO_AA_all/BUSCO_AA_Bbassiana_JEF-350/run_hypocreales_odb10/hmmer_output/initial_run_results/19318at5125.out --cpu 1 /home/zack/funannotate_db/hypocreales_odb10/hmms/19318at5125.hmm /home/zack/Desktop/IsariaPreferralGenome/MyGenomeSubmittedToNCBI/HypocrealesProteinSets/Bbassiana_JEF-350_protein.faa 
# Current dir:     /home/zack/Desktop/IsariaPreferralGenome/MyGenomeSubmittedToNCBI/HypocrealesProteinSets/BUSCO_AA_all
# Date:            Mon Mar  4 14:23:39 2024
# [ok]
