#                                                                            --- full sequence --- -------------- this domain -------------   hmm coord   ali coord   env coord
# target name        accession   tlen query name           accession   qlen   E-value  score  bias   #  of  c-Evalue  i-Evalue  score  bias  from    to  from    to  from    to  acc description of target
#------------------- ---------- ----- -------------------- ---------- ----- --------- ------ ----- --- --- --------- --------- ------ ----- ----- ----- ----- ----- ----- ----- ---- ---------------------
KAH8720960.1         -            513 20952at5125          -            432  6.6e-248  821.9  15.3   1   2  2.2e-120  4.1e-117  390.9   3.4     1   178     2   179     2   186 0.99 Coatomer subunit delta [Beauveria bassiana]
KAH8720960.1         -            513 20952at5125          -            432  6.6e-248  821.9  15.3   2   2  7.5e-134  1.4e-130  435.3   4.1   171   417   198   477   190   513 0.91 Coatomer subunit delta [Beauveria bassiana]
KAH8716605.1         -            446 20952at5125          -            432   2.5e-08   32.5   0.1   1   1   2.3e-11   4.2e-08   31.7   0.1    11   144    11   146     4   171 0.89 AP-1 complex subunit mu-1 [Beauveria bassiana]
KAH8718319.1         -            143 20952at5125          -            432   7.7e-05   21.0   0.1   1   1   4.6e-08   8.5e-05   20.8   0.1    32   127    35   130     4   141 0.81 AP-2 complex subunit sigma [Beauveria bassiana]
KAH8721453.1         -            457 20952at5125          -            432     0.003   15.7   0.0   1   1   3.1e-06    0.0058   14.8   0.0     9   137     9   136     2   165 0.85 AP-2 complex subunit mu [Beauveria bassiana]
KAH8711413.1         -            190 20952at5125          -            432     0.055   11.6   0.0   1   1   3.5e-05     0.066   11.3   0.0    36   120    54   141    34   155 0.85 AP-3 complex subunit sigma [Beauveria bassiana]
KAH8720122.1         -            383 20952at5125          -            432      0.16   10.0   0.0   1   1   0.00012      0.22    9.5   0.0   333   387   291   345   278   362 0.90 Uncharacterized protein HC256_000530 [Beauveria bassiana]
#
# Program:         hmmsearch
# Version:         3.1b2 (February 2015)
# Pipeline mode:   SEARCH
# Query file:      /home/zack/funannotate_db/hypocreales_odb10/hmms/20952at5125.hmm
# Target file:     /home/zack/Desktop/IsariaPreferralGenome/MyGenomeSubmittedToNCBI/HypocrealesProteinSets/Bbassiana_JEF-350_protein.faa
# Option settings: hmmsearch --domtblout /home/zack/Desktop/IsariaPreferralGenome/MyGenomeSubmittedToNCBI/HypocrealesProteinSets/BUSCO_AA_all/BUSCO_AA_Bbassiana_JEF-350/run_hypocreales_odb10/hmmer_output/initial_run_results/20952at5125.out --cpu 1 /home/zack/funannotate_db/hypocreales_odb10/hmms/20952at5125.hmm /home/zack/Desktop/IsariaPreferralGenome/MyGenomeSubmittedToNCBI/HypocrealesProteinSets/Bbassiana_JEF-350_protein.faa 
# Current dir:     /home/zack/Desktop/IsariaPreferralGenome/MyGenomeSubmittedToNCBI/HypocrealesProteinSets/BUSCO_AA_all
# Date:            Mon Mar  4 14:24:09 2024
# [ok]
