#                                                                            --- full sequence --- -------------- this domain -------------   hmm coord   ali coord   env coord
# target name        accession   tlen query name           accession   qlen   E-value  score  bias   #  of  c-Evalue  i-Evalue  score  bias  from    to  from    to  from    to  acc description of target
#------------------- ---------- ----- -------------------- ---------- ----- --------- ------ ----- --- --- --------- --------- ------ ----- ----- ----- ----- ----- ----- ----- ---- ---------------------
KAH8716224.1         -            656 2198at5125           -            616  4.3e-300  995.7  13.1   1   2    0.0015       2.4    5.7   1.4    55    75     1    22     1    55 0.86 WSC domain-containing protein [Beauveria bassiana]
KAH8716224.1         -            656 2198at5125           -            616  4.3e-300  995.7  13.1   2   2  5.5e-303  8.8e-300  994.7   4.5    79   616    70   656    65   656 0.96 WSC domain-containing protein [Beauveria bassiana]
KAH8709728.1         -           1573 2198at5125           -            616   3.2e-23   81.2  51.4   1   4   1.3e-08   2.1e-05   22.3   5.8    11    68   944  1005   938  1014 0.86 WSC domain-containing protein [Beauveria bassiana]
KAH8709728.1         -           1573 2198at5125           -            616   3.2e-23   81.2  51.4   2   4   9.3e-10   1.5e-06   26.1   6.5    16    73  1063  1126  1052  1133 0.84 WSC domain-containing protein [Beauveria bassiana]
KAH8709728.1         -           1573 2198at5125           -            616   3.2e-23   81.2  51.4   3   4   1.5e-10   2.4e-07   28.8  10.8    16   116  1236  1340  1204  1398 0.74 WSC domain-containing protein [Beauveria bassiana]
KAH8709728.1         -           1573 2198at5125           -            616   3.2e-23   81.2  51.4   4   4   1.7e-08   2.7e-05   22.0   3.4    81   130  1491  1554  1473  1567 0.71 WSC domain-containing protein [Beauveria bassiana]
KAH8716089.1         -            827 2198at5125           -            616   2.2e-19   68.5  14.7   1   2     7e-11   1.1e-07   29.8   5.3    16    73    62   123    54   151 0.87 WSC domain-containing protein [Beauveria bassiana]
KAH8716089.1         -            827 2198at5125           -            616   2.2e-19   68.5  14.7   2   2   4.9e-15   7.8e-12   43.6   1.9    16    73   169   231   165   239 0.86 WSC domain-containing protein [Beauveria bassiana]
KAH8717485.1         -            684 2198at5125           -            616   1.7e-12   45.7   0.2   1   2      0.27   4.4e+02   -1.8   0.0   253   488   315   344   303   359 0.55 Galactose oxidase [Beauveria bassiana]
KAH8717485.1         -            684 2198at5125           -            616   1.7e-12   45.7   0.2   2   2   3.5e-15   5.5e-12   44.1   0.1   397   593   481   680   474   683 0.83 Galactose oxidase [Beauveria bassiana]
KAH8716227.1         -            153 2198at5125           -            616   6.3e-10   37.3   9.7   1   1   1.4e-12   2.2e-09   35.5   9.7     5    74    40   130    37   135 0.79 WSC domain-containing protein [Beauveria bassiana]
KAH8715797.1         -            632 2198at5125           -            616   2.1e-09   35.6   3.6   1   1   2.4e-12   3.9e-09   34.7   3.6    78   131   548   606   495   620 0.82 WSC domain-containing protein [Beauveria bassiana]
KAH8717672.1         -            167 2198at5125           -            616   6.5e-08   30.6   3.8   1   1   4.8e-11   7.6e-08   30.4   3.8    16    74    71   137    35   157 0.66 WSC domain-containing protein [Beauveria bassiana]
#
# Program:         hmmsearch
# Version:         3.1b2 (February 2015)
# Pipeline mode:   SEARCH
# Query file:      /home/zack/funannotate_db/hypocreales_odb10/hmms/2198at5125.hmm
# Target file:     /home/zack/Desktop/IsariaPreferralGenome/MyGenomeSubmittedToNCBI/HypocrealesProteinSets/Bbassiana_JEF-350_protein.faa
# Option settings: hmmsearch --domtblout /home/zack/Desktop/IsariaPreferralGenome/MyGenomeSubmittedToNCBI/HypocrealesProteinSets/BUSCO_AA_all/BUSCO_AA_Bbassiana_JEF-350/run_hypocreales_odb10/hmmer_output/initial_run_results/2198at5125.out --cpu 1 /home/zack/funannotate_db/hypocreales_odb10/hmms/2198at5125.hmm /home/zack/Desktop/IsariaPreferralGenome/MyGenomeSubmittedToNCBI/HypocrealesProteinSets/Bbassiana_JEF-350_protein.faa 
# Current dir:     /home/zack/Desktop/IsariaPreferralGenome/MyGenomeSubmittedToNCBI/HypocrealesProteinSets/BUSCO_AA_all
# Date:            Mon Mar  4 14:24:01 2024
# [ok]
