#                                                                            --- full sequence --- -------------- this domain -------------   hmm coord   ali coord   env coord
# target name        accession   tlen query name           accession   qlen   E-value  score  bias   #  of  c-Evalue  i-Evalue  score  bias  from    to  from    to  from    to  acc description of target
#------------------- ---------- ----- -------------------- ---------- ----- --------- ------ ----- --- --- --------- --------- ------ ----- ----- ----- ----- ----- ----- ----- ---- ---------------------
KAH8717477.1         -            440 23574at5125          -            432  3.4e-301  997.4   1.7   1   1  1.1e-303  3.8e-301  997.3   1.7     1   432     2   440     2   440 0.99 26S proteasome regulatory subunit 7 [Beauveria bassiana]
KAH8720411.1         -            818 23574at5125          -            432    6e-116  387.0   0.1   1   2   9.4e-65   3.4e-62  209.9   0.1   169   402   215   445   208   471 0.93 Cell division control protein 48 [Beauveria bassiana]
KAH8720411.1         -            818 23574at5125          -            432    6e-116  387.0   0.1   2   2     4e-54   1.5e-51  174.9   0.0   162   398   482   718   461   739 0.94 Cell division control protein 48 [Beauveria bassiana]
KAH8711499.1         -            389 23574at5125          -            432  1.4e-106  356.2   0.2   1   1  5.1e-109  1.8e-106  355.8   0.2   108   417    66   375    57   383 0.98 26S proteasome regulatory subunit 8 [Beauveria bassiana]
KAH8720211.1         -            391 23574at5125          -            432   1.3e-95  320.1   0.2   1   1   4.5e-98   1.6e-95  319.7   0.2   106   417    67   378    36   389 0.95 putative 26S proteasome subunit rpt4 [Beauveria bassiana]
KAH8708990.1         -            458 23574at5125          -            432   6.5e-91  304.5   0.2   1   1   2.6e-93   9.5e-91  304.0   0.2   130   415   161   446   130   457 0.95 26S proteasome regulatory subunit 6A [Beauveria bassiana]
KAH8708229.1         -            458 23574at5125          -            432   9.5e-90  300.7   0.2   1   1   3.1e-92   1.1e-89  300.5   0.2   128   419   157   448    83   457 0.95 26S proteasome regulatory subunit 4 [Beauveria bassiana]
KAH8707465.1         -            422 23574at5125          -            432     1e-87  294.0   0.1   1   1   3.8e-90   1.4e-87  293.6   0.1   120   421   112   414    97   421 0.93 26S proteasome regulatory subunit 6B [Beauveria bassiana]
KAH8720021.1         -            735 23574at5125          -            432   4.7e-61  206.2   0.0   1   1   1.9e-63   6.8e-61  205.6   0.0   167   421   253   503   242   509 0.95 Mitochondrial inner membrane i-AAA protease supercomplex subunit YME1 [Beauveria bassiana]
KAH8711324.1         -            884 23574at5125          -            432   4.6e-55  186.4   0.3   1   1   2.1e-57   7.5e-55  185.7   0.3   166   418   384   639   376   645 0.94 Mitochondrial respiratory chain complexes assembly protein YTA12 [Beauveria bassiana]
KAH8716110.1         -           1549 23574at5125          -            432   5.4e-52  176.3   0.0   1   1   2.8e-54     1e-51  175.4   0.0   170   398   549   778   543   800 0.90 Tat-binding 7 [Beauveria bassiana]
KAH8713197.1         -            733 23574at5125          -            432   3.5e-50  170.3   0.0   1   2   2.4e-07   8.8e-05   20.7   0.0   210   391   211   389   194   403 0.81 putative AAA domain-containing protein C16E9.10c [Beauveria bassiana]
KAH8713197.1         -            733 23574at5125          -            432   3.5e-50  170.3   0.0   2   2     1e-45   3.7e-43  147.2   0.0   156   397   438   686   414   694 0.86 putative AAA domain-containing protein C16E9.10c [Beauveria bassiana]
KAH8713771.1         -            764 23574at5125          -            432   6.9e-45  152.9   0.1   1   1   3.4e-47   1.2e-44  152.0   0.1   205   396   517   711   466   721 0.85 ATPase family 2 protein [Beauveria bassiana]
KAH8715636.1         -           1220 23574at5125          -            432   7.1e-43  146.3   0.0   1   2   1.3e-06   0.00048   18.3   0.1   210   369   539   710   528   732 0.77 Peroxisome biosynthesis protein PAS1 [Beauveria bassiana]
KAH8715636.1         -           1220 23574at5125          -            432   7.1e-43  146.3   0.0   2   2   3.6e-39   1.3e-36  125.6   0.0   170   397   830  1059   818  1069 0.91 Peroxisome biosynthesis protein PAS1 [Beauveria bassiana]
KAH8709635.1         -            830 23574at5125          -            432   2.8e-41  141.0   0.0   1   2   5.2e-40   1.9e-37  128.4   0.0   183   402   311   543   290   563 0.82 Vesicular-fusion protein sec18 [Beauveria bassiana]
KAH8709635.1         -            830 23574at5125          -            432   2.8e-41  141.0   0.0   2   2   0.00032      0.12   10.4   0.0   210   281   620   693   593   742 0.78 Vesicular-fusion protein sec18 [Beauveria bassiana]
KAH8708129.1         -           1378 23574at5125          -            432   1.9e-39  134.9   0.0   1   1   1.1e-41   3.8e-39  134.0   0.0   168   398   991  1224   984  1239 0.89 Peroxisomal biogenesis factor 6 [Beauveria bassiana]
KAH8709238.1         -            431 23574at5125          -            432     2e-37  128.3   0.0   1   1   7.4e-40   2.7e-37  127.9   0.0   163   396   118   347   108   365 0.85 Vacuolar protein sorting-associated protein 4 [Beauveria bassiana]
KAH8720234.1         -            883 23574at5125          -            432   2.9e-36  124.5   0.0   1   1   1.2e-38   4.5e-36  123.8   0.0   162   396   457   690   448   707 0.87 ATPase family AAA domain-containing protein 1-A [Beauveria bassiana]
KAH8720926.1         -           1001 23574at5125          -            432   1.8e-32  112.0   0.0   1   1   7.9e-35   2.9e-32  111.3   0.0   167   404   687   921   679   924 0.91 ATPase family AAA domain-containing protein 1 [Beauveria bassiana]
KAH8719075.1         -            427 23574at5125          -            432   7.9e-32  109.9   0.0   1   1   2.8e-34     1e-31  109.5   0.0   163   398   112   351    77   362 0.89 Protein MSP1 [Beauveria bassiana]
KAH8718048.1         -            820 23574at5125          -            432   2.4e-28   98.4   0.0   1   1     1e-30   3.8e-28   97.7   0.0   143   306   497   661   479   725 0.84 putative AAA domain-containing protein [Beauveria bassiana]
KAH8710660.1         -            454 23574at5125          -            432   4.5e-15   54.6   0.0   1   1   1.9e-17   6.8e-15   54.0   0.0   200   354   225   380   202   387 0.82 putative mitochondrial chaperone BCS1-B [Beauveria bassiana]
KAH8709450.1         -            609 23574at5125          -            432   2.2e-13   49.1   0.0   1   1   1.1e-15   3.9e-13   48.3   0.0   200   355   302   459   292   465 0.77 putative mitochondrial chaperone BCS1-B [Beauveria bassiana]
KAH8707834.1         -            428 23574at5125          -            432   5.3e-13   47.8   0.1   1   1   5.3e-15   1.9e-12   46.0   0.1   209   348   172   304   168   324 0.81 putative mitochondrial chaperone BCS1-B [Beauveria bassiana]
KAH8718728.1         -            482 23574at5125          -            432   1.9e-05   22.9   0.0   1   1   3.2e-07   0.00012   20.3   0.0   200   358   219   366   211   389 0.76 putative ATPase YjoB [Beauveria bassiana]
KAH8716069.1         -            589 23574at5125          -            432     8e-05   20.9   0.0   1   1   3.3e-07   0.00012   20.3   0.0   188   285   182   279   174   313 0.80 ATPase WRNIP1 C26H5.02c [Beauveria bassiana]
KAH8708968.1         -            424 23574at5125          -            432   9.6e-05   20.6   0.1   1   1   4.2e-07   0.00015   20.0   0.1   270   338   254   322   246   328 0.90 Mitochondrial chaperone BCS1 [Beauveria bassiana]
KAH8713593.1         -           2283 23574at5125          -            432   0.00015   19.9   1.7   1   3         4   1.4e+03   -3.0   0.1   211   224   483   496   481   502 0.80 NFX1-type zinc finger-containing protein 1 [Beauveria bassiana]
KAH8713593.1         -           2283 23574at5125          -            432   0.00015   19.9   1.7   2   3      0.16        58    1.6   0.0   209   236  1310  1337  1293  1414 0.70 NFX1-type zinc finger-containing protein 1 [Beauveria bassiana]
KAH8713593.1         -           2283 23574at5125          -            432   0.00015   19.9   1.7   3   3   5.3e-06    0.0019   16.3   0.0   200   288  1855  1951  1830  1990 0.72 NFX1-type zinc finger-containing protein 1 [Beauveria bassiana]
KAH8720097.1         -            935 23574at5125          -            432   0.00051   18.2   0.0   1   2       3.5   1.3e+03   -2.8   0.0   212   226   237   251   230   259 0.84 Stage V sporulation protein K [Beauveria bassiana]
KAH8720097.1         -            935 23574at5125          -            432   0.00051   18.2   0.0   2   2   3.5e-06    0.0013   16.9   0.0   202   287   501   594   468   642 0.69 Stage V sporulation protein K [Beauveria bassiana]
KAH8708891.1         -            815 23574at5125          -            432   0.00094   17.3   0.0   1   1   3.9e-06    0.0014   16.7   0.0   195   283   566   652   555   705 0.79 Fidgetin-like protein 1 [Beauveria bassiana]
KAH8711433.1         -            397 23574at5125          -            432    0.0059   14.7   0.0   1   1   2.6e-05    0.0096   14.0   0.0   211   266    80   136    55   141 0.78 Replication factor C subunit 3 [Beauveria bassiana]
KAH8712941.1         -            458 23574at5125          -            432     0.029   12.4   0.0   1   1   0.00012     0.044   11.8   0.0   209   261    65   118    57   162 0.84 RuvB-like helicase 1 [Beauveria bassiana]
#
# Program:         hmmsearch
# Version:         3.1b2 (February 2015)
# Pipeline mode:   SEARCH
# Query file:      /home/zack/funannotate_db/hypocreales_odb10/hmms/23574at5125.hmm
# Target file:     /home/zack/Desktop/IsariaPreferralGenome/MyGenomeSubmittedToNCBI/HypocrealesProteinSets/Bbassiana_JEF-350_protein.faa
# Option settings: hmmsearch --domtblout /home/zack/Desktop/IsariaPreferralGenome/MyGenomeSubmittedToNCBI/HypocrealesProteinSets/BUSCO_AA_all/BUSCO_AA_Bbassiana_JEF-350/run_hypocreales_odb10/hmmer_output/initial_run_results/23574at5125.out --cpu 1 /home/zack/funannotate_db/hypocreales_odb10/hmms/23574at5125.hmm /home/zack/Desktop/IsariaPreferralGenome/MyGenomeSubmittedToNCBI/HypocrealesProteinSets/Bbassiana_JEF-350_protein.faa 
# Current dir:     /home/zack/Desktop/IsariaPreferralGenome/MyGenomeSubmittedToNCBI/HypocrealesProteinSets/BUSCO_AA_all
# Date:            Mon Mar  4 14:24:16 2024
# [ok]
