#                                                                            --- full sequence --- -------------- this domain -------------   hmm coord   ali coord   env coord
# target name        accession   tlen query name           accession   qlen   E-value  score  bias   #  of  c-Evalue  i-Evalue  score  bias  from    to  from    to  from    to  acc description of target
#------------------- ---------- ----- -------------------- ---------- ----- --------- ------ ----- --- --- --------- --------- ------ ----- ----- ----- ----- ----- ----- ----- ---- ---------------------
KAH8719778.1         -            441 28531at5125          -            334  3.9e-153  508.8  12.2   1   2  2.4e-155  2.5e-152  506.2   8.6     8   306    16   344     1   358 0.90 putative glycosidase crf2 [Beauveria bassiana]
KAH8719778.1         -            441 28531at5125          -            334  3.9e-153  508.8  12.2   2   2     0.012        12    4.3   0.1   315   334   419   438   387   438 0.77 putative glycosidase crf2 [Beauveria bassiana]
KAH8719779.1         -            441 28531at5125          -            334  3.9e-153  508.8  12.2   1   2  2.4e-155  2.5e-152  506.2   8.6     8   306    16   344     1   358 0.90 putative glycosidase crf2 [Beauveria bassiana]
KAH8719779.1         -            441 28531at5125          -            334  3.9e-153  508.8  12.2   2   2     0.012        12    4.3   0.1   315   334   419   438   387   438 0.77 putative glycosidase crf2 [Beauveria bassiana]
KAH8713067.1         -            393 28531at5125          -            334   7.4e-36  123.3   4.4   1   2   7.3e-39   7.4e-36  123.3   4.4    94   323    75   309    30   323 0.79 putative glycosidase crf1 [Beauveria bassiana]
KAH8713067.1         -            393 28531at5125          -            334   7.4e-36  123.3   4.4   2   2      0.58   5.9e+02   -1.3   0.2   271   307   334   370   315   388 0.61 putative glycosidase crf1 [Beauveria bassiana]
KAH8710936.1         -            403 28531at5125          -            334   1.1e-33  116.2   1.9   1   2   1.1e-36   1.1e-33  116.2   1.9    92   323    69   301    28   312 0.77 putative glycosidase crf1 [Beauveria bassiana]
KAH8710936.1         -            403 28531at5125          -            334   1.1e-33  116.2   1.9   2   2      0.32   3.2e+02   -0.5   1.6   269   324   317   372   309   376 0.86 putative glycosidase crf1 [Beauveria bassiana]
KAH8712712.1         -            379 28531at5125          -            334   3.6e-33  114.5   6.4   1   1   4.7e-36   4.8e-33  114.1   6.4    93   325    73   319    16   353 0.81 putative extracellular glycosidase [Beauveria bassiana]
KAH8714887.1         -            351 28531at5125          -            334   5.7e-33  113.8   1.8   1   1   7.1e-36   7.3e-33  113.5   1.8    93   264    88   266    28   293 0.83 putative glycosidase crf1 [Beauveria bassiana]
KAH8714889.1         -            351 28531at5125          -            334   5.7e-33  113.8   1.8   1   1   7.1e-36   7.3e-33  113.5   1.8    93   264    88   266    28   293 0.83 putative glycosidase crf1 [Beauveria bassiana]
KAH8715847.1         -            379 28531at5125          -            334     4e-32  111.0   0.8   1   1   5.1e-35   5.2e-32  110.7   0.8    87   245    64   227    25   286 0.84 putative extracellular glycosidase [Beauveria bassiana]
KAH8720007.1         -            551 28531at5125          -            334   1.1e-29  103.0   2.4   1   1   1.5e-32   1.6e-29  102.5   2.4   101   264    80   248    65   282 0.80 putative extracellular glycosidase [Beauveria bassiana]
KAH8708205.1         -           1254 28531at5125          -            334   1.2e-26   93.0   0.1   1   1     2e-29     2e-26   92.3   0.1   103   291    81   274    62   293 0.81 putative glycosidase crf1 [Beauveria bassiana]
KAH8712631.1         -            214 28531at5125          -            334       3.9    5.8  10.4   1   1    0.0076       7.8    4.9  10.3     8    38    24    56    18    63 0.74 hypothetical protein HC256_005811 [Beauveria bassiana]
#
# Program:         hmmsearch
# Version:         3.1b2 (February 2015)
# Pipeline mode:   SEARCH
# Query file:      /home/zack/funannotate_db/hypocreales_odb10/hmms/28531at5125.hmm
# Target file:     /home/zack/Desktop/IsariaPreferralGenome/MyGenomeSubmittedToNCBI/HypocrealesProteinSets/Bbassiana_JEF-350_protein.faa
# Option settings: hmmsearch --domtblout /home/zack/Desktop/IsariaPreferralGenome/MyGenomeSubmittedToNCBI/HypocrealesProteinSets/BUSCO_AA_all/BUSCO_AA_Bbassiana_JEF-350/run_hypocreales_odb10/hmmer_output/initial_run_results/28531at5125.out --cpu 1 /home/zack/funannotate_db/hypocreales_odb10/hmms/28531at5125.hmm /home/zack/Desktop/IsariaPreferralGenome/MyGenomeSubmittedToNCBI/HypocrealesProteinSets/Bbassiana_JEF-350_protein.faa 
# Current dir:     /home/zack/Desktop/IsariaPreferralGenome/MyGenomeSubmittedToNCBI/HypocrealesProteinSets/BUSCO_AA_all
# Date:            Mon Mar  4 14:24:32 2024
# [ok]
