#                                                                            --- full sequence --- -------------- this domain -------------   hmm coord   ali coord   env coord
# target name        accession   tlen query name           accession   qlen   E-value  score  bias   #  of  c-Evalue  i-Evalue  score  bias  from    to  from    to  from    to  acc description of target
#------------------- ---------- ----- -------------------- ---------- ----- --------- ------ ----- --- --- --------- --------- ------ ----- ----- ----- ----- ----- ----- ----- ---- ---------------------
KAH8707852.1         -            375 29363at5125          -            279  5.8e-156  517.2  12.4   1   2   1.4e-71   4.3e-69  232.2   0.4     1   128    10   153    10   161 0.91 Mitochondrial nicotinamide adenine dinucleotide transporter 1 [Beauveria bassiana]
KAH8707852.1         -            375 29363at5125          -            279  5.8e-156  517.2  12.4   2   2   2.2e-87   6.9e-85  284.0   6.0   126   279   176   357   167   357 0.92 Mitochondrial nicotinamide adenine dinucleotide transporter 1 [Beauveria bassiana]
KAH8708298.1         -            348 29363at5125          -            279   5.9e-42  143.2   0.5   1   1   1.1e-42   3.5e-40  137.3   0.5    16   277    29   335    19   337 0.78 putative mitochondrial carrier [Beauveria bassiana]
KAH8707436.1         -            321 29363at5125          -            279   1.4e-37  128.8   2.7   1   3   2.8e-06   0.00087   17.9   0.0    12    87    11    93     4   100 0.81 Mitochondrial FAD carrier protein FLX1 [Beauveria bassiana]
KAH8707436.1         -            321 29363at5125          -            279   1.4e-37  128.8   2.7   2   3   1.6e-23   5.1e-21   74.5   0.2    99   214   126   257   124   261 0.82 Mitochondrial FAD carrier protein FLX1 [Beauveria bassiana]
KAH8707436.1         -            321 29363at5125          -            279   1.4e-37  128.8   2.7   3   3   1.3e-11     4e-09   35.5   0.2    41    96   258   313   257   319 0.92 Mitochondrial FAD carrier protein FLX1 [Beauveria bassiana]
KAH8717668.1         -            324 29363at5125          -            279   7.4e-37  126.4   2.9   1   3   9.4e-08   2.9e-05   22.8   0.0   185   262    13    98     5   116 0.69 Mitochondrial thiamine pyrophosphate carrier 1 [Beauveria bassiana]
KAH8717668.1         -            324 29363at5125          -            279   7.4e-37  126.4   2.9   2   3     5e-16   1.6e-13   49.9   0.0    10    98   122   212   114   222 0.89 Mitochondrial thiamine pyrophosphate carrier 1 [Beauveria bassiana]
KAH8717668.1         -            324 29363at5125          -            279   7.4e-37  126.4   2.9   3   3   4.5e-17   1.4e-14   53.3   0.2   167   277   200   310   200   312 0.94 Mitochondrial thiamine pyrophosphate carrier 1 [Beauveria bassiana]
KAH8715108.1         -            701 29363at5125          -            279   5.7e-35  120.2   0.0   1   1   2.5e-37   7.7e-35  119.8   0.0     5   276   343   627   339   630 0.82 Calcium-binding mitochondrial carrier protein Aralar1 [Beauveria bassiana]
KAH8711295.1         -            392 29363at5125          -            279   1.1e-33  116.0   4.7   1   2     1e-16   3.2e-14   52.2   2.3    11   177    58   277    51   282 0.68 putative mitochondrial carrier [Beauveria bassiana]
KAH8711295.1         -            392 29363at5125          -            279   1.1e-33  116.0   4.7   2   2   1.4e-15   4.3e-13   48.5   0.0   186   277   302   386   289   388 0.91 putative mitochondrial carrier [Beauveria bassiana]
KAH8713782.1         -            429 29363at5125          -            279   7.5e-28   96.9   3.0   1   4   3.3e-11     1e-08   34.1   0.0    17   113    79   184    73   194 0.85 putative mitochondrial carrier [Beauveria bassiana]
KAH8713782.1         -            429 29363at5125          -            279   7.5e-28   96.9   3.0   2   4   4.1e-11   1.3e-08   33.8   0.1   185   274   190   280   179   285 0.82 putative mitochondrial carrier [Beauveria bassiana]
KAH8713782.1         -            429 29363at5125          -            279   7.5e-28   96.9   3.0   3   4   1.1e-06   0.00036   19.2   0.0    14    45   297   328   280   338 0.81 putative mitochondrial carrier [Beauveria bassiana]
KAH8713782.1         -            429 29363at5125          -            279   7.5e-28   96.9   3.0   4   4    0.0025      0.77    8.3   0.1    52    73   373   394   361   412 0.84 putative mitochondrial carrier [Beauveria bassiana]
KAH8718050.1         -            297 29363at5125          -            279   7.6e-28   96.9   4.7   1   2   3.6e-19   1.1e-16   60.2   1.7    16   178    25   186    19   191 0.86 putative mitochondrial carrier C8C9.12c [Beauveria bassiana]
KAH8718050.1         -            297 29363at5125          -            279   7.6e-28   96.9   4.7   2   2   3.2e-12     1e-09   37.4   0.1    14    97   194   284   187   291 0.80 putative mitochondrial carrier C8C9.12c [Beauveria bassiana]
KAH8716507.1         -            323 29363at5125          -            279   1.7e-26   92.5   1.0   1   3   2.2e-10   6.7e-08   31.4   0.0    13    96    15   104     9   117 0.84 Succinate/fumarate mitochondrial transporter [Beauveria bassiana]
KAH8716507.1         -            323 29363at5125          -            279   1.7e-26   92.5   1.0   2   3   2.2e-10   6.9e-08   31.4   0.2   167   277    94   205    93   207 0.82 Succinate/fumarate mitochondrial transporter [Beauveria bassiana]
KAH8716507.1         -            323 29363at5125          -            279   1.7e-26   92.5   1.0   3   3   9.2e-10   2.9e-07   29.4   0.0   103   178   229   310   217   319 0.55 Succinate/fumarate mitochondrial transporter [Beauveria bassiana]
KAH8709001.1         -            332 29363at5125          -            279   6.8e-23   80.6   5.1   1   1   1.7e-23   5.4e-21   74.4   5.1    19   274    36   315    23   320 0.78 putative mitochondrial carrier [Beauveria bassiana]
KAH8708013.1         -            303 29363at5125          -            279   4.7e-22   77.8   0.2   1   3    0.0074       2.3    6.7   0.0    19   110    14   104     1   108 0.73 Mitochondrial glycine transporter [Beauveria bassiana]
KAH8708013.1         -            303 29363at5125          -            279   4.7e-22   77.8   0.2   2   3     8e-12   2.5e-09   36.1   0.0    14   115   112   213   102   217 0.89 Mitochondrial glycine transporter [Beauveria bassiana]
KAH8708013.1         -            303 29363at5125          -            279   4.7e-22   77.8   0.2   3   3   9.1e-11   2.8e-08   32.6   0.0    94   155   215   276   207   298 0.88 Mitochondrial glycine transporter [Beauveria bassiana]
KAH8713919.1         -            297 29363at5125          -            279   7.5e-22   77.2   4.4   1   3   3.1e-10   9.8e-08   30.9   0.0    17    87    13    88     7   103 0.82 Mitochondrial 2-oxodicarboxylate carrier 2 [Beauveria bassiana]
KAH8713919.1         -            297 29363at5125          -            279   7.5e-22   77.2   4.4   2   3   4.7e-08   1.5e-05   23.8   0.1    10    76   105   173    96   193 0.82 Mitochondrial 2-oxodicarboxylate carrier 2 [Beauveria bassiana]
KAH8713919.1         -            297 29363at5125          -            279   7.5e-22   77.2   4.4   3   3     7e-08   2.2e-05   23.2   0.2    15    90   205   286   191   293 0.83 Mitochondrial 2-oxodicarboxylate carrier 2 [Beauveria bassiana]
KAH8713382.1         -            312 29363at5125          -            279   4.3e-21   74.7   7.0   1   1   6.3e-21     2e-18   66.0   7.0    11   266     7   287     1   300 0.77 Peroxisomal membrane protein PMP47B [Beauveria bassiana]
KAH8721298.1         -            324 29363at5125          -            279   5.7e-21   74.3   1.3   1   3   2.3e-10   7.2e-08   31.3   0.1    17   102    38   124    26   138 0.86 Mitochondrial phosphate carrier protein [Beauveria bassiana]
KAH8721298.1         -            324 29363at5125          -            279   5.7e-21   74.3   1.3   2   3   4.4e-11   1.4e-08   33.7   0.0    19    93   138   212   124   221 0.87 Mitochondrial phosphate carrier protein [Beauveria bassiana]
KAH8721298.1         -            324 29363at5125          -            279   5.7e-21   74.3   1.3   3   3    0.0044       1.4    7.4   0.1    12    94   229   312   220   316 0.77 Mitochondrial phosphate carrier protein [Beauveria bassiana]
KAH8718160.1         -            302 29363at5125          -            279   9.8e-21   73.5   2.0   1   3   1.1e-09   3.4e-07   29.1   0.0    98   174    20    96    12   106 0.70 Mitochondrial glycine transporter YMC1 [Beauveria bassiana]
KAH8718160.1         -            302 29363at5125          -            279   9.8e-21   73.5   2.0   2   3   2.8e-09   8.8e-07   27.8   0.1    13    90   114   195   106   200 0.88 Mitochondrial glycine transporter YMC1 [Beauveria bassiana]
KAH8718160.1         -            302 29363at5125          -            279   9.8e-21   73.5   2.0   3   3   2.3e-05     0.007   15.0   0.1    31    90   232   295   214   301 0.64 Mitochondrial glycine transporter YMC1 [Beauveria bassiana]
KAH8720672.1         -            382 29363at5125          -            279   7.4e-20   70.6   2.5   1   2   1.9e-12   5.8e-10   38.2   0.2    26    94    99   166    75   173 0.84 Mitochondrial phosphate carrier protein 3, mitochondrial [Beauveria bassiana]
KAH8720672.1         -            382 29363at5125          -            279   7.4e-20   70.6   2.5   2   2   3.3e-09     1e-06   27.5   0.2    15   175   184   364   174   368 0.79 Mitochondrial phosphate carrier protein 3, mitochondrial [Beauveria bassiana]
KAH8707703.1         -            326 29363at5125          -            279   1.4e-19   69.7   2.0   1   3   1.9e-07   5.8e-05   21.8   0.0    18    91    28   103    17   133 0.76 Mitochondrial substrate carrier family protein L [Beauveria bassiana]
KAH8707703.1         -            326 29363at5125          -            279   1.4e-19   69.7   2.0   2   3   6.2e-10   1.9e-07   29.9   0.1    12   125   135   263   127   266 0.74 Mitochondrial substrate carrier family protein L [Beauveria bassiana]
KAH8707703.1         -            326 29363at5125          -            279   1.4e-19   69.7   2.0   3   3   1.5e-06   0.00048   18.8   0.0   201   279   250   325   239   325 0.89 Mitochondrial substrate carrier family protein L [Beauveria bassiana]
KAH8711428.1         -            314 29363at5125          -            279   2.7e-19   68.8   0.4   1   2   2.1e-06   0.00064   18.4   0.0    27    94    28   104    15   108 0.73 ADP,ATP carrier protein [Beauveria bassiana]
KAH8711428.1         -            314 29363at5125          -            279   2.7e-19   68.8   0.4   2   2   1.4e-15   4.5e-13   48.4   0.4    18   180   124   307   119   313 0.81 ADP,ATP carrier protein [Beauveria bassiana]
KAH8718751.1         -            335 29363at5125          -            279   5.4e-19   67.8   2.5   1   3   1.3e-09     4e-07   28.9   0.3    16    96    42   124    26   133 0.81 Mitochondrial carnitine carrier [Beauveria bassiana]
KAH8718751.1         -            335 29363at5125          -            279   5.4e-19   67.8   2.5   2   3   6.6e-08   2.1e-05   23.3   0.0   185   279   138   229   128   229 0.89 Mitochondrial carnitine carrier [Beauveria bassiana]
KAH8718751.1         -            335 29363at5125          -            279   5.4e-19   67.8   2.5   3   3   4.5e-05     0.014   14.0   0.0   239   274   287   322   235   327 0.89 Mitochondrial carnitine carrier [Beauveria bassiana]
KAH8720104.1         -            312 29363at5125          -            279   7.8e-19   67.3   0.4   1   1   3.8e-20   1.2e-17   63.4   0.4    19   270    10   285     2   296 0.75 Mitochondrial oxaloacetate transport protein [Beauveria bassiana]
KAH8712497.1         -            337 29363at5125          -            279   2.4e-18   65.7   5.7   1   3     1e-09   3.2e-07   29.2   0.6    17   110    15   121     9   124 0.77 Peroxisomal adenine nucleotide transporter 1 [Beauveria bassiana]
KAH8712497.1         -            337 29363at5125          -            279   2.4e-18   65.7   5.7   2   3     3e-09   9.3e-07   27.7   0.1    18   126   124   243   113   250 0.76 Peroxisomal adenine nucleotide transporter 1 [Beauveria bassiana]
KAH8712497.1         -            337 29363at5125          -            279   2.4e-18   65.7   5.7   3   3   6.5e-05      0.02   13.5   0.2    20    80   219   286   213   324 0.75 Peroxisomal adenine nucleotide transporter 1 [Beauveria bassiana]
KAH8718882.1         -            436 29363at5125          -            279   9.1e-18   63.8   5.2   1   3   0.00097       0.3    9.6   0.0   192   225    43    76    34    84 0.81 Solute carrier family 25 member 40 [Beauveria bassiana]
KAH8718882.1         -            436 29363at5125          -            279   9.1e-18   63.8   5.2   2   3   2.1e-13   6.4e-11   41.3   0.3    18   178   114   289    97   295 0.65 Solute carrier family 25 member 40 [Beauveria bassiana]
KAH8718882.1         -            436 29363at5125          -            279   9.1e-18   63.8   5.2   3   3   0.00011     0.035   12.7   0.1    15    94   324   417   311   426 0.68 Solute carrier family 25 member 40 [Beauveria bassiana]
KAH8720158.1         -            644 29363at5125          -            279   1.1e-17   63.6   5.1   1   3      0.88   2.7e+02   -0.1   0.0    20   127   316   341   309   390 0.59 Calcium-binding mitochondrial carrier SAL1 [Beauveria bassiana]
KAH8720158.1         -            644 29363at5125          -            279   1.1e-17   63.6   5.1   2   3      0.08        25    3.3   0.0   161   214   416   476   365   490 0.78 Calcium-binding mitochondrial carrier SAL1 [Beauveria bassiana]
KAH8720158.1         -            644 29363at5125          -            279   1.1e-17   63.6   5.1   3   3   3.6e-18   1.1e-15   56.9   3.6    96   275   443   637   397   641 0.69 Calcium-binding mitochondrial carrier SAL1 [Beauveria bassiana]
KAH8713788.1         -            388 29363at5125          -            279   5.7e-17   61.2   3.1   1   3     7e-09   2.2e-06   26.5   0.0    17   127    61   188    48   207 0.80 Mitochondrial carrier protein LEU5 [Beauveria bassiana]
KAH8713788.1         -            388 29363at5125          -            279   5.7e-17   61.2   3.1   2   3    0.0044       1.4    7.4   0.1    61    89   237   265   226   275 0.82 Mitochondrial carrier protein LEU5 [Beauveria bassiana]
KAH8713788.1         -            388 29363at5125          -            279   5.7e-17   61.2   3.1   3   3   3.5e-08   1.1e-05   24.2   0.2   194   274   309   381   295   386 0.73 Mitochondrial carrier protein LEU5 [Beauveria bassiana]
KAH8712464.1         -            330 29363at5125          -            279   3.2e-16   58.7   1.6   1   1   2.4e-15   7.6e-13   47.6   1.6     9   274     5   308     1   313 0.73 Peroxisomal adenine nucleotide carrier 2 [Beauveria bassiana]
KAH8708197.1         -            315 29363at5125          -            279   6.5e-16   57.7   0.2   1   2   9.7e-09     3e-06   26.0   0.0    19    98    22   102    12   106 0.82 Mitochondrial phosphate carrier protein [Beauveria bassiana]
KAH8708197.1         -            315 29363at5125          -            279   6.5e-16   57.7   0.2   2   2   9.4e-10   2.9e-07   29.3   0.0    19    92   121   194   110   237 0.92 Mitochondrial phosphate carrier protein [Beauveria bassiana]
KAH8717674.1         -            331 29363at5125          -            279   9.7e-16   57.1   0.1   1   3   1.2e-05    0.0036   15.9   0.0    17    77    34    98    18   113 0.68 Amino-acid transporter arg-13 [Beauveria bassiana]
KAH8717674.1         -            331 29363at5125          -            279   9.7e-16   57.1   0.1   2   3    0.0017      0.53    8.8   0.1    19    89   137   211   127   245 0.69 Amino-acid transporter arg-13 [Beauveria bassiana]
KAH8717674.1         -            331 29363at5125          -            279   9.7e-16   57.1   0.1   3   3   1.1e-09   3.3e-07   29.1   0.0    16    93   245   326   230   329 0.88 Amino-acid transporter arg-13 [Beauveria bassiana]
KAH8718031.1         -            294 29363at5125          -            279   2.9e-15   55.6   1.4   1   3   0.00086      0.27    9.8   0.0    98   176     4    75     1    89 0.76 Mitochondrial basic amino acids transporter [Beauveria bassiana]
KAH8718031.1         -            294 29363at5125          -            279   2.9e-15   55.6   1.4   2   3   9.6e-09     3e-06   26.0   0.0    15    70    88   143    74   164 0.87 Mitochondrial basic amino acids transporter [Beauveria bassiana]
KAH8718031.1         -            294 29363at5125          -            279   2.9e-15   55.6   1.4   3   3   2.1e-06   0.00065   18.3   0.1   193   276   193   277   186   280 0.81 Mitochondrial basic amino acids transporter [Beauveria bassiana]
KAH8713951.1         -            330 29363at5125          -            279   6.1e-15   54.5   0.1   1   2     3e-05    0.0094   14.5   0.0    98   262    43   214    33   215 0.80 putative mitochondrial 2-oxoglutarate/malate carrier protein [Beauveria bassiana]
KAH8713951.1         -            330 29363at5125          -            279   6.1e-15   54.5   0.1   2   2   1.1e-14   3.3e-12   45.6   0.0   124   274   177   324   118   327 0.78 putative mitochondrial 2-oxoglutarate/malate carrier protein [Beauveria bassiana]
KAH8717950.1         -            370 29363at5125          -            279   7.8e-14   50.9   0.5   1   3       1.9     6e+02   -1.2   0.0   193   222    96   126    80   147 0.76 Tricarboxylate transporter FUM11 [Beauveria bassiana]
KAH8717950.1         -            370 29363at5125          -            279   7.8e-14   50.9   0.5   2   3   4.3e-05     0.013   14.0   0.0    31    89   194   256   176   268 0.70 Tricarboxylate transporter FUM11 [Beauveria bassiana]
KAH8717950.1         -            370 29363at5125          -            279   7.8e-14   50.9   0.5   3   3   5.4e-11   1.7e-08   33.4   0.1    20    93   282   357   270   363 0.86 Tricarboxylate transporter FUM11 [Beauveria bassiana]
KAH8717951.1         -            370 29363at5125          -            279   7.8e-14   50.9   0.5   1   3       1.9     6e+02   -1.2   0.0   193   222    96   126    80   147 0.76 Tricarboxylate transporter FUM11 [Beauveria bassiana]
KAH8717951.1         -            370 29363at5125          -            279   7.8e-14   50.9   0.5   2   3   4.3e-05     0.013   14.0   0.0    31    89   194   256   176   268 0.70 Tricarboxylate transporter FUM11 [Beauveria bassiana]
KAH8717951.1         -            370 29363at5125          -            279   7.8e-14   50.9   0.5   3   3   5.4e-11   1.7e-08   33.4   0.1    20    93   282   357   270   363 0.86 Tricarboxylate transporter FUM11 [Beauveria bassiana]
KAH8720162.1         -            296 29363at5125          -            279   4.2e-12   45.2   6.9   1   3   8.6e-08   2.7e-05   22.9   0.1    18    96    13    80     4    94 0.88 putative mitochondrial carrier C12B10.09 [Beauveria bassiana]
KAH8720162.1         -            296 29363at5125          -            279   4.2e-12   45.2   6.9   2   3    0.0031      0.98    7.9   0.4   189   267   101   172    85   182 0.53 putative mitochondrial carrier C12B10.09 [Beauveria bassiana]
KAH8720162.1         -            296 29363at5125          -            279   4.2e-12   45.2   6.9   3   3   2.7e-05    0.0085   14.7   0.1    15    78   212   274   201   292 0.67 putative mitochondrial carrier C12B10.09 [Beauveria bassiana]
KAH8712844.1         -            302 29363at5125          -            279   8.1e-11   41.0   0.0   1   2      0.27        84    1.6   0.0    24    89    24    91     7   109 0.58 Mitochondrial GTP/GDP carrier protein 1 [Beauveria bassiana]
KAH8712844.1         -            302 29363at5125          -            279   8.1e-11   41.0   0.0   2   2     8e-12   2.5e-09   36.1   0.0    13   159   122   277   113   286 0.75 Mitochondrial GTP/GDP carrier protein 1 [Beauveria bassiana]
KAH8721283.1         -            315 29363at5125          -            279   7.4e-09   34.6   2.9   1   3   0.00071      0.22   10.1   0.1    23    74    32    81    20   115 0.84 Citrate/oxoglutarate carrier protein [Beauveria bassiana]
KAH8721283.1         -            315 29363at5125          -            279   7.4e-09   34.6   2.9   2   3   0.00025     0.078   11.5   0.2    25    87   129   193   101   200 0.75 Citrate/oxoglutarate carrier protein [Beauveria bassiana]
KAH8721283.1         -            315 29363at5125          -            279   7.4e-09   34.6   2.9   3   3   0.00016     0.049   12.2   0.0    20    75   223   282   210   307 0.69 Citrate/oxoglutarate carrier protein [Beauveria bassiana]
KAH8720437.1         -            199 29363at5125          -            279   4.8e-07   28.6   0.1   1   1   2.1e-09   6.6e-07   28.2   0.1    63   168    23   143    18   151 0.63 putative mitochondrial carrier C12B10.09 [Beauveria bassiana]
KAH8709676.1         -            123 29363at5125          -            279    0.0014   17.3   0.0   1   1   5.7e-06    0.0018   16.9   0.0    18   151    62   111    47   122 0.57 Solute carrier family 25 member 47-B [Beauveria bassiana]
#
# Program:         hmmsearch
# Version:         3.1b2 (February 2015)
# Pipeline mode:   SEARCH
# Query file:      /home/zack/funannotate_db/hypocreales_odb10/hmms/29363at5125.hmm
# Target file:     /home/zack/Desktop/IsariaPreferralGenome/MyGenomeSubmittedToNCBI/HypocrealesProteinSets/Bbassiana_JEF-350_protein.faa
# Option settings: hmmsearch --domtblout /home/zack/Desktop/IsariaPreferralGenome/MyGenomeSubmittedToNCBI/HypocrealesProteinSets/BUSCO_AA_all/BUSCO_AA_Bbassiana_JEF-350/run_hypocreales_odb10/hmmer_output/initial_run_results/29363at5125.out --cpu 1 /home/zack/funannotate_db/hypocreales_odb10/hmms/29363at5125.hmm /home/zack/Desktop/IsariaPreferralGenome/MyGenomeSubmittedToNCBI/HypocrealesProteinSets/Bbassiana_JEF-350_protein.faa 
# Current dir:     /home/zack/Desktop/IsariaPreferralGenome/MyGenomeSubmittedToNCBI/HypocrealesProteinSets/BUSCO_AA_all
# Date:            Mon Mar  4 14:24:26 2024
# [ok]
