#                                                                            --- full sequence --- -------------- this domain -------------   hmm coord   ali coord   env coord
# target name        accession   tlen query name           accession   qlen   E-value  score  bias   #  of  c-Evalue  i-Evalue  score  bias  from    to  from    to  from    to  acc description of target
#------------------- ---------- ----- -------------------- ---------- ----- --------- ------ ----- --- --- --------- --------- ------ ----- ----- ----- ----- ----- ----- ----- ---- ---------------------
KAH8720949.1         -            383 29747at5125          -            340  9.2e-168  557.0  22.3   1   1  9.9e-171  1.2e-167  556.6  22.3     7   334    22   366    19   371 0.94 putative sugar phosphate/phosphate translocator [Beauveria bassiana]
KAH8711448.1         -            298 29747at5125          -            340  4.4e-126  420.0  15.1   1   2   1.2e-25   1.5e-22   79.6   0.2     4    65    15    84     5    89 0.88 putative sugar phosphate/phosphate translocator [Beauveria bassiana]
KAH8711448.1         -            298 29747at5125          -            340  4.4e-126  420.0  15.1   2   2  1.8e-106  2.2e-103  345.3  11.9   163   336    79   260    78   264 0.96 putative sugar phosphate/phosphate translocator [Beauveria bassiana]
KAH8719052.1         -            322 29747at5125          -            340     3e-98  328.4  18.9   1   1  3.2e-101     4e-98  328.0  18.9    50   314    10   280     5   289 0.95 putative sugar phosphate/phosphate translocator [Beauveria bassiana]
KAH8710652.1         -            149 29747at5125          -            340   1.3e-24   86.3   6.4   1   1   1.6e-27     2e-24   85.7   6.4   236   319     2    86     1    92 0.92 putative sugar phosphate/phosphate translocator [Beauveria bassiana]
KAH8720494.1         -            575 29747at5125          -            340   3.5e-19   68.5  17.6   1   1   2.4e-21     3e-18   65.4  17.6    25   305   202   517   196   529 0.78 putative transporter C22E12.01 [Beauveria bassiana]
KAH8718418.1         -            333 29747at5125          -            340   6.8e-15   54.4  14.7   1   1   6.8e-18   8.5e-15   54.0  14.7    30   311    36   322    20   331 0.79 putative sugar phosphate/phosphate translocator [Beauveria bassiana]
KAH8710653.1         -             76 29747at5125          -            340   8.9e-08   31.0   0.0   1   1   7.6e-11   9.5e-08   30.9   0.0    10    50    10    56     2    67 0.76 hypothetical protein HC256_007490 [Beauveria bassiana]
KAH8716699.1         -            402 29747at5125          -            340     0.053   12.0   8.5   1   2   0.00095       1.2    7.5   0.3    32   132   161   269   141   279 0.71 UDP-galactose transporter 1 [Beauveria bassiana]
KAH8716699.1         -            402 29747at5125          -            340     0.053   12.0   8.5   2   2   0.00088       1.1    7.6   2.7   242   300   321   379   314   393 0.90 UDP-galactose transporter 1 [Beauveria bassiana]
KAH8720935.1         -            498 29747at5125          -            340     0.066   11.7  11.6   1   1    0.0006      0.75    8.2  11.6   228   316   356   446    98   459 0.81 putative transporter C83.11 [Beauveria bassiana]
#
# Program:         hmmsearch
# Version:         3.1b2 (February 2015)
# Pipeline mode:   SEARCH
# Query file:      /home/zack/funannotate_db/hypocreales_odb10/hmms/29747at5125.hmm
# Target file:     /home/zack/Desktop/IsariaPreferralGenome/MyGenomeSubmittedToNCBI/HypocrealesProteinSets/Bbassiana_JEF-350_protein.faa
# Option settings: hmmsearch --domtblout /home/zack/Desktop/IsariaPreferralGenome/MyGenomeSubmittedToNCBI/HypocrealesProteinSets/BUSCO_AA_all/BUSCO_AA_Bbassiana_JEF-350/run_hypocreales_odb10/hmmer_output/initial_run_results/29747at5125.out --cpu 1 /home/zack/funannotate_db/hypocreales_odb10/hmms/29747at5125.hmm /home/zack/Desktop/IsariaPreferralGenome/MyGenomeSubmittedToNCBI/HypocrealesProteinSets/Bbassiana_JEF-350_protein.faa 
# Current dir:     /home/zack/Desktop/IsariaPreferralGenome/MyGenomeSubmittedToNCBI/HypocrealesProteinSets/BUSCO_AA_all
# Date:            Mon Mar  4 14:24:38 2024
# [ok]
