#                                                                            --- full sequence --- -------------- this domain -------------   hmm coord   ali coord   env coord
# target name        accession   tlen query name           accession   qlen   E-value  score  bias   #  of  c-Evalue  i-Evalue  score  bias  from    to  from    to  from    to  acc description of target
#------------------- ---------- ----- -------------------- ---------- ----- --------- ------ ----- --- --- --------- --------- ------ ----- ----- ----- ----- ----- ----- ----- ---- ---------------------
KAH8715689.1         -            763 30587at5125          -            511  1.1e-243  808.8  35.5   1   6   2.7e-93   7.5e-90  301.3   9.4     1   194    39   259    39   279 0.87 Vacuolar protein sorting-associated protein 9b [Beauveria bassiana]
KAH8715689.1         -            763 30587at5125          -            511  1.1e-243  808.8  35.5   2   6   1.7e-72   4.8e-69  232.7   0.5   188   318   280   423   275   436 0.89 Vacuolar protein sorting-associated protein 9b [Beauveria bassiana]
KAH8715689.1         -            763 30587at5125          -            511  1.1e-243  808.8  35.5   3   6   3.3e-45   9.3e-42  142.7   0.4   305   403   439   540   424   548 0.87 Vacuolar protein sorting-associated protein 9b [Beauveria bassiana]
KAH8715689.1         -            763 30587at5125          -            511  1.1e-243  808.8  35.5   4   6   3.8e-06     0.011   13.8   0.1   394   429   555   590   548   611 0.79 Vacuolar protein sorting-associated protein 9b [Beauveria bassiana]
KAH8715689.1         -            763 30587at5125          -            511  1.1e-243  808.8  35.5   5   6   4.8e-12   1.4e-08   33.3   0.2   416   450   623   659   609   670 0.85 Vacuolar protein sorting-associated protein 9b [Beauveria bassiana]
KAH8715689.1         -            763 30587at5125          -            511  1.1e-243  808.8  35.5   6   6   1.1e-32     3e-29  101.4   0.1   447   511   691   761   675   761 0.92 Vacuolar protein sorting-associated protein 9b [Beauveria bassiana]
KAH8715690.1         -            763 30587at5125          -            511  1.1e-243  808.8  35.5   1   6   2.7e-93   7.5e-90  301.3   9.4     1   194    39   259    39   279 0.87 Vacuolar protein sorting-associated protein 9b [Beauveria bassiana]
KAH8715690.1         -            763 30587at5125          -            511  1.1e-243  808.8  35.5   2   6   1.7e-72   4.8e-69  232.7   0.5   188   318   280   423   275   436 0.89 Vacuolar protein sorting-associated protein 9b [Beauveria bassiana]
KAH8715690.1         -            763 30587at5125          -            511  1.1e-243  808.8  35.5   3   6   3.3e-45   9.3e-42  142.7   0.4   305   403   439   540   424   548 0.87 Vacuolar protein sorting-associated protein 9b [Beauveria bassiana]
KAH8715690.1         -            763 30587at5125          -            511  1.1e-243  808.8  35.5   4   6   3.8e-06     0.011   13.8   0.1   394   429   555   590   548   611 0.79 Vacuolar protein sorting-associated protein 9b [Beauveria bassiana]
KAH8715690.1         -            763 30587at5125          -            511  1.1e-243  808.8  35.5   5   6   4.8e-12   1.4e-08   33.3   0.2   416   450   623   659   609   670 0.85 Vacuolar protein sorting-associated protein 9b [Beauveria bassiana]
KAH8715690.1         -            763 30587at5125          -            511  1.1e-243  808.8  35.5   6   6   1.1e-32     3e-29  101.4   0.1   447   511   691   761   675   761 0.92 Vacuolar protein sorting-associated protein 9b [Beauveria bassiana]
KAH8710466.1         -            823 30587at5125          -            511   3.1e-13   48.6   0.0   1   3       1.2   3.4e+03   -4.4   0.7   306   345    83   122    69   132 0.55 Vacuolar protein sorting-associated protein 9a [Beauveria bassiana]
KAH8710466.1         -            823 30587at5125          -            511   3.1e-13   48.6   0.0   2   3   1.1e-16   3.1e-13   48.6   0.0   196   298   508   608   497   640 0.84 Vacuolar protein sorting-associated protein 9a [Beauveria bassiana]
KAH8710466.1         -            823 30587at5125          -            511   3.1e-13   48.6   0.0   3   3      0.11   3.2e+02   -1.0   0.3    98   137   732   777   703   802 0.59 Vacuolar protein sorting-associated protein 9a [Beauveria bassiana]
KAH8718162.1         -            706 30587at5125          -            511     0.026   12.6   0.4   1   2   2.6e-05     0.074   11.0   0.0    89   175   296   387   275   402 0.85 Conserved oligomeric Golgi complex subunit 3 [Beauveria bassiana]
KAH8718162.1         -            706 30587at5125          -            511     0.026   12.6   0.4   2   2      0.25   7.1e+02   -2.1   0.2    79   116   520   557   494   564 0.78 Conserved oligomeric Golgi complex subunit 3 [Beauveria bassiana]
#
# Program:         hmmsearch
# Version:         3.1b2 (February 2015)
# Pipeline mode:   SEARCH
# Query file:      /home/zack/funannotate_db/hypocreales_odb10/hmms/30587at5125.hmm
# Target file:     /home/zack/Desktop/IsariaPreferralGenome/MyGenomeSubmittedToNCBI/HypocrealesProteinSets/Bbassiana_JEF-350_protein.faa
# Option settings: hmmsearch --domtblout /home/zack/Desktop/IsariaPreferralGenome/MyGenomeSubmittedToNCBI/HypocrealesProteinSets/BUSCO_AA_all/BUSCO_AA_Bbassiana_JEF-350/run_hypocreales_odb10/hmmer_output/initial_run_results/30587at5125.out --cpu 1 /home/zack/funannotate_db/hypocreales_odb10/hmms/30587at5125.hmm /home/zack/Desktop/IsariaPreferralGenome/MyGenomeSubmittedToNCBI/HypocrealesProteinSets/Bbassiana_JEF-350_protein.faa 
# Current dir:     /home/zack/Desktop/IsariaPreferralGenome/MyGenomeSubmittedToNCBI/HypocrealesProteinSets/BUSCO_AA_all
# Date:            Mon Mar  4 14:24:31 2024
# [ok]
