#                                                                            --- full sequence --- -------------- this domain -------------   hmm coord   ali coord   env coord
# target name        accession   tlen query name           accession   qlen   E-value  score  bias   #  of  c-Evalue  i-Evalue  score  bias  from    to  from    to  from    to  acc description of target
#------------------- ---------- ----- -------------------- ---------- ----- --------- ------ ----- --- --- --------- --------- ------ ----- ----- ----- ----- ----- ----- ----- ---- ---------------------
KAH8713881.1         -            320 30987at5125          -            286  4.1e-195  645.8   0.8   1   1  4.6e-198  5.1e-195  645.5   0.8     1   282     7   299     7   302 0.98 putative serine/threonine-protein phosphatase C22H10.04 [Beauveria bassiana]
KAH8717780.1         -            327 30987at5125          -            286  2.4e-110  367.6   0.0   1   1  2.7e-113    3e-110  367.3   0.0     4   268    28   297    26   326 0.96 Serine/threonine-protein phosphatase PP2A catalytic subunit [Beauveria bassiana]
KAH8718188.1         -            426 30987at5125          -            286  1.7e-107  358.3   0.4   1   2   1.7e-63   1.9e-60  204.0   0.1     3   169     3   168     1   183 0.93 Serine/threonine-protein phosphatase 4 catalytic subunit B [Beauveria bassiana]
KAH8718188.1         -            426 30987at5125          -            286  1.7e-107  358.3   0.4   2   2   7.5e-48   8.5e-45  152.6   0.0   154   267   238   353   233   357 0.95 Serine/threonine-protein phosphatase 4 catalytic subunit B [Beauveria bassiana]
KAH8720015.1         -            394 30987at5125          -            286     5e-97  323.9   0.3   1   2   2.5e-18   2.9e-15   55.7   0.0     4    70    19    85    16    90 0.92 Serine/threonine-protein phosphatase PP1-1 [Beauveria bassiana]
KAH8720015.1         -            394 30987at5125          -            286     5e-97  323.9   0.3   2   2   1.6e-82   1.8e-79  266.4   0.2    70   278   158   377   153   383 0.92 Serine/threonine-protein phosphatase PP1-1 [Beauveria bassiana]
KAH8717631.1         -            530 30987at5125          -            286   4.9e-74  248.5   0.4   1   1     6e-77   6.7e-74  248.1   0.4    12   267   224   484   204   492 0.92 Serine/threonine-protein phosphatase PP-Z [Beauveria bassiana]
KAH8710656.1         -            563 30987at5125          -            286   9.5e-57  191.8   0.1   1   1   1.3e-59   1.5e-56  191.1   0.1    26   268   101   361    80   379 0.84 Serine/threonine-protein phosphatase 2B catalytic subunit [Beauveria bassiana]
KAH8717767.1         -            559 30987at5125          -            286   3.2e-56  190.1   0.1   1   1   4.6e-59   5.2e-56  189.4   0.1    11   267    92   366    85   382 0.86 Serine/threonine-protein phosphatase 2B catalytic subunit [Beauveria bassiana]
KAH8716095.1         -            208 30987at5125          -            286   7.8e-51  172.4   0.0   1   1   8.7e-54   9.7e-51  172.1   0.0     2   180     7   195     6   201 0.91 Serine/threonine-protein phosphatase PP1 [Beauveria bassiana]
KAH8714937.1         -            474 30987at5125          -            286     1e-41  142.5   0.0   1   1   1.2e-44   1.4e-41  142.0   0.0     4   266   165   439   163   461 0.88 Serine/threonine-protein phosphatase T [Beauveria bassiana]
KAH8711069.1         -            408 30987at5125          -            286     0.021   13.4   0.0   1   1   6.7e-05     0.075   11.6   0.0    46   170   119   260   107   270 0.69 Bis(5'-nucleosyl)-tetraphosphatase, symmetrical [Beauveria bassiana]
#
# Program:         hmmsearch
# Version:         3.1b2 (February 2015)
# Pipeline mode:   SEARCH
# Query file:      /home/zack/funannotate_db/hypocreales_odb10/hmms/30987at5125.hmm
# Target file:     /home/zack/Desktop/IsariaPreferralGenome/MyGenomeSubmittedToNCBI/HypocrealesProteinSets/Bbassiana_JEF-350_protein.faa
# Option settings: hmmsearch --domtblout /home/zack/Desktop/IsariaPreferralGenome/MyGenomeSubmittedToNCBI/HypocrealesProteinSets/BUSCO_AA_all/BUSCO_AA_Bbassiana_JEF-350/run_hypocreales_odb10/hmmer_output/initial_run_results/30987at5125.out --cpu 1 /home/zack/funannotate_db/hypocreales_odb10/hmms/30987at5125.hmm /home/zack/Desktop/IsariaPreferralGenome/MyGenomeSubmittedToNCBI/HypocrealesProteinSets/Bbassiana_JEF-350_protein.faa 
# Current dir:     /home/zack/Desktop/IsariaPreferralGenome/MyGenomeSubmittedToNCBI/HypocrealesProteinSets/BUSCO_AA_all
# Date:            Mon Mar  4 14:24:41 2024
# [ok]
