#                                                                            --- full sequence --- -------------- this domain -------------   hmm coord   ali coord   env coord
# target name        accession   tlen query name           accession   qlen   E-value  score  bias   #  of  c-Evalue  i-Evalue  score  bias  from    to  from    to  from    to  acc description of target
#------------------- ---------- ----- -------------------- ---------- ----- --------- ------ ----- --- --- --------- --------- ------ ----- ----- ----- ----- ----- ----- ----- ---- ---------------------
KAH8709072.1         -            524 33445at5125          -            318   3.7e-27   94.9  19.6   1   4       1.5   4.4e+02   -0.6   0.0     3    36    63   101    61   105 0.77 Zinc finger transcription factor ace1 [Beauveria bassiana]
KAH8709072.1         -            524 33445at5125          -            318   3.7e-27   94.9  19.6   2   4   1.5e-27   4.2e-25   88.2   4.5    33   126   163   270   126   293 0.76 Zinc finger transcription factor ace1 [Beauveria bassiana]
KAH8709072.1         -            524 33445at5125          -            318   3.7e-27   94.9  19.6   3   4    0.0021       0.6    8.8   0.1   129   173   448   493   424   509 0.72 Zinc finger transcription factor ace1 [Beauveria bassiana]
KAH8709072.1         -            524 33445at5125          -            318   3.7e-27   94.9  19.6   4   4     0.058        17    4.1   4.0   165   183   506   524   496   524 0.82 Zinc finger transcription factor ace1 [Beauveria bassiana]
KAH8709071.1         -            573 33445at5125          -            318   4.4e-14   52.0   4.7   1   3   3.6e-16     1e-13   50.7   0.9   160   228   297   368   282   371 0.89 hypothetical protein HC256_008997 [Beauveria bassiana]
KAH8709071.1         -            573 33445at5125          -            318   4.4e-14   52.0   4.7   2   3       1.9   5.5e+02   -0.9   0.0    91   107   392   408   388   411 0.88 hypothetical protein HC256_008997 [Beauveria bassiana]
KAH8709071.1         -            573 33445at5125          -            318   4.4e-14   52.0   4.7   3   3      0.88   2.5e+02    0.2   0.0   268   289   457   478   429   488 0.82 hypothetical protein HC256_008997 [Beauveria bassiana]
KAH8715243.1         -            521 33445at5125          -            318     2e-13   49.8  46.4   1   4   9.7e-08   2.8e-05   23.0   3.8   171   219    78   128    56   130 0.87 Transcription factor IIIA [Beauveria bassiana]
KAH8715243.1         -            521 33445at5125          -            318     2e-13   49.8  46.4   2   4   0.00012     0.035   12.9  10.6    41   107   120   187   114   189 0.88 Transcription factor IIIA [Beauveria bassiana]
KAH8715243.1         -            521 33445at5125          -            318     2e-13   49.8  46.4   3   4   5.2e-05     0.015   14.1  16.1   171   296   167   287   166   290 0.70 Transcription factor IIIA [Beauveria bassiana]
KAH8715243.1         -            521 33445at5125          -            318     2e-13   49.8  46.4   4   4   0.00031     0.089   11.5   8.8    34    91   268   327   254   425 0.69 Transcription factor IIIA [Beauveria bassiana]
KAH8719774.1         -            336 33445at5125          -            318   5.6e-12   45.0   7.5   1   3   5.3e-13   1.5e-10   40.3   1.8   168   236   101   172    70   183 0.83 hypothetical protein HC256_000200 [Beauveria bassiana]
KAH8719774.1         -            336 33445at5125          -            318   5.6e-12   45.0   7.5   2   3    0.0085       2.4    6.8   0.1    86   109   183   206   170   211 0.88 hypothetical protein HC256_000200 [Beauveria bassiana]
KAH8719774.1         -            336 33445at5125          -            318   5.6e-12   45.0   7.5   3   3       1.3   3.7e+02   -0.4   0.0    34    72   225   265   205   282 0.58 hypothetical protein HC256_000200 [Beauveria bassiana]
KAH8721008.1         -            321 33445at5125          -            318   6.2e-12   44.9   3.8   1   2   2.1e-14   6.2e-12   44.9   3.8   171   227   123   183   109   192 0.84 hypothetical protein HC256_001385 [Beauveria bassiana]
KAH8721008.1         -            321 33445at5125          -            318   6.2e-12   44.9   3.8   2   2     0.053        15    4.2   1.7    88   108   193   213   185   248 0.78 hypothetical protein HC256_001385 [Beauveria bassiana]
KAH8720130.1         -            552 33445at5125          -            318   8.3e-12   44.5  11.5   1   2   6.3e-14   1.8e-11   43.4   4.5   172   227   288   347   274   355 0.85 hypothetical protein HC256_000536 [Beauveria bassiana]
KAH8720130.1         -            552 33445at5125          -            318   8.3e-12   44.5  11.5   2   2      0.03       8.6    5.0   0.8    88   108   357   377   349   422 0.71 hypothetical protein HC256_000536 [Beauveria bassiana]
KAH8720020.1         -            393 33445at5125          -            318     1e-10   40.9  19.8   1   2   1.1e-07   3.2e-05   22.8   1.7   170   204    21    57    17    60 0.91 Zinc finger protein 143 [Beauveria bassiana]
KAH8720020.1         -            393 33445at5125          -            318     1e-10   40.9  19.8   2   2   2.6e-07   7.4e-05   21.7  11.1    46   116    66   141    54   153 0.82 Zinc finger protein 143 [Beauveria bassiana]
KAH8711037.1         -            589 33445at5125          -            318   1.4e-10   40.5  14.0   1   1   1.4e-12   3.9e-10   39.0  13.7    40   111   492   574   480   579 0.83 Zinc finger X-linked protein ZXDB [Beauveria bassiana]
KAH8710464.1         -           1177 33445at5125          -            318     5e-10   38.6  18.8   1   1   2.5e-12   7.1e-10   38.1  17.9   173   256   790   885   772   891 0.82 hypothetical protein HC256_007303 [Beauveria bassiana]
KAH8717334.1         -            740 33445at5125          -            318   1.1e-09   37.6  15.2   1   2   5.7e-11   1.6e-08   33.7   6.8   141   201   377   441   345   446 0.67 Zinc finger transcription factor ace1 [Beauveria bassiana]
KAH8717334.1         -            740 33445at5125          -            318   1.1e-09   37.6  15.2   2   2    0.0018      0.53    9.0   1.3    63   110   445   497   442   515 0.79 Zinc finger transcription factor ace1 [Beauveria bassiana]
KAH8716334.1         -            807 33445at5125          -            318   2.2e-09   36.5   9.1   1   2     7e-07    0.0002   20.2   2.7   193   227   302   334   299   337 0.92 Homeobox protein HD-12 [Beauveria bassiana]
KAH8716334.1         -            807 33445at5125          -            318   2.2e-09   36.5   9.1   2   2   9.4e-07   0.00027   19.8   0.5   228   312   382   461   374   467 0.83 Homeobox protein HD-12 [Beauveria bassiana]
KAH8718595.1         -           1181 33445at5125          -            318   4.5e-09   35.5  11.4   1   2   1.6e-08   4.6e-06   25.6   1.3   191   228   401   436   399   443 0.91 Homeobox protein 4 [Beauveria bassiana]
KAH8718595.1         -           1181 33445at5125          -            318   4.5e-09   35.5  11.4   2   2   4.2e-05     0.012   14.4   3.0   213   293   469   544   451   559 0.76 Homeobox protein 4 [Beauveria bassiana]
KAH8707433.1         -            481 33445at5125          -            318     1e-08   34.4  17.9   1   3     6e-06    0.0017   17.2   4.5    49   213   230   285   190   289 0.57 Asparagine-rich zinc finger protein AZF1 [Beauveria bassiana]
KAH8707433.1         -            481 33445at5125          -            318     1e-08   34.4  17.9   2   3   1.6e-05    0.0046   15.8   2.6   168   214   268   314   265   315 0.87 Asparagine-rich zinc finger protein AZF1 [Beauveria bassiana]
KAH8707433.1         -            481 33445at5125          -            318     1e-08   34.4  17.9   3   3   1.7e-06   0.00048   19.0   3.7   172   220   300   350   298   357 0.91 Asparagine-rich zinc finger protein AZF1 [Beauveria bassiana]
KAH8713374.1         -            313 33445at5125          -            318     1e-08   34.3   3.5   1   1   4.5e-11   1.3e-08   34.0   3.5   164   219   248   303   190   307 0.75 C2H2 finger domain transcription factor mtfA [Beauveria bassiana]
KAH8709389.1         -            356 33445at5125          -            318   3.5e-08   32.6  14.7   1   2   1.7e-09     5e-07   28.8   6.5   164   220   138   196   100   199 0.76 hypothetical protein HC256_009311 [Beauveria bassiana]
KAH8709389.1         -            356 33445at5125          -            318   3.5e-08   32.6  14.7   2   2   0.00041      0.12   11.1   0.9    64   108   179   235   177   279 0.69 hypothetical protein HC256_009311 [Beauveria bassiana]
KAH8715601.1         -            374 33445at5125          -            318   1.7e-06   27.0   0.1   1   1   9.3e-09   2.7e-06   26.4   0.1   164   214   303   355   246   365 0.83 Zinc finger protein C25B8.19c [Beauveria bassiana]
KAH8721310.1         -            374 33445at5125          -            318   2.2e-06   26.6   3.0   1   1   1.2e-08   3.3e-06   26.1   3.0    54   107   274   330   237   360 0.86 C2H2 type master regulator of conidiophore development brlA [Beauveria bassiana]
KAH8713298.1         -            391 33445at5125          -            318   2.8e-06   26.3  18.7   1   2    0.0085       2.5    6.8   5.3    49    88    57    93    20   115 0.68 Endothelial zinc finger protein induced by tumor necrosis factor alpha [Beauveria bassiana]
KAH8713298.1         -            391 33445at5125          -            318   2.8e-06   26.3  18.7   2   2   1.9e-07   5.4e-05   22.1   7.5   168   221   119   174   102   184 0.86 Endothelial zinc finger protein induced by tumor necrosis factor alpha [Beauveria bassiana]
KAH8715852.1         -            488 33445at5125          -            318   2.8e-06   26.3   1.1   1   1   1.5e-08   4.2e-06   25.7   1.1    32   117   356   438   324   453 0.72 C2H2 finger domain transcription factor sebA [Beauveria bassiana]
KAH8715740.1         -            685 33445at5125          -            318   3.2e-06   26.1   0.9   1   2       5.9   1.7e+03   -2.5   0.1   115   159   195   239   189   244 0.75 Transcription factor steA [Beauveria bassiana]
KAH8715740.1         -            685 33445at5125          -            318   3.2e-06   26.1   0.9   2   2   1.8e-08   5.2e-06   25.4   0.1    51   117   547   613   499   642 0.82 Transcription factor steA [Beauveria bassiana]
KAH8720906.1         -            603 33445at5125          -            318   4.4e-06   25.7   7.7   1   2   0.00011     0.031   13.0   0.1    49    82   470   503   426   507 0.72 Transcriptional regulator RPN4 [Beauveria bassiana]
KAH8720906.1         -            603 33445at5125          -            318   4.4e-06   25.7   7.7   2   2   7.8e-05     0.022   13.5   3.3    58   107   536   590   519   598 0.72 Transcriptional regulator RPN4 [Beauveria bassiana]
KAH8708033.1         -            681 33445at5125          -            318   1.9e-05   23.6   6.9   1   1   1.3e-07   3.7e-05   22.7   6.9   169   227   464   521   452   526 0.85 C2H2 finger domain transcription factor crzA [Beauveria bassiana]
KAH8715009.1         -            469 33445at5125          -            318   0.00017   20.5   5.0   1   1   1.3e-06   0.00036   19.4   5.0    46   157   126   252    96   282 0.69 Zinc finger protein PLAG1 [Beauveria bassiana]
KAH8708206.1         -            244 33445at5125          -            318   0.00021   20.2   9.0   1   2   6.7e-05     0.019   13.7   0.7   186   218    56    89    44    92 0.69 hypothetical protein HC256_010352 [Beauveria bassiana]
KAH8708206.1         -            244 33445at5125          -            318   0.00021   20.2   9.0   2   2   3.8e-06    0.0011   17.8   2.0    48   127    57   150    54   201 0.66 hypothetical protein HC256_010352 [Beauveria bassiana]
KAH8717258.1         -            394 33445at5125          -            318    0.0003   19.7   6.8   1   2     0.043        12    4.5   1.0    52    95   101   147    73   151 0.74 INO80 complex subunit 1 [Beauveria bassiana]
KAH8717258.1         -            394 33445at5125          -            318    0.0003   19.7   6.8   2   2   3.5e-06     0.001   17.9   0.6    46    82   160   198   149   202 0.83 INO80 complex subunit 1 [Beauveria bassiana]
KAH8713520.1         -            235 33445at5125          -            318   0.00037   19.4   5.1   1   2   1.3e-06   0.00037   19.4   5.1    50    88    30    72     7   106 0.70 Zinc finger and SCAN domain-containing protein 12 [Beauveria bassiana]
KAH8713520.1         -            235 33445at5125          -            318   0.00037   19.4   5.1   2   2      0.79   2.3e+02    0.3   0.1     8    40   142   173   136   194 0.60 Zinc finger and SCAN domain-containing protein 12 [Beauveria bassiana]
KAH8718948.1         -            890 33445at5125          -            318    0.0012   17.7   3.1   1   1   4.2e-06    0.0012   17.7   3.1   156   224    26    95     3   105 0.70 Zinc finger protein klf1 [Beauveria bassiana]
KAH8711204.1         -            335 33445at5125          -            318    0.0019   17.0   7.0   1   1   6.6e-06    0.0019   17.0   7.0   169   215   264   310   237   320 0.85 Zinc finger and BTB domain-containing protein 7A [Beauveria bassiana]
KAH8708020.1         -           1611 33445at5125          -            318    0.0023   16.8   0.1   1   3      0.46   1.3e+02    1.1   0.0    52    77   197   225   194   243 0.85 Metallothionein expression activator [Beauveria bassiana]
KAH8708020.1         -           1611 33445at5125          -            318    0.0023   16.8   0.1   2   3       0.3        87    1.7   0.5    54    89  1144  1180  1131  1234 0.86 Metallothionein expression activator [Beauveria bassiana]
KAH8708020.1         -           1611 33445at5125          -            318    0.0023   16.8   0.1   3   3   7.8e-06    0.0023   16.8   0.1    47   111  1341  1416  1308  1427 0.79 Metallothionein expression activator [Beauveria bassiana]
KAH8711756.1         -            622 33445at5125          -            318    0.0047   15.7  18.5   1   1   2.7e-05    0.0078   15.0  18.5   193   290   253   352   247   367 0.74 hypothetical protein HC256_008570 [Beauveria bassiana]
KAH8711351.1         -            588 33445at5125          -            318    0.0055   15.5  14.2   1   2   0.00032     0.092   11.5   4.7   173   227   419   469   391   480 0.79 Zinc finger protein PLAG1 [Beauveria bassiana]
KAH8711351.1         -            588 33445at5125          -            318    0.0055   15.5  14.2   2   2    0.0017       0.5    9.1   2.0    73   109   529   563   520   576 0.81 Zinc finger protein PLAG1 [Beauveria bassiana]
KAH8718284.1         -            635 33445at5125          -            318      0.01   14.6   0.1   1   3       2.3   6.5e+02   -1.2   0.0    83   117   234   268   225   295 0.68 Transcription factor SFP1 [Beauveria bassiana]
KAH8718284.1         -            635 33445at5125          -            318      0.01   14.6   0.1   2   3   3.6e-05      0.01   14.6   0.1    50    85   520   555   497   563 0.86 Transcription factor SFP1 [Beauveria bassiana]
KAH8718284.1         -            635 33445at5125          -            318      0.01   14.6   0.1   3   3       5.3   1.5e+03   -2.4   0.7    52    75   583   604   579   615 0.57 Transcription factor SFP1 [Beauveria bassiana]
KAH8718674.1         -            420 33445at5125          -            318     0.011   14.5  10.8   1   1   8.2e-05     0.024   13.4  10.8   171   236    72   138    57   155 0.73 DNA-binding protein creA [Beauveria bassiana]
KAH8712543.1         -            804 33445at5125          -            318      0.02   13.7   2.6   1   1   0.00012     0.034   12.9   2.6    31    81    32    82     8    93 0.58 hypothetical protein HC256_005729 [Beauveria bassiana]
KAH8716158.1         -            483 33445at5125          -            318     0.021   13.6  17.6   1   3   0.00044      0.13   11.0   8.3   166   218   267   321   226   326 0.77 hypothetical protein HC256_004937 [Beauveria bassiana]
KAH8716158.1         -            483 33445at5125          -            318     0.021   13.6  17.6   2   3    0.0049       1.4    7.6   0.6    51    81   328   363   319   377 0.82 hypothetical protein HC256_004937 [Beauveria bassiana]
KAH8716158.1         -            483 33445at5125          -            318     0.021   13.6  17.6   3   3     0.011       3.2    6.4   0.2    91   158   346   421   340   451 0.62 hypothetical protein HC256_004937 [Beauveria bassiana]
KAH8709918.1         -            653 33445at5125          -            318     0.056   12.2   2.4   1   1   0.00058      0.17   10.6   2.5   181   226   411   459   403   503 0.85 hypothetical protein HC256_009825 [Beauveria bassiana]
KAH8710469.1         -            875 33445at5125          -            318     0.097   11.4   4.2   1   1    0.0026      0.75    8.5   4.2    52   114    18    82     7   110 0.70 Zinc finger protein klf1 [Beauveria bassiana]
KAH8708921.1         -            596 33445at5125          -            318      0.16   10.7  11.2   1   2   2.5e-05    0.0071   15.1   4.8   197   309   153   275   142   284 0.69 hypothetical protein HC256_008853 [Beauveria bassiana]
KAH8708921.1         -            596 33445at5125          -            318      0.16   10.7  11.2   2   2       4.6   1.3e+03   -2.2   0.4    91   130   489   528   485   550 0.72 hypothetical protein HC256_008853 [Beauveria bassiana]
KAH8707990.1         -            458 33445at5125          -            318       1.3    7.7  13.6   1   1     0.014       4.1    6.1  13.5   171   218   131   177   121   201 0.81 Transcriptional regulator CRZ1 [Beauveria bassiana]
#
# Program:         hmmsearch
# Version:         3.1b2 (February 2015)
# Pipeline mode:   SEARCH
# Query file:      /home/zack/funannotate_db/hypocreales_odb10/hmms/33445at5125.hmm
# Target file:     /home/zack/Desktop/IsariaPreferralGenome/MyGenomeSubmittedToNCBI/HypocrealesProteinSets/Bbassiana_JEF-350_protein.faa
# Option settings: hmmsearch --domtblout /home/zack/Desktop/IsariaPreferralGenome/MyGenomeSubmittedToNCBI/HypocrealesProteinSets/BUSCO_AA_all/BUSCO_AA_Bbassiana_JEF-350/run_hypocreales_odb10/hmmer_output/initial_run_results/33445at5125.out --cpu 1 /home/zack/funannotate_db/hypocreales_odb10/hmms/33445at5125.hmm /home/zack/Desktop/IsariaPreferralGenome/MyGenomeSubmittedToNCBI/HypocrealesProteinSets/Bbassiana_JEF-350_protein.faa 
# Current dir:     /home/zack/Desktop/IsariaPreferralGenome/MyGenomeSubmittedToNCBI/HypocrealesProteinSets/BUSCO_AA_all
# Date:            Mon Mar  4 14:24:38 2024
# [ok]
