#                                                                            --- full sequence --- -------------- this domain -------------   hmm coord   ali coord   env coord
# target name        accession   tlen query name           accession   qlen   E-value  score  bias   #  of  c-Evalue  i-Evalue  score  bias  from    to  from    to  from    to  acc description of target
#------------------- ---------- ----- -------------------- ---------- ----- --------- ------ ----- --- --- --------- --------- ------ ----- ----- ----- ----- ----- ----- ----- ---- ---------------------
KAH8720104.1         -            312 37378at5125          -            274  6.2e-171  565.9   4.2   1   1  2.2e-173  7.1e-171  565.7   4.2     1   274     8   298     8   298 0.97 Mitochondrial oxaloacetate transport protein [Beauveria bassiana]
KAH8716507.1         -            323 37378at5125          -            274   2.9e-31  107.8   1.1   1   2   1.3e-17   4.1e-15   54.9   0.2     2   185    20   212    19   219 0.79 Succinate/fumarate mitochondrial transporter [Beauveria bassiana]
KAH8716507.1         -            323 37378at5125          -            274   2.9e-31  107.8   1.1   2   2   5.7e-19   1.8e-16   59.3   0.0     7   182   125   311   117   314 0.83 Succinate/fumarate mitochondrial transporter [Beauveria bassiana]
KAH8713951.1         -            330 37378at5125          -            274   1.5e-28   98.9   0.3   1   1   5.8e-31   1.9e-28   98.6   0.3     1   265    44   324    44   330 0.87 putative mitochondrial 2-oxoglutarate/malate carrier protein [Beauveria bassiana]
KAH8713919.1         -            297 37378at5125          -            274   1.9e-26   92.0   0.6   1   1   6.1e-27     2e-24   85.4   0.6     1   256    13   278    13   293 0.83 Mitochondrial 2-oxodicarboxylate carrier 2 [Beauveria bassiana]
KAH8708298.1         -            348 37378at5125          -            274   2.9e-22   78.3   0.2   1   4   9.3e-09     3e-06   25.8   0.1   100   200    28   147    19   151 0.75 putative mitochondrial carrier [Beauveria bassiana]
KAH8708298.1         -            348 37378at5125          -            274   2.9e-22   78.3   0.2   2   4   5.6e-10   1.8e-07   29.8   0.0     7    86   148   226   142   235 0.82 putative mitochondrial carrier [Beauveria bassiana]
KAH8708298.1         -            348 37378at5125          -            274   2.9e-22   78.3   0.2   3   4      0.28        91    1.3   0.1     3    26   255   278   252   284 0.84 putative mitochondrial carrier [Beauveria bassiana]
KAH8708298.1         -            348 37378at5125          -            274   2.9e-22   78.3   0.2   4   4   9.5e-05     0.031   12.7   0.0   222   266   289   333   284   340 0.89 putative mitochondrial carrier [Beauveria bassiana]
KAH8707852.1         -            375 37378at5125          -            274   6.7e-22   77.1   0.6   1   3   2.4e-14   7.6e-12   44.2   0.0     2   130    27   152    26   160 0.90 Mitochondrial nicotinamide adenine dinucleotide transporter 1 [Beauveria bassiana]
KAH8707852.1         -            375 37378at5125          -            274   6.7e-22   77.1   0.6   2   3   3.4e-05     0.011   14.1   0.0   141   222   189   276   173   285 0.77 Mitochondrial nicotinamide adenine dinucleotide transporter 1 [Beauveria bassiana]
KAH8707852.1         -            375 37378at5125          -            274   6.7e-22   77.1   0.6   3   3   1.6e-05     0.005   15.2   0.0    32    83   300   351   293   372 0.69 Mitochondrial nicotinamide adenine dinucleotide transporter 1 [Beauveria bassiana]
KAH8717668.1         -            324 37378at5125          -            274   8.2e-20   70.3   1.9   1   2   1.4e-07   4.4e-05   22.0   0.0     3   125    18   152    16   155 0.70 Mitochondrial thiamine pyrophosphate carrier 1 [Beauveria bassiana]
KAH8717668.1         -            324 37378at5125          -            274   8.2e-20   70.3   1.9   2   2   3.3e-17   1.1e-14   53.5   1.0     1   181   129   313   129   323 0.87 Mitochondrial thiamine pyrophosphate carrier 1 [Beauveria bassiana]
KAH8718160.1         -            302 37378at5125          -            274   1.6e-19   69.3   1.4   1   2   1.5e-11   4.9e-09   34.9   0.5   100   190    19   109    14   118 0.90 Mitochondrial glycine transporter YMC1 [Beauveria bassiana]
KAH8718160.1         -            302 37378at5125          -            274   1.6e-19   69.3   1.4   2   2   5.3e-11   1.7e-08   33.2   0.0   103   268   118   299   108   302 0.77 Mitochondrial glycine transporter YMC1 [Beauveria bassiana]
KAH8715108.1         -            701 37378at5125          -            274   4.8e-19   67.8   0.4   1   1   1.9e-20   6.1e-18   64.1   0.4     5   261   355   621   351   630 0.82 Calcium-binding mitochondrial carrier protein Aralar1 [Beauveria bassiana]
KAH8712497.1         -            337 37378at5125          -            274   9.1e-19   66.9   1.5   1   3   3.1e-15   9.9e-13   47.1   0.0     2   160    16   184    14   199 0.85 Peroxisomal adenine nucleotide transporter 1 [Beauveria bassiana]
KAH8712497.1         -            337 37378at5125          -            274   9.1e-19   66.9   1.5   2   3   2.3e-06   0.00075   17.9   0.0    54   160   169   281   165   283 0.81 Peroxisomal adenine nucleotide transporter 1 [Beauveria bassiana]
KAH8712497.1         -            337 37378at5125          -            274   9.1e-19   66.9   1.5   3   3   3.1e-05      0.01   14.2   0.1     2   119   217   332   216   337 0.71 Peroxisomal adenine nucleotide transporter 1 [Beauveria bassiana]
KAH8713782.1         -            429 37378at5125          -            274   9.4e-19   66.8   0.7   1   3    0.0019      0.62    8.4   0.1   102   183    79   165    75   189 0.64 putative mitochondrial carrier [Beauveria bassiana]
KAH8713782.1         -            429 37378at5125          -            274   9.4e-19   66.8   0.7   2   3   1.3e-13   4.3e-11   41.7   0.1    10   129   205   327   197   340 0.86 putative mitochondrial carrier [Beauveria bassiana]
KAH8713782.1         -            429 37378at5125          -            274   9.4e-19   66.8   0.7   3   3   4.9e-05     0.016   13.6   0.0    41    87   369   415   360   424 0.86 putative mitochondrial carrier [Beauveria bassiana]
KAH8707703.1         -            326 37378at5125          -            274   1.6e-18   66.1   0.2   1   2   1.1e-08   3.6e-06   25.5   0.0   103   201    28   128    25   134 0.68 Mitochondrial substrate carrier family protein L [Beauveria bassiana]
KAH8707703.1         -            326 37378at5125          -            274   1.6e-18   66.1   0.2   2   2   1.8e-12   5.9e-10   38.0   0.0     5   161   143   306   140   318 0.77 Mitochondrial substrate carrier family protein L [Beauveria bassiana]
KAH8711295.1         -            392 37378at5125          -            274   3.7e-18   64.8   1.1   1   4    0.0031         1    7.7   0.1     1    31    64    97    64   117 0.69 putative mitochondrial carrier [Beauveria bassiana]
KAH8711295.1         -            392 37378at5125          -            274   3.7e-18   64.8   1.1   2   4     0.022       7.1    4.9   0.0   223   258   122   157   111   173 0.76 putative mitochondrial carrier [Beauveria bassiana]
KAH8711295.1         -            392 37378at5125          -            274   3.7e-18   64.8   1.1   3   4   6.2e-11     2e-08   33.0   0.0     2    69   185   258   184   285 0.80 putative mitochondrial carrier [Beauveria bassiana]
KAH8711295.1         -            392 37378at5125          -            274   3.7e-18   64.8   1.1   4   4   2.7e-05    0.0088   14.4   0.0   222   266   340   384   300   390 0.73 putative mitochondrial carrier [Beauveria bassiana]
KAH8709001.1         -            332 37378at5125          -            274   5.9e-18   64.2   2.8   1   2   1.1e-05    0.0035   15.7   0.2   105   182    37   119    33   130 0.66 putative mitochondrial carrier [Beauveria bassiana]
KAH8709001.1         -            332 37378at5125          -            274   5.9e-18   64.2   2.8   2   2   2.4e-14   7.8e-12   44.1   0.3     2   163   133   303   132   321 0.86 putative mitochondrial carrier [Beauveria bassiana]
KAH8720672.1         -            382 37378at5125          -            274   9.6e-18   63.5   1.8   1   2   2.1e-13   6.7e-11   41.0   0.1   102   265    89   261    73   267 0.82 Mitochondrial phosphate carrier protein 3, mitochondrial [Beauveria bassiana]
KAH8720672.1         -            382 37378at5125          -            274   9.6e-18   63.5   1.8   2   2   6.4e-10   2.1e-07   29.6   0.3    31   173   208   359   200   366 0.76 Mitochondrial phosphate carrier protein 3, mitochondrial [Beauveria bassiana]
KAH8718751.1         -            335 37378at5125          -            274   1.3e-17   63.0   0.7   1   3   1.1e-06   0.00034   19.1   0.3   104   180    45   124    26   151 0.72 Mitochondrial carnitine carrier [Beauveria bassiana]
KAH8718751.1         -            335 37378at5125          -            274   1.3e-17   63.0   0.7   2   3   1.7e-07   5.3e-05   21.7   0.0     3    64   143   204   137   207 0.87 Mitochondrial carnitine carrier [Beauveria bassiana]
KAH8718751.1         -            335 37378at5125          -            274   1.3e-17   63.0   0.7   3   3     1e-10   3.3e-08   32.2   0.0   142   263   191   320   189   334 0.76 Mitochondrial carnitine carrier [Beauveria bassiana]
KAH8707436.1         -            321 37378at5125          -            274   3.1e-16   58.6   1.2   1   2    0.0002     0.064   11.6   0.0    97   189    11   107     6   112 0.73 Mitochondrial FAD carrier protein FLX1 [Beauveria bassiana]
KAH8707436.1         -            321 37378at5125          -            274   3.1e-16   58.6   1.2   2   2     2e-14   6.4e-12   44.4   1.3     1   178   126   311   126   320 0.68 Mitochondrial FAD carrier protein FLX1 [Beauveria bassiana]
KAH8711428.1         -            314 37378at5125          -            274   1.8e-14   52.8   1.6   1   2   2.6e-08   8.4e-06   24.3   0.0     1    85    18   102    18   110 0.88 ADP,ATP carrier protein [Beauveria bassiana]
KAH8711428.1         -            314 37378at5125          -            274   1.8e-14   52.8   1.6   2   2   6.7e-09   2.1e-06   26.3   1.2     2   168   119   293   117   307 0.75 ADP,ATP carrier protein [Beauveria bassiana]
KAH8717950.1         -            370 37378at5125          -            274   2.1e-13   49.3   0.1   1   3       4.3   1.4e+03   -2.6   0.0   104   167    22    86    12    89 0.60 Tricarboxylate transporter FUM11 [Beauveria bassiana]
KAH8717950.1         -            370 37378at5125          -            274   2.1e-13   49.3   0.1   2   3   1.4e-07   4.4e-05   22.0   0.0    33   128   208   305   180   305 0.79 Tricarboxylate transporter FUM11 [Beauveria bassiana]
KAH8717950.1         -            370 37378at5125          -            274   2.1e-13   49.3   0.1   3   3   5.8e-11   1.8e-08   33.1   0.0   142   273   225   363   224   364 0.87 Tricarboxylate transporter FUM11 [Beauveria bassiana]
KAH8717951.1         -            370 37378at5125          -            274   2.1e-13   49.3   0.1   1   3       4.3   1.4e+03   -2.6   0.0   104   167    22    86    12    89 0.60 Tricarboxylate transporter FUM11 [Beauveria bassiana]
KAH8717951.1         -            370 37378at5125          -            274   2.1e-13   49.3   0.1   2   3   1.4e-07   4.4e-05   22.0   0.0    33   128   208   305   180   305 0.79 Tricarboxylate transporter FUM11 [Beauveria bassiana]
KAH8717951.1         -            370 37378at5125          -            274   2.1e-13   49.3   0.1   3   3   5.8e-11   1.8e-08   33.1   0.0   142   273   225   363   224   364 0.87 Tricarboxylate transporter FUM11 [Beauveria bassiana]
KAH8717674.1         -            331 37378at5125          -            274   3.5e-13   48.6   0.2   1   2   7.6e-12   2.4e-09   35.9   0.1     4   219    37   271    34   274 0.71 Amino-acid transporter arg-13 [Beauveria bassiana]
KAH8717674.1         -            331 37378at5125          -            274   3.5e-13   48.6   0.2   2   2   8.1e-05     0.026   12.9   0.0   104   168   248   317   242   329 0.68 Amino-acid transporter arg-13 [Beauveria bassiana]
KAH8718031.1         -            294 37378at5125          -            274   2.2e-12   45.9   0.3   1   3     0.028       8.8    4.6   0.0   101   140     4    43     1    70 0.78 Mitochondrial basic amino acids transporter [Beauveria bassiana]
KAH8718031.1         -            294 37378at5125          -            274   2.2e-12   45.9   0.3   2   3   3.1e-08     1e-05   24.1   0.0    97   178    85   167    60   176 0.86 Mitochondrial basic amino acids transporter [Beauveria bassiana]
KAH8718031.1         -            294 37378at5125          -            274   2.2e-12   45.9   0.3   3   3   5.2e-05     0.017   13.5   0.0     2    85   189   276   188   282 0.81 Mitochondrial basic amino acids transporter [Beauveria bassiana]
KAH8708013.1         -            303 37378at5125          -            274   2.7e-12   45.6   0.4   1   2   2.6e-06   0.00084   17.8   0.1   105   189    15    98     5   113 0.86 Mitochondrial glycine transporter [Beauveria bassiana]
KAH8708013.1         -            303 37378at5125          -            274   2.7e-12   45.6   0.4   2   2   1.6e-08     5e-06   25.1   0.1    49   173   154   292   115   301 0.75 Mitochondrial glycine transporter [Beauveria bassiana]
KAH8713382.1         -            312 37378at5125          -            274   2.8e-12   45.6   1.5   1   2   1.6e-05     0.005   15.2   0.1   101   171    12    84     4   110 0.71 Peroxisomal membrane protein PMP47B [Beauveria bassiana]
KAH8713382.1         -            312 37378at5125          -            274   2.8e-12   45.6   1.5   2   2   6.1e-10     2e-07   29.7   0.1     2   161   114   281   113   301 0.79 Peroxisomal membrane protein PMP47B [Beauveria bassiana]
KAH8721298.1         -            324 37378at5125          -            274   6.8e-12   44.3   2.7   1   3   9.5e-11     3e-08   32.3   0.3   104   266    40   211    39   219 0.82 Mitochondrial phosphate carrier protein [Beauveria bassiana]
KAH8721298.1         -            324 37378at5125          -            274   6.8e-12   44.3   2.7   2   3     0.064        21    3.4   0.0   191   223   231   263   224   264 0.88 Mitochondrial phosphate carrier protein [Beauveria bassiana]
KAH8721298.1         -            324 37378at5125          -            274   6.8e-12   44.3   2.7   3   3      0.15        48    2.2   0.1    51    89   276   314   262   321 0.61 Mitochondrial phosphate carrier protein [Beauveria bassiana]
KAH8718050.1         -            297 37378at5125          -            274   9.2e-12   43.9   6.4   1   2   1.2e-07   3.9e-05   22.2   1.1    98   178    22   107    15   116 0.83 putative mitochondrial carrier C8C9.12c [Beauveria bassiana]
KAH8718050.1         -            297 37378at5125          -            274   9.2e-12   43.9   6.4   2   2   2.1e-08   6.8e-06   24.6   0.5    14   178   116   281   107   292 0.81 putative mitochondrial carrier C8C9.12c [Beauveria bassiana]
KAH8713788.1         -            388 37378at5125          -            274   1.2e-11   43.5   2.7   1   4   1.9e-06    0.0006   18.2   0.1     2    88    62   146    61   149 0.83 Mitochondrial carrier protein LEU5 [Beauveria bassiana]
KAH8713788.1         -            388 37378at5125          -            274   1.2e-11   43.5   2.7   2   4     0.044        14    3.9   0.0     2    32   161   191   160   198 0.81 Mitochondrial carrier protein LEU5 [Beauveria bassiana]
KAH8713788.1         -            388 37378at5125          -            274   1.2e-11   43.5   2.7   3   4      0.13        43    2.3   0.0   233   258   235   260   205   274 0.72 Mitochondrial carrier protein LEU5 [Beauveria bassiana]
KAH8713788.1         -            388 37378at5125          -            274   1.2e-11   43.5   2.7   4   4   1.1e-05    0.0035   15.7   0.3     2    86   304   383   303   387 0.83 Mitochondrial carrier protein LEU5 [Beauveria bassiana]
KAH8718882.1         -            436 37378at5125          -            274   2.5e-11   42.5   0.2   1   3       1.7   5.4e+02   -1.3   0.0   104   131    41    68    34    76 0.65 Solute carrier family 25 member 40 [Beauveria bassiana]
KAH8718882.1         -            436 37378at5125          -            274   2.5e-11   42.5   0.2   2   3   2.3e-09   7.2e-07   27.8   0.0    37   167   139   275   130   300 0.79 Solute carrier family 25 member 40 [Beauveria bassiana]
KAH8718882.1         -            436 37378at5125          -            274   2.5e-11   42.5   0.2   3   3   0.00043      0.14   10.5   0.0   102   180   327   419   310   429 0.77 Solute carrier family 25 member 40 [Beauveria bassiana]
KAH8708197.1         -            315 37378at5125          -            274   1.3e-10   40.1   0.3   1   2     5e-11   1.6e-08   33.2   0.3   104   271    22   199    11   202 0.87 Mitochondrial phosphate carrier protein [Beauveria bassiana]
KAH8708197.1         -            315 37378at5125          -            274   1.3e-10   40.1   0.3   2   2     0.027       8.6    4.6   0.0   190   223   216   249   206   277 0.85 Mitochondrial phosphate carrier protein [Beauveria bassiana]
KAH8712464.1         -            330 37378at5125          -            274   5.7e-10   38.0   0.2   1   2   9.4e-11     3e-08   32.4   0.0     4   172    16   180    13   204 0.77 Peroxisomal adenine nucleotide carrier 2 [Beauveria bassiana]
KAH8712464.1         -            330 37378at5125          -            274   5.7e-10   38.0   0.2   2   2     0.087        28    2.9   0.0   143   166   276   299   255   324 0.59 Peroxisomal adenine nucleotide carrier 2 [Beauveria bassiana]
KAH8720158.1         -            644 37378at5125          -            274   5.9e-10   38.0   5.7   1   2      0.13        41    2.4   0.0     1    44   313   356   313   383 0.70 Calcium-binding mitochondrial carrier SAL1 [Beauveria bassiana]
KAH8720158.1         -            644 37378at5125          -            274   5.9e-10   38.0   5.7   2   2   6.1e-11     2e-08   33.0   4.4    58   269   399   640   376   642 0.73 Calcium-binding mitochondrial carrier SAL1 [Beauveria bassiana]
KAH8712844.1         -            302 37378at5125          -            274   1.3e-08   33.6   0.0   1   2     0.014       4.6    5.5   0.0   189   233    13    58     7    79 0.73 Mitochondrial GTP/GDP carrier protein 1 [Beauveria bassiana]
KAH8712844.1         -            302 37378at5125          -            274   1.3e-08   33.6   0.0   2   2     7e-09   2.3e-06   26.2   0.0   144   263   166   289    69   293 0.83 Mitochondrial GTP/GDP carrier protein 1 [Beauveria bassiana]
KAH8720162.1         -            296 37378at5125          -            274   6.2e-08   31.3   5.7   1   2   1.9e-07   6.2e-05   21.5   0.8   128   261    28   175     9   187 0.63 putative mitochondrial carrier C12B10.09 [Beauveria bassiana]
KAH8720162.1         -            296 37378at5125          -            274   6.2e-08   31.3   5.7   2   2   0.00032       0.1   10.9   1.2   102   175   214   287   100   295 0.85 putative mitochondrial carrier C12B10.09 [Beauveria bassiana]
KAH8721283.1         -            315 37378at5125          -            274   1.3e-05   23.7   4.1   1   3      0.32     1e+02    1.1   0.0   202   248    34    81    26   105 0.75 Citrate/oxoglutarate carrier protein [Beauveria bassiana]
KAH8721283.1         -            315 37378at5125          -            274   1.3e-05   23.7   4.1   2   3   9.1e-06    0.0029   16.0   0.9    51   168    65   192    54   249 0.78 Citrate/oxoglutarate carrier protein [Beauveria bassiana]
KAH8721283.1         -            315 37378at5125          -            274   1.3e-05   23.7   4.1   3   3    0.0048       1.6    7.1   0.1   141   156   264   279   254   294 0.84 Citrate/oxoglutarate carrier protein [Beauveria bassiana]
KAH8720437.1         -            199 37378at5125          -            274   0.00077   17.9   0.1   1   1   3.1e-06     0.001   17.5   0.1   145   216    21    91     6   114 0.85 putative mitochondrial carrier C12B10.09 [Beauveria bassiana]
#
# Program:         hmmsearch
# Version:         3.1b2 (February 2015)
# Pipeline mode:   SEARCH
# Query file:      /home/zack/funannotate_db/hypocreales_odb10/hmms/37378at5125.hmm
# Target file:     /home/zack/Desktop/IsariaPreferralGenome/MyGenomeSubmittedToNCBI/HypocrealesProteinSets/Bbassiana_JEF-350_protein.faa
# Option settings: hmmsearch --domtblout /home/zack/Desktop/IsariaPreferralGenome/MyGenomeSubmittedToNCBI/HypocrealesProteinSets/BUSCO_AA_all/BUSCO_AA_Bbassiana_JEF-350/run_hypocreales_odb10/hmmer_output/initial_run_results/37378at5125.out --cpu 1 /home/zack/funannotate_db/hypocreales_odb10/hmms/37378at5125.hmm /home/zack/Desktop/IsariaPreferralGenome/MyGenomeSubmittedToNCBI/HypocrealesProteinSets/Bbassiana_JEF-350_protein.faa 
# Current dir:     /home/zack/Desktop/IsariaPreferralGenome/MyGenomeSubmittedToNCBI/HypocrealesProteinSets/BUSCO_AA_all
# Date:            Mon Mar  4 14:24:56 2024
# [ok]
