#                                                                            --- full sequence --- -------------- this domain -------------   hmm coord   ali coord   env coord
# target name        accession   tlen query name           accession   qlen   E-value  score  bias   #  of  c-Evalue  i-Evalue  score  bias  from    to  from    to  from    to  acc description of target
#------------------- ---------- ----- -------------------- ---------- ----- --------- ------ ----- --- --- --------- --------- ------ ----- ----- ----- ----- ----- ----- ----- ---- ---------------------
KAH8712806.1         -            418 40082at5125          -            322  9.1e-153  507.4  24.7   1   1  9.9e-154  1.2e-150  500.4  24.7     5   322    52   417    48   417 0.88 Set1 complex component spp1 [Beauveria bassiana]
KAH8710418.1         -           1675 40082at5125          -            322   1.1e-05   24.1  12.4   1   2    0.0017       2.2    6.7   0.6    38    64   429   455   390   473 0.72 Lysine-specific demethylase lid [Beauveria bassiana]
KAH8710418.1         -           1675 40082at5125          -            322   1.1e-05   24.1  12.4   2   2     7e-08   8.7e-05   21.1   5.2    22    83  1280  1339  1267  1344 0.79 Lysine-specific demethylase lid [Beauveria bassiana]
KAH8707998.1         -            589 40082at5125          -            322     4e-05   22.2   2.2   1   2       3.8   4.7e+03   -4.3   4.5   256   306   302   352   254   380 0.63 Cat eye syndrome critical region protein 2 [Beauveria bassiana]
KAH8707998.1         -            589 40082at5125          -            322     4e-05   22.2   2.2   2   2   3.2e-08     4e-05   22.2   2.2    20    86   410   479   394   499 0.83 Cat eye syndrome critical region protein 2 [Beauveria bassiana]
KAH8718568.1         -            897 40082at5125          -            322   0.00073   18.1   2.3   1   1     1e-06    0.0013   17.3   2.3    30    64    39    76    15   101 0.74 SET domain-containing protein 3 [Beauveria bassiana]
KAH8718998.1         -            988 40082at5125          -            322     0.016   13.7   0.5   1   1   2.5e-05     0.031   12.7   0.5   147   228   443   524   434   577 0.79 Vacuolar protein-sorting protein BRO1 [Beauveria bassiana]
KAH8718999.1         -            988 40082at5125          -            322     0.016   13.7   0.5   1   1   2.5e-05     0.031   12.7   0.5   147   228   443   524   434   577 0.79 Vacuolar protein-sorting protein BRO1 [Beauveria bassiana]
KAH8716411.1         -           1208 40082at5125          -            322      0.24    9.8   8.4   1   2   0.00012      0.15   10.5   2.0    25    83   745   799   728   806 0.80 Uncharacterized protein HC256_005183 [Beauveria bassiana]
KAH8716411.1         -           1208 40082at5125          -            322      0.24    9.8   8.4   2   2     0.033        41    2.5   0.5    27    64   872   911   849   932 0.69 Uncharacterized protein HC256_005183 [Beauveria bassiana]
KAH8716412.1         -           1208 40082at5125          -            322      0.24    9.8   8.4   1   2   0.00012      0.15   10.5   2.0    25    83   745   799   728   806 0.80 Uncharacterized protein HC256_005183 [Beauveria bassiana]
KAH8716412.1         -           1208 40082at5125          -            322      0.24    9.8   8.4   2   2     0.033        41    2.5   0.5    27    64   872   911   849   932 0.69 Uncharacterized protein HC256_005183 [Beauveria bassiana]
KAH8715773.1         -            633 40082at5125          -            322         1    7.7   8.1   1   2   0.00018      0.23    9.9   1.6    25    66   117   158   100   163 0.89 PHD and RING finger domain-containing protein [Beauveria bassiana]
KAH8715773.1         -            633 40082at5125          -            322         1    7.7   8.1   2   2     0.095   1.2e+02    1.0   0.6   268   312   575   619   543   626 0.76 PHD and RING finger domain-containing protein [Beauveria bassiana]
#
# Program:         hmmsearch
# Version:         3.1b2 (February 2015)
# Pipeline mode:   SEARCH
# Query file:      /home/zack/funannotate_db/hypocreales_odb10/hmms/40082at5125.hmm
# Target file:     /home/zack/Desktop/IsariaPreferralGenome/MyGenomeSubmittedToNCBI/HypocrealesProteinSets/Bbassiana_JEF-350_protein.faa
# Option settings: hmmsearch --domtblout /home/zack/Desktop/IsariaPreferralGenome/MyGenomeSubmittedToNCBI/HypocrealesProteinSets/BUSCO_AA_all/BUSCO_AA_Bbassiana_JEF-350/run_hypocreales_odb10/hmmer_output/initial_run_results/40082at5125.out --cpu 1 /home/zack/funannotate_db/hypocreales_odb10/hmms/40082at5125.hmm /home/zack/Desktop/IsariaPreferralGenome/MyGenomeSubmittedToNCBI/HypocrealesProteinSets/Bbassiana_JEF-350_protein.faa 
# Current dir:     /home/zack/Desktop/IsariaPreferralGenome/MyGenomeSubmittedToNCBI/HypocrealesProteinSets/BUSCO_AA_all
# Date:            Mon Mar  4 14:25:04 2024
# [ok]
