#                                                                            --- full sequence --- -------------- this domain -------------   hmm coord   ali coord   env coord
# target name        accession   tlen query name           accession   qlen   E-value  score  bias   #  of  c-Evalue  i-Evalue  score  bias  from    to  from    to  from    to  acc description of target
#------------------- ---------- ----- -------------------- ---------- ----- --------- ------ ----- --- --- --------- --------- ------ ----- ----- ----- ----- ----- ----- ----- ---- ---------------------
KAH8711574.1         -            270 44446at5125          -            165   2.8e-81  270.6  23.8   1   2   1.8e-33   2.2e-30  105.1   0.7     1    64     1    67     1    79 0.94 Regulatory protein cys-3 [Beauveria bassiana]
KAH8711574.1         -            270 44446at5125          -            165   2.8e-81  270.6  23.8   2   2   3.9e-53   4.9e-50  169.0  16.3    52   165   134   250    88   250 0.91 Regulatory protein cys-3 [Beauveria bassiana]
KAH8717969.1         -            177 44446at5125          -            165   5.5e-05   22.5   1.3   1   1   5.4e-08   6.7e-05   22.2   1.3    89   146   119   176    92   177 0.90 hypothetical protein HC256_002644 [Beauveria bassiana]
KAH8713430.1         -            233 44446at5125          -            165     0.011   14.9   2.2   1   1   1.5e-05     0.019   14.2   2.2    75   152    41   123    10   134 0.78 Transcription factor atf21 [Beauveria bassiana]
KAH8709110.1         -           1354 44446at5125          -            165     0.017   14.4   0.2   1   2       3.1   3.8e+03   -3.0   0.0   125   138    92   105    49   114 0.66 Transcriptional activator protein acu-15 [Beauveria bassiana]
KAH8709110.1         -           1354 44446at5125          -            165     0.017   14.4   0.2   2   2   4.4e-05     0.055   12.7   0.0   124   159   538   573   534   578 0.92 Transcriptional activator protein acu-15 [Beauveria bassiana]
KAH8712458.1         -            201 44446at5125          -            165      0.04   13.2   0.8   1   1   4.3e-05     0.054   12.7   0.8    90   144   136   190   101   197 0.84 hypothetical protein HC256_005652 [Beauveria bassiana]
KAH8719629.1         -            298 44446at5125          -            165     0.053   12.8  11.9   1   2   1.2e-05     0.015   14.5   8.1    85   158   121   197    93   204 0.83 Cyclic AMP-dependent transcription factor ATF-7 [Beauveria bassiana]
KAH8719629.1         -            298 44446at5125          -            165     0.053   12.8  11.9   2   2       2.1   2.7e+03   -2.5   0.0    49    74   210   235   201   237 0.71 Cyclic AMP-dependent transcription factor ATF-7 [Beauveria bassiana]
KAH8715911.1         -            420 44446at5125          -            165     0.066   12.4   1.1   1   1   9.3e-05      0.12   11.7   1.1    80   117   188   220   179   249 0.73 hypothetical protein HC256_004704 [Beauveria bassiana]
KAH8720344.1         -            231 44446at5125          -            165     0.068   12.4   0.2   1   2      0.16     2e+02    1.1   0.0    12    64    10    62     3    80 0.80 Voltage-gated hydrogen channel 1 [Beauveria bassiana]
KAH8720344.1         -            231 44446at5125          -            165     0.068   12.4   0.2   2   2   0.00052      0.64    9.2   0.1   120   153   189   222   176   227 0.83 Voltage-gated hydrogen channel 1 [Beauveria bassiana]
KAH8720011.1         -            177 44446at5125          -            165      0.24   10.6   3.6   1   3   0.00015      0.19   10.9   0.4   107   149     3    45     1    61 0.87 hypothetical protein HC256_000418 [Beauveria bassiana]
KAH8720011.1         -            177 44446at5125          -            165      0.24   10.6   3.6   2   3      0.57   7.1e+02   -0.7   0.2   112   132    86   106    45   111 0.56 hypothetical protein HC256_000418 [Beauveria bassiana]
KAH8720011.1         -            177 44446at5125          -            165      0.24   10.6   3.6   3   3       2.7   3.4e+03   -2.9   0.0   106   126   145   165   135   169 0.64 hypothetical protein HC256_000418 [Beauveria bassiana]
#
# Program:         hmmsearch
# Version:         3.1b2 (February 2015)
# Pipeline mode:   SEARCH
# Query file:      /home/zack/funannotate_db/hypocreales_odb10/hmms/44446at5125.hmm
# Target file:     /home/zack/Desktop/IsariaPreferralGenome/MyGenomeSubmittedToNCBI/HypocrealesProteinSets/Bbassiana_JEF-350_protein.faa
# Option settings: hmmsearch --domtblout /home/zack/Desktop/IsariaPreferralGenome/MyGenomeSubmittedToNCBI/HypocrealesProteinSets/BUSCO_AA_all/BUSCO_AA_Bbassiana_JEF-350/run_hypocreales_odb10/hmmer_output/initial_run_results/44446at5125.out --cpu 1 /home/zack/funannotate_db/hypocreales_odb10/hmms/44446at5125.hmm /home/zack/Desktop/IsariaPreferralGenome/MyGenomeSubmittedToNCBI/HypocrealesProteinSets/Bbassiana_JEF-350_protein.faa 
# Current dir:     /home/zack/Desktop/IsariaPreferralGenome/MyGenomeSubmittedToNCBI/HypocrealesProteinSets/BUSCO_AA_all
# Date:            Mon Mar  4 14:25:16 2024
# [ok]
