#                                                                            --- full sequence --- -------------- this domain -------------   hmm coord   ali coord   env coord
# target name        accession   tlen query name           accession   qlen   E-value  score  bias   #  of  c-Evalue  i-Evalue  score  bias  from    to  from    to  from    to  acc description of target
#------------------- ---------- ----- -------------------- ---------- ----- --------- ------ ----- --- --- --------- --------- ------ ----- ----- ----- ----- ----- ----- ----- ---- ---------------------
KAH8716150.1         -            501 44539at5125          -            401  1.3e-189  629.8  70.0   1   3     6e-88   6.7e-85  284.9   2.9     1   153     1   165     1   188 0.88 putative G3BP-like protein [Beauveria bassiana]
KAH8716150.1         -            501 44539at5125          -            401  1.3e-189  629.8  70.0   2   3    0.0037       4.1    5.7   2.6   144   186   187   230   180   233 0.85 putative G3BP-like protein [Beauveria bassiana]
KAH8716150.1         -            501 44539at5125          -            401  1.3e-189  629.8  70.0   3   3  5.1e-107  5.7e-104  347.7  50.3   159   401   229   496   226   496 0.85 putative G3BP-like protein [Beauveria bassiana]
KAH8720801.1         -            790 44539at5125          -            401     8e-09   34.4   0.0   1   3      0.36   4.1e+02   -0.9   0.0   297   318   216   237   211   265 0.66 Negative regulator of differentiation 1 [Beauveria bassiana]
KAH8720801.1         -            790 44539at5125          -            401     8e-09   34.4   0.0   2   3   2.9e-05     0.033   12.6   0.0   273   327   284   338   261   344 0.80 Negative regulator of differentiation 1 [Beauveria bassiana]
KAH8720801.1         -            790 44539at5125          -            401     8e-09   34.4   0.0   3   3   1.1e-06    0.0012   17.3   0.0   274   327   510   563   497   625 0.74 Negative regulator of differentiation 1 [Beauveria bassiana]
KAH8713914.1         -            128 44539at5125          -            401   1.2e-08   33.8   0.1   1   1   1.3e-11   1.5e-08   33.5   0.1    20   137     7   125     2   127 0.86 Nuclear transport factor 2 [Beauveria bassiana]
KAH8720014.1         -            645 44539at5125          -            401   1.8e-08   33.3  30.4   1   3       6.7   7.5e+03   -5.0   9.9   348   396    13    56     5    70 0.54 Regulator of nonsense transcripts UPF3 [Beauveria bassiana]
KAH8720014.1         -            645 44539at5125          -            401   1.8e-08   33.3  30.4   2   3        10   1.1e+04   -8.9  14.0   162   252   237   327   211   339 0.41 Regulator of nonsense transcripts UPF3 [Beauveria bassiana]
KAH8720014.1         -            645 44539at5125          -            401   1.8e-08   33.3  30.4   3   3   1.6e-11   1.8e-08   33.3  30.4   147   400   354   621   346   623 0.56 Regulator of nonsense transcripts UPF3 [Beauveria bassiana]
KAH8713704.1         -            417 44539at5125          -            401   4.4e-07   28.7   0.0   1   2   0.00089         1    7.7   0.0   293   346    76   129    46   148 0.83 putative RNA-binding protein C23E6.01c [Beauveria bassiana]
KAH8713704.1         -            417 44539at5125          -            401   4.4e-07   28.7   0.0   2   2   4.4e-07   0.00049   18.6   0.0   268   326   276   334   267   359 0.88 putative RNA-binding protein C23E6.01c [Beauveria bassiana]
KAH8709513.1         -            370 44539at5125          -            401   3.5e-05   22.4   0.0   1   1   4.2e-08   4.7e-05   22.0   0.0   269   346   229   308   167   349 0.77 Pre-mRNA-splicing factor slt-11 [Beauveria bassiana]
KAH8709514.1         -            370 44539at5125          -            401   3.5e-05   22.4   0.0   1   1   4.2e-08   4.7e-05   22.0   0.0   269   346   229   308   167   349 0.77 Pre-mRNA-splicing factor slt-11 [Beauveria bassiana]
KAH8713277.1         -            736 44539at5125          -            401   0.00014   20.5   0.5   1   7      0.59   6.6e+02   -1.6   0.1   242   305    26    87     2   145 0.57 Polyadenylate-binding protein, cytoplasmic and nuclear [Beauveria bassiana]
KAH8713277.1         -            736 44539at5125          -            401   0.00014   20.5   0.5   2   7   0.00019      0.21   10.0   0.2   275   349   145   225   126   236 0.79 Polyadenylate-binding protein, cytoplasmic and nuclear [Beauveria bassiana]
KAH8713277.1         -            736 44539at5125          -            401   0.00014   20.5   0.5   3   7   1.2e-07   0.00014   20.5   0.5   269   362   232   334   221   340 0.76 Polyadenylate-binding protein, cytoplasmic and nuclear [Beauveria bassiana]
KAH8713277.1         -            736 44539at5125          -            401   0.00014   20.5   0.5   4   7     0.023        26    3.1   0.0   267   307   333   373   323   376 0.85 Polyadenylate-binding protein, cytoplasmic and nuclear [Beauveria bassiana]
KAH8713277.1         -            736 44539at5125          -            401   0.00014   20.5   0.5   5   7        10   1.1e+04  -11.6  12.9   143   177   379   413   370   425 0.46 Polyadenylate-binding protein, cytoplasmic and nuclear [Beauveria bassiana]
KAH8713277.1         -            736 44539at5125          -            401   0.00014   20.5   0.5   6   7      0.38   4.3e+02   -0.9   0.0   306   347   425   467   420   493 0.69 Polyadenylate-binding protein, cytoplasmic and nuclear [Beauveria bassiana]
KAH8713277.1         -            736 44539at5125          -            401   0.00014   20.5   0.5   7   7        10   1.1e+04  -10.3   8.3   354   395   588   622   577   639 0.39 Polyadenylate-binding protein, cytoplasmic and nuclear [Beauveria bassiana]
KAH8720345.1         -            298 44539at5125          -            401   0.00035   19.1   5.4   1   1   3.1e-07   0.00035   19.1   5.4   307   391   215   292   153   296 0.69 Polyadenylate-binding protein 2 [Beauveria bassiana]
KAH8717404.1         -            181 44539at5125          -            401    0.0023   16.4   2.5   1   1   2.6e-06    0.0029   16.1   2.5   286   388    15   124     9   137 0.69 Cold-inducible RNA-binding protein [Beauveria bassiana]
#
# Program:         hmmsearch
# Version:         3.1b2 (February 2015)
# Pipeline mode:   SEARCH
# Query file:      /home/zack/funannotate_db/hypocreales_odb10/hmms/44539at5125.hmm
# Target file:     /home/zack/Desktop/IsariaPreferralGenome/MyGenomeSubmittedToNCBI/HypocrealesProteinSets/Bbassiana_JEF-350_protein.faa
# Option settings: hmmsearch --domtblout /home/zack/Desktop/IsariaPreferralGenome/MyGenomeSubmittedToNCBI/HypocrealesProteinSets/BUSCO_AA_all/BUSCO_AA_Bbassiana_JEF-350/run_hypocreales_odb10/hmmer_output/initial_run_results/44539at5125.out --cpu 1 /home/zack/funannotate_db/hypocreales_odb10/hmms/44539at5125.hmm /home/zack/Desktop/IsariaPreferralGenome/MyGenomeSubmittedToNCBI/HypocrealesProteinSets/Bbassiana_JEF-350_protein.faa 
# Current dir:     /home/zack/Desktop/IsariaPreferralGenome/MyGenomeSubmittedToNCBI/HypocrealesProteinSets/BUSCO_AA_all
# Date:            Mon Mar  4 14:24:56 2024
# [ok]
