#                                                                            --- full sequence --- -------------- this domain -------------   hmm coord   ali coord   env coord
# target name        accession   tlen query name           accession   qlen   E-value  score  bias   #  of  c-Evalue  i-Evalue  score  bias  from    to  from    to  from    to  acc description of target
#------------------- ---------- ----- -------------------- ---------- ----- --------- ------ ----- --- --- --------- --------- ------ ----- ----- ----- ----- ----- ----- ----- ---- ---------------------
KAH8710719.1         -            917 4653at5125           -            595         0 1050.3  36.0   1   4   4.7e-28   3.5e-26   90.9  12.1     2    53    39    90    38   108 0.94 Cutinase transcription factor 1 beta [Beauveria bassiana]
KAH8710719.1         -            917 4653at5125           -            595         0 1050.3  36.0   2   4      0.17        13    3.2   0.0    58    73   183   198   180   214 0.87 Cutinase transcription factor 1 beta [Beauveria bassiana]
KAH8710719.1         -            917 4653at5125           -            595         0 1050.3  36.0   3   4  2.1e-269  1.6e-267  887.9   4.2    71   540   260   765   245   773 0.91 Cutinase transcription factor 1 beta [Beauveria bassiana]
KAH8710719.1         -            917 4653at5125           -            595         0 1050.3  36.0   4   4   1.6e-24   1.2e-22   79.3   3.1   513   594   782   880   777   881 0.87 Cutinase transcription factor 1 beta [Beauveria bassiana]
KAH8719085.1         -            906 4653at5125           -            595   7.4e-64  215.4  11.5   1   2    0.0013     0.098   10.2   1.9     9    55    28    76    24    87 0.74 Cutinase transcription factor 1 alpha [Beauveria bassiana]
KAH8719085.1         -            906 4653at5125           -            595   7.4e-64  215.4  11.5   2   2   3.4e-64   2.6e-62  210.3   2.4    75   494   185   597   167   671 0.87 Cutinase transcription factor 1 alpha [Beauveria bassiana]
KAH8721132.1         -            714 4653at5125           -            595   6.2e-49  166.1   6.5   1   2     8e-09     6e-07   27.4   4.6     5    51     7    53     3    70 0.91 Cutinase transcription factor 1 alpha [Beauveria bassiana]
KAH8721132.1         -            714 4653at5125           -            595   6.2e-49  166.1   6.5   2   2   2.2e-42   1.7e-40  138.2   0.0    97   402   231   529   211   575 0.88 Cutinase transcription factor 1 alpha [Beauveria bassiana]
KAH8713252.1         -            785 4653at5125           -            595     4e-47  160.1  17.9   1   2   4.4e-08   3.3e-06   25.0   9.0     5    56    35    86    31   100 0.87 Cutinase transcription factor 1 alpha [Beauveria bassiana]
KAH8713252.1         -            785 4653at5125           -            595     4e-47  160.1  17.9   2   2   6.3e-43   4.7e-41  140.0   0.6    85   487   249   635   227   660 0.80 Cutinase transcription factor 1 alpha [Beauveria bassiana]
KAH8713253.1         -            806 4653at5125           -            595   1.5e-44  151.6  18.1   1   2   5.1e-08   3.9e-06   24.8   9.2     5    55    35    85    31    98 0.87 Cutinase transcription factor 1 alpha [Beauveria bassiana]
KAH8713253.1         -            806 4653at5125           -            595   1.5e-44  151.6  18.1   2   2   2.7e-40     2e-38  131.4   0.8    85   485   249   654   227   681 0.75 Cutinase transcription factor 1 alpha [Beauveria bassiana]
KAH8710814.1         -            620 4653at5125           -            595     4e-42  143.6   3.5   1   3   1.8e-38   1.4e-36  125.3   0.1    82   283    66   271    53   282 0.89 Cutinase transcription factor 1 beta [Beauveria bassiana]
KAH8710814.1         -            620 4653at5125           -            595     4e-42  143.6   3.5   2   3    0.0017      0.13    9.8   0.0   377   445   370   439   361   449 0.84 Cutinase transcription factor 1 beta [Beauveria bassiana]
KAH8710814.1         -            620 4653at5125           -            595     4e-42  143.6   3.5   3   3    0.0061      0.46    8.0   0.1   451   505   465   522   455   578 0.74 Cutinase transcription factor 1 beta [Beauveria bassiana]
KAH8714906.1         -            493 4653at5125           -            595   5.7e-28   96.8   0.0   1   1   1.2e-29   9.1e-28   96.2   0.0    99   309    50   266    42   347 0.86 Acetamidase regulatory protein [Beauveria bassiana]
KAH8709919.1         -            455 4653at5125           -            595   7.9e-27   93.1   2.2   1   2   6.7e-25     5e-23   80.5   1.2   145   290     2   148     1   176 0.91 Cutinase transcription factor 1 alpha [Beauveria bassiana]
KAH8709919.1         -            455 4653at5125           -            595   7.9e-27   93.1   2.2   2   2   0.00045     0.034   11.7   0.0   351   495   195   331   186   398 0.73 Cutinase transcription factor 1 alpha [Beauveria bassiana]
KAH8709921.1         -            558 4653at5125           -            595   1.1e-25   89.3   2.5   1   2   7.8e-25   5.9e-23   80.3   1.2   102   257   188   342   185   346 0.95 Cutinase transcription factor 1 beta [Beauveria bassiana]
KAH8709921.1         -            558 4653at5125           -            595   1.1e-25   89.3   2.5   2   2    0.0053       0.4    8.2   0.0   422   495   358   434   348   500 0.83 Cutinase transcription factor 1 beta [Beauveria bassiana]
KAH8709920.1         -            349 4653at5125           -            595   9.3e-24   82.9   1.0   1   1   1.9e-25   1.4e-23   82.3   1.0   102   258   188   343   184   347 0.95 Cutinase transcription factor 1 beta [Beauveria bassiana]
KAH8712295.1         -            719 4653at5125           -            595   9.7e-19   66.4   0.3   1   2      0.59        45    1.4   7.5     9    35    27    52    19    62 0.80 Sorbicillinoid biosynthetic cluster transcription factor sor3 [Beauveria bassiana]
KAH8712295.1         -            719 4653at5125           -            595   9.7e-19   66.4   0.3   2   2   1.3e-20   9.7e-19   66.4   0.3   101   426   218   543   213   584 0.73 Sorbicillinoid biosynthetic cluster transcription factor sor3 [Beauveria bassiana]
KAH8710680.1         -            261 4653at5125           -            595     2e-18   65.4   0.0   1   1   3.3e-20   2.5e-18   65.0   0.0    90   233   117   258   111   261 0.93 Fusaric acid cluster transcription factor FUB12 [Beauveria bassiana]
KAH8713024.1         -            782 4653at5125           -            595   7.8e-17   60.1   9.7   1   2   7.1e-05    0.0054   14.4   5.1     6    60    25    78    21   109 0.84 putative transcriptional regulatory protein [Beauveria bassiana]
KAH8713024.1         -            782 4653at5125           -            595   7.8e-17   60.1   9.7   2   2   4.5e-15   3.4e-13   48.1   0.1   195   407   319   539   252   615 0.67 putative transcriptional regulatory protein [Beauveria bassiana]
KAH8713026.1         -            518 4653at5125           -            595   4.8e-16   57.5   6.3   1   2   4.1e-05    0.0031   15.2   5.1     6    60    25    78    21   109 0.83 putative transcriptional regulatory protein [Beauveria bassiana]
KAH8713026.1         -            518 4653at5125           -            595   4.8e-16   57.5   6.3   2   2   4.4e-13   3.3e-11   41.5   0.0   195   373   319   504   252   518 0.59 putative transcriptional regulatory protein [Beauveria bassiana]
KAH8708659.1         -            593 4653at5125           -            595   1.2e-15   56.1   0.0   1   1   2.3e-17   1.8e-15   55.6   0.0   174   294   167   288    88   306 0.76 Acetamidase regulatory protein [Beauveria bassiana]
KAH8711544.1         -            752 4653at5125           -            595   7.2e-15   53.6   6.5   1   2      0.01      0.75    7.3   2.5     6    46    43    83    38   108 0.84 Transcriptional activator protein DAL81 [Beauveria bassiana]
KAH8711544.1         -            752 4653at5125           -            595   7.2e-15   53.6   6.5   2   2   6.9e-15   5.2e-13   47.4   0.1   110   405   315   616   300   677 0.76 Transcriptional activator protein DAL81 [Beauveria bassiana]
KAH8718994.1         -            897 4653at5125           -            595   1.2e-13   49.5   5.1   1   2    0.0088      0.66    7.5   3.1     7    53    41    87    35   113 0.68 Nitrogen assimilation transcription factor nit-4 [Beauveria bassiana]
KAH8718994.1         -            897 4653at5125           -            595   1.2e-13   49.5   5.1   2   2   1.9e-12   1.4e-10   39.4   0.0   106   565   229   690   223   699 0.74 Nitrogen assimilation transcription factor nit-4 [Beauveria bassiana]
KAH8713025.1         -            647 4653at5125           -            595   1.5e-13   49.2   0.1   1   1   2.9e-15   2.2e-13   48.7   0.1   195   407   184   404   117   481 0.67 Nitrogen assimilation transcription factor nirA [Beauveria bassiana]
KAH8710569.1         -            727 4653at5125           -            595   4.8e-13   47.6   7.9   1   2     0.025       1.9    5.9   2.3     7    55     4    53     1   102 0.58 Sorbicillinoid biosynthetic cluster transcription factor sor3 [Beauveria bassiana]
KAH8710569.1         -            727 4653at5125           -            595   4.8e-13   47.6   7.9   2   2     5e-14   3.8e-12   44.6   0.1    99   277   217   401   212   427 0.85 Sorbicillinoid biosynthetic cluster transcription factor sor3 [Beauveria bassiana]
KAH8717355.1         -            770 4653at5125           -            595   5.3e-13   47.4   0.8   1   1   1.8e-14   1.4e-12   46.1   0.8   142   510   195   568   183   619 0.74 Nitrogen assimilation transcription factor nit-4 [Beauveria bassiana]
KAH8709281.1         -            895 4653at5125           -            595   1.3e-12   46.2   0.0   1   1   3.9e-14     3e-12   44.9   0.0   159   407   200   452   180   488 0.86 Activator of stress proteins 1 [Beauveria bassiana]
KAH8709325.1         -            733 4653at5125           -            595   2.2e-12   45.3   6.3   1   2   7.3e-05    0.0055   14.3   0.7    11    70    19    80    11   101 0.76 Aurofusarin cluster transcription factor aurR2 [Beauveria bassiana]
KAH8709325.1         -            733 4653at5125           -            595   2.2e-12   45.3   6.3   2   2   9.2e-11   6.9e-09   33.8   0.6   110   263   207   368   184   390 0.76 Aurofusarin cluster transcription factor aurR2 [Beauveria bassiana]
KAH8709909.1         -            679 4653at5125           -            595   1.6e-11   42.5   0.0   1   1   3.1e-13   2.3e-11   42.0   0.0   218   295   326   403   321   519 0.79 putative transcriptional regulatory protein C25B8.11 [Beauveria bassiana]
KAH8721334.1         -            819 4653at5125           -            595   3.2e-11   41.5  14.4   1   2   1.5e-06   0.00011   19.9  10.1     6    74   115   185   109   192 0.78 Transcriptional activator protein acu-15 [Beauveria bassiana]
KAH8721334.1         -            819 4653at5125           -            595   3.2e-11   41.5  14.4   2   2   1.3e-07     1e-05   23.4   0.1   102   282   263   441   250   452 0.83 Transcriptional activator protein acu-15 [Beauveria bassiana]
KAH8715357.1         -            759 4653at5125           -            595     6e-11   40.6   6.0   1   2     9e-05    0.0068   14.0   2.5    10    55    29    75    22   100 0.77 Aurofusarin cluster transcription factor aurR2 [Beauveria bassiana]
KAH8715357.1         -            759 4653at5125           -            595     6e-11   40.6   6.0   2   2   5.7e-09   4.3e-07   27.9   0.1   192   266   300   374   203   429 0.76 Aurofusarin cluster transcription factor aurR2 [Beauveria bassiana]
KAH8718543.1         -            937 4653at5125           -            595   8.6e-11   40.1   7.3   1   2   3.7e-07   2.8e-05   21.9   2.0    11    54    85   126    81   166 0.77 Bikaverin cluster transcription factor bik5 [Beauveria bassiana]
KAH8718543.1         -            937 4653at5125           -            595   8.6e-11   40.1   7.3   2   2   6.3e-07   4.7e-05   21.2   0.3   194   339   405   553   314   599 0.82 Bikaverin cluster transcription factor bik5 [Beauveria bassiana]
KAH8712681.1         -            729 4653at5125           -            595   9.8e-11   39.9   0.0   1   1   2.3e-12   1.7e-10   39.1   0.0   224   408   351   545   341   581 0.77 Transcriptional activator protein DAL81 [Beauveria bassiana]
KAH8712431.1         -            700 4653at5125           -            595   1.2e-10   39.7   5.6   1   2     0.013         1    6.9   3.1     8    50    19    60    14    90 0.77 Positive regulator of purine utilization [Beauveria bassiana]
KAH8712431.1         -            700 4653at5125           -            595   1.2e-10   39.7   5.6   2   2   2.7e-10   2.1e-08   32.3   0.0    97   285   209   397   198   420 0.77 Positive regulator of purine utilization [Beauveria bassiana]
KAH8720248.1         -            686 4653at5125           -            595   1.3e-10   39.5   2.8   1   2   9.3e-06    0.0007   17.3   0.8     6    63    43    99    38   166 0.79 Nitrogen assimilation transcription factor nirA [Beauveria bassiana]
KAH8720248.1         -            686 4653at5125           -            595   1.3e-10   39.5   2.8   2   2   3.7e-07   2.8e-05   21.9   0.0   109   236   241   368   227   386 0.85 Nitrogen assimilation transcription factor nirA [Beauveria bassiana]
KAH8716206.1         -            673 4653at5125           -            595   1.8e-10   39.1   0.0   1   1   5.2e-12   3.9e-10   37.9   0.0   190   398   260   484   245   502 0.73 putative transcriptional regulatory protein [Beauveria bassiana]
KAH8718744.1         -            765 4653at5125           -            595     2e-10   38.9   8.4   1   2   5.5e-05    0.0042   14.7   2.9    10    56    29    76    22    99 0.83 Aurofusarin cluster transcription factor aurR2 [Beauveria bassiana]
KAH8718744.1         -            765 4653at5125           -            595     2e-10   38.9   8.4   2   2   8.8e-09   6.6e-07   27.3   0.3   110   264   210   372   198   428 0.72 Aurofusarin cluster transcription factor aurR2 [Beauveria bassiana]
KAH8718976.1         -            589 4653at5125           -            595   1.8e-09   35.7   0.2   1   2       7.1   5.3e+02   -2.1   3.4     4    49    40    92    37   108 0.65 Fusarisetin A cluster transcription factor fsa6 [Beauveria bassiana]
KAH8718976.1         -            589 4653at5125           -            595   1.8e-09   35.7   0.2   2   2   2.4e-11   1.8e-09   35.7   0.2   102   284   180   371   165   390 0.70 Fusarisetin A cluster transcription factor fsa6 [Beauveria bassiana]
KAH8713649.1         -            376 4653at5125           -            595   1.1e-08   33.1   0.1   1   2   2.7e-09     2e-07   29.0   0.0   223   283    57   117    53   161 0.90 putative transcriptional regulatory protein [Beauveria bassiana]
KAH8713649.1         -            376 4653at5125           -            595   1.1e-08   33.1   0.1   2   2      0.35        27    2.2   0.0   352   463   169   279   165   314 0.73 putative transcriptional regulatory protein [Beauveria bassiana]
KAH8708137.1         -            645 4653at5125           -            595   1.3e-08   33.0   5.8   1   3      0.74        56    1.1   0.3    17    51    52    84    39   103 0.81 hypothetical protein HC256_010284 [Beauveria bassiana]
KAH8708137.1         -            645 4653at5125           -            595   1.3e-08   33.0   5.8   2   3   4.9e-07   3.7e-05   21.5   0.0   172   284   244   360   235   368 0.81 hypothetical protein HC256_010284 [Beauveria bassiana]
KAH8708137.1         -            645 4653at5125           -            595   1.3e-08   33.0   5.8   3   3   0.00064     0.048   11.2   0.6   353   504   425   587   421   622 0.78 hypothetical protein HC256_010284 [Beauveria bassiana]
KAH8713148.1         -            724 4653at5125           -            595   1.4e-08   32.9  10.6   1   2   2.5e-05    0.0019   15.9   4.1    11    54    19    61    10    81 0.73 Transcription factor vrtR1 [Beauveria bassiana]
KAH8713148.1         -            724 4653at5125           -            595   1.4e-08   32.9  10.6   2   2   1.6e-06   0.00012   19.8   0.5   216   319   330   436   205   447 0.62 Transcription factor vrtR1 [Beauveria bassiana]
KAH8720826.1         -           1081 4653at5125           -            595   1.6e-08   32.6   7.6   1   2    0.0081      0.61    7.6   3.5     7    50   160   202   153   231 0.80 putative transcriptional regulatory protein [Beauveria bassiana]
KAH8720826.1         -           1081 4653at5125           -            595   1.6e-08   32.6   7.6   2   2   1.4e-08     1e-06   26.7   0.1   215   289   422   505   376   515 0.74 putative transcriptional regulatory protein [Beauveria bassiana]
KAH8720648.1         -            541 4653at5125           -            595   1.7e-08   32.5   3.1   1   1   2.4e-09   1.8e-07   29.1   3.1   214   464   244   487   123   495 0.67 Transcriptional activator protein DAL81 [Beauveria bassiana]
KAH8709042.1         -            886 4653at5125           -            595   1.8e-08   32.5   6.8   1   2      0.16        12    3.3   3.8     8    46    41    78    34    97 0.81 putative transcriptional regulatory protein [Beauveria bassiana]
KAH8709042.1         -            886 4653at5125           -            595   1.8e-08   32.5   6.8   2   2   1.8e-09   1.4e-07   29.5   0.0   174   277   237   342   196   349 0.84 putative transcriptional regulatory protein [Beauveria bassiana]
KAH8718324.1         -            547 4653at5125           -            595   2.3e-08   32.1   1.4   1   2       0.4        30    2.0   1.5    12    56    18    62    12    87 0.78 Proline utilization trans-activator [Beauveria bassiana]
KAH8718324.1         -            547 4653at5125           -            595   2.3e-08   32.1   1.4   2   2   1.1e-08   8.3e-07   26.9   0.0   188   282   267   372   253   478 0.85 Proline utilization trans-activator [Beauveria bassiana]
KAH8707958.1         -            839 4653at5125           -            595   2.5e-08   32.0  10.4   1   2    0.0097      0.73    7.3   0.9    12    50    50    87    43   116 0.83 Citrinin biosynthesis transcriptional activator ctnR [Beauveria bassiana]
KAH8707958.1         -            839 4653at5125           -            595   2.5e-08   32.0  10.4   2   2   1.7e-08   1.3e-06   26.4   2.8   102   485   185   572   179   578 0.69 Citrinin biosynthesis transcriptional activator ctnR [Beauveria bassiana]
KAH8709429.1         -            738 4653at5125           -            595   2.6e-08   31.9   5.6   1   2     0.003      0.23    9.0   3.0    10    54    39    81    32   104 0.79 Bikaverin cluster transcription factor bik5 [Beauveria bassiana]
KAH8709429.1         -            738 4653at5125           -            595   2.6e-08   31.9   5.6   2   2   1.5e-07   1.1e-05   23.3   0.0   146   261   270   387   221   424 0.76 Bikaverin cluster transcription factor bik5 [Beauveria bassiana]
KAH8707959.1         -            872 4653at5125           -            595   2.9e-08   31.8  10.4   1   2      0.01      0.76    7.3   0.9    12    50    50    87    43   116 0.83 Citrinin biosynthesis transcriptional activator ctnR [Beauveria bassiana]
KAH8707959.1         -            872 4653at5125           -            595   2.9e-08   31.8  10.4   2   2   1.3e-08   9.6e-07   26.7   2.7   102   485   185   572   138   580 0.71 Citrinin biosynthesis transcriptional activator ctnR [Beauveria bassiana]
KAH8709110.1         -           1354 4653at5125           -            595   4.1e-08   31.3   2.4   1   2   0.00078     0.058   10.9   2.9     6    49   487   529   481   565 0.82 Transcriptional activator protein acu-15 [Beauveria bassiana]
KAH8709110.1         -           1354 4653at5125           -            595   4.1e-08   31.3   2.4   2   2   9.1e-06   0.00068   17.3   0.0   198   288   773   863   767   876 0.87 Transcriptional activator protein acu-15 [Beauveria bassiana]
KAH8717819.1         -            495 4653at5125           -            595   1.7e-07   29.3   0.1   1   1   3.3e-09   2.5e-07   28.7   0.1   192   280    29   117    17   141 0.89 putative transcription factor sol4 [Beauveria bassiana]
KAH8716527.1         -            736 4653at5125           -            595   2.1e-07   29.0   5.7   1   2     0.012      0.91    7.0   3.2     6    35    28    55    23    78 0.84 putative transcriptional regulatory protein C1F7.11c [Beauveria bassiana]
KAH8716527.1         -            736 4653at5125           -            595   2.1e-07   29.0   5.7   2   2     3e-07   2.3e-05   22.2   0.0   198   270   297   373   260   387 0.85 putative transcriptional regulatory protein C1F7.11c [Beauveria bassiana]
KAH8718842.1         -            709 4653at5125           -            595   7.6e-07   27.1   0.0   1   2       6.5   4.9e+02   -2.0   0.0   101   128   213   240   201   249 0.81 Protein STB5 [Beauveria bassiana]
KAH8718842.1         -            709 4653at5125           -            595   7.6e-07   27.1   0.0   2   2   3.3e-08   2.5e-06   25.4   0.0   216   283   332   398   307   409 0.86 Protein STB5 [Beauveria bassiana]
KAH8714022.1         -            698 4653at5125           -            595   8.5e-07   26.9   9.4   1   3   2.1e-05    0.0016   16.1   3.3    10    61    14    63     7    87 0.83 putative transcriptional regulatory protein C11D3.07c [Beauveria bassiana]
KAH8714022.1         -            698 4653at5125           -            595   8.5e-07   26.9   9.4   2   3    0.0011     0.082   10.5   0.1   218   288   321   391   318   417 0.87 putative transcriptional regulatory protein C11D3.07c [Beauveria bassiana]
KAH8714022.1         -            698 4653at5125           -            595   8.5e-07   26.9   9.4   3   3       0.3        23    2.4   0.0   413   498   440   526   422   531 0.80 putative transcriptional regulatory protein C11D3.07c [Beauveria bassiana]
KAH8716394.1         -            838 4653at5125           -            595   2.2e-06   25.6   2.0   1   2      0.19        15    3.0   1.0     9    51    47    92    40   127 0.72 hypothetical protein HC256_005166 [Beauveria bassiana]
KAH8716394.1         -            838 4653at5125           -            595   2.2e-06   25.6   2.0   2   2   6.8e-07   5.1e-05   21.0   0.0   198   287   335   425   327   440 0.83 hypothetical protein HC256_005166 [Beauveria bassiana]
KAH8720518.1         -            775 4653at5125           -            595     3e-06   25.1   1.6   1   2      0.23        17    2.8   1.7     8    43    16    52    12   115 0.72 hypothetical protein HC256_000911 [Beauveria bassiana]
KAH8720518.1         -            775 4653at5125           -            595     3e-06   25.1   1.6   2   2   2.5e-06   0.00019   19.2   0.0   198   281   276   360   258   368 0.88 hypothetical protein HC256_000911 [Beauveria bassiana]
KAH8716114.1         -            707 4653at5125           -            595   3.3e-06   25.0  10.7   1   3   7.2e-05    0.0055   14.3   1.4     7    58    29    78    24   130 0.72 Lactose regulatory protein LAC9 [Beauveria bassiana]
KAH8716114.1         -            707 4653at5125           -            595   3.3e-06   25.0  10.7   2   3   3.9e-05     0.003   15.2   0.0   182   272   322   419   250   452 0.73 Lactose regulatory protein LAC9 [Beauveria bassiana]
KAH8716114.1         -            707 4653at5125           -            595   3.3e-06   25.0  10.7   3   3       1.6   1.2e+02    0.0   0.1   352   403   476   530   440   598 0.72 Lactose regulatory protein LAC9 [Beauveria bassiana]
KAH8711041.1         -            745 4653at5125           -            595     4e-06   24.7   7.6   1   2      0.23        18    2.8   8.7     6    34    18    44    14    53 0.89 putative transporter [Beauveria bassiana]
KAH8711041.1         -            745 4653at5125           -            595     4e-06   24.7   7.6   2   2   4.2e-06   0.00032   18.4   0.0   192   281   326   415   300   423 0.84 putative transporter [Beauveria bassiana]
KAH8718246.1         -            488 4653at5125           -            595   4.1e-06   24.7   0.0   1   1   7.7e-08   5.8e-06   24.2   0.0   210   325    91   212    68   217 0.81 Trichosetin biosynthesis cluster transcription factor TF23 [Beauveria bassiana]
KAH8716645.1         -            732 4653at5125           -            595   5.5e-06   24.2   0.2   1   2   7.4e-08   5.5e-06   24.2   0.2   195   275   123   203   119   237 0.92 putative transcription factor sol4 [Beauveria bassiana]
KAH8716645.1         -            732 4653at5125           -            595   5.5e-06   24.2   0.2   2   2       9.9   7.5e+02   -2.6   0.9   501   550   431   480   409   502 0.68 putative transcription factor sol4 [Beauveria bassiana]
KAH8717990.1         -            715 4653at5125           -            595   5.7e-06   24.2   0.2   1   1   1.3e-07   9.9e-06   23.4   0.2     8   125    88   204    84   218 0.78 Quinic acid utilization activator [Beauveria bassiana]
KAH8713937.1         -            735 4653at5125           -            595   1.2e-05   23.2   7.6   1   3    0.0038      0.29    8.7   3.9     7    45   168   209   164   225 0.79 Glucose transport transcription regulator RGT1 [Beauveria bassiana]
KAH8713937.1         -            735 4653at5125           -            595   1.2e-05   23.2   7.6   2   3       1.3        96    0.3   0.0    66   127   308   367   300   374 0.87 Glucose transport transcription regulator RGT1 [Beauveria bassiana]
KAH8713937.1         -            735 4653at5125           -            595   1.2e-05   23.2   7.6   3   3   0.00014      0.01   13.4   0.0   223   278   453   510   438   526 0.87 Glucose transport transcription regulator RGT1 [Beauveria bassiana]
KAH8713938.1         -            735 4653at5125           -            595   1.2e-05   23.2   7.6   1   3    0.0038      0.29    8.7   3.9     7    45   168   209   164   225 0.79 Glucose transport transcription regulator RGT1 [Beauveria bassiana]
KAH8713938.1         -            735 4653at5125           -            595   1.2e-05   23.2   7.6   2   3       1.3        96    0.3   0.0    66   127   308   367   300   374 0.87 Glucose transport transcription regulator RGT1 [Beauveria bassiana]
KAH8713938.1         -            735 4653at5125           -            595   1.2e-05   23.2   7.6   3   3   0.00014      0.01   13.4   0.0   223   278   453   510   438   526 0.87 Glucose transport transcription regulator RGT1 [Beauveria bassiana]
KAH8717531.1         -            657 4653at5125           -            595   1.4e-05   22.9   8.9   1   2      0.26        19    2.6   6.2     6    46     7    45     4    64 0.85 putative transcriptional regulatory protein PB24D3.01 [Beauveria bassiana]
KAH8717531.1         -            657 4653at5125           -            595   1.4e-05   22.9   8.9   2   2   1.2e-06   9.1e-05   20.2   0.0   225   285   271   331   261   341 0.91 putative transcriptional regulatory protein PB24D3.01 [Beauveria bassiana]
KAH8715949.1         -           1113 4653at5125           -            595   1.9e-05   22.5   0.8   1   2     9e-05    0.0068   14.0   0.7     7    65   233   296   228   321 0.70 Transcriptional activator protein acu-15 [Beauveria bassiana]
KAH8715949.1         -           1113 4653at5125           -            595   1.9e-05   22.5   0.8   2   2     0.024       1.8    6.0   0.0   229   265   577   614   546   639 0.75 Transcriptional activator protein acu-15 [Beauveria bassiana]
KAH8709209.1         -            647 4653at5125           -            595   2.5e-05   22.1   0.2   1   3     0.084       6.3    4.2   4.0     4    44    18    55    15    75 0.83 putative transcriptional regulatory protein C3C7.04 [Beauveria bassiana]
KAH8709209.1         -            647 4653at5125           -            595   2.5e-05   22.1   0.2   2   3       5.8   4.4e+02   -1.8   0.1   538   579   123   163   115   174 0.77 putative transcriptional regulatory protein C3C7.04 [Beauveria bassiana]
KAH8709209.1         -            647 4653at5125           -            595   2.5e-05   22.1   0.2   3   3   3.3e-07   2.5e-05   22.1   0.2   205   323   357   485   349   493 0.74 putative transcriptional regulatory protein C3C7.04 [Beauveria bassiana]
KAH8707253.1         -            670 4653at5125           -            595   2.8e-05   21.9   0.2   1   2   8.8e-07   6.6e-05   20.7   0.0   147   266   258   382   249   402 0.78 Transcription factor vrtR1 [Beauveria bassiana]
KAH8707253.1         -            670 4653at5125           -            595   2.8e-05   21.9   0.2   2   2       8.6   6.5e+02   -2.4   0.1   526   563   619   660   608   667 0.68 Transcription factor vrtR1 [Beauveria bassiana]
KAH8709479.1         -            877 4653at5125           -            595   2.8e-05   21.9   0.0   1   2     0.014       1.1    6.8   0.0   190   238   211   259   125   267 0.71 putative transcriptional regulatory protein [Beauveria bassiana]
KAH8709479.1         -            877 4653at5125           -            595   2.8e-05   21.9   0.0   2   2   0.00022     0.017   12.7   0.0   253   283   309   339   287   346 0.81 putative transcriptional regulatory protein [Beauveria bassiana]
KAH8720852.1         -            665 4653at5125           -            595   4.2e-05   21.3   0.9   1   1   1.1e-06   8.1e-05   20.4   0.9     7    60    22    78    16   113 0.80 Regulatory protein LEU3 [Beauveria bassiana]
KAH8716123.1         -            678 4653at5125           -            595   5.1e-05   21.0   1.8   1   2   2.2e-06   0.00016   19.4   1.7     8    50    28    71    22   102 0.81 Transcriptional activator of proteases prtT [Beauveria bassiana]
KAH8716123.1         -            678 4653at5125           -            595   5.1e-05   21.0   1.8   2   2         4     3e+02   -1.3   0.0   217   274   332   389   329   406 0.87 Transcriptional activator of proteases prtT [Beauveria bassiana]
KAH8711514.1         -            242 4653at5125           -            595   5.3e-05   21.0   1.9   1   1   1.2e-06   9.2e-05   20.2   1.9    10    90    30   110    23   118 0.74 putative transcriptional regulatory protein [Beauveria bassiana]
KAH8721475.1         -            629 4653at5125           -            595   5.6e-05   20.9   1.3   1   2   0.00025     0.019   12.6   1.0    10    50     6    44     2   121 0.81 putative sucrose utilization protein SUC1 [Beauveria bassiana]
KAH8721475.1         -            629 4653at5125           -            595   5.6e-05   20.9   1.3   2   2     0.019       1.4    6.4   0.0   214   276   212   274   184   288 0.84 putative sucrose utilization protein SUC1 [Beauveria bassiana]
KAH8719685.1         -           1017 4653at5125           -            595   7.7e-05   20.5   4.5   1   1   1.6e-06   0.00012   19.9   4.5     6    53    56   108    52   130 0.83 Transcriptional activator ARO80 [Beauveria bassiana]
KAH8711769.1         -            721 4653at5125           -            595     8e-05   20.4  10.1   1   3   0.00065     0.049   11.2   7.9     6    35    14    41     8    51 0.78 Transcription factor lepE [Beauveria bassiana]
KAH8711769.1         -            721 4653at5125           -            595     8e-05   20.4  10.1   2   3     0.024       1.8    6.0   0.0   218   256   337   376   332   441 0.84 Transcription factor lepE [Beauveria bassiana]
KAH8711769.1         -            721 4653at5125           -            595     8e-05   20.4  10.1   3   3       0.6        45    1.4   0.0   379   452   492   564   460   609 0.70 Transcription factor lepE [Beauveria bassiana]
KAH8717371.1         -            538 4653at5125           -            595   8.3e-05   20.4   5.1   1   2   5.4e-06    0.0004   18.1   3.9     7    71     8    71     3    81 0.84 putative transcriptional regulatory protein [Beauveria bassiana]
KAH8717371.1         -            538 4653at5125           -            595   8.3e-05   20.4   5.1   2   2      0.89        67    0.8   0.0   349   400   468   523   455   528 0.77 putative transcriptional regulatory protein [Beauveria bassiana]
KAH8713661.1         -            670 4653at5125           -            595   0.00013   19.7  11.3   1   3       6.7     5e+02   -2.0   4.0     9    59    30    75    22   100 0.64 Proline utilization trans-activator [Beauveria bassiana]
KAH8713661.1         -            670 4653at5125           -            595   0.00013   19.7  11.3   2   3   2.9e-06   0.00022   19.0   0.0   176   283   249   356   240   371 0.90 Proline utilization trans-activator [Beauveria bassiana]
KAH8713661.1         -            670 4653at5125           -            595   0.00013   19.7  11.3   3   3      0.03       2.3    5.7   0.0   355   419   411   475   399   515 0.72 Proline utilization trans-activator [Beauveria bassiana]
KAH8719815.1         -            546 4653at5125           -            595   0.00014   19.6   3.3   1   2   4.3e-06   0.00032   18.4   1.1    10    68     9    66     4   104 0.79 Conidial development protein fluffy [Beauveria bassiana]
KAH8719815.1         -            546 4653at5125           -            595   0.00014   19.6   3.3   2   2       1.1        82    0.6   0.0   162   187   415   440   408   444 0.87 Conidial development protein fluffy [Beauveria bassiana]
KAH8707203.1         -            675 4653at5125           -            595   0.00015   19.5  12.5   1   2     0.052       3.9    4.9   7.7     3    39     4    39     2    55 0.81 putative transcriptional regulatory protein [Beauveria bassiana]
KAH8707203.1         -            675 4653at5125           -            595   0.00015   19.5  12.5   2   2     1e-05   0.00077   17.2   0.2   178   259   271   352   179   361 0.67 putative transcriptional regulatory protein [Beauveria bassiana]
KAH8715567.1         -            436 4653at5125           -            595   0.00018   19.2   5.0   1   2   1.4e-05     0.001   16.7   4.7    10    66    22    77    17    99 0.81 hypothetical protein HC256_004376 [Beauveria bassiana]
KAH8715567.1         -            436 4653at5125           -            595   0.00018   19.2   5.0   2   2       1.8   1.4e+02   -0.2   0.0   325   361   317   353   292   364 0.83 hypothetical protein HC256_004376 [Beauveria bassiana]
KAH8713249.1         -            536 4653at5125           -            595    0.0002   19.1   0.2   1   1   5.8e-06   0.00044   18.0   0.0   215   280   227   292   217   299 0.92 Aurofusarin cluster transcription factor aurR2 [Beauveria bassiana]
KAH8708792.1         -            875 4653at5125           -            595   0.00032   18.4   4.8   1   2   3.9e-05    0.0029   15.2   2.6     6    37     9    38     6    82 0.84 Aspyridones cluster regulator apdR [Beauveria bassiana]
KAH8708792.1         -            875 4653at5125           -            595   0.00032   18.4   4.8   2   2      0.21        16    2.9   0.0   227   255   426   458   423   464 0.74 Aspyridones cluster regulator apdR [Beauveria bassiana]
KAH8717939.1         -            711 4653at5125           -            595   0.00033   18.4   4.5   1   2      0.11       8.2    3.9   3.9     6    54    11    59     6    68 0.74 putative transcriptional regulatory protein C3C7.04 [Beauveria bassiana]
KAH8717939.1         -            711 4653at5125           -            595   0.00033   18.4   4.5   2   2   0.00024     0.018   12.7   0.0   141   271   259   388   215   398 0.81 putative transcriptional regulatory protein C3C7.04 [Beauveria bassiana]
KAH8715097.1         -            643 4653at5125           -            595   0.00041   18.1   1.5   1   2     0.045       3.4    5.1   1.8     6    25    33    52    27    86 0.80 putative transcriptional regulatory protein [Beauveria bassiana]
KAH8715097.1         -            643 4653at5125           -            595   0.00041   18.1   1.5   2   2    0.0012     0.091   10.3   0.0   193   290   264   373   256   382 0.73 putative transcriptional regulatory protein [Beauveria bassiana]
KAH8708057.1         -            828 4653at5125           -            595   0.00045   17.9   2.0   1   3       2.9   2.2e+02   -0.9   2.3     6    36    26    54    21    86 0.74 Pyrrolocin cluster transcription factor fsdR [Beauveria bassiana]
KAH8708057.1         -            828 4653at5125           -            595   0.00045   17.9   2.0   2   3       8.6   6.5e+02   -2.4   0.2   532   565   106   139    99   154 0.81 Pyrrolocin cluster transcription factor fsdR [Beauveria bassiana]
KAH8708057.1         -            828 4653at5125           -            595   0.00045   17.9   2.0   3   3     6e-06   0.00045   17.9   2.0   208   464   348   607   318   708 0.71 Pyrrolocin cluster transcription factor fsdR [Beauveria bassiana]
KAH8718257.1         -            736 4653at5125           -            595   0.00049   17.8   4.9   1   2   0.00069     0.052   11.1   4.8     9    53    64   111    56   136 0.73 Regulatory protein LEU3 [Beauveria bassiana]
KAH8718257.1         -            736 4653at5125           -            595   0.00049   17.8   4.9   2   2     0.068       5.1    4.5   0.0   198   271   279   361   185   367 0.81 Regulatory protein LEU3 [Beauveria bassiana]
KAH8718353.1         -            959 4653at5125           -            595   0.00057   17.6   7.4   1   3     0.014         1    6.8   1.8     7    48    57    97    51   116 0.84 Positive regulator of purine utilization [Beauveria bassiana]
KAH8718353.1         -            959 4653at5125           -            595   0.00057   17.6   7.4   2   3      0.01      0.78    7.2   0.3   218   277   381   460   358   475 0.62 Positive regulator of purine utilization [Beauveria bassiana]
KAH8718353.1         -            959 4653at5125           -            595   0.00057   17.6   7.4   3   3      0.14        11    3.5   0.0   352   445   554   656   545   672 0.77 Positive regulator of purine utilization [Beauveria bassiana]
KAH8718350.1         -            535 4653at5125           -            595   0.00067   17.4   0.4   1   1   1.3e-05     0.001   16.8   0.4   105   239    73   208    33   223 0.84 Nitrogen assimilation transcription factor nirA [Beauveria bassiana]
KAH8719727.1         -            554 4653at5125           -            595   0.00074   17.2   0.1   1   1   1.5e-05    0.0011   16.6   0.1   198   282   242   327   233   335 0.80 Transcriptional activator protein acu-15 [Beauveria bassiana]
KAH8709825.1         -            434 4653at5125           -            595   0.00092   16.9   2.2   1   1   1.6e-05    0.0012   16.5   2.2     6    46   178   221   173   236 0.83 hypothetical protein HC256_009734 [Beauveria bassiana]
KAH8716586.1         -            805 4653at5125           -            595    0.0011   16.6  13.5   1   3     0.046       3.5    5.1   7.1     4    41    69   104    66   117 0.86 Transcription factor lepE [Beauveria bassiana]
KAH8716586.1         -            805 4653at5125           -            595    0.0011   16.6  13.5   2   3   6.5e-05    0.0049   14.5   0.1   215   280   412   479   394   491 0.88 Transcription factor lepE [Beauveria bassiana]
KAH8716586.1         -            805 4653at5125           -            595    0.0011   16.6  13.5   3   3       5.8   4.4e+02   -1.8   0.0    92   129   510   546   497   562 0.78 Transcription factor lepE [Beauveria bassiana]
KAH8708169.1         -            358 4653at5125           -            595    0.0012   16.5   6.0   1   2   8.6e-05    0.0065   14.1   6.5     8    61     7    59     4    93 0.78 C6 finger domain transcription factor nscR [Beauveria bassiana]
KAH8708169.1         -            358 4653at5125           -            595    0.0012   16.5   6.0   2   2       5.6   4.2e+02   -1.8   0.0   325   358   317   350   299   355 0.83 C6 finger domain transcription factor nscR [Beauveria bassiana]
KAH8716464.1         -            226 4653at5125           -            595    0.0013   16.5   0.5   1   1   1.8e-05    0.0014   16.3   0.5     6    58    26    76    21   155 0.79 hypothetical protein HC256_005233 [Beauveria bassiana]
KAH8712831.1         -            698 4653at5125           -            595    0.0014   16.3   0.2   1   1   1.8e-05    0.0014   16.3   0.2   198   289   221   314   215   355 0.86 putative transcription factor sol4 [Beauveria bassiana]
KAH8718770.1         -            480 4653at5125           -            595    0.0016   16.1   0.0   1   1   3.3e-05    0.0025   15.5   0.0   193   270    72   153    55   164 0.85 Nitrogen assimilation transcription factor nirA [Beauveria bassiana]
KAH8716100.1         -            627 4653at5125           -            595    0.0017   16.1   0.0   1   1   4.5e-05    0.0034   15.0   0.0   183   277   176   274   134   284 0.84 putative transcriptional regulatory protein C3C7.04 [Beauveria bassiana]
KAH8715204.1         -            717 4653at5125           -            595    0.0018   16.0   1.6   1   1   3.6e-05    0.0027   15.3   1.6     2    58   162   217   161   235 0.84 Transcriptional regulatory protein moc3 [Beauveria bassiana]
KAH8708268.1         -            706 4653at5125           -            595     0.002   15.8   5.2   1   2   2.9e-05    0.0022   15.7   3.6     2    56    37    91    36   124 0.74 Nitrogen assimilation transcription factor nirA [Beauveria bassiana]
KAH8708268.1         -            706 4653at5125           -            595     0.002   15.8   5.2   2   2       4.5   3.4e+02   -1.5   0.0   106   200   242   336   205   367 0.80 Nitrogen assimilation transcription factor nirA [Beauveria bassiana]
KAH8711613.1         -            704 4653at5125           -            595    0.0021   15.7   9.6   1   3   0.00045     0.034   11.7   3.1     6    46    27    65    20   100 0.78 putative transcriptional regulatory protein C3C7.04 [Beauveria bassiana]
KAH8711613.1         -            704 4653at5125           -            595    0.0021   15.7   9.6   2   3     0.014         1    6.8   0.1   250   283   382   415   313   421 0.80 putative transcriptional regulatory protein C3C7.04 [Beauveria bassiana]
KAH8711613.1         -            704 4653at5125           -            595    0.0021   15.7   9.6   3   3       3.7   2.8e+02   -1.2   0.0   357   404   471   518   464   563 0.66 putative transcriptional regulatory protein C3C7.04 [Beauveria bassiana]
KAH8709495.1         -            717 4653at5125           -            595    0.0023   15.6   6.8   1   2      0.19        14    3.1   6.3     6    42    11    45     6    53 0.82 Transcription factor lepE [Beauveria bassiana]
KAH8709495.1         -            717 4653at5125           -            595    0.0023   15.6   6.8   2   2   0.00098     0.074   10.6   0.0   218   296   356   438   341   498 0.81 Transcription factor lepE [Beauveria bassiana]
KAH8719829.1         -            465 4653at5125           -            595    0.0034   15.0   0.6   1   1   6.7e-05     0.005   14.5   0.6     6    68     3    64     1    90 0.76 hypothetical protein HC256_000249 [Beauveria bassiana]
KAH8716056.1         -           1094 4653at5125           -            595    0.0036   14.9   0.0   1   1   7.3e-05    0.0055   14.3   0.0   181   285   698   799   618   858 0.66 N-acetylglucosamine-6-phosphate deacetylase [Beauveria bassiana]
KAH8716057.1         -           1094 4653at5125           -            595    0.0036   14.9   0.0   1   1   7.3e-05    0.0055   14.3   0.0   181   285   698   799   618   858 0.66 N-acetylglucosamine-6-phosphate deacetylase [Beauveria bassiana]
KAH8718872.1         -            823 4653at5125           -            595    0.0046   14.6   6.6   1   4   0.00033     0.025   12.2   0.0     8    43    19    56    12   126 0.87 putative transcriptional regulatory protein C25B8.11 [Beauveria bassiana]
KAH8718872.1         -            823 4653at5125           -            595    0.0046   14.6   6.6   2   4       6.3   4.8e+02   -2.0   0.1   111   129   235   253   226   278 0.73 putative transcriptional regulatory protein C25B8.11 [Beauveria bassiana]
KAH8718872.1         -            823 4653at5125           -            595    0.0046   14.6   6.6   3   4       1.6   1.2e+02   -0.0   0.2   194   314   307   443   297   446 0.64 putative transcriptional regulatory protein C25B8.11 [Beauveria bassiana]
KAH8718872.1         -            823 4653at5125           -            595    0.0046   14.6   6.6   4   4      0.13        10    3.6   0.0   453   493   566   609   494   622 0.65 putative transcriptional regulatory protein C25B8.11 [Beauveria bassiana]
KAH8712441.1         -            510 4653at5125           -            595    0.0047   14.6   2.6   1   1   9.8e-05    0.0073   13.9   2.6     4    62    18    78    15   105 0.72 hypothetical protein HC256_005637 [Beauveria bassiana]
KAH8720765.1         -            744 4653at5125           -            595     0.005   14.5   4.2   1   1   0.00011    0.0086   13.7   4.2     7    94    51   135    45   146 0.77 Nitrogen assimilation transcription factor nit-4 [Beauveria bassiana]
KAH8716055.1         -           1074 4653at5125           -            595    0.0054   14.4   0.0   1   2         4     3e+02   -1.3   3.0     7    35   478   505   473   523 0.69 N-acetylglucosamine-6-phosphate deacetylase [Beauveria bassiana]
KAH8716055.1         -           1074 4653at5125           -            595    0.0054   14.4   0.0   2   2   7.1e-05    0.0054   14.4   0.0   181   285   678   779   598   838 0.66 N-acetylglucosamine-6-phosphate deacetylase [Beauveria bassiana]
KAH8720793.1         -            564 4653at5125           -            595    0.0058   14.3   0.0   1   1   0.00012     0.009   13.6   0.0   198   282   292   376   288   393 0.91 hypothetical protein HC256_001176 [Beauveria bassiana]
KAH8713378.1         -            521 4653at5125           -            595    0.0072   13.9   2.6   1   2   0.00091     0.069   10.7   1.2    12    67    15    66     7    97 0.80 Bikaverin cluster transcription factor bik5 [Beauveria bassiana]
KAH8713378.1         -            521 4653at5125           -            595    0.0072   13.9   2.6   2   2      0.37        28    2.1   0.0   223   266   256   296   251   303 0.84 Bikaverin cluster transcription factor bik5 [Beauveria bassiana]
KAH8712440.1         -            494 4653at5125           -            595    0.0076   13.9   2.8   1   1   0.00015     0.012   13.3   2.8     5    62     3    62     1    89 0.71 hypothetical protein HC256_005637 [Beauveria bassiana]
KAH8711730.1         -            271 4653at5125           -            595    0.0087   13.7   2.3   1   1   0.00016     0.012   13.2   2.3    11    59    25    72    18   119 0.70 Bikaverin cluster transcription factor bik5 [Beauveria bassiana]
KAH8717450.1         -            823 4653at5125           -            595    0.0094   13.6   9.0   1   3   8.3e-05    0.0063   14.1   5.7     8    58    52   104    46   119 0.76 Transcriptional regulator WAR1 [Beauveria bassiana]
KAH8717450.1         -            823 4653at5125           -            595    0.0094   13.6   9.0   2   3       9.1   6.8e+02   -2.5   0.0   195   237   331   375   328   379 0.78 Transcriptional regulator WAR1 [Beauveria bassiana]
KAH8717450.1         -            823 4653at5125           -            595    0.0094   13.6   9.0   3   3       7.6   5.7e+02   -2.2   0.0   439   488   541   593   520   597 0.64 Transcriptional regulator WAR1 [Beauveria bassiana]
KAH8709220.1         -            673 4653at5125           -            595      0.01   13.5   0.9   1   3         3   2.3e+02   -0.9   2.0     5    25    25    45    23    51 0.78 hypothetical protein HC256_009143 [Beauveria bassiana]
KAH8709220.1         -            673 4653at5125           -            595      0.01   13.5   0.9   2   3    0.0031      0.23    9.0   0.0   108   238   200   334   146   373 0.74 hypothetical protein HC256_009143 [Beauveria bassiana]
KAH8709220.1         -            673 4653at5125           -            595      0.01   13.5   0.9   3   3       1.8   1.3e+02   -0.2   0.0   469   563   525   620   509   637 0.80 hypothetical protein HC256_009143 [Beauveria bassiana]
KAH8711043.1         -            513 4653at5125           -            595     0.012   13.2   0.0   1   1   0.00023     0.017   12.7   0.0   354   460   298   413   268   421 0.75 putative succinate-semialdehyde dehydrogenase [NADP(+)] [Beauveria bassiana]
KAH8710442.1         -            760 4653at5125           -            595     0.014   13.0  12.5   1   2     0.019       1.4    6.4   3.1     7    42    49    83    43    92 0.77 putative transcriptional regulatory protein [Beauveria bassiana]
KAH8710442.1         -            760 4653at5125           -            595     0.014   13.0  12.5   2   2   0.00049     0.037   11.6   2.0     5    50    97   141    93   147 0.88 putative transcriptional regulatory protein [Beauveria bassiana]
KAH8713609.1         -            451 4653at5125           -            595     0.018   12.7   2.4   1   1    0.0004      0.03   11.9   2.4     9    48    34    72    30    99 0.79 Conidial development protein fluffy [Beauveria bassiana]
KAH8716682.1         -            237 4653at5125           -            595     0.018   12.7   1.0   1   1   0.00031     0.024   12.2   1.0     7    80     7    82     4    99 0.78 putative transcriptional regulatory protein [Beauveria bassiana]
KAH8719934.1         -            648 4653at5125           -            595     0.018   12.7   0.1   1   1   0.00044     0.033   11.8   0.0   208   296   240   332   227   353 0.84 Pyrrolocin cluster transcription factor fsdR [Beauveria bassiana]
KAH8713610.1         -            472 4653at5125           -            595     0.019   12.6   2.4   1   1   0.00043     0.032   11.8   2.4     9    48    34    72    30    99 0.79 Conidial development protein fluffy [Beauveria bassiana]
KAH8709893.1         -            607 4653at5125           -            595     0.023   12.3   7.6   1   2    0.0049      0.37    8.3   3.3     9    59    30    78    22    95 0.83 hypothetical protein HC256_009800 [Beauveria bassiana]
KAH8709893.1         -            607 4653at5125           -            595     0.023   12.3   7.6   2   2     0.031       2.3    5.7   0.1   247   408   278   438   254   451 0.63 hypothetical protein HC256_009800 [Beauveria bassiana]
KAH8710597.1         -            613 4653at5125           -            595     0.024   12.2   4.0   1   1   0.00059     0.044   11.3   4.0     7    43     3    37     1    61 0.85 Maltose fermentation regulatory protein MAL13 [Beauveria bassiana]
KAH8712613.1         -            624 4653at5125           -            595     0.026   12.1   5.6   1   2    0.0006     0.045   11.3   1.8     5    55     8    57     4    99 0.79 hypothetical protein HC256_005796 [Beauveria bassiana]
KAH8712613.1         -            624 4653at5125           -            595     0.026   12.1   5.6   2   2      0.55        41    1.5   0.1   213   264   225   280   208   291 0.73 hypothetical protein HC256_005796 [Beauveria bassiana]
KAH8709023.1         -            798 4653at5125           -            595     0.055   11.0   6.8   1   3      0.15        11    3.4   1.9     6    47    41    81    38    99 0.82 putative transcriptional regulatory protein [Beauveria bassiana]
KAH8709023.1         -            798 4653at5125           -            595     0.055   11.0   6.8   2   3       3.2   2.4e+02   -1.0   0.0   101   223   232   350   223   377 0.59 putative transcriptional regulatory protein [Beauveria bassiana]
KAH8709023.1         -            798 4653at5125           -            595     0.055   11.0   6.8   3   3    0.0037      0.28    8.7   0.0   351   420   507   583   502   609 0.80 putative transcriptional regulatory protein [Beauveria bassiana]
KAH8709922.1         -            208 4653at5125           -            595     0.058   11.0   0.0   1   1   0.00093      0.07   10.7   0.0   423   496     9    85     2   154 0.80 hypothetical protein HC256_009826 [Beauveria bassiana]
KAH8716637.1         -            223 4653at5125           -            595     0.061   10.9   0.9   1   1     0.001     0.078   10.5   0.8     9   107     3   103     1   131 0.73 hypothetical protein HC256_005397 [Beauveria bassiana]
KAH8711103.1         -            258 4653at5125           -            595     0.071   10.7   0.4   1   1    0.0015      0.11   10.0   0.4     7    46    57    94    53   141 0.79 Fluconazole resistance protein 1 [Beauveria bassiana]
KAH8709196.1         -            641 4653at5125           -            595     0.071   10.7   3.9   1   1    0.0014      0.11   10.1   3.9     2    51    10    60     9    97 0.81 hypothetical protein HC256_009119 [Beauveria bassiana]
KAH8716217.1         -            746 4653at5125           -            595     0.077   10.6   4.3   1   1   0.00047     0.035   11.7   1.9     7    49     9    52     5    89 0.72 Transcription factor sdnS [Beauveria bassiana]
KAH8718336.1         -            748 4653at5125           -            595     0.084   10.4   4.3   1   1    0.0019      0.14    9.7   4.3     2    51   147   195   146   221 0.74 Adhesion and hyphal regulator 1 [Beauveria bassiana]
KAH8716515.1         -            751 4653at5125           -            595     0.088   10.4   5.2   1   2    0.0082      0.62    7.6   4.9     8    47    68   105    62   115 0.85 Oocyte zinc finger protein XlCOF26 [Beauveria bassiana]
KAH8716515.1         -            751 4653at5125           -            595     0.088   10.4   5.2   2   2       1.2        92    0.4   0.0   245   281   370   406   353   413 0.86 Oocyte zinc finger protein XlCOF26 [Beauveria bassiana]
KAH8709145.1         -            616 4653at5125           -            595      0.11   10.1   2.6   1   1    0.0022      0.17    9.4   2.6     4    62    57   114    54   135 0.85 Transcriptional activator protein UGA3 [Beauveria bassiana]
KAH8708148.1         -            821 4653at5125           -            595      0.12    9.9  18.7   1   3     0.035       2.7    5.5   4.0    13    46     3    35     1    50 0.86 putative transcriptional regulatory protein [Beauveria bassiana]
KAH8708148.1         -            821 4653at5125           -            595      0.12    9.9  18.7   2   3    0.0068      0.51    7.8   3.9     4    44    59    98    56   120 0.86 putative transcriptional regulatory protein [Beauveria bassiana]
KAH8708148.1         -            821 4653at5125           -            595      0.12    9.9  18.7   3   3      0.17        13    3.2   0.0   222   296   316   400   287   408 0.72 putative transcriptional regulatory protein [Beauveria bassiana]
KAH8708151.1         -            222 4653at5125           -            595      0.13    9.8   2.7   1   1    0.0023      0.18    9.4   2.7     6    46    30    69    25    81 0.79 Regulatory protein CAT8 [Beauveria bassiana]
KAH8712982.1         -            758 4653at5125           -            595      0.14    9.7  12.2   1   3     0.029       2.1    5.8   3.9     6    42    18    52    14    92 0.76 putative transcriptional regulatory protein C1F7.11c [Beauveria bassiana]
KAH8712982.1         -            758 4653at5125           -            595      0.14    9.7  12.2   2   3      0.73        55    1.1   0.1   213   237   304   328   284   366 0.72 putative transcriptional regulatory protein C1F7.11c [Beauveria bassiana]
KAH8712982.1         -            758 4653at5125           -            595      0.14    9.7  12.2   3   3     0.016       1.2    6.6   0.1   379   505   481   603   463   675 0.72 putative transcriptional regulatory protein C1F7.11c [Beauveria bassiana]
KAH8707711.1         -            544 4653at5125           -            595      0.16    9.5   1.0   1   1    0.0031      0.24    9.0   1.0     9    65     8    63     2    92 0.77 Conidial development protein fluffy [Beauveria bassiana]
KAH8716361.1         -            661 4653at5125           -            595      0.16    9.5   3.1   1   1    0.0034      0.26    8.8   3.1    11    53    21    64    12    77 0.82 hypothetical protein HC256_005133 [Beauveria bassiana]
KAH8709476.1         -            626 4653at5125           -            595      0.18    9.4   4.9   1   1    0.0032      0.24    8.9   4.9     3    58    11    67     9    86 0.80 L-arabinose-responsive transcription regulator ARA1 [Beauveria bassiana]
KAH8716558.1         -            266 4653at5125           -            595      0.24    8.9   1.5   1   1    0.0042      0.32    8.5   1.5     7    44    36    71    34   110 0.78 Fluconazole resistance protein 1 [Beauveria bassiana]
KAH8719108.1         -            439 4653at5125           -            595       0.3    8.6   4.5   1   1    0.0065      0.49    7.9   4.5     6    44    80   116    74   139 0.80 Transcription factor steA [Beauveria bassiana]
KAH8720128.1         -            764 4653at5125           -            595      0.38    8.3   3.0   1   1    0.0089      0.67    7.4   3.0     6    45    18    57    14    77 0.80 hypothetical protein HC256_000534 [Beauveria bassiana]
KAH8712920.1         -            449 4653at5125           -            595      0.39    8.2   4.9   1   1    0.0073      0.55    7.7   4.9    10    49     7    45     4    91 0.84 hypothetical protein HC256_006094 [Beauveria bassiana]
KAH8719850.1         -            769 4653at5125           -            595      0.45    8.0   5.8   1   1     0.014         1    6.8   5.8     9    58    70   116    64   142 0.79 Nitrogen assimilation transcription factor nit-4 [Beauveria bassiana]
KAH8720855.1         -            833 4653at5125           -            595      0.45    8.0   7.3   1   1    0.0003     0.023   12.3   1.8    12    55    22    64    16    87 0.75 Citrinin biosynthesis transcriptional activator mrl3 [Beauveria bassiana]
KAH8717665.1         -            493 4653at5125           -            595      0.49    7.9   3.6   1   1      0.01      0.75    7.3   3.6    10    48    16    53    12    71 0.87 hypothetical protein HC256_002348 [Beauveria bassiana]
KAH8707335.1         -            289 4653at5125           -            595      0.51    7.8   4.0   1   1      0.01      0.78    7.2   4.0    11    70    14    73     8    81 0.81 hypothetical protein HC256_010610 [Beauveria bassiana]
KAH8708856.1         -            557 4653at5125           -            595      0.53    7.8   6.1   1   2      0.01      0.79    7.2   5.2     8    42     9    43     4    55 0.89 hypothetical protein HC256_008792 [Beauveria bassiana]
KAH8708856.1         -            557 4653at5125           -            595      0.53    7.8   6.1   2   2       8.6   6.5e+02   -2.4   0.0   544   575   509   539   494   543 0.79 hypothetical protein HC256_008792 [Beauveria bassiana]
KAH8713650.1         -            221 4653at5125           -            595      0.62    7.6   4.6   1   1    0.0075      0.57    7.7   3.7    11    49    17    56    11    77 0.85 hypothetical protein HC256_006775 [Beauveria bassiana]
KAH8719107.1         -            644 4653at5125           -            595      0.74    7.3   5.0   1   1     0.015       1.2    6.7   5.0     6    44    80   116    74   138 0.80 Transcription factor steA [Beauveria bassiana]
KAH8708330.1         -            556 4653at5125           -            595      0.77    7.2   4.3   1   1     0.014       1.1    6.8   4.3     8    70     6    69     2    76 0.85 Isoflavipucine cluster transcription factor [Beauveria bassiana]
KAH8710461.1         -            442 4653at5125           -            595       1.4    6.3   4.4   1   1     0.031       2.3    5.7   4.4     3    38   135   172   133   188 0.78 hypothetical protein HC256_007300 [Beauveria bassiana]
KAH8713101.1         -            741 4653at5125           -            595       1.5    6.3   9.9   1   2      0.11       8.5    3.8   5.4     9    47    40    75    33    80 0.88 Oosporein cluster regulator OpS3 [Beauveria bassiana]
KAH8713101.1         -            741 4653at5125           -            595       1.5    6.3   9.9   2   2     0.087       6.6    4.2   0.1   178   275   309   407   296   414 0.81 Oosporein cluster regulator OpS3 [Beauveria bassiana]
KAH8718696.1         -            678 4653at5125           -            595       1.6    6.2  10.4   1   2     0.083       6.2    4.3   6.3     6    46    61   100    57   131 0.83 Echinocandin B biosynthetic cluster transcription factor ecdB [Beauveria bassiana]
KAH8718696.1         -            678 4653at5125           -            595       1.6    6.2  10.4   2   2      0.17        13    3.2   0.0   352   401   500   552   490   593 0.75 Echinocandin B biosynthetic cluster transcription factor ecdB [Beauveria bassiana]
KAH8710302.1         -            501 4653at5125           -            595       1.7    6.1   5.7   1   1     0.032       2.4    5.6   5.7     6    35    25    56    20    73 0.75 putative transcriptional regulatory protein C15D4.02 [Beauveria bassiana]
KAH8717804.1         -            470 4653at5125           -            595       1.9    6.0   9.9   1   1    0.0011     0.085   10.4   4.2    10    54    25    68    13    88 0.73 Sterol uptake control protein 2 [Beauveria bassiana]
KAH8720763.1         -            370 4653at5125           -            595       2.9    5.3   7.4   1   2     0.064       4.8    4.6   6.2     4    54    25    76    23   101 0.74 Nitrogen assimilation transcription factor nit-4 [Beauveria bassiana]
KAH8720763.1         -            370 4653at5125           -            595       2.9    5.3   7.4   2   2       3.7   2.8e+02   -1.2   0.0   198   235   308   345   302   365 0.82 Nitrogen assimilation transcription factor nit-4 [Beauveria bassiana]
KAH8712648.1         -            923 4653at5125           -            595       3.1    5.3  11.9   1   2      0.89        67    0.9   4.7     6    36    32    60    26    91 0.77 Transcription factor lepE [Beauveria bassiana]
KAH8712648.1         -            923 4653at5125           -            595       3.1    5.3  11.9   2   2    0.0044      0.33    8.5   0.7   198   256   403   463   366   473 0.81 Transcription factor lepE [Beauveria bassiana]
KAH8720051.1         -            814 4653at5125           -            595       5.3    4.5   9.8   1   2       2.5   1.8e+02   -0.6   4.7     7    35    28    54    23    70 0.81 Transcription factor lepE [Beauveria bassiana]
KAH8720051.1         -            814 4653at5125           -            595       5.3    4.5   9.8   2   2    0.0076      0.57    7.7   0.2   213   262   379   430   309   471 0.74 Transcription factor lepE [Beauveria bassiana]
#
# Program:         hmmsearch
# Version:         3.1b2 (February 2015)
# Pipeline mode:   SEARCH
# Query file:      /home/zack/funannotate_db/hypocreales_odb10/hmms/4653at5125.hmm
# Target file:     /home/zack/Desktop/IsariaPreferralGenome/MyGenomeSubmittedToNCBI/HypocrealesProteinSets/Bbassiana_JEF-350_protein.faa
# Option settings: hmmsearch --domtblout /home/zack/Desktop/IsariaPreferralGenome/MyGenomeSubmittedToNCBI/HypocrealesProteinSets/BUSCO_AA_all/BUSCO_AA_Bbassiana_JEF-350/run_hypocreales_odb10/hmmer_output/initial_run_results/4653at5125.out --cpu 1 /home/zack/funannotate_db/hypocreales_odb10/hmms/4653at5125.hmm /home/zack/Desktop/IsariaPreferralGenome/MyGenomeSubmittedToNCBI/HypocrealesProteinSets/Bbassiana_JEF-350_protein.faa 
# Current dir:     /home/zack/Desktop/IsariaPreferralGenome/MyGenomeSubmittedToNCBI/HypocrealesProteinSets/BUSCO_AA_all
# Date:            Mon Mar  4 14:25:19 2024
# [ok]
