#                                                                            --- full sequence --- -------------- this domain -------------   hmm coord   ali coord   env coord
# target name        accession   tlen query name           accession   qlen   E-value  score  bias   #  of  c-Evalue  i-Evalue  score  bias  from    to  from    to  from    to  acc description of target
#------------------- ---------- ----- -------------------- ---------- ----- --------- ------ ----- --- --- --------- --------- ------ ----- ----- ----- ----- ----- ----- ----- ---- ---------------------
KAH8719795.1         -            970 4925at5125           -            682         0 1282.3  27.8   1   5         0         0 1126.2   6.1     1   527     1   557     1   593 0.93 putative Na(+)/H(+) antiporter C3A11.09 [Beauveria bassiana]
KAH8719795.1         -            970 4925at5125           -            682         0 1282.3  27.8   2   5     3e-10   8.5e-07   26.8   0.0   510   560   590   639   566   644 0.81 putative Na(+)/H(+) antiporter C3A11.09 [Beauveria bassiana]
KAH8719795.1         -            970 4925at5125           -            682         0 1282.3  27.8   3   5   3.3e-19   9.3e-16   56.5   0.1   539   594   659   718   654   740 0.85 putative Na(+)/H(+) antiporter C3A11.09 [Beauveria bassiana]
KAH8719795.1         -            970 4925at5125           -            682         0 1282.3  27.8   4   5   2.9e-23     8e-20   69.9   0.3   581   638   771   828   766   856 0.94 putative Na(+)/H(+) antiporter C3A11.09 [Beauveria bassiana]
KAH8719795.1         -            970 4925at5125           -            682         0 1282.3  27.8   5   5   7.8e-07    0.0022   15.6   2.0   636   672   892   950   882   967 0.60 putative Na(+)/H(+) antiporter C3A11.09 [Beauveria bassiana]
KAH8713654.1         -            555 4925at5125           -            682   7.6e-91  304.6  14.9   1   1   6.2e-94   1.7e-90  303.4  14.9    12   437    19   473     9   525 0.86 putative Na(+)/H(+) antiporter C3A11.09 [Beauveria bassiana]
KAH8709221.1         -            558 4925at5125           -            682   1.9e-87  293.4  16.3   1   2     6e-46   1.7e-42  144.8   2.2     5   194     3   197     1   201 0.94 Na(+)/H(+) antiporter [Beauveria bassiana]
KAH8709221.1         -            558 4925at5125           -            682   1.9e-87  293.4  16.3   2   2   8.9e-49   2.5e-45  154.2   6.4   206   425   246   468   238   475 0.91 Na(+)/H(+) antiporter [Beauveria bassiana]
KAH8719629.1         -            298 4925at5125           -            682      0.55    7.6   1.6   1   1   0.00024      0.68    7.3   1.6   455   502   104   151    81   199 0.79 Cyclic AMP-dependent transcription factor ATF-7 [Beauveria bassiana]
#
# Program:         hmmsearch
# Version:         3.1b2 (February 2015)
# Pipeline mode:   SEARCH
# Query file:      /home/zack/funannotate_db/hypocreales_odb10/hmms/4925at5125.hmm
# Target file:     /home/zack/Desktop/IsariaPreferralGenome/MyGenomeSubmittedToNCBI/HypocrealesProteinSets/Bbassiana_JEF-350_protein.faa
# Option settings: hmmsearch --domtblout /home/zack/Desktop/IsariaPreferralGenome/MyGenomeSubmittedToNCBI/HypocrealesProteinSets/BUSCO_AA_all/BUSCO_AA_Bbassiana_JEF-350/run_hypocreales_odb10/hmmer_output/initial_run_results/4925at5125.out --cpu 1 /home/zack/funannotate_db/hypocreales_odb10/hmms/4925at5125.hmm /home/zack/Desktop/IsariaPreferralGenome/MyGenomeSubmittedToNCBI/HypocrealesProteinSets/Bbassiana_JEF-350_protein.faa 
# Current dir:     /home/zack/Desktop/IsariaPreferralGenome/MyGenomeSubmittedToNCBI/HypocrealesProteinSets/BUSCO_AA_all
# Date:            Mon Mar  4 14:24:58 2024
# [ok]
