#                                                                            --- full sequence --- -------------- this domain -------------   hmm coord   ali coord   env coord
# target name        accession   tlen query name           accession   qlen   E-value  score  bias   #  of  c-Evalue  i-Evalue  score  bias  from    to  from    to  from    to  acc description of target
#------------------- ---------- ----- -------------------- ---------- ----- --------- ------ ----- --- --- --------- --------- ------ ----- ----- ----- ----- ----- ----- ----- ---- ---------------------
KAH8720163.1         -            966 5355at5125           -            826         0 1440.8   0.9   1   1         0         0 1436.3   0.9     1   825     3   936     3   937 0.87 UBP9-binding protein bun107 [Beauveria bassiana]
KAH8716508.1         -            697 5355at5125           -            826   7.3e-30  102.9   2.9   1   3   8.2e-17   1.3e-14   52.4   0.0   160   253   368   459   352   460 0.92 putative E3 ubiquitin ligase complex SCF subunit scon-2 [Beauveria bassiana]
KAH8716508.1         -            697 5355at5125           -            826   7.3e-30  102.9   2.9   2   3   1.9e-09   3.1e-07   28.1   0.3   164   241   452   528   449   539 0.88 putative E3 ubiquitin ligase complex SCF subunit scon-2 [Beauveria bassiana]
KAH8716508.1         -            697 5355at5125           -            826   7.3e-30  102.9   2.9   3   3   3.3e-08   5.4e-06   24.0   0.0   171   245   591   663   586   674 0.85 putative E3 ubiquitin ligase complex SCF subunit scon-2 [Beauveria bassiana]
KAH8720394.1         -            677 5355at5125           -            826     2e-25   88.2   7.3   1   4   1.3e-07   2.1e-05   22.0   0.2   156   250   282   373   274   378 0.86 F-box/WD repeat-containing protein 7 [Beauveria bassiana]
KAH8720394.1         -            677 5355at5125           -            826     2e-25   88.2   7.3   2   4   9.8e-12   1.6e-09   35.6   0.2   171   246   377   450   364   453 0.87 F-box/WD repeat-containing protein 7 [Beauveria bassiana]
KAH8720394.1         -            677 5355at5125           -            826     2e-25   88.2   7.3   3   4   9.2e-11   1.5e-08   32.4   0.1   161   252   447   536   444   538 0.94 F-box/WD repeat-containing protein 7 [Beauveria bassiana]
KAH8720394.1         -            677 5355at5125           -            826     2e-25   88.2   7.3   4   4     0.041       6.6    3.8   0.0   171   226   537   593   535   601 0.62 F-box/WD repeat-containing protein 7 [Beauveria bassiana]
KAH8710992.1         -            463 5355at5125           -            826   5.9e-25   86.7   0.1   1   2     6e-17   9.8e-15   52.9   0.0    56   243   115   302   111   312 0.82 Nuclear distribution protein PAC1-2 [Beauveria bassiana]
KAH8710992.1         -            463 5355at5125           -            826   5.9e-25   86.7   0.1   2   2   1.5e-10   2.5e-08   31.7   0.0   164   246   328   411   317   436 0.88 Nuclear distribution protein PAC1-2 [Beauveria bassiana]
KAH8717325.1         -            466 5355at5125           -            826   8.7e-24   82.8   1.2   1   3   3.5e-13   5.7e-11   40.4   0.3   102   240   111   253    99   254 0.84 Nuclear distribution protein PAC1-1 [Beauveria bassiana]
KAH8717325.1         -            466 5355at5125           -            826   8.7e-24   82.8   1.2   2   3    0.0005     0.081   10.1   0.0    60   130   251   320   248   323 0.87 Nuclear distribution protein PAC1-1 [Beauveria bassiana]
KAH8717325.1         -            466 5355at5125           -            826   8.7e-24   82.8   1.2   3   3   1.3e-10   2.2e-08   31.9   0.0   168   237   330   399   325   410 0.88 Nuclear distribution protein PAC1-1 [Beauveria bassiana]
KAH8713001.1         -           1032 5355at5125           -            826   5.2e-23   80.2   5.3   1   3   3.6e-09   5.8e-07   27.2   0.0   163   246   660   741   653   747 0.90 Cell division control protein 4 [Beauveria bassiana]
KAH8713001.1         -           1032 5355at5125           -            826   5.2e-23   80.2   5.3   2   3   7.7e-12   1.3e-09   36.0   0.3   159   240   812   893   808   899 0.95 Cell division control protein 4 [Beauveria bassiana]
KAH8713001.1         -           1032 5355at5125           -            826   5.2e-23   80.2   5.3   3   3   0.00014     0.023   12.0   0.0   205   246   898   939   891   947 0.86 Cell division control protein 4 [Beauveria bassiana]
KAH8710847.1         -            902 5355at5125           -            826   1.9e-21   75.1  16.0   1   6       0.1        17    2.5   0.0    65   140    64   141    55   151 0.69 putative U3 small nucleolar RNA-associated protein 13 [Beauveria bassiana]
KAH8710847.1         -            902 5355at5125           -            826   1.9e-21   75.1  16.0   2   6   8.8e-05     0.014   12.6   0.1    28   225   191   292   178   307 0.53 putative U3 small nucleolar RNA-associated protein 13 [Beauveria bassiana]
KAH8710847.1         -            902 5355at5125           -            826   1.9e-21   75.1  16.0   3   6   0.00015     0.025   11.8   0.1   188   244   412   472   407   476 0.85 putative U3 small nucleolar RNA-associated protein 13 [Beauveria bassiana]
KAH8710847.1         -            902 5355at5125           -            826   1.9e-21   75.1  16.0   4   6   4.9e-08     8e-06   23.4   0.0   196   247   534   585   514   598 0.88 putative U3 small nucleolar RNA-associated protein 13 [Beauveria bassiana]
KAH8710847.1         -            902 5355at5125           -            826   1.9e-21   75.1  16.0   5   6   2.3e-05    0.0037   14.5   0.1   212   244   606   638   600   646 0.92 putative U3 small nucleolar RNA-associated protein 13 [Beauveria bassiana]
KAH8710847.1         -            902 5355at5125           -            826   1.9e-21   75.1  16.0   6   6   9.5e-06    0.0015   15.8   0.5    31   101   654   723   645   729 0.85 putative U3 small nucleolar RNA-associated protein 13 [Beauveria bassiana]
KAH8708038.1         -            473 5355at5125           -            826   6.5e-21   73.3   1.3   1   3   9.3e-11   1.5e-08   32.4   0.0   159   263   165   270   161   271 0.93 Pre-mRNA-splicing factor prp46 [Beauveria bassiana]
KAH8708038.1         -            473 5355at5125           -            826   6.5e-21   73.3   1.3   2   3   6.9e-13   1.1e-10   39.4   0.2   161   247   251   339   246   355 0.89 Pre-mRNA-splicing factor prp46 [Beauveria bassiana]
KAH8708038.1         -            473 5355at5125           -            826   6.5e-21   73.3   1.3   3   3      0.01       1.6    5.8   0.0   168   226   384   450   370   459 0.75 Pre-mRNA-splicing factor prp46 [Beauveria bassiana]
KAH8712525.1         -            592 5355at5125           -            826   1.1e-20   72.6   0.3   1   2   1.8e-10   2.9e-08   31.4   0.1   121   241   300   422   283   432 0.82 Transcriptional repressor rco-1 [Beauveria bassiana]
KAH8712525.1         -            592 5355at5125           -            826   1.1e-20   72.6   0.3   2   2   3.7e-09   6.1e-07   27.1   0.0   167   245   431   523   422   526 0.82 Transcriptional repressor rco-1 [Beauveria bassiana]
KAH8718559.1         -            657 5355at5125           -            826   2.6e-20   71.3   4.2   1   3   1.8e-07   2.9e-05   21.5   0.1   188   253   307   372   299   381 0.93 Mitochondrial division protein 1 [Beauveria bassiana]
KAH8718559.1         -            657 5355at5125           -            826   2.6e-20   71.3   4.2   2   3   7.6e-06    0.0012   16.1   0.0   194   237   432   473   423   482 0.85 Mitochondrial division protein 1 [Beauveria bassiana]
KAH8718559.1         -            657 5355at5125           -            826   2.6e-20   71.3   4.2   3   3   1.1e-10   1.8e-08   32.1   0.1   161   250   506   592   497   635 0.88 Mitochondrial division protein 1 [Beauveria bassiana]
KAH8718002.1         -           1219 5355at5125           -            826   1.6e-18   65.3   0.9   1   3   6.3e-07    0.0001   19.7   0.0   178   247    37   106    27   111 0.94 putative coatomer subunit alpha [Beauveria bassiana]
KAH8718002.1         -           1219 5355at5125           -            826   1.6e-18   65.3   0.9   2   3   1.2e-05     0.002   15.4   0.4    61   143    98   174    97   181 0.76 putative coatomer subunit alpha [Beauveria bassiana]
KAH8718002.1         -           1219 5355at5125           -            826   1.6e-18   65.3   0.9   3   3   1.5e-09   2.4e-07   28.4   0.0   170   265   229   325   212   332 0.87 putative coatomer subunit alpha [Beauveria bassiana]
KAH8716543.1         -            722 5355at5125           -            826   2.4e-18   64.8   5.1   1   4   0.00086      0.14    9.3   0.0   194   233   364   401   356   405 0.83 Beta-TrCP [Beauveria bassiana]
KAH8716543.1         -            722 5355at5125           -            826   2.4e-18   64.8   5.1   2   4   0.00079      0.13    9.5   0.1   149   226   442   518   438   523 0.89 Beta-TrCP [Beauveria bassiana]
KAH8716543.1         -            722 5355at5125           -            826   2.4e-18   64.8   5.1   3   4   1.5e-07   2.5e-05   21.8   0.1   166   253   500   586   489   586 0.86 Beta-TrCP [Beauveria bassiana]
KAH8716543.1         -            722 5355at5125           -            826   2.4e-18   64.8   5.1   4   4   1.2e-10   1.9e-08   32.1   0.2   169   248   585   666   580   693 0.86 Beta-TrCP [Beauveria bassiana]
KAH8720704.1         -            859 5355at5125           -            826   1.3e-17   62.4   0.1   1   2     3e-11   4.9e-09   34.0   0.0   168   246    67   146    57   151 0.92 Coatomer subunit beta' [Beauveria bassiana]
KAH8720704.1         -            859 5355at5125           -            826   1.3e-17   62.4   0.1   2   2   2.5e-10     4e-08   31.0   0.0   105   269   138   299   134   333 0.83 Coatomer subunit beta' [Beauveria bassiana]
KAH8715882.1         -            513 5355at5125           -            826   1.8e-17   61.9   0.8   1   2   1.3e-15     2e-13   48.5   0.1    54   241   148   341   142   351 0.81 WD repeat-containing protein 5 [Beauveria bassiana]
KAH8715882.1         -            513 5355at5125           -            826   1.8e-17   61.9   0.8   2   2   0.00012      0.02   12.1   0.1   119   231   350   462   338   464 0.85 WD repeat-containing protein 5 [Beauveria bassiana]
KAH8719680.1         -            359 5355at5125           -            826   4.5e-17   60.6   3.8   1   2     5e-15   8.1e-13   46.5   0.3    57   245    66   249    57   258 0.83 Guanine nucleotide-binding protein subunit beta [Beauveria bassiana]
KAH8719680.1         -            359 5355at5125           -            826   4.5e-17   60.6   3.8   2   2   1.4e-05    0.0022   15.3   0.3   134   226   268   358   256   359 0.82 Guanine nucleotide-binding protein subunit beta [Beauveria bassiana]
KAH8720142.1         -            354 5355at5125           -            826   1.2e-16   59.2   2.0   1   3   5.2e-10   8.5e-08   29.9   0.1   113   228    65   178    28   188 0.86 Pre-mRNA-splicing factor cwf17 [Beauveria bassiana]
KAH8720142.1         -            354 5355at5125           -            826   1.2e-16   59.2   2.0   2   3   2.2e-06   0.00036   17.9   0.2   168   228   201   261   179   277 0.89 Pre-mRNA-splicing factor cwf17 [Beauveria bassiana]
KAH8720142.1         -            354 5355at5125           -            826   1.2e-16   59.2   2.0   3   3   0.00059     0.095    9.9   0.0   207   264   290   349   267   353 0.78 Pre-mRNA-splicing factor cwf17 [Beauveria bassiana]
KAH8713765.1         -            541 5355at5125           -            826   3.5e-16   57.7   8.8   1   5   2.1e-05    0.0034   14.7   0.0   168   240   184   258   179   271 0.87 Ribosome assembly protein 4 [Beauveria bassiana]
KAH8713765.1         -            541 5355at5125           -            826   3.5e-16   57.7   8.8   2   5   9.2e-08   1.5e-05   22.5   0.3   170   244   228   310   212   314 0.82 Ribosome assembly protein 4 [Beauveria bassiana]
KAH8713765.1         -            541 5355at5125           -            826   3.5e-16   57.7   8.8   3   5   2.4e-05    0.0039   14.5   0.8   171   244   279   351   275   365 0.89 Ribosome assembly protein 4 [Beauveria bassiana]
KAH8713765.1         -            541 5355at5125           -            826   3.5e-16   57.7   8.8   4   5   3.1e-08   5.1e-06   24.0   0.0   157   260   387   491   373   491 0.85 Ribosome assembly protein 4 [Beauveria bassiana]
KAH8713765.1         -            541 5355at5125           -            826   3.5e-16   57.7   8.8   5   5   0.00029     0.048   10.9   0.2    61   137   469   539   465   541 0.85 Ribosome assembly protein 4 [Beauveria bassiana]
KAH8713766.1         -            541 5355at5125           -            826   3.5e-16   57.7   8.8   1   5   2.1e-05    0.0034   14.7   0.0   168   240   184   258   179   271 0.87 Ribosome assembly protein 4 [Beauveria bassiana]
KAH8713766.1         -            541 5355at5125           -            826   3.5e-16   57.7   8.8   2   5   9.2e-08   1.5e-05   22.5   0.3   170   244   228   310   212   314 0.82 Ribosome assembly protein 4 [Beauveria bassiana]
KAH8713766.1         -            541 5355at5125           -            826   3.5e-16   57.7   8.8   3   5   2.4e-05    0.0039   14.5   0.8   171   244   279   351   275   365 0.89 Ribosome assembly protein 4 [Beauveria bassiana]
KAH8713766.1         -            541 5355at5125           -            826   3.5e-16   57.7   8.8   4   5   3.1e-08   5.1e-06   24.0   0.0   157   260   387   491   373   491 0.85 Ribosome assembly protein 4 [Beauveria bassiana]
KAH8713766.1         -            541 5355at5125           -            826   3.5e-16   57.7   8.8   5   5   0.00029     0.048   10.9   0.2    61   137   469   539   465   541 0.85 Ribosome assembly protein 4 [Beauveria bassiana]
KAH8709007.1         -            318 5355at5125           -            826   6.6e-15   53.4   3.6   1   2   4.8e-07   7.8e-05   20.1   0.2   158   250    15   116     5   120 0.78 Guanine nucleotide-binding protein subunit beta-like protein [Beauveria bassiana]
KAH8709007.1         -            318 5355at5125           -            826   6.6e-15   53.4   3.6   2   2   7.3e-11   1.2e-08   32.7   0.4    35   145   121   227   119   240 0.87 Guanine nucleotide-binding protein subunit beta-like protein [Beauveria bassiana]
KAH8710505.1         -            751 5355at5125           -            826   1.8e-14   52.0   0.7   1   3   4.2e-06   0.00068   17.0   0.0   119   244   385   499   369   505 0.84 Transcription initiation factor TFIID subunit 5 [Beauveria bassiana]
KAH8710505.1         -            751 5355at5125           -            826   1.8e-14   52.0   0.7   2   3   7.3e-09   1.2e-06   26.1   0.1   172   269   511   609   506   615 0.89 Transcription initiation factor TFIID subunit 5 [Beauveria bassiana]
KAH8710505.1         -            751 5355at5125           -            826   1.8e-14   52.0   0.7   3   3   9.6e-05     0.016   12.5   0.1   106   187   580   655   578   664 0.82 Transcription initiation factor TFIID subunit 5 [Beauveria bassiana]
KAH8718617.1         -            211 5355at5125           -            826   1.7e-13   48.8   0.5   1   2   8.7e-11   1.4e-08   32.5   0.2   143   249    34   145    24   148 0.77 putative WD repeat-containing protein [Beauveria bassiana]
KAH8718617.1         -            211 5355at5125           -            826   1.7e-13   48.8   0.5   2   2     2e-06   0.00032   18.1   0.0   158   230   136   211   134   211 0.78 putative WD repeat-containing protein [Beauveria bassiana]
KAH8718616.1         -            278 5355at5125           -            826     2e-13   48.6   0.8   1   2   1.8e-10   2.9e-08   31.5   0.2   157   249    50   145    26   148 0.77 Vegetative incompatibility protein HET-E-1 [Beauveria bassiana]
KAH8718616.1         -            278 5355at5125           -            826     2e-13   48.6   0.8   2   2   9.9e-07   0.00016   19.1   0.1   158   231   136   212   133   221 0.82 Vegetative incompatibility protein HET-E-1 [Beauveria bassiana]
KAH8715603.1         -            960 5355at5125           -            826   2.1e-13   48.4  16.7   1   6    0.0015      0.24    8.6   0.3   166   243    78   155    70   168 0.87 U3 small nucleolar RNA-associated protein 12 [Beauveria bassiana]
KAH8715603.1         -            960 5355at5125           -            826   2.1e-13   48.4  16.7   2   6      0.11        18    2.4   0.2   208   246   183   222   167   260 0.75 U3 small nucleolar RNA-associated protein 12 [Beauveria bassiana]
KAH8715603.1         -            960 5355at5125           -            826   2.1e-13   48.4  16.7   3   6   0.00011     0.019   12.2   0.0   193   237   420   463   402   472 0.89 U3 small nucleolar RNA-associated protein 12 [Beauveria bassiana]
KAH8715603.1         -            960 5355at5125           -            826   2.1e-13   48.4  16.7   4   6    0.0034      0.55    7.4   0.1   167   228   475   536   465   539 0.91 U3 small nucleolar RNA-associated protein 12 [Beauveria bassiana]
KAH8715603.1         -            960 5355at5125           -            826   2.1e-13   48.4  16.7   5   6   8.1e-05     0.013   12.7   0.2   177   246   584   653   569   673 0.79 U3 small nucleolar RNA-associated protein 12 [Beauveria bassiana]
KAH8715603.1         -            960 5355at5125           -            826   2.1e-13   48.4  16.7   6   6   9.1e-05     0.015   12.6   0.0   173   226   669   722   662   729 0.93 U3 small nucleolar RNA-associated protein 12 [Beauveria bassiana]
KAH8709164.1         -            290 5355at5125           -            826     1e-12   46.2   2.1   1   3   1.6e-05    0.0025   15.1   0.0   171   232    20    82     4    94 0.82 Target of rapamycin complex subunit wat1 [Beauveria bassiana]
KAH8709164.1         -            290 5355at5125           -            826     1e-12   46.2   2.1   2   3   9.9e-07   0.00016   19.1   0.2    35   142   105   212    92   216 0.87 Target of rapamycin complex subunit wat1 [Beauveria bassiana]
KAH8709164.1         -            290 5355at5125           -            826     1e-12   46.2   2.1   3   3   0.00048     0.078   10.2   0.1    56    96   227   267   222   287 0.81 Target of rapamycin complex subunit wat1 [Beauveria bassiana]
KAH8715098.1         -            362 5355at5125           -            826   1.9e-12   45.3   0.7   1   2       3.3   5.4e+02   -2.5   0.0   167   191    28    51     9    55 0.63 WD repeat domain-containing protein 83 [Beauveria bassiana]
KAH8715098.1         -            362 5355at5125           -            826   1.9e-12   45.3   0.7   2   2   2.6e-14   4.3e-12   44.1   0.5    58   236    75   249    66   257 0.86 WD repeat domain-containing protein 83 [Beauveria bassiana]
KAH8711404.1         -            417 5355at5125           -            826   2.1e-12   45.1   4.9   1   3     0.088        14    2.7   0.3    58   184   109   235   101   241 0.63 Meiotic recombination protein rec14 [Beauveria bassiana]
KAH8711404.1         -            417 5355at5125           -            826   2.1e-12   45.1   4.9   2   3    0.0068       1.1    6.4   0.2   111   219   208   317   149   320 0.70 Meiotic recombination protein rec14 [Beauveria bassiana]
KAH8711404.1         -            417 5355at5125           -            826   2.1e-12   45.1   4.9   3   3   1.2e-13     2e-11   41.9   0.7   166   246   307   387   300   394 0.94 Meiotic recombination protein rec14 [Beauveria bassiana]
KAH8717298.1         -            517 5355at5125           -            826   3.9e-12   44.3   4.1   1   3   0.00031      0.05   10.8   0.0    31    92   257   317   247   326 0.71 putative WD repeat-containing protein [Beauveria bassiana]
KAH8717298.1         -            517 5355at5125           -            826   3.9e-12   44.3   4.1   2   3   3.5e-08   5.7e-06   23.9   0.4   160   243   331   420   321   451 0.78 putative WD repeat-containing protein [Beauveria bassiana]
KAH8717298.1         -            517 5355at5125           -            826   3.9e-12   44.3   4.1   3   3   0.00058     0.095    9.9   0.1   170   230   454   514   439   517 0.67 putative WD repeat-containing protein [Beauveria bassiana]
KAH8709446.1         -            306 5355at5125           -            826   1.1e-11   42.7   3.1   1   2   5.7e-06   0.00093   16.5   0.1    60   138    10    86     2    94 0.61 Protein transport protein sec13 [Beauveria bassiana]
KAH8709446.1         -            306 5355at5125           -            826   1.1e-11   42.7   3.1   2   2   7.2e-09   1.2e-06   26.1   0.9    74   183   178   290   173   301 0.71 Protein transport protein sec13 [Beauveria bassiana]
KAH8711409.1         -            494 5355at5125           -            826   1.1e-11   42.7   4.3   1   2   1.8e-09   2.9e-07   28.2   1.3    36   203   245   407   209   409 0.78 Transcriptional repressor rco-1 [Beauveria bassiana]
KAH8711409.1         -            494 5355at5125           -            826   1.1e-11   42.7   4.3   2   2   2.7e-05    0.0044   14.3   0.1    99   183   411   486   388   492 0.83 Transcriptional repressor rco-1 [Beauveria bassiana]
KAH8708181.1         -            623 5355at5125           -            826   1.5e-11   42.4   0.3   1   2       4.7   7.7e+02   -3.0   0.0   390   406   108   124   103   128 0.90 Polyadenylation factor subunit 2 [Beauveria bassiana]
KAH8708181.1         -            623 5355at5125           -            826   1.5e-11   42.4   0.3   2   2     2e-13   3.2e-11   41.2   0.3    53   243   129   309   123   316 0.86 Polyadenylation factor subunit 2 [Beauveria bassiana]
KAH8716325.1         -            398 5355at5125           -            826   2.3e-11   41.7   1.9   1   2   4.9e-06    0.0008   16.8   0.1   168   236    94   164    66   181 0.67 putative WD repeat-containing protein [Beauveria bassiana]
KAH8716325.1         -            398 5355at5125           -            826   2.3e-11   41.7   1.9   2   2     2e-08   3.3e-06   24.7   0.2    72   227   186   347   168   352 0.78 putative WD repeat-containing protein [Beauveria bassiana]
KAH8711348.1         -            970 5355at5125           -            826   6.8e-11   40.2   0.3   1   3   1.9e-07   3.1e-05   21.4   0.0   158   249   325   420   284   437 0.83 F-box/WD repeat-containing protein pof11 [Beauveria bassiana]
KAH8711348.1         -            970 5355at5125           -            826   6.8e-11   40.2   0.3   2   3   0.00025     0.041   11.1   0.1   191   250   480   537   475   546 0.85 F-box/WD repeat-containing protein pof11 [Beauveria bassiana]
KAH8711348.1         -            970 5355at5125           -            826   6.8e-11   40.2   0.3   3   3     0.031       5.1    4.2   0.0   171   204   540   573   532   579 0.90 F-box/WD repeat-containing protein pof11 [Beauveria bassiana]
KAH8707380.1         -            610 5355at5125           -            826   8.6e-11   39.8  14.3   1   4       4.3     7e+02   -2.9   0.0   168   206   117   156   114   164 0.83 putative WD repeat-containing protein C9G1.05 [Beauveria bassiana]
KAH8707380.1         -            610 5355at5125           -            826   8.6e-11   39.8  14.3   2   4   7.9e-10   1.3e-07   29.3   0.3   155   285   188   319   179   338 0.81 putative WD repeat-containing protein C9G1.05 [Beauveria bassiana]
KAH8707380.1         -            610 5355at5125           -            826   8.6e-11   39.8  14.3   3   4    0.0042      0.68    7.1   0.3    31    72   340   381   324   396 0.84 putative WD repeat-containing protein C9G1.05 [Beauveria bassiana]
KAH8707380.1         -            610 5355at5125           -            826   8.6e-11   39.8  14.3   4   4   0.00024     0.038   11.2   1.5    58   140   529   607   481   609 0.90 putative WD repeat-containing protein C9G1.05 [Beauveria bassiana]
KAH8707301.1         -            898 5355at5125           -            826   1.2e-10   39.3   0.9   1   3      0.12        20    2.2   0.0   195   229   148   182   141   223 0.67 Periodic tryptophan protein 2 [Beauveria bassiana]
KAH8707301.1         -            898 5355at5125           -            826   1.2e-10   39.3   0.9   2   3   2.1e-07   3.4e-05   21.3   0.1   186   245   333   392   314   416 0.84 Periodic tryptophan protein 2 [Beauveria bassiana]
KAH8707301.1         -            898 5355at5125           -            826   1.2e-10   39.3   0.9   3   3     6e-05    0.0097   13.2   0.0   122   227   399   502   389   507 0.75 Periodic tryptophan protein 2 [Beauveria bassiana]
KAH8710686.1         -            438 5355at5125           -            826   1.2e-10   39.3   0.4   1   2   9.7e-12   1.6e-09   35.6   0.2   123   255   205   347   176   351 0.74 Histone acetyltransferase type B subunit 2 [Beauveria bassiana]
KAH8710686.1         -            438 5355at5125           -            826   1.2e-10   39.3   0.4   2   2    0.0049      0.79    6.9   0.0    99   143   324   366   322   373 0.85 Histone acetyltransferase type B subunit 2 [Beauveria bassiana]
KAH8711706.1         -            771 5355at5125           -            826   1.5e-10   39.0   0.4   1   2   0.00015     0.024   11.9   0.0    51   134     3    88     1    92 0.78 Ubiquitin homeostasis protein lub1 [Beauveria bassiana]
KAH8711706.1         -            771 5355at5125           -            826   1.5e-10   39.0   0.4   2   2   1.7e-08   2.8e-06   24.9   0.4    59   260   106   300    81   311 0.75 Ubiquitin homeostasis protein lub1 [Beauveria bassiana]
KAH8713090.1         -            539 5355at5125           -            826   1.3e-09   35.9   0.9   1   2   9.4e-10   1.5e-07   29.1   0.3    38   138   101   197    95   203 0.83 U3 small nucleolar RNA-associated protein 15 [Beauveria bassiana]
KAH8713090.1         -            539 5355at5125           -            826   1.3e-09   35.9   0.9   2   2   4.3e-05     0.007   13.7   0.0   168   246   181   259   175   270 0.88 U3 small nucleolar RNA-associated protein 15 [Beauveria bassiana]
KAH8707340.1         -            936 5355at5125           -            826   1.5e-09   35.7   1.5   1   2   3.5e-06   0.00056   17.3   0.1   169   239   139   209   128   224 0.88 Transcriptional repressor rco-1 [Beauveria bassiana]
KAH8707340.1         -            936 5355at5125           -            826   1.5e-09   35.7   1.5   2   2   2.5e-06   0.00041   17.7   0.1    35   168   226   364   210   391 0.75 Transcriptional repressor rco-1 [Beauveria bassiana]
KAH8720341.1         -            337 5355at5125           -            826   6.2e-09   33.7   0.0   1   2   9.9e-11   1.6e-08   32.3   0.0   170   235    24    89     7   114 0.89 Eukaryotic translation initiation factor 3 subunit I [Beauveria bassiana]
KAH8720341.1         -            337 5355at5125           -            826   6.2e-09   33.7   0.0   2   2       2.5     4e+02   -2.1   0.0   172   233   163   226   125   231 0.64 Eukaryotic translation initiation factor 3 subunit I [Beauveria bassiana]
KAH8718460.1         -            522 5355at5125           -            826   7.7e-09   33.4   1.7   1   2   2.7e-09   4.4e-07   27.5   0.2   159   284   230   360   225   390 0.75 Pre-mRNA-processing factor 17 [Beauveria bassiana]
KAH8718460.1         -            522 5355at5125           -            826   7.7e-09   33.4   1.7   2   2      0.11        18    2.4   0.1    98   138   484   522   433   522 0.63 Pre-mRNA-processing factor 17 [Beauveria bassiana]
KAH8715038.1         -            379 5355at5125           -            826   8.4e-09   33.2   1.7   1   2     0.069        11    3.0   0.0   437   475    44    82    36    99 0.84 Fizzy-related [Beauveria bassiana]
KAH8715038.1         -            379 5355at5125           -            826   8.4e-09   33.2   1.7   2   2   1.5e-09   2.5e-07   28.3   1.4    19   231   149   358   131   360 0.88 Fizzy-related [Beauveria bassiana]
KAH8713658.1         -            445 5355at5125           -            826   8.9e-09   33.1   3.1   1   2     7e-08   1.1e-05   22.9   0.1    35   196    83   237    58   269 0.76 Protein sof1 [Beauveria bassiana]
KAH8713658.1         -            445 5355at5125           -            826   8.9e-09   33.1   3.1   2   2   0.00034     0.056   10.7   0.3    59   143   279   358   263   365 0.86 Protein sof1 [Beauveria bassiana]
KAH8717392.1         -            552 5355at5125           -            826   3.7e-08   31.1   1.2   1   3       1.1   1.8e+02   -1.0   0.0   117   140   204   227   197   233 0.87 putative WD repeat-containing protein C17D11.16 [Beauveria bassiana]
KAH8717392.1         -            552 5355at5125           -            826   3.7e-08   31.1   1.2   2   3   1.2e-08   1.9e-06   25.4   0.1   196   271   264   340   245   343 0.74 putative WD repeat-containing protein C17D11.16 [Beauveria bassiana]
KAH8717392.1         -            552 5355at5125           -            826   3.7e-08   31.1   1.2   3   3       0.1        17    2.5   0.0   185   229   389   434   382   486 0.76 putative WD repeat-containing protein C17D11.16 [Beauveria bassiana]
KAH8713093.1         -            490 5355at5125           -            826     9e-08   29.8   1.7   1   4      0.11        18    2.3   0.0     9    50    53   100    46   111 0.77 DNA excision repair protein ckn1 [Beauveria bassiana]
KAH8713093.1         -            490 5355at5125           -            826     9e-08   29.8   1.7   2   4     0.079        13    2.9   0.0   212   227   147   162   112   174 0.80 DNA excision repair protein ckn1 [Beauveria bassiana]
KAH8713093.1         -            490 5355at5125           -            826     9e-08   29.8   1.7   3   4   0.00011     0.018   12.3   0.0   168   229   188   250   169   264 0.85 DNA excision repair protein ckn1 [Beauveria bassiana]
KAH8713093.1         -            490 5355at5125           -            826     9e-08   29.8   1.7   4   4    0.0017      0.27    8.4   0.1    65   145   297   329   277   335 0.57 DNA excision repair protein ckn1 [Beauveria bassiana]
KAH8709839.1         -            660 5355at5125           -            826   3.5e-07   27.9   0.3   1   2   3.7e-08     6e-06   23.8   0.3   149   230   392   476   368   524 0.79 LEC14B protein [Beauveria bassiana]
KAH8709839.1         -            660 5355at5125           -            826   3.5e-07   27.9   0.3   2   2      0.21        34    1.5   0.0   109   142   529   562   513   575 0.85 LEC14B protein [Beauveria bassiana]
KAH8707774.1         -            359 5355at5125           -            826   3.6e-07   27.8   0.1   1   1   2.6e-09   4.2e-07   27.6   0.1    60   194    78   200    36   289 0.81 Nucleoporin GLE2 [Beauveria bassiana]
KAH8711319.1         -            478 5355at5125           -            826   4.2e-07   27.6   1.6   1   3   0.00016     0.026   11.8   0.2    77   140   134   194   129   205 0.81 Ribosome biogenesis protein ytm1 [Beauveria bassiana]
KAH8711319.1         -            478 5355at5125           -            826   4.2e-07   27.6   1.6   2   3      0.64     1e+02   -0.2   0.0   193   227   209   243   198   247 0.88 Ribosome biogenesis protein ytm1 [Beauveria bassiana]
KAH8711319.1         -            478 5355at5125           -            826   4.2e-07   27.6   1.6   3   3   5.8e-05    0.0094   13.2   0.0   167   232   339   408   332   412 0.84 Ribosome biogenesis protein ytm1 [Beauveria bassiana]
KAH8720042.1         -            981 5355at5125           -            826   5.2e-07   27.3   1.1   1   2     0.015       2.4    5.3   0.0    37   140   491   590   468   647 0.80 Mitogen-activated protein kinase-binding protein 1 [Beauveria bassiana]
KAH8720042.1         -            981 5355at5125           -            826   5.2e-07   27.3   1.1   2   2     5e-07   8.2e-05   20.0   0.2   170   226   677   736   622   740 0.80 Mitogen-activated protein kinase-binding protein 1 [Beauveria bassiana]
KAH8715992.1         -           1849 5355at5125           -            826   5.2e-07   27.3   0.5   1   3   0.00079      0.13    9.5   0.0    34    93  1010  1068   990  1078 0.92 Evolved beta-galactosidase subunit alpha [Beauveria bassiana]
KAH8715992.1         -           1849 5355at5125           -            826   5.2e-07   27.3   0.5   2   3     0.002      0.32    8.1   0.0   203   230  1187  1214  1182  1217 0.90 Evolved beta-galactosidase subunit alpha [Beauveria bassiana]
KAH8715992.1         -           1849 5355at5125           -            826   5.2e-07   27.3   0.5   3   3    0.0086       1.4    6.0   0.1    27   145  1243  1371  1229  1382 0.55 Evolved beta-galactosidase subunit alpha [Beauveria bassiana]
KAH8718282.1         -            520 5355at5125           -            826     7e-07   26.9   0.9   1   1   6.4e-09     1e-06   26.3   0.9    22   227   290   491   271   498 0.85 WD repeat-containing protein slp1 [Beauveria bassiana]
KAH8718342.1         -            349 5355at5125           -            826   1.4e-06   25.9   1.2   1   3     0.022       3.6    4.7   0.0   210   229   119   138    65   194 0.64 Peroxisomal targeting signal 2 receptor [Beauveria bassiana]
KAH8718342.1         -            349 5355at5125           -            826   1.4e-06   25.9   1.2   2   3   7.1e-06    0.0012   16.2   0.0   169   226   224   284   219   290 0.89 Peroxisomal targeting signal 2 receptor [Beauveria bassiana]
KAH8718342.1         -            349 5355at5125           -            826   1.4e-06   25.9   1.2   3   3       0.1        17    2.5   0.1   106   140   310   343   298   347 0.77 Peroxisomal targeting signal 2 receptor [Beauveria bassiana]
KAH8710894.1         -            814 5355at5125           -            826   1.4e-06   25.8   0.1   1   3      0.13        22    2.1   0.0   211   257   477   523   473   552 0.80 Striatin Pro11 [Beauveria bassiana]
KAH8710894.1         -            814 5355at5125           -            826   1.4e-06   25.8   0.1   2   3       9.3   1.5e+03   -4.0   0.0   178   193   636   651   627   654 0.83 Striatin Pro11 [Beauveria bassiana]
KAH8710894.1         -            814 5355at5125           -            826   1.4e-06   25.8   0.1   3   3   2.7e-07   4.4e-05   20.9   0.0   169   240   711   781   662   806 0.88 Striatin Pro11 [Beauveria bassiana]
KAH8720300.1         -           1414 5355at5125           -            826   1.8e-06   25.5   9.1   1   6       1.3   2.1e+02   -1.2   0.0   170   189   590   609   584   620 0.80 Vegetative incompatibility protein HET-E-1 [Beauveria bassiana]
KAH8720300.1         -           1414 5355at5125           -            826   1.8e-06   25.5   9.1   2   6       8.7   1.4e+03   -3.9   0.0   212   233   647   668   642   699 0.79 Vegetative incompatibility protein HET-E-1 [Beauveria bassiana]
KAH8720300.1         -           1414 5355at5125           -            826   1.8e-06   25.5   9.1   3   6    0.0003     0.048   10.9   0.2    64   226   854   922   834   932 0.55 Vegetative incompatibility protein HET-E-1 [Beauveria bassiana]
KAH8720300.1         -           1414 5355at5125           -            826   1.8e-06   25.5   9.1   4   6       0.2        33    1.5   0.0   118   142   976  1001   945  1010 0.75 Vegetative incompatibility protein HET-E-1 [Beauveria bassiana]
KAH8720300.1         -           1414 5355at5125           -            826   1.8e-06   25.5   9.1   5   6    0.0021      0.35    8.0   0.3    36    93  1052  1111  1022  1119 0.75 Vegetative incompatibility protein HET-E-1 [Beauveria bassiana]
KAH8720300.1         -           1414 5355at5125           -            826   1.8e-06   25.5   9.1   6   6    0.0087       1.4    6.0   0.1   109   166  1189  1245  1147  1274 0.71 Vegetative incompatibility protein HET-E-1 [Beauveria bassiana]
KAH8711716.1         -            349 5355at5125           -            826   2.2e-06   25.3   0.2   1   3   8.5e-05     0.014   12.7   0.1   181   240    49   107    37   110 0.81 Serine-threonine kinase receptor-associated protein [Beauveria bassiana]
KAH8711716.1         -            349 5355at5125           -            826   2.2e-06   25.3   0.2   2   3   1.7e-06   0.00028   18.3   0.0    70   145    74   143    62   146 0.84 Serine-threonine kinase receptor-associated protein [Beauveria bassiana]
KAH8711716.1         -            349 5355at5125           -            826   2.2e-06   25.3   0.2   3   3     0.092        15    2.6   0.0   167   227   271   331   257   337 0.71 Serine-threonine kinase receptor-associated protein [Beauveria bassiana]
KAH8715743.1         -            602 5355at5125           -            826   4.3e-06   24.3   0.0   1   2   3.1e-06    0.0005   17.4   0.0   190   233   129   173   123   186 0.83 Coronin-like protein crn1 [Beauveria bassiana]
KAH8715743.1         -            602 5355at5125           -            826   4.3e-06   24.3   0.0   2   2     0.063        10    3.2   0.0   168   225   191   253   179   270 0.58 Coronin-like protein crn1 [Beauveria bassiana]
KAH8707431.1         -            835 5355at5125           -            826   7.6e-05   20.1   0.2   1   3   0.00086      0.14    9.3   0.1    74   139    76   144    21   190 0.64 Elongator complex protein 2 [Beauveria bassiana]
KAH8707431.1         -            835 5355at5125           -            826   7.6e-05   20.1   0.2   2   3   0.00015     0.024   11.9   0.2    75   230    77   251    73   252 0.64 Elongator complex protein 2 [Beauveria bassiana]
KAH8707431.1         -            835 5355at5125           -            826   7.6e-05   20.1   0.2   3   3    0.0033      0.53    7.4   0.0    51   134   202   291   174   299 0.77 Elongator complex protein 2 [Beauveria bassiana]
KAH8718969.1         -           1040 5355at5125           -            826   0.00012   19.5   0.1   1   3      0.53        87    0.1   0.0   131   148   303   320   277   335 0.79 U3 small nucleolar RNA-associated protein 21 [Beauveria bassiana]
KAH8718969.1         -           1040 5355at5125           -            826   0.00012   19.5   0.1   2   3     0.068        11    3.1   0.0   105   152   382   433   347   455 0.76 U3 small nucleolar RNA-associated protein 21 [Beauveria bassiana]
KAH8718969.1         -           1040 5355at5125           -            826   0.00012   19.5   0.1   3   3   0.00017     0.028   11.7   0.0   113   227   625   736   609   745 0.88 U3 small nucleolar RNA-associated protein 21 [Beauveria bassiana]
KAH8707956.1         -            352 5355at5125           -            826   0.00017   19.0   0.0   1   2   5.2e-06   0.00084   16.7   0.0   169   233    53   120    47   135 0.86 THO complex subunit 3 [Beauveria bassiana]
KAH8707956.1         -            352 5355at5125           -            826   0.00017   19.0   0.0   2   2      0.68   1.1e+02   -0.2   0.0   115   139   240   264   215   300 0.69 THO complex subunit 3 [Beauveria bassiana]
KAH8719044.1         -            539 5355at5125           -            826    0.0003   18.2   0.0   1   1   3.3e-06   0.00053   17.4   0.0   170   229   125   185   119   231 0.87 Polycomb protein esc [Beauveria bassiana]
KAH8710690.1         -            596 5355at5125           -            826   0.00048   17.5   0.0   1   3       8.2   1.3e+03   -3.8   6.1   578   633    13    68     8    98 0.69 putative WD repeat-containing protein C2E1P5.05 [Beauveria bassiana]
KAH8710690.1         -            596 5355at5125           -            826   0.00048   17.5   0.0   2   3   2.9e-06   0.00048   17.5   0.0   170   243   251   324   230   352 0.89 putative WD repeat-containing protein C2E1P5.05 [Beauveria bassiana]
KAH8710690.1         -            596 5355at5125           -            826   0.00048   17.5   0.0   3   3       1.9     3e+02   -1.7   0.1   210   228   460   478   449   485 0.78 putative WD repeat-containing protein C2E1P5.05 [Beauveria bassiana]
KAH8711697.1         -            699 5355at5125           -            826   0.00052   17.4   0.0   1   1   6.6e-06    0.0011   16.3   0.0   161   237   190   270   181   279 0.87 Transcription factor spt8 [Beauveria bassiana]
KAH8710299.1         -            440 5355at5125           -            826   0.00086   16.7   0.0   1   3         1   1.7e+02   -0.9   0.0    30    45   128   143    39   148 0.55 Guanine nucleotide-binding protein subunit beta [Beauveria bassiana]
KAH8710299.1         -            440 5355at5125           -            826   0.00086   16.7   0.0   2   3     0.082        13    2.8   0.0    30    63   128   161   116   180 0.83 Guanine nucleotide-binding protein subunit beta [Beauveria bassiana]
KAH8710299.1         -            440 5355at5125           -            826   0.00086   16.7   0.0   3   3   0.00029     0.047   10.9   0.0   189   263   213   289   201   301 0.88 Guanine nucleotide-binding protein subunit beta [Beauveria bassiana]
KAH8711670.1         -            553 5355at5125           -            826    0.0011   16.4   0.0   1   1   1.2e-05    0.0019   15.5   0.0   169   229   267   327   249   344 0.91 putative U3 small nucleolar RNA-associated protein 7 [Beauveria bassiana]
KAH8710771.1         -            647 5355at5125           -            826    0.0014   15.9   0.6   1   2   2.1e-05    0.0034   14.7   0.2    50   228   219   390   214   395 0.78 Cell division cycle protein cdt2 [Beauveria bassiana]
KAH8710771.1         -            647 5355at5125           -            826    0.0014   15.9   0.6   2   2       2.5   4.1e+02   -2.1   0.0    76   105   596   624   586   632 0.80 Cell division cycle protein cdt2 [Beauveria bassiana]
KAH8712872.1         -            642 5355at5125           -            826    0.0023   15.2   0.0   1   1   2.3e-05    0.0037   14.5   0.0   159   229   202   275   178   283 0.85 Ribosome biogenesis protein ENP2 [Beauveria bassiana]
KAH8715164.1         -            604 5355at5125           -            826    0.0025   15.1   0.0   1   2     0.076        12    2.9   0.0   169   241   306   377   293   402 0.77 WD repeat-containing protein [Beauveria bassiana]
KAH8715164.1         -            604 5355at5125           -            826    0.0025   15.1   0.0   2   2    0.0007      0.11    9.6   0.0   170   229   518   578   504   589 0.87 WD repeat-containing protein [Beauveria bassiana]
KAH8718973.1         -           1533 5355at5125           -            826    0.0033   14.7   1.0   1   3    0.0013       0.2    8.8   0.2    21    89  1100  1179  1094  1186 0.68 Serine/threonine-protein kinase VPS15 [Beauveria bassiana]
KAH8718973.1         -           1533 5355at5125           -            826    0.0033   14.7   1.0   2   3       1.8   2.9e+02   -1.6   0.0    35    70  1268  1303  1241  1314 0.75 Serine/threonine-protein kinase VPS15 [Beauveria bassiana]
KAH8718973.1         -           1533 5355at5125           -            826    0.0033   14.7   1.0   3   3      0.07        11    3.0   0.0   117   140  1396  1419  1372  1439 0.83 Serine/threonine-protein kinase VPS15 [Beauveria bassiana]
KAH8710942.1         -            967 5355at5125           -            826    0.0056   14.0   0.2   1   1   0.00013     0.021   12.1   0.2    73   263   336   534   323   540 0.68 putative WD repeat-containing protein C3H5.08c [Beauveria bassiana]
KAH8720106.1         -            380 5355at5125           -            826    0.0061   13.9   0.0   1   2     0.045       7.3    3.7   0.0   202   231    58    87    34    96 0.91 WD repeat-containing protein 82-B [Beauveria bassiana]
KAH8720106.1         -            380 5355at5125           -            826    0.0061   13.9   0.0   2   2    0.0024      0.39    7.9   0.0   169   228   111   170    98   174 0.88 WD repeat-containing protein 82-B [Beauveria bassiana]
#
# Program:         hmmsearch
# Version:         3.1b2 (February 2015)
# Pipeline mode:   SEARCH
# Query file:      /home/zack/funannotate_db/hypocreales_odb10/hmms/5355at5125.hmm
# Target file:     /home/zack/Desktop/IsariaPreferralGenome/MyGenomeSubmittedToNCBI/HypocrealesProteinSets/Bbassiana_JEF-350_protein.faa
# Option settings: hmmsearch --domtblout /home/zack/Desktop/IsariaPreferralGenome/MyGenomeSubmittedToNCBI/HypocrealesProteinSets/BUSCO_AA_all/BUSCO_AA_Bbassiana_JEF-350/run_hypocreales_odb10/hmmer_output/initial_run_results/5355at5125.out --cpu 1 /home/zack/funannotate_db/hypocreales_odb10/hmms/5355at5125.hmm /home/zack/Desktop/IsariaPreferralGenome/MyGenomeSubmittedToNCBI/HypocrealesProteinSets/Bbassiana_JEF-350_protein.faa 
# Current dir:     /home/zack/Desktop/IsariaPreferralGenome/MyGenomeSubmittedToNCBI/HypocrealesProteinSets/BUSCO_AA_all
# Date:            Mon Mar  4 14:25:43 2024
# [ok]
