#                                                                            --- full sequence --- -------------- this domain -------------   hmm coord   ali coord   env coord
# target name        accession   tlen query name           accession   qlen   E-value  score  bias   #  of  c-Evalue  i-Evalue  score  bias  from    to  from    to  from    to  acc description of target
#------------------- ---------- ----- -------------------- ---------- ----- --------- ------ ----- --- --- --------- --------- ------ ----- ----- ----- ----- ----- ----- ----- ---- ---------------------
KAH8721474.1         -            969 6665at5125           -            771         0 1221.2   3.2   1   2  7.5e-208  1.7e-204  680.4   1.7     2   387    24   465    23   477 0.89 Inositol polyphosphate 5-phosphatase OCRL-1 [Beauveria bassiana]
KAH8721474.1         -            969 6665at5125           -            771         0 1221.2   3.2   2   2  4.6e-164    1e-160  535.7   0.0   378   770   486   965   470   966 0.86 Inositol polyphosphate 5-phosphatase OCRL-1 [Beauveria bassiana]
KAH8707913.1         -           1193 6665at5125           -            771   1.9e-32  111.5   0.1   1   3   5.8e-23   1.3e-19   69.1   0.0    12   220   623   833   615   842 0.79 Inositol-1,4,5-trisphosphate 5-phosphatase 1 [Beauveria bassiana]
KAH8707913.1         -           1193 6665at5125           -            771   1.9e-32  111.5   0.1   2   3   7.4e-14   1.7e-10   38.9   0.0   273   344   839   908   832   914 0.84 Inositol-1,4,5-trisphosphate 5-phosphatase 1 [Beauveria bassiana]
KAH8707913.1         -           1193 6665at5125           -            771   1.9e-32  111.5   0.1   3   3     0.064   1.4e+02   -0.5   0.0   400   431   917   948   909   962 0.83 Inositol-1,4,5-trisphosphate 5-phosphatase 1 [Beauveria bassiana]
KAH8710357.1         -            801 6665at5125           -            771     1e-31  109.1   0.9   1   3   1.3e-17   2.9e-14   51.4   0.0    48   221   443   642   394   646 0.66 putative inositol polyphosphate 5-phosphatase C9G1.10c [Beauveria bassiana]
KAH8710357.1         -            801 6665at5125           -            771     1e-31  109.1   0.9   2   3   1.4e-17   3.3e-14   51.2   0.1   273   340   646   713   642   723 0.88 putative inositol polyphosphate 5-phosphatase C9G1.10c [Beauveria bassiana]
KAH8710357.1         -            801 6665at5125           -            771     1e-31  109.1   0.9   3   3    0.0055        12    3.0   0.0   397   435   724   762   714   769 0.84 putative inositol polyphosphate 5-phosphatase C9G1.10c [Beauveria bassiana]
KAH8711138.1         -            475 6665at5125           -            771     5e-08   30.8   0.0   1   3      0.15   3.4e+02   -1.8   0.0    38    66    29    57    21    83 0.73 Polyphosphatidylinositol phosphatase INP52 [Beauveria bassiana]
KAH8711138.1         -            475 6665at5125           -            771     5e-08   30.8   0.0   2   3   1.1e-05     0.024   12.0   0.0    86   179   103   195    93   201 0.77 Polyphosphatidylinositol phosphatase INP52 [Beauveria bassiana]
KAH8711138.1         -            475 6665at5125           -            771     5e-08   30.8   0.0   3   3     1e-06    0.0023   15.4   0.0   281   338   290   355   266   389 0.75 Polyphosphatidylinositol phosphatase INP52 [Beauveria bassiana]
KAH8721321.1         -            541 6665at5125           -            771     0.091   10.0   0.0   1   1   5.7e-05      0.13    9.6   0.0    77   143   277   345   257   350 0.87 putative quinate permease [Beauveria bassiana]
#
# Program:         hmmsearch
# Version:         3.1b2 (February 2015)
# Pipeline mode:   SEARCH
# Query file:      /home/zack/funannotate_db/hypocreales_odb10/hmms/6665at5125.hmm
# Target file:     /home/zack/Desktop/IsariaPreferralGenome/MyGenomeSubmittedToNCBI/HypocrealesProteinSets/Bbassiana_JEF-350_protein.faa
# Option settings: hmmsearch --domtblout /home/zack/Desktop/IsariaPreferralGenome/MyGenomeSubmittedToNCBI/HypocrealesProteinSets/BUSCO_AA_all/BUSCO_AA_Bbassiana_JEF-350/run_hypocreales_odb10/hmmer_output/initial_run_results/6665at5125.out --cpu 1 /home/zack/funannotate_db/hypocreales_odb10/hmms/6665at5125.hmm /home/zack/Desktop/IsariaPreferralGenome/MyGenomeSubmittedToNCBI/HypocrealesProteinSets/Bbassiana_JEF-350_protein.faa 
# Current dir:     /home/zack/Desktop/IsariaPreferralGenome/MyGenomeSubmittedToNCBI/HypocrealesProteinSets/BUSCO_AA_all
# Date:            Mon Mar  4 14:25:30 2024
# [ok]
