#                                                                            --- full sequence --- -------------- this domain -------------   hmm coord   ali coord   env coord
# target name        accession   tlen query name           accession   qlen   E-value  score  bias   #  of  c-Evalue  i-Evalue  score  bias  from    to  from    to  from    to  acc description of target
#------------------- ---------- ----- -------------------- ---------- ----- --------- ------ ----- --- --- --------- --------- ------ ----- ----- ----- ----- ----- ----- ----- ---- ---------------------
KAH8720455.1         -            725 7434at5125           -            622         0 1269.7   8.2   1   2         0         0 1016.5   4.5     1   500     1   557     1   572 0.94 putative actin-related protein 8 [Beauveria bassiana]
KAH8720455.1         -            725 7434at5125           -            622         0 1269.7   8.2   2   2     1e-78   1.6e-75  253.8   0.1   495   622   598   725   585   725 0.97 putative actin-related protein 8 [Beauveria bassiana]
KAH8717605.1         -            467 7434at5125           -            622   1.5e-10   39.2   0.0   1   3     0.023        37    1.6   0.0    93   122    19    48     3    64 0.80 Actin-related protein 4 [Beauveria bassiana]
KAH8717605.1         -            467 7434at5125           -            622   1.5e-10   39.2   0.0   2   3   2.1e-07   0.00033   18.3   0.0   305   342   182   219   158   237 0.84 Actin-related protein 4 [Beauveria bassiana]
KAH8717605.1         -            467 7434at5125           -            622   1.5e-10   39.2   0.0   3   3   1.5e-06    0.0024   15.4   0.0   529   615   377   463   320   466 0.86 Actin-related protein 4 [Beauveria bassiana]
KAH8707426.1         -            375 7434at5125           -            622   4.6e-05   21.1   0.0   1   3      0.07   1.1e+02    0.0   0.0    97   122     7    32     3    41 0.84 actin [Beauveria bassiana]
KAH8707426.1         -            375 7434at5125           -            622   4.6e-05   21.1   0.0   2   3      0.02        32    1.8   0.0   303   359   136   193    78   214 0.79 actin [Beauveria bassiana]
KAH8707426.1         -            375 7434at5125           -            622   4.6e-05   21.1   0.0   3   3   1.7e-06    0.0028   15.2   0.0   518   618   277   374   260   375 0.85 actin [Beauveria bassiana]
KAH8717721.1         -            690 7434at5125           -            622   0.00065   17.3   0.0   1   1   7.9e-07    0.0013   16.4   0.0   296   343   140   187   115   228 0.78 Actin-like protein ARP9 [Beauveria bassiana]
KAH8718307.1         -            375 7434at5125           -            622   0.00068   17.2   0.0   1   3     0.063     1e+02    0.2   0.0    97   122     7    32     2    41 0.84 actin [Beauveria bassiana]
KAH8718307.1         -            375 7434at5125           -            622   0.00068   17.2   0.0   2   3      0.34   5.4e+02   -2.3   0.0   300   358   132   192   113   198 0.72 actin [Beauveria bassiana]
KAH8718307.1         -            375 7434at5125           -            622   0.00068   17.2   0.0   3   3   4.8e-06    0.0077   13.8   0.0   520   618   279   374   267   375 0.77 actin [Beauveria bassiana]
KAH8716072.1         -            557 7434at5125           -            622    0.0013   16.3   0.1   1   2   2.2e-05     0.035   11.6   0.0    94   123    50    79    35   118 0.67 Actin-related protein 10 [Beauveria bassiana]
KAH8716072.1         -            557 7434at5125           -            622    0.0013   16.3   0.1   2   2     0.012        19    2.5   0.0   286   334   163   211   102   222 0.87 Actin-related protein 10 [Beauveria bassiana]
KAH8709314.1         -            390 7434at5125           -            622    0.0082   13.7   0.0   1   2   3.6e-05     0.058   10.9   0.0   277   391   112   222    79   232 0.85 Actin-related protein 2 [Beauveria bassiana]
KAH8709314.1         -            390 7434at5125           -            622    0.0082   13.7   0.0   2   2     0.056        89    0.3   0.0   580   615   348   385   280   387 0.52 Actin-related protein 2 [Beauveria bassiana]
#
# Program:         hmmsearch
# Version:         3.1b2 (February 2015)
# Pipeline mode:   SEARCH
# Query file:      /home/zack/funannotate_db/hypocreales_odb10/hmms/7434at5125.hmm
# Target file:     /home/zack/Desktop/IsariaPreferralGenome/MyGenomeSubmittedToNCBI/HypocrealesProteinSets/Bbassiana_JEF-350_protein.faa
# Option settings: hmmsearch --domtblout /home/zack/Desktop/IsariaPreferralGenome/MyGenomeSubmittedToNCBI/HypocrealesProteinSets/BUSCO_AA_all/BUSCO_AA_Bbassiana_JEF-350/run_hypocreales_odb10/hmmer_output/initial_run_results/7434at5125.out --cpu 1 /home/zack/funannotate_db/hypocreales_odb10/hmms/7434at5125.hmm /home/zack/Desktop/IsariaPreferralGenome/MyGenomeSubmittedToNCBI/HypocrealesProteinSets/Bbassiana_JEF-350_protein.faa 
# Current dir:     /home/zack/Desktop/IsariaPreferralGenome/MyGenomeSubmittedToNCBI/HypocrealesProteinSets/BUSCO_AA_all
# Date:            Mon Mar  4 14:25:23 2024
# [ok]
