#                                                                            --- full sequence --- -------------- this domain -------------   hmm coord   ali coord   env coord
# target name        accession   tlen query name           accession   qlen   E-value  score  bias   #  of  c-Evalue  i-Evalue  score  bias  from    to  from    to  from    to  acc description of target
#------------------- ---------- ----- -------------------- ---------- ----- --------- ------ ----- --- --- --------- --------- ------ ----- ----- ----- ----- ----- ----- ----- ---- ---------------------
FUN_004885-T1        -            971 10880at5125          -            631  2.5e-286  950.6  59.8   1   5  1.8e-121    1e-117  393.6  24.6     1   267    25   337    25   365 0.85 FUN_004885
FUN_004885-T1        -            971 10880at5125          -            631  2.5e-286  950.6  59.8   2   5  1.4e-134  8.1e-131  436.9   9.6   249   525   367   692   360   703 0.85 FUN_004885
FUN_004885-T1        -            971 10880at5125          -            631  2.5e-286  950.6  59.8   3   5   5.6e-19   3.2e-15   55.0   0.0   530   566   748   784   728   795 0.88 FUN_004885
FUN_004885-T1        -            971 10880at5125          -            631  2.5e-286  950.6  59.8   4   5   7.3e-17   4.2e-13   48.0   0.7   569   603   829   863   813   879 0.83 FUN_004885
FUN_004885-T1        -            971 10880at5125          -            631  2.5e-286  950.6  59.8   5   5   2.4e-11   1.4e-07   29.8   2.2   596   631   880   917   876   917 0.88 FUN_004885
FUN_010642-T1        -            202 10880at5125          -            631     0.057   11.2   8.3   1   2   8.6e-05      0.49    8.2   2.0   140   179    32    71    28    79 0.89 FUN_010642
FUN_010642-T1        -            202 10880at5125          -            631     0.057   11.2   8.3   2   2   0.00016      0.91    7.3   0.5   127   197   123   191    81   199 0.80 FUN_010642
#
# Program:         hmmsearch
# Version:         3.1b2 (February 2015)
# Pipeline mode:   SEARCH
# Query file:      /home/zack/funannotate_db/hypocreales_odb10/hmms/10880at5125.hmm
# Target file:     /home/zack/Desktop/IsariaPreferralGenome/MyGenomeSubmittedToNCBI/HypocrealesProteinSets/C_cateniannulata_MBC234.proteins.fa
# Option settings: hmmsearch --domtblout /home/zack/Desktop/IsariaPreferralGenome/MyGenomeSubmittedToNCBI/HypocrealesProteinSets/BUSCO_AA_all/BUSCO_AA_Ccateniannulata_MBC234/run_hypocreales_odb10/hmmer_output/initial_run_results/10880at5125.out --cpu 1 /home/zack/funannotate_db/hypocreales_odb10/hmms/10880at5125.hmm /home/zack/Desktop/IsariaPreferralGenome/MyGenomeSubmittedToNCBI/HypocrealesProteinSets/C_cateniannulata_MBC234.proteins.fa 
# Current dir:     /home/zack/Desktop/IsariaPreferralGenome/MyGenomeSubmittedToNCBI/HypocrealesProteinSets/BUSCO_AA_all
# Date:            Mon Mar  4 14:31:02 2024
# [ok]
