#                                                                            --- full sequence --- -------------- this domain -------------   hmm coord   ali coord   env coord
# target name        accession   tlen query name           accession   qlen   E-value  score  bias   #  of  c-Evalue  i-Evalue  score  bias  from    to  from    to  from    to  acc description of target
#------------------- ---------- ----- -------------------- ---------- ----- --------- ------ ----- --- --- --------- --------- ------ ----- ----- ----- ----- ----- ----- ----- ---- ---------------------
FUN_004068-T1        -           1169 11326at5125          -            691  8.1e-278  922.8  62.5   1   7     0.018        67    0.9   0.1     1    31     8    38     8    53 0.77 FUN_004068
FUN_004068-T1        -           1169 11326at5125          -            691  8.1e-278  922.8  62.5   2   7  1.1e-185    4e-182  606.5   4.0    14   350    97   461    88   506 0.86 FUN_004068
FUN_004068-T1        -           1169 11326at5125          -            691  8.1e-278  922.8  62.5   3   7   2.8e-16   1.1e-12   46.5   6.1   340   428   507   633   491   661 0.78 FUN_004068
FUN_004068-T1        -           1169 11326at5125          -            691  8.1e-278  922.8  62.5   4   7     2e-29   7.5e-26   90.0   1.8   412   519   702   827   647   839 0.76 FUN_004068
FUN_004068-T1        -           1169 11326at5125          -            691  8.1e-278  922.8  62.5   5   7   5.5e-24   2.1e-20   72.0   0.8   518   605   922  1030   897  1036 0.79 FUN_004068
FUN_004068-T1        -           1169 11326at5125          -            691  8.1e-278  922.8  62.5   6   7   7.8e-15   2.9e-11   41.8   1.2   591   651  1040  1108  1037  1109 0.82 FUN_004068
FUN_004068-T1        -           1169 11326at5125          -            691  8.1e-278  922.8  62.5   7   7   2.4e-30   9.1e-27   93.0  10.6   629   690  1105  1166  1098  1167 0.96 FUN_004068
FUN_010336-T1        -            278 11326at5125          -            691      0.03   12.0   0.0   1   1   1.1e-05     0.042   11.5   0.0   237   281    95   138    87   152 0.84 FUN_010336
FUN_006371-T1        -            766 11326at5125          -            691       3.9    5.0   5.1   1   2    0.0019         7    4.2   0.0    34    61   301   328   288   344 0.87 FUN_006371
FUN_006371-T1        -            766 11326at5125          -            691       3.9    5.0   5.1   2   2     0.013        50    1.3   2.3    56   117   690   754   680   763 0.67 FUN_006371
#
# Program:         hmmsearch
# Version:         3.1b2 (February 2015)
# Pipeline mode:   SEARCH
# Query file:      /home/zack/funannotate_db/hypocreales_odb10/hmms/11326at5125.hmm
# Target file:     /home/zack/Desktop/IsariaPreferralGenome/MyGenomeSubmittedToNCBI/HypocrealesProteinSets/C_cateniannulata_MBC234.proteins.fa
# Option settings: hmmsearch --domtblout /home/zack/Desktop/IsariaPreferralGenome/MyGenomeSubmittedToNCBI/HypocrealesProteinSets/BUSCO_AA_all/BUSCO_AA_Ccateniannulata_MBC234/run_hypocreales_odb10/hmmer_output/initial_run_results/11326at5125.out --cpu 1 /home/zack/funannotate_db/hypocreales_odb10/hmms/11326at5125.hmm /home/zack/Desktop/IsariaPreferralGenome/MyGenomeSubmittedToNCBI/HypocrealesProteinSets/C_cateniannulata_MBC234.proteins.fa 
# Current dir:     /home/zack/Desktop/IsariaPreferralGenome/MyGenomeSubmittedToNCBI/HypocrealesProteinSets/BUSCO_AA_all
# Date:            Mon Mar  4 14:30:33 2024
# [ok]
