#                                                                            --- full sequence --- -------------- this domain -------------   hmm coord   ali coord   env coord
# target name        accession   tlen query name           accession   qlen   E-value  score  bias   #  of  c-Evalue  i-Evalue  score  bias  from    to  from    to  from    to  acc description of target
#------------------- ---------- ----- -------------------- ---------- ----- --------- ------ ----- --- --- --------- --------- ------ ----- ----- ----- ----- ----- ----- ----- ---- ---------------------
FUN_010461-T1        -           1078 11947at5125          -            666    1e-179  598.5 171.1   1   9   4.6e-06     0.052   11.4   0.1     2    27    33    58    32    67 0.83 FUN_010461
FUN_010461-T1        -           1078 11947at5125          -            666    1e-179  598.5 171.1   2   9   2.5e-25   2.8e-21   75.0  43.6    27   138    86   220    74   232 0.74 FUN_010461
FUN_010461-T1        -           1078 11947at5125          -            666    1e-179  598.5 171.1   3   9   4.5e-10   5.1e-06   24.6  24.8    54   258   221   429   219   443 0.72 FUN_010461
FUN_010461-T1        -           1078 11947at5125          -            666    1e-179  598.5 171.1   4   9   1.3e-24   1.4e-20   72.7  17.8   244   317   451   524   434   526 0.89 FUN_010461
FUN_010461-T1        -           1078 11947at5125          -            666    1e-179  598.5 171.1   5   9   1.2e-20   1.3e-16   59.6   9.9   298   365   530   598   519   609 0.84 FUN_010461
FUN_010461-T1        -           1078 11947at5125          -            666    1e-179  598.5 171.1   6   9   7.3e-34   8.2e-30  103.2   2.9   355   417   644   706   598   714 0.85 FUN_010461
FUN_010461-T1        -           1078 11947at5125          -            666    1e-179  598.5 171.1   7   9   5.6e-40   6.3e-36  123.4  12.7   419   518   733   838   721   845 0.87 FUN_010461
FUN_010461-T1        -           1078 11947at5125          -            666    1e-179  598.5 171.1   8   9   6.5e-32   7.4e-28   96.8   6.7   516   604   856   970   851   987 0.83 FUN_010461
FUN_010461-T1        -           1078 11947at5125          -            666    1e-179  598.5 171.1   9   9   1.3e-23   1.5e-19   69.3   3.4   604   664  1003  1063   982  1065 0.86 FUN_010461
#
# Program:         hmmsearch
# Version:         3.1b2 (February 2015)
# Pipeline mode:   SEARCH
# Query file:      /home/zack/funannotate_db/hypocreales_odb10/hmms/11947at5125.hmm
# Target file:     /home/zack/Desktop/IsariaPreferralGenome/MyGenomeSubmittedToNCBI/HypocrealesProteinSets/C_cateniannulata_MBC234.proteins.fa
# Option settings: hmmsearch --domtblout /home/zack/Desktop/IsariaPreferralGenome/MyGenomeSubmittedToNCBI/HypocrealesProteinSets/BUSCO_AA_all/BUSCO_AA_Ccateniannulata_MBC234/run_hypocreales_odb10/hmmer_output/initial_run_results/11947at5125.out --cpu 1 /home/zack/funannotate_db/hypocreales_odb10/hmms/11947at5125.hmm /home/zack/Desktop/IsariaPreferralGenome/MyGenomeSubmittedToNCBI/HypocrealesProteinSets/C_cateniannulata_MBC234.proteins.fa 
# Current dir:     /home/zack/Desktop/IsariaPreferralGenome/MyGenomeSubmittedToNCBI/HypocrealesProteinSets/BUSCO_AA_all
# Date:            Mon Mar  4 14:30:58 2024
# [ok]
