#                                                                            --- full sequence --- -------------- this domain -------------   hmm coord   ali coord   env coord
# target name        accession   tlen query name           accession   qlen   E-value  score  bias   #  of  c-Evalue  i-Evalue  score  bias  from    to  from    to  from    to  acc description of target
#------------------- ---------- ----- -------------------- ---------- ----- --------- ------ ----- --- --- --------- --------- ------ ----- ----- ----- ----- ----- ----- ----- ---- ---------------------
FUN_000165-T1        -            604 13625at5125          -            486  2.8e-265  879.8  11.4   1   2  2.2e-258    2e-256  850.6   3.0     1   472     1   549     1   562 0.89 FUN_000165
FUN_000165-T1        -            604 13625at5125          -            486  2.8e-265  879.8  11.4   2   2   5.5e-09   4.9e-07   28.1   1.3   462   486   580   604   568   604 0.91 FUN_000165
FUN_001621-T1        -            516 13625at5125          -            486   5.8e-48  163.1   0.0   1   1   9.5e-50   8.5e-48  162.6   0.0    11   280    55   335    48   346 0.89 FUN_001621
FUN_003295-T1        -            532 13625at5125          -            486   1.9e-33  115.3   0.0   1   1   2.9e-35   2.6e-33  114.8   0.0    24   263    20   277    10   304 0.81 FUN_003295
FUN_010104-T1        -            707 13625at5125          -            486   2.2e-32  111.7   0.0   1   1   3.6e-34   3.2e-32  111.2   0.0    16   243    64   288    57   312 0.90 FUN_010104
FUN_004819-T1        -            765 13625at5125          -            486   1.3e-30  105.9   0.1   1   1   1.2e-31   1.1e-29  102.9   0.1    24   263   205   457   195   465 0.77 FUN_004819
FUN_007511-T1        -           1187 13625at5125          -            486   1.3e-29  102.6   0.1   1   1   3.1e-31   2.8e-29  101.5   0.1    70   263   185   374   168   393 0.89 FUN_007511
FUN_009898-T1        -            691 13625at5125          -            486   1.2e-28   99.4   0.0   1   1   1.9e-30   1.7e-28   98.9   0.0    17   224   321   532   312   581 0.80 FUN_009898
FUN_007908-T1        -           1110 13625at5125          -            486   4.4e-28   97.5   0.0   1   1   8.6e-30   7.6e-28   96.7   0.0    17   223   784   991   776  1032 0.87 FUN_007908
FUN_003002-T1        -            884 13625at5125          -            486   6.6e-28   96.9   0.1   1   1   1.2e-29   1.1e-27   96.2   0.1     6   218    27   234    23   240 0.83 FUN_003002
FUN_011110-T1        -            412 13625at5125          -            486   7.5e-28   96.8   0.0   1   1   1.3e-29   1.1e-27   96.2   0.0    16   263   138   381   133   384 0.83 FUN_011110
FUN_006201-T1        -           1447 13625at5125          -            486   8.2e-28   96.6   0.0   1   1   1.8e-29   1.6e-27   95.7   0.0    22   264    52   280    40   293 0.85 FUN_006201
FUN_008711-T1        -            646 13625at5125          -            486   2.3e-27   95.2   0.0   1   2   1.9e-25   1.7e-23   82.4   0.0    17   166   261   411   251   426 0.86 FUN_008711
FUN_008711-T1        -            646 13625at5125          -            486   2.3e-27   95.2   0.0   2   2    0.0011       0.1   10.6   0.0   173   220   448   492   438   546 0.83 FUN_008711
FUN_009885-T1        -            455 13625at5125          -            486   7.7e-27   93.4   0.0   1   1   1.2e-28   1.1e-26   93.0   0.0    16   273    17   276    10   291 0.85 FUN_009885
FUN_006902-T1        -            358 13625at5125          -            486   2.4e-26   91.8   0.0   1   1     5e-28   4.4e-26   90.9   0.0    11   211    13   208     2   219 0.87 FUN_006902
FUN_004765-T1        -            656 13625at5125          -            486   5.6e-26   90.6   0.2   1   2   1.4e-24   1.2e-22   79.6   0.0    13   165   247   398   240   401 0.88 FUN_004765
FUN_004765-T1        -            656 13625at5125          -            486   5.6e-26   90.6   0.2   2   2    0.0038      0.34    8.9   0.0   173   258   452   538   442   549 0.69 FUN_004765
FUN_000990-T1        -            890 13625at5125          -            486     1e-25   89.7   1.2   1   1   1.1e-27     1e-25   89.7   0.0    18   225   611   813   606   853 0.82 FUN_000990
FUN_001047-T1        -            743 13625at5125          -            486   1.4e-25   89.3   0.0   1   2       9.2   8.2e+02   -2.3   0.0    17    47    99   128    95   137 0.79 FUN_001047
FUN_001047-T1        -            743 13625at5125          -            486   1.4e-25   89.3   0.0   2   2   5.3e-27   4.7e-25   87.5   0.0    64   220   187   348   178   391 0.87 FUN_001047
FUN_006589-T1        -            639 13625at5125          -            486   3.8e-25   87.9   0.0   1   1   6.6e-27   5.9e-25   87.2   0.0    16   304     8   289     2   309 0.85 FUN_006589
FUN_009562-T1        -           1796 13625at5125          -            486   1.2e-24   86.3   0.0   1   2   2.1e-23   1.9e-21   75.7   0.0    18   164   717   863   714   868 0.93 FUN_009562
FUN_009562-T1        -           1796 13625at5125          -            486   1.2e-24   86.3   0.0   2   2    0.0071      0.63    8.0   0.0   175   263  1034  1120  1028  1128 0.80 FUN_009562
FUN_000140-T1        -            326 13625at5125          -            486   1.8e-24   85.6   0.0   1   1   2.7e-26   2.4e-24   85.2   0.0    17   226     9   218     2   224 0.85 FUN_000140
FUN_001874-T1        -            871 13625at5125          -            486   6.3e-24   83.8   0.0   1   1   1.2e-25     1e-23   83.1   0.0    18   210    44   246    38   258 0.80 FUN_001874
FUN_005124-T1        -            914 13625at5125          -            486   1.5e-23   82.6   0.0   1   1   2.7e-25   2.4e-23   81.9   0.0    18   219   509   713   504   764 0.83 FUN_005124
FUN_010327-T1        -            322 13625at5125          -            486   2.2e-23   82.1   0.0   1   1   3.3e-25   2.9e-23   81.6   0.0    16   218    76   277    71   284 0.90 FUN_010327
FUN_005176-T1        -           1100 13625at5125          -            486   2.3e-23   82.0   0.0   1   1   4.1e-25   3.6e-23   81.3   0.0    23   264   195   443   184   449 0.82 FUN_005176
FUN_007669-T1        -            418 13625at5125          -            486   3.3e-23   81.5   0.0   1   2   9.3e-25   8.3e-23   80.1   0.0     8   217    13   228     8   239 0.83 FUN_007669
FUN_007669-T1        -            418 13625at5125          -            486   3.3e-23   81.5   0.0   2   2         8   7.2e+02   -2.1   0.0   234   267   273   307   263   323 0.84 FUN_007669
FUN_007070-T1        -            412 13625at5125          -            486   3.4e-23   81.4   0.0   1   1   5.1e-25   4.5e-23   81.0   0.0    17   252    17   250    12   296 0.78 FUN_007070
FUN_007151-T1        -           1187 13625at5125          -            486     5e-23   80.9   0.0   1   1   9.1e-25   8.1e-23   80.2   0.0    18   221   922  1136   916  1157 0.81 FUN_007151
FUN_006366-T1        -           1624 13625at5125          -            486   7.9e-23   80.2   0.0   1   1   1.4e-24   1.3e-22   79.5   0.0    25   218  1340  1543  1329  1552 0.82 FUN_006366
FUN_003359-T1        -            674 13625at5125          -            486   1.7e-22   79.1   0.0   1   1   2.7e-24   2.4e-22   78.6   0.0    24   228    39   239    31   279 0.85 FUN_003359
FUN_004692-T1        -            529 13625at5125          -            486     4e-22   77.9   0.0   1   1   6.4e-24   5.7e-22   77.4   0.0    17   223    19   223    10   230 0.87 FUN_004692
FUN_002627-T1        -           1613 13625at5125          -            486     5e-22   77.6   0.0   1   3   1.1e-05   0.00098   17.2   0.0    91   212   365   496   295   510 0.70 FUN_002627
FUN_002627-T1        -           1613 13625at5125          -            486     5e-22   77.6   0.0   2   3      0.13        11    3.8   0.0    24    80   602   655   585   682 0.82 FUN_002627
FUN_002627-T1        -           1613 13625at5125          -            486     5e-22   77.6   0.0   3   3   3.1e-16   2.7e-14   52.1   0.0    90   263   769   955   752   962 0.77 FUN_002627
FUN_008983-T1        -            325 13625at5125          -            486   5.2e-22   77.5   0.0   1   1   7.7e-23   6.9e-21   73.8   0.0    17   230     3   237     1   252 0.76 FUN_008983
FUN_004611-T1        -            420 13625at5125          -            486   5.3e-22   77.5   0.0   1   1   8.9e-24   7.9e-22   76.9   0.0    24   217    42   235    37   247 0.87 FUN_004611
FUN_008457-T1        -            407 13625at5125          -            486   5.9e-22   77.3   0.0   1   1   1.1e-23   9.7e-22   76.6   0.0    22   221    72   274    64   282 0.75 FUN_008457
FUN_010836-T1        -            409 13625at5125          -            486     7e-22   77.1   0.0   1   1   1.1e-23   9.4e-22   76.7   0.0    18   190   234   405   223   409 0.87 FUN_010836
FUN_005087-T1        -            498 13625at5125          -            486   7.6e-22   77.0   0.0   1   1   1.2e-23     1e-21   76.5   0.0    24   224   222   430   203   474 0.76 FUN_005087
FUN_002118-T1        -            375 13625at5125          -            486     1e-21   76.6   0.0   1   1   1.4e-23   1.2e-21   76.3   0.0    37   262    70   299    38   322 0.79 FUN_002118
FUN_005128-T1        -            532 13625at5125          -            486     1e-21   76.6   0.0   1   1   1.5e-23   1.3e-21   76.2   0.0    16   263   174   420   157   430 0.78 FUN_005128
FUN_005330-T1        -           1338 13625at5125          -            486   1.1e-21   76.5   0.0   1   1   2.5e-23   2.2e-21   75.4   0.0    17   263  1036  1297  1027  1306 0.76 FUN_005330
FUN_009837-T1        -           1164 13625at5125          -            486   1.2e-21   76.4   0.0   1   1   2.2e-23     2e-21   75.6   0.0    12   186   303   483   293   542 0.83 FUN_009837
FUN_001789-T1        -            806 13625at5125          -            486   1.3e-21   76.2   0.0   1   1   2.6e-23   2.3e-21   75.4   0.0    65   230   446   612   393   623 0.86 FUN_001789
FUN_007619-T1        -            723 13625at5125          -            486   1.8e-21   75.7   0.2   1   2   7.6e-07   6.8e-05   21.1   0.0    16   110     5   100     2   148 0.72 FUN_007619
FUN_007619-T1        -            723 13625at5125          -            486   1.8e-21   75.7   0.2   2   2   3.4e-16     3e-14   51.9   0.0   137   264   158   281   149   310 0.80 FUN_007619
FUN_004466-T1        -           1092 13625at5125          -            486   2.1e-21   75.5   0.0   1   2   7.8e-21     7e-19   67.2   0.0    24   166   262   405   253   413 0.86 FUN_004466
FUN_004466-T1        -           1092 13625at5125          -            486   2.1e-21   75.5   0.0   2   2     0.027       2.4    6.1   0.0   172   218   446   491   438   553 0.87 FUN_004466
FUN_006242-T1        -            523 13625at5125          -            486   3.7e-21   74.7   0.0   1   1   6.6e-23   5.9e-21   74.0   0.0    16   223   106   335    97   371 0.70 FUN_006242
FUN_001283-T1        -            632 13625at5125          -            486   4.9e-21   74.3   0.0   1   1   7.7e-23   6.9e-21   73.8   0.0    17   263   289   530   279   541 0.80 FUN_001283
FUN_004324-T1        -            901 13625at5125          -            486     5e-21   74.3   0.0   1   1   8.2e-23   7.3e-21   73.7   0.0    16   211   332   529   325   543 0.88 FUN_004324
FUN_006414-T1        -            537 13625at5125          -            486   5.1e-21   74.2   0.0   1   1   7.5e-23   6.7e-21   73.8   0.0    18   225   238   448   225   493 0.78 FUN_006414
FUN_009952-T1        -            904 13625at5125          -            486   7.6e-21   73.7   0.0   1   1   1.4e-22   1.3e-20   72.9   0.0    22   222   635   849   609   856 0.81 FUN_009952
FUN_010293-T1        -            767 13625at5125          -            486   1.9e-20   72.4   0.2   1   2   6.4e-16   5.8e-14   51.0   0.1    11   152    16   165     9   171 0.80 FUN_010293
FUN_010293-T1        -            767 13625at5125          -            486   1.9e-20   72.4   0.2   2   2     3e-06   0.00027   19.1   0.0   155   220   192   257   189   265 0.81 FUN_010293
FUN_010961-T1        -            844 13625at5125          -            486   1.9e-20   72.4   0.0   1   1     4e-22   3.6e-20   71.5   0.0    43   227   595   777   556   817 0.75 FUN_010961
FUN_003882-T1        -            650 13625at5125          -            486   2.3e-20   72.1   1.0   1   2   2.4e-19   2.1e-17   62.3   0.2    17   165   268   415   259   424 0.88 FUN_003882
FUN_003882-T1        -            650 13625at5125          -            486   2.3e-20   72.1   1.0   2   2    0.0051      0.45    8.5   0.0   173   224   471   519   446   538 0.86 FUN_003882
FUN_002250-T1        -            738 13625at5125          -            486   2.4e-20   72.0   0.3   1   2   4.4e-19   3.9e-17   61.4   0.1    32   164   395   531   378   536 0.79 FUN_002250
FUN_002250-T1        -            738 13625at5125          -            486   2.4e-20   72.0   0.3   2   2    0.0048      0.43    8.5   0.0   175   212   563   599   556   619 0.88 FUN_002250
FUN_002349-T1        -            572 13625at5125          -            486   5.3e-20   70.9   0.1   1   2   5.3e-18   4.7e-16   57.9   0.0    17   150   108   241   102   245 0.91 FUN_002349
FUN_002349-T1        -            572 13625at5125          -            486   5.3e-20   70.9   0.1   2   2   0.00094     0.084   10.9   0.0   154   264   278   386   272   393 0.74 FUN_002349
FUN_001773-T1        -           1072 13625at5125          -            486   9.3e-20   70.1   0.0   1   1   1.9e-21   1.7e-19   69.3   0.0    62   208   772   917   703   930 0.83 FUN_001773
FUN_010727-T1        -            512 13625at5125          -            486   3.4e-19   68.2   0.0   1   1     5e-21   4.5e-19   67.8   0.0    20   219    67   263    59   341 0.89 FUN_010727
FUN_007176-T1        -            394 13625at5125          -            486   8.8e-18   63.6   0.0   1   1   1.3e-19   1.2e-17   63.1   0.0     3   214    17   233    15   246 0.75 FUN_007176
FUN_000911-T1        -            356 13625at5125          -            486   9.3e-18   63.5   0.1   1   1   1.5e-19   1.3e-17   63.0   0.1    18   216    24   225    17   240 0.80 FUN_000911
FUN_001308-T1        -            708 13625at5125          -            486   1.1e-17   63.3   0.0   1   1   1.8e-19   1.6e-17   62.7   0.0    68   220   481   633   417   678 0.74 FUN_001308
FUN_002208-T1        -            929 13625at5125          -            486   2.2e-17   62.2   0.4   1   2   2.1e-13   1.9e-11   42.7   0.5    24   151    29   175    19   182 0.76 FUN_002208
FUN_002208-T1        -            929 13625at5125          -            486   2.2e-17   62.2   0.4   2   2    0.0001    0.0089   14.1   0.0   155   219   207   270   201   278 0.81 FUN_002208
FUN_008093-T1        -            466 13625at5125          -            486   2.4e-17   62.2   0.0   1   1     5e-19   4.4e-17   61.2   0.0    17   224   103   316    97   323 0.84 FUN_008093
FUN_009744-T1        -            547 13625at5125          -            486   5.9e-17   60.8   0.2   1   2   3.3e-18     3e-16   58.5   0.0    18   174   296   457   283   476 0.80 FUN_009744
FUN_009744-T1        -            547 13625at5125          -            486   5.9e-17   60.8   0.2   2   2       2.9   2.6e+02   -0.6   0.1   173   193   524   542   515   545 0.79 FUN_009744
FUN_007220-T1        -            618 13625at5125          -            486   6.1e-17   60.8   0.1   1   2   1.4e-14   1.2e-12   46.6   0.1    14   153   246   387   239   395 0.79 FUN_007220
FUN_007220-T1        -            618 13625at5125          -            486   6.1e-17   60.8   0.1   2   2   0.00037     0.033   12.2   0.0   153   219   417   480   393   490 0.80 FUN_007220
FUN_003422-T1        -            593 13625at5125          -            486   7.9e-17   60.4   0.0   1   1   1.2e-18   1.1e-16   59.9   0.0    22   210   221   413   208   457 0.78 FUN_003422
FUN_009481-T1        -            328 13625at5125          -            486   1.1e-15   56.7   0.0   1   1   1.5e-17   1.4e-15   56.3   0.0    19   221    45   254    41   267 0.82 FUN_009481
FUN_010621-T1        -            632 13625at5125          -            486   2.8e-15   55.3   0.0   1   1     1e-16     9e-15   53.6   0.0    75   218   374   533   334   545 0.77 FUN_010621
FUN_008565-T1        -            705 13625at5125          -            486   1.1e-14   53.3   0.0   1   1   2.1e-16   1.9e-14   52.6   0.0    59   213   105   268    78   275 0.80 FUN_008565
FUN_001329-T1        -           1342 13625at5125          -            486   1.4e-14   53.0   0.0   1   1   2.7e-16   2.4e-14   52.2   0.0     9   217   920  1128   916  1139 0.83 FUN_001329
FUN_009589-T1        -           1175 13625at5125          -            486   1.5e-14   52.9   0.0   1   3   1.1e-05   0.00094   17.3   0.0     9   103    95   198    88   206 0.73 FUN_009589
FUN_009589-T1        -           1175 13625at5125          -            486   1.5e-14   52.9   0.0   2   3   1.3e-07   1.1e-05   23.6   0.0   122   164   403   445   392   449 0.87 FUN_009589
FUN_009589-T1        -           1175 13625at5125          -            486   1.5e-14   52.9   0.0   3   3    0.0081      0.72    7.8   0.0   173   222   476   528   467   539 0.79 FUN_009589
FUN_003181-T1        -            547 13625at5125          -            486     3e-14   51.9   0.1   1   2   9.9e-12   8.8e-10   37.2   0.1    17   152   185   322   177   329 0.78 FUN_003181
FUN_003181-T1        -            547 13625at5125          -            486     3e-14   51.9   0.1   2   2   0.00027     0.024   12.6   0.0   141   220   343   417   336   426 0.78 FUN_003181
FUN_005699-T1        -            561 13625at5125          -            486   5.4e-14   51.1   0.0   1   1   9.3e-16   8.3e-14   50.5   0.0    58   213   267   422   226   426 0.77 FUN_005699
FUN_008498-T1        -            776 13625at5125          -            486   6.4e-14   50.8   0.1   1   1   1.2e-15   1.1e-13   50.1   0.1     8   219   438   656   435   665 0.76 FUN_008498
FUN_002820-T1        -            354 13625at5125          -            486   6.6e-14   50.8   0.1   1   1   1.3e-15   1.2e-13   50.0   0.1    17   219    31   239    23   252 0.78 FUN_002820
FUN_003938-T1        -            587 13625at5125          -            486   1.4e-13   49.7   0.0   1   2     7e-15   6.3e-13   47.6   0.0    16   191   241   423   232   435 0.82 FUN_003938
FUN_003938-T1        -            587 13625at5125          -            486   1.4e-13   49.7   0.0   2   2       3.3     3e+02   -0.8   0.0   198   229   453   484   449   492 0.79 FUN_003938
FUN_007188-T1        -            838 13625at5125          -            486   2.5e-13   48.9   0.0   1   1   4.4e-15   3.9e-13   48.2   0.0    18   218   495   716   483   721 0.75 FUN_007188
FUN_003425-T1        -            648 13625at5125          -            486   8.8e-13   47.1   0.0   1   2       8.3   7.4e+02   -2.2   0.0    18    43   257   282   246   312 0.75 FUN_003425
FUN_003425-T1        -            648 13625at5125          -            486   8.8e-13   47.1   0.0   2   2   2.3e-14   2.1e-12   45.8   0.0    67   218   346   501   313   587 0.82 FUN_003425
FUN_002996-T1        -            467 13625at5125          -            486   1.1e-12   46.7   0.0   1   1     2e-14   1.7e-12   46.1   0.0   127   213   297   385   288   396 0.82 FUN_002996
FUN_005353-T1        -            626 13625at5125          -            486   2.7e-12   45.5   0.0   1   1   4.7e-14   4.2e-12   44.8   0.0    61   211   403   543   355   551 0.72 FUN_005353
FUN_002770-T1        -            520 13625at5125          -            486     6e-12   44.3   0.2   1   1   1.4e-13   1.3e-11   43.2   0.0    10   150    52   201    47   209 0.85 FUN_002770
FUN_009182-T1        -            449 13625at5125          -            486     8e-12   43.9   0.0   1   1   1.2e-13   1.1e-11   43.4   0.0   124   264    28   163     7   176 0.70 FUN_009182
FUN_003687-T1        -            527 13625at5125          -            486   8.3e-12   43.9   0.0   1   1   1.4e-13   1.2e-11   43.3   0.0    74   214   313   446   263   456 0.76 FUN_003687
FUN_001506-T1        -            533 13625at5125          -            486   1.2e-11   43.3   0.2   1   1   2.1e-13   1.9e-11   42.7   0.2    16   165    35   192    25   195 0.80 FUN_001506
FUN_004136-T1        -            394 13625at5125          -            486   1.3e-11   43.2   0.0   1   1   2.1e-13   1.9e-11   42.7   0.0    75   217   153   305    97   316 0.78 FUN_004136
FUN_010748-T1        -            355 13625at5125          -            486   1.9e-10   39.4   0.0   1   1     3e-12   2.6e-10   38.9   0.0    85   236   177   345   165   354 0.78 FUN_010748
FUN_001271-T1        -            256 13625at5125          -            486   2.6e-10   38.9   0.0   1   1   4.6e-12   4.1e-10   38.3   0.0   128   212    43   128     4   134 0.79 FUN_001271
FUN_005671-T1        -           1528 13625at5125          -            486     3e-10   38.7   0.0   1   1   5.5e-12   4.9e-10   38.0   0.0    40   263    45   279    29   285 0.74 FUN_005671
FUN_007359-T1        -            651 13625at5125          -            486   3.1e-10   38.7   0.0   1   2   1.2e-11     1e-09   36.9   0.0    24   218    57   266    49   274 0.76 FUN_007359
FUN_007359-T1        -            651 13625at5125          -            486   3.1e-10   38.7   0.0   2   2       6.2   5.5e+02   -1.7   0.0   375   418   353   396   348   401 0.83 FUN_007359
FUN_000825-T1        -            491 13625at5125          -            486   3.5e-10   38.5   0.1   1   4      0.35        31    2.4   0.0    15    40   103   128    92   132 0.85 FUN_000825
FUN_000825-T1        -            491 13625at5125          -            486   3.5e-10   38.5   0.1   2   4   1.8e-07   1.6e-05   23.1   0.0    64   167   183   283   157   289 0.81 FUN_000825
FUN_000825-T1        -            491 13625at5125          -            486   3.5e-10   38.5   0.1   3   4     0.017       1.5    6.7   0.0   196   220   352   376   332   386 0.82 FUN_000825
FUN_000825-T1        -            491 13625at5125          -            486   3.5e-10   38.5   0.1   4   4       1.2   1.1e+02    0.6   0.0   252   272   447   465   438   484 0.76 FUN_000825
FUN_002176-T1        -            966 13625at5125          -            486   4.4e-09   34.9   0.0   1   1   8.3e-11   7.4e-09   34.1   0.0    60   218   103   284    46   296 0.71 FUN_002176
FUN_011298-T1        -            187 13625at5125          -            486   1.3e-08   33.3   0.0   1   1   1.8e-10   1.6e-08   33.0   0.0    17   128    77   185    68   187 0.83 FUN_011298
FUN_002336-T1        -            624 13625at5125          -            486   1.5e-08   33.1   0.0   1   1   2.3e-10   2.1e-08   32.6   0.0    93   211   410   529   322   535 0.75 FUN_002336
FUN_010959-T1        -            567 13625at5125          -            486   1.7e-08   32.9   0.0   1   1   3.2e-10   2.8e-08   32.2   0.0   120   258   190   333   180   348 0.76 FUN_010959
FUN_004186-T1        -            430 13625at5125          -            486   1.7e-08   32.9   0.0   1   2     0.002      0.18    9.8   0.0    17   134    31   158    21   162 0.73 FUN_004186
FUN_004186-T1        -            430 13625at5125          -            486   1.7e-08   32.9   0.0   2   2   9.8e-07   8.8e-05   20.7   0.0   135   219   222   319   195   328 0.73 FUN_004186
FUN_006696-T1        -            416 13625at5125          -            486   4.1e-08   31.7   0.0   1   1   7.5e-10   6.7e-08   31.0   0.0    10   151    57   200    53   210 0.84 FUN_006696
FUN_009231-T1        -            463 13625at5125          -            486   5.8e-08   31.2   0.1   1   2   4.8e-08   4.3e-06   25.0   0.0    11   150    37   173    32   179 0.79 FUN_009231
FUN_009231-T1        -            463 13625at5125          -            486   5.8e-08   31.2   0.1   2   2      0.47        42    2.0   0.0   197   218   278   299   228   307 0.78 FUN_009231
FUN_001585-T1        -            388 13625at5125          -            486   1.1e-07   30.3   0.0   1   1   2.1e-09   1.9e-07   29.5   0.0   111   211   240   342   128   354 0.70 FUN_001585
FUN_000973-T1        -            446 13625at5125          -            486   1.3e-07   30.1   0.0   1   1     2e-09   1.8e-07   29.5   0.0    16   165    11   160     4   187 0.79 FUN_000973
FUN_002120-T1        -            371 13625at5125          -            486     6e-07   27.8   0.0   1   1   1.5e-08   1.4e-06   26.7   0.0    16   166    10   158     3   165 0.73 FUN_002120
FUN_004244-T1        -            731 13625at5125          -            486   2.5e-06   25.8   0.0   1   1   4.2e-08   3.8e-06   25.2   0.0   113   220   286   402   278   556 0.78 FUN_004244
FUN_003047-T1        -           1214 13625at5125          -            486   4.2e-06   25.0   0.0   1   1   8.6e-08   7.6e-06   24.2   0.0    60   166   817   931   782   961 0.79 FUN_003047
FUN_006034-T1        -            720 13625at5125          -            486   2.2e-05   22.7   0.0   1   1   4.3e-07   3.8e-05   21.9   0.0   125   186   349   411   322   422 0.82 FUN_006034
FUN_009741-T1        -            622 13625at5125          -            486   2.3e-05   22.6   0.0   1   1   4.1e-07   3.7e-05   21.9   0.0    31   166   356   493   339   514 0.75 FUN_009741
FUN_003585-T1        -            342 13625at5125          -            486   6.5e-05   21.1   0.0   1   1   8.7e-07   7.7e-05   20.9   0.0    67   162   144   236   133   293 0.85 FUN_003585
FUN_002729-T1        -            125 13625at5125          -            486     7e-05   21.0   0.0   1   1   8.5e-07   7.6e-05   20.9   0.0    92   165     4    76     2   101 0.79 FUN_002729
FUN_000013-T1        -            260 13625at5125          -            486   8.5e-05   20.7   0.0   1   1   1.4e-06   0.00012   20.2   0.0   120   163   173   216   158   219 0.90 FUN_000013
FUN_009561-T1        -            521 13625at5125          -            486   0.00011   20.4   0.0   1   1   1.9e-06   0.00017   19.7   0.0   119   211   329   426   313   433 0.80 FUN_009561
FUN_000974-T1        -            141 13625at5125          -            486   0.00011   20.4   0.0   1   1   1.4e-06   0.00012   20.2   0.0   129   168     8    50     3    95 0.80 FUN_000974
FUN_008809-T1        -            127 13625at5125          -            486   0.00012   20.3   0.0   1   1   1.6e-06   0.00014   20.0   0.0   115   177    26    88    15    98 0.91 FUN_008809
FUN_006671-T1        -            231 13625at5125          -            486   0.00015   20.0   0.0   1   1   1.7e-06   0.00016   19.9   0.0   123   170   105   153    28   170 0.79 FUN_006671
FUN_010403-T1        -            355 13625at5125          -            486   0.00024   19.3   0.0   1   1   8.4e-06   0.00075   17.6   0.0    10   152    54   199    50   210 0.74 FUN_010403
FUN_006678-T1        -            212 13625at5125          -            486   0.00036   18.7   0.0   1   1   5.1e-06   0.00046   18.3   0.0   106   154   145   194   121   203 0.76 FUN_006678
FUN_010467-T1        -            351 13625at5125          -            486     0.001   17.2   0.0   1   1   1.7e-05    0.0015   16.6   0.0   124   211   226   316   205   325 0.87 FUN_010467
FUN_007174-T1        -            406 13625at5125          -            486    0.0011   17.1   0.0   1   1   1.8e-05    0.0016   16.5   0.0    89   151   137   200   120   209 0.91 FUN_007174
FUN_006225-T1        -            157 13625at5125          -            486    0.0011   17.1   0.0   1   1   1.8e-05    0.0016   16.6   0.0   114   165    57   110    53   127 0.84 FUN_006225
FUN_000057-T1        -            345 13625at5125          -            486    0.0021   16.2   0.0   1   1   3.4e-05    0.0031   15.6   0.0   120   170   268   318   257   328 0.89 FUN_000057
FUN_002254-T1        -            267 13625at5125          -            486    0.0033   15.5   0.0   1   1   4.8e-05    0.0043   15.1   0.0   119   154   172   207   156   222 0.81 FUN_002254
FUN_009753-T1        -            189 13625at5125          -            486    0.0047   15.0   0.0   1   1   6.3e-05    0.0057   14.7   0.0    93   165     4    74     1   129 0.81 FUN_009753
FUN_007636-T1        -             92 13625at5125          -            486    0.0088   14.1   0.0   1   1    0.0001    0.0089   14.1   0.0    10    55    26    71    20    91 0.85 FUN_007636
FUN_009482-T1        -            518 13625at5125          -            486     0.016   13.2   0.0   1   2       7.8     7e+02   -2.1   0.0   144   221   142   219   124   223 0.75 FUN_009482
FUN_009482-T1        -            518 13625at5125          -            486     0.016   13.2   0.0   2   2   0.00078      0.07   11.1   0.0   124   211   315   414   305   444 0.64 FUN_009482
FUN_011161-T1        -            456 13625at5125          -            486     0.021   12.8   0.0   1   1   0.00043     0.038   12.0   0.0    12   151    58   209    53   221 0.75 FUN_011161
FUN_007360-T1        -            533 13625at5125          -            486     0.022   12.8   0.0   1   1    0.0015      0.13   10.2   0.0   126   210   323   420   316   438 0.58 FUN_007360
FUN_009739-T1        -            234 13625at5125          -            486     0.024   12.7   0.0   1   1   0.00036     0.033   12.2   0.0   116   162   115   161   106   166 0.92 FUN_009739
FUN_005445-T1        -            495 13625at5125          -            486     0.028   12.5   0.0   1   1   0.00059     0.052   11.5   0.0   125   211   272   370   251   387 0.70 FUN_005445
FUN_011189-T1        -            755 13625at5125          -            486      0.03   12.3   0.0   1   1    0.0005     0.045   11.8   0.0   175   223    10    57     5    93 0.87 FUN_011189
FUN_009937-T1        -            357 13625at5125          -            486     0.031   12.3   0.0   1   1   0.00047     0.042   11.9   0.0   104   170   262   326   219   336 0.76 FUN_009937
FUN_004573-T1        -            185 13625at5125          -            486     0.037   12.1   0.0   1   1   0.00067      0.06   11.4   0.0   125   162     4    41     1    48 0.91 FUN_004573
FUN_009891-T1        -            176 13625at5125          -            486     0.066   11.2   0.0   1   1   0.00099     0.088   10.8   0.0   125   155    53    83    42    92 0.86 FUN_009891
FUN_009346-T1        -            341 13625at5125          -            486      0.13   10.2   0.0   1   1    0.0018      0.16    9.9   0.0   120   170   262   312   201   324 0.89 FUN_009346
#
# Program:         hmmsearch
# Version:         3.1b2 (February 2015)
# Pipeline mode:   SEARCH
# Query file:      /home/zack/funannotate_db/hypocreales_odb10/hmms/13625at5125.hmm
# Target file:     /home/zack/Desktop/IsariaPreferralGenome/MyGenomeSubmittedToNCBI/HypocrealesProteinSets/C_cateniannulata_MBC234.proteins.fa
# Option settings: hmmsearch --domtblout /home/zack/Desktop/IsariaPreferralGenome/MyGenomeSubmittedToNCBI/HypocrealesProteinSets/BUSCO_AA_all/BUSCO_AA_Ccateniannulata_MBC234/run_hypocreales_odb10/hmmer_output/initial_run_results/13625at5125.out --cpu 1 /home/zack/funannotate_db/hypocreales_odb10/hmms/13625at5125.hmm /home/zack/Desktop/IsariaPreferralGenome/MyGenomeSubmittedToNCBI/HypocrealesProteinSets/C_cateniannulata_MBC234.proteins.fa 
# Current dir:     /home/zack/Desktop/IsariaPreferralGenome/MyGenomeSubmittedToNCBI/HypocrealesProteinSets/BUSCO_AA_all
# Date:            Mon Mar  4 14:30:37 2024
# [ok]
