#                                                                            --- full sequence --- -------------- this domain -------------   hmm coord   ali coord   env coord
# target name        accession   tlen query name           accession   qlen   E-value  score  bias   #  of  c-Evalue  i-Evalue  score  bias  from    to  from    to  from    to  acc description of target
#------------------- ---------- ----- -------------------- ---------- ----- --------- ------ ----- --- --- --------- --------- ------ ----- ----- ----- ----- ----- ----- ----- ---- ---------------------
FUN_011087-T1        -            435 17134at5125          -            456  1.7e-158  527.4   9.8   1   3   1.5e-71   1.2e-68  231.3   0.0   126   257     9   143     6   146 0.96 FUN_011087
FUN_011087-T1        -            435 17134at5125          -            456  1.7e-158  527.4   9.8   2   3   6.6e-86     5e-83  278.6   0.5   256   439   172   397   168   403 0.88 FUN_011087
FUN_011087-T1        -            435 17134at5125          -            456  1.7e-158  527.4   9.8   3   3   4.6e-07   0.00035   18.7   1.2   439   456   417   434   408   434 0.93 FUN_011087
FUN_002086-T1        -            419 17134at5125          -            456   1.6e-06   26.4   1.9   1   2         2   1.5e+03   -3.2   0.0   265   292    72   101    63   103 0.81 FUN_002086
FUN_002086-T1        -            419 17134at5125          -            456   1.6e-06   26.4   1.9   2   2   2.1e-09   1.6e-06   26.4   1.9    95   149   335   385   326   394 0.90 FUN_002086
FUN_008393-T1        -            391 17134at5125          -            456   7.4e-05   20.9   0.4   1   1   1.3e-07    0.0001   20.5   0.4    92   156   334   391   321   391 0.89 FUN_008393
FUN_009011-T1        -            436 17134at5125          -            456   0.00016   19.8   0.5   1   1     3e-07   0.00023   19.3   0.5    92   129   359   396   339   405 0.84 FUN_009011
FUN_000142-T1        -            354 17134at5125          -            456   0.00055   18.0   6.9   1   2     0.019        14    3.5   0.2    95   131    41    77    28   100 0.82 FUN_000142
FUN_000142-T1        -            354 17134at5125          -            456   0.00055   18.0   6.9   2   2   1.6e-06    0.0012   16.9   1.9    94   132   250   289   239   308 0.76 FUN_000142
FUN_008179-T1        -           1117 17134at5125          -            456    0.0022   16.0   0.2   1   1     5e-06    0.0038   15.3   0.2    94   152   860   918   837   954 0.77 FUN_008179
FUN_003330-T1        -            563 17134at5125          -            456    0.0048   14.9   1.0   1   1     1e-05    0.0076   14.3   1.0    96   148   174   222   162   239 0.79 FUN_003330
FUN_010681-T1        -            223 17134at5125          -            456    0.0056   14.7   1.5   1   1   1.4e-05     0.011   13.8   1.5    95   121    12    38     6    56 0.91 FUN_010681
FUN_001481-T1        -           1496 17134at5125          -            456    0.0063   14.5   1.1   1   1   1.4e-05     0.011   13.8   1.1    93   155  1119  1174  1114  1190 0.79 FUN_001481
FUN_000572-T1        -            713 17134at5125          -            456    0.0079   14.2   0.2   1   2     1e-05    0.0079   14.2   0.2    88   125   186   226   158   240 0.79 FUN_000572
FUN_000572-T1        -            713 17134at5125          -            456    0.0079   14.2   0.2   2   2       9.8   7.4e+03   -5.5   4.9    91   124   414   445   408   451 0.79 FUN_000572
FUN_011027-T1        -           1034 17134at5125          -            456    0.0098   13.9   0.3   1   1   2.3e-05     0.017   13.1   0.3    94   121   521   548   478   556 0.79 FUN_011027
FUN_003300-T1        -             95 17134at5125          -            456     0.039   11.9   2.6   1   1   5.8e-05     0.044   11.8   2.6    95   143    33    79    24    92 0.83 FUN_003300
FUN_005557-T1        -            598 17134at5125          -            456      0.29    9.1   6.7   1   2   0.00014       0.1   10.6   1.5    96   142   249   288   239   299 0.82 FUN_005557
FUN_005557-T1        -            598 17134at5125          -            456      0.29    9.1   6.7   2   2      0.15   1.1e+02    0.5   0.3   361   412   449   499   439   521 0.68 FUN_005557
FUN_000331-T1        -            407 17134at5125          -            456       1.2    7.1   8.2   1   2   0.00018      0.14   10.2   1.6    89   142    21    67     3    82 0.79 FUN_000331
FUN_000331-T1        -            407 17134at5125          -            456       1.2    7.1   8.2   2   2      0.17   1.3e+02    0.3   0.7   351   392   347   389   318   402 0.62 FUN_000331
FUN_002245-T1        -            341 17134at5125          -            456       1.7    6.5   9.3   1   2   3.8e-05     0.029   12.4   1.4    96   124   260   288   255   301 0.86 FUN_002245
FUN_002245-T1        -            341 17134at5125          -            456       1.7    6.5   9.3   2   2       1.1   7.9e+02   -2.3   1.2   341   365   311   335   299   339 0.68 FUN_002245
#
# Program:         hmmsearch
# Version:         3.1b2 (February 2015)
# Pipeline mode:   SEARCH
# Query file:      /home/zack/funannotate_db/hypocreales_odb10/hmms/17134at5125.hmm
# Target file:     /home/zack/Desktop/IsariaPreferralGenome/MyGenomeSubmittedToNCBI/HypocrealesProteinSets/C_cateniannulata_MBC234.proteins.fa
# Option settings: hmmsearch --domtblout /home/zack/Desktop/IsariaPreferralGenome/MyGenomeSubmittedToNCBI/HypocrealesProteinSets/BUSCO_AA_all/BUSCO_AA_Ccateniannulata_MBC234/run_hypocreales_odb10/hmmer_output/initial_run_results/17134at5125.out --cpu 1 /home/zack/funannotate_db/hypocreales_odb10/hmms/17134at5125.hmm /home/zack/Desktop/IsariaPreferralGenome/MyGenomeSubmittedToNCBI/HypocrealesProteinSets/C_cateniannulata_MBC234.proteins.fa 
# Current dir:     /home/zack/Desktop/IsariaPreferralGenome/MyGenomeSubmittedToNCBI/HypocrealesProteinSets/BUSCO_AA_all
# Date:            Mon Mar  4 14:30:46 2024
# [ok]
