#                                                                            --- full sequence --- -------------- this domain -------------   hmm coord   ali coord   env coord
# target name        accession   tlen query name           accession   qlen   E-value  score  bias   #  of  c-Evalue  i-Evalue  score  bias  from    to  from    to  from    to  acc description of target
#------------------- ---------- ----- -------------------- ---------- ----- --------- ------ ----- --- --- --------- --------- ------ ----- ----- ----- ----- ----- ----- ----- ---- ---------------------
FUN_001521-T1        -            494 18498at5125          -            446  2.2e-179  596.2   0.0   1   2  1.1e-100   3.1e-97  325.5   0.0     1   249     1   317     1   317 0.84 FUN_001521
FUN_001521-T1        -            494 18498at5125          -            446  2.2e-179  596.2   0.0   2   2   7.2e-84     2e-80  270.0   0.4   293   446   317   488   316   488 0.92 FUN_001521
FUN_009122-T1        -            574 18498at5125          -            446     1e-17   63.4   0.0   1   3   8.9e-11   2.5e-07   29.1   0.0     7   114    15   137    12   154 0.80 FUN_009122
FUN_009122-T1        -            574 18498at5125          -            446     1e-17   63.4   0.0   2   3      0.02        57    1.6   0.0   189   212   221   244   197   256 0.82 FUN_009122
FUN_009122-T1        -            574 18498at5125          -            446     1e-17   63.4   0.0   3   3   1.1e-10   3.3e-07   28.8   0.0   320   404   365   446   353   462 0.83 FUN_009122
FUN_009795-T1        -            881 18498at5125          -            446     1e-07   30.5   0.0   1   4   9.4e-07    0.0027   15.9   0.0    72   118   282   332   209   345 0.83 FUN_009795
FUN_009795-T1        -            881 18498at5125          -            446     1e-07   30.5   0.0   2   4   0.00071         2    6.4   0.0   171   218   418   466   406   474 0.82 FUN_009795
FUN_009795-T1        -            881 18498at5125          -            446     1e-07   30.5   0.0   3   4     0.016        44    2.0   0.0   317   347   550   580   538   592 0.80 FUN_009795
FUN_009795-T1        -            881 18498at5125          -            446     1e-07   30.5   0.0   4   4     0.061   1.7e+02    0.0   0.0   371   405   712   746   709   748 0.80 FUN_009795
FUN_009971-T1        -            632 18498at5125          -            446     0.027   12.6   0.2   1   2    0.0066        19    3.2   0.0   170   218   369   418   363   423 0.84 FUN_009971
FUN_009971-T1        -            632 18498at5125          -            446     0.027   12.6   0.2   2   2   0.00042       1.2    7.1   0.0   309   349   497   537   464   554 0.81 FUN_009971
#
# Program:         hmmsearch
# Version:         3.1b2 (February 2015)
# Pipeline mode:   SEARCH
# Query file:      /home/zack/funannotate_db/hypocreales_odb10/hmms/18498at5125.hmm
# Target file:     /home/zack/Desktop/IsariaPreferralGenome/MyGenomeSubmittedToNCBI/HypocrealesProteinSets/C_cateniannulata_MBC234.proteins.fa
# Option settings: hmmsearch --domtblout /home/zack/Desktop/IsariaPreferralGenome/MyGenomeSubmittedToNCBI/HypocrealesProteinSets/BUSCO_AA_all/BUSCO_AA_Ccateniannulata_MBC234/run_hypocreales_odb10/hmmer_output/initial_run_results/18498at5125.out --cpu 1 /home/zack/funannotate_db/hypocreales_odb10/hmms/18498at5125.hmm /home/zack/Desktop/IsariaPreferralGenome/MyGenomeSubmittedToNCBI/HypocrealesProteinSets/C_cateniannulata_MBC234.proteins.fa 
# Current dir:     /home/zack/Desktop/IsariaPreferralGenome/MyGenomeSubmittedToNCBI/HypocrealesProteinSets/BUSCO_AA_all
# Date:            Mon Mar  4 14:30:48 2024
# [ok]
