#                                                                            --- full sequence --- -------------- this domain -------------   hmm coord   ali coord   env coord
# target name        accession   tlen query name           accession   qlen   E-value  score  bias   #  of  c-Evalue  i-Evalue  score  bias  from    to  from    to  from    to  acc description of target
#------------------- ---------- ----- -------------------- ---------- ----- --------- ------ ----- --- --- --------- --------- ------ ----- ----- ----- ----- ----- ----- ----- ---- ---------------------
FUN_004277-T1        -            504 18627at5125          -            415  5.3e-212  703.2   0.0   1   2  2.4e-183  6.1e-181  600.9   0.0     4   326     1   353     1   365 0.92 FUN_004277
FUN_004277-T1        -            504 18627at5125          -            415  5.3e-212  703.2   0.0   2   2   1.9e-31   4.9e-29  100.6   0.0   321   410   377   466   359   474 0.92 FUN_004277
FUN_011335-T1        -            101 18627at5125          -            415   1.5e-23   82.5   0.2   1   1   6.4e-26   1.7e-23   82.4   0.2   152   199    11    58     1    72 0.87 FUN_011335
FUN_001447-T1        -            431 18627at5125          -            415   2.7e-12   45.4   0.1   1   3   0.00036     0.093   10.7   0.1     3    37    10    44     8    71 0.87 FUN_001447
FUN_001447-T1        -            431 18627at5125          -            415   2.7e-12   45.4   0.1   2   3   0.00042      0.11   10.5   0.0   116   177   110   170    92   176 0.81 FUN_001447
FUN_001447-T1        -            431 18627at5125          -            415   2.7e-12   45.4   0.1   3   3   3.2e-07   8.3e-05   20.8   0.0   286   348   300   364   278   407 0.81 FUN_001447
FUN_000134-T1        -            420 18627at5125          -            415   1.2e-11   43.3   0.3   1   3     0.024       6.2    4.7   0.1     4    35    10    41     7    51 0.91 FUN_000134
FUN_000134-T1        -            420 18627at5125          -            415   1.2e-11   43.3   0.3   2   3   0.00028     0.072   11.1   0.0   157   176   153   172   146   178 0.90 FUN_000134
FUN_000134-T1        -            420 18627at5125          -            415   1.2e-11   43.3   0.3   3   3   3.2e-08   8.2e-06   24.1   0.0   285   329   301   345   248   375 0.76 FUN_000134
FUN_005989-T1        -            508 18627at5125          -            415   4.9e-10   38.0   0.4   1   3     0.015         4    5.3   0.1     4    35    21    52    18    89 0.87 FUN_005989
FUN_005989-T1        -            508 18627at5125          -            415   4.9e-10   38.0   0.4   2   3   0.00073      0.19    9.7   0.0   109   181   120   193   110   198 0.68 FUN_005989
FUN_005989-T1        -            508 18627at5125          -            415   4.9e-10   38.0   0.4   3   3   7.1e-07   0.00018   19.6   0.0   286   345   319   379   287   387 0.86 FUN_005989
FUN_004419-T1        -            727 18627at5125          -            415   9.1e-10   37.1   0.1   1   3       5.1   1.3e+03   -2.9   0.0     3    17     7    21     6    40 0.76 FUN_004419
FUN_004419-T1        -            727 18627at5125          -            415   9.1e-10   37.1   0.1   2   3   0.00029     0.075   11.0   0.0   158   180   151   173    92   179 0.79 FUN_004419
FUN_004419-T1        -            727 18627at5125          -            415   9.1e-10   37.1   0.1   3   3   5.4e-08   1.4e-05   23.3   0.0   248   321   264   338   252   403 0.84 FUN_004419
FUN_006329-T1        -            415 18627at5125          -            415   3.4e-09   35.2   0.5   1   3      0.24        63    1.4   0.2     3    31     4    32     2    37 0.91 FUN_006329
FUN_006329-T1        -            415 18627at5125          -            415   3.4e-09   35.2   0.5   2   3    0.0046       1.2    7.1   0.0   159   176   159   176   152   181 0.87 FUN_006329
FUN_006329-T1        -            415 18627at5125          -            415   3.4e-09   35.2   0.5   3   3   6.1e-08   1.6e-05   23.1   0.0   241   319   263   340   243   361 0.77 FUN_006329
FUN_000025-T1        -            430 18627at5125          -            415     1e-08   33.7   0.0   1   2   2.9e-07   7.5e-05   20.9   0.0     3   176     8   177     6   192 0.76 FUN_000025
FUN_000025-T1        -            430 18627at5125          -            415     1e-08   33.7   0.0   2   2   0.00072      0.19    9.7   0.0   279   315   310   345   281   355 0.89 FUN_000025
FUN_003172-T1        -            452 18627at5125          -            415   1.1e-08   33.6   1.2   1   3         2     5e+02   -1.6   0.2     6    33    16    43    13    57 0.70 FUN_003172
FUN_003172-T1        -            452 18627at5125          -            415   1.1e-08   33.6   1.2   2   3   0.00012     0.032   12.3   0.0   127   176   133   179    96   183 0.87 FUN_003172
FUN_003172-T1        -            452 18627at5125          -            415   1.1e-08   33.6   1.2   3   3   9.7e-07   0.00025   19.2   0.0   277   347   297   373   279   416 0.77 FUN_003172
FUN_008972-T1        -            454 18627at5125          -            415   2.2e-08   32.6   2.2   1   3    0.0042       1.1    7.2   0.1     4    32     4    32     2    49 0.88 FUN_008972
FUN_008972-T1        -            454 18627at5125          -            415   2.2e-08   32.6   2.2   2   3      0.32        81    1.0   0.2   158   171   152   165   146   175 0.83 FUN_008972
FUN_008972-T1        -            454 18627at5125          -            415   2.2e-08   32.6   2.2   3   3   1.2e-07     3e-05   22.2   0.0   249   344   262   360   245   383 0.73 FUN_008972
FUN_009301-T1        -            422 18627at5125          -            415   4.6e-08   31.5   0.0   1   2   3.6e-09   9.2e-07   27.2   0.0     3   182    10   181     8   198 0.82 FUN_009301
FUN_009301-T1        -            422 18627at5125          -            415   4.6e-08   31.5   0.0   2   2      0.14        36    2.2   0.0   281   324   293   337   241   358 0.75 FUN_009301
FUN_000537-T1        -            442 18627at5125          -            415   4.7e-08   31.4   0.1   1   3    0.0044       1.1    7.1   0.1     3    44     6    57     4    63 0.65 FUN_000537
FUN_000537-T1        -            442 18627at5125          -            415   4.7e-08   31.4   0.1   2   3   0.00041      0.11   10.5   0.0   153   178   165   190   155   198 0.88 FUN_000537
FUN_000537-T1        -            442 18627at5125          -            415   4.7e-08   31.4   0.1   3   3   0.00058      0.15   10.0   0.0   287   347   331   396   324   429 0.78 FUN_000537
FUN_009823-T1        -            415 18627at5125          -            415   2.6e-07   29.0   0.0   1   3   0.00044      0.11   10.4   0.0     3    63     7    65     5    78 0.79 FUN_009823
FUN_009823-T1        -            415 18627at5125          -            415   2.6e-07   29.0   0.0   2   3       0.1        27    2.6   0.0   159   173   153   167   108   178 0.89 FUN_009823
FUN_009823-T1        -            415 18627at5125          -            415   2.6e-07   29.0   0.0   3   3   0.00012     0.031   12.3   0.0   282   311   310   339   298   380 0.88 FUN_009823
FUN_005483-T1        -            357 18627at5125          -            415   8.2e-07   27.4   0.0   1   2   0.00015     0.038   12.0   0.0   102   181    78   153    29   180 0.76 FUN_005483
FUN_005483-T1        -            357 18627at5125          -            415   8.2e-07   27.4   0.0   2   2   5.2e-05     0.013   13.5   0.0   276   339   256   323   246   332 0.76 FUN_005483
FUN_001955-T1        -            636 18627at5125          -            415   1.2e-06   26.8   0.0   1   3      0.05        13    3.7   0.0     3    29     6    32     4    64 0.82 FUN_001955
FUN_001955-T1        -            636 18627at5125          -            415   1.2e-06   26.8   0.0   2   3      0.86   2.2e+02   -0.4   0.0   154   178   172   196   134   219 0.85 FUN_001955
FUN_001955-T1        -            636 18627at5125          -            415   1.2e-06   26.8   0.0   3   3     1e-06   0.00026   19.1   0.0   271   314   325   377   311   383 0.80 FUN_001955
FUN_001025-T1        -            487 18627at5125          -            415   2.5e-06   25.8   0.0   1   2     0.017       4.5    5.2   0.0   159   178   166   185   112   211 0.77 FUN_001025
FUN_001025-T1        -            487 18627at5125          -            415   2.5e-06   25.8   0.0   2   2   1.7e-06   0.00043   18.4   0.0   282   369   311   397   262   415 0.87 FUN_001025
FUN_001892-T1        -            534 18627at5125          -            415   4.2e-06   25.0   0.1   1   2      0.13        33    2.3   0.0   160   174   257   271   201   287 0.91 FUN_001892
FUN_001892-T1        -            534 18627at5125          -            415   4.2e-06   25.0   0.1   2   2     4e-07    0.0001   20.4   0.0   281   327   416   463   394   490 0.72 FUN_001892
FUN_008627-T1        -            674 18627at5125          -            415   7.8e-06   24.1   1.6   1   2    0.0037      0.94    7.4   0.2     4    43     3    42     1    47 0.88 FUN_008627
FUN_008627-T1        -            674 18627at5125          -            415   7.8e-06   24.1   1.6   2   2   4.9e-05     0.013   13.6   0.1   159   325   148   334   120   351 0.65 FUN_008627
FUN_006529-T1        -            504 18627at5125          -            415   1.3e-05   23.4   0.4   1   2   1.6e-07   4.1e-05   21.8   0.2     3   183     2   186     1   202 0.66 FUN_006529
FUN_006529-T1        -            504 18627at5125          -            415   1.3e-05   23.4   0.4   2   2       2.6   6.6e+02   -2.0   0.0   280   332   297   351   252   379 0.74 FUN_006529
FUN_005495-T1        -            339 18627at5125          -            415   4.5e-05   21.6   0.0   1   2     0.047        12    3.8   0.0   157   184   102   129    92   137 0.83 FUN_005495
FUN_005495-T1        -            339 18627at5125          -            415   4.5e-05   21.6   0.0   2   2   1.1e-05    0.0028   15.7   0.0   276   338   232   299   211   309 0.77 FUN_005495
FUN_000578-T1        -            455 18627at5125          -            415   0.00011   20.4   0.0   1   2     0.032       8.3    4.3   0.0   144   177   146   176    99   183 0.63 FUN_000578
FUN_000578-T1        -            455 18627at5125          -            415   0.00011   20.4   0.0   2   2   4.1e-05     0.011   13.8   0.0   277   320   324   367   297   392 0.81 FUN_000578
FUN_003680-T1        -            518 18627at5125          -            415   0.00011   20.3   0.4   1   3      0.35        91    0.9   0.1     4    44     6    46     3    73 0.79 FUN_003680
FUN_003680-T1        -            518 18627at5125          -            415   0.00011   20.3   0.4   2   3     0.029       7.4    4.5   0.0   159   186   158   186   140   193 0.69 FUN_003680
FUN_003680-T1        -            518 18627at5125          -            415   0.00011   20.3   0.4   3   3   0.00023      0.06   11.3   0.0   284   312   286   314   259   347 0.82 FUN_003680
FUN_008750-T1        -            506 18627at5125          -            415   0.00021   19.4   0.0   1   2      0.49   1.3e+02    0.4   0.0   156   180    33    57    23    81 0.80 FUN_008750
FUN_008750-T1        -            506 18627at5125          -            415   0.00021   19.4   0.0   2   2   6.3e-06    0.0016   16.5   0.0   275   314   189   237   178   279 0.78 FUN_008750
FUN_000789-T1        -            679 18627at5125          -            415   0.00024   19.2   0.1   1   3      0.11        28    2.5   0.0     4    31    11    38     9    45 0.85 FUN_000789
FUN_000789-T1        -            679 18627at5125          -            415   0.00024   19.2   0.1   2   3     0.029       7.5    4.4   0.0   156   176   214   234   201   256 0.78 FUN_000789
FUN_000789-T1        -            679 18627at5125          -            415   0.00024   19.2   0.1   3   3    0.0021      0.53    8.2   0.0   285   312   353   380   341   416 0.77 FUN_000789
FUN_006915-T1        -            433 18627at5125          -            415   0.00054   18.1   0.1   1   2     0.067        17    3.2   0.0     4    36     7    39     4    51 0.85 FUN_006915
FUN_006915-T1        -            433 18627at5125          -            415   0.00054   18.1   0.1   2   2   9.3e-05     0.024   12.7   0.0   287   343   312   371   301   408 0.82 FUN_006915
FUN_004791-T1        -            663 18627at5125          -            415   0.00064   17.8   0.0   1   2    0.0017      0.43    8.5   0.0     3    38    12    47    10    79 0.86 FUN_004791
FUN_004791-T1        -            663 18627at5125          -            415   0.00064   17.8   0.0   2   2     0.005       1.3    6.9   0.0   280   315   302   337   293   379 0.79 FUN_004791
FUN_007845-T1        -            424 18627at5125          -            415   0.00073   17.6   0.4   1   3      0.28        72    1.2   0.3     6    31    16    41    12    56 0.77 FUN_007845
FUN_007845-T1        -            424 18627at5125          -            415   0.00073   17.6   0.4   2   3       2.1   5.4e+02   -1.7   0.0   134   176   140   179   136   180 0.75 FUN_007845
FUN_007845-T1        -            424 18627at5125          -            415   0.00073   17.6   0.4   3   3   5.6e-05     0.014   13.4   0.0   277   345   294   368   238   395 0.78 FUN_007845
FUN_002146-T1        -            390 18627at5125          -            415   0.00095   17.3   0.0   1   3     0.014       3.5    5.5   0.0     4    26     7    29     4    47 0.81 FUN_002146
FUN_002146-T1        -            390 18627at5125          -            415   0.00095   17.3   0.0   2   3    0.0053       1.4    6.9   0.0   122   177   111   168    92   175 0.78 FUN_002146
FUN_002146-T1        -            390 18627at5125          -            415   0.00095   17.3   0.0   3   3      0.32        82    1.0   0.0   291   356   283   348   266   372 0.76 FUN_002146
FUN_010169-T1        -            426 18627at5125          -            415    0.0016   16.5   1.0   1   3       9.7   2.5e+03   -3.9   0.1     4    17    34    47    33    53 0.86 FUN_010169
FUN_010169-T1        -            426 18627at5125          -            415    0.0016   16.5   1.0   2   3      0.03       7.8    4.4   0.0   155   179   178   202   163   209 0.82 FUN_010169
FUN_010169-T1        -            426 18627at5125          -            415    0.0016   16.5   1.0   3   3   0.00048      0.12   10.3   0.0   282   318   327   363   315   384 0.79 FUN_010169
FUN_010848-T1        -            572 18627at5125          -            415    0.0025   15.9   0.0   1   2     0.044        11    3.9   0.0   160   176   110   126   102   137 0.85 FUN_010848
FUN_010848-T1        -            572 18627at5125          -            415    0.0025   15.9   0.0   2   2   0.00071      0.18    9.8   0.0   284   331   246   293   233   322 0.76 FUN_010848
FUN_010650-T1        -            561 18627at5125          -            415    0.0028   15.7   0.0   1   1   1.6e-05    0.0041   15.2   0.0   287   355   177   249   168   278 0.81 FUN_010650
FUN_002518-T1        -            418 18627at5125          -            415    0.0034   15.4   0.0   1   2      0.09        23    2.8   0.0   159   176   154   171   108   176 0.87 FUN_002518
FUN_002518-T1        -            418 18627at5125          -            415    0.0034   15.4   0.0   2   2   0.00048      0.12   10.3   0.0   284   318   308   342   259   353 0.71 FUN_002518
FUN_003611-T1        -            420 18627at5125          -            415    0.0034   15.4   0.0   1   1   3.7e-05    0.0096   14.0   0.0     3   179     2   171     1   175 0.71 FUN_003611
FUN_002919-T1        -            421 18627at5125          -            415    0.0048   14.9   0.0   1   2    0.0078         2    6.3   0.0   160   177   162   179   112   186 0.88 FUN_002919
FUN_002919-T1        -            421 18627at5125          -            415    0.0048   14.9   0.0   2   2    0.0064       1.7    6.6   0.0   287   316   338   367   313   398 0.82 FUN_002919
FUN_007842-T1        -            400 18627at5125          -            415    0.0054   14.8   0.0   1   2      0.59   1.5e+02    0.1   0.0     4    31     5    32     2    44 0.82 FUN_007842
FUN_007842-T1        -            400 18627at5125          -            415    0.0054   14.8   0.0   2   2   0.00014     0.036   12.1   0.0   274   321   296   344   249   363 0.73 FUN_007842
FUN_003599-T1        -            443 18627at5125          -            415    0.0057   14.7   1.3   1   3      0.87   2.2e+02   -0.4   0.1     3    38    10    45     8    55 0.76 FUN_003599
FUN_003599-T1        -            443 18627at5125          -            415    0.0057   14.7   1.3   2   3      0.36        92    0.9   0.0   155   177   161   183    96   198 0.71 FUN_003599
FUN_003599-T1        -            443 18627at5125          -            415    0.0057   14.7   1.3   3   3   0.00031     0.081   10.9   0.1   285   326   310   350   294   365 0.81 FUN_003599
FUN_011445-T1        -             85 18627at5125          -            415     0.011   13.8   0.0   1   1   4.8e-05     0.012   13.6   0.0   357   409     3    57     1    64 0.89 FUN_011445
FUN_007353-T1        -            595 18627at5125          -            415     0.015   13.3   0.1   1   3      0.09        23    2.8   0.0     4    22    12    30     9    48 0.76 FUN_007353
FUN_007353-T1        -            595 18627at5125          -            415     0.015   13.3   0.1   2   3      0.12        30    2.5   0.0   153   175   167   189   142   194 0.76 FUN_007353
FUN_007353-T1        -            595 18627at5125          -            415     0.015   13.3   0.1   3   3     0.034       8.8    4.2   0.0   282   314   300   333   285   379 0.74 FUN_007353
FUN_008859-T1        -            325 18627at5125          -            415     0.019   13.0   0.0   1   2       1.3   3.4e+02   -1.0   0.0   133   175    23    66     4    71 0.68 FUN_008859
FUN_008859-T1        -            325 18627at5125          -            415     0.019   13.0   0.0   2   2   0.00028     0.073   11.1   0.0   287   336   197   250   166   259 0.84 FUN_008859
FUN_001053-T1        -            446 18627at5125          -            415     0.023   12.7   0.0   1   1   0.00011     0.029   12.4   0.0   122   295   125   312     9   361 0.70 FUN_001053
FUN_005444-T1        -            531 18627at5125          -            415      0.05   11.6   0.7   1   3      0.18        47    1.8   0.0     4    37    10    43     8    58 0.81 FUN_005444
FUN_005444-T1        -            531 18627at5125          -            415      0.05   11.6   0.7   2   3       2.6   6.7e+02   -2.0   0.1   161   174   181   194   145   201 0.79 FUN_005444
FUN_005444-T1        -            531 18627at5125          -            415      0.05   11.6   0.7   3   3    0.0043       1.1    7.2   0.0   286   333   302   349   278   370 0.82 FUN_005444
FUN_000897-T1        -            506 18627at5125          -            415      0.06   11.4   0.0   1   2    0.0047       1.2    7.0   0.0     2    45    42    85    41    94 0.86 FUN_000897
FUN_000897-T1        -            506 18627at5125          -            415      0.06   11.4   0.0   2   2      0.14        37    2.1   0.0     2    59   213   270   212   276 0.90 FUN_000897
FUN_005202-T1        -            463 18627at5125          -            415      0.11   10.5   0.0   1   3     0.051        13    3.6   0.0     4    38    45    79    43    93 0.85 FUN_005202
FUN_005202-T1        -            463 18627at5125          -            415      0.11   10.5   0.0   2   3       4.4   1.1e+03   -2.7   0.0   159   177   196   214   190   222 0.80 FUN_005202
FUN_005202-T1        -            463 18627at5125          -            415      0.11   10.5   0.0   3   3     0.044        11    3.8   0.0   285   312   359   386   350   393 0.88 FUN_005202
FUN_004076-T1        -            512 18627at5125          -            415      0.31    9.0   1.4   1   3       0.8   2.1e+02   -0.3   0.0     4    35    15    46    13    59 0.90 FUN_004076
FUN_004076-T1        -            512 18627at5125          -            415      0.31    9.0   1.4   2   3      0.25        65    1.3   0.1   160   175   159   174   148   182 0.77 FUN_004076
FUN_004076-T1        -            512 18627at5125          -            415      0.31    9.0   1.4   3   3     0.034       8.9    4.2   0.0   289   336   287   334   278   368 0.65 FUN_004076
#
# Program:         hmmsearch
# Version:         3.1b2 (February 2015)
# Pipeline mode:   SEARCH
# Query file:      /home/zack/funannotate_db/hypocreales_odb10/hmms/18627at5125.hmm
# Target file:     /home/zack/Desktop/IsariaPreferralGenome/MyGenomeSubmittedToNCBI/HypocrealesProteinSets/C_cateniannulata_MBC234.proteins.fa
# Option settings: hmmsearch --domtblout /home/zack/Desktop/IsariaPreferralGenome/MyGenomeSubmittedToNCBI/HypocrealesProteinSets/BUSCO_AA_all/BUSCO_AA_Ccateniannulata_MBC234/run_hypocreales_odb10/hmmer_output/initial_run_results/18627at5125.out --cpu 1 /home/zack/funannotate_db/hypocreales_odb10/hmms/18627at5125.hmm /home/zack/Desktop/IsariaPreferralGenome/MyGenomeSubmittedToNCBI/HypocrealesProteinSets/C_cateniannulata_MBC234.proteins.fa 
# Current dir:     /home/zack/Desktop/IsariaPreferralGenome/MyGenomeSubmittedToNCBI/HypocrealesProteinSets/BUSCO_AA_all
# Date:            Mon Mar  4 14:30:52 2024
# [ok]
