#                                                                            --- full sequence --- -------------- this domain -------------   hmm coord   ali coord   env coord
# target name        accession   tlen query name           accession   qlen   E-value  score  bias   #  of  c-Evalue  i-Evalue  score  bias  from    to  from    to  from    to  acc description of target
#------------------- ---------- ----- -------------------- ---------- ----- --------- ------ ----- --- --- --------- --------- ------ ----- ----- ----- ----- ----- ----- ----- ---- ---------------------
FUN_005937-T1        -            468 18697at5125          -            411    1e-262  870.1   3.6   1   1    7e-265  1.3e-261  866.5   3.6     1   411     4   461     4   461 0.94 FUN_005937
FUN_003316-T1        -            424 18697at5125          -            411   1.8e-11   42.5   0.0   1   1   1.7e-14   3.2e-11   41.7   0.0    90   287    64   267    55   279 0.78 FUN_003316
FUN_004271-T1        -            409 18697at5125          -            411   2.1e-08   32.4   0.0   1   1   3.5e-10   6.6e-07   27.5   0.0    91   287    55   263    30   285 0.71 FUN_004271
FUN_006574-T1        -            410 18697at5125          -            411   0.00057   17.8   0.0   1   2     7e-07    0.0013   16.6   0.0   180   279   160   266   123   279 0.73 FUN_006574
FUN_006574-T1        -            410 18697at5125          -            411   0.00057   17.8   0.0   2   2      0.53     1e+03   -2.7   0.0   328   352   337   362   299   380 0.71 FUN_006574
FUN_008925-T1        -            479 18697at5125          -            411     0.005   14.7   0.0   1   1   3.8e-06    0.0071   14.2   0.0    93   239   110   264    92   283 0.75 FUN_008925
FUN_000184-T1        -            667 18697at5125          -            411     0.029   12.2   0.0   1   1   2.4e-05     0.045   11.6   0.0   196   285   175   267   139   293 0.76 FUN_000184
#
# Program:         hmmsearch
# Version:         3.1b2 (February 2015)
# Pipeline mode:   SEARCH
# Query file:      /home/zack/funannotate_db/hypocreales_odb10/hmms/18697at5125.hmm
# Target file:     /home/zack/Desktop/IsariaPreferralGenome/MyGenomeSubmittedToNCBI/HypocrealesProteinSets/C_cateniannulata_MBC234.proteins.fa
# Option settings: hmmsearch --domtblout /home/zack/Desktop/IsariaPreferralGenome/MyGenomeSubmittedToNCBI/HypocrealesProteinSets/BUSCO_AA_all/BUSCO_AA_Ccateniannulata_MBC234/run_hypocreales_odb10/hmmer_output/initial_run_results/18697at5125.out --cpu 1 /home/zack/funannotate_db/hypocreales_odb10/hmms/18697at5125.hmm /home/zack/Desktop/IsariaPreferralGenome/MyGenomeSubmittedToNCBI/HypocrealesProteinSets/C_cateniannulata_MBC234.proteins.fa 
# Current dir:     /home/zack/Desktop/IsariaPreferralGenome/MyGenomeSubmittedToNCBI/HypocrealesProteinSets/BUSCO_AA_all
# Date:            Mon Mar  4 14:30:57 2024
# [ok]
