#                                                                            --- full sequence --- -------------- this domain -------------   hmm coord   ali coord   env coord
# target name        accession   tlen query name           accession   qlen   E-value  score  bias   #  of  c-Evalue  i-Evalue  score  bias  from    to  from    to  from    to  acc description of target
#------------------- ---------- ----- -------------------- ---------- ----- --------- ------ ----- --- --- --------- --------- ------ ----- ----- ----- ----- ----- ----- ----- ---- ---------------------
FUN_007875-T1        -           1554 1954at5125           -           1156         0 1892.9  64.5   1   5   5.8e-09   1.9e-06   24.8  20.1     1   110     4   161     4   162 0.63 FUN_007875
FUN_007875-T1        -           1554 1954at5125           -           1156         0 1892.9  64.5   2   5   3.7e-16   1.2e-13   48.7  15.6    60   181   135   280   111   282 0.67 FUN_007875
FUN_007875-T1        -           1554 1954at5125           -           1156         0 1892.9  64.5   3   5         0         0 1734.5  15.0   133  1047   270  1313   238  1340 0.88 FUN_007875
FUN_007875-T1        -           1554 1954at5125           -           1156         0 1892.9  64.5   4   5   9.3e-14     3e-11   40.7   3.2  1054  1099  1359  1407  1322  1412 0.86 FUN_007875
FUN_007875-T1        -           1554 1954at5125           -           1156         0 1892.9  64.5   5   5   1.4e-12   4.4e-10   36.8   0.0  1107  1152  1487  1533  1465  1537 0.89 FUN_007875
FUN_000296-T1        -            818 1954at5125           -           1156  1.2e-128  429.5   0.1   1   2   8.2e-74   2.7e-71  239.6   0.0   339   567   216   443   206   481 0.94 FUN_000296
FUN_000296-T1        -            818 1954at5125           -           1156  1.2e-128  429.5   0.1   2   2   3.5e-58   1.1e-55  187.8   0.0   339   566   490   719   474   731 0.90 FUN_000296
FUN_008848-T1        -            440 1954at5125           -           1156   1.9e-54  183.8   0.2   1   2      0.48   1.6e+02   -1.4   0.1   596   647    24    78    14   105 0.71 FUN_008848
FUN_008848-T1        -            440 1954at5125           -           1156   1.9e-54  183.8   0.2   2   2   1.6e-56   5.3e-54  182.3   0.0   339   565   178   406   166   433 0.89 FUN_008848
FUN_009095-T1        -            758 1954at5125           -           1156     9e-54  181.5   0.1   1   2   1.5e-12   4.9e-10   36.7   0.0   379   588   227   438   183   446 0.83 FUN_009095
FUN_009095-T1        -            758 1954at5125           -           1156     9e-54  181.5   0.1   2   2   1.5e-44     5e-42  142.6   0.0   339   528   471   658   461   712 0.91 FUN_009095
FUN_002187-T1        -           1371 1954at5125           -           1156   6.2e-53  178.7   0.1   1   1   3.9e-55   1.3e-52  177.7   0.1   324   575   979  1235   957  1249 0.86 FUN_002187
FUN_003891-T1        -            391 1954at5125           -           1156   2.2e-52  176.9   0.0   1   1   9.4e-55   3.1e-52  176.5   0.0   339   565   131   359   113   374 0.90 FUN_003891
FUN_003217-T1        -            389 1954at5125           -           1156   6.4e-51  172.1   0.0   1   1   2.5e-53   7.9e-51  171.8   0.0   342   584   131   373   107   388 0.84 FUN_003217
FUN_000712-T1        -            457 1954at5125           -           1156   7.4e-50  168.6   0.1   1   1   3.3e-52   1.1e-49  168.0   0.1   330   564   183   425   165   441 0.86 FUN_000712
FUN_001795-T1        -            760 1954at5125           -           1156   2.8e-49  166.7   0.1   1   2     3e-06   0.00098   15.8   0.1   429   560   289   430   242   443 0.69 FUN_001795
FUN_001795-T1        -            760 1954at5125           -           1156   2.8e-49  166.7   0.1   2   2   3.6e-46   1.2e-43  148.0   0.0   340   564   487   713   475   719 0.91 FUN_001795
FUN_011398-T1        -            179 1954at5125           -           1156   3.7e-42  143.1   0.1   1   1   1.2e-44     4e-42  143.0   0.1   339   510     9   178     1   179 0.90 FUN_011398
FUN_002676-T1        -            458 1954at5125           -           1156     3e-41  140.1   0.0   1   1   9.3e-44     3e-41  140.1   0.0   341   565   203   429   188   442 0.90 FUN_002676
FUN_009374-T1        -           1222 1954at5125           -           1156   3.1e-41  140.0   4.5   1   2     0.022       7.1    3.0   0.0   373   527   533   697   523   711 0.70 FUN_009374
FUN_009374-T1        -           1222 1954at5125           -           1156   3.1e-41  140.0   4.5   2   2   2.5e-43   8.1e-41  138.6   0.0   340   564   831  1059   797  1067 0.90 FUN_009374
FUN_008066-T1        -            889 1954at5125           -           1156   2.4e-40  137.0   0.2   1   1   1.1e-42   3.5e-40  136.5   0.2   313   563   371   621   356   630 0.87 FUN_008066
FUN_000373-T1        -           1006 1954at5125           -           1156   2.5e-40  137.0   0.1   1   1   1.1e-42   3.6e-40  136.5   0.1   300   563    87   347    78   365 0.88 FUN_000373
FUN_008807-T1        -            738 1954at5125           -           1156   8.9e-40  135.2   0.1   1   1   3.9e-42   1.2e-39  134.7   0.1   337   564   255   480   238   512 0.89 FUN_008807
FUN_000478-T1        -            416 1954at5125           -           1156   5.9e-39  132.5   0.0   1   1   2.6e-41   8.3e-39  132.0   0.0   337   563   105   337    97   346 0.87 FUN_000478
FUN_002030-T1        -            827 1954at5125           -           1156   5.2e-37  126.0   0.0   1   2   8.5e-37   2.7e-34  117.0   0.0   364   601   320   570   289   603 0.83 FUN_002030
FUN_002030-T1        -            827 1954at5125           -           1156   5.2e-37  126.0   0.0   2   2    0.0012      0.39    7.2   0.0   378   399   616   637   580   689 0.81 FUN_002030
FUN_000889-T1        -            821 1954at5125           -           1156   2.3e-31  107.3   0.1   1   1     7e-34   2.3e-31  107.3   0.1   339   561   529   765   500   772 0.80 FUN_000889
FUN_010842-T1        -           1002 1954at5125           -           1156   2.1e-30  104.2   0.0   1   2      0.77   2.5e+02   -2.1   0.0   658   706   222   276   188   284 0.74 FUN_010842
FUN_010842-T1        -           1002 1954at5125           -           1156   2.1e-30  104.2   0.0   2   2   1.8e-32   5.8e-30  102.7   0.0   351   566   703   917   689   961 0.83 FUN_010842
FUN_004711-T1        -            537 1954at5125           -           1156   5.3e-23   79.6   0.1   1   3       6.4   2.1e+03   -5.1   6.5   160   200   113   155    69   181 0.66 FUN_004711
FUN_004711-T1        -            537 1954at5125           -           1156   5.3e-23   79.6   0.1   2   3   1.6e-25   5.3e-23   79.6   0.1   377   519   228   365   197   386 0.85 FUN_004711
FUN_004711-T1        -            537 1954at5125           -           1156   5.3e-23   79.6   0.1   3   3       7.7   2.5e+03   -5.4   4.9    76   161   374   468   365   501 0.38 FUN_004711
FUN_003708-T1        -            445 1954at5125           -           1156   4.3e-10   36.9   0.1   1   1   3.5e-12   1.1e-09   35.5   0.1   377   528   229   373   219   393 0.82 FUN_003708
FUN_006549-T1        -            497 1954at5125           -           1156   1.3e-09   35.3   0.1   1   1   1.2e-11     4e-09   33.6   0.1   374   525   224   380   217   392 0.77 FUN_006549
FUN_001736-T1        -            674 1954at5125           -           1156   6.6e-09   33.0   0.0   1   1     2e-11   6.6e-09   33.0   0.0   377   531   308   467   299   498 0.73 FUN_001736
FUN_010941-T1        -            475 1954at5125           -           1156     7e-09   32.9   0.1   1   1   5.2e-11   1.7e-08   31.6   0.1   377   516   220   350   203   356 0.76 FUN_010941
FUN_010824-T1        -            468 1954at5125           -           1156   1.7e-08   31.6   0.1   1   1   1.4e-10   4.5e-08   30.2   0.1   371   511   130   260   125   272 0.80 FUN_010824
FUN_009955-T1        -            923 1954at5125           -           1156   3.6e-07   27.2   0.0   1   2    0.0014      0.47    6.9   0.0   383   494   223   336   215   369 0.73 FUN_009955
FUN_009955-T1        -            923 1954at5125           -           1156   3.6e-07   27.2   0.0   2   2   7.4e-07   0.00024   17.8   0.0   377   454   628   713   624   745 0.74 FUN_009955
FUN_010223-T1        -            645 1954at5125           -           1156   3.5e-06   23.9   0.2   1   3       4.4   1.4e+03   -4.6   0.5   151   184   135   165   115   179 0.50 FUN_010223
FUN_010223-T1        -            645 1954at5125           -           1156   3.5e-06   23.9   0.2   2   3   3.8e-06    0.0012   15.5   0.1   377   404   330   357   315   365 0.83 FUN_010223
FUN_010223-T1        -            645 1954at5125           -           1156   3.5e-06   23.9   0.2   3   3   5.1e-06    0.0016   15.1   0.0   469   513   488   532   476   539 0.87 FUN_010223
FUN_010724-T1        -            698 1954at5125           -           1156   4.2e-06   23.6   0.1   1   2    0.0043       1.4    5.4   0.0   377   398   288   309   272   313 0.88 FUN_010724
FUN_010724-T1        -            698 1954at5125           -           1156   4.2e-06   23.6   0.1   2   2   2.4e-06   0.00078   16.1   0.0   469   525   394   450   385   485 0.87 FUN_010724
FUN_002656-T1        -            466 1954at5125           -           1156   6.7e-05   19.7   0.1   1   1   4.7e-07   0.00015   18.5   0.1   377   509   241   364   234   369 0.84 FUN_002656
FUN_001185-T1        -            458 1954at5125           -           1156   0.00091   15.9   0.0   1   1   3.9e-06    0.0013   15.5   0.0   370   426    57   110     7   144 0.77 FUN_001185
FUN_004564-T1        -            491 1954at5125           -           1156    0.0021   14.7   0.0   1   1   9.2e-06     0.003   14.2   0.0   919   955   421   457   412   481 0.89 FUN_004564
FUN_001616-T1        -            811 1954at5125           -           1156     0.036   10.6   0.0   1   1   0.00011     0.036   10.6   0.0   380   502   575   685   567   706 0.67 FUN_001616
FUN_008573-T1        -            607 1954at5125           -           1156       0.1    9.1   1.6   1   1   0.00042      0.14    8.7   1.6   109   144   258   293   239   334 0.77 FUN_008573
FUN_007088-T1        -            461 1954at5125           -           1156      0.16    8.5   5.0   1   2      0.15        48    0.3   1.2    89   143    98   151    55   178 0.63 FUN_007088
FUN_007088-T1        -            461 1954at5125           -           1156      0.16    8.5   5.0   2   2   0.00021     0.067    9.7   0.1  1015  1086   211   282   200   297 0.91 FUN_007088
FUN_006394-T1        -            567 1954at5125           -           1156       1.8    5.0  14.4   1   1    0.0073       2.4    4.6  14.4   110   216   457   565   437   567 0.78 FUN_006394
#
# Program:         hmmsearch
# Version:         3.1b2 (February 2015)
# Pipeline mode:   SEARCH
# Query file:      /home/zack/funannotate_db/hypocreales_odb10/hmms/1954at5125.hmm
# Target file:     /home/zack/Desktop/IsariaPreferralGenome/MyGenomeSubmittedToNCBI/HypocrealesProteinSets/C_cateniannulata_MBC234.proteins.fa
# Option settings: hmmsearch --domtblout /home/zack/Desktop/IsariaPreferralGenome/MyGenomeSubmittedToNCBI/HypocrealesProteinSets/BUSCO_AA_all/BUSCO_AA_Ccateniannulata_MBC234/run_hypocreales_odb10/hmmer_output/initial_run_results/1954at5125.out --cpu 1 /home/zack/funannotate_db/hypocreales_odb10/hmms/1954at5125.hmm /home/zack/Desktop/IsariaPreferralGenome/MyGenomeSubmittedToNCBI/HypocrealesProteinSets/C_cateniannulata_MBC234.proteins.fa 
# Current dir:     /home/zack/Desktop/IsariaPreferralGenome/MyGenomeSubmittedToNCBI/HypocrealesProteinSets/BUSCO_AA_all
# Date:            Mon Mar  4 14:30:35 2024
# [ok]
