#                                                                            --- full sequence --- -------------- this domain -------------   hmm coord   ali coord   env coord
# target name        accession   tlen query name           accession   qlen   E-value  score  bias   #  of  c-Evalue  i-Evalue  score  bias  from    to  from    to  from    to  acc description of target
#------------------- ---------- ----- -------------------- ---------- ----- --------- ------ ----- --- --- --------- --------- ------ ----- ----- ----- ----- ----- ----- ----- ---- ---------------------
FUN_001147-T1        -            463 21193at5125          -            455  1.9e-159  531.1  13.4   1   2  6.9e-144  1.6e-140  468.7   1.6    96   387     1   328     1   345 0.89 FUN_001147
FUN_001147-T1        -            463 21193at5125          -            455  1.9e-159  531.1  13.4   2   2   6.7e-22   1.5e-18   66.6   4.5   384   455   370   457   361   457 0.77 FUN_001147
FUN_004044-T1        -            575 21193at5125          -            455   0.00034   19.3   0.8   1   3   0.00013      0.29    9.7   0.0   203   285   256   342   229   346 0.69 FUN_004044
FUN_004044-T1        -            575 21193at5125          -            455   0.00034   19.3   0.8   2   3    0.0027         6    5.3   0.1   225   284   360   419   358   423 0.92 FUN_004044
FUN_004044-T1        -            575 21193at5125          -            455   0.00034   19.3   0.8   3   3     0.064   1.4e+02    0.8   0.0   225   283   482   542   472   548 0.78 FUN_004044
FUN_007793-T1        -            470 21193at5125          -            455    0.0035   16.0   0.8   1   2   1.8e-05     0.041   12.5   0.0   238   285   135   182    95   193 0.84 FUN_007793
FUN_007793-T1        -            470 21193at5125          -            455    0.0035   16.0   0.8   2   2     0.033        75    1.7   0.2   135   206   278   350   267   359 0.73 FUN_007793
FUN_005347-T1        -            612 21193at5125          -            455    0.0085   14.7   0.7   1   1   5.6e-06     0.013   14.2   0.7   155   267   313   430   186   461 0.66 FUN_005347
FUN_007755-T1        -            845 21193at5125          -            455      0.23   10.0   5.5   1   3     0.028        64    1.9   0.1   225   285   191   250   166   258 0.86 FUN_007755
FUN_007755-T1        -            845 21193at5125          -            455      0.23   10.0   5.5   2   3    0.0018         4    5.9   0.1   196   260   343   409   329   433 0.78 FUN_007755
FUN_007755-T1        -            845 21193at5125          -            455      0.23   10.0   5.5   3   3     0.039        88    1.5   0.1   251   284   471   504   463   511 0.91 FUN_007755
#
# Program:         hmmsearch
# Version:         3.1b2 (February 2015)
# Pipeline mode:   SEARCH
# Query file:      /home/zack/funannotate_db/hypocreales_odb10/hmms/21193at5125.hmm
# Target file:     /home/zack/Desktop/IsariaPreferralGenome/MyGenomeSubmittedToNCBI/HypocrealesProteinSets/C_cateniannulata_MBC234.proteins.fa
# Option settings: hmmsearch --domtblout /home/zack/Desktop/IsariaPreferralGenome/MyGenomeSubmittedToNCBI/HypocrealesProteinSets/BUSCO_AA_all/BUSCO_AA_Ccateniannulata_MBC234/run_hypocreales_odb10/hmmer_output/initial_run_results/21193at5125.out --cpu 1 /home/zack/funannotate_db/hypocreales_odb10/hmms/21193at5125.hmm /home/zack/Desktop/IsariaPreferralGenome/MyGenomeSubmittedToNCBI/HypocrealesProteinSets/C_cateniannulata_MBC234.proteins.fa 
# Current dir:     /home/zack/Desktop/IsariaPreferralGenome/MyGenomeSubmittedToNCBI/HypocrealesProteinSets/BUSCO_AA_all
# Date:            Mon Mar  4 14:30:21 2024
# [ok]
