#                                                                            --- full sequence --- -------------- this domain -------------   hmm coord   ali coord   env coord
# target name        accession   tlen query name           accession   qlen   E-value  score  bias   #  of  c-Evalue  i-Evalue  score  bias  from    to  from    to  from    to  acc description of target
#------------------- ---------- ----- -------------------- ---------- ----- --------- ------ ----- --- --- --------- --------- ------ ----- ----- ----- ----- ----- ----- ----- ---- ---------------------
FUN_011398-T1        -            179 24870at5125          -            357  3.4e-125  417.0   0.6   1   1  1.2e-127  3.8e-125  416.8   0.6    94   272     1   179     1   179 1.00 FUN_011398
FUN_000296-T1        -            818 24870at5125          -            357  1.4e-115  385.3   0.2   1   2   3.7e-59   1.2e-56  191.5   0.2   101   339   215   449   207   468 0.88 FUN_000296
FUN_000296-T1        -            818 24870at5125          -            357  1.4e-115  385.3   0.2   2   2   3.8e-59   1.2e-56  191.5   0.0    95   330   483   718   471   736 0.93 FUN_000296
FUN_000712-T1        -            457 24870at5125          -            357  2.9e-112  374.4   0.7   1   1  1.2e-114  3.8e-112  374.1   0.7    22   346   116   442   101   449 0.94 FUN_000712
FUN_003891-T1        -            391 24870at5125          -            357     8e-95  317.1   0.3   1   1   3.2e-97     1e-94  316.8   0.3    10   348    37   377    27   388 0.95 FUN_003891
FUN_003217-T1        -            389 24870at5125          -            357   6.4e-92  307.5   0.1   1   1   2.6e-94     8e-92  307.2   0.1    20   345    44   371    27   379 0.91 FUN_003217
FUN_008848-T1        -            440 24870at5125          -            357     5e-88  294.7   0.1   1   1   2.1e-90   6.7e-88  294.3   0.1    50   353   126   430   109   433 0.91 FUN_008848
FUN_002676-T1        -            458 24870at5125          -            357   5.3e-86  288.1   0.0   1   1   2.3e-88   7.2e-86  287.6   0.0    42   349   141   449   134   458 0.94 FUN_002676
FUN_008066-T1        -            889 24870at5125          -            357   1.2e-49  168.4   0.1   1   1   6.4e-52     2e-49  167.7   0.1    96   343   386   636   378   645 0.86 FUN_008066
FUN_008807-T1        -            738 24870at5125          -            357   2.4e-47  160.9   0.0   1   1   1.4e-49   4.3e-47  160.1   0.0    99   346   254   497   247   505 0.93 FUN_008807
FUN_009095-T1        -            758 24870at5125          -            357     6e-47  159.6   0.1   1   2   2.4e-08   7.5e-06   24.4   0.1   142   330   227   414   218   427 0.77 FUN_009095
FUN_009095-T1        -            758 24870at5125          -            357     6e-47  159.6   0.1   2   2   2.3e-41   7.3e-39  133.0   0.0    98   289   467   660   444   676 0.91 FUN_009095
FUN_002187-T1        -           1371 24870at5125          -            357   5.8e-44  149.8   1.1   1   2       2.8   8.8e+02   -2.2   0.2   279   319   881   924   823   937 0.63 FUN_002187
FUN_002187-T1        -           1371 24870at5125          -            357   5.8e-44  149.8   1.1   2   2   3.6e-46   1.1e-43  148.8   0.1    95   331   987  1226   974  1235 0.86 FUN_002187
FUN_001795-T1        -            760 24870at5125          -            357   6.4e-43  146.3   0.0   1   2    0.0064         2    6.5   0.0   144   214   254   317   248   429 0.80 FUN_001795
FUN_001795-T1        -            760 24870at5125          -            357   6.4e-43  146.3   0.0   2   2   1.2e-42   3.8e-40  137.2   0.0   100   328   484   712   472   735 0.90 FUN_001795
FUN_007875-T1        -           1554 24870at5125          -            357   3.2e-41  140.7   0.0   1   2   2.6e-43   8.3e-41  139.4   0.0   101   336   557   793   543   813 0.87 FUN_007875
FUN_007875-T1        -           1554 24870at5125          -            357   3.2e-41  140.7   0.0   2   2       7.8   2.4e+03   -3.6   0.0   188   209   946   967   902   969 0.78 FUN_007875
FUN_000373-T1        -           1006 24870at5125          -            357   9.7e-41  139.2   0.0   1   1   5.9e-43   1.9e-40  138.2   0.0    98   330   121   349   110   362 0.86 FUN_000373
FUN_009374-T1        -           1222 24870at5125          -            357     4e-40  137.2   0.0   1   2     0.086        27    2.8   0.0   142   292   539   700   533   711 0.61 FUN_009374
FUN_009374-T1        -           1222 24870at5125          -            357     4e-40  137.2   0.0   2   2   5.3e-41   1.7e-38  131.8   0.0   103   329   831  1059   820  1062 0.91 FUN_009374
FUN_000478-T1        -            416 24870at5125          -            357   7.2e-37  126.4   0.0   1   1   3.2e-39     1e-36  126.0   0.0    84   354    88   365    79   368 0.84 FUN_000478
FUN_007156-T1        -             63 24870at5125          -            357   2.7e-33  114.7   0.2   1   1   9.3e-36   2.9e-33  114.6   0.2   299   357     1    63     1    63 0.97 FUN_007156
FUN_002030-T1        -            827 24870at5125          -            357   1.4e-31  109.0   0.0   1   2   5.5e-31   1.7e-28   98.9   0.0    91   329   285   535   242   562 0.74 FUN_002030
FUN_002030-T1        -            827 24870at5125          -            357   1.4e-31  109.0   0.0   2   2    0.0024      0.76    7.9   0.0   140   207   615   684   592   691 0.73 FUN_002030
FUN_000889-T1        -            821 24870at5125          -            357   3.6e-31  107.7   0.0   1   1   2.9e-33   9.1e-31  106.4   0.0    69   327   492   766   466   781 0.74 FUN_000889
FUN_010842-T1        -           1002 24870at5125          -            357     6e-26   90.5   0.0   1   1     3e-28   9.5e-26   89.9   0.0   135   328   726   914   707   922 0.78 FUN_010842
FUN_004711-T1        -            537 24870at5125          -            357   3.7e-22   78.0   0.0   1   1   1.9e-24     6e-22   77.4   0.0    94   274   180   359   171   365 0.88 FUN_004711
FUN_007501-T1        -             98 24870at5125          -            357   9.3e-16   57.0   4.2   1   1   1.4e-17   4.3e-15   54.8   4.2     1    41    45    98    45    98 0.81 FUN_007501
FUN_003708-T1        -            445 24870at5125          -            357   5.7e-15   54.4   0.3   1   1   6.7e-17   2.1e-14   52.5   0.3   131   290   220   373   211   390 0.83 FUN_003708
FUN_010824-T1        -            468 24870at5125          -            357   6.5e-13   47.6   0.0   1   1   4.2e-15   1.3e-12   46.6   0.0   136   273   132   261   105   267 0.79 FUN_010824
FUN_010941-T1        -            475 24870at5125          -            357   1.9e-12   46.1   0.1   1   1   2.2e-14   6.8e-12   44.3   0.1   140   275   220   348   207   358 0.83 FUN_010941
FUN_001736-T1        -            674 24870at5125          -            357   4.9e-11   41.4   0.3   1   1   1.8e-12   5.7e-10   38.0   0.3   132   289   300   462   290   467 0.73 FUN_001736
FUN_006549-T1        -            497 24870at5125          -            357   7.4e-11   40.9   0.0   1   1   4.5e-13   1.4e-10   39.9   0.0   132   298   219   390   210   442 0.73 FUN_006549
FUN_010724-T1        -            698 24870at5125          -            357   2.2e-10   39.3   0.0   1   2   1.7e-05    0.0055   15.0   0.0   131   161   279   309   259   317 0.88 FUN_010724
FUN_010724-T1        -            698 24870at5125          -            357   2.2e-10   39.3   0.0   2   2   1.3e-07   3.9e-05   22.0   0.0   220   288   383   451   368   457 0.77 FUN_010724
FUN_002656-T1        -            466 24870at5125          -            357     9e-10   37.3   0.0   1   1   1.3e-11   4.1e-09   35.1   0.0   116   272   217   366   209   375 0.82 FUN_002656
FUN_010223-T1        -            645 24870at5125          -            357   4.3e-09   35.0   0.0   1   2   0.00067      0.21    9.8   0.0   132   161   322   351   310   364 0.87 FUN_010223
FUN_010223-T1        -            645 24870at5125          -            357   4.3e-09   35.0   0.0   2   2   6.6e-08   2.1e-05   22.9   0.0   230   275   488   533   469   546 0.85 FUN_010223
FUN_001616-T1        -            811 24870at5125          -            357   1.6e-05   23.3   0.0   1   1   7.9e-08   2.5e-05   22.7   0.0   142   239   574   668   564   717 0.71 FUN_001616
FUN_008718-T1        -           4890 24870at5125          -            357   3.1e-05   22.3   0.1   1   4      0.31        98    1.0   0.0   139   162   299   322   288   333 0.88 FUN_008718
FUN_008718-T1        -           4890 24870at5125          -            357   3.1e-05   22.3   0.1   2   4      0.09        28    2.8   0.0   138   174   631   667   613   705 0.81 FUN_008718
FUN_008718-T1        -           4890 24870at5125          -            357   3.1e-05   22.3   0.1   3   4    0.0029      0.91    7.7   0.0   143   182  1085  1126  1054  1132 0.87 FUN_008718
FUN_008718-T1        -           4890 24870at5125          -            357   3.1e-05   22.3   0.1   4   4     0.032        10    4.2   0.0   140   171  1753  1784  1733  1792 0.82 FUN_008718
FUN_007829-T1        -            923 24870at5125          -            357    0.0004   18.7   0.0   1   1   2.3e-06   0.00071   17.9   0.0   137   355   467   693   431   695 0.66 FUN_007829
FUN_001185-T1        -            458 24870at5125          -            357    0.0008   17.7   0.0   1   1   4.8e-06    0.0015   16.8   0.0   140   182    64   108    46   124 0.79 FUN_001185
FUN_006478-T1        -            400 24870at5125          -            357      0.01   14.1   0.1   1   2   0.00037      0.12   10.6   0.0   142   162    80   100    59   120 0.82 FUN_006478
FUN_006478-T1        -            400 24870at5125          -            357      0.01   14.1   0.1   2   2      0.36   1.1e+02    0.8   0.1   242   288   184   227   163   247 0.77 FUN_006478
FUN_009032-T1        -            640 24870at5125          -            357     0.031   12.5   0.0   1   1   0.00016     0.049   11.8   0.0   117   161   103   147    99   152 0.84 FUN_009032
#
# Program:         hmmsearch
# Version:         3.1b2 (February 2015)
# Pipeline mode:   SEARCH
# Query file:      /home/zack/funannotate_db/hypocreales_odb10/hmms/24870at5125.hmm
# Target file:     /home/zack/Desktop/IsariaPreferralGenome/MyGenomeSubmittedToNCBI/HypocrealesProteinSets/C_cateniannulata_MBC234.proteins.fa
# Option settings: hmmsearch --domtblout /home/zack/Desktop/IsariaPreferralGenome/MyGenomeSubmittedToNCBI/HypocrealesProteinSets/BUSCO_AA_all/BUSCO_AA_Ccateniannulata_MBC234/run_hypocreales_odb10/hmmer_output/initial_run_results/24870at5125.out --cpu 1 /home/zack/funannotate_db/hypocreales_odb10/hmms/24870at5125.hmm /home/zack/Desktop/IsariaPreferralGenome/MyGenomeSubmittedToNCBI/HypocrealesProteinSets/C_cateniannulata_MBC234.proteins.fa 
# Current dir:     /home/zack/Desktop/IsariaPreferralGenome/MyGenomeSubmittedToNCBI/HypocrealesProteinSets/BUSCO_AA_all
# Date:            Mon Mar  4 14:31:16 2024
# [ok]
