#                                                                            --- full sequence --- -------------- this domain -------------   hmm coord   ali coord   env coord
# target name        accession   tlen query name           accession   qlen   E-value  score  bias   #  of  c-Evalue  i-Evalue  score  bias  from    to  from    to  from    to  acc description of target
#------------------- ---------- ----- -------------------- ---------- ----- --------- ------ ----- --- --- --------- --------- ------ ----- ----- ----- ----- ----- ----- ----- ---- ---------------------
FUN_009529-T1        -            558 25497at5125          -            390    7e-160  531.5   0.2   1   2   1.4e-70   6.3e-68  228.7   0.1     1   167    32   232    32   245 0.86 FUN_009529
FUN_009529-T1        -            558 25497at5125          -            390    7e-160  531.5   0.2   2   2   1.4e-89   6.5e-87  291.2   0.0   161   382   253   521   248   525 0.85 FUN_009529
FUN_009816-T1        -            530 25497at5125          -            390   7.7e-05   21.1   0.0   1   1   3.4e-07   0.00015   20.1   0.0     1    61     3    67     3   104 0.74 FUN_009816
FUN_008870-T1        -            483 25497at5125          -            390   0.00042   18.6   0.0   1   1   1.8e-06   0.00083   17.6   0.0     2    38    11    47    10    68 0.94 FUN_008870
FUN_005477-T1        -            486 25497at5125          -            390   0.00042   18.6   0.1   1   1   1.5e-06    0.0007   17.9   0.1     1    37    16    52    16    91 0.84 FUN_005477
FUN_010216-T1        -            489 25497at5125          -            390   0.00052   18.3   0.0   1   1   2.1e-06   0.00094   17.5   0.0     1    38    10    46    10    51 0.93 FUN_010216
FUN_010896-T1        -            492 25497at5125          -            390    0.0013   17.0   0.0   1   1   5.8e-06    0.0026   16.0   0.0     1    38    10    46    10    51 0.93 FUN_010896
FUN_006093-T1        -            495 25497at5125          -            390     0.002   16.4   0.1   1   1   6.9e-06    0.0031   15.7   0.1     3    38    20    55    18    63 0.95 FUN_006093
FUN_005147-T1        -            595 25497at5125          -            390    0.0037   15.5   0.0   1   1   1.1e-05    0.0051   15.0   0.0     1    82    73   156    73   180 0.75 FUN_005147
FUN_000101-T1        -            488 25497at5125          -            390    0.0044   15.3   0.1   1   1   1.7e-05    0.0075   14.5   0.1     2    38    13    49    12    58 0.95 FUN_000101
FUN_003244-T1        -            446 25497at5125          -            390    0.0047   15.2   0.2   1   1   1.6e-05    0.0071   14.6   0.2     1    42    36    86    36    92 0.71 FUN_003244
FUN_010685-T1        -            332 25497at5125          -            390    0.0052   15.0   0.2   1   1   1.7e-05    0.0076   14.5   0.2     1    38    81   117    81   130 0.87 FUN_010685
FUN_004886-T1        -            571 25497at5125          -            390    0.0061   14.8   0.0   1   1   2.6e-05     0.012   13.9   0.0     1    40    36    78    36   121 0.84 FUN_004886
FUN_005596-T1        -            626 25497at5125          -            390     0.007   14.6   0.2   1   1   2.9e-05     0.013   13.7   0.2     1    40    79   118    79   126 0.91 FUN_005596
FUN_009967-T1        -            424 25497at5125          -            390    0.0094   14.2   0.3   1   1   3.4e-05     0.015   13.5   0.3     1    34     7    43     7    49 0.84 FUN_009967
FUN_000157-T1        -            519 25497at5125          -            390     0.013   13.7   0.7   1   2   5.3e-05     0.024   12.8   0.2     1    39    11    48    11    72 0.89 FUN_000157
FUN_000157-T1        -            519 25497at5125          -            390     0.013   13.7   0.7   2   2         2   9.2e+02   -2.2   0.0   189   231   240   280   220   288 0.56 FUN_000157
FUN_004477-T1        -            477 25497at5125          -            390     0.014   13.6   0.0   1   1   4.6e-05     0.021   13.0   0.0     1    42     6    46     6    54 0.86 FUN_004477
FUN_000099-T1        -            486 25497at5125          -            390     0.014   13.6   0.0   1   1   5.6e-05     0.025   12.8   0.0     1    38     9    45     9    52 0.89 FUN_000099
FUN_003755-T1        -            477 25497at5125          -            390     0.016   13.4   0.1   1   1   5.4e-05     0.024   12.8   0.1     1    46    21    63    21    73 0.82 FUN_003755
FUN_003356-T1        -            605 25497at5125          -            390     0.028   12.6   0.2   1   1   9.2e-05     0.042   12.1   0.2     1    43    88   128    88   134 0.88 FUN_003356
FUN_007337-T1        -            481 25497at5125          -            390     0.031   12.5   0.0   1   1   0.00012     0.052   11.7   0.0     1    43     9    48     9    65 0.88 FUN_007337
FUN_003722-T1        -            537 25497at5125          -            390     0.034   12.3   0.1   1   1   0.00012     0.054   11.7   0.1     1    42    13    51    13    63 0.88 FUN_003722
FUN_008867-T1        -            573 25497at5125          -            390     0.037   12.2   0.0   1   2   0.00033      0.15   10.2   0.0     2    40     7    44     6    51 0.87 FUN_008867
FUN_008867-T1        -            573 25497at5125          -            390     0.037   12.2   0.0   2   2      0.89     4e+02   -1.1   0.0    20    43   102   127    90   142 0.74 FUN_008867
FUN_002078-T1        -            603 25497at5125          -            390     0.046   11.9   0.0   1   1   0.00015     0.069   11.3   0.0     1    45    14    57    14   110 0.85 FUN_002078
FUN_010262-T1        -            466 25497at5125          -            390      0.13   10.5   0.1   1   1   0.00044       0.2    9.8   0.1     1    40    15    54    15    63 0.80 FUN_010262
FUN_002046-T1        -            733 25497at5125          -            390      0.13   10.4   0.0   1   1   0.00043      0.19    9.9   0.0     1    46     5    51     5   137 0.82 FUN_002046
#
# Program:         hmmsearch
# Version:         3.1b2 (February 2015)
# Pipeline mode:   SEARCH
# Query file:      /home/zack/funannotate_db/hypocreales_odb10/hmms/25497at5125.hmm
# Target file:     /home/zack/Desktop/IsariaPreferralGenome/MyGenomeSubmittedToNCBI/HypocrealesProteinSets/C_cateniannulata_MBC234.proteins.fa
# Option settings: hmmsearch --domtblout /home/zack/Desktop/IsariaPreferralGenome/MyGenomeSubmittedToNCBI/HypocrealesProteinSets/BUSCO_AA_all/BUSCO_AA_Ccateniannulata_MBC234/run_hypocreales_odb10/hmmer_output/initial_run_results/25497at5125.out --cpu 1 /home/zack/funannotate_db/hypocreales_odb10/hmms/25497at5125.hmm /home/zack/Desktop/IsariaPreferralGenome/MyGenomeSubmittedToNCBI/HypocrealesProteinSets/C_cateniannulata_MBC234.proteins.fa 
# Current dir:     /home/zack/Desktop/IsariaPreferralGenome/MyGenomeSubmittedToNCBI/HypocrealesProteinSets/BUSCO_AA_all
# Date:            Mon Mar  4 14:31:37 2024
# [ok]
