#                                                                            --- full sequence --- -------------- this domain -------------   hmm coord   ali coord   env coord
# target name        accession   tlen query name           accession   qlen   E-value  score  bias   #  of  c-Evalue  i-Evalue  score  bias  from    to  from    to  from    to  acc description of target
#------------------- ---------- ----- -------------------- ---------- ----- --------- ------ ----- --- --- --------- --------- ------ ----- ----- ----- ----- ----- ----- ----- ---- ---------------------
FUN_003546-T1        -            436 28736at5125          -            332  1.4e-174  579.0   7.5   1   1  3.7e-172  1.1e-169  562.9   7.5     1   331    33   427    33   428 0.89 FUN_003546
FUN_000892-T1        -            299 28736at5125          -            332     7e-45  152.6   4.5   1   2   2.6e-20   7.8e-18   63.7   0.3   130   298    13   176     1   181 0.86 FUN_000892
FUN_000892-T1        -            299 28736at5125          -            332     7e-45  152.6   4.5   2   2   9.6e-31   2.9e-28   98.0   0.5    89   323    61   299    60   299 0.83 FUN_000892
FUN_000550-T1        -            703 28736at5125          -            332     1e-31  109.3   0.0   1   2    0.0017      0.51    8.4   0.0   146   175   353   382   342   387 0.77 FUN_000550
FUN_000550-T1        -            703 28736at5125          -            332     1e-31  109.3   0.0   2   2     4e-31   1.2e-28   99.3   0.0    86   323   385   627   381   631 0.88 FUN_000550
FUN_002982-T1        -            333 28736at5125          -            332   1.1e-29  102.6   3.7   1   4     0.037        11    4.1   0.1    20    37    41    58    34    73 0.76 FUN_002982
FUN_002982-T1        -            333 28736at5125          -            332   1.1e-29  102.6   3.7   2   4   1.6e-11   4.7e-09   34.9   0.3    85   171    71   165    59   170 0.81 FUN_002982
FUN_002982-T1        -            333 28736at5125          -            332   1.1e-29  102.6   3.7   3   4   1.7e-06   0.00051   18.3   0.0   243   300   136   193   130   193 0.95 FUN_002982
FUN_002982-T1        -            333 28736at5125          -            332   1.1e-29  102.6   3.7   4   4   2.5e-20   7.4e-18   63.8   0.1    86   225   168   318   162   331 0.83 FUN_002982
FUN_001857-T1        -            287 28736at5125          -            332   3.4e-29  101.1   0.2   1   1   1.5e-31   4.4e-29  100.7   0.2    87   327    37   283     9   286 0.84 FUN_001857
FUN_006090-T1        -            385 28736at5125          -            332   4.5e-28   97.4   2.4   1   2   0.00033     0.099   10.8   0.1   245   274    63    94    56   103 0.77 FUN_006090
FUN_006090-T1        -            385 28736at5125          -            332   4.5e-28   97.4   2.4   2   2   2.6e-27   7.6e-25   86.8   0.8    72   321    99   376    91   383 0.75 FUN_006090
FUN_001805-T1        -            406 28736at5125          -            332   6.9e-27   93.5   0.1   1   3   1.2e-08   3.5e-06   25.4   0.0   241   325    74   160    63   164 0.91 FUN_001805
FUN_001805-T1        -            406 28736at5125          -            332   6.9e-27   93.5   0.1   2   3   6.9e-20     2e-17   62.3   0.0   116   275   140   307   138   314 0.79 FUN_001805
FUN_001805-T1        -            406 28736at5125          -            332   6.9e-27   93.5   0.1   3   3    0.0056       1.7    6.8   0.0   279   306   347   374   342   395 0.66 FUN_001805
FUN_005187-T1        -            330 28736at5125          -            332   9.9e-27   93.0   0.5   1   3   4.9e-13   1.5e-10   39.8   0.1   141   270    41   170    30   176 0.94 FUN_005187
FUN_005187-T1        -            330 28736at5125          -            332   9.9e-27   93.0   0.5   2   3   3.4e-08     1e-05   23.9   0.0    83   123   177   217   162   227 0.83 FUN_005187
FUN_005187-T1        -            330 28736at5125          -            332   9.9e-27   93.0   0.5   3   3   5.4e-09   1.6e-06   26.5   0.0   239   314   238   317   225   326 0.83 FUN_005187
FUN_005226-T1        -            325 28736at5125          -            332   2.3e-24   85.2   1.2   1   2    0.0068         2    6.5   0.0   143   171    18    46     9    69 0.67 FUN_005226
FUN_005226-T1        -            325 28736at5125          -            332   2.3e-24   85.2   1.2   2   2   1.5e-24   4.4e-22   77.7   0.3    99   321    66   306    56   315 0.83 FUN_005226
FUN_008547-T1        -            381 28736at5125          -            332   6.7e-24   83.7   0.7   1   2   1.4e-08   4.1e-06   25.2   0.1   248   329    91   170    73   173 0.82 FUN_008547
FUN_008547-T1        -            381 28736at5125          -            332   6.7e-24   83.7   0.7   2   2   1.3e-20   3.9e-18   64.7   0.1    87   308   117   347   114   363 0.83 FUN_008547
FUN_000127-T1        -            337 28736at5125          -            332   2.7e-23   81.7   2.0   1   2    0.0018      0.54    8.4   0.0     8    34    16    42     9    44 0.75 FUN_000127
FUN_000127-T1        -            337 28736at5125          -            332   2.7e-23   81.7   2.0   2   2   9.1e-23   2.7e-20   71.8   0.6    83   310    53   285    43   301 0.79 FUN_000127
FUN_010265-T1        -            314 28736at5125          -            332   4.7e-22   77.6   1.5   1   3   1.9e-16   5.6e-14   51.0   0.0   145   327    17   202     9   209 0.83 FUN_010265
FUN_010265-T1        -            314 28736at5125          -            332   4.7e-22   77.6   1.5   2   3   7.8e-06    0.0023   16.1   0.0    86   172   151   252   147   257 0.71 FUN_010265
FUN_010265-T1        -            314 28736at5125          -            332   4.7e-22   77.6   1.5   3   3   8.4e-08   2.5e-05   22.6   0.1   253   323   232   303   221   312 0.83 FUN_010265
FUN_007324-T1        -            401 28736at5125          -            332   7.4e-21   73.7   6.4   1   4    0.0032      0.96    7.5   0.1   246   270    55    79    44    82 0.79 FUN_007324
FUN_007324-T1        -            401 28736at5125          -            332   7.4e-21   73.7   6.4   2   4   1.1e-08   3.4e-06   25.5   0.1    77   173    80   181    78   189 0.79 FUN_007324
FUN_007324-T1        -            401 28736at5125          -            332   7.4e-21   73.7   6.4   3   4     4e-10   1.2e-07   30.2   0.0    88   173   207   302   202   318 0.79 FUN_007324
FUN_007324-T1        -            401 28736at5125          -            332   7.4e-21   73.7   6.4   4   4   0.00014     0.042   12.0   0.1    89   133   335   379   320   390 0.83 FUN_007324
FUN_009557-T1        -            274 28736at5125          -            332   9.6e-21   73.3   4.1   1   2     0.025       7.6    4.6   0.0   139   172     8    41     4    47 0.73 FUN_009557
FUN_009557-T1        -            274 28736at5125          -            332   9.6e-21   73.3   4.1   2   2   6.5e-22   1.9e-19   69.0   2.0   103   320    47   264    44   270 0.82 FUN_009557
FUN_010765-T1        -            230 28736at5125          -            332   2.2e-20   72.1   0.3   1   2      0.15        46    2.0   0.0   310   329     2    21     1    24 0.88 FUN_010765
FUN_010765-T1        -            230 28736at5125          -            332   2.2e-20   72.1   0.3   2   2   1.1e-21   3.3e-19   68.2   0.2   143   325    35   226    28   228 0.83 FUN_010765
FUN_001810-T1        -            393 28736at5125          -            332   3.3e-20   71.5   0.1   1   3   1.8e-13   5.3e-11   41.3   0.0   145   294    63   210    57   229 0.87 FUN_001810
FUN_001810-T1        -            393 28736at5125          -            332   3.3e-20   71.5   0.1   2   3      0.02         6    4.9   0.0    79   128   223   268   195   283 0.58 FUN_001810
FUN_001810-T1        -            393 28736at5125          -            332   3.3e-20   71.5   0.1   3   3   7.9e-08   2.4e-05   22.7   0.1   142   225   306   388   300   392 0.85 FUN_001810
FUN_001136-T1        -            312 28736at5125          -            332   1.7e-19   69.2   0.0   1   1   6.6e-17     2e-14   52.5   0.0   140   324     4   198     1   203 0.85 FUN_001136
FUN_002684-T1        -            153 28736at5125          -            332   1.1e-18   66.6   0.0   1   1   4.2e-21   1.2e-18   66.3   0.0   194   323     9   138     1   145 0.86 FUN_002684
FUN_002988-T1        -            332 28736at5125          -            332   3.4e-18   64.9   0.1   1   2      0.05        15    3.6   0.0    18    36    45    63    30    68 0.77 FUN_002988
FUN_002988-T1        -            332 28736at5125          -            332   3.4e-18   64.9   0.1   2   2   6.1e-19   1.8e-16   59.2   0.0    89   326    69   330    66   331 0.81 FUN_002988
FUN_006977-T1        -            290 28736at5125          -            332   2.5e-17   62.1   2.2   1   1   3.3e-19   9.7e-17   60.1   2.2   105   321    33   275     9   286 0.73 FUN_006977
FUN_006471-T1        -            314 28736at5125          -            332   7.8e-17   60.4   0.6   1   2     6e-09   1.8e-06   26.4   0.0   138   269    12   147     8   157 0.88 FUN_006471
FUN_006471-T1        -            314 28736at5125          -            332   7.8e-17   60.4   0.6   2   2     7e-11   2.1e-08   32.7   0.1    86   215   159   292   151   300 0.86 FUN_006471
FUN_006901-T1        -            334 28736at5125          -            332   7.8e-17   60.4   0.7   1   2     4e-08   1.2e-05   23.7   0.1   146   271    44   166    39   174 0.65 FUN_006901
FUN_006901-T1        -            334 28736at5125          -            332   7.8e-17   60.4   0.7   2   2   3.3e-11     1e-08   33.8   0.0    86   223   177   321   172   329 0.83 FUN_006901
FUN_004545-T1        -            310 28736at5125          -            332   8.5e-17   60.3   4.2   1   2   3.4e-11     1e-08   33.7   1.7   152   307    21   187    15   193 0.74 FUN_004545
FUN_004545-T1        -            310 28736at5125          -            332   8.5e-17   60.3   4.2   2   2   4.5e-09   1.3e-06   26.8   0.0    90   204   159   274   145   290 0.82 FUN_004545
FUN_007643-T1        -            234 28736at5125          -            332   2.2e-16   59.0   0.5   1   1   1.2e-16   3.7e-14   51.6   0.4    98   310     7   221     5   227 0.86 FUN_007643
FUN_006361-T1        -            302 28736at5125          -            332   5.2e-16   57.7   2.5   1   2   4.7e-05     0.014   13.6   0.1   242   328    18   101     9   105 0.84 FUN_006361
FUN_006361-T1        -            302 28736at5125          -            332   5.2e-16   57.7   2.5   2   2   4.7e-15   1.4e-12   46.4   1.2    89   323    51   298    51   301 0.74 FUN_006361
FUN_001746-T1        -            270 28736at5125          -            332   1.7e-15   56.0   1.3   1   3   9.6e-05     0.029   12.6   0.0   245   270    31    56    28    68 0.80 FUN_001746
FUN_001746-T1        -            270 28736at5125          -            332   1.7e-15   56.0   1.3   2   3   5.1e-07   0.00015   20.0   0.2    72   175    61   147    56   149 0.77 FUN_001746
FUN_001746-T1        -            270 28736at5125          -            332   1.7e-15   56.0   1.3   3   3   4.4e-06    0.0013   17.0   0.0    86   133   147   193   142   218 0.80 FUN_001746
FUN_001354-T1        -            330 28736at5125          -            332   1.6e-14   52.9   0.7   1   2   3.4e-05      0.01   14.1   0.0   244   324    30   107    15   113 0.85 FUN_001354
FUN_001354-T1        -            330 28736at5125          -            332   1.6e-14   52.9   0.7   2   2   4.5e-12   1.3e-09   36.6   0.3   139   320   135   323   130   329 0.77 FUN_001354
FUN_002888-T1        -            324 28736at5125          -            332   3.1e-13   48.6   0.1   1   2     0.025       7.4    4.6   0.0   145   170    39    64    27    71 0.66 FUN_002888
FUN_002888-T1        -            324 28736at5125          -            332   3.1e-13   48.6   0.1   2   2   9.5e-14   2.8e-11   42.2   0.0    88   319    68   307    65   317 0.79 FUN_002888
FUN_000143-T1        -            333 28736at5125          -            332   4.2e-13   48.2   2.3   1   3     0.087        26    2.8   0.1   145   171    14    40     6    50 0.56 FUN_000143
FUN_000143-T1        -            333 28736at5125          -            332   4.2e-13   48.2   2.3   2   3   3.4e-14     1e-11   43.6   0.4    73   278    33   239    25   242 0.84 FUN_000143
FUN_000143-T1        -            333 28736at5125          -            332   4.2e-13   48.2   2.3   3   3      0.19        55    1.8   0.0   277   306   267   296   255   306 0.76 FUN_000143
FUN_003160-T1        -            293 28736at5125          -            332   4.4e-13   48.1   0.1   1   2       2.4   7.2e+02   -1.9   0.0   264   277    34    47    13    51 0.59 FUN_003160
FUN_003160-T1        -            293 28736at5125          -            332   4.4e-13   48.1   0.1   2   2   1.9e-14   5.6e-12   44.5   0.1   145   321   103   278    60   286 0.84 FUN_003160
FUN_004796-T1        -            308 28736at5125          -            332   9.3e-12   43.8   3.8   1   2   3.9e-08   1.2e-05   23.7   0.3   187   305    61   183    41   201 0.67 FUN_004796
FUN_004796-T1        -            308 28736at5125          -            332   9.3e-12   43.8   3.8   2   2   1.2e-09   3.5e-07   28.7   0.3    86   215   153   286   149   296 0.87 FUN_004796
FUN_001463-T1        -            466 28736at5125          -            332   2.5e-11   42.3   0.2   1   2   1.4e-08   4.2e-06   25.2   0.1   241   326    16   100     5   106 0.86 FUN_001463
FUN_001463-T1        -            466 28736at5125          -            332   2.5e-11   42.3   0.2   2   2   2.7e-05     0.008   14.4   0.0    54   131   117   192   100   200 0.78 FUN_001463
FUN_000726-T1        -            302 28736at5125          -            332   6.1e-10   37.8   0.0   1   2    0.0011      0.34    9.0   0.0   237   311   118   186     9   202 0.67 FUN_000726
FUN_000726-T1        -            302 28736at5125          -            332   6.1e-10   37.8   0.0   2   2   1.1e-10   3.4e-08   32.0   0.0   186   310   160   280   154   286 0.82 FUN_000726
FUN_008883-T1        -            276 28736at5125          -            332   7.6e-08   30.9   0.2   1   3   1.9e-06   0.00056   18.2   0.1   247   328    34   111    16   115 0.87 FUN_008883
FUN_008883-T1        -            276 28736at5125          -            332   7.6e-08   30.9   0.2   2   3    0.0039       1.2    7.3   0.0   246   273   142   169   117   201 0.84 FUN_008883
FUN_008883-T1        -            276 28736at5125          -            332   7.6e-08   30.9   0.2   3   3      0.17        50    1.9   0.0   199   228   243   272   236   275 0.61 FUN_008883
FUN_004647-T1        -            315 28736at5125          -            332   5.4e-05   21.5   1.5   1   2      0.47   1.4e+02    0.4   0.1   164   303    46    80    22   108 0.64 FUN_004647
FUN_004647-T1        -            315 28736at5125          -            332   5.4e-05   21.5   1.5   2   2   4.2e-06    0.0013   17.0   0.9   136   308   108   285    62   306 0.59 FUN_004647
FUN_007050-T1        -            475 28736at5125          -            332    0.0013   17.0   2.4   1   2   6.1e-06    0.0018   16.5   0.5   242   323   201   287    54   294 0.65 FUN_007050
FUN_007050-T1        -            475 28736at5125          -            332    0.0013   17.0   2.4   2   2       4.2   1.2e+03   -2.7   0.1    89   214   405   442   399   456 0.50 FUN_007050
FUN_010690-T1        -           1356 28736at5125          -            332    0.0034   15.6   0.0   1   1   2.2e-05    0.0067   14.6   0.0    61   141  1238  1317  1214  1325 0.90 FUN_010690
FUN_006534-T1        -            499 28736at5125          -            332      0.14   10.3   0.6   1   4       7.3   2.2e+03   -3.5   0.0   257   271    98   112    94   123 0.63 FUN_006534
FUN_006534-T1        -            499 28736at5125          -            332      0.14   10.3   0.6   2   4      0.99   2.9e+02   -0.6   0.0   276   300   201   225   165   233 0.70 FUN_006534
FUN_006534-T1        -            499 28736at5125          -            332      0.14   10.3   0.6   3   4     0.014       4.1    5.5   0.1   145   169   278   302   270   323 0.61 FUN_006534
FUN_006534-T1        -            499 28736at5125          -            332      0.14   10.3   0.6   4   4      0.43   1.3e+02    0.6   0.0   290   301   464   475   405   485 0.85 FUN_006534
#
# Program:         hmmsearch
# Version:         3.1b2 (February 2015)
# Pipeline mode:   SEARCH
# Query file:      /home/zack/funannotate_db/hypocreales_odb10/hmms/28736at5125.hmm
# Target file:     /home/zack/Desktop/IsariaPreferralGenome/MyGenomeSubmittedToNCBI/HypocrealesProteinSets/C_cateniannulata_MBC234.proteins.fa
# Option settings: hmmsearch --domtblout /home/zack/Desktop/IsariaPreferralGenome/MyGenomeSubmittedToNCBI/HypocrealesProteinSets/BUSCO_AA_all/BUSCO_AA_Ccateniannulata_MBC234/run_hypocreales_odb10/hmmer_output/initial_run_results/28736at5125.out --cpu 1 /home/zack/funannotate_db/hypocreales_odb10/hmms/28736at5125.hmm /home/zack/Desktop/IsariaPreferralGenome/MyGenomeSubmittedToNCBI/HypocrealesProteinSets/C_cateniannulata_MBC234.proteins.fa 
# Current dir:     /home/zack/Desktop/IsariaPreferralGenome/MyGenomeSubmittedToNCBI/HypocrealesProteinSets/BUSCO_AA_all
# Date:            Mon Mar  4 14:31:34 2024
# [ok]
