#                                                                            --- full sequence --- -------------- this domain -------------   hmm coord   ali coord   env coord
# target name        accession   tlen query name           accession   qlen   E-value  score  bias   #  of  c-Evalue  i-Evalue  score  bias  from    to  from    to  from    to  acc description of target
#------------------- ---------- ----- -------------------- ---------- ----- --------- ------ ----- --- --- --------- --------- ------ ----- ----- ----- ----- ----- ----- ----- ---- ---------------------
FUN_006884-T1        -            308 42537at5125          -            245  2.9e-108  360.4   0.3   1   2     0.004        11    4.8   0.0     1    15     7    21     7    24 0.90 FUN_006884
FUN_006884-T1        -            308 42537at5125          -            245  2.9e-108  360.4   0.3   2   2  2.1e-109  5.9e-106  352.8   0.1    12   245    44   308    39   308 0.92 FUN_006884
FUN_011077-T1        -            669 42537at5125          -            245     0.048   12.5   0.0   1   1   3.9e-05      0.11   11.4   0.0    13    39    27    53    23    60 0.88 FUN_011077
FUN_002014-T1        -            236 42537at5125          -            245     0.058   12.3   0.0   1   1   4.4e-05      0.13   11.2   0.0    14    85    24   106    21   159 0.61 FUN_002014
FUN_008718-T1        -           4890 42537at5125          -            245      0.16   10.8   3.4   1   4    0.0063        18    4.1   0.0    11    45   297   331   291   343 0.83 FUN_008718
FUN_008718-T1        -           4890 42537at5125          -            245      0.16   10.8   3.4   2   4     0.026        73    2.1   0.1    19    42   638   661   624   669 0.76 FUN_008718
FUN_008718-T1        -           4890 42537at5125          -            245      0.16   10.8   3.4   3   4      0.71     2e+03   -2.6   0.0    19    39  1379  1399  1375  1406 0.82 FUN_008718
FUN_008718-T1        -           4890 42537at5125          -            245      0.16   10.8   3.4   4   4     0.024        67    2.2   0.0    18    37  1757  1776  1747  1788 0.85 FUN_008718
#
# Program:         hmmsearch
# Version:         3.1b2 (February 2015)
# Pipeline mode:   SEARCH
# Query file:      /home/zack/funannotate_db/hypocreales_odb10/hmms/42537at5125.hmm
# Target file:     /home/zack/Desktop/IsariaPreferralGenome/MyGenomeSubmittedToNCBI/HypocrealesProteinSets/C_cateniannulata_MBC234.proteins.fa
# Option settings: hmmsearch --domtblout /home/zack/Desktop/IsariaPreferralGenome/MyGenomeSubmittedToNCBI/HypocrealesProteinSets/BUSCO_AA_all/BUSCO_AA_Ccateniannulata_MBC234/run_hypocreales_odb10/hmmer_output/initial_run_results/42537at5125.out --cpu 1 /home/zack/funannotate_db/hypocreales_odb10/hmms/42537at5125.hmm /home/zack/Desktop/IsariaPreferralGenome/MyGenomeSubmittedToNCBI/HypocrealesProteinSets/C_cateniannulata_MBC234.proteins.fa 
# Current dir:     /home/zack/Desktop/IsariaPreferralGenome/MyGenomeSubmittedToNCBI/HypocrealesProteinSets/BUSCO_AA_all
# Date:            Mon Mar  4 14:31:54 2024
# [ok]
