#                                                                            --- full sequence --- -------------- this domain -------------   hmm coord   ali coord   env coord
# target name        accession   tlen query name           accession   qlen   E-value  score  bias   #  of  c-Evalue  i-Evalue  score  bias  from    to  from    to  from    to  acc description of target
#------------------- ---------- ----- -------------------- ---------- ----- --------- ------ ----- --- --- --------- --------- ------ ----- ----- ----- ----- ----- ----- ----- ---- ---------------------
FUN_010157-T1        -            269 45647at5125          -            209   1.6e-96  321.0   0.7   1   1     8e-99   1.1e-95  318.3   0.7     1   209    19   259    19   259 0.88 FUN_010157
FUN_007426-T1        -            280 45647at5125          -            209   1.6e-07   30.3   0.0   1   2   2.7e-05     0.039   12.7   0.0    86   112    56    82    45   123 0.68 FUN_007426
FUN_007426-T1        -            280 45647at5125          -            209   1.6e-07   30.3   0.0   2   2   5.1e-06    0.0072   15.1   0.1   148   199   195   248   191   254 0.84 FUN_007426
FUN_005915-T1        -            232 45647at5125          -            209   2.1e-07   29.9   0.0   1   2   2.9e-06    0.0041   15.9   0.0     9   112     9   110     3   115 0.74 FUN_005915
FUN_005915-T1        -            232 45647at5125          -            209   2.1e-07   29.9   0.0   2   2   4.4e-05     0.062   12.1   0.0   151   203   170   222   158   228 0.86 FUN_005915
FUN_009431-T1        -            252 45647at5125          -            209     2e-05   23.5   0.2   1   2      0.23   3.2e+02   -0.1   0.0     4    23     1    20     1    36 0.80 FUN_009431
FUN_009431-T1        -            252 45647at5125          -            209     2e-05   23.5   0.2   2   2   7.5e-07    0.0011   17.8   0.1    78   207   104   244    82   246 0.72 FUN_009431
FUN_009444-T1        -            272 45647at5125          -            209   2.2e-05   23.3   0.0   1   2   1.9e-05     0.027   13.2   0.0     5   152     2   131     1   174 0.68 FUN_009444
FUN_009444-T1        -            272 45647at5125          -            209   2.2e-05   23.3   0.0   2   2    0.0014         2    7.2   0.0   147   194   206   255   170   265 0.85 FUN_009444
FUN_009799-T1        -            281 45647at5125          -            209   0.00023   20.0   0.1   1   2   3.4e-06    0.0048   15.7   0.0    81   113    68   100    56   133 0.78 FUN_009799
FUN_009799-T1        -            281 45647at5125          -            209   0.00023   20.0   0.1   2   2     0.057        81    1.9   0.0   148   194   207   255   204   267 0.68 FUN_009799
FUN_007282-T1        -            273 45647at5125          -            209    0.0034   16.2   0.1   1   2    0.0085        12    4.6   0.0     6   111    14   124    11   142 0.61 FUN_007282
FUN_007282-T1        -            273 45647at5125          -            209    0.0034   16.2   0.1   2   2   0.00029      0.41    9.4   0.0   151   207   194   251   169   253 0.84 FUN_007282
FUN_009769-T1        -            336 45647at5125          -            209     0.066   12.0   1.2   1   2      0.84   1.2e+03   -1.9   0.0    91   114   131   154   118   168 0.72 FUN_009769
FUN_009769-T1        -            336 45647at5125          -            209     0.066   12.0   1.2   2   2   8.3e-05      0.12   11.2   0.6    89   152   172   235   153   250 0.88 FUN_009769
#
# Program:         hmmsearch
# Version:         3.1b2 (February 2015)
# Pipeline mode:   SEARCH
# Query file:      /home/zack/funannotate_db/hypocreales_odb10/hmms/45647at5125.hmm
# Target file:     /home/zack/Desktop/IsariaPreferralGenome/MyGenomeSubmittedToNCBI/HypocrealesProteinSets/C_cateniannulata_MBC234.proteins.fa
# Option settings: hmmsearch --domtblout /home/zack/Desktop/IsariaPreferralGenome/MyGenomeSubmittedToNCBI/HypocrealesProteinSets/BUSCO_AA_all/BUSCO_AA_Ccateniannulata_MBC234/run_hypocreales_odb10/hmmer_output/initial_run_results/45647at5125.out --cpu 1 /home/zack/funannotate_db/hypocreales_odb10/hmms/45647at5125.hmm /home/zack/Desktop/IsariaPreferralGenome/MyGenomeSubmittedToNCBI/HypocrealesProteinSets/C_cateniannulata_MBC234.proteins.fa 
# Current dir:     /home/zack/Desktop/IsariaPreferralGenome/MyGenomeSubmittedToNCBI/HypocrealesProteinSets/BUSCO_AA_all
# Date:            Mon Mar  4 14:31:44 2024
# [ok]
