#                                                                            --- full sequence --- -------------- this domain -------------   hmm coord   ali coord   env coord
# target name        accession   tlen query name           accession   qlen   E-value  score  bias   #  of  c-Evalue  i-Evalue  score  bias  from    to  from    to  from    to  acc description of target
#------------------- ---------- ----- -------------------- ---------- ----- --------- ------ ----- --- --- --------- --------- ------ ----- ----- ----- ----- ----- ----- ----- ---- ---------------------
FUN_008258-T1        -            204 46916at5125          -            171    7e-104  344.5  13.5   1   1  2.6e-106  7.3e-103  341.2  13.5     1   171    22   204    22   204 0.95 FUN_008258
FUN_006521-T1        -            210 46916at5125          -            171   8.4e-14   51.4   2.2   1   2   1.3e-11   3.6e-08   33.0   0.3     6    93    27   111    23   118 0.82 FUN_006521
FUN_006521-T1        -            210 46916at5125          -            171   8.4e-14   51.4   2.2   2   2   4.6e-07    0.0013   18.2   0.1   103   167   140   204   125   207 0.92 FUN_006521
FUN_010463-T1        -            221 46916at5125          -            171   4.3e-13   49.1   2.5   1   2    0.0011         3    7.3   0.0    10    86    40   115    31   130 0.79 FUN_010463
FUN_010463-T1        -            221 46916at5125          -            171   4.3e-13   49.1   2.5   2   2   3.1e-14   8.9e-11   41.5   1.1   102   170   152   220   134   221 0.95 FUN_010463
FUN_000972-T1        -            212 46916at5125          -            171   1.1e-12   47.7   2.9   1   2   1.5e-06    0.0043   16.5   0.1     6    82    14    98     9   111 0.67 FUN_000972
FUN_000972-T1        -            212 46916at5125          -            171   1.1e-12   47.7   2.9   2   2     3e-11   8.6e-08   31.8   0.3   102   167   143   208   122   212 0.90 FUN_000972
#
# Program:         hmmsearch
# Version:         3.1b2 (February 2015)
# Pipeline mode:   SEARCH
# Query file:      /home/zack/funannotate_db/hypocreales_odb10/hmms/46916at5125.hmm
# Target file:     /home/zack/Desktop/IsariaPreferralGenome/MyGenomeSubmittedToNCBI/HypocrealesProteinSets/C_cateniannulata_MBC234.proteins.fa
# Option settings: hmmsearch --domtblout /home/zack/Desktop/IsariaPreferralGenome/MyGenomeSubmittedToNCBI/HypocrealesProteinSets/BUSCO_AA_all/BUSCO_AA_Ccateniannulata_MBC234/run_hypocreales_odb10/hmmer_output/initial_run_results/46916at5125.out --cpu 1 /home/zack/funannotate_db/hypocreales_odb10/hmms/46916at5125.hmm /home/zack/Desktop/IsariaPreferralGenome/MyGenomeSubmittedToNCBI/HypocrealesProteinSets/C_cateniannulata_MBC234.proteins.fa 
# Current dir:     /home/zack/Desktop/IsariaPreferralGenome/MyGenomeSubmittedToNCBI/HypocrealesProteinSets/BUSCO_AA_all
# Date:            Mon Mar  4 14:31:49 2024
# [ok]
