#                                                                            --- full sequence --- -------------- this domain -------------   hmm coord   ali coord   env coord
# target name        accession   tlen query name           accession   qlen   E-value  score  bias   #  of  c-Evalue  i-Evalue  score  bias  from    to  from    to  from    to  acc description of target
#------------------- ---------- ----- -------------------- ---------- ----- --------- ------ ----- --- --- --------- --------- ------ ----- ----- ----- ----- ----- ----- ----- ---- ---------------------
FUN_000535-T1        -            886 5058at5125           -            684         0 1314.2   0.4   1   1         0         0 1311.8   0.4     1   684   113   886   113   886 0.94 FUN_000535
FUN_006111-T1        -            587 5058at5125           -            684   1.2e-85  287.7   0.0   1   2   1.4e-08   1.8e-05   22.7   0.0    15   112    98   207    89   218 0.85 FUN_006111
FUN_006111-T1        -            587 5058at5125           -            684   1.2e-85  287.7   0.0   2   2   2.7e-81   3.3e-78  263.0   0.0   107   409   249   585   223   587 0.84 FUN_006111
FUN_007519-T1        -            467 5058at5125           -            684     4e-52  176.8   0.0   1   1   2.3e-54   2.9e-51  174.0   0.0    58   409    66   465    23   467 0.70 FUN_007519
FUN_000290-T1        -            588 5058at5125           -            684   8.6e-32  109.6   0.1   1   1   2.2e-34   2.8e-31  108.0   0.1   115   404   267   581   258   585 0.74 FUN_000290
FUN_009485-T1        -            390 5058at5125           -            684   8.4e-25   86.5   0.0   1   1   3.8e-27   4.8e-24   84.0   0.0   163   409   105   388    57   390 0.75 FUN_009485
FUN_010987-T1        -            555 5058at5125           -            684   8.5e-17   60.1   0.0   1   2   7.3e-14   9.2e-11   40.2   0.0   103   243   180   326   161   345 0.79 FUN_010987
FUN_010987-T1        -            555 5058at5125           -            684   8.5e-17   60.1   0.0   2   2   4.9e-07   0.00062   17.6   0.0   308   404   432   548   403   552 0.69 FUN_010987
FUN_009399-T1        -            675 5058at5125           -            684   1.2e-11   43.0   0.0   1   2   3.2e-09     4e-06   24.8   0.0   108   227   154   277   129   302 0.80 FUN_009399
FUN_009399-T1        -            675 5058at5125           -            684   1.2e-11   43.0   0.0   2   2   1.5e-06    0.0018   16.0   0.0   332   404   560   644   544   661 0.76 FUN_009399
FUN_003353-T1        -            595 5058at5125           -            684   7.8e-11   40.4   0.1   1   2   2.5e-11   3.1e-08   31.8   0.0   113   256   246   397   235   407 0.76 FUN_003353
FUN_003353-T1        -            595 5058at5125           -            684   7.8e-11   40.4   0.1   2   2    0.0011       1.4    6.5   0.0   362   398   549   585   491   592 0.70 FUN_003353
FUN_003827-T1        -            644 5058at5125           -            684   9.8e-09   33.5   0.4   1   2   6.5e-09   8.2e-06   23.8   0.4    26   213   115   328   106   342 0.70 FUN_003827
FUN_003827-T1        -            644 5058at5125           -            684   9.8e-09   33.5   0.4   2   2   0.00094       1.2    6.7   0.0   363   389   584   610   560   623 0.81 FUN_003827
#
# Program:         hmmsearch
# Version:         3.1b2 (February 2015)
# Pipeline mode:   SEARCH
# Query file:      /home/zack/funannotate_db/hypocreales_odb10/hmms/5058at5125.hmm
# Target file:     /home/zack/Desktop/IsariaPreferralGenome/MyGenomeSubmittedToNCBI/HypocrealesProteinSets/C_cateniannulata_MBC234.proteins.fa
# Option settings: hmmsearch --domtblout /home/zack/Desktop/IsariaPreferralGenome/MyGenomeSubmittedToNCBI/HypocrealesProteinSets/BUSCO_AA_all/BUSCO_AA_Ccateniannulata_MBC234/run_hypocreales_odb10/hmmer_output/initial_run_results/5058at5125.out --cpu 1 /home/zack/funannotate_db/hypocreales_odb10/hmms/5058at5125.hmm /home/zack/Desktop/IsariaPreferralGenome/MyGenomeSubmittedToNCBI/HypocrealesProteinSets/C_cateniannulata_MBC234.proteins.fa 
# Current dir:     /home/zack/Desktop/IsariaPreferralGenome/MyGenomeSubmittedToNCBI/HypocrealesProteinSets/BUSCO_AA_all
# Date:            Mon Mar  4 14:31:52 2024
# [ok]
