#                                                                            --- full sequence --- -------------- this domain -------------   hmm coord   ali coord   env coord
# target name        accession   tlen query name           accession   qlen   E-value  score  bias   #  of  c-Evalue  i-Evalue  score  bias  from    to  from    to  from    to  acc description of target
#------------------- ---------- ----- -------------------- ---------- ----- --------- ------ ----- --- --- --------- --------- ------ ----- ----- ----- ----- ----- ----- ----- ---- ---------------------
FUN_002536-T1        -            138 55093at5125          -            116   6.9e-63  209.3   5.7   1   1   6.8e-64   3.5e-61  203.8   5.7     1   116     8   136     8   136 0.94 FUN_002536
FUN_008169-T1        -            461 55093at5125          -            116   7.8e-23   80.1   0.2   1   1   2.9e-25   1.5e-22   79.2   0.2     3    80     6    83     4    89 0.93 FUN_008169
FUN_007424-T1        -            116 55093at5125          -            116   1.4e-20   72.8   0.0   1   1   3.1e-23   1.6e-20   72.6   0.0     1    77    10    86    10   102 0.95 FUN_007424
FUN_005695-T1        -            495 55093at5125          -            116   1.9e-15   56.3   0.0   1   1   8.1e-18   4.2e-15   55.2   0.0     4    59     7    62     5    83 0.91 FUN_005695
FUN_003553-T1        -             94 55093at5125          -            116   9.4e-15   54.1   0.0   1   1     2e-17   1.1e-14   53.9   0.0     2    61    15    73    14    91 0.85 FUN_003553
FUN_009797-T1        -            214 55093at5125          -            116   1.3e-14   53.6   0.0   1   1   3.3e-17   1.7e-14   53.2   0.0     4    80    16    92    13   112 0.87 FUN_009797
FUN_011192-T1        -            308 55093at5125          -            116   2.1e-14   52.9   0.0   1   2   1.1e-16   5.7e-14   51.5   0.0     4    55     9    60     6    92 0.89 FUN_011192
FUN_011192-T1        -            308 55093at5125          -            116   2.1e-14   52.9   0.0   2   2       6.7   3.4e+03   -2.6   0.0    38    56   170   186   167   226 0.65 FUN_011192
FUN_007168-T1        -            544 55093at5125          -            116     3e-14   52.4   0.0   1   2   3.1e-16   1.6e-13   50.1   0.0     1    77     6    82     6    95 0.90 FUN_007168
FUN_007168-T1        -            544 55093at5125          -            116     3e-14   52.4   0.0   2   2       2.1   1.1e+03   -1.0   0.0    33    44   518   530   507   540 0.79 FUN_007168
FUN_007330-T1        -            514 55093at5125          -            116   7.4e-14   51.2   0.0   1   1   4.3e-16   2.2e-13   49.6   0.0     3    75    11    82     9    98 0.90 FUN_007330
FUN_009441-T1        -            171 55093at5125          -            116   2.3e-13   49.6   0.0   1   1   7.1e-16   3.7e-13   48.9   0.0     5    73    13    81     9    98 0.92 FUN_009441
FUN_005941-T1        -            369 55093at5125          -            116   5.6e-13   48.3   0.4   1   2   1.1e-15   5.6e-13   48.3   0.4     4    80    13    94    10   109 0.79 FUN_005941
FUN_005941-T1        -            369 55093at5125          -            116   5.6e-13   48.3   0.4   2   2       2.9   1.5e+03   -1.4   0.3    94   108   300   314   288   321 0.77 FUN_005941
FUN_009719-T1        -             84 55093at5125          -            116     4e-12   45.6   0.0   1   1   8.3e-15   4.3e-12   45.5   0.0     4    53     9    59     6    81 0.83 FUN_009719
FUN_008563-T1        -           1068 55093at5125          -            116   2.1e-10   40.1   0.4   1   1   8.1e-13   4.2e-10   39.1   0.4     3    83   689   771   687   779 0.86 FUN_008563
FUN_000499-T1        -            888 55093at5125          -            116   8.2e-10   38.1   0.1   1   1   2.9e-12   1.5e-09   37.3   0.1     6    74   545   612   540   628 0.90 FUN_000499
FUN_000316-T1        -            957 55093at5125          -            116   9.4e-10   37.9   0.0   1   1   3.5e-12   1.8e-09   37.0   0.0     4    78   723   798   720   810 0.89 FUN_000316
FUN_010816-T1        -            895 55093at5125          -            116   3.9e-09   35.9   0.0   1   1   1.5e-11   7.6e-09   35.0   0.0     5    77   544   615   540   630 0.89 FUN_010816
FUN_010168-T1        -           1053 55093at5125          -            116   1.3e-08   34.2   0.0   1   1   4.6e-11   2.4e-08   33.4   0.0     3    55   597   649   595   679 0.87 FUN_010168
FUN_005650-T1        -            367 55093at5125          -            116   1.1e-07   31.3   0.1   1   1   3.5e-10   1.8e-07   30.6   0.1    18    73   277   334   261   355 0.85 FUN_005650
FUN_007571-T1        -            476 55093at5125          -            116   1.8e-07   30.6   0.0   1   1   6.8e-10   3.5e-07   29.6   0.0    14    73   366   427   354   436 0.86 FUN_007571
FUN_000896-T1        -            570 55093at5125          -            116   4.1e-05   23.0   0.0   1   1   1.5e-07   7.6e-05   22.1   0.0    16    73    42    98    33   112 0.89 FUN_000896
FUN_008861-T1        -            585 55093at5125          -            116   7.6e-05   22.1   0.0   1   1   2.9e-07   0.00015   21.2   0.0     4    44    34    74    31   105 0.86 FUN_008861
FUN_003504-T1        -            350 55093at5125          -            116   9.1e-05   21.9   0.0   1   1   2.7e-07   0.00014   21.3   0.0    12    84   271   345   265   349 0.90 FUN_003504
#
# Program:         hmmsearch
# Version:         3.1b2 (February 2015)
# Pipeline mode:   SEARCH
# Query file:      /home/zack/funannotate_db/hypocreales_odb10/hmms/55093at5125.hmm
# Target file:     /home/zack/Desktop/IsariaPreferralGenome/MyGenomeSubmittedToNCBI/HypocrealesProteinSets/C_cateniannulata_MBC234.proteins.fa
# Option settings: hmmsearch --domtblout /home/zack/Desktop/IsariaPreferralGenome/MyGenomeSubmittedToNCBI/HypocrealesProteinSets/BUSCO_AA_all/BUSCO_AA_Ccateniannulata_MBC234/run_hypocreales_odb10/hmmer_output/initial_run_results/55093at5125.out --cpu 1 /home/zack/funannotate_db/hypocreales_odb10/hmms/55093at5125.hmm /home/zack/Desktop/IsariaPreferralGenome/MyGenomeSubmittedToNCBI/HypocrealesProteinSets/C_cateniannulata_MBC234.proteins.fa 
# Current dir:     /home/zack/Desktop/IsariaPreferralGenome/MyGenomeSubmittedToNCBI/HypocrealesProteinSets/BUSCO_AA_all
# Date:            Mon Mar  4 14:32:16 2024
# [ok]
