#                                                                            --- full sequence --- -------------- this domain -------------   hmm coord   ali coord   env coord
# target name        accession   tlen query name           accession   qlen   E-value  score  bias   #  of  c-Evalue  i-Evalue  score  bias  from    to  from    to  from    to  acc description of target
#------------------- ---------- ----- -------------------- ---------- ----- --------- ------ ----- --- --- --------- --------- ------ ----- ----- ----- ----- ----- ----- ----- ---- ---------------------
FUN_010512-T1        -           1292 5919at5125           -            740  1.5e-250  833.0 123.4   1  10   1.2e-09   1.3e-05   23.2   1.1     7    64     1    61     1    70 0.78 FUN_010512
FUN_010512-T1        -           1292 5919at5125           -            740  1.5e-250  833.0 123.4   2  10   1.9e-07    0.0022   15.9   5.3    32    60    75   103    65   119 0.79 FUN_010512
FUN_010512-T1        -           1292 5919at5125           -            740  1.5e-250  833.0 123.4   3  10   7.2e-28   8.1e-24   83.5  16.1    50   144   120   237   102   241 0.77 FUN_010512
FUN_010512-T1        -           1292 5919at5125           -            740  1.5e-250  833.0 123.4   4  10    0.0045        50    1.5   0.5   126   164   257   296   248   312 0.74 FUN_010512
FUN_010512-T1        -           1292 5919at5125           -            740  1.5e-250  833.0 123.4   5  10   0.00098        11    3.6   0.1   158   183   316   341   307   383 0.76 FUN_010512
FUN_010512-T1        -           1292 5919at5125           -            740  1.5e-250  833.0 123.4   6  10   1.3e-07    0.0015   16.4   2.5   176   232   403   464   380   471 0.78 FUN_010512
FUN_010512-T1        -           1292 5919at5125           -            740  1.5e-250  833.0 123.4   7  10      0.55   6.2e+03   -5.4   6.1   191   254   529   596   515   609 0.56 FUN_010512
FUN_010512-T1        -           1292 5919at5125           -            740  1.5e-250  833.0 123.4   8  10   1.7e-55   1.9e-51  174.8  11.4   235   360   648   782   626   791 0.87 FUN_010512
FUN_010512-T1        -           1292 5919at5125           -            740  1.5e-250  833.0 123.4   9  10    8e-115    9e-111  370.9   4.1   355   581   805  1065   797  1074 0.87 FUN_010512
FUN_010512-T1        -           1292 5919at5125           -            740  1.5e-250  833.0 123.4  10  10   2.4e-61   2.7e-57  194.1  15.1   584   740  1099  1292  1084  1292 0.80 FUN_010512
#
# Program:         hmmsearch
# Version:         3.1b2 (February 2015)
# Pipeline mode:   SEARCH
# Query file:      /home/zack/funannotate_db/hypocreales_odb10/hmms/5919at5125.hmm
# Target file:     /home/zack/Desktop/IsariaPreferralGenome/MyGenomeSubmittedToNCBI/HypocrealesProteinSets/C_cateniannulata_MBC234.proteins.fa
# Option settings: hmmsearch --domtblout /home/zack/Desktop/IsariaPreferralGenome/MyGenomeSubmittedToNCBI/HypocrealesProteinSets/BUSCO_AA_all/BUSCO_AA_Ccateniannulata_MBC234/run_hypocreales_odb10/hmmer_output/initial_run_results/5919at5125.out --cpu 1 /home/zack/funannotate_db/hypocreales_odb10/hmms/5919at5125.hmm /home/zack/Desktop/IsariaPreferralGenome/MyGenomeSubmittedToNCBI/HypocrealesProteinSets/C_cateniannulata_MBC234.proteins.fa 
# Current dir:     /home/zack/Desktop/IsariaPreferralGenome/MyGenomeSubmittedToNCBI/HypocrealesProteinSets/BUSCO_AA_all
# Date:            Mon Mar  4 14:32:25 2024
# [ok]
