#                                                                            --- full sequence --- -------------- this domain -------------   hmm coord   ali coord   env coord
# target name        accession   tlen query name           accession   qlen   E-value  score  bias   #  of  c-Evalue  i-Evalue  score  bias  from    to  from    to  from    to  acc description of target
#------------------- ---------- ----- -------------------- ---------- ----- --------- ------ ----- --- --- --------- --------- ------ ----- ----- ----- ----- ----- ----- ----- ---- ---------------------
FUN_009522-T1        -            946 6258at5125           -            671         0 1173.7   0.5   1   2   2.2e-15   9.9e-13   46.4   0.1     1    65   104   191   104   198 0.81 FUN_009522
FUN_009522-T1        -            946 6258at5125           -            671         0 1173.7   0.5   2   2         0         0 1125.5   0.0    57   662   248   921   238   942 0.92 FUN_009522
FUN_000707-T1        -           1693 6258at5125           -            671   9.6e-83  277.8   2.8   1   2   3.9e-51   1.8e-48  164.6   0.9   169   465   821  1144   778  1149 0.77 FUN_000707
FUN_000707-T1        -           1693 6258at5125           -            671   9.6e-83  277.8   2.8   2   2     3e-35   1.4e-32  112.0   0.0   514   657  1417  1565  1409  1573 0.89 FUN_000707
FUN_007521-T1        -           1413 6258at5125           -            671   1.8e-82  276.9   1.0   1   2   9.5e-53   4.3e-50  169.9   0.6   177   464   525   835   512   846 0.81 FUN_007521
FUN_007521-T1        -           1413 6258at5125           -            671   1.8e-82  276.9   1.0   2   2   4.1e-33   1.9e-30  105.0   0.0   516   660   855  1005   847  1014 0.90 FUN_007521
FUN_000235-T1        -           1116 6258at5125           -            671   3.1e-78  262.9   0.8   1   2   3.1e-45   1.4e-42  145.0   0.0   188   464   180   467   166   469 0.82 FUN_000235
FUN_000235-T1        -           1116 6258at5125           -            671   3.1e-78  262.9   0.8   2   2   1.9e-36   8.4e-34  116.0   0.2   514   657   483   632   477   640 0.88 FUN_000235
FUN_005966-T1        -            878 6258at5125           -            671     9e-75  251.4   0.1   1   2     3e-50   1.4e-47  161.6   0.1   167   438   116   407    48   425 0.80 FUN_005966
FUN_005966-T1        -            878 6258at5125           -            671     9e-75  251.4   0.1   2   2   7.1e-28   3.2e-25   87.7   0.0   515   656   632   779   626   795 0.84 FUN_005966
FUN_009372-T1        -           1599 6258at5125           -            671   9.6e-73  244.7   0.2   1   2   3.9e-42   1.8e-39  134.8   0.0   177   463   432   729   403   745 0.83 FUN_009372
FUN_009372-T1        -           1599 6258at5125           -            671   9.6e-73  244.7   0.2   2   2   6.7e-34     3e-31  107.6   0.0   515   654   753   898   748   908 0.89 FUN_009372
FUN_003007-T1        -           1703 6258at5125           -            671   3.1e-72  243.1   1.0   1   2   1.5e-40   6.8e-38  129.6   0.1   189   463   827  1126   809  1137 0.77 FUN_003007
FUN_003007-T1        -           1703 6258at5125           -            671   3.1e-72  243.1   1.0   2   2   4.1e-35   1.9e-32  111.6   0.1   513   653  1384  1530  1378  1540 0.89 FUN_003007
FUN_006460-T1        -           1646 6258at5125           -            671   2.2e-70  237.0   0.3   1   2   4.2e-44   1.9e-41  141.3   0.1   189   476   842  1147   827  1154 0.83 FUN_006460
FUN_006460-T1        -           1646 6258at5125           -            671   2.2e-70  237.0   0.3   2   2   1.2e-29   5.3e-27   93.6   0.0   518   663  1157  1308  1148  1313 0.86 FUN_006460
FUN_004504-T1        -           1901 6258at5125           -            671   2.6e-66  223.5   0.1   1   1   5.5e-68   2.5e-65  220.2   0.1   188   661  1309  1814  1303  1823 0.83 FUN_004504
FUN_009702-T1        -           1154 6258at5125           -            671   1.5e-62  211.0   0.1   1   3   4.7e-13   2.1e-10   38.7   0.0   187   262   393   474   371   502 0.78 FUN_009702
FUN_009702-T1        -           1154 6258at5125           -            671   1.5e-62  211.0   0.1   2   3   9.7e-24   4.4e-21   74.0   0.0   265   470   503   718   487   723 0.83 FUN_009702
FUN_009702-T1        -           1154 6258at5125           -            671   1.5e-62  211.0   0.1   3   3   5.1e-30   2.3e-27   94.8   0.0   523   659   736   878   721   884 0.86 FUN_009702
FUN_006479-T1        -           1115 6258at5125           -            671   1.7e-53  181.1   0.1   1   2   1.4e-19   6.5e-17   60.2   0.0   205   427   199   445   175   464 0.74 FUN_006479
FUN_006479-T1        -           1115 6258at5125           -            671   1.7e-53  181.1   0.1   2   2   9.7e-37   4.4e-34  117.0   0.0   517   655   557   700   551   712 0.87 FUN_006479
FUN_000876-T1        -            801 6258at5125           -            671   9.9e-51  172.0   0.0   1   2   1.3e-27   6.1e-25   86.8   0.0   190   426   212   479   162   525 0.71 FUN_000876
FUN_000876-T1        -            801 6258at5125           -            671   9.9e-51  172.0   0.0   2   2   1.6e-26   7.5e-24   83.2   0.0   513   664   554   712   547   718 0.84 FUN_000876
FUN_010698-T1        -           1616 6258at5125           -            671   5.5e-43  146.4   0.8   1   2   4.3e-18     2e-15   55.4   0.0   205   362   797   982   773   993 0.75 FUN_010698
FUN_010698-T1        -           1616 6258at5125           -            671   5.5e-43  146.4   0.8   2   2   2.5e-28   1.1e-25   89.2   0.2   516   660  1139  1287  1128  1294 0.91 FUN_010698
FUN_004043-T1        -            960 6258at5125           -            671   2.8e-41  140.8   0.5   1   2   2.1e-24   9.4e-22   76.2   0.0   181   363   350   551   337   557 0.80 FUN_004043
FUN_004043-T1        -            960 6258at5125           -            671   2.8e-41  140.8   0.5   2   2   3.4e-20   1.5e-17   62.3   0.1   483   655   757   933   751   946 0.83 FUN_004043
FUN_009043-T1        -           1206 6258at5125           -            671   2.9e-40  137.4   0.4   1   3   1.7e-11   7.8e-09   33.5   0.0   188   294   421   532   390   546 0.82 FUN_009043
FUN_009043-T1        -           1206 6258at5125           -            671   2.9e-40  137.4   0.4   2   3   1.3e-11   5.7e-09   34.0   0.1   306   428   571   695   566   750 0.72 FUN_009043
FUN_009043-T1        -           1206 6258at5125           -            671   2.9e-40  137.4   0.4   3   3   2.5e-21   1.1e-18   66.1   0.1   477   654   988  1175   972  1188 0.81 FUN_009043
FUN_007861-T1        -           1088 6258at5125           -            671   1.8e-37  128.2   0.0   1   3   4.1e-05     0.019   12.5   0.0   206   236   440   471   438   482 0.84 FUN_007861
FUN_007861-T1        -           1088 6258at5125           -            671   1.8e-37  128.2   0.0   2   3   9.2e-16   4.2e-13   47.7   0.0   232   442   506   719   498   761 0.74 FUN_007861
FUN_007861-T1        -           1088 6258at5125           -            671   1.8e-37  128.2   0.0   3   3   9.4e-21   4.3e-18   64.1   0.0   537   658   935  1061   922  1072 0.85 FUN_007861
FUN_008179-T1        -           1117 6258at5125           -            671   8.9e-35  119.3   1.5   1   3   2.7e-05     0.012   13.1   0.1   205   226   477   498   473   505 0.88 FUN_008179
FUN_008179-T1        -           1117 6258at5125           -            671   8.9e-35  119.3   1.5   2   3   5.9e-17   2.7e-14   51.6   0.0   222   447   524   768   510   838 0.73 FUN_008179
FUN_008179-T1        -           1117 6258at5125           -            671   8.9e-35  119.3   1.5   3   3   3.8e-17   1.7e-14   52.2   0.0   516   665   946  1101   939  1109 0.82 FUN_008179
FUN_001862-T1        -           1082 6258at5125           -            671   2.4e-32  111.2   0.1   1   2   5.3e-19   2.4e-16   58.4   0.0   187   363   251   461   232   500 0.73 FUN_001862
FUN_001862-T1        -           1082 6258at5125           -            671   2.4e-32  111.2   0.1   2   2   1.6e-16     7e-14   50.2   0.2   514   659   863  1012   859  1022 0.84 FUN_001862
FUN_001481-T1        -           1496 6258at5125           -            671   3.4e-17   61.2   0.0   1   2     8e-12   3.6e-09   34.6   0.0   205   294   325   435   320   441 0.73 FUN_001481
FUN_001481-T1        -           1496 6258at5125           -            671   3.4e-17   61.2   0.0   2   2   2.4e-08   1.1e-05   23.1   0.0   529   660  1247  1377  1229  1381 0.84 FUN_001481
FUN_005801-T1        -           1140 6258at5125           -            671     1e-10   39.8   5.1   1   3     0.097        44    1.3   0.2   206   225   265   284   261   289 0.85 FUN_005801
FUN_005801-T1        -           1140 6258at5125           -            671     1e-10   39.8   5.1   2   3    0.0024       1.1    6.6   0.0   237   343   386   499   381   503 0.72 FUN_005801
FUN_005801-T1        -           1140 6258at5125           -            671     1e-10   39.8   5.1   3   3   5.2e-11   2.3e-08   32.0   0.5   516   646   873  1007   866  1019 0.83 FUN_005801
FUN_008333-T1        -            490 6258at5125           -            671   2.7e-05   21.9   0.0   1   1     8e-08   3.6e-05   21.4   0.0   528   644   226   349   209   366 0.76 FUN_008333
FUN_008332-T1        -            729 6258at5125           -            671     0.025   12.0   0.0   1   2      0.75   3.4e+02   -1.6   0.0   190   229   417   461   404   464 0.65 FUN_008332
FUN_008332-T1        -            729 6258at5125           -            671     0.025   12.0   0.0   2   2   0.00019     0.088   10.2   0.0   308   351   676   719   661   726 0.88 FUN_008332
FUN_004196-T1        -           1060 6258at5125           -            671     0.029   11.8   0.1   1   1   0.00011     0.049   11.1   0.1   532   643   513   634   495   647 0.66 FUN_004196
FUN_006870-T1        -            583 6258at5125           -            671     0.076   10.5   0.0   1   1   0.00025      0.11    9.9   0.0   521   623   343   448   330   460 0.80 FUN_006870
FUN_004360-T1        -            822 6258at5125           -            671     0.079   10.4   0.0   1   1   0.00032      0.14    9.5   0.0   516   603   560   646   555   679 0.82 FUN_004360
#
# Program:         hmmsearch
# Version:         3.1b2 (February 2015)
# Pipeline mode:   SEARCH
# Query file:      /home/zack/funannotate_db/hypocreales_odb10/hmms/6258at5125.hmm
# Target file:     /home/zack/Desktop/IsariaPreferralGenome/MyGenomeSubmittedToNCBI/HypocrealesProteinSets/C_cateniannulata_MBC234.proteins.fa
# Option settings: hmmsearch --domtblout /home/zack/Desktop/IsariaPreferralGenome/MyGenomeSubmittedToNCBI/HypocrealesProteinSets/BUSCO_AA_all/BUSCO_AA_Ccateniannulata_MBC234/run_hypocreales_odb10/hmmer_output/initial_run_results/6258at5125.out --cpu 1 /home/zack/funannotate_db/hypocreales_odb10/hmms/6258at5125.hmm /home/zack/Desktop/IsariaPreferralGenome/MyGenomeSubmittedToNCBI/HypocrealesProteinSets/C_cateniannulata_MBC234.proteins.fa 
# Current dir:     /home/zack/Desktop/IsariaPreferralGenome/MyGenomeSubmittedToNCBI/HypocrealesProteinSets/BUSCO_AA_all
# Date:            Mon Mar  4 14:32:33 2024
# [ok]
