#                                                                            --- full sequence --- -------------- this domain -------------   hmm coord   ali coord   env coord
# target name        accession   tlen query name           accession   qlen   E-value  score  bias   #  of  c-Evalue  i-Evalue  score  bias  from    to  from    to  from    to  acc description of target
#------------------- ---------- ----- -------------------- ---------- ----- --------- ------ ----- --- --- --------- --------- ------ ----- ----- ----- ----- ----- ----- ----- ---- ---------------------
FUN_004087-T1        -            753 6318at5125           -            606         0 1162.9   9.3   1   2   6.7e-57   4.5e-55  186.7   3.3     7   127    25   143    18   145 0.88 FUN_004087
FUN_004087-T1        -            753 6318at5125           -            606         0 1162.9   9.3   2   2  5.6e-297  3.8e-295  979.6   0.4   116   598   215   714   200   720 0.96 FUN_004087
FUN_002702-T1        -            777 6318at5125           -            606  5.2e-161  536.5   0.1   1   2   0.00021     0.014   13.3   0.0    50    87    47    84    41   112 0.87 FUN_002702
FUN_002702-T1        -            777 6318at5125           -            606  5.2e-161  536.5   0.1   2   2  3.7e-158  2.5e-156  521.1   0.0   117   597   206   717   187   723 0.89 FUN_002702
FUN_006624-T1        -            369 6318at5125           -            606   1.9e-25   88.8   1.1   1   2   3.8e-08   2.6e-06   25.7   0.3    28   118    35   125    29   141 0.73 FUN_006624
FUN_006624-T1        -            369 6318at5125           -            606   1.9e-25   88.8   1.1   2   2   3.7e-19   2.5e-17   62.0   0.0    88   302   157   368   148   369 0.79 FUN_006624
FUN_006177-T1        -            851 6318at5125           -            606     2e-25   88.8   4.6   1   2   4.8e-12   3.3e-10   38.5   1.3    22    87    40   106    19   110 0.88 FUN_006177
FUN_006177-T1        -            851 6318at5125           -            606     2e-25   88.8   4.6   2   2   7.5e-16   5.1e-14   51.1   0.1   123   496   188   551   174   569 0.74 FUN_006177
FUN_006730-T1        -            432 6318at5125           -            606   2.3e-22   78.7   0.0   1   2   4.9e-23   3.3e-21   74.8   0.0   125   340   142   355   112   365 0.87 FUN_006730
FUN_006730-T1        -            432 6318at5125           -            606   2.3e-22   78.7   0.0   2   2      0.55        38    2.0   0.0   332   390   371   430   359   432 0.81 FUN_006730
FUN_008684-T1        -           1063 6318at5125           -            606   7.5e-18   63.7   0.5   1   2   2.9e-06   0.00019   19.5   3.2    19    84   137   203   120   238 0.78 FUN_008684
FUN_008684-T1        -           1063 6318at5125           -            606   7.5e-18   63.7   0.5   2   2   3.1e-12   2.1e-10   39.2   0.0   113   334   282   494   267   502 0.83 FUN_008684
FUN_010415-T1        -            162 6318at5125           -            606   1.1e-11   43.4   0.2   1   1   1.7e-13   1.2e-11   43.3   0.2    27    89    21    84    13   119 0.88 FUN_010415
FUN_007761-T1        -            948 6318at5125           -            606   3.5e-11   41.7   1.2   1   3   7.2e-08   4.9e-06   24.7   0.7    24    86    57   121    46   131 0.83 FUN_007761
FUN_007761-T1        -            948 6318at5125           -            606   3.5e-11   41.7   1.2   2   3   0.00088      0.06   11.2   0.0   121   156   243   278   224   296 0.85 FUN_007761
FUN_007761-T1        -            948 6318at5125           -            606   3.5e-11   41.7   1.2   3   3      0.51        34    2.1   0.0   282   320   429   466   357   471 0.80 FUN_007761
FUN_008076-T1        -            897 6318at5125           -            606   1.5e-10   39.6   2.0   1   2   2.4e-08   1.7e-06   26.3   1.4    23    89    76   145    52   180 0.75 FUN_008076
FUN_008076-T1        -            897 6318at5125           -            606   1.5e-10   39.6   2.0   2   2    0.0007     0.047   11.6   0.0   279   436   456   604   426   621 0.81 FUN_008076
FUN_006879-T1        -            756 6318at5125           -            606   6.3e-10   37.6  20.9   1   3   2.8e-05    0.0019   16.2   5.4    18    61    43    86    28    96 0.82 FUN_006879
FUN_006879-T1        -            756 6318at5125           -            606   6.3e-10   37.6  20.9   2   3     0.012      0.85    7.4   5.1    24    67    99   144    95   158 0.82 FUN_006879
FUN_006879-T1        -            756 6318at5125           -            606   6.3e-10   37.6  20.9   3   3   1.4e-06   9.4e-05   20.5   0.0   257   400   302   451   276   487 0.73 FUN_006879
FUN_005756-T1        -            685 6318at5125           -            606   2.8e-09   35.4   0.5   1   1   8.2e-11   5.6e-09   34.5   0.5    25   114    66   154    55   169 0.74 FUN_005756
FUN_003327-T1        -            819 6318at5125           -            606   3.5e-08   31.8  12.2   1   3   2.3e-08   1.6e-06   26.4   5.5    16    95   109   190    98   202 0.83 FUN_003327
FUN_003327-T1        -            819 6318at5125           -            606   3.5e-08   31.8  12.2   2   3      0.28        19    2.9   0.0   106   237   246   381   226   402 0.67 FUN_003327
FUN_003327-T1        -            819 6318at5125           -            606   3.5e-08   31.8  12.2   3   3     0.063       4.2    5.1   0.1   279   323   404   447   396   459 0.78 FUN_003327
FUN_004331-T1        -            701 6318at5125           -            606   5.4e-08   31.2   2.0   1   2   7.7e-06   0.00053   18.0   0.8    21    83    27    88    17   131 0.68 FUN_004331
FUN_004331-T1        -            701 6318at5125           -            606   5.4e-08   31.2   2.0   2   2   0.00051     0.035   12.0   0.0   248   299   349   397   336   417 0.78 FUN_004331
FUN_003344-T1        -            713 6318at5125           -            606   7.5e-08   30.7   4.8   1   2   1.1e-06   7.5e-05   20.8   4.3    17    52    17    51     9    64 0.83 FUN_003344
FUN_003344-T1        -            713 6318at5125           -            606   7.5e-08   30.7   4.8   2   2    0.0087      0.59    7.9   0.0   114   251   212   357   195   379 0.79 FUN_003344
FUN_001720-T1        -            722 6318at5125           -            606   8.7e-08   30.5  25.5   1   3   7.2e-06   0.00049   18.1   7.1    27    60     3    36     1    69 0.87 FUN_001720
FUN_001720-T1        -            722 6318at5125           -            606   8.7e-08   30.5  25.5   2   3     0.013      0.92    7.3   6.9    22    60    65   102    44   115 0.77 FUN_001720
FUN_001720-T1        -            722 6318at5125           -            606   8.7e-08   30.5  25.5   3   3   0.00054     0.036   11.9   0.1   103   330   125   353   116   363 0.65 FUN_001720
FUN_005192-T1        -            741 6318at5125           -            606   1.4e-07   29.9   0.9   1   1   3.1e-09   2.1e-07   29.3   0.9    19    98   162   245   154   275 0.81 FUN_005192
FUN_011239-T1        -            215 6318at5125           -            606   1.6e-07   29.6   1.5   1   1   3.2e-09   2.2e-07   29.2   1.5    20   100    31   110    21   145 0.73 FUN_011239
FUN_006623-T1        -            330 6318at5125           -            606     2e-07   29.3   0.1   1   1   3.8e-09   2.6e-07   29.0   0.1   340   502    21   182     9   210 0.79 FUN_006623
FUN_001030-T1        -            671 6318at5125           -            606     2e-07   29.3   0.8   1   1   2.9e-09     2e-07   29.3   0.8    20   106     5    87     2   105 0.81 FUN_001030
FUN_001413-T1        -            678 6318at5125           -            606     2e-07   29.3   0.3   1   1   4.7e-09   3.2e-07   28.7   0.3    26    87    23    84    10   108 0.90 FUN_001413
FUN_009682-T1        -            582 6318at5125           -            606   2.1e-07   29.2   1.3   1   1   5.8e-09   3.9e-07   28.3   1.3    18    59    14    56     3    71 0.86 FUN_009682
FUN_001433-T1        -            604 6318at5125           -            606   2.7e-07   28.9   0.3   1   1   8.4e-09   5.7e-07   27.8   0.3    25   122    12   123     7   127 0.65 FUN_001433
FUN_000720-T1        -            818 6318at5125           -            606   4.7e-07   28.1  26.4   1   3      0.01      0.68    7.7   5.5    28    57     2    31     1    43 0.91 FUN_000720
FUN_000720-T1        -            818 6318at5125           -            606   4.7e-07   28.1  26.4   2   3     0.021       1.4    6.7   7.4    27    59    62    94    44   106 0.86 FUN_000720
FUN_000720-T1        -            818 6318at5125           -            606   4.7e-07   28.1  26.4   3   3   2.1e-07   1.4e-05   23.2   0.2   274   433   339   513   172   593 0.72 FUN_000720
FUN_009125-T1        -            444 6318at5125           -            606   7.4e-07   27.4   2.3   1   1   1.6e-08   1.1e-06   26.9   2.3    16    61    19    64     7    83 0.81 FUN_009125
FUN_006527-T1        -            676 6318at5125           -            606   1.1e-06   26.9   1.3   1   1   2.3e-08   1.6e-06   26.3   1.3    23    60    32    69    19   135 0.75 FUN_006527
FUN_008755-T1        -            388 6318at5125           -            606   1.2e-06   26.7   3.5   1   2   1.6e-07   1.1e-05   23.6   3.7    19    72     7    59     2    82 0.72 FUN_008755
FUN_008755-T1        -            388 6318at5125           -            606   1.2e-06   26.7   3.5   2   2       1.4        96    0.6   0.0   137   250   235   359   187   380 0.66 FUN_008755
FUN_006144-T1        -            214 6318at5125           -            606   1.4e-06   26.5   1.3   1   1   2.4e-08   1.7e-06   26.3   1.3    26    88     8    71     3   104 0.89 FUN_006144
FUN_005674-T1        -            686 6318at5125           -            606   1.6e-06   26.4   5.7   1   2   2.2e-06   0.00015   19.8   4.4     7    59   125   177   120   182 0.77 FUN_005674
FUN_005674-T1        -            686 6318at5125           -            606   1.6e-06   26.4   5.7   2   2      0.05       3.4    5.4   0.0   121   256   275   421   261   440 0.73 FUN_005674
FUN_003614-T1        -            530 6318at5125           -            606   2.1e-06   25.9   1.8   1   1     6e-08     4e-06   25.0   1.8    10    58    13    63     6    76 0.82 FUN_003614
FUN_004965-T1        -            517 6318at5125           -            606   2.9e-06   25.5   2.3   1   1   6.5e-08   4.4e-06   24.9   2.3    10    66    29    85    21   101 0.84 FUN_004965
FUN_000785-T1        -            482 6318at5125           -            606   3.5e-06   25.2   3.9   1   1   7.4e-08     5e-06   24.7   3.9    17    58     8    49     2    56 0.85 FUN_000785
FUN_009310-T1        -            715 6318at5125           -            606   4.2e-06   24.9   0.4   1   2   6.2e-08   4.2e-06   24.9   0.4    27   125    19   119    12   123 0.80 FUN_009310
FUN_009310-T1        -            715 6318at5125           -            606   4.2e-06   24.9   0.4   2   2       5.1   3.5e+02   -1.2   0.1   277   295   347   365   327   371 0.84 FUN_009310
FUN_008131-T1        -            597 6318at5125           -            606   4.5e-06   24.8   4.2   1   1   1.2e-07   8.4e-06   24.0   4.2    10    58    34    82    26   106 0.90 FUN_008131
FUN_004375-T1        -            453 6318at5125           -            606   6.5e-06   24.3   3.5   1   1   1.4e-07   9.6e-06   23.8   3.5    19    62    31    74    17    99 0.86 FUN_004375
FUN_005692-T1        -            918 6318at5125           -            606   7.9e-06   24.0   8.3   1   2   4.4e-05     0.003   15.5   5.4    14    73    33    92    24   141 0.66 FUN_005692
FUN_005692-T1        -            918 6318at5125           -            606   7.9e-06   24.0   8.3   2   2    0.0065      0.44    8.4   0.0    97   244   204   359   191   384 0.78 FUN_005692
FUN_003538-T1        -            836 6318at5125           -            606   1.3e-05   23.3   3.3   1   3    0.0013     0.086   10.7   4.3    15    57    16    60     8    65 0.72 FUN_003538
FUN_003538-T1        -            836 6318at5125           -            606   1.3e-05   23.3   3.3   2   3     0.018       1.2    6.9   0.0    88   189   203   303   188   368 0.72 FUN_003538
FUN_003538-T1        -            836 6318at5125           -            606   1.3e-05   23.3   3.3   3   3       1.5     1e+02    0.5   0.0   383   524   469   617   441   631 0.60 FUN_003538
FUN_005061-T1        -           1145 6318at5125           -            606   1.3e-05   23.3   1.7   1   1   3.7e-07   2.5e-05   22.4   1.1    17    89   257   332   243   362 0.78 FUN_005061
FUN_005185-T1        -            498 6318at5125           -            606   1.4e-05   23.2   5.6   1   1   3.1e-07   2.1e-05   22.6   5.6    15    71    30    91    16    99 0.75 FUN_005185
FUN_001614-T1        -            549 6318at5125           -            606   1.4e-05   23.2   3.4   1   1   5.4e-07   3.7e-05   21.8   3.4    18    56    39    77    29    94 0.84 FUN_001614
FUN_004785-T1        -            840 6318at5125           -            606   2.1e-05   22.6   7.5   1   2   0.00081     0.055   11.4   1.5     8    99    34   128    28   153 0.70 FUN_004785
FUN_004785-T1        -            840 6318at5125           -            606   2.1e-05   22.6   7.5   2   2   0.00032     0.022   12.7   0.5   207   317   208   302   197   309 0.76 FUN_004785
FUN_006289-T1        -            730 6318at5125           -            606   2.4e-05   22.4   3.8   1   2   9.7e-06   0.00066   17.7   2.6     6    70    12    76     8   100 0.74 FUN_006289
FUN_006289-T1        -            730 6318at5125           -            606   2.4e-05   22.4   3.8   2   2      0.16        11    3.7   0.0   131   153   218   240   188   255 0.83 FUN_006289
FUN_009982-T1        -            784 6318at5125           -            606   2.8e-05   22.2   1.4   1   2   1.4e-05   0.00098   17.1   0.8    24    63    60   100    41   156 0.82 FUN_009982
FUN_009982-T1        -            784 6318at5125           -            606   2.8e-05   22.2   1.4   2   2      0.25        17    3.1   0.0   276   300   385   409   346   506 0.86 FUN_009982
FUN_003232-T1        -           1020 6318at5125           -            606   2.9e-05   22.2   0.3   1   2       0.1       7.1    4.4   1.3    34    57    38    61    29    74 0.86 FUN_003232
FUN_003232-T1        -           1020 6318at5125           -            606   2.9e-05   22.2   0.3   2   2   9.6e-05    0.0065   14.4   0.0   117   263   271   420   246   479 0.74 FUN_003232
FUN_010345-T1        -            590 6318at5125           -            606   4.1e-05   21.7   1.1   1   2     6e-07   4.1e-05   21.7   1.1    27    56     9    38     4   104 0.88 FUN_010345
FUN_010345-T1        -            590 6318at5125           -            606   4.1e-05   21.7   1.1   2   2       4.4     3e+02   -1.0   0.1   357   386   396   425   384   435 0.78 FUN_010345
FUN_002911-T1        -            640 6318at5125           -            606   4.8e-05   21.4   3.1   1   1   1.2e-06     8e-05   20.7   3.1    19    62    10    53     3    61 0.84 FUN_002911
FUN_007877-T1        -            479 6318at5125           -            606   5.2e-05   21.4   4.0   1   1   1.2e-06   8.2e-05   20.7   4.0    26    61     7    42     5    57 0.90 FUN_007877
FUN_008417-T1        -            549 6318at5125           -            606   5.8e-05   21.2   4.7   1   1   1.3e-06   8.7e-05   20.6   4.7    20    63    35    79    19    91 0.77 FUN_008417
FUN_001629-T1        -            720 6318at5125           -            606   5.8e-05   21.2   2.4   1   2   3.2e-06   0.00022   19.3   1.2    18    88    12    82     2    96 0.78 FUN_001629
FUN_001629-T1        -            720 6318at5125           -            606   5.8e-05   21.2   2.4   2   2       1.8   1.2e+02    0.3   0.0   194   253   302   361   206   378 0.74 FUN_001629
FUN_009615-T1        -            763 6318at5125           -            606   5.9e-05   21.2   4.2   1   1   1.6e-06   0.00011   20.3   4.2     5    59    66   120    62   162 0.82 FUN_009615
FUN_000782-T1        -            684 6318at5125           -            606   6.9e-05   20.9   1.6   1   1   1.8e-06   0.00012   20.1   0.1   242   336   218   302   160   313 0.67 FUN_000782
FUN_002981-T1        -            180 6318at5125           -            606   7.6e-05   20.8   5.9   1   1   1.5e-06   9.9e-05   20.4   5.9    14    57    37    80    23    86 0.82 FUN_002981
FUN_000019-T1        -            444 6318at5125           -            606   7.8e-05   20.8   3.9   1   1   1.8e-06   0.00012   20.1   3.9    11    59    14    62     4    83 0.84 FUN_000019
FUN_005610-T1        -            595 6318at5125           -            606   0.00011   20.3   4.6   1   1   2.2e-06   0.00015   19.8   4.6     7    57    57   106    51   122 0.83 FUN_005610
FUN_001071-T1        -            888 6318at5125           -            606   0.00013   20.0  23.2   1   3   0.00017     0.012   13.6   4.4    26    61    25    60     7    71 0.85 FUN_001071
FUN_001071-T1        -            888 6318at5125           -            606   0.00013   20.0  23.2   2   3   0.00032     0.022   12.7   7.9    22    64    84   126    66   137 0.81 FUN_001071
FUN_001071-T1        -            888 6318at5125           -            606   0.00013   20.0  23.2   3   3       1.5     1e+02    0.5   0.1   272   299   437   464   367   574 0.68 FUN_001071
FUN_002511-T1        -            592 6318at5125           -            606   0.00014   19.9   5.7   1   2     0.004      0.27    9.0   3.4    28    67    28    65    24    84 0.85 FUN_002511
FUN_002511-T1        -            592 6318at5125           -            606   0.00014   19.9   5.7   2   2     0.001     0.068   11.0   0.0   272   330   266   325   238   399 0.73 FUN_002511
FUN_001740-T1        -            742 6318at5125           -            606   0.00015   19.8   3.7   1   1   3.7e-06   0.00025   19.1   3.7    10    90     4    89     1   113 0.71 FUN_001740
FUN_002604-T1        -            787 6318at5125           -            606    0.0002   19.4   1.2   1   1   5.6e-06   0.00038   18.5   1.2    26    91    24    88    14   114 0.77 FUN_002604
FUN_008594-T1        -            523 6318at5125           -            606    0.0002   19.4   3.1   1   1   4.5e-06   0.00031   18.8   3.1    28    57    10    39     6    59 0.85 FUN_008594
FUN_006002-T1        -            593 6318at5125           -            606   0.00021   19.3   1.5   1   1   4.7e-06   0.00032   18.7   1.5    28    56    10    38     6    97 0.92 FUN_006002
FUN_004436-T1        -            686 6318at5125           -            606   0.00027   19.0   0.0   1   1   7.6e-06   0.00051   18.1   0.0   274   408   200   339   188   373 0.70 FUN_004436
FUN_000845-T1        -            717 6318at5125           -            606   0.00028   18.9   0.1   1   1   6.4e-06   0.00043   18.3   0.1    27    97    93   165    85   274 0.73 FUN_000845
FUN_000822-T1        -            494 6318at5125           -            606   0.00033   18.7   5.5   1   1   7.4e-06    0.0005   18.1   5.5    16    63    22    69    12    78 0.87 FUN_000822
FUN_009067-T1        -            637 6318at5125           -            606   0.00034   18.6   8.6   1   2   8.2e-06   0.00056   17.9   2.7    26   152     6   120     2   142 0.76 FUN_009067
FUN_009067-T1        -            637 6318at5125           -            606   0.00034   18.6   8.6   2   2       0.2        14    3.4   0.3   279   298   243   262   204   268 0.68 FUN_009067
FUN_002913-T1        -            542 6318at5125           -            606   0.00039   18.5   4.5   1   1   8.7e-06   0.00059   17.8   4.5    16    57    13    54     4    62 0.83 FUN_002913
FUN_006815-T1        -            429 6318at5125           -            606   0.00039   18.4   1.4   1   1   8.3e-06   0.00056   17.9   1.4    16    66    60   110    44   118 0.80 FUN_006815
FUN_000538-T1        -            840 6318at5125           -            606   0.00042   18.3   8.9   1   2    0.0007     0.048   11.6   3.3    20    65   235   280   220   288 0.83 FUN_000538
FUN_000538-T1        -            840 6318at5125           -            606   0.00042   18.3   8.9   2   2    0.0022      0.15    9.9   0.3   281   437   532   686   499   706 0.73 FUN_000538
FUN_004655-T1        -            582 6318at5125           -            606   0.00045   18.2   8.8   1   1   9.8e-06   0.00066   17.7   8.8    13    60    30    78    18    91 0.79 FUN_004655
FUN_008681-T1        -            719 6318at5125           -            606   0.00045   18.2   3.0   1   1     1e-05   0.00071   17.6   3.0    14   106    17   115     5   139 0.65 FUN_008681
FUN_003134-T1        -            893 6318at5125           -            606    0.0005   18.1   0.4   1   2   7.4e-06    0.0005   18.1   0.4    27    94    22    90    14   148 0.84 FUN_003134
FUN_003134-T1        -            893 6318at5125           -            606    0.0005   18.1   0.4   2   2       5.1   3.4e+02   -1.2   0.1   282   319   354   390   349   467 0.47 FUN_003134
FUN_004289-T1        -            459 6318at5125           -            606   0.00051   18.1   5.1   1   1   1.2e-05   0.00082   17.4   5.1    26    65    15    54    12    59 0.91 FUN_004289
FUN_008189-T1        -            683 6318at5125           -            606   0.00055   17.9   5.4   1   1   1.2e-05   0.00084   17.3   5.4    25    58    18    53     9    63 0.84 FUN_008189
FUN_003853-T1        -            815 6318at5125           -            606   0.00058   17.9   4.6   1   1   1.5e-05     0.001   17.1   4.6    15    65    18    65     2    71 0.76 FUN_003853
FUN_008149-T1        -            550 6318at5125           -            606   0.00061   17.8   6.3   1   1   1.4e-05   0.00097   17.1   6.3    19    57     4    42     2    47 0.91 FUN_008149
FUN_010971-T1        -            740 6318at5125           -            606   0.00062   17.8   3.2   1   2   1.9e-05    0.0013   16.7   2.0    27    66    48    86    42   159 0.64 FUN_010971
FUN_010971-T1        -            740 6318at5125           -            606   0.00062   17.8   3.2   2   2       4.5   3.1e+02   -1.0   0.0   279   300   415   436   398   471 0.78 FUN_010971
FUN_010535-T1        -            704 6318at5125           -            606   0.00064   17.7   3.1   1   1   1.5e-05     0.001   17.1   3.1    21    59    19    59     7    68 0.78 FUN_010535
FUN_006545-T1        -            698 6318at5125           -            606   0.00065   17.7   1.0   1   1   1.4e-05   0.00093   17.2   1.0    27    56     9    38     6   107 0.92 FUN_006545
FUN_001580-T1        -            558 6318at5125           -            606   0.00065   17.7   0.9   1   1   1.4e-05   0.00092   17.2   0.9    27    61     9    43     6    97 0.88 FUN_001580
FUN_009720-T1        -            526 6318at5125           -            606   0.00074   17.5   2.0   1   1   1.7e-05    0.0011   16.9   2.0    17    56    37    76    16    86 0.81 FUN_009720
FUN_010466-T1        -            458 6318at5125           -            606   0.00084   17.4   8.5   1   1   1.9e-05    0.0013   16.7   8.5    16    67    12    62     2    66 0.80 FUN_010466
FUN_009936-T1        -            734 6318at5125           -            606   0.00086   17.3   2.3   1   2   2.4e-05    0.0016   16.4   1.1    27    88    20    80    14   118 0.78 FUN_009936
FUN_009936-T1        -            734 6318at5125           -            606   0.00086   17.3   2.3   2   2       3.8   2.6e+02   -0.8   0.0   279   295   352   368   234   373 0.85 FUN_009936
FUN_003577-T1        -            485 6318at5125           -            606   0.00087   17.3   7.0   1   1     2e-05    0.0014   16.6   7.0    17    56    15    54     3    60 0.84 FUN_003577
FUN_002453-T1        -            644 6318at5125           -            606    0.0009   17.3   2.4   1   1   2.2e-05    0.0015   16.6   2.4    20    60    23    63     2    75 0.74 FUN_002453
FUN_003231-T1        -            593 6318at5125           -            606   0.00092   17.2   3.9   1   1   2.1e-05    0.0014   16.6   3.9    23    60    15    52     9    71 0.80 FUN_003231
FUN_000642-T1        -            751 6318at5125           -            606     0.001   17.1  13.3   1   2   0.00014    0.0093   13.9   4.7    28   101    20    96    12   115 0.82 FUN_000642
FUN_000642-T1        -            751 6318at5125           -            606     0.001   17.1  13.3   2   2     0.085       5.8    4.7   1.2   282   321   327   365   127   377 0.65 FUN_000642
FUN_001131-T1        -            420 6318at5125           -            606    0.0012   16.9   1.5   1   1   2.5e-05    0.0017   16.3   1.5    12    65    45   101    34   109 0.72 FUN_001131
FUN_005684-T1        -            901 6318at5125           -            606    0.0013   16.7   0.6   1   1   3.1e-05    0.0021   16.0   0.6     9    89   431   510   421   547 0.71 FUN_005684
FUN_004472-T1        -            789 6318at5125           -            606    0.0013   16.7   1.4   1   1     2e-05    0.0013   16.7   1.4    11    50     5    42     1   105 0.72 FUN_004472
FUN_007383-T1        -            397 6318at5125           -            606    0.0013   16.7   6.2   1   2   0.00059      0.04   11.8   2.3    18    60     4    46     1    80 0.85 FUN_007383
FUN_007383-T1        -            397 6318at5125           -            606    0.0013   16.7   6.2   2   2     0.022       1.5    6.6   0.1   271   296   272   297   256   301 0.84 FUN_007383
FUN_006023-T1        -            769 6318at5125           -            606    0.0015   16.5   2.6   1   1   2.2e-05    0.0015   16.5   2.6    26    69    29    71    23   104 0.82 FUN_006023
FUN_002073-T1        -            419 6318at5125           -            606    0.0017   16.4   2.6   1   3   0.00085     0.058   11.3   1.2    30    56    34    60    19    64 0.92 FUN_002073
FUN_002073-T1        -            419 6318at5125           -            606    0.0017   16.4   2.6   2   3      0.85        58    1.4   0.0   287   307   140   160   120   182 0.72 FUN_002073
FUN_002073-T1        -            419 6318at5125           -            606    0.0017   16.4   2.6   3   3       1.1        78    0.9   0.0   377   404   359   386   347   414 0.82 FUN_002073
FUN_007187-T1        -            426 6318at5125           -            606    0.0017   16.3   0.5   1   1     4e-05    0.0027   15.7   0.5   338   446   210   316   140   336 0.81 FUN_007187
FUN_001575-T1        -            487 6318at5125           -            606     0.002   16.1   3.5   1   1   5.1e-05    0.0035   15.3   3.5    21    59     7    47     2    66 0.74 FUN_001575
FUN_007844-T1        -            623 6318at5125           -            606     0.002   16.1   4.3   1   1   6.6e-05    0.0045   14.9   4.3    13    63    50   101    42   115 0.81 FUN_007844
FUN_005633-T1        -            693 6318at5125           -            606    0.0025   15.8   0.2   1   2       6.8   4.6e+02   -1.6   0.0   445   484   137   176   133   179 0.85 FUN_005633
FUN_005633-T1        -            693 6318at5125           -            606    0.0025   15.8   0.2   2   2   0.00012    0.0082   14.1   0.1   101   311   226   429   219   440 0.80 FUN_005633
FUN_007033-T1        -            539 6318at5125           -            606    0.0029   15.6   2.3   1   3     0.047       3.2    5.5   1.3    10    67    23    78    16   133 0.80 FUN_007033
FUN_007033-T1        -            539 6318at5125           -            606    0.0029   15.6   2.3   2   3       7.8   5.3e+02   -1.8   0.0    48   117   351   419   347   436 0.75 FUN_007033
FUN_007033-T1        -            539 6318at5125           -            606    0.0029   15.6   2.3   3   3    0.0083      0.56    8.0   0.0   276   302   497   523   479   532 0.80 FUN_007033
FUN_003610-T1        -            724 6318at5125           -            606    0.0035   15.3   6.5   1   1   8.3e-05    0.0056   14.6   6.5    20    59    11    49     3    60 0.84 FUN_003610
FUN_005267-T1        -            464 6318at5125           -            606    0.0036   15.2   9.0   1   1   8.1e-05    0.0055   14.7   9.0    11    63    25    77    18    88 0.82 FUN_005267
FUN_001389-T1        -            576 6318at5125           -            606    0.0038   15.2   5.0   1   1     8e-05    0.0055   14.7   5.0    14    56   106   148    92   177 0.80 FUN_001389
FUN_008958-T1        -            513 6318at5125           -            606     0.004   15.1   5.3   1   2   0.00022     0.015   13.2   3.0    14    72    18    75     7   104 0.77 FUN_008958
FUN_008958-T1        -            513 6318at5125           -            606     0.004   15.1   5.3   2   2      0.59        40    1.9   0.0   326   402   381   451   371   489 0.68 FUN_008958
FUN_007308-T1        -            719 6318at5125           -            606    0.0049   14.8   2.5   1   1   0.00011    0.0075   14.2   2.5    24    57   166   199   155   231 0.80 FUN_007308
FUN_008929-T1        -            836 6318at5125           -            606    0.0049   14.8   3.0   1   1   0.00013    0.0086   14.0   3.0    27   118    52   145    34   155 0.74 FUN_008929
FUN_002360-T1        -            634 6318at5125           -            606    0.0049   14.8   1.6   1   1   0.00011    0.0071   14.3   1.6    27    64    16    52     9    94 0.89 FUN_002360
FUN_001359-T1        -            550 6318at5125           -            606     0.005   14.8   0.6   1   1    0.0001     0.007   14.3   0.6    27    64    10    48     2   103 0.76 FUN_001359
FUN_003726-T1        -            811 6318at5125           -            606    0.0062   14.5   7.7   1   1   0.00018     0.012   13.5   7.7    14    59    68   111    56   123 0.78 FUN_003726
FUN_007608-T1        -            522 6318at5125           -            606    0.0069   14.3  16.4   1   3      0.35        24    2.6   6.3    26    57     4    37     2    50 0.86 FUN_007608
FUN_007608-T1        -            522 6318at5125           -            606    0.0069   14.3  16.4   2   3    0.0019      0.13   10.1   0.1   115   181    59   122    50   165 0.88 FUN_007608
FUN_007608-T1        -            522 6318at5125           -            606    0.0069   14.3  16.4   3   3     0.015         1    7.2   0.4   253   302   175   224   161   232 0.88 FUN_007608
FUN_003559-T1        -            721 6318at5125           -            606    0.0073   14.2   6.8   1   1   0.00016     0.011   13.7   6.0    18    58    10    51     2    54 0.72 FUN_003559
FUN_005085-T1        -            929 6318at5125           -            606    0.0076   14.2   0.3   1   1   0.00022     0.015   13.2   0.3    27    59    83   114    79   194 0.69 FUN_005085
FUN_008215-T1        -            994 6318at5125           -            606    0.0089   14.0   3.5   1   2   9.5e-05    0.0064   14.4   1.0    17    88    47   116    30   150 0.71 FUN_008215
FUN_008215-T1        -            994 6318at5125           -            606    0.0089   14.0   3.5   2   2       6.6   4.5e+02   -1.6   0.1   278   298   401   421   326   525 0.67 FUN_008215
FUN_004541-T1        -            453 6318at5125           -            606    0.0096   13.9   4.7   1   1   0.00022     0.015   13.3   4.7    18    58    79   119    65   125 0.82 FUN_004541
FUN_007422-T1        -            459 6318at5125           -            606      0.01   13.8   2.5   1   1   0.00023     0.015   13.2   2.5    21    59    29    67    24    81 0.90 FUN_007422
FUN_001612-T1        -            707 6318at5125           -            606     0.013   13.5   1.1   1   1   0.00034     0.023   12.6   1.1    21    57    25    61    10   134 0.88 FUN_001612
FUN_001926-T1        -            673 6318at5125           -            606     0.015   13.2   0.1   1   1   0.00038     0.026   12.4   0.1   131   252   103   218    86   234 0.82 FUN_001926
FUN_010261-T1        -            551 6318at5125           -            606     0.018   12.9  12.5   1   3    0.0003      0.02   12.8   4.3    28    60    55    87    50   127 0.75 FUN_010261
FUN_010261-T1        -            551 6318at5125           -            606     0.018   12.9  12.5   2   3      0.21        14    3.4   0.1   279   302   227   250   222   266 0.83 FUN_010261
FUN_010261-T1        -            551 6318at5125           -            606     0.018   12.9  12.5   3   3       2.8   1.9e+02   -0.3   0.0   497   535   419   460   379   471 0.57 FUN_010261
FUN_002471-T1        -            621 6318at5125           -            606     0.018   12.9   6.7   1   3       0.2        14    3.4   1.7    24    51    14    43     3    71 0.70 FUN_002471
FUN_002471-T1        -            621 6318at5125           -            606     0.018   12.9   6.7   2   3    0.0011     0.075   10.9   0.0   117   154   181   218   159   235 0.77 FUN_002471
FUN_002471-T1        -            621 6318at5125           -            606     0.018   12.9   6.7   3   3       5.8   3.9e+02   -1.4   0.2   350   350   400   400   333   440 0.48 FUN_002471
FUN_000090-T1        -            643 6318at5125           -            606     0.019   12.9   0.6   1   2    0.0046      0.31    8.9   0.2   265   301   294   328   151   431 0.86 FUN_000090
FUN_000090-T1        -            643 6318at5125           -            606     0.019   12.9   0.6   2   2       7.4     5e+02   -1.7   0.0   508   535   527   554   461   584 0.68 FUN_000090
FUN_007145-T1        -            818 6318at5125           -            606      0.02   12.8   0.6   1   1   0.00061     0.041   11.8   0.6    16    62    37    85    26   152 0.78 FUN_007145
FUN_003239-T1        -            919 6318at5125           -            606     0.021   12.7   8.5   1   2   0.00025     0.017   13.1   6.0     6    85    26   106    21   149 0.66 FUN_003239
FUN_003239-T1        -            919 6318at5125           -            606     0.021   12.7   8.5   2   2         4   2.7e+02   -0.9   0.0   158   203   590   635   563   655 0.83 FUN_003239
FUN_008146-T1        -            555 6318at5125           -            606     0.023   12.6   3.1   1   1   0.00051     0.034   12.0   3.1    26    60    26    60    17    72 0.89 FUN_008146
FUN_006095-T1        -            605 6318at5125           -            606     0.023   12.6   2.4   1   1   0.00057     0.039   11.9   2.4    26    61    54    89    45    99 0.86 FUN_006095
FUN_000386-T1        -            579 6318at5125           -            606     0.027   12.4   3.8   1   1   0.00061     0.042   11.8   3.4    24    57     7    46     1    62 0.79 FUN_000386
FUN_009105-T1        -            613 6318at5125           -            606     0.028   12.3   5.1   1   2    0.0025      0.17    9.7   4.7    19    59    10    49     2    61 0.80 FUN_009105
FUN_009105-T1        -            613 6318at5125           -            606     0.028   12.3   5.1   2   2       1.8   1.2e+02    0.3   0.0   273   299   300   326   281   345 0.82 FUN_009105
FUN_007595-T1        -            664 6318at5125           -            606     0.028   12.3   5.3   1   2    0.0021      0.14   10.0   3.4    16    60     4    47     2   109 0.78 FUN_007595
FUN_007595-T1        -            664 6318at5125           -            606     0.028   12.3   5.3   2   2      0.69        47    1.7   0.0   249   319   312   378   234   405 0.60 FUN_007595
FUN_010043-T1        -            268 6318at5125           -            606     0.032   12.1  11.8   1   2    0.0038      0.26    9.1   2.1    26    53    13    40     4    56 0.87 FUN_010043
FUN_010043-T1        -            268 6318at5125           -            606     0.032   12.1  11.8   2   2     0.048       3.3    5.5   2.4   133   299   107   255    99   260 0.65 FUN_010043
FUN_000970-T1        -            692 6318at5125           -            606     0.033   12.1   4.9   1   1   0.00069     0.047   11.6   4.9    14    47   252   287   240   291 0.78 FUN_000970
FUN_002768-T1        -            475 6318at5125           -            606     0.035   12.0   0.7   1   1    0.0014     0.093   10.6   1.0    11    60    50   100    44   175 0.73 FUN_002768
FUN_002727-T1        -            765 6318at5125           -            606     0.041   11.8   8.8   1   2   0.00099     0.068   11.1   6.4    25    67    28    69     5    76 0.85 FUN_002727
FUN_002727-T1        -            765 6318at5125           -            606     0.041   11.8   8.8   2   2       1.9   1.3e+02    0.2   0.0   282   296   369   383   361   392 0.86 FUN_002727
FUN_003466-T1        -            705 6318at5125           -            606     0.046   11.6   2.9   1   1   0.00098     0.067   11.1   2.9    15    58    22    65     9   117 0.85 FUN_003466
FUN_006080-T1        -            396 6318at5125           -            606      0.05   11.5   1.9   1   1     0.001     0.068   11.0   1.9    25    58   139   176   125   188 0.79 FUN_006080
FUN_007388-T1        -            862 6318at5125           -            606      0.05   11.5   2.7   1   1    0.0012     0.079   10.8   2.7    25    57    30    62     9    74 0.75 FUN_007388
FUN_007476-T1        -            545 6318at5125           -            606     0.051   11.5   4.1   1   1    0.0014     0.092   10.6   4.1    21    56    10    46     4    63 0.80 FUN_007476
FUN_000481-T1        -            872 6318at5125           -            606     0.052   11.4   0.6   1   2     0.095       6.4    4.5   0.0   119   156   167   204   151   243 0.78 FUN_000481
FUN_000481-T1        -            872 6318at5125           -            606     0.052   11.4   0.6   2   2      0.08       5.4    4.8   0.3   420   575   441   605   404   621 0.63 FUN_000481
FUN_008436-T1        -            611 6318at5125           -            606     0.052   11.4   1.5   1   1    0.0012     0.084   10.7   1.5    34    66    55    89    31    95 0.75 FUN_008436
FUN_004955-T1        -            697 6318at5125           -            606     0.065   11.1   4.6   1   1    0.0023      0.16    9.9   4.6    26    68    50    92    41    95 0.91 FUN_004955
FUN_009802-T1        -            521 6318at5125           -            606     0.074   10.9   8.4   1   1    0.0022      0.15    9.9   8.4    18    63    26    71    17   178 0.77 FUN_009802
FUN_004483-T1        -            733 6318at5125           -            606     0.077   10.9   2.3   1   1    0.0018      0.12   10.2   2.3     9    91    50   130    42   173 0.64 FUN_004483
FUN_003230-T1        -            583 6318at5125           -            606     0.078   10.8   5.6   1   2    0.0015       0.1   10.5   3.3    28    57     9    38     3    51 0.84 FUN_003230
FUN_003230-T1        -            583 6318at5125           -            606     0.078   10.8   5.6   2   2       2.8   1.9e+02   -0.4   0.0   375   401   320   346   310   362 0.84 FUN_003230
FUN_008752-T1        -            598 6318at5125           -            606     0.085   10.7   8.3   1   2      0.37        25    2.6   3.7    29    66    13    52     5    58 0.76 FUN_008752
FUN_008752-T1        -            598 6318at5125           -            606     0.085   10.7   8.3   2   2    0.0017      0.12   10.3   0.1   284   320   298   333   286   341 0.87 FUN_008752
FUN_006008-T1        -            222 6318at5125           -            606      0.12   10.3   0.2   1   1    0.0025      0.17    9.8   0.2    31    60    14    43    10    68 0.88 FUN_006008
FUN_004369-T1        -            505 6318at5125           -            606      0.14   10.0   4.0   1   1     0.003       0.2    9.5   3.3    28    63    10    45     6    57 0.91 FUN_004369
FUN_002854-T1        -            783 6318at5125           -            606      0.15    9.9   6.0   1   1    0.0032      0.22    9.4   6.0    16    91    22    99     5   129 0.68 FUN_002854
FUN_009344-T1        -            780 6318at5125           -            606      0.19    9.6   5.9   1   1    0.0044       0.3    8.9   5.9    20    58     6    44     2    51 0.79 FUN_009344
FUN_008974-T1        -            205 6318at5125           -            606       0.2    9.5   2.4   1   1    0.0038      0.26    9.1   2.4    28    51    10    33     6    44 0.87 FUN_008974
FUN_011142-T1        -            190 6318at5125           -            606       0.2    9.5   1.6   1   1    0.0042      0.28    9.0   1.6    34    56    68    90    63    95 0.92 FUN_011142
FUN_002444-T1        -            775 6318at5125           -            606      0.21    9.5   7.3   1   2    0.0034      0.23    9.3   5.1    27    61    14    52    11    61 0.76 FUN_002444
FUN_002444-T1        -            775 6318at5125           -            606      0.21    9.5   7.3   2   2       3.1   2.1e+02   -0.5   0.0   109   151   216   259   199   379 0.58 FUN_002444
FUN_000078-T1        -            705 6318at5125           -            606      0.22    9.4   7.8   1   1     0.005      0.34    8.8   7.8    25    59     7    43     3    53 0.82 FUN_000078
FUN_003517-T1        -            472 6318at5125           -            606      0.22    9.3   8.1   1   1    0.0057      0.39    8.5   8.1    28    57    14    43     4    50 0.88 FUN_003517
FUN_001847-T1        -            377 6318at5125           -            606      0.23    9.3   1.6   1   1    0.0047      0.32    8.8   1.6    13    57    26    71    16    90 0.75 FUN_001847
FUN_009024-T1        -            496 6318at5125           -            606      0.27    9.1   4.9   1   1    0.0073       0.5    8.2   4.9    27    56     8    37     4    48 0.89 FUN_009024
FUN_007087-T1        -            277 6318at5125           -            606       0.5    8.2   6.3   1   1    0.0088       0.6    7.9   6.3    24    69    29    74    21   137 0.90 FUN_007087
FUN_001074-T1        -            287 6318at5125           -            606      0.51    8.2   4.4   1   1     0.011      0.72    7.7   4.4    27    59    69   100    63   110 0.86 FUN_001074
FUN_009858-T1        -            555 6318at5125           -            606      0.53    8.1   4.4   1   1     0.012      0.81    7.5   4.4    26    58    10    42     7    51 0.91 FUN_009858
FUN_008984-T1        -            593 6318at5125           -            606      0.55    8.0  13.5   1   1    0.0001    0.0071   14.3   5.6    14    57    10    53     2    66 0.80 FUN_008984
FUN_010027-T1        -            555 6318at5125           -            606      0.59    7.9   4.1   1   1     0.014      0.94    7.3   4.1    22    60     7    44     2    57 0.81 FUN_010027
FUN_002439-T1        -            873 6318at5125           -            606       0.6    7.9   3.4   1   2     0.034       2.3    6.0   3.3    21    64     8    52     4    65 0.78 FUN_002439
FUN_002439-T1        -            873 6318at5125           -            606       0.6    7.9   3.4   2   2       4.8   3.2e+02   -1.1   0.0   117   154   281   318   249   323 0.70 FUN_002439
FUN_003473-T1        -            702 6318at5125           -            606      0.61    7.9   2.9   1   1     0.014      0.93    7.3   2.9    20    62     6    50     4    59 0.86 FUN_003473
FUN_007503-T1        -            304 6318at5125           -            606      0.62    7.9   4.6   1   2       1.6   1.1e+02    0.4   1.1    28    49     9    32     4    51 0.79 FUN_007503
FUN_007503-T1        -            304 6318at5125           -            606      0.62    7.9   4.6   2   2    0.0055      0.37    8.6   0.1   117   174   146   199   128   214 0.76 FUN_007503
FUN_000197-T1        -            530 6318at5125           -            606      0.71    7.7   4.3   1   1     0.015         1    7.1   4.3    22    66    29    72    13    89 0.74 FUN_000197
FUN_001394-T1        -            616 6318at5125           -            606      0.93    7.3  10.3   1   2   0.00033     0.023   12.6   2.8    28    74     8    56     4    63 0.85 FUN_001394
FUN_001394-T1        -            616 6318at5125           -            606      0.93    7.3  10.3   2   2       8.4   5.7e+02   -1.9   0.1   117   180   128   192   103   205 0.62 FUN_001394
FUN_007059-T1        -            585 6318at5125           -            606       1.1    7.1   5.2   1   1     0.027       1.8    6.3   5.2    27    56     9    38     6    43 0.88 FUN_007059
FUN_002978-T1        -            487 6318at5125           -            606       1.4    6.7   5.5   1   1     0.032       2.1    6.1   5.5    26    67    27    67    12    71 0.84 FUN_002978
FUN_001691-T1        -           1022 6318at5125           -            606       1.6    6.5   5.9   1   2     0.012      0.84    7.4   3.4     2    62    36   101    35   119 0.71 FUN_001691
FUN_001691-T1        -           1022 6318at5125           -            606       1.6    6.5   5.9   2   2         9   6.1e+02   -2.0   0.0   273   292   483   503   461   530 0.73 FUN_001691
FUN_007884-T1        -            730 6318at5125           -            606       1.6    6.5   6.3   1   1     0.038       2.6    5.8   6.3    25    67    14    57     3    61 0.78 FUN_007884
FUN_007356-T1        -            594 6318at5125           -            606       1.9    6.2  11.1   1   1   0.00072     0.049   11.5   4.8    13    59     6    54     1    77 0.78 FUN_007356
FUN_004153-T1        -            717 6318at5125           -            606       2.7    5.8  13.4   1   2      0.83        57    1.4   6.3    18    56     7    43     3    60 0.76 FUN_004153
FUN_004153-T1        -            717 6318at5125           -            606       2.7    5.8  13.4   2   2    0.0094      0.64    7.8   0.6   121   193   239   312   225   415 0.79 FUN_004153
FUN_010866-T1        -            529 6318at5125           -            606       2.9    5.6   8.2   1   2      0.01      0.71    7.7   4.5    25    53     7    35     1    45 0.81 FUN_010866
FUN_010866-T1        -            529 6318at5125           -            606       2.9    5.6   8.2   2   2       6.4   4.3e+02   -1.5   0.1   341   374   399   432   380   443 0.66 FUN_010866
FUN_008551-T1        -            749 6318at5125           -            606       9.2    4.0   9.4   1   2     0.096       6.5    4.5   5.2    13    58    10    53     2    70 0.73 FUN_008551
FUN_008551-T1        -            749 6318at5125           -            606       9.2    4.0   9.4   2   2       1.1        76    1.0   0.1   119   151   215   247   195   400 0.72 FUN_008551
FUN_010046-T1        -            547 6318at5125           -            606       9.5    4.0   7.6   1   1     0.017       1.2    6.9   3.5    28    57    10    39     3    46 0.91 FUN_010046
#
# Program:         hmmsearch
# Version:         3.1b2 (February 2015)
# Pipeline mode:   SEARCH
# Query file:      /home/zack/funannotate_db/hypocreales_odb10/hmms/6318at5125.hmm
# Target file:     /home/zack/Desktop/IsariaPreferralGenome/MyGenomeSubmittedToNCBI/HypocrealesProteinSets/C_cateniannulata_MBC234.proteins.fa
# Option settings: hmmsearch --domtblout /home/zack/Desktop/IsariaPreferralGenome/MyGenomeSubmittedToNCBI/HypocrealesProteinSets/BUSCO_AA_all/BUSCO_AA_Ccateniannulata_MBC234/run_hypocreales_odb10/hmmer_output/initial_run_results/6318at5125.out --cpu 1 /home/zack/funannotate_db/hypocreales_odb10/hmms/6318at5125.hmm /home/zack/Desktop/IsariaPreferralGenome/MyGenomeSubmittedToNCBI/HypocrealesProteinSets/C_cateniannulata_MBC234.proteins.fa 
# Current dir:     /home/zack/Desktop/IsariaPreferralGenome/MyGenomeSubmittedToNCBI/HypocrealesProteinSets/BUSCO_AA_all
# Date:            Mon Mar  4 14:32:37 2024
# [ok]
