#                                                                            --- full sequence --- -------------- this domain -------------   hmm coord   ali coord   env coord
# target name        accession   tlen query name           accession   qlen   E-value  score  bias   #  of  c-Evalue  i-Evalue  score  bias  from    to  from    to  from    to  acc description of target
#------------------- ---------- ----- -------------------- ---------- ----- --------- ------ ----- --- --- --------- --------- ------ ----- ----- ----- ----- ----- ----- ----- ---- ---------------------
FUN_004427-T1        -            802 8422at5125           -            619  8.3e-224  744.4  36.2   1   3   1.2e-05     0.027   12.7   3.5    23    69    46    96     1   124 0.84 FUN_004427
FUN_004427-T1        -            802 8422at5125           -            619  8.3e-224  744.4  36.2   2   3     1e-20   2.3e-17   62.5  16.4    92   252   151   358    98   370 0.73 FUN_004427
FUN_004427-T1        -            802 8422at5125           -            619  8.3e-224  744.4  36.2   3   3  1.5e-207  3.4e-204  679.6   1.9   222   612   373   779   359   783 0.95 FUN_004427
FUN_005362-T1        -           1045 8422at5125           -            619   1.4e-77  261.4   2.0   1   4      0.66   1.5e+03   -3.0   2.3   220   276    79   141     4   145 0.42 FUN_005362
FUN_005362-T1        -           1045 8422at5125           -            619   1.4e-77  261.4   2.0   2   4      0.36   8.1e+02   -2.1   0.7    83   123   178   218   137   251 0.71 FUN_005362
FUN_005362-T1        -           1045 8422at5125           -            619   1.4e-77  261.4   2.0   3   4         5   1.1e+04   -6.8   6.8    91   134   383   429   307   503 0.55 FUN_005362
FUN_005362-T1        -           1045 8422at5125           -            619   1.4e-77  261.4   2.0   4   4     6e-81   1.4e-77  261.4   2.0   202   577   554   928   542   933 0.93 FUN_005362
FUN_001198-T1        -            405 8422at5125           -            619   5.2e-69  233.1   0.0   1   1   2.8e-72   6.4e-69  232.8   0.0   234   571    26   366     6   382 0.93 FUN_001198
FUN_006616-T1        -           1148 8422at5125           -            619   1.3e-19   69.9   0.0   1   3       3.9   8.8e+03   -5.5   3.3    10    72    24    80    16    95 0.41 FUN_006616
FUN_006616-T1        -           1148 8422at5125           -            619   1.3e-19   69.9   0.0   2   3       2.5   5.7e+03   -4.9   2.6    90   187   287   392   254   442 0.45 FUN_006616
FUN_006616-T1        -           1148 8422at5125           -            619   1.3e-19   69.9   0.0   3   3   5.8e-23   1.3e-19   69.9   0.0   292   611   653   981   646   990 0.83 FUN_006616
FUN_007196-T1        -            689 8422at5125           -            619     5e-05   21.7   0.1   1   2   1.3e-06     0.003   15.8   0.0   334   424   137   227   122   262 0.61 FUN_007196
FUN_007196-T1        -            689 8422at5125           -            619     5e-05   21.7   0.1   2   2      0.01        24    3.0   0.0   411   457   337   383   324   412 0.83 FUN_007196
#
# Program:         hmmsearch
# Version:         3.1b2 (February 2015)
# Pipeline mode:   SEARCH
# Query file:      /home/zack/funannotate_db/hypocreales_odb10/hmms/8422at5125.hmm
# Target file:     /home/zack/Desktop/IsariaPreferralGenome/MyGenomeSubmittedToNCBI/HypocrealesProteinSets/C_cateniannulata_MBC234.proteins.fa
# Option settings: hmmsearch --domtblout /home/zack/Desktop/IsariaPreferralGenome/MyGenomeSubmittedToNCBI/HypocrealesProteinSets/BUSCO_AA_all/BUSCO_AA_Ccateniannulata_MBC234/run_hypocreales_odb10/hmmer_output/initial_run_results/8422at5125.out --cpu 1 /home/zack/funannotate_db/hypocreales_odb10/hmms/8422at5125.hmm /home/zack/Desktop/IsariaPreferralGenome/MyGenomeSubmittedToNCBI/HypocrealesProteinSets/C_cateniannulata_MBC234.proteins.fa 
# Current dir:     /home/zack/Desktop/IsariaPreferralGenome/MyGenomeSubmittedToNCBI/HypocrealesProteinSets/BUSCO_AA_all
# Date:            Mon Mar  4 14:32:54 2024
# [ok]
