#                                                                            --- full sequence --- -------------- this domain -------------   hmm coord   ali coord   env coord
# target name        accession   tlen query name           accession   qlen   E-value  score  bias   #  of  c-Evalue  i-Evalue  score  bias  from    to  from    to  from    to  acc description of target
#------------------- ---------- ----- -------------------- ---------- ----- --------- ------ ----- --- --- --------- --------- ------ ----- ----- ----- ----- ----- ----- ----- ---- ---------------------
FUN_006278-T1        -            982 8604at5125           -            653  2.8e-226  752.4  10.1   1   2  1.9e-116  3.1e-113  378.9   3.6     3   335   188   566   186   598 0.87 FUN_006278
FUN_006278-T1        -            982 8604at5125           -            653  2.8e-226  752.4  10.1   2   2    3e-114  4.8e-111  371.7   0.5   340   649   623   974   618   977 0.89 FUN_006278
FUN_000374-T1        -            620 8604at5125           -            653   2.4e-59  200.8   0.5   1   3   9.3e-26   1.5e-22   79.3   0.1   192   341    55   207    49   212 0.85 FUN_000374
FUN_000374-T1        -            620 8604at5125           -            653   2.4e-59  200.8   0.5   2   3   2.1e-09   3.4e-06   25.2   0.0   344   432   246   343   237   350 0.81 FUN_000374
FUN_000374-T1        -            620 8604at5125           -            653   2.4e-59  200.8   0.5   3   3   7.9e-30   1.3e-26   92.7   0.1   533   648   497   604   443   608 0.79 FUN_000374
FUN_000243-T1        -            611 8604at5125           -            653   3.7e-54  183.7   1.3   1   3   1.9e-24   3.1e-21   74.9   0.5   192   338    58   212    44   220 0.78 FUN_000243
FUN_000243-T1        -            611 8604at5125           -            653   3.7e-54  183.7   1.3   2   3     1e-07   0.00017   19.7   0.0   382   431   297   350   255   410 0.90 FUN_000243
FUN_000243-T1        -            611 8604at5125           -            653   3.7e-54  183.7   1.3   3   3     9e-28   1.5e-24   85.9   0.0   492   649   454   607   447   611 0.79 FUN_000243
FUN_006427-T1        -            608 8604at5125           -            653   3.2e-47  160.8   2.9   1   2   8.4e-24   1.4e-20   72.8   0.1   191   357    53   229    48   245 0.80 FUN_006427
FUN_006427-T1        -            608 8604at5125           -            653   3.2e-47  160.8   2.9   2   2   7.3e-28   1.2e-24   86.2   0.6   351   649   265   589   246   593 0.77 FUN_006427
FUN_000388-T1        -            619 8604at5125           -            653   3.9e-46  157.2  16.3   1   3   3.1e-22     5e-19   67.6   3.7   187   338    54   212    47   222 0.84 FUN_000388
FUN_000388-T1        -            619 8604at5125           -            653   3.9e-46  157.2  16.3   2   3   5.6e-08   9.1e-05   20.5   0.0   342   431   254   355   250   412 0.79 FUN_000388
FUN_000388-T1        -            619 8604at5125           -            653   3.9e-46  157.2  16.3   3   3     2e-23   3.2e-20   71.6   5.0   519   647   495   611   485   616 0.84 FUN_000388
FUN_009297-T1        -            536 8604at5125           -            653   1.1e-44  152.4   0.5   1   2   7.9e-24   1.3e-20   72.9   0.0   212   363    32   195    25   213 0.84 FUN_009297
FUN_009297-T1        -            536 8604at5125           -            653   1.1e-44  152.4   0.5   2   2   9.7e-25   1.6e-21   75.9   0.3   387   633   259   536   220   536 0.74 FUN_009297
FUN_002920-T1        -            684 8604at5125           -            653   8.7e-35  119.7   0.3   1   1   3.7e-36     6e-33  113.6   0.3   191   643   195   681   178   683 0.71 FUN_002920
#
# Program:         hmmsearch
# Version:         3.1b2 (February 2015)
# Pipeline mode:   SEARCH
# Query file:      /home/zack/funannotate_db/hypocreales_odb10/hmms/8604at5125.hmm
# Target file:     /home/zack/Desktop/IsariaPreferralGenome/MyGenomeSubmittedToNCBI/HypocrealesProteinSets/C_cateniannulata_MBC234.proteins.fa
# Option settings: hmmsearch --domtblout /home/zack/Desktop/IsariaPreferralGenome/MyGenomeSubmittedToNCBI/HypocrealesProteinSets/BUSCO_AA_all/BUSCO_AA_Ccateniannulata_MBC234/run_hypocreales_odb10/hmmer_output/initial_run_results/8604at5125.out --cpu 1 /home/zack/funannotate_db/hypocreales_odb10/hmms/8604at5125.hmm /home/zack/Desktop/IsariaPreferralGenome/MyGenomeSubmittedToNCBI/HypocrealesProteinSets/C_cateniannulata_MBC234.proteins.fa 
# Current dir:     /home/zack/Desktop/IsariaPreferralGenome/MyGenomeSubmittedToNCBI/HypocrealesProteinSets/BUSCO_AA_all
# Date:            Mon Mar  4 14:32:31 2024
# [ok]
