#                                                                            --- full sequence --- -------------- this domain -------------   hmm coord   ali coord   env coord
# target name        accession   tlen query name           accession   qlen   E-value  score  bias   #  of  c-Evalue  i-Evalue  score  bias  from    to  from    to  from    to  acc description of target
#------------------- ---------- ----- -------------------- ---------- ----- --------- ------ ----- --- --- --------- --------- ------ ----- ----- ----- ----- ----- ----- ----- ---- ---------------------
FUN_005671-T1        -           1528 928at5125            -           1229         0 2296.7  18.4   1   4         0         0 1458.8   0.4     1   721     1   775     1   783 0.95 FUN_005671
FUN_005671-T1        -           1528 928at5125            -           1229         0 2296.7  18.4   2   4   2.2e-25   3.1e-23   80.4   0.0   720   788   805   888   798   920 0.86 FUN_005671
FUN_005671-T1        -           1528 928at5125            -           1229         0 2296.7  18.4   3   4    7e-214  9.6e-212  704.9   6.5   776  1181   960  1433   951  1442 0.92 FUN_005671
FUN_005671-T1        -           1528 928at5125            -           1229         0 2296.7  18.4   4   4   2.6e-17   3.6e-15   53.7   0.1  1183  1226  1480  1524  1470  1528 0.84 FUN_005671
FUN_007669-T1        -            418 928at5125            -           1229   2.9e-10   37.5   0.1   1   2   1.4e-11   1.9e-09   34.7   0.0   107   211   120   223    96   232 0.84 FUN_007669
FUN_007669-T1        -            418 928at5125            -           1229   2.9e-10   37.5   0.1   2   2      0.35        49    0.3   0.0   242   269   284   311   278   319 0.87 FUN_007669
FUN_004611-T1        -            420 928at5125            -           1229     6e-10   36.4   0.0   1   1   6.5e-12     9e-10   35.9   0.0    72   218    93   236    79   247 0.81 FUN_004611
FUN_010076-T1        -            558 928at5125            -           1229   1.3e-09   35.3   4.4   1   4     0.002      0.27    7.8   0.0   863   909   195   242   185   252 0.88 FUN_010076
FUN_010076-T1        -            558 928at5125            -           1229   1.3e-09   35.3   4.4   2   4   0.00059     0.082    9.5   0.1   864   954   280   369   272   376 0.82 FUN_010076
FUN_010076-T1        -            558 928at5125            -           1229   1.3e-09   35.3   4.4   3   4   0.00091      0.13    8.9   0.0   864   909   406   452   402   456 0.88 FUN_010076
FUN_010076-T1        -            558 928at5125            -           1229   1.3e-09   35.3   4.4   4   4    0.0017      0.24    7.9   0.0   868   910   453   495   450   507 0.90 FUN_010076
FUN_000911-T1        -            356 928at5125            -           1229   2.1e-09   34.6   0.1   1   1     2e-11   2.8e-09   34.2   0.1    85   216    98   226    67   234 0.79 FUN_000911
FUN_007176-T1        -            394 928at5125            -           1229   2.1e-09   34.6   0.0   1   1   1.9e-11   2.7e-09   34.3   0.0    55   217    69   236    25   245 0.66 FUN_007176
FUN_005796-T1        -            364 928at5125            -           1229   8.9e-09   32.6   5.6   1   5   2.5e-05    0.0035   14.0   0.0   886   952    89   153    80   161 0.79 FUN_005796
FUN_005796-T1        -            364 928at5125            -           1229   8.9e-09   32.6   5.6   2   5    0.0019      0.26    7.8   0.2   880   952   166   237   151   241 0.75 FUN_005796
FUN_005796-T1        -            364 928at5125            -           1229   8.9e-09   32.6   5.6   3   5     0.012       1.7    5.2   0.0   867   917   195   246   190   259 0.84 FUN_005796
FUN_005796-T1        -            364 928at5125            -           1229   8.9e-09   32.6   5.6   4   5    0.0017      0.24    7.9   0.1   868   908   268   308   247   316 0.88 FUN_005796
FUN_005796-T1        -            364 928at5125            -           1229   8.9e-09   32.6   5.6   5   5      0.15        21    1.5   0.0  1149  1168   331   350   311   360 0.67 FUN_005796
FUN_005514-T1        -            470 928at5125            -           1229     9e-09   32.5   0.3   1   3    0.0037      0.51    6.8   0.0   865   918   102   155    96   188 0.73 FUN_005514
FUN_005514-T1        -            470 928at5125            -           1229     9e-09   32.5   0.3   2   3   2.5e-05    0.0035   14.0   0.0   863   931   236   304   224   316 0.87 FUN_005514
FUN_005514-T1        -            470 928at5125            -           1229     9e-09   32.5   0.3   3   3    0.0027      0.37    7.3   0.0   864   917   344   397   329   413 0.85 FUN_005514
FUN_000140-T1        -            326 928at5125            -           1229   2.9e-08   30.9   0.0   1   2   8.4e-10   1.2e-07   28.9   0.0    72   217    66   209    32   213 0.82 FUN_000140
FUN_000140-T1        -            326 928at5125            -           1229   2.9e-08   30.9   0.0   2   2      0.75     1e+02   -0.8   0.0   247   269   267   289   254   298 0.87 FUN_000140
FUN_008523-T1        -            384 928at5125            -           1229   3.7e-08   30.5   1.7   1   5     0.054       7.5    3.0   0.0   873   908    85   119    73   125 0.79 FUN_008523
FUN_008523-T1        -            384 928at5125            -           1229   3.7e-08   30.5   1.7   2   5   0.00017     0.024   11.3   0.4   872   945   127   197   119   208 0.73 FUN_008523
FUN_008523-T1        -            384 928at5125            -           1229   3.7e-08   30.5   1.7   3   5      0.13        17    1.8   0.1   877   910   173   206   163   255 0.71 FUN_008523
FUN_008523-T1        -            384 928at5125            -           1229   3.7e-08   30.5   1.7   4   5   0.00077      0.11    9.1   0.0   872   908   259   295   244   313 0.87 FUN_008523
FUN_008523-T1        -            384 928at5125            -           1229   3.7e-08   30.5   1.7   5   5      0.14        20    1.6   0.0   872   908   320   356   308   380 0.71 FUN_008523
FUN_010455-T1        -            479 928at5125            -           1229     1e-07   29.0   1.5   1   5    0.0039      0.54    6.8   0.0   887   955    24    90     2    97 0.51 FUN_010455
FUN_010455-T1        -            479 928at5125            -           1229     1e-07   29.0   1.5   2   5   4.9e-05    0.0068   13.1   0.1   869   955    48   132    37   137 0.82 FUN_010455
FUN_010455-T1        -            479 928at5125            -           1229     1e-07   29.0   1.5   3   5     0.002      0.27    7.8   0.0   871   947    92   166    85   170 0.75 FUN_010455
FUN_010455-T1        -            479 928at5125            -           1229     1e-07   29.0   1.5   4   5    0.0014      0.19    8.2   0.0   864   947   215   297   206   299 0.78 FUN_010455
FUN_010455-T1        -            479 928at5125            -           1229     1e-07   29.0   1.5   5   5     0.058         8    2.9   0.0   864   914   299   350   296   362 0.85 FUN_010455
FUN_009898-T1        -            691 928at5125            -           1229   1.5e-07   28.5   0.0   1   1   1.7e-09   2.4e-07   27.8   0.0    69   268   378   583   365   590 0.76 FUN_009898
FUN_010104-T1        -            707 928at5125            -           1229   2.4e-07   27.8   0.0   1   1   2.3e-09   3.1e-07   27.4   0.0    66   331   118   375    74   386 0.76 FUN_010104
FUN_004845-T1        -            468 928at5125            -           1229   3.6e-07   27.2   3.5   1   4   0.00018     0.024   11.2   0.1   861   909   141   189   136   196 0.94 FUN_004845
FUN_004845-T1        -            468 928at5125            -           1229   3.6e-07   27.2   3.5   2   4    0.0016      0.23    8.0   0.0   868   908   190   230   188   240 0.88 FUN_004845
FUN_004845-T1        -            468 928at5125            -           1229   3.6e-07   27.2   3.5   3   4    0.0058       0.8    6.2   0.2   873   949   237   311   230   346 0.70 FUN_004845
FUN_004845-T1        -            468 928at5125            -           1229   3.6e-07   27.2   3.5   4   4      0.42        58    0.0   0.0   865   909   353   397   347   405 0.87 FUN_004845
FUN_002739-T1        -            349 928at5125            -           1229   4.1e-07   27.0   0.7   1   3   0.00035     0.048   10.3   0.1   868   912    53    97    44   113 0.86 FUN_002739
FUN_002739-T1        -            349 928at5125            -           1229   4.1e-07   27.0   0.7   2   3      0.21        30    1.0   0.0  1151  1172   120   141    99   150 0.75 FUN_002739
FUN_002739-T1        -            349 928at5125            -           1229   4.1e-07   27.0   0.7   3   3   6.2e-05    0.0085   12.7   0.0   872   907   293   328   277   332 0.88 FUN_002739
FUN_008643-T1        -            592 928at5125            -           1229   5.8e-07   26.6   0.8   1   4    0.0011      0.15    8.6   0.0   882   953   340   409   318   418 0.85 FUN_008643
FUN_008643-T1        -            592 928at5125            -           1229   5.8e-07   26.6   0.8   2   4     0.033       4.6    3.7   0.0   881   910   422   451   411   496 0.67 FUN_008643
FUN_008643-T1        -            592 928at5125            -           1229   5.8e-07   26.6   0.8   3   4    0.0026      0.36    7.4   0.0   867   908   505   547   493   554 0.88 FUN_008643
FUN_008643-T1        -            592 928at5125            -           1229   5.8e-07   26.6   0.8   4   4      0.11        15    2.0   0.0   875   907   556   588   548   590 0.90 FUN_008643
FUN_005322-T1        -            504 928at5125            -           1229   9.8e-07   25.8   1.2   1   4    0.0014       0.2    8.2   0.0   874   909   150   185   135   192 0.85 FUN_005322
FUN_005322-T1        -            504 928at5125            -           1229   9.8e-07   25.8   1.2   2   4     0.058       8.1    2.9   0.0   869   909   187   227   185   239 0.86 FUN_005322
FUN_005322-T1        -            504 928at5125            -           1229   9.8e-07   25.8   1.2   3   4    0.0073         1    5.9   0.0   868   908   287   327   269   331 0.90 FUN_005322
FUN_005322-T1        -            504 928at5125            -           1229   9.8e-07   25.8   1.2   4   4     0.014       1.9    4.9   0.0   875   948   337   412   328   426 0.79 FUN_005322
FUN_004616-T1        -            902 928at5125            -           1229   1.1e-06   25.6   3.2   1   5   0.00056     0.077    9.6   0.0   869   933   101   163    97   168 0.82 FUN_004616
FUN_004616-T1        -            902 928at5125            -           1229   1.1e-06   25.6   3.2   2   5      0.34        47    0.4   0.0  1086  1104   199   217   193   232 0.76 FUN_004616
FUN_004616-T1        -            902 928at5125            -           1229   1.1e-06   25.6   3.2   3   5      0.32        44    0.4   0.1   869   954   214   296   206   302 0.79 FUN_004616
FUN_004616-T1        -            902 928at5125            -           1229   1.1e-06   25.6   3.2   4   5      0.31        43    0.5   0.0   893   953   498   566   489   585 0.51 FUN_004616
FUN_004616-T1        -            902 928at5125            -           1229   1.1e-06   25.6   3.2   5   5    0.0003     0.041   10.5   0.0   891   963   654   724   616   747 0.79 FUN_004616
FUN_001685-T1        -            329 928at5125            -           1229   1.2e-06   25.4   0.8   1   4      0.25        35    0.8   0.0   873   913    65   105    49   143 0.72 FUN_001685
FUN_001685-T1        -            329 928at5125            -           1229   1.2e-06   25.4   0.8   2   4     0.042       5.9    3.3   0.0   859   908   180   231   168   233 0.81 FUN_001685
FUN_001685-T1        -            329 928at5125            -           1229   1.2e-06   25.4   0.8   3   4   3.1e-06   0.00043   17.0   0.1   868   913   233   277   231   313 0.87 FUN_001685
FUN_001685-T1        -            329 928at5125            -           1229   1.2e-06   25.4   0.8   4   4      0.46        64   -0.1   0.0   863   906   283   327   278   329 0.88 FUN_001685
FUN_002688-T1        -            318 928at5125            -           1229   1.4e-06   25.3   0.2   1   3    0.0035      0.48    6.9   0.0   873   946     9    86     3   101 0.75 FUN_002688
FUN_002688-T1        -            318 928at5125            -           1229   1.4e-06   25.3   0.2   2   3      0.11        15    2.0   0.1   868   909    94   135    84   177 0.79 FUN_002688
FUN_002688-T1        -            318 928at5125            -           1229   1.4e-06   25.3   0.2   3   3   4.7e-05    0.0066   13.1   0.0   868   948   181   257   169   271 0.71 FUN_002688
FUN_004692-T1        -            529 928at5125            -           1229   1.6e-06   25.1   0.0   1   1   1.6e-08   2.2e-06   24.6   0.0    98   159   105   165    84   187 0.87 FUN_004692
FUN_004308-T1        -            623 928at5125            -           1229   1.8e-06   24.9   2.6   1   3    0.0024      0.33    7.5   0.1   496   609   182   302    99   303 0.68 FUN_004308
FUN_004308-T1        -            623 928at5125            -           1229   1.8e-06   24.9   2.6   2   3   2.3e-06   0.00031   17.5   0.0   527   638   294   412   271   414 0.82 FUN_004308
FUN_004308-T1        -            623 928at5125            -           1229   1.8e-06   24.9   2.6   3   3    0.0071      0.98    5.9   0.2   562   680   411   528   405   536 0.83 FUN_004308
FUN_002820-T1        -            354 928at5125            -           1229   2.8e-06   24.3   0.3   1   1   2.5e-08   3.4e-06   24.0   0.3    26   215    33   235    19   250 0.65 FUN_002820
FUN_007511-T1        -           1187 928at5125            -           1229   2.9e-06   24.2   0.1   1   1   3.2e-08   4.5e-06   23.6   0.1    64   274   183   385   173   397 0.75 FUN_007511
FUN_003027-T1        -            514 928at5125            -           1229     3e-06   24.2   0.8   1   3    0.0052      0.71    6.4   0.0   873   908   181   216   169   222 0.90 FUN_003027
FUN_003027-T1        -            514 928at5125            -           1229     3e-06   24.2   0.8   2   3      0.01       1.4    5.4   0.0   864   908   384   430   372   432 0.86 FUN_003027
FUN_003027-T1        -            514 928at5125            -           1229     3e-06   24.2   0.8   3   3   0.00037     0.051   10.2   0.0   867   909   431   473   426   489 0.89 FUN_003027
FUN_006902-T1        -            358 928at5125            -           1229   4.7e-06   23.5   0.1   1   2   7.9e-08   1.1e-05   22.3   0.0    36   212    33   209    15   218 0.73 FUN_006902
FUN_006902-T1        -            358 928at5125            -           1229   4.7e-06   23.5   0.1   2   2         3   4.1e+02   -2.8   0.0   242   268   269   295   265   315 0.87 FUN_006902
FUN_009260-T1        -            902 928at5125            -           1229   2.1e-05   21.4   2.0   1   4     0.055       7.6    3.0   0.1   874   947   146   219   139   332 0.75 FUN_009260
FUN_009260-T1        -            902 928at5125            -           1229   2.1e-05   21.4   2.0   2   4    0.0014       0.2    8.2   0.1   864   946   332   411   317   412 0.66 FUN_009260
FUN_009260-T1        -            902 928at5125            -           1229   2.1e-05   21.4   2.0   3   4     0.026       3.6    4.0   0.0   869   912   378   421   376   435 0.82 FUN_009260
FUN_009260-T1        -            902 928at5125            -           1229   2.1e-05   21.4   2.0   4   4     0.049       6.7    3.1   0.0   863   917   457   510   435   554 0.80 FUN_009260
FUN_004602-T1        -            595 928at5125            -           1229   2.3e-05   21.2   0.2   1   2   4.4e-07   6.1e-05   19.9   0.0   874   958   233   315   224   337 0.86 FUN_004602
FUN_004602-T1        -            595 928at5125            -           1229   2.3e-05   21.2   0.2   2   2       1.8   2.5e+02   -2.1   0.0   886   909   387   410   381   413 0.80 FUN_004602
FUN_001506-T1        -            533 928at5125            -           1229   2.6e-05   21.1   0.0   1   1   2.5e-07   3.4e-05   20.7   0.0   113   218   146   257   119   260 0.82 FUN_001506
FUN_001621-T1        -            516 928at5125            -           1229   3.9e-05   20.5   0.0   1   1   3.5e-07   4.9e-05   20.2   0.0    71   157   124   214   105   267 0.81 FUN_001621
FUN_004402-T1        -            490 928at5125            -           1229   4.1e-05   20.4   0.7   1   3      0.22        30    1.0   0.0   890   908    80    98    61   115 0.80 FUN_004402
FUN_004402-T1        -            490 928at5125            -           1229   4.1e-05   20.4   0.7   2   3    0.0011      0.16    8.5   0.0   868   912   207   252   198   275 0.85 FUN_004402
FUN_004402-T1        -            490 928at5125            -           1229   4.1e-05   20.4   0.7   3   3     0.002      0.27    7.8   0.1   865   909   280   324   266   335 0.91 FUN_004402
FUN_000277-T1        -            674 928at5125            -           1229   4.4e-05   20.3   0.5   1   2     0.082        11    2.4   0.0   867   915   351   399   333   412 0.77 FUN_000277
FUN_000277-T1        -            674 928at5125            -           1229   4.4e-05   20.3   0.5   2   2   7.1e-06   0.00098   15.8   0.1   863   954   467   553   426   573 0.82 FUN_000277
FUN_009952-T1        -            904 928at5125            -           1229   5.1e-05   20.1   0.0   1   1   5.2e-07   7.1e-05   19.6   0.0   118   264   743   892   704   897 0.75 FUN_009952
FUN_001282-T1        -            840 928at5125            -           1229   6.2e-05   19.8   0.5   1   3    0.0011      0.15    8.6   0.0   871   949    89   167    80   175 0.75 FUN_001282
FUN_001282-T1        -            840 928at5125            -           1229   6.2e-05   19.8   0.5   2   3    0.0044       0.6    6.6   0.1   864   908   212   257   164   260 0.86 FUN_001282
FUN_001282-T1        -            840 928at5125            -           1229   6.2e-05   19.8   0.5   3   3    0.0011      0.15    8.6   0.1   864   914   212   265   207   302 0.76 FUN_001282
FUN_011110-T1        -            412 928at5125            -           1229   0.00021   18.1   0.0   1   1   2.1e-06   0.00029   17.6   0.0    86   266   212   387   144   397 0.75 FUN_011110
FUN_004819-T1        -            765 928at5125            -           1229   0.00026   17.8   0.0   1   1   2.6e-06   0.00036   17.3   0.0   116   212   303   410   285   432 0.76 FUN_004819
FUN_008412-T1        -            960 928at5125            -           1229   0.00028   17.6  10.8   1   4   3.2e-06   0.00045   17.0   0.6  1000  1168    46   204    18   219 0.76 FUN_008412
FUN_008412-T1        -            960 928at5125            -           1229   0.00028   17.6  10.8   2   4       4.5   6.3e+02   -3.4   0.1   888   914   285   310   260   325 0.64 FUN_008412
FUN_008412-T1        -            960 928at5125            -           1229   0.00028   17.6  10.8   3   4      0.23        32    0.9   0.0   871   922   498   549   492   561 0.80 FUN_008412
FUN_008412-T1        -            960 928at5125            -           1229   0.00028   17.6  10.8   4   4     0.028       3.9    3.9   0.4   892   949   665   720   631   729 0.77 FUN_008412
FUN_005124-T1        -            914 928at5125            -           1229   0.00053   16.7   0.0   1   1     5e-06   0.00069   16.4   0.0    29   212   513   706   505   781 0.68 FUN_005124
FUN_010812-T1        -            623 928at5125            -           1229   0.00086   16.0   0.0   1   2   5.6e-05    0.0077   12.9   0.0   864   909   163   208   155   217 0.93 FUN_010812
FUN_010812-T1        -            623 928at5125            -           1229   0.00086   16.0   0.0   2   2      0.29        40    0.6   0.0   863   915   245   298   230   309 0.79 FUN_010812
FUN_006242-T1        -            523 928at5125            -           1229   0.00087   16.0   0.0   1   1     1e-05    0.0014   15.3   0.0   113   216   228   329   179   338 0.85 FUN_006242
FUN_008983-T1        -            325 928at5125            -           1229     0.001   15.8   0.1   1   1   1.2e-05    0.0017   15.1   0.1   116   158   128   170   116   228 0.70 FUN_008983
FUN_007707-T1        -            167 928at5125            -           1229    0.0012   15.6   0.9   1   2      0.37        52    0.2   0.0   915   954    42    81    16    88 0.53 FUN_007707
FUN_007707-T1        -            167 928at5125            -           1229    0.0012   15.6   0.9   2   2   2.5e-05    0.0035   14.0   0.7  1016  1099    87   165    64   167 0.88 FUN_007707
FUN_009837-T1        -           1164 928at5125            -           1229    0.0019   14.9   0.0   1   1     2e-05    0.0027   14.4   0.0   111   156   409   456   393   461 0.85 FUN_009837
FUN_010293-T1        -            767 928at5125            -           1229    0.0022   14.7   0.0   1   1   2.2e-05     0.003   14.2   0.0    90   169   107   188    96   208 0.83 FUN_010293
FUN_009182-T1        -            449 928at5125            -           1229    0.0028   14.3   0.0   1   1   4.3e-05    0.0059   13.3   0.0   115   269    25   171     5   176 0.79 FUN_009182
FUN_004466-T1        -           1092 928at5125            -           1229    0.0033   14.1   0.0   1   1   3.4e-05    0.0046   13.6   0.0    60   158   302   403   260   411 0.84 FUN_004466
FUN_000855-T1        -           1220 928at5125            -           1229    0.0036   14.0   1.5   1   3    0.0011      0.16    8.5   0.0   867   909    46    88    29   125 0.87 FUN_000855
FUN_000855-T1        -           1220 928at5125            -           1229    0.0036   14.0   1.5   2   3      0.21        30    1.0   0.1   864   914   126   177    98   201 0.83 FUN_000855
FUN_000855-T1        -           1220 928at5125            -           1229    0.0036   14.0   1.5   3   3      0.18        24    1.3   0.1   877   956   214   293   195   303 0.71 FUN_000855
FUN_001585-T1        -            388 928at5125            -           1229    0.0047   13.6   0.0   1   1   4.6e-05    0.0063   13.2   0.0   101   156   237   295   222   310 0.80 FUN_001585
FUN_005176-T1        -           1100 928at5125            -           1229     0.006   13.3   0.0   1   1   6.1e-05    0.0084   12.8   0.0    64   155   252   344   245   353 0.89 FUN_005176
FUN_000990-T1        -            890 928at5125            -           1229    0.0063   13.2   0.0   1   1   8.2e-05     0.011   12.3   0.0    70   267   664   857   627   866 0.62 FUN_000990
FUN_000165-T1        -            604 928at5125            -           1229    0.0065   13.1   0.0   1   1   6.3e-05    0.0087   12.7   0.0    73   157    83   169    71   218 0.84 FUN_000165
FUN_009481-T1        -            328 928at5125            -           1229     0.007   13.0   0.0   1   1   6.5e-05     0.009   12.7   0.0   104   146   135   176   110   205 0.80 FUN_009481
FUN_001308-T1        -            708 928at5125            -           1229    0.0071   13.0   0.0   1   1     7e-05    0.0096   12.6   0.0    90   160   508   579   473   622 0.85 FUN_001308
FUN_000057-T1        -            345 928at5125            -           1229    0.0079   12.9   0.0   1   1   7.7e-05     0.011   12.4   0.0   118   162   272   316   264   326 0.86 FUN_000057
FUN_002349-T1        -            572 928at5125            -           1229    0.0086   12.7   0.0   1   2       2.9   4.1e+02   -2.8   0.1    32   144   116   241   112   246 0.58 FUN_002349
FUN_002349-T1        -            572 928at5125            -           1229    0.0086   12.7   0.0   2   2   0.00013     0.019   11.6   0.0   185   268   305   393   292   399 0.76 FUN_002349
FUN_002677-T1        -            740 928at5125            -           1229    0.0092   12.6   0.0   1   1   0.00011     0.016   11.9   0.0   874   908   391   425   379   461 0.85 FUN_002677
FUN_006366-T1        -           1624 928at5125            -           1229    0.0093   12.6   0.0   1   1   9.7e-05     0.013   12.1   0.0   116   268  1443  1596  1426  1618 0.77 FUN_006366
FUN_000595-T1        -            571 928at5125            -           1229    0.0096   12.6   0.0   1   1   0.00014     0.019   11.6   0.0   861   912   313   364   292   381 0.84 FUN_000595
FUN_007070-T1        -            412 928at5125            -           1229    0.0097   12.6   0.0   1   1   9.3e-05     0.013   12.2   0.0    27   155    20   159    12   172 0.75 FUN_007070
FUN_007627-T1        -            496 928at5125            -           1229      0.01   12.5   0.3   1   2       0.4        56    0.1   0.0   875   908   233   266   225   328 0.67 FUN_007627
FUN_007627-T1        -            496 928at5125            -           1229      0.01   12.5   0.3   2   2   0.00049     0.067    9.8   0.2   886   948   366   429   339   437 0.76 FUN_007627
FUN_003181-T1        -            547 928at5125            -           1229     0.016   11.8   0.1   1   1   0.00016     0.022   11.4   0.1    95   218   269   415   188   420 0.74 FUN_003181
FUN_007641-T1        -            446 928at5125            -           1229     0.018   11.7   1.2   1   3      0.11        15    2.0   0.0   882   948    69   133    55   140 0.62 FUN_007641
FUN_007641-T1        -            446 928at5125            -           1229     0.018   11.7   1.2   2   3      0.21        29    1.0   0.0   882   933   242   290   233   314 0.73 FUN_007641
FUN_007641-T1        -            446 928at5125            -           1229     0.018   11.7   1.2   3   3      0.01       1.4    5.4   0.1   878   922   322   369   305   381 0.72 FUN_007641
FUN_007930-T1        -            771 928at5125            -           1229     0.018   11.7   0.1   1   3      0.22        30    1.0   0.0   875   916   105   146    85   185 0.73 FUN_007930
FUN_007930-T1        -            771 928at5125            -           1229     0.018   11.7   0.1   2   3      0.56        78   -0.4   0.0   876   948   148   226   135   229 0.72 FUN_007930
FUN_007930-T1        -            771 928at5125            -           1229     0.018   11.7   0.1   3   3    0.0022      0.31    7.6   0.0   864   949   227   307   215   317 0.82 FUN_007930
FUN_006175-T1        -            327 928at5125            -           1229     0.019   11.6   0.0   1   2     0.038       5.2    3.5   0.0   878  1052    83   116    53   130 0.59 FUN_006175
FUN_006175-T1        -            327 928at5125            -           1229     0.019   11.6   0.0   2   2    0.0068      0.94    6.0   0.0   878   968   224   318   214   325 0.77 FUN_006175
FUN_007522-T1        -            567 928at5125            -           1229      0.02   11.5   0.0   1   2     0.032       4.4    3.8   0.0  1152  1179   221   252   192   269 0.63 FUN_007522
FUN_007522-T1        -            567 928at5125            -           1229      0.02   11.5   0.0   2   2    0.0088       1.2    5.6   0.0   887   950   316   382   293   387 0.82 FUN_007522
FUN_003190-T1        -            777 928at5125            -           1229      0.02   11.5   0.1   1   1    0.0002     0.028   11.1   0.1   527   697   363   535   343   549 0.85 FUN_003190
FUN_005130-T1        -            517 928at5125            -           1229     0.025   11.2   0.9   1   3      0.26        36    0.7   0.0   872   918   280   326   268   361 0.74 FUN_005130
FUN_005130-T1        -            517 928at5125            -           1229     0.025   11.2   0.9   2   3      0.32        44    0.4   0.0   878   913   374   409   348   416 0.77 FUN_005130
FUN_005130-T1        -            517 928at5125            -           1229     0.025   11.2   0.9   3   3    0.0049      0.68    6.4   0.1   869   907   472   510   458   516 0.88 FUN_005130
FUN_010959-T1        -            567 928at5125            -           1229     0.026   11.1   0.0   1   2   0.00047     0.065    9.8   0.0   111   161   187   242   168   282 0.80 FUN_010959
FUN_010959-T1        -            567 928at5125            -           1229     0.026   11.1   0.0   2   2       1.8   2.5e+02   -2.0   0.0  1190  1224   371   405   355   408 0.78 FUN_010959
FUN_000234-T1        -            337 928at5125            -           1229     0.028   11.0   0.1   1   3      0.02       2.7    4.4   0.0   866   908    39    81    30    88 0.89 FUN_000234
FUN_000234-T1        -            337 928at5125            -           1229     0.028   11.0   0.1   2   3      0.36        49    0.3   0.0   877   912   189   224   171   230 0.83 FUN_000234
FUN_000234-T1        -            337 928at5125            -           1229     0.028   11.0   0.1   3   3       0.1        14    2.1   0.0   875   907   284   316   275   329 0.88 FUN_000234
FUN_004259-T1        -            631 928at5125            -           1229     0.033   10.8   0.1   1   2    0.0012      0.17    8.5   0.1   893   952   399   457   381   468 0.79 FUN_004259
FUN_004259-T1        -            631 928at5125            -           1229     0.033   10.8   0.1   2   2      0.52        72   -0.3   0.0   883  1167   543   570   522   596 0.54 FUN_004259
FUN_008809-T1        -            127 928at5125            -           1229     0.034   10.7   0.0   1   1   0.00026     0.036   10.7   0.0   123   171    40    88    24   112 0.85 FUN_008809
FUN_001135-T1        -            381 928at5125            -           1229      0.04   10.5   0.0   1   1   0.00046     0.064    9.8   0.0   870   910   133   173   123   185 0.90 FUN_001135
FUN_002500-T1        -            487 928at5125            -           1229     0.042   10.4   0.6   1   2   0.00072       0.1    9.2   0.2   874   946   297   371   291   382 0.76 FUN_002500
FUN_002500-T1        -            487 928at5125            -           1229     0.042   10.4   0.6   2   2       1.1   1.6e+02   -1.4   0.0   870   909   389   429   377   437 0.79 FUN_002500
FUN_005109-T1        -            623 928at5125            -           1229     0.049   10.2   0.2   1   1    0.0013      0.18    8.4   0.1   870   909   106   145    93   155 0.84 FUN_005109
FUN_006107-T1        -            661 928at5125            -           1229     0.053   10.1   0.0   1   1   0.00062     0.086    9.4   0.0   974  1102   354   478   343   497 0.85 FUN_006107
FUN_009593-T1        -            817 928at5125            -           1229     0.062    9.9   1.0   1   3      0.36        49    0.3   0.0   895   918   483   506   476   531 0.74 FUN_009593
FUN_009593-T1        -            817 928at5125            -           1229     0.062    9.9   1.0   2   3       0.3        42    0.5   0.0   887   908   533   554   517   557 0.88 FUN_009593
FUN_009593-T1        -            817 928at5125            -           1229     0.062    9.9   1.0   3   3    0.0093       1.3    5.5   0.1   869   949   732   814   723   816 0.80 FUN_009593
FUN_003652-T1        -            752 928at5125            -           1229     0.079    9.5   0.0   1   2      0.03       4.1    3.9   0.0   871   907   487   523   475   535 0.87 FUN_003652
FUN_003652-T1        -            752 928at5125            -           1229     0.079    9.5   0.0   2   2     0.041       5.7    3.4   0.0   869   952   571   653   561   661 0.61 FUN_003652
FUN_010327-T1        -            322 928at5125            -           1229      0.08    9.5   0.0   1   1   0.00066     0.091    9.3   0.0    72   157   136   222    53   230 0.71 FUN_010327
FUN_007212-T1        -            711 928at5125            -           1229     0.097    9.2   1.0   1   2      0.28        38    0.6   0.0  1152  1174   375   397   361   408 0.76 FUN_007212
FUN_007212-T1        -            711 928at5125            -           1229     0.097    9.2   1.0   2   2    0.0072         1    5.9   0.1   858   948   547   637   535   644 0.71 FUN_007212
FUN_009562-T1        -           1796 928at5125            -           1229      0.12    8.9   0.0   1   1    0.0013      0.18    8.3   0.0   109   156   815   861   792   867 0.89 FUN_009562
FUN_001107-T1        -            354 928at5125            -           1229      0.16    8.5   0.1   1   3      0.75     1e+02   -0.8   0.0   873   908   141   177   127   201 0.77 FUN_001107
FUN_001107-T1        -            354 928at5125            -           1229      0.16    8.5   0.1   2   3      0.03       4.1    3.8   0.1   864   946   174   254   168   257 0.70 FUN_001107
FUN_001107-T1        -            354 928at5125            -           1229      0.16    8.5   0.1   3   3     0.012       1.7    5.1   0.0   870   909   222   261   213   311 0.79 FUN_001107
FUN_009885-T1        -            455 928at5125            -           1229      0.16    8.5   0.0   1   1    0.0014      0.19    8.3   0.0    65   205    66   209    38   278 0.68 FUN_009885
#
# Program:         hmmsearch
# Version:         3.1b2 (February 2015)
# Pipeline mode:   SEARCH
# Query file:      /home/zack/funannotate_db/hypocreales_odb10/hmms/928at5125.hmm
# Target file:     /home/zack/Desktop/IsariaPreferralGenome/MyGenomeSubmittedToNCBI/HypocrealesProteinSets/C_cateniannulata_MBC234.proteins.fa
# Option settings: hmmsearch --domtblout /home/zack/Desktop/IsariaPreferralGenome/MyGenomeSubmittedToNCBI/HypocrealesProteinSets/BUSCO_AA_all/BUSCO_AA_Ccateniannulata_MBC234/run_hypocreales_odb10/hmmer_output/initial_run_results/928at5125.out --cpu 1 /home/zack/funannotate_db/hypocreales_odb10/hmms/928at5125.hmm /home/zack/Desktop/IsariaPreferralGenome/MyGenomeSubmittedToNCBI/HypocrealesProteinSets/C_cateniannulata_MBC234.proteins.fa 
# Current dir:     /home/zack/Desktop/IsariaPreferralGenome/MyGenomeSubmittedToNCBI/HypocrealesProteinSets/BUSCO_AA_all
# Date:            Mon Mar  4 14:32:55 2024
# [ok]
