#                                                                            --- full sequence --- -------------- this domain -------------   hmm coord   ali coord   env coord
# target name        accession   tlen query name           accession   qlen   E-value  score  bias   #  of  c-Evalue  i-Evalue  score  bias  from    to  from    to  from    to  acc description of target
#------------------- ---------- ----- -------------------- ---------- ----- --------- ------ ----- --- --- --------- --------- ------ ----- ----- ----- ----- ----- ----- ----- ---- ---------------------
FUN_011382-T1        -            247 9556at5125           -            601    2e-135  451.7   0.0   1   1  1.7e-138  2.4e-135  451.4   0.0   286   509     1   237     1   244 0.96 FUN_011382
FUN_011433-T1        -            192 9556at5125           -            601     2e-64  217.2   0.2   1   2   4.4e-29   6.2e-26   90.1   0.1   117   183     1    74     1    91 0.87 FUN_011433
FUN_011433-T1        -            192 9556at5125           -            601     2e-64  217.2   0.2   2   2   8.2e-40   1.2e-36  125.5   0.0   169   252    96   192    90   192 0.90 FUN_011433
FUN_011097-T1        -             90 9556at5125           -            601   7.8e-37  126.1   0.2   1   1   6.4e-40   9.1e-37  125.9   0.2   524   598     1    78     1    80 0.97 FUN_011097
FUN_011374-T1        -             66 9556at5125           -            601   9.3e-28   96.1   0.0   1   1   7.2e-31     1e-27   96.0   0.0     1    58     3    66     3    66 0.94 FUN_011374
FUN_005794-T1        -            696 9556at5125           -            601   3.4e-06   24.9   0.0   1   1   3.6e-09   5.1e-06   24.3   0.0   298   419    96   204    87   251 0.71 FUN_005794
FUN_004283-T1        -            552 9556at5125           -            601   3.1e-05   21.8   0.0   1   1     3e-08   4.3e-05   21.3   0.0   296   378   106   193    77   205 0.83 FUN_004283
FUN_001876-T1        -            432 9556at5125           -            601   9.7e-05   20.1   0.0   1   1     1e-07   0.00015   19.5   0.0   303   380    47   119    35   125 0.88 FUN_001876
FUN_005003-T1        -            489 9556at5125           -            601   0.00067   17.3   0.0   1   1   7.7e-07    0.0011   16.6   0.0   299   379    98   175    94   182 0.90 FUN_005003
#
# Program:         hmmsearch
# Version:         3.1b2 (February 2015)
# Pipeline mode:   SEARCH
# Query file:      /home/zack/funannotate_db/hypocreales_odb10/hmms/9556at5125.hmm
# Target file:     /home/zack/Desktop/IsariaPreferralGenome/MyGenomeSubmittedToNCBI/HypocrealesProteinSets/C_cateniannulata_MBC234.proteins.fa
# Option settings: hmmsearch --domtblout /home/zack/Desktop/IsariaPreferralGenome/MyGenomeSubmittedToNCBI/HypocrealesProteinSets/BUSCO_AA_all/BUSCO_AA_Ccateniannulata_MBC234/run_hypocreales_odb10/hmmer_output/initial_run_results/9556at5125.out --cpu 1 /home/zack/funannotate_db/hypocreales_odb10/hmms/9556at5125.hmm /home/zack/Desktop/IsariaPreferralGenome/MyGenomeSubmittedToNCBI/HypocrealesProteinSets/C_cateniannulata_MBC234.proteins.fa 
# Current dir:     /home/zack/Desktop/IsariaPreferralGenome/MyGenomeSubmittedToNCBI/HypocrealesProteinSets/BUSCO_AA_all
# Date:            Mon Mar  4 14:32:27 2024
# [ok]
