#                                                                            --- full sequence --- -------------- this domain -------------   hmm coord   ali coord   env coord
# target name        accession   tlen query name           accession   qlen   E-value  score  bias   #  of  c-Evalue  i-Evalue  score  bias  from    to  from    to  from    to  acc description of target
#------------------- ---------- ----- -------------------- ---------- ----- --------- ------ ----- --- --- --------- --------- ------ ----- ----- ----- ----- ----- ----- ----- ---- ---------------------
QLI64349.1           -            584 15009at5125          -            476  1.3e-236  785.1   0.0   1   2   1.1e-83     3e-80  269.4   0.0    19   204    43   266     7   277 0.85 1-phosphatidylinositol 4,5-bisphosphate phosphodiesterase 1 [Metarhizium brunneum]
QLI64349.1           -            584 15009at5125          -            476  1.3e-236  785.1   0.0   2   2    1e-157  2.9e-154  513.5   0.0   202   476   288   583   283   583 0.94 1-phosphatidylinositol 4,5-bisphosphate phosphodiesterase 1 [Metarhizium brunneum]
QLI65803.1           -            648 15009at5125          -            476   3.8e-74  249.3   0.4   1   2   4.3e-21   1.2e-17   63.0   0.3    15   107    59   151    46   159 0.81 1-phosphatidylinositol 4,5-bisphosphate phosphodiesterase delta-3 [Metarhizium brunneum]
QLI65803.1           -            648 15009at5125          -            476   3.8e-74  249.3   0.4   2   2   2.2e-57   6.3e-54  182.6   0.0   110   473   237   634   232   636 0.77 1-phosphatidylinositol 4,5-bisphosphate phosphodiesterase delta-3 [Metarhizium brunneum]
QLI66087.1           -           1154 15009at5125          -            476   6.6e-63  212.2   0.0   1   2   7.1e-39     2e-35  121.6   0.0    54   176   564   687   519   709 0.83 1-phosphatidylinositol 4,5-bisphosphate phosphodiesterase 1 [Metarhizium brunneum]
QLI66087.1           -           1154 15009at5125          -            476   6.6e-63  212.2   0.0   2   2   8.7e-29   2.5e-25   88.3   0.0   212   380   805   989   799  1101 0.67 1-phosphatidylinositol 4,5-bisphosphate phosphodiesterase 1 [Metarhizium brunneum]
QLI69910.1           -            794 15009at5125          -            476   1.8e-56  191.1   0.1   1   3   4.2e-17   1.2e-13   49.8   0.0    54   105   147   198   126   213 0.89 1-phosphatidylinositol 4,5-bisphosphate phosphodiesterase 1 [Metarhizium brunneum]
QLI69910.1           -            794 15009at5125          -            476   1.8e-56  191.1   0.1   2   3   9.7e-17   2.8e-13   48.6   0.2   108   199   305   399   300   417 0.90 1-phosphatidylinositol 4,5-bisphosphate phosphodiesterase 1 [Metarhizium brunneum]
QLI69910.1           -            794 15009at5125          -            476   1.8e-56  191.1   0.1   3   3   7.3e-29   2.1e-25   88.6   0.0   213   462   510   778   501   791 0.73 1-phosphatidylinositol 4,5-bisphosphate phosphodiesterase 1 [Metarhizium brunneum]
#
# Program:         hmmsearch
# Version:         3.1b2 (February 2015)
# Pipeline mode:   SEARCH
# Query file:      /home/zack/funannotate_db/hypocreales_odb10/hmms/15009at5125.hmm
# Target file:     /home/zack/Desktop/IsariaPreferralGenome/MyGenomeSubmittedToNCBI/HypocrealesProteinSets/Mbrunneum4556_protein.faa
# Option settings: hmmsearch --domtblout /home/zack/Desktop/IsariaPreferralGenome/MyGenomeSubmittedToNCBI/HypocrealesProteinSets/BUSCO_AA_all/BUSCO_AA_Mbrunneum_ARSEF4556/run_hypocreales_odb10/hmmer_output/initial_run_results/15009at5125.out --cpu 1 /home/zack/funannotate_db/hypocreales_odb10/hmms/15009at5125.hmm /home/zack/Desktop/IsariaPreferralGenome/MyGenomeSubmittedToNCBI/HypocrealesProteinSets/Mbrunneum4556_protein.faa 
# Current dir:     /home/zack/Desktop/IsariaPreferralGenome/MyGenomeSubmittedToNCBI/HypocrealesProteinSets/BUSCO_AA_all
# Date:            Mon Mar  4 15:34:11 2024
# [ok]
