#                                                                            --- full sequence --- -------------- this domain -------------   hmm coord   ali coord   env coord
# target name        accession   tlen query name           accession   qlen   E-value  score  bias   #  of  c-Evalue  i-Evalue  score  bias  from    to  from    to  from    to  acc description of target
#------------------- ---------- ----- -------------------- ---------- ----- --------- ------ ----- --- --- --------- --------- ------ ----- ----- ----- ----- ----- ----- ----- ---- ---------------------
QLI73153.1           -            685 17138at5125          -            548         0 1126.3  12.3   1   2    1e-287  1.9e-284  943.5   1.3     1   461    15   528    15   538 0.94 Kelch repeat-containing protein 3 [Metarhizium brunneum]
QLI73153.1           -            685 17138at5125          -            548         0 1126.3  12.3   2   2   1.3e-58   2.4e-55  187.3   3.7   447   548   574   675   556   675 0.91 Kelch repeat-containing protein 3 [Metarhizium brunneum]
QLI72276.1           -           1460 17138at5125          -            548   2.1e-12   45.6   0.3   1   3      0.01        20    2.8   0.0   107   212   107   209    98   219 0.70 Tip elongation aberrant protein 1 [Metarhizium brunneum]
QLI72276.1           -           1460 17138at5125          -            548   2.1e-12   45.6   0.3   2   3   1.1e-06    0.0021   15.9   0.2    72   216   182   321   163   323 0.75 Tip elongation aberrant protein 1 [Metarhizium brunneum]
QLI72276.1           -           1460 17138at5125          -            548   2.1e-12   45.6   0.3   3   3   4.1e-12   7.9e-09   33.8   0.1    60   218   284   429   275   455 0.73 Tip elongation aberrant protein 1 [Metarhizium brunneum]
QLI69626.1           -            340 17138at5125          -            548   1.4e-11   42.9   0.1   1   2   9.6e-11   1.8e-07   29.3   0.0    74   228    31   177    11   196 0.74 Nitrile-specifier protein 5 [Metarhizium brunneum]
QLI69626.1           -            340 17138at5125          -            548   1.4e-11   42.9   0.1   2   2   1.1e-07   0.00021   19.2   0.0   107   237   121   238   120   243 0.83 Nitrile-specifier protein 5 [Metarhizium brunneum]
QLI69660.1           -            516 17138at5125          -            548   3.4e-08   31.7   0.4   1   2   8.7e-06     0.017   12.9   0.1   127   208   265   335   197   355 0.63 Protein GLUTELIN PRECURSOR ACCUMULATION 3 [Metarhizium brunneum]
QLI69660.1           -            516 17138at5125          -            548   3.4e-08   31.7   0.4   2   2   2.7e-07   0.00051   17.9   0.1   119   225   308   416   302   496 0.62 Protein GLUTELIN PRECURSOR ACCUMULATION 3 [Metarhizium brunneum]
QLI69872.1           -            766 17138at5125          -            548   7.7e-05   20.6   0.9   1   3   1.2e-07   0.00022   19.1   0.1   126   231   104   201    90   218 0.81 RING finger protein B [Metarhizium brunneum]
QLI69872.1           -            766 17138at5125          -            548   7.7e-05   20.6   0.9   2   3      0.21   3.9e+02   -1.5   0.0   402   435   204   235   195   241 0.78 RING finger protein B [Metarhizium brunneum]
QLI69872.1           -            766 17138at5125          -            548   7.7e-05   20.6   0.9   3   3      0.34   6.5e+02   -2.2   0.0   175   210   247   279   239   283 0.66 RING finger protein B [Metarhizium brunneum]
QLI70562.1           -            562 17138at5125          -            548     0.038   11.7   0.0   1   3     0.036        69    1.0   0.0   102   140    66   100    10   138 0.77 hypothetical protein G6M90_00g076980 [Metarhizium brunneum]
QLI70562.1           -            562 17138at5125          -            548     0.038   11.7   0.0   2   3    0.0026         5    4.8   0.0   171   218   173   221   160   241 0.80 hypothetical protein G6M90_00g076980 [Metarhizium brunneum]
QLI70562.1           -            562 17138at5125          -            548     0.038   11.7   0.0   3   3     0.022        42    1.7   0.0   283   309   336   362   319   376 0.76 hypothetical protein G6M90_00g076980 [Metarhizium brunneum]
#
# Program:         hmmsearch
# Version:         3.1b2 (February 2015)
# Pipeline mode:   SEARCH
# Query file:      /home/zack/funannotate_db/hypocreales_odb10/hmms/17138at5125.hmm
# Target file:     /home/zack/Desktop/IsariaPreferralGenome/MyGenomeSubmittedToNCBI/HypocrealesProteinSets/Mbrunneum4556_protein.faa
# Option settings: hmmsearch --domtblout /home/zack/Desktop/IsariaPreferralGenome/MyGenomeSubmittedToNCBI/HypocrealesProteinSets/BUSCO_AA_all/BUSCO_AA_Mbrunneum_ARSEF4556/run_hypocreales_odb10/hmmer_output/initial_run_results/17138at5125.out --cpu 1 /home/zack/funannotate_db/hypocreales_odb10/hmms/17138at5125.hmm /home/zack/Desktop/IsariaPreferralGenome/MyGenomeSubmittedToNCBI/HypocrealesProteinSets/Mbrunneum4556_protein.faa 
# Current dir:     /home/zack/Desktop/IsariaPreferralGenome/MyGenomeSubmittedToNCBI/HypocrealesProteinSets/BUSCO_AA_all
# Date:            Mon Mar  4 15:34:05 2024
# [ok]
