#                                                                            --- full sequence --- -------------- this domain -------------   hmm coord   ali coord   env coord
# target name        accession   tlen query name           accession   qlen   E-value  score  bias   #  of  c-Evalue  i-Evalue  score  bias  from    to  from    to  from    to  acc description of target
#------------------- ---------- ----- -------------------- ---------- ----- --------- ------ ----- --- --- --------- --------- ------ ----- ----- ----- ----- ----- ----- ----- ---- ---------------------
QLI73392.1           -           1192 1767at5125           -           1010         0 2095.8  13.1   1   3   1.2e-05     0.016   12.0   0.1     5    28    23    46     4    56 0.79 Pyruvate carboxylase [Metarhizium brunneum]
QLI73392.1           -           1192 1767at5125           -           1010         0 2095.8  13.1   2   3  1.3e-264  1.8e-261  869.2   2.3    20   436    76   528    62   534 0.96 Pyruvate carboxylase [Metarhizium brunneum]
QLI73392.1           -           1192 1767at5125           -           1010         0 2095.8  13.1   3   3         0         0 1220.5   0.4   427  1004   545  1170   533  1185 0.95 Pyruvate carboxylase [Metarhizium brunneum]
QLI71047.1           -            647 1767at5125           -           1010   2.6e-90  302.6   0.3   1   2   4.5e-87   6.4e-84  281.5   0.0    43   391    61   440    53   448 0.86 Pyruvate carboxylase [Metarhizium brunneum]
QLI71047.1           -            647 1767at5125           -           1010   2.6e-90  302.6   0.3   2   2   7.6e-08   0.00011   19.2   0.0   945  1003   559   617   543   620 0.90 Pyruvate carboxylase [Metarhizium brunneum]
QLI68793.1           -            720 1767at5125           -           1010   2.2e-88  296.3   0.4   1   2   2.1e-83   3.1e-80  269.3   0.0    40   416    81   498    73   522 0.83 Methylcrotonoyl-CoA carboxylase subunit alpha [Metarhizium brunneum]
QLI68793.1           -            720 1767at5125           -           1010   2.2e-88  296.3   0.4   2   2   1.5e-09   2.2e-06   24.8   0.4   956  1003   644   691   638   697 0.93 Methylcrotonoyl-CoA carboxylase subunit alpha [Metarhizium brunneum]
QLI67712.1           -            774 1767at5125           -           1010   1.5e-84  283.6   0.2   1   2   4.5e-85   6.4e-82  274.9   0.0    44   399    80   476    59   488 0.85 Methylcrotonoyl-CoA carboxylase subunit alpha [Metarhizium brunneum]
QLI67712.1           -            774 1767at5125           -           1010   1.5e-84  283.6   0.2   2   2   0.00045      0.64    6.7   0.1   953  1001   704   752   686   760 0.82 Methylcrotonoyl-CoA carboxylase subunit alpha [Metarhizium brunneum]
QLI71982.1           -           1238 1767at5125           -           1010   1.9e-70  236.9   1.6   1   2   4.7e-70   6.6e-67  225.2   0.0    20   398    48   459    35   475 0.80 hypothetical protein G6M90_00g084500 [Metarhizium brunneum]
QLI71982.1           -           1238 1767at5125           -           1010   1.9e-70  236.9   1.6   2   2   3.4e-05     0.048   10.4   0.8   951  1003  1159  1213  1141  1219 0.75 hypothetical protein G6M90_00g084500 [Metarhizium brunneum]
QLI65055.1           -           2285 1767at5125           -           1010   2.1e-51  173.8   0.4   1   3   4.2e-45     6e-42  142.5   0.0    60   287   150   415   114   421 0.77 Acetyl-CoA carboxylase [Metarhizium brunneum]
QLI65055.1           -           2285 1767at5125           -           1010   2.1e-51  173.8   0.4   2   3   9.9e-05      0.14    8.9   0.0   292   390   446   553   438   595 0.73 Acetyl-CoA carboxylase [Metarhizium brunneum]
QLI65055.1           -           2285 1767at5125           -           1010   2.1e-51  173.8   0.4   3   3     8e-06     0.011   12.5   0.0   951  1004   697   750   681   754 0.90 Acetyl-CoA carboxylase [Metarhizium brunneum]
QLI73119.1           -           1166 1767at5125           -           1010   3.3e-12   44.1   0.1   1   2   1.2e-10   1.7e-07   28.5   0.0    75   299   190   425   123   457 0.75 Carbamoyl-phosphate synthase arginine-specific large chain [Metarhizium brunneum]
QLI73119.1           -           1166 1767at5125           -           1010   3.3e-12   44.1   0.1   2   2   4.1e-06    0.0058   13.5   0.0    76   195   728   850   715   866 0.77 Carbamoyl-phosphate synthase arginine-specific large chain [Metarhizium brunneum]
QLI66270.1           -           1889 1767at5125           -           1010   1.1e-10   39.1   1.6   1   2   1.9e-09   2.7e-06   24.5   0.1    15   278   488   759   474   782 0.72 Protein pyrABCN [Metarhizium brunneum]
QLI66270.1           -           1889 1767at5125           -           1010   1.1e-10   39.1   1.6   2   2   3.4e-06    0.0048   13.8   0.1    71   273  1078  1290  1068  1300 0.74 Protein pyrABCN [Metarhizium brunneum]
#
# Program:         hmmsearch
# Version:         3.1b2 (February 2015)
# Pipeline mode:   SEARCH
# Query file:      /home/zack/funannotate_db/hypocreales_odb10/hmms/1767at5125.hmm
# Target file:     /home/zack/Desktop/IsariaPreferralGenome/MyGenomeSubmittedToNCBI/HypocrealesProteinSets/Mbrunneum4556_protein.faa
# Option settings: hmmsearch --domtblout /home/zack/Desktop/IsariaPreferralGenome/MyGenomeSubmittedToNCBI/HypocrealesProteinSets/BUSCO_AA_all/BUSCO_AA_Mbrunneum_ARSEF4556/run_hypocreales_odb10/hmmer_output/initial_run_results/1767at5125.out --cpu 1 /home/zack/funannotate_db/hypocreales_odb10/hmms/1767at5125.hmm /home/zack/Desktop/IsariaPreferralGenome/MyGenomeSubmittedToNCBI/HypocrealesProteinSets/Mbrunneum4556_protein.faa 
# Current dir:     /home/zack/Desktop/IsariaPreferralGenome/MyGenomeSubmittedToNCBI/HypocrealesProteinSets/BUSCO_AA_all
# Date:            Mon Mar  4 15:34:19 2024
# [ok]
