#                                                                            --- full sequence --- -------------- this domain -------------   hmm coord   ali coord   env coord
# target name        accession   tlen query name           accession   qlen   E-value  score  bias   #  of  c-Evalue  i-Evalue  score  bias  from    to  from    to  from    to  acc description of target
#------------------- ---------- ----- -------------------- ---------- ----- --------- ------ ----- --- --- --------- --------- ------ ----- ----- ----- ----- ----- ----- ----- ---- ---------------------
QLI65395.1           -            645 20592at5125          -            442  2.2e-241  800.4   1.1   1   1    7e-242    2e-238  790.7   1.1     1   432   111   604   111   624 0.89 hypothetical protein G6M90_00g019330 [Metarhizium brunneum]
QLI63557.1           -           1495 20592at5125          -            442   3.7e-10   38.3   0.1   1   4   0.00032      0.92    7.4   0.0    20   112   450   538   437   544 0.74 hypothetical protein G6M90_00g012850 [Metarhizium brunneum]
QLI63557.1           -           1495 20592at5125          -            442   3.7e-10   38.3   0.1   2   4     0.037     1e+02    0.6   0.0    55    74   623   642   617   707 0.63 hypothetical protein G6M90_00g012850 [Metarhizium brunneum]
QLI63557.1           -           1495 20592at5125          -            442   3.7e-10   38.3   0.1   3   4     0.012        35    2.2   0.0    21   105   732   810   722   825 0.74 hypothetical protein G6M90_00g012850 [Metarhizium brunneum]
QLI63557.1           -           1495 20592at5125          -            442   3.7e-10   38.3   0.1   4   4   1.1e-08   3.1e-05   22.1   0.0    27   112  1106  1186  1096  1202 0.88 hypothetical protein G6M90_00g012850 [Metarhizium brunneum]
QLI73730.1           -           1085 20592at5125          -            442   0.00057   17.9   0.0   1   2   3.2e-05     0.092   10.7   0.0    15   115    18   113     8   158 0.77 Phosphatidylserine decarboxylase proenzyme 3 [Metarhizium brunneum]
QLI73730.1           -           1085 20592at5125          -            442   0.00057   17.9   0.0   2   2    0.0019       5.4    4.8   0.0    34   117   275   356   260   363 0.74 Phosphatidylserine decarboxylase proenzyme 3 [Metarhizium brunneum]
QLI65499.1           -           1370 20592at5125          -            442     0.035   12.0   0.1   1   1   2.5e-05     0.071   11.0   0.1    17   113   918  1008   908  1018 0.76 hypothetical protein G6M90_00g012100 [Metarhizium brunneum]
#
# Program:         hmmsearch
# Version:         3.1b2 (February 2015)
# Pipeline mode:   SEARCH
# Query file:      /home/zack/funannotate_db/hypocreales_odb10/hmms/20592at5125.hmm
# Target file:     /home/zack/Desktop/IsariaPreferralGenome/MyGenomeSubmittedToNCBI/HypocrealesProteinSets/Mbrunneum4556_protein.faa
# Option settings: hmmsearch --domtblout /home/zack/Desktop/IsariaPreferralGenome/MyGenomeSubmittedToNCBI/HypocrealesProteinSets/BUSCO_AA_all/BUSCO_AA_Mbrunneum_ARSEF4556/run_hypocreales_odb10/hmmer_output/initial_run_results/20592at5125.out --cpu 1 /home/zack/funannotate_db/hypocreales_odb10/hmms/20592at5125.hmm /home/zack/Desktop/IsariaPreferralGenome/MyGenomeSubmittedToNCBI/HypocrealesProteinSets/Mbrunneum4556_protein.faa 
# Current dir:     /home/zack/Desktop/IsariaPreferralGenome/MyGenomeSubmittedToNCBI/HypocrealesProteinSets/BUSCO_AA_all
# Date:            Mon Mar  4 15:33:53 2024
# [ok]
