#                                                                            --- full sequence --- -------------- this domain -------------   hmm coord   ali coord   env coord
# target name        accession   tlen query name           accession   qlen   E-value  score  bias   #  of  c-Evalue  i-Evalue  score  bias  from    to  from    to  from    to  acc description of target
#------------------- ---------- ----- -------------------- ---------- ----- --------- ------ ----- --- --- --------- --------- ------ ----- ----- ----- ----- ----- ----- ----- ---- ---------------------
QLI65233.1           -           2653 2286at5125           -           1030         0 1673.0  25.8   1   4     4e-10   3.5e-07   27.6   1.4     1    26  1222  1247  1222  1268 0.88 hypothetical protein G6M90_00g013150 [Metarhizium brunneum]
QLI65233.1           -           2653 2286at5125           -           1030         0 1673.0  25.8   2   4         0         0 1148.0   9.1    30   758  1294  2205  1254  2211 0.85 hypothetical protein G6M90_00g013150 [Metarhizium brunneum]
QLI65233.1           -           2653 2286at5125           -           1030         0 1673.0  25.8   3   4  7.2e-154  6.4e-151  503.4   0.3   743  1003  2212  2496  2204  2517 0.92 hypothetical protein G6M90_00g013150 [Metarhizium brunneum]
QLI65233.1           -           2653 2286at5125           -           1030         0 1673.0  25.8   4   4     0.051        44    0.7   0.1   984  1020  2542  2578  2538  2594 0.73 hypothetical protein G6M90_00g013150 [Metarhizium brunneum]
QLI67337.1           -            511 2286at5125           -           1030   2.5e-18   64.5   4.8   1   2   5.3e-06    0.0047   13.9   0.2   271   383   171   286   152   308 0.75 hypothetical protein G6M90_00g042310 [Metarhizium brunneum]
QLI67337.1           -            511 2286at5125           -           1030   2.5e-18   64.5   4.8   2   2   1.3e-17   1.2e-14   52.3   0.5   805   984   329   509   323   511 0.81 hypothetical protein G6M90_00g042310 [Metarhizium brunneum]
QLI72094.1           -           2648 2286at5125           -           1030   7.5e-18   62.9   4.7   1   3   2.6e-06    0.0023   14.9   0.1   264   307  1656  1699  1653  1781 0.74 Ubiquitin carboxyl-terminal hydrolase 34 [Metarhizium brunneum]
QLI72094.1           -           2648 2286at5125           -           1030   7.5e-18   62.9   4.7   2   3   1.4e-16   1.2e-13   49.0   0.2   834   963  1820  1958  1812  2006 0.86 Ubiquitin carboxyl-terminal hydrolase 34 [Metarhizium brunneum]
QLI72094.1           -           2648 2286at5125           -           1030   7.5e-18   62.9   4.7   3   3      0.58   5.1e+02   -2.8   0.0   419   446  2113  2141  2102  2144 0.84 Ubiquitin carboxyl-terminal hydrolase 34 [Metarhizium brunneum]
QLI68552.1           -           1024 2286at5125           -           1030   2.8e-13   47.7   0.4   1   3     0.044        38    1.0   0.0   279   298   649   668   637   676 0.88 Ubiquitin carboxyl-terminal hydrolase 4 [Metarhizium brunneum]
QLI68552.1           -           1024 2286at5125           -           1030   2.8e-13   47.7   0.4   2   3     2e-12   1.7e-09   35.2   0.0   355   462   740   842   731   849 0.85 Ubiquitin carboxyl-terminal hydrolase 4 [Metarhizium brunneum]
QLI68552.1           -           1024 2286at5125           -           1030   2.8e-13   47.7   0.4   3   3   0.00029      0.25    8.2   0.1   836   968   850   995   842  1024 0.70 Ubiquitin carboxyl-terminal hydrolase 4 [Metarhizium brunneum]
QLI73854.1           -            756 2286at5125           -           1030   7.9e-13   46.3  16.4   1   3    0.0013       1.2    6.0   0.0   280   298    57    75    48    80 0.87 hypothetical protein G6M90_00g099330 [Metarhizium brunneum]
QLI73854.1           -            756 2286at5125           -           1030   7.9e-13   46.3  16.4   2   3   0.00029      0.25    8.2   0.0   342   462   206   329   191   337 0.83 hypothetical protein G6M90_00g099330 [Metarhizium brunneum]
QLI73854.1           -            756 2286at5125           -           1030   7.9e-13   46.3  16.4   3   3   5.3e-14   4.6e-11   40.4   0.4   835   982   334   488   329   498 0.80 hypothetical protein G6M90_00g099330 [Metarhizium brunneum]
QLI71434.1           -            809 2286at5125           -           1030   2.8e-12   44.5   0.0   1   3   0.00011     0.099    9.5   0.0   257   298   334   380   292   392 0.72 hypothetical protein G6M90_00g077820 [Metarhizium brunneum]
QLI71434.1           -            809 2286at5125           -           1030   2.8e-12   44.5   0.0   2   3   1.5e-06    0.0013   15.8   0.0   365   463   468   576   447   587 0.72 hypothetical protein G6M90_00g077820 [Metarhizium brunneum]
QLI71434.1           -            809 2286at5125           -           1030   2.8e-12   44.5   0.0   3   3     2e-06    0.0017   15.3   0.0   858   968   603   720   592   766 0.72 hypothetical protein G6M90_00g077820 [Metarhizium brunneum]
QLI72376.1           -            564 2286at5125           -           1030   7.5e-12   43.0   1.4   1   3     9e-12   7.9e-09   33.0   0.0   271   381   100   217    19   232 0.68 Ubiquitin carboxyl-terminal hydrolase 6 [Metarhizium brunneum]
QLI72376.1           -            564 2286at5125           -           1030   7.5e-12   43.0   1.4   2   3       0.4   3.5e+02   -2.2   0.1   867   907   307   348   303   354 0.70 Ubiquitin carboxyl-terminal hydrolase 6 [Metarhizium brunneum]
QLI72376.1           -            564 2286at5125           -           1030   7.5e-12   43.0   1.4   3   3   0.00027      0.24    8.3   0.1   916   966   466   531   454   553 0.74 Ubiquitin carboxyl-terminal hydrolase 6 [Metarhizium brunneum]
QLI74690.1           -            780 2286at5125           -           1030   1.1e-09   35.9   0.0   1   3   5.1e-08   4.5e-05   20.6   0.0   278   377   299   413   293   420 0.79 Ubiquitin carboxyl-terminal hydrolase 14 [Metarhizium brunneum]
QLI74690.1           -            780 2286at5125           -           1030   1.1e-09   35.9   0.0   2   3   0.00043      0.38    7.6   0.0   829   905   478   550   437   559 0.86 Ubiquitin carboxyl-terminal hydrolase 14 [Metarhizium brunneum]
QLI74690.1           -            780 2286at5125           -           1030   1.1e-09   35.9   0.0   3   3    0.0067       5.9    3.6   0.0   932   982   725   779   715   780 0.80 Ubiquitin carboxyl-terminal hydrolase 14 [Metarhizium brunneum]
QLI73209.1           -           1188 2286at5125           -           1030   5.3e-09   33.6   5.4   1   2   1.4e-05     0.012   12.5   0.2   274   307   249   282   245   361 0.61 Ubiquitin carboxyl-terminal hydrolase 21 [Metarhizium brunneum]
QLI73209.1           -           1188 2286at5125           -           1030   5.3e-09   33.6   5.4   2   2   1.2e-08     1e-05   22.7   0.8   864   965   429   532   401   539 0.79 Ubiquitin carboxyl-terminal hydrolase 21 [Metarhizium brunneum]
QLI68571.1           -           1283 2286at5125           -           1030   2.8e-08   31.2   0.1   1   2   1.3e-06    0.0011   15.9   0.0   279   310   601   632   539   685 0.74 Ubiquitin carboxyl-terminal hydrolase 2 [Metarhizium brunneum]
QLI68571.1           -           1283 2286at5125           -           1030   2.8e-08   31.2   0.1   2   2   1.1e-05    0.0092   12.9   0.0   918   972  1139  1193  1130  1214 0.81 Ubiquitin carboxyl-terminal hydrolase 2 [Metarhizium brunneum]
QLI63674.1           -            544 2286at5125           -           1030   1.2e-07   29.1   0.0   1   2   2.6e-06    0.0023   14.9   0.0   276   391   196   307   164   333 0.84 hypothetical protein G6M90_00g003620 [Metarhizium brunneum]
QLI63674.1           -            544 2286at5125           -           1030   1.2e-07   29.1   0.0   2   2   1.7e-05     0.015   12.3   0.0   860   913   391   445   379   531 0.81 hypothetical protein G6M90_00g003620 [Metarhizium brunneum]
QLI64846.1           -            744 2286at5125           -           1030   3.9e-07   27.4   1.0   1   2     5e-08   4.4e-05   20.6   0.0   280   466   165   349   142   378 0.73 Ubiquitin carboxyl-terminal hydrolase 1 [Metarhizium brunneum]
QLI64846.1           -            744 2286at5125           -           1030   3.9e-07   27.4   1.0   2   2    0.0023         2    5.2   0.2   923   967   533   576   528   586 0.87 Ubiquitin carboxyl-terminal hydrolase 1 [Metarhizium brunneum]
QLI73122.1           -            622 2286at5125           -           1030   8.4e-05   19.7   0.0   1   3   1.9e-05     0.017   12.1   0.0   273   312    37    76     8    91 0.88 Ubiquitin carboxyl-terminal hydrolase 16 [Metarhizium brunneum]
QLI73122.1           -            622 2286at5125           -           1030   8.4e-05   19.7   0.0   2   3     0.098        86   -0.2   0.0   342   383   130   171   103   178 0.80 Ubiquitin carboxyl-terminal hydrolase 16 [Metarhizium brunneum]
QLI73122.1           -            622 2286at5125           -           1030   8.4e-05   19.7   0.0   3   3    0.0097       8.5    3.1   0.0   863   959   372   462   365   479 0.73 Ubiquitin carboxyl-terminal hydrolase 16 [Metarhizium brunneum]
#
# Program:         hmmsearch
# Version:         3.1b2 (February 2015)
# Pipeline mode:   SEARCH
# Query file:      /home/zack/funannotate_db/hypocreales_odb10/hmms/2286at5125.hmm
# Target file:     /home/zack/Desktop/IsariaPreferralGenome/MyGenomeSubmittedToNCBI/HypocrealesProteinSets/Mbrunneum4556_protein.faa
# Option settings: hmmsearch --domtblout /home/zack/Desktop/IsariaPreferralGenome/MyGenomeSubmittedToNCBI/HypocrealesProteinSets/BUSCO_AA_all/BUSCO_AA_Mbrunneum_ARSEF4556/run_hypocreales_odb10/hmmer_output/initial_run_results/2286at5125.out --cpu 1 /home/zack/funannotate_db/hypocreales_odb10/hmms/2286at5125.hmm /home/zack/Desktop/IsariaPreferralGenome/MyGenomeSubmittedToNCBI/HypocrealesProteinSets/Mbrunneum4556_protein.faa 
# Current dir:     /home/zack/Desktop/IsariaPreferralGenome/MyGenomeSubmittedToNCBI/HypocrealesProteinSets/BUSCO_AA_all
# Date:            Mon Mar  4 15:34:03 2024
# [ok]
