#                                                                            --- full sequence --- -------------- this domain -------------   hmm coord   ali coord   env coord
# target name        accession   tlen query name           accession   qlen   E-value  score  bias   #  of  c-Evalue  i-Evalue  score  bias  from    to  from    to  from    to  acc description of target
#------------------- ---------- ----- -------------------- ---------- ----- --------- ------ ----- --- --- --------- --------- ------ ----- ----- ----- ----- ----- ----- ----- ---- ---------------------
QLI70965.1           -            654 27232at5125          -            478  1.2e-250  831.2   8.7   1   3   4.7e-13   8.9e-10   36.8   0.1     1    47     2    48     2    68 0.88 RNA exonuclease 3 [Metarhizium brunneum]
QLI70965.1           -            654 27232at5125          -            478  1.2e-250  831.2   8.7   2   3  5.4e-173    1e-169  564.2   2.1    37   351   154   494   146   498 0.92 RNA exonuclease 3 [Metarhizium brunneum]
QLI70965.1           -            654 27232at5125          -            478  1.2e-250  831.2   8.7   3   3   6.7e-72   1.3e-68  230.9   0.0   347   471   511   638   504   653 0.94 RNA exonuclease 3 [Metarhizium brunneum]
QLI72798.1           -            731 27232at5125          -            478   6.4e-29   99.9   0.0   1   1   5.4e-32     1e-28   99.3   0.0   288   455   337   492   327   508 0.89 hypothetical protein G6M90_00g098580 [Metarhizium brunneum]
QLI68600.1           -            407 27232at5125          -            478   1.4e-27   95.5   1.1   1   3      0.42     8e+02   -2.6   0.0   154   350    23    51    14    65 0.41 RNA exonuclease 3 [Metarhizium brunneum]
QLI68600.1           -            407 27232at5125          -            478   1.4e-27   95.5   1.1   2   3   7.3e-27   1.4e-23   82.4   0.0   238   410   142   314   127   353 0.84 RNA exonuclease 3 [Metarhizium brunneum]
QLI68600.1           -            407 27232at5125          -            478   1.4e-27   95.5   1.1   3   3   2.4e-05     0.046   11.4   0.1   414   456   358   396   353   404 0.87 RNA exonuclease 3 [Metarhizium brunneum]
QLI70446.1           -            319 27232at5125          -            478     1e-05   23.4   0.0   1   1     1e-08     2e-05   22.5   0.0   278   446   124   280    97   289 0.81 RNA exonuclease 4 [Metarhizium brunneum]
QLI68353.1           -           1111 27232at5125          -            478   2.3e-05   22.3   0.0   1   1   1.9e-08   3.5e-05   21.7   0.0   328   452   911  1026   896  1035 0.83 PAN2-PAN3 deadenylation complex catalytic subunit PAN2 [Metarhizium brunneum]
QLI73022.1           -            324 27232at5125          -            478      0.33    8.6   2.0   1   1   0.00028      0.53    7.9   2.0   203   266   136   197   118   205 0.75 Cysteine and histidine-rich domain-containing protein [Metarhizium brunneum]
#
# Program:         hmmsearch
# Version:         3.1b2 (February 2015)
# Pipeline mode:   SEARCH
# Query file:      /home/zack/funannotate_db/hypocreales_odb10/hmms/27232at5125.hmm
# Target file:     /home/zack/Desktop/IsariaPreferralGenome/MyGenomeSubmittedToNCBI/HypocrealesProteinSets/Mbrunneum4556_protein.faa
# Option settings: hmmsearch --domtblout /home/zack/Desktop/IsariaPreferralGenome/MyGenomeSubmittedToNCBI/HypocrealesProteinSets/BUSCO_AA_all/BUSCO_AA_Mbrunneum_ARSEF4556/run_hypocreales_odb10/hmmer_output/initial_run_results/27232at5125.out --cpu 1 /home/zack/funannotate_db/hypocreales_odb10/hmms/27232at5125.hmm /home/zack/Desktop/IsariaPreferralGenome/MyGenomeSubmittedToNCBI/HypocrealesProteinSets/Mbrunneum4556_protein.faa 
# Current dir:     /home/zack/Desktop/IsariaPreferralGenome/MyGenomeSubmittedToNCBI/HypocrealesProteinSets/BUSCO_AA_all
# Date:            Mon Mar  4 15:34:40 2024
# [ok]
