#                                                                            --- full sequence --- -------------- this domain -------------   hmm coord   ali coord   env coord
# target name        accession   tlen query name           accession   qlen   E-value  score  bias   #  of  c-Evalue  i-Evalue  score  bias  from    to  from    to  from    to  acc description of target
#------------------- ---------- ----- -------------------- ---------- ----- --------- ------ ----- --- --- --------- --------- ------ ----- ----- ----- ----- ----- ----- ----- ---- ---------------------
QLI69973.1           -            952 3126at5125           -            913         0 1555.7  37.3   1   3  5.1e-286  1.1e-283  942.9   2.5    97   574     7   530     2   539 0.95 ABC transporter G family member [Metarhizium brunneum]
QLI69973.1           -            952 3126at5125           -            913         0 1555.7  37.3   2   3   1.1e-05    0.0023   15.2   1.7   573   623   552   629   546   649 0.65 ABC transporter G family member [Metarhizium brunneum]
QLI69973.1           -            952 3126at5125           -            913         0 1555.7  37.3   3   3  8.9e-184  1.9e-181  604.6  17.9   626   913   664   952   653   952 0.99 ABC transporter G family member [Metarhizium brunneum]
QLI67296.1           -           1374 3126at5125           -            913  3.6e-133  444.8  21.3   1   3   2.2e-59   4.8e-57  192.9   0.0   307   547   100   339    91   367 0.91 hypothetical protein G6M90_00g047070 [Metarhizium brunneum]
QLI67296.1           -           1374 3126at5125           -            913  3.6e-133  444.8  21.3   2   3   9.3e-16     2e-13   48.6   7.5   636   911   391   673   374   675 0.83 hypothetical protein G6M90_00g047070 [Metarhizium brunneum]
QLI67296.1           -           1374 3126at5125           -            913  3.6e-133  444.8  21.3   3   3   2.6e-62   5.6e-60  202.6   7.7   302   810   723  1262   702  1295 0.78 hypothetical protein G6M90_00g047070 [Metarhizium brunneum]
QLI68216.1           -           1470 3126at5125           -            913  8.5e-103  344.3  10.4   1   3   1.9e-49   3.9e-47  160.1   2.0   308   853   173   711   169   727 0.84 ABC multidrug transporter atrF [Metarhizium brunneum]
QLI68216.1           -           1470 3126at5125           -            913  8.5e-103  344.3  10.4   2   3   4.3e-47   9.1e-45  152.3   0.0   307   544   859  1100   855  1107 0.91 ABC multidrug transporter atrF [Metarhizium brunneum]
QLI68216.1           -           1470 3126at5125           -            913  8.5e-103  344.3  10.4   3   3   1.7e-11   3.5e-09   34.5   1.7   593   787  1106  1306  1101  1370 0.75 ABC multidrug transporter atrF [Metarhizium brunneum]
QLI73047.1           -           1410 3126at5125           -            913  5.6e-101  338.3  27.1   1   3   1.3e-45   2.8e-43  147.3   9.2   307   851    93   629    84   635 0.85 ABC multidrug transporter atrF [Metarhizium brunneum]
QLI73047.1           -           1410 3126at5125           -            913  5.6e-101  338.3  27.1   2   3   6.6e-51   1.4e-48  164.9   0.0   307   547   795  1039   785  1050 0.92 ABC multidrug transporter atrF [Metarhizium brunneum]
QLI73047.1           -           1410 3126at5125           -            913  5.6e-101  338.3  27.1   3   3     2e-09   4.2e-07   27.6  10.6   638   850  1089  1303  1046  1310 0.82 ABC multidrug transporter atrF [Metarhizium brunneum]
QLI74070.1           -           1512 3126at5125           -            913  3.3e-100  335.7  14.1   1   4   5.3e-27   1.1e-24   85.8   0.0   307   547   190   440   182   455 0.85 ZEB2-regulated ABC transporter 1 [Metarhizium brunneum]
QLI74070.1           -           1512 3126at5125           -            913  3.3e-100  335.7  14.1   2   4   1.1e-17   2.4e-15   54.9   6.2   636   851   514   729   477   745 0.88 ZEB2-regulated ABC transporter 1 [Metarhizium brunneum]
QLI74070.1           -           1512 3126at5125           -            913  3.3e-100  335.7  14.1   3   4   3.7e-45   7.8e-43  145.9   0.0   307   552   887  1137   872  1184 0.84 ZEB2-regulated ABC transporter 1 [Metarhizium brunneum]
QLI74070.1           -           1512 3126at5125           -            913  3.3e-100  335.7  14.1   4   4   1.8e-15   3.9e-13   47.6   5.2   622   847  1173  1405  1131  1417 0.72 ZEB2-regulated ABC transporter 1 [Metarhizium brunneum]
QLI74537.1           -           1514 3126at5125           -            913   3.1e-98  329.2  19.1   1   4   2.9e-34   6.1e-32  109.8   0.0   308   545   204   444   196   454 0.90 ABC multidrug transporter atrF [Metarhizium brunneum]
QLI74537.1           -           1514 3126at5125           -            913   3.1e-98  329.2  19.1   2   4   2.2e-14   4.6e-12   44.0   4.9   623   854   507   742   472   754 0.87 ABC multidrug transporter atrF [Metarhizium brunneum]
QLI74537.1           -           1514 3126at5125           -            913   3.1e-98  329.2  19.1   3   4   1.6e-45   3.4e-43  147.1   0.0   307   550   899  1142   889  1171 0.90 ABC multidrug transporter atrF [Metarhizium brunneum]
QLI74537.1           -           1514 3126at5125           -            913   3.1e-98  329.2  19.1   4   4     9e-11   1.9e-08   32.1   4.4   640   825  1190  1376  1182  1398 0.84 ABC multidrug transporter atrF [Metarhizium brunneum]
QLI68554.1           -           1526 3126at5125           -            913   4.6e-93  312.1  18.6   1   4   1.5e-23   3.1e-21   74.4   0.0   308   546   184   432   170   437 0.85 ZEB2-regulated ABC transporter 1 [Metarhizium brunneum]
QLI68554.1           -           1526 3126at5125           -            913   4.6e-93  312.1  18.6   2   4   5.6e-18   1.2e-15   55.9   3.3   634   852   505   723   477   744 0.80 ZEB2-regulated ABC transporter 1 [Metarhizium brunneum]
QLI68554.1           -           1526 3126at5125           -            913   4.6e-93  312.1  18.6   3   4   1.2e-45   2.5e-43  147.5   0.0   305   546   892  1138   872  1174 0.90 ZEB2-regulated ABC transporter 1 [Metarhizium brunneum]
QLI68554.1           -           1526 3126at5125           -            913   4.6e-93  312.1  18.6   4   4   6.8e-11   1.4e-08   32.5  11.5   648   851  1206  1417  1190  1429 0.83 ZEB2-regulated ABC transporter 1 [Metarhizium brunneum]
QLI68533.1           -           1493 3126at5125           -            913   1.5e-91  307.1  27.7   1   5   2.8e-26   5.8e-24   83.4   0.0   304   546   181   433   155   442 0.86 ABC multidrug transporter atrI [Metarhizium brunneum]
QLI68533.1           -           1493 3126at5125           -            913   1.5e-91  307.1  27.7   2   5   3.9e-11   8.2e-09   33.3   6.7   637   851   511   725   489   733 0.89 ABC multidrug transporter atrI [Metarhizium brunneum]
QLI68533.1           -           1493 3126at5125           -            913   1.5e-91  307.1  27.7   3   5   4.4e-45   9.3e-43  145.6   0.0   307   550   880  1128   869  1134 0.90 ABC multidrug transporter atrI [Metarhizium brunneum]
QLI68533.1           -           1493 3126at5125           -            913   1.5e-91  307.1  27.7   4   5   1.5e-15   3.2e-13   47.9   9.5   628   848  1168  1389  1127  1410 0.81 ABC multidrug transporter atrI [Metarhizium brunneum]
QLI68533.1           -           1493 3126at5125           -            913   1.5e-91  307.1  27.7   5   5      0.22        47    1.0   0.1   633   679  1440  1486  1390  1489 0.84 ABC multidrug transporter atrI [Metarhizium brunneum]
QLI65311.1           -           1438 3126at5125           -            913   5.2e-90  302.0  20.4   1   3   3.3e-30   6.9e-28   96.4   5.9   307   851   132   671   126   691 0.84 ABC multidrug transporter [Metarhizium brunneum]
QLI65311.1           -           1438 3126at5125           -            913   5.2e-90  302.0  20.4   2   3     2e-48   4.2e-46  156.7   0.0   306   555   817  1070   810  1116 0.86 ABC multidrug transporter [Metarhizium brunneum]
QLI65311.1           -           1438 3126at5125           -            913   5.2e-90  302.0  20.4   3   3   2.6e-16   5.4e-14   50.4   6.8   617   844  1096  1324  1073  1338 0.84 ABC multidrug transporter [Metarhizium brunneum]
QLI73456.1           -           1439 3126at5125           -            913     6e-83  278.6  27.9   1   4    0.0018      0.39    7.9   0.0   303   350    73   120    58   132 0.85 ABC multidrug transporter C [Metarhizium brunneum]
QLI73456.1           -           1439 3126at5125           -            913     6e-83  278.6  27.9   2   4   9.8e-20   2.1e-17   61.7  12.1   420   851   226   640   170   649 0.77 ABC multidrug transporter C [Metarhizium brunneum]
QLI73456.1           -           1439 3126at5125           -            913     6e-83  278.6  27.9   3   4   3.5e-48   7.4e-46  155.9   0.0   306   564   803  1071   795  1101 0.86 ABC multidrug transporter C [Metarhizium brunneum]
QLI73456.1           -           1439 3126at5125           -            913     6e-83  278.6  27.9   4   4     1e-14   2.1e-12   45.2  10.9   638   850  1107  1327  1088  1340 0.86 ABC multidrug transporter C [Metarhizium brunneum]
QLI72429.1           -            634 3126at5125           -            913   2.9e-59  200.2  12.1   1   2   1.6e-53   3.4e-51  173.5   0.0   306   546    57   299    49   320 0.91 ABC transporter G family member 15 [Metarhizium brunneum]
QLI72429.1           -            634 3126at5125           -            913   2.9e-59  200.2  12.1   2   2   1.3e-08   2.7e-06   24.9  11.8   641   888   356   613   346   632 0.78 ABC transporter G family member 15 [Metarhizium brunneum]
QLI66051.1           -           1344 3126at5125           -            913   2.2e-30  104.7   0.7   1   2   1.4e-14   2.9e-12   44.7   0.1   311   540   452   683   368   699 0.75 ABC multidrug transporter mdr1 [Metarhizium brunneum]
QLI66051.1           -           1344 3126at5125           -            913   2.2e-30  104.7   0.7   2   2   1.1e-18   2.3e-16   58.3   0.0   309   512  1116  1314  1110  1324 0.77 ABC multidrug transporter mdr1 [Metarhizium brunneum]
QLI68695.1           -           1297 3126at5125           -            913   2.7e-26   91.2   0.0   1   2   8.1e-14   1.7e-11   42.1   0.0   314   519   414   621   393   629 0.71 ABC multidrug transporter mdr1 [Metarhizium brunneum]
QLI68695.1           -           1297 3126at5125           -            913   2.7e-26   91.2   0.0   2   2   4.2e-15   8.8e-13   46.4   0.0   306   493  1053  1253  1030  1279 0.77 ABC multidrug transporter mdr1 [Metarhizium brunneum]
QLI74487.1           -           1313 3126at5125           -            913   3.3e-26   90.8   0.7   1   2   2.8e-15   5.9e-13   47.0   0.1   321   519   452   652   438   660 0.79 ABC multidrug transporter mdr1 [Metarhizium brunneum]
QLI74487.1           -           1313 3126at5125           -            913   3.3e-26   90.8   0.7   2   2   8.9e-14   1.9e-11   42.0   0.0   305   503  1084  1283  1076  1295 0.72 ABC multidrug transporter mdr1 [Metarhizium brunneum]
QLI71622.1           -           1255 3126at5125           -            913   7.2e-25   86.4   0.1   1   2   2.7e-13   5.7e-11   40.4   0.0   320   518   419   619   404   623 0.79 ABC multidrug transporter E [Metarhizium brunneum]
QLI71622.1           -           1255 3126at5125           -            913   7.2e-25   86.4   0.1   2   2   3.1e-14   6.6e-12   43.5   0.0   306   515  1024  1228   996  1248 0.74 ABC multidrug transporter E [Metarhizium brunneum]
QLI64060.1           -           1325 3126at5125           -            913   1.1e-24   85.9   8.4   1   4      0.31        66    0.5   1.7   778   837   309   370   294   377 0.81 ABC transporter BEA3 [Metarhizium brunneum]
QLI64060.1           -           1325 3126at5125           -            913   1.1e-24   85.9   8.4   2   4    0.0036      0.77    6.9   0.0   308   342   415   449   401   470 0.84 ABC transporter BEA3 [Metarhizium brunneum]
QLI64060.1           -           1325 3126at5125           -            913   1.1e-24   85.9   8.4   3   4   2.7e-11   5.6e-09   33.8   0.0   421   521   578   671   511   700 0.76 ABC transporter BEA3 [Metarhizium brunneum]
QLI64060.1           -           1325 3126at5125           -            913   1.1e-24   85.9   8.4   4   4   8.8e-15   1.9e-12   45.3   0.1   309   468  1098  1256  1059  1302 0.78 ABC transporter BEA3 [Metarhizium brunneum]
QLI72318.1           -           1322 3126at5125           -            913   7.6e-22   76.4   0.0   1   3     0.041       8.6    3.4   0.0   318   345   407   434   390   482 0.72 ABC transporter 1 [Metarhizium brunneum]
QLI72318.1           -           1322 3126at5125           -            913   7.6e-22   76.4   0.0   2   3   3.1e-09   6.5e-07   27.0   0.0   430   519   556   643   543   723 0.82 ABC transporter 1 [Metarhizium brunneum]
QLI72318.1           -           1322 3126at5125           -            913   7.6e-22   76.4   0.0   3   3   9.9e-14   2.1e-11   41.9   0.0   307   470  1095  1257  1081  1303 0.76 ABC transporter 1 [Metarhizium brunneum]
QLI68607.1           -           1589 3126at5125           -            913   3.7e-21   74.1   0.1   1   2   2.4e-13     5e-11   40.6   0.1   317   517   504   682   486   701 0.71 Retinal-specific phospholipid-transporting ATPase ABCA4 [Metarhizium brunneum]
QLI68607.1           -           1589 3126at5125           -            913   3.7e-21   74.1   0.1   2   2   7.5e-10   1.6e-07   29.0   0.0   428   510  1359  1438  1250  1458 0.85 Retinal-specific phospholipid-transporting ATPase ABCA4 [Metarhizium brunneum]
QLI66283.1           -           1351 3126at5125           -            913   3.5e-19   67.6   0.2   1   3    0.0073       1.5    5.9   0.0   306   377   409   483   388   499 0.73 ABC transporter 1 [Metarhizium brunneum]
QLI66283.1           -           1351 3126at5125           -            913   3.5e-19   67.6   0.2   2   3   1.5e-07   3.1e-05   21.4   0.1   431   516   574   655   565   661 0.83 ABC transporter 1 [Metarhizium brunneum]
QLI66283.1           -           1351 3126at5125           -            913   3.5e-19   67.6   0.2   3   3   5.7e-12   1.2e-09   36.0   0.0   309   495  1124  1308  1116  1331 0.74 ABC transporter 1 [Metarhizium brunneum]
QLI68263.1           -           1592 3126at5125           -            913   3.6e-19   67.6   0.6   1   2   4.4e-11   9.4e-09   33.1   0.0   316   519   493   675   484   840 0.81 ATP-binding cassette sub-family A member 3 [Metarhizium brunneum]
QLI68263.1           -           1592 3126at5125           -            913   3.6e-19   67.6   0.6   2   2   7.7e-11   1.6e-08   32.3   0.1   305   493  1250  1427  1240  1450 0.75 ATP-binding cassette sub-family A member 3 [Metarhizium brunneum]
QLI73409.1           -           1382 3126at5125           -            913   1.3e-16   59.1   0.0   1   2   3.7e-05    0.0079   13.5   0.0   322   490   405   572   384   601 0.63 Alpha-factor-transporting ATPase [Metarhizium brunneum]
QLI73409.1           -           1382 3126at5125           -            913   1.3e-16   59.1   0.0   2   2   4.2e-14     9e-12   43.1   0.0   308   519  1138  1363  1133  1367 0.75 Alpha-factor-transporting ATPase [Metarhizium brunneum]
QLI68282.1           -           1607 3126at5125           -            913   1.8e-15   55.3   0.1   1   2   3.6e-10   7.5e-08   30.1   0.0   319   673   483   825   471   836 0.76 Retinal-specific phospholipid-transporting ATPase ABCA4 [Metarhizium brunneum]
QLI68282.1           -           1607 3126at5125           -            913   1.8e-15   55.3   0.1   2   2   4.6e-11   9.7e-09   33.0   0.0   311   493  1255  1426  1242  1452 0.80 Retinal-specific phospholipid-transporting ATPase ABCA4 [Metarhizium brunneum]
QLI66625.1           -            629 3126at5125           -            913   3.8e-14   50.9   0.0   1   1     3e-16   6.3e-14   50.2   0.0   306   517   373   579   363   589 0.86 Iron-sulfur clusters transporter ATM1 [Metarhizium brunneum]
QLI74410.1           -            848 3126at5125           -            913   3.4e-13   47.8   0.1   1   1   2.5e-15   5.3e-13   47.1   0.1   306   518   601   806   590   810 0.79 ABC transporter aclQ [Metarhizium brunneum]
QLI70401.1           -           1306 3126at5125           -            913   1.2e-12   46.0   0.0   1   3    0.0028      0.59    7.3   0.0   299   340   479   521   456   535 0.79 ABC multidrug transporter B [Metarhizium brunneum]
QLI70401.1           -           1306 3126at5125           -            913   1.2e-12   46.0   0.0   2   3     0.016       3.5    4.7   0.0   430   507   593   671   584   685 0.74 ABC multidrug transporter B [Metarhizium brunneum]
QLI70401.1           -           1306 3126at5125           -            913   1.2e-12   46.0   0.0   3   3   4.2e-10   8.8e-08   29.9   0.0   299   518  1073  1281  1048  1285 0.83 ABC multidrug transporter B [Metarhizium brunneum]
QLI72048.1           -            680 3126at5125           -            913   5.8e-11   40.4   0.1   1   1   4.5e-13   9.5e-11   39.7   0.1   313   514   406   601   396   612 0.74 ABC multidrug transporter mdr2 [Metarhizium brunneum]
QLI72495.1           -           1007 3126at5125           -            913   7.8e-11   40.0   0.0   1   1   5.9e-13   1.3e-10   39.3   0.0   306   518   692   897   680   906 0.73 ABC transporter aclQ [Metarhizium brunneum]
QLI74028.1           -           1008 3126at5125           -            913   2.3e-10   38.4   0.9   1   1   1.6e-12   3.5e-10   37.8   0.9   306   518   603   808   593   813 0.74 Heavy metal tolerance protein [Metarhizium brunneum]
QLI72267.1           -           1179 3126at5125           -            913   2.8e-09   34.8   0.4   1   2     0.023       4.8    4.3   0.0   430   493   455   518   412   538 0.86 Pleiotropic ABC efflux transporter of multiple drugs YBT1 [Metarhizium brunneum]
QLI72267.1           -           1179 3126at5125           -            913   2.8e-09   34.8   0.4   2   2   1.2e-09   2.6e-07   28.3   0.2   309   517   949  1142   942  1146 0.79 Pleiotropic ABC efflux transporter of multiple drugs YBT1 [Metarhizium brunneum]
QLI69842.1           -           1511 3126at5125           -            913   8.4e-09   33.3   0.2   1   4       2.1   4.5e+02   -2.2   0.0   319   347   634   663   622   666 0.74 ATP-binding cassette transporter abc4 [Metarhizium brunneum]
QLI69842.1           -           1511 3126at5125           -            913   8.4e-09   33.3   0.2   2   4   7.4e-05     0.016   12.5   0.0   430   494   728   792   720   810 0.85 ATP-binding cassette transporter abc4 [Metarhizium brunneum]
QLI69842.1           -           1511 3126at5125           -            913   8.4e-09   33.3   0.2   3   4   0.00039     0.082   10.1   0.0   300   340  1233  1273  1225  1293 0.87 ATP-binding cassette transporter abc4 [Metarhizium brunneum]
QLI69842.1           -           1511 3126at5125           -            913   8.4e-09   33.3   0.2   4   4    0.0077       1.6    5.8   0.0   433   518  1397  1483  1386  1497 0.76 ATP-binding cassette transporter abc4 [Metarhizium brunneum]
QLI66631.1           -            750 3126at5125           -            913   1.8e-08   32.2   0.0   1   4      0.34        72    0.4   0.0   303   345   206   248   193   299 0.83 hypothetical protein G6M90_00g037270 [Metarhizium brunneum]
QLI66631.1           -            750 3126at5125           -            913   1.8e-08   32.2   0.0   2   4     0.005       1.1    6.4   0.0   431   466   363   398   350   426 0.86 hypothetical protein G6M90_00g037270 [Metarhizium brunneum]
QLI66631.1           -            750 3126at5125           -            913   1.8e-08   32.2   0.0   3   4      0.37        79    0.3   0.0   323   343   559   579   542   590 0.83 hypothetical protein G6M90_00g037270 [Metarhizium brunneum]
QLI66631.1           -            750 3126at5125           -            913   1.8e-08   32.2   0.0   4   4   8.4e-07   0.00018   18.9   0.0   433   469   648   684   615   706 0.82 hypothetical protein G6M90_00g037270 [Metarhizium brunneum]
QLI68404.1           -            619 3126at5125           -            913   3.6e-08   31.2   0.0   1   3   2.1e-06   0.00045   17.6   0.0   430   507   228   307   218   321 0.77 ABC transporter ATP-binding protein ARB1 [Metarhizium brunneum]
QLI68404.1           -            619 3126at5125           -            913   3.6e-08   31.2   0.0   2   3       6.8   1.4e+03   -3.9   0.0   323   341   429   447   427   450 0.87 ABC transporter ATP-binding protein ARB1 [Metarhizium brunneum]
QLI68404.1           -            619 3126at5125           -            913   3.6e-08   31.2   0.0   3   3   0.00024     0.052   10.8   0.0   433   466   520   553   497   601 0.81 ABC transporter ATP-binding protein ARB1 [Metarhizium brunneum]
QLI65060.1           -           1467 3126at5125           -            913   8.5e-08   29.9   0.3   1   2   6.6e-07   0.00014   19.3   0.0   428   493   761   826   750   844 0.87 ATP-binding cassette transporter abc4 [Metarhizium brunneum]
QLI65060.1           -           1467 3126at5125           -            913   8.5e-08   29.9   0.3   2   2    0.0031      0.66    7.1   0.3   310   476  1260  1416  1249  1439 0.68 ATP-binding cassette transporter abc4 [Metarhizium brunneum]
QLI72089.1           -           1400 3126at5125           -            913   2.3e-07   28.5   2.4   1   3      0.17        37    1.3   0.1   305   340   551   586   535   600 0.85 ABC multidrug transporter B [Metarhizium brunneum]
QLI72089.1           -           1400 3126at5125           -            913   2.3e-07   28.5   2.4   2   3    0.0017      0.35    8.0   0.1   427   514   657   745   640   762 0.82 ABC multidrug transporter B [Metarhizium brunneum]
QLI72089.1           -           1400 3126at5125           -            913   2.3e-07   28.5   2.4   3   3   3.1e-06   0.00065   17.1   0.0   299   517  1163  1370  1157  1374 0.83 ABC multidrug transporter B [Metarhizium brunneum]
QLI63458.1           -           1475 3126at5125           -            913   2.7e-07   28.3   0.1   1   3      0.39        82    0.2   0.0   307   339   652   684   627   691 0.85 ABC multidrug transporter B [Metarhizium brunneum]
QLI63458.1           -           1475 3126at5125           -            913   2.7e-07   28.3   0.1   2   3     0.018       3.8    4.6   0.0   430   490   759   822   748   850 0.81 ABC multidrug transporter B [Metarhizium brunneum]
QLI63458.1           -           1475 3126at5125           -            913   2.7e-07   28.3   0.1   3   3   9.1e-07   0.00019   18.8   0.0   297   518  1241  1451  1223  1456 0.81 ABC multidrug transporter B [Metarhizium brunneum]
QLI69383.1           -           1694 3126at5125           -            913     4e-07   27.7   0.1   1   3   2.8e-07     6e-05   20.5   0.0   320   519   738   936   727   948 0.76 ATP-dependent bile acid permease [Metarhizium brunneum]
QLI69383.1           -           1694 3126at5125           -            913     4e-07   27.7   0.1   2   3       1.7   3.5e+02   -1.9   0.0   307   375  1419  1490  1410  1496 0.64 ATP-dependent bile acid permease [Metarhizium brunneum]
QLI69383.1           -           1694 3126at5125           -            913     4e-07   27.7   0.1   3   3     0.041       8.7    3.4   0.0   431   513  1569  1645  1559  1692 0.78 ATP-dependent bile acid permease [Metarhizium brunneum]
QLI71896.1           -           1555 3126at5125           -            913   4.5e-07   27.5   0.2   1   2     8e-05     0.017   12.4   0.1   298   476   651   812   596   826 0.72 ATP-binding cassette transporter abc2 [Metarhizium brunneum]
QLI71896.1           -           1555 3126at5125           -            913   4.5e-07   27.5   0.2   2   2   0.00052      0.11    9.7   0.0   431   514  1448  1528  1434  1545 0.84 ATP-binding cassette transporter abc2 [Metarhizium brunneum]
QLI65070.1           -           1347 3126at5125           -            913   6.8e-07   26.9   0.7   1   3       3.1   6.6e+02   -2.8   0.0   593   630   242   279   238   285 0.82 ABC transporter atnG [Metarhizium brunneum]
QLI65070.1           -           1347 3126at5125           -            913   6.8e-07   26.9   0.7   2   3   2.2e-05    0.0047   14.2   0.0   296   493   498   681   492   706 0.77 ABC transporter atnG [Metarhizium brunneum]
QLI65070.1           -           1347 3126at5125           -            913   6.8e-07   26.9   0.7   3   3    0.0023      0.49    7.6   0.1   308   515  1119  1324  1096  1332 0.77 ABC transporter atnG [Metarhizium brunneum]
QLI71280.1           -           1055 3126at5125           -            913   2.2e-06   25.2   0.0   1   3   0.00035     0.074   10.3   0.0   409   469   533   590   510   600 0.81 Elongation factor 3 [Metarhizium brunneum]
QLI71280.1           -           1055 3126at5125           -            913   2.2e-06   25.2   0.0   2   3     0.015       3.3    4.8   0.0   296   341   681   726   666   758 0.82 Elongation factor 3 [Metarhizium brunneum]
QLI71280.1           -           1055 3126at5125           -            913   2.2e-06   25.2   0.0   3   3    0.0062       1.3    6.1   0.0   428   466   902   940   881   965 0.83 Elongation factor 3 [Metarhizium brunneum]
QLI74052.1           -            284 3126at5125           -            913   3.4e-06   24.6   0.0   1   2    0.0022      0.46    7.6   0.0   319   343    32    56    18    70 0.84 hypothetical protein G6M90_00g107590 [Metarhizium brunneum]
QLI74052.1           -            284 3126at5125           -            913   3.4e-06   24.6   0.0   2   2   1.3e-05    0.0028   15.0   0.0   432   492   130   190   113   198 0.88 hypothetical protein G6M90_00g107590 [Metarhizium brunneum]
QLI73077.1           -            665 3126at5125           -            913   5.4e-06   24.0   0.1   1   3    0.0027      0.58    7.3   0.1   317   468   100   254    94   280 0.65 Translation initiation factor RLI1 [Metarhizium brunneum]
QLI73077.1           -            665 3126at5125           -            913   5.4e-06   24.0   0.1   2   3     0.037       7.9    3.5   0.0   318   343   373   398   337   413 0.86 Translation initiation factor RLI1 [Metarhizium brunneum]
QLI73077.1           -            665 3126at5125           -            913   5.4e-06   24.0   0.1   3   3    0.0025      0.53    7.4   0.0   431   469   462   500   455   541 0.76 Translation initiation factor RLI1 [Metarhizium brunneum]
QLI68703.1           -           1482 3126at5125           -            913   5.6e-06   23.9   2.5   1   3   2.4e-06   0.00051   17.4   0.1   308   491   638   808   625   834 0.69 ABC multidrug transporter B [Metarhizium brunneum]
QLI68703.1           -           1482 3126at5125           -            913   5.6e-06   23.9   2.5   2   3      0.19        40    1.2   0.0   308   342  1258  1292  1249  1308 0.87 ABC multidrug transporter B [Metarhizium brunneum]
QLI68703.1           -           1482 3126at5125           -            913   5.6e-06   23.9   2.5   3   3     0.068        14    2.7   0.1   432   517  1379  1460  1355  1465 0.83 ABC multidrug transporter B [Metarhizium brunneum]
QLI65017.1           -           1519 3126at5125           -            913   3.1e-05   21.4   0.1   1   2   0.00083      0.18    9.0   0.0   429   513   745   827   731   832 0.84 ATP-binding cassette transporter abc4 [Metarhizium brunneum]
QLI65017.1           -           1519 3126at5125           -            913   3.1e-05   21.4   0.1   2   2   0.00091      0.19    8.9   0.1   302   517  1258  1487  1249  1507 0.65 ATP-binding cassette transporter abc4 [Metarhizium brunneum]
QLI70058.1           -           1106 3126at5125           -            913   3.5e-05   21.3   0.0   1   3    0.0026      0.54    7.4   0.0   425   468   585   628   566   637 0.85 [NU+] prion formation protein 1 [Metarhizium brunneum]
QLI70058.1           -           1106 3126at5125           -            913   3.5e-05   21.3   0.0   2   3      0.67   1.4e+02   -0.6   0.0   311   341   737   767   722   777 0.79 [NU+] prion formation protein 1 [Metarhizium brunneum]
QLI70058.1           -           1106 3126at5125           -            913   3.5e-05   21.3   0.0   3   3   0.00049       0.1    9.8   0.0   433   466   939   972   922   998 0.85 [NU+] prion formation protein 1 [Metarhizium brunneum]
QLI64083.1           -            799 3126at5125           -            913   3.6e-05   21.2   0.5   1   3   0.00043     0.091   10.0   0.0   431   514    76   160    68   175 0.79 ABC multidrug transporter B [Metarhizium brunneum]
QLI64083.1           -            799 3126at5125           -            913   3.6e-05   21.2   0.5   2   3     0.035       7.4    3.6   0.0   299   342   562   605   552   624 0.86 ABC multidrug transporter B [Metarhizium brunneum]
QLI64083.1           -            799 3126at5125           -            913   3.6e-05   21.2   0.5   3   3     0.027       5.8    4.0   0.0   453   518   717   778   704   785 0.88 ABC multidrug transporter B [Metarhizium brunneum]
QLI69607.1           -           1559 3126at5125           -            913   3.6e-05   21.2   0.5   1   3    0.0052       1.1    6.4   0.0   428   493   755   820   628   846 0.77 Pleiotropic ABC efflux transporter of multiple drugs YBT1 [Metarhizium brunneum]
QLI69607.1           -           1559 3126at5125           -            913   3.6e-05   21.2   0.5   2   3       2.4   5.1e+02   -2.4   0.0   309   359  1304  1353  1293  1371 0.82 Pleiotropic ABC efflux transporter of multiple drugs YBT1 [Metarhizium brunneum]
QLI69607.1           -           1559 3126at5125           -            913   3.6e-05   21.2   0.5   3   3   0.00014      0.03   11.6   0.1   430   514  1441  1521  1426  1527 0.73 Pleiotropic ABC efflux transporter of multiple drugs YBT1 [Metarhizium brunneum]
QLI67004.1           -           1486 3126at5125           -            913   5.2e-05   20.7   1.3   1   2   7.2e-05     0.015   12.5   0.1   406   492   725   812   626   843 0.74 ABC multidrug transporter B [Metarhizium brunneum]
QLI67004.1           -           1486 3126at5125           -            913   5.2e-05   20.7   1.3   2   2     0.009       1.9    5.6   0.1   306   512  1240  1435  1228  1442 0.74 ABC multidrug transporter B [Metarhizium brunneum]
QLI72145.1           -           1430 3126at5125           -            913   7.6e-05   20.2   0.0   1   2     1e-05    0.0022   15.3   0.0   422   515   702   792   674   804 0.77 ABC transporter FUM19 [Metarhizium brunneum]
QLI72145.1           -           1430 3126at5125           -            913   7.6e-05   20.2   0.0   2   2     0.093        20    2.2   0.0   308   342  1199  1233  1186  1282 0.84 ABC transporter FUM19 [Metarhizium brunneum]
QLI64209.1           -            733 3126at5125           -            913   0.00012   19.5   0.2   1   4     0.069        15    2.7   0.0   305   343    58    96    45   102 0.89 hypothetical protein G6M90_00g022880 [Metarhizium brunneum]
QLI64209.1           -            733 3126at5125           -            913   0.00012   19.5   0.2   2   4   4.2e-05    0.0088   13.3   0.0   433   518   281   366   246   373 0.84 hypothetical protein G6M90_00g022880 [Metarhizium brunneum]
QLI64209.1           -            733 3126at5125           -            913   0.00012   19.5   0.2   3   4       2.7   5.7e+02   -2.6   0.1   320   343   510   533   502   542 0.81 hypothetical protein G6M90_00g022880 [Metarhizium brunneum]
QLI64209.1           -            733 3126at5125           -            913   0.00012   19.5   0.2   4   4         5   1.1e+03   -3.5   0.0   434   465   611   642   609   652 0.87 hypothetical protein G6M90_00g022880 [Metarhizium brunneum]
QLI66506.1           -           1245 3126at5125           -            913   0.00027   18.4   0.2   1   3     1e-05    0.0022   15.3   0.0   430   518   510   599   405   606 0.86 ABC multidrug transporter B [Metarhizium brunneum]
QLI66506.1           -           1245 3126at5125           -            913   0.00027   18.4   0.2   2   3       1.5   3.2e+02   -1.8   0.0   306   341   993  1029   989  1039 0.79 ABC multidrug transporter B [Metarhizium brunneum]
QLI66506.1           -           1245 3126at5125           -            913   0.00027   18.4   0.2   3   3         1   2.2e+02   -1.2   0.0   449   492  1155  1199  1140  1237 0.61 ABC multidrug transporter B [Metarhizium brunneum]
QLI74814.1           -           1477 3126at5125           -            913   0.00047   17.5   5.0   1   3       8.4   1.8e+03   -4.2   0.1   709   754   476   523   471   526 0.84 Multidrug resistance-associated protein 5 [Metarhizium brunneum]
QLI74814.1           -           1477 3126at5125           -            913   0.00047   17.5   5.0   2   3   9.8e-05     0.021   12.1   0.0   430   513   730   810   607   827 0.82 Multidrug resistance-associated protein 5 [Metarhizium brunneum]
QLI74814.1           -           1477 3126at5125           -            913   0.00047   17.5   5.0   3   3     0.021       4.4    4.4   0.3   310   511  1227  1428  1219  1433 0.66 Multidrug resistance-associated protein 5 [Metarhizium brunneum]
QLI66286.1           -            647 3126at5125           -            913    0.0014   15.9   0.0   1   4      0.88   1.9e+02   -1.0   0.0   324   342    53    71    46   102 0.78 hypothetical protein G6M90_00g023120 [Metarhizium brunneum]
QLI66286.1           -            647 3126at5125           -            913    0.0014   15.9   0.0   2   4   7.2e-05     0.015   12.5   0.0   434   471   191   228   166   264 0.86 hypothetical protein G6M90_00g023120 [Metarhizium brunneum]
QLI66286.1           -            647 3126at5125           -            913    0.0014   15.9   0.0   3   4       7.1   1.5e+03   -4.0   0.0   318   340   378   400   376   403 0.84 hypothetical protein G6M90_00g023120 [Metarhizium brunneum]
QLI66286.1           -            647 3126at5125           -            913    0.0014   15.9   0.0   4   4       1.6   3.4e+02   -1.9   0.0   446   465   529   548   515   551 0.79 hypothetical protein G6M90_00g023120 [Metarhizium brunneum]
QLI74670.1           -           1438 3126at5125           -            913    0.0016   15.8  13.0   1   5       4.8     1e+03   -3.4   0.8   746   792   500   550   494   555 0.72 ABC multidrug transporter B [Metarhizium brunneum]
QLI74670.1           -           1438 3126at5125           -            913    0.0016   15.8  13.0   2   5      0.31        66    0.5   0.0   309   359   632   681   613   686 0.74 ABC multidrug transporter B [Metarhizium brunneum]
QLI74670.1           -           1438 3126at5125           -            913    0.0016   15.8  13.0   3   5   3.8e-05    0.0081   13.4   0.0   430   511   737   819   731   835 0.82 ABC multidrug transporter B [Metarhizium brunneum]
QLI74670.1           -           1438 3126at5125           -            913    0.0016   15.8  13.0   4   5         5   1.1e+03   -3.5   0.2   689   714  1146  1171  1127  1178 0.85 ABC multidrug transporter B [Metarhizium brunneum]
QLI74670.1           -           1438 3126at5125           -            913    0.0016   15.8  13.0   5   5    0.0009      0.19    8.9   0.2   307   494  1230  1420  1218  1433 0.77 ABC multidrug transporter B [Metarhizium brunneum]
QLI69600.1           -            843 3126at5125           -            913      0.16    9.1   0.0   1   1    0.0015      0.33    8.1   0.0   301   464   539   696   527   702 0.82 ATP-binding cassette sub-family D member 1 [Metarhizium brunneum]
#
# Program:         hmmsearch
# Version:         3.1b2 (February 2015)
# Pipeline mode:   SEARCH
# Query file:      /home/zack/funannotate_db/hypocreales_odb10/hmms/3126at5125.hmm
# Target file:     /home/zack/Desktop/IsariaPreferralGenome/MyGenomeSubmittedToNCBI/HypocrealesProteinSets/Mbrunneum4556_protein.faa
# Option settings: hmmsearch --domtblout /home/zack/Desktop/IsariaPreferralGenome/MyGenomeSubmittedToNCBI/HypocrealesProteinSets/BUSCO_AA_all/BUSCO_AA_Mbrunneum_ARSEF4556/run_hypocreales_odb10/hmmer_output/initial_run_results/3126at5125.out --cpu 1 /home/zack/funannotate_db/hypocreales_odb10/hmms/3126at5125.hmm /home/zack/Desktop/IsariaPreferralGenome/MyGenomeSubmittedToNCBI/HypocrealesProteinSets/Mbrunneum4556_protein.faa 
# Current dir:     /home/zack/Desktop/IsariaPreferralGenome/MyGenomeSubmittedToNCBI/HypocrealesProteinSets/BUSCO_AA_all
# Date:            Mon Mar  4 15:34:31 2024
# [ok]
