#                                                                            --- full sequence --- -------------- this domain -------------   hmm coord   ali coord   env coord
# target name        accession   tlen query name           accession   qlen   E-value  score  bias   #  of  c-Evalue  i-Evalue  score  bias  from    to  from    to  from    to  acc description of target
#------------------- ---------- ----- -------------------- ---------- ----- --------- ------ ----- --- --- --------- --------- ------ ----- ----- ----- ----- ----- ----- ----- ---- ---------------------
QLI66817.1           -            382 33903at5125          -            256  1.3e-129  430.4   0.2   1   1  5.1e-131  8.2e-128  424.4   0.2     1   256    70   378    70   378 0.89 Methyltransferase OMS1 [Metarhizium brunneum]
QLI73386.1           -            263 33903at5125          -            256   0.00077   18.2   0.0   1   2   8.8e-07    0.0014   17.3   0.0    77   117    39    79    13   101 0.78 hypothetical protein G6M90_00g104840 [Metarhizium brunneum]
QLI73386.1           -            263 33903at5125          -            256   0.00077   18.2   0.0   2   2       2.7   4.5e+03   -4.0   0.0   169   190   131   152   128   157 0.81 hypothetical protein G6M90_00g104840 [Metarhizium brunneum]
QLI74122.1           -           2082 33903at5125          -            256    0.0038   15.9   0.0   1   1   4.5e-06    0.0073   15.0   0.0    72   205  1896  2033  1879  2058 0.78 Citrinin polyketide synthase [Metarhizium brunneum]
QLI68283.1           -            479 33903at5125          -            256     0.013   14.1   0.0   1   1   1.5e-05     0.025   13.3   0.0   112   223   335   452   293   469 0.81 Non-reducing polyketide synthase ausA [Metarhizium brunneum]
QLI74679.1           -           7888 33903at5125          -            256     0.052   12.2   0.4   1   2    0.0013       2.1    6.9   0.1    66   117  5521  5572  5498  5596 0.77 Nonribosomal peptide synthetase dtxS1 [Metarhizium brunneum]
QLI74679.1           -           7888 33903at5125          -            256     0.052   12.2   0.4   2   2     0.024        40    2.8   0.0    54   123  6946  7011  6931  7029 0.72 Nonribosomal peptide synthetase dtxS1 [Metarhizium brunneum]
QLI72832.1           -            237 33903at5125          -            256     0.087   11.5   0.0   1   1   7.7e-05      0.12   11.0   0.0    76   122    38    84    15    95 0.79 hypothetical protein G6M90_00g104810 [Metarhizium brunneum]
QLI69021.1           -            254 33903at5125          -            256      0.11   11.2   0.0   1   1   0.00011      0.18   10.5   0.0   177   208   219   250   211   253 0.88 2-hydroxy-6-oxononadienedioate/2-hydroxy-6-oxononatrienedioate hydrolase [Metarhizium brunneum]
#
# Program:         hmmsearch
# Version:         3.1b2 (February 2015)
# Pipeline mode:   SEARCH
# Query file:      /home/zack/funannotate_db/hypocreales_odb10/hmms/33903at5125.hmm
# Target file:     /home/zack/Desktop/IsariaPreferralGenome/MyGenomeSubmittedToNCBI/HypocrealesProteinSets/Mbrunneum4556_protein.faa
# Option settings: hmmsearch --domtblout /home/zack/Desktop/IsariaPreferralGenome/MyGenomeSubmittedToNCBI/HypocrealesProteinSets/BUSCO_AA_all/BUSCO_AA_Mbrunneum_ARSEF4556/run_hypocreales_odb10/hmmer_output/initial_run_results/33903at5125.out --cpu 1 /home/zack/funannotate_db/hypocreales_odb10/hmms/33903at5125.hmm /home/zack/Desktop/IsariaPreferralGenome/MyGenomeSubmittedToNCBI/HypocrealesProteinSets/Mbrunneum4556_protein.faa 
# Current dir:     /home/zack/Desktop/IsariaPreferralGenome/MyGenomeSubmittedToNCBI/HypocrealesProteinSets/BUSCO_AA_all
# Date:            Mon Mar  4 15:34:33 2024
# [ok]
