#                                                                            --- full sequence --- -------------- this domain -------------   hmm coord   ali coord   env coord
# target name        accession   tlen query name           accession   qlen   E-value  score  bias   #  of  c-Evalue  i-Evalue  score  bias  from    to  from    to  from    to  acc description of target
#------------------- ---------- ----- -------------------- ---------- ----- --------- ------ ----- --- --- --------- --------- ------ ----- ----- ----- ----- ----- ----- ----- ---- ---------------------
QLI65342.1           -            379 36843at5125          -            303  1.5e-174  578.6  22.4   1   2  3.1e-102   7.1e-99  330.1   0.9     1   148     1   148     1   154 0.98 ADP-ribosylation factor GTPase-activating protein [Metarhizium brunneum]
QLI65342.1           -            379 36843at5125          -            303  1.5e-174  578.6  22.4   2   2   2.1e-77   4.9e-74  248.5  14.5   142   299   178   362   171   365 0.90 ADP-ribosylation factor GTPase-activating protein [Metarhizium brunneum]
QLI64905.1           -            480 36843at5125          -            303   1.6e-24   85.9   0.7   1   1   1.6e-27   3.7e-24   84.8   0.7    19   275    16   271     6   282 0.67 ADP-ribosylation factor GTPase-activating protein glo3 [Metarhizium brunneum]
QLI71044.1           -            601 36843at5125          -            303   6.8e-21   74.0   0.1   1   1   4.7e-24   1.1e-20   73.4   0.1    23    98    24    99     5   122 0.86 UBA domain-containing protein 3 [Metarhizium brunneum]
QLI68261.1           -            570 36843at5125          -            303   9.2e-17   60.5   0.3   1   3     4e-20   9.2e-17   60.5   0.3    17    96    20   100     9   107 0.88 hypothetical protein G6M90_00g037540 [Metarhizium brunneum]
QLI68261.1           -            570 36843at5125          -            303   9.2e-17   60.5   0.3   2   3     0.052   1.2e+02    1.0   0.4   175   216   270   311   240   342 0.82 hypothetical protein G6M90_00g037540 [Metarhizium brunneum]
QLI68261.1           -            570 36843at5125          -            303   9.2e-17   60.5   0.3   3   3      0.95   2.2e+03   -3.1   0.1   202   242   501   544   492   550 0.58 hypothetical protein G6M90_00g037540 [Metarhizium brunneum]
QLI64219.1           -           1105 36843at5125          -            303   6.4e-12   44.6   1.7   1   2       1.9   4.3e+03   -4.1   0.1   240   265   325   350   305   365 0.69 Protein csx2 [Metarhizium brunneum]
QLI64219.1           -           1105 36843at5125          -            303   6.4e-12   44.6   1.7   2   2   2.9e-15   6.5e-12   44.5   0.1    23    91   833   904   815   915 0.79 Protein csx2 [Metarhizium brunneum]
#
# Program:         hmmsearch
# Version:         3.1b2 (February 2015)
# Pipeline mode:   SEARCH
# Query file:      /home/zack/funannotate_db/hypocreales_odb10/hmms/36843at5125.hmm
# Target file:     /home/zack/Desktop/IsariaPreferralGenome/MyGenomeSubmittedToNCBI/HypocrealesProteinSets/Mbrunneum4556_protein.faa
# Option settings: hmmsearch --domtblout /home/zack/Desktop/IsariaPreferralGenome/MyGenomeSubmittedToNCBI/HypocrealesProteinSets/BUSCO_AA_all/BUSCO_AA_Mbrunneum_ARSEF4556/run_hypocreales_odb10/hmmer_output/initial_run_results/36843at5125.out --cpu 1 /home/zack/funannotate_db/hypocreales_odb10/hmms/36843at5125.hmm /home/zack/Desktop/IsariaPreferralGenome/MyGenomeSubmittedToNCBI/HypocrealesProteinSets/Mbrunneum4556_protein.faa 
# Current dir:     /home/zack/Desktop/IsariaPreferralGenome/MyGenomeSubmittedToNCBI/HypocrealesProteinSets/BUSCO_AA_all
# Date:            Mon Mar  4 15:35:05 2024
# [ok]
