#                                                                            --- full sequence --- -------------- this domain -------------   hmm coord   ali coord   env coord
# target name        accession   tlen query name           accession   qlen   E-value  score  bias   #  of  c-Evalue  i-Evalue  score  bias  from    to  from    to  from    to  acc description of target
#------------------- ---------- ----- -------------------- ---------- ----- --------- ------ ----- --- --- --------- --------- ------ ----- ----- ----- ----- ----- ----- ----- ---- ---------------------
QLI65558.1           -           1051 3821at5125           -            684         0 1413.4  49.1   1   3     6e-46   4.3e-43  147.3   0.3    10    90   265   346   258   355 0.94 Glutathione transporter 1 [Metarhizium brunneum]
QLI65558.1           -           1051 3821at5125           -            684         0 1413.4  49.1   2   3  3.6e-183  2.6e-180  600.8  15.5    87   367   373   659   366   674 0.98 Glutathione transporter 1 [Metarhizium brunneum]
QLI65558.1           -           1051 3821at5125           -            684         0 1413.4  49.1   3   3  1.2e-205  8.3e-203  675.1  19.8   363   683   710  1048   703  1049 0.95 Glutathione transporter 1 [Metarhizium brunneum]
QLI64797.1           -            809 3821at5125           -            684  1.9e-176  588.0  36.6   1   1  3.1e-179  2.2e-176  587.8  36.6     8   675    89   794    83   807 0.92 Sexual differentiation process protein [Metarhizium brunneum]
QLI71618.1           -            846 3821at5125           -            684  1.3e-168  562.1  50.2   1   1  2.5e-171  1.8e-168  561.6  50.2    17   674   132   829   127   843 0.92 Sexual differentiation process protein isp4 [Metarhizium brunneum]
QLI65291.1           -            773 3821at5125           -            684  5.4e-158  527.0  43.5   1   1  9.6e-161  6.8e-158  526.7  43.5     6   680    48   764    44   770 0.90 Sexual differentiation process protein isp4 [Metarhizium brunneum]
QLI71504.1           -            795 3821at5125           -            684    6e-157  523.5  37.8   1   1  1.1e-159  7.7e-157  523.2  37.8     7   672    73   775    68   787 0.91 Sexual differentiation process protein isp4 [Metarhizium brunneum]
QLI69512.1           -            786 3821at5125           -            684  7.5e-150  500.1  45.4   1   1  1.3e-152  9.5e-150  499.7  45.4     5   672    61   766    58   776 0.90 Sexual differentiation process protein isp4 [Metarhizium brunneum]
QLI63816.1           -            794 3821at5125           -            684  7.8e-147  490.1  45.1   1   1  1.4e-149    1e-146  489.8  45.1     7   671    71   773    66   786 0.90 Sexual differentiation process protein isp4 [Metarhizium brunneum]
QLI65461.1           -            646 3821at5125           -            684  2.5e-130  435.6  43.3   1   2   4.1e-85   2.9e-82  276.7  19.6    17   359    44   406    30   415 0.88 Sexual differentiation process protein isp4 [Metarhizium brunneum]
QLI65461.1           -            646 3821at5125           -            684  2.5e-130  435.6  43.3   2   2   3.2e-51   2.3e-48  164.7  15.3   489   677   416   638   408   644 0.85 Sexual differentiation process protein isp4 [Metarhizium brunneum]
QLI68460.1           -            876 3821at5125           -            684  1.8e-109  366.6  44.9   1   2   1.8e-66   1.3e-63  215.1  16.0     9   364   119   500   112   513 0.89 Sexual differentiation process protein isp4 [Metarhizium brunneum]
QLI68460.1           -            876 3821at5125           -            684  1.8e-109  366.6  44.9   2   2   5.1e-49   3.7e-46  157.4  20.8   370   678   537   858   531   864 0.92 Sexual differentiation process protein isp4 [Metarhizium brunneum]
QLI66064.1           -            881 3821at5125           -            684    9e-109  364.3  53.9   1   1  5.7e-111    4e-108  362.2  53.9     9   678   141   867   134   876 0.87 Sexual differentiation process protein [Metarhizium brunneum]
QLI69405.1           -            876 3821at5125           -            684   3.9e-88  296.1  42.7   1   2   3.2e-80   2.3e-77  260.5  31.5    12   576   119   720   111   735 0.86 Oligopeptide transporter 2 [Metarhizium brunneum]
QLI69405.1           -            876 3821at5125           -            684   3.9e-88  296.1  42.7   2   2   1.2e-13   8.2e-11   40.6   3.3   589   680   769   864   754   871 0.81 Oligopeptide transporter 2 [Metarhizium brunneum]
QLI74029.1           -            514 3821at5125           -            684   3.4e-56  190.5  17.3   1   1   6.3e-59   4.5e-56  190.1  17.3    13   349   131   483   123   498 0.90 Oligopeptide transporter 2 [Metarhizium brunneum]
QLI68677.1           -            836 3821at5125           -            684   8.5e-46  156.2  31.1   1   2   7.6e-29   5.4e-26   90.7   8.6    25   365   105   460    82   476 0.81 Glutathione transporter 1 [Metarhizium brunneum]
QLI68677.1           -            836 3821at5125           -            684   8.5e-46  156.2  31.1   2   2   5.6e-23     4e-20   71.3  14.5   370   653   506   799   495   808 0.80 Glutathione transporter 1 [Metarhizium brunneum]
QLI74550.1           -            743 3821at5125           -            684   6.1e-41  140.1  34.6   1   1   1.1e-43   8.1e-41  139.7  34.6    19   660    50   733    41   737 0.78 Oligopeptide transporter 5 [Metarhizium brunneum]
QLI69557.1           -            798 3821at5125           -            684   1.9e-40  138.5  47.7   1   1   2.6e-42   1.9e-39  135.2  47.7    17   662    87   786    68   793 0.76 Oligopeptide transporter 8 [Metarhizium brunneum]
QLI74658.1           -            374 3821at5125           -            684   7.5e-40  136.5  24.5   1   2   2.3e-35   1.7e-32  112.3  11.7   369   583    12   228     4   259 0.90 Oligopeptide transporter 2 [Metarhizium brunneum]
QLI74658.1           -            374 3821at5125           -            684   7.5e-40  136.5  24.5   2   2     4e-10   2.9e-07   28.9   7.6   556   669   229   350   225   365 0.72 Oligopeptide transporter 2 [Metarhizium brunneum]
#
# Program:         hmmsearch
# Version:         3.1b2 (February 2015)
# Pipeline mode:   SEARCH
# Query file:      /home/zack/funannotate_db/hypocreales_odb10/hmms/3821at5125.hmm
# Target file:     /home/zack/Desktop/IsariaPreferralGenome/MyGenomeSubmittedToNCBI/HypocrealesProteinSets/Mbrunneum4556_protein.faa
# Option settings: hmmsearch --domtblout /home/zack/Desktop/IsariaPreferralGenome/MyGenomeSubmittedToNCBI/HypocrealesProteinSets/BUSCO_AA_all/BUSCO_AA_Mbrunneum_ARSEF4556/run_hypocreales_odb10/hmmer_output/initial_run_results/3821at5125.out --cpu 1 /home/zack/funannotate_db/hypocreales_odb10/hmms/3821at5125.hmm /home/zack/Desktop/IsariaPreferralGenome/MyGenomeSubmittedToNCBI/HypocrealesProteinSets/Mbrunneum4556_protein.faa 
# Current dir:     /home/zack/Desktop/IsariaPreferralGenome/MyGenomeSubmittedToNCBI/HypocrealesProteinSets/BUSCO_AA_all
# Date:            Mon Mar  4 15:35:39 2024
# [ok]
