#                                                                            --- full sequence --- -------------- this domain -------------   hmm coord   ali coord   env coord
# target name        accession   tlen query name           accession   qlen   E-value  score  bias   #  of  c-Evalue  i-Evalue  score  bias  from    to  from    to  from    to  acc description of target
#------------------- ---------- ----- -------------------- ---------- ----- --------- ------ ----- --- --- --------- --------- ------ ----- ----- ----- ----- ----- ----- ----- ---- ---------------------
QLI63589.1           -            266 40203at5125          -            243  3.2e-151  501.0   4.9   1   1  1.5e-153  3.6e-151  500.8   4.9     1   243    11   266    11   266 0.96 NADP-dependent mannitol dehydrogenase [Metarhizium brunneum]
QLI65591.1           -            292 40203at5125          -            243   8.4e-62  208.2   8.2   1   1   2.3e-63   5.3e-61  205.5   8.2     2   241    24   290    23   291 0.86 L-xylulose reductase [Metarhizium brunneum]
QLI66588.1           -            167 40203at5125          -            243   7.6e-56  188.7   0.5   1   1     4e-58   9.4e-56  188.4   0.5     2   144    12   164    11   166 0.92 NADP-dependent mannitol dehydrogenase [Metarhizium brunneum]
QLI66856.1           -            363 40203at5125          -            243   7.1e-52  175.7   2.4   1   1     4e-54   9.4e-52  175.3   2.4     5   242   110   362   107   363 0.89 NADP-dependent mannitol dehydrogenase [Metarhizium brunneum]
QLI72330.1           -            347 40203at5125          -            243   1.6e-45  154.9   0.1   1   1   1.1e-47   2.6e-45  154.1   0.1     5   242    85   346    82   347 0.82 D-arabinitol 2-dehydrogenase [Metarhizium brunneum]
QLI69203.1           -            316 40203at5125          -            243   2.9e-35  121.3   0.0   1   1   1.9e-37   4.5e-35  120.6   0.0     5   241    56   314    52   316 0.76 D-arabinitol 2-dehydrogenase [Metarhizium brunneum]
QLI63585.1           -            284 40203at5125          -            243   4.8e-35  120.5   0.0   1   1   3.3e-37   7.7e-35  119.9   0.0     5   241    40   282    36   284 0.82 D-arabinitol 2-dehydrogenase [Metarhizium brunneum]
QLI71136.1           -            302 40203at5125          -            243   1.2e-32  112.7   0.7   1   1   6.8e-35   1.6e-32  112.3   0.7    12   239    56   298    47   301 0.84 D-arabinitol 2-dehydrogenase [Metarhizium brunneum]
QLI65109.1           -            902 40203at5125          -            243   4.6e-31  107.5  14.9   1   2   1.2e-17   2.8e-15   55.8   3.9     4   178     4   188     1   212 0.77 Peroxisomal hydratase-dehydrogenase-epimerase [Metarhizium brunneum]
QLI65109.1           -            902 40203at5125          -            243   4.6e-31  107.5  14.9   2   2   5.5e-18   1.3e-15   56.9   3.3     5   184   311   490   308   504 0.84 Peroxisomal hydratase-dehydrogenase-epimerase [Metarhizium brunneum]
QLI73053.1           -            278 40203at5125          -            243   2.1e-28   98.8   0.0   1   1   1.1e-30   2.6e-28   98.5   0.0     4   240    13   265    10   268 0.81 Sorbose reductase SOU1 [Metarhizium brunneum]
QLI66824.1           -            255 40203at5125          -            243   6.5e-24   84.1   1.0   1   1   3.2e-26   7.5e-24   83.9   1.0     3   243     3   255     1   255 0.75 2-dehydro-3-deoxy-D-gluconate 5-dehydrogenase [Metarhizium brunneum]
QLI71595.1           -            260 40203at5125          -            243   5.5e-23   81.1   0.0   1   1   3.2e-25   7.4e-23   80.6   0.0     4   243     5   260     3   260 0.77 2-dehydro-3-deoxy-D-gluconate 5-dehydrogenase [Metarhizium brunneum]
QLI72189.1           -            289 40203at5125          -            243   2.6e-20   72.3   0.2   1   1   1.6e-22   3.7e-20   71.8   0.2     3   240    11   272     9   275 0.74 Rhamnolipids biosynthesis 3-oxoacyl-[acyl-carrier-protein] reductase [Metarhizium brunneum]
QLI64308.1           -            279 40203at5125          -            243   1.7e-19   69.6   0.1   1   1   8.5e-22     2e-19   69.4   0.1     7   241     4   255     1   257 0.78 2,5-dichloro-2,5-cyclohexadiene-1,4-diol dehydrogenase [Metarhizium brunneum]
QLI65274.1           -            250 40203at5125          -            243   5.4e-19   68.0   0.1   1   1   2.7e-21   6.3e-19   67.7   0.1     5   243     1   250     1   250 0.79 Short-chain type dehydrogenase/reductase [Metarhizium brunneum]
QLI66774.1           -            308 40203at5125          -            243   1.2e-16   60.3   3.9   1   1   7.2e-19   1.7e-16   59.8   3.9     8   240    39   296    37   299 0.69 3-oxoacyl-[acyl-carrier-protein] reductase FabG [Metarhizium brunneum]
QLI68860.1           -            261 40203at5125          -            243   1.3e-15   56.9   0.5   1   1   7.7e-18   1.8e-15   56.4   0.5     5   239     2   259     1   260 0.75 Chanoclavine-I dehydrogenase easD [Metarhizium brunneum]
QLI69885.1           -            298 40203at5125          -            243   1.5e-15   56.7   1.1   1   1     8e-18   1.9e-15   56.4   1.1     7   240    50   297    46   298 0.76 Levodione reductase [Metarhizium brunneum]
QLI66681.1           -            262 40203at5125          -            243   1.8e-15   56.4   0.0   1   1     1e-17   2.4e-15   56.1   0.0     6   241     9   259     5   261 0.79 D-xylose 1-dehydrogenase [Metarhizium brunneum]
QLI68925.1           -            260 40203at5125          -            243   3.5e-15   55.5   1.5   1   1   1.8e-17   4.2e-15   55.2   1.5     2   241     3   259     2   260 0.76 Versicolorin reductase 1 [Metarhizium brunneum]
QLI68493.1           -            262 40203at5125          -            243   1.3e-14   53.6   0.1   1   1   6.7e-17   1.6e-14   53.4   0.1    11   242     7   261     1   262 0.79 2-(R)-hydroxypropyl-CoM dehydrogenase [Metarhizium brunneum]
QLI70297.1           -            271 40203at5125          -            243   1.4e-14   53.5   0.8   1   1   1.1e-16   2.5e-14   52.7   0.8    16   243    17   271     5   271 0.72 3-oxoacyl-[acyl-carrier-protein] reductase FabG [Metarhizium brunneum]
QLI70429.1           -            267 40203at5125          -            243   2.8e-14   52.5   0.2   1   1   1.8e-16   4.2e-14   52.0   0.2     6   192    10   201     8   228 0.81 Hydroxynaphthalene reductase-like protein Arp2 [Metarhizium brunneum]
QLI63822.1           -            291 40203at5125          -            243   3.3e-14   52.3   3.0   1   2   2.6e-05     0.006   15.4   0.4     3    97    11   108     9   116 0.61 Rhamnolipids biosynthesis 3-oxoacyl-[acyl-carrier-protein] reductase [Metarhizium brunneum]
QLI63822.1           -            291 40203at5125          -            243   3.3e-14   52.3   3.0   2   2   4.5e-12     1e-09   37.6   0.1   102   241   132   286   125   288 0.72 Rhamnolipids biosynthesis 3-oxoacyl-[acyl-carrier-protein] reductase [Metarhizium brunneum]
QLI72309.1           -            959 40203at5125          -            243   2.6e-13   49.4   0.0   1   1   1.9e-15   4.5e-13   48.6   0.0     7   234     6   244     3   250 0.76 4-formylbenzenesulfonate dehydrogenase TsaC1/TsaC2 [Metarhizium brunneum]
QLI64828.1           -            266 40203at5125          -            243   1.1e-11   44.1   0.2   1   2   7.5e-11   1.8e-08   33.5   0.0     7   188     8   192     4   202 0.79 Isoepoxydon dehydrogenase patN [Metarhizium brunneum]
QLI64828.1           -            266 40203at5125          -            243   1.1e-11   44.1   0.2   2   2    0.0034      0.79    8.5   0.0   205   241   227   263   217   265 0.90 Isoepoxydon dehydrogenase patN [Metarhizium brunneum]
QLI70654.1           -            265 40203at5125          -            243   1.5e-11   43.6   0.1   1   1   1.3e-13     3e-11   42.6   0.1     2   240     4   259     3   261 0.73 Rhamnolipids biosynthesis 3-oxoacyl-[acyl-carrier-protein] reductase [Metarhizium brunneum]
QLI67789.1           -            358 40203at5125          -            243   2.2e-11   43.0   0.0   1   1   1.5e-13   3.5e-11   42.4   0.0     7   216    90   299    86   302 0.75 hypothetical protein G6M90_00g034170 [Metarhizium brunneum]
QLI70607.1           -            277 40203at5125          -            243   4.9e-11   41.9   0.1   1   2       2.3   5.5e+02   -0.8   0.0     7    39     7    37     4    56 0.67 L-rhamnose-1-dehydrogenase [Metarhizium brunneum]
QLI70607.1           -            277 40203at5125          -            243   4.9e-11   41.9   0.1   2   2   7.3e-13   1.7e-10   40.1   0.0    84   240   104   272    93   275 0.81 L-rhamnose-1-dehydrogenase [Metarhizium brunneum]
QLI66977.1           -            295 40203at5125          -            243   7.8e-11   41.3   0.9   1   2   0.00064      0.15   10.9   0.0     2    97    13   108    12   124 0.86 Short-chain dehydrogenase/reductase SAT3 [Metarhizium brunneum]
QLI66977.1           -            295 40203at5125          -            243   7.8e-11   41.3   0.9   2   2   1.5e-09   3.5e-07   29.3   0.1   131   240   168   287   129   290 0.79 Short-chain dehydrogenase/reductase SAT3 [Metarhizium brunneum]
QLI72476.1           -            290 40203at5125          -            243   8.4e-11   41.1   0.5   1   1   3.8e-11   8.8e-09   34.5   0.5     4   242    10   284     7   285 0.63 Short-chain dehydrogenase/reductase SAT3 [Metarhizium brunneum]
QLI67469.1           -            305 40203at5125          -            243   1.2e-10   40.6   1.6   1   2   4.3e-12     1e-09   37.6   1.3     9   184    11   208     7   224 0.79 L-xylo-3-hexulose reductase [Metarhizium brunneum]
QLI67469.1           -            305 40203at5125          -            243   1.2e-10   40.6   1.6   2   2       3.4     8e+02   -1.4   0.0   212   240   272   300   265   302 0.83 L-xylo-3-hexulose reductase [Metarhizium brunneum]
QLI71129.1           -            296 40203at5125          -            243   1.6e-10   40.3   0.2   1   2      0.29        68    2.1   0.2    11   109    17   119     8   153 0.56 Short-chain dehydrogenase/reductase SAT3 [Metarhizium brunneum]
QLI71129.1           -            296 40203at5125          -            243   1.6e-10   40.3   0.2   2   2   9.2e-12   2.1e-09   36.5   0.0   132   240   169   288   130   291 0.74 Short-chain dehydrogenase/reductase SAT3 [Metarhizium brunneum]
QLI71045.1           -            293 40203at5125          -            243     8e-10   37.9   6.7   1   2   3.6e-12   8.4e-10   37.9   4.4     9   191    21   212    17   219 0.71 3-oxoacyl-[acyl-carrier-protein] reductase FabG [Metarhizium brunneum]
QLI71045.1           -            293 40203at5125          -            243     8e-10   37.9   6.7   2   2       1.5   3.5e+02   -0.2   0.0   206   240   254   291   248   293 0.68 3-oxoacyl-[acyl-carrier-protein] reductase FabG [Metarhizium brunneum]
QLI73226.1           -            297 40203at5125          -            243   1.1e-09   37.5   2.3   1   1   5.9e-12   1.4e-09   37.2   2.3     7   240    18   266    15   269 0.77 Peroxisomal 2,4-dienoyl-CoA reductase SPS19 [Metarhizium brunneum]
QLI65686.1           -            283 40203at5125          -            243   5.6e-09   35.2   1.2   1   1   3.2e-11   7.4e-09   34.8   1.2     6   242    12   273    10   274 0.70 hypothetical protein G6M90_00g027160 [Metarhizium brunneum]
QLI70088.1           -            257 40203at5125          -            243     2e-08   33.4   0.1   1   1   1.1e-10   2.6e-08   33.0   0.1     6   188     9   195     6   255 0.75 hypothetical protein G6M90_00g053130 [Metarhizium brunneum]
QLI65774.1           -            257 40203at5125          -            243   2.8e-08   32.9   0.1   1   1   1.5e-10   3.6e-08   32.5   0.1     5   238     1   252     1   255 0.66 3beta-hydroxysteroid dehydrogenase 2 [Metarhizium brunneum]
QLI68326.1           -            279 40203at5125          -            243   4.2e-08   32.3   1.4   1   1   1.6e-09   3.8e-07   29.2   1.4     7   205    13   224     9   279 0.69 Acetoacetyl-CoA reductase [Metarhizium brunneum]
QLI70983.1           -            282 40203at5125          -            243   1.5e-07   30.5   1.3   1   2      0.16        37    3.0   0.5     5    38     2    33     1    46 0.75 Carbonyl reductase family member 4 [Metarhizium brunneum]
QLI70983.1           -            282 40203at5125          -            243   1.5e-07   30.5   1.3   2   2     1e-08   2.4e-06   26.6   0.0    82   240   121   279    94   282 0.74 Carbonyl reductase family member 4 [Metarhizium brunneum]
QLI68915.1           -            324 40203at5125          -            243     2e-07   30.1   0.4   1   2     2e-09   4.7e-07   28.9   0.5     6   126    18   146    16   176 0.70 Short chain dehydrogenase atnD [Metarhizium brunneum]
QLI68915.1           -            324 40203at5125          -            243     2e-07   30.1   0.4   2   2       8.1   1.9e+03   -2.6   0.0   154   215   200   262   191   281 0.63 Short chain dehydrogenase atnD [Metarhizium brunneum]
QLI68147.1           -            298 40203at5125          -            243   2.2e-07   30.0   0.9   1   2      0.17        40    2.9   0.4     3    96    14   109    12   129 0.66 Short-chain dehydrogenase/reductase SAT3 [Metarhizium brunneum]
QLI68147.1           -            298 40203at5125          -            243   2.2e-07   30.0   0.9   2   2   2.1e-08     5e-06   25.5   0.0   106   240   138   290   131   292 0.71 Short-chain dehydrogenase/reductase SAT3 [Metarhizium brunneum]
QLI65915.1           -           1281 40203at5125          -            243   4.1e-07   29.1   0.3   1   1   3.6e-09   8.3e-07   28.1   0.3     7   204  1038  1239  1036  1274 0.75 Linear gramicidin synthase subunit D [Metarhizium brunneum]
QLI70748.1           -            260 40203at5125          -            243   4.9e-07   28.8   0.8   1   1   4.5e-09   1.1e-06   27.7   0.8    83   241    81   253    72   255 0.74 hypothetical protein G6M90_00g077830 [Metarhizium brunneum]
QLI64979.1           -            253 40203at5125          -            243   2.3e-06   26.6   0.7   1   1   1.4e-07   3.2e-05   22.9   0.7     5   240     1   252     1   253 0.64 2,5-dichloro-2,5-cyclohexadiene-1,4-diol dehydrogenase [Metarhizium brunneum]
QLI73175.1           -            279 40203at5125          -            243   2.4e-06   26.5   1.2   1   2   9.1e-08   2.1e-05   23.5   0.7     7   143    13   165    10   225 0.67 Nodulation protein G [Metarhizium brunneum]
QLI73175.1           -            279 40203at5125          -            243   2.4e-06   26.5   1.2   2   2       1.8   4.1e+02   -0.4   0.0   217   239   255   277   238   279 0.66 Nodulation protein G [Metarhizium brunneum]
QLI68440.1           -            341 40203at5125          -            243   3.2e-06   26.1   0.8   1   1     8e-08   1.9e-05   23.6   0.8     8   204    39   259    36   267 0.67 Short-chain dehydrogenase TIC 32 [Metarhizium brunneum]
QLI70232.1           -            263 40203at5125          -            243     4e-05   22.5   0.1   1   1   8.8e-07   0.00021   20.2   0.1     7   239    10   259     5   262 0.69 Short-chain dehydrogenase/reductase ATR9 [Metarhizium brunneum]
QLI72165.1           -            286 40203at5125          -            243   0.00011   21.1   0.3   1   2    0.0015      0.35    9.7   0.3     9    99    22   120    18   149 0.73 Short-chain dehydrogenase/reductase tropE [Metarhizium brunneum]
QLI72165.1           -            286 40203at5125          -            243   0.00011   21.1   0.3   2   2     0.002      0.46    9.3   0.0   153   197   202   247   197   255 0.82 Short-chain dehydrogenase/reductase tropE [Metarhizium brunneum]
#
# Program:         hmmsearch
# Version:         3.1b2 (February 2015)
# Pipeline mode:   SEARCH
# Query file:      /home/zack/funannotate_db/hypocreales_odb10/hmms/40203at5125.hmm
# Target file:     /home/zack/Desktop/IsariaPreferralGenome/MyGenomeSubmittedToNCBI/HypocrealesProteinSets/Mbrunneum4556_protein.faa
# Option settings: hmmsearch --domtblout /home/zack/Desktop/IsariaPreferralGenome/MyGenomeSubmittedToNCBI/HypocrealesProteinSets/BUSCO_AA_all/BUSCO_AA_Mbrunneum_ARSEF4556/run_hypocreales_odb10/hmmer_output/initial_run_results/40203at5125.out --cpu 1 /home/zack/funannotate_db/hypocreales_odb10/hmms/40203at5125.hmm /home/zack/Desktop/IsariaPreferralGenome/MyGenomeSubmittedToNCBI/HypocrealesProteinSets/Mbrunneum4556_protein.faa 
# Current dir:     /home/zack/Desktop/IsariaPreferralGenome/MyGenomeSubmittedToNCBI/HypocrealesProteinSets/BUSCO_AA_all
# Date:            Mon Mar  4 15:35:21 2024
# [ok]
