#                                                                            --- full sequence --- -------------- this domain -------------   hmm coord   ali coord   env coord
# target name        accession   tlen query name           accession   qlen   E-value  score  bias   #  of  c-Evalue  i-Evalue  score  bias  from    to  from    to  from    to  acc description of target
#------------------- ---------- ----- -------------------- ---------- ----- --------- ------ ----- --- --- --------- --------- ------ ----- ----- ----- ----- ----- ----- ----- ---- ---------------------
QLI69920.1           -            326 40886at5125          -            268  8.9e-152  503.1   2.0   1   2   7.7e-07    0.0013   17.4   0.5     1    25     1    28     1    41 0.84 NADH-cytochrome b5 reductase 2 [Metarhizium brunneum]
QLI69920.1           -            326 40886at5125          -            268  8.9e-152  503.1   2.0   2   2  1.4e-149  2.2e-146  485.4   0.0    23   268    64   326    56   326 0.94 NADH-cytochrome b5 reductase 2 [Metarhizium brunneum]
QLI65585.1           -            296 40886at5125          -            268   2.7e-66  222.8   0.0   1   1     2e-69   3.3e-66  222.5   0.0    29   268    47   296    21   296 0.88 NADH-cytochrome b5 reductase 2 [Metarhizium brunneum]
QLI65722.1           -            313 40886at5125          -            268   2.5e-47  160.6   0.0   1   1   1.9e-50   3.1e-47  160.4   0.0    42   242    75   289    65   313 0.84 NADH-cytochrome b5 reductase 1 [Metarhizium brunneum]
QLI68253.1           -            458 40886at5125          -            268   7.1e-42  142.8   0.0   1   1   6.9e-45   1.1e-41  142.1   0.0    43   239   226   434   219   449 0.89 NADH-cytochrome b5 reductase 1 [Metarhizium brunneum]
QLI63452.1           -            892 40886at5125          -            268   1.5e-25   89.3   0.0   1   1   1.5e-28   2.4e-25   88.5   0.0    43   239   649   876   638   880 0.81 Nitrate reductase [Metarhizium brunneum]
QLI74239.1           -            971 40886at5125          -            268   1.7e-15   56.3   0.0   1   1   1.8e-18   2.9e-15   55.5   0.0    92   236   779   950   767   957 0.77 Nitrate reductase [Metarhizium brunneum]
QLI69150.1           -            408 40886at5125          -            268   8.2e-07   27.8   0.0   1   2     1e-09   1.7e-06   26.8   0.0    84   173   135   232   124   245 0.77 Cytochrome c mitochondrial import factor CYC2 [Metarhizium brunneum]
QLI69150.1           -            408 40886at5125          -            268   8.2e-07   27.8   0.0   2   2       1.7   2.8e+03   -3.5   0.0   226   243   357   374   352   388 0.74 Cytochrome c mitochondrial import factor CYC2 [Metarhizium brunneum]
#
# Program:         hmmsearch
# Version:         3.1b2 (February 2015)
# Pipeline mode:   SEARCH
# Query file:      /home/zack/funannotate_db/hypocreales_odb10/hmms/40886at5125.hmm
# Target file:     /home/zack/Desktop/IsariaPreferralGenome/MyGenomeSubmittedToNCBI/HypocrealesProteinSets/Mbrunneum4556_protein.faa
# Option settings: hmmsearch --domtblout /home/zack/Desktop/IsariaPreferralGenome/MyGenomeSubmittedToNCBI/HypocrealesProteinSets/BUSCO_AA_all/BUSCO_AA_Mbrunneum_ARSEF4556/run_hypocreales_odb10/hmmer_output/initial_run_results/40886at5125.out --cpu 1 /home/zack/funannotate_db/hypocreales_odb10/hmms/40886at5125.hmm /home/zack/Desktop/IsariaPreferralGenome/MyGenomeSubmittedToNCBI/HypocrealesProteinSets/Mbrunneum4556_protein.faa 
# Current dir:     /home/zack/Desktop/IsariaPreferralGenome/MyGenomeSubmittedToNCBI/HypocrealesProteinSets/BUSCO_AA_all
# Date:            Mon Mar  4 15:35:05 2024
# [ok]
