#                                                                            --- full sequence --- -------------- this domain -------------   hmm coord   ali coord   env coord
# target name        accession   tlen query name           accession   qlen   E-value  score  bias   #  of  c-Evalue  i-Evalue  score  bias  from    to  from    to  from    to  acc description of target
#------------------- ---------- ----- -------------------- ---------- ----- --------- ------ ----- --- --- --------- --------- ------ ----- ----- ----- ----- ----- ----- ----- ---- ---------------------
QLI65698.1           -            494 41930at5125          -            331  2.8e-140  466.4   0.1   1   2       4.4   3.1e+03   -3.8   5.5   246   264    43    61     7    90 0.47 Coiled-coil domain-containing protein 124 [Metarhizium brunneum]
QLI65698.1           -            494 41930at5125          -            331  2.8e-140  466.4   0.1   2   2  3.9e-143  2.8e-140  466.4   0.1    52   331   215   494   205   494 0.96 Coiled-coil domain-containing protein 124 [Metarhizium brunneum]
QLI64781.1           -            151 41930at5125          -            331   1.3e-09   36.9   0.0   1   1   2.4e-12   1.7e-09   36.4   0.0    13    89     4    81     1    96 0.91 Ubiquitin-conjugating enzyme E2 2 [Metarhizium brunneum]
QLI65086.1           -            166 41930at5125          -            331   2.9e-07   29.1   0.0   1   1   5.6e-10     4e-07   28.7   0.0    12    92     4    86     1    92 0.87 Ubiquitin-conjugating enzyme E2 [Metarhizium brunneum]
QLI69319.1           -            180 41930at5125          -            331   9.4e-07   27.5   0.2   1   1   1.6e-09   1.2e-06   27.2   0.2    45    89    65   110    23   116 0.83 Ubiquitin-conjugating enzyme E2 [Metarhizium brunneum]
QLI67257.1           -            147 41930at5125          -            331   1.2e-06   27.1   0.0   1   1   2.1e-09   1.5e-06   26.8   0.0    44    90    32    79     4    85 0.84 Ubiquitin-conjugating enzyme E2 [Metarhizium brunneum]
QLI70007.1           -            149 41930at5125          -            331   3.6e-06   25.5   0.1   1   1     7e-09     5e-06   25.1   0.1    53    90    43    80    27    87 0.92 Ubiquitin-conjugating enzyme E2 35 [Metarhizium brunneum]
QLI70617.1           -            189 41930at5125          -            331   4.7e-06   25.2   0.2   1   1     9e-09   6.4e-06   24.7   0.2    19    90    35   108    24   113 0.88 Ubiquitin-conjugating enzyme E2 14 [Metarhizium brunneum]
QLI73192.1           -            441 41930at5125          -            331   2.9e-05   22.6   0.3   1   2     0.036        26    3.0   0.0    52    79    43    70    16    75 0.85 Ubiquitin-conjugating enzyme E2 Z [Metarhizium brunneum]
QLI73192.1           -            441 41930at5125          -            331   2.9e-05   22.6   0.3   2   2   1.4e-06   0.00096   17.6   0.1    35    99   312   377   294   391 0.82 Ubiquitin-conjugating enzyme E2 Z [Metarhizium brunneum]
QLI66237.1           -            176 41930at5125          -            331   0.00011   20.7   0.0   1   1   1.9e-07   0.00014   20.3   0.0    45    89    41    88     7    94 0.80 Ubiquitin-conjugating enzyme E2 15 [Metarhizium brunneum]
QLI66968.1           -            194 41930at5125          -            331   0.00015   20.3   0.0   1   1   3.5e-07   0.00025   19.5   0.0    34    94    31    91    25   102 0.81 Ubiquitin-conjugating enzyme E2 8 [Metarhizium brunneum]
QLI63504.1           -            157 41930at5125          -            331   0.00019   19.9   0.0   1   1   3.7e-07   0.00026   19.4   0.0    61    96    57    92    49   103 0.89 SUMO-conjugating enzyme ubc9 [Metarhizium brunneum]
QLI68079.1           -            234 41930at5125          -            331   0.00036   19.0   0.2   1   1   9.7e-07   0.00069   18.0   0.2    53    94    47    88    41    96 0.90 Ubiquitin-conjugating enzyme E2 1 [Metarhizium brunneum]
QLI69537.1           -            227 41930at5125          -            331     0.058   11.7   0.0   1   1   0.00013     0.091   11.1   0.0    53    88    41    77     7    83 0.74 Ubiquitin-conjugating enzyme E2 [Metarhizium brunneum]
QLI65454.1           -            156 41930at5125          -            331     0.068   11.5   0.0   1   1   0.00011      0.08   11.3   0.0    53    82    46    76     4    92 0.78 hypothetical protein G6M90_00g012750 [Metarhizium brunneum]
QLI69070.1           -            262 41930at5125          -            331     0.094   11.0   0.0   1   1   0.00022      0.16   10.3   0.0    64    79    44    59    31    63 0.90 Protein IMPACT [Metarhizium brunneum]
QLI64122.1           -            181 41930at5125          -            331      0.14   10.5   0.1   1   1   0.00028       0.2   10.0   0.1    64    94    80   110    76   124 0.87 Protein PEROXIN-4 [Metarhizium brunneum]
#
# Program:         hmmsearch
# Version:         3.1b2 (February 2015)
# Pipeline mode:   SEARCH
# Query file:      /home/zack/funannotate_db/hypocreales_odb10/hmms/41930at5125.hmm
# Target file:     /home/zack/Desktop/IsariaPreferralGenome/MyGenomeSubmittedToNCBI/HypocrealesProteinSets/Mbrunneum4556_protein.faa
# Option settings: hmmsearch --domtblout /home/zack/Desktop/IsariaPreferralGenome/MyGenomeSubmittedToNCBI/HypocrealesProteinSets/BUSCO_AA_all/BUSCO_AA_Mbrunneum_ARSEF4556/run_hypocreales_odb10/hmmer_output/initial_run_results/41930at5125.out --cpu 1 /home/zack/funannotate_db/hypocreales_odb10/hmms/41930at5125.hmm /home/zack/Desktop/IsariaPreferralGenome/MyGenomeSubmittedToNCBI/HypocrealesProteinSets/Mbrunneum4556_protein.faa 
# Current dir:     /home/zack/Desktop/IsariaPreferralGenome/MyGenomeSubmittedToNCBI/HypocrealesProteinSets/BUSCO_AA_all
# Date:            Mon Mar  4 15:35:34 2024
# [ok]
