#                                                                            --- full sequence --- -------------- this domain -------------   hmm coord   ali coord   env coord
# target name        accession   tlen query name           accession   qlen   E-value  score  bias   #  of  c-Evalue  i-Evalue  score  bias  from    to  from    to  from    to  acc description of target
#------------------- ---------- ----- -------------------- ---------- ----- --------- ------ ----- --- --- --------- --------- ------ ----- ----- ----- ----- ----- ----- ----- ---- ---------------------
QLI67906.1           -            308 54261at5125          -            223   1.5e-95  318.2  19.6   1   3     2e-36   3.8e-34  117.4  12.2     3   118    23   154    21   159 0.83 Cell wall integrity and stress response component 4 [Metarhizium brunneum]
QLI67906.1           -            308 54261at5125          -            223   1.5e-95  318.2  19.6   2   3     0.025       4.8    5.9   0.4    86   110   137   161   133   173 0.82 Cell wall integrity and stress response component 4 [Metarhizium brunneum]
QLI67906.1           -            308 54261at5125          -            223   1.5e-95  318.2  19.6   3   3   1.5e-62   2.8e-60  202.9   0.8    98   223   170   307   161   307 0.89 Cell wall integrity and stress response component 4 [Metarhizium brunneum]
QLI74389.1           -            282 54261at5125          -            223   2.4e-27   95.1  20.5   1   2   6.8e-21   1.3e-18   66.6  14.9    10   104    18   124     8   138 0.79 hypothetical protein G6M90_00g110810 [Metarhizium brunneum]
QLI74389.1           -            282 54261at5125          -            223   2.4e-27   95.1  20.5   2   2   2.8e-10   5.3e-08   31.9   0.2    94   189   165   254   148   280 0.69 hypothetical protein G6M90_00g110810 [Metarhizium brunneum]
QLI68323.1           -            269 54261at5125          -            223   1.5e-17   63.1  12.0   1   2   9.2e-09   1.7e-06   26.9   4.5    41   102    69   131    48   145 0.73 hypothetical protein G6M90_00g047500 [Metarhizium brunneum]
QLI68323.1           -            269 54261at5125          -            223   1.5e-17   63.1  12.0   2   2   4.2e-13   7.8e-11   41.2   0.9    85   211   142   264   138   268 0.71 hypothetical protein G6M90_00g047500 [Metarhizium brunneum]
QLI65790.1           -           1506 54261at5125          -            223   1.4e-11   43.6  36.7   1   4   0.00065      0.12   11.1   3.6    30    78   954  1002   939  1033 0.79 hypothetical protein G6M90_00g009650 [Metarhizium brunneum]
QLI65790.1           -           1506 54261at5125          -            223   1.4e-11   43.6  36.7   2   4   0.00014     0.026   13.3   5.9    38   104  1084  1153  1064  1189 0.73 hypothetical protein G6M90_00g009650 [Metarhizium brunneum]
QLI65790.1           -           1506 54261at5125          -            223   1.4e-11   43.6  36.7   3   4   1.7e-07   3.1e-05   22.8   1.8    28    83  1240  1300  1224  1348 0.73 hypothetical protein G6M90_00g009650 [Metarhizium brunneum]
QLI65790.1           -           1506 54261at5125          -            223   1.4e-11   43.6  36.7   4   4   0.00016      0.03   13.1   2.5    28    78  1430  1487  1416  1498 0.73 hypothetical protein G6M90_00g009650 [Metarhizium brunneum]
QLI65608.1           -            455 54261at5125          -            223   2.6e-08   32.9   0.1   1   1   2.5e-10   4.6e-08   32.1   0.1    67   162   258   347   208   362 0.65 hypothetical protein G6M90_00g019800 [Metarhizium brunneum]
QLI73916.1           -           1130 54261at5125          -            223   6.6e-08   31.6  55.7   1   5     0.012       2.3    6.9   7.8    16    78    55   125    45   159 0.78 hypothetical protein G6M90_00g103260 [Metarhizium brunneum]
QLI73916.1           -           1130 54261at5125          -            223   6.6e-08   31.6  55.7   2   5     0.024       4.4    6.0   5.8    42    92   199   249   173   266 0.75 hypothetical protein G6M90_00g103260 [Metarhizium brunneum]
QLI73916.1           -           1130 54261at5125          -            223   6.6e-08   31.6  55.7   3   5   5.5e-06     0.001   17.9   6.6    28    99   310   382   290   413 0.74 hypothetical protein G6M90_00g103260 [Metarhizium brunneum]
QLI73916.1           -           1130 54261at5125          -            223   6.6e-08   31.6  55.7   4   5    0.0011      0.21   10.3   1.6    39    78   445   485   427   507 0.77 hypothetical protein G6M90_00g103260 [Metarhizium brunneum]
QLI73916.1           -           1130 54261at5125          -            223   6.6e-08   31.6  55.7   5   5   7.7e-05     0.014   14.1   2.9    29    78   544   598   531   605 0.76 hypothetical protein G6M90_00g103260 [Metarhizium brunneum]
QLI69450.1           -            195 54261at5125          -            223   3.1e-07   29.4   0.2   1   1   2.2e-09   4.2e-07   29.0   0.2    81   173    33   133    22   148 0.71 hypothetical protein G6M90_00g060960 [Metarhizium brunneum]
QLI73035.1           -            472 54261at5125          -            223   3.2e-07   29.4   0.0   1   1     3e-09   5.6e-07   28.5   0.0   102   161   271   330   231   349 0.74 hypothetical protein G6M90_00g102200 [Metarhizium brunneum]
QLI72956.1           -            904 54261at5125          -            223     5e-07   28.7  28.8   1   3   4.3e-05    0.0081   14.9   4.9    30    89   609   670   589   697 0.71 hypothetical protein G6M90_00g097140 [Metarhizium brunneum]
QLI72956.1           -            904 54261at5125          -            223     5e-07   28.7  28.8   2   3   2.3e-05    0.0043   15.9   4.2    24    77   714   771   703   794 0.81 hypothetical protein G6M90_00g097140 [Metarhizium brunneum]
QLI72956.1           -            904 54261at5125          -            223     5e-07   28.7  28.8   3   3    0.0027      0.51    9.1   4.0    27    77   831   881   815   900 0.73 hypothetical protein G6M90_00g097140 [Metarhizium brunneum]
QLI67983.1           -            328 54261at5125          -            223     1e-06   27.7   1.9   1   2       8.2   1.5e+03   -2.3   2.7    94    94   127   127    38   155 0.59 hypothetical protein G6M90_00g035860 [Metarhizium brunneum]
QLI67983.1           -            328 54261at5125          -            223     1e-06   27.7   1.9   2   2   5.5e-09     1e-06   27.7   1.9    88   154   153   222   124   234 0.75 hypothetical protein G6M90_00g035860 [Metarhizium brunneum]
QLI73106.1           -            406 54261at5125          -            223   1.2e-06   27.4   0.1   1   1     1e-08   1.9e-06   26.8   0.1    84   155   270   341   253   362 0.78 hypothetical protein G6M90_00g104230 [Metarhizium brunneum]
QLI65036.1           -            263 54261at5125          -            223     2e-06   26.7   1.0   1   1   2.2e-08   4.1e-06   25.7   1.0    88   142   178   233   169   263 0.77 hypothetical protein G6M90_00g020290 [Metarhizium brunneum]
QLI69838.1           -            330 54261at5125          -            223   2.2e-06   26.6   0.3   1   1   2.3e-08   4.3e-06   25.6   0.3   105   147   189   231   168   250 0.79 hypothetical protein G6M90_00g053440 [Metarhizium brunneum]
QLI65520.1           -            206 54261at5125          -            223   2.6e-06   26.4   0.3   1   1   2.5e-08   4.6e-06   25.6   0.1    86   144    96   154    81   173 0.68 hypothetical protein G6M90_00g005670 [Metarhizium brunneum]
QLI70755.1           -            290 54261at5125          -            223     5e-06   25.5   2.4   1   1   2.6e-08     5e-06   25.5   2.4    84   145   167   229   129   280 0.73 hypothetical protein G6M90_00g070190 [Metarhizium brunneum]
QLI63602.1           -            276 54261at5125          -            223   1.4e-05   23.9   0.3   1   1   1.6e-07     3e-05   22.9   0.3    97   142   209   249   156   274 0.79 hypothetical protein G6M90_00g020400 [Metarhizium brunneum]
QLI73381.1           -            162 54261at5125          -            223   2.8e-05   23.0   0.9   1   1   2.3e-07   4.4e-05   22.4   0.9    40    89    92   143    61   153 0.76 hypothetical protein G6M90_00g099830 [Metarhizium brunneum]
QLI73802.1           -            731 54261at5125          -            223     4e-05   22.5   0.0   1   1   4.9e-07   9.1e-05   21.3   0.0    97   157   376   436   327   447 0.72 hypothetical protein G6M90_00g101230 [Metarhizium brunneum]
QLI64221.1           -            666 54261at5125          -            223   6.4e-05   21.8  18.4   1   3    0.0002     0.037   12.8   2.3    43    78    85   118    62   142 0.83 hypothetical protein G6M90_00g015260 [Metarhizium brunneum]
QLI64221.1           -            666 54261at5125          -            223   6.4e-05   21.8  18.4   2   3     1e-05    0.0019   17.0   3.9    39    77   187   225   164   235 0.89 hypothetical protein G6M90_00g015260 [Metarhizium brunneum]
QLI64221.1           -            666 54261at5125          -            223   6.4e-05   21.8  18.4   3   3         8   1.5e+03   -2.3   0.1    85   107   255   277   235   286 0.73 hypothetical protein G6M90_00g015260 [Metarhizium brunneum]
QLI73266.1           -            324 54261at5125          -            223   6.5e-05   21.8   0.3   1   1   3.5e-07   6.5e-05   21.8   0.3    58   153   156   262   122   282 0.66 hypothetical protein G6M90_00g105260 [Metarhizium brunneum]
QLI71164.1           -            246 54261at5125          -            223    0.0001   21.1   0.1   1   1   8.6e-07   0.00016   20.5   0.1    82   152   111   185    79   199 0.69 hypothetical protein G6M90_00g080310 [Metarhizium brunneum]
QLI73905.1           -            409 54261at5125          -            223   0.00014   20.7   0.1   1   1   2.2e-06   0.00041   19.2   0.1    85   133   203   253   194   298 0.83 hypothetical protein G6M90_00g098440 [Metarhizium brunneum]
QLI67836.1           -            877 54261at5125          -            223   0.00015   20.7   0.0   1   1     2e-06   0.00038   19.3   0.0   105   165   524   587   499   596 0.69 hypothetical protein G6M90_00g042890 [Metarhizium brunneum]
QLI73976.1           -            271 54261at5125          -            223   0.00023   20.0   2.7   1   2       5.4     1e+03   -1.7   0.1    88   105    94   111    60   118 0.55 hypothetical protein G6M90_00g093720 [Metarhizium brunneum]
QLI73976.1           -            271 54261at5125          -            223   0.00023   20.0   2.7   2   2   1.2e-06   0.00023   20.0   2.7    29    77   157   206   145   227 0.79 hypothetical protein G6M90_00g093720 [Metarhizium brunneum]
QLI67327.1           -            146 54261at5125          -            223   0.00025   19.9   0.1   1   1   1.5e-06   0.00028   19.7   0.1   100   142    30    73    15   118 0.79 hypothetical protein G6M90_00g039000 [Metarhizium brunneum]
QLI69104.1           -            278 54261at5125          -            223   0.00027   19.8   2.5   1   1   1.4e-06   0.00027   19.8   2.5    82   164   161   249   111   264 0.69 hypothetical protein G6M90_00g060140 [Metarhizium brunneum]
QLI72528.1           -            583 54261at5125          -            223   0.00027   19.8   0.0   1   1   2.8e-06   0.00052   18.9   0.0   101   143   491   532   460   555 0.74 hypothetical protein G6M90_00g084570 [Metarhizium brunneum]
QLI70001.1           -            243 54261at5125          -            223   0.00027   19.8   0.4   1   1   2.4e-06   0.00046   19.0   0.4    88   147   147   211   126   238 0.72 hypothetical protein G6M90_00g053820 [Metarhizium brunneum]
QLI72167.1           -            288 54261at5125          -            223   0.00028   19.7   0.0   1   1     3e-06   0.00057   18.7   0.0   106   147   189   229   162   244 0.74 Cell wall mannoprotein 1 [Metarhizium brunneum]
QLI63661.1           -            245 54261at5125          -            223   0.00042   19.1   0.0   1   2      0.47        87    1.8   0.0    75   106    70   101    41   114 0.82 hypothetical protein G6M90_00g029020 [Metarhizium brunneum]
QLI63661.1           -            245 54261at5125          -            223   0.00042   19.1   0.0   2   2   3.4e-05    0.0063   15.3   0.0    90   153   153   216   126   232 0.76 hypothetical protein G6M90_00g029020 [Metarhizium brunneum]
QLI64679.1           -            289 54261at5125          -            223   0.00047   19.0   0.0   1   1   4.5e-06   0.00085   18.2   0.0    86   155   183   250   177   260 0.72 hypothetical protein G6M90_00g017500 [Metarhizium brunneum]
QLI66394.1           -            443 54261at5125          -            223   0.00054   18.8   0.0   1   1   5.4e-06     0.001   17.9   0.0   102   157   232   285   208   296 0.73 hypothetical protein G6M90_00g021270 [Metarhizium brunneum]
QLI70882.1           -            324 54261at5125          -            223   0.00054   18.8   2.9   1   1   2.9e-06   0.00054   18.8   2.9    45   164   113   241    85   248 0.75 hypothetical protein G6M90_00g076410 [Metarhizium brunneum]
QLI68021.1           -            497 54261at5125          -            223   0.00057   18.7   0.1   1   1   5.5e-06     0.001   17.9   0.1    93   172   182   260   158   270 0.73 hypothetical protein G6M90_00g033930 [Metarhizium brunneum]
QLI67511.1           -            495 54261at5125          -            223   0.00063   18.6   0.0   1   3       2.6   4.8e+02   -0.7   5.4    54   122    50   120    39   142 0.70 hypothetical protein G6M90_00g047280 [Metarhizium brunneum]
QLI67511.1           -            495 54261at5125          -            223   0.00063   18.6   0.0   2   3       9.3   1.7e+03   -2.5   2.5    83   114   196   227   187   250 0.75 hypothetical protein G6M90_00g047280 [Metarhizium brunneum]
QLI67511.1           -            495 54261at5125          -            223   0.00063   18.6   0.0   3   3   3.4e-06   0.00063   18.6   0.0   101   147   272   318   248   339 0.76 hypothetical protein G6M90_00g047280 [Metarhizium brunneum]
QLI68306.1           -            349 54261at5125          -            223   0.00076   18.3   0.0   1   1   7.9e-06    0.0015   17.4   0.0    88   153   129   191   117   216 0.65 hypothetical protein G6M90_00g034090 [Metarhizium brunneum]
QLI74347.1           -            450 54261at5125          -            223    0.0008   18.2   0.0   1   1   8.2e-06    0.0015   17.3   0.0    90   147   201   258   174   284 0.76 hypothetical protein G6M90_00g108170 [Metarhizium brunneum]
QLI66878.1           -            327 54261at5125          -            223   0.00093   18.0   0.2   1   1   7.4e-06    0.0014   17.5   0.2    30   142   103   220    84   244 0.67 hypothetical protein G6M90_00g046770 [Metarhizium brunneum]
QLI65246.1           -            472 54261at5125          -            223     0.001   17.9   4.8   1   2         2   3.8e+02   -0.3   0.8    26    65    29    75     8    88 0.64 hypothetical protein G6M90_00g024330 [Metarhizium brunneum]
QLI65246.1           -            472 54261at5125          -            223     0.001   17.9   4.8   2   2   5.4e-06     0.001   17.9   4.8    85   141   145   203    77   229 0.69 hypothetical protein G6M90_00g024330 [Metarhizium brunneum]
QLI66885.1           -            443 54261at5125          -            223    0.0017   17.1   0.1   1   2         4   7.6e+02   -1.3   2.4    53    83   128   159   101   192 0.74 hypothetical protein G6M90_00g035120 [Metarhizium brunneum]
QLI66885.1           -            443 54261at5125          -            223    0.0017   17.1   0.1   2   2   9.3e-06    0.0017   17.1   0.1   101   156   244   299   221   313 0.64 hypothetical protein G6M90_00g035120 [Metarhizium brunneum]
QLI68934.1           -            430 54261at5125          -            223    0.0021   16.9   0.1   1   1   1.8e-05    0.0034   16.2   0.1    86   150    78   143    28   160 0.71 hypothetical protein G6M90_00g054020 [Metarhizium brunneum]
QLI68833.1           -            522 54261at5125          -            223    0.0027   16.5   0.0   1   1   2.4e-05    0.0044   15.8   0.0   104   142   403   444   382   476 0.62 hypothetical protein G6M90_00g058390 [Metarhizium brunneum]
QLI68341.1           -            419 54261at5125          -            223    0.0029   16.4   1.8   1   2    0.0003     0.056   12.2   0.0   101   147   177   223   147   238 0.67 hypothetical protein G6M90_00g033600 [Metarhizium brunneum]
QLI68341.1           -            419 54261at5125          -            223    0.0029   16.4   1.8   2   2      0.27        50    2.6   0.5   143   171   303   334   297   351 0.75 hypothetical protein G6M90_00g033600 [Metarhizium brunneum]
QLI73163.1           -            165 54261at5125          -            223    0.0036   16.1   0.0   1   1   2.4e-05    0.0046   15.8   0.0    84   154    37   107    25   116 0.73 hypothetical protein G6M90_00g094580 [Metarhizium brunneum]
QLI66239.1           -            598 54261at5125          -            223    0.0053   15.5   0.0   1   1   4.9e-05    0.0092   14.8   0.0    95   143   141   191   124   221 0.65 hypothetical protein G6M90_00g024740 [Metarhizium brunneum]
QLI73544.1           -            565 54261at5125          -            223     0.006   15.4   0.1   1   1   5.7e-05     0.011   14.6   0.1    93   148   385   438   373   463 0.78 hypothetical protein G6M90_00g097650 [Metarhizium brunneum]
QLI74766.1           -            513 54261at5125          -            223    0.0066   15.2   0.0   1   1   6.7e-05     0.013   14.3   0.0    84   144   200   263   190   274 0.67 hypothetical protein G6M90_00g108200 [Metarhizium brunneum]
QLI63581.1           -            865 54261at5125          -            223    0.0076   15.0   0.0   1   1   7.2e-05     0.014   14.2   0.0   107   147   438   477   434   503 0.74 hypothetical protein G6M90_00g006060 [Metarhizium brunneum]
QLI70034.1           -            497 54261at5125          -            223     0.008   15.0   3.3   1   1   4.3e-05     0.008   15.0   3.3    39    77    17    55     2    60 0.80 hypothetical protein G6M90_00g061670 [Metarhizium brunneum]
QLI67291.1           -            417 54261at5125          -            223    0.0097   14.7   0.0   1   1   5.2e-05    0.0097   14.7   0.0    96   143   241   288   199   322 0.74 hypothetical protein G6M90_00g036050 [Metarhizium brunneum]
QLI68479.1           -            340 54261at5125          -            223     0.011   14.5   0.0   1   1   5.8e-05     0.011   14.5   0.0   111   157   192   237   188   270 0.66 hypothetical protein G6M90_00g050730 [Metarhizium brunneum]
QLI67340.1           -            522 54261at5125          -            223     0.013   14.3   0.0   1   1   0.00012     0.023   13.5   0.0    86   150   438   502   413   521 0.68 hypothetical protein G6M90_00g033180 [Metarhizium brunneum]
QLI73465.1           -            341 54261at5125          -            223     0.015   14.0   0.0   1   1   0.00015     0.028   13.2   0.0   108   152   197   242   162   262 0.84 hypothetical protein G6M90_00g102600 [Metarhizium brunneum]
QLI69278.1           -            369 54261at5125          -            223     0.025   13.3   0.0   1   1   0.00021     0.038   12.7   0.0   100   147    16    66     6    77 0.73 hypothetical protein G6M90_00g065760 [Metarhizium brunneum]
QLI72967.1           -            220 54261at5125          -            223     0.026   13.3   0.0   1   1   0.00021      0.04   12.7   0.0   117   195    21   104    14   125 0.76 hypothetical protein G6M90_00g100770 [Metarhizium brunneum]
QLI72156.1           -            612 54261at5125          -            223     0.028   13.2   0.0   1   1   0.00031     0.058   12.1   0.0   107   142    14    53     2    61 0.69 hypothetical protein G6M90_00g090650 [Metarhizium brunneum]
QLI65761.1           -            802 54261at5125          -            223     0.034   12.9   0.0   1   2       7.3   1.4e+03   -2.2   0.0    51    83   221   252   218   271 0.73 Protease KEX1 [Metarhizium brunneum]
QLI65761.1           -            802 54261at5125          -            223     0.034   12.9   0.0   2   2   0.00087      0.16   10.7   0.0    85   149   644   711   640   728 0.78 Protease KEX1 [Metarhizium brunneum]
QLI68346.1           -           1855 54261at5125          -            223     0.039   12.7  13.6   1   2      0.38        71    2.0   3.6    43    77    84   116    60   123 0.83 hypothetical protein G6M90_00g050940 [Metarhizium brunneum]
QLI68346.1           -           1855 54261at5125          -            223     0.039   12.7  13.6   2   2   3.4e-05    0.0064   15.3   2.4    35    77   181   224   161   235 0.85 hypothetical protein G6M90_00g050940 [Metarhizium brunneum]
QLI66664.1           -            302 54261at5125          -            223      0.52    9.0   0.0   1   2       2.7     5e+02   -0.7   0.1    77    94   125   142   108   169 0.59 hypothetical protein G6M90_00g046470 [Metarhizium brunneum]
QLI66664.1           -            302 54261at5125          -            223      0.52    9.0   0.0   2   2    0.0028      0.52    9.0   0.0   102   172   201   283   179   292 0.71 hypothetical protein G6M90_00g046470 [Metarhizium brunneum]
QLI71060.1           -           1272 54261at5125          -            223       2.1    7.0   5.0   1   2    0.0045      0.84    8.4   1.1    76   142   175   242   159   289 0.67 hypothetical protein G6M90_00g076490 [Metarhizium brunneum]
QLI71060.1           -           1272 54261at5125          -            223       2.1    7.0   5.0   2   2       8.3   1.5e+03   -2.3   0.2   158   190  1094  1124  1085  1128 0.79 hypothetical protein G6M90_00g076490 [Metarhizium brunneum]
QLI66945.1           -            428 54261at5125          -            223       3.3    6.4  16.2   1   1   0.00015     0.028   13.2   7.6    21    78    63   121    44   170 0.74 hypothetical protein G6M90_00g040340 [Metarhizium brunneum]
#
# Program:         hmmsearch
# Version:         3.1b2 (February 2015)
# Pipeline mode:   SEARCH
# Query file:      /home/zack/funannotate_db/hypocreales_odb10/hmms/54261at5125.hmm
# Target file:     /home/zack/Desktop/IsariaPreferralGenome/MyGenomeSubmittedToNCBI/HypocrealesProteinSets/Mbrunneum4556_protein.faa
# Option settings: hmmsearch --domtblout /home/zack/Desktop/IsariaPreferralGenome/MyGenomeSubmittedToNCBI/HypocrealesProteinSets/BUSCO_AA_all/BUSCO_AA_Mbrunneum_ARSEF4556/run_hypocreales_odb10/hmmer_output/initial_run_results/54261at5125.out --cpu 1 /home/zack/funannotate_db/hypocreales_odb10/hmms/54261at5125.hmm /home/zack/Desktop/IsariaPreferralGenome/MyGenomeSubmittedToNCBI/HypocrealesProteinSets/Mbrunneum4556_protein.faa 
# Current dir:     /home/zack/Desktop/IsariaPreferralGenome/MyGenomeSubmittedToNCBI/HypocrealesProteinSets/BUSCO_AA_all
# Date:            Mon Mar  4 15:35:56 2024
# [ok]
