#                                                                            --- full sequence --- -------------- this domain -------------   hmm coord   ali coord   env coord
# target name        accession   tlen query name           accession   qlen   E-value  score  bias   #  of  c-Evalue  i-Evalue  score  bias  from    to  from    to  from    to  acc description of target
#------------------- ---------- ----- -------------------- ---------- ----- --------- ------ ----- --- --- --------- --------- ------ ----- ----- ----- ----- ----- ----- ----- ---- ---------------------
QLI64797.1           -            809 5913at5125           -            652         0 1224.7  33.1   1   1         0         0 1224.3  33.1     5   652    90   794    87   794 0.94 Sexual differentiation process protein [Metarhizium brunneum]
QLI71618.1           -            846 5913at5125           -            652  1.7e-207  690.5  40.9   1   1  3.3e-210  2.4e-207  690.0  40.9    14   651   133   829   129   830 0.89 Sexual differentiation process protein isp4 [Metarhizium brunneum]
QLI65291.1           -            773 5913at5125           -            652  4.4e-194  646.1  37.7   1   1  7.9e-197  5.6e-194  645.8  37.7     7   651    53   757    48   758 0.89 Sexual differentiation process protein isp4 [Metarhizium brunneum]
QLI71504.1           -            795 5913at5125           -            652  1.4e-192  641.1  32.3   1   1  2.4e-195  1.7e-192  640.9  32.3     6   652    76   778    71   778 0.90 Sexual differentiation process protein isp4 [Metarhizium brunneum]
QLI63816.1           -            794 5913at5125           -            652  7.2e-186  619.0  36.9   1   1  1.2e-188  8.7e-186  618.7  36.9     5   651    73   776    69   777 0.90 Sexual differentiation process protein isp4 [Metarhizium brunneum]
QLI69512.1           -            786 5913at5125           -            652  2.5e-184  613.9  37.9   1   1  4.4e-187  3.1e-184  613.6  37.9     6   652    66   769    63   769 0.89 Sexual differentiation process protein isp4 [Metarhizium brunneum]
QLI65558.1           -           1051 5913at5125           -            652  2.1e-154  515.0  37.5   1   3   8.3e-17     6e-14   51.0   0.0     6    79   265   339   260   344 0.92 Glutathione transporter 1 [Metarhizium brunneum]
QLI65558.1           -           1051 5913at5125           -            652  2.1e-154  515.0  37.5   2   3   6.3e-77   4.5e-74  249.6  15.7    70   358   361   664   347   672 0.85 Glutathione transporter 1 [Metarhizium brunneum]
QLI65558.1           -           1051 5913at5125           -            652  2.1e-154  515.0  37.5   3   3     2e-68   1.4e-65  221.5  10.9   360   649   714  1034   703  1037 0.88 Glutathione transporter 1 [Metarhizium brunneum]
QLI66064.1           -            881 5913at5125           -            652  3.3e-112  375.6  39.7   1   1    6e-115  4.3e-112  375.2  39.7     6   645   142   857   137   864 0.82 Sexual differentiation process protein [Metarhizium brunneum]
QLI68460.1           -            876 5913at5125           -            652  1.9e-108  363.2  38.6   1   1  3.1e-110  2.2e-107  359.7  38.6     6   640   120   843   115   853 0.81 Sexual differentiation process protein isp4 [Metarhizium brunneum]
QLI65461.1           -            646 5913at5125           -            652    3e-102  342.7  28.2   1   2   9.8e-74     7e-71  239.1  19.9    21   349    52   409    32   413 0.87 Sexual differentiation process protein isp4 [Metarhizium brunneum]
QLI65461.1           -            646 5913at5125           -            652    3e-102  342.7  28.2   2   2   2.1e-34   1.5e-31  109.1   1.0   469   642   416   608   409   616 0.85 Sexual differentiation process protein isp4 [Metarhizium brunneum]
QLI69405.1           -            876 5913at5125           -            652   7.7e-93  311.6  33.2   1   2   3.7e-88   2.7e-85  286.7  27.8     4   553   115   721   112   733 0.83 Oligopeptide transporter 2 [Metarhizium brunneum]
QLI69405.1           -            876 5913at5125           -            652   7.7e-93  311.6  33.2   2   2   7.2e-10   5.1e-07   28.1   0.2   585   648   790   855   757   858 0.81 Oligopeptide transporter 2 [Metarhizium brunneum]
QLI74029.1           -            514 5913at5125           -            652   1.3e-63  215.1  16.8   1   1   2.2e-66   1.6e-63  214.8  16.8     7   346   129   493   123   502 0.88 Oligopeptide transporter 2 [Metarhizium brunneum]
QLI74550.1           -            743 5913at5125           -            652   1.6e-53  181.7  27.3   1   1     3e-56   2.2e-53  181.3  27.3    18   638    53   734    46   738 0.80 Oligopeptide transporter 5 [Metarhizium brunneum]
QLI68677.1           -            836 5913at5125           -            652   1.5e-51  175.2  26.2   1   2   7.1e-37     5e-34  117.3  10.1    29   336   113   431    97   461 0.81 Glutathione transporter 1 [Metarhizium brunneum]
QLI68677.1           -            836 5913at5125           -            652   1.5e-51  175.2  26.2   2   2   1.1e-20   7.9e-18   63.8   8.1   353   625   496   796   489   806 0.72 Glutathione transporter 1 [Metarhizium brunneum]
QLI69557.1           -            798 5913at5125           -            652   9.3e-42  142.9  36.8   1   1   3.6e-44   2.6e-41  141.4  36.8    14   641    87   788    77   795 0.73 Oligopeptide transporter 8 [Metarhizium brunneum]
QLI74658.1           -            374 5913at5125           -            652   1.1e-39  136.0  16.3   1   2   2.2e-35   1.6e-32  112.3   9.3   365   557    15   226     6   264 0.78 Oligopeptide transporter 2 [Metarhizium brunneum]
QLI74658.1           -            374 5913at5125           -            652   1.1e-39  136.0  16.3   2   2   6.4e-10   4.6e-07   28.2   1.4   544   646   249   350   232   355 0.76 Oligopeptide transporter 2 [Metarhizium brunneum]
#
# Program:         hmmsearch
# Version:         3.1b2 (February 2015)
# Pipeline mode:   SEARCH
# Query file:      /home/zack/funannotate_db/hypocreales_odb10/hmms/5913at5125.hmm
# Target file:     /home/zack/Desktop/IsariaPreferralGenome/MyGenomeSubmittedToNCBI/HypocrealesProteinSets/Mbrunneum4556_protein.faa
# Option settings: hmmsearch --domtblout /home/zack/Desktop/IsariaPreferralGenome/MyGenomeSubmittedToNCBI/HypocrealesProteinSets/BUSCO_AA_all/BUSCO_AA_Mbrunneum_ARSEF4556/run_hypocreales_odb10/hmmer_output/initial_run_results/5913at5125.out --cpu 1 /home/zack/funannotate_db/hypocreales_odb10/hmms/5913at5125.hmm /home/zack/Desktop/IsariaPreferralGenome/MyGenomeSubmittedToNCBI/HypocrealesProteinSets/Mbrunneum4556_protein.faa 
# Current dir:     /home/zack/Desktop/IsariaPreferralGenome/MyGenomeSubmittedToNCBI/HypocrealesProteinSets/BUSCO_AA_all
# Date:            Mon Mar  4 15:35:54 2024
# [ok]
