#                                                                            --- full sequence --- -------------- this domain -------------   hmm coord   ali coord   env coord
# target name        accession   tlen query name           accession   qlen   E-value  score  bias   #  of  c-Evalue  i-Evalue  score  bias  from    to  from    to  from    to  acc description of target
#------------------- ---------- ----- -------------------- ---------- ----- --------- ------ ----- --- --- --------- --------- ------ ----- ----- ----- ----- ----- ----- ----- ---- ---------------------
QLI74690.1           -            780 6428at5125           -            674         0 1323.4   1.0   1   1         0         0 1322.1   1.0     1   674     3   779     3   779 0.93 Ubiquitin carboxyl-terminal hydrolase 14 [Metarhizium brunneum]
QLI65233.1           -           2653 6428at5125           -            674   4.4e-09   34.3   0.0   1   2   6.2e-09     5e-06   24.2   0.0   271   369  1646  1752  1628  1765 0.68 hypothetical protein G6M90_00g013150 [Metarhizium brunneum]
QLI65233.1           -           2653 6428at5125           -            674   4.4e-09   34.3   0.0   2   2   0.00078      0.64    7.3   0.0   415   488  2320  2401  2316  2414 0.78 hypothetical protein G6M90_00g013150 [Metarhizium brunneum]
QLI67337.1           -            511 6428at5125           -            674   1.3e-07   29.5   5.7   1   2   2.2e-06    0.0018   15.7   2.8   207   456   115   398    97   407 0.67 hypothetical protein G6M90_00g042310 [Metarhizium brunneum]
QLI67337.1           -            511 6428at5125           -            674   1.3e-07   29.5   5.7   2   2   1.8e-05     0.015   12.7   0.0   619   672   450   505   435   507 0.86 hypothetical protein G6M90_00g042310 [Metarhizium brunneum]
QLI73854.1           -            756 6428at5125           -            674     2e-07   28.8   2.4   1   3   0.00027      0.22    8.8   0.0   274   300    56    82    44    89 0.84 hypothetical protein G6M90_00g099330 [Metarhizium brunneum]
QLI73854.1           -            756 6428at5125           -            674     2e-07   28.8   2.4   2   3    0.0033       2.7    5.2   0.8   381   457   299   378   295   386 0.79 hypothetical protein G6M90_00g099330 [Metarhizium brunneum]
QLI73854.1           -            756 6428at5125           -            674     2e-07   28.8   2.4   3   3   2.9e-05     0.024   12.0   0.0   620   665   422   470   409   485 0.79 hypothetical protein G6M90_00g099330 [Metarhizium brunneum]
QLI68552.1           -           1024 6428at5125           -            674   7.1e-07   27.0   1.9   1   3     2e-05     0.016   12.6   0.0   274   306   649   681   627   773 0.69 Ubiquitin carboxyl-terminal hydrolase 4 [Metarhizium brunneum]
QLI68552.1           -           1024 6428at5125           -            674   7.1e-07   27.0   1.9   2   3     0.029        23    2.1   0.1   388   468   819   902   805   930 0.74 Ubiquitin carboxyl-terminal hydrolase 4 [Metarhizium brunneum]
QLI68552.1           -           1024 6428at5125           -            674   7.1e-07   27.0   1.9   3   3   0.00015      0.12    9.6   0.1   601   645   926   971   916   979 0.81 Ubiquitin carboxyl-terminal hydrolase 4 [Metarhizium brunneum]
QLI72376.1           -            564 6428at5125           -            674   1.9e-06   25.6   0.0   1   2   8.6e-06     0.007   13.8   0.0   268   304   102   138    87   182 0.83 Ubiquitin carboxyl-terminal hydrolase 6 [Metarhizium brunneum]
QLI72376.1           -            564 6428at5125           -            674   1.9e-06   25.6   0.0   2   2   0.00019      0.15    9.3   0.0   616   646   471   501   446   515 0.86 Ubiquitin carboxyl-terminal hydrolase 6 [Metarhizium brunneum]
QLI73209.1           -           1188 6428at5125           -            674     6e-06   23.9   0.0   1   2   1.8e-06    0.0015   16.0   0.0   272   403   252   384   247   446 0.74 Ubiquitin carboxyl-terminal hydrolase 21 [Metarhizium brunneum]
QLI73209.1           -           1188 6428at5125           -            674     6e-06   23.9   0.0   2   2    0.0025         2    5.7   0.0   616   661   486   535   462   541 0.81 Ubiquitin carboxyl-terminal hydrolase 21 [Metarhizium brunneum]
QLI74391.1           -            839 6428at5125           -            674   7.1e-06   23.7   0.0   1   2     0.015        12    3.0   0.0   274   365   127   222   120   230 0.72 hypothetical protein G6M90_00g106690 [Metarhizium brunneum]
QLI74391.1           -            839 6428at5125           -            674   7.1e-06   23.7   0.0   2   2   3.7e-07    0.0003   18.3   0.0   620   644   513   537   502   547 0.87 hypothetical protein G6M90_00g106690 [Metarhizium brunneum]
QLI63435.1           -            384 6428at5125           -            674   4.8e-05   20.9   0.2   1   2   4.4e-05     0.036   11.4   0.1   566   610   144   189   136   204 0.66 UV excision repair protein [Metarhizium brunneum]
QLI63435.1           -            384 6428at5125           -            674   4.8e-05   20.9   0.2   2   2   0.00068      0.55    7.5   0.0   564   607   336   379   320   383 0.90 UV excision repair protein [Metarhizium brunneum]
QLI68571.1           -           1283 6428at5125           -            674   6.5e-05   20.5   0.0   1   2   3.1e-05     0.025   11.9   0.0   275   305   602   632   586   674 0.72 Ubiquitin carboxyl-terminal hydrolase 2 [Metarhizium brunneum]
QLI68571.1           -           1283 6428at5125           -            674   6.5e-05   20.5   0.0   2   2    0.0018       1.5    6.1   0.0   603   663  1128  1191  1055  1196 0.77 Ubiquitin carboxyl-terminal hydrolase 2 [Metarhizium brunneum]
QLI72094.1           -           2648 6428at5125           -            674   0.00059   17.3   0.6   1   2   1.1e-05     0.009   13.4   0.9   273   458  1670  1866  1661  1875 0.70 Ubiquitin carboxyl-terminal hydrolase 34 [Metarhizium brunneum]
QLI72094.1           -           2648 6428at5125           -            674   0.00059   17.3   0.6   2   2     0.064        52    1.0   0.0   616   653  1911  1955  1902  1960 0.71 Ubiquitin carboxyl-terminal hydrolase 34 [Metarhizium brunneum]
QLI64846.1           -            744 6428at5125           -            674    0.0021   15.5   0.0   1   1   4.1e-06    0.0033   14.8   0.0   275   384   165   272   156   340 0.69 Ubiquitin carboxyl-terminal hydrolase 1 [Metarhizium brunneum]
QLI71434.1           -            809 6428at5125           -            674    0.0031   14.9   0.0   1   2   0.00029      0.24    8.7   0.0   275   305   362   392   351   405 0.80 hypothetical protein G6M90_00g077820 [Metarhizium brunneum]
QLI71434.1           -            809 6428at5125           -            674    0.0031   14.9   0.0   2   2    0.0089       7.3    3.8   0.0   607   645   662   699   656   726 0.76 hypothetical protein G6M90_00g077820 [Metarhizium brunneum]
QLI63674.1           -            544 6428at5125           -            674     0.034   11.5   0.0   1   2     0.059        48    1.1   0.0   154   198   105   143    85   156 0.77 hypothetical protein G6M90_00g003620 [Metarhizium brunneum]
QLI63674.1           -            544 6428at5125           -            674     0.034   11.5   0.0   2   2   0.00046      0.38    8.1   0.0   270   367   195   293   186   311 0.89 hypothetical protein G6M90_00g003620 [Metarhizium brunneum]
#
# Program:         hmmsearch
# Version:         3.1b2 (February 2015)
# Pipeline mode:   SEARCH
# Query file:      /home/zack/funannotate_db/hypocreales_odb10/hmms/6428at5125.hmm
# Target file:     /home/zack/Desktop/IsariaPreferralGenome/MyGenomeSubmittedToNCBI/HypocrealesProteinSets/Mbrunneum4556_protein.faa
# Option settings: hmmsearch --domtblout /home/zack/Desktop/IsariaPreferralGenome/MyGenomeSubmittedToNCBI/HypocrealesProteinSets/BUSCO_AA_all/BUSCO_AA_Mbrunneum_ARSEF4556/run_hypocreales_odb10/hmmer_output/initial_run_results/6428at5125.out --cpu 1 /home/zack/funannotate_db/hypocreales_odb10/hmms/6428at5125.hmm /home/zack/Desktop/IsariaPreferralGenome/MyGenomeSubmittedToNCBI/HypocrealesProteinSets/Mbrunneum4556_protein.faa 
# Current dir:     /home/zack/Desktop/IsariaPreferralGenome/MyGenomeSubmittedToNCBI/HypocrealesProteinSets/BUSCO_AA_all
# Date:            Mon Mar  4 15:36:14 2024
# [ok]
