#                                                                            --- full sequence --- -------------- this domain -------------   hmm coord   ali coord   env coord
# target name        accession   tlen query name           accession   qlen   E-value  score  bias   #  of  c-Evalue  i-Evalue  score  bias  from    to  from    to  from    to  acc description of target
#------------------- ---------- ----- -------------------- ---------- ----- --------- ------ ----- --- --- --------- --------- ------ ----- ----- ----- ----- ----- ----- ----- ---- ---------------------
QLI63905.1           -           1138 7407at5125           -            808         0 1334.8  11.8   1   4   7.5e-06     0.043   11.1   0.0     4    28    68    92    61   108 0.84 hypothetical protein G6M90_00g007390 [Metarhizium brunneum]
QLI63905.1           -           1138 7407at5125           -            808         0 1334.8  11.8   2   4  6.7e-106  3.8e-102  342.1   0.1    25   221   145   356   138   362 0.95 hypothetical protein G6M90_00g007390 [Metarhizium brunneum]
QLI63905.1           -           1138 7407at5125           -            808         0 1334.8  11.8   3   4  5.8e-157  3.3e-153  511.0   0.3   221   548   380   791   373   830 0.83 hypothetical protein G6M90_00g007390 [Metarhizium brunneum]
QLI63905.1           -           1138 7407at5125           -            808         0 1334.8  11.8   4   4  1.2e-145    7e-142  473.5   1.3   543   808   857  1132   852  1132 0.95 hypothetical protein G6M90_00g007390 [Metarhizium brunneum]
QLI73979.1           -            551 7407at5125           -            808       0.1    9.9   0.1   1   3   0.00094       5.3    4.2   0.0   557   601   108   152    90   165 0.78 Importin subunit alpha [Metarhizium brunneum]
QLI73979.1           -            551 7407at5125           -            808       0.1    9.9   0.1   2   3     0.028   1.6e+02   -0.7   0.0   569   602   331   364   325   370 0.84 Importin subunit alpha [Metarhizium brunneum]
QLI73979.1           -            551 7407at5125           -            808       0.1    9.9   0.1   3   3     0.011        63    0.7   0.0   561   599   365   403   358   422 0.84 Importin subunit alpha [Metarhizium brunneum]
#
# Program:         hmmsearch
# Version:         3.1b2 (February 2015)
# Pipeline mode:   SEARCH
# Query file:      /home/zack/funannotate_db/hypocreales_odb10/hmms/7407at5125.hmm
# Target file:     /home/zack/Desktop/IsariaPreferralGenome/MyGenomeSubmittedToNCBI/HypocrealesProteinSets/Mbrunneum4556_protein.faa
# Option settings: hmmsearch --domtblout /home/zack/Desktop/IsariaPreferralGenome/MyGenomeSubmittedToNCBI/HypocrealesProteinSets/BUSCO_AA_all/BUSCO_AA_Mbrunneum_ARSEF4556/run_hypocreales_odb10/hmmer_output/initial_run_results/7407at5125.out --cpu 1 /home/zack/funannotate_db/hypocreales_odb10/hmms/7407at5125.hmm /home/zack/Desktop/IsariaPreferralGenome/MyGenomeSubmittedToNCBI/HypocrealesProteinSets/Mbrunneum4556_protein.faa 
# Current dir:     /home/zack/Desktop/IsariaPreferralGenome/MyGenomeSubmittedToNCBI/HypocrealesProteinSets/BUSCO_AA_all
# Date:            Mon Mar  4 15:36:29 2024
# [ok]
