#                                                                            --- full sequence --- -------------- this domain -------------   hmm coord   ali coord   env coord
# target name        accession   tlen query name           accession   qlen   E-value  score  bias   #  of  c-Evalue  i-Evalue  score  bias  from    to  from    to  from    to  acc description of target
#------------------- ---------- ----- -------------------- ---------- ----- --------- ------ ----- --- --- --------- --------- ------ ----- ----- ----- ----- ----- ----- ----- ---- ---------------------
QLI65060.1           -           1467 740at5125            -           1188         0 2211.3   0.1   1   4   9.4e-16   1.9e-13   48.7   0.2     1    70    70   163    70   177 0.82 ATP-binding cassette transporter abc4 [Metarhizium brunneum]
QLI65060.1           -           1467 740at5125            -           1188         0 2211.3   0.1   2   4     2e-98   3.9e-96  322.5   0.0    63   249   184   386   177   397 0.94 ATP-binding cassette transporter abc4 [Metarhizium brunneum]
QLI65060.1           -           1467 740at5125            -           1188         0 2211.3   0.1   3   4  1.8e-247  3.5e-245  816.2   0.0   242   662   418   866   414   873 0.95 ATP-binding cassette transporter abc4 [Metarhizium brunneum]
QLI65060.1           -           1467 740at5125            -           1188         0 2211.3   0.1   4   4         0         0 1018.7   0.0   646  1188   877  1455   865  1455 0.95 ATP-binding cassette transporter abc4 [Metarhizium brunneum]
QLI69383.1           -           1694 740at5125            -           1188  4.7e-122  408.3  27.1   1   5   0.00064      0.13    9.5   0.5    88   241   249   412   192   424 0.79 ATP-dependent bile acid permease [Metarhizium brunneum]
QLI69383.1           -           1694 740at5125            -           1188  4.7e-122  408.3  27.1   2   5   5.1e-55     1e-52  178.7   8.6   244   647   473   934   464   952 0.83 ATP-dependent bile acid permease [Metarhizium brunneum]
QLI69383.1           -           1694 740at5125            -           1188  4.7e-122  408.3  27.1   3   5   0.00052       0.1    9.8   0.3   657   714  1004  1062   986  1073 0.85 ATP-dependent bile acid permease [Metarhizium brunneum]
QLI69383.1           -           1694 740at5125            -           1188  4.7e-122  408.3  27.1   4   5     1e-47     2e-45  154.5   0.1   720  1095  1120  1518  1102  1533 0.85 ATP-dependent bile acid permease [Metarhizium brunneum]
QLI69383.1           -           1694 740at5125            -           1188  4.7e-122  408.3  27.1   5   5   3.7e-19   7.3e-17   59.9   0.0  1099  1186  1563  1649  1550  1651 0.92 ATP-dependent bile acid permease [Metarhizium brunneum]
QLI71896.1           -           1555 740at5125            -           1188  5.2e-122  408.2   5.0   1   2   1.8e-56   3.6e-54  183.5   0.8   252   622   423   827   410   855 0.80 ATP-binding cassette transporter abc2 [Metarhizium brunneum]
QLI71896.1           -           1555 740at5125            -           1188  5.2e-122  408.2   5.0   2   2   2.3e-69   4.5e-67  226.2   0.2   657  1185   963  1530   950  1533 0.84 ATP-binding cassette transporter abc2 [Metarhizium brunneum]
QLI69607.1           -           1559 740at5125            -           1188  9.7e-119  397.4  31.0   1   6     1e-15     2e-13   48.6   7.8    33   471   139   624   122   626 0.80 Pleiotropic ABC efflux transporter of multiple drugs YBT1 [Metarhizium brunneum]
QLI69607.1           -           1559 740at5125            -           1188  9.7e-119  397.4  31.0   2   6   8.6e-05     0.017   12.3   0.0  1002  1042   630   670   623   679 0.85 Pleiotropic ABC efflux transporter of multiple drugs YBT1 [Metarhizium brunneum]
QLI69607.1           -           1559 740at5125            -           1188  9.7e-119  397.4  31.0   3   6   3.4e-38   6.7e-36  123.0   0.0   505   654   700   849   698   879 0.91 Pleiotropic ABC efflux transporter of multiple drugs YBT1 [Metarhizium brunneum]
QLI69607.1           -           1559 740at5125            -           1188  9.7e-119  397.4  31.0   4   6     0.066        13    2.8   0.1   647   715   900   968   877   978 0.75 Pleiotropic ABC efflux transporter of multiple drugs YBT1 [Metarhizium brunneum]
QLI69607.1           -           1559 740at5125            -           1188  9.7e-119  397.4  31.0   5   6   2.2e-46   4.3e-44  150.1   2.4   691  1096   985  1402   972  1420 0.79 Pleiotropic ABC efflux transporter of multiple drugs YBT1 [Metarhizium brunneum]
QLI69607.1           -           1559 740at5125            -           1188  9.7e-119  397.4  31.0   6   6   5.6e-21   1.1e-18   66.0   0.3  1099  1186  1436  1524  1424  1526 0.94 Pleiotropic ABC efflux transporter of multiple drugs YBT1 [Metarhizium brunneum]
QLI74814.1           -           1477 740at5125            -           1188  1.8e-112  376.6  20.3   1   4      0.21        41    1.1   0.1    79   124   103   149    94   166 0.85 Multidrug resistance-associated protein 5 [Metarhizium brunneum]
QLI74814.1           -           1477 740at5125            -           1188  1.8e-112  376.6  20.3   2   4   2.5e-16   4.9e-14   50.6   0.9   249   460   341   552   325   575 0.80 Multidrug resistance-associated protein 5 [Metarhizium brunneum]
QLI74814.1           -           1477 740at5125            -           1188  1.8e-112  376.6  20.3   3   4   2.7e-40   5.3e-38  130.0   0.0   476   666   638   832   609   837 0.88 Multidrug resistance-associated protein 5 [Metarhizium brunneum]
QLI74814.1           -           1477 740at5125            -           1188  1.8e-112  376.6  20.3   4   4   1.5e-61   2.9e-59  200.4   6.4   658  1184   868  1432   846  1435 0.81 Multidrug resistance-associated protein 5 [Metarhizium brunneum]
QLI65017.1           -           1519 740at5125            -           1188  4.9e-106  355.3  15.3   1   2   2.2e-59   4.4e-57  193.2   0.9   247   624   410   808   399   830 0.84 ATP-binding cassette transporter abc4 [Metarhizium brunneum]
QLI65017.1           -           1519 740at5125            -           1188  4.9e-106  355.3  15.3   2   2     7e-48   1.4e-45  155.1   7.6   721  1186   954  1487   877  1489 0.78 ATP-binding cassette transporter abc4 [Metarhizium brunneum]
QLI69842.1           -           1511 740at5125            -           1188  1.9e-104  350.0  11.3   1   3   8.9e-60   1.7e-57  194.5   0.0   276   639   421   804   197   821 0.81 ATP-binding cassette transporter abc4 [Metarhizium brunneum]
QLI69842.1           -           1511 740at5125            -           1188  1.9e-104  350.0  11.3   2   3   5.2e-31     1e-28   99.2   4.9   655  1097   862  1341   848  1363 0.83 ATP-binding cassette transporter abc4 [Metarhizium brunneum]
QLI69842.1           -           1511 740at5125            -           1188  1.9e-104  350.0  11.3   3   3     5e-17   9.8e-15   52.9   0.1  1097  1186  1387  1482  1369  1484 0.87 ATP-binding cassette transporter abc4 [Metarhizium brunneum]
QLI72267.1           -           1179 740at5125            -           1188  6.1e-100  335.1  15.7   1   1     2e-99   3.9e-97  325.8  15.7   255  1186   107  1142    90  1144 0.77 Pleiotropic ABC efflux transporter of multiple drugs YBT1 [Metarhizium brunneum]
QLI65070.1           -           1347 740at5125            -           1188   1.5e-94  317.3   4.5   1   3   1.4e-10   2.8e-08   31.5   0.2   244   401   244   399   230   403 0.87 ABC transporter atnG [Metarhizium brunneum]
QLI65070.1           -           1347 740at5125            -           1188   1.5e-94  317.3   4.5   2   3   1.5e-35     3e-33  114.2   0.1   460   630   498   686   491   697 0.80 ABC transporter atnG [Metarhizium brunneum]
QLI65070.1           -           1347 740at5125            -           1188   1.5e-94  317.3   4.5   3   3   5.5e-53   1.1e-50  172.0   0.1   670  1186   766  1326   752  1328 0.81 ABC transporter atnG [Metarhizium brunneum]
QLI67004.1           -           1486 740at5125            -           1188   1.8e-93  313.7  10.9   1   3   3.6e-10     7e-08   30.2   0.2   250   450   379   584   362   605 0.86 ABC multidrug transporter B [Metarhizium brunneum]
QLI67004.1           -           1486 740at5125            -           1188   1.8e-93  313.7  10.9   2   3   1.6e-32   3.1e-30  104.2   0.0   476   642   654   829   625   853 0.88 ABC multidrug transporter B [Metarhizium brunneum]
QLI67004.1           -           1486 740at5125            -           1188   1.8e-93  313.7  10.9   3   3   4.6e-56   9.1e-54  182.2   3.9   647  1185   867  1439   858  1442 0.82 ABC multidrug transporter B [Metarhizium brunneum]
QLI70401.1           -           1306 740at5125            -           1188   2.3e-93  313.3   7.2   1   3   1.4e-06   0.00028   18.2   1.2   246   461   216   436   193   463 0.85 ABC multidrug transporter B [Metarhizium brunneum]
QLI70401.1           -           1306 740at5125            -           1188   2.3e-93  313.3   7.2   2   3   5.6e-34   1.1e-31  109.0   0.0   475   640   499   673   466   680 0.88 ABC multidrug transporter B [Metarhizium brunneum]
QLI70401.1           -           1306 740at5125            -           1188   2.3e-93  313.3   7.2   3   3   1.1e-57   2.2e-55  187.5   0.6   671  1187   735  1281   710  1282 0.80 ABC multidrug transporter B [Metarhizium brunneum]
QLI63458.1           -           1475 740at5125            -           1188   4.4e-89  299.1   0.1   1   3      0.83   1.6e+02   -0.8   0.0   329   455   460   591   378   633 0.80 ABC multidrug transporter B [Metarhizium brunneum]
QLI63458.1           -           1475 740at5125            -           1188   4.4e-89  299.1   0.1   2   3   2.9e-32   5.6e-30  103.4   0.0   475   641   664   840   640   854 0.85 ABC multidrug transporter B [Metarhizium brunneum]
QLI63458.1           -           1475 740at5125            -           1188   4.4e-89  299.1   0.1   3   3   3.9e-59   7.6e-57  192.4   0.0   646  1187   880  1451   841  1452 0.83 ABC multidrug transporter B [Metarhizium brunneum]
QLI74670.1           -           1438 740at5125            -           1188   4.5e-84  282.5  12.5   1   3      0.22        44    1.0   1.6   250   427   364   544   332   591 0.65 ABC multidrug transporter B [Metarhizium brunneum]
QLI74670.1           -           1438 740at5125            -           1188   4.5e-84  282.5  12.5   2   3   2.1e-40   4.1e-38  130.3   0.0   435   637   594   814   588   824 0.84 ABC multidrug transporter B [Metarhizium brunneum]
QLI74670.1           -           1438 740at5125            -           1188   4.5e-84  282.5  12.5   3   3   2.1e-48   4.2e-46  156.8   1.5   728  1182   940  1437   875  1438 0.75 ABC multidrug transporter B [Metarhizium brunneum]
QLI72089.1           -           1400 740at5125            -           1188   4.7e-80  269.2   4.2   1   3         2     4e+02   -2.1   0.5   329   418   365   459   284   496 0.58 ABC multidrug transporter B [Metarhizium brunneum]
QLI72089.1           -           1400 740at5125            -           1188   4.7e-80  269.2   4.2   2   3   6.8e-33   1.3e-30  105.4   0.0   472   641   562   741   534   765 0.83 ABC multidrug transporter B [Metarhizium brunneum]
QLI72089.1           -           1400 740at5125            -           1188   4.7e-80  269.2   4.2   3   3   9.3e-51   1.8e-48  164.6   0.1   647  1187   781  1371   769  1372 0.78 ABC multidrug transporter B [Metarhizium brunneum]
QLI64083.1           -            799 740at5125            -           1188   3.7e-76  256.3   8.5   1   2   5.8e-33   1.2e-30  105.7   0.1   499   650    12   165     8   190 0.87 ABC multidrug transporter B [Metarhizium brunneum]
QLI64083.1           -            799 740at5125            -           1188   3.7e-76  256.3   8.5   2   2   3.3e-47   6.4e-45  152.9   4.5   657  1187   212   778   181   779 0.80 ABC multidrug transporter B [Metarhizium brunneum]
QLI66663.1           -           1244 740at5125            -           1188   9.7e-76  254.9   4.5   1   3   7.3e-31   1.4e-28   98.7   0.5   301   560   193   467   125   517 0.82 Metal resistance protein YCF1 [Metarhizium brunneum]
QLI66663.1           -           1244 740at5125            -           1188   9.7e-76  254.9   4.5   2   3       1.5   2.9e+02   -1.7   0.0   661   703   615   657   602   662 0.83 Metal resistance protein YCF1 [Metarhizium brunneum]
QLI66663.1           -           1244 740at5125            -           1188   9.7e-76  254.9   4.5   3   3   2.2e-48   4.3e-46  156.8   0.0   724  1185   716  1220   683  1223 0.79 Metal resistance protein YCF1 [Metarhizium brunneum]
QLI68703.1           -           1482 740at5125            -           1188   1.3e-71  241.3   1.3   1   2   3.1e-39   6.1e-37  126.4   0.1   477   625   652   810   640   857 0.82 ABC multidrug transporter B [Metarhizium brunneum]
QLI68703.1           -           1482 740at5125            -           1188   1.3e-71  241.3   1.3   2   2   3.1e-35   6.1e-33  113.2   0.1   779  1187  1017  1461  1007  1462 0.74 ABC multidrug transporter B [Metarhizium brunneum]
QLI72145.1           -           1430 740at5125            -           1188   2.3e-68  230.5   4.1   1   3       1.1   2.1e+02   -1.2   0.0    81   145   187   252   157   264 0.75 ABC transporter FUM19 [Metarhizium brunneum]
QLI72145.1           -           1430 740at5125            -           1188   2.3e-68  230.5   4.1   2   3   2.8e-40   5.5e-38  129.9   0.1   254   639   366   784   343   806 0.85 ABC transporter FUM19 [Metarhizium brunneum]
QLI72145.1           -           1430 740at5125            -           1188   2.3e-68  230.5   4.1   3   3   4.3e-31   8.5e-29   99.5   0.9   673  1182   851  1417   847  1423 0.72 ABC transporter FUM19 [Metarhizium brunneum]
QLI66506.1           -           1245 740at5125            -           1188   6.4e-64  215.8  25.4   1   3   2.3e-05    0.0045   14.2   3.7   251   455   161   369   150   388 0.79 ABC multidrug transporter B [Metarhizium brunneum]
QLI66506.1           -           1245 740at5125            -           1188   6.4e-64  215.8  25.4   2   3   0.00016     0.031   11.5   0.1   990  1037   390   437   380   450 0.90 ABC multidrug transporter B [Metarhizium brunneum]
QLI66506.1           -           1245 740at5125            -           1188   6.4e-64  215.8  25.4   3   3   1.8e-58   3.4e-56  190.2  10.0   503  1186   450  1227   445  1229 0.69 ABC multidrug transporter B [Metarhizium brunneum]
QLI71622.1           -           1255 740at5125            -           1188   1.1e-49  168.7   4.4   1   3   2.4e-12   4.8e-10   37.3   0.6   902  1078   308   487   139   497 0.77 ABC multidrug transporter E [Metarhizium brunneum]
QLI71622.1           -           1255 740at5125            -           1188   1.1e-49  168.7   4.4   2   3   2.4e-17   4.7e-15   53.9   0.0   532   650   502   620   496   630 0.85 ABC multidrug transporter E [Metarhizium brunneum]
QLI71622.1           -           1255 740at5125            -           1188   1.1e-49  168.7   4.4   3   3   3.1e-24     6e-22   76.8   0.0   988  1187  1010  1231   923  1232 0.85 ABC multidrug transporter E [Metarhizium brunneum]
QLI72318.1           -           1322 740at5125            -           1188   3.2e-47  160.5  17.3   1   5       1.6   3.2e+02   -1.8   0.2   756   835   127   207   107   210 0.72 ABC transporter 1 [Metarhizium brunneum]
QLI72318.1           -           1322 740at5125            -           1188   3.2e-47  160.5  17.3   2   5   3.6e-15   7.1e-13   46.7   0.0   986  1078   379   477   372   489 0.84 ABC transporter 1 [Metarhizium brunneum]
QLI72318.1           -           1322 740at5125            -           1188   3.2e-47  160.5  17.3   3   5   1.1e-13   2.2e-11   41.8   1.2  1099  1187   551   642   530   643 0.85 ABC transporter 1 [Metarhizium brunneum]
QLI72318.1           -           1322 740at5125            -           1188   3.2e-47  160.5  17.3   4   5       5.5   1.1e+03   -3.6   0.7    16    49   867   898   858   901 0.73 ABC transporter 1 [Metarhizium brunneum]
QLI72318.1           -           1322 740at5125            -           1188   3.2e-47  160.5  17.3   5   5   6.1e-26   1.2e-23   82.4   0.1   988  1186  1080  1300   977  1302 0.75 ABC transporter 1 [Metarhizium brunneum]
QLI68695.1           -           1297 740at5125            -           1188     2e-45  154.6   5.1   1   3   1.1e-12   2.1e-10   38.5   0.0   993  1078   397   488   373   505 0.83 ABC multidrug transporter mdr1 [Metarhizium brunneum]
QLI68695.1           -           1297 740at5125            -           1188     2e-45  154.6   5.1   2   3   6.5e-15   1.3e-12   45.9   0.4   543   653   516   624   502   633 0.85 ABC multidrug transporter mdr1 [Metarhizium brunneum]
QLI68695.1           -           1297 740at5125            -           1188     2e-45  154.6   5.1   3   3   1.1e-20   2.2e-18   65.0   0.4   900  1187   955  1276   949  1277 0.67 ABC multidrug transporter mdr1 [Metarhizium brunneum]
QLI66051.1           -           1344 740at5125            -           1188   2.9e-45  154.0   3.2   1   3   4.2e-12   8.4e-10   36.6   0.1  1003  1080   449   531   348   559 0.73 ABC multidrug transporter mdr1 [Metarhizium brunneum]
QLI66051.1           -           1344 740at5125            -           1188   2.9e-45  154.0   3.2   2   3   2.2e-15   4.3e-13   47.5   0.8   535   652   547   664   536   666 0.75 ABC multidrug transporter mdr1 [Metarhizium brunneum]
QLI66051.1           -           1344 740at5125            -           1188   2.9e-45  154.0   3.2   3   3   9.5e-21   1.9e-18   65.2   0.0   992  1187  1103  1320  1088  1321 0.80 ABC multidrug transporter mdr1 [Metarhizium brunneum]
QLI74487.1           -           1313 740at5125            -           1188   2.7e-42  144.2  17.5   1   5      0.13        25    1.9   0.2   767   832   188   252   173   275 0.74 ABC multidrug transporter mdr1 [Metarhizium brunneum]
QLI74487.1           -           1313 740at5125            -           1188   2.7e-42  144.2  17.5   2   5   1.7e-08   3.3e-06   24.6   0.0  1002  1078   438   519   399   523 0.82 ABC multidrug transporter mdr1 [Metarhizium brunneum]
QLI74487.1           -           1313 740at5125            -           1188   2.7e-42  144.2  17.5   3   5   5.2e-17     1e-14   52.8   1.3   527   673   530   675   517   681 0.82 ABC multidrug transporter mdr1 [Metarhizium brunneum]
QLI74487.1           -           1313 740at5125            -           1188   2.7e-42  144.2  17.5   4   5       2.1   4.1e+02   -2.2   0.6   723   839   789   908   784   938 0.74 ABC multidrug transporter mdr1 [Metarhizium brunneum]
QLI74487.1           -           1313 740at5125            -           1188   2.7e-42  144.2  17.5   5   5     2e-23   3.9e-21   74.1   0.1   993  1187  1075  1292  1046  1293 0.83 ABC multidrug transporter mdr1 [Metarhizium brunneum]
QLI66283.1           -           1351 740at5125            -           1188     3e-41  140.7  10.3   1   4       5.7   1.1e+03   -3.6   0.5   770   804   156   190   112   237 0.64 ABC transporter 1 [Metarhizium brunneum]
QLI66283.1           -           1351 740at5125            -           1188     3e-41  140.7  10.3   2   4   8.1e-10   1.6e-07   29.0   0.0   990  1078   397   491   381   496 0.82 ABC transporter 1 [Metarhizium brunneum]
QLI66283.1           -           1351 740at5125            -           1188     3e-41  140.7  10.3   3   4     3e-14   5.9e-12   43.7   0.3  1099  1187   568   657   561   658 0.94 ABC transporter 1 [Metarhizium brunneum]
QLI66283.1           -           1351 740at5125            -           1188     3e-41  140.7  10.3   4   4   3.9e-23   7.6e-21   73.1   0.1   990  1186  1109  1328  1068  1330 0.79 ABC transporter 1 [Metarhizium brunneum]
QLI64060.1           -           1325 740at5125            -           1188   9.1e-39  132.5  17.0   1   3   7.9e-05     0.015   12.5   4.4   773  1032   171   444   126   463 0.70 ABC transporter BEA3 [Metarhizium brunneum]
QLI64060.1           -           1325 740at5125            -           1188   9.1e-39  132.5  17.0   2   3   9.5e-17   1.9e-14   52.0   1.4  1050  1187   508   668   497   669 0.72 ABC transporter BEA3 [Metarhizium brunneum]
QLI64060.1           -           1325 740at5125            -           1188   9.1e-39  132.5  17.0   3   3   2.9e-23   5.6e-21   73.6   0.1   991  1186  1085  1302  1073  1304 0.86 ABC transporter BEA3 [Metarhizium brunneum]
QLI73409.1           -           1382 740at5125            -           1188   5.3e-34  116.7   3.4   1   3   7.8e-15   1.5e-12   45.6   0.0   991  1187   378   597   366   598 0.79 Alpha-factor-transporting ATPase [Metarhizium brunneum]
QLI73409.1           -           1382 740at5125            -           1188   5.3e-34  116.7   3.4   2   3   7.4e-12   1.4e-09   35.8   0.4   952  1080  1082  1230   820  1249 0.55 Alpha-factor-transporting ATPase [Metarhizium brunneum]
QLI73409.1           -           1382 740at5125            -           1188   5.3e-34  116.7   3.4   3   3   1.5e-15   2.9e-13   48.0   0.2   499   643  1203  1356  1199  1368 0.77 Alpha-factor-transporting ATPase [Metarhizium brunneum]
QLI72048.1           -            680 740at5125            -           1188   2.4e-29  101.3   0.1   1   1   1.9e-31   3.7e-29  100.7   0.1   983  1187   380   605   366   606 0.82 ABC multidrug transporter mdr2 [Metarhizium brunneum]
QLI74028.1           -           1008 740at5125            -           1188     4e-29  100.5   1.6   1   1   2.6e-31     5e-29  100.2   1.6   825  1187   416   808   331   809 0.72 Heavy metal tolerance protein [Metarhizium brunneum]
QLI74410.1           -            848 740at5125            -           1188   1.5e-27   95.4   0.3   1   1   9.5e-30   1.9e-27   95.0   0.3   800  1187   381   806   335   807 0.72 ABC transporter aclQ [Metarhizium brunneum]
QLI72495.1           -           1007 740at5125            -           1188   6.4e-22   76.7   0.1   1   2   1.4e-08   2.7e-06   24.9   0.0   992  1079   684   775   679   788 0.82 ABC transporter aclQ [Metarhizium brunneum]
QLI72495.1           -           1007 740at5125            -           1188   6.4e-22   76.7   0.1   2   2   5.4e-16   1.1e-13   49.5   0.1   538   653   789   901   780   910 0.89 ABC transporter aclQ [Metarhizium brunneum]
QLI66625.1           -            629 740at5125            -           1188   2.8e-19   67.9   2.6   1   1   9.5e-21   1.9e-18   65.2   2.5   731  1187    89   580    74   581 0.68 Iron-sulfur clusters transporter ATM1 [Metarhizium brunneum]
QLI67296.1           -           1374 740at5125            -           1188   1.7e-14   52.1   9.4   1   5    0.0044      0.87    6.7   0.0   994  1078    92   180    51   201 0.63 hypothetical protein G6M90_00g047070 [Metarhizium brunneum]
QLI67296.1           -           1374 740at5125            -           1188   1.7e-14   52.1   9.4   2   5     1e-05     0.002   15.5   0.0   565   625   225   284   204   297 0.86 hypothetical protein G6M90_00g047070 [Metarhizium brunneum]
QLI67296.1           -           1374 740at5125            -           1188   1.7e-14   52.1   9.4   3   5       5.8   1.1e+03   -3.6   0.2  1012  1045   543   576   536   583 0.84 hypothetical protein G6M90_00g047070 [Metarhizium brunneum]
QLI67296.1           -           1374 740at5125            -           1188   1.7e-14   52.1   9.4   4   5       0.6   1.2e+02   -0.4   0.1   476   495   742   761   722   773 0.59 hypothetical protein G6M90_00g047070 [Metarhizium brunneum]
QLI67296.1           -           1374 740at5125            -           1188   1.7e-14   52.1   9.4   5   5   5.9e-11   1.2e-08   32.8   0.1   565   628   860   924   838   935 0.89 hypothetical protein G6M90_00g047070 [Metarhizium brunneum]
QLI71280.1           -           1055 740at5125            -           1188   7.4e-13   46.7   0.0   1   4       1.4   2.7e+02   -1.6   0.0   995  1035   442   482   378   496 0.70 Elongation factor 3 [Metarhizium brunneum]
QLI71280.1           -           1055 740at5125            -           1188   7.4e-13   46.7   0.0   2   4     6e-06    0.0012   16.2   0.0   565   603   554   592   530   635 0.80 Elongation factor 3 [Metarhizium brunneum]
QLI71280.1           -           1055 740at5125            -           1188   7.4e-13   46.7   0.0   3   4   9.3e-06    0.0018   15.6   0.0   991  1036   681   726   673   759 0.86 Elongation factor 3 [Metarhizium brunneum]
QLI71280.1           -           1055 740at5125            -           1188   7.4e-13   46.7   0.0   4   4   0.00046      0.09   10.0   0.0   565   609   907   951   896   984 0.80 Elongation factor 3 [Metarhizium brunneum]
QLI68404.1           -            619 740at5125            -           1188     8e-13   46.6   0.0   1   4       2.1   4.1e+02   -2.2   0.0  1007  1037   104   134    99   149 0.80 ABC transporter ATP-binding protein ARB1 [Metarhizium brunneum]
QLI68404.1           -            619 740at5125            -           1188     8e-13   46.6   0.0   2   4   2.8e-11   5.6e-09   33.8   0.0   565   659   231   321   215   351 0.84 ABC transporter ATP-binding protein ARB1 [Metarhizium brunneum]
QLI68404.1           -            619 740at5125            -           1188     8e-13   46.6   0.0   3   4       1.3   2.5e+02   -1.4   0.0   990  1032   400   443   393   454 0.83 ABC transporter ATP-binding protein ARB1 [Metarhizium brunneum]
QLI68404.1           -            619 740at5125            -           1188     8e-13   46.6   0.0   4   4    0.0013      0.25    8.5   0.0   566   641   521   592   510   601 0.82 ABC transporter ATP-binding protein ARB1 [Metarhizium brunneum]
QLI64209.1           -            733 740at5125            -           1188   1.1e-11   42.8   0.3   1   4      0.24        46    1.0   0.0  1003  1035    61    93    44   102 0.83 hypothetical protein G6M90_00g022880 [Metarhizium brunneum]
QLI64209.1           -            733 740at5125            -           1188   1.1e-11   42.8   0.3   2   4   2.3e-05    0.0046   14.2   0.0   565   636   281   353   271   363 0.80 hypothetical protein G6M90_00g022880 [Metarhizium brunneum]
QLI64209.1           -            733 740at5125            -           1188   1.1e-11   42.8   0.3   3   4   9.6e-05     0.019   12.2   0.0   989  1045   484   540   467   545 0.87 hypothetical protein G6M90_00g022880 [Metarhizium brunneum]
QLI64209.1           -            733 740at5125            -           1188   1.1e-11   42.8   0.3   4   4   0.00051       0.1    9.8   0.0   566   611   611   655   605   680 0.82 hypothetical protein G6M90_00g022880 [Metarhizium brunneum]
QLI70058.1           -           1106 740at5125            -           1188   1.2e-10   39.4   0.0   1   4       4.9   9.6e+02   -3.4   0.0  1004  1033   490   519   450   527 0.63 [NU+] prion formation protein 1 [Metarhizium brunneum]
QLI70058.1           -           1106 740at5125            -           1188   1.2e-10   39.4   0.0   2   4     7e-06    0.0014   16.0   0.0   565   600   593   628   572   648 0.86 [NU+] prion formation protein 1 [Metarhizium brunneum]
QLI70058.1           -           1106 740at5125            -           1188   1.2e-10   39.4   0.0   3   4     0.015       2.9    5.0   0.0   992  1036   723   767   717   791 0.86 [NU+] prion formation protein 1 [Metarhizium brunneum]
QLI70058.1           -           1106 740at5125            -           1188   1.2e-10   39.4   0.0   4   4   2.8e-05    0.0055   14.0   0.0   565   601   939   975   924  1006 0.85 [NU+] prion formation protein 1 [Metarhizium brunneum]
QLI66631.1           -            750 740at5125            -           1188   2.5e-10   38.3   0.1   1   4       3.2   6.3e+02   -2.8   0.0  1004  1039   212   247   210   262 0.77 hypothetical protein G6M90_00g037270 [Metarhizium brunneum]
QLI66631.1           -            750 740at5125            -           1188   2.5e-10   38.3   0.1   2   4   5.3e-06    0.0011   16.4   0.0   566   642   366   438   357   459 0.83 hypothetical protein G6M90_00g037270 [Metarhizium brunneum]
QLI66631.1           -            750 740at5125            -           1188   2.5e-10   38.3   0.1   3   4      0.18        35    1.4   0.0   991  1044   533   585   525   601 0.85 hypothetical protein G6M90_00g037270 [Metarhizium brunneum]
QLI66631.1           -            750 740at5125            -           1188   2.5e-10   38.3   0.1   4   4   8.1e-06    0.0016   15.8   0.1   566   607   649   690   629   712 0.75 hypothetical protein G6M90_00g037270 [Metarhizium brunneum]
QLI68607.1           -           1589 740at5125            -           1188   8.3e-10   36.6   2.0   1   4      0.74   1.5e+02   -0.7   0.0   985  1032   477   524   463   546 0.88 Retinal-specific phospholipid-transporting ATPase ABCA4 [Metarhizium brunneum]
QLI68607.1           -           1589 740at5125            -           1188   8.3e-10   36.6   2.0   2   4   0.00026     0.051   10.8   0.0   566   641   602   675   585   691 0.89 Retinal-specific phospholipid-transporting ATPase ABCA4 [Metarhizium brunneum]
QLI68607.1           -           1589 740at5125            -           1188   8.3e-10   36.6   2.0   3   4    0.0073       1.4    6.0   0.0  1003  1035  1252  1284  1226  1302 0.90 Retinal-specific phospholipid-transporting ATPase ABCA4 [Metarhizium brunneum]
QLI68607.1           -           1589 740at5125            -           1188   8.3e-10   36.6   2.0   4   4   6.2e-06    0.0012   16.1   0.1   565   629  1364  1426  1347  1461 0.78 Retinal-specific phospholipid-transporting ATPase ABCA4 [Metarhizium brunneum]
QLI74579.1           -            689 740at5125            -           1188   4.8e-09   34.0  17.2   1   4    0.0093       1.8    5.6   1.9   252   398    57   204    36   274 0.66 ABC multidrug transporter B [Metarhizium brunneum]
QLI74579.1           -            689 740at5125            -           1188   4.8e-09   34.0  17.2   2   4   1.3e-05    0.0026   15.1   0.0   568   609   279   320   275   338 0.85 ABC multidrug transporter B [Metarhizium brunneum]
QLI74579.1           -            689 740at5125            -           1188   4.8e-09   34.0  17.2   3   4   0.00017     0.033   11.4   1.3   766   856   498   588   490   598 0.91 ABC multidrug transporter B [Metarhizium brunneum]
QLI74579.1           -            689 740at5125            -           1188   4.8e-09   34.0  17.2   4   4   0.00036     0.071   10.3   0.6   905   987   599   680   589   688 0.72 ABC multidrug transporter B [Metarhizium brunneum]
QLI72429.1           -            634 740at5125            -           1188   7.2e-09   33.5   1.1   1   2   4.6e-05     0.009   13.3   0.1  1001  1086    57   148    36   167 0.77 ABC transporter G family member 15 [Metarhizium brunneum]
QLI72429.1           -            634 740at5125            -           1188   7.2e-09   33.5   1.1   2   2   1.3e-06   0.00025   18.4   0.1   565   617   185   235   180   248 0.79 ABC transporter G family member 15 [Metarhizium brunneum]
QLI73047.1           -           1410 740at5125            -           1188   9.5e-08   29.8   0.9   1   4       3.1   6.1e+02   -2.7   0.0  1004  1036    95   127    87   134 0.76 ABC multidrug transporter atrF [Metarhizium brunneum]
QLI73047.1           -           1410 740at5125            -           1188   9.5e-08   29.8   0.9   2   4     0.057        11    3.0   0.0  1098  1150   218   271   182   313 0.56 ABC multidrug transporter atrF [Metarhizium brunneum]
QLI73047.1           -           1410 740at5125            -           1188   9.5e-08   29.8   0.9   3   4       4.1   8.2e+02   -3.2   0.1  1004  1037   797   830   784   845 0.80 ABC multidrug transporter atrF [Metarhizium brunneum]
QLI73047.1           -           1410 740at5125            -           1188   9.5e-08   29.8   0.9   4   4   2.4e-08   4.7e-06   24.1   0.0   505   629   855   983   846   993 0.81 ABC multidrug transporter atrF [Metarhizium brunneum]
QLI68263.1           -           1592 740at5125            -           1188   1.4e-07   29.2   4.6   1   3   4.5e-05    0.0088   13.3   0.2  1005  1182   487   669   479   675 0.78 ATP-binding cassette sub-family A member 3 [Metarhizium brunneum]
QLI68263.1           -           1592 740at5125            -           1188   1.4e-07   29.2   4.6   2   3      0.17        33    1.5   0.0  1002  1031  1252  1281  1226  1287 0.89 ATP-binding cassette sub-family A member 3 [Metarhizium brunneum]
QLI68263.1           -           1592 740at5125            -           1188   1.4e-07   29.2   4.6   3   3     2e-05     0.004   14.4   0.1   549   626  1355  1428  1320  1457 0.79 ATP-binding cassette sub-family A member 3 [Metarhizium brunneum]
QLI69973.1           -            952 740at5125            -           1188     2e-07   28.7   0.0   1   2     0.029       5.7    4.0   0.0  1003  1075   252   329   231   339 0.74 ABC transporter G family member [Metarhizium brunneum]
QLI69973.1           -            952 740at5125            -           1188     2e-07   28.7   0.0   2   2   9.4e-08   1.9e-05   22.2   0.0   560   625   374   439   356   454 0.89 ABC transporter G family member [Metarhizium brunneum]
QLI68282.1           -           1607 740at5125            -           1188   6.7e-07   26.9   3.0   1   3   0.00089      0.18    9.0   0.1  1005  1180   474   654   464   662 0.74 Retinal-specific phospholipid-transporting ATPase ABCA4 [Metarhizium brunneum]
QLI68282.1           -           1607 740at5125            -           1188   6.7e-07   26.9   3.0   2   3     0.076        15    2.6   0.0  1003  1031  1252  1280  1242  1288 0.90 Retinal-specific phospholipid-transporting ATPase ABCA4 [Metarhizium brunneum]
QLI68282.1           -           1607 740at5125            -           1188   6.7e-07   26.9   3.0   3   3   2.7e-05    0.0053   14.0   0.1   562   625  1365  1426  1305  1437 0.84 Retinal-specific phospholipid-transporting ATPase ABCA4 [Metarhizium brunneum]
QLI68216.1           -           1470 740at5125            -           1188   2.1e-06   25.3   0.0   1   2   0.00039     0.078   10.2   0.0   565   640   305   381   280   387 0.87 ABC multidrug transporter atrF [Metarhizium brunneum]
QLI68216.1           -           1470 740at5125            -           1188   2.1e-06   25.3   0.0   2   2   7.2e-05     0.014   12.6   0.0   500   625   914  1043   866  1055 0.78 ABC multidrug transporter atrF [Metarhizium brunneum]
QLI65311.1           -           1438 740at5125            -           1188   3.3e-06   24.6   1.0   1   3       5.4   1.1e+03   -3.5   0.1  1018  1035   148   165   139   167 0.85 ABC multidrug transporter [Metarhizium brunneum]
QLI65311.1           -           1438 740at5125            -           1188   3.3e-06   24.6   1.0   2   3    0.0011      0.22    8.7   0.0   543   614   244   317   227   343 0.80 ABC multidrug transporter [Metarhizium brunneum]
QLI65311.1           -           1438 740at5125            -           1188   3.3e-06   24.6   1.0   3   3   2.5e-05    0.0049   14.1   0.0   978  1154   787   991   763  1020 0.68 ABC multidrug transporter [Metarhizium brunneum]
QLI74180.1           -            166 740at5125            -           1188   1.5e-05   22.4   0.1   1   1   8.3e-08   1.6e-05   22.3   0.1  1106  1169    56   129    26   151 0.78 ABC transporter C family member 8 [Metarhizium brunneum]
QLI70870.1           -            709 740at5125            -           1188   0.00011   19.6   0.0   1   1   8.4e-07   0.00017   19.0   0.0   479   603   493   632   459   670 0.70 ATP-binding cassette sub-family D member 1 [Metarhizium brunneum]
QLI69194.1           -            120 740at5125            -           1188   0.00023   18.5   0.0   1   1   1.4e-06   0.00028   18.2   0.0  1122  1173    61   112    47   119 0.86 hypothetical protein G6M90_00g052620 [Metarhizium brunneum]
QLI68840.1           -            234 740at5125            -           1188   0.00045   17.6   1.4   1   1   2.7e-06   0.00053   17.3   1.4   706   861    42   200     5   212 0.71 ABC transporter FUM19 [Metarhizium brunneum]
QLI73077.1           -            665 740at5125            -           1188    0.0006   17.2   0.2   1   2     0.093        18    2.3   0.1   566   622   220   275   207   291 0.75 Translation initiation factor RLI1 [Metarhizium brunneum]
QLI73077.1           -            665 740at5125            -           1188    0.0006   17.2   0.2   2   2   6.3e-05     0.012   12.8   0.0   565   640   464   539   419   551 0.82 Translation initiation factor RLI1 [Metarhizium brunneum]
QLI68533.1           -           1493 740at5125            -           1188   0.00062   17.1   0.2   1   3       8.1   1.6e+03   -4.1   0.0  1018  1033   200   215   187   226 0.67 ABC multidrug transporter atrI [Metarhizium brunneum]
QLI68533.1           -           1493 740at5125            -           1188   0.00062   17.1   0.2   2   3      0.01         2    5.5   0.0   551   616   304   371   283   390 0.81 ABC multidrug transporter atrI [Metarhizium brunneum]
QLI68533.1           -           1493 740at5125            -           1188   0.00062   17.1   0.2   3   3   0.00098      0.19    8.9   0.0  1003  1155   881  1054   868  1086 0.67 ABC multidrug transporter atrI [Metarhizium brunneum]
QLI74052.1           -            284 740at5125            -           1188    0.0021   15.4   0.0   1   1   1.3e-05    0.0026   15.0   0.0   992  1169    11   196     4   216 0.77 hypothetical protein G6M90_00g107590 [Metarhizium brunneum]
QLI66286.1           -            647 740at5125            -           1188     0.013   12.7   0.1   1   2   0.00015      0.03   11.5   0.0   566   605   191   230   182   254 0.83 hypothetical protein G6M90_00g023120 [Metarhizium brunneum]
QLI66286.1           -            647 740at5125            -           1188     0.013   12.7   0.1   2   2       7.3   1.4e+03   -4.0   0.0  1112  1140   522   550   518   555 0.83 hypothetical protein G6M90_00g023120 [Metarhizium brunneum]
QLI74070.1           -           1512 740at5125            -           1188      0.03   11.5   0.0   1   2     0.042       8.3    3.4   0.0   553   608   312   368   292   383 0.75 ZEB2-regulated ABC transporter 1 [Metarhizium brunneum]
QLI74070.1           -           1512 740at5125            -           1188      0.03   11.5   0.0   2   2    0.0095       1.9    5.6   0.0   986  1149   873  1055   862  1076 0.58 ZEB2-regulated ABC transporter 1 [Metarhizium brunneum]
QLI69600.1           -            843 740at5125            -           1188     0.066   10.4   0.0   1   1    0.0023      0.46    7.6   0.0   506   599   600   699   596   707 0.72 ATP-binding cassette sub-family D member 1 [Metarhizium brunneum]
QLI74537.1           -           1514 740at5125            -           1188     0.084   10.1  10.2   1   2    0.0027      0.53    7.4   0.0  1102  1188   326   417   212   417 0.75 ABC multidrug transporter atrF [Metarhizium brunneum]
QLI74537.1           -           1514 740at5125            -           1188     0.084   10.1  10.2   2   2   0.00059      0.12    9.6   0.1  1005  1180   902  1097   860  1106 0.64 ABC multidrug transporter atrF [Metarhizium brunneum]
#
# Program:         hmmsearch
# Version:         3.1b2 (February 2015)
# Pipeline mode:   SEARCH
# Query file:      /home/zack/funannotate_db/hypocreales_odb10/hmms/740at5125.hmm
# Target file:     /home/zack/Desktop/IsariaPreferralGenome/MyGenomeSubmittedToNCBI/HypocrealesProteinSets/Mbrunneum4556_protein.faa
# Option settings: hmmsearch --domtblout /home/zack/Desktop/IsariaPreferralGenome/MyGenomeSubmittedToNCBI/HypocrealesProteinSets/BUSCO_AA_all/BUSCO_AA_Mbrunneum_ARSEF4556/run_hypocreales_odb10/hmmer_output/initial_run_results/740at5125.out --cpu 1 /home/zack/funannotate_db/hypocreales_odb10/hmms/740at5125.hmm /home/zack/Desktop/IsariaPreferralGenome/MyGenomeSubmittedToNCBI/HypocrealesProteinSets/Mbrunneum4556_protein.faa 
# Current dir:     /home/zack/Desktop/IsariaPreferralGenome/MyGenomeSubmittedToNCBI/HypocrealesProteinSets/BUSCO_AA_all
# Date:            Mon Mar  4 15:36:30 2024
# [ok]
