#                                                                            --- full sequence --- -------------- this domain -------------   hmm coord   ali coord   env coord
# target name        accession   tlen query name           accession   qlen   E-value  score  bias   #  of  c-Evalue  i-Evalue  score  bias  from    to  from    to  from    to  acc description of target
#------------------- ---------- ----- -------------------- ---------- ----- --------- ------ ----- --- --- --------- --------- ------ ----- ----- ----- ----- ----- ----- ----- ---- ---------------------
QLI71170.1           -            932 7698at5125           -            472  2.6e-262  869.7  18.4   1   5    0.0019       3.1    5.6   0.1     1    14   148   161   148   166 0.91 GTPase-activating protein GYP3 [Metarhizium brunneum]
QLI71170.1           -            932 7698at5125           -            472  2.6e-262  869.7  18.4   2   5     2e-32   3.3e-29  101.1   0.2    13    80   273   345   268   353 0.93 GTPase-activating protein GYP3 [Metarhizium brunneum]
QLI71170.1           -            932 7698at5125           -            472  2.6e-262  869.7  18.4   3   5   1.7e-16   2.8e-13   48.6   0.3    76   122   394   448   391   454 0.88 GTPase-activating protein GYP3 [Metarhizium brunneum]
QLI71170.1           -            932 7698at5125           -            472  2.6e-262  869.7  18.4   4   5   2.1e-90   3.4e-87  292.3   1.7   116   256   473   613   464   624 0.95 GTPase-activating protein GYP3 [Metarhizium brunneum]
QLI71170.1           -            932 7698at5125           -            472  2.6e-262  869.7  18.4   5   5  7.3e-132  1.2e-128  429.0   0.0   253   472   646   885   643   885 0.95 GTPase-activating protein GYP3 [Metarhizium brunneum]
QLI71949.1           -           1122 7698at5125           -            472   9.4e-32  109.5   0.0   1   1   2.3e-34   3.8e-31  107.5   0.0   160   431   254   506   247   539 0.86 hypothetical protein G6M90_00g091420 [Metarhizium brunneum]
QLI66574.1           -           1050 7698at5125           -            472   6.6e-30  103.4   0.0   1   1   8.8e-33   1.4e-29  102.3   0.0   188   464   745  1008   736  1017 0.83 hypothetical protein G6M90_00g032010 [Metarhizium brunneum]
QLI64119.1           -           1064 7698at5125           -            472   1.6e-20   72.5   0.0   1   1   1.4e-22   2.2e-19   68.7   0.0   190   420   310   523   290   549 0.81 EVI5-like protein [Metarhizium brunneum]
QLI67068.1           -            923 7698at5125           -            472   8.9e-14   50.2   3.0   1   2     0.033        53    1.5   0.1    94   139    50    98    46   107 0.74 hypothetical protein G6M90_00g045700 [Metarhizium brunneum]
QLI67068.1           -            923 7698at5125           -            472   8.9e-14   50.2   3.0   2   2   1.6e-15   2.6e-12   45.4   0.5   179   393   623   826   534   833 0.70 hypothetical protein G6M90_00g045700 [Metarhizium brunneum]
QLI65488.1           -            713 7698at5125           -            472   9.4e-12   43.5   2.0   1   2      0.84   1.4e+03   -3.2   0.2    40    83    23    64    19    66 0.60 hypothetical protein G6M90_00g004610 [Metarhizium brunneum]
QLI65488.1           -            713 7698at5125           -            472   9.4e-12   43.5   2.0   2   2   4.4e-14   7.2e-11   40.6   0.1   190   424   438   677   429   695 0.72 hypothetical protein G6M90_00g004610 [Metarhizium brunneum]
QLI67457.1           -            943 7698at5125           -            472   2.6e-07   28.8   0.0   1   1   2.5e-09     4e-06   24.9   0.0   221   422   493   683   483   726 0.77 GTPase-activating protein GYP5 [Metarhizium brunneum]
#
# Program:         hmmsearch
# Version:         3.1b2 (February 2015)
# Pipeline mode:   SEARCH
# Query file:      /home/zack/funannotate_db/hypocreales_odb10/hmms/7698at5125.hmm
# Target file:     /home/zack/Desktop/IsariaPreferralGenome/MyGenomeSubmittedToNCBI/HypocrealesProteinSets/Mbrunneum4556_protein.faa
# Option settings: hmmsearch --domtblout /home/zack/Desktop/IsariaPreferralGenome/MyGenomeSubmittedToNCBI/HypocrealesProteinSets/BUSCO_AA_all/BUSCO_AA_Mbrunneum_ARSEF4556/run_hypocreales_odb10/hmmer_output/initial_run_results/7698at5125.out --cpu 1 /home/zack/funannotate_db/hypocreales_odb10/hmms/7698at5125.hmm /home/zack/Desktop/IsariaPreferralGenome/MyGenomeSubmittedToNCBI/HypocrealesProteinSets/Mbrunneum4556_protein.faa 
# Current dir:     /home/zack/Desktop/IsariaPreferralGenome/MyGenomeSubmittedToNCBI/HypocrealesProteinSets/BUSCO_AA_all
# Date:            Mon Mar  4 15:35:55 2024
# [ok]
