#                                                                            --- full sequence --- -------------- this domain -------------   hmm coord   ali coord   env coord
# target name        accession   tlen query name           accession   qlen   E-value  score  bias   #  of  c-Evalue  i-Evalue  score  bias  from    to  from    to  from    to  acc description of target
#------------------- ---------- ----- -------------------- ---------- ----- --------- ------ ----- --- --- --------- --------- ------ ----- ----- ----- ----- ----- ----- ----- ---- ---------------------
QLI71776.1           -            894 9409at5125           -            750         0 1361.2  55.6   1   2         0         0 1308.9  35.9     1   731     1   799     1   802 0.91 Histone-lysine N-methyltransferase, H3 lysine-36 specific [Metarhizium brunneum]
QLI71776.1           -            894 9409at5125           -            750         0 1361.2  55.6   2   2     2e-15   2.3e-12   45.3  18.5   661   745   774   880   768   885 0.76 Histone-lysine N-methyltransferase, H3 lysine-36 specific [Metarhizium brunneum]
QLI72039.1           -            806 9409at5125           -            750     2e-31  108.3  19.5   1   3       2.4   2.7e+03   -4.5   1.3   700   727   240   263   193   280 0.50 Histone-lysine N-methyltransferase ASH1L [Metarhizium brunneum]
QLI72039.1           -            806 9409at5125           -            750     2e-31  108.3  19.5   2   3   6.6e-12   7.5e-09   33.7   6.4   109   192   396   487   384   498 0.78 Histone-lysine N-methyltransferase ASH1L [Metarhizium brunneum]
QLI72039.1           -            806 9409at5125           -            750     2e-31  108.3  19.5   3   3   2.5e-27   2.9e-24   84.7   0.1   199   299   525   626   520   680 0.85 Histone-lysine N-methyltransferase ASH1L [Metarhizium brunneum]
QLI73614.1           -           1254 9409at5125           -            750   2.3e-24   85.0   0.7   1   4         1   1.1e+03   -3.2   1.0   670   706   369   405   361   415 0.58 Histone-lysine N-methyltransferase, H3 lysine-4 specific [Metarhizium brunneum]
QLI73614.1           -           1254 9409at5125           -            750   2.3e-24   85.0   0.7   2   4     0.012        13    3.1   6.4   694   743   546   596   537   603 0.69 Histone-lysine N-methyltransferase, H3 lysine-4 specific [Metarhizium brunneum]
QLI73614.1           -           1254 9409at5125           -            750   2.3e-24   85.0   0.7   3   4      0.52     6e+02   -2.3   2.6   691   732   857   899   847   913 0.70 Histone-lysine N-methyltransferase, H3 lysine-4 specific [Metarhizium brunneum]
QLI73614.1           -           1254 9409at5125           -            750   2.3e-24   85.0   0.7   4   4     2e-27   2.3e-24   85.0   0.7   144   286  1109  1253  1037  1254 0.88 Histone-lysine N-methyltransferase, H3 lysine-4 specific [Metarhizium brunneum]
QLI74774.1           -            359 9409at5125           -            750   2.1e-14   52.1   0.0   1   1   2.8e-17   3.2e-14   51.5   0.0   124   285   170   357   164   359 0.72 Histone-lysine N-methyltransferase, H3 lysine-9 specific dim-5 [Metarhizium brunneum]
QLI68955.1           -           1146 9409at5125           -            750   6.1e-14   50.6   4.4   1   2   5.3e-17   6.1e-14   50.6   4.4   116   263   693   851   632   855 0.74 Histone-lysine N-methyltransferase EZH1 [Metarhizium brunneum]
QLI68955.1           -           1146 9409at5125           -            750   6.1e-14   50.6   4.4   2   2      0.96   1.1e+03   -3.2   0.1   302   340   917   955   911   961 0.66 Histone-lysine N-methyltransferase EZH1 [Metarhizium brunneum]
QLI64377.1           -            672 9409at5125           -            750   0.00056   17.6   0.1   1   1   8.8e-07     0.001   16.8   0.1   221   279   189   244   182   256 0.94 Histone-lysine N-methyltransferase SET9 [Metarhizium brunneum]
QLI73716.1           -            825 9409at5125           -            750   0.00086   17.0  14.1   1   4   1.3e-06    0.0014   16.3   1.3   492   545   219   273   197   311 0.66 E3 ubiquitin-protein ligase RSP5 [Metarhizium brunneum]
QLI73716.1           -            825 9409at5125           -            750   0.00086   17.0  14.1   2   4      0.14   1.6e+02   -0.4   1.4   504   537   343   377   297   394 0.80 E3 ubiquitin-protein ligase RSP5 [Metarhizium brunneum]
QLI73716.1           -            825 9409at5125           -            750   0.00086   17.0  14.1   3   4   0.00044      0.51    7.8   0.1   498   539   396   438   378   451 0.80 E3 ubiquitin-protein ligase RSP5 [Metarhizium brunneum]
QLI73716.1           -            825 9409at5125           -            750   0.00086   17.0  14.1   4   4      0.52     6e+02   -2.3   0.0   173   208   559   592   545   599 0.78 E3 ubiquitin-protein ligase RSP5 [Metarhizium brunneum]
QLI71139.1           -            254 9409at5125           -            750    0.0009   16.9   0.7   1   2   7.9e-06     0.009   13.6   0.0   223   289    77   139    72   146 0.78 hypothetical protein G6M90_00g072110 [Metarhizium brunneum]
QLI71139.1           -            254 9409at5125           -            750    0.0009   16.9   0.7   2   2     0.033        38    1.7   0.1   100   165   157   227   151   232 0.55 hypothetical protein G6M90_00g072110 [Metarhizium brunneum]
QLI68270.1           -            406 9409at5125           -            750    0.0093   13.6   0.8   1   2   8.1e-06    0.0093   13.6   0.8   504   541    17    56     2    66 0.75 hypothetical protein G6M90_00g034930 [Metarhizium brunneum]
QLI68270.1           -            406 9409at5125           -            750    0.0093   13.6   0.8   2   2     0.063        72    0.7   3.3   677   720   260   304   250   309 0.65 hypothetical protein G6M90_00g034930 [Metarhizium brunneum]
QLI65509.1           -            677 9409at5125           -            750       2.1    5.8   6.2   1   1    0.0037       4.3    4.8   6.2   648   745   103   201    78   207 0.77 hypothetical protein G6M90_00g025180 [Metarhizium brunneum]
#
# Program:         hmmsearch
# Version:         3.1b2 (February 2015)
# Pipeline mode:   SEARCH
# Query file:      /home/zack/funannotate_db/hypocreales_odb10/hmms/9409at5125.hmm
# Target file:     /home/zack/Desktop/IsariaPreferralGenome/MyGenomeSubmittedToNCBI/HypocrealesProteinSets/Mbrunneum4556_protein.faa
# Option settings: hmmsearch --domtblout /home/zack/Desktop/IsariaPreferralGenome/MyGenomeSubmittedToNCBI/HypocrealesProteinSets/BUSCO_AA_all/BUSCO_AA_Mbrunneum_ARSEF4556/run_hypocreales_odb10/hmmer_output/initial_run_results/9409at5125.out --cpu 1 /home/zack/funannotate_db/hypocreales_odb10/hmms/9409at5125.hmm /home/zack/Desktop/IsariaPreferralGenome/MyGenomeSubmittedToNCBI/HypocrealesProteinSets/Mbrunneum4556_protein.faa 
# Current dir:     /home/zack/Desktop/IsariaPreferralGenome/MyGenomeSubmittedToNCBI/HypocrealesProteinSets/BUSCO_AA_all
# Date:            Mon Mar  4 15:35:46 2024
# [ok]
