#                                                                            --- full sequence --- -------------- this domain -------------   hmm coord   ali coord   env coord
# target name        accession   tlen query name           accession   qlen   E-value  score  bias   #  of  c-Evalue  i-Evalue  score  bias  from    to  from    to  from    to  acc description of target
#------------------- ---------- ----- -------------------- ---------- ----- --------- ------ ----- --- --- --------- --------- ------ ----- ----- ----- ----- ----- ----- ----- ---- ---------------------
TQW03462.1           -           1463 1130at5125           -           1189         0 2237.8  41.4   1   4   1.2e-32   3.4e-29  100.4  10.9     1    71     7    84     7    90 0.93 DNA polymerase (pol2) [Cordyceps javanica]
TQW03462.1           -           1463 1130at5125           -           1189         0 2237.8  41.4   2   4   1.2e-14   3.3e-11   40.8   4.1    63   126   104   192    92   202 0.81 DNA polymerase (pol2) [Cordyceps javanica]
TQW03462.1           -           1463 1130at5125           -           1189         0 2237.8  41.4   3   4   1.5e-05     0.041   10.7   0.5   120   145   221   246   210   270 0.85 DNA polymerase (pol2) [Cordyceps javanica]
TQW03462.1           -           1463 1130at5125           -           1189         0 2237.8  41.4   4   4         0         0 2100.4   4.7   130  1189   276  1456   247  1456 0.93 DNA polymerase (pol2) [Cordyceps javanica]
TQW11031.1           -           1106 1130at5125           -           1189   8.1e-47  158.8   5.9   1   2     0.029        80   -0.2   0.0   303   367   247   314   237   324 0.85 DNA polymerase delta catalytic subunit [Cordyceps javanica]
TQW11031.1           -           1106 1130at5125           -           1189   8.1e-47  158.8   5.9   2   2   1.4e-48   3.8e-45  153.2   4.9   431  1004   368   974   352   985 0.77 DNA polymerase delta catalytic subunit [Cordyceps javanica]
TQW12317.1           -            936 1130at5125           -           1189   8.5e-28   95.8   1.9   1   3    0.0053        15    2.2   0.0   427   471   158   202   148   227 0.84 DNA polymerase zeta catalytic subunit [Cordyceps javanica]
TQW12317.1           -            936 1130at5125           -           1189   8.5e-28   95.8   1.9   2   3     7e-09     2e-05   21.7   0.0   648   684   379   415   362   432 0.90 DNA polymerase zeta catalytic subunit [Cordyceps javanica]
TQW12317.1           -            936 1130at5125           -           1189   8.5e-28   95.8   1.9   3   3   2.4e-23   6.7e-20   69.6   0.2   697  1016   463   797   455   880 0.79 DNA polymerase zeta catalytic subunit [Cordyceps javanica]
TQW08166.1           -           2219 1130at5125           -           1189     0.024   11.5   0.0   1   1   1.4e-05     0.038   10.8   0.0   722   782   806   866   796   890 0.90 DNA polymerase epsilon catalytic subunit A [Cordyceps javanica]
#
# Program:         hmmsearch
# Version:         3.1b2 (February 2015)
# Pipeline mode:   SEARCH
# Query file:      /home/zack/funannotate_db/hypocreales_odb10/hmms/1130at5125.hmm
# Target file:     /home/zack/Desktop/IsariaPreferralGenome/MyGenomeSubmittedToNCBI/HypocrealesProteinSets/Cjavanica_IJ2G.faa
# Option settings: hmmsearch --domtblout /home/zack/Desktop/IsariaPreferralGenome/MyGenomeSubmittedToNCBI/HypocrealesProteinSets/BUSCO_AA_all/BUSCO_AA_Cjavanica_IJ2G/run_hypocreales_odb10/hmmer_output/initial_run_results/1130at5125.out --cpu 1 /home/zack/funannotate_db/hypocreales_odb10/hmms/1130at5125.hmm /home/zack/Desktop/IsariaPreferralGenome/MyGenomeSubmittedToNCBI/HypocrealesProteinSets/Cjavanica_IJ2G.faa 
# Current dir:     /home/zack/Desktop/IsariaPreferralGenome/MyGenomeSubmittedToNCBI/HypocrealesProteinSets/BUSCO_AA_all
# Date:            Mon Mar  4 15:05:35 2024
# [ok]
