#                                                                            --- full sequence --- -------------- this domain -------------   hmm coord   ali coord   env coord
# target name        accession   tlen query name           accession   qlen   E-value  score  bias   #  of  c-Evalue  i-Evalue  score  bias  from    to  from    to  from    to  acc description of target
#------------------- ---------- ----- -------------------- ---------- ----- --------- ------ ----- --- --- --------- --------- ------ ----- ----- ----- ----- ----- ----- ----- ---- ---------------------
TQW04639.1           -           1743 1502at5125           -           1086         0 1881.0  13.2   1   2  5.7e-243  6.4e-240  798.7   0.6    31   461   490   983   481   991 0.92 cytochrome P450 51 [Cordyceps javanica]
TQW04639.1           -           1743 1502at5125           -           1086         0 1881.0  13.2   2   2         0         0 1081.7   6.4   459  1086  1024  1725   995  1725 0.91 cytochrome P450 51 [Cordyceps javanica]
TQW06750.1           -            933 1502at5125           -           1086     1e-11   43.1  21.2   1   8    0.0038       4.3    4.6   0.0   682   727   398   443   386   449 0.84 ankyrin repeat-containing protein [Cordyceps javanica]
TQW06750.1           -            933 1502at5125           -           1086     1e-11   43.1  21.2   2   8   6.8e-05     0.075   10.4   0.1   641   716   457   534   442   551 0.76 ankyrin repeat-containing protein [Cordyceps javanica]
TQW06750.1           -            933 1502at5125           -           1086     1e-11   43.1  21.2   3   8    0.0016       1.8    5.8   0.1   670   726   522   578   515   592 0.88 ankyrin repeat-containing protein [Cordyceps javanica]
TQW06750.1           -            933 1502at5125           -           1086     1e-11   43.1  21.2   4   8     0.012        13    2.9   0.1   671   725   557   611   546   625 0.85 ankyrin repeat-containing protein [Cordyceps javanica]
TQW06750.1           -            933 1502at5125           -           1086     1e-11   43.1  21.2   5   8   2.8e-05     0.031   11.7   0.1   652   725   638   713   626   721 0.76 ankyrin repeat-containing protein [Cordyceps javanica]
TQW06750.1           -            933 1502at5125           -           1086     1e-11   43.1  21.2   6   8   0.00041      0.45    7.8   0.4   671   724   727   780   718   790 0.86 ankyrin repeat-containing protein [Cordyceps javanica]
TQW06750.1           -            933 1502at5125           -           1086     1e-11   43.1  21.2   7   8   0.00023      0.25    8.6   0.5   652   717   773   841   765   848 0.76 ankyrin repeat-containing protein [Cordyceps javanica]
TQW06750.1           -            933 1502at5125           -           1086     1e-11   43.1  21.2   8   8   0.00029      0.32    8.3   0.1   670   724   862   916   842   923 0.87 ankyrin repeat-containing protein [Cordyceps javanica]
TQW01340.1           -            357 1502at5125           -           1086   3.2e-09   34.8  13.2   1   5   4.3e-05     0.048   11.0   0.4   668   715    36    83     8    88 0.73 ankyrin repeat-containing protein [Cordyceps javanica]
TQW01340.1           -            357 1502at5125           -           1086   3.2e-09   34.8  13.2   2   5   0.00013      0.15    9.4   0.2   665   731    66   133    52   142 0.82 ankyrin repeat-containing protein [Cordyceps javanica]
TQW01340.1           -            357 1502at5125           -           1086   3.2e-09   34.8  13.2   3   5   9.2e-05       0.1    9.9   0.4   646   717   114   187    93   198 0.75 ankyrin repeat-containing protein [Cordyceps javanica]
TQW01340.1           -            357 1502at5125           -           1086   3.2e-09   34.8  13.2   4   5   0.00015      0.17    9.2   0.1   671   722   175   226   146   235 0.81 ankyrin repeat-containing protein [Cordyceps javanica]
TQW01340.1           -            357 1502at5125           -           1086   3.2e-09   34.8  13.2   5   5   3.1e-06    0.0034   14.8   0.5   670   730   242   302   229   310 0.85 ankyrin repeat-containing protein [Cordyceps javanica]
TQW01571.1           -            236 1502at5125           -           1086   1.4e-06   26.1   0.1   1   2    0.0097        11    3.2   0.0   666   711    74   119    69   133 0.87 ankyrin repeat protein [Cordyceps javanica]
TQW01571.1           -            236 1502at5125           -           1086   1.4e-06   26.1   0.1   2   2   4.3e-08   4.8e-05   20.9   0.0   649   732   139   226   124   234 0.82 ankyrin repeat protein [Cordyceps javanica]
TQW07854.1           -            833 1502at5125           -           1086   0.00058   17.4   1.2   1   3     0.079        88    0.2   0.2   638   730   388   482   380   493 0.80 Nucleoside phosphorylase domain protein [Cordyceps javanica]
TQW07854.1           -            833 1502at5125           -           1086   0.00058   17.4   1.2   2   3   0.00016      0.17    9.2   0.0   649   725   496   576   489   587 0.86 Nucleoside phosphorylase domain protein [Cordyceps javanica]
TQW07854.1           -            833 1502at5125           -           1086   0.00058   17.4   1.2   3   3    0.0035       3.9    4.7   0.0   677   729   648   699   636   741 0.85 Nucleoside phosphorylase domain protein [Cordyceps javanica]
TQW07137.1           -            934 1502at5125           -           1086   0.00059   17.3   0.1   1   4   0.00013      0.15    9.4   0.0   652   729   437   516   429   524 0.82 Pfs, NACHT and Ankyrin domain protein [Cordyceps javanica]
TQW07137.1           -            934 1502at5125           -           1086   0.00059   17.3   0.1   2   4       0.2   2.3e+02   -1.1   0.0   656   707   617   670   606   690 0.77 Pfs, NACHT and Ankyrin domain protein [Cordyceps javanica]
TQW07137.1           -            934 1502at5125           -           1086   0.00059   17.3   0.1   3   4      0.24   2.7e+02   -1.4   0.0   661   706   690   735   664   745 0.75 Pfs, NACHT and Ankyrin domain protein [Cordyceps javanica]
TQW07137.1           -            934 1502at5125           -           1086   0.00059   17.3   0.1   4   4      0.01        11    3.1   0.0   655   739   778   863   765   903 0.80 Pfs, NACHT and Ankyrin domain protein [Cordyceps javanica]
TQW08578.1           -            328 1502at5125           -           1086    0.0044   14.4   0.1   1   2    0.0022       2.4    5.4   0.1   664   724   162   222   100   228 0.81 ankyrin repeats (3 copies) domain-containing protein [Cordyceps javanica]
TQW08578.1           -            328 1502at5125           -           1086    0.0044   14.4   0.1   2   2   0.00066      0.74    7.1   0.0   678   725   254   301   241   307 0.91 ankyrin repeats (3 copies) domain-containing protein [Cordyceps javanica]
TQW11832.1           -            373 1502at5125           -           1086     0.013   12.9   0.0   1   1   1.6e-05     0.018   12.4   0.0   667   717    65   115    42   132 0.90 ankyrin repeats (3 copies) domain-containing protein [Cordyceps javanica]
TQW10829.1           -            762 1502at5125           -           1086     0.017   12.5   0.0   1   1   2.5e-05     0.028   11.8   0.0   269   436   202   390   195   394 0.71 VPS9 domain protein [Cordyceps javanica]
TQW02003.1           -            826 1502at5125           -           1086     0.021   12.2   0.0   1   1   2.8e-05     0.031   11.6   0.0   373   428   544   598   501   632 0.83 guanine nucleotide exchange factor Vps9 [Cordyceps javanica]
#
# Program:         hmmsearch
# Version:         3.1b2 (February 2015)
# Pipeline mode:   SEARCH
# Query file:      /home/zack/funannotate_db/hypocreales_odb10/hmms/1502at5125.hmm
# Target file:     /home/zack/Desktop/IsariaPreferralGenome/MyGenomeSubmittedToNCBI/HypocrealesProteinSets/Cjavanica_IJ2G.faa
# Option settings: hmmsearch --domtblout /home/zack/Desktop/IsariaPreferralGenome/MyGenomeSubmittedToNCBI/HypocrealesProteinSets/BUSCO_AA_all/BUSCO_AA_Cjavanica_IJ2G/run_hypocreales_odb10/hmmer_output/initial_run_results/1502at5125.out --cpu 1 /home/zack/funannotate_db/hypocreales_odb10/hmms/1502at5125.hmm /home/zack/Desktop/IsariaPreferralGenome/MyGenomeSubmittedToNCBI/HypocrealesProteinSets/Cjavanica_IJ2G.faa 
# Current dir:     /home/zack/Desktop/IsariaPreferralGenome/MyGenomeSubmittedToNCBI/HypocrealesProteinSets/BUSCO_AA_all
# Date:            Mon Mar  4 15:05:57 2024
# [ok]
