#                                                                            --- full sequence --- -------------- this domain -------------   hmm coord   ali coord   env coord
# target name        accession   tlen query name           accession   qlen   E-value  score  bias   #  of  c-Evalue  i-Evalue  score  bias  from    to  from    to  from    to  acc description of target
#------------------- ---------- ----- -------------------- ---------- ----- --------- ------ ----- --- --- --------- --------- ------ ----- ----- ----- ----- ----- ----- ----- ---- ---------------------
TQW09985.1           -            937 15148at5125          -            465  1.4e-230  765.0  27.3   1   5   2.6e-21   7.1e-18   63.7   0.5     1    64     1    90     1    95 0.74 LAS seventeen-binding protein [Cordyceps javanica]
TQW09985.1           -            937 15148at5125          -            465  1.4e-230  765.0  27.3   2   5  1.7e-172  4.8e-169  562.1   0.1    62   363   109   431   106   454 0.92 LAS seventeen-binding protein [Cordyceps javanica]
TQW09985.1           -            937 15148at5125          -            465  1.4e-230  765.0  27.3   3   5   2.1e-35   5.8e-32  110.2   3.6   345   449   488   599   469   613 0.84 LAS seventeen-binding protein [Cordyceps javanica]
TQW09985.1           -            937 15148at5125          -            465  1.4e-230  765.0  27.3   4   5      0.27   7.5e+02   -2.3   0.1   375   375   667   667   613   752 0.47 LAS seventeen-binding protein [Cordyceps javanica]
TQW09985.1           -            937 15148at5125          -            465  1.4e-230  765.0  27.3   5   5   1.9e-14   5.2e-11   41.1   1.7   425   465   859   899   845   899 0.88 LAS seventeen-binding protein [Cordyceps javanica]
TQW02022.1           -            527 15148at5125          -            465  1.1e-100  336.8   0.6   1   2   3.4e-16   9.6e-13   46.8   0.0     1    61     1    74     1    81 0.74 DUF500 domain protein [Cordyceps javanica]
TQW02022.1           -            527 15148at5125          -            465  1.1e-100  336.8   0.6   2   2   3.6e-89     1e-85  287.4   0.1    62   365    95   426    91   440 0.81 DUF500 domain protein [Cordyceps javanica]
TQW07249.1           -            401 15148at5125          -            465     1e-35  122.5   0.0   1   2   3.7e-09     1e-05   23.6   0.0    16    56    81   120    69   126 0.86 DUF500 domain protein [Cordyceps javanica]
TQW07249.1           -            401 15148at5125          -            465     1e-35  122.5   0.0   2   2   2.4e-31   6.7e-28   96.8   0.0    64   245   151   347   145   375 0.82 DUF500 domain protein [Cordyceps javanica]
TQW08731.1           -            389 15148at5125          -            465   6.4e-28   96.8   0.0   1   1   3.2e-31   8.8e-28   96.4   0.0    38   225     8   200     4   222 0.89 DUF500 and domain-containing protein [Cordyceps javanica]
#
# Program:         hmmsearch
# Version:         3.1b2 (February 2015)
# Pipeline mode:   SEARCH
# Query file:      /home/zack/funannotate_db/hypocreales_odb10/hmms/15148at5125.hmm
# Target file:     /home/zack/Desktop/IsariaPreferralGenome/MyGenomeSubmittedToNCBI/HypocrealesProteinSets/Cjavanica_IJ2G.faa
# Option settings: hmmsearch --domtblout /home/zack/Desktop/IsariaPreferralGenome/MyGenomeSubmittedToNCBI/HypocrealesProteinSets/BUSCO_AA_all/BUSCO_AA_Cjavanica_IJ2G/run_hypocreales_odb10/hmmer_output/initial_run_results/15148at5125.out --cpu 1 /home/zack/funannotate_db/hypocreales_odb10/hmms/15148at5125.hmm /home/zack/Desktop/IsariaPreferralGenome/MyGenomeSubmittedToNCBI/HypocrealesProteinSets/Cjavanica_IJ2G.faa 
# Current dir:     /home/zack/Desktop/IsariaPreferralGenome/MyGenomeSubmittedToNCBI/HypocrealesProteinSets/BUSCO_AA_all
# Date:            Mon Mar  4 15:06:06 2024
# [ok]
