#                                                                            --- full sequence --- -------------- this domain -------------   hmm coord   ali coord   env coord
# target name        accession   tlen query name           accession   qlen   E-value  score  bias   #  of  c-Evalue  i-Evalue  score  bias  from    to  from    to  from    to  acc description of target
#------------------- ---------- ----- -------------------- ---------- ----- --------- ------ ----- --- --- --------- --------- ------ ----- ----- ----- ----- ----- ----- ----- ---- ---------------------
TQW06894.1           -           1213 1565at5125           -            965         0 1956.0   2.7   1   2   1.1e-20   1.4e-17   62.3   0.3    10    56    79   127    72   144 0.85 chitin synthase D [Cordyceps javanica]
TQW06894.1           -           1213 1565at5125           -            965         0 1956.0   2.7   2   2         0         0 1893.8   0.1    58   965   183  1180   175  1180 0.95 chitin synthase D [Cordyceps javanica]
TQW07872.1           -           1776 1565at5125           -            965  3.8e-150  501.0   5.8   1   3   2.3e-07   0.00028   18.2   0.2    71   133   737   803   715   852 0.74 chitin synthase 6 [Cordyceps javanica]
TQW07872.1           -           1776 1565at5125           -            965  3.8e-150  501.0   5.8   2   3      0.17   2.1e+02   -1.2   0.1   316   366  1018  1069   911  1072 0.70 chitin synthase 6 [Cordyceps javanica]
TQW07872.1           -           1776 1565at5125           -            965  3.8e-150  501.0   5.8   3   3  2.6e-148  3.2e-145  484.7   0.2   483   957  1082  1564  1077  1569 0.92 chitin synthase 6 [Cordyceps javanica]
TQW07873.1           -           1859 1565at5125           -            965  1.4e-149  499.1  11.2   1   2     2e-09   2.5e-06   25.0   0.8    72   366   880  1217   864  1219 0.61 chitin synthase 6 [Cordyceps javanica]
TQW07873.1           -           1859 1565at5125           -            965  1.4e-149  499.1  11.2   2   2  2.4e-146    3e-143  478.2   3.8   483   960  1230  1712  1220  1716 0.93 chitin synthase 6 [Cordyceps javanica]
TQW04300.1           -            639 1565at5125           -            965   2.1e-22   78.3   0.8   1   2   0.00074      0.92    6.6   0.0   472   534   167   228   152   244 0.81 chitin synthase [Cordyceps javanica]
TQW04300.1           -            639 1565at5125           -            965   2.1e-22   78.3   0.8   2   2   1.3e-22   1.7e-19   68.6   1.4   599   941   275   623   254   632 0.75 chitin synthase [Cordyceps javanica]
TQW01876.1           -            624 1565at5125           -            965   9.9e-21   72.7   1.5   1   2      0.62   7.7e+02   -3.1   0.0   485   516    71   102    67   108 0.79 chitin synthase D [Cordyceps javanica]
TQW01876.1           -            624 1565at5125           -            965   9.9e-21   72.7   1.5   2   2     8e-24   9.9e-21   72.7   1.5   650   940   181   465   176   483 0.79 chitin synthase D [Cordyceps javanica]
TQW01807.1           -           1059 1565at5125           -            965   9.6e-18   62.8   0.1   1   2   1.4e-18   1.7e-15   55.3   0.0   648   822   380   560   373   625 0.77 chitin synthase G [Cordyceps javanica]
TQW01807.1           -           1059 1565at5125           -            965   9.6e-18   62.8   0.1   2   2    0.0021       2.5    5.1   0.2   878   949   730   800   722   816 0.75 chitin synthase G [Cordyceps javanica]
TQW05555.1           -            913 1565at5125           -            965   1.2e-16   59.2   8.1   1   2   1.3e-18   1.6e-15   55.4   0.0   648   822   386   564   381   651 0.83 chitin synthase A [Cordyceps javanica]
TQW05555.1           -            913 1565at5125           -            965   1.2e-16   59.2   8.1   2   2    0.0071       8.8    3.4   6.4   874   935   708   771   661   780 0.66 chitin synthase A [Cordyceps javanica]
TQW07858.1           -           1768 1565at5125           -            965   2.2e-15   55.0   2.9   1   1   2.9e-18   3.6e-15   54.3   2.9   650   942  1324  1610  1301  1626 0.79 chitin synthase D [Cordyceps javanica]
TQW04868.1           -            916 1565at5125           -            965   8.9e-15   53.0   6.1   1   2   2.2e-16   2.7e-13   48.1   0.1   649   850   376   576   370   667 0.70 chitin synthase A [Cordyceps javanica]
TQW04868.1           -            916 1565at5125           -            965   8.9e-15   53.0   6.1   2   2    0.0032         4    4.5   4.3   878   935   695   752   646   766 0.79 chitin synthase A [Cordyceps javanica]
#
# Program:         hmmsearch
# Version:         3.1b2 (February 2015)
# Pipeline mode:   SEARCH
# Query file:      /home/zack/funannotate_db/hypocreales_odb10/hmms/1565at5125.hmm
# Target file:     /home/zack/Desktop/IsariaPreferralGenome/MyGenomeSubmittedToNCBI/HypocrealesProteinSets/Cjavanica_IJ2G.faa
# Option settings: hmmsearch --domtblout /home/zack/Desktop/IsariaPreferralGenome/MyGenomeSubmittedToNCBI/HypocrealesProteinSets/BUSCO_AA_all/BUSCO_AA_Cjavanica_IJ2G/run_hypocreales_odb10/hmmer_output/initial_run_results/1565at5125.out --cpu 1 /home/zack/funannotate_db/hypocreales_odb10/hmms/1565at5125.hmm /home/zack/Desktop/IsariaPreferralGenome/MyGenomeSubmittedToNCBI/HypocrealesProteinSets/Cjavanica_IJ2G.faa 
# Current dir:     /home/zack/Desktop/IsariaPreferralGenome/MyGenomeSubmittedToNCBI/HypocrealesProteinSets/BUSCO_AA_all
# Date:            Mon Mar  4 15:05:37 2024
# [ok]
