#                                                                            --- full sequence --- -------------- this domain -------------   hmm coord   ali coord   env coord
# target name        accession   tlen query name           accession   qlen   E-value  score  bias   #  of  c-Evalue  i-Evalue  score  bias  from    to  from    to  from    to  acc description of target
#------------------- ---------- ----- -------------------- ---------- ----- --------- ------ ----- --- --- --------- --------- ------ ----- ----- ----- ----- ----- ----- ----- ---- ---------------------
TQW03548.1           -            593 16538at5125          -            404  3.8e-164  545.7   8.8   1   4     5e-35   7.9e-32  110.0   1.0     1    89    13   124    13   132 0.85 alpha/beta hydrolase [Cordyceps javanica]
TQW03548.1           -            593 16538at5125          -            404  3.8e-164  545.7   8.8   2   4   4.8e-13   7.6e-10   37.6   0.1    91   136   174   233   158   240 0.76 alpha/beta hydrolase [Cordyceps javanica]
TQW03548.1           -            593 16538at5125          -            404  3.8e-164  545.7   8.8   3   4   5.1e-10   8.1e-07   27.6   0.0   134   163   253   282   249   285 0.92 alpha/beta hydrolase [Cordyceps javanica]
TQW03548.1           -            593 16538at5125          -            404  3.8e-164  545.7   8.8   4   4    2e-114  3.2e-111  371.4   0.1   164   404   325   583   314   583 0.93 alpha/beta hydrolase [Cordyceps javanica]
TQW10128.1           -            292 16538at5125          -            404   1.9e-06   26.4   0.0   1   2    0.0017       2.7    6.1   0.0   209   281    57   129    54   161 0.80 proline iminopeptidase [Cordyceps javanica]
TQW10128.1           -            292 16538at5125          -            404   1.9e-06   26.4   0.0   2   2   3.2e-07   0.00051   18.4   0.0   342   404   225   289   206   289 0.82 proline iminopeptidase [Cordyceps javanica]
TQW09755.1           -            341 16538at5125          -            404     6e-06   24.7   0.0   1   2   5.9e-06    0.0094   14.2   0.0   228   279   122   174   101   177 0.83 alpha/beta hydrolase fold domain containing protein [Cordyceps javanica]
TQW09755.1           -            341 16538at5125          -            404     6e-06   24.7   0.0   2   2   0.00034      0.54    8.4   0.0   372   404   307   339   295   339 0.89 alpha/beta hydrolase fold domain containing protein [Cordyceps javanica]
TQW07729.1           -            349 16538at5125          -            404   0.00031   19.1   0.2   1   2   7.9e-07    0.0013   17.1   0.0   210   319    26   142     6   153 0.71 glycylpeptide N-tetradecanoyltransferase [Cordyceps javanica]
TQW07729.1           -            349 16538at5125          -            404   0.00031   19.1   0.2   2   2      0.15   2.4e+02   -0.3   0.0   376   399   314   337   272   342 0.75 glycylpeptide N-tetradecanoyltransferase [Cordyceps javanica]
TQW01996.1           -            408 16538at5125          -            404   0.00081   17.7   0.1   1   2   1.2e-06     0.002   16.4   0.0   202   273   134   214   126   233 0.79 carboxylesterase-mitochondrial 37S ribosomal protein YmS2 [Cordyceps javanica]
TQW01996.1           -            408 16538at5125          -            404   0.00081   17.7   0.1   2   2      0.79   1.3e+03   -2.7   0.0   371   387   351   367   345   376 0.80 carboxylesterase-mitochondrial 37S ribosomal protein YmS2 [Cordyceps javanica]
TQW11429.1           -            533 16538at5125          -            404    0.0017   16.7   0.0   1   1   1.6e-06    0.0025   16.1   0.0   230   281   227   280   217   298 0.77 homoserine O-acetyltransferase [Cordyceps javanica]
TQW07464.1           -            518 16538at5125          -            404     0.098   10.8   0.0   1   3     0.004       6.4    4.9   0.0   234   277   208   252   191   256 0.82 alpha/beta hydrolase [Cordyceps javanica]
TQW07464.1           -            518 16538at5125          -            404     0.098   10.8   0.0   2   3      0.46   7.4e+02   -1.9   0.0   110   153   352   395   350   400 0.72 alpha/beta hydrolase [Cordyceps javanica]
TQW07464.1           -            518 16538at5125          -            404     0.098   10.8   0.0   3   3     0.019        30    2.6   0.0   370   402   471   503   455   505 0.83 alpha/beta hydrolase [Cordyceps javanica]
#
# Program:         hmmsearch
# Version:         3.1b2 (February 2015)
# Pipeline mode:   SEARCH
# Query file:      /home/zack/funannotate_db/hypocreales_odb10/hmms/16538at5125.hmm
# Target file:     /home/zack/Desktop/IsariaPreferralGenome/MyGenomeSubmittedToNCBI/HypocrealesProteinSets/Cjavanica_IJ2G.faa
# Option settings: hmmsearch --domtblout /home/zack/Desktop/IsariaPreferralGenome/MyGenomeSubmittedToNCBI/HypocrealesProteinSets/BUSCO_AA_all/BUSCO_AA_Cjavanica_IJ2G/run_hypocreales_odb10/hmmer_output/initial_run_results/16538at5125.out --cpu 1 /home/zack/funannotate_db/hypocreales_odb10/hmms/16538at5125.hmm /home/zack/Desktop/IsariaPreferralGenome/MyGenomeSubmittedToNCBI/HypocrealesProteinSets/Cjavanica_IJ2G.faa 
# Current dir:     /home/zack/Desktop/IsariaPreferralGenome/MyGenomeSubmittedToNCBI/HypocrealesProteinSets/BUSCO_AA_all
# Date:            Mon Mar  4 15:05:27 2024
# [ok]
