#                                                                            --- full sequence --- -------------- this domain -------------   hmm coord   ali coord   env coord
# target name        accession   tlen query name           accession   qlen   E-value  score  bias   #  of  c-Evalue  i-Evalue  score  bias  from    to  from    to  from    to  acc description of target
#------------------- ---------- ----- -------------------- ---------- ----- --------- ------ ----- --- --- --------- --------- ------ ----- ----- ----- ----- ----- ----- ----- ---- ---------------------
TQW05098.1           -            554 18500at5125          -            459  1.4e-283  939.5   1.0   1   2    0.0022       4.2    5.0   0.1     1    22     1    27     1    36 0.88 snRNP assembly factor [Cordyceps javanica]
TQW05098.1           -            554 18500at5125          -            459  1.4e-283  939.5   1.0   2   2  5.6e-285    1e-281  933.3   0.1    21   459    74   542    66   542 0.96 snRNP assembly factor [Cordyceps javanica]
TQW11529.1           -           2124 18500at5125          -            459   6.8e-06   24.1   0.0   1   2   9.4e-07    0.0017   16.1   0.0   130   189  1166  1225  1155  1290 0.86 ubiquitin C-terminal hydrolase [Cordyceps javanica]
TQW11529.1           -           2124 18500at5125          -            459   6.8e-06   24.1   0.0   2   2    0.0015       2.8    5.6   0.0   321   435  1330  1445  1312  1453 0.78 ubiquitin C-terminal hydrolase [Cordyceps javanica]
TQW08670.1           -            637 18500at5125          -            459   0.00012   20.0   0.0   1   1     1e-07   0.00019   19.3   0.0    45   100   352   407   347   423 0.93 RING and UBP finger domain protein [Cordyceps javanica]
TQW06429.1           -           1576 18500at5125          -            459   0.00084   17.2   0.0   1   2   0.00049      0.91    7.2   0.0   137   247   600   721   593   728 0.73 ubiquitin C-terminal hydrolase [Cordyceps javanica]
TQW06429.1           -           1576 18500at5125          -            459   0.00084   17.2   0.0   2   2   0.00037      0.69    7.6   0.0   324   398  1296  1367  1279  1372 0.76 ubiquitin C-terminal hydrolase [Cordyceps javanica]
TQW08681.1           -           1016 18500at5125          -            459    0.0061   14.3   0.3   1   3      0.97   1.8e+03   -3.7   0.0   153   190    75   114    73   119 0.78 ubiquitin carboxyl-terminal hydrolase [Cordyceps javanica]
TQW08681.1           -           1016 18500at5125          -            459    0.0061   14.3   0.3   2   3   0.00039      0.72    7.5   0.0   211   252   729   770   706   779 0.87 ubiquitin carboxyl-terminal hydrolase [Cordyceps javanica]
TQW08681.1           -           1016 18500at5125          -            459    0.0061   14.3   0.3   3   3    0.0041       7.6    4.1   0.0   342   408   875   954   850   986 0.69 ubiquitin carboxyl-terminal hydrolase [Cordyceps javanica]
TQW10582.1           -            661 18500at5125          -            459      0.11   10.2   0.0   1   1   0.00011       0.2    9.4   0.0   130   176    31    77    22    83 0.89 ubiquitin C-terminal hydrolase [Cordyceps javanica]
#
# Program:         hmmsearch
# Version:         3.1b2 (February 2015)
# Pipeline mode:   SEARCH
# Query file:      /home/zack/funannotate_db/hypocreales_odb10/hmms/18500at5125.hmm
# Target file:     /home/zack/Desktop/IsariaPreferralGenome/MyGenomeSubmittedToNCBI/HypocrealesProteinSets/Cjavanica_IJ2G.faa
# Option settings: hmmsearch --domtblout /home/zack/Desktop/IsariaPreferralGenome/MyGenomeSubmittedToNCBI/HypocrealesProteinSets/BUSCO_AA_all/BUSCO_AA_Cjavanica_IJ2G/run_hypocreales_odb10/hmmer_output/initial_run_results/18500at5125.out --cpu 1 /home/zack/funannotate_db/hypocreales_odb10/hmms/18500at5125.hmm /home/zack/Desktop/IsariaPreferralGenome/MyGenomeSubmittedToNCBI/HypocrealesProteinSets/Cjavanica_IJ2G.faa 
# Current dir:     /home/zack/Desktop/IsariaPreferralGenome/MyGenomeSubmittedToNCBI/HypocrealesProteinSets/BUSCO_AA_all
# Date:            Mon Mar  4 15:05:54 2024
# [ok]
