#                                                                            --- full sequence --- -------------- this domain -------------   hmm coord   ali coord   env coord
# target name        accession   tlen query name           accession   qlen   E-value  score  bias   #  of  c-Evalue  i-Evalue  score  bias  from    to  from    to  from    to  acc description of target
#------------------- ---------- ----- -------------------- ---------- ----- --------- ------ ----- --- --- --------- --------- ------ ----- ----- ----- ----- ----- ----- ----- ---- ---------------------
TQW08870.1           -            525 21747at5125          -            388  1.8e-164  546.4  10.9   1   4  1.9e-124  2.7e-121  404.3   2.0     1   258     1   297     1   306 0.93 Leucine Rich Repeat domain protein [Cordyceps javanica]
TQW08870.1           -            525 21747at5125          -            388  1.8e-164  546.4  10.9   2   4     3e-06    0.0042   15.2   0.1   257   286   322   351   312   362 0.89 Leucine Rich Repeat domain protein [Cordyceps javanica]
TQW08870.1           -            525 21747at5125          -            388  1.8e-164  546.4  10.9   3   4   1.8e-34   2.6e-31  108.1   0.1   286   367   383   464   359   471 0.90 Leucine Rich Repeat domain protein [Cordyceps javanica]
TQW08870.1           -            525 21747at5125          -            388  1.8e-164  546.4  10.9   4   4   3.5e-08   4.8e-05   21.6   0.0   362   388   479   505   474   505 0.92 Leucine Rich Repeat domain protein [Cordyceps javanica]
TQW06942.1           -           2145 21747at5125          -            388   1.1e-26   92.8  26.7   1   6   3.4e-07   0.00047   18.3   2.5   176   250   784   859   769   861 0.90 adenylate cyclase [Cordyceps javanica]
TQW06942.1           -           2145 21747at5125          -            388   1.1e-26   92.8  26.7   2   6   2.5e-11   3.5e-08   31.9   0.6   178   254   856   933   853   943 0.92 adenylate cyclase [Cordyceps javanica]
TQW06942.1           -           2145 21747at5125          -            388   1.1e-26   92.8  26.7   3   6   5.4e-07   0.00076   17.6   1.6   171   257   940  1024   931  1032 0.80 adenylate cyclase [Cordyceps javanica]
TQW06942.1           -           2145 21747at5125          -            388   1.1e-26   92.8  26.7   4   6   1.5e-07   0.00022   19.4   0.0   178   234  1036  1092  1031  1096 0.88 adenylate cyclase [Cordyceps javanica]
TQW06942.1           -           2145 21747at5125          -            388   1.1e-26   92.8  26.7   5   6     0.014        20    3.1   0.1   196   228  1213  1246  1210  1257 0.86 adenylate cyclase [Cordyceps javanica]
TQW06942.1           -           2145 21747at5125          -            388   1.1e-26   92.8  26.7   6   6   9.4e-07    0.0013   16.8   0.1   174   231  1263  1321  1255  1328 0.90 adenylate cyclase [Cordyceps javanica]
TQW09012.1           -           1102 21747at5125          -            388   7.7e-20   70.3  21.7   1   8      0.22     3e+02   -0.8   0.0   221   245   455   479   445   481 0.89 leucine-rich repeat-containing protein 40 [Cordyceps javanica]
TQW09012.1           -           1102 21747at5125          -            388   7.7e-20   70.3  21.7   2   8   3.3e-07   0.00046   18.3   1.7   196   256   532   593   528   599 0.88 leucine-rich repeat-containing protein 40 [Cordyceps javanica]
TQW09012.1           -           1102 21747at5125          -            388   7.7e-20   70.3  21.7   3   8   3.2e-07   0.00044   18.4   1.2   177   252   583   659   580   662 0.89 leucine-rich repeat-containing protein 40 [Cordyceps javanica]
TQW09012.1           -           1102 21747at5125          -            388   7.7e-20   70.3  21.7   4   8    0.0042       5.8    4.8   0.2   196   232   649   687   638   703 0.81 leucine-rich repeat-containing protein 40 [Cordyceps javanica]
TQW09012.1           -           1102 21747at5125          -            388   7.7e-20   70.3  21.7   5   8   2.1e-09   2.9e-06   25.6   0.0   179   254   705   779   696   792 0.90 leucine-rich repeat-containing protein 40 [Cordyceps javanica]
TQW09012.1           -           1102 21747at5125          -            388   7.7e-20   70.3  21.7   6   8   7.1e-05     0.099   10.7   1.0   170   234   906   972   893   988 0.76 leucine-rich repeat-containing protein 40 [Cordyceps javanica]
TQW09012.1           -           1102 21747at5125          -            388   7.7e-20   70.3  21.7   7   8   4.2e-06    0.0059   14.7   2.7   176   252   936  1016   931  1034 0.81 leucine-rich repeat-containing protein 40 [Cordyceps javanica]
TQW09012.1           -           1102 21747at5125          -            388   7.7e-20   70.3  21.7   8   8   0.00029       0.4    8.6   0.1   178   233   987  1041   978  1077 0.62 leucine-rich repeat-containing protein 40 [Cordyceps javanica]
TQW08811.1           -            945 21747at5125          -            388   4.4e-17   61.2   3.8   1   2   8.4e-09   1.2e-05   23.6   0.2   177   242   122   189   116   190 0.91 cell morphogenesis protein Sog2 [Cordyceps javanica]
TQW08811.1           -            945 21747at5125          -            388   4.4e-17   61.2   3.8   2   2   3.8e-16   5.3e-13   47.8   0.4   181   263   174   256   173   273 0.91 cell morphogenesis protein Sog2 [Cordyceps javanica]
TQW07262.1           -            699 21747at5125          -            388   1.4e-13   49.7   0.3   1   1   1.5e-16   2.1e-13   49.1   0.3   175   259   194   278   189   292 0.91 transcription factor [Cordyceps javanica]
TQW10373.1           -            842 21747at5125          -            388   5.2e-08   31.3   1.4   1   2   5.7e-06     0.008   14.3   1.1   195   247   443   497   435   502 0.82 leucine rich repeat protein [Cordyceps javanica]
TQW10373.1           -            842 21747at5125          -            388   5.2e-08   31.3   1.4   2   2   5.3e-06    0.0073   14.4   0.0   194   259   514   580   506   592 0.84 leucine rich repeat protein [Cordyceps javanica]
TQW08172.1           -            377 21747at5125          -            388   1.4e-05   23.3   9.1   1   2   0.00022       0.3    9.1   1.4   175   256   115   194   106   212 0.81 protein phosphatases PP1 regulatory subunit sds22 [Cordyceps javanica]
TQW08172.1           -            377 21747at5125          -            388   1.4e-05   23.3   9.1   2   2   5.4e-07   0.00075   17.6   1.2   175   233   226   282   217   350 0.91 protein phosphatases PP1 regulatory subunit sds22 [Cordyceps javanica]
TQW06193.1           -           1723 21747at5125          -            388    0.0011   17.1  17.7   1   4     0.013        19    3.2   0.0   197   233  1213  1251  1209  1257 0.85 conserved leucine-rich repeat protein [Cordyceps javanica]
TQW06193.1           -           1723 21747at5125          -            388    0.0011   17.1  17.7   2   4     0.003       4.2    5.3   0.6   197   253  1281  1335  1261  1346 0.83 conserved leucine-rich repeat protein [Cordyceps javanica]
TQW06193.1           -           1723 21747at5125          -            388    0.0011   17.1  17.7   3   4     0.017        24    2.8   0.3   194   245  1389  1437  1355  1456 0.68 conserved leucine-rich repeat protein [Cordyceps javanica]
TQW06193.1           -           1723 21747at5125          -            388    0.0011   17.1  17.7   4   4   8.2e-06     0.011   13.7   1.7   175   256  1483  1563  1479  1602 0.85 conserved leucine-rich repeat protein [Cordyceps javanica]
#
# Program:         hmmsearch
# Version:         3.1b2 (February 2015)
# Pipeline mode:   SEARCH
# Query file:      /home/zack/funannotate_db/hypocreales_odb10/hmms/21747at5125.hmm
# Target file:     /home/zack/Desktop/IsariaPreferralGenome/MyGenomeSubmittedToNCBI/HypocrealesProteinSets/Cjavanica_IJ2G.faa
# Option settings: hmmsearch --domtblout /home/zack/Desktop/IsariaPreferralGenome/MyGenomeSubmittedToNCBI/HypocrealesProteinSets/BUSCO_AA_all/BUSCO_AA_Cjavanica_IJ2G/run_hypocreales_odb10/hmmer_output/initial_run_results/21747at5125.out --cpu 1 /home/zack/funannotate_db/hypocreales_odb10/hmms/21747at5125.hmm /home/zack/Desktop/IsariaPreferralGenome/MyGenomeSubmittedToNCBI/HypocrealesProteinSets/Cjavanica_IJ2G.faa 
# Current dir:     /home/zack/Desktop/IsariaPreferralGenome/MyGenomeSubmittedToNCBI/HypocrealesProteinSets/BUSCO_AA_all
# Date:            Mon Mar  4 15:05:44 2024
# [ok]
