#                                                                            --- full sequence --- -------------- this domain -------------   hmm coord   ali coord   env coord
# target name        accession   tlen query name           accession   qlen   E-value  score  bias   #  of  c-Evalue  i-Evalue  score  bias  from    to  from    to  from    to  acc description of target
#------------------- ---------- ----- -------------------- ---------- ----- --------- ------ ----- --- --- --------- --------- ------ ----- ----- ----- ----- ----- ----- ----- ---- ---------------------
TQW07776.1           -            782 2219at5125           -            795  3.7e-199  662.8  29.0   1   4    9e-111  1.6e-108  363.0   8.2   216   404     1   213     1   229 0.94 WD domain-containing protein [Cordyceps javanica]
TQW07776.1           -            782 2219at5125           -            795  3.7e-199  662.8  29.0   2   4     2e-10   3.6e-08   31.1   3.3   568   620   241   310   217   333 0.66 WD domain-containing protein [Cordyceps javanica]
TQW07776.1           -            782 2219at5125           -            795  3.7e-199  662.8  29.0   3   4   0.00025     0.045   11.0   0.3   615   641   355   381   338   406 0.84 WD domain-containing protein [Cordyceps javanica]
TQW07776.1           -            782 2219at5125           -            795  3.7e-199  662.8  29.0   4   4   3.6e-80   6.4e-78  261.8   0.2   633   795   418   594   382   594 0.86 WD domain-containing protein [Cordyceps javanica]
TQW09183.1           -           1240 2219at5125           -            795   2.7e-14   51.4   0.3   1   3       1.4   2.5e+02   -1.4   0.0   231   266    40    78    35    83 0.81 protein transport protein (SEC31) [Cordyceps javanica]
TQW09183.1           -           1240 2219at5125           -            795   2.7e-14   51.4   0.3   2   3   9.9e-11   1.8e-08   32.1   0.1    88   225    85   225    73   235 0.84 protein transport protein (SEC31) [Cordyceps javanica]
TQW09183.1           -           1240 2219at5125           -            795   2.7e-14   51.4   0.3   3   3   7.1e-06    0.0013   16.1   0.0   189   238   236   286   232   293 0.92 protein transport protein (SEC31) [Cordyceps javanica]
TQW10537.1           -            960 2219at5125           -            795   8.7e-13   46.4   9.8   1   4   9.6e-07   0.00017   18.9   0.1   159   241    60   141    55   148 0.90 WD repeat protein [Cordyceps javanica]
TQW10537.1           -            960 2219at5125           -            795   8.7e-13   46.4   9.8   2   4      0.94   1.7e+02   -0.9   0.2   194   239   200   245   184   258 0.67 WD repeat protein [Cordyceps javanica]
TQW10537.1           -            960 2219at5125           -            795   8.7e-13   46.4   9.8   3   4   0.00011      0.02   12.1   0.0   184   242   481   538   472   562 0.78 WD repeat protein [Cordyceps javanica]
TQW10537.1           -            960 2219at5125           -            795   8.7e-13   46.4   9.8   4   4   1.2e-06   0.00021   18.6   0.3   137   239   619   723   598   727 0.78 WD repeat protein [Cordyceps javanica]
TQW05746.1           -            318 2219at5125           -            795   3.7e-12   44.3   2.5   1   3     0.016       2.9    5.0   0.1   191   240    38    89    22    97 0.83 meiotic recombination protein Ski8/Rec14 [Cordyceps javanica]
TQW05746.1           -            318 2219at5125           -            795   3.7e-12   44.3   2.5   2   3     0.014       2.5    5.2   0.0   215   241   113   139   106   148 0.86 meiotic recombination protein Ski8/Rec14 [Cordyceps javanica]
TQW05746.1           -            318 2219at5125           -            795   3.7e-12   44.3   2.5   3   3   8.3e-11   1.5e-08   32.4   0.1   139   242   172   272   163   297 0.87 meiotic recombination protein Ski8/Rec14 [Cordyceps javanica]
TQW11322.1           -            354 2219at5125           -            795   5.8e-12   43.7   0.8   1   3   2.8e-05    0.0051   14.1   0.1   191   244    86   139    63   147 0.81 WD repeat-containing protein [Cordyceps javanica]
TQW11322.1           -            354 2219at5125           -            795   5.8e-12   43.7   0.8   2   3   2.2e-09   3.9e-07   27.7   0.0   124   243   149   264   143   272 0.88 WD repeat-containing protein [Cordyceps javanica]
TQW11322.1           -            354 2219at5125           -            795   5.8e-12   43.7   0.8   3   3       8.2   1.5e+03   -4.0   0.0   178   220   292   333   287   347 0.58 WD repeat-containing protein [Cordyceps javanica]
TQW01484.1           -           1077 2219at5125           -            795   2.1e-11   41.8   9.5   1   3    0.0069       1.2    6.2   0.0   206   242   722   758   710   763 0.85 NACHT and WD40 domain protein [Cordyceps javanica]
TQW01484.1           -           1077 2219at5125           -            795   2.1e-11   41.8   9.5   2   3   6.3e-08   1.1e-05   22.9   2.2   121   246   767   887   760   891 0.85 NACHT and WD40 domain protein [Cordyceps javanica]
TQW01484.1           -           1077 2219at5125           -            795   2.1e-11   41.8   9.5   3   3     9e-06    0.0016   15.7   0.2   166   241   894   967   887   973 0.88 NACHT and WD40 domain protein [Cordyceps javanica]
TQW06281.1           -            489 2219at5125           -            795   2.6e-11   41.5   7.7   1   2   9.2e-12   1.7e-09   35.5   3.4   127   240   261   380   215   390 0.79 ribosome biogenesis protein [Cordyceps javanica]
TQW06281.1           -            489 2219at5125           -            795   2.6e-11   41.5   7.7   2   2    0.0018      0.32    8.1   0.2   201   244   391   435   381   450 0.81 ribosome biogenesis protein [Cordyceps javanica]
TQW11900.1           -            490 2219at5125           -            795   1.5e-10   39.0   8.2   1   3    0.0054      0.97    6.5   0.1   206   242    64   101    57   119 0.83 DNA excision repair protein ERCC-8 [Cordyceps javanica]
TQW11900.1           -            490 2219at5125           -            795   1.5e-10   39.0   8.2   2   3   0.00051     0.092    9.9   0.3   166   241   174   250   128   257 0.74 DNA excision repair protein ERCC-8 [Cordyceps javanica]
TQW11900.1           -            490 2219at5125           -            795   1.5e-10   39.0   8.2   3   3   7.1e-09   1.3e-06   26.0   0.5   206   243   290   327   278   333 0.86 DNA excision repair protein ERCC-8 [Cordyceps javanica]
TQW08211.1           -            533 2219at5125           -            795   4.7e-10   37.3   0.2   1   3   8.1e-06    0.0014   15.9   0.0   168   243   242   317   231   327 0.80 mRNA splicing factor [Cordyceps javanica]
TQW08211.1           -            533 2219at5125           -            795   4.7e-10   37.3   0.2   2   3     0.045       8.1    3.5   0.0   174   239   335   401   321   405 0.82 mRNA splicing factor [Cordyceps javanica]
TQW08211.1           -            533 2219at5125           -            795   4.7e-10   37.3   0.2   3   3   3.1e-05    0.0055   14.0   0.3   144   238   436   533   424   533 0.73 mRNA splicing factor [Cordyceps javanica]
TQW12074.1           -            514 2219at5125           -            795   5.5e-10   37.1  12.2   1   5   1.3e-05    0.0023   15.2   2.3   131   241   153   268   141   287 0.84 Rsa4p [Cordyceps javanica]
TQW12074.1           -            514 2219at5125           -            795   5.5e-10   37.1  12.2   2   5       2.1   3.8e+02   -2.0   0.0    79    97   281   299   272   309 0.77 Rsa4p [Cordyceps javanica]
TQW12074.1           -            514 2219at5125           -            795   5.5e-10   37.1  12.2   3   5   2.1e-07   3.7e-05   21.1   0.1   178   238   369   429   359   435 0.87 Rsa4p [Cordyceps javanica]
TQW12074.1           -            514 2219at5125           -            795   5.5e-10   37.1  12.2   4   5      0.12        22    2.1   0.0   212   241   445   474   431   482 0.84 Rsa4p [Cordyceps javanica]
TQW12074.1           -            514 2219at5125           -            795   5.5e-10   37.1  12.2   5   5      0.11        21    2.2   0.1   208   237   483   512   477   513 0.91 Rsa4p [Cordyceps javanica]
TQW09050.1           -            447 2219at5125           -            795     3e-09   34.7   5.6   1   3    0.0039      0.69    7.0   0.1   166   238    66   136    59   143 0.81 protein SOF1 [Cordyceps javanica]
TQW09050.1           -            447 2219at5125           -            795     3e-09   34.7   5.6   2   3   4.8e-09   8.6e-07   26.6   1.0    90   238   166   312   156   338 0.85 protein SOF1 [Cordyceps javanica]
TQW09050.1           -            447 2219at5125           -            795     3e-09   34.7   5.6   3   3      0.12        21    2.1   0.1   215   244   332   361   321   375 0.71 protein SOF1 [Cordyceps javanica]
TQW05087.1           -            433 2219at5125           -            795   2.1e-08   31.9   1.4   1   3       3.7   6.6e+02   -2.8   0.1   634   659    12    37     7    44 0.83 chromatin assembly factor 1 subunit C [Cordyceps javanica]
TQW05087.1           -            433 2219at5125           -            795   2.1e-08   31.9   1.4   2   3     0.053       9.6    3.3   0.0    86   151   144   215   115   219 0.54 chromatin assembly factor 1 subunit C [Cordyceps javanica]
TQW05087.1           -            433 2219at5125           -            795   2.1e-08   31.9   1.4   3   3   4.7e-09   8.5e-07   26.6   0.2   123   243   237   361   229   367 0.87 chromatin assembly factor 1 subunit C [Cordyceps javanica]
TQW07331.1           -            606 2219at5125           -            795   9.8e-08   29.7   8.4   1   3     5e-07   9.1e-05   19.9   0.4    83   238    85   232    75   238 0.78 polyadenylation factor subunit 2 [Cordyceps javanica]
TQW07331.1           -            606 2219at5125           -            795   9.8e-08   29.7   8.4   2   3   0.00028      0.05   10.8   0.1   169   237   249   317   236   329 0.77 polyadenylation factor subunit 2 [Cordyceps javanica]
TQW07331.1           -            606 2219at5125           -            795   9.8e-08   29.7   8.4   3   3     0.085        15    2.6   0.5   205   244   353   393   344   416 0.75 polyadenylation factor subunit 2 [Cordyceps javanica]
TQW08333.1           -            467 2219at5125           -            795   1.9e-07   28.7   8.5   1   3     4e-05    0.0072   13.6   0.4   122   240   116   241   106   248 0.80 nuclear migration protein nudF [Cordyceps javanica]
TQW08333.1           -            467 2219at5125           -            795   1.9e-07   28.7   8.5   2   3      0.14        24    1.9   0.0   209   240   252   283   244   307 0.84 nuclear migration protein nudF [Cordyceps javanica]
TQW08333.1           -            467 2219at5125           -            795   1.9e-07   28.7   8.5   3   3   6.2e-06    0.0011   16.3   0.7   192   268   343   415   327   424 0.76 nuclear migration protein nudF [Cordyceps javanica]
TQW09884.1           -            603 2219at5125           -            795     6e-07   27.1   4.2   1   3      0.97   1.7e+02   -0.9   0.0   213   243   334   364   312   392 0.52 WD-repeat containing protein slp1 [Cordyceps javanica]
TQW09884.1           -            603 2219at5125           -            795     6e-07   27.1   4.2   2   3   1.2e-08   2.2e-06   25.2   1.1   180   266   384   467   349   476 0.87 WD-repeat containing protein slp1 [Cordyceps javanica]
TQW09884.1           -            603 2219at5125           -            795     6e-07   27.1   4.2   3   3      0.12        22    2.0   0.0   164   239   499   574   472   581 0.73 WD-repeat containing protein slp1 [Cordyceps javanica]
TQW04777.1           -            320 2219at5125           -            795   6.3e-07   27.0   0.3   1   4   6.4e-05     0.011   12.9   0.0   187   243    54   111    29   126 0.80 WD-repeat protein pop3 [Cordyceps javanica]
TQW04777.1           -            320 2219at5125           -            795   6.3e-07   27.0   0.3   2   4   5.4e-07   9.7e-05   19.8   0.1   136   240    91   192    52   199 0.86 WD-repeat protein pop3 [Cordyceps javanica]
TQW04777.1           -            320 2219at5125           -            795   6.3e-07   27.0   0.3   3   4    0.0002     0.037   11.3   0.2   137   245   133   245   122   254 0.75 WD-repeat protein pop3 [Cordyceps javanica]
TQW04777.1           -            320 2219at5125           -            795   6.3e-07   27.0   0.3   4   4      0.18        33    1.5   0.7   181   247   224   300   211   305 0.66 WD-repeat protein pop3 [Cordyceps javanica]
TQW05305.1           -           1623 2219at5125           -            795   8.4e-07   26.6   4.4   1   2   1.3e-07   2.4e-05   21.8   0.5   168   238   131   201   123   203 0.96 WD repeat protein [Cordyceps javanica]
TQW05305.1           -           1623 2219at5125           -            795   8.4e-07   26.6   4.4   2   2   0.00019     0.034   11.4   0.5   194   269   200   273   200   280 0.86 WD repeat protein [Cordyceps javanica]
TQW02732.1           -            752 2219at5125           -            795   9.5e-07   26.4   1.1   1   2   1.4e-05    0.0025   15.1   0.2   132   240   465   569   434   576 0.77 transcription initiation factor TFIID subunit [Cordyceps javanica]
TQW02732.1           -            752 2219at5125           -            795   9.5e-07   26.4   1.1   2   2   0.00062      0.11    9.7   0.0   178   246   592   660   580   669 0.87 transcription initiation factor TFIID subunit [Cordyceps javanica]
TQW04670.1           -            576 2219at5125           -            795   1.4e-06   25.8   2.3   1   3    0.0041      0.74    6.9   0.3   205   246   316   357   296   366 0.84 guanine nucleotide-binding protein beta subunit-like protein [Cordyceps javanica]
TQW04670.1           -            576 2219at5125           -            795   1.4e-06   25.8   2.3   2   3     0.064        12    3.0   0.0   212   242   410   440   387   450 0.86 guanine nucleotide-binding protein beta subunit-like protein [Cordyceps javanica]
TQW04670.1           -            576 2219at5125           -            795   1.4e-06   25.8   2.3   3   3   2.9e-05    0.0053   14.0   0.0   125   241   453   574   441   576 0.73 guanine nucleotide-binding protein beta subunit-like protein [Cordyceps javanica]
TQW08237.1           -            615 2219at5125           -            795   1.7e-06   25.6   0.0   1   2      0.35        64    0.5   0.0   126   197   385   455   370   464 0.60 WD repeat protein [Cordyceps javanica]
TQW08237.1           -            615 2219at5125           -            795   1.7e-06   25.6   0.0   2   2   7.9e-08   1.4e-05   22.5   0.0   168   244   493   571   479   583 0.86 WD repeat protein [Cordyceps javanica]
TQW04419.1           -            587 2219at5125           -            795   2.5e-06   25.0   0.2   1   3    0.0003     0.053   10.7   0.0   168   243   334   407   295   422 0.82 transcriptional repressor rco-1 [Cordyceps javanica]
TQW04419.1           -            587 2219at5125           -            795   2.5e-06   25.0   0.2   2   3     0.001      0.18    9.0   0.0   165   241   414   491   409   501 0.76 transcriptional repressor rco-1 [Cordyceps javanica]
TQW04419.1           -            587 2219at5125           -            795   2.5e-06   25.0   0.2   3   3      0.29        52    0.8   0.0   173   237   520   582   506   585 0.53 transcriptional repressor rco-1 [Cordyceps javanica]
TQW06322.1           -            714 2219at5125           -            795   2.6e-06   25.0   5.8   1   4       3.4   6.1e+02   -2.7   0.0   221   239   378   396   371   399 0.75 F-box and WD40 domain protein [Cordyceps javanica]
TQW06322.1           -            714 2219at5125           -            795   2.6e-06   25.0   5.8   2   4   0.00084      0.15    9.2   0.1   192   241   474   521   464   532 0.86 F-box and WD40 domain protein [Cordyceps javanica]
TQW06322.1           -            714 2219at5125           -            795   2.6e-06   25.0   5.8   3   4   0.00026     0.046   10.9   0.2   178   242   541   604   533   611 0.87 F-box and WD40 domain protein [Cordyceps javanica]
TQW06322.1           -            714 2219at5125           -            795   2.6e-06   25.0   5.8   4   4    0.0092       1.6    5.8   0.1   208   252   613   657   606   666 0.81 F-box and WD40 domain protein [Cordyceps javanica]
TQW04157.1           -            898 2219at5125           -            795   4.4e-06   24.2   2.6   1   3       3.9     7e+02   -2.9   0.1   213   241   154   182   148   184 0.86 periodic tryptophan protein 2 [Cordyceps javanica]
TQW04157.1           -            898 2219at5125           -            795   4.4e-06   24.2   2.6   2   3   0.00011      0.02   12.1   0.0   188   241   324   376   308   379 0.84 periodic tryptophan protein 2 [Cordyceps javanica]
TQW04157.1           -            898 2219at5125           -            795   4.4e-06   24.2   2.6   3   3   0.00023     0.041   11.1   0.1   138   243   402   506   384   534 0.77 periodic tryptophan protein 2 [Cordyceps javanica]
TQW09949.1           -            349 2219at5125           -            795   4.7e-06   24.1   1.7   1   3   0.00014     0.025   11.8   0.0   162   238    58   135    31   172 0.74 peroxisomal targeting signal 2 receptor [Cordyceps javanica]
TQW09949.1           -            349 2219at5125           -            795   4.7e-06   24.1   1.7   2   3   0.00032     0.057   10.6   0.1   182   242   226   288   214   294 0.80 peroxisomal targeting signal 2 receptor [Cordyceps javanica]
TQW09949.1           -            349 2219at5125           -            795   4.7e-06   24.1   1.7   3   3       1.2   2.2e+02   -1.3   0.1   206   239   307   342   302   347 0.78 peroxisomal targeting signal 2 receptor [Cordyceps javanica]
TQW06872.1           -            301 2219at5125           -            795   6.1e-06   23.7   0.5   1   2   1.9e-07   3.4e-05   21.3   0.0   135   230    52   146    41   172 0.83 WD repeat-containing protein [Cordyceps javanica]
TQW06872.1           -            301 2219at5125           -            795   6.1e-06   23.7   0.5   2   2      0.36        65    0.5   0.1   206   240   232   266   225   278 0.90 WD repeat-containing protein [Cordyceps javanica]
TQW10324.1           -            553 2219at5125           -            795   6.3e-06   23.7   0.1   1   1   8.9e-08   1.6e-05   22.4   0.1    79   264   175   355   136   377 0.76 small nucleolar ribonucleoprotein complex subunit [Cordyceps javanica]
TQW07602.1           -           1101 2219at5125           -            795     7e-06   23.5   0.6   1   2   0.00013     0.023   11.9   0.1   123   219   107   202    94   215 0.81 dynamin gtpase [Cordyceps javanica]
TQW07602.1           -           1101 2219at5125           -            795     7e-06   23.5   0.6   2   2   0.00073      0.13    9.4   0.1   201   242   222   263   214   309 0.85 dynamin gtpase [Cordyceps javanica]
TQW05690.1           -            305 2219at5125           -            795   7.6e-06   23.4   3.5   1   2   0.00021     0.037   11.2   0.3   182   241   142   200   134   206 0.88 transcriptional repressor TUP1 [Cordyceps javanica]
TQW05690.1           -            305 2219at5125           -            795   7.6e-06   23.4   3.5   2   2   0.00026     0.048   10.9   0.2   170   240   214   285   205   292 0.72 transcriptional repressor TUP1 [Cordyceps javanica]
TQW06636.1           -            897 2219at5125           -            795   1.2e-05   22.8   0.1   1   3      0.73   1.3e+02   -0.5   0.0   208   241    14    47     6    66 0.89 chromosome segregation protein (SepB) [Cordyceps javanica]
TQW06636.1           -            897 2219at5125           -            795   1.2e-05   22.8   0.1   2   3    0.0054      0.97    6.5   0.0   137   241    70   179    55   186 0.77 chromosome segregation protein (SepB) [Cordyceps javanica]
TQW06636.1           -            897 2219at5125           -            795   1.2e-05   22.8   0.1   3   3   0.00013     0.023   11.9   0.2   209   240   243   274   204   294 0.86 chromosome segregation protein (SepB) [Cordyceps javanica]
TQW11037.1           -            735 2219at5125           -            795   1.4e-05   22.6   1.7   1   2   0.00012     0.021   12.0   0.9   171   241   459   527   453   546 0.87 WD domain protein [Cordyceps javanica]
TQW11037.1           -            735 2219at5125           -            795   1.4e-05   22.6   1.7   2   2   0.00084      0.15    9.2   0.0   126   235   625   734   603   735 0.79 WD domain protein [Cordyceps javanica]
TQW11795.1           -            521 2219at5125           -            795   1.5e-05   22.5  12.5   1   3     0.038       6.8    3.8   0.1   203   239   138   175   129   183 0.84 ribosome biogenesis protein Sqt1 [Cordyceps javanica]
TQW11795.1           -            521 2219at5125           -            795   1.5e-05   22.5  12.5   2   3   1.3e-05    0.0024   15.2   0.3   182   246   216   285   186   294 0.67 ribosome biogenesis protein Sqt1 [Cordyceps javanica]
TQW11795.1           -            521 2219at5125           -            795   1.5e-05   22.5  12.5   3   3   0.00017     0.031   11.5   0.1   135   199   394   459   353   463 0.73 ribosome biogenesis protein Sqt1 [Cordyceps javanica]
TQW03775.1           -            359 2219at5125           -            795   1.9e-05   22.1   3.8   1   3   8.1e-05     0.015   12.6   0.2   209   243    70   104    58   124 0.83 guanine nucleotide-binding protein beta subunit [Cordyceps javanica]
TQW03775.1           -            359 2219at5125           -            795   1.9e-05   22.1   3.8   2   3     0.011         2    5.5   0.0   193   241   228   275   174   295 0.83 guanine nucleotide-binding protein beta subunit [Cordyceps javanica]
TQW03775.1           -            359 2219at5125           -            795   1.9e-05   22.1   3.8   3   3    0.0024      0.43    7.7   0.1   125   237   247   357   240   359 0.79 guanine nucleotide-binding protein beta subunit [Cordyceps javanica]
TQW04060.1           -            842 2219at5125           -            795     2e-05   22.0   2.4   1   3       5.6     1e+03   -3.4   0.6   213   240   304   334   299   337 0.71 RNA polymerase II Elongator subunit [Cordyceps javanica]
TQW04060.1           -            842 2219at5125           -            795     2e-05   22.0   2.4   2   3   1.1e-07     2e-05   22.0   2.4   174   240   370   440   366   453 0.83 RNA polymerase II Elongator subunit [Cordyceps javanica]
TQW04060.1           -            842 2219at5125           -            795     2e-05   22.0   2.4   3   3      0.57     1e+02   -0.1   0.0   222   294   762   833   758   836 0.69 RNA polymerase II Elongator subunit [Cordyceps javanica]
TQW08363.1           -            878 2219at5125           -            795   4.3e-05   20.9   5.6   1   4     7e-05     0.013   12.8   0.0   182   241   621   679   609   682 0.88 pre-mRNA splicing factor [Cordyceps javanica]
TQW08363.1           -            878 2219at5125           -            795   4.3e-05   20.9   5.6   2   4    0.0022       0.4    7.8   0.0   194   241   675   721   675   724 0.89 pre-mRNA splicing factor [Cordyceps javanica]
TQW08363.1           -            878 2219at5125           -            795   4.3e-05   20.9   5.6   3   4     0.054       9.7    3.2   0.5   166   219   736   787   731   791 0.71 pre-mRNA splicing factor [Cordyceps javanica]
TQW08363.1           -            878 2219at5125           -            795   4.3e-05   20.9   5.6   4   4         1   1.8e+02   -1.0   0.0   208   237   841   870   835   875 0.86 pre-mRNA splicing factor [Cordyceps javanica]
TQW08540.1           -            554 2219at5125           -            795     5e-05   20.7   2.1   1   1   2.4e-06   0.00042   17.7   1.5    77   196   355   482   282   491 0.71 rRNA processing protein Pwp1 [Cordyceps javanica]
TQW04167.1           -            610 2219at5125           -            795     6e-05   20.5  16.3   1   5      0.34        61    0.6   0.0   216   240   197   221   188   231 0.82 actin cortical patch component [Cordyceps javanica]
TQW04167.1           -            610 2219at5125           -            795     6e-05   20.5  16.3   2   5     0.001      0.18    9.0   0.1   208   241   233   266   220   276 0.81 actin cortical patch component [Cordyceps javanica]
TQW04167.1           -            610 2219at5125           -            795     6e-05   20.5  16.3   3   5      0.97   1.7e+02   -0.9   0.1   206   241   322   359   314   401 0.70 actin cortical patch component [Cordyceps javanica]
TQW04167.1           -            610 2219at5125           -            795     6e-05   20.5  16.3   4   5     0.023       4.2    4.4   1.4   205   243   528   566   498   574 0.83 actin cortical patch component [Cordyceps javanica]
TQW04167.1           -            610 2219at5125           -            795     6e-05   20.5  16.3   5   5   3.7e-05    0.0066   13.7   0.5   201   240   569   607   563   609 0.85 actin cortical patch component [Cordyceps javanica]
TQW05974.1           -           1042 2219at5125           -            795   9.2e-05   19.8   0.1   1   3         1   1.8e+02   -0.9   0.0   219   246    26    53    18    67 0.82 protein HIR1 [Cordyceps javanica]
TQW05974.1           -           1042 2219at5125           -            795   9.2e-05   19.8   0.1   2   3   0.00031     0.056   10.7   0.0   205   238   124   157   117   194 0.91 protein HIR1 [Cordyceps javanica]
TQW05974.1           -           1042 2219at5125           -            795   9.2e-05   19.8   0.1   3   3     0.017       3.1    4.9   0.0   198   235   328   366   307   373 0.81 protein HIR1 [Cordyceps javanica]
TQW11895.1           -            545 2219at5125           -            795    0.0001   19.7   0.3   1   2    0.0029      0.52    7.4   0.0   176   241    90   155    35   159 0.74 U3 small nucleolar RNA-associated protein 15 [Cordyceps javanica]
TQW11895.1           -            545 2219at5125           -            795    0.0001   19.7   0.3   2   2   0.00035     0.064   10.5   0.1   137   241   182   283   172   332 0.81 U3 small nucleolar RNA-associated protein 15 [Cordyceps javanica]
TQW08571.1           -            697 2219at5125           -            795   0.00014   19.3   0.0   1   2    0.0011      0.19    8.9   0.0   122   241   312   445   294   465 0.77 dynein intermediate chain [Cordyceps javanica]
TQW08571.1           -            697 2219at5125           -            795   0.00014   19.3   0.0   2   2    0.0017      0.31    8.2   0.0   167   241   578   663   569   674 0.80 dynein intermediate chain [Cordyceps javanica]
TQW10781.1           -            571 2219at5125           -            795   0.00016   19.0   0.3   1   2    0.0003     0.053   10.7   0.1   201   245   197   242    86   271 0.61 WD repeat protein [Cordyceps javanica]
TQW10781.1           -            571 2219at5125           -            795   0.00016   19.0   0.3   2   2    0.0069       1.2    6.2   0.0   190   272   332   415   317   439 0.74 WD repeat protein [Cordyceps javanica]
TQW06813.1           -            473 2219at5125           -            795    0.0002   18.7   1.0   1   2   4.6e-06   0.00083   16.7   0.2   125   241   167   279   163   285 0.87 pre-mRNA splicing factor prp46 [Cordyceps javanica]
TQW06813.1           -            473 2219at5125           -            795    0.0002   18.7   1.0   2   2      0.58     1e+02   -0.2   0.1   211   241   291   321   280   340 0.81 pre-mRNA splicing factor prp46 [Cordyceps javanica]
TQW02448.1           -            773 2219at5125           -            795   0.00032   18.1   0.7   1   3    0.0012      0.22    8.7   0.1   198   241    96   140    26   144 0.73 polyubiquitin binding protein [Cordyceps javanica]
TQW02448.1           -            773 2219at5125           -            795   0.00032   18.1   0.7   2   3    0.0043      0.78    6.9   0.0   138   255   166   286   158   293 0.76 polyubiquitin binding protein [Cordyceps javanica]
TQW02448.1           -            773 2219at5125           -            795   0.00032   18.1   0.7   3   3       1.9   3.4e+02   -1.9   0.0   137   151   295   309   280   313 0.79 polyubiquitin binding protein [Cordyceps javanica]
TQW04662.1           -            744 2219at5125           -            795    0.0015   15.9   0.7   1   2   0.00029     0.052   10.7   0.2   209   266   399   452   392   464 0.65 eukaryotic ribosome biogenesis protein 1 [Cordyceps javanica]
TQW04662.1           -            744 2219at5125           -            795    0.0015   15.9   0.7   2   2     0.047       8.5    3.4   0.0    79   150   663   743   600   744 0.73 eukaryotic ribosome biogenesis protein 1 [Cordyceps javanica]
TQW02457.1           -            660 2219at5125           -            795    0.0024   15.2   0.3   1   3     0.071        13    2.8   0.0   121   155   110   143    99   159 0.84 transcription factor SPT8 [Cordyceps javanica]
TQW02457.1           -            660 2219at5125           -            795    0.0024   15.2   0.3   2   3     0.016       2.8    5.0   0.0   187   242   209   265   204   286 0.83 transcription factor SPT8 [Cordyceps javanica]
TQW02457.1           -            660 2219at5125           -            795    0.0024   15.2   0.3   3   3     0.049       8.9    3.4   0.2   186   262   509   586   490   600 0.74 transcription factor SPT8 [Cordyceps javanica]
TQW06202.1           -            824 2219at5125           -            795    0.0029   14.9   2.0   1   2       1.8   3.3e+02   -1.8   0.2   136   151   486   501   483   505 0.85 WD repeat protein [Cordyceps javanica]
TQW06202.1           -            824 2219at5125           -            795    0.0029   14.9   2.0   2   2   2.4e-05    0.0044   14.3   0.1   205   264   744   803   707   821 0.80 WD repeat protein [Cordyceps javanica]
TQW02142.1           -            839 2219at5125           -            795    0.0034   14.7   1.3   1   3   0.00022     0.039   11.2   0.2   134   241    66   172    63   178 0.86 coatomer beta' subunit [Cordyceps javanica]
TQW02142.1           -            839 2219at5125           -            795    0.0034   14.7   1.3   2   3      0.43        77    0.3   0.0   121   153   183   216   175   227 0.77 coatomer beta' subunit [Cordyceps javanica]
TQW02142.1           -            839 2219at5125           -            795    0.0034   14.7   1.3   3   3      0.92   1.6e+02   -0.8   0.0   138   159   243   263   221   304 0.61 coatomer beta' subunit [Cordyceps javanica]
TQW11539.1           -            679 2219at5125           -            795    0.0038   14.5   3.8   1   4       1.5   2.7e+02   -1.5   0.0   219   243   332   356   326   360 0.85 F-box and WD repeat-containing protein [Cordyceps javanica]
TQW11539.1           -            679 2219at5125           -            795    0.0038   14.5   3.8   2   4       1.8   3.2e+02   -1.8   0.1   220   240   374   394   341   399 0.78 F-box and WD repeat-containing protein [Cordyceps javanica]
TQW11539.1           -            679 2219at5125           -            795    0.0038   14.5   3.8   3   4      0.45        80    0.2   0.1   194   238   431   472   356   480 0.58 F-box and WD repeat-containing protein [Cordyceps javanica]
TQW11539.1           -            679 2219at5125           -            795    0.0038   14.5   3.8   4   4   3.3e-05    0.0059   13.9   0.3   178   241   495   555   456   561 0.78 F-box and WD repeat-containing protein [Cordyceps javanica]
TQW05099.1           -            902 2219at5125           -            795    0.0039   14.5   9.7   1   5       5.8     1e+03   -3.5   0.0   211   244    62    95    51    98 0.83 small nucleolar ribonucleoprotein complex subunit [Cordyceps javanica]
TQW05099.1           -            902 2219at5125           -            795    0.0039   14.5   9.7   2   5      0.61   1.1e+02   -0.2   0.0   212   241   113   142    99   147 0.76 small nucleolar ribonucleoprotein complex subunit [Cordyceps javanica]
TQW05099.1           -            902 2219at5125           -            795    0.0039   14.5   9.7   3   5    0.0018      0.33    8.1   0.1   138   251   197   304   179   324 0.74 small nucleolar ribonucleoprotein complex subunit [Cordyceps javanica]
TQW05099.1           -            902 2219at5125           -            795    0.0039   14.5   9.7   4   5    0.0057         1    6.5   0.2   204   241   530   567   503   591 0.85 small nucleolar ribonucleoprotein complex subunit [Cordyceps javanica]
TQW05099.1           -            902 2219at5125           -            795    0.0039   14.5   9.7   5   5     0.088        16    2.5   0.3   166   242   634   716   598   728 0.68 small nucleolar ribonucleoprotein complex subunit [Cordyceps javanica]
TQW03478.1           -            470 2219at5125           -            795    0.0045   14.3   0.5   1   3       3.6   6.4e+02   -2.8   0.2   209   254    67   118    65   121 0.68 cytosolic iron-sulfur protein assembly protein [Cordyceps javanica]
TQW03478.1           -            470 2219at5125           -            795    0.0045   14.3   0.5   2   3   2.5e-05    0.0045   14.3   0.5   204   288   148   237   143   241 0.82 cytosolic iron-sulfur protein assembly protein [Cordyceps javanica]
TQW03478.1           -            470 2219at5125           -            795    0.0045   14.3   0.5   3   3       4.5   8.1e+02   -3.1   0.0   208   237   335   364   333   372 0.84 cytosolic iron-sulfur protein assembly protein [Cordyceps javanica]
TQW09785.1           -            464 2219at5125           -            795    0.0047   14.2   0.4   1   2   0.00052     0.094    9.9   0.0   177   243    34    99    29   113 0.86 WD repeat protein [Cordyceps javanica]
TQW09785.1           -            464 2219at5125           -            795    0.0047   14.2   0.4   2   2      0.44        79    0.2   0.0   114   153   157   196   140   217 0.81 WD repeat protein [Cordyceps javanica]
TQW10770.1           -           1880 2219at5125           -            795     0.006   13.8   0.1   1   2       3.1   5.6e+02   -2.6   0.0   209   239  1349  1380  1344  1385 0.71 GTP binding protein (Bud4) [Cordyceps javanica]
TQW10770.1           -           1880 2219at5125           -            795     0.006   13.8   0.1   2   2   9.4e-05     0.017   12.4   0.1   168   241  1408  1479  1357  1492 0.90 GTP binding protein (Bud4) [Cordyceps javanica]
TQW07919.1           -            532 2219at5125           -            795    0.0068   13.7   0.0   1   2   0.00024     0.043   11.0   0.0   167   240   131   209    98   216 0.74 embryonic ectoderm development protein [Cordyceps javanica]
TQW07919.1           -            532 2219at5125           -            795    0.0068   13.7   0.0   2   2      0.53        95   -0.0   0.0   175   198   348   371   344   375 0.87 embryonic ectoderm development protein [Cordyceps javanica]
TQW07412.1           -            713 2219at5125           -            795      0.01   13.1   1.5   1   2     0.011       1.9    5.6   1.3   161   237    57    90     2   189 0.55 chromatin assembly factor 1 subunit B [Cordyceps javanica]
TQW07412.1           -            713 2219at5125           -            795      0.01   13.1   1.5   2   2     0.072        13    2.8   0.0   185   231   490   535   483   548 0.81 chromatin assembly factor 1 subunit B [Cordyceps javanica]
TQW10738.1           -             92 2219at5125           -            795     0.011   13.0   0.3   1   1   6.3e-05     0.011   12.9   0.3   752   789    31    68    10    73 0.86 60S ribosomal protein L43 [Cordyceps javanica]
TQW11288.1           -            378 2219at5125           -            795     0.011   12.9   0.0   1   3     0.014       2.5    5.2   0.0   204   241   134   171    49   178 0.77 histone H3 methyltransferase complex and RNA cleavage factor II complex, subunit SWD2 [Cordyceps javanica]
TQW11288.1           -            378 2219at5125           -            795     0.011   12.9   0.0   2   3      0.13        23    2.0   0.0    89   145   192   248   175   255 0.71 histone H3 methyltransferase complex and RNA cleavage factor II complex, subunit SWD2 [Cordyceps javanica]
TQW11288.1           -            378 2219at5125           -            795     0.011   12.9   0.0   3   3      0.17        30    1.6   0.0   216   268   306   359   299   369 0.74 histone H3 methyltransferase complex and RNA cleavage factor II complex, subunit SWD2 [Cordyceps javanica]
TQW07701.1           -            876 2219at5125           -            795     0.014   12.7   0.2   1   1   0.00015     0.028   11.7   0.2   122   246   184   312   147   321 0.73 small nucleolar ribonucleoprotein complex subunit [Cordyceps javanica]
TQW09568.1           -           1216 2219at5125           -            795     0.019   12.2   5.9   1   4      0.37        66    0.5   0.0   189   239    37    86    21    89 0.85 coatomer alpha subunit [Cordyceps javanica]
TQW09568.1           -           1216 2219at5125           -            795     0.019   12.2   5.9   2   4     0.037       6.7    3.8   0.3   206   249   137   180   119   190 0.81 coatomer alpha subunit [Cordyceps javanica]
TQW09568.1           -           1216 2219at5125           -            795     0.019   12.2   5.9   3   4     0.034       6.2    3.9   0.0   206   242   211   247   202   252 0.91 coatomer alpha subunit [Cordyceps javanica]
TQW09568.1           -           1216 2219at5125           -            795     0.019   12.2   5.9   4   4      0.12        21    2.1   0.0   216   243   265   292   254   315 0.75 coatomer alpha subunit [Cordyceps javanica]
TQW05353.1           -            510 2219at5125           -            795     0.019   12.2   0.6   1   1   0.00025     0.045   11.0   0.6   199   241   245   287   227   292 0.81 WD domain, g-beta repeat domain-containing protein [Cordyceps javanica]
TQW12211.1           -            661 2219at5125           -            795     0.021   12.1   1.5   1   3    0.0045      0.81    6.8   0.1   178   247   367   437   358   442 0.78 WD repeat protein [Cordyceps javanica]
TQW12211.1           -            661 2219at5125           -            795     0.021   12.1   1.5   2   3     0.044       7.9    3.5   0.0   215   242   450   477   440   492 0.82 WD repeat protein [Cordyceps javanica]
TQW12211.1           -            661 2219at5125           -            795     0.021   12.1   1.5   3   3       4.9   8.8e+02   -3.2   0.0    90   110   545   565   541   580 0.59 WD repeat protein [Cordyceps javanica]
TQW07821.1           -           1041 2219at5125           -            795     0.025   11.8   0.2   1   3      0.13        24    2.0   0.0    92   223   149   284   143   307 0.70 snoRNA binding protein [Cordyceps javanica]
TQW07821.1           -           1041 2219at5125           -            795     0.025   11.8   0.2   2   3      0.13        23    2.0   0.0   207   240   618   651   538   667 0.74 snoRNA binding protein [Cordyceps javanica]
TQW07821.1           -           1041 2219at5125           -            795     0.025   11.8   0.2   3   3     0.039       7.1    3.7   0.1   212   242   708   738   682   794 0.84 snoRNA binding protein [Cordyceps javanica]
TQW04981.1           -            477 2219at5125           -            795      0.12    9.6   3.6   1   3     0.089        16    2.5   0.1   223   244   177   198   162   203 0.81 ribosome biogenesis protein YTM1 [Cordyceps javanica]
TQW04981.1           -            477 2219at5125           -            795      0.12    9.6   3.6   2   3       1.9   3.4e+02   -1.9   0.0   200   244   204   248   200   293 0.75 ribosome biogenesis protein YTM1 [Cordyceps javanica]
TQW04981.1           -            477 2219at5125           -            795      0.12    9.6   3.6   3   3    0.0039      0.69    7.0   0.2   191   244   352   408   272   433 0.62 ribosome biogenesis protein YTM1 [Cordyceps javanica]
TQW05062.1           -            656 2219at5125           -            795      0.13    9.4  10.4   1   3      0.26        47    1.0   0.1   203   241   310   348   300   392 0.81 WD-repeat protein [Cordyceps javanica]
TQW05062.1           -            656 2219at5125           -            795      0.13    9.4  10.4   2   3     0.061        11    3.1   1.4   216   277   439   504   429   512 0.72 WD-repeat protein [Cordyceps javanica]
TQW05062.1           -            656 2219at5125           -            795      0.13    9.4  10.4   3   3    0.0006      0.11    9.7   0.4   181   241   514   571   509   576 0.81 WD-repeat protein [Cordyceps javanica]
#
# Program:         hmmsearch
# Version:         3.1b2 (February 2015)
# Pipeline mode:   SEARCH
# Query file:      /home/zack/funannotate_db/hypocreales_odb10/hmms/2219at5125.hmm
# Target file:     /home/zack/Desktop/IsariaPreferralGenome/MyGenomeSubmittedToNCBI/HypocrealesProteinSets/Cjavanica_IJ2G.faa
# Option settings: hmmsearch --domtblout /home/zack/Desktop/IsariaPreferralGenome/MyGenomeSubmittedToNCBI/HypocrealesProteinSets/BUSCO_AA_all/BUSCO_AA_Cjavanica_IJ2G/run_hypocreales_odb10/hmmer_output/initial_run_results/2219at5125.out --cpu 1 /home/zack/funannotate_db/hypocreales_odb10/hmms/2219at5125.hmm /home/zack/Desktop/IsariaPreferralGenome/MyGenomeSubmittedToNCBI/HypocrealesProteinSets/Cjavanica_IJ2G.faa 
# Current dir:     /home/zack/Desktop/IsariaPreferralGenome/MyGenomeSubmittedToNCBI/HypocrealesProteinSets/BUSCO_AA_all
# Date:            Mon Mar  4 15:06:05 2024
# [ok]
