#                                                                            --- full sequence --- -------------- this domain -------------   hmm coord   ali coord   env coord
# target name        accession   tlen query name           accession   qlen   E-value  score  bias   #  of  c-Evalue  i-Evalue  score  bias  from    to  from    to  from    to  acc description of target
#------------------- ---------- ----- -------------------- ---------- ----- --------- ------ ----- --- --- --------- --------- ------ ----- ----- ----- ----- ----- ----- ----- ---- ---------------------
TQW08600.1           -           1671 2290at5125           -           1052         0 1728.3  95.9   1   5     4e-14   8.9e-11   39.8   1.3     1    57    40    98    40   121 0.75 PHD finger and BAH domain protein (Snt2) [Cordyceps javanica]
TQW08600.1           -           1671 2290at5125           -           1052         0 1728.3  95.9   2   5  1.3e-300  2.8e-297  988.4  41.5    32   619   189   902   179   911 0.86 PHD finger and BAH domain protein (Snt2) [Cordyceps javanica]
TQW08600.1           -           1671 2290at5125           -           1052         0 1728.3  95.9   3   5  2.7e-181    6e-178  593.3  14.9   614   924   925  1252   906  1264 0.93 PHD finger and BAH domain protein (Snt2) [Cordyceps javanica]
TQW08600.1           -           1671 2290at5125           -           1052         0 1728.3  95.9   4   5   2.1e-38   4.7e-35  120.2   0.8   907  1004  1265  1357  1248  1394 0.76 PHD finger and BAH domain protein (Snt2) [Cordyceps javanica]
TQW08600.1           -           1671 2290at5125           -           1052         0 1728.3  95.9   5   5       4.4   9.9e+03   -6.7   8.6   999  1017  1505  1523  1461  1576 0.53 PHD finger and BAH domain protein (Snt2) [Cordyceps javanica]
TQW10372.1           -           1203 2290at5125           -           1052     1e-11   43.0  15.3   1   2   0.00017      0.38    8.0   8.0   635   681   457   503   452   519 0.82 PHD finger domain-containing protein [Cordyceps javanica]
TQW10372.1           -           1203 2290at5125           -           1052     1e-11   43.0  15.3   2   2   6.2e-14   1.4e-10   39.2   1.0   757   885   521   652   514   687 0.74 PHD finger domain-containing protein [Cordyceps javanica]
TQW11956.1           -            827 2290at5125           -           1052     0.004   14.5   0.5   1   1   2.6e-06    0.0059   13.9   0.5   633   683   299   349   280   374 0.81 origin recognition complex subunit 4 [Cordyceps javanica]
TQW07361.1           -            534 2290at5125           -           1052    0.0098   13.2   0.4   1   2    0.0035       7.7    3.6   0.1   526   557    83   112    56   122 0.80 GATA factor SREP [Cordyceps javanica]
TQW07361.1           -            534 2290at5125           -           1052    0.0098   13.2   0.4   2   2    0.0002      0.45    7.7   0.0   512   570   225   281   192   322 0.73 GATA factor SREP [Cordyceps javanica]
TQW08001.1           -            754 2290at5125           -           1052      0.11    9.7   2.8   1   1   7.9e-05      0.18    9.1   2.8   638   683   676   722   670   726 0.84 PHD finger domain protein [Cordyceps javanica]
#
# Program:         hmmsearch
# Version:         3.1b2 (February 2015)
# Pipeline mode:   SEARCH
# Query file:      /home/zack/funannotate_db/hypocreales_odb10/hmms/2290at5125.hmm
# Target file:     /home/zack/Desktop/IsariaPreferralGenome/MyGenomeSubmittedToNCBI/HypocrealesProteinSets/Cjavanica_IJ2G.faa
# Option settings: hmmsearch --domtblout /home/zack/Desktop/IsariaPreferralGenome/MyGenomeSubmittedToNCBI/HypocrealesProteinSets/BUSCO_AA_all/BUSCO_AA_Cjavanica_IJ2G/run_hypocreales_odb10/hmmer_output/initial_run_results/2290at5125.out --cpu 1 /home/zack/funannotate_db/hypocreales_odb10/hmms/2290at5125.hmm /home/zack/Desktop/IsariaPreferralGenome/MyGenomeSubmittedToNCBI/HypocrealesProteinSets/Cjavanica_IJ2G.faa 
# Current dir:     /home/zack/Desktop/IsariaPreferralGenome/MyGenomeSubmittedToNCBI/HypocrealesProteinSets/BUSCO_AA_all
# Date:            Mon Mar  4 15:05:50 2024
# [ok]
