#                                                                            --- full sequence --- -------------- this domain -------------   hmm coord   ali coord   env coord
# target name        accession   tlen query name           accession   qlen   E-value  score  bias   #  of  c-Evalue  i-Evalue  score  bias  from    to  from    to  from    to  acc description of target
#------------------- ---------- ----- -------------------- ---------- ----- --------- ------ ----- --- --- --------- --------- ------ ----- ----- ----- ----- ----- ----- ----- ---- ---------------------
TQW02457.1           -            660 23418at5125          -            465  1.7e-248  824.5  30.2   1   4    0.0015       0.4    8.9   3.0     1    28     1    32     1    39 0.73 transcription factor SPT8 [Cordyceps javanica]
TQW02457.1           -            660 23418at5125          -            465  1.7e-248  824.5  30.2   2   4  7.1e-134  1.9e-131  438.6   0.0    21   246    88   318    67   327 0.93 transcription factor SPT8 [Cordyceps javanica]
TQW02457.1           -            660 23418at5125          -            465  1.7e-248  824.5  30.2   3   4   9.6e-20   2.5e-17   62.3   7.9   235   296   331   404   320   423 0.81 transcription factor SPT8 [Cordyceps javanica]
TQW02457.1           -            660 23418at5125          -            465  1.7e-248  824.5  30.2   4   4  6.4e-100   1.7e-97  326.6   2.0   291   465   493   657   431   657 0.91 transcription factor SPT8 [Cordyceps javanica]
TQW03775.1           -            359 23418at5125          -            465   3.1e-15   55.4   5.0   1   4   4.8e-08   1.3e-05   23.7   0.1   300   402    83   181    76   185 0.85 guanine nucleotide-binding protein beta subunit [Cordyceps javanica]
TQW03775.1           -            359 23418at5125          -            465   3.1e-15   55.4   5.0   2   4    0.0013      0.35    9.1   0.0   175   215   170   213   156   215 0.81 guanine nucleotide-binding protein beta subunit [Cordyceps javanica]
TQW03775.1           -            359 23418at5125          -            465   3.1e-15   55.4   5.0   3   4   2.3e-05    0.0061   14.8   0.0   286   365   201   277   193   281 0.81 guanine nucleotide-binding protein beta subunit [Cordyceps javanica]
TQW03775.1           -            359 23418at5125          -            465   3.1e-15   55.4   5.0   4   4   3.3e-05    0.0089   14.3   0.2   117   191   285   357   280   359 0.86 guanine nucleotide-binding protein beta subunit [Cordyceps javanica]
TQW01484.1           -           1077 23418at5125          -            465   2.8e-11   42.3  11.9   1   5   0.00016     0.043   12.1   0.2   159   224   721   789   715   792 0.76 NACHT and WD40 domain protein [Cordyceps javanica]
TQW01484.1           -           1077 23418at5125          -            465   2.8e-11   42.3  11.9   2   5     0.003      0.79    7.9   0.1   159   201   763   805   760   820 0.83 NACHT and WD40 domain protein [Cordyceps javanica]
TQW01484.1           -           1077 23418at5125          -            465   2.8e-11   42.3  11.9   3   5   3.3e-05    0.0087   14.3   0.5   159   228   805   877   801   888 0.81 NACHT and WD40 domain protein [Cordyceps javanica]
TQW01484.1           -           1077 23418at5125          -            465   2.8e-11   42.3  11.9   4   5   0.00023     0.061   11.6   0.2   302   361   866   923   860   929 0.83 NACHT and WD40 domain protein [Cordyceps javanica]
TQW01484.1           -           1077 23418at5125          -            465   2.8e-11   42.3  11.9   5   5   8.2e-06    0.0022   16.3   0.5   158   228   888   961   883   977 0.83 NACHT and WD40 domain protein [Cordyceps javanica]
TQW04670.1           -            576 23418at5125          -            465   7.7e-11   40.9   5.8   1   4   1.6e-06   0.00041   18.7   1.3   134   225   288   385   275   391 0.77 guanine nucleotide-binding protein beta subunit-like protein [Cordyceps javanica]
TQW04670.1           -            576 23418at5125          -            465   7.7e-11   40.9   5.8   2   4     0.007       1.9    6.7   0.0   163   215   362   418   356   422 0.74 guanine nucleotide-binding protein beta subunit-like protein [Cordyceps javanica]
TQW04670.1           -            576 23418at5125          -            465   7.7e-11   40.9   5.8   3   4   0.00078      0.21    9.8   0.1   159   218   401   465   394   500 0.75 guanine nucleotide-binding protein beta subunit-like protein [Cordyceps javanica]
TQW04670.1           -            576 23418at5125          -            465   7.7e-11   40.9   5.8   4   4    0.0025      0.67    8.1   0.0   326   360   537   571   505   575 0.83 guanine nucleotide-binding protein beta subunit-like protein [Cordyceps javanica]
TQW06813.1           -            473 23418at5125          -            465   1.1e-10   40.4   2.0   1   2   0.00074       0.2    9.9   0.1   137   209   134   209   124   211 0.82 pre-mRNA splicing factor prp46 [Cordyceps javanica]
TQW06813.1           -            473 23418at5125          -            465   1.1e-10   40.4   2.0   2   2     3e-10     8e-08   31.0   0.5    77   320   206   454   199   466 0.78 pre-mRNA splicing factor prp46 [Cordyceps javanica]
TQW11322.1           -            354 23418at5125          -            465   2.3e-10   39.3   3.4   1   3     0.045        12    4.0   0.1   159   199   100   140    91   155 0.85 WD repeat-containing protein [Cordyceps javanica]
TQW11322.1           -            354 23418at5125          -            465   2.3e-10   39.3   3.4   2   3   6.2e-07   0.00016   20.0   0.1   292   365   152   222   145   230 0.84 WD repeat-containing protein [Cordyceps javanica]
TQW11322.1           -            354 23418at5125          -            465   2.3e-10   39.3   3.4   3   3   2.5e-05    0.0066   14.7   0.0   300   362   243   311   225   351 0.74 WD repeat-containing protein [Cordyceps javanica]
TQW11539.1           -            679 23418at5125          -            465   3.1e-10   38.9   5.5   1   4     0.049        13    3.9   0.1   151   198   312   357   287   360 0.79 F-box and WD repeat-containing protein [Cordyceps javanica]
TQW11539.1           -            679 23418at5125          -            465   3.1e-10   38.9   5.5   2   4   1.3e-05    0.0033   15.7   0.0   154   219   355   419   353   434 0.84 F-box and WD repeat-containing protein [Cordyceps javanica]
TQW11539.1           -            679 23418at5125          -            465   3.1e-10   38.9   5.5   3   4   0.00068      0.18   10.0   0.0   152   210   434   490   420   510 0.80 F-box and WD repeat-containing protein [Cordyceps javanica]
TQW11539.1           -            679 23418at5125          -            465   3.1e-10   38.9   5.5   4   4   0.00048      0.13   10.5   0.2   156   197   518   557   499   572 0.81 F-box and WD repeat-containing protein [Cordyceps javanica]
TQW04419.1           -            587 23418at5125          -            465   3.2e-10   38.9   2.1   1   5     0.037       9.8    4.3   0.0    47    74   335   362   326   371 0.79 transcriptional repressor rco-1 [Cordyceps javanica]
TQW04419.1           -            587 23418at5125          -            465   3.2e-10   38.9   2.1   2   5    0.0049       1.3    7.2   0.0   162   198   372   408   364   413 0.90 transcriptional repressor rco-1 [Cordyceps javanica]
TQW04419.1           -            587 23418at5125          -            465   3.2e-10   38.9   2.1   3   5     0.026       6.8    4.8   0.0   166   196   417   447   410   455 0.85 transcriptional repressor rco-1 [Cordyceps javanica]
TQW04419.1           -            587 23418at5125          -            465   3.2e-10   38.9   2.1   4   5     0.021       5.6    5.1   0.0   162   197   458   493   450   499 0.89 transcriptional repressor rco-1 [Cordyceps javanica]
TQW04419.1           -            587 23418at5125          -            465   3.2e-10   38.9   2.1   5   5   0.00011     0.028   12.7   0.0   153   210   502   562   496   578 0.79 transcriptional repressor rco-1 [Cordyceps javanica]
TQW06347.1           -            686 23418at5125          -            465   9.5e-10   37.3   5.5   1   5     0.012       3.2    5.9   0.0   157   204   348   393   341   398 0.77 protein MET30 [Cordyceps javanica]
TQW06347.1           -            686 23418at5125          -            465   9.5e-10   37.3   5.5   2   5   0.00021     0.057   11.7   0.1   154   200   385   429   383   439 0.86 protein MET30 [Cordyceps javanica]
TQW06347.1           -            686 23418at5125          -            465   9.5e-10   37.3   5.5   3   5   6.3e-07   0.00017   20.0   0.0   150   253   460   565   438   575 0.74 protein MET30 [Cordyceps javanica]
TQW06347.1           -            686 23418at5125          -            465   9.5e-10   37.3   5.5   4   5      0.25        67    1.5   0.1   178   207   579   608   576   630 0.80 protein MET30 [Cordyceps javanica]
TQW06347.1           -            686 23418at5125          -            465   9.5e-10   37.3   5.5   5   5      0.49   1.3e+02    0.6   0.0   155   214   598   658   595   672 0.72 protein MET30 [Cordyceps javanica]
TQW10537.1           -            960 23418at5125          -            465   9.8e-10   37.3   6.5   1   7      0.02       5.2    5.2   0.0   294   327    74   107    54   112 0.87 WD repeat protein [Cordyceps javanica]
TQW10537.1           -            960 23418at5125          -            465   9.8e-10   37.3   6.5   2   7      0.54   1.4e+02    0.5   0.0   160   208   106   157   101   171 0.77 WD repeat protein [Cordyceps javanica]
TQW10537.1           -            960 23418at5125          -            465   9.8e-10   37.3   6.5   3   7       3.3   8.7e+02   -2.1   0.0   297   344   182   230   160   248 0.63 WD repeat protein [Cordyceps javanica]
TQW10537.1           -            960 23418at5125          -            465   9.8e-10   37.3   6.5   4   7    0.0003     0.081   11.2   0.0   267   364   403   496   394   499 0.86 WD repeat protein [Cordyceps javanica]
TQW10537.1           -            960 23418at5125          -            465   9.8e-10   37.3   6.5   5   7    0.0021      0.55    8.4   0.1   159   194   501   536   497   546 0.91 WD repeat protein [Cordyceps javanica]
TQW10537.1           -            960 23418at5125          -            465   9.8e-10   37.3   6.5   6   7     0.094        25    3.0   0.0   160   205   601   646   589   662 0.80 WD repeat protein [Cordyceps javanica]
TQW10537.1           -            960 23418at5125          -            465   9.8e-10   37.3   6.5   7   7    0.0084       2.2    6.4   0.0   289   347   653   709   645   734 0.77 WD repeat protein [Cordyceps javanica]
TQW06322.1           -            714 23418at5125          -            465   1.9e-09   36.3   3.4   1   4   0.00029     0.076   11.3   0.0   152   195   356   398   347   406 0.73 F-box and WD40 domain protein [Cordyceps javanica]
TQW06322.1           -            714 23418at5125          -            465   1.9e-09   36.3   3.4   2   4   0.00017     0.044   12.0   0.0   158   214   486   543   463   552 0.84 F-box and WD40 domain protein [Cordyceps javanica]
TQW06322.1           -            714 23418at5125          -            465   1.9e-09   36.3   3.4   3   4    0.0089       2.4    6.3   0.1   151   198   559   606   547   613 0.88 F-box and WD40 domain protein [Cordyceps javanica]
TQW06322.1           -            714 23418at5125          -            465   1.9e-09   36.3   3.4   4   4     0.051        14    3.8   0.1   162   198   613   649   608   654 0.90 F-box and WD40 domain protein [Cordyceps javanica]
TQW06637.1           -            412 23418at5125          -            465   3.5e-08   32.1   2.3   1   3   3.1e-07   8.3e-05   21.0   0.1   168   219    85   140    69   142 0.84 WD repeat-containing protein [Cordyceps javanica]
TQW06637.1           -            412 23418at5125          -            465   3.5e-08   32.1   2.3   2   3    0.0064       1.7    6.8   0.0   179   228   141   191   134   236 0.72 WD repeat-containing protein [Cordyceps javanica]
TQW06637.1           -            412 23418at5125          -            465   3.5e-08   32.1   2.3   3   3      0.09        24    3.0   0.0   291   317   334   360   329   375 0.75 WD repeat-containing protein [Cordyceps javanica]
TQW05062.1           -            656 23418at5125          -            465   1.8e-07   29.8   4.2   1   3    0.0079       2.1    6.5   0.0   152   209   305   362   299   381 0.84 WD-repeat protein [Cordyceps javanica]
TQW05062.1           -            656 23418at5125          -            465   1.8e-07   29.8   4.2   2   3   0.00064      0.17   10.1   0.1   157   200   428   469   422   479 0.87 WD-repeat protein [Cordyceps javanica]
TQW05062.1           -            656 23418at5125          -            465   1.8e-07   29.8   4.2   3   3    0.0004      0.11   10.8   0.1   137   203   517   579   493   604 0.80 WD-repeat protein [Cordyceps javanica]
TQW11900.1           -            490 23418at5125          -            465   2.5e-07   29.3   1.6   1   5      0.04        11    4.2   0.0   156   196    60   101    45   109 0.82 DNA excision repair protein ERCC-8 [Cordyceps javanica]
TQW11900.1           -            490 23418at5125          -            465   2.5e-07   29.3   1.6   2   5       1.2   3.1e+02   -0.6   0.0   301   318   146   163   142   175 0.82 DNA excision repair protein ERCC-8 [Cordyceps javanica]
TQW11900.1           -            490 23418at5125          -            465   2.5e-07   29.3   1.6   3   5   0.00044      0.12   10.6   0.0   303   364   190   251   166   259 0.81 DNA excision repair protein ERCC-8 [Cordyceps javanica]
TQW11900.1           -            490 23418at5125          -            465   2.5e-07   29.3   1.6   4   5    0.0011       0.3    9.3   0.1   159   202   289   332   280   345 0.87 DNA excision repair protein ERCC-8 [Cordyceps javanica]
TQW11900.1           -            490 23418at5125          -            465   2.5e-07   29.3   1.6   5   5       1.8   4.9e+02   -1.3   0.0   299   320   429   450   426   455 0.82 DNA excision repair protein ERCC-8 [Cordyceps javanica]
TQW08333.1           -            467 23418at5125          -            465   4.4e-07   28.5   2.4   1   3     0.011       2.9    6.1   0.0   160   205   112   157   107   189 0.84 nuclear migration protein nudF [Cordyceps javanica]
TQW08333.1           -            467 23418at5125          -            465   4.4e-07   28.5   2.4   2   3   6.2e-05     0.016   13.4   0.1   299   355   222   276   201   286 0.85 nuclear migration protein nudF [Cordyceps javanica]
TQW08333.1           -            467 23418at5125          -            465   4.4e-07   28.5   2.4   3   3    0.0067       1.8    6.7   0.2   154   194   349   389   326   398 0.85 nuclear migration protein nudF [Cordyceps javanica]
TQW11110.1           -            369 23418at5125          -            465   6.6e-07   27.9   2.1   1   3       4.4   1.2e+03   -2.5   0.0    58    75    30    47    20    59 0.75 WD domain-containing protein [Cordyceps javanica]
TQW11110.1           -            369 23418at5125          -            465   6.6e-07   27.9   2.1   2   3   1.9e-05    0.0051   15.1   0.0   153   204    68   122    61   139 0.82 WD domain-containing protein [Cordyceps javanica]
TQW11110.1           -            369 23418at5125          -            465   6.6e-07   27.9   2.1   3   3   0.00033     0.088   11.0   0.4   302   409   141   241   135   249 0.73 WD domain-containing protein [Cordyceps javanica]
TQW01422.1           -           1574 23418at5125          -            465   2.2e-06   26.2  25.5   1   7       0.1        27    2.8   0.0   158   204   956  1002   948  1005 0.89 vegetative incompatibility protein HET-E-1 [Cordyceps javanica]
TQW01422.1           -           1574 23418at5125          -            465   2.2e-06   26.2  25.5   2   7    0.0041       1.1    7.4   0.9   122   205  1006  1093  1002  1106 0.73 vegetative incompatibility protein HET-E-1 [Cordyceps javanica]
TQW01422.1           -           1574 23418at5125          -            465   2.2e-06   26.2  25.5   3   7   0.00012     0.031   12.5   1.2   123   205  1097  1177  1093  1195 0.82 vegetative incompatibility protein HET-E-1 [Cordyceps javanica]
TQW01422.1           -           1574 23418at5125          -            465   2.2e-06   26.2  25.5   4   7     0.068        18    3.4   0.5   132   205  1189  1260  1178  1278 0.74 vegetative incompatibility protein HET-E-1 [Cordyceps javanica]
TQW01422.1           -           1574 23418at5125          -            465   2.2e-06   26.2  25.5   5   7    0.0071       1.9    6.7   0.6   124   205  1260  1344  1247  1352 0.77 vegetative incompatibility protein HET-E-1 [Cordyceps javanica]
TQW01422.1           -           1574 23418at5125          -            465   2.2e-06   26.2  25.5   6   7    0.0044       1.2    7.3   0.2   122   205  1300  1386  1289  1393 0.75 vegetative incompatibility protein HET-E-1 [Cordyceps javanica]
TQW01422.1           -           1574 23418at5125          -            465   2.2e-06   26.2  25.5   7   7    0.0022      0.58    8.3   0.4   146   213  1369  1439  1345  1456 0.75 vegetative incompatibility protein HET-E-1 [Cordyceps javanica]
TQW09568.1           -           1216 23418at5125          -            465   2.9e-06   25.8   0.0   1   3     0.011       2.8    6.1   0.0   112   204     7    97     2   104 0.87 coatomer alpha subunit [Cordyceps javanica]
TQW09568.1           -           1216 23418at5125          -            465   2.9e-06   25.8   0.0   2   3    0.0078       2.1    6.5   0.1   304   371   115   180   109   195 0.85 coatomer alpha subunit [Cordyceps javanica]
TQW09568.1           -           1216 23418at5125          -            465   2.9e-06   25.8   0.0   3   3    0.0018      0.48    8.6   0.0   302   361   273   329   267   346 0.85 coatomer alpha subunit [Cordyceps javanica]
TQW04157.1           -            898 23418at5125          -            465   3.2e-06   25.7   4.0   1   3     0.063        17    3.5   0.1   299   359   162   222   141   268 0.85 periodic tryptophan protein 2 [Cordyceps javanica]
TQW04157.1           -            898 23418at5125          -            465   3.2e-06   25.7   4.0   2   3    0.0034       0.9    7.7   0.2   104   200   329   423   231   432 0.68 periodic tryptophan protein 2 [Cordyceps javanica]
TQW04157.1           -            898 23418at5125          -            465   3.2e-06   25.7   4.0   3   3     6e-05     0.016   13.5   0.1   138   193   449   502   431   552 0.80 periodic tryptophan protein 2 [Cordyceps javanica]
TQW05751.1           -            494 23418at5125          -            465   5.3e-06   24.9   4.7   1   5       0.2        52    1.9   0.0   336   361   220   245   167   254 0.68 wd-repeat protein [Cordyceps javanica]
TQW05751.1           -            494 23418at5125          -            465   5.3e-06   24.9   4.7   2   5   8.9e-05     0.024   12.9   0.3   158   240   252   336   214   351 0.73 wd-repeat protein [Cordyceps javanica]
TQW05751.1           -            494 23418at5125          -            465   5.3e-06   24.9   4.7   3   5      0.39     1e+02    0.9   0.0   298   319   355   376   351   380 0.91 wd-repeat protein [Cordyceps javanica]
TQW05751.1           -            494 23418at5125          -            465   5.3e-06   24.9   4.7   4   5    0.0079       2.1    6.5   0.0   157   196   412   451   405   456 0.93 wd-repeat protein [Cordyceps javanica]
TQW05751.1           -            494 23418at5125          -            465   5.3e-06   24.9   4.7   5   5       3.2   8.4e+02   -2.1   0.0    48    70   463   485   455   488 0.78 wd-repeat protein [Cordyceps javanica]
TQW08211.1           -            533 23418at5125          -            465   1.3e-05   23.6   0.3   1   2   5.2e-06    0.0014   17.0   0.0   134   200   255   320   203   342 0.82 mRNA splicing factor [Cordyceps javanica]
TQW08211.1           -            533 23418at5125          -            465   1.3e-05   23.6   0.3   2   2     0.049        13    3.9   0.1   176   337   384   421   338   533 0.75 mRNA splicing factor [Cordyceps javanica]
TQW08363.1           -            878 23418at5125          -            465   3.2e-05   22.4   4.3   1   3     0.013       3.6    5.7   0.0   132   199   618   683   611   697 0.87 pre-mRNA splicing factor [Cordyceps javanica]
TQW08363.1           -            878 23418at5125          -            465   3.2e-05   22.4   4.3   2   3   0.00018     0.048   11.9   0.2   303   366   705   770   690   776 0.85 pre-mRNA splicing factor [Cordyceps javanica]
TQW08363.1           -            878 23418at5125          -            465   3.2e-05   22.4   4.3   3   3     0.026       6.8    4.8   0.1   152   196   831   875   822   878 0.89 pre-mRNA splicing factor [Cordyceps javanica]
TQW11934.1           -            350 23418at5125          -            465   4.8e-05   21.8   0.2   1   3   0.00046      0.12   10.6   0.1   165   198    15    49    12    60 0.86 mitotic checkpoint protein BUB3 [Cordyceps javanica]
TQW11934.1           -            350 23418at5125          -            465   4.8e-05   21.8   0.2   2   3     0.048        13    3.9   0.0   383   431   104   153    82   166 0.81 mitotic checkpoint protein BUB3 [Cordyceps javanica]
TQW11934.1           -            350 23418at5125          -            465   4.8e-05   21.8   0.2   3   3     0.066        17    3.5   0.0   118   177   252   309   226   318 0.70 mitotic checkpoint protein BUB3 [Cordyceps javanica]
TQW02448.1           -            773 23418at5125          -            465   5.1e-05   21.7   3.2   1   3     0.074        20    3.3   0.1   281   319     6    44     2    53 0.86 polyubiquitin binding protein [Cordyceps javanica]
TQW02448.1           -            773 23418at5125          -            465   5.1e-05   21.7   3.2   2   3    0.0052       1.4    7.1   0.0   160   194   105   139    64   155 0.78 polyubiquitin binding protein [Cordyceps javanica]
TQW02448.1           -            773 23418at5125          -            465   5.1e-05   21.7   3.2   3   3   0.00074       0.2    9.9   0.2   167   320   154   313   144   323 0.57 polyubiquitin binding protein [Cordyceps javanica]
TQW05087.1           -            433 23418at5125          -            465   5.8e-05   21.5   0.8   1   3      0.28        73    1.4   0.1   170   195   192   218   177   276 0.70 chromatin assembly factor 1 subunit C [Cordyceps javanica]
TQW05087.1           -            433 23418at5125          -            465   5.8e-05   21.5   0.8   2   3      0.14        37    2.4   0.1   153   194   270   314   251   318 0.68 chromatin assembly factor 1 subunit C [Cordyceps javanica]
TQW05087.1           -            433 23418at5125          -            465   5.8e-05   21.5   0.8   3   3   3.4e-05    0.0091   14.3   0.0   155   194   318   358   314   363 0.92 chromatin assembly factor 1 subunit C [Cordyceps javanica]
TQW08904.1           -           1067 23418at5125          -            465   0.00018   19.9   5.4   1   4       2.4   6.4e+02   -1.7   0.0   172   206   695   732   687   747 0.75 cell division control protein 4 [Cordyceps javanica]
TQW08904.1           -           1067 23418at5125          -            465   0.00018   19.9   5.4   2   4      0.65   1.7e+02    0.2   0.0   171   207   734   770   715   792 0.68 cell division control protein 4 [Cordyceps javanica]
TQW08904.1           -           1067 23418at5125          -            465   0.00018   19.9   5.4   3   4   2.7e-05    0.0072   14.6   0.5   147   205   868   926   842   948 0.74 cell division control protein 4 [Cordyceps javanica]
TQW08904.1           -           1067 23418at5125          -            465   0.00018   19.9   5.4   4   4     0.033       8.8    4.4   0.1   303   363   940   995   932  1001 0.61 cell division control protein 4 [Cordyceps javanica]
TQW01655.1           -           1148 23418at5125          -            465   0.00036   18.9   1.1   1   3   0.00034     0.091   11.0   0.3   158   245   888   978   878   992 0.78 WD domain protein [Cordyceps javanica]
TQW01655.1           -           1148 23418at5125          -            465   0.00036   18.9   1.1   2   3     0.015       3.9    5.6   0.0   142   197   988  1043   974  1049 0.82 WD domain protein [Cordyceps javanica]
TQW01655.1           -           1148 23418at5125          -            465   0.00036   18.9   1.1   3   3       1.9   5.1e+02   -1.4   0.0    49    80  1047  1078  1039  1084 0.85 WD domain protein [Cordyceps javanica]
TQW05746.1           -            318 23418at5125          -            465   0.00099   17.5   0.4   1   2    0.0015      0.41    8.8   0.0   136   366   124   190    97   233 0.61 meiotic recombination protein Ski8/Rec14 [Cordyceps javanica]
TQW05746.1           -            318 23418at5125          -            465   0.00099   17.5   0.4   2   2    0.0068       1.8    6.7   0.0   304   364   213   272   203   285 0.71 meiotic recombination protein Ski8/Rec14 [Cordyceps javanica]
TQW12074.1           -            514 23418at5125          -            465    0.0011   17.4   7.2   1   4    0.0007      0.19   10.0   0.2   306   360   163   215   145   220 0.80 Rsa4p [Cordyceps javanica]
TQW12074.1           -            514 23418at5125          -            465    0.0011   17.4   7.2   2   4     0.018       4.7    5.3   0.3   306   342   205   241   201   304 0.91 Rsa4p [Cordyceps javanica]
TQW12074.1           -            514 23418at5125          -            465    0.0011   17.4   7.2   3   4    0.0055       1.5    7.0   0.1   155   236   392   476   382   486 0.79 Rsa4p [Cordyceps javanica]
TQW12074.1           -            514 23418at5125          -            465    0.0011   17.4   7.2   4   4     0.096        25    2.9   0.0   125   188   448   509   440   513 0.51 Rsa4p [Cordyceps javanica]
TQW05099.1           -            902 23418at5125          -            465    0.0011   17.3   9.5   1   6      0.04        10    4.2   0.0   156   208   103   158    98   168 0.75 small nucleolar ribonucleoprotein complex subunit [Cordyceps javanica]
TQW05099.1           -            902 23418at5125          -            465    0.0011   17.3   9.5   2   6     0.017       4.4    5.4   0.4   294   329   188   223   168   259 0.60 small nucleolar ribonucleoprotein complex subunit [Cordyceps javanica]
TQW05099.1           -            902 23418at5125          -            465    0.0011   17.3   9.5   3   6      0.17        46    2.1   0.0   121   203   374   462   366   516 0.83 small nucleolar ribonucleoprotein complex subunit [Cordyceps javanica]
TQW05099.1           -            902 23418at5125          -            465    0.0011   17.3   9.5   4   6       8.2   2.2e+03   -3.4   0.0   296   317   544   565   517   583 0.70 small nucleolar ribonucleoprotein complex subunit [Cordyceps javanica]
TQW05099.1           -            902 23418at5125          -            465    0.0011   17.3   9.5   5   6       5.5   1.5e+03   -2.9   0.0   179   206   607   637   604   650 0.75 small nucleolar ribonucleoprotein complex subunit [Cordyceps javanica]
TQW05099.1           -            902 23418at5125          -            465    0.0011   17.3   9.5   6   6    0.0086       2.3    6.4   0.1   297   358   651   710   633   726 0.86 small nucleolar ribonucleoprotein complex subunit [Cordyceps javanica]
TQW02732.1           -            752 23418at5125          -            465    0.0012   17.2   0.5   1   2     0.081        21    3.2   0.0   297   355   462   518   437   531 0.78 transcription initiation factor TFIID subunit [Cordyceps javanica]
TQW02732.1           -            752 23418at5125          -            465    0.0012   17.2   0.5   2   2    0.0034       0.9    7.7   0.1   154   196   571   613   510   670 0.65 transcription initiation factor TFIID subunit [Cordyceps javanica]
TQW02142.1           -            839 23418at5125          -            465    0.0019   16.6   0.0   1   1    0.0001     0.027   12.7   0.0   134   338    69   278    56   295 0.67 coatomer beta' subunit [Cordyceps javanica]
TQW09050.1           -            447 23418at5125          -            465     0.002   16.4   3.2   1   4       1.1   2.8e+02   -0.5   0.0   299   319    78    98    69   111 0.79 protein SOF1 [Cordyceps javanica]
TQW09050.1           -            447 23418at5125          -            465     0.002   16.4   3.2   2   4     0.054        14    3.7   0.1   296   410   116   230    95   240 0.63 protein SOF1 [Cordyceps javanica]
TQW09050.1           -            447 23418at5125          -            465     0.002   16.4   3.2   3   4     0.029       7.7    4.6   0.0   156   200   276   320   252   325 0.88 protein SOF1 [Cordyceps javanica]
TQW09050.1           -            447 23418at5125          -            465     0.002   16.4   3.2   4   4     0.017       4.4    5.4   0.0    47    72   330   355   322   373 0.85 protein SOF1 [Cordyceps javanica]
TQW05083.1           -            600 23418at5125          -            465     0.003   15.9   0.7   1   3     0.089        24    3.0   0.0    46    72   239   265   232   270 0.78 rRNA processing protein RRP9 [Cordyceps javanica]
TQW05083.1           -            600 23418at5125          -            465     0.003   15.9   0.7   2   3    0.0055       1.5    7.0   0.0   155   278   270   395   266   411 0.77 rRNA processing protein RRP9 [Cordyceps javanica]
TQW05083.1           -            600 23418at5125          -            465     0.003   15.9   0.7   3   3      0.12        32    2.6   0.1   173   197   457   481   449   520 0.71 rRNA processing protein RRP9 [Cordyceps javanica]
TQW07602.1           -           1101 23418at5125          -            465    0.0031   15.8   0.4   1   2      0.18        48    2.0   0.0   160   196   102   138    97   172 0.80 dynamin gtpase [Cordyceps javanica]
TQW07602.1           -           1101 23418at5125          -            465    0.0031   15.8   0.4   2   2   0.00026     0.068   11.4   0.0   151   197   218   265   181   328 0.79 dynamin gtpase [Cordyceps javanica]
TQW07970.1           -            889 23418at5125          -            465    0.0096   14.2   0.3   1   3     0.021       5.7    5.1   0.0   158   214    33    91    25   148 0.79 beta-Ala-His dipeptidase [Cordyceps javanica]
TQW07970.1           -            889 23418at5125          -            465    0.0096   14.2   0.3   2   3     0.019       4.9    5.3   0.1   164   201   282   319   269   343 0.79 beta-Ala-His dipeptidase [Cordyceps javanica]
TQW07970.1           -            889 23418at5125          -            465    0.0096   14.2   0.3   3   3       1.2   3.2e+02   -0.7   0.0    47    73   325   351   316   371 0.84 beta-Ala-His dipeptidase [Cordyceps javanica]
TQW11488.1           -            338 23418at5125          -            465     0.019   13.2   0.4   1   3    0.0038         1    7.5   0.0   178   238    24    87     4   153 0.60 eukaryotic translation initiation factor 3 subunit 2 [Cordyceps javanica]
TQW11488.1           -            338 23418at5125          -            465     0.019   13.2   0.4   2   3         3     8e+02   -2.0   0.0    22    65   212   253   204   269 0.77 eukaryotic translation initiation factor 3 subunit 2 [Cordyceps javanica]
TQW11488.1           -            338 23418at5125          -            465     0.019   13.2   0.4   3   3      0.12        32    2.6   0.0    47    70   291   314   264   321 0.90 eukaryotic translation initiation factor 3 subunit 2 [Cordyceps javanica]
TQW05690.1           -            305 23418at5125          -            465     0.021   13.1   0.2   1   2     0.012       3.1    5.9   0.1   305   349   186   227   177   241 0.84 transcriptional repressor TUP1 [Cordyceps javanica]
TQW05690.1           -            305 23418at5125          -            465     0.021   13.1   0.2   2   2     0.046        12    4.0   0.0   163   194   254   285   248   293 0.91 transcriptional repressor TUP1 [Cordyceps javanica]
TQW07751.1           -            296 23418at5125          -            465     0.023   13.0   0.4   1   2    0.0015       0.4    8.9   0.1   306   350    75   120    68   124 0.73 WD domain-containing protein [Cordyceps javanica]
TQW07751.1           -            296 23418at5125          -            465     0.023   13.0   0.4   2   2      0.32        86    1.2   0.0   297   321   160   184   136   212 0.74 WD domain-containing protein [Cordyceps javanica]
TQW08845.1           -            378 23418at5125          -            465     0.094   10.9   0.0   1   1   0.00073      0.19    9.9   0.0   306   379   198   271   184   275 0.82 phosphatidylinositol 3,5-bisphosphate-binding protein [Cordyceps javanica]
TQW09949.1           -            349 23418at5125          -            465       0.4    8.9   6.0   1   4     0.011       2.8    6.1   0.2   298   319   117   138   103   186 0.79 peroxisomal targeting signal 2 receptor [Cordyceps javanica]
TQW09949.1           -            349 23418at5125          -            465       0.4    8.9   6.0   2   4     0.067        18    3.4   0.1   294   348   217   271   206   289 0.84 peroxisomal targeting signal 2 receptor [Cordyceps javanica]
TQW09949.1           -            349 23418at5125          -            465       0.4    8.9   6.0   3   4       1.7   4.5e+02   -1.2   0.0   301   324   269   293   266   304 0.74 peroxisomal targeting signal 2 receptor [Cordyceps javanica]
TQW09949.1           -            349 23418at5125          -            465       0.4    8.9   6.0   4   4      0.76     2e+02   -0.0   0.1   156   194   303   343   298   347 0.68 peroxisomal targeting signal 2 receptor [Cordyceps javanica]
TQW05681.1           -            969 23418at5125          -            465      0.41    8.8   5.0   1   4       3.2   8.5e+02   -2.1   0.2   188   291   144   244   137   252 0.58 F-box/WD repeat-containing protein 1A [Cordyceps javanica]
TQW05681.1           -            969 23418at5125          -            465      0.41    8.8   5.0   2   4     0.029       7.7    4.6   0.0   169   197   328   356   322   360 0.90 F-box/WD repeat-containing protein 1A [Cordyceps javanica]
TQW05681.1           -            969 23418at5125          -            465      0.41    8.8   5.0   3   4     0.041        11    4.1   0.0   163   224   365   430   358   438 0.67 F-box/WD repeat-containing protein 1A [Cordyceps javanica]
TQW05681.1           -            969 23418at5125          -            465      0.41    8.8   5.0   4   4       3.9     1e+03   -2.4   0.1   163   316   486   513   477   545 0.59 F-box/WD repeat-containing protein 1A [Cordyceps javanica]
#
# Program:         hmmsearch
# Version:         3.1b2 (February 2015)
# Pipeline mode:   SEARCH
# Query file:      /home/zack/funannotate_db/hypocreales_odb10/hmms/23418at5125.hmm
# Target file:     /home/zack/Desktop/IsariaPreferralGenome/MyGenomeSubmittedToNCBI/HypocrealesProteinSets/Cjavanica_IJ2G.faa
# Option settings: hmmsearch --domtblout /home/zack/Desktop/IsariaPreferralGenome/MyGenomeSubmittedToNCBI/HypocrealesProteinSets/BUSCO_AA_all/BUSCO_AA_Cjavanica_IJ2G/run_hypocreales_odb10/hmmer_output/initial_run_results/23418at5125.out --cpu 1 /home/zack/funannotate_db/hypocreales_odb10/hmms/23418at5125.hmm /home/zack/Desktop/IsariaPreferralGenome/MyGenomeSubmittedToNCBI/HypocrealesProteinSets/Cjavanica_IJ2G.faa 
# Current dir:     /home/zack/Desktop/IsariaPreferralGenome/MyGenomeSubmittedToNCBI/HypocrealesProteinSets/BUSCO_AA_all
# Date:            Mon Mar  4 15:06:08 2024
# [ok]
