#                                                                            --- full sequence --- -------------- this domain -------------   hmm coord   ali coord   env coord
# target name        accession   tlen query name           accession   qlen   E-value  score  bias   #  of  c-Evalue  i-Evalue  score  bias  from    to  from    to  from    to  acc description of target
#------------------- ---------- ----- -------------------- ---------- ----- --------- ------ ----- --- --- --------- --------- ------ ----- ----- ----- ----- ----- ----- ----- ---- ---------------------
TQW05043.1           -            503 23440at5125          -            364  4.7e-173  574.4  31.4   1   4    0.0014       1.9    6.6   0.1     1    17     7    24     7    35 0.85 mitochondrial fusion and transport protein Ugo1 [Cordyceps javanica]
TQW05043.1           -            503 23440at5125          -            364  4.7e-173  574.4  31.4   2   4   3.7e-34   5.1e-31  107.1   0.1    12    88    54   130    48   146 0.87 mitochondrial fusion and transport protein Ugo1 [Cordyceps javanica]
TQW05043.1           -            503 23440at5125          -            364  4.7e-173  574.4  31.4   3   4    0.0051       7.2    4.7   0.3    81    97   148   164   144   173 0.87 mitochondrial fusion and transport protein Ugo1 [Cordyceps javanica]
TQW05043.1           -            503 23440at5125          -            364  4.7e-173  574.4  31.4   4   4  5.8e-141  8.1e-138  458.5  17.1    96   364   197   503   194   503 0.90 mitochondrial fusion and transport protein Ugo1 [Cordyceps javanica]
TQW12257.1           -            399 23440at5125          -            364   4.7e-05   21.7   1.4   1   4     0.019        27    2.8   0.0   176   205    60    89    52   114 0.74 mitochondrial carrier protein RIM2 [Cordyceps javanica]
TQW12257.1           -            399 23440at5125          -            364   4.7e-05   21.7   1.4   2   4      0.61   8.6e+02   -2.2   0.0   311   353   115   156    91   166 0.72 mitochondrial carrier protein RIM2 [Cordyceps javanica]
TQW12257.1           -            399 23440at5125          -            364   4.7e-05   21.7   1.4   3   4   4.9e-05     0.068   11.3   0.1   175   208   178   211   168   225 0.86 mitochondrial carrier protein RIM2 [Cordyceps javanica]
TQW12257.1           -            399 23440at5125          -            364   4.7e-05   21.7   1.4   4   4    0.0075        10    4.1   0.0   105   204   236   335   227   346 0.60 mitochondrial carrier protein RIM2 [Cordyceps javanica]
TQW08077.1           -            324 23440at5125          -            364   0.00062   18.0   3.6   1   3    0.0039       5.5    5.0   0.1   184   212    20    48    11    62 0.80 Mitochondrial substrate carrier [Cordyceps javanica]
TQW08077.1           -            324 23440at5125          -            364   0.00062   18.0   3.6   2   3    0.0036         5    5.2   0.1   178   207   127   156   114   196 0.77 Mitochondrial substrate carrier [Cordyceps javanica]
TQW08077.1           -            324 23440at5125          -            364   0.00062   18.0   3.6   3   3   0.00068      0.95    7.5   0.1   167   225   209   266   165   277 0.78 Mitochondrial substrate carrier [Cordyceps javanica]
TQW10187.1           -            302 23440at5125          -            364    0.0062   14.7   0.1   1   4   0.00049      0.68    8.0   0.0    42    80    15    53     8    69 0.82 mitochondrial carnitine/acylcarnitine carrier protein [Cordyceps javanica]
TQW10187.1           -            302 23440at5125          -            364    0.0062   14.7   0.1   2   4      0.14     2e+02   -0.1   0.0   184   208   121   145   111   155 0.76 mitochondrial carnitine/acylcarnitine carrier protein [Cordyceps javanica]
TQW10187.1           -            302 23440at5125          -            364    0.0062   14.7   0.1   3   4       0.9   1.3e+03   -2.7   0.1   338   354   213   232   191   234 0.72 mitochondrial carnitine/acylcarnitine carrier protein [Cordyceps javanica]
TQW10187.1           -            302 23440at5125          -            364    0.0062   14.7   0.1   4   4     0.037        52    1.8   0.0   108   135   255   282   242   288 0.84 mitochondrial carnitine/acylcarnitine carrier protein [Cordyceps javanica]
TQW09117.1           -            297 23440at5125          -            364    0.0093   14.1   0.5   1   4   0.00018      0.25    9.5   0.0   173   209     5    42     2    47 0.83 mitochondrial 2-oxodicarboxylate carrier 1 [Cordyceps javanica]
TQW09117.1           -            297 23440at5125          -            364    0.0093   14.1   0.5   2   4     0.091   1.3e+02    0.5   0.0   178   204   110   136    98   149 0.84 mitochondrial 2-oxodicarboxylate carrier 1 [Cordyceps javanica]
TQW09117.1           -            297 23440at5125          -            364    0.0093   14.1   0.5   3   4      0.63   8.7e+02   -2.2   0.0   305   346   143   184   134   190 0.53 mitochondrial 2-oxodicarboxylate carrier 1 [Cordyceps javanica]
TQW09117.1           -            297 23440at5125          -            364    0.0093   14.1   0.5   4   4      0.17   2.4e+02   -0.4   0.1   182   208   209   235   148   241 0.71 mitochondrial 2-oxodicarboxylate carrier 1 [Cordyceps javanica]
TQW04387.1           -            376 23440at5125          -            364     0.027   12.6   0.0   1   3   0.00022       0.3    9.2   0.0   176   209    11    44     6    87 0.85 Mitochondrial substrate carrier [Cordyceps javanica]
TQW04387.1           -            376 23440at5125          -            364     0.027   12.6   0.0   2   3      0.19   2.6e+02   -0.5   0.0   330   343   169   182   125   189 0.78 Mitochondrial substrate carrier [Cordyceps javanica]
TQW04387.1           -            376 23440at5125          -            364     0.027   12.6   0.0   3   3      0.38   5.3e+02   -1.5   0.0    58    75   226   243   208   275 0.60 Mitochondrial substrate carrier [Cordyceps javanica]
TQW11345.1           -            309 23440at5125          -            364     0.045   11.9   1.3   1   3     0.017        23    3.0   0.0   176   206    18    49    13    54 0.71 PET8 protein [Cordyceps javanica]
TQW11345.1           -            309 23440at5125          -            364     0.045   11.9   1.3   2   3       1.8   2.5e+03   -3.7   0.0   266   289   119   142   114   147 0.72 PET8 protein [Cordyceps javanica]
TQW11345.1           -            309 23440at5125          -            364     0.045   11.9   1.3   3   3   0.00088       1.2    7.2   0.1   179   212   227   259   221   284 0.81 PET8 protein [Cordyceps javanica]
TQW07753.1           -            438 23440at5125          -            364      0.24    9.5  10.1   1   6   0.00024      0.33    9.1   0.1   148   204     4    63     1    74 0.72 mitochondrial carrier protein [Cordyceps javanica]
TQW07753.1           -            438 23440at5125          -            364      0.24    9.5  10.1   2   6      0.81   1.1e+03   -2.6   0.0   107   137   144   174   136   181 0.73 mitochondrial carrier protein [Cordyceps javanica]
TQW07753.1           -            438 23440at5125          -            364      0.24    9.5  10.1   3   6       0.2   2.8e+02   -0.6   0.1   180   209   205   234   195   247 0.76 mitochondrial carrier protein [Cordyceps javanica]
TQW07753.1           -            438 23440at5125          -            364      0.24    9.5  10.1   4   6     0.018        25    2.9   0.4   326   348   249   271   227   279 0.76 mitochondrial carrier protein [Cordyceps javanica]
TQW07753.1           -            438 23440at5125          -            364      0.24    9.5  10.1   5   6       1.7   2.4e+03   -3.7   0.0    60    76   339   355   327   366 0.63 mitochondrial carrier protein [Cordyceps javanica]
TQW07753.1           -            438 23440at5125          -            364      0.24    9.5  10.1   6   6     0.096   1.3e+02    0.5   0.1   329   340   385   396   372   402 0.85 mitochondrial carrier protein [Cordyceps javanica]
#
# Program:         hmmsearch
# Version:         3.1b2 (February 2015)
# Pipeline mode:   SEARCH
# Query file:      /home/zack/funannotate_db/hypocreales_odb10/hmms/23440at5125.hmm
# Target file:     /home/zack/Desktop/IsariaPreferralGenome/MyGenomeSubmittedToNCBI/HypocrealesProteinSets/Cjavanica_IJ2G.faa
# Option settings: hmmsearch --domtblout /home/zack/Desktop/IsariaPreferralGenome/MyGenomeSubmittedToNCBI/HypocrealesProteinSets/BUSCO_AA_all/BUSCO_AA_Cjavanica_IJ2G/run_hypocreales_odb10/hmmer_output/initial_run_results/23440at5125.out --cpu 1 /home/zack/funannotate_db/hypocreales_odb10/hmms/23440at5125.hmm /home/zack/Desktop/IsariaPreferralGenome/MyGenomeSubmittedToNCBI/HypocrealesProteinSets/Cjavanica_IJ2G.faa 
# Current dir:     /home/zack/Desktop/IsariaPreferralGenome/MyGenomeSubmittedToNCBI/HypocrealesProteinSets/BUSCO_AA_all
# Date:            Mon Mar  4 15:06:08 2024
# [ok]
