#                                                                            --- full sequence --- -------------- this domain -------------   hmm coord   ali coord   env coord
# target name        accession   tlen query name           accession   qlen   E-value  score  bias   #  of  c-Evalue  i-Evalue  score  bias  from    to  from    to  from    to  acc description of target
#------------------- ---------- ----- -------------------- ---------- ----- --------- ------ ----- --- --- --------- --------- ------ ----- ----- ----- ----- ----- ----- ----- ---- ---------------------
TQW08349.1           -            457 25273at5125          -            374  6.8e-215  712.5   1.3   1   2   1.3e-72   3.7e-69  233.0   0.1     1   107    27   134    27   146 0.96 oxysterol-binding protein [Cordyceps javanica]
TQW08349.1           -            457 25273at5125          -            374  6.8e-215  712.5   1.3   2   2  2.5e-147  6.9e-144  478.9   0.2   104   374   156   457   143   457 0.92 oxysterol-binding protein [Cordyceps javanica]
TQW10629.1           -            499 25273at5125          -            374   1.3e-28   99.5   0.2   1   1   6.7e-31   1.9e-27   95.7   0.2    22   338    55   356    44   385 0.83 oxysterol binding protein (Osh7) [Cordyceps javanica]
TQW04646.1           -            415 25273at5125          -            374   3.8e-20   71.7   0.2   1   1   1.9e-22   5.2e-19   67.9   0.3    12   333    25   335    15   349 0.79 oxysterol binding protein [Cordyceps javanica]
TQW04974.1           -           1247 25273at5125          -            374    0.0066   14.9   4.8   1   3      0.34   9.5e+02   -2.0   0.2   309   362   675   729   667   733 0.81 oxysterol-binding protein [Cordyceps javanica]
TQW04974.1           -           1247 25273at5125          -            374    0.0066   14.9   4.8   2   3   4.2e-05      0.12   10.8   0.0    55   162   890   978   839  1061 0.63 oxysterol-binding protein [Cordyceps javanica]
TQW04974.1           -           1247 25273at5125          -            374    0.0066   14.9   4.8   3   3     0.028        77    1.6   0.2   310   339  1157  1186  1149  1196 0.86 oxysterol-binding protein [Cordyceps javanica]
#
# Program:         hmmsearch
# Version:         3.1b2 (February 2015)
# Pipeline mode:   SEARCH
# Query file:      /home/zack/funannotate_db/hypocreales_odb10/hmms/25273at5125.hmm
# Target file:     /home/zack/Desktop/IsariaPreferralGenome/MyGenomeSubmittedToNCBI/HypocrealesProteinSets/Cjavanica_IJ2G.faa
# Option settings: hmmsearch --domtblout /home/zack/Desktop/IsariaPreferralGenome/MyGenomeSubmittedToNCBI/HypocrealesProteinSets/BUSCO_AA_all/BUSCO_AA_Cjavanica_IJ2G/run_hypocreales_odb10/hmmer_output/initial_run_results/25273at5125.out --cpu 1 /home/zack/funannotate_db/hypocreales_odb10/hmms/25273at5125.hmm /home/zack/Desktop/IsariaPreferralGenome/MyGenomeSubmittedToNCBI/HypocrealesProteinSets/Cjavanica_IJ2G.faa 
# Current dir:     /home/zack/Desktop/IsariaPreferralGenome/MyGenomeSubmittedToNCBI/HypocrealesProteinSets/BUSCO_AA_all
# Date:            Mon Mar  4 15:06:32 2024
# [ok]
