#                                                                            --- full sequence --- -------------- this domain -------------   hmm coord   ali coord   env coord
# target name        accession   tlen query name           accession   qlen   E-value  score  bias   #  of  c-Evalue  i-Evalue  score  bias  from    to  from    to  from    to  acc description of target
#------------------- ---------- ----- -------------------- ---------- ----- --------- ------ ----- --- --- --------- --------- ------ ----- ----- ----- ----- ----- ----- ----- ---- ---------------------
TQW05578.1           -            418 27888at5125          -            315  6.5e-142  471.6   3.3   1   1  5.2e-143    2e-140  466.7   3.3     5   315    44   414    40   414 0.89 endothiapepsin precursor [Cordyceps javanica]
TQW06376.1           -            423 27888at5125          -            315   3.7e-62  209.6   0.0   1   1   1.4e-64   5.5e-62  209.0   0.0    25   314    95   416    88   417 0.86 endothiapepsin precursor [Cordyceps javanica]
TQW08016.1           -            389 27888at5125          -            315   3.9e-57  193.1   0.0   1   1   2.8e-59   1.1e-56  191.6   0.0    31   312    70   387    47   389 0.79 aspartyl protease [Cordyceps javanica]
TQW05955.1           -            398 27888at5125          -            315   6.9e-57  192.3   0.1   1   2       5.5   2.1e+03   -3.1   0.0    85   118     5    38     3    41 0.83 endothiapepsin precursor [Cordyceps javanica]
TQW05955.1           -            398 27888at5125          -            315   6.9e-57  192.3   0.1   2   2   3.3e-59   1.3e-56  191.4   0.1    15   313    81   398    71   398 0.84 endothiapepsin precursor [Cordyceps javanica]
TQW03384.1           -            411 27888at5125          -            315   4.5e-55  186.3   0.4   1   1   3.7e-57   1.4e-54  184.7   0.4    30   312    93   409    79   411 0.80 endothiapepsin precursor [Cordyceps javanica]
TQW12114.1           -            389 27888at5125          -            315   3.1e-54  183.6   0.2   1   1     1e-56   3.9e-54  183.2   0.2    18   313    75   388    65   389 0.86 endothiapepsin precursor [Cordyceps javanica]
TQW06059.1           -            589 27888at5125          -            315   1.1e-45  155.5   0.0   1   1   4.8e-48   1.8e-45  154.7   0.0     9   311   250   586   245   589 0.80 eukaryotic aspartyl protease [Cordyceps javanica]
TQW02199.1           -            443 27888at5125          -            315   2.6e-41  141.1   0.0   1   1   4.6e-43   1.8e-40  138.4   0.0    29   315   107   441    94   441 0.80 endothiapepsin precursor [Cordyceps javanica]
TQW01436.1           -            387 27888at5125          -            315   3.7e-38  130.7   0.0   1   1   1.4e-40   5.4e-38  130.2   0.0    23   311    65   384    53   387 0.81 endothiapepsin precursor [Cordyceps javanica]
TQW12370.1           -            380 27888at5125          -            315   1.5e-37  128.7   0.0   1   1     5e-40   1.9e-37  128.4   0.0    28   275    69   334    20   380 0.80 endothiapepsin precursor [Cordyceps javanica]
TQW02331.1           -            449 27888at5125          -            315   1.5e-35  122.2   0.0   1   1   8.1e-38   3.1e-35  121.1   0.0    19   311    91   434    80   437 0.77 aspartic endopeptidase (AP1) [Cordyceps javanica]
TQW04031.1           -            395 27888at5125          -            315   3.5e-32  111.1   0.0   1   1   1.2e-34   4.5e-32  110.7   0.0     8   312    59   393    54   395 0.75 vacuolar protease A precursor [Cordyceps javanica]
TQW08219.1           -            485 27888at5125          -            315   4.9e-23   81.1   0.1   1   3   3.4e-18   1.3e-15   56.7   0.0     7   130    23   165    18   241 0.65 Peptidase A1 [Cordyceps javanica]
TQW08219.1           -            485 27888at5125          -            315   4.9e-23   81.1   0.1   2   3    0.0004      0.15   10.5   0.0   213   239   276   302   266   316 0.87 Peptidase A1 [Cordyceps javanica]
TQW08219.1           -            485 27888at5125          -            315   4.9e-23   81.1   0.1   3   3   0.00087      0.34    9.3   0.0   285   312   379   406   357   409 0.86 Peptidase A1 [Cordyceps javanica]
TQW03208.1           -            419 27888at5125          -            315   2.3e-22   78.9   0.4   1   2   2.9e-18   1.1e-15   56.9   0.0    21   118     4   109     1   114 0.83 candidapepsin-4 precursor [Cordyceps javanica]
TQW03208.1           -            419 27888at5125          -            315   2.3e-22   78.9   0.4   2   2   4.4e-06    0.0017   16.9   0.1   214   313   226   349   151   351 0.75 candidapepsin-4 precursor [Cordyceps javanica]
TQW10330.1           -            527 27888at5125          -            315   1.7e-17   62.9   1.0   1   1     7e-20   2.7e-17   62.2   1.0    26   312   101   413    82   415 0.74 aspartic-type endopeptidase (CtsD) [Cordyceps javanica]
TQW12169.1           -            535 27888at5125          -            315   2.9e-16   58.8   0.0   1   2     9e-15   3.4e-12   45.4   0.0    31   190    71   248    54   257 0.70 candidapepsin-4 precursor [Cordyceps javanica]
TQW12169.1           -            535 27888at5125          -            315   2.9e-16   58.8   0.0   2   2   0.00024     0.094   11.1   0.0   273   312   371   414   285   416 0.74 candidapepsin-4 precursor [Cordyceps javanica]
TQW04977.1           -            488 27888at5125          -            315   6.2e-16   57.7   0.0   1   2   1.6e-15   6.1e-13   47.9   0.0    34   230    59   288    20   301 0.67 candidapepsin-4 precursor [Cordyceps javanica]
TQW04977.1           -            488 27888at5125          -            315   6.2e-16   57.7   0.0   2   2     0.024       9.1    4.6   0.0   267   312   377   422   360   424 0.73 candidapepsin-4 precursor [Cordyceps javanica]
TQW04568.1           -            409 27888at5125          -            315   1.6e-14   53.1   0.0   1   1   8.4e-16   3.2e-13   48.8   0.0    29   312    62   386    51   389 0.65 secreted aspartic proteinase [Cordyceps javanica]
TQW04847.1           -            388 27888at5125          -            315   1.7e-12   46.5   0.3   1   1   1.8e-14   6.8e-12   44.5   0.3    16   312    57   386    46   388 0.69 cathepsin E [Cordyceps javanica]
TQW10173.1           -            844 27888at5125          -            315   7.2e-12   44.4   0.0   1   2   7.3e-12   2.8e-09   35.9   0.0    34   191    61   221    46   236 0.69 eukaryotic aspartyl protease [Cordyceps javanica]
TQW10173.1           -            844 27888at5125          -            315   7.2e-12   44.4   0.0   2   2    0.0097       3.7    5.9   0.0   287   312   351   376   291   378 0.88 eukaryotic aspartyl protease [Cordyceps javanica]
TQW08327.1           -            790 27888at5125          -            315   2.4e-10   39.4   0.0   1   2   9.5e-10   3.7e-07   28.9   0.0    30   191    66   234    46   239 0.73 yapsin [Cordyceps javanica]
TQW08327.1           -            790 27888at5125          -            315   2.4e-10   39.4   0.0   2   2     0.002      0.76    8.2   0.0   217   312   283   392   277   394 0.75 yapsin [Cordyceps javanica]
TQW05081.1           -            410 27888at5125          -            315   3.8e-10   38.7   0.0   1   1   1.8e-12   6.8e-10   37.9   0.0    16   197    52   241    46   256 0.77 candidapepsin-4 precursor [Cordyceps javanica]
TQW06405.1           -            354 27888at5125          -            315   1.4e-08   33.6   0.0   1   1   7.4e-11   2.8e-08   32.6   0.0    31   312    54   352    26   354 0.68 eukaryotic aspartyl protease [Cordyceps javanica]
TQW07129.1           -            398 27888at5125          -            315   2.4e-08   32.8   0.0   1   2   3.6e-09   1.4e-06   27.0   0.0    31    69    64   102    48   210 0.83 pregnancy-associated glycoprotein 2 precursor [Cordyceps javanica]
TQW07129.1           -            398 27888at5125          -            315   2.4e-08   32.8   0.0   2   2     0.042        16    3.8   0.0   206   311   268   394   222   397 0.68 pregnancy-associated glycoprotein 2 precursor [Cordyceps javanica]
TQW11353.1           -            443 27888at5125          -            315   1.4e-07   30.3   0.3   1   3    0.0066       2.6    6.4   0.0    39    68   104   133    86   219 0.87 aspartic-type endopeptidase [Cordyceps javanica]
TQW11353.1           -            443 27888at5125          -            315   1.4e-07   30.3   0.3   2   3       7.7     3e+03   -3.6   0.0   164   177   255   268   250   275 0.84 aspartic-type endopeptidase [Cordyceps javanica]
TQW11353.1           -            443 27888at5125          -            315   1.4e-07   30.3   0.3   3   3   1.9e-07   7.1e-05   21.4   0.2   205   308   321   438   295   443 0.73 aspartic-type endopeptidase [Cordyceps javanica]
TQW12418.1           -            959 27888at5125          -            315   3.5e-05   22.4   0.0   1   2   2.8e-05     0.011   14.2   0.0    37    86    71   121    52   189 0.67 24-dehydrocholesterol reductase precursor [Cordyceps javanica]
TQW12418.1           -            959 27888at5125          -            315   3.5e-05   22.4   0.0   2   2      0.01       3.9    5.8   0.0   215   312   274   374   271   376 0.79 24-dehydrocholesterol reductase precursor [Cordyceps javanica]
TQW09708.1           -            517 27888at5125          -            315     0.005   15.3   0.0   1   2   0.00037      0.14   10.5   0.0    39    64    43    68    35   146 0.80 Peptidase aspartic, catalytic [Cordyceps javanica]
TQW09708.1           -            517 27888at5125          -            315     0.005   15.3   0.0   2   2      0.13        51    2.2   0.0   293   312   461   480   452   482 0.89 Peptidase aspartic, catalytic [Cordyceps javanica]
TQW03480.1           -            779 27888at5125          -            315     0.019   13.4   0.5   1   2   0.00084      0.32    9.4   0.1    26    65    63   100    43   173 0.77 Soluble quinoprotein glucose/sorbosone dehydrogenase [Cordyceps javanica]
TQW03480.1           -            779 27888at5125          -            315     0.019   13.4   0.5   2   2      0.21        79    1.5   0.0   214   228   236   250   227   263 0.81 Soluble quinoprotein glucose/sorbosone dehydrogenase [Cordyceps javanica]
TQW05284.1           -            522 27888at5125          -            315      0.18   10.2   0.3   1   1   0.00073      0.28    9.6   0.3    57    96   455   494   450   501 0.87 hypothetical protein IF2G_07221 [Cordyceps javanica]
#
# Program:         hmmsearch
# Version:         3.1b2 (February 2015)
# Pipeline mode:   SEARCH
# Query file:      /home/zack/funannotate_db/hypocreales_odb10/hmms/27888at5125.hmm
# Target file:     /home/zack/Desktop/IsariaPreferralGenome/MyGenomeSubmittedToNCBI/HypocrealesProteinSets/Cjavanica_IJ2G.faa
# Option settings: hmmsearch --domtblout /home/zack/Desktop/IsariaPreferralGenome/MyGenomeSubmittedToNCBI/HypocrealesProteinSets/BUSCO_AA_all/BUSCO_AA_Cjavanica_IJ2G/run_hypocreales_odb10/hmmer_output/initial_run_results/27888at5125.out --cpu 1 /home/zack/funannotate_db/hypocreales_odb10/hmms/27888at5125.hmm /home/zack/Desktop/IsariaPreferralGenome/MyGenomeSubmittedToNCBI/HypocrealesProteinSets/Cjavanica_IJ2G.faa 
# Current dir:     /home/zack/Desktop/IsariaPreferralGenome/MyGenomeSubmittedToNCBI/HypocrealesProteinSets/BUSCO_AA_all
# Date:            Mon Mar  4 15:06:40 2024
# [ok]
