#                                                                            --- full sequence --- -------------- this domain -------------   hmm coord   ali coord   env coord
# target name        accession   tlen query name           accession   qlen   E-value  score  bias   #  of  c-Evalue  i-Evalue  score  bias  from    to  from    to  from    to  acc description of target
#------------------- ---------- ----- -------------------- ---------- ----- --------- ------ ----- --- --- --------- --------- ------ ----- ----- ----- ----- ----- ----- ----- ---- ---------------------
TQW06046.1           -            369 29064at5125          -            307  3.8e-170  564.2  34.3   1   3     2e-37   1.3e-34  119.1   0.2     1    81     1    87     1   105 0.90 inositolphosphorylceramide-B C-26 hydroxylase [Cordyceps javanica]
TQW06046.1           -            369 29064at5125          -            307  3.8e-170  564.2  34.3   2   3   5.9e-53   3.9e-50  170.1   0.3    79   170   107   201    99   206 0.97 inositolphosphorylceramide-B C-26 hydroxylase [Cordyceps javanica]
TQW06046.1           -            369 29064at5125          -            307  3.8e-170  564.2  34.3   3   3   2.7e-87   1.8e-84  282.9  23.0   163   307   214   362   201   362 0.95 inositolphosphorylceramide-B C-26 hydroxylase [Cordyceps javanica]
TQW09300.1           -            143 29064at5125          -            307   1.4e-08   33.7   0.9   1   2     7e-11   4.6e-08   31.9   0.0    11    78    12    84     2    98 0.85 cytochrome b5 [Cordyceps javanica]
TQW09300.1           -            143 29064at5125          -            307   1.4e-08   33.7   0.9   2   2      0.32   2.1e+02    0.2   0.2   246   258   120   132   114   140 0.84 cytochrome b5 [Cordyceps javanica]
TQW03871.1           -            460 29064at5125          -            307     1e-07   30.8   0.1   1   1   2.1e-10   1.4e-07   30.4   0.1     8    78     8    78     1    91 0.78 cytochrome b5 reductase [Cordyceps javanica]
TQW08276.1           -            664 29064at5125          -            307   2.2e-07   29.7   0.0   1   1     5e-10   3.3e-07   29.1   0.0     5    81   114   194   110   207 0.85 sulfite oxidase [Cordyceps javanica]
TQW07848.1           -            494 29064at5125          -            307   2.4e-07   29.6   0.0   1   1     6e-10   3.9e-07   28.9   0.0    12    52     9    52     2   110 0.89 cytochrome b2, mitochondrial precursor [Cordyceps javanica]
TQW07311.1           -             85 29064at5125          -            307   2.5e-06   26.2   0.0   1   1   3.9e-09   2.5e-06   26.2   0.0     7    52     4    56     1    74 0.79 Cytochrome b5-like Heme/Steroid binding domain containing protein [Cordyceps javanica]
TQW06707.1           -            749 29064at5125          -            307   7.9e-06   24.6   0.0   1   1   1.8e-08   1.2e-05   24.0   0.0    10    53     6    55     1    78 0.80 cytochrome b2 [Cordyceps javanica]
TQW08087.1           -            511 29064at5125          -            307   8.5e-06   24.5   0.0   1   1   2.2e-08   1.4e-05   23.8   0.0     7    52    15    63     9    71 0.88 mitochondrial cytochrome b2 [Cordyceps javanica]
TQW02910.1           -            514 29064at5125          -            307   2.9e-05   22.7   0.0   1   1   9.3e-08   6.1e-05   21.7   0.0     7    51     6    56     2    74 0.81 acyl-CoA dehydrogenase family protein [Cordyceps javanica]
TQW09031.1           -            194 29064at5125          -            307   3.9e-05   22.3   0.0   1   1   8.5e-08   5.6e-05   21.8   0.0    11    78    10    77     2    92 0.80 Cytochrome b5 [Cordyceps javanica]
TQW06551.1           -            476 29064at5125          -            307   6.4e-05   21.6   1.7   1   2       2.1   1.4e+03   -2.5   1.0   154   172    72    90    28   125 0.58 acyl-CoA desaturase [Cordyceps javanica]
TQW06551.1           -            476 29064at5125          -            307   6.4e-05   21.6   1.7   2   2   1.3e-07   8.8e-05   21.2   0.0    20    78   366   426   348   439 0.84 acyl-CoA desaturase [Cordyceps javanica]
TQW04038.1           -            544 29064at5125          -            307   0.00011   20.9   0.1   1   1   2.5e-07   0.00017   20.3   0.1     7    49     3    51     1    62 0.76 acyl-CoA dehydrogenase [Cordyceps javanica]
TQW03278.1           -            427 29064at5125          -            307   0.00016   20.3   0.1   1   1   5.5e-07   0.00036   19.2   0.1    23    78   346   403   334   408 0.86 acyl-CoA desaturase [Cordyceps javanica]
TQW07759.1           -            629 29064at5125          -            307     0.014   13.9   0.0   1   1   3.7e-05     0.024   13.2   0.0    11    52   553   597   543   612 0.77 flavocytochrome c [Cordyceps javanica]
TQW04731.1           -            121 29064at5125          -            307     0.015   13.8   0.0   1   1   2.6e-05     0.017   13.7   0.0     8    60    25    78    20   110 0.73 cytochrome b5-like Heme/Steroid binding domain-containing protein [Cordyceps javanica]
TQW07857.1           -            834 29064at5125          -            307     0.028   13.0   0.0   1   1   7.2e-05     0.047   12.2   0.0    10    78   539   609   531   630 0.69 nitrate reductase [Cordyceps javanica]
TQW07709.1           -            362 29064at5125          -            307     0.098   11.2   0.0   1   1   0.00023      0.15   10.6   0.0    14    47   278   311   266   352 0.65 Cytochrome b5 [Cordyceps javanica]
#
# Program:         hmmsearch
# Version:         3.1b2 (February 2015)
# Pipeline mode:   SEARCH
# Query file:      /home/zack/funannotate_db/hypocreales_odb10/hmms/29064at5125.hmm
# Target file:     /home/zack/Desktop/IsariaPreferralGenome/MyGenomeSubmittedToNCBI/HypocrealesProteinSets/Cjavanica_IJ2G.faa
# Option settings: hmmsearch --domtblout /home/zack/Desktop/IsariaPreferralGenome/MyGenomeSubmittedToNCBI/HypocrealesProteinSets/BUSCO_AA_all/BUSCO_AA_Cjavanica_IJ2G/run_hypocreales_odb10/hmmer_output/initial_run_results/29064at5125.out --cpu 1 /home/zack/funannotate_db/hypocreales_odb10/hmms/29064at5125.hmm /home/zack/Desktop/IsariaPreferralGenome/MyGenomeSubmittedToNCBI/HypocrealesProteinSets/Cjavanica_IJ2G.faa 
# Current dir:     /home/zack/Desktop/IsariaPreferralGenome/MyGenomeSubmittedToNCBI/HypocrealesProteinSets/BUSCO_AA_all
# Date:            Mon Mar  4 15:06:45 2024
# [ok]
