#                                                                            --- full sequence --- -------------- this domain -------------   hmm coord   ali coord   env coord
# target name        accession   tlen query name           accession   qlen   E-value  score  bias   #  of  c-Evalue  i-Evalue  score  bias  from    to  from    to  from    to  acc description of target
#------------------- ---------- ----- -------------------- ---------- ----- --------- ------ ----- --- --- --------- --------- ------ ----- ----- ----- ----- ----- ----- ----- ---- ---------------------
TQW05346.1           -           1757 309at5125            -           1963         0 3125.6  15.7   1   2  4.2e-149  6.8e-146  487.0   3.6   351   657     1   336     1   349 0.93 phosphatidylinositol 3- and 4-kinase [Cordyceps javanica]
TQW05346.1           -           1757 309at5125            -           1963         0 3125.6  15.7   2   2         0         0 2644.0   4.4   640  1963   356  1756   340  1756 0.94 phosphatidylinositol 3- and 4-kinase [Cordyceps javanica]
TQW10232.1           -           2399 309at5125            -           1963   1.6e-71  240.4  11.2   1   4   6.4e-08    0.0001   18.8   0.9   992  1197  1246  1470  1234  1541 0.62 phosphatidylinositol 3-kinase tor2 [Cordyceps javanica]
TQW10232.1           -           2399 309at5125            -           1963   1.6e-71  240.4  11.2   2   4   1.7e-08   2.7e-05   20.7   0.5  1474  1543  1794  1863  1776  1887 0.84 phosphatidylinositol 3-kinase tor2 [Cordyceps javanica]
TQW10232.1           -           2399 309at5125            -           1963   1.6e-71  240.4  11.2   3   4   1.5e-61   2.4e-58  196.7   0.1  1625  1895  2009  2286  2004  2296 0.86 phosphatidylinositol 3-kinase tor2 [Cordyceps javanica]
TQW10232.1           -           2399 309at5125            -           1963   1.6e-71  240.4  11.2   4   4   0.00013       0.2    7.9   0.0  1914  1963  2349  2398  2331  2398 0.92 phosphatidylinositol 3-kinase tor2 [Cordyceps javanica]
TQW03151.1           -           2396 309at5125            -           1963     5e-60  202.2   8.9   1   6      0.27   4.3e+02   -3.1   0.1  1446  1524   429   507   421   525 0.76 ataxia telangiectasia mutated [Cordyceps javanica]
TQW03151.1           -           2396 309at5125            -           1963     5e-60  202.2   8.9   2   6     0.096   1.5e+02   -1.6   0.0  1000  1053  1321  1375  1305  1426 0.80 ataxia telangiectasia mutated [Cordyceps javanica]
TQW03151.1           -           2396 309at5125            -           1963     5e-60  202.2   8.9   3   6     0.015        24    1.0   0.1  1270  1307  1641  1678  1596  1699 0.75 ataxia telangiectasia mutated [Cordyceps javanica]
TQW03151.1           -           2396 309at5125            -           1963     5e-60  202.2   8.9   4   6     0.016        25    1.0   0.2  1367  1459  1781  1876  1776  1887 0.76 ataxia telangiectasia mutated [Cordyceps javanica]
TQW03151.1           -           2396 309at5125            -           1963     5e-60  202.2   8.9   5   6     2e-60   3.1e-57  193.0   0.1  1608  1893  1997  2286  1850  2305 0.79 ataxia telangiectasia mutated [Cordyceps javanica]
TQW03151.1           -           2396 309at5125            -           1963     5e-60  202.2   8.9   6   6   8.6e-05      0.14    8.5   0.0  1930  1962  2362  2394  2347  2395 0.88 ataxia telangiectasia mutated [Cordyceps javanica]
TQW05014.1           -           3817 309at5125            -           1963   3.5e-20   70.1   0.0   1   2     0.022        35    0.5   0.0   108   147  3137  3179  3131  3197 0.80 FAT domain-containing protein [Cordyceps javanica]
TQW05014.1           -           3817 309at5125            -           1963   3.5e-20   70.1   0.0   2   2   2.6e-22   4.2e-19   66.5   0.0  1613  1962  3445  3815  3440  3816 0.85 FAT domain-containing protein [Cordyceps javanica]
TQW05278.1           -            864 309at5125            -           1963   2.4e-12   44.1   0.1   1   2   8.4e-07    0.0013   15.1   0.1  1628  1686   578   636   571   641 0.89 phosphoinositide 3-kinase [Cordyceps javanica]
TQW05278.1           -            864 309at5125            -           1963   2.4e-12   44.1   0.1   2   2   2.4e-10   3.8e-07   26.9   0.0  1787  1890   701   802   669   844 0.82 phosphoinositide 3-kinase [Cordyceps javanica]
TQW07026.1           -           1945 309at5125            -           1963   4.5e-11   39.9   0.1   1   1   4.2e-14   6.6e-11   39.4   0.1  1781  1863  1775  1856  1746  1886 0.82 phosphatidylinositol 4-kinase [Cordyceps javanica]
TQW03175.1           -           1023 309at5125            -           1963   1.5e-07   28.3   0.0   1   1   1.3e-10   2.1e-07   27.7   0.0  1767  1879   814   929   808   939 0.82 hypothetical protein IF2G_09308 [Cordyceps javanica]
#
# Program:         hmmsearch
# Version:         3.1b2 (February 2015)
# Pipeline mode:   SEARCH
# Query file:      /home/zack/funannotate_db/hypocreales_odb10/hmms/309at5125.hmm
# Target file:     /home/zack/Desktop/IsariaPreferralGenome/MyGenomeSubmittedToNCBI/HypocrealesProteinSets/Cjavanica_IJ2G.faa
# Option settings: hmmsearch --domtblout /home/zack/Desktop/IsariaPreferralGenome/MyGenomeSubmittedToNCBI/HypocrealesProteinSets/BUSCO_AA_all/BUSCO_AA_Cjavanica_IJ2G/run_hypocreales_odb10/hmmer_output/initial_run_results/309at5125.out --cpu 1 /home/zack/funannotate_db/hypocreales_odb10/hmms/309at5125.hmm /home/zack/Desktop/IsariaPreferralGenome/MyGenomeSubmittedToNCBI/HypocrealesProteinSets/Cjavanica_IJ2G.faa 
# Current dir:     /home/zack/Desktop/IsariaPreferralGenome/MyGenomeSubmittedToNCBI/HypocrealesProteinSets/BUSCO_AA_all
# Date:            Mon Mar  4 15:06:35 2024
# [ok]
