#                                                                            --- full sequence --- -------------- this domain -------------   hmm coord   ali coord   env coord
# target name        accession   tlen query name           accession   qlen   E-value  score  bias   #  of  c-Evalue  i-Evalue  score  bias  from    to  from    to  from    to  acc description of target
#------------------- ---------- ----- -------------------- ---------- ----- --------- ------ ----- --- --- --------- --------- ------ ----- ----- ----- ----- ----- ----- ----- ---- ---------------------
TQW02101.1           -            337 33884at5125          -            287  3.2e-168  557.7   1.0   1   2   1.1e-35   1.9e-33  115.4   0.3     1    78    23   106    23   121 0.90 ketoreductase [Cordyceps javanica]
TQW02101.1           -            337 33884at5125          -            287  3.2e-168  557.7   1.0   2   2  4.5e-135  7.9e-133  441.5   0.0    76   287   125   337   108   337 0.97 ketoreductase [Cordyceps javanica]
TQW10063.1           -            344 33884at5125          -            287   2.2e-26   92.2   0.0   1   2   5.1e-15     9e-13   47.5   0.0     8    82    26   104    15   122 0.81 short chain dehydrogenase/reductase [Cordyceps javanica]
TQW10063.1           -            344 33884at5125          -            287   2.2e-26   92.2   0.0   2   2   1.4e-13   2.4e-11   42.8   0.0    78   254   144   321   138   340 0.81 short chain dehydrogenase/reductase [Cordyceps javanica]
TQW06597.1           -            286 33884at5125          -            287   7.5e-18   64.2   0.0   1   1   6.2e-20   1.1e-17   63.7   0.0    35   192     8   177     2   194 0.85 3-oxoacyl-(acyl-carrier-protein) reductase [Cordyceps javanica]
TQW10091.1           -            903 33884at5125          -            287   1.8e-16   59.7   6.1   1   2     8e-09   1.4e-06   27.2   0.9    31   197     9   197     3   229 0.75 acetoacetyl-CoA reductase [Cordyceps javanica]
TQW10091.1           -            903 33884at5125          -            287   1.8e-16   59.7   6.1   2   2   7.7e-10   1.4e-07   30.5   0.4    29   203   313   497   305   507 0.73 acetoacetyl-CoA reductase [Cordyceps javanica]
TQW12356.1           -            261 33884at5125          -            287   5.6e-15   54.8   0.0   1   1   9.7e-17   1.7e-14   53.2   0.0    34   186    10   178     6   195 0.82 short-chain dehydrogenases/reductase [Cordyceps javanica]
TQW07530.1           -            306 33884at5125          -            287   1.2e-11   43.8   0.0   1   1   1.6e-13   2.8e-11   42.6   0.0    36   196     8   183     2   203 0.70 short chain dehydrogenase [Cordyceps javanica]
TQW12140.1           -            271 33884at5125          -            287   4.4e-11   42.0   0.0   1   2     0.028         5    5.7   0.0    35    72     6    43     2    48 0.91 short-chain dehydrogenase reductase sdr [Cordyceps javanica]
TQW12140.1           -            271 33884at5125          -            287   4.4e-11   42.0   0.0   2   2   5.7e-11     1e-08   34.2   0.0    92   191    79   176    70   197 0.90 short-chain dehydrogenase reductase sdr [Cordyceps javanica]
TQW07945.1           -            297 33884at5125          -            287   5.4e-11   41.7   0.0   1   1   6.6e-13   1.2e-10   40.6   0.0    32   200     6   185     2   199 0.81 short-chain dehydrogenase [Cordyceps javanica]
TQW08746.1           -            293 33884at5125          -            287   6.7e-11   41.4   0.1   1   1   3.4e-12     6e-10   38.3   0.1    34   199     9   190     3   195 0.76 oxidoreductase, short-chain dehydrogenase/reductase family [Cordyceps javanica]
TQW06369.1           -           1286 33884at5125          -            287   2.5e-10   39.5   0.6   1   1   2.6e-12   4.7e-10   38.6   0.6    22   183  1035  1213  1031  1223 0.80 hybrid NRPS/PKS enzyme [Cordyceps javanica]
TQW02951.1           -            358 33884at5125          -            287   1.4e-09   37.1   0.4   1   1     3e-11   5.2e-09   35.2   0.4    29   186   101   268    82   289 0.79 dehydrogenase/reductase SDR family member 8 [Cordyceps javanica]
TQW12033.1           -            289 33884at5125          -            287   3.6e-09   35.7   0.1   1   1   3.6e-11   6.3e-09   34.9   0.1    33   199    15   193     2   213 0.75 short chain dehydrogenase [Cordyceps javanica]
TQW03941.1           -            368 33884at5125          -            287   4.8e-09   35.3   0.2   1   1   9.1e-11   1.6e-08   33.6   0.2    33   184   105   267    87   288 0.75 dehydrogenase/reductase SDR family [Cordyceps javanica]
TQW08390.1           -            375 33884at5125          -            287   5.1e-09   35.2   0.0   1   1   4.8e-11   8.6e-09   34.5   0.0    27   183    88   252    67   268 0.75 dehydrogenase/reductase SDR family member 8 precursor [Cordyceps javanica]
TQW10452.1           -            329 33884at5125          -            287   7.5e-09   34.7   0.0   1   2   9.8e-10   1.7e-07   30.2   0.0    31    77    13    59     4    73 0.90 3-ketodihydrosphingosine reductase [Cordyceps javanica]
TQW10452.1           -            329 33884at5125          -            287   7.5e-09   34.7   0.0   2   2      0.38        67    2.0   0.0   141   192   161   213   149   220 0.79 3-ketodihydrosphingosine reductase [Cordyceps javanica]
TQW11383.1           -            276 33884at5125          -            287   8.9e-09   34.4   0.0   1   1   1.6e-10   2.8e-08   32.8   0.0   103   207   104   211     3   219 0.78 short-chain dehydrogenase [Cordyceps javanica]
TQW04913.1           -            371 33884at5125          -            287   1.7e-08   33.5   0.0   1   2    0.0043      0.77    8.4   0.0    30    83   108   164    90   176 0.78 Short-chain dehydrogenase/reductase SDR [Cordyceps javanica]
TQW04913.1           -            371 33884at5125          -            287   1.7e-08   33.5   0.0   2   2   1.6e-07   2.7e-05   23.0   0.0    90   204   192   308   181   315 0.86 Short-chain dehydrogenase/reductase SDR [Cordyceps javanica]
TQW05900.1           -            287 33884at5125          -            287   3.2e-08   32.6   0.3   1   2   6.3e-05     0.011   14.4   0.1    30    76    10    56     6    75 0.90 short chain dehydrogenase/reductase [Cordyceps javanica]
TQW05900.1           -            287 33884at5125          -            287   3.2e-08   32.6   0.3   2   2   1.8e-05    0.0032   16.2   0.0   114   201   113   203   108   226 0.88 short chain dehydrogenase/reductase [Cordyceps javanica]
TQW01802.1           -            276 33884at5125          -            287     5e-08   32.0   0.0   1   1   4.3e-10   7.6e-08   31.4   0.0    24   183    27   205    24   222 0.78 short-chain dehydrogenase [Cordyceps javanica]
TQW06006.1           -            964 33884at5125          -            287   1.2e-07   30.7   0.5   1   1   6.1e-07   0.00011   21.0   0.5    30   197    14   207     3   218 0.75 C6 transcription factor [Cordyceps javanica]
TQW12065.1           -            297 33884at5125          -            287   2.1e-07   29.9   0.2   1   1   1.8e-09   3.2e-07   29.3   0.2    80   200    68   185     3   210 0.74 short chain dehydrogenase/reductase [Cordyceps javanica]
TQW08736.1           -            378 33884at5125          -            287   1.4e-06   27.2   0.3   1   1   9.9e-08   1.7e-05   23.6   0.3    27   204   125   324   117   330 0.72 Short-chain dehydrogenase/reductase SDR [Cordyceps javanica]
TQW05750.1           -            281 33884at5125          -            287   1.5e-06   27.1   0.2   1   2       3.8   6.8e+02   -1.3   0.1    31    64     7    40     4    53 0.81 3-ketoacyl-(acyl-carrier-protein) reductase [Cordyceps javanica]
TQW05750.1           -            281 33884at5125          -            287   1.5e-06   27.1   0.2   2   2   2.6e-08   4.6e-06   25.5   0.0    89   204   121   230   110   244 0.80 3-ketoacyl-(acyl-carrier-protein) reductase [Cordyceps javanica]
TQW03317.1           -            266 33884at5125          -            287   2.5e-06   26.4   2.8   1   1   4.6e-07   8.1e-05   21.4   2.8    24   185    14   195     9   211 0.74 oxidoreductase, short chain dehydrogenase/reductase family [Cordyceps javanica]
TQW08865.1           -            313 33884at5125          -            287   3.4e-06   25.9   0.2   1   1   8.2e-08   1.4e-05   23.9   0.2    34   204    84   273    79   285 0.67 short-chain dehydrogenase/reductase SDR [Cordyceps javanica]
TQW03895.1           -            263 33884at5125          -            287   5.8e-06   25.2   0.1   1   1     4e-07     7e-05   21.6   0.1    81   156    73   150     2   226 0.77 Short-chain dehydrogenase/reductase SDR [Cordyceps javanica]
TQW10903.1           -            286 33884at5125          -            287   6.2e-06   25.1   0.2   1   1   5.3e-06   0.00093   17.9   0.2    32   195    32   213    20   225 0.73 NAD-P-binding protein [Cordyceps javanica]
TQW12376.1           -            256 33884at5125          -            287   7.2e-06   24.9   0.1   1   1     2e-07   3.5e-05   22.6   0.1    30   201     5   198     1   205 0.73 2-deoxy-D-gluconate 3-dehydrogenase [Cordyceps javanica]
TQW02368.1           -            251 33884at5125          -            287   7.4e-06   24.8   0.0   1   1   6.4e-08   1.1e-05   24.2   0.0    30   202     7   192     3   211 0.78 oxidoreductase, short-chain dehydrogenase/reductase [Cordyceps javanica]
TQW12164.1           -            378 33884at5125          -            287   4.3e-05   22.3   0.0   1   1   4.8e-07   8.5e-05   21.4   0.0    92   182   182   270   107   279 0.81 short-chain dehydrogenase [Cordyceps javanica]
TQW10002.1           -            254 33884at5125          -            287     5e-05   22.1   0.3   1   1   4.2e-06   0.00074   18.3   0.3    35   190     5   188     1   216 0.64 short chain oxidoreductase (CsgA) [Cordyceps javanica]
TQW02607.1           -            259 33884at5125          -            287   7.7e-05   21.5   0.4   1   1   1.2e-06   0.00021   20.0   0.4    67   184    71   184     8   194 0.79 short-chain dehydrogenase [Cordyceps javanica]
TQW05287.1           -            346 33884at5125          -            287     8e-05   21.4   0.1   1   2       2.6   4.6e+02   -0.8   0.0    33    74    90   131    76   139 0.77 D-arabinitol dehydrogenase ArbD [Cordyceps javanica]
TQW05287.1           -            346 33884at5125          -            287     8e-05   21.4   0.1   2   2   1.7e-06   0.00031   19.5   0.0   109   204   192   291   166   300 0.80 D-arabinitol dehydrogenase ArbD [Cordyceps javanica]
TQW10455.1           -            250 33884at5125          -            287    0.0001   21.1   0.6   1   1   5.2e-05    0.0092   14.7   0.6    31   190     5   183     2   187 0.68 short-chain dehydrogenase [Cordyceps javanica]
TQW09240.1           -            320 33884at5125          -            287   0.00011   21.0   0.0   1   2     3e-06   0.00053   18.7   0.0    21    78    11    72     3    87 0.83 short-chain oxidoreductase [Cordyceps javanica]
TQW09240.1           -            320 33884at5125          -            287   0.00011   21.0   0.0   2   2       2.4   4.2e+02   -0.6   0.0   162   192   186   216   174   227 0.82 short-chain oxidoreductase [Cordyceps javanica]
TQW06414.1           -            294 33884at5125          -            287   0.00022   20.0   0.5   1   1   1.9e-05    0.0034   16.1   0.5    30    71    16    57     6   221 0.94 short-chain dehydrogenase [Cordyceps javanica]
TQW07785.1           -            282 33884at5125          -            287   0.00026   19.8   1.3   1   1   2.3e-05    0.0042   15.8   1.3    91   201   100   215    11   221 0.70 tropinone reductase [Cordyceps javanica]
TQW07233.1           -            386 33884at5125          -            287   0.00029   19.6   0.1   1   1   3.2e-06   0.00057   18.6   0.0   129   192   149   212   132   226 0.91 short chain dehydrogenase/reductase family protein [Cordyceps javanica]
TQW11138.1           -            285 33884at5125          -            287   0.00029   19.6   0.0   1   2    0.0056         1    8.0   0.1    29    68    15    54     5    66 0.84 3-oxoacyl-acyl-carrier-protein reductase [Cordyceps javanica]
TQW11138.1           -            285 33884at5125          -            287   0.00029   19.6   0.0   2   2    0.0019      0.34    9.5   0.0    90   192   100   208    87   220 0.77 3-oxoacyl-acyl-carrier-protein reductase [Cordyceps javanica]
TQW02699.1           -            265 33884at5125          -            287   0.00038   19.2   0.1   1   1     1e-05    0.0018   17.0   0.1    28   195    10   193     4   217 0.71 17beta-hydroxysteroid dehydrogenase [Cordyceps javanica]
TQW09057.1           -            362 33884at5125          -            287   0.00051   18.8   0.1   1   1   4.6e-06   0.00081   18.1   0.1    92   212   167   289    97   343 0.80 short-chain dehydrogenase/reductase family protein [Cordyceps javanica]
TQW08248.1           -            319 33884at5125          -            287    0.0007   18.3   0.0   1   1   6.4e-06    0.0011   17.7   0.0   107   201   163   260   151   267 0.84 short chain dehydrogenase [Cordyceps javanica]
TQW08888.1           -            249 33884at5125          -            287    0.0013   17.5   0.2   1   1   2.4e-05    0.0042   15.8   0.2    35   184     6   167     2   197 0.73 short chain dehydrogenase [Cordyceps javanica]
TQW01827.1           -            271 33884at5125          -            287    0.0014   17.3   0.1   1   2     0.037       6.5    5.3   0.0    30    76    10    56     3    61 0.90 short chain dehydrogenase/reductase [Cordyceps javanica]
TQW01827.1           -            271 33884at5125          -            287    0.0014   17.3   0.1   2   2    0.0014      0.24   10.0   0.0    92   185   100   196    86   217 0.79 short chain dehydrogenase/reductase [Cordyceps javanica]
TQW04331.1           -            319 33884at5125          -            287    0.0017   17.1   0.2   1   1   2.2e-05    0.0039   15.9   0.2    88   200   135   247    33   255 0.85 short-chain dehydrogenase reductase sdr [Cordyceps javanica]
TQW02669.1           -            266 33884at5125          -            287     0.002   16.8   0.5   1   1   2.7e-05    0.0048   15.6   0.5    30   184    18   194     9   212 0.72 L-xylulose reductase [Cordyceps javanica]
TQW04532.1           -            290 33884at5125          -            287    0.0027   16.4   0.6   1   1   5.3e-05    0.0094   14.7   0.6    29    85    19    75     5   194 0.89 Short-chain dehydrogenase/reductase SDR [Cordyceps javanica]
TQW10018.1           -            243 33884at5125          -            287     0.003   16.3   0.0   1   1   0.00015     0.027   13.1   0.0    99   190    89   184     1   201 0.75 oxidoreductase, short chain dehydrogenase/reductase family [Cordyceps javanica]
TQW01839.1           -            338 33884at5125          -            287    0.0037   16.0   0.2   1   1   4.6e-05    0.0081   14.9   0.2    31    77    27    74     9   158 0.81 Short-chain dehydrogenase/reductase SDR [Cordyceps javanica]
TQW10127.1           -            375 33884at5125          -            287    0.0053   15.5   0.0   1   1   5.1e-05     0.009   14.7   0.0    24    64    46    84    36    95 0.87 NAD(P)-binding domain [Cordyceps javanica]
TQW03429.1           -            362 33884at5125          -            287    0.0056   15.4   0.0   1   1   5.1e-05     0.009   14.7   0.0    22    63   168   208   157   228 0.82 alcohol dehydrogenase [Cordyceps javanica]
TQW02159.1           -            567 33884at5125          -            287    0.0059   15.3   0.0   1   1   5.3e-05    0.0094   14.7   0.0    29    92    53   119    28   125 0.78 short chain dehydrogenase/reductase family [Cordyceps javanica]
TQW08028.1           -            327 33884at5125          -            287    0.0059   15.3   0.1   1   1   0.00021     0.037   12.7   0.1    97   193   168   261    78   274 0.76 3-alpha-(or 20-beta)-hydroxysteroid dehydrogenase [Cordyceps javanica]
TQW08784.1           -            303 33884at5125          -            287    0.0067   15.1   0.1   1   1   0.00062      0.11   11.1   0.1    93   202   120   234    29   241 0.73 3-oxoacyl-(acyl-carrier-protein) reductase [Cordyceps javanica]
TQW02222.1           -            281 33884at5125          -            287     0.014   14.1   1.1   1   1   0.00026     0.046   12.4   1.1    30   106     7    90     3   185 0.57 short-chain dehydrogenase [Cordyceps javanica]
TQW10383.1           -            324 33884at5125          -            287     0.015   14.0   0.0   1   1   0.00014     0.024   13.3   0.0    34    66     9    41     4    68 0.90 short chain dehydrogenase [Cordyceps javanica]
TQW08638.1           -            262 33884at5125          -            287     0.041   12.5   0.3   1   2      0.41        72    1.9   0.1    34    61    18    45     5    58 0.87 short-chain dehydrogenase/reductase SDR [Cordyceps javanica]
TQW08638.1           -            262 33884at5125          -            287     0.041   12.5   0.3   2   2    0.0034      0.61    8.7   0.0   119   194   123   199    96   213 0.84 short-chain dehydrogenase/reductase SDR [Cordyceps javanica]
TQW04346.1           -            263 33884at5125          -            287     0.057   12.1   0.4   1   1    0.0015      0.26    9.9   0.3    34    79     8    53     2   174 0.84 oxidoreductase, short-chain dehydrogenase/reductase family [Cordyceps javanica]
TQW04399.1           -            328 33884at5125          -            287     0.061   12.0   0.0   1   1   0.00053     0.093   11.4   0.0   110   176   118   184    88   205 0.86 short chain dehydrogenase/reductase [Cordyceps javanica]
TQW11153.1           -            246 33884at5125          -            287     0.061   12.0   0.2   1   1    0.0013      0.23   10.1   0.2    31   189     5   178     2   184 0.60 60S ribosomal protein L40 [Cordyceps javanica]
TQW04485.1           -            228 33884at5125          -            287     0.065   11.9   0.0   1   1   0.00062      0.11   11.2   0.0    88   173    59   142     1   171 0.84 short-chain dehydrogenase reductase sdr protein [Cordyceps javanica]
TQW12071.1           -            334 33884at5125          -            287     0.074   11.7   0.1   1   1    0.0059       1.1    7.9   0.1    29    71    30    72    23   164 0.85 short-chain dehydrogenase [Cordyceps javanica]
TQW02661.1           -            270 33884at5125          -            287      0.16   10.6   0.7   1   1     0.011         2    7.0   0.7    34    75     8    52     3   225 0.92 short chain dehydrogenase [Cordyceps javanica]
#
# Program:         hmmsearch
# Version:         3.1b2 (February 2015)
# Pipeline mode:   SEARCH
# Query file:      /home/zack/funannotate_db/hypocreales_odb10/hmms/33884at5125.hmm
# Target file:     /home/zack/Desktop/IsariaPreferralGenome/MyGenomeSubmittedToNCBI/HypocrealesProteinSets/Cjavanica_IJ2G.faa
# Option settings: hmmsearch --domtblout /home/zack/Desktop/IsariaPreferralGenome/MyGenomeSubmittedToNCBI/HypocrealesProteinSets/BUSCO_AA_all/BUSCO_AA_Cjavanica_IJ2G/run_hypocreales_odb10/hmmer_output/initial_run_results/33884at5125.out --cpu 1 /home/zack/funannotate_db/hypocreales_odb10/hmms/33884at5125.hmm /home/zack/Desktop/IsariaPreferralGenome/MyGenomeSubmittedToNCBI/HypocrealesProteinSets/Cjavanica_IJ2G.faa 
# Current dir:     /home/zack/Desktop/IsariaPreferralGenome/MyGenomeSubmittedToNCBI/HypocrealesProteinSets/BUSCO_AA_all
# Date:            Mon Mar  4 15:06:16 2024
# [ok]
