#                                                                            --- full sequence --- -------------- this domain -------------   hmm coord   ali coord   env coord
# target name        accession   tlen query name           accession   qlen   E-value  score  bias   #  of  c-Evalue  i-Evalue  score  bias  from    to  from    to  from    to  acc description of target
#------------------- ---------- ----- -------------------- ---------- ----- --------- ------ ----- --- --- --------- --------- ------ ----- ----- ----- ----- ----- ----- ----- ---- ---------------------
TQW03781.1           -           1017 3746at5125           -            714         0 1346.2  39.8   1   3   1.8e-57   4.9e-55  186.2  15.5     1   122    55   210    55   217 0.82 Fungal Zn binuclear cluster domain containing protein [Cordyceps javanica]
TQW03781.1           -           1017 3746at5125           -            714         0 1346.2  39.8   2   3         0         0 1076.9   7.6   119   641   277   859   234   891 0.93 Fungal Zn binuclear cluster domain containing protein [Cordyceps javanica]
TQW03781.1           -           1017 3746at5125           -            714         0 1346.2  39.8   3   3   2.1e-26   5.8e-24   83.4   2.0   635   714   881  1000   877  1000 0.74 Fungal Zn binuclear cluster domain containing protein [Cordyceps javanica]
TQW06006.1           -            964 3746at5125           -            714   1.1e-19   69.3   0.9   1   4   0.00058      0.16    9.2   0.1    21    50   260   289   244   327 0.84 C6 transcription factor [Cordyceps javanica]
TQW06006.1           -            964 3746at5125           -            714   1.1e-19   69.3   0.9   2   4         1   2.8e+02   -1.4   0.0   139   195   439   494   383   521 0.75 C6 transcription factor [Cordyceps javanica]
TQW06006.1           -            964 3746at5125           -            714   1.1e-19   69.3   0.9   3   4     0.005       1.4    6.2   0.0   250   274   518   542   500   548 0.85 C6 transcription factor [Cordyceps javanica]
TQW06006.1           -            964 3746at5125           -            714   1.1e-19   69.3   0.9   4   4   3.2e-16   8.8e-14   49.8   0.0   427   622   662   855   651   882 0.82 C6 transcription factor [Cordyceps javanica]
TQW02811.1           -            937 3746at5125           -            714   9.8e-06   23.2   5.2   1   1   4.8e-08   1.4e-05   22.7   5.2     3    89    44   121    42   167 0.68 C6 transcription factor (Ctf1B) [Cordyceps javanica]
TQW09098.1           -            736 3746at5125           -            714     0.002   15.6   5.9   1   1   1.3e-05    0.0037   14.7   5.9     3    52   161   208   159   224 0.88 Fungal transcriptional regulatory protein [Cordyceps javanica]
TQW10774.1           -            491 3746at5125           -            714    0.0021   15.5   0.6   1   1   1.2e-05    0.0032   14.9   0.6     4   135    19   144    16   154 0.79 Zn2/Cys6 DNA-binding protein [Cordyceps javanica]
TQW06513.1           -            542 3746at5125           -            714    0.0066   13.8   5.7   1   1   3.5e-05    0.0097   13.3   5.7     7    52    20    62    16    68 0.75 fungal specific transcription factor [Cordyceps javanica]
TQW03624.1           -            674 3746at5125           -            714    0.0069   13.8   3.4   1   1   4.7e-05     0.013   12.9   3.4     4    58    12    63     9   103 0.72 serine carboxypeptidase [Cordyceps javanica]
TQW09045.1           -            649 3746at5125           -            714    0.0084   13.5   4.1   1   1   4.1e-05     0.011   13.1   4.1     6    59    16    66    11   107 0.69 N-terminal binuclear Zn cluster-containing/DNA binding domain-containing protein [Cordyceps javanica]
TQW02516.1           -            521 3746at5125           -            714     0.012   13.0   2.8   1   1   5.7e-05     0.016   12.6   2.8     2    46   118   160   117   184 0.80 Fungal transcriptional regulatory protein [Cordyceps javanica]
TQW07559.1           -            733 3746at5125           -            714     0.014   12.8   0.3   1   1   7.7e-05     0.022   12.1   0.3     5    84    64   140    58   224 0.75 C6 zinc finger domain protein [Cordyceps javanica]
TQW02081.1           -            242 3746at5125           -            714     0.015   12.7   4.4   1   1   7.4e-05      0.02   12.2   4.4     5    50    38    80    35   106 0.83 C6 zinc finger domain-containing protein [Cordyceps javanica]
TQW03273.1           -            143 3746at5125           -            714     0.018   12.4   5.3   1   1   7.3e-05      0.02   12.2   5.3     7    66    19    81    15   114 0.72 fungal zn(2)-Cys(6) binuclear cluster domain-containing protein [Cordyceps javanica]
TQW06298.1           -            543 3746at5125           -            714     0.018   12.4   3.8   1   1    0.0001     0.028   11.8   3.8     2    47    27    66    26    68 0.92 C6 transcription factor [Cordyceps javanica]
TQW11108.1           -            891 3746at5125           -            714     0.018   12.4   3.5   1   1   0.00011      0.03   11.7   3.5     3    60   278   329   276   386 0.77 C6 transcription factor [Cordyceps javanica]
TQW11618.1           -            620 3746at5125           -            714     0.027   11.8   0.1   1   1   0.00013     0.035   11.4   0.1     7    57    18    64    14   217 0.72 Zn(II)2Cys6 transcription factor [Cordyceps javanica]
TQW04290.1           -            441 3746at5125           -            714     0.031   11.6   0.3   1   1   0.00014     0.038   11.3   0.3     2   104    25   121    24   191 0.76 C6 finger domain protein [Cordyceps javanica]
TQW11593.1           -            725 3746at5125           -            714     0.059   10.7   1.4   1   1   0.00029      0.08   10.3   1.4     5    53   141   182   137   205 0.86 C6 transcription factor [Cordyceps javanica]
TQW03170.1           -           1113 3746at5125           -            714     0.059   10.7   6.1   1   1   0.00033     0.091   10.1   6.1     2    57   190   239   189   268 0.82 C6 transcription factor [Cordyceps javanica]
TQW04579.1           -            669 3746at5125           -            714     0.096   10.0   3.7   1   1   0.00049      0.14    9.5   3.7     7    59    13    63     5    68 0.78 C6 transcription factor [Cordyceps javanica]
TQW10490.1           -            682 3746at5125           -            714       0.1    9.9   4.2   1   1   0.00054      0.15    9.4   4.2     7    55     5    46     2    78 0.87 transcription factor [Cordyceps javanica]
TQW12044.1           -            722 3746at5125           -            714       0.1    9.9   5.0   1   1   0.00059      0.17    9.2   5.0     8    57    20    63    16    99 0.83 fungal specific transcription factor [Cordyceps javanica]
TQW08516.1           -           1000 3746at5125           -            714      0.14    9.5   7.0   1   1   0.00085      0.24    8.7   7.0     6    59    72   124    68   139 0.84 C6 transcription factor (War1) [Cordyceps javanica]
TQW06260.1           -            847 3746at5125           -            714      0.16    9.3   8.1   1   1   0.00092      0.26    8.6   8.1     4    51    18    69    15    77 0.80 fungal specific transcription factor domain protein [Cordyceps javanica]
TQW01819.1           -            672 3746at5125           -            714      0.22    8.8   2.7   1   1    0.0011      0.31    8.3   2.7     6    53    21    66    16   100 0.78 fungal specific transcription factor [Cordyceps javanica]
TQW04798.1           -            617 3746at5125           -            714      0.22    8.8   8.1   1   2   0.00047      0.13    9.5   5.8     3    56    60   107    58   138 0.87 Fungal transcriptional regulatory protein [Cordyceps javanica]
TQW04798.1           -            617 3746at5125           -            714      0.22    8.8   8.1   2   2       2.6   7.1e+02   -2.8   0.0   363   419   224   285   220   292 0.64 Fungal transcriptional regulatory protein [Cordyceps javanica]
TQW10848.1           -            631 3746at5125           -            714      0.33    8.2   3.0   1   1    0.0017      0.47    7.7   3.0     7    45     9    44     4   102 0.77 Zn(II)2Cys6 transcription factor [Cordyceps javanica]
TQW05297.1           -            376 3746at5125           -            714      0.34    8.2   4.1   1   2   0.00092      0.26    8.6   2.7     1    43    55    90    55   117 0.83 C6 transcription factor [Cordyceps javanica]
TQW05297.1           -            376 3746at5125           -            714      0.34    8.2   4.1   2   2       3.3   9.3e+02   -3.2   0.0    75   115   209   249   201   262 0.75 C6 transcription factor [Cordyceps javanica]
TQW07745.1           -            856 3746at5125           -            714      0.35    8.1   2.2   1   1    0.0027      0.76    7.0   2.2     6    40    47    78    43    90 0.77 C6 finger domain protein [Cordyceps javanica]
TQW07641.1           -            935 3746at5125           -            714      0.38    8.0   8.9   1   1    0.0023      0.63    7.3   8.9     8    51    85   121    82   132 0.84 fungal specific transcription factor domain-containing protein [Cordyceps javanica]
TQW10124.1           -            672 3746at5125           -            714       0.4    7.9   3.5   1   1    0.0022      0.61    7.3   3.5     5    91    34   117    30   137 0.72 nitrate assimilation regulatory protein nirA [Cordyceps javanica]
TQW12229.1           -            674 3746at5125           -            714      0.44    7.8   7.4   1   1    0.0023      0.64    7.3   7.4     5    86     8    85     5   105 0.69 C6 transcription factor [Cordyceps javanica]
TQW11055.1           -            500 3746at5125           -            714      0.52    7.6   2.4   1   1    0.0029      0.81    6.9   2.4     8    32    10    31     6    59 0.80 Fungal transcriptional regulatory protein [Cordyceps javanica]
TQW10402.1           -            666 3746at5125           -            714      0.64    7.3   3.8   1   1    0.0036         1    6.6   3.8     4    44    27    63    24    73 0.84 fungal specific transcription factor [Cordyceps javanica]
TQW04343.1           -            691 3746at5125           -            714      0.73    7.1   5.1   1   1     0.004       1.1    6.5   5.1     4    51     6    49     3    76 0.82 Fungal transcriptional regulatory protein [Cordyceps javanica]
TQW12266.1           -            397 3746at5125           -            714       1.3    6.3   4.9   1   1    0.0058       1.6    5.9   4.9     3    45   138   178   136   187 0.82 C6 transcription factor [Cordyceps javanica]
TQW10992.1           -            537 3746at5125           -            714       1.5    6.0   6.5   1   1    0.0077       2.2    5.5   6.5     7    76     8    73     3    89 0.73 C6 zinc finger domain protein [Cordyceps javanica]
TQW03642.1           -            826 3746at5125           -            714         2    5.7   4.7   1   1     0.012       3.2    4.9   4.7     8    46    44    75    40   114 0.86 Fungal specific transcription factor [Cordyceps javanica]
TQW12380.1           -            686 3746at5125           -            714       2.8    5.1   8.8   1   1     0.016       4.4    4.5   8.8     7    49    14    50     9    56 0.87 fungal specific transcription factor domain-containing protein [Cordyceps javanica]
TQW12143.1           -            575 3746at5125           -            714       3.1    5.0   5.9   1   1     0.016       4.5    4.5   5.9     2    44    17    52    16    84 0.79 transcriptional repressor involved in the control of multidrug resistance [Cordyceps javanica]
TQW05935.1           -            859 3746at5125           -            714       4.3    4.5   6.4   1   1     0.025       6.9    3.9   6.4     3    55    15    62    13    70 0.82 Fungal specific transcription factor [Cordyceps javanica]
#
# Program:         hmmsearch
# Version:         3.1b2 (February 2015)
# Pipeline mode:   SEARCH
# Query file:      /home/zack/funannotate_db/hypocreales_odb10/hmms/3746at5125.hmm
# Target file:     /home/zack/Desktop/IsariaPreferralGenome/MyGenomeSubmittedToNCBI/HypocrealesProteinSets/Cjavanica_IJ2G.faa
# Option settings: hmmsearch --domtblout /home/zack/Desktop/IsariaPreferralGenome/MyGenomeSubmittedToNCBI/HypocrealesProteinSets/BUSCO_AA_all/BUSCO_AA_Cjavanica_IJ2G/run_hypocreales_odb10/hmmer_output/initial_run_results/3746at5125.out --cpu 1 /home/zack/funannotate_db/hypocreales_odb10/hmms/3746at5125.hmm /home/zack/Desktop/IsariaPreferralGenome/MyGenomeSubmittedToNCBI/HypocrealesProteinSets/Cjavanica_IJ2G.faa 
# Current dir:     /home/zack/Desktop/IsariaPreferralGenome/MyGenomeSubmittedToNCBI/HypocrealesProteinSets/BUSCO_AA_all
# Date:            Mon Mar  4 15:06:52 2024
# [ok]
