#                                                                            --- full sequence --- -------------- this domain -------------   hmm coord   ali coord   env coord
# target name        accession   tlen query name           accession   qlen   E-value  score  bias   #  of  c-Evalue  i-Evalue  score  bias  from    to  from    to  from    to  acc description of target
#------------------- ---------- ----- -------------------- ---------- ----- --------- ------ ----- --- --- --------- --------- ------ ----- ----- ----- ----- ----- ----- ----- ---- ---------------------
TQW11391.1           -           1041 3821at5125           -            684         0 1409.6  53.8   1   3   3.3e-45   1.9e-42  145.1   0.2    10    89   253   333   246   341 0.95 OPT oligopeptide transporter [Cordyceps javanica]
TQW11391.1           -           1041 3821at5125           -            684         0 1409.6  53.8   2   3  2.2e-182  1.3e-179  598.4  19.0    85   367   361   649   357   666 0.98 OPT oligopeptide transporter [Cordyceps javanica]
TQW11391.1           -           1041 3821at5125           -            684         0 1409.6  53.8   3   3  1.2e-205    7e-203  675.3  21.7   363   683   700  1038   692  1039 0.95 OPT oligopeptide transporter [Cordyceps javanica]
TQW04958.1           -            865 3821at5125           -            684    9e-167  556.0  45.1   1   1    2e-169  1.2e-166  555.6  45.1     8   661    76   769    69   791 0.92 OPT oligopeptide transporter [Cordyceps javanica]
TQW06231.1           -            762 3821at5125           -            684  9.4e-166  552.6  42.8   1   1  2.3e-168  1.4e-165  552.1  42.8    23   679    48   756    30   760 0.88 sexual differentiation process protein isp4 [Cordyceps javanica]
TQW11120.1           -            815 3821at5125           -            684  5.4e-165  550.1  45.6   1   1  1.2e-167    7e-165  549.7  45.6     9   661    68   760    62   775 0.92 OPT oligopeptide transporter [Cordyceps javanica]
TQW10379.1           -            822 3821at5125           -            684  1.1e-163  545.8  32.6   1   1  2.2e-166  1.3e-163  545.5  32.6    10   677   117   809   109   820 0.91 small oligopeptide transporter, OPT family [Cordyceps javanica]
TQW11439.1           -            804 3821at5125           -            684  2.3e-159  531.5  44.2   1   1  4.8e-162  2.8e-159  531.2  44.2     6   680    79   795    75   802 0.90 small oligopeptide transporter, OPT family [Cordyceps javanica]
TQW02602.1           -            787 3821at5125           -            684  1.1e-154  516.0  39.6   1   1  2.4e-157  1.4e-154  515.6  39.6     9   674    67   770    60   779 0.90 small oligopeptide transporter, OPT family [Cordyceps javanica]
TQW04864.1           -            863 3821at5125           -            684  1.7e-116  389.8  44.7   1   1  5.6e-119  3.3e-116  388.9  44.7     9   678   122   848   115   857 0.88 OPT oligopeptide transporter family [Cordyceps javanica]
TQW09024.1           -            890 3821at5125           -            684  2.4e-116  389.3  46.7   1   2   8.3e-70   4.9e-67  226.4  19.1     9   364   125   505   118   511 0.89 OPT oligopeptide transporter family [Cordyceps javanica]
TQW09024.1           -            890 3821at5125           -            684  2.4e-116  389.3  46.7   2   2   2.1e-52   1.2e-49  168.8  19.6   369   679   550   873   542   878 0.87 OPT oligopeptide transporter family [Cordyceps javanica]
TQW05697.1           -            886 3821at5125           -            684  5.5e-113  378.2  51.3   1   1  2.9e-115  1.7e-112  376.6  51.3     9   679   147   873   140   881 0.88 OPT oligopeptide transporter family [Cordyceps javanica]
TQW09339.1           -            867 3821at5125           -            684  1.6e-109  366.8  53.2   1   1    2e-111  1.2e-108  363.9  53.2     9   679   128   855   121   863 0.88 OPT oligopeptide transporter family [Cordyceps javanica]
TQW05352.1           -            872 3821at5125           -            684  7.7e-109  364.5  48.3   1   1  3.2e-110  1.9e-107  359.9  48.3     8   678   131   858   125   866 0.86 OPT oligopeptide transporter family [Cordyceps javanica]
TQW01933.1           -            915 3821at5125           -            684   3.2e-94  316.2  53.4   1   3   9.3e-62   5.4e-59  199.8  17.1    13   349   127   479   119   495 0.90 oligopeptide transporter protein [Cordyceps javanica]
TQW01933.1           -            915 3821at5125           -            684   3.2e-94  316.2  53.4   2   3   1.2e-32     7e-30  103.6   9.7   373   583   555   767   532   775 0.90 oligopeptide transporter protein [Cordyceps javanica]
TQW01933.1           -            915 3821at5125           -            684   3.2e-94  316.2  53.4   3   3   3.7e-09   2.2e-06   25.9  10.5   555   669   767   889   764   893 0.68 oligopeptide transporter protein [Cordyceps javanica]
TQW12411.1           -            917 3821at5125           -            684   3.6e-92  309.4  49.6   1   3   1.2e-58   7.3e-56  189.4  19.1    13   349   131   483   123   506 0.88 oligopeptide transporter protein [Cordyceps javanica]
TQW12411.1           -            917 3821at5125           -            684   3.6e-92  309.4  49.6   2   3   2.3e-33   1.3e-30  105.9   9.0   373   582   559   770   546   778 0.92 oligopeptide transporter protein [Cordyceps javanica]
TQW12411.1           -            917 3821at5125           -            684   3.6e-92  309.4  49.6   3   3   1.4e-09   8.3e-07   27.3   5.1   556   669   772   893   767   901 0.67 oligopeptide transporter protein [Cordyceps javanica]
TQW06086.1           -            916 3821at5125           -            684   1.6e-91  307.3  47.9   1   3   1.3e-54   7.6e-52  176.2  15.9    13   348   130   482   122   497 0.87 oligopeptide transporter protein [Cordyceps javanica]
TQW06086.1           -            916 3821at5125           -            684   1.6e-91  307.3  47.9   2   3   1.1e-33   6.6e-31  106.9   9.0   369   583   555   771   517   779 0.90 oligopeptide transporter protein [Cordyceps javanica]
TQW06086.1           -            916 3821at5125           -            684   1.6e-91  307.3  47.9   3   3     7e-13   4.1e-10   38.2   6.6   555   671   771   895   767   904 0.75 oligopeptide transporter protein [Cordyceps javanica]
TQW11379.1           -            877 3821at5125           -            684   2.3e-86  290.2  44.4   1   2   2.1e-79   1.2e-76  258.1  34.1    11   574   119   719   112   736 0.85 oligopeptide transporter protein [Cordyceps javanica]
TQW11379.1           -            877 3821at5125           -            684   2.3e-86  290.2  44.4   2   2   1.7e-12   9.9e-10   37.0   2.6   589   670   770   855   750   870 0.81 oligopeptide transporter protein [Cordyceps javanica]
TQW10179.1           -            777 3821at5125           -            684   4.7e-57  193.4  29.4   1   2   3.8e-31   2.2e-28   98.6   6.3    24   365    59   410    46   422 0.85 oligopeptide transporter [Cordyceps javanica]
TQW10179.1           -            777 3821at5125           -            684   4.7e-57  193.4  29.4   2   2   8.9e-32   5.2e-29  100.7  15.1   368   654   452   747   444   766 0.84 oligopeptide transporter [Cordyceps javanica]
TQW08235.1           -            747 3821at5125           -            684   1.5e-43  148.7  25.7   1   1   3.4e-46     2e-43  148.3  25.7   117   530   127   554   119   679 0.78 oligopeptide transporter [Cordyceps javanica]
TQW08004.1           -            808 3821at5125           -            684   1.1e-42  145.8  36.1   1   1   2.7e-45   1.6e-42  145.4  36.1    33   660   129   798   109   802 0.80 peptide transporter MTD1 [Cordyceps javanica]
#
# Program:         hmmsearch
# Version:         3.1b2 (February 2015)
# Pipeline mode:   SEARCH
# Query file:      /home/zack/funannotate_db/hypocreales_odb10/hmms/3821at5125.hmm
# Target file:     /home/zack/Desktop/IsariaPreferralGenome/MyGenomeSubmittedToNCBI/HypocrealesProteinSets/Cjavanica_IJ2G.faa
# Option settings: hmmsearch --domtblout /home/zack/Desktop/IsariaPreferralGenome/MyGenomeSubmittedToNCBI/HypocrealesProteinSets/BUSCO_AA_all/BUSCO_AA_Cjavanica_IJ2G/run_hypocreales_odb10/hmmer_output/initial_run_results/3821at5125.out --cpu 1 /home/zack/funannotate_db/hypocreales_odb10/hmms/3821at5125.hmm /home/zack/Desktop/IsariaPreferralGenome/MyGenomeSubmittedToNCBI/HypocrealesProteinSets/Cjavanica_IJ2G.faa 
# Current dir:     /home/zack/Desktop/IsariaPreferralGenome/MyGenomeSubmittedToNCBI/HypocrealesProteinSets/BUSCO_AA_all
# Date:            Mon Mar  4 15:07:16 2024
# [ok]
