#                                                                            --- full sequence --- -------------- this domain -------------   hmm coord   ali coord   env coord
# target name        accession   tlen query name           accession   qlen   E-value  score  bias   #  of  c-Evalue  i-Evalue  score  bias  from    to  from    to  from    to  acc description of target
#------------------- ---------- ----- -------------------- ---------- ----- --------- ------ ----- --- --- --------- --------- ------ ----- ----- ----- ----- ----- ----- ----- ---- ---------------------
TQW10598.1           -            539 42258at5125          -            374  9.7e-174  577.1  46.6   1   4   4.4e-12   3.1e-09   35.8   0.7     2    51     8    53     7    92 0.72 nucleolar protein 12 [Cordyceps javanica]
TQW10598.1           -            539 42258at5125          -            374  9.7e-174  577.1  46.6   2   4   6.1e-07   0.00043   18.9   4.3    36    62   103   129    84   145 0.79 nucleolar protein 12 [Cordyceps javanica]
TQW10598.1           -            539 42258at5125          -            374  9.7e-174  577.1  46.6   3   4  7.5e-150  5.2e-147  489.2  13.1    41   323   143   430   127   445 0.90 nucleolar protein 12 [Cordyceps javanica]
TQW10598.1           -            539 42258at5125          -            374  9.7e-174  577.1  46.6   4   4   9.4e-15   6.6e-12   44.6  12.3   301   374   439   534   433   534 0.77 nucleolar protein 12 [Cordyceps javanica]
TQW03467.1           -            451 42258at5125          -            374   2.2e-07   29.7   0.2   1   3   0.00048      0.33    9.3   0.1   233   279    83   128    78   137 0.80 nuclear and cytoplasmic polyadenylated RNA-binding protein pub1 [Cordyceps javanica]
TQW03467.1           -            451 42258at5125          -            374   2.2e-07   29.7   0.2   2   3     0.014       9.5    4.6   0.0   163   210   122   175   113   179 0.63 nuclear and cytoplasmic polyadenylated RNA-binding protein pub1 [Cordyceps javanica]
TQW03467.1           -            451 42258at5125          -            374   2.2e-07   29.7   0.2   3   3     2e-06    0.0014   17.2   0.0   233   309   173   247   166   258 0.80 nuclear and cytoplasmic polyadenylated RNA-binding protein pub1 [Cordyceps javanica]
TQW09273.1           -            737 42258at5125          -            374   1.8e-06   26.7  15.2   1   5   6.8e-09   4.7e-06   25.3   0.0   229   295    64   128    61   159 0.80 poly-adenylate binding protein [Cordyceps javanica]
TQW09273.1           -            737 42258at5125          -            374   1.8e-06   26.7  15.2   2   5       0.4   2.8e+02   -0.3   0.0   234   278   157   200   140   232 0.76 poly-adenylate binding protein [Cordyceps javanica]
TQW09273.1           -            737 42258at5125          -            374   1.8e-06   26.7  15.2   3   5     0.049        34    2.7   0.2   229   301   244   314   213   340 0.70 poly-adenylate binding protein [Cordyceps javanica]
TQW09273.1           -            737 42258at5125          -            374   1.8e-06   26.7  15.2   4   5       3.3   2.3e+03   -3.3   3.4    33    59   385   411   346   425 0.41 poly-adenylate binding protein [Cordyceps javanica]
TQW09273.1           -            737 42258at5125          -            374   1.8e-06   26.7  15.2   5   5    0.0064       4.5    5.6   0.4   260   328   425   494   416   501 0.81 poly-adenylate binding protein [Cordyceps javanica]
TQW07135.1           -            375 42258at5125          -            374   3.1e-06   25.9   1.9   1   2       1.5   1.1e+03   -2.2   0.1   286   305   190   210   183   218 0.81 RNP domain protein [Cordyceps javanica]
TQW07135.1           -            375 42258at5125          -            374   3.1e-06   25.9   1.9   2   2   4.7e-09   3.3e-06   25.8   0.3   233   317   245   327   241   357 0.69 RNP domain protein [Cordyceps javanica]
TQW10567.1           -            290 42258at5125          -            374     4e-05   22.3   0.0   1   1   1.4e-07   9.9e-05   20.9   0.0   233   299    21    85    12   105 0.84 Nucleotide-binding, alpha-beta plait [Cordyceps javanica]
TQW09182.1           -            144 42258at5125          -            374   0.00014   20.5   0.0   1   1   2.2e-07   0.00016   20.3   0.0   259   305    51    95    23   117 0.78 RNA recognition protein, RNP-1 [Cordyceps javanica]
TQW07467.1           -            297 42258at5125          -            374   0.00028   19.5   0.1   1   1     6e-07   0.00042   18.9   0.1   227   289   223   287   209   297 0.78 eukaryotic translation initiation factor 3, subunit 4 [Cordyceps javanica]
TQW06524.1           -            541 42258at5125          -            374   0.00035   19.2   0.0   1   2     5e-07   0.00035   19.2   0.0   244   304   102   159    92   203 0.81 translation initiation factor eIF4B [Cordyceps javanica]
TQW06524.1           -            541 42258at5125          -            374   0.00035   19.2   0.0   2   2       8.8   6.1e+03   -4.7   6.5   294   328   359   393   336   452 0.54 translation initiation factor eIF4B [Cordyceps javanica]
TQW11501.1           -            523 42258at5125          -            374   0.00055   18.5   0.8   1   2   2.9e-05      0.02   13.4   0.1   236   280   131   175   125   193 0.85 RNA recognition protein, RNP-1 [Cordyceps javanica]
TQW11501.1           -            523 42258at5125          -            374   0.00055   18.5   0.8   2   2     0.025        17    3.7   0.1   228   299   206   274   180   315 0.65 RNA recognition protein, RNP-1 [Cordyceps javanica]
TQW11494.1           -            195 42258at5125          -            374   0.00097   17.7   0.4   1   2      0.04        28    3.0   0.4    52    95    42    82    10    88 0.58 RNP domain-containing protein [Cordyceps javanica]
TQW11494.1           -            195 42258at5125          -            374   0.00097   17.7   0.4   2   2   3.3e-05     0.023   13.2   0.0   238   286    89   137    80   152 0.86 RNP domain-containing protein [Cordyceps javanica]
TQW08558.1           -            180 42258at5125          -            374    0.0035   15.9   0.1   1   1     7e-06    0.0049   15.4   0.1   234   300    16    80    12    85 0.82 glycine-rich RNA-binding protein [Cordyceps javanica]
TQW05448.1           -            416 42258at5125          -            374     0.005   15.3   0.1   1   3   0.00082      0.57    8.6   0.0   241   286    81   125    71   136 0.86 tRNA selenocysteine-associated protein 1 [Cordyceps javanica]
TQW05448.1           -            416 42258at5125          -            374     0.005   15.3   0.1   2   3     0.028        19    3.5   0.0   248   285   181   218   163   234 0.82 tRNA selenocysteine-associated protein 1 [Cordyceps javanica]
TQW05448.1           -            416 42258at5125          -            374     0.005   15.3   0.1   3   3       1.2   8.5e+02   -1.9   0.0   260   279   319   338   313   345 0.84 tRNA selenocysteine-associated protein 1 [Cordyceps javanica]
TQW04066.1           -            403 42258at5125          -            374     0.008   14.7   0.0   1   2   0.00021      0.15   10.5   0.0   240   306    33    97    25   103 0.83 RNA recognition domain-containing protein [Cordyceps javanica]
TQW04066.1           -            403 42258at5125          -            374     0.008   14.7   0.0   2   2     0.083        58    2.0   0.0   229   284   111   166   108   209 0.77 RNA recognition domain-containing protein [Cordyceps javanica]
TQW04428.1           -            786 42258at5125          -            374     0.018   13.5   8.9   1   3   3.1e-05     0.021   13.3   0.1   229   285    51   108    21   140 0.73 ribosome biogenesis protein [Cordyceps javanica]
TQW04428.1           -            786 42258at5125          -            374     0.018   13.5   8.9   2   3     0.017        12    4.2   0.0   233   277   333   377   312   383 0.86 ribosome biogenesis protein [Cordyceps javanica]
TQW04428.1           -            786 42258at5125          -            374     0.018   13.5   8.9   3   3       3.5   2.4e+03   -3.4   0.3    40   333   540   555   511   580 0.49 ribosome biogenesis protein [Cordyceps javanica]
TQW09748.1           -            466 42258at5125          -            374     0.028   12.9   0.0   1   3      0.87     6e+02   -1.4   1.7    46    91   180   225   153   229 0.68 cutinase negative acting protein [Cordyceps javanica]
TQW09748.1           -            466 42258at5125          -            374     0.028   12.9   0.0   2   3   6.1e-05     0.043   12.3   0.3   234   279   232   277   228   322 0.77 cutinase negative acting protein [Cordyceps javanica]
TQW09748.1           -            466 42258at5125          -            374     0.028   12.9   0.0   3   3   4.1e-05     0.028   12.9   0.0   228   280   330   383   321   400 0.86 cutinase negative acting protein [Cordyceps javanica]
TQW11183.1           -            333 42258at5125          -            374     0.034   12.6   0.0   1   1   7.6e-05     0.053   12.0   0.0   236   277    86   127    78   154 0.87 transformer-SR ribonucleoprotein [Cordyceps javanica]
#
# Program:         hmmsearch
# Version:         3.1b2 (February 2015)
# Pipeline mode:   SEARCH
# Query file:      /home/zack/funannotate_db/hypocreales_odb10/hmms/42258at5125.hmm
# Target file:     /home/zack/Desktop/IsariaPreferralGenome/MyGenomeSubmittedToNCBI/HypocrealesProteinSets/Cjavanica_IJ2G.faa
# Option settings: hmmsearch --domtblout /home/zack/Desktop/IsariaPreferralGenome/MyGenomeSubmittedToNCBI/HypocrealesProteinSets/BUSCO_AA_all/BUSCO_AA_Cjavanica_IJ2G/run_hypocreales_odb10/hmmer_output/initial_run_results/42258at5125.out --cpu 1 /home/zack/funannotate_db/hypocreales_odb10/hmms/42258at5125.hmm /home/zack/Desktop/IsariaPreferralGenome/MyGenomeSubmittedToNCBI/HypocrealesProteinSets/Cjavanica_IJ2G.faa 
# Current dir:     /home/zack/Desktop/IsariaPreferralGenome/MyGenomeSubmittedToNCBI/HypocrealesProteinSets/BUSCO_AA_all
# Date:            Mon Mar  4 15:06:53 2024
# [ok]
