#                                                                            --- full sequence --- -------------- this domain -------------   hmm coord   ali coord   env coord
# target name        accession   tlen query name           accession   qlen   E-value  score  bias   #  of  c-Evalue  i-Evalue  score  bias  from    to  from    to  from    to  acc description of target
#------------------- ---------- ----- -------------------- ---------- ----- --------- ------ ----- --- --- --------- --------- ------ ----- ----- ----- ----- ----- ----- ----- ---- ---------------------
TQW04108.1           -            875 4563at5125           -            811         0 1651.2  19.5   1   1         0         0 1651.0  19.5     1   811     1   866     1   866 0.96 importin beta-1 subunit [Cordyceps javanica]
TQW11135.1           -            941 4563at5125           -            811   6.1e-14   50.5   0.5   1   2    0.0017       3.1    5.1   0.2   253   283   270   300    11   305 0.89 importin beta-2 subunit [Cordyceps javanica]
TQW11135.1           -            941 4563at5125           -            811   6.1e-14   50.5   0.5   2   2   8.9e-15   1.7e-11   42.4   0.0   325   422   400   500   320   595 0.86 importin beta-2 subunit [Cordyceps javanica]
TQW09565.1           -           1095 4563at5125           -            811   1.1e-05   23.2  11.4   1   2    0.0021       3.8    4.8   6.1     4   420    10   435     7   446 0.58 importin beta-3 subunit [Cordyceps javanica]
TQW09565.1           -           1095 4563at5125           -            811   1.1e-05   23.2  11.4   2   2   1.1e-07   0.00021   19.0   0.2   559   695   492   635   474   643 0.77 importin beta-3 subunit [Cordyceps javanica]
TQW01591.1           -           1043 4563at5125           -            811     0.002   15.7   1.3   1   3     0.012        21    2.4   0.1   356   389   873   906   855   943 0.68 peptidase C14 [Cordyceps javanica]
TQW01591.1           -           1043 4563at5125           -            811     0.002   15.7   1.3   2   3   0.00012      0.23    8.9   0.2   353   389   947   983   918   991 0.80 peptidase C14 [Cordyceps javanica]
TQW01591.1           -           1043 4563at5125           -            811     0.002   15.7   1.3   3   3     0.014        26    2.1   0.0   357   388   984  1015   979  1025 0.67 peptidase C14 [Cordyceps javanica]
TQW12294.1           -           1047 4563at5125           -            811    0.0086   13.6   0.0   1   1   9.7e-06     0.018   12.5   0.0     1    93     1    93     1   124 0.77 nonsense-mediated mRNA decay protein [Cordyceps javanica]
TQW11083.1           -            551 4563at5125           -            811     0.049   11.1   0.1   1   2      0.19   3.6e+02   -1.7   0.0   373   424   141   196   119   236 0.72 importin alpha subunit [Cordyceps javanica]
TQW11083.1           -            551 4563at5125           -            811     0.049   11.1   0.1   2   2   7.2e-05      0.13    9.7   0.1   373   456   310   404   253   408 0.80 importin alpha subunit [Cordyceps javanica]
#
# Program:         hmmsearch
# Version:         3.1b2 (February 2015)
# Pipeline mode:   SEARCH
# Query file:      /home/zack/funannotate_db/hypocreales_odb10/hmms/4563at5125.hmm
# Target file:     /home/zack/Desktop/IsariaPreferralGenome/MyGenomeSubmittedToNCBI/HypocrealesProteinSets/Cjavanica_IJ2G.faa
# Option settings: hmmsearch --domtblout /home/zack/Desktop/IsariaPreferralGenome/MyGenomeSubmittedToNCBI/HypocrealesProteinSets/BUSCO_AA_all/BUSCO_AA_Cjavanica_IJ2G/run_hypocreales_odb10/hmmer_output/initial_run_results/4563at5125.out --cpu 1 /home/zack/funannotate_db/hypocreales_odb10/hmms/4563at5125.hmm /home/zack/Desktop/IsariaPreferralGenome/MyGenomeSubmittedToNCBI/HypocrealesProteinSets/Cjavanica_IJ2G.faa 
# Current dir:     /home/zack/Desktop/IsariaPreferralGenome/MyGenomeSubmittedToNCBI/HypocrealesProteinSets/BUSCO_AA_all
# Date:            Mon Mar  4 15:07:12 2024
# [ok]
