#                                                                            --- full sequence --- -------------- this domain -------------   hmm coord   ali coord   env coord
# target name        accession   tlen query name           accession   qlen   E-value  score  bias   #  of  c-Evalue  i-Evalue  score  bias  from    to  from    to  from    to  acc description of target
#------------------- ---------- ----- -------------------- ---------- ----- --------- ------ ----- --- --- --------- --------- ------ ----- ----- ----- ----- ----- ----- ----- ---- ---------------------
TQW07460.1           -            180 49628at5125          -            165   6.8e-60  200.8   0.0   1   1     3e-63   8.4e-60  200.5   0.0    36   165     1   140     1   140 0.92 C6 transcription factor [Cordyceps javanica]
TQW09610.1           -            386 49628at5125          -            165   1.7e-15   56.3   1.0   1   1   1.4e-18     4e-15   55.2   1.0    45   122    76   154    51   209 0.82 hypothetical protein IF2G_02400 [Cordyceps javanica]
TQW04410.1           -            540 49628at5125          -            165     0.035   13.1   1.1   1   3      0.84   2.3e+03   -2.6   0.0   137   160   164   187   156   189 0.77 tyrosyl-DNA phosphodiesterase [Cordyceps javanica]
TQW04410.1           -            540 49628at5125          -            165     0.035   13.1   1.1   2   3     0.024        67    2.4   0.1    65    87   312   340   306   354 0.75 tyrosyl-DNA phosphodiesterase [Cordyceps javanica]
TQW04410.1           -            540 49628at5125          -            165     0.035   13.1   1.1   3   3   0.00033      0.93    8.4   0.0    10    48   392   430   385   456 0.83 tyrosyl-DNA phosphodiesterase [Cordyceps javanica]
TQW02792.1           -            560 49628at5125          -            165      0.97    8.4   4.9   1   2   4.9e-05      0.14   11.1   0.5    28    99   247   318   221   325 0.78 oligopeptide transporter protein [Cordyceps javanica]
TQW02792.1           -            560 49628at5125          -            165      0.97    8.4   4.9   2   2       2.6   7.4e+03   -4.2   0.4    84    99   449   464   430   465 0.55 oligopeptide transporter protein [Cordyceps javanica]
#
# Program:         hmmsearch
# Version:         3.1b2 (February 2015)
# Pipeline mode:   SEARCH
# Query file:      /home/zack/funannotate_db/hypocreales_odb10/hmms/49628at5125.hmm
# Target file:     /home/zack/Desktop/IsariaPreferralGenome/MyGenomeSubmittedToNCBI/HypocrealesProteinSets/Cjavanica_IJ2G.faa
# Option settings: hmmsearch --domtblout /home/zack/Desktop/IsariaPreferralGenome/MyGenomeSubmittedToNCBI/HypocrealesProteinSets/BUSCO_AA_all/BUSCO_AA_Cjavanica_IJ2G/run_hypocreales_odb10/hmmer_output/initial_run_results/49628at5125.out --cpu 1 /home/zack/funannotate_db/hypocreales_odb10/hmms/49628at5125.hmm /home/zack/Desktop/IsariaPreferralGenome/MyGenomeSubmittedToNCBI/HypocrealesProteinSets/Cjavanica_IJ2G.faa 
# Current dir:     /home/zack/Desktop/IsariaPreferralGenome/MyGenomeSubmittedToNCBI/HypocrealesProteinSets/BUSCO_AA_all
# Date:            Mon Mar  4 15:07:00 2024
# [ok]
