#                                                                            --- full sequence --- -------------- this domain -------------   hmm coord   ali coord   env coord
# target name        accession   tlen query name           accession   qlen   E-value  score  bias   #  of  c-Evalue  i-Evalue  score  bias  from    to  from    to  from    to  acc description of target
#------------------- ---------- ----- -------------------- ---------- ----- --------- ------ ----- --- --- --------- --------- ------ ----- ----- ----- ----- ----- ----- ----- ---- ---------------------
TQW04676.1           -            200 58123at5125          -            219   1.1e-38  132.7   0.1   1   1   1.2e-40     2e-38  131.8   0.1   124   219    92   200    60   200 0.83 transmembrane alpha-helix domain-containing protein [Cordyceps javanica]
TQW11764.1           -            418 58123at5125          -            219   1.3e-13   50.7   2.5   1   2   7.5e-16   1.3e-13   50.7   2.5    17   182   126   281   113   291 0.74 hypothetical protein IF2G_00495 [Cordyceps javanica]
TQW11764.1           -            418 58123at5125          -            219   1.3e-13   50.7   2.5   2   2       4.6   7.9e+02   -0.9   1.4   114   140   371   399   299   413 0.51 hypothetical protein IF2G_00495 [Cordyceps javanica]
TQW02123.1           -            314 58123at5125          -            219   9.8e-11   41.3   3.9   1   1   9.1e-13   1.6e-10   40.6   3.9    79   179   128   224    55   247 0.59 ER membrane protein Wsc4 [Cordyceps javanica]
TQW10266.1           -            396 58123at5125          -            219   2.2e-10   40.1  19.2   1   2   5.9e-08     1e-05   24.9   5.9    12    93   119   196   113   204 0.71 CFEM domain protein [Cordyceps javanica]
TQW10266.1           -            396 58123at5125          -            219   2.2e-10   40.1  19.2   2   2   3.4e-09   5.9e-07   28.9   5.4     2    75   198   269   197   304 0.70 CFEM domain protein [Cordyceps javanica]
TQW11050.1           -            402 58123at5125          -            219   5.2e-10   38.9   2.3   1   1   6.7e-12   1.1e-09   37.8   2.3    89   178   184   269   136   288 0.62 mid2 like cell wall stress sensor domain-containing protein [Cordyceps javanica]
TQW11632.1           -            218 58123at5125          -            219     1e-09   37.9   5.1   1   1   7.8e-12   1.3e-09   37.6   5.1    42   178    34   167    12   183 0.59 podoplanin domain-containing protein [Cordyceps javanica]
TQW07707.1           -            308 58123at5125          -            219   3.5e-09   36.2   1.1   1   1   4.9e-11   8.4e-09   34.9   1.1    63   194   130   260    68   264 0.66 podoplanin domain-containing protein [Cordyceps javanica]
TQW06738.1           -            285 58123at5125          -            219   2.2e-08   33.6   0.6   1   1   1.8e-10   3.2e-08   33.1   0.6    98   196   183   282   146   285 0.68 GPI anchored protein [Cordyceps javanica]
TQW03577.1           -            416 58123at5125          -            219   4.5e-08   32.6  12.8   1   1   1.4e-08   2.4e-06   26.9  12.8    68   200   127   268    24   274 0.57 Transmembrane protein SKG6 [Cordyceps javanica]
TQW08421.1           -            730 58123at5125          -            219   8.2e-08   31.7   3.4   1   2   4.8e-10   8.2e-08   31.7   3.4    90   173   342   424   299   431 0.62 pre-mRNA splicing factor CLF1 [Cordyceps javanica]
TQW08421.1           -            730 58123at5125          -            219   8.2e-08   31.7   3.4   2   2       8.3   1.4e+03   -1.8   0.2   114   131   585   604   569   615 0.45 pre-mRNA splicing factor CLF1 [Cordyceps javanica]
TQW06992.1           -            318 58123at5125          -            219   8.6e-08   31.6   0.4   1   1     5e-10   8.6e-08   31.6   0.4    76   174    66   161    48   173 0.61 hypothetical protein IF2G_05376 [Cordyceps javanica]
TQW08561.1           -            418 58123at5125          -            219   9.6e-08   31.5   0.6   1   2   5.6e-10   9.6e-08   31.5   0.6   113   175   215   275   171   287 0.83 transmembrane alpha-helix domain-containing protein [Cordyceps javanica]
TQW08561.1           -            418 58123at5125          -            219   9.6e-08   31.5   0.6   2   2       1.3   2.3e+02    0.8   0.7    87   141   333   384   316   388 0.43 transmembrane alpha-helix domain-containing protein [Cordyceps javanica]
TQW03526.1           -            413 58123at5125          -            219   1.4e-07   30.9   5.3   1   1   8.2e-10   1.4e-07   30.9   5.3    72   172   117   222   101   230 0.60 transmembrane alpha-helix domain-containing protein [Cordyceps javanica]
TQW07172.1           -            278 58123at5125          -            219   1.5e-07   30.9   0.6   1   1   1.2e-09     2e-07   30.4   0.6   101   173   175   246   131   272 0.76 GPI anchored protein [Cordyceps javanica]
TQW10084.1           -            580 58123at5125          -            219   1.7e-07   30.7   0.4   1   2   9.9e-10   1.7e-07   30.7   0.4    70   173    99   198    69   213 0.56 SH3 domain protein [Cordyceps javanica]
TQW10084.1           -            580 58123at5125          -            219   1.7e-07   30.7   0.4   2   2       6.4   1.1e+03   -1.4   0.6   156   176   323   343   276   395 0.53 SH3 domain protein [Cordyceps javanica]
TQW10043.1           -            570 58123at5125          -            219   2.6e-07   30.1   1.2   1   1   4.8e-09   8.3e-07   28.4   1.2   100   174   221   296   162   322 0.54 SH3 domain-containing protein [Cordyceps javanica]
TQW06595.1           -            423 58123at5125          -            219   3.1e-07   29.8   0.4   1   1   1.8e-09   3.1e-07   29.8   0.4   107   178   195   266   133   297 0.66 incA protein domain-containing protein [Cordyceps javanica]
TQW10494.1           -            502 58123at5125          -            219   7.2e-07   28.6   3.1   1   3   4.2e-09   7.2e-07   28.6   3.1    61   174   117   223    95   244 0.66 hypothetical protein IF2G_01436 [Cordyceps javanica]
TQW10494.1           -            502 58123at5125          -            219   7.2e-07   28.6   3.1   2   3       1.6   2.8e+02    0.5   1.0    84   145   330   374   309   401 0.43 hypothetical protein IF2G_01436 [Cordyceps javanica]
TQW10494.1           -            502 58123at5125          -            219   7.2e-07   28.6   3.1   3   3       5.1   8.8e+02   -1.1   0.2   103   122   442   458   394   483 0.51 hypothetical protein IF2G_01436 [Cordyceps javanica]
TQW03438.1           -            261 58123at5125          -            219   7.7e-07   28.5   0.3   1   2       2.4   4.1e+02    0.0   1.5   102   122    26    47     7    71 0.48 hypothetical protein IF2G_09167 [Cordyceps javanica]
TQW03438.1           -            261 58123at5125          -            219   7.7e-07   28.5   0.3   2   2   4.5e-09   7.7e-07   28.5   0.3    78   172    81   184    64   192 0.52 hypothetical protein IF2G_09167 [Cordyceps javanica]
TQW04033.1           -            288 58123at5125          -            219   9.1e-07   28.3   7.4   1   1   5.3e-09   9.1e-07   28.3   7.4    94   176   148   226    72   231 0.60 WSC domain-containing protein [Cordyceps javanica]
TQW05811.1           -            265 58123at5125          -            219   1.7e-06   27.4   5.7   1   1   1.3e-08   2.3e-06   27.0   5.7    48   175    76   202    36   223 0.62 hypothetical protein IF2G_06933 [Cordyceps javanica]
TQW07184.1           -            526 58123at5125          -            219   1.9e-06   27.3   0.2   1   1   1.7e-08   2.9e-06   26.6   0.2   113   176   410   471   364   484 0.71 aspartic-type endopeptidase [Cordyceps javanica]
TQW02482.1           -            445 58123at5125          -            219   2.1e-06   27.1   6.3   1   1   1.8e-08   3.1e-06   26.5   6.3    12   174   198   369   188   376 0.63 hypothetical protein IF2G_10082 [Cordyceps javanica]
TQW06030.1           -            286 58123at5125          -            219     3e-06   26.6  15.2   1   1   1.7e-08     3e-06   26.6  15.2     6   148    17   159     6   169 0.67 CFEM domain protein [Cordyceps javanica]
TQW07941.1           -            402 58123at5125          -            219     3e-06   26.6  24.3   1   1   1.8e-08     3e-06   26.6  24.3    38   181    65   229    37   237 0.50 transmembrane alpha-helix domain-containing protein [Cordyceps javanica]
TQW11976.1           -            381 58123at5125          -            219   3.3e-06   26.5   0.0   1   1   4.2e-08   7.1e-06   25.4   0.0    85   188   166   281   125   290 0.60 hypothetical protein IF2G_00707 [Cordyceps javanica]
TQW03058.1           -           1252 58123at5125          -            219   3.3e-06   26.5   1.1   1   4   1.9e-08   3.3e-06   26.5   1.1    97   175   188   274   122   290 0.58 hypothetical protein IF2G_09575 [Cordyceps javanica]
TQW03058.1           -           1252 58123at5125          -            219   3.3e-06   26.5   1.1   2   4       2.9   4.9e+02   -0.2   4.6    86   122   798   836   775   865 0.44 hypothetical protein IF2G_09575 [Cordyceps javanica]
TQW03058.1           -           1252 58123at5125          -            219   3.3e-06   26.5   1.1   3   4       6.5   1.1e+03   -1.4   3.7    88   128   999  1036   976  1048 0.38 hypothetical protein IF2G_09575 [Cordyceps javanica]
TQW03058.1           -           1252 58123at5125          -            219   3.3e-06   26.5   1.1   4   4       7.6   1.3e+03   -1.6   0.8    84   122  1145  1160  1109  1212 0.49 hypothetical protein IF2G_09575 [Cordyceps javanica]
TQW10997.1           -            491 58123at5125          -            219   3.4e-06   26.4   7.2   1   1     2e-08   3.4e-06   26.4   7.2    72   173   209   314   192   326 0.54 glycine rich protein family domain-containing protein [Cordyceps javanica]
TQW02630.1           -            273 58123at5125          -            219   5.3e-06   25.8   0.2   1   1   4.3e-08   7.3e-06   25.3   0.2   112   176   116   175    67   188 0.80 transmembrane alpha-helix domain-containing protein [Cordyceps javanica]
TQW11802.1           -            345 58123at5125          -            219   5.3e-06   25.8   0.1   1   1   3.1e-08   5.3e-06   25.8   0.1    86   175   173   256   124   279 0.54 transmembrane alpha-helix domain-containing protein [Cordyceps javanica]
TQW04134.1           -            247 58123at5125          -            219   5.9e-06   25.6   4.5   1   1   3.4e-08   5.9e-06   25.6   4.5    74   172    68   162    53   169 0.62 ER membrane protein Wsc4 [Cordyceps javanica]
TQW03298.1           -            306 58123at5125          -            219   6.8e-06   25.4   4.6   1   2     4e-08   6.8e-06   25.4   4.6    96   171   131   207    86   213 0.59 alphaherpesvirus glycoprotein E domain-containing protein [Cordyceps javanica]
TQW03298.1           -            306 58123at5125          -            219   6.8e-06   25.4   4.6   2   2       4.3   7.3e+02   -0.8   0.3    80    93   224   237   207   280 0.45 alphaherpesvirus glycoprotein E domain-containing protein [Cordyceps javanica]
TQW01818.1           -            225 58123at5125          -            219     8e-06   25.2   3.3   1   1   7.5e-08   1.3e-05   24.5   3.3    43   183    74   203    47   216 0.55 hypothetical protein IF2G_10666 [Cordyceps javanica]
TQW05250.1           -            280 58123at5125          -            219   2.3e-05   23.7   5.8   1   1   1.3e-07   2.3e-05   23.7   5.8    75   173   120   227   112   252 0.64 mid2 like cell wall stress sensor domain-containing protein [Cordyceps javanica]
TQW05898.1           -            168 58123at5125          -            219   7.3e-05   22.1  18.8   1   1     5e-07   8.5e-05   21.9  18.8    14   145    27   159    10   168 0.53 CFEM domain-containing protein [Cordyceps javanica]
TQW04505.1           -            124 58123at5125          -            219   0.00013   21.2   0.0   1   1     1e-06   0.00017   20.9   0.0   116   174     8    64     1    83 0.73 hypothetical protein IF2G_07734 [Cordyceps javanica]
TQW01879.1           -            300 58123at5125          -            219   0.00019   20.8   0.0   1   1   1.7e-06   0.00028   20.1   0.0   112   176   145   207   120   210 0.70 ser-Thr-rich glycosyl-phosphatidyl-inositol-anchored membrane family domain-containing protein [Cordyceps javanica]
TQW01995.1           -            171 58123at5125          -            219   0.00045   19.5  17.4   1   1   3.4e-06   0.00058   19.1  17.4    14   139    27   157    11   169 0.61 Extracellular membrane protein, 8-cysteine region, CFEM [Cordyceps javanica]
TQW02509.1           -            491 58123at5125          -            219   0.00048   19.4   0.1   1   2   2.8e-06   0.00048   19.4   0.1   113   174   202   262   147   285 0.64 hypothetical protein IF2G_09900 [Cordyceps javanica]
TQW02509.1           -            491 58123at5125          -            219   0.00048   19.4   0.1   2   2      0.75   1.3e+02    1.7   2.5    72   148   317   386   277   387 0.50 hypothetical protein IF2G_09900 [Cordyceps javanica]
TQW05367.1           -            616 58123at5125          -            219   0.00071   18.8   0.0   1   1   4.1e-06   0.00071   18.8   0.0   112   173    20    85     8    97 0.68 Zinc finger domain-containing protein, C2H2-type [Cordyceps javanica]
TQW01878.1           -            369 58123at5125          -            219   0.00085   18.6   0.6   1   1   4.9e-06   0.00085   18.6   0.6   106   176   130   198    89   220 0.72 hypothetical protein IF2G_10591 [Cordyceps javanica]
TQW02821.1           -            552 58123at5125          -            219   0.00099   18.4   0.0   1   1   5.8e-06   0.00099   18.4   0.0   132   188   231   287   213   295 0.79 LPXTG-domain-containing protein [Cordyceps javanica]
TQW10089.1           -            508 58123at5125          -            219    0.0019   17.4   0.0   1   1     2e-05    0.0034   16.6   0.0   128   189   269   334   220   340 0.74 hypothetical protein IF2G_02879 [Cordyceps javanica]
TQW01954.1           -            231 58123at5125          -            219     0.002   17.4   1.9   1   1   1.3e-05    0.0023   17.2   1.3    58   171    50   162    22   185 0.62 integral membrane protein [Cordyceps javanica]
TQW05684.1           -            174 58123at5125          -            219    0.0021   17.3   1.2   1   1   1.9e-05    0.0033   16.6   1.2    95   176    31   109     5   127 0.63 granule antigen protein (GRA6) domain-containing protein [Cordyceps javanica]
TQW05818.1           -            862 58123at5125          -            219    0.0027   16.9   0.1   1   3   1.6e-05    0.0027   16.9   0.1    87   179   401   493   378   500 0.59 Cadherin-like protein [Cordyceps javanica]
TQW05818.1           -            862 58123at5125          -            219    0.0027   16.9   0.1   2   3         4   6.8e+02   -0.7   1.4    74   123   659   701   634   727 0.38 Cadherin-like protein [Cordyceps javanica]
TQW05818.1           -            862 58123at5125          -            219    0.0027   16.9   0.1   3   3       7.9   1.4e+03   -1.7   3.2    83   142   799   855   755   861 0.38 Cadherin-like protein [Cordyceps javanica]
TQW09494.1           -            739 58123at5125          -            219    0.0076   15.5   7.0   1   1   4.4e-05    0.0076   15.5   7.0    82   179   366   458   339   474 0.51 hypothetical protein IF2G_02284 [Cordyceps javanica]
TQW07017.1           -            459 58123at5125          -            219     0.011   15.0   1.3   1   3       2.4     4e+02    0.0   0.5    50    80    60    90    53   118 0.52 hypothetical protein IF2G_05401 [Cordyceps javanica]
TQW07017.1           -            459 58123at5125          -            219     0.011   15.0   1.3   2   3   6.1e-05     0.011   15.0   1.3   103   168   211   276   139   291 0.62 hypothetical protein IF2G_05401 [Cordyceps javanica]
TQW07017.1           -            459 58123at5125          -            219     0.011   15.0   1.3   3   3       1.6   2.7e+02    0.6   4.6    69   123   378   411   319   452 0.50 hypothetical protein IF2G_05401 [Cordyceps javanica]
TQW09138.1           -            106 58123at5125          -            219     0.014   14.7   0.7   1   1   8.9e-05     0.015   14.5   0.7   117   174    26    81     1    90 0.64 hypothetical protein IF2G_03569 [Cordyceps javanica]
TQW06857.1           -            171 58123at5125          -            219     0.015   14.5  18.7   1   1   0.00014     0.024   13.9  18.7    75   164    80   170    44   171 0.60 hypothetical protein IF2G_05241 [Cordyceps javanica]
TQW03366.1           -            846 58123at5125          -            219     0.018   14.3   0.6   1   1    0.0001     0.018   14.3   0.6   120   187   722   790   705   800 0.71 basic proline-rich protein [Cordyceps javanica]
TQW02543.1           -            601 58123at5125          -            219     0.022   14.0   0.1   1   2       9.7   1.7e+03   -2.0   1.2   114   142   391   419   349   436 0.44 periplasmic binding protein [Cordyceps javanica]
TQW02543.1           -            601 58123at5125          -            219     0.022   14.0   0.1   2   2   0.00013     0.022   14.0   0.1   123   172   529   580   469   593 0.64 periplasmic binding protein [Cordyceps javanica]
TQW02826.1           -            600 58123at5125          -            219     0.025   13.8   0.0   1   1   0.00015     0.025   13.8   0.0   133   176   224   267   153   286 0.79 LPXTG-domain-containing protein [Cordyceps javanica]
TQW06112.1           -             84 58123at5125          -            219     0.058   12.6  19.9   1   1   0.00037     0.063   12.5  19.9    86   158    12    82     2    84 0.33 hypothetical protein IF2G_06395 [Cordyceps javanica]
TQW03341.1           -            442 58123at5125          -            219     0.071   12.3   0.3   1   3       9.5   1.6e+03   -2.0   0.6   114   131    14    39     2    55 0.46 hypothetical protein IF2G_09070 [Cordyceps javanica]
TQW03341.1           -            442 58123at5125          -            219     0.071   12.3   0.3   2   3   0.00041     0.071   12.3   0.3   141   175   289   324   240   329 0.72 hypothetical protein IF2G_09070 [Cordyceps javanica]
TQW03341.1           -            442 58123at5125          -            219     0.071   12.3   0.3   3   3       2.2   3.7e+02    0.2   0.9    58   125   367   434   355   441 0.44 hypothetical protein IF2G_09070 [Cordyceps javanica]
TQW03524.1           -            697 58123at5125          -            219     0.092   11.9   0.0   1   2    0.0021      0.35   10.0   0.0   130   178    47    96     8   103 0.78 hypothetical protein IF2G_08822 [Cordyceps javanica]
TQW03524.1           -            697 58123at5125          -            219     0.092   11.9   0.0   2   2       7.5   1.3e+03   -1.6   0.0   107   151   367   410   325   412 0.60 hypothetical protein IF2G_08822 [Cordyceps javanica]
TQW02128.1           -           1139 58123at5125          -            219     0.093   11.9   2.3   1   1    0.0014      0.25   10.5   0.0   118   174   448   506   412   519 0.58 galactose oxidase [Cordyceps javanica]
TQW06929.1           -            252 58123at5125          -            219      0.38    9.9  14.0   1   1     0.004      0.69    9.1  14.0    92   189   128   219    12   228 0.67 hypothetical protein IF2G_05313 [Cordyceps javanica]
TQW03635.1           -            183 58123at5125          -            219      0.54    9.4  28.3   1   1    0.0046      0.78    8.9  28.3     9   158    14   180     5   183 0.47 CFEM domain-containing protein [Cordyceps javanica]
TQW11246.1           -            189 58123at5125          -            219      0.57    9.3   2.8   1   2       3.9   6.6e+02   -0.7   0.4    72    77    19    24     2    80 0.46 Basic-leucine zipper (bZIP) transcription factor [Cordyceps javanica]
TQW11246.1           -            189 58123at5125          -            219      0.57    9.3   2.8   2   2     0.002      0.35   10.0   0.1   107   155   113   162    97   168 0.67 Basic-leucine zipper (bZIP) transcription factor [Cordyceps javanica]
TQW02298.1           -            250 58123at5125          -            219       0.8    8.9  24.6   1   1    0.0012      0.21   10.8  21.3    49   161   135   248   128   250 0.55 hypothetical protein IF2G_10101 [Cordyceps javanica]
TQW05361.1           -            217 58123at5125          -            219       1.1    8.5  20.4   1   1    0.0098       1.7    7.8  20.4    67   161   112   212    79   217 0.42 cell surface protein [Cordyceps javanica]
TQW09413.1           -            373 58123at5125          -            219       2.2    7.4  17.0   1   1     0.025       4.3    6.5  17.0    72   150   282   361   242   373 0.46 cell wall glucanase [Cordyceps javanica]
TQW02439.1           -            208 58123at5125          -            219         4    6.6  37.3   1   2       1.9   3.3e+02    0.3  23.3    12   131    22   146     7   157 0.47 Extracellular membrane protein, 8-cysteine region, CFEM [Cordyceps javanica]
TQW02439.1           -            208 58123at5125          -            219         4    6.6  37.3   2   2    0.0021      0.36   10.0  16.3    83   160   129   206   119   208 0.53 Extracellular membrane protein, 8-cysteine region, CFEM [Cordyceps javanica]
TQW06340.1           -            262 58123at5125          -            219       4.9    6.3   9.5   1   1     0.043       7.3    5.7   9.5    82   142    11    77     1    90 0.48 C6 transcription factor [Cordyceps javanica]
#
# Program:         hmmsearch
# Version:         3.1b2 (February 2015)
# Pipeline mode:   SEARCH
# Query file:      /home/zack/funannotate_db/hypocreales_odb10/hmms/58123at5125.hmm
# Target file:     /home/zack/Desktop/IsariaPreferralGenome/MyGenomeSubmittedToNCBI/HypocrealesProteinSets/Cjavanica_IJ2G.faa
# Option settings: hmmsearch --domtblout /home/zack/Desktop/IsariaPreferralGenome/MyGenomeSubmittedToNCBI/HypocrealesProteinSets/BUSCO_AA_all/BUSCO_AA_Cjavanica_IJ2G/run_hypocreales_odb10/hmmer_output/initial_run_results/58123at5125.out --cpu 1 /home/zack/funannotate_db/hypocreales_odb10/hmms/58123at5125.hmm /home/zack/Desktop/IsariaPreferralGenome/MyGenomeSubmittedToNCBI/HypocrealesProteinSets/Cjavanica_IJ2G.faa 
# Current dir:     /home/zack/Desktop/IsariaPreferralGenome/MyGenomeSubmittedToNCBI/HypocrealesProteinSets/BUSCO_AA_all
# Date:            Mon Mar  4 15:07:38 2024
# [ok]
