#                                                                            --- full sequence --- -------------- this domain -------------   hmm coord   ali coord   env coord
# target name        accession   tlen query name           accession   qlen   E-value  score  bias   #  of  c-Evalue  i-Evalue  score  bias  from    to  from    to  from    to  acc description of target
#------------------- ---------- ----- -------------------- ---------- ----- --------- ------ ----- --- --- --------- --------- ------ ----- ----- ----- ----- ----- ----- ----- ---- ---------------------
TQW09546.1           -            694 7475at5125           -            631  4.9e-298  989.2  16.2   1   2   1.4e-79   1.2e-76  257.9   1.8     4   170    45   221    42   225 0.83 RSC complex subunit (RSC1) [Cordyceps javanica]
TQW09546.1           -            694 7475at5125           -            631  4.9e-298  989.2  16.2   2   2    1e-224  8.7e-222  737.4   6.7   150   510   224   586   221   607 0.96 RSC complex subunit (RSC1) [Cordyceps javanica]
TQW10782.1           -           1424 7475at5125           -            631   1.6e-15   55.9   0.1   1   2       8.7   7.4e+03   -5.7   2.8   552   614   383   446   346   457 0.53 SNF2-family ATP dependent chromatin remodeling factor snf21 [Cordyceps javanica]
TQW10782.1           -           1424 7475at5125           -            631   1.6e-15   55.9   0.1   2   2   1.9e-18   1.6e-15   55.9   0.1   193   270  1279  1358  1275  1387 0.82 SNF2-family ATP dependent chromatin remodeling factor snf21 [Cordyceps javanica]
TQW07589.1           -            654 7475at5125           -            631   3.5e-14   51.5   0.3   1   2   1.7e-10   1.4e-07   29.7   0.2   177   271    40   136     2   149 0.77 polybromo-1 [Cordyceps javanica]
TQW07589.1           -            654 7475at5125           -            631   3.5e-14   51.5   0.3   2   2     4e-10   3.4e-07   28.4   0.0   160   277   265   393   248   401 0.75 polybromo-1 [Cordyceps javanica]
TQW07692.1           -            481 7475at5125           -            631   3.7e-12   44.8   0.0   1   1   4.4e-15   3.7e-12   44.8   0.0    37   117   396   476   374   481 0.90 histone acetyltransferase GCN5 [Cordyceps javanica]
TQW07437.1           -            712 7475at5125           -            631   3.6e-11   41.6   0.0   1   1   6.5e-14   5.6e-11   41.0   0.0    39   112   626   699   621   706 0.93 transcription regulator BDF1 [Cordyceps javanica]
TQW10686.1           -            981 7475at5125           -            631   2.3e-08   32.3   0.5   1   2    0.0053       4.5    4.9   0.0    45   109   426   492   418   505 0.83 transcription regulator BDF1 [Cordyceps javanica]
TQW10686.1           -            981 7475at5125           -            631   2.3e-08   32.3   0.5   2   2   7.4e-09   6.3e-06   24.3   0.7    42   156   621   736   616   773 0.76 transcription regulator BDF1 [Cordyceps javanica]
TQW10208.1           -           1143 7475at5125           -            631   3.7e-08   31.6   0.9   1   2      0.34   2.9e+02   -1.1   0.8   125   161   101   137    85   156 0.57 transcriptional activator spt7 [Cordyceps javanica]
TQW10208.1           -           1143 7475at5125           -            631   3.7e-08   31.6   0.9   2   2   4.4e-11   3.7e-08   31.6   0.9   187   275   329   418   285   426 0.82 transcriptional activator spt7 [Cordyceps javanica]
TQW03673.1           -            518 7475at5125           -            631   2.2e-07   29.1   0.0   1   2       1.3   1.1e+03   -3.0   0.0   489   521   112   144   109   170 0.75 histone acetyltransferase GCN5 [Cordyceps javanica]
TQW03673.1           -            518 7475at5125           -            631   2.2e-07   29.1   0.0   2   2   5.5e-10   4.7e-07   28.0   0.0   194   274   406   487   377   502 0.76 histone acetyltransferase GCN5 [Cordyceps javanica]
TQW05416.1           -            397 7475at5125           -            631     0.017   12.9   0.0   1   1   2.9e-05     0.025   12.4   0.0   152   206   118   171   106   176 0.77 phosphopantothenate-cysteine ligase-like protein [Cordyceps javanica]
TQW05701.1           -            429 7475at5125           -            631      0.32    8.7   1.2   1   1   0.00058       0.5    8.1   1.2   135   187   294   348   281   362 0.58 fungal specific transcription factor domain-containing protein [Cordyceps javanica]
TQW08704.1           -            346 7475at5125           -            631      0.39    8.4   1.9   1   1   0.00064      0.55    7.9   1.9   133   169   105   142    99   166 0.55 nucleoplasmin domain-containing protein [Cordyceps javanica]
TQW07294.1           -            378 7475at5125           -            631      0.59    7.8   4.2   1   1    0.0011      0.92    7.2   4.2   110   157   180   225   159   244 0.79 hypothetical protein IF2G_05678 [Cordyceps javanica]
TQW04191.1           -            317 7475at5125           -            631       2.3    5.9  14.7   1   3       1.5   1.3e+03   -3.2   0.1   550   595    10    55     8    78 0.51 hypothetical protein IF2G_08505 [Cordyceps javanica]
TQW04191.1           -            317 7475at5125           -            631       2.3    5.9  14.7   2   3   0.00059       0.5    8.1   0.4   153   198   148   191   142   240 0.65 hypothetical protein IF2G_08505 [Cordyceps javanica]
TQW04191.1           -            317 7475at5125           -            631       2.3    5.9  14.7   3   3    0.0075       6.4    4.4   5.0   138   181   246   289   238   308 0.54 hypothetical protein IF2G_08505 [Cordyceps javanica]
#
# Program:         hmmsearch
# Version:         3.1b2 (February 2015)
# Pipeline mode:   SEARCH
# Query file:      /home/zack/funannotate_db/hypocreales_odb10/hmms/7475at5125.hmm
# Target file:     /home/zack/Desktop/IsariaPreferralGenome/MyGenomeSubmittedToNCBI/HypocrealesProteinSets/Cjavanica_IJ2G.faa
# Option settings: hmmsearch --domtblout /home/zack/Desktop/IsariaPreferralGenome/MyGenomeSubmittedToNCBI/HypocrealesProteinSets/BUSCO_AA_all/BUSCO_AA_Cjavanica_IJ2G/run_hypocreales_odb10/hmmer_output/initial_run_results/7475at5125.out --cpu 1 /home/zack/funannotate_db/hypocreales_odb10/hmms/7475at5125.hmm /home/zack/Desktop/IsariaPreferralGenome/MyGenomeSubmittedToNCBI/HypocrealesProteinSets/Cjavanica_IJ2G.faa 
# Current dir:     /home/zack/Desktop/IsariaPreferralGenome/MyGenomeSubmittedToNCBI/HypocrealesProteinSets/BUSCO_AA_all
# Date:            Mon Mar  4 15:07:22 2024
# [ok]
