!! Predictions spanning range 2574 - 24248 [R1]
# EVM prediction: Mode:STANDARD S-ratio: 3.53 2574-4591 orient(-) score(473100.00) noncoding_equivalent(134156.16) raw_noncoding(134156.16) offset(0.00) 
4591	2574	initial-	4	5	{GlimmerHMM_glimmerT_9923-T1;GlimmerHMM}

# EVM prediction: Mode:STANDARD S-ratio: 3.87 5260-7516 orient(+) score(477814.00) noncoding_equivalent(123501.54) raw_noncoding(135477.14) offset(11975.60) 
5260	5280	initial+	1	3	{Augustus_model.g8332.t1;Augustus},{GlimmerHMM_glimmerT_9924-T1;GlimmerHMM},{snap_scaffold_312-snap.2-T1;snap}
5281	5335	INTRON			{snap_scaffold_312-snap.2-T1;snap}
5336	5485	internal+	1	3	{snap_scaffold_312-snap.2-T1;snap}
5486	5501	INTRON			{snap_scaffold_312-snap.2-T1;snap}
5502	5844	internal+	1	1	{GlimmerHMM_glimmerT_9924-T1;GlimmerHMM}
5845	5903	INTRON			{GlimmerHMM_glimmerT_9924-T1;GlimmerHMM}
5904	6462	internal+	2	2	{GlimmerHMM_glimmerT_9924-T1;GlimmerHMM}
6463	6613	INTRON			{GlimmerHMM_glimmerT_9924-T1;GlimmerHMM}
6614	6894	internal+	3	1	{GlimmerHMM_glimmerT_9924-T1;GlimmerHMM}
6895	6971	INTRON			{Augustus_model.g8332.t1;Augustus},{GlimmerHMM_glimmerT_9924-T1;GlimmerHMM},{GeneMark_model.9802_t;GeneMark},{snap_scaffold_312-snap.2-T1;snap}
6972	7516	terminal+	2	3	{GlimmerHMM_glimmerT_9924-T1;GlimmerHMM},{GeneMark_model.9802_t;GeneMark}

# EVM prediction: Mode:STANDARD S-ratio: 33.85 7642-8010 orient(+) score(107747.00) noncoding_equivalent(3183.19) raw_noncoding(3183.19) offset(0.00) 
7642	8010	single+	1	3	{GeneMark_model.9803_t;GeneMark}

# EVM prediction: Mode:STANDARD S-ratio: 5.50 8328-9000 orient(-) score(126373.00) noncoding_equivalent(22957.21) raw_noncoding(23159.21) offset(202.00) 
8768	8328	terminal-	4	6	{GeneMark_model.9804_t;GeneMark},{Augustus_model.g8333.t1;Augustus}
8820	8769	INTRON			{GeneMark_model.9804_t;GeneMark},{Augustus_model.g8333.t1;Augustus}
9000	8821	initial-	4	6	{GeneMark_model.9804_t;GeneMark},{Augustus_model.g8333.t1;Augustus}

# EVM prediction: Mode:STANDARD S-ratio: 5.05 16596-17489 orient(-) score(230949.00) noncoding_equivalent(45764.00) raw_noncoding(46164.00) offset(400.00) 
16859	16596	terminal-	4	6	{GeneMark_model.9805_t;GeneMark}
16940	16860	INTRON			{snap_scaffold_312-snap.4-T1;snap},{GeneMark_model.9805_t;GeneMark}
17489	16941	initial-	4	6	{snap_scaffold_312-snap.4-T1;snap},{GeneMark_model.9805_t;GeneMark}

# EVM prediction: Mode:STANDARD S-ratio: 44.61 22933-24248 orient(-) score(383781.00) noncoding_equivalent(8603.85) raw_noncoding(10503.85) offset(1900.00) 
24170	22933	terminal-	5	6	{snap_scaffold_312-snap.5-T1;snap}
24205	24171	INTRON			{snap_scaffold_312-snap.5-T1;snap}
24248	24206	initial-	4	4	{snap_scaffold_312-snap.5-T1;snap}

