#                                                                            --- full sequence --- -------------- this domain -------------   hmm coord   ali coord   env coord
# target name        accession   tlen query name           accession   qlen   E-value  score  bias   #  of  c-Evalue  i-Evalue  score  bias  from    to  from    to  from    to  acc description of target
#------------------- ---------- ----- -------------------- ---------- ----- --------- ------ ----- --- --- --------- --------- ------ ----- ----- ----- ----- ----- ----- ----- ---- ---------------------
KAF1732036.1         -            686 10143at5125          -            492  7.2e-246  815.5   8.9   1   2  3.9e-190  3.7e-187  621.8   1.8     7   367    92   510    89   532 0.91 Laccase-1 [Beauveria bassiana]
KAF1732036.1         -            686 10143at5125          -            492  7.2e-246  815.5   8.9   2   2   1.9e-61   1.8e-58  197.4   0.8   367   492   537   684   516   684 0.90 Laccase-1 [Beauveria bassiana]
KAF1738921.1         -            636 10143at5125          -            492   4.2e-93  311.6   3.9   1   1   2.9e-95   2.8e-92  308.9   3.9    27   460    26   497    19   505 0.81 Iron transport multicopper oxidase FET3 [Beauveria bassiana]
KAF1739425.1         -            630 10143at5125          -            492   9.7e-84  280.7   5.4   1   1   6.1e-86   5.8e-83  278.2   5.3    24   460    22   496    18   507 0.79 Iron transport multicopper oxidase FET3 [Beauveria bassiana]
KAF1735224.1         -            562 10143at5125          -            492   9.7e-83  277.4   5.5   1   1   1.4e-85   1.3e-82  277.0   5.5    26   469    55   529    45   550 0.81 Laccase-2 [Beauveria bassiana]
KAF1737884.1         -            566 10143at5125          -            492   6.6e-81  271.4   0.4   1   1   9.5e-84     9e-81  270.9   0.4    25   462    58   530    46   548 0.84 Laccase-2 [Beauveria bassiana]
KAF1734633.1         -            657 10143at5125          -            492   3.2e-80  269.1   4.7   1   2   6.3e-62     6e-59  199.0   0.0    24   272   102   379    88   382 0.84 Laccase-1 [Beauveria bassiana]
KAF1734633.1         -            657 10143at5125          -            492   3.2e-80  269.1   4.7   2   2   3.6e-22   3.4e-19   67.8   2.3   376   470   530   644   496   655 0.74 Laccase-1 [Beauveria bassiana]
KAF1732860.1         -            580 10143at5125          -            492   8.1e-79  264.5   1.7   1   1   2.7e-81   2.5e-78  262.9   1.7    26   462    72   542    64   551 0.79 Laccase-2 [Beauveria bassiana]
KAF1734621.1         -            635 10143at5125          -            492   2.5e-78  262.8   4.1   1   2   3.1e-59   2.9e-56  190.1   0.0    25   265    87   360    75   369 0.81 Laccase-1 [Beauveria bassiana]
KAF1734621.1         -            635 10143at5125          -            492   2.5e-78  262.8   4.1   2   2   7.8e-23   7.3e-20   70.0   2.2   375   467   513   624   490   634 0.77 Laccase-1 [Beauveria bassiana]
KAF1734646.1         -            649 10143at5125          -            492     7e-77  258.1   0.2   1   1   2.5e-78   2.4e-75  253.1   0.2    27   458   110   612    94   622 0.74 Laccase-1 [Beauveria bassiana]
KAF1729519.1         -            513 10143at5125          -            492   2.1e-64  216.9   1.5   1   1   3.3e-67   3.1e-64  216.4   1.5    42   478    27   491    13   502 0.81 Laccase-2 [Beauveria bassiana]
KAF1739036.1         -            617 10143at5125          -            492   2.1e-55  187.3   2.6   1   2   3.1e-36   2.9e-33  114.2   0.0    19   143    27   155    10   235 0.92 Laccase-1 [Beauveria bassiana]
KAF1739036.1         -            617 10143at5125          -            492   2.1e-55  187.3   2.6   2   2   2.2e-22   2.1e-19   68.5   0.9   208   461   297   601   277   609 0.72 Laccase-1 [Beauveria bassiana]
#
# Program:         hmmsearch
# Version:         3.1b2 (February 2015)
# Pipeline mode:   SEARCH
# Query file:      /home/zack/funannotate_db/hypocreales_odb10/hmms/10143at5125.hmm
# Target file:     /home/zack/Desktop/IsariaPreferralGenome/MyGenomeSubmittedToNCBI/HypocrealesProteinSets/Bbassiana_ERL836_protein.faa
# Option settings: hmmsearch --domtblout /home/zack/Desktop/IsariaPreferralGenome/MyGenomeSubmittedToNCBI/HypocrealesProteinSets/BUSCO_AA_all/BUSCO_AA_Bbassiana_ERL836/run_hypocreales_odb10/hmmer_output/initial_run_results/10143at5125.out --cpu 1 /home/zack/funannotate_db/hypocreales_odb10/hmms/10143at5125.hmm /home/zack/Desktop/IsariaPreferralGenome/MyGenomeSubmittedToNCBI/HypocrealesProteinSets/Bbassiana_ERL836_protein.faa 
# Current dir:     /home/zack/Desktop/IsariaPreferralGenome/MyGenomeSubmittedToNCBI/HypocrealesProteinSets/BUSCO_AA_all
# Date:            Mon Mar  4 14:20:05 2024
# [ok]
