#                                                                            --- full sequence --- -------------- this domain -------------   hmm coord   ali coord   env coord
# target name        accession   tlen query name           accession   qlen   E-value  score  bias   #  of  c-Evalue  i-Evalue  score  bias  from    to  from    to  from    to  acc description of target
#------------------- ---------- ----- -------------------- ---------- ----- --------- ------ ----- --- --- --------- --------- ------ ----- ----- ----- ----- ----- ----- ----- ---- ---------------------
KAF1729785.1         -            592 10280at5125          -            528         0 1038.0   4.3   1   1         0         0 1035.6   4.3     4   528    17   592    14   592 0.95 Lysine--tRNA ligase, cytoplasmic [Beauveria bassiana]
KAF1736632.1         -            634 10280at5125          -            528   7.7e-89  297.7   0.0   1   2   6.7e-79   6.9e-76  254.9   0.0    81   463    64   471    45   500 0.82 Lysine--tRNA ligase, mitochondrial [Beauveria bassiana]
KAF1736632.1         -            634 10280at5125          -            528   7.7e-89  297.7   0.0   2   2   5.4e-14   5.6e-11   40.7   0.0   460   526   550   617   532   619 0.84 Lysine--tRNA ligase, mitochondrial [Beauveria bassiana]
KAF1737962.1         -            881 10280at5125          -            528   4.9e-19   67.3   0.0   1   2   2.6e-19   2.7e-16   58.3   0.0    95   353   132   390   122   417 0.81 Aspartate--tRNA ligase, cytoplasmic [Beauveria bassiana]
KAF1737962.1         -            881 10280at5125          -            528   4.9e-19   67.3   0.0   2   2     0.001         1    6.9   0.0   440   512   469   536   446   547 0.71 Aspartate--tRNA ligase, cytoplasmic [Beauveria bassiana]
KAF1739213.1         -            675 10280at5125          -            528   1.7e-14   52.3   0.0   1   2   8.5e-09   8.8e-06   23.6   0.0   181   340   141   299    61   332 0.75 Aspartate--tRNA ligase, mitochondrial [Beauveria bassiana]
KAF1739213.1         -            675 10280at5125          -            528   1.7e-14   52.3   0.0   2   2   9.4e-10   9.8e-07   26.7   0.0   486   527   606   648   589   649 0.87 Aspartate--tRNA ligase, mitochondrial [Beauveria bassiana]
KAF1739094.1         -            588 10280at5125          -            528   1.1e-12   46.3   0.1   1   2   1.8e-11   1.9e-08   32.4   0.1    82   337   145   401    76   408 0.68 Asparagine--tRNA ligase, cytoplasmic [Beauveria bassiana]
KAF1739094.1         -            588 10280at5125          -            528   1.1e-12   46.3   0.1   2   2   4.1e-05     0.043   11.4   0.0   486   523   543   580   523   584 0.83 Asparagine--tRNA ligase, cytoplasmic [Beauveria bassiana]
KAF1731146.1         -            483 10280at5125          -            528   1.4e-11   42.8   0.0   1   1   7.1e-14   7.4e-11   40.3   0.0   167   523   104   475     5   479 0.64 Aspartate--tRNA ligase, cytoplasmic [Beauveria bassiana]
KAF1735684.1         -            593 10280at5125          -            528   6.5e-11   40.5   0.1   1   2    0.0025       2.6    5.5   0.1    21   121    36   135    18   155 0.72 Aspartate--tRNA ligase, cytoplasmic [Beauveria bassiana]
KAF1735684.1         -            593 10280at5125          -            528   6.5e-11   40.5   0.1   2   2     3e-11   3.2e-08   31.6   0.0   227   510   289   572   271   586 0.74 Aspartate--tRNA ligase, cytoplasmic [Beauveria bassiana]
KAF1730770.1         -            476 10280at5125          -            528   2.3e-09   35.4   0.0   1   2   2.1e-05     0.021   12.4   0.0   220   337   129   251   113   291 0.73 Asparagine--tRNA ligase [Beauveria bassiana]
KAF1730770.1         -            476 10280at5125          -            528   2.3e-09   35.4   0.0   2   2   5.6e-08   5.9e-05   20.9   0.0   490   524   435   469   418   472 0.92 Asparagine--tRNA ligase [Beauveria bassiana]
KAF1733281.1         -            627 10280at5125          -            528     6e-07   27.4   4.7   1   1     1e-09   1.1e-06   26.6   4.7     5    49     7    55     1    62 0.72 putative glutamine--tRNA ligase [Beauveria bassiana]
KAF1734464.1         -            575 10280at5125          -            528       0.6    7.6   3.9   1   1   0.00089      0.92    7.0   3.9     9    49   213   253   206   268 0.83 Cruciform DNA-recognizing protein 1 [Beauveria bassiana]
#
# Program:         hmmsearch
# Version:         3.1b2 (February 2015)
# Pipeline mode:   SEARCH
# Query file:      /home/zack/funannotate_db/hypocreales_odb10/hmms/10280at5125.hmm
# Target file:     /home/zack/Desktop/IsariaPreferralGenome/MyGenomeSubmittedToNCBI/HypocrealesProteinSets/Bbassiana_ERL836_protein.faa
# Option settings: hmmsearch --domtblout /home/zack/Desktop/IsariaPreferralGenome/MyGenomeSubmittedToNCBI/HypocrealesProteinSets/BUSCO_AA_all/BUSCO_AA_Bbassiana_ERL836/run_hypocreales_odb10/hmmer_output/initial_run_results/10280at5125.out --cpu 1 /home/zack/funannotate_db/hypocreales_odb10/hmms/10280at5125.hmm /home/zack/Desktop/IsariaPreferralGenome/MyGenomeSubmittedToNCBI/HypocrealesProteinSets/Bbassiana_ERL836_protein.faa 
# Current dir:     /home/zack/Desktop/IsariaPreferralGenome/MyGenomeSubmittedToNCBI/HypocrealesProteinSets/BUSCO_AA_all
# Date:            Mon Mar  4 14:20:12 2024
# [ok]
