#                                                                            --- full sequence --- -------------- this domain -------------   hmm coord   ali coord   env coord
# target name        accession   tlen query name           accession   qlen   E-value  score  bias   #  of  c-Evalue  i-Evalue  score  bias  from    to  from    to  from    to  acc description of target
#------------------- ---------- ----- -------------------- ---------- ----- --------- ------ ----- --- --- --------- --------- ------ ----- ----- ----- ----- ----- ----- ----- ---- ---------------------
KAF1737330.1         -            379 15141at5125          -            576   3.2e-49  167.2  26.1   1   2      0.38        27    2.4   0.0     1    18    66    83    66   100 0.73 hypothetical protein CRV24_002946 [Beauveria bassiana]
KAF1737330.1         -            379 15141at5125          -            576   3.2e-49  167.2  26.1   2   2   2.8e-48     2e-46  158.0  24.4    30   250   131   374   102   376 0.67 hypothetical protein CRV24_002946 [Beauveria bassiana]
KAF1734192.1         -            530 15141at5125          -            576   1.2e-11   43.2   1.7   1   1   2.7e-13   1.9e-11   42.5   1.7    47    91    30    76     8    86 0.83 Transcriptional regulatory protein moc3 [Beauveria bassiana]
KAF1730398.1         -            581 15141at5125          -            576     1e-10   40.1   0.9   1   1     2e-12   1.4e-10   39.6   0.9    39   125    47   132    18   175 0.68 Sterol uptake control protein 2 [Beauveria bassiana]
KAF1735800.1         -            587 15141at5125          -            576   2.4e-10   38.9   1.5   1   1   4.7e-12   3.3e-10   38.4   1.5    46   114    65   130    30   174 0.81 putative transcriptional regulatory protein [Beauveria bassiana]
KAF1734635.1         -            575 15141at5125          -            576     3e-10   38.6   4.6   1   1     6e-12   4.2e-10   38.1   4.6    47   152     8   116     3   123 0.67 putative transcriptional regulatory protein [Beauveria bassiana]
KAF1731953.1         -            706 15141at5125          -            576   8.7e-10   37.0   6.7   1   1     2e-11   1.4e-09   36.4   6.7    24   117    29   122    15   164 0.68 Transcriptional regulatory protein pro1 [Beauveria bassiana]
KAF1734620.1         -            549 15141at5125          -            576   1.5e-09   36.2   1.1   1   1   3.3e-11   2.3e-09   35.6   1.1    47   114    39   109    14   125 0.75 putative transcriptional regulatory protein [Beauveria bassiana]
KAF1737488.1         -            614 15141at5125          -            576   3.9e-09   34.9   1.2   1   1   8.2e-11   5.8e-09   34.3   1.2    47   143    13   110     7   123 0.75 Transcriptional regulatory protein pro1 [Beauveria bassiana]
KAF1731190.1         -            546 15141at5125          -            576   3.9e-09   34.9   1.9   1   1   1.1e-10   7.6e-09   33.9   1.9    47    86    31    70    23    89 0.87 Adhesion and hyphal regulator 1 [Beauveria bassiana]
KAF1736427.1         -            591 15141at5125          -            576   5.8e-09   34.3   2.3   1   1   1.2e-10   8.3e-09   33.8   2.3    46    80    37    71     9    92 0.77 putative transcriptional regulatory protein [Beauveria bassiana]
KAF1739369.1         -            416 15141at5125          -            576     7e-09   34.0   4.6   1   1     1e-10   7.1e-09   34.0   3.5    41    93    50   102    11   112 0.71 Sterol regulatory element-binding protein ECM22 [Beauveria bassiana]
KAF1735814.1         -            576 15141at5125          -            576   7.7e-09   33.9   3.8   1   1   2.1e-10   1.5e-08   32.9   3.8    40    94    40    94     8   128 0.79 Sterol uptake control protein 2 [Beauveria bassiana]
KAF1739532.1         -            556 15141at5125          -            576   1.5e-08   32.9   1.6   1   1   2.2e-10   1.5e-08   32.9   1.6    45    80    39    74     1   114 0.79 putative transcriptional regulatory protein [Beauveria bassiana]
KAF1735730.1         -            631 15141at5125          -            576   2.2e-08   32.4   0.4   1   1   4.5e-10   3.2e-08   31.9   0.4    47   176    65   194    59   229 0.73 Transcriptional regulatory protein UME6 [Beauveria bassiana]
KAF1736845.1         -            571 15141at5125          -            576   2.2e-08   32.4   2.5   1   1   4.8e-10   3.4e-08   31.8   2.5    47    84    55    92    25   109 0.82 Sterol regulatory element-binding protein ECM22 [Beauveria bassiana]
KAF1734928.1         -            760 15141at5125          -            576     6e-08   31.0  16.4   1   2   0.00025     0.018   12.9   5.5    46    85    49    88    36    95 0.89 putative transcriptional regulatory protein [Beauveria bassiana]
KAF1734928.1         -            760 15141at5125          -            576     6e-08   31.0  16.4   2   2   1.3e-07     9e-06   23.8   2.9    45   115    98   170    90   194 0.77 putative transcriptional regulatory protein [Beauveria bassiana]
KAF1736605.1         -            553 15141at5125          -            576   6.3e-08   30.9   0.4   1   1   1.2e-09   8.8e-08   30.4   0.4    42   125    16    99     2   184 0.65 Sterol uptake control protein 2 [Beauveria bassiana]
KAF1738203.1         -            416 15141at5125          -            576   6.8e-08   30.8   0.1   1   1   1.2e-09   8.4e-08   30.5   0.1    45   109     6    69     2   199 0.78 Sterol uptake control protein 2 [Beauveria bassiana]
KAF1736684.1         -            592 15141at5125          -            576   7.3e-08   30.7   3.5   1   1   1.5e-09   1.1e-07   30.1   3.5    46   112    15    80     8   106 0.70 Transcriptional regulatory protein moc3 [Beauveria bassiana]
KAF1736685.1         -            592 15141at5125          -            576   7.3e-08   30.7   3.5   1   1   1.5e-09   1.1e-07   30.1   3.5    46   112    15    80     8   106 0.70 Transcriptional regulatory protein moc3 [Beauveria bassiana]
KAF1734020.1         -            508 15141at5125          -            576     1e-07   30.2   1.3   1   1   1.9e-09   1.4e-07   29.8   1.3    32    98    22    90     5   119 0.74 Transcriptional regulatory protein moc3 [Beauveria bassiana]
KAF1730030.1         -            749 15141at5125          -            576     1e-07   30.2   4.1   1   1   2.3e-09   1.6e-07   29.5   4.1    24   151    19   144     5   157 0.72 hypothetical protein CRV24_009486 [Beauveria bassiana]
KAF1735065.1         -            552 15141at5125          -            576   1.2e-07   30.0   3.4   1   1   2.4e-09   1.7e-07   29.5   3.4    44    95    14    65     6    93 0.79 hypothetical protein CRV24_003984 [Beauveria bassiana]
KAF1730399.1         -            521 15141at5125          -            576   2.3e-07   29.1   6.8   1   1   4.9e-09   3.5e-07   28.4   6.8    46    82    33    69    19   100 0.79 putative transcriptional regulatory protein [Beauveria bassiana]
KAF1732596.1         -            452 15141at5125          -            576   2.5e-07   28.9  11.1   1   2   8.1e-09   5.7e-07   27.7   6.3    44    90    82   128    69   135 0.86 Sterol uptake control protein 2 [Beauveria bassiana]
KAF1732596.1         -            452 15141at5125          -            576   2.5e-07   28.9  11.1   2   2      0.19        13    3.4   0.1   157   206   139   193   135   211 0.76 Sterol uptake control protein 2 [Beauveria bassiana]
KAF1734685.1         -            617 15141at5125          -            576   2.6e-07   28.9   2.5   1   1   3.7e-09   2.6e-07   28.9   2.5    35    94     8    67     2   115 0.73 putative transcriptional regulatory protein [Beauveria bassiana]
KAF1733829.1         -            463 15141at5125          -            576   4.3e-07   28.1   3.1   1   1     9e-09   6.4e-07   27.6   3.1    44    98    35    89     4   100 0.78 Sterol uptake control protein 2 [Beauveria bassiana]
KAF1734579.1         -            564 15141at5125          -            576   4.8e-07   28.0   2.6   1   1   1.7e-08   1.2e-06   26.7   2.6    42    88    40    86    23    94 0.84 putative transcriptional regulatory protein [Beauveria bassiana]
KAF1730394.1         -            814 15141at5125          -            576   8.3e-07   27.2  16.8   1   2   0.00037     0.026   12.3   6.1    51    95     2    46     1    55 0.80 putative transcriptional regulatory protein [Beauveria bassiana]
KAF1730394.1         -            814 15141at5125          -            576   8.3e-07   27.2  16.8   2   2   1.2e-06   8.7e-05   20.5   4.9    33   100    49   116    41   146 0.78 putative transcriptional regulatory protein [Beauveria bassiana]
KAF1730511.1         -            697 15141at5125          -            576   1.1e-06   26.8   4.4   1   1   2.6e-08   1.9e-06   26.0   4.4    50   111    47   107    21   136 0.72 Nitrogen assimilation transcription factor nirA [Beauveria bassiana]
KAF1732243.1         -            886 15141at5125          -            576   1.3e-06   26.6  13.0   1   2     0.019       1.3    6.7   3.7    51    81    27    57    22    77 0.79 putative transcriptional regulatory protein [Beauveria bassiana]
KAF1732243.1         -            886 15141at5125          -            576   1.3e-06   26.6  13.0   2   2     7e-08     5e-06   24.6   2.6    37   168    77   208    56   215 0.71 putative transcriptional regulatory protein [Beauveria bassiana]
KAF1739557.1         -            441 15141at5125          -            576   1.7e-06   26.2   7.1   1   2   4.9e-08   3.5e-06   25.1   3.9    44   105    34    95    13   104 0.82 Sterol uptake control protein 2 [Beauveria bassiana]
KAF1739557.1         -            441 15141at5125          -            576   1.7e-06   26.2   7.1   2   2      0.61        43    1.7   0.1   181   216   137   172   107   181 0.85 Sterol uptake control protein 2 [Beauveria bassiana]
KAF1733316.1         -            654 15141at5125          -            576   2.1e-06   25.9   2.1   1   1   2.9e-08   2.1e-06   25.9   2.1    38   120    29   111    18   139 0.73 hypothetical protein CRV24_007215 [Beauveria bassiana]
KAF1738750.1         -            680 15141at5125          -            576   2.1e-06   25.9   1.5   1   1   4.5e-08   3.2e-06   25.3   1.5    41   108    45   111    14   143 0.72 Nitrogen assimilation transcription factor nirA [Beauveria bassiana]
KAF1734032.1         -            867 15141at5125          -            576   3.1e-06   25.3   3.9   1   1   7.5e-08   5.3e-06   24.5   3.9    44   105    30    93    17   140 0.80 putative transcriptional regulatory protein [Beauveria bassiana]
KAF1732880.1         -            664 15141at5125          -            576   4.5e-06   24.8   2.1   1   1   6.3e-08   4.5e-06   24.8   2.1    30    82   245   292   224   305 0.83 Nodulation protein L [Beauveria bassiana]
KAF1730878.1         -            563 15141at5125          -            576   5.3e-06   24.5   2.8   1   2   6.7e-07   4.7e-05   21.4   3.7    47    80    42    75    20    93 0.85 Transcriptional regulatory protein moc3 [Beauveria bassiana]
KAF1730878.1         -            563 15141at5125          -            576   5.3e-06   24.5   2.8   2   2         3   2.1e+02   -0.6   0.0   215   242   182   209   145   231 0.80 Transcriptional regulatory protein moc3 [Beauveria bassiana]
KAF1732296.1         -            582 15141at5125          -            576   5.3e-06   24.5   0.2   1   1   1.2e-07   8.8e-06   23.8   0.2    47   106     4    59     2   209 0.57 Transcriptional regulatory protein moc3 [Beauveria bassiana]
KAF1734036.1         -            499 15141at5125          -            576   5.5e-06   24.5   1.8   1   1   1.2e-07   8.8e-06   23.8   1.8    47    80    41    74    14   107 0.71 Transcriptional regulatory protein moc3 [Beauveria bassiana]
KAF1730397.1         -            222 15141at5125          -            576   5.7e-06   24.4   2.4   1   1   1.1e-07   7.5e-06   24.0   2.4    38   144    22   137    10   148 0.62 Regulatory protein CAT8 [Beauveria bassiana]
KAF1737666.1         -            678 15141at5125          -            576   6.1e-06   24.3   0.7   1   1   1.3e-07   9.1e-06   23.8   0.7    45   131    61   152    35   173 0.64 Heme-responsive zinc finger transcription factor HAP1 [Beauveria bassiana]
KAF1734790.1         -            501 15141at5125          -            576   6.4e-06   24.3   3.4   1   1   1.4e-07     1e-05   23.6   3.4    46    84    29    67    16    94 0.79 putative transcriptional regulatory protein [Beauveria bassiana]
KAF1731576.1         -            704 15141at5125          -            576   7.3e-06   24.1  17.6   1   2   2.3e-05    0.0016   16.3   5.0    51   101    14    67     7   117 0.63 putative transcriptional regulatory protein [Beauveria bassiana]
KAF1731576.1         -            704 15141at5125          -            576   7.3e-06   24.1  17.6   2   2   0.00022     0.015   13.1   5.0    38    95   125   183    99   203 0.80 putative transcriptional regulatory protein [Beauveria bassiana]
KAF1730785.1         -            708 15141at5125          -            576   8.2e-06   23.9   3.6   1   1   2.1e-07   1.5e-05   23.1   3.6    39    88    39    94    11   109 0.74 Transcriptional regulatory protein moc3 [Beauveria bassiana]
KAF1738177.1         -            483 15141at5125          -            576   8.5e-06   23.9   5.6   1   1   1.8e-07   1.3e-05   23.3   5.6    45    94    11    60     4   117 0.75 putative transcriptional regulatory protein [Beauveria bassiana]
KAF1736828.1         -            470 15141at5125          -            576     1e-05   23.6   2.3   1   1   2.3e-07   1.6e-05   22.9   2.3    44   148    20   123     9   140 0.73 Sterol uptake control protein 2 [Beauveria bassiana]
KAF1738663.1         -            820 15141at5125          -            576   1.1e-05   23.4   1.2   1   1   2.6e-07   1.9e-05   22.7   1.2    52    99    23    70    20   105 0.78 Asperfuranone cluster transcription factor afoA [Beauveria bassiana]
KAF1736039.1         -            704 15141at5125          -            576   1.2e-05   23.4   1.2   1   1   2.5e-07   1.7e-05   22.8   1.2    41    98    25    78    11   123 0.76 putative transcriptional regulatory protein [Beauveria bassiana]
KAF1739300.1         -            552 15141at5125          -            576   1.2e-05   23.4   3.0   1   1   2.4e-07   1.7e-05   22.9   3.0    45   122     7    83     4   120 0.65 Sterol uptake control protein 2 [Beauveria bassiana]
KAF1731282.1         -            925 15141at5125          -            576   1.3e-05   23.2   0.4   1   1   2.5e-07   1.8e-05   22.8   0.4    49    88     5    44     1   106 0.82 Bikaverin cluster transcription factor bik5 [Beauveria bassiana]
KAF1736070.1         -            750 15141at5125          -            576   1.4e-05   23.1   3.3   1   1     3e-07   2.2e-05   22.5   3.3    44    86    40    82     6   101 0.76 putative transcriptional regulatory protein [Beauveria bassiana]
KAF1738916.1         -            417 15141at5125          -            576   1.8e-05   22.8   2.1   1   1   3.9e-07   2.8e-05   22.2   2.1    42    86    54    98    11   108 0.84 Sterol uptake control protein 2 [Beauveria bassiana]
KAF1734352.1         -            616 15141at5125          -            576   1.8e-05   22.8  10.1   1   2   2.6e-07   1.8e-05   22.8  10.1    44   103    58   117    49   172 0.66 Transcriptional activator protein UGA3 [Beauveria bassiana]
KAF1734352.1         -            616 15141at5125          -            576   1.8e-05   22.8  10.1   2   2       6.6   4.7e+02   -1.7   0.9    86   149   137   198   129   201 0.62 Transcriptional activator protein UGA3 [Beauveria bassiana]
KAF1734018.1         -            717 15141at5125          -            576   2.1e-05   22.6   0.8   1   1   4.4e-07   3.1e-05   22.0   0.8    42    98     7    63     3   114 0.81 putative transcriptional regulatory protein [Beauveria bassiana]
KAF1738437.1         -            692 15141at5125          -            576   2.2e-05   22.5   1.3   1   2   2.6e-06   0.00019   19.4   0.6    47   121    14    88     9   130 0.75 Transcriptional regulatory protein pro1 [Beauveria bassiana]
KAF1738437.1         -            692 15141at5125          -            576   2.2e-05   22.5   1.3   2   2      0.78        55    1.4   0.0   235   275   377   417   354   433 0.85 Transcriptional regulatory protein pro1 [Beauveria bassiana]
KAF1734080.1         -            738 15141at5125          -            576   2.3e-05   22.5   1.7   1   1   5.2e-07   3.7e-05   21.8   1.7    45    92    36    81     2   136 0.82 Bikaverin cluster transcription factor bik5 [Beauveria bassiana]
KAF1737516.1         -            937 15141at5125          -            576   2.3e-05   22.4   1.5   1   1   5.1e-07   3.6e-05   21.8   1.5    51   144    86   177    83   199 0.66 Bikaverin cluster transcription factor bik5 [Beauveria bassiana]
KAF1732553.1         -            560 15141at5125          -            576   3.4e-05   21.9   2.5   1   1   6.8e-07   4.8e-05   21.4   2.5    43    89    26    72    16   116 0.87 Nitrogen assimilation transcription factor nirA [Beauveria bassiana]
KAF1735328.1         -            898 15141at5125          -            576   3.7e-05   21.7   0.2   1   1   5.3e-07   3.7e-05   21.7   0.2    38    91    53   106    24   167 0.82 putative transcriptional regulatory protein [Beauveria bassiana]
KAF1730754.1         -            717 15141at5125          -            576     5e-05   21.3   5.1   1   2   1.7e-06   0.00012   20.0   3.5    39    93   160   215   131   227 0.83 Transcriptional regulatory protein moc3 [Beauveria bassiana]
KAF1730754.1         -            717 15141at5125          -            576     5e-05   21.3   5.1   2   2       1.7   1.2e+02    0.2   0.0   180   210   272   302   264   307 0.89 Transcriptional regulatory protein moc3 [Beauveria bassiana]
KAF1738175.1         -            500 15141at5125          -            576   5.4e-05   21.2   0.0   1   1     1e-06     7e-05   20.8   0.0   112   250    67   208    48   257 0.72 hypothetical protein CRV24_000097 [Beauveria bassiana]
KAF1731911.1         -            751 15141at5125          -            576   6.6e-05   20.9   2.6   1   1   1.5e-06    0.0001   20.3   2.6    16    74   275   336   265   343 0.65 hypothetical protein CRV24_008102 [Beauveria bassiana]
KAF1730880.1         -            565 15141at5125          -            576   8.1e-05   20.6   4.2   1   1   2.1e-06   0.00015   19.7   4.2    45    90    13    58    10    77 0.87 Sterol uptake control protein 2 [Beauveria bassiana]
KAF1737009.1         -            715 15141at5125          -            576   9.8e-05   20.4   4.1   1   1   2.1e-06   0.00015   19.7   4.1    44   104    85   145    73   153 0.86 Quinic acid utilization activator [Beauveria bassiana]
KAF1737707.1         -            765 15141at5125          -            576   9.8e-05   20.3   0.7   1   1   2.2e-06   0.00016   19.7   0.7    50   158    30   142    19   161 0.60 Bikaverin cluster transcription factor bik5 [Beauveria bassiana]
KAF1735188.1         -            904 15141at5125          -            576   0.00013   19.9   4.5   1   1   2.8e-06    0.0002   19.3   4.5    42   114    40   112    14   154 0.74 Cutinase transcription factor 1 beta [Beauveria bassiana]
KAF1738749.1         -            679 15141at5125          -            576   0.00014   19.8   1.8   1   1   3.2e-06   0.00023   19.1   1.8    47   112    12    77     8   102 0.74 hypothetical protein CRV24_000677 [Beauveria bassiana]
KAF1737806.1         -            709 15141at5125          -            576   0.00018   19.5   0.0   1   1   3.6e-06   0.00026   19.0   0.0    51   154    58   162    26   169 0.77 Protein STB5 [Beauveria bassiana]
KAF1737732.1         -            659 15141at5125          -            576   0.00022   19.2   4.1   1   1   4.6e-06   0.00032   18.6   4.1    51   105    13    68     3   119 0.67 Nitrogen assimilation transcription factor nirA [Beauveria bassiana]
KAF1736409.1         -            602 15141at5125          -            576   0.00025   19.0   1.0   1   1     5e-06   0.00035   18.5   1.0    46    93     8    55     3   122 0.86 putative transcriptional regulatory protein [Beauveria bassiana]
KAF1736149.1         -            271 15141at5125          -            576   0.00033   18.6   2.1   1   1   6.4e-06   0.00045   18.2   2.1    50   130    25   102    18   127 0.69 Bikaverin cluster transcription factor bik5 [Beauveria bassiana]
KAF1730619.1         -            759 15141at5125          -            576   0.00045   18.2   0.7   1   1   9.9e-06    0.0007   17.5   0.7    50   147    30   131    19   156 0.54 Bikaverin cluster transcription factor bik5 [Beauveria bassiana]
KAF1731473.1         -            487 15141at5125          -            576   0.00045   18.2   1.4   1   1     1e-05   0.00073   17.5   1.4    51    83    10    42     7   115 0.75 Transcriptional regulatory protein moc3 [Beauveria bassiana]
KAF1730045.1         -            490 15141at5125          -            576   0.00048   18.1  12.8   1   2     0.014      0.96    7.2   6.5    43    79    12    44     2    52 0.83 hypothetical protein CRV24_009502 [Beauveria bassiana]
KAF1730045.1         -            490 15141at5125          -            576   0.00048   18.1  12.8   2   2   7.3e-05    0.0052   14.7   0.4   143   244    58   167    50   184 0.78 hypothetical protein CRV24_009502 [Beauveria bassiana]
KAF1733489.1         -            690 15141at5125          -            576   0.00053   17.9   4.2   1   1   1.2e-05   0.00082   17.3   4.2    46    98     5    59     3    72 0.84 hypothetical protein CRV24_007392 [Beauveria bassiana]
KAF1732815.1         -            726 15141at5125          -            576   0.00056   17.8   7.3   1   1   1.2e-05   0.00086   17.2   7.3    51   140    20   113    12   125 0.56 Bikaverin cluster transcription factor bik5 [Beauveria bassiana]
KAF1730218.1         -            854 15141at5125          -            576   0.00063   17.7   2.5   1   1   1.4e-05     0.001   17.0   2.5    49    95    48    95    39   139 0.75 Asperfuranone cluster transcription factor afoA [Beauveria bassiana]
KAF1738227.1         -            819 15141at5125          -            576   0.00065   17.6   6.4   1   1   1.4e-05     0.001   17.0   6.4    17   103    87   173    73   204 0.76 Transcriptional activator protein acu-15 [Beauveria bassiana]
KAF1732254.1         -            736 15141at5125          -            576    0.0011   16.8   6.8   1   1   2.6e-05    0.0019   16.1   6.8    45   126    26   106    17   123 0.66 putative transcriptional regulatory protein [Beauveria bassiana]
KAF1729526.1         -            514 15141at5125          -            576    0.0013   16.7   2.8   1   2   1.8e-05    0.0013   16.7   2.8    49   109     7    67     3   106 0.74 Arginine metabolism regulation protein II [Beauveria bassiana]
KAF1729526.1         -            514 15141at5125          -            576    0.0013   16.7   2.8   2   2       1.7   1.2e+02    0.3   0.2    97   203   150   262   126   306 0.56 Arginine metabolism regulation protein II [Beauveria bassiana]
KAF1735173.1         -            179 15141at5125          -            576    0.0014   16.5   0.8   1   1   2.4e-05    0.0017   16.3   0.8    45   134    18   114    10   129 0.61 putative transcriptional regulatory protein [Beauveria bassiana]
KAF1736562.1         -            657 15141at5125          -            576    0.0014   16.5   1.3   1   1   3.7e-05    0.0026   15.7   1.3    44   108     6    69     2    97 0.85 putative transcriptional regulatory protein [Beauveria bassiana]
KAF1732192.1         -            226 15141at5125          -            576    0.0015   16.5   0.7   1   1   2.6e-05    0.0018   16.1   0.7    45   106    26    84    10   140 0.61 hypothetical protein CRV24_008386 [Beauveria bassiana]
KAF1734671.1         -            776 15141at5125          -            576    0.0018   16.1   2.6   1   1   2.6e-05    0.0018   16.1   2.6    51   103    15    71     5   127 0.69 Activator of stress [Beauveria bassiana]
KAF1738751.1         -            681 15141at5125          -            576    0.0019   16.1   1.2   1   1     4e-05    0.0028   15.5   1.2    46    91    28    75    14   114 0.80 Nitrogen assimilation transcription factor nit-4 [Beauveria bassiana]
KAF1737346.1         -            959 15141at5125          -            576    0.0021   16.0   1.1   1   1     5e-05    0.0036   15.2   1.1    47    91    58   102    47   126 0.88 Positive regulator of purine utilization [Beauveria bassiana]
KAF1730864.1         -            899 15141at5125          -            576    0.0022   15.9   1.5   1   1   5.1e-05    0.0036   15.2   1.5    47   110   291   352   281   399 0.73 putative transcriptional regulatory protein [Beauveria bassiana]
KAF1739626.1         -            478 15141at5125          -            576    0.0025   15.7   1.5   1   1   5.2e-05    0.0037   15.1   1.0    44   105     2    61     1   112 0.77 hypothetical protein CRV24_001562 [Beauveria bassiana]
KAF1739761.1         -           1017 15141at5125          -            576     0.003   15.5   4.0   1   1   6.5e-05    0.0046   14.8   4.0    29   127    40   145    25   163 0.73 Transcriptional activator ARO80 [Beauveria bassiana]
KAF1736673.1         -            683 15141at5125          -            576    0.0034   15.3   3.2   1   1   7.1e-05     0.005   14.7   3.2    46    87     8    49     2    80 0.79 hypothetical protein CRV24_002283 [Beauveria bassiana]
KAF1739235.1         -            393 15141at5125          -            576    0.0038   15.1   5.1   1   1   7.8e-05    0.0055   14.6   5.1    45    99    43    98    36   136 0.74 Nitrogen assimilation transcription factor nit-4 [Beauveria bassiana]
KAF1734907.1         -            729 15141at5125          -            576    0.0039   15.1   0.7   1   1   8.9e-05    0.0063   14.4   0.7    51    91    35    74    32   138 0.84 Transcriptional activator protein acu-15 [Beauveria bassiana]
KAF1731489.1         -            552 15141at5125          -            576    0.0059   14.5   1.0   1   1   0.00012    0.0088   13.9   1.0    62   141    43   135    35   251 0.54 hypothetical protein CRV24_007674 [Beauveria bassiana]
KAF1733386.1         -            642 15141at5125          -            576    0.0062   14.4   6.2   1   1   0.00013    0.0092   13.8   6.2    50   159     9   128     4   133 0.60 Sterol uptake control protein 2 [Beauveria bassiana]
KAF1739295.1         -            100 15141at5125          -            576    0.0062   14.4   6.1   1   1   9.1e-05    0.0064   14.4   6.1    50   105    29    84    11    96 0.81 hypothetical protein CRV24_001227 [Beauveria bassiana]
KAF1732718.1         -            806 15141at5125          -            576    0.0064   14.4   9.6   1   1   0.00014    0.0099   13.7   9.6    39   142    30   144     9   157 0.59 Cutinase transcription factor 1 alpha [Beauveria bassiana]
KAF1732311.1         -            805 15141at5125          -            576    0.0074   14.1   5.1   1   1   0.00017     0.012   13.5   5.1    29    87    56   112    39   128 0.76 Activator of stress [Beauveria bassiana]
KAF1736698.1         -            503 15141at5125          -            576    0.0081   14.0   5.3   1   1   0.00016     0.011   13.6   5.3    36   112    17    89     6   112 0.78 hypothetical protein CRV24_002308 [Beauveria bassiana]
KAF1733284.1         -            923 15141at5125          -            576    0.0091   13.9   5.4   1   1   0.00019     0.014   13.3   5.4    36   100    23    88    15   102 0.74 Activator of stress [Beauveria bassiana]
KAF1738413.1         -            714 15141at5125          -            576    0.0094   13.8   3.5   1   2   0.00049     0.035   11.9   3.6    44    85     7    49     2    86 0.77 Cutinase transcription factor 1 alpha [Beauveria bassiana]
KAF1738413.1         -            714 15141at5125          -            576    0.0094   13.8   3.5   2   2       6.3   4.5e+02   -1.6   0.0   365   387   474   496   455   507 0.86 Cutinase transcription factor 1 alpha [Beauveria bassiana]
KAF1738059.1         -            439 15141at5125          -            576    0.0097   13.8   4.6   1   1    0.0002     0.014   13.2   4.6    36   106    71   140    47   152 0.81 Transcription factor steA [Beauveria bassiana]
KAF1729682.1         -            888 15141at5125          -            576     0.011   13.6   3.6   1   1   0.00099      0.07   10.9   4.9    43    85    23    64     4    81 0.76 Zinc finger protein zas1 [Beauveria bassiana]
KAF1734466.1         -            798 15141at5125          -            576     0.016   13.0   0.6   1   1   0.00036     0.026   12.4   0.6    44    86    39    82     7   108 0.80 putative transcriptional regulatory protein [Beauveria bassiana]
KAF1732001.1         -            602 15141at5125          -            576     0.017   12.9   1.8   1   1   0.00035     0.025   12.4   1.8    50   139    12   102     4   120 0.64 hypothetical protein CRV24_008194 [Beauveria bassiana]
KAF1737853.1         -            701 15141at5125          -            576     0.019   12.8   2.3   1   1    0.0004     0.028   12.2   2.3    50    82    20    54     5    86 0.71 Multidrug resistance regulator 1 [Beauveria bassiana]
KAF1732155.1         -            817 15141at5125          -            576     0.019   12.8   2.8   1   1   0.00045     0.032   12.1   2.8    46   133    15   106     4   122 0.67 Filamentous growth regulator 27 [Beauveria bassiana]
KAF1734035.1         -            612 15141at5125          -            576      0.02   12.7   0.8   1   1   0.00042     0.029   12.2   0.8    63   109    18    65    11    76 0.71 hypothetical protein CRV24_005569 [Beauveria bassiana]
KAF1731767.1         -            675 15141at5125          -            576     0.021   12.7   3.4   1   1   0.00044     0.031   12.1   3.4    47   128     2    83     1   110 0.72 putative transcriptional regulatory protein [Beauveria bassiana]
KAF1739638.1         -            546 15141at5125          -            576     0.026   12.4   2.0   1   1   0.00069     0.049   11.4   2.0    50    94    10    55     5   122 0.75 Conidial development protein fluffy [Beauveria bassiana]
KAF1737689.1         -            697 15141at5125          -            576     0.027   12.3   6.5   1   1   0.00068     0.048   11.5   6.5    49   119     8    79     2   112 0.75 hypothetical protein CRV24_003312 [Beauveria bassiana]
KAF1734667.1         -            875 15141at5125          -            576     0.027   12.3   0.1   1   1   0.00082     0.058   11.2   0.1    44   117     8    82     4   119 0.79 hypothetical protein CRV24_006209 [Beauveria bassiana]
KAF1738507.1         -            612 15141at5125          -            576     0.031   12.1   0.0   1   1   0.00061     0.043   11.6   0.0    61   102     4    45     2    87 0.73 Nitrogen assimilation transcription factor nit-4 [Beauveria bassiana]
KAF1731203.1         -            696 15141at5125          -            576     0.032   12.1   2.1   1   1    0.0005     0.035   11.9   0.7    50    96    14    62     8   135 0.73 hypothetical protein CRV24_009282 [Beauveria bassiana]
KAF1729878.1         -            555 15141at5125          -            576     0.032   12.0   2.2   1   1   0.00076     0.054   11.3   2.2    52    80     7    35     4    48 0.94 Acriflavine sensitivity control protein acr-2 [Beauveria bassiana]
KAF1732607.1         -            504 15141at5125          -            576     0.032   12.0   0.1   1   1   0.00061     0.043   11.6   0.1    52    80    11    39     7   111 0.91 Acriflavine sensitivity control protein acr-2 [Beauveria bassiana]
KAF1737947.1         -            885 15141at5125          -            576     0.032   12.0   4.3   1   1   0.00079     0.056   11.3   4.3    29    96    25    92     6   144 0.68 Nitrogen assimilation transcription factor nit-4 [Beauveria bassiana]
KAF1731717.1         -           1113 15141at5125          -            576     0.033   12.0   0.8   1   1   0.00075     0.053   11.3   0.8    45    94   232   281   208   343 0.75 Transcriptional activator protein acu-15 [Beauveria bassiana]
KAF1729899.1         -            619 15141at5125          -            576     0.035   11.9   0.6   1   1   0.00085      0.06   11.2   0.6    48    94    35    80    29   143 0.61 Conidial development protein fluffy [Beauveria bassiana]
KAF1738989.1         -            577 15141at5125          -            576     0.041   11.7   0.8   1   1   0.00082     0.058   11.2   0.8    54    93    20    61    13   141 0.68 Positive regulator of purine utilization [Beauveria bassiana]
KAF1737889.1         -            484 15141at5125          -            576     0.042   11.7   3.2   1   1    0.0012     0.085   10.7   3.2    50    79    11    40     4    46 0.90 Transcriptional activator protein UGA3 [Beauveria bassiana]
KAF1733194.1         -            689 15141at5125          -            576     0.047   11.5   1.9   1   1    0.0011     0.077   10.8   1.9    48   131    12    99     4   119 0.67 putative transcriptional regulatory protein [Beauveria bassiana]
KAF1735234.1         -            409 15141at5125          -            576     0.049   11.4   2.1   1   1     0.001     0.074   10.9   2.1    48   123     9    82     3   117 0.61 hypothetical protein CRV24_004156 [Beauveria bassiana]
KAF1738988.1         -            856 15141at5125          -            576     0.052   11.3   0.8   1   1    0.0012     0.084   10.7   0.8    47    93    47    93    23   125 0.80 Transcriptional activator protein acu-15 [Beauveria bassiana]
KAF1732967.1         -            758 15141at5125          -            576     0.065   11.0   4.4   1   1    0.0014       0.1   10.4   4.4    44   115    17    93    11   125 0.60 putative transcriptional regulatory protein [Beauveria bassiana]
KAF1735243.1         -            861 15141at5125          -            576     0.071   10.9   5.5   1   1   0.00037     0.026   12.4   3.0    44    80    19    62     6    77 0.78 hypothetical protein CRV24_004165 [Beauveria bassiana]
KAF1735266.1         -            322 15141at5125          -            576     0.071   10.9   6.0   1   1    0.0011     0.077   10.8   5.4    51    95     9    52     3   114 0.66 hypothetical protein CRV24_004188 [Beauveria bassiana]
KAF1738691.1         -           1112 15141at5125          -            576     0.081   10.7   2.0   1   1    0.0019      0.13   10.0   2.0    47    88   192   233   166   269 0.81 putative transcriptional regulatory protein [Beauveria bassiana]
KAF1736187.1         -            712 15141at5125          -            576     0.082   10.7   1.5   1   1    0.0018      0.13   10.1   1.5    42    84    10    54     4   124 0.68 Bikaverin cluster transcription factor bik5 [Beauveria bassiana]
KAF1736393.1         -            217 15141at5125          -            576     0.097   10.5   0.5   1   1    0.0018      0.13   10.1   0.5    60   132    36   112    30   130 0.52 hypothetical protein CRV24_002000 [Beauveria bassiana]
KAF1731741.1         -            610 15141at5125          -            576       0.1   10.4   2.7   1   1    0.0023      0.17    9.7   2.7    51    80    14    43     4    51 0.91 hypothetical protein CRV24_007932 [Beauveria bassiana]
KAF1731352.1         -            387 15141at5125          -            576      0.14   10.0   6.0   1   1    0.0026      0.18    9.6   6.0    39    97    16    71     2   134 0.59 hypothetical protein CRV24_007536 [Beauveria bassiana]
KAF1733605.1         -            719 15141at5125          -            576      0.15    9.8   4.5   1   1    0.0043      0.31    8.8   4.5    50    94    29    76    18    90 0.69 putative transcriptional regulatory protein [Beauveria bassiana]
KAF1735450.1         -            626 15141at5125          -            576       0.2    9.4   3.9   1   1    0.0048      0.34    8.7   3.9    42    94    14    65     2    83 0.75 Protein RDR1 [Beauveria bassiana]
KAF1739611.1         -            347 15141at5125          -            576      0.31    8.8   9.4   1   1    0.0063      0.44    8.3   9.4    45   121     4    78     2    98 0.70 Conidial development protein fluffy [Beauveria bassiana]
KAF1732857.1         -            741 15141at5125          -            576      0.34    8.7   3.0   1   1    0.0087      0.61    7.8   3.0    51    87    43    77    11    87 0.82 hypothetical protein CRV24_006751 [Beauveria bassiana]
KAF1735047.1         -            727 15141at5125          -            576      0.39    8.5   2.9   1   1     0.009      0.64    7.8   2.9    50    91     8    50     1    86 0.79 putative transcriptional regulatory protein [Beauveria bassiana]
KAF1736030.1         -            726 15141at5125          -            576      0.41    8.4   5.7   1   1     0.004      0.28    8.9   3.8    44    94     7    63     2    91 0.69 Transcriptional activator ARO80 [Beauveria bassiana]
KAF1734218.1         -           1011 15141at5125          -            576      0.71    7.6  19.6   1   2   0.00018     0.012   13.4   1.6    43    94    47    97    18   158 0.81 Activator of stress [Beauveria bassiana]
KAF1734218.1         -           1011 15141at5125          -            576      0.71    7.6  19.6   2   2       3.1   2.2e+02   -0.6  10.5    72   140   905   962   885  1001 0.40 Activator of stress [Beauveria bassiana]
KAF1732469.1         -            171 15141at5125          -            576      0.73    7.6  13.5   1   1     0.013       0.9    7.3  13.5    61   152    28   119     9   126 0.66 hypothetical protein CRV24_006357 [Beauveria bassiana]
KAF1737246.1         -            709 15141at5125          -            576      0.89    7.3   2.9   1   1      0.02       1.4    6.6   2.9    44    93    12    64     2    79 0.71 putative transcriptional regulatory protein [Beauveria bassiana]
KAF1731330.1         -            652 15141at5125          -            576      0.97    7.2   5.0   1   1     0.021       1.5    6.5   5.0    42    90     4    55     2    76 0.82 putative transcriptional regulatory protein [Beauveria bassiana]
KAF1731894.1         -            803 15141at5125          -            576       1.3    6.7   5.8   1   1     0.027       1.9    6.2   5.8    45   106    83   142    51   166 0.69 hypothetical protein CRV24_008085 [Beauveria bassiana]
KAF1734946.1         -            442 15141at5125          -            576       1.7    6.3   9.8   1   1    0.0083      0.59    7.9   7.0    39    99   132   195   112   211 0.66 hypothetical protein CRV24_003864 [Beauveria bassiana]
KAF1732405.1         -            182 15141at5125          -            576       1.8    6.3   5.3   1   1     0.031       2.2    6.0   5.3    46   123     7    85     4   112 0.68 putative transcriptional regulatory protein [Beauveria bassiana]
KAF1735052.1         -            285 15141at5125          -            576       2.5    5.8  12.7   1   1     0.051       3.6    5.3  12.7    50   136    32   121    11   155 0.59 hypothetical protein CRV24_003971 [Beauveria bassiana]
KAF1736485.1         -            823 15141at5125          -            576       2.8    5.7  14.5   1   1   0.00026     0.019   12.8   5.0    51   101    56   108    35   122 0.75 Transcriptional regulator WAR1 [Beauveria bassiana]
KAF1734380.1         -            884 15141at5125          -            576       4.3    5.0  16.8   1   1   0.00022     0.015   13.1   6.3    47   144    19   123     9   142 0.60 Transcriptional activator protein acu-15 [Beauveria bassiana]
#
# Program:         hmmsearch
# Version:         3.1b2 (February 2015)
# Pipeline mode:   SEARCH
# Query file:      /home/zack/funannotate_db/hypocreales_odb10/hmms/15141at5125.hmm
# Target file:     /home/zack/Desktop/IsariaPreferralGenome/MyGenomeSubmittedToNCBI/HypocrealesProteinSets/Bbassiana_ERL836_protein.faa
# Option settings: hmmsearch --domtblout /home/zack/Desktop/IsariaPreferralGenome/MyGenomeSubmittedToNCBI/HypocrealesProteinSets/BUSCO_AA_all/BUSCO_AA_Bbassiana_ERL836/run_hypocreales_odb10/hmmer_output/initial_run_results/15141at5125.out --cpu 1 /home/zack/funannotate_db/hypocreales_odb10/hmms/15141at5125.hmm /home/zack/Desktop/IsariaPreferralGenome/MyGenomeSubmittedToNCBI/HypocrealesProteinSets/Bbassiana_ERL836_protein.faa 
# Current dir:     /home/zack/Desktop/IsariaPreferralGenome/MyGenomeSubmittedToNCBI/HypocrealesProteinSets/BUSCO_AA_all
# Date:            Mon Mar  4 14:20:34 2024
# [ok]
