#                                                                            --- full sequence --- -------------- this domain -------------   hmm coord   ali coord   env coord
# target name        accession   tlen query name           accession   qlen   E-value  score  bias   #  of  c-Evalue  i-Evalue  score  bias  from    to  from    to  from    to  acc description of target
#------------------- ---------- ----- -------------------- ---------- ----- --------- ------ ----- --- --- --------- --------- ------ ----- ----- ----- ----- ----- ----- ----- ---- ---------------------
KAF1735164.1         -            662 17011at5125          -            449    3e-183  608.9  62.4   1   3   0.00046      0.69    7.9  14.2     2    33    27    61    26    70 0.80 G1/S-specific cyclin pas1 [Beauveria bassiana]
KAF1735164.1         -            662 17011at5125          -            449    3e-183  608.9  62.4   2   3  6.4e-145  9.6e-142  472.1   6.3    22   293    76   365    64   370 0.88 G1/S-specific cyclin pas1 [Beauveria bassiana]
KAF1735164.1         -            662 17011at5125          -            449    3e-183  608.9  62.4   3   3   8.8e-42   1.3e-38  132.2  27.2   259   417   370   578   356   662 0.83 G1/S-specific cyclin pas1 [Beauveria bassiana]
KAF1739278.1         -            285 17011at5125          -            449   1.3e-09   36.6   0.2   1   1   1.1e-12   1.6e-09   36.3   0.2   148   205    86   143    27   203 0.85 Meiotically up-regulated protein [Beauveria bassiana]
KAF1729613.1         -            390 17011at5125          -            449   5.7e-08   31.2   0.1   1   2   3.8e-11   5.7e-08   31.2   0.1   139   206   120   197    98   223 0.79 PHO85 cyclin-1 [Beauveria bassiana]
KAF1729613.1         -            390 17011at5125          -            449   5.7e-08   31.2   0.1   2   2     0.055        82    1.0   8.1   300   367   236   306   224   382 0.52 PHO85 cyclin-1 [Beauveria bassiana]
KAF1739714.1         -            679 17011at5125          -            449   6.3e-06   24.5   0.2   1   3       1.9   2.8e+03   -4.0   1.2   359   376   102   119    15   167 0.59 Meiotically up-regulated protein [Beauveria bassiana]
KAF1739714.1         -            679 17011at5125          -            449   6.3e-06   24.5   0.2   2   3   4.3e-09   6.3e-06   24.5   0.2   148   207   269   328   232   332 0.88 Meiotically up-regulated protein [Beauveria bassiana]
KAF1739714.1         -            679 17011at5125          -            449   6.3e-06   24.5   0.2   3   3     0.055        82    1.0   0.1   242   283   329   370   324   374 0.83 Meiotically up-regulated protein [Beauveria bassiana]
KAF1733492.1         -            388 17011at5125          -            449     0.001   17.2   0.0   1   1   1.5e-06    0.0023   16.0   0.0   145   209   294   359   278   368 0.87 Cyclin-U4-1 [Beauveria bassiana]
KAF1738756.1         -            366 17011at5125          -            449    0.0028   15.7  17.2   1   2      0.12   1.8e+02   -0.1  16.2   257   424     8   179     4   195 0.60 Nuc-1 negative regulatory protein preg [Beauveria bassiana]
KAF1738756.1         -            366 17011at5125          -            449    0.0028   15.7  17.2   2   2   3.8e-06    0.0056   14.8   0.0   147   204   273   330   266   345 0.87 Nuc-1 negative regulatory protein preg [Beauveria bassiana]
KAF1733074.1         -            916 17011at5125          -            449      0.12   10.4   4.0   1   1   0.00016      0.23    9.4   4.0   243   356   793   908   776   913 0.85 Leucine-rich repeat-containing protein sog2 [Beauveria bassiana]
#
# Program:         hmmsearch
# Version:         3.1b2 (February 2015)
# Pipeline mode:   SEARCH
# Query file:      /home/zack/funannotate_db/hypocreales_odb10/hmms/17011at5125.hmm
# Target file:     /home/zack/Desktop/IsariaPreferralGenome/MyGenomeSubmittedToNCBI/HypocrealesProteinSets/Bbassiana_ERL836_protein.faa
# Option settings: hmmsearch --domtblout /home/zack/Desktop/IsariaPreferralGenome/MyGenomeSubmittedToNCBI/HypocrealesProteinSets/BUSCO_AA_all/BUSCO_AA_Bbassiana_ERL836/run_hypocreales_odb10/hmmer_output/initial_run_results/17011at5125.out --cpu 1 /home/zack/funannotate_db/hypocreales_odb10/hmms/17011at5125.hmm /home/zack/Desktop/IsariaPreferralGenome/MyGenomeSubmittedToNCBI/HypocrealesProteinSets/Bbassiana_ERL836_protein.faa 
# Current dir:     /home/zack/Desktop/IsariaPreferralGenome/MyGenomeSubmittedToNCBI/HypocrealesProteinSets/BUSCO_AA_all
# Date:            Mon Mar  4 14:20:19 2024
# [ok]
