#                                                                            --- full sequence --- -------------- this domain -------------   hmm coord   ali coord   env coord
# target name        accession   tlen query name           accession   qlen   E-value  score  bias   #  of  c-Evalue  i-Evalue  score  bias  from    to  from    to  from    to  acc description of target
#------------------- ---------- ----- -------------------- ---------- ----- --------- ------ ----- --- --- --------- --------- ------ ----- ----- ----- ----- ----- ----- ----- ---- ---------------------
KAF1734942.1         -            576 18041at5125          -            452  1.8e-292  968.7   0.1   1   1  6.2e-295  2.1e-292  968.5   0.1     1   452   105   569   105   569 0.98 ATP-dependent RNA helicase HAS1 [Beauveria bassiana]
KAF1738353.1         -            815 18041at5125          -            452  1.2e-107  359.5   0.1   1   1  4.7e-110  1.6e-107  359.1   0.1     3   443    59   508    57   518 0.93 ATP-dependent RNA helicase DBP4 [Beauveria bassiana]
KAF1735812.1         -            640 18041at5125          -            452   2.4e-66  223.3   0.0   1   2   1.2e-19     4e-17   61.1   0.0     6    95    25   117    21   127 0.87 ATP-dependent rRNA helicase SPB4 [Beauveria bassiana]
KAF1735812.1         -            640 18041at5125          -            452   2.4e-66  223.3   0.0   2   2   1.1e-49   3.6e-47  160.1   0.0   113   429   160   501   142   508 0.83 ATP-dependent rRNA helicase SPB4 [Beauveria bassiana]
KAF1734719.1         -            472 18041at5125          -            452   3.5e-65  219.5   0.1   1   1   1.3e-67   4.3e-65  219.2   0.1     9   375    63   432    55   447 0.89 ATP-dependent rRNA helicase RRP3 [Beauveria bassiana]
KAF1732276.1         -            768 18041at5125          -            452   1.2e-61  207.8   0.8   1   1   4.8e-64   1.6e-61  207.4   0.8     3   340   255   599   253   654 0.87 ATP-dependent RNA helicase DRS1 [Beauveria bassiana]
KAF1737300.1         -            754 18041at5125          -            452   2.2e-61  207.0   0.2   1   2   5.3e-35   1.8e-32  111.6   0.2     2   254   158   456   157   459 0.79 ATP-dependent RNA helicase DBP7 [Beauveria bassiana]
KAF1737300.1         -            754 18041at5125          -            452   2.2e-61  207.0   0.2   2   2   3.4e-26   1.1e-23   82.6   0.0   263   429   497   693   484   714 0.71 ATP-dependent RNA helicase DBP7 [Beauveria bassiana]
KAF1734022.1         -            596 18041at5125          -            452     3e-57  193.3   0.0   1   1   1.8e-59   6.2e-57  192.3   0.0    12   345   121   481   111   513 0.82 ATP-dependent RNA helicase, mitochondrial [Beauveria bassiana]
KAF1739745.1         -            560 18041at5125          -            452     2e-55  187.3   0.0   1   1   7.9e-58   2.7e-55  186.9   0.0     8   339   161   501   157   520 0.85 ATP-dependent RNA helicase DBP2 [Beauveria bassiana]
KAF1731497.1         -            551 18041at5125          -            452     7e-55  185.5   0.0   1   1   2.8e-57   9.6e-55  185.1   0.0     9   345   133   486   127   496 0.84 ATP-dependent RNA helicase DBP8 [Beauveria bassiana]
KAF1737433.1         -           1202 18041at5125          -            452   1.4e-52  177.9   0.0   1   1   6.5e-55   2.2e-52  177.3   0.0     3   342   571   922   569   958 0.85 Pre-mRNA-processing ATP-dependent RNA helicase PRP5 [Beauveria bassiana]
KAF1737895.1         -            901 18041at5125          -            452   2.5e-52  177.1   1.9   1   3   1.2e-36   3.9e-34  117.1   0.1     7   223   102   316    98   333 0.89 ATP-dependent RNA helicase DBP10 [Beauveria bassiana]
KAF1737895.1         -            901 18041at5125          -            452   2.5e-52  177.1   1.9   2   3   5.4e-19   1.8e-16   58.9   0.0   236   346   364   474   361   484 0.90 ATP-dependent RNA helicase DBP10 [Beauveria bassiana]
KAF1737895.1         -            901 18041at5125          -            452   2.5e-52  177.1   1.9   3   3       4.9   1.6e+03   -3.6   0.0   318   337   799   819   794   835 0.69 ATP-dependent RNA helicase DBP10 [Beauveria bassiana]
KAF1731090.1         -            504 18041at5125          -            452   1.7e-49  167.8   0.1   1   1   6.4e-52   2.1e-49  167.4   0.1     6   326    61   381    56   392 0.90 ATP-dependent RNA helicase DHH1 [Beauveria bassiana]
KAF1733325.1         -            600 18041at5125          -            452   7.1e-49  165.7   0.0   1   1   3.1e-51     1e-48  165.2   0.0    25   356   211   562   196   586 0.80 ATP-dependent RNA helicase DBP3 [Beauveria bassiana]
KAF1737334.1         -            669 18041at5125          -            452   1.4e-48  164.7   0.8   1   1   2.9e-50   9.8e-48  162.0   0.8     5   336    94   465    91   472 0.80 ATP-dependent RNA helicase cyt-19, mitochondrial [Beauveria bassiana]
KAF1736058.1         -            796 18041at5125          -            452     6e-48  162.6   0.0   1   2   9.3e-25   3.1e-22   77.9   0.0     1   172   194   386   194   389 0.80 ATP-dependent RNA helicase MAK5 [Beauveria bassiana]
KAF1736058.1         -            796 18041at5125          -            452     6e-48  162.6   0.0   2   2   3.9e-26   1.3e-23   82.4   0.0   190   344   457   613   430   633 0.86 ATP-dependent RNA helicase MAK5 [Beauveria bassiana]
KAF1736455.1         -            732 18041at5125          -            452     3e-42  143.9   0.0   1   2   1.6e-26   5.5e-24   83.7   0.0     6   168   305   473   301   478 0.91 Pre-mRNA-splicing ATP-dependent RNA helicase PRP28 [Beauveria bassiana]
KAF1736455.1         -            732 18041at5125          -            452     3e-42  143.9   0.0   2   2   9.5e-19   3.2e-16   58.1   0.0   170   350   501   684   490   706 0.80 Pre-mRNA-splicing ATP-dependent RNA helicase PRP28 [Beauveria bassiana]
KAF1734890.1         -            403 18041at5125          -            452     8e-42  142.5   0.4   1   1   2.9e-44   9.8e-42  142.2   0.4     2   347    34   380    33   391 0.87 ATP-dependent RNA helicase FAL1 [Beauveria bassiana]
KAF1731936.1         -            311 18041at5125          -            452   1.4e-34  118.6   0.6   1   2   8.9e-25     3e-22   78.0   0.1     2   184    30   211    29   221 0.89 ATP-dependent RNA helicase eIF4A [Beauveria bassiana]
KAF1731936.1         -            311 18041at5125          -            452   1.4e-34  118.6   0.6   2   2   3.8e-13   1.3e-10   39.6   0.0   281   349   225   292   212   306 0.86 ATP-dependent RNA helicase eIF4A [Beauveria bassiana]
KAF1739669.1         -            604 18041at5125          -            452   1.5e-34  118.5   0.2   1   2   3.2e-29   1.1e-26   92.6   0.0     3   238    33   275    31   307 0.82 ATP-dependent RNA helicase DBP9 [Beauveria bassiana]
KAF1739669.1         -            604 18041at5125          -            452   1.5e-34  118.5   0.2   2   2   2.1e-08   7.1e-06   24.0   0.0   294   377   385   466   380   496 0.74 ATP-dependent RNA helicase DBP9 [Beauveria bassiana]
KAF1735165.1         -            374 18041at5125          -            452     2e-33  114.8   0.2   1   1   7.3e-36   2.4e-33  114.5   0.2    24   341    20   341    15   368 0.83 ATP-dependent RNA helicase SUB2 [Beauveria bassiana]
KAF1735323.1         -            973 18041at5125          -            452   2.2e-29  101.5   0.0   1   1   1.1e-31   3.7e-29  100.7   0.0     8   194   204   410   198   448 0.80 ATP-dependent RNA helicase ded1 [Beauveria bassiana]
KAF1729980.1         -            497 18041at5125          -            452   1.9e-24   85.2   0.0   1   1   7.2e-27   2.4e-24   84.9   0.0     3   338    87   432    85   478 0.79 ATP-dependent RNA helicase DBP5 [Beauveria bassiana]
KAF1739427.1         -            702 18041at5125          -            452   8.6e-24   83.0   0.0   1   3   6.5e-07   0.00022   19.1   0.0     7   113   240   356   236   364 0.62 ATP-dependent RNA helicase dbp6 [Beauveria bassiana]
KAF1739427.1         -            702 18041at5125          -            452   8.6e-24   83.0   0.0   2   3   4.1e-08   1.4e-05   23.0   0.0   109   160   404   456   400   468 0.86 ATP-dependent RNA helicase dbp6 [Beauveria bassiana]
KAF1739427.1         -            702 18041at5125          -            452   8.6e-24   83.0   0.0   3   3   2.3e-12   7.8e-10   37.0   0.0   270   330   577   637   567   671 0.82 ATP-dependent RNA helicase dbp6 [Beauveria bassiana]
KAF1736630.1         -            732 18041at5125          -            452   2.3e-20   71.7   0.1   1   3   2.1e-08   6.9e-06   24.0   0.0    29    89   224   293   220   316 0.75 ATP-dependent RNA helicase ROK1 [Beauveria bassiana]
KAF1736630.1         -            732 18041at5125          -            452   2.3e-20   71.7   0.1   2   3    0.0013      0.45    8.1   0.0   117   186   359   434   344   452 0.71 ATP-dependent RNA helicase ROK1 [Beauveria bassiana]
KAF1736630.1         -            732 18041at5125          -            452   2.3e-20   71.7   0.1   3   3   5.7e-12   1.9e-09   35.7   0.0   285   349   561   625   523   633 0.86 ATP-dependent RNA helicase ROK1 [Beauveria bassiana]
KAF1732122.1         -            659 18041at5125          -            452   5.3e-19   67.3   0.3   1   3   1.1e-05    0.0038   15.0   0.0    33    57   256   280   231   287 0.73 ATP-dependent RNA helicase mrh4, mitochondrial [Beauveria bassiana]
KAF1732122.1         -            659 18041at5125          -            452   5.3e-19   67.3   0.3   2   3     4e-06    0.0013   16.5   0.0    69   186   325   446   318   456 0.74 ATP-dependent RNA helicase mrh4, mitochondrial [Beauveria bassiana]
KAF1732122.1         -            659 18041at5125          -            452   5.3e-19   67.3   0.3   3   3   8.5e-11   2.9e-08   31.9   0.2   284   341   583   639   579   649 0.91 ATP-dependent RNA helicase mrh4, mitochondrial [Beauveria bassiana]
KAF1736288.1         -           1060 18041at5125          -            452   7.1e-07   27.3   0.1   1   2      0.13        44    1.6   0.0    37   190   170   318   159   349 0.69 ATP-dependent DNA helicase MPH1 [Beauveria bassiana]
KAF1736288.1         -           1060 18041at5125          -            452   7.1e-07   27.3   0.1   2   2   3.5e-08   1.2e-05   23.2   0.0   268   337   558   626   516   641 0.83 ATP-dependent DNA helicase MPH1 [Beauveria bassiana]
KAF1736084.1         -           1402 18041at5125          -            452     2e-06   25.8   0.0   1   2     0.028       9.4    3.8   0.0    33   151    42   158    31   163 0.76 Dicer-like protein 2 [Beauveria bassiana]
KAF1736084.1         -           1402 18041at5125          -            452     2e-06   25.8   0.0   2   2   4.4e-07   0.00015   19.6   0.0   285   324   462   501   447   513 0.84 Dicer-like protein 2 [Beauveria bassiana]
KAF1734645.1         -            732 18041at5125          -            452   2.2e-05   22.4   0.0   1   1     5e-07   0.00017   19.5   0.0    24   331    86   405    71   419 0.71 ATP-dependent DNA helicase RecQ [Beauveria bassiana]
KAF1730136.1         -           1465 18041at5125          -            452   6.4e-05   20.8   0.0   1   2      0.55   1.8e+02   -0.5   0.0    33   149    78   198    72   203 0.69 Dicer-like protein 1 [Beauveria bassiana]
KAF1730136.1         -           1465 18041at5125          -            452   6.4e-05   20.8   0.0   2   2     1e-06   0.00035   18.4   0.0   279   328   469   517   437   532 0.80 Dicer-like protein 1 [Beauveria bassiana]
KAF1733073.1         -            478 18041at5125          -            452     0.043   11.5   0.0   1   2     0.031        11    3.6   0.0    25    53    34    62    26    73 0.89 Bloom syndrome protein [Beauveria bassiana]
KAF1733073.1         -            478 18041at5125          -            452     0.043   11.5   0.0   2   2    0.0095       3.2    5.3   0.0   283   331   322   370   296   388 0.79 Bloom syndrome protein [Beauveria bassiana]
KAF1730196.1         -            921 18041at5125          -            452     0.052   11.2   0.0   1   1   0.00023     0.078   10.7   0.0   236   337   769   873   754   890 0.75 ATP-dependent helicase fft2 [Beauveria bassiana]
#
# Program:         hmmsearch
# Version:         3.1b2 (February 2015)
# Pipeline mode:   SEARCH
# Query file:      /home/zack/funannotate_db/hypocreales_odb10/hmms/18041at5125.hmm
# Target file:     /home/zack/Desktop/IsariaPreferralGenome/MyGenomeSubmittedToNCBI/HypocrealesProteinSets/Bbassiana_ERL836_protein.faa
# Option settings: hmmsearch --domtblout /home/zack/Desktop/IsariaPreferralGenome/MyGenomeSubmittedToNCBI/HypocrealesProteinSets/BUSCO_AA_all/BUSCO_AA_Bbassiana_ERL836/run_hypocreales_odb10/hmmer_output/initial_run_results/18041at5125.out --cpu 1 /home/zack/funannotate_db/hypocreales_odb10/hmms/18041at5125.hmm /home/zack/Desktop/IsariaPreferralGenome/MyGenomeSubmittedToNCBI/HypocrealesProteinSets/Bbassiana_ERL836_protein.faa 
# Current dir:     /home/zack/Desktop/IsariaPreferralGenome/MyGenomeSubmittedToNCBI/HypocrealesProteinSets/BUSCO_AA_all
# Date:            Mon Mar  4 14:20:06 2024
# [ok]
