#                                                                            --- full sequence --- -------------- this domain -------------   hmm coord   ali coord   env coord
# target name        accession   tlen query name           accession   qlen   E-value  score  bias   #  of  c-Evalue  i-Evalue  score  bias  from    to  from    to  from    to  acc description of target
#------------------- ---------- ----- -------------------- ---------- ----- --------- ------ ----- --- --- --------- --------- ------ ----- ----- ----- ----- ----- ----- ----- ---- ---------------------
KAF1732912.1         -            491 20134at5125          -            400  1.4e-230  764.1   8.9   1   1  1.5e-233  1.9e-230  763.6   8.9     9   400    72   489    65   489 0.95 Beta-1,3-glucan-binding protein [Beauveria bassiana]
KAF1735190.1         -            480 20134at5125          -            400  1.9e-106  355.3   6.2   1   1    2e-109  2.5e-106  354.9   6.2    19   394    67   470    54   475 0.87 Beta-1,3-glucan-binding protein [Beauveria bassiana]
KAF1735735.1         -            335 20134at5125          -            400   2.4e-07   29.0   1.4   1   2    0.0009       1.2    7.0   0.0   102   135   100   134    86   156 0.79 Glucan endo-1,3-beta-glucosidase A1 [Beauveria bassiana]
KAF1735735.1         -            335 20134at5125          -            400   2.4e-07   29.0   1.4   2   2   4.2e-08   5.4e-05   21.2   0.7   175   251   144   213   131   225 0.75 Glucan endo-1,3-beta-glucosidase A1 [Beauveria bassiana]
KAF1731602.1         -            316 20134at5125          -            400   0.00016   19.6   0.3   1   1   1.7e-07   0.00022   19.2   0.3   168   228    79   140    68   215 0.73 Endo-1,3(4)-beta-glucanase [Beauveria bassiana]
KAF1736365.1         -            321 20134at5125          -            400   0.00027   19.0   2.8   1   3     0.043        57    1.4   0.0   103   126    70    93    39   104 0.78 Glucan endo-1,3-beta-glucosidase A1 [Beauveria bassiana]
KAF1736365.1         -            321 20134at5125          -            400   0.00027   19.0   2.8   2   3   2.6e-06    0.0034   15.3   0.7   190   229   128   177   105   223 0.74 Glucan endo-1,3-beta-glucosidase A1 [Beauveria bassiana]
KAF1736365.1         -            321 20134at5125          -            400   0.00027   19.0   2.8   3   3     0.082   1.1e+02    0.5   0.0   323   345   266   285   242   295 0.80 Glucan endo-1,3-beta-glucosidase A1 [Beauveria bassiana]
KAF1736147.1         -            661 20134at5125          -            400   0.00071   17.6   0.1   1   1   1.7e-06    0.0022   15.9   0.1   203   228   127   152   103   172 0.83 putative endo-1,3(4)-beta-glucanase [Beauveria bassiana]
KAF1735110.1         -            328 20134at5125          -            400    0.0066   14.4   0.1   1   2      0.16   2.1e+02   -0.5   0.6    36    64    24    53     7    74 0.69 putative glycosidase [Beauveria bassiana]
KAF1735110.1         -            328 20134at5125          -            400    0.0066   14.4   0.1   2   2   5.1e-06    0.0066   14.4   0.1   156   227    80   152    71   160 0.67 putative glycosidase [Beauveria bassiana]
KAF1737904.1         -           1334 20134at5125          -            400     0.017   13.0   0.1   1   2   1.3e-05     0.017   13.0   0.1   202   229    99   124    86   145 0.82 Endo-1,3(4)-beta-glucanase [Beauveria bassiana]
KAF1737904.1         -           1334 20134at5125          -            400     0.017   13.0   0.1   2   2      0.97   1.3e+03   -3.0   0.8   158   177  1282  1301  1279  1307 0.88 Endo-1,3(4)-beta-glucanase [Beauveria bassiana]
#
# Program:         hmmsearch
# Version:         3.1b2 (February 2015)
# Pipeline mode:   SEARCH
# Query file:      /home/zack/funannotate_db/hypocreales_odb10/hmms/20134at5125.hmm
# Target file:     /home/zack/Desktop/IsariaPreferralGenome/MyGenomeSubmittedToNCBI/HypocrealesProteinSets/Bbassiana_ERL836_protein.faa
# Option settings: hmmsearch --domtblout /home/zack/Desktop/IsariaPreferralGenome/MyGenomeSubmittedToNCBI/HypocrealesProteinSets/BUSCO_AA_all/BUSCO_AA_Bbassiana_ERL836/run_hypocreales_odb10/hmmer_output/initial_run_results/20134at5125.out --cpu 1 /home/zack/funannotate_db/hypocreales_odb10/hmms/20134at5125.hmm /home/zack/Desktop/IsariaPreferralGenome/MyGenomeSubmittedToNCBI/HypocrealesProteinSets/Bbassiana_ERL836_protein.faa 
# Current dir:     /home/zack/Desktop/IsariaPreferralGenome/MyGenomeSubmittedToNCBI/HypocrealesProteinSets/BUSCO_AA_all
# Date:            Mon Mar  4 14:20:33 2024
# [ok]
