#                                                                            --- full sequence --- -------------- this domain -------------   hmm coord   ali coord   env coord
# target name        accession   tlen query name           accession   qlen   E-value  score  bias   #  of  c-Evalue  i-Evalue  score  bias  from    to  from    to  from    to  acc description of target
#------------------- ---------- ----- -------------------- ---------- ----- --------- ------ ----- --- --- --------- --------- ------ ----- ----- ----- ----- ----- ----- ----- ---- ---------------------
KAF1731596.1         -            493 20611at5125          -            358  5.4e-146  485.2   0.6   1   3   3.3e-16   4.3e-13   48.0   0.1     1    58     7    68     7    78 0.86 Ribosomal lysine N-methyltransferase set10 [Beauveria bassiana]
KAF1731596.1         -            493 20611at5125          -            358  5.4e-146  485.2   0.6   2   3   8.7e-30   1.1e-26   92.6   0.0    53   128    86   170    75   179 0.85 Ribosomal lysine N-methyltransferase set10 [Beauveria bassiana]
KAF1731596.1         -            493 20611at5125          -            358  5.4e-146  485.2   0.6   3   3    4e-103  5.1e-100  333.9   0.0   127   358   196   480   188   480 0.86 Ribosomal lysine N-methyltransferase set10 [Beauveria bassiana]
KAF1737738.1         -            286 20611at5125          -            358   2.1e-07   29.3   0.1   1   1   2.5e-10   3.2e-07   28.6   0.1    84   221    19   169     5   182 0.76 Ribosomal lysine N-methyltransferase set11 [Beauveria bassiana]
KAF1731532.1         -            271 20611at5125          -            358   1.1e-06   26.9   0.0   1   1   1.1e-09   1.4e-06   26.5   0.0   158   221    62   130    26   159 0.70 Ribosomal lysine N-methyltransferase set11 [Beauveria bassiana]
KAF1733695.1         -            386 20611at5125          -            358   1.3e-06   26.7   0.1   1   1   1.4e-08   1.8e-05   22.9   0.1     1   220     5   249     5   256 0.67 Ribosomal lysine N-methyltransferase set11 [Beauveria bassiana]
KAF1732329.1         -            484 20611at5125          -            358   0.00031   18.9   0.0   1   2    0.0036       4.6    5.1   0.0    69   103   109   141    98   160 0.80 Ribosomal lysine N-methyltransferase 4 [Beauveria bassiana]
KAF1732329.1         -            484 20611at5125          -            358   0.00031   18.9   0.0   2   2   4.1e-05     0.053   11.5   0.0   166   219   237   296   220   303 0.76 Ribosomal lysine N-methyltransferase 4 [Beauveria bassiana]
KAF1733592.1         -            477 20611at5125          -            358     0.002   16.2   0.0   1   1   2.7e-06    0.0035   15.4   0.0   185   223   221   259   167   270 0.74 Histone-lysine N-methyltransferase setd3 [Beauveria bassiana]
KAF1734935.1         -            406 20611at5125          -            358    0.0028   15.7   0.0   1   1   3.7e-06    0.0048   14.9   0.0   189   221   222   254   184   265 0.86 Histone-lysine N-methyltransferase setd3 [Beauveria bassiana]
KAF1734381.1         -            492 20611at5125          -            358    0.0067   14.4   0.0   1   2     0.017        22    2.9   0.0    80   119   120   157   115   171 0.80 SET domain-containing protein 8 [Beauveria bassiana]
KAF1734381.1         -            492 20611at5125          -            358    0.0067   14.4   0.0   2   2   0.00027      0.35    8.8   0.0   166   222   216   283   211   293 0.70 SET domain-containing protein 8 [Beauveria bassiana]
#
# Program:         hmmsearch
# Version:         3.1b2 (February 2015)
# Pipeline mode:   SEARCH
# Query file:      /home/zack/funannotate_db/hypocreales_odb10/hmms/20611at5125.hmm
# Target file:     /home/zack/Desktop/IsariaPreferralGenome/MyGenomeSubmittedToNCBI/HypocrealesProteinSets/Bbassiana_ERL836_protein.faa
# Option settings: hmmsearch --domtblout /home/zack/Desktop/IsariaPreferralGenome/MyGenomeSubmittedToNCBI/HypocrealesProteinSets/BUSCO_AA_all/BUSCO_AA_Bbassiana_ERL836/run_hypocreales_odb10/hmmer_output/initial_run_results/20611at5125.out --cpu 1 /home/zack/funannotate_db/hypocreales_odb10/hmms/20611at5125.hmm /home/zack/Desktop/IsariaPreferralGenome/MyGenomeSubmittedToNCBI/HypocrealesProteinSets/Bbassiana_ERL836_protein.faa 
# Current dir:     /home/zack/Desktop/IsariaPreferralGenome/MyGenomeSubmittedToNCBI/HypocrealesProteinSets/BUSCO_AA_all
# Date:            Mon Mar  4 14:20:14 2024
# [ok]
