#                                                                            --- full sequence --- -------------- this domain -------------   hmm coord   ali coord   env coord
# target name        accession   tlen query name           accession   qlen   E-value  score  bias   #  of  c-Evalue  i-Evalue  score  bias  from    to  from    to  from    to  acc description of target
#------------------- ---------- ----- -------------------- ---------- ----- --------- ------ ----- --- --- --------- --------- ------ ----- ----- ----- ----- ----- ----- ----- ---- ---------------------
KAF1739013.1         -            575 23513at5125          -            392  2.1e-212  704.2   6.7   1   2   0.00013      0.23    9.4   0.0     1    17    67    83    67   108 0.90 putative transporter [Beauveria bassiana]
KAF1739013.1         -            575 23513at5125          -            392  2.1e-212  704.2   6.7   2   2    1e-212  1.7e-209  694.6   4.9     8   387   127   532   121   537 0.93 putative transporter [Beauveria bassiana]
KAF1738004.1         -            322 23513at5125          -            392     1e-23   83.0  17.1   1   1   7.8e-27   1.4e-23   82.6  17.1   136   368    33   270     6   293 0.85 putative sugar phosphate/phosphate translocator [Beauveria bassiana]
KAF1735883.1         -            209 23513at5125          -            392   1.2e-10   40.0   7.4   1   1   6.9e-14   1.2e-10   40.0   7.4   243   368     4   135     1   156 0.88 putative sugar phosphate/phosphate translocator [Beauveria bassiana]
KAF1737409.1         -            361 23513at5125          -            392   9.3e-08   30.5  24.7   1   1   4.3e-10   7.4e-07   27.5  24.7   164   373   127   347    29   359 0.84 putative sugar phosphate/phosphate translocator [Beauveria bassiana]
KAF1738588.1         -            498 23513at5125          -            392   1.3e-05   23.4   9.1   1   3   0.00067       1.2    7.1   1.7   183   251   216   281    72   298 0.86 putative transporter C83.11 [Beauveria bassiana]
KAF1738588.1         -            498 23513at5125          -            392   1.3e-05   23.4   9.1   2   3     0.066   1.1e+02    0.6   0.1   184   204   314   334   293   339 0.80 putative transporter C83.11 [Beauveria bassiana]
KAF1738588.1         -            498 23513at5125          -            392   1.3e-05   23.4   9.1   3   3   1.3e-07   0.00023   19.3   0.1   300   384   366   451   355   459 0.83 putative transporter C83.11 [Beauveria bassiana]
KAF1735125.1         -            228 23513at5125          -            392   0.00016   19.9  14.3   1   2   0.00015      0.25    9.3   1.8    76    99    29    52    25    68 0.88 putative sugar phosphate/phosphate translocator [Beauveria bassiana]
KAF1735125.1         -            228 23513at5125          -            392   0.00016   19.9  14.3   2   2   1.4e-06    0.0024   15.9   5.2   299   367    80   148    62   158 0.86 putative sugar phosphate/phosphate translocator [Beauveria bassiana]
#
# Program:         hmmsearch
# Version:         3.1b2 (February 2015)
# Pipeline mode:   SEARCH
# Query file:      /home/zack/funannotate_db/hypocreales_odb10/hmms/23513at5125.hmm
# Target file:     /home/zack/Desktop/IsariaPreferralGenome/MyGenomeSubmittedToNCBI/HypocrealesProteinSets/Bbassiana_ERL836_protein.faa
# Option settings: hmmsearch --domtblout /home/zack/Desktop/IsariaPreferralGenome/MyGenomeSubmittedToNCBI/HypocrealesProteinSets/BUSCO_AA_all/BUSCO_AA_Bbassiana_ERL836/run_hypocreales_odb10/hmmer_output/initial_run_results/23513at5125.out --cpu 1 /home/zack/funannotate_db/hypocreales_odb10/hmms/23513at5125.hmm /home/zack/Desktop/IsariaPreferralGenome/MyGenomeSubmittedToNCBI/HypocrealesProteinSets/Bbassiana_ERL836_protein.faa 
# Current dir:     /home/zack/Desktop/IsariaPreferralGenome/MyGenomeSubmittedToNCBI/HypocrealesProteinSets/BUSCO_AA_all
# Date:            Mon Mar  4 14:20:35 2024
# [ok]
