#                                                                            --- full sequence --- -------------- this domain -------------   hmm coord   ali coord   env coord
# target name        accession   tlen query name           accession   qlen   E-value  score  bias   #  of  c-Evalue  i-Evalue  score  bias  from    to  from    to  from    to  acc description of target
#------------------- ---------- ----- -------------------- ---------- ----- --------- ------ ----- --- --- --------- --------- ------ ----- ----- ----- ----- ----- ----- ----- ---- ---------------------
KAF1733518.1         -            506 23697at5125          -            406  4.1e-200  664.0   1.4   1   1  4.1e-203  5.3e-200  663.7   1.4     6   406    36   480    32   480 0.91 Aminopeptidase Y [Beauveria bassiana]
KAF1734853.1         -            490 23697at5125          -            406   2.1e-70  236.8   0.1   1   1   4.6e-73   5.9e-70  235.4   0.1   104   406   152   450   143   450 0.90 putative lipoprotein aminopeptidase LpqL [Beauveria bassiana]
KAF1729672.1         -            398 23697at5125          -            406   1.7e-11   42.9   0.0   1   1     2e-14   2.6e-11   42.2   0.0   186   262   170   258   152   276 0.74 Leucine aminopeptidase 1 [Beauveria bassiana]
KAF1733577.1         -            889 23697at5125          -            406   8.2e-05   20.9   0.0   1   1     1e-07   0.00013   20.2   0.0   105   140   400   435   387   480 0.88 Minor extracellular protease vpr [Beauveria bassiana]
KAF1736574.1         -            839 23697at5125          -            406   0.00062   18.0   0.4   1   2       0.9   1.2e+03   -2.7   0.0   104   141   252   289   233   300 0.82 putative glutamate carboxypeptidase [Beauveria bassiana]
KAF1736574.1         -            839 23697at5125          -            406   0.00062   18.0   0.4   2   2   1.1e-06    0.0014   16.8   0.1   185   261   417   497   401   522 0.73 putative glutamate carboxypeptidase [Beauveria bassiana]
KAF1734812.1         -            738 23697at5125          -            406   0.00067   17.9   0.1   1   2       2.3     3e+03   -4.1   0.0   318   341   176   199   170   201 0.84 putative glutamate carboxypeptidase [Beauveria bassiana]
KAF1734812.1         -            738 23697at5125          -            406   0.00067   17.9   0.1   2   2   1.1e-06    0.0014   16.8   0.0   178   261   350   436   338   482 0.79 putative glutamate carboxypeptidase [Beauveria bassiana]
KAF1738154.1         -            946 23697at5125          -            406    0.0094   14.1   0.0   1   1   1.2e-05     0.015   13.4   0.0   198   256   184   244   175   251 0.84 Vacuolar membrane protease [Beauveria bassiana]
KAF1735551.1         -            769 23697at5125          -            406     0.016   13.3   0.0   1   1     2e-05     0.026   12.6   0.0   101   139   208   246   187   254 0.86 ER degradation-enhancing alpha-mannosidase-like protein 3 [Beauveria bassiana]
#
# Program:         hmmsearch
# Version:         3.1b2 (February 2015)
# Pipeline mode:   SEARCH
# Query file:      /home/zack/funannotate_db/hypocreales_odb10/hmms/23697at5125.hmm
# Target file:     /home/zack/Desktop/IsariaPreferralGenome/MyGenomeSubmittedToNCBI/HypocrealesProteinSets/Bbassiana_ERL836_protein.faa
# Option settings: hmmsearch --domtblout /home/zack/Desktop/IsariaPreferralGenome/MyGenomeSubmittedToNCBI/HypocrealesProteinSets/BUSCO_AA_all/BUSCO_AA_Bbassiana_ERL836/run_hypocreales_odb10/hmmer_output/initial_run_results/23697at5125.out --cpu 1 /home/zack/funannotate_db/hypocreales_odb10/hmms/23697at5125.hmm /home/zack/Desktop/IsariaPreferralGenome/MyGenomeSubmittedToNCBI/HypocrealesProteinSets/Bbassiana_ERL836_protein.faa 
# Current dir:     /home/zack/Desktop/IsariaPreferralGenome/MyGenomeSubmittedToNCBI/HypocrealesProteinSets/BUSCO_AA_all
# Date:            Mon Mar  4 14:20:41 2024
# [ok]
