#                                                                            --- full sequence --- -------------- this domain -------------   hmm coord   ali coord   env coord
# target name        accession   tlen query name           accession   qlen   E-value  score  bias   #  of  c-Evalue  i-Evalue  score  bias  from    to  from    to  from    to  acc description of target
#------------------- ---------- ----- -------------------- ---------- ----- --------- ------ ----- --- --- --------- --------- ------ ----- ----- ----- ----- ----- ----- ----- ---- ---------------------
KAF1734837.1         -           1074 3043at5125           -            892         0 1453.0  23.5   1   3   1.1e-10   2.3e-07   28.5   0.4    24    78     1    68     1    75 0.75 1-phosphatidylinositol 4,5-bisphosphate phosphodiesterase 1 [Beauveria bassiana]
KAF1734837.1         -           1074 3043at5125           -            892         0 1453.0  23.5   2   3   1.9e-15     4e-12   44.2   8.7    57   106    78   131    69   161 0.81 1-phosphatidylinositol 4,5-bisphosphate phosphodiesterase 1 [Beauveria bassiana]
KAF1734837.1         -           1074 3043at5125           -            892         0 1453.0  23.5   3   3         0         0 1384.0   1.5   110   892   168  1072   158  1072 0.91 1-phosphatidylinositol 4,5-bisphosphate phosphodiesterase 1 [Beauveria bassiana]
KAF1739052.1         -            654 3043at5125           -            892   3.7e-77  259.4   0.1   1   4   3.3e-23   6.9e-20   69.9   0.1   326   467    47   193    30   201 0.73 1-phosphatidylinositol 4,5-bisphosphate phosphodiesterase 1 [Beauveria bassiana]
KAF1739052.1         -            654 3043at5125           -            892   3.7e-77  259.4   0.1   2   4     0.071   1.5e+02   -0.6   0.1    45    82   191   228   165   239 0.79 1-phosphatidylinositol 4,5-bisphosphate phosphodiesterase 1 [Beauveria bassiana]
KAF1739052.1         -            654 3043at5125           -            892   3.7e-77  259.4   0.1   3   4   1.2e-28   2.6e-25   87.9   0.0   433   520   239   331   231   340 0.92 1-phosphatidylinositol 4,5-bisphosphate phosphodiesterase 1 [Beauveria bassiana]
KAF1739052.1         -            654 3043at5125           -            892   3.7e-77  259.4   0.1   4   4   1.8e-31   3.8e-28   97.2   0.0   580   835   371   635   344   651 0.78 1-phosphatidylinositol 4,5-bisphosphate phosphodiesterase 1 [Beauveria bassiana]
KAF1735602.1         -            729 3043at5125           -            892   1.6e-68  230.9   0.1   1   2   6.5e-21   1.3e-17   62.4   0.0   328   436    97   205    80   239 0.85 1-phosphatidylinositol 4,5-bisphosphate phosphodiesterase 1 [Beauveria bassiana]
KAF1735602.1         -            729 3043at5125           -            892   1.6e-68  230.9   0.1   2   2   2.1e-52   4.5e-49  166.5   0.0   432   698   293   564   290   726 0.85 1-phosphatidylinositol 4,5-bisphosphate phosphodiesterase 1 [Beauveria bassiana]
KAF1729760.1         -            603 3043at5125           -            892   9.3e-59  198.5   0.0   1   2   3.6e-37   7.6e-34  116.1   0.0   381   504   104   240    81   249 0.84 1-phosphatidylinositol 4,5-bisphosphate phosphodiesterase 1 [Beauveria bassiana]
KAF1729760.1         -            603 3043at5125           -            892   9.3e-59  198.5   0.0   2   2   2.3e-26   4.9e-23   80.4   0.0   579   696   323   445   273   453 0.81 1-phosphatidylinositol 4,5-bisphosphate phosphodiesterase 1 [Beauveria bassiana]
KAF1731128.1         -            374 3043at5125           -            892       4.6    4.4  10.6   1   1     0.001       2.2    5.4   7.9    47   115   167   234   159   246 0.84 hypothetical protein CRV24_009204 [Beauveria bassiana]
#
# Program:         hmmsearch
# Version:         3.1b2 (February 2015)
# Pipeline mode:   SEARCH
# Query file:      /home/zack/funannotate_db/hypocreales_odb10/hmms/3043at5125.hmm
# Target file:     /home/zack/Desktop/IsariaPreferralGenome/MyGenomeSubmittedToNCBI/HypocrealesProteinSets/Bbassiana_ERL836_protein.faa
# Option settings: hmmsearch --domtblout /home/zack/Desktop/IsariaPreferralGenome/MyGenomeSubmittedToNCBI/HypocrealesProteinSets/BUSCO_AA_all/BUSCO_AA_Bbassiana_ERL836/run_hypocreales_odb10/hmmer_output/initial_run_results/3043at5125.out --cpu 1 /home/zack/funannotate_db/hypocreales_odb10/hmms/3043at5125.hmm /home/zack/Desktop/IsariaPreferralGenome/MyGenomeSubmittedToNCBI/HypocrealesProteinSets/Bbassiana_ERL836_protein.faa 
# Current dir:     /home/zack/Desktop/IsariaPreferralGenome/MyGenomeSubmittedToNCBI/HypocrealesProteinSets/BUSCO_AA_all
# Date:            Mon Mar  4 14:20:48 2024
# [ok]
