#                                                                            --- full sequence --- -------------- this domain -------------   hmm coord   ali coord   env coord
# target name        accession   tlen query name           accession   qlen   E-value  score  bias   #  of  c-Evalue  i-Evalue  score  bias  from    to  from    to  from    to  acc description of target
#------------------- ---------- ----- -------------------- ---------- ----- --------- ------ ----- --- --- --------- --------- ------ ----- ----- ----- ----- ----- ----- ----- ---- ---------------------
KAF1736825.1         -           1970 314at5125            -           1650         0 3423.9   6.2   1   5      0.08        59   -0.5   0.0     1    24     5    29     5    42 0.84 putative helicase mug81 [Beauveria bassiana]
KAF1736825.1         -           1970 314at5125            -           1650         0 3423.9   6.2   2   5   4.6e-05     0.034   10.2   0.0    31    81   122   173    96   187 0.75 putative helicase mug81 [Beauveria bassiana]
KAF1736825.1         -           1970 314at5125            -           1650         0 3423.9   6.2   3   5         0         0 3372.1   0.0    59  1577   194  1785   178  1812 0.97 putative helicase mug81 [Beauveria bassiana]
KAF1736825.1         -           1970 314at5125            -           1650         0 3423.9   6.2   4   5   1.3e-11   9.4e-09   32.0   0.2  1561  1625  1819  1891  1796  1894 0.66 putative helicase mug81 [Beauveria bassiana]
KAF1736825.1         -           1970 314at5125            -           1650         0 3423.9   6.2   5   5   0.00013       0.1    8.7   0.0  1625  1650  1924  1950  1915  1950 0.91 putative helicase mug81 [Beauveria bassiana]
KAF1739030.1         -           2202 314at5125            -           1650         0 1406.7   0.1   1   2         0         0 1405.4   0.0    71  1573   458  2008   454  2024 0.92 Pre-mRNA-splicing factor brr2 [Beauveria bassiana]
KAF1739030.1         -           2202 314at5125            -           1650         0 1406.7   0.1   2   2      0.31   2.3e+02   -2.5   0.0  1597  1625  2109  2140  2107  2149 0.80 Pre-mRNA-splicing factor brr2 [Beauveria bassiana]
KAF1734002.1         -           1272 314at5125            -           1650   6.5e-27   92.2   0.1   1   2   9.6e-16   7.1e-13   45.6   0.1   965  1146   306   479   294   489 0.80 putative ATP-dependent RNA helicase [Beauveria bassiana]
KAF1734002.1         -           1272 314at5125            -           1650   6.5e-27   92.2   0.1   2   2   2.3e-15   1.7e-12   44.4   0.0   413   507   662   754   583   761 0.61 putative ATP-dependent RNA helicase [Beauveria bassiana]
KAF1735340.1         -           1098 314at5125            -           1650   2.5e-24   83.6   0.0   1   2     1e-12   7.6e-10   35.6   0.0   969  1145   179   345   141   377 0.81 ATP-dependent RNA helicase mtr4 [Beauveria bassiana]
KAF1735340.1         -           1098 314at5125            -           1650   2.5e-24   83.6   0.0   2   2   8.7e-16   6.4e-13   45.8   0.0   371   527   425   592   390   608 0.70 ATP-dependent RNA helicase mtr4 [Beauveria bassiana]
KAF1736505.1         -            909 314at5125            -           1650   2.3e-13   47.3   0.1   1   3     0.054        40    0.1   0.0   968  1023   148   197   123   205 0.78 Helicase and polymerase-containing protein TEBICHI [Beauveria bassiana]
KAF1736505.1         -            909 314at5125            -           1650   2.3e-13   47.3   0.1   2   3   1.8e-10   1.3e-07   28.1   0.0   232   339   244   341   228   350 0.82 Helicase and polymerase-containing protein TEBICHI [Beauveria bassiana]
KAF1736505.1         -            909 314at5125            -           1650   2.3e-13   47.3   0.1   3   3   1.8e-06    0.0013   14.9   0.0   370   527   401   555   371   601 0.71 Helicase and polymerase-containing protein TEBICHI [Beauveria bassiana]
KAF1739328.1         -            698 314at5125            -           1650   2.5e-12   43.9   0.0   1   1   4.6e-15   3.4e-12   43.4   0.0   416   501   150   226   134   252 0.85 putative helicase [Beauveria bassiana]
KAF1731497.1         -            551 314at5125            -           1650   1.7e-06   24.5   0.0   1   1   3.5e-09   2.6e-06   23.9   0.0   973  1091   161   284   156   289 0.81 ATP-dependent RNA helicase DBP8 [Beauveria bassiana]
KAF1737994.1         -           1097 314at5125            -           1650   7.2e-06   22.4   0.0   1   1   1.4e-08     1e-05   21.9   0.0   945  1059   349   468   333   505 0.77 ATP-dependent helicase HRQ1 [Beauveria bassiana]
KAF1734719.1         -            472 314at5125            -           1650   7.1e-05   19.1   0.0   1   2   2.2e-07   0.00016   17.9   0.0   114   270    53   207    22   235 0.79 ATP-dependent rRNA helicase RRP3 [Beauveria bassiana]
KAF1734719.1         -            472 314at5125            -           1650   7.1e-05   19.1   0.0   2   2      0.29   2.2e+02   -2.4   0.0  1231  1282   312   363   305   373 0.82 ATP-dependent rRNA helicase RRP3 [Beauveria bassiana]
KAF1739327.1         -            963 314at5125            -           1650   8.5e-05   18.9   0.1   1   1   1.6e-07   0.00012   18.4   0.1   972  1124   734   891   719   916 0.75 putative helicase [Beauveria bassiana]
KAF1736288.1         -           1060 314at5125            -           1650   0.00015   18.0   0.0   1   1   3.2e-07   0.00024   17.4   0.0   970  1089   165   283   140   322 0.78 ATP-dependent DNA helicase MPH1 [Beauveria bassiana]
KAF1733325.1         -            600 314at5125            -           1650    0.0019   14.4   0.0   1   2   8.2e-06    0.0061   12.7   0.0   129   240   199   310   187   359 0.59 ATP-dependent RNA helicase DBP3 [Beauveria bassiana]
KAF1733325.1         -            600 314at5125            -           1650    0.0019   14.4   0.0   2   2      0.14     1e+02   -1.3   0.0  1236  1285   463   512   448   522 0.82 ATP-dependent RNA helicase DBP3 [Beauveria bassiana]
KAF1731090.1         -            504 314at5125            -           1650     0.019   11.1   0.0   1   2     0.059        44   -0.1   0.0   137   222    78   159    60   227 0.67 ATP-dependent RNA helicase DHH1 [Beauveria bassiana]
KAF1731090.1         -            504 314at5125            -           1650     0.019   11.1   0.0   2   2   0.00013     0.094    8.8   0.0   424   469   317   362   271   374 0.81 ATP-dependent RNA helicase DHH1 [Beauveria bassiana]
KAF1729980.1         -            497 314at5125            -           1650      0.02   11.0   0.0   1   2   0.00089      0.66    6.0   0.0   148   273   119   239    86   280 0.78 ATP-dependent RNA helicase DBP5 [Beauveria bassiana]
KAF1729980.1         -            497 314at5125            -           1650      0.02   11.0   0.0   2   2    0.0065       4.8    3.1   0.0   408   470   331   395   319   466 0.71 ATP-dependent RNA helicase DBP5 [Beauveria bassiana]
#
# Program:         hmmsearch
# Version:         3.1b2 (February 2015)
# Pipeline mode:   SEARCH
# Query file:      /home/zack/funannotate_db/hypocreales_odb10/hmms/314at5125.hmm
# Target file:     /home/zack/Desktop/IsariaPreferralGenome/MyGenomeSubmittedToNCBI/HypocrealesProteinSets/Bbassiana_ERL836_protein.faa
# Option settings: hmmsearch --domtblout /home/zack/Desktop/IsariaPreferralGenome/MyGenomeSubmittedToNCBI/HypocrealesProteinSets/BUSCO_AA_all/BUSCO_AA_Bbassiana_ERL836/run_hypocreales_odb10/hmmer_output/initial_run_results/314at5125.out --cpu 1 /home/zack/funannotate_db/hypocreales_odb10/hmms/314at5125.hmm /home/zack/Desktop/IsariaPreferralGenome/MyGenomeSubmittedToNCBI/HypocrealesProteinSets/Bbassiana_ERL836_protein.faa 
# Current dir:     /home/zack/Desktop/IsariaPreferralGenome/MyGenomeSubmittedToNCBI/HypocrealesProteinSets/BUSCO_AA_all
# Date:            Mon Mar  4 14:20:50 2024
# [ok]
