#                                                                            --- full sequence --- -------------- this domain -------------   hmm coord   ali coord   env coord
# target name        accession   tlen query name           accession   qlen   E-value  score  bias   #  of  c-Evalue  i-Evalue  score  bias  from    to  from    to  from    to  acc description of target
#------------------- ---------- ----- -------------------- ---------- ----- --------- ------ ----- --- --- --------- --------- ------ ----- ----- ----- ----- ----- ----- ----- ---- ---------------------
KAF1737097.1         -            481 31827at5125          -            341    2e-145  483.3   0.3   1   2  8.7e-129  2.3e-125  417.3   0.0     8   268    71   361    64   390 0.87 Ubiquitin carboxyl-terminal hydrolase isozyme L5 [Beauveria bassiana]
KAF1737097.1         -            481 31827at5125          -            341    2e-145  483.3   0.3   2   2   5.5e-21   1.4e-17   62.8   0.2   282   341   416   480   400   480 0.86 Ubiquitin carboxyl-terminal hydrolase isozyme L5 [Beauveria bassiana]
KAF1730890.1         -            323 31827at5125          -            341   1.5e-37  128.6   1.1   1   1   1.3e-37   3.4e-34  117.5   1.1    44   245     8   235     5   258 0.77 Ubiquitin carboxyl-terminal hydrolase 2 [Beauveria bassiana]
KAF1730720.1         -            252 31827at5125          -            341   6.1e-14   50.9   0.0   1   3   1.7e-07   0.00044   18.5   0.0    30    78    17    67    11    82 0.82 Ubiquitin carboxyl-terminal hydrolase isozyme L3 [Beauveria bassiana]
KAF1730720.1         -            252 31827at5125          -            341   6.1e-14   50.9   0.0   2   3   6.4e-05      0.17   10.0   0.0    82   157    96   173    90   178 0.82 Ubiquitin carboxyl-terminal hydrolase isozyme L3 [Beauveria bassiana]
KAF1730720.1         -            252 31827at5125          -            341   6.1e-14   50.9   0.0   3   3   4.9e-08   0.00013   20.3   0.1   172   211   169   209   159   213 0.74 Ubiquitin carboxyl-terminal hydrolase isozyme L3 [Beauveria bassiana]
KAF1735521.1         -            247 31827at5125          -            341   4.4e-08   31.6   0.0   1   2   3.6e-06    0.0094   14.1   0.0    27   149    13   159     4   164 0.69 Ubiquitin carboxyl-terminal hydrolase isozyme L3 [Beauveria bassiana]
KAF1735521.1         -            247 31827at5125          -            341   4.4e-08   31.6   0.0   2   2   2.9e-05     0.075   11.2   0.0   170   213   161   205   143   214 0.76 Ubiquitin carboxyl-terminal hydrolase isozyme L3 [Beauveria bassiana]
#
# Program:         hmmsearch
# Version:         3.1b2 (February 2015)
# Pipeline mode:   SEARCH
# Query file:      /home/zack/funannotate_db/hypocreales_odb10/hmms/31827at5125.hmm
# Target file:     /home/zack/Desktop/IsariaPreferralGenome/MyGenomeSubmittedToNCBI/HypocrealesProteinSets/Bbassiana_ERL836_protein.faa
# Option settings: hmmsearch --domtblout /home/zack/Desktop/IsariaPreferralGenome/MyGenomeSubmittedToNCBI/HypocrealesProteinSets/BUSCO_AA_all/BUSCO_AA_Bbassiana_ERL836/run_hypocreales_odb10/hmmer_output/initial_run_results/31827at5125.out --cpu 1 /home/zack/funannotate_db/hypocreales_odb10/hmms/31827at5125.hmm /home/zack/Desktop/IsariaPreferralGenome/MyGenomeSubmittedToNCBI/HypocrealesProteinSets/Bbassiana_ERL836_protein.faa 
# Current dir:     /home/zack/Desktop/IsariaPreferralGenome/MyGenomeSubmittedToNCBI/HypocrealesProteinSets/BUSCO_AA_all
# Date:            Mon Mar  4 14:20:56 2024
# [ok]
