#                                                                            --- full sequence --- -------------- this domain -------------   hmm coord   ali coord   env coord
# target name        accession   tlen query name           accession   qlen   E-value  score  bias   #  of  c-Evalue  i-Evalue  score  bias  from    to  from    to  from    to  acc description of target
#------------------- ---------- ----- -------------------- ---------- ----- --------- ------ ----- --- --- --------- --------- ------ ----- ----- ----- ----- ----- ----- ----- ---- ---------------------
KAF1736361.1         -            466 32823at5125          -            408  8.8e-228  755.3   5.6   1   2  1.3e-225  1.4e-223  741.4   2.7     1   391     1   415     1   424 0.94 Nuclear distribution protein PAC1-1 [Beauveria bassiana]
KAF1736361.1         -            466 32823at5125          -            408  8.8e-228  755.3   5.6   2   2   5.5e-05     0.006   14.8   0.0   389   408   446   465   438   465 0.93 Nuclear distribution protein PAC1-1 [Beauveria bassiana]
KAF1735452.1         -            448 32823at5125          -            408  9.8e-162  537.7   8.0   1   2  2.9e-160  3.2e-158  526.2   4.5    26   393    12   404     5   411 0.91 Nuclear distribution protein PAC1-2 [Beauveria bassiana]
KAF1735452.1         -            448 32823at5125          -            408  9.8e-162  537.7   8.0   2   2    0.0057      0.63    8.1   0.1   390   408   428   446   423   446 0.90 Nuclear distribution protein PAC1-2 [Beauveria bassiana]
KAF1731652.1         -            513 32823at5125          -            408   2.5e-40  137.9   4.0   1   3   2.4e-15   2.6e-13   48.9   0.1   179   269   145   234   141   243 0.91 WD repeat-containing protein 5 [Beauveria bassiana]
KAF1731652.1         -            513 32823at5125          -            408   2.5e-40  137.9   4.0   2   3   1.7e-22   1.9e-20   72.4   0.2   102   234   252   383   247   383 0.91 WD repeat-containing protein 5 [Beauveria bassiana]
KAF1731652.1         -            513 32823at5125          -            408   2.5e-40  137.9   4.0   3   3   0.00073      0.08   11.1   0.1   206   259   401   454   397   461 0.59 WD repeat-containing protein 5 [Beauveria bassiana]
KAF1733401.1         -            592 32823at5125          -            408   2.1e-38  131.5   6.3   1   4    0.0002     0.021   13.0   0.1   188   250   287   353   279   355 0.81 Transcriptional repressor rco-1 [Beauveria bassiana]
KAF1733401.1         -            592 32823at5125          -            408   2.1e-38  131.5   6.3   2   4   1.4e-21   1.6e-19   69.4   0.3   109   266   340   498   339   504 0.89 Transcriptional repressor rco-1 [Beauveria bassiana]
KAF1733401.1         -            592 32823at5125          -            408   2.1e-38  131.5   6.3   3   4   8.3e-13   9.1e-11   40.5   0.0   305   389   429   528   417   530 0.80 Transcriptional repressor rco-1 [Beauveria bassiana]
KAF1733401.1         -            592 32823at5125          -            408   2.1e-38  131.5   6.3   4   4   1.2e-10   1.3e-08   33.5   0.0   181   260   509   587   501   590 0.70 Transcriptional repressor rco-1 [Beauveria bassiana]
KAF1735309.1         -            861 32823at5125          -            408   1.1e-37  129.3  17.6   1   5   1.5e-05    0.0016   16.7   0.0   182   254    70   137    62   142 0.82 putative U3 small nucleolar RNA-associated protein 13 [Beauveria bassiana]
KAF1735309.1         -            861 32823at5125          -            408   1.1e-37  129.3  17.6   2   5   7.4e-11   8.1e-09   34.1   0.2   121   225   156   257   148   297 0.89 putative U3 small nucleolar RNA-associated protein 13 [Beauveria bassiana]
KAF1735309.1         -            861 32823at5125          -            408   1.1e-37  129.3  17.6   3   5    0.0011      0.12   10.5   0.5   138   197   371   434   345   447 0.80 putative U3 small nucleolar RNA-associated protein 13 [Beauveria bassiana]
KAF1735309.1         -            861 32823at5125          -            408   1.1e-37  129.3  17.6   4   5   4.3e-12   4.7e-10   38.2   2.5   230   389   377   547   375   555 0.78 putative U3 small nucleolar RNA-associated protein 13 [Beauveria bassiana]
KAF1735309.1         -            861 32823at5125          -            408   1.1e-37  129.3  17.6   5   5   6.7e-20   7.3e-18   63.9   4.5   102   267   491   677   489   686 0.80 putative U3 small nucleolar RNA-associated protein 13 [Beauveria bassiana]
KAF1732231.1         -            622 32823at5125          -            408   1.9e-37  128.4   8.6   1   3   1.1e-11   1.2e-09   36.9   0.0    97   162   282   345   275   346 0.89 putative E3 ubiquitin ligase complex SCF subunit scon-2 [Beauveria bassiana]
KAF1732231.1         -            622 32823at5125          -            408   1.9e-37  128.4   8.6   2   3   8.2e-20     9e-18   63.6   2.7   119   240   342   458   340   464 0.90 putative E3 ubiquitin ligase complex SCF subunit scon-2 [Beauveria bassiana]
KAF1732231.1         -            622 32823at5125          -            408   1.9e-37  128.4   8.6   3   3   9.5e-10     1e-07   30.5   0.1   309   407   514   608   491   609 0.88 putative E3 ubiquitin ligase complex SCF subunit scon-2 [Beauveria bassiana]
KAF1731386.1         -            960 32823at5125          -            408   1.2e-33  115.9  17.5   1   4   8.5e-12   9.4e-10   37.2   2.4   107   264    68   247    55   254 0.76 U3 small nucleolar RNA-associated protein 12 [Beauveria bassiana]
KAF1731386.1         -            960 32823at5125          -            408   1.2e-33  115.9  17.5   2   4    0.0039      0.42    8.7   0.1   188   233   423   465   411   497 0.66 U3 small nucleolar RNA-associated protein 12 [Beauveria bassiana]
KAF1731386.1         -            960 32823at5125          -            408   1.2e-33  115.9  17.5   3   4   0.00033     0.036   12.2   0.1   314   366   482   535   471   553 0.61 U3 small nucleolar RNA-associated protein 12 [Beauveria bassiana]
KAF1731386.1         -            960 32823at5125          -            408   1.2e-33  115.9  17.5   4   4   3.7e-19     4e-17   61.5   1.1   107   262   564   723   545   728 0.88 U3 small nucleolar RNA-associated protein 12 [Beauveria bassiana]
KAF1732948.1         -           1069 32823at5125          -            408   1.8e-32  112.0  14.0   1   6   2.7e-05     0.003   15.8   0.1    95   158   680   742   666   743 0.83 Cell division control protein 4 [Beauveria bassiana]
KAF1732948.1         -           1069 32823at5125          -            408   1.8e-32  112.0  14.0   2   6   2.4e-07   2.6e-05   22.5   0.0   203   239   741   777   739   790 0.89 Cell division control protein 4 [Beauveria bassiana]
KAF1732948.1         -           1069 32823at5125          -            408   1.8e-32  112.0  14.0   3   6       8.3     9e+02   -2.3   0.0   310   323   802   815   792   819 0.67 Cell division control protein 4 [Beauveria bassiana]
KAF1732948.1         -           1069 32823at5125          -            408   1.8e-32  112.0  14.0   4   6   1.8e-10     2e-08   32.8   0.7   182   241   840   895   817   901 0.88 Cell division control protein 4 [Beauveria bassiana]
KAF1732948.1         -           1069 32823at5125          -            408   1.8e-32  112.0  14.0   5   6   9.8e-05     0.011   14.0   0.0   205   236   901   932   895   942 0.89 Cell division control protein 4 [Beauveria bassiana]
KAF1732948.1         -           1069 32823at5125          -            408   1.8e-32  112.0  14.0   6   6     6e-11   6.6e-09   34.4   0.1   206   264   942   998   935  1008 0.92 Cell division control protein 4 [Beauveria bassiana]
KAF1734480.1         -            318 32823at5125          -            408   2.2e-31  108.4  13.4   1   3   5.9e-15   6.4e-13   47.6   0.6   185   276    10   105     2   106 0.83 Guanine nucleotide-binding protein subunit beta-like protein [Beauveria bassiana]
KAF1734480.1         -            318 32823at5125          -            408   2.2e-31  108.4  13.4   2   3   3.1e-21   3.4e-19   68.3   3.3   127   265    84   224    83   231 0.94 Guanine nucleotide-binding protein subunit beta-like protein [Beauveria bassiana]
KAF1734480.1         -            318 32823at5125          -            408   2.2e-31  108.4  13.4   3   3   0.00022     0.024   12.8   0.0   312   374   208   269   206   298 0.85 Guanine nucleotide-binding protein subunit beta-like protein [Beauveria bassiana]
KAF1737018.1         -           1219 32823at5125          -            408   3.3e-30  104.6   7.2   1   3     2e-07   2.2e-05   22.8   0.0   102   175    11    85     4    89 0.91 putative coatomer subunit alpha [Beauveria bassiana]
KAF1737018.1         -           1219 32823at5125          -            408   3.3e-30  104.6   7.2   2   3   8.7e-16   9.5e-14   50.3   1.2   311   407    72   168    67   169 0.92 putative coatomer subunit alpha [Beauveria bassiana]
KAF1737018.1         -           1219 32823at5125          -            408   3.3e-30  104.6   7.2   3   3   5.1e-07   5.6e-05   21.5   0.1   331   394   253   316   244   328 0.84 putative coatomer subunit alpha [Beauveria bassiana]
KAF1739103.1         -            677 32823at5125          -            408   4.1e-30  104.3  11.5   1   4   1.5e-09   1.7e-07   29.8   0.6   159   240   294   369   268   376 0.64 F-box/WD repeat-containing protein 7 [Beauveria bassiana]
KAF1739103.1         -            677 32823at5125          -            408   4.1e-30  104.3  11.5   2   4     9e-11   9.9e-09   33.8   0.7   194   264   364   433   363   438 0.91 F-box/WD repeat-containing protein 7 [Beauveria bassiana]
KAF1739103.1         -            677 32823at5125          -            408   4.1e-30  104.3  11.5   3   4   2.8e-06   0.00031   19.0   0.1   195   255   406   463   405   464 0.83 F-box/WD repeat-containing protein 7 [Beauveria bassiana]
KAF1739103.1         -            677 32823at5125          -            408   4.1e-30  104.3  11.5   4   4   1.8e-15     2e-13   49.3   0.5   100   242   438   572   434   600 0.84 F-box/WD repeat-containing protein 7 [Beauveria bassiana]
KAF1730287.1         -            473 32823at5125          -            408   5.9e-29  100.4   4.1   1   2   3.6e-25     4e-23   81.2   1.6    95   265   153   322   122   326 0.86 Pre-mRNA-splicing factor prp46 [Beauveria bassiana]
KAF1730287.1         -            473 32823at5125          -            408   5.9e-29  100.4   4.1   2   2   1.7e-06   0.00018   19.8   0.0   101   221   327   451   321   456 0.84 Pre-mRNA-splicing factor prp46 [Beauveria bassiana]
KAF1739339.1         -            354 32823at5125          -            408   1.9e-27   95.5   1.8   1   3   7.4e-16   8.1e-14   50.6   0.1    79   228    36   184    23   202 0.84 Pre-mRNA-splicing factor cwf17 [Beauveria bassiana]
KAF1739339.1         -            354 32823at5125          -            408   1.9e-27   95.5   1.8   2   3   2.8e-09   3.1e-07   28.9   0.1   308   366   201   260   191   263 0.85 Pre-mRNA-splicing factor cwf17 [Beauveria bassiana]
KAF1739339.1         -            354 32823at5125          -            408   1.9e-27   95.5   1.8   3   3   5.3e-06   0.00058   18.1   0.0   164   259   248   349   246   353 0.77 Pre-mRNA-splicing factor cwf17 [Beauveria bassiana]
KAF1732267.1         -            722 32823at5125          -            408   2.2e-27   95.3   9.5   1   4   0.00016     0.018   13.2   0.0   187   227   365   401   351   420 0.63 Beta-TrCP [Beauveria bassiana]
KAF1732267.1         -            722 32823at5125          -            408   2.2e-27   95.3   9.5   2   4   3.4e-09   3.7e-07   28.6   0.3   147   240   450   538   445   541 0.83 Beta-TrCP [Beauveria bassiana]
KAF1732267.1         -            722 32823at5125          -            408   2.2e-27   95.3   9.5   3   4   1.2e-22   1.3e-20   73.0   2.9   120   263   504   645   500   649 0.88 Beta-TrCP [Beauveria bassiana]
KAF1732267.1         -            722 32823at5125          -            408   2.2e-27   95.3   9.5   4   4     0.002      0.22    9.6   0.2   199   254   623   676   612   684 0.67 Beta-TrCP [Beauveria bassiana]
KAF1737531.1         -            657 32823at5125          -            408   3.5e-27   94.6   1.6   1   4   3.2e-12   3.5e-10   38.6   0.0    98   268   309   392   286   416 0.60 Mitochondrial division protein 1 [Beauveria bassiana]
KAF1737531.1         -            657 32823at5125          -            408   3.5e-27   94.6   1.6   2   4   1.3e-06   0.00014   20.1   0.0   335   377   434   474   423   480 0.78 Mitochondrial division protein 1 [Beauveria bassiana]
KAF1737531.1         -            657 32823at5125          -            408   3.5e-27   94.6   1.6   3   4   4.1e-05    0.0044   15.2   0.0   116   158   511   553   475   557 0.71 Mitochondrial division protein 1 [Beauveria bassiana]
KAF1737531.1         -            657 32823at5125          -            408   3.5e-27   94.6   1.6   4   4   8.3e-06   0.00091   17.5   0.1   310   370   555   613   552   626 0.90 Mitochondrial division protein 1 [Beauveria bassiana]
KAF1736336.1         -            517 32823at5125          -            408     8e-27   93.4   9.6   1   4   5.6e-11   6.1e-09   34.5   0.0   305   370   254   320   228   322 0.88 putative WD repeat-containing protein [Beauveria bassiana]
KAF1736336.1         -            517 32823at5125          -            408     8e-27   93.4   9.6   2   4   4.8e-16   5.2e-14   51.2   2.1   121   262   260   404   260   405 0.87 putative WD repeat-containing protein [Beauveria bassiana]
KAF1736336.1         -            517 32823at5125          -            408     8e-27   93.4   9.6   3   4    0.0016      0.18    9.9   0.3   335   388   373   426   371   430 0.90 putative WD repeat-containing protein [Beauveria bassiana]
KAF1736336.1         -            517 32823at5125          -            408     8e-27   93.4   9.6   4   4   9.2e-09     1e-06   27.2   0.2   199   261   447   510   444   515 0.94 putative WD repeat-containing protein [Beauveria bassiana]
KAF1739192.1         -           1540 32823at5125          -            408   1.4e-25   89.3  17.2   1   7   0.00032     0.035   12.3   0.2   224   263   693   732   684   741 0.56 Vegetative incompatibility protein HET-E-1 [Beauveria bassiana]
KAF1739192.1         -           1540 32823at5125          -            408   1.4e-25   89.3  17.2   2   7    0.0023      0.25    9.4   0.0   207   267   774   834   766   855 0.83 Vegetative incompatibility protein HET-E-1 [Beauveria bassiana]
KAF1739192.1         -           1540 32823at5125          -            408   1.4e-25   89.3  17.2   3   7      0.65        71    1.4   0.0   236   269   847   880   841   884 0.81 Vegetative incompatibility protein HET-E-1 [Beauveria bassiana]
KAF1739192.1         -           1540 32823at5125          -            408   1.4e-25   89.3  17.2   4   7   1.4e-12   1.5e-10   39.8   0.2   335   407   976  1047   969  1048 0.96 Vegetative incompatibility protein HET-E-1 [Beauveria bassiana]
KAF1739192.1         -           1540 32823at5125          -            408   1.4e-25   89.3  17.2   5   7      0.12        13    3.8   0.2   184   223  1080  1126  1071  1147 0.65 Vegetative incompatibility protein HET-E-1 [Beauveria bassiana]
KAF1739192.1         -           1540 32823at5125          -            408   1.4e-25   89.3  17.2   6   7   2.6e-06   0.00028   19.1   0.2   187   264  1158  1237  1138  1245 0.60 Vegetative incompatibility protein HET-E-1 [Beauveria bassiana]
KAF1739192.1         -           1540 32823at5125          -            408   1.4e-25   89.3  17.2   7   7    0.0031      0.34    9.0   0.0   307   373  1324  1395  1281  1407 0.77 Vegetative incompatibility protein HET-E-1 [Beauveria bassiana]
KAF1738810.1         -            859 32823at5125          -            408     2e-25   88.8   3.3   1   2   2.2e-16   2.4e-14   52.3   0.4   306   407    65   168     4   169 0.88 Coatomer subunit beta' [Beauveria bassiana]
KAF1738810.1         -            859 32823at5125          -            408     2e-25   88.8   3.3   2   2   1.9e-14     2e-12   46.0   0.4   119   231   154   267   146   303 0.77 Coatomer subunit beta' [Beauveria bassiana]
KAF1730428.1         -            623 32823at5125          -            408   2.6e-25   88.4   9.0   1   3   2.4e-05    0.0026   16.0   0.1    86   189    75   178    66   179 0.84 Polyadenylation factor subunit 2 [Beauveria bassiana]
KAF1730428.1         -            623 32823at5125          -            408   2.6e-25   88.4   9.0   2   3   3.3e-22   3.6e-20   71.5   1.8    93   260   165   332   163   340 0.89 Polyadenylation factor subunit 2 [Beauveria bassiana]
KAF1730428.1         -            623 32823at5125          -            408   2.6e-25   88.4   9.0   3   3     0.024       2.7    6.1   0.1   332   368   371   407   362   420 0.85 Polyadenylation factor subunit 2 [Beauveria bassiana]
KAF1734987.1         -            751 32823at5125          -            408     4e-24   84.5   6.6   1   4      0.45        50    1.9   0.0   304   338   384   418   362   446 0.56 Transcription initiation factor TFIID subunit 5 [Beauveria bassiana]
KAF1734987.1         -            751 32823at5125          -            408     4e-24   84.5   6.6   2   4    0.0015      0.16   10.1   0.1   349   389   465   505   440   509 0.85 Transcription initiation factor TFIID subunit 5 [Beauveria bassiana]
KAF1734987.1         -            751 32823at5125          -            408     4e-24   84.5   6.6   3   4   8.6e-18   9.4e-16   57.0   0.1   309   392   508   594   500   599 0.90 Transcription initiation factor TFIID subunit 5 [Beauveria bassiana]
KAF1734987.1         -            751 32823at5125          -            408     4e-24   84.5   6.6   4   4   3.4e-06   0.00037   18.8   0.1   203   318   592   709   590   715 0.73 Transcription initiation factor TFIID subunit 5 [Beauveria bassiana]
KAF1739766.1         -            359 32823at5125          -            408   9.8e-24   83.2   8.2   1   4   3.1e-08   3.4e-06   25.5   0.2   180   257    61   136    54   148 0.88 Guanine nucleotide-binding protein subunit beta [Beauveria bassiana]
KAF1739766.1         -            359 32823at5125          -            408   9.8e-24   83.2   8.2   2   4     5e-07   5.5e-05   21.5   0.2   183   262   153   231   147   231 0.85 Guanine nucleotide-binding protein subunit beta [Beauveria bassiana]
KAF1739766.1         -            359 32823at5125          -            408   9.8e-24   83.2   8.2   3   4   2.5e-09   2.7e-07   29.1   0.0   311   373   217   280   208   289 0.87 Guanine nucleotide-binding protein subunit beta [Beauveria bassiana]
KAF1739766.1         -            359 32823at5125          -            408   9.8e-24   83.2   8.2   4   4   6.5e-06   0.00071   17.8   0.2   341   408   292   358   289   358 0.69 Guanine nucleotide-binding protein subunit beta [Beauveria bassiana]
KAF1735786.1         -            970 32823at5125          -            408   1.6e-23   82.6   0.8   1   2   7.1e-09   7.8e-07   27.6   0.0    98   175   358   437   356   440 0.88 F-box/WD repeat-containing protein pof11 [Beauveria bassiana]
KAF1735786.1         -            970 32823at5125          -            408   1.6e-23   82.6   0.8   2   2   9.4e-13     1e-10   40.4   0.1   144   242   483   575   476   590 0.91 F-box/WD repeat-containing protein pof11 [Beauveria bassiana]
KAF1735847.1         -            494 32823at5125          -            408   5.6e-23   80.8  10.3   1   3   4.3e-13   4.7e-11   41.5   1.7    98   264   175   342   164   349 0.81 Transcriptional repressor rco-1 [Beauveria bassiana]
KAF1735847.1         -            494 32823at5125          -            408   5.6e-23   80.8  10.3   2   3   0.00011     0.012   13.8   0.0   104   134   354   385   352   393 0.87 Transcriptional repressor rco-1 [Beauveria bassiana]
KAF1735847.1         -            494 32823at5125          -            408   5.6e-23   80.8  10.3   3   3   2.1e-08   2.3e-06   26.0   0.3    99   175   412   487   385   493 0.63 Transcriptional repressor rco-1 [Beauveria bassiana]
KAF1737447.1         -            522 32823at5125          -            408   6.1e-23   80.6   3.2   1   5   0.00017     0.018   13.2   0.0   181   221   220   259   182   262 0.84 Pre-mRNA-processing factor 17 [Beauveria bassiana]
KAF1737447.1         -            522 32823at5125          -            408   6.1e-23   80.6   3.2   2   5   2.1e-12   2.3e-10   39.2   0.1   146   245   227   327   223   330 0.83 Pre-mRNA-processing factor 17 [Beauveria bassiana]
KAF1737447.1         -            522 32823at5125          -            408   6.1e-23   80.6   3.2   3   5   5.7e-06   0.00062   18.0   0.0   302   369   324   393   320   409 0.78 Pre-mRNA-processing factor 17 [Beauveria bassiana]
KAF1737447.1         -            522 32823at5125          -            408   6.1e-23   80.6   3.2   4   5       1.5   1.6e+02    0.2   0.0   344   364   411   431   396   450 0.72 Pre-mRNA-processing factor 17 [Beauveria bassiana]
KAF1737447.1         -            522 32823at5125          -            408   6.1e-23   80.6   3.2   5   5   8.3e-07     9e-05   20.8   0.3   326   407   438   521   411   522 0.78 Pre-mRNA-processing factor 17 [Beauveria bassiana]
KAF1731110.1         -            835 32823at5125          -            408   5.7e-21   74.1  13.2   1   5   1.4e-06   0.00015   20.1   0.0   161   222    29    94    13    99 0.77 Elongator complex protein 2 [Beauveria bassiana]
KAF1731110.1         -            835 32823at5125          -            408   5.7e-21   74.1  13.2   2   5   5.2e-10   5.7e-08   31.3   0.3   100   225   104   252    95   294 0.70 Elongator complex protein 2 [Beauveria bassiana]
KAF1731110.1         -            835 32823at5125          -            408   5.7e-21   74.1  13.2   3   5     0.016       1.7    6.7   0.1   333   366   297   333   290   349 0.54 Elongator complex protein 2 [Beauveria bassiana]
KAF1731110.1         -            835 32823at5125          -            408   5.7e-21   74.1  13.2   4   5    0.0031      0.34    9.0   0.2   329   363   401   434   368   483 0.67 Elongator complex protein 2 [Beauveria bassiana]
KAF1731110.1         -            835 32823at5125          -            408   5.7e-21   74.1  13.2   5   5   0.00032     0.035   12.3   0.1   186   327   578   721   569   727 0.81 Elongator complex protein 2 [Beauveria bassiana]
KAF1731234.1         -            898 32823at5125          -            408     6e-21   74.1   2.8   1   3    0.0011      0.12   10.5   0.0   229   277   146   196   140   225 0.76 Periodic tryptophan protein 2 [Beauveria bassiana]
KAF1731234.1         -            898 32823at5125          -            408     6e-21   74.1   2.8   2   3       8.6   9.4e+02   -2.3   0.0   100   123   254   277   240   289 0.65 Periodic tryptophan protein 2 [Beauveria bassiana]
KAF1731234.1         -            898 32823at5125          -            408     6e-21   74.1   2.8   3   3   2.7e-19     3e-17   61.9   0.4   101   285   340   525   316   605 0.84 Periodic tryptophan protein 2 [Beauveria bassiana]
KAF1737591.1         -            211 32823at5125          -            408   8.6e-19   67.0   0.8   1   2   9.8e-13   1.1e-10   40.3   0.1   129   238    33   140     8   146 0.78 putative WD repeat-containing protein [Beauveria bassiana]
KAF1737591.1         -            211 32823at5125          -            408   8.6e-19   67.0   0.8   2   2   1.2e-08   1.3e-06   26.9   0.1   195   262   138   208   137   210 0.75 putative WD repeat-containing protein [Beauveria bassiana]
KAF1732869.1         -            539 32823at5125          -            408     1e-18   66.7   1.6   1   3      0.15        16    3.5   0.1   196   259    44   106    40   116 0.83 U3 small nucleolar RNA-associated protein 15 [Beauveria bassiana]
KAF1732869.1         -            539 32823at5125          -            408     1e-18   66.7   1.6   2   3   3.5e-08   3.9e-06   25.3   0.1   319   388   105   176    95   179 0.65 U3 small nucleolar RNA-associated protein 15 [Beauveria bassiana]
KAF1732869.1         -            539 32823at5125          -            408     1e-18   66.7   1.6   3   3   7.9e-12   8.6e-10   37.3   0.0   306   407   179   280   176   281 0.90 U3 small nucleolar RNA-associated protein 15 [Beauveria bassiana]
KAF1736128.1         -            786 32823at5125          -            408   5.8e-18   64.2   1.0   1   4     5e-08   5.5e-06   24.8   0.1   301   407    69   178    58   179 0.86 Ubiquitin homeostasis protein lub1 [Beauveria bassiana]
KAF1736128.1         -            786 32823at5125          -            408   5.8e-18   64.2   1.0   2   4      0.05       5.4    5.0   0.1   332   371   146   185   140   196 0.73 Ubiquitin homeostasis protein lub1 [Beauveria bassiana]
KAF1736128.1         -            786 32823at5125          -            408   5.8e-18   64.2   1.0   3   4   2.3e-09   2.5e-07   29.2   0.0   301   375   207   277   190   309 0.80 Ubiquitin homeostasis protein lub1 [Beauveria bassiana]
KAF1736128.1         -            786 32823at5125          -            408   5.8e-18   64.2   1.0   4   4       4.5   4.9e+02   -1.4   0.0   108   134   283   309   275   332 0.79 Ubiquitin homeostasis protein lub1 [Beauveria bassiana]
KAF1734063.1         -            306 32823at5125          -            408   8.7e-18   63.7   8.9   1   3   7.3e-11     8e-09   34.1   0.0   151   220    15    86     6    89 0.85 Protein transport protein sec13 [Beauveria bassiana]
KAF1734063.1         -            306 32823at5125          -            408   8.7e-18   63.7   8.9   2   3     0.012       1.3    7.1   0.0   176   220    90   134    86   170 0.84 Protein transport protein sec13 [Beauveria bassiana]
KAF1734063.1         -            306 32823at5125          -            408   8.7e-18   63.7   8.9   3   3   3.2e-07   3.5e-05   22.1   5.0   158   261   177   291   173   299 0.73 Protein transport protein sec13 [Beauveria bassiana]
KAF1739318.1         -            966 32823at5125          -            408   9.8e-17   60.2   2.3   1   2   9.1e-08     1e-05   23.9   1.1    88   222     8   154     2   162 0.77 UBP9-binding protein [Beauveria bassiana]
KAF1739318.1         -            966 32823at5125          -            408   9.8e-17   60.2   2.3   2   2   3.9e-11   4.3e-09   35.0   0.0   310   385   184   260   176   269 0.93 UBP9-binding protein [Beauveria bassiana]
KAF1734362.1         -            225 32823at5125          -            408   9.9e-17   60.2   1.0   1   2   2.4e-18   2.7e-16   58.8   1.0   129   264    79   210    69   213 0.85 F-box/WD repeat-containing protein 7 [Beauveria bassiana]
KAF1734362.1         -            225 32823at5125          -            408   9.9e-17   60.2   1.0   2   2    0.0085      0.94    7.6   0.0   195   230   183   217   182   222 0.84 F-box/WD repeat-containing protein 7 [Beauveria bassiana]
KAF1729848.1         -            445 32823at5125          -            408   1.9e-16   59.3   3.6   1   3   1.7e-08   1.9e-06   26.3   0.1   104   177    64   138    37   149 0.91 Protein sof1 [Beauveria bassiana]
KAF1729848.1         -            445 32823at5125          -            408   1.9e-16   59.3   3.6   2   3      0.17        19    3.3   0.0   149   176   197   226   148   241 0.61 Protein sof1 [Beauveria bassiana]
KAF1729848.1         -            445 32823at5125          -            408   1.9e-16   59.3   3.6   3   3   3.1e-09   3.4e-07   28.8   0.2   308   407   251   352   238   353 0.88 Protein sof1 [Beauveria bassiana]
KAF1730216.1         -            311 32823at5125          -            408   2.9e-16   58.6   0.6   1   2   6.2e-10   6.8e-08   31.1   0.0   160   250    53   142    31   176 0.72 THO complex subunit 3 [Beauveria bassiana]
KAF1730216.1         -            311 32823at5125          -            408   2.9e-16   58.6   0.6   2   2   2.1e-08   2.3e-06   26.0   0.1   185   255   230   298   220   310 0.83 THO complex subunit 3 [Beauveria bassiana]
KAF1731518.1         -            584 32823at5125          -            408   6.8e-16   57.4   0.1   1   1   1.5e-17   1.6e-15   56.2   0.1   144   269    77   215    40   229 0.83 Coronin-like protein crn1 [Beauveria bassiana]
KAF1731155.1         -            610 32823at5125          -            408   1.6e-15   56.2  14.1   1   4     0.032       3.5    5.7   0.0   104   256    59   213    41   219 0.74 putative WD repeat-containing protein C9G1.05 [Beauveria bassiana]
KAF1731155.1         -            610 32823at5125          -            408   1.6e-15   56.2  14.1   2   4   1.4e-06   0.00016   20.0   0.1   144   265   144   267   122   282 0.67 putative WD repeat-containing protein C9G1.05 [Beauveria bassiana]
KAF1731155.1         -            610 32823at5125          -            408   1.6e-15   56.2  14.1   3   4   2.9e-07   3.1e-05   22.3   5.8   181   407   317   560   310   561 0.77 putative WD repeat-containing protein C9G1.05 [Beauveria bassiana]
KAF1731155.1         -            610 32823at5125          -            408   1.6e-15   56.2  14.1   4   4   1.8e-08   1.9e-06   26.3   2.7   102   222   486   607   481   609 0.80 putative WD repeat-containing protein C9G1.05 [Beauveria bassiana]
KAF1735842.1         -            230 32823at5125          -            408   3.3e-15   55.2   1.1   1   2   7.9e-06   0.00086   17.6   0.0   161   256    34   131    24   140 0.78 Meiotic recombination protein rec14 [Beauveria bassiana]
KAF1735842.1         -            230 32823at5125          -            408   3.3e-15   55.2   1.1   2   2   4.3e-12   4.7e-10   38.2   0.4   315   392   129   207   122   224 0.87 Meiotic recombination protein rec14 [Beauveria bassiana]
KAF1735155.1         -            438 32823at5125          -            408   5.2e-15   54.5   3.2   1   3     0.012       1.4    7.0   0.0   105   144   190   230   175   249 0.57 Histone acetyltransferase type B subunit 2 [Beauveria bassiana]
KAF1735155.1         -            438 32823at5125          -            408   5.2e-15   54.5   3.2   2   3   1.1e-14   1.2e-12   46.8   0.4    99   221   235   362   222   366 0.82 Histone acetyltransferase type B subunit 2 [Beauveria bassiana]
KAF1735155.1         -            438 32823at5125          -            408   5.2e-15   54.5   3.2   3   3      0.91        99    0.9   0.0   146   178   387   421   380   426 0.63 Histone acetyltransferase type B subunit 2 [Beauveria bassiana]
KAF1735397.1         -            967 32823at5125          -            408   8.2e-14   50.6   0.0   1   2   9.8e-10   1.1e-07   30.4   0.0   305   395   334   424   239   430 0.79 putative WD repeat-containing protein [Beauveria bassiana]
KAF1735397.1         -            967 32823at5125          -            408   8.2e-14   50.6   0.0   2   2   1.4e-05    0.0015   16.8   0.0   206   283   481   566   460   604 0.74 putative WD repeat-containing protein [Beauveria bassiana]
KAF1732062.1         -            398 32823at5125          -            408   1.6e-13   49.6   4.7   1   1     0.058       6.4    4.8   0.1   185   242   227   285   223   289 0.88 putative WD repeat-containing protein [Beauveria bassiana]
KAF1735761.1         -            468 32823at5125          -            408   2.2e-13   49.1   0.5   1   3   4.4e-05    0.0048   15.1   0.2   161   265   133   246   114   255 0.75 Ribosome biogenesis protein ytm1 [Beauveria bassiana]
KAF1735761.1         -            468 32823at5125          -            408   2.2e-13   49.1   0.5   2   3    0.0031      0.34    9.0   0.0   334   376   283   326   263   337 0.82 Ribosome biogenesis protein ytm1 [Beauveria bassiana]
KAF1735761.1         -            468 32823at5125          -            408   2.2e-13   49.1   0.5   3   3   7.9e-07   8.6e-05   20.9   0.0   308   371   340   408   322   415 0.78 Ribosome biogenesis protein ytm1 [Beauveria bassiana]
KAF1733697.1         -            597 32823at5125          -            408     3e-13   48.7   0.8   1   3     0.072       7.9    4.5   0.0   201   228   194   221   175   259 0.54 LEC14B protein [Beauveria bassiana]
KAF1733697.1         -            597 32823at5125          -            408     3e-13   48.7   0.8   2   3   4.3e-13   4.7e-11   41.5   0.1   180   267   324   415   297   425 0.84 LEC14B protein [Beauveria bassiana]
KAF1733697.1         -            597 32823at5125          -            408     3e-13   48.7   0.8   3   3       5.1   5.5e+02   -1.6   0.0   292   320   463   491   443   504 0.56 LEC14B protein [Beauveria bassiana]
KAF1730917.1         -            588 32823at5125          -            408   4.3e-13   48.2   4.2   1   1   5.6e-13   6.1e-11   41.1   5.1   106   365   321   562   302   563 0.91 Fizzy-related [Beauveria bassiana]
KAF1736053.1         -           1042 32823at5125          -            408   9.7e-13   47.0   3.2   1   5       3.4   3.7e+02   -1.0   0.0   202   225    27    50    15    54 0.75 Protein HIR1 [Beauveria bassiana]
KAF1736053.1         -           1042 32823at5125          -            408   9.7e-13   47.0   3.2   2   5   0.00042     0.046   11.9   0.0   336   369    69   102    58   112 0.86 Protein HIR1 [Beauveria bassiana]
KAF1736053.1         -           1042 32823at5125          -            408   9.7e-13   47.0   3.2   3   5     8e-06   0.00088   17.5   0.1   330   407   122   198   117   199 0.88 Protein HIR1 [Beauveria bassiana]
KAF1736053.1         -           1042 32823at5125          -            408   9.7e-13   47.0   3.2   4   5   0.00026     0.029   12.5   0.0   271   361   273   365   230   375 0.53 Protein HIR1 [Beauveria bassiana]
KAF1736053.1         -           1042 32823at5125          -            408   9.7e-13   47.0   3.2   5   5       1.7   1.8e+02    0.0   0.0   194   264   684   751   663   762 0.65 Protein HIR1 [Beauveria bassiana]
KAF1735354.1         -            814 32823at5125          -            408     1e-12   46.9   4.5   1   3    0.0059      0.65    8.1   0.1   121   343   479   512   363   523 0.60 Striatin Pro11 [Beauveria bassiana]
KAF1735354.1         -            814 32823at5125          -            408     1e-12   46.9   4.5   2   3       9.5     1e+03   -2.5   0.0   202   229   624   651   614   673 0.80 Striatin Pro11 [Beauveria bassiana]
KAF1735354.1         -            814 32823at5125          -            408     1e-12   46.9   4.5   3   3   5.1e-12   5.6e-10   37.9   0.1   310   408   711   813   701   813 0.87 Striatin Pro11 [Beauveria bassiana]
KAF1730793.1         -            782 32823at5125          -            408   1.1e-12   46.8   3.7   1   3   2.9e-07   3.2e-05   22.3   1.2    84   252   406   573   348   606 0.66 WD repeat-containing protein 26 [Beauveria bassiana]
KAF1730793.1         -            782 32823at5125          -            408   1.1e-12   46.8   3.7   2   3      0.26        29    2.7   0.1   334   366   593   625   563   639 0.77 WD repeat-containing protein 26 [Beauveria bassiana]
KAF1730793.1         -            782 32823at5125          -            408   1.1e-12   46.8   3.7   3   3   6.6e-07   7.2e-05   21.1   0.0   121   187   697   765   675   772 0.76 WD repeat-containing protein 26 [Beauveria bassiana]
KAF1739154.1         -            337 32823at5125          -            408   2.9e-12   45.5   0.4   1   3   4.9e-11   5.4e-09   34.7   0.1   145   254     7   113     4   132 0.85 Eukaryotic translation initiation factor 3 subunit I [Beauveria bassiana]
KAF1739154.1         -            337 32823at5125          -            408   2.9e-12   45.5   0.4   2   3       1.1   1.2e+02    0.6   0.0   121   172   162   216   141   231 0.50 Eukaryotic translation initiation factor 3 subunit I [Beauveria bassiana]
KAF1739154.1         -            337 32823at5125          -            408   2.9e-12   45.5   0.4   3   3     0.024       2.6    6.1   0.0   102   139   284   321   253   330 0.88 Eukaryotic translation initiation factor 3 subunit I [Beauveria bassiana]
KAF1732866.1         -            490 32823at5125          -            408   3.1e-12   45.4   2.1   1   3   0.00044     0.048   11.8   0.1   144   221    64   162    57   166 0.57 DNA excision repair protein ckn1 [Beauveria bassiana]
KAF1732866.1         -            490 32823at5125          -            408   3.1e-12   45.4   2.1   2   3   3.3e-08   3.6e-06   25.4   0.1   313   407   150   246   143   247 0.90 DNA excision repair protein ckn1 [Beauveria bassiana]
KAF1732866.1         -            490 32823at5125          -            408   3.1e-12   45.4   2.1   3   3    0.0011      0.12   10.5   0.0   335   369   292   326   280   348 0.82 DNA excision repair protein ckn1 [Beauveria bassiana]
KAF1730863.1         -            362 32823at5125          -            408     4e-12   45.0   0.8   1   2     0.079       8.6    4.4   0.0   300   325    20    45     3    51 0.64 WD repeat domain-containing protein 83 [Beauveria bassiana]
KAF1730863.1         -            362 32823at5125          -            408     4e-12   45.0   0.8   2   2   3.3e-12   3.6e-10   38.6   0.6    90   261    62   239    48   250 0.79 WD repeat domain-containing protein 83 [Beauveria bassiana]
KAF1737280.1         -            520 32823at5125          -            408   7.9e-12   44.0   3.5   1   2   2.5e-10   2.8e-08   32.4   3.2   213   408   226   448   213   448 0.71 WD repeat-containing protein slp1 [Beauveria bassiana]
KAF1737280.1         -            520 32823at5125          -            408   7.9e-12   44.0   3.5   2   2     0.013       1.5    6.9   0.0   210   271   438   500   433   509 0.76 WD repeat-containing protein slp1 [Beauveria bassiana]
KAF1734492.1         -            732 32823at5125          -            408     8e-12   44.0   0.1   1   3   1.2e-07   1.3e-05   23.6   0.0   225   306   379   464   376   475 0.77 Ribosome biogenesis protein ERB1 [Beauveria bassiana]
KAF1734492.1         -            732 32823at5125          -            408     8e-12   44.0   0.1   2   3   0.00075     0.082   11.0   0.0   343   388   571   615   566   630 0.84 Ribosome biogenesis protein ERB1 [Beauveria bassiana]
KAF1734492.1         -            732 32823at5125          -            408     8e-12   44.0   0.1   3   3    0.0038      0.42    8.7   0.0   338   407   607   676   604   677 0.87 Ribosome biogenesis protein ERB1 [Beauveria bassiana]
KAF1736428.1         -            496 32823at5125          -            408     2e-11   42.7   3.9   1   2   2.8e-09   3.1e-07   28.9   0.8   166   257   241   333   222   375 0.69 putative WD repeat-containing protein C17D11.16 [Beauveria bassiana]
KAF1736428.1         -            496 32823at5125          -            408     2e-11   42.7   3.9   2   2   9.6e-05      0.01   14.0   0.1   176   223   389   434   380   488 0.66 putative WD repeat-containing protein C17D11.16 [Beauveria bassiana]
KAF1735159.1         -            596 32823at5125          -            408   2.2e-11   42.6   0.2   1   2   3.7e-12   4.1e-10   38.4   0.0   300   407   241   348   224   360 0.87 putative WD repeat-containing protein [Beauveria bassiana]
KAF1735159.1         -            596 32823at5125          -            408   2.2e-11   42.6   0.2   2   2      0.68        75    1.3   0.0   338   370   449   481   445   490 0.88 putative WD repeat-containing protein [Beauveria bassiana]
KAF1737919.1         -           1040 32823at5125          -            408     4e-11   41.7   2.9   1   3      0.23        25    2.9   0.0   150   230   138   220    96   237 0.71 U3 small nucleolar RNA-associated protein 21 [Beauveria bassiana]
KAF1737919.1         -           1040 32823at5125          -            408     4e-11   41.7   2.9   2   3       1.6   1.8e+02    0.1   0.0    99   117   377   395   339   430 0.57 U3 small nucleolar RNA-associated protein 21 [Beauveria bassiana]
KAF1737919.1         -           1040 32823at5125          -            408     4e-11   41.7   2.9   3   3   3.8e-11   4.1e-09   35.1   0.9   147   295   621   766   617   789 0.79 U3 small nucleolar RNA-associated protein 21 [Beauveria bassiana]
KAF1738599.1         -            468 32823at5125          -            408   5.2e-11   41.3   7.0   1   3     0.072       7.9    4.5   0.0   102   137    64   103    53   128 0.73 putative cytosolic iron-sulfur protein assembly protein 1 [Beauveria bassiana]
KAF1738599.1         -            468 32823at5125          -            408   5.2e-11   41.3   7.0   2   3   1.1e-06   0.00012   20.4   0.2   332   391   150   216   142   223 0.82 putative cytosolic iron-sulfur protein assembly protein 1 [Beauveria bassiana]
KAF1738599.1         -            468 32823at5125          -            408   5.2e-11   41.3   7.0   3   3     3e-06   0.00033   18.9   0.1   308   368   227   297   218   302 0.64 putative cytosolic iron-sulfur protein assembly protein 1 [Beauveria bassiana]
KAF1736137.1         -            347 32823at5125          -            408   6.4e-11   41.0   2.2   1   3   2.9e-08   3.1e-06   25.6   0.1   168   263    43   136    10   149 0.66 Serine-threonine kinase receptor-associated protein [Beauveria bassiana]
KAF1736137.1         -            347 32823at5125          -            408   6.4e-11   41.0   2.2   2   3      0.43        48    1.9   0.1   233   275   162   205   151   228 0.73 Serine-threonine kinase receptor-associated protein [Beauveria bassiana]
KAF1736137.1         -            347 32823at5125          -            408   6.4e-11   41.0   2.2   3   3   0.00079     0.086   11.0   0.0   101   134   295   328   273   335 0.79 Serine-threonine kinase receptor-associated protein [Beauveria bassiana]
KAF1737335.1         -            349 32823at5125          -            408     1e-10   40.4   1.8   1   1   8.2e-12   8.9e-10   37.3   1.8   161   387    78   319    61   341 0.74 Peroxisomal targeting signal 2 receptor [Beauveria bassiana]
KAF1730049.1         -            359 32823at5125          -            408   1.4e-10   39.9   1.1   1   2   2.9e-10   3.2e-08   32.1   0.2   107   223    34   154    15   215 0.82 Nucleoporin GLE2 [Beauveria bassiana]
KAF1730049.1         -            359 32823at5125          -            408   1.4e-10   39.9   1.1   2   2     0.018         2    6.5   0.0   107   136   261   290   247   299 0.88 Nucleoporin GLE2 [Beauveria bassiana]
KAF1736866.1         -            601 32823at5125          -            408   1.1e-09   37.0   0.7   1   2   1.8e-06    0.0002   19.7   0.2   146   221   357   432   350   438 0.85 putative WD repeat-containing protein [Beauveria bassiana]
KAF1736866.1         -            601 32823at5125          -            408   1.1e-09   37.0   0.7   2   2   0.00013     0.014   13.5   0.0   100   134   504   539   475   546 0.80 putative WD repeat-containing protein [Beauveria bassiana]
KAF1737997.1         -            521 32823at5125          -            408   1.5e-09   36.5   0.8   1   2   5.2e-06   0.00057   18.2   0.1   209   263   110   166   101   172 0.76 Polycomb protein esc [Beauveria bassiana]
KAF1737997.1         -            521 32823at5125          -            408   1.5e-09   36.5   0.8   2   2   1.7e-05    0.0018   16.5   0.0   329   397   176   248   170   254 0.83 Polycomb protein esc [Beauveria bassiana]
KAF1739374.1         -            380 32823at5125          -            408   3.6e-09   35.3   0.3   1   4      0.29        32    2.5   0.0   203   230    65    92    56   102 0.67 WD repeat-containing protein 82-B [Beauveria bassiana]
KAF1739374.1         -            380 32823at5125          -            408   3.6e-09   35.3   0.3   2   4   5.2e-08   5.7e-06   24.7   0.0   303   367   105   170    90   179 0.81 WD repeat-containing protein 82-B [Beauveria bassiana]
KAF1739374.1         -            380 32823at5125          -            408   3.6e-09   35.3   0.3   3   4      0.25        27    2.7   0.0   239   264   304   329   295   339 0.82 WD repeat-containing protein 82-B [Beauveria bassiana]
KAF1739374.1         -            380 32823at5125          -            408   3.6e-09   35.3   0.3   4   4       2.5   2.7e+02   -0.6   0.0   102   128   346   371   338   377 0.78 WD repeat-containing protein 82-B [Beauveria bassiana]
KAF1736373.1         -            362 32823at5125          -            408   7.7e-09   34.2   0.7   1   3   9.7e-06    0.0011   17.3   0.0   310   402    24   120    10   126 0.76 Actin-related protein 2/3 complex subunit 1 [Beauveria bassiana]
KAF1736373.1         -            362 32823at5125          -            408   7.7e-09   34.2   0.7   2   3    0.0042      0.46    8.6   0.0    98   133   136   171   128   179 0.89 Actin-related protein 2/3 complex subunit 1 [Beauveria bassiana]
KAF1736373.1         -            362 32823at5125          -            408   7.7e-09   34.2   0.7   3   3     0.047       5.2    5.1   0.0   332   363   200   231   186   269 0.83 Actin-related protein 2/3 complex subunit 1 [Beauveria bassiana]
KAF1733050.1         -           1240 32823at5125          -            408   1.8e-08   33.0   0.7   1   2       9.2     1e+03   -2.4   0.0   140   178   114   153    81   159 0.65 Protein transport protein SEC31 [Beauveria bassiana]
KAF1733050.1         -           1240 32823at5125          -            408   1.8e-08   33.0   0.7   2   2   5.5e-10     6e-08   31.3   0.2   105   240   166   306   154   371 0.81 Protein transport protein SEC31 [Beauveria bassiana]
KAF1735236.1         -            748 32823at5125          -            408   2.1e-08   32.7   2.9   1   3    0.0006     0.065   11.4   0.0   142   222   326   408   299   432 0.73 Cell division cycle protein cdt2 [Beauveria bassiana]
KAF1735236.1         -            748 32823at5125          -            408   2.1e-08   32.7   2.9   2   3   0.00022     0.024   12.8   0.1   189   222   457   491   440   548 0.83 Cell division cycle protein cdt2 [Beauveria bassiana]
KAF1735236.1         -            748 32823at5125          -            408   2.1e-08   32.7   2.9   3   3     0.012       1.3    7.1   0.2   157   262   601   712   590   727 0.62 Cell division cycle protein cdt2 [Beauveria bassiana]
KAF1735546.1         -           1471 32823at5125          -            408   3.3e-08   32.1   1.2   1   2   3.8e-08   4.1e-06   25.2   0.2   136   234   117   216   107   219 0.80 putative RWD, RING finger and WD repeat-containing protein [Beauveria bassiana]
KAF1735546.1         -           1471 32823at5125          -            408   3.3e-08   32.1   1.2   2   2   0.00013     0.015   13.5   0.4   117   176   184   246   162   278 0.67 putative RWD, RING finger and WD repeat-containing protein [Beauveria bassiana]
KAF1730245.1         -            471 32823at5125          -            408   1.7e-07   29.8   0.2   1   4      0.18        20    3.2   0.0   245   262   103   120    86   136 0.68 Protein phosphatase PP2A regulatory subunit B [Beauveria bassiana]
KAF1730245.1         -            471 32823at5125          -            408   1.7e-07   29.8   0.2   2   4      0.48        52    1.8   0.0   232   267   187   222   181   273 0.82 Protein phosphatase PP2A regulatory subunit B [Beauveria bassiana]
KAF1730245.1         -            471 32823at5125          -            408   1.7e-07   29.8   0.2   3   4   1.6e-06   0.00017   19.9   0.0   233   290   296   356   247   401 0.73 Protein phosphatase PP2A regulatory subunit B [Beauveria bassiana]
KAF1730245.1         -            471 32823at5125          -            408   1.7e-07   29.8   0.2   4   4       5.6   6.1e+02   -1.7   0.0    67   122   402   463   365   469 0.74 Protein phosphatase PP2A regulatory subunit B [Beauveria bassiana]
KAF1733130.1         -            511 32823at5125          -            408   1.9e-07   29.6   0.7   1   2   0.00016     0.018   13.2   0.0    79   223   120   275   115   305 0.74 putative WD repeat-containing protein [Beauveria bassiana]
KAF1733130.1         -            511 32823at5125          -            408   1.9e-07   29.6   0.7   2   2   0.00015     0.016   13.4   0.1   160   221   386   447   365   463 0.85 putative WD repeat-containing protein [Beauveria bassiana]
KAF1736316.1         -            623 32823at5125          -            408   2.2e-07   29.4   0.1   1   3   5.7e-06   0.00062   18.0   0.0   189   264    70   146    60   181 0.78 Peptidyl-prolyl cis-trans isomerase cyp15 [Beauveria bassiana]
KAF1736316.1         -            623 32823at5125          -            408   2.2e-07   29.4   0.1   2   3      0.26        29    2.7   0.0    98   133   197   233   193   243 0.86 Peptidyl-prolyl cis-trans isomerase cyp15 [Beauveria bassiana]
KAF1736316.1         -            623 32823at5125          -            408   2.2e-07   29.4   0.1   3   3       0.1        11    4.0   0.0   107   158   262   314   246   320 0.86 Peptidyl-prolyl cis-trans isomerase cyp15 [Beauveria bassiana]
KAF1731758.1         -            922 32823at5125          -            408   2.4e-07   29.3   0.3   1   3     5e-05    0.0054   14.9   0.0    99   177    62   140    30   152 0.79 putative di- and tripeptidase DUG2 [Beauveria bassiana]
KAF1731758.1         -            922 32823at5125          -            408   2.4e-07   29.3   0.3   2   3     0.013       1.4    7.0   0.0   309   389   268   363   241   379 0.69 putative di- and tripeptidase DUG2 [Beauveria bassiana]
KAF1731758.1         -            922 32823at5125          -            408   2.4e-07   29.3   0.3   3   3      0.26        28    2.7   0.0   185   222   402   439   385   469 0.64 putative di- and tripeptidase DUG2 [Beauveria bassiana]
KAF1729731.1         -            350 32823at5125          -            408   6.8e-07   27.8   0.3   1   3    0.0063      0.69    8.0   0.0   192   242    16    68    12    88 0.72 Mitotic checkpoint protein BUB3.2 [Beauveria bassiana]
KAF1729731.1         -            350 32823at5125          -            408   6.8e-07   27.8   0.3   2   3       0.2        22    3.1   0.0   144   221    97   130    58   154 0.62 Mitotic checkpoint protein BUB3.2 [Beauveria bassiana]
KAF1729731.1         -            350 32823at5125          -            408   6.8e-07   27.8   0.3   3   3   0.00021     0.023   12.9   0.0   108   140   256   288   250   314 0.75 Mitotic checkpoint protein BUB3.2 [Beauveria bassiana]
KAF1735408.1         -            487 32823at5125          -            408     8e-07   27.5   4.8   1   1   4.9e-08   5.3e-06   24.8   4.3   144   267   298   433   291   447 0.75 Ribosome assembly protein rrb1 [Beauveria bassiana]
KAF1736587.1         -            464 32823at5125          -            408   1.9e-06   26.3   0.1   1   2   1.2e-07   1.3e-05   23.6   0.0   202   265    34    98    18   139 0.74 Set1 complex component swd1 [Beauveria bassiana]
KAF1736587.1         -            464 32823at5125          -            408   1.9e-06   26.3   0.1   2   2       2.2   2.5e+02   -0.4   0.0   342   397   269   324   255   336 0.66 Set1 complex component swd1 [Beauveria bassiana]
KAF1739432.1         -            837 32823at5125          -            408   4.1e-06   25.2   2.8   1   3       0.6        65    1.5   0.2    93   224   135   273   117   293 0.61 Mitogen-activated protein kinase-binding protein 1 [Beauveria bassiana]
KAF1739432.1         -            837 32823at5125          -            408   4.1e-06   25.2   2.8   2   3     0.002      0.22    9.6   0.0   120   223   515   619   497   623 0.76 Mitogen-activated protein kinase-binding protein 1 [Beauveria bassiana]
KAF1739432.1         -            837 32823at5125          -            408   4.1e-06   25.2   2.8   3   3    0.0003     0.033   12.3   0.1   310   366   705   765   672   775 0.76 Mitogen-activated protein kinase-binding protein 1 [Beauveria bassiana]
KAF1736665.1         -           1182 32823at5125          -            408   4.9e-06   24.9   1.0   1   4   0.00067     0.073   11.2   0.0   185   222   245   289   238   303 0.68 putative WD repeat-containing protein [Beauveria bassiana]
KAF1736665.1         -           1182 32823at5125          -            408   4.9e-06   24.9   1.0   2   4         5   5.5e+02   -1.6   0.0   285   323   686   724   682   731 0.87 putative WD repeat-containing protein [Beauveria bassiana]
KAF1736665.1         -           1182 32823at5125          -            408   4.9e-06   24.9   1.0   3   4     0.016       1.7    6.7   0.0   305   363   849   911   833   920 0.60 putative WD repeat-containing protein [Beauveria bassiana]
KAF1736665.1         -           1182 32823at5125          -            408   4.9e-06   24.9   1.0   4   4      0.49        54    1.8   0.1   162   199  1008  1046   991  1132 0.74 putative WD repeat-containing protein [Beauveria bassiana]
KAF1732061.1         -            886 32823at5125          -            408   1.2e-05   23.7   0.2   1   2   0.00012     0.013   13.7   0.0   112   220    62   169    54   186 0.84 Minichromosome loss protein 1 [Beauveria bassiana]
KAF1732061.1         -            886 32823at5125          -            408   1.2e-05   23.7   0.2   2   2    0.0015      0.17   10.0   0.1   102   227   137   270   131   296 0.66 Minichromosome loss protein 1 [Beauveria bassiana]
KAF1737923.1         -           1533 32823at5125          -            408   2.4e-05   22.7   3.4   1   3   1.4e-05    0.0015   16.8   0.1    93   165  1089  1159  1074  1178 0.78 Serine/threonine-protein kinase VPS15 [Beauveria bassiana]
KAF1737923.1         -           1533 32823at5125          -            408   2.4e-05   22.7   3.4   2   3      0.12        13    3.8   0.4   309   374  1265  1337  1253  1343 0.79 Serine/threonine-protein kinase VPS15 [Beauveria bassiana]
KAF1737923.1         -           1533 32823at5125          -            408   2.4e-05   22.7   3.4   3   3       1.2   1.3e+02    0.5   0.0   248   265  1403  1421  1379  1479 0.74 Serine/threonine-protein kinase VPS15 [Beauveria bassiana]
KAF1730089.1         -           1910 32823at5125          -            408   8.1e-05   20.9   0.7   1   2   1.5e-05    0.0017   16.6   0.1   330   376  1029  1074  1021  1083 0.79 Collagen-like protein 6 [Beauveria bassiana]
KAF1730089.1         -           1910 32823at5125          -            408   8.1e-05   20.9   0.7   2   2      0.48        53    1.8   0.0   337   407  1448  1518  1417  1526 0.61 Collagen-like protein 6 [Beauveria bassiana]
KAF1730111.1         -           1013 32823at5125          -            408   0.00023   19.4   0.2   1   1   5.4e-06   0.00059   18.1   0.2   179   253   939  1011   929  1013 0.85 Vegetative incompatibility protein HET-E-1 [Beauveria bassiana]
KAF1736452.1         -            697 32823at5125          -            408   0.00024   19.4   0.2   1   2    0.0015      0.16   10.1   0.0   104   220   310   442   300   447 0.77 Cytoplasmic dynein 1 intermediate chain 2 [Beauveria bassiana]
KAF1736452.1         -            697 32823at5125          -            408   0.00024   19.4   0.2   2   2     0.018         2    6.5   0.0   186   267   513   612   503   622 0.60 Cytoplasmic dynein 1 intermediate chain 2 [Beauveria bassiana]
KAF1733069.1         -            642 32823at5125          -            408   0.00032   19.0   0.0   1   1     7e-06   0.00076   17.7   0.0   109   252   204   348   196   355 0.75 Ribosome biogenesis protein ENP2 [Beauveria bassiana]
KAF1736118.1         -            398 32823at5125          -            408   0.00063   18.0   0.1   1   2    0.0036      0.39    8.8   0.1   293   365   211   286   197   293 0.65 Transcription factor spt8 [Beauveria bassiana]
KAF1736118.1         -            398 32823at5125          -            408   0.00063   18.0   0.1   2   2     0.017       1.9    6.6   0.0   234   269   306   341   297   347 0.85 Transcription factor spt8 [Beauveria bassiana]
KAF1737002.1         -            513 32823at5125          -            408   0.00096   17.4   0.4   1   2      0.19        21    3.1   0.0   333   375   233   276   223   310 0.72 DNA damage-binding protein cmr1 [Beauveria bassiana]
KAF1737002.1         -            513 32823at5125          -            408   0.00096   17.4   0.4   2   2   0.00056     0.061   11.5   0.1   159   221   340   406   330   412 0.79 DNA damage-binding protein cmr1 [Beauveria bassiana]
KAF1737620.1         -            703 32823at5125          -            408    0.0017   16.6   0.2   1   1   0.00018      0.02   13.1   0.1   157   219    25    90    11   120 0.63 putative WD repeat-containing protein [Beauveria bassiana]
KAF1731513.1         -            445 32823at5125          -            408    0.0022   16.2   0.5   1   2     0.011       1.2    7.3   0.1   188   222    78   111    66   120 0.59 putative WD repeat-containing protein [Beauveria bassiana]
KAF1731513.1         -            445 32823at5125          -            408    0.0022   16.2   0.5   2   2     0.039       4.3    5.4   0.0   202   263   146   213   130   240 0.68 putative WD repeat-containing protein [Beauveria bassiana]
KAF1737773.1         -            875 32823at5125          -            408    0.0023   16.1   2.1   1   1   6.9e-05    0.0076   14.5   1.2   142   257   177   299   150   310 0.73 U3 small nucleolar RNA-associated protein 4 [Beauveria bassiana]
KAF1737265.1         -            987 32823at5125          -            408    0.0041   15.3   0.2   1   2       3.5   3.8e+02   -1.0   0.0   107   130    37    60    17   115 0.61 Lethal(2) giant larvae SRO77 [Beauveria bassiana]
KAF1737265.1         -            987 32823at5125          -            408    0.0041   15.3   0.2   2   2   0.00026     0.029   12.6   0.0   343   372   239   268   229   278 0.88 Lethal(2) giant larvae SRO77 [Beauveria bassiana]
KAF1729537.1         -            387 32823at5125          -            408    0.0046   15.2   0.3   1   2       3.2   3.5e+02   -0.9   0.0   349   367   121   139   110   147 0.67 Pre-rRNA-processing protein crb3/ipi3 [Beauveria bassiana]
KAF1729537.1         -            387 32823at5125          -            408    0.0046   15.2   0.3   2   2   0.00021     0.023   12.9   0.2   184   230   154   202   121   206 0.79 Pre-rRNA-processing protein crb3/ipi3 [Beauveria bassiana]
KAF1735685.1         -           1410 32823at5125          -            408    0.0046   15.2   3.9   1   2    0.0069      0.76    7.9   0.4   112   262  1094  1261  1079  1270 0.63 Target of rapamycin complex 1 subunit mip1 [Beauveria bassiana]
KAF1735685.1         -           1410 32823at5125          -            408    0.0046   15.2   3.9   2   2    0.0047      0.51    8.4   1.0   307   407  1243  1349  1135  1350 0.77 Target of rapamycin complex 1 subunit mip1 [Beauveria bassiana]
KAF1735395.1         -            496 32823at5125          -            408    0.0047   15.1   0.0   1   3   0.00023     0.025   12.7   0.0   314   405   267   355   251   358 0.73 Pre-mRNA-processing factor 19 [Beauveria bassiana]
KAF1735395.1         -            496 32823at5125          -            408    0.0047   15.1   0.0   2   3       3.1   3.4e+02   -0.9   0.0   339   388   373   425   342   445 0.54 Pre-mRNA-processing factor 19 [Beauveria bassiana]
KAF1735395.1         -            496 32823at5125          -            408    0.0047   15.1   0.0   3   3       2.9   3.2e+02   -0.8   0.0   122   173   388   443   363   482 0.59 Pre-mRNA-processing factor 19 [Beauveria bassiana]
KAF1733184.1         -            455 32823at5125          -            408     0.007   14.6   1.3   1   3   0.00098      0.11   10.7   0.0   100   175     8    83     3    94 0.81 ASTRA-associated protein 1 [Beauveria bassiana]
KAF1733184.1         -            455 32823at5125          -            408     0.007   14.6   1.3   2   3       9.2     1e+03   -2.4   0.0   233   255   225   247   195   279 0.69 ASTRA-associated protein 1 [Beauveria bassiana]
KAF1733184.1         -            455 32823at5125          -            408     0.007   14.6   1.3   3   3      0.68        75    1.3   0.1   299   324   428   453   385   455 0.78 ASTRA-associated protein 1 [Beauveria bassiana]
KAF1738333.1         -            605 32823at5125          -            408    0.0081   14.3   2.4   1   3      0.81        89    1.0   0.3   249   359   252   360   244   379 0.63 F-box-like/WD repeat-containing protein TBL1Y [Beauveria bassiana]
KAF1738333.1         -            605 32823at5125          -            408    0.0081   14.3   2.4   2   3      0.96     1e+02    0.8   0.0   162   188   443   470   434   481 0.56 F-box-like/WD repeat-containing protein TBL1Y [Beauveria bassiana]
KAF1738333.1         -            605 32823at5125          -            408    0.0081   14.3   2.4   3   3     0.002      0.22    9.6   0.0   302   359   484   543   477   557 0.79 F-box-like/WD repeat-containing protein TBL1Y [Beauveria bassiana]
KAF1732270.1         -            344 32823at5125          -            408    0.0084   14.3   0.4   1   1   0.00015     0.017   13.3   0.3   110   264   145   300   129   337 0.74 Vegetative incompatibility protein HET-E-1 [Beauveria bassiana]
KAF1736091.1         -            553 32823at5125          -            408    0.0087   14.3   0.0   1   1   0.00018      0.02   13.1   0.0   310   371   268   330   247   338 0.76 putative U3 small nucleolar RNA-associated protein 7 [Beauveria bassiana]
KAF1730965.1         -           1119 32823at5125          -            408     0.012   13.8   0.1   1   1   0.00019      0.02   13.0   0.1   182   266   654   743   643   811 0.74 Sterol regulatory element-binding protein cleavage-activating protein [Beauveria bassiana]
KAF1732416.1         -           1582 32823at5125          -            408     0.035   12.3   0.2   1   1   0.00072     0.079   11.1   0.2   155   276    90   210    67   324 0.68 hypothetical protein CRV24_008611 [Beauveria bassiana]
#
# Program:         hmmsearch
# Version:         3.1b2 (February 2015)
# Pipeline mode:   SEARCH
# Query file:      /home/zack/funannotate_db/hypocreales_odb10/hmms/32823at5125.hmm
# Target file:     /home/zack/Desktop/IsariaPreferralGenome/MyGenomeSubmittedToNCBI/HypocrealesProteinSets/Bbassiana_ERL836_protein.faa
# Option settings: hmmsearch --domtblout /home/zack/Desktop/IsariaPreferralGenome/MyGenomeSubmittedToNCBI/HypocrealesProteinSets/BUSCO_AA_all/BUSCO_AA_Bbassiana_ERL836/run_hypocreales_odb10/hmmer_output/initial_run_results/32823at5125.out --cpu 1 /home/zack/funannotate_db/hypocreales_odb10/hmms/32823at5125.hmm /home/zack/Desktop/IsariaPreferralGenome/MyGenomeSubmittedToNCBI/HypocrealesProteinSets/Bbassiana_ERL836_protein.faa 
# Current dir:     /home/zack/Desktop/IsariaPreferralGenome/MyGenomeSubmittedToNCBI/HypocrealesProteinSets/BUSCO_AA_all
# Date:            Mon Mar  4 14:20:48 2024
# [ok]
