#                                                                            --- full sequence --- -------------- this domain -------------   hmm coord   ali coord   env coord
# target name        accession   tlen query name           accession   qlen   E-value  score  bias   #  of  c-Evalue  i-Evalue  score  bias  from    to  from    to  from    to  acc description of target
#------------------- ---------- ----- -------------------- ---------- ----- --------- ------ ----- --- --- --------- --------- ------ ----- ----- ----- ----- ----- ----- ----- ---- ---------------------
KAF1736597.1         -            448 34445at5125          -            382  1.7e-215  714.5   2.5   1   1  1.4e-216  2.1e-213  707.7   2.5     1   381     1   441     1   442 0.92 Cysteine synthase 2 [Beauveria bassiana]
KAF1731479.1         -            370 34445at5125          -            382   7.8e-78  261.4   0.4   1   1   7.4e-81   1.1e-77  260.9   0.4    57   368    39   347    28   358 0.95 Cysteine synthase [Beauveria bassiana]
KAF1733500.1         -            511 34445at5125          -            382   1.5e-51  174.9   0.0   1   2   5.5e-45   8.2e-42  142.9   0.2    57   240    23   209    12   216 0.92 Cystathionine beta-synthase [Beauveria bassiana]
KAF1733500.1         -            511 34445at5125          -            382   1.5e-51  174.9   0.0   2   2   1.3e-10   1.9e-07   29.7   0.0   281   367   235   321   226   336 0.86 Cystathionine beta-synthase [Beauveria bassiana]
KAF1732821.1         -            496 34445at5125          -            382   1.4e-08   33.5   0.0   1   1   1.4e-11   2.1e-08   32.9   0.0   109   240    23   161     8   164 0.83 Cysteine synthase B [Beauveria bassiana]
KAF1730805.1         -            339 34445at5125          -            382   4.4e-05   22.0   0.0   1   1   4.7e-08     7e-05   21.3   0.0    60   236    14   184    11   189 0.85 Catabolic L-serine/threonine dehydratase [Beauveria bassiana]
KAF1729548.1         -            357 34445at5125          -            382    0.0023   16.3   2.3   1   1   1.4e-05     0.021   13.1   2.3    60   323    11   302     3   347 0.67 L-serine dehydratase [Beauveria bassiana]
KAF1731318.1         -            380 34445at5125          -            382    0.0092   14.3   1.8   1   1   0.00014       0.2    9.9   1.8   130   252   140   255   101   338 0.71 putative serine racemase [Beauveria bassiana]
#
# Program:         hmmsearch
# Version:         3.1b2 (February 2015)
# Pipeline mode:   SEARCH
# Query file:      /home/zack/funannotate_db/hypocreales_odb10/hmms/34445at5125.hmm
# Target file:     /home/zack/Desktop/IsariaPreferralGenome/MyGenomeSubmittedToNCBI/HypocrealesProteinSets/Bbassiana_ERL836_protein.faa
# Option settings: hmmsearch --domtblout /home/zack/Desktop/IsariaPreferralGenome/MyGenomeSubmittedToNCBI/HypocrealesProteinSets/BUSCO_AA_all/BUSCO_AA_Bbassiana_ERL836/run_hypocreales_odb10/hmmer_output/initial_run_results/34445at5125.out --cpu 1 /home/zack/funannotate_db/hypocreales_odb10/hmms/34445at5125.hmm /home/zack/Desktop/IsariaPreferralGenome/MyGenomeSubmittedToNCBI/HypocrealesProteinSets/Bbassiana_ERL836_protein.faa 
# Current dir:     /home/zack/Desktop/IsariaPreferralGenome/MyGenomeSubmittedToNCBI/HypocrealesProteinSets/BUSCO_AA_all
# Date:            Mon Mar  4 14:21:06 2024
# [ok]
