#                                                                            --- full sequence --- -------------- this domain -------------   hmm coord   ali coord   env coord
# target name        accession   tlen query name           accession   qlen   E-value  score  bias   #  of  c-Evalue  i-Evalue  score  bias  from    to  from    to  from    to  acc description of target
#------------------- ---------- ----- -------------------- ---------- ----- --------- ------ ----- --- --- --------- --------- ------ ----- ----- ----- ----- ----- ----- ----- ---- ---------------------
KAF1729696.1         -            226 35897at5125          -            295   4.6e-96  320.8  13.8   1   2   2.6e-65   6.8e-62  208.6   5.0   102   239     1   133     1   167 0.89 uncharacterized protein CRV24_010234 [Beauveria bassiana]
KAF1729696.1         -            226 35897at5125          -            295   4.6e-96  320.8  13.8   2   2   1.3e-37   3.3e-34  117.7   1.7   237   295   166   224   163   224 0.98 uncharacterized protein CRV24_010234 [Beauveria bassiana]
KAF1738561.1         -            210 35897at5125          -            295    0.0015   17.1   0.6   1   1   8.1e-07    0.0021   16.7   0.6   107   239     5   140     2   156 0.84 hypothetical protein CRV24_000487 [Beauveria bassiana]
KAF1738532.1         -            360 35897at5125          -            295     0.022   13.3   0.5   1   2   0.00085       2.2    6.7   0.1   146   259     8   118     5   128 0.73 putative vacuolar amino acid transporter YPQ3 [Beauveria bassiana]
KAF1738532.1         -            360 35897at5125          -            295     0.022   13.3   0.5   2   2    0.0032       8.4    4.8   0.1   156   206   205   255   196   316 0.78 putative vacuolar amino acid transporter YPQ3 [Beauveria bassiana]
KAF1731543.1         -            281 35897at5125          -            295     0.023   13.2   1.1   1   2     0.053   1.4e+02    0.8   0.0    18    49    22    53     7    69 0.77 Cystinosin [Beauveria bassiana]
KAF1731543.1         -            281 35897at5125          -            295     0.023   13.2   1.1   2   2     5e-05      0.13   10.8   0.2   131   185   131   189   119   220 0.76 Cystinosin [Beauveria bassiana]
#
# Program:         hmmsearch
# Version:         3.1b2 (February 2015)
# Pipeline mode:   SEARCH
# Query file:      /home/zack/funannotate_db/hypocreales_odb10/hmms/35897at5125.hmm
# Target file:     /home/zack/Desktop/IsariaPreferralGenome/MyGenomeSubmittedToNCBI/HypocrealesProteinSets/Bbassiana_ERL836_protein.faa
# Option settings: hmmsearch --domtblout /home/zack/Desktop/IsariaPreferralGenome/MyGenomeSubmittedToNCBI/HypocrealesProteinSets/BUSCO_AA_all/BUSCO_AA_Bbassiana_ERL836/run_hypocreales_odb10/hmmer_output/initial_run_results/35897at5125.out --cpu 1 /home/zack/funannotate_db/hypocreales_odb10/hmms/35897at5125.hmm /home/zack/Desktop/IsariaPreferralGenome/MyGenomeSubmittedToNCBI/HypocrealesProteinSets/Bbassiana_ERL836_protein.faa 
# Current dir:     /home/zack/Desktop/IsariaPreferralGenome/MyGenomeSubmittedToNCBI/HypocrealesProteinSets/BUSCO_AA_all
# Date:            Mon Mar  4 14:21:13 2024
# [ok]
