#                                                                            --- full sequence --- -------------- this domain -------------   hmm coord   ali coord   env coord
# target name        accession   tlen query name           accession   qlen   E-value  score  bias   #  of  c-Evalue  i-Evalue  score  bias  from    to  from    to  from    to  acc description of target
#------------------- ---------- ----- -------------------- ---------- ----- --------- ------ ----- --- --- --------- --------- ------ ----- ----- ----- ----- ----- ----- ----- ---- ---------------------
KAF1736079.1         -            366 36269at5125          -            299  9.3e-145  480.9  11.8   1   2  2.1e-112  1.4e-109  365.4   5.0     1   232     1   271     1   280 0.88 Chaperone protein DnaJ [Beauveria bassiana]
KAF1736079.1         -            366 36269at5125          -            299  9.3e-145  480.9  11.8   2   2   1.1e-35   6.8e-33  113.6   0.5   225   299   289   366   288   366 0.95 Chaperone protein DnaJ [Beauveria bassiana]
KAF1734746.1         -            239 36269at5125          -            299   9.4e-10   37.6   0.4   1   1   2.2e-12   1.4e-09   37.0   0.4    67   126     3    67     1    71 0.86 Chaperone protein DnaJ [Beauveria bassiana]
KAF1737823.1         -            526 36269at5125          -            299   4.4e-08   32.1   0.1   1   1   1.1e-10   7.4e-08   31.4   0.1    68   129     6    72     3    77 0.87 putative J domain-containing protein [Beauveria bassiana]
KAF1730129.1         -            408 36269at5125          -            299   6.5e-06   25.0   0.0   1   1   1.5e-08   9.6e-06   24.5   0.0    66   129    21    89     3    94 0.82 DnaJ-related protein SCJ1 [Beauveria bassiana]
KAF1735362.1         -            372 36269at5125          -            299   3.3e-05   22.7   0.2   1   1   7.7e-08     5e-05   22.1   0.2    63   129    44   117    31   124 0.77 putative J domain-containing protein C17A3.05c [Beauveria bassiana]
KAF1739589.1         -            291 36269at5125          -            299   0.00044   19.0   0.2   1   1   1.1e-06   0.00069   18.4   0.2    72   131    20    82    16    91 0.81 DnaJ subfamily C member 9 [Beauveria bassiana]
KAF1736501.1         -            420 36269at5125          -            299   0.00073   18.3   0.1   1   1   1.8e-06    0.0012   17.6   0.1    68   129     6    72     2    74 0.86 Mitochondrial protein import protein mas5 [Beauveria bassiana]
KAF1730707.1         -            678 36269at5125          -            299   0.00079   18.2   0.1   1   1     2e-06    0.0013   17.4   0.1    67   125   525   588   518   593 0.83 DnaJ subfamily C member 7 [Beauveria bassiana]
KAF1737325.1         -            822 36269at5125          -            299   0.00087   18.0   0.0   1   1     2e-06    0.0013   17.4   0.0    68   125     6    69     2    77 0.77 Meiotically up-regulated protein [Beauveria bassiana]
KAF1734389.1         -            330 36269at5125          -            299    0.0011   17.7   0.3   1   3       4.3   2.8e+03   -3.3   0.1    32    49    26    43    21    53 0.69 Chaperone protein DnaJ [Beauveria bassiana]
KAF1734389.1         -            330 36269at5125          -            299    0.0011   17.7   0.3   2   3   1.6e-06    0.0011   17.7   0.3    68   126    87   150    82   157 0.79 Chaperone protein DnaJ [Beauveria bassiana]
KAF1734389.1         -            330 36269at5125          -            299    0.0011   17.7   0.3   3   3       2.5   1.6e+03   -2.6   0.0    55    86   236   267   232   270 0.86 Chaperone protein DnaJ [Beauveria bassiana]
KAF1737059.1         -            519 36269at5125          -            299     0.005   15.5   0.1   1   1   1.3e-05    0.0087   14.8   0.1    65   101   400   437   384   462 0.86 DnaJ subfamily C member 3 [Beauveria bassiana]
KAF1733997.1         -            445 36269at5125          -            299    0.0052   15.5   0.2   1   1   1.4e-05    0.0092   14.7   0.2    77   127   114   170    94   177 0.79 Zuotin [Beauveria bassiana]
KAF1735255.1         -            373 36269at5125          -            299    0.0075   15.0   0.0   1   1   1.8e-05     0.011   14.4   0.0    69   128     7    71     3    73 0.84 Protein psi1 [Beauveria bassiana]
KAF1739769.1         -            427 36269at5125          -            299     0.012   14.3   0.2   1   1   3.3e-05     0.021   13.5   0.2    70   128    19    84    13    87 0.79 DnaJ xdj1 [Beauveria bassiana]
KAF1733393.1         -           1024 36269at5125          -            299     0.031   13.0   0.0   1   1   7.9e-05     0.051   12.2   0.0   226   295   290   360   277   364 0.86 Condensin complex subunit 3 [Beauveria bassiana]
KAF1737898.1         -            540 36269at5125          -            299     0.073   11.7   0.1   1   1   0.00019      0.12   11.0   0.1    69   129    77   141    45   143 0.85 DnaJ 1, mitochondrial [Beauveria bassiana]
#
# Program:         hmmsearch
# Version:         3.1b2 (February 2015)
# Pipeline mode:   SEARCH
# Query file:      /home/zack/funannotate_db/hypocreales_odb10/hmms/36269at5125.hmm
# Target file:     /home/zack/Desktop/IsariaPreferralGenome/MyGenomeSubmittedToNCBI/HypocrealesProteinSets/Bbassiana_ERL836_protein.faa
# Option settings: hmmsearch --domtblout /home/zack/Desktop/IsariaPreferralGenome/MyGenomeSubmittedToNCBI/HypocrealesProteinSets/BUSCO_AA_all/BUSCO_AA_Bbassiana_ERL836/run_hypocreales_odb10/hmmer_output/initial_run_results/36269at5125.out --cpu 1 /home/zack/funannotate_db/hypocreales_odb10/hmms/36269at5125.hmm /home/zack/Desktop/IsariaPreferralGenome/MyGenomeSubmittedToNCBI/HypocrealesProteinSets/Bbassiana_ERL836_protein.faa 
# Current dir:     /home/zack/Desktop/IsariaPreferralGenome/MyGenomeSubmittedToNCBI/HypocrealesProteinSets/BUSCO_AA_all
# Date:            Mon Mar  4 14:20:55 2024
# [ok]
