#                                                                            --- full sequence --- -------------- this domain -------------   hmm coord   ali coord   env coord
# target name        accession   tlen query name           accession   qlen   E-value  score  bias   #  of  c-Evalue  i-Evalue  score  bias  from    to  from    to  from    to  acc description of target
#------------------- ---------- ----- -------------------- ---------- ----- --------- ------ ----- --- --- --------- --------- ------ ----- ----- ----- ----- ----- ----- ----- ---- ---------------------
KAF1736784.1         -            301 44989at5125          -            221  7.2e-112  371.6   0.5   1   2  2.8e-115  7.2e-112  371.6   0.5     1   216    27   250    27   259 0.94 Reticulon-like protein 1 [Beauveria bassiana]
KAF1736784.1         -            301 44989at5125          -            221  7.2e-112  371.6   0.5   2   2     0.027        70    2.2   0.7   208   221   262   275   260   275 0.90 Reticulon-like protein 1 [Beauveria bassiana]
KAF1731566.1         -           1378 44989at5125          -            221     0.004   16.1   0.7   1   2   1.5e-06     0.004   16.1   0.7   117   155   221   259   213   279 0.82 Leptomycin B resistance protein pmd1 [Beauveria bassiana]
KAF1731566.1         -           1378 44989at5125          -            221     0.004   16.1   0.7   2   2      0.23     6e+02   -0.9   0.3    63   144   876   961   854   967 0.77 Leptomycin B resistance protein pmd1 [Beauveria bassiana]
KAF1739832.1         -            419 44989at5125          -            221      0.08   11.8   0.0   1   1   6.4e-05      0.17   10.8   0.0   128   170   316   358   290   363 0.74 putative MFS-type transporter [Beauveria bassiana]
KAF1731267.1         -           1336 44989at5125          -            221      0.43    9.4   5.5   1   2   4.5e-05      0.12   11.3   0.7   109   172   181   245   173   270 0.79 Leptomycin B resistance protein pmd1 [Beauveria bassiana]
KAF1731267.1         -           1336 44989at5125          -            221      0.43    9.4   5.5   2   2      0.22   5.7e+02   -0.8   0.3   115   151   881   917   875   962 0.71 Leptomycin B resistance protein pmd1 [Beauveria bassiana]
#
# Program:         hmmsearch
# Version:         3.1b2 (February 2015)
# Pipeline mode:   SEARCH
# Query file:      /home/zack/funannotate_db/hypocreales_odb10/hmms/44989at5125.hmm
# Target file:     /home/zack/Desktop/IsariaPreferralGenome/MyGenomeSubmittedToNCBI/HypocrealesProteinSets/Bbassiana_ERL836_protein.faa
# Option settings: hmmsearch --domtblout /home/zack/Desktop/IsariaPreferralGenome/MyGenomeSubmittedToNCBI/HypocrealesProteinSets/BUSCO_AA_all/BUSCO_AA_Bbassiana_ERL836/run_hypocreales_odb10/hmmer_output/initial_run_results/44989at5125.out --cpu 1 /home/zack/funannotate_db/hypocreales_odb10/hmms/44989at5125.hmm /home/zack/Desktop/IsariaPreferralGenome/MyGenomeSubmittedToNCBI/HypocrealesProteinSets/Bbassiana_ERL836_protein.faa 
# Current dir:     /home/zack/Desktop/IsariaPreferralGenome/MyGenomeSubmittedToNCBI/HypocrealesProteinSets/BUSCO_AA_all
# Date:            Mon Mar  4 14:21:24 2024
# [ok]
