#                                                                            --- full sequence --- -------------- this domain -------------   hmm coord   ali coord   env coord
# target name        accession   tlen query name           accession   qlen   E-value  score  bias   #  of  c-Evalue  i-Evalue  score  bias  from    to  from    to  from    to  acc description of target
#------------------- ---------- ----- -------------------- ---------- ----- --------- ------ ----- --- --- --------- --------- ------ ----- ----- ----- ----- ----- ----- ----- ---- ---------------------
KAF1734953.1         -            184 51188at5125          -            138   1.2e-66  222.0   0.2   1   1   1.1e-68   1.8e-66  221.4   0.2     1   133     1   148     1   153 0.92 Ankyrin repeat-containing protein YAR1 [Beauveria bassiana]
KAF1739867.1         -            447 51188at5125          -            138     3e-38  130.0   7.3   1  11    0.0001     0.017   14.1   0.0    80   109    77   106    50   112 0.84 Ankyrin repeat domain-containing protein 50 [Beauveria bassiana]
KAF1739867.1         -            447 51188at5125          -            138     3e-38  130.0   7.3   2  11   3.1e-05    0.0053   15.8   0.0    80   109   111   140   105   143 0.88 Ankyrin repeat domain-containing protein 50 [Beauveria bassiana]
KAF1739867.1         -            447 51188at5125          -            138     3e-38  130.0   7.3   3  11   0.00024     0.041   12.9   0.0    81   105   146   170   138   179 0.89 Ankyrin repeat domain-containing protein 50 [Beauveria bassiana]
KAF1739867.1         -            447 51188at5125          -            138     3e-38  130.0   7.3   4  11   6.1e-06     0.001   18.1   0.0    45   108   151   207   151   216 0.85 Ankyrin repeat domain-containing protein 50 [Beauveria bassiana]
KAF1739867.1         -            447 51188at5125          -            138     3e-38  130.0   7.3   5  11    0.0004     0.069   12.2   0.1    80   109   213   242   207   250 0.83 Ankyrin repeat domain-containing protein 50 [Beauveria bassiana]
KAF1739867.1         -            447 51188at5125          -            138     3e-38  130.0   7.3   6  11   1.6e-05    0.0028   16.7   0.1    44   108   218   275   217   284 0.83 Ankyrin repeat domain-containing protein 50 [Beauveria bassiana]
KAF1739867.1         -            447 51188at5125          -            138     3e-38  130.0   7.3   7  11   6.3e-05     0.011   14.8   0.0    45   113   253   314   251   328 0.78 Ankyrin repeat domain-containing protein 50 [Beauveria bassiana]
KAF1739867.1         -            447 51188at5125          -            138     3e-38  130.0   7.3   8  11     0.006         1    8.4   0.0    81   104   316   339   310   347 0.86 Ankyrin repeat domain-containing protein 50 [Beauveria bassiana]
KAF1739867.1         -            447 51188at5125          -            138     3e-38  130.0   7.3   9  11     2e-06   0.00035   19.6   0.1    46   109   322   379   319   384 0.84 Ankyrin repeat domain-containing protein 50 [Beauveria bassiana]
KAF1739867.1         -            447 51188at5125          -            138     3e-38  130.0   7.3  10  11   0.00013     0.023   13.8   0.0    82   108   386   412   379   418 0.88 Ankyrin repeat domain-containing protein 50 [Beauveria bassiana]
KAF1739867.1         -            447 51188at5125          -            138     3e-38  130.0   7.3  11  11    0.0026      0.45    9.6   0.0    81   104   419   442   410   446 0.85 Ankyrin repeat domain-containing protein 50 [Beauveria bassiana]
KAF1738237.1         -            601 51188at5125          -            138   9.8e-34  115.4   8.5   1  10   9.1e-06    0.0016   17.5   0.4    17   109    15   100     8   105 0.83 Ankyrin repeat domain-containing protein 50 [Beauveria bassiana]
KAF1738237.1         -            601 51188at5125          -            138   9.8e-34  115.4   8.5   2  10   1.3e-07   2.3e-05   23.5   0.0    45   109   110   167   101   173 0.84 Ankyrin repeat domain-containing protein 50 [Beauveria bassiana]
KAF1738237.1         -            601 51188at5125          -            138   9.8e-34  115.4   8.5   3  10    0.0075       1.3    8.1   0.0    81   109   172   200   168   207 0.89 Ankyrin repeat domain-containing protein 50 [Beauveria bassiana]
KAF1738237.1         -            601 51188at5125          -            138   9.8e-34  115.4   8.5   4  10    0.0023       0.4    9.7   0.2    81   114   205   240   200   259 0.76 Ankyrin repeat domain-containing protein 50 [Beauveria bassiana]
KAF1738237.1         -            601 51188at5125          -            138   9.8e-34  115.4   8.5   5  10     0.023       4.1    6.5   0.0    81   109   274   302   263   307 0.89 Ankyrin repeat domain-containing protein 50 [Beauveria bassiana]
KAF1738237.1         -            601 51188at5125          -            138   9.8e-34  115.4   8.5   6  10   3.3e-05    0.0057   15.7   0.0    80   125   306   351   302   352 0.92 Ankyrin repeat domain-containing protein 50 [Beauveria bassiana]
KAF1738237.1         -            601 51188at5125          -            138   9.8e-34  115.4   8.5   7  10   9.4e-08   1.6e-05   24.0   0.0    46   124   346   416   341   419 0.85 Ankyrin repeat domain-containing protein 50 [Beauveria bassiana]
KAF1738237.1         -            601 51188at5125          -            138   9.8e-34  115.4   8.5   8  10    0.0031      0.54    9.3   0.0    81   127   406   452   402   460 0.91 Ankyrin repeat domain-containing protein 50 [Beauveria bassiana]
KAF1738237.1         -            601 51188at5125          -            138   9.8e-34  115.4   8.5   9  10      0.13        23    4.1   0.0    84   111   442   469   436   489 0.84 Ankyrin repeat domain-containing protein 50 [Beauveria bassiana]
KAF1738237.1         -            601 51188at5125          -            138   9.8e-34  115.4   8.5  10  10       3.2   5.5e+02   -0.4   0.0    83   112   533   562   507   574 0.69 Ankyrin repeat domain-containing protein 50 [Beauveria bassiana]
KAF1732066.1         -            612 51188at5125          -            138     5e-31  106.6  27.3   1   9   5.2e-05     0.009   15.1   0.0     8   105    13   103     8   113 0.68 Serine/threonine-protein phosphatase 6 regulatory ankyrin repeat subunit B [Beauveria bassiana]
KAF1732066.1         -            612 51188at5125          -            138     5e-31  106.6  27.3   2   9     0.014       2.4    7.2   0.2    42   109   118   176    85   182 0.63 Serine/threonine-protein phosphatase 6 regulatory ankyrin repeat subunit B [Beauveria bassiana]
KAF1732066.1         -            612 51188at5125          -            138     5e-31  106.6  27.3   3   9   2.8e-05    0.0049   15.9   0.0    81   109   182   210   175   217 0.86 Serine/threonine-protein phosphatase 6 regulatory ankyrin repeat subunit B [Beauveria bassiana]
KAF1732066.1         -            612 51188at5125          -            138     5e-31  106.6  27.3   4   9   9.5e-08   1.7e-05   23.9   4.4    44   106   219   290   210   315 0.64 Serine/threonine-protein phosphatase 6 regulatory ankyrin repeat subunit B [Beauveria bassiana]
KAF1732066.1         -            612 51188at5125          -            138     5e-31  106.6  27.3   5   9       0.8   1.4e+02    1.5   0.2    43    71   306   334   289   353 0.53 Serine/threonine-protein phosphatase 6 regulatory ankyrin repeat subunit B [Beauveria bassiana]
KAF1732066.1         -            612 51188at5125          -            138     5e-31  106.6  27.3   6   9     0.004      0.69    9.0   0.1    43   111   344   411   339   423 0.74 Serine/threonine-protein phosphatase 6 regulatory ankyrin repeat subunit B [Beauveria bassiana]
KAF1732066.1         -            612 51188at5125          -            138     5e-31  106.6  27.3   7   9   8.2e-05     0.014   14.4   0.1    45   106   386   444   381   459 0.81 Serine/threonine-protein phosphatase 6 regulatory ankyrin repeat subunit B [Beauveria bassiana]
KAF1732066.1         -            612 51188at5125          -            138     5e-31  106.6  27.3   8   9   4.9e-10   8.5e-08   31.3   0.2    39   115   457   531   452   539 0.84 Serine/threonine-protein phosphatase 6 regulatory ankyrin repeat subunit B [Beauveria bassiana]
KAF1732066.1         -            612 51188at5125          -            138     5e-31  106.6  27.3   9   9     0.014       2.4    7.2   0.0    40    69   537   566   523   582 0.82 Serine/threonine-protein phosphatase 6 regulatory ankyrin repeat subunit B [Beauveria bassiana]
KAF1734198.1         -           1341 51188at5125          -            138     3e-27   94.4  12.8   1  10   1.4e-06   0.00024   20.2   0.0    47   110   915   983   911   990 0.77 putative ankyrin repeat protein [Beauveria bassiana]
KAF1734198.1         -           1341 51188at5125          -            138     3e-27   94.4  12.8   2  10   3.8e-06   0.00067   18.7   0.0    44   109   991  1048   985  1056 0.89 putative ankyrin repeat protein [Beauveria bassiana]
KAF1734198.1         -           1341 51188at5125          -            138     3e-27   94.4  12.8   3  10      0.77   1.3e+02    1.6   0.0    85   109  1057  1081  1049  1084 0.85 putative ankyrin repeat protein [Beauveria bassiana]
KAF1734198.1         -           1341 51188at5125          -            138     3e-27   94.4  12.8   4  10     0.042       7.3    5.7   0.0    81   111  1086  1116  1081  1139 0.83 putative ankyrin repeat protein [Beauveria bassiana]
KAF1734198.1         -           1341 51188at5125          -            138     3e-27   94.4  12.8   5  10    0.0015      0.26   10.3   0.1    80   109  1151  1180  1143  1184 0.88 putative ankyrin repeat protein [Beauveria bassiana]
KAF1734198.1         -           1341 51188at5125          -            138     3e-27   94.4  12.8   6  10    0.0033      0.57    9.2   0.0    80   109  1184  1213  1179  1220 0.89 putative ankyrin repeat protein [Beauveria bassiana]
KAF1734198.1         -           1341 51188at5125          -            138     3e-27   94.4  12.8   7  10   0.00046      0.08   12.0   0.0    82   109  1219  1246  1214  1251 0.90 putative ankyrin repeat protein [Beauveria bassiana]
KAF1734198.1         -           1341 51188at5125          -            138     3e-27   94.4  12.8   8  10    0.0015      0.26   10.3   0.0    83   109  1253  1279  1248  1285 0.92 putative ankyrin repeat protein [Beauveria bassiana]
KAF1734198.1         -           1341 51188at5125          -            138     3e-27   94.4  12.8   9  10      0.28        49    3.0   0.1    82   109  1285  1312  1280  1319 0.86 putative ankyrin repeat protein [Beauveria bassiana]
KAF1734198.1         -           1341 51188at5125          -            138     3e-27   94.4  12.8  10  10      0.96   1.7e+02    1.2   0.1    78   104  1313  1340  1307  1341 0.79 putative ankyrin repeat protein [Beauveria bassiana]
KAF1734847.1         -           1424 51188at5125          -            138   1.8e-25   88.6   8.4   1  14      0.13        23    4.0   0.0     7   108   429   528   423   534 0.63 Ankyrin-3 [Beauveria bassiana]
KAF1734847.1         -           1424 51188at5125          -            138   1.8e-25   88.6   8.4   2  14      0.46        79    2.3   0.0    54   107   502   551   488   560 0.56 Ankyrin-3 [Beauveria bassiana]
KAF1734847.1         -           1424 51188at5125          -            138   1.8e-25   88.6   8.4   3  14   6.9e-05     0.012   14.7   0.1    17   107   535   622   532   632 0.82 Ankyrin-3 [Beauveria bassiana]
KAF1734847.1         -           1424 51188at5125          -            138   1.8e-25   88.6   8.4   4  14    0.0058         1    8.4   0.0    42    64   633   655   623   663 0.70 Ankyrin-3 [Beauveria bassiana]
KAF1734847.1         -           1424 51188at5125          -            138   1.8e-25   88.6   8.4   5  14     5e-05    0.0086   15.1   0.2    50   106   673   728   665   734 0.81 Ankyrin-3 [Beauveria bassiana]
KAF1734847.1         -           1424 51188at5125          -            138   1.8e-25   88.6   8.4   6  14      0.82   1.4e+02    1.5   0.0    88   106   736   754   730   776 0.79 Ankyrin-3 [Beauveria bassiana]
KAF1734847.1         -           1424 51188at5125          -            138   1.8e-25   88.6   8.4   7  14      0.42        73    2.4   0.0    75   111   824   863   799   883 0.67 Ankyrin-3 [Beauveria bassiana]
KAF1734847.1         -           1424 51188at5125          -            138   1.8e-25   88.6   8.4   8  14      0.17        29    3.7   0.0    45   125   835   915   827   919 0.61 Ankyrin-3 [Beauveria bassiana]
KAF1734847.1         -           1424 51188at5125          -            138   1.8e-25   88.6   8.4   9  14     0.056       9.7    5.2   0.0    80   111   903   936   898   942 0.84 Ankyrin-3 [Beauveria bassiana]
KAF1734847.1         -           1424 51188at5125          -            138   1.8e-25   88.6   8.4  10  14   1.6e-05    0.0028   16.7   0.1    83   126   941   984   937   985 0.92 Ankyrin-3 [Beauveria bassiana]
KAF1734847.1         -           1424 51188at5125          -            138   1.8e-25   88.6   8.4  11  14     0.042       7.3    5.6   0.0    45    92   977  1025   973  1037 0.75 Ankyrin-3 [Beauveria bassiana]
KAF1734847.1         -           1424 51188at5125          -            138   1.8e-25   88.6   8.4  12  14       7.5   1.3e+03   -1.6   0.0    81   110  1054  1083  1024  1086 0.79 Ankyrin-3 [Beauveria bassiana]
KAF1734847.1         -           1424 51188at5125          -            138   1.8e-25   88.6   8.4  13  14      0.45        78    2.3   0.0    80   110  1158  1188  1145  1194 0.86 Ankyrin-3 [Beauveria bassiana]
KAF1734847.1         -           1424 51188at5125          -            138   1.8e-25   88.6   8.4  14  14       0.3        51    2.9   0.0    86   111  1197  1222  1190  1226 0.85 Ankyrin-3 [Beauveria bassiana]
KAF1734848.1         -           1424 51188at5125          -            138   1.8e-25   88.6   8.4   1  14      0.13        23    4.0   0.0     7   108   429   528   423   534 0.63 Ankyrin-3 [Beauveria bassiana]
KAF1734848.1         -           1424 51188at5125          -            138   1.8e-25   88.6   8.4   2  14      0.46        79    2.3   0.0    54   107   502   551   488   560 0.56 Ankyrin-3 [Beauveria bassiana]
KAF1734848.1         -           1424 51188at5125          -            138   1.8e-25   88.6   8.4   3  14   6.9e-05     0.012   14.7   0.1    17   107   535   622   532   632 0.82 Ankyrin-3 [Beauveria bassiana]
KAF1734848.1         -           1424 51188at5125          -            138   1.8e-25   88.6   8.4   4  14    0.0058         1    8.4   0.0    42    64   633   655   623   663 0.70 Ankyrin-3 [Beauveria bassiana]
KAF1734848.1         -           1424 51188at5125          -            138   1.8e-25   88.6   8.4   5  14     5e-05    0.0086   15.1   0.2    50   106   673   728   665   734 0.81 Ankyrin-3 [Beauveria bassiana]
KAF1734848.1         -           1424 51188at5125          -            138   1.8e-25   88.6   8.4   6  14      0.82   1.4e+02    1.5   0.0    88   106   736   754   730   776 0.79 Ankyrin-3 [Beauveria bassiana]
KAF1734848.1         -           1424 51188at5125          -            138   1.8e-25   88.6   8.4   7  14      0.42        73    2.4   0.0    75   111   824   863   799   883 0.67 Ankyrin-3 [Beauveria bassiana]
KAF1734848.1         -           1424 51188at5125          -            138   1.8e-25   88.6   8.4   8  14      0.17        29    3.7   0.0    45   125   835   915   827   919 0.61 Ankyrin-3 [Beauveria bassiana]
KAF1734848.1         -           1424 51188at5125          -            138   1.8e-25   88.6   8.4   9  14     0.056       9.7    5.2   0.0    80   111   903   936   898   942 0.84 Ankyrin-3 [Beauveria bassiana]
KAF1734848.1         -           1424 51188at5125          -            138   1.8e-25   88.6   8.4  10  14   1.6e-05    0.0028   16.7   0.1    83   126   941   984   937   985 0.92 Ankyrin-3 [Beauveria bassiana]
KAF1734848.1         -           1424 51188at5125          -            138   1.8e-25   88.6   8.4  11  14     0.042       7.3    5.6   0.0    45    92   977  1025   973  1037 0.75 Ankyrin-3 [Beauveria bassiana]
KAF1734848.1         -           1424 51188at5125          -            138   1.8e-25   88.6   8.4  12  14       7.5   1.3e+03   -1.6   0.0    81   110  1054  1083  1024  1086 0.79 Ankyrin-3 [Beauveria bassiana]
KAF1734848.1         -           1424 51188at5125          -            138   1.8e-25   88.6   8.4  13  14      0.45        78    2.3   0.0    80   110  1158  1188  1145  1194 0.86 Ankyrin-3 [Beauveria bassiana]
KAF1734848.1         -           1424 51188at5125          -            138   1.8e-25   88.6   8.4  14  14       0.3        51    2.9   0.0    86   111  1197  1222  1190  1226 0.85 Ankyrin-3 [Beauveria bassiana]
KAF1737858.1         -           1141 51188at5125          -            138   2.1e-25   88.4  21.5   1   9    0.0012      0.21   10.6   0.0    78   110   550   582   541   598 0.90 Ankyrin-2 [Beauveria bassiana]
KAF1737858.1         -           1141 51188at5125          -            138   2.1e-25   88.4  21.5   2   9    0.0016      0.28   10.2   0.0    80   108   622   650   612   657 0.88 Ankyrin-2 [Beauveria bassiana]
KAF1737858.1         -           1141 51188at5125          -            138   2.1e-25   88.4  21.5   3   9      0.57        99    2.0   0.0    81   109   656   684   650   690 0.86 Ankyrin-2 [Beauveria bassiana]
KAF1737858.1         -           1141 51188at5125          -            138   2.1e-25   88.4  21.5   4   9    0.0022      0.39    9.8   0.0    47   109   663   718   659   732 0.75 Ankyrin-2 [Beauveria bassiana]
KAF1737858.1         -           1141 51188at5125          -            138   2.1e-25   88.4  21.5   5   9     0.051       8.8    5.4   0.0    88   111   731   754   724   759 0.83 Ankyrin-2 [Beauveria bassiana]
KAF1737858.1         -           1141 51188at5125          -            138   2.1e-25   88.4  21.5   6   9   4.5e-07   7.8e-05   21.8   0.1    81   110   757   786   754   792 0.89 Ankyrin-2 [Beauveria bassiana]
KAF1737858.1         -           1141 51188at5125          -            138   2.1e-25   88.4  21.5   7   9   0.00038     0.065   12.3   0.1    83   111   792   820   786   825 0.85 Ankyrin-2 [Beauveria bassiana]
KAF1737858.1         -           1141 51188at5125          -            138   2.1e-25   88.4  21.5   8   9   2.2e-05    0.0038   16.3   2.4    44   108   827   886   821   891 0.83 Ankyrin-2 [Beauveria bassiana]
KAF1737858.1         -           1141 51188at5125          -            138   2.1e-25   88.4  21.5   9   9     0.035       6.1    5.9   0.0    83   112   968   997   961  1005 0.87 Ankyrin-2 [Beauveria bassiana]
KAF1732333.1         -            793 51188at5125          -            138   2.1e-24   85.1  10.5   1   8     0.086        15    4.7   0.0    88   112   368   392   364   397 0.87 Ankyrin repeat domain-containing protein 50 [Beauveria bassiana]
KAF1732333.1         -            793 51188at5125          -            138   2.1e-24   85.1  10.5   2   8     0.053       9.1    5.3   0.0    85   107   397   419   390   428 0.82 Ankyrin repeat domain-containing protein 50 [Beauveria bassiana]
KAF1732333.1         -            793 51188at5125          -            138   2.1e-24   85.1  10.5   3   8   6.6e-06    0.0011   18.0   0.0    49   109   437   490   424   495 0.85 Ankyrin repeat domain-containing protein 50 [Beauveria bassiana]
KAF1732333.1         -            793 51188at5125          -            138   2.1e-24   85.1  10.5   4   8    0.0094       1.6    7.8   0.0    79   113   492   526   489   550 0.78 Ankyrin repeat domain-containing protein 50 [Beauveria bassiana]
KAF1732333.1         -            793 51188at5125          -            138   2.1e-24   85.1  10.5   5   8   0.00024     0.042   12.9   0.0    87   125   570   607   556   611 0.85 Ankyrin repeat domain-containing protein 50 [Beauveria bassiana]
KAF1732333.1         -            793 51188at5125          -            138   2.1e-24   85.1  10.5   6   8      0.37        64    2.6   0.0    49   109   605   659   599   670 0.82 Ankyrin repeat domain-containing protein 50 [Beauveria bassiana]
KAF1732333.1         -            793 51188at5125          -            138   2.1e-24   85.1  10.5   7   8     0.018       3.1    6.9   0.1    82   124   670   712   649   721 0.83 Ankyrin repeat domain-containing protein 50 [Beauveria bassiana]
KAF1732333.1         -            793 51188at5125          -            138   2.1e-24   85.1  10.5   8   8   4.4e-09   7.6e-07   28.3   0.3    50   127   712   782   707   789 0.89 Ankyrin repeat domain-containing protein 50 [Beauveria bassiana]
KAF1731462.1         -            344 51188at5125          -            138   7.7e-22   76.8   0.8   1   3     1e-08   1.8e-06   27.0   0.0    23   113   132   214   123   218 0.90 Ankyrin-1 [Beauveria bassiana]
KAF1731462.1         -            344 51188at5125          -            138   7.7e-22   76.8   0.8   2   3   5.9e-07    0.0001   21.4   0.0    83   124   218   258   214   261 0.84 Ankyrin-1 [Beauveria bassiana]
KAF1731462.1         -            344 51188at5125          -            138   7.7e-22   76.8   0.8   3   3   1.1e-08   1.9e-06   27.0   0.0    44   118   252   319   246   336 0.83 Ankyrin-1 [Beauveria bassiana]
KAF1737640.1         -            784 51188at5125          -            138   1.1e-21   76.4  12.0   1  10    0.0014      0.25   10.4   0.0    76   120    44    89    24   101 0.85 Ankyrin-2 [Beauveria bassiana]
KAF1737640.1         -            784 51188at5125          -            138   1.1e-21   76.4  12.0   2  10      0.88   1.5e+02    1.4   0.0    86   127   182   221   168   227 0.81 Ankyrin-2 [Beauveria bassiana]
KAF1737640.1         -            784 51188at5125          -            138   1.1e-21   76.4  12.0   3  10     0.016       2.7    7.0   0.0    80   109   243   272   234   291 0.86 Ankyrin-2 [Beauveria bassiana]
KAF1737640.1         -            784 51188at5125          -            138   1.1e-21   76.4  12.0   4  10      0.21        37    3.4   0.1    82   121   279   319   271   336 0.58 Ankyrin-2 [Beauveria bassiana]
KAF1737640.1         -            784 51188at5125          -            138   1.1e-21   76.4  12.0   5  10   5.7e-05    0.0098   15.0   0.2    10   128   344   456   335   464 0.75 Ankyrin-2 [Beauveria bassiana]
KAF1737640.1         -            784 51188at5125          -            138   1.1e-21   76.4  12.0   6  10   0.00023     0.039   13.0   0.1    82   110   476   504   469   508 0.92 Ankyrin-2 [Beauveria bassiana]
KAF1737640.1         -            784 51188at5125          -            138   1.1e-21   76.4  12.0   7  10   0.00014     0.024   13.7   0.0    43   110   511   570   505   578 0.84 Ankyrin-2 [Beauveria bassiana]
KAF1737640.1         -            784 51188at5125          -            138   1.1e-21   76.4  12.0   8  10    0.0011       0.2   10.7   0.0    45   110   546   602   546   616 0.78 Ankyrin-2 [Beauveria bassiana]
KAF1737640.1         -            784 51188at5125          -            138   1.1e-21   76.4  12.0   9  10      0.24        41    3.2   0.0    83   109   641   667   630   684 0.79 Ankyrin-2 [Beauveria bassiana]
KAF1737640.1         -            784 51188at5125          -            138   1.1e-21   76.4  12.0  10  10       1.2   2.1e+02    0.9   0.1    39   109   671   736   656   744 0.59 Ankyrin-2 [Beauveria bassiana]
KAF1734134.1         -            633 51188at5125          -            138   6.3e-21   73.9   7.2   1   4    0.0011      0.19   10.8   0.0    81   105   325   349   309   354 0.87 Ankyrin-1 [Beauveria bassiana]
KAF1734134.1         -            633 51188at5125          -            138   6.3e-21   73.9   7.2   2   4   1.1e-10     2e-08   33.4   0.5    34   126   354   442   350   453 0.85 Ankyrin-1 [Beauveria bassiana]
KAF1734134.1         -            633 51188at5125          -            138   6.3e-21   73.9   7.2   3   4    0.0086       1.5    7.9   0.0    43    67   468   492   451   514 0.78 Ankyrin-1 [Beauveria bassiana]
KAF1734134.1         -            633 51188at5125          -            138   6.3e-21   73.9   7.2   4   4   2.8e-07   4.9e-05   22.4   0.1    40   128   535   616   528   626 0.78 Ankyrin-1 [Beauveria bassiana]
KAF1736116.1         -            569 51188at5125          -            138   1.8e-19   69.2  10.2   1   9       7.8   1.4e+03   -1.7   0.0    86   105    53    72    43    82 0.71 Ankyrin-3 [Beauveria bassiana]
KAF1736116.1         -            569 51188at5125          -            138   1.8e-19   69.2  10.2   2   9   2.4e-05    0.0042   16.1   0.0    78   134   125   181    76   185 0.73 Ankyrin-3 [Beauveria bassiana]
KAF1736116.1         -            569 51188at5125          -            138   1.8e-19   69.2  10.2   3   9    0.0053      0.91    8.6   0.0    86   127   166   207   161   214 0.92 Ankyrin-3 [Beauveria bassiana]
KAF1736116.1         -            569 51188at5125          -            138   1.8e-19   69.2  10.2   4   9     0.039       6.8    5.7   0.0    81   127   194   240   188   242 0.89 Ankyrin-3 [Beauveria bassiana]
KAF1736116.1         -            569 51188at5125          -            138   1.8e-19   69.2  10.2   5   9    0.0015      0.26   10.3   0.0    82   125   228   271   221   275 0.90 Ankyrin-3 [Beauveria bassiana]
KAF1736116.1         -            569 51188at5125          -            138   1.8e-19   69.2  10.2   6   9      0.16        28    3.8   0.0    87   110   266   289   263   295 0.89 Ankyrin-3 [Beauveria bassiana]
KAF1736116.1         -            569 51188at5125          -            138   1.8e-19   69.2  10.2   7   9   0.00011      0.02   14.0   0.2    50   118   303   360   292   371 0.80 Ankyrin-3 [Beauveria bassiana]
KAF1736116.1         -            569 51188at5125          -            138   1.8e-19   69.2  10.2   8   9     0.052         9    5.4   0.0    40   105   359   417   356   428 0.78 Ankyrin-3 [Beauveria bassiana]
KAF1736116.1         -            569 51188at5125          -            138   1.8e-19   69.2  10.2   9   9     4e-06   0.00069   18.7   0.0    42   114   429   496   421   512 0.83 Ankyrin-3 [Beauveria bassiana]
KAF1733189.1         -            711 51188at5125          -            138   3.5e-19   68.3  22.1   1   5       1.6   2.8e+02    0.5   0.0    93   114   393   414   388   418 0.81 Ankyrin repeat domain-containing protein 17 [Beauveria bassiana]
KAF1733189.1         -            711 51188at5125          -            138   3.5e-19   68.3  22.1   2   5   3.7e-08   6.4e-06   25.3   1.9    42   114   418   484   410   499 0.79 Ankyrin repeat domain-containing protein 17 [Beauveria bassiana]
KAF1733189.1         -            711 51188at5125          -            138   3.5e-19   68.3  22.1   3   5   6.5e-05     0.011   14.8   0.3    52   109   514   565   493   574 0.82 Ankyrin repeat domain-containing protein 17 [Beauveria bassiana]
KAF1733189.1         -            711 51188at5125          -            138   3.5e-19   68.3  22.1   4   5   0.00082      0.14   11.2   0.4    44   108   576   634   567   641 0.77 Ankyrin repeat domain-containing protein 17 [Beauveria bassiana]
KAF1733189.1         -            711 51188at5125          -            138   3.5e-19   68.3  22.1   5   5   5.8e-08     1e-05   24.6   0.4    38   109   640   705   636   710 0.82 Ankyrin repeat domain-containing protein 17 [Beauveria bassiana]
KAF1730507.1         -           1213 51188at5125          -            138   3.7e-19   68.2   1.3   1   5   0.00071      0.12   11.4   0.0    70   124   964  1018   945  1027 0.77 Fibronectin type 3 and ankyrin repeat domains protein 1 [Beauveria bassiana]
KAF1730507.1         -           1213 51188at5125          -            138   3.7e-19   68.2   1.3   2   5      0.22        39    3.3   0.0    81   109  1008  1036  1005  1040 0.89 Fibronectin type 3 and ankyrin repeat domains protein 1 [Beauveria bassiana]
KAF1730507.1         -           1213 51188at5125          -            138   3.7e-19   68.2   1.3   3   5   1.2e-05    0.0021   17.1   0.2    79   109  1039  1069  1014  1075 0.72 Fibronectin type 3 and ankyrin repeat domains protein 1 [Beauveria bassiana]
KAF1730507.1         -           1213 51188at5125          -            138   3.7e-19   68.2   1.3   4   5    0.0086       1.5    7.9   0.1    82   109  1075  1102  1070  1112 0.88 Fibronectin type 3 and ankyrin repeat domains protein 1 [Beauveria bassiana]
KAF1730507.1         -           1213 51188at5125          -            138   3.7e-19   68.2   1.3   5   5   3.1e-08   5.3e-06   25.5   0.0    77   128  1134  1185  1120  1193 0.90 Fibronectin type 3 and ankyrin repeat domains protein 1 [Beauveria bassiana]
KAF1729947.1         -            368 51188at5125          -            138   3.1e-17   61.9   9.3   1   4     0.095        16    4.5   0.1    78   110    43    75    39    80 0.84 Ankyrin repeat domain-containing protein 50 [Beauveria bassiana]
KAF1729947.1         -            368 51188at5125          -            138   3.1e-17   61.9   9.3   2   4   0.00026     0.045   12.8   0.1    79   119    77   117    74   124 0.82 Ankyrin repeat domain-containing protein 50 [Beauveria bassiana]
KAF1729947.1         -            368 51188at5125          -            138   3.1e-17   61.9   9.3   3   4     1e-08   1.8e-06   27.1   0.3    35   107   126   191   110   198 0.83 Ankyrin repeat domain-containing protein 50 [Beauveria bassiana]
KAF1729947.1         -            368 51188at5125          -            138   3.1e-17   61.9   9.3   4   4   9.3e-07   0.00016   20.7   0.2    43   126   202   278   194   286 0.85 Ankyrin repeat domain-containing protein 50 [Beauveria bassiana]
KAF1730286.1         -            219 51188at5125          -            138     2e-16   59.3   0.2   1   3   0.00062      0.11   11.6   0.0    81   128    19    67    11    74 0.88 Ankyrin repeat-containing protein C6C3.08 [Beauveria bassiana]
KAF1730286.1         -            219 51188at5125          -            138     2e-16   59.3   0.2   2   3   2.6e-07   4.5e-05   22.5   0.0    80   126    86   132    78   139 0.90 Ankyrin repeat-containing protein C6C3.08 [Beauveria bassiana]
KAF1730286.1         -            219 51188at5125          -            138     2e-16   59.3   0.2   3   3   5.8e-07    0.0001   21.4   0.0    82   132   154   206   146   211 0.87 Ankyrin repeat-containing protein C6C3.08 [Beauveria bassiana]
KAF1732065.1         -            363 51188at5125          -            138   4.5e-16   58.2  13.3   1   7   3.5e-05    0.0061   15.6   0.1    45   110    28    87    16    96 0.79 putative ankyrin repeat protein [Beauveria bassiana]
KAF1732065.1         -            363 51188at5125          -            138   4.5e-16   58.2  13.3   2   7   5.9e-08     1e-05   24.6   0.1    44   110    95   153    86   164 0.85 putative ankyrin repeat protein [Beauveria bassiana]
KAF1732065.1         -            363 51188at5125          -            138   4.5e-16   58.2  13.3   3   7      0.18        31    3.6   0.0    81   115   157   191   153   202 0.78 putative ankyrin repeat protein [Beauveria bassiana]
KAF1732065.1         -            363 51188at5125          -            138   4.5e-16   58.2  13.3   4   7      0.16        28    3.8   0.1    81   111   190   219   186   245 0.77 putative ankyrin repeat protein [Beauveria bassiana]
KAF1732065.1         -            363 51188at5125          -            138   4.5e-16   58.2  13.3   5   7       3.9   6.7e+02   -0.7   0.0    79    95   223   239   217   255 0.72 putative ankyrin repeat protein [Beauveria bassiana]
KAF1732065.1         -            363 51188at5125          -            138   4.5e-16   58.2  13.3   6   7    0.0046      0.79    8.8   0.8    80   123   258   301   228   311 0.79 putative ankyrin repeat protein [Beauveria bassiana]
KAF1732065.1         -            363 51188at5125          -            138   4.5e-16   58.2  13.3   7   7     0.031       5.4    6.1   0.0    78   109   331   362   324   363 0.93 putative ankyrin repeat protein [Beauveria bassiana]
KAF1734115.1         -            770 51188at5125          -            138   5.3e-16   57.9   6.5   1   6   7.8e-05     0.014   14.5   0.5    35   118   420   494   394   504 0.74 Vegetative incompatibility protein HET-E-1 [Beauveria bassiana]
KAF1734115.1         -            770 51188at5125          -            138   5.3e-16   57.9   6.5   2   6     0.017       2.9    6.9   0.0    37   108   487   550   484   555 0.79 Vegetative incompatibility protein HET-E-1 [Beauveria bassiana]
KAF1734115.1         -            770 51188at5125          -            138   5.3e-16   57.9   6.5   3   6     0.016       2.7    7.0   0.0    81   109   556   584   547   591 0.79 Vegetative incompatibility protein HET-E-1 [Beauveria bassiana]
KAF1734115.1         -            770 51188at5125          -            138   5.3e-16   57.9   6.5   4   6   3.2e-06   0.00055   19.0   0.0    41   111   590   652   583   663 0.86 Vegetative incompatibility protein HET-E-1 [Beauveria bassiana]
KAF1734115.1         -            770 51188at5125          -            138   5.3e-16   57.9   6.5   5   6      0.33        58    2.7   0.0    85   127   663   705   657   714 0.75 Vegetative incompatibility protein HET-E-1 [Beauveria bassiana]
KAF1734115.1         -            770 51188at5125          -            138   5.3e-16   57.9   6.5   6   6     0.025       4.4    6.4   0.0    79   105   723   749   695   755 0.75 Vegetative incompatibility protein HET-E-1 [Beauveria bassiana]
KAF1737740.1         -            434 51188at5125          -            138   8.2e-16   57.3   9.6   1   5     0.033       5.7    6.0   0.1    83   112   122   151   108   156 0.81 Ankyrin repeat and protein kinase domain-containing protein 1 [Beauveria bassiana]
KAF1737740.1         -            434 51188at5125          -            138   8.2e-16   57.3   9.6   2   5   9.6e-05     0.017   14.2   0.0    85   110   157   182   152   200 0.86 Ankyrin repeat and protein kinase domain-containing protein 1 [Beauveria bassiana]
KAF1737740.1         -            434 51188at5125          -            138   8.2e-16   57.3   9.6   3   5    0.0015      0.25   10.4   0.0    81   112   218   249   205   252 0.87 Ankyrin repeat and protein kinase domain-containing protein 1 [Beauveria bassiana]
KAF1737740.1         -            434 51188at5125          -            138   8.2e-16   57.3   9.6   4   5   4.8e-06   0.00084   18.4   0.2    81   115   251   285   247   287 0.92 Ankyrin repeat and protein kinase domain-containing protein 1 [Beauveria bassiana]
KAF1737740.1         -            434 51188at5125          -            138   8.2e-16   57.3   9.6   5   5   0.00044     0.077   12.1   0.1    82   135   285   344   282   348 0.68 Ankyrin repeat and protein kinase domain-containing protein 1 [Beauveria bassiana]
KAF1736949.1         -           1284 51188at5125          -            138   8.4e-15   54.0   0.3   1   2   3.4e-10     6e-08   31.9   0.0    45   109   746   810   744   817 0.93 Ankyrin-3 [Beauveria bassiana]
KAF1736949.1         -           1284 51188at5125          -            138   8.4e-15   54.0   0.3   2   2     1e-05    0.0018   17.4   0.0    43   109   818   876   811   881 0.78 Ankyrin-3 [Beauveria bassiana]
KAF1733502.1         -            730 51188at5125          -            138   1.1e-14   53.7   0.3   1   3   3.7e-09   6.4e-07   28.5   0.1    11   124    59   165    59   177 0.90 Palmitoyltransferase AKR1 [Beauveria bassiana]
KAF1733502.1         -            730 51188at5125          -            138   1.1e-14   53.7   0.3   2   3     0.011       1.9    7.5   0.0    81   111   188   218   160   223 0.75 Palmitoyltransferase AKR1 [Beauveria bassiana]
KAF1733502.1         -            730 51188at5125          -            138   1.1e-14   53.7   0.3   3   3    0.0013      0.22   10.6   0.0    80   109   220   249   216   260 0.87 Palmitoyltransferase AKR1 [Beauveria bassiana]
KAF1739440.1         -           1144 51188at5125          -            138   2.4e-13   49.3   2.1   1   4     0.016       2.8    7.0   0.0    57   107   337   387   332   391 0.89 Glycerophosphodiester phosphodiesterase GDE1 [Beauveria bassiana]
KAF1739440.1         -           1144 51188at5125          -            138   2.4e-13   49.3   2.1   2   4     0.017       2.9    6.9   0.0    46   108   412   475   406   482 0.80 Glycerophosphodiester phosphodiesterase GDE1 [Beauveria bassiana]
KAF1739440.1         -           1144 51188at5125          -            138   2.4e-13   49.3   2.1   3   4   1.9e-08   3.4e-06   26.2   0.1    43   111   484   549   475   553 0.87 Glycerophosphodiester phosphodiesterase GDE1 [Beauveria bassiana]
KAF1739440.1         -           1144 51188at5125          -            138   2.4e-13   49.3   2.1   4   4     0.034       5.8    6.0   0.1    80   103   551   574   548   582 0.88 Glycerophosphodiester phosphodiesterase GDE1 [Beauveria bassiana]
KAF1734930.1         -            286 51188at5125          -            138   3.4e-13   48.8   9.3   1   4    0.0022      0.38    9.8   0.1    41   110    24    88    16    97 0.78 Ankyrin repeat and KH domain-containing protein mask [Beauveria bassiana]
KAF1734930.1         -            286 51188at5125          -            138   3.4e-13   48.8   9.3   2   4      0.59     1e+02    1.9   0.0    80   109    93   122    87   130 0.83 Ankyrin repeat and KH domain-containing protein mask [Beauveria bassiana]
KAF1734930.1         -            286 51188at5125          -            138   3.4e-13   48.8   9.3   3   4   4.7e-10   8.2e-08   31.4   0.4     7   114   109   214   103   218 0.75 Ankyrin repeat and KH domain-containing protein mask [Beauveria bassiana]
KAF1734930.1         -            286 51188at5125          -            138   3.4e-13   48.8   9.3   4   4     0.005      0.87    8.6   0.6    45   109   221   279   214   285 0.71 Ankyrin repeat and KH domain-containing protein mask [Beauveria bassiana]
KAF1730786.1         -            426 51188at5125          -            138     2e-12   46.3   9.2   1   6     0.018       3.1    6.9   0.0    87   109   237   259   218   263 0.86 Ankyrin repeat domain-containing protein 50 [Beauveria bassiana]
KAF1730786.1         -            426 51188at5125          -            138     2e-12   46.3   9.2   2   6   0.00034     0.059   12.4   0.1    82   109   266   292   259   300 0.86 Ankyrin repeat domain-containing protein 50 [Beauveria bassiana]
KAF1730786.1         -            426 51188at5125          -            138     2e-12   46.3   9.2   3   6     0.017       2.9    6.9   0.0    87   109   303   325   292   333 0.87 Ankyrin repeat domain-containing protein 50 [Beauveria bassiana]
KAF1730786.1         -            426 51188at5125          -            138     2e-12   46.3   9.2   4   6     0.033       5.7    6.0   0.1    88   109   337   358   326   370 0.84 Ankyrin repeat domain-containing protein 50 [Beauveria bassiana]
KAF1730786.1         -            426 51188at5125          -            138     2e-12   46.3   9.2   5   6   0.00088      0.15   11.1   0.0    87   110   369   392   360   398 0.86 Ankyrin repeat domain-containing protein 50 [Beauveria bassiana]
KAF1730786.1         -            426 51188at5125          -            138     2e-12   46.3   9.2   6   6      0.13        23    4.1   0.0    90   108   405   423   391   426 0.75 Ankyrin repeat domain-containing protein 50 [Beauveria bassiana]
KAF1736290.1         -           1915 51188at5125          -            138   7.6e-12   44.5   0.7   1   8      0.26        45    3.1   0.0    50   109   575   627   553   634 0.71 uncharacterized protein CRV24_001897 [Beauveria bassiana]
KAF1736290.1         -           1915 51188at5125          -            138   7.6e-12   44.5   0.7   2   8   0.00028     0.048   12.7   0.0    83   109   634   660   631   684 0.88 uncharacterized protein CRV24_001897 [Beauveria bassiana]
KAF1736290.1         -           1915 51188at5125          -            138   7.6e-12   44.5   0.7   3   8    0.0065       1.1    8.3   0.0    86   114   771   799   760   815 0.87 uncharacterized protein CRV24_001897 [Beauveria bassiana]
KAF1736290.1         -           1915 51188at5125          -            138   7.6e-12   44.5   0.7   4   8      0.56        97    2.0   0.1    79   113   839   873   834   881 0.81 uncharacterized protein CRV24_001897 [Beauveria bassiana]
KAF1736290.1         -           1915 51188at5125          -            138   7.6e-12   44.5   0.7   5   8      0.75   1.3e+02    1.6   0.0    81   119  1196  1234  1173  1243 0.78 uncharacterized protein CRV24_001897 [Beauveria bassiana]
KAF1736290.1         -           1915 51188at5125          -            138   7.6e-12   44.5   0.7   6   8       1.5   2.6e+02    0.6   0.0    87   106  1442  1461  1421  1478 0.72 uncharacterized protein CRV24_001897 [Beauveria bassiana]
KAF1736290.1         -           1915 51188at5125          -            138   7.6e-12   44.5   0.7   7   8       1.4   2.4e+02    0.7   0.0    83   116  1541  1574  1520  1581 0.84 uncharacterized protein CRV24_001897 [Beauveria bassiana]
KAF1736290.1         -           1915 51188at5125          -            138   7.6e-12   44.5   0.7   8   8      0.71   1.2e+02    1.7   0.0    81   106  1662  1687  1650  1713 0.80 uncharacterized protein CRV24_001897 [Beauveria bassiana]
KAF1734322.1         -            250 51188at5125          -            138   3.4e-11   42.4   4.6   1   3   7.6e-07   0.00013   21.0   1.6    45   112    45   106    16   117 0.86 Target of rapamycin complex 2 subunit AVO2 [Beauveria bassiana]
KAF1734322.1         -            250 51188at5125          -            138   3.4e-11   42.4   4.6   2   3      0.56        98    2.0   0.0    80   105   108   133   103   141 0.82 Target of rapamycin complex 2 subunit AVO2 [Beauveria bassiana]
KAF1734322.1         -            250 51188at5125          -            138   3.4e-11   42.4   4.6   3   3   9.6e-07   0.00017   20.7   0.1    50   123   119   189   115   204 0.75 Target of rapamycin complex 2 subunit AVO2 [Beauveria bassiana]
KAF1730092.1         -           1185 51188at5125          -            138     3e-10   39.3   3.2   1   4    0.0018      0.32   10.1   0.1    90   136   692   742   679   744 0.77 Vegetative incompatibility protein HET-E-1 [Beauveria bassiana]
KAF1730092.1         -           1185 51188at5125          -            138     3e-10   39.3   3.2   2   4   4.9e-06   0.00084   18.4   0.0    60   126   750   818   743   822 0.79 Vegetative incompatibility protein HET-E-1 [Beauveria bassiana]
KAF1730092.1         -           1185 51188at5125          -            138     3e-10   39.3   3.2   3   4    0.0088       1.5    7.9   0.0    80   125   888   935   878   952 0.84 Vegetative incompatibility protein HET-E-1 [Beauveria bassiana]
KAF1730092.1         -           1185 51188at5125          -            138     3e-10   39.3   3.2   4   4       6.7   1.2e+03   -1.5   0.0    47   107   964  1027   956  1033 0.61 Vegetative incompatibility protein HET-E-1 [Beauveria bassiana]
KAF1731841.1         -           1391 51188at5125          -            138   1.8e-09   36.8   0.2   1   3   2.8e-05    0.0049   15.9   0.0    46   114   354   415   343   424 0.75 Protein HOS4 [Beauveria bassiana]
KAF1731841.1         -           1391 51188at5125          -            138   1.8e-09   36.8   0.2   2   3     5e-05    0.0086   15.1   0.0    85   126   419   460   411   468 0.84 Protein HOS4 [Beauveria bassiana]
KAF1731841.1         -           1391 51188at5125          -            138   1.8e-09   36.8   0.2   3   3      0.99   1.7e+02    1.2   0.1    87   110   567   590   535   618 0.70 Protein HOS4 [Beauveria bassiana]
KAF1736954.1         -            264 51188at5125          -            138   1.9e-09   36.7   0.1   1   3   9.5e-06    0.0016   17.5   0.0    80   107    29    56    17    73 0.84 Ankyrin-1 [Beauveria bassiana]
KAF1736954.1         -            264 51188at5125          -            138   1.9e-09   36.7   0.1   2   3      0.59     1e+02    1.9   0.0    86   109   103   126    92   131 0.87 Ankyrin-1 [Beauveria bassiana]
KAF1736954.1         -            264 51188at5125          -            138   1.9e-09   36.7   0.1   3   3   0.00017      0.03   13.4   0.0    81   112   131   162   126   169 0.87 Ankyrin-1 [Beauveria bassiana]
KAF1735434.1         -            800 51188at5125          -            138   4.6e-09   35.5   0.2   1   2       5.9     1e+03   -1.3   0.0    40    90   520   572   507   575 0.73 Vegetative incompatibility protein HET-E-1 [Beauveria bassiana]
KAF1735434.1         -            800 51188at5125          -            138   4.6e-09   35.5   0.2   2   2   2.6e-10   4.5e-08   32.2   0.1    43   113   691   753   682   774 0.89 Vegetative incompatibility protein HET-E-1 [Beauveria bassiana]
KAF1737577.1         -           1185 51188at5125          -            138   7.9e-09   34.7   7.5   1   6     6e-07    0.0001   21.4   0.0     9   109   861   953   857   961 0.84 putative ankyrin repeat protein [Beauveria bassiana]
KAF1737577.1         -           1185 51188at5125          -            138   7.9e-09   34.7   7.5   2   6       0.1        17    4.4   0.2    45   109   977  1033   973  1037 0.64 putative ankyrin repeat protein [Beauveria bassiana]
KAF1737577.1         -           1185 51188at5125          -            138   7.9e-09   34.7   7.5   3   6       3.3   5.7e+02   -0.5   0.0    84   109  1041  1066  1033  1074 0.84 putative ankyrin repeat protein [Beauveria bassiana]
KAF1737577.1         -           1185 51188at5125          -            138   7.9e-09   34.7   7.5   4   6       4.4   7.6e+02   -0.9   0.0    88   109  1078  1099  1065  1104 0.83 putative ankyrin repeat protein [Beauveria bassiana]
KAF1737577.1         -           1185 51188at5125          -            138   7.9e-09   34.7   7.5   5   6      0.16        27    3.8   0.1    90   116  1113  1139  1101  1148 0.86 putative ankyrin repeat protein [Beauveria bassiana]
KAF1737577.1         -           1185 51188at5125          -            138   7.9e-09   34.7   7.5   6   6      0.38        66    2.6   0.0    87   109  1143  1165  1135  1173 0.80 putative ankyrin repeat protein [Beauveria bassiana]
KAF1737862.1         -           1324 51188at5125          -            138   8.5e-09   34.6   0.2   1   2   8.8e-08   1.5e-05   24.1   0.0    45   111   806   865   804   872 0.80 Vegetative incompatibility protein HET-E-1 [Beauveria bassiana]
KAF1737862.1         -           1324 51188at5125          -            138   8.5e-09   34.6   0.2   2   2     0.009       1.6    7.8   0.0    85   109   872   896   866   921 0.90 Vegetative incompatibility protein HET-E-1 [Beauveria bassiana]
KAF1732380.1         -           1618 51188at5125          -            138   2.9e-08   32.9   0.0   1   3   0.00047     0.081   12.0   0.0    79   128   867   916   830   924 0.83 Vegetative incompatibility protein HET-E-1 [Beauveria bassiana]
KAF1732380.1         -           1618 51188at5125          -            138   2.9e-08   32.9   0.0   2   3   5.3e-05    0.0091   15.1   0.0    21   125  1468  1568  1460  1579 0.79 Vegetative incompatibility protein HET-E-1 [Beauveria bassiana]
KAF1732380.1         -           1618 51188at5125          -            138   2.9e-08   32.9   0.0   3   3     0.041       7.1    5.7   0.0    80   119  1556  1595  1519  1609 0.58 Vegetative incompatibility protein HET-E-1 [Beauveria bassiana]
KAF1735755.1         -           1251 51188at5125          -            138   3.8e-08   32.5   0.1   1   2   4.1e-08   7.2e-06   25.1   0.0    32   126   146   236   123   245 0.84 Oxysterol-binding [Beauveria bassiana]
KAF1735755.1         -           1251 51188at5125          -            138   3.8e-08   32.5   0.1   2   2      0.12        21    4.1   0.0    83   129   299   345   291   352 0.86 Oxysterol-binding [Beauveria bassiana]
KAF1738302.1         -           1016 51188at5125          -            138   4.9e-08   32.1   0.8   1   4   3.5e-07   6.1e-05   22.1   0.1    36   126   329   412   315   425 0.82 Ankyrin repeat protein nuc-2 [Beauveria bassiana]
KAF1738302.1         -           1016 51188at5125          -            138   4.9e-08   32.1   0.8   2   4       8.9   1.6e+03   -1.9   0.0    95   109   414   428   411   434 0.84 Ankyrin repeat protein nuc-2 [Beauveria bassiana]
KAF1738302.1         -           1016 51188at5125          -            138   4.9e-08   32.1   0.8   3   4     0.073        13    4.9   0.0    84   118   470   504   462   513 0.89 Ankyrin repeat protein nuc-2 [Beauveria bassiana]
KAF1738302.1         -           1016 51188at5125          -            138   4.9e-08   32.1   0.8   4   4       2.3     4e+02    0.0   0.0    88   103   507   522   499   534 0.63 Ankyrin repeat protein nuc-2 [Beauveria bassiana]
KAF1732988.1         -            810 51188at5125          -            138   1.5e-07   30.5   0.1   1   2    0.0024      0.42    9.7   0.0    81   127   377   423   367   432 0.83 Start control protein cdc10 [Beauveria bassiana]
KAF1732988.1         -            810 51188at5125          -            138   1.5e-07   30.5   0.1   2   2   9.7e-06    0.0017   17.4   0.0    80   127   523   570   513   580 0.87 Start control protein cdc10 [Beauveria bassiana]
KAF1734862.1         -            730 51188at5125          -            138   3.1e-07   29.5   0.6   1   3       0.2        35    3.4   0.0    93   109   587   603   580   608 0.84 Vegetative incompatibility protein HET-E-1 [Beauveria bassiana]
KAF1734862.1         -            730 51188at5125          -            138   3.1e-07   29.5   0.6   2   3    0.0055      0.95    8.5   0.0    83   112   610   639   606   648 0.81 Vegetative incompatibility protein HET-E-1 [Beauveria bassiana]
KAF1734862.1         -            730 51188at5125          -            138   3.1e-07   29.5   0.6   3   3   0.00017      0.03   13.4   0.0    79   115   676   711   668   723 0.84 Vegetative incompatibility protein HET-E-1 [Beauveria bassiana]
KAF1737578.1         -            114 51188at5125          -            138     4e-07   29.2   1.0   1   3     0.001      0.18   10.9   0.1    87   109    19    41     8    49 0.84 putative ankyrin repeat protein [Beauveria bassiana]
KAF1737578.1         -            114 51188at5125          -            138     4e-07   29.2   1.0   2   3     0.005      0.88    8.6   0.0    85   111    50    76    42    81 0.86 putative ankyrin repeat protein [Beauveria bassiana]
KAF1737578.1         -            114 51188at5125          -            138     4e-07   29.2   1.0   3   3    0.0094       1.6    7.8   0.0    87   110    85   108    78   113 0.87 putative ankyrin repeat protein [Beauveria bassiana]
KAF1733967.1         -            942 51188at5125          -            138   7.7e-07   28.2   0.0   1   1   8.8e-09   1.5e-06   27.3   0.0    79   125   156   202   129   213 0.87 Heterokaryon incompatibility protein 6, OR allele [Beauveria bassiana]
KAF1734174.1         -            667 51188at5125          -            138   1.6e-06   27.3   0.0   1   2   0.00039     0.067   12.3   0.0    78   118   245   283   234   303 0.79 Cell division cycle-related protein res1/sct1 [Beauveria bassiana]
KAF1734174.1         -            667 51188at5125          -            138   1.6e-06   27.3   0.0   2   2   0.00047     0.082   12.0   0.0    59   125   340   412   304   420 0.68 Cell division cycle-related protein res1/sct1 [Beauveria bassiana]
KAF1734755.1         -           1005 51188at5125          -            138   3.7e-06   26.1   0.0   1   9         6     1e+03   -1.3   0.0    82   115   435   468   410   475 0.70 Ankyrin-1 [Beauveria bassiana]
KAF1734755.1         -           1005 51188at5125          -            138   3.7e-06   26.1   0.0   2   9         2   3.4e+02    0.2   0.0    88   128   472   512   449   515 0.81 Ankyrin-1 [Beauveria bassiana]
KAF1734755.1         -           1005 51188at5125          -            138   3.7e-06   26.1   0.0   3   9      0.23        40    3.3   0.0    81   127   498   544   491   555 0.87 Ankyrin-1 [Beauveria bassiana]
KAF1734755.1         -           1005 51188at5125          -            138   3.7e-06   26.1   0.0   4   9    0.0062       1.1    8.4   0.0    81   115   598   632   590   641 0.89 Ankyrin-1 [Beauveria bassiana]
KAF1734755.1         -           1005 51188at5125          -            138   3.7e-06   26.1   0.0   5   9       4.4   7.7e+02   -0.9   0.0    82   122   655   697   647   710 0.76 Ankyrin-1 [Beauveria bassiana]
KAF1734755.1         -           1005 51188at5125          -            138   3.7e-06   26.1   0.0   6   9       2.6   4.5e+02   -0.1   0.0    86   115   694   723   680   740 0.77 Ankyrin-1 [Beauveria bassiana]
KAF1734755.1         -           1005 51188at5125          -            138   3.7e-06   26.1   0.0   7   9       1.8   3.2e+02    0.3   0.0    83   115   784   816   766   829 0.84 Ankyrin-1 [Beauveria bassiana]
KAF1734755.1         -           1005 51188at5125          -            138   3.7e-06   26.1   0.0   8   9      0.72   1.2e+02    1.7   0.0    83   109   842   868   830   888 0.81 Ankyrin-1 [Beauveria bassiana]
KAF1734755.1         -           1005 51188at5125          -            138   3.7e-06   26.1   0.0   9   9       6.6   1.1e+03   -1.5   0.0    97   111   924   938   920   943 0.86 Ankyrin-1 [Beauveria bassiana]
KAF1739701.1         -            313 51188at5125          -            138   6.3e-06   25.3   0.2   1   3       2.6   4.5e+02   -0.1   0.0    72   106   145   179   129   183 0.66 Serine/threonine-protein phosphatase 6 regulatory ankyrin repeat subunit C [Beauveria bassiana]
KAF1739701.1         -            313 51188at5125          -            138   6.3e-06   25.3   0.2   2   3    0.0066       1.1    8.3   0.0    78   110   185   217   159   223 0.82 Serine/threonine-protein phosphatase 6 regulatory ankyrin repeat subunit C [Beauveria bassiana]
KAF1739701.1         -            313 51188at5125          -            138   6.3e-06   25.3   0.2   3   3   0.00093      0.16   11.0   0.0    46   109   227   289   225   297 0.78 Serine/threonine-protein phosphatase 6 regulatory ankyrin repeat subunit C [Beauveria bassiana]
KAF1729542.1         -           1764 51188at5125          -            138   7.8e-06   25.0   0.1   1   4       0.3        52    2.9   0.0    75   105  1361  1391  1338  1398 0.74 Serine/threonine-protein phosphatase 6 regulatory ankyrin repeat subunit B [Beauveria bassiana]
KAF1729542.1         -           1764 51188at5125          -            138   7.8e-06   25.0   0.1   2   4   0.00019     0.033   13.3   0.0    44   108  1404  1460  1393  1468 0.82 Serine/threonine-protein phosphatase 6 regulatory ankyrin repeat subunit B [Beauveria bassiana]
KAF1729542.1         -           1764 51188at5125          -            138   7.8e-06   25.0   0.1   3   4       1.2   2.1e+02    0.9   0.0    45   102  1470  1522  1459  1534 0.65 Serine/threonine-protein phosphatase 6 regulatory ankyrin repeat subunit B [Beauveria bassiana]
KAF1729542.1         -           1764 51188at5125          -            138   7.8e-06   25.0   0.1   4   4       1.3   2.2e+02    0.9   0.0    81   109  1615  1643  1591  1668 0.80 Serine/threonine-protein phosphatase 6 regulatory ankyrin repeat subunit B [Beauveria bassiana]
KAF1731021.1         -            527 51188at5125          -            138   1.7e-05   23.9   0.3   1   2   4.7e-07   8.1e-05   21.7   0.1    45   124   418   491   404   494 0.89 lysophospholipase [Beauveria bassiana]
KAF1731021.1         -            527 51188at5125          -            138   1.7e-05   23.9   0.3   2   2       0.5        86    2.2   0.0    80   109   480   509   477   518 0.89 lysophospholipase [Beauveria bassiana]
KAF1733559.1         -           1453 51188at5125          -            138     2e-05   23.7   0.0   1   3       0.3        52    2.9   0.0    46   109   679   740   676   762 0.74 Vegetative incompatibility protein HET-E-1 [Beauveria bassiana]
KAF1733559.1         -           1453 51188at5125          -            138     2e-05   23.7   0.0   2   3      0.03       5.2    6.1   0.0    88   126  1326  1364  1266  1368 0.87 Vegetative incompatibility protein HET-E-1 [Beauveria bassiana]
KAF1733559.1         -           1453 51188at5125          -            138     2e-05   23.7   0.0   3   3   6.8e-05     0.012   14.7   0.0    22   124  1334  1429  1326  1443 0.76 Vegetative incompatibility protein HET-E-1 [Beauveria bassiana]
KAF1738183.1         -            805 51188at5125          -            138   7.1e-05   21.9   0.0   1   2   0.00035      0.06   12.4   0.0    46   111   462   522   446   540 0.85 putative ankyrin repeat protein [Beauveria bassiana]
KAF1738183.1         -            805 51188at5125          -            138   7.1e-05   21.9   0.0   2   2     0.021       3.7    6.6   0.0    78   112   586   620   565   629 0.84 putative ankyrin repeat protein [Beauveria bassiana]
KAF1731053.1         -            619 51188at5125          -            138   0.00034   19.7   0.3   1   3   0.00068      0.12   11.5   0.0    66   109    82   123    54   128 0.69 hypothetical protein CRV24_009125 [Beauveria bassiana]
KAF1731053.1         -            619 51188at5125          -            138   0.00034   19.7   0.3   2   3       3.3   5.7e+02   -0.5   0.0    97   120   176   199   168   208 0.86 hypothetical protein CRV24_009125 [Beauveria bassiana]
KAF1731053.1         -            619 51188at5125          -            138   0.00034   19.7   0.3   3   3      0.22        38    3.3   0.0    98   124   306   330   290   343 0.78 hypothetical protein CRV24_009125 [Beauveria bassiana]
KAF1732356.1         -            543 51188at5125          -            138    0.0004   19.4   0.0   1   2     0.071        12    4.9   0.0    86   113   297   324   290   331 0.88 Serine/threonine-protein kinase AtPK2/AtPK19 [Beauveria bassiana]
KAF1732356.1         -            543 51188at5125          -            138    0.0004   19.4   0.0   2   2   0.00049     0.084   11.9   0.0    79   115   408   444   404   448 0.86 Serine/threonine-protein kinase AtPK2/AtPK19 [Beauveria bassiana]
KAF1733066.1         -           1409 51188at5125          -            138   0.00041   19.4   0.3   1   2    0.0073       1.3    8.1   0.1    55   111   942   999   936  1004 0.74 Protein MGA2 [Beauveria bassiana]
KAF1733066.1         -           1409 51188at5125          -            138   0.00041   19.4   0.3   2   2    0.0066       1.1    8.3   0.0    45    63  1007  1025  1002  1032 0.90 Protein MGA2 [Beauveria bassiana]
KAF1731482.1         -            246 51188at5125          -            138   0.00056   19.0   0.0   1   3   3.1e-05    0.0054   15.8   0.0    26   109    28   115    14   119 0.80 Ankyrin repeat domain-containing protein 17 [Beauveria bassiana]
KAF1731482.1         -            246 51188at5125          -            138   0.00056   19.0   0.0   2   3       3.4   5.9e+02   -0.5   0.0    83   105   147   169   122   181 0.65 Ankyrin repeat domain-containing protein 17 [Beauveria bassiana]
KAF1731482.1         -            246 51188at5125          -            138   0.00056   19.0   0.0   3   3       9.2   1.6e+03   -1.9   0.0    82   109   177   204   170   208 0.75 Ankyrin repeat domain-containing protein 17 [Beauveria bassiana]
KAF1739798.1         -            208 51188at5125          -            138   0.00087   18.4   0.7   1   4       0.9   1.6e+02    1.4   0.0    80   108    70    98    63   115 0.81 Ankyrin repeat and KH domain-containing protein 1 [Beauveria bassiana]
KAF1739798.1         -            208 51188at5125          -            138   0.00087   18.4   0.7   2   4      0.12        21    4.2   0.0    91   111   115   135   100   143 0.83 Ankyrin repeat and KH domain-containing protein 1 [Beauveria bassiana]
KAF1739798.1         -            208 51188at5125          -            138   0.00087   18.4   0.7   3   4      0.18        32    3.6   0.0    93   113   117   137   114   171 0.87 Ankyrin repeat and KH domain-containing protein 1 [Beauveria bassiana]
KAF1739798.1         -            208 51188at5125          -            138   0.00087   18.4   0.7   4   4    0.0037      0.64    9.1   0.1    85   115   173   203   168   208 0.82 Ankyrin repeat and KH domain-containing protein 1 [Beauveria bassiana]
KAF1738259.1         -            755 51188at5125          -            138   0.00091   18.3   0.4   1   2     0.011       1.9    7.5   0.0    36    94   358   411   346   423 0.79 Acyl-CoA-binding domain-containing protein 2 [Beauveria bassiana]
KAF1738259.1         -            755 51188at5125          -            138   0.00091   18.3   0.4   2   2    0.0077       1.3    8.0   0.0    80   110   655   685   647   702 0.85 Acyl-CoA-binding domain-containing protein 2 [Beauveria bassiana]
KAF1730022.1         -            817 51188at5125          -            138    0.0014   17.6   0.5   1   1    0.0001     0.017   14.1   0.5    27   110   113   213   102   227 0.74 Dilute domain-containing protein [Beauveria bassiana]
KAF1730039.1         -            509 51188at5125          -            138    0.0024   16.9   4.0   1   3      0.01       1.7    7.7   0.1    79   126    25    73    15    83 0.81 putative ankyrin repeat protein [Beauveria bassiana]
KAF1730039.1         -            509 51188at5125          -            138    0.0024   16.9   4.0   2   3     0.011       1.8    7.6   0.4    81   131    61   112    57   119 0.87 putative ankyrin repeat protein [Beauveria bassiana]
KAF1730039.1         -            509 51188at5125          -            138    0.0024   16.9   4.0   3   3     0.035         6    5.9   0.3    41    62   130   151   102   158 0.79 putative ankyrin repeat protein [Beauveria bassiana]
KAF1733648.1         -           1746 51188at5125          -            138    0.0031   16.6   0.4   1   1   1.8e-05    0.0031   16.6   0.4    44   111  1600  1660  1588  1678 0.86 Vegetative incompatibility protein HET-E-1 [Beauveria bassiana]
KAF1734113.1         -            857 51188at5125          -            138     0.012   14.6   0.0   1   2    0.0015      0.26   10.3   0.0    13   109   248   341   245   347 0.81 Glycerophosphodiester phosphodiesterase GDE1 [Beauveria bassiana]
KAF1734113.1         -            857 51188at5125          -            138     0.012   14.6   0.0   2   2      0.12        20    4.2   0.1    45   101   318   366   318   378 0.69 Glycerophosphodiester phosphodiesterase GDE1 [Beauveria bassiana]
KAF1737767.1         -            523 51188at5125          -            138     0.026   13.6   0.0   1   2       8.4   1.5e+03   -1.8   0.0    71   108   124   161   114   167 0.69 hypothetical protein CRV24_003394 [Beauveria bassiana]
KAF1737767.1         -            523 51188at5125          -            138     0.026   13.6   0.0   2   2   0.00055     0.095   11.8   0.0    77   113   212   249   202   268 0.84 hypothetical protein CRV24_003394 [Beauveria bassiana]
KAF1739314.1         -            443 51188at5125          -            138     0.052   12.6   0.0   1   1   0.00056     0.097   11.7   0.0    47   121    59   134    54   143 0.90 putative aspartic-type endopeptidase [Beauveria bassiana]
KAF1729532.1         -            208 51188at5125          -            138     0.062   12.4   0.0   1   3       3.1   5.3e+02   -0.4   0.0    98   111    78    91    72   103 0.87 Ankyrin repeat and SOCS box protein 8 [Beauveria bassiana]
KAF1729532.1         -            208 51188at5125          -            138     0.062   12.4   0.0   2   3       3.9   6.8e+02   -0.7   0.0    96   109   150   163   146   168 0.83 Ankyrin repeat and SOCS box protein 8 [Beauveria bassiana]
KAF1729532.1         -            208 51188at5125          -            138     0.062   12.4   0.0   3   3    0.0059         1    8.4   0.0    77   106   164   193   159   206 0.84 Ankyrin repeat and SOCS box protein 8 [Beauveria bassiana]
#
# Program:         hmmsearch
# Version:         3.1b2 (February 2015)
# Pipeline mode:   SEARCH
# Query file:      /home/zack/funannotate_db/hypocreales_odb10/hmms/51188at5125.hmm
# Target file:     /home/zack/Desktop/IsariaPreferralGenome/MyGenomeSubmittedToNCBI/HypocrealesProteinSets/Bbassiana_ERL836_protein.faa
# Option settings: hmmsearch --domtblout /home/zack/Desktop/IsariaPreferralGenome/MyGenomeSubmittedToNCBI/HypocrealesProteinSets/BUSCO_AA_all/BUSCO_AA_Bbassiana_ERL836/run_hypocreales_odb10/hmmer_output/initial_run_results/51188at5125.out --cpu 1 /home/zack/funannotate_db/hypocreales_odb10/hmms/51188at5125.hmm /home/zack/Desktop/IsariaPreferralGenome/MyGenomeSubmittedToNCBI/HypocrealesProteinSets/Bbassiana_ERL836_protein.faa 
# Current dir:     /home/zack/Desktop/IsariaPreferralGenome/MyGenomeSubmittedToNCBI/HypocrealesProteinSets/BUSCO_AA_all
# Date:            Mon Mar  4 14:21:34 2024
# [ok]
