#                                                                            --- full sequence --- -------------- this domain -------------   hmm coord   ali coord   env coord
# target name        accession   tlen query name           accession   qlen   E-value  score  bias   #  of  c-Evalue  i-Evalue  score  bias  from    to  from    to  from    to  acc description of target
#------------------- ---------- ----- -------------------- ---------- ----- --------- ------ ----- --- --- --------- --------- ------ ----- ----- ----- ----- ----- ----- ----- ---- ---------------------
KAF1739760.1         -           1202 7096at5125           -            588    2e-224  745.6  70.6   1   7  2.6e-129  1.3e-125  419.2   3.4     1   265     1   296     1   301 0.91 hypothetical protein CRV24_001696 [Beauveria bassiana]
KAF1739760.1         -           1202 7096at5125           -            588    2e-224  745.6  70.6   2   7   3.6e-09   1.9e-05   22.5   5.3   251   351   312   415   300   425 0.59 hypothetical protein CRV24_001696 [Beauveria bassiana]
KAF1739760.1         -           1202 7096at5125           -            588    2e-224  745.6  70.6   3   7     9e-05      0.47    8.0   3.5   283   329   418   473   415   507 0.69 hypothetical protein CRV24_001696 [Beauveria bassiana]
KAF1739760.1         -           1202 7096at5125           -            588    2e-224  745.6  70.6   4   7   0.00027       1.4    6.4   8.1   246   354   659   776   651   792 0.56 hypothetical protein CRV24_001696 [Beauveria bassiana]
KAF1739760.1         -           1202 7096at5125           -            588    2e-224  745.6  70.6   5   7   3.1e-24   1.6e-20   72.2   8.7   343   434   788   916   781   970 0.78 hypothetical protein CRV24_001696 [Beauveria bassiana]
KAF1739760.1         -           1202 7096at5125           -            588    2e-224  745.6  70.6   6   7   2.5e-09   1.3e-05   23.0   2.4   456   485  1032  1061  1007  1067 0.79 hypothetical protein CRV24_001696 [Beauveria bassiana]
KAF1739760.1         -           1202 7096at5125           -            588    2e-224  745.6  70.6   7   7   1.4e-67   7.5e-64  215.3   0.0   477   588  1083  1194  1077  1194 0.98 hypothetical protein CRV24_001696 [Beauveria bassiana]
KAF1733595.1         -            146 7096at5125           -            588   2.1e-07   28.9   0.0   1   1   4.6e-11   2.4e-07   28.8   0.0     4   116     2   125     1   136 0.81 Coactosin [Beauveria bassiana]
#
# Program:         hmmsearch
# Version:         3.1b2 (February 2015)
# Pipeline mode:   SEARCH
# Query file:      /home/zack/funannotate_db/hypocreales_odb10/hmms/7096at5125.hmm
# Target file:     /home/zack/Desktop/IsariaPreferralGenome/MyGenomeSubmittedToNCBI/HypocrealesProteinSets/Bbassiana_ERL836_protein.faa
# Option settings: hmmsearch --domtblout /home/zack/Desktop/IsariaPreferralGenome/MyGenomeSubmittedToNCBI/HypocrealesProteinSets/BUSCO_AA_all/BUSCO_AA_Bbassiana_ERL836/run_hypocreales_odb10/hmmer_output/initial_run_results/7096at5125.out --cpu 1 /home/zack/funannotate_db/hypocreales_odb10/hmms/7096at5125.hmm /home/zack/Desktop/IsariaPreferralGenome/MyGenomeSubmittedToNCBI/HypocrealesProteinSets/Bbassiana_ERL836_protein.faa 
# Current dir:     /home/zack/Desktop/IsariaPreferralGenome/MyGenomeSubmittedToNCBI/HypocrealesProteinSets/BUSCO_AA_all
# Date:            Mon Mar  4 14:22:09 2024
# [ok]
