#                                                                            --- full sequence --- -------------- this domain -------------   hmm coord   ali coord   env coord
# target name        accession   tlen query name           accession   qlen   E-value  score  bias   #  of  c-Evalue  i-Evalue  score  bias  from    to  from    to  from    to  acc description of target
#------------------- ---------- ----- -------------------- ---------- ----- --------- ------ ----- --- --- --------- --------- ------ ----- ----- ----- ----- ----- ----- ----- ---- ---------------------
KAF1738590.1         -           2146 7210at5125           -           1576         0 1985.6  56.7   1   8     1e-16   3.6e-13   47.1   0.4     1    55     1    90     1   100 0.95 Protein mms22 [Beauveria bassiana]
KAF1738590.1         -           2146 7210at5125           -           1576         0 1985.6  56.7   2   8   1.3e-39   4.5e-36  123.0  12.5    31   207   130   345   118   356 0.73 Protein mms22 [Beauveria bassiana]
KAF1738590.1         -           2146 7210at5125           -           1576         0 1985.6  56.7   3   8   1.7e-25     6e-22   76.2   7.7   199   299   384   492   362   509 0.80 Protein mms22 [Beauveria bassiana]
KAF1738590.1         -           2146 7210at5125           -           1576         0 1985.6  56.7   4   8     0.037   1.3e+02   -1.1   0.0   294   336   515   559   494   565 0.70 Protein mms22 [Beauveria bassiana]
KAF1738590.1         -           2146 7210at5125           -           1576         0 1985.6  56.7   5   8   8.2e-38   2.9e-34  117.1   8.2   316   449   588   717   538   755 0.70 Protein mms22 [Beauveria bassiana]
KAF1738590.1         -           2146 7210at5125           -           1576         0 1985.6  56.7   6   8   0.00058         2    4.9   0.0   442   472   780   818   770   841 0.87 Protein mms22 [Beauveria bassiana]
KAF1738590.1         -           2146 7210at5125           -           1576         0 1985.6  56.7   7   8         0         0 1618.9   0.1   450  1517   843  2000   825  2018 0.92 Protein mms22 [Beauveria bassiana]
KAF1738590.1         -           2146 7210at5125           -           1576         0 1985.6  56.7   8   8     5e-06     0.017   11.7   0.0  1530  1571  2057  2102  2029  2106 0.85 Protein mms22 [Beauveria bassiana]
KAF1729596.1         -           1572 7210at5125           -           1576       1.3    5.5   7.4   1   1   0.00055       1.9    5.0   7.4   100   239  1376  1517  1358  1565 0.79 BTB/POZ domain-containing protein 1 [Beauveria bassiana]
KAF1734092.1         -            269 7210at5125           -           1576       1.4    5.4   6.3   1   1   0.00051       1.8    5.1   6.3   140   226    18   106     4   117 0.63 hypothetical protein CRV24_005627 [Beauveria bassiana]
#
# Program:         hmmsearch
# Version:         3.1b2 (February 2015)
# Pipeline mode:   SEARCH
# Query file:      /home/zack/funannotate_db/hypocreales_odb10/hmms/7210at5125.hmm
# Target file:     /home/zack/Desktop/IsariaPreferralGenome/MyGenomeSubmittedToNCBI/HypocrealesProteinSets/Bbassiana_ERL836_protein.faa
# Option settings: hmmsearch --domtblout /home/zack/Desktop/IsariaPreferralGenome/MyGenomeSubmittedToNCBI/HypocrealesProteinSets/BUSCO_AA_all/BUSCO_AA_Bbassiana_ERL836/run_hypocreales_odb10/hmmer_output/initial_run_results/7210at5125.out --cpu 1 /home/zack/funannotate_db/hypocreales_odb10/hmms/7210at5125.hmm /home/zack/Desktop/IsariaPreferralGenome/MyGenomeSubmittedToNCBI/HypocrealesProteinSets/Bbassiana_ERL836_protein.faa 
# Current dir:     /home/zack/Desktop/IsariaPreferralGenome/MyGenomeSubmittedToNCBI/HypocrealesProteinSets/BUSCO_AA_all
# Date:            Mon Mar  4 14:22:14 2024
# [ok]
