#                                                                            --- full sequence --- -------------- this domain -------------   hmm coord   ali coord   env coord
# target name        accession   tlen query name           accession   qlen   E-value  score  bias   #  of  c-Evalue  i-Evalue  score  bias  from    to  from    to  from    to  acc description of target
#------------------- ---------- ----- -------------------- ---------- ----- --------- ------ ----- --- --- --------- --------- ------ ----- ----- ----- ----- ----- ----- ----- ---- ---------------------
KAF1737599.1         -            705 7586at5125           -            626         0 1202.6   0.1   1   1         0         0 1202.2   0.1     1   626    10   705    10   705 0.95 Phosphoinositide phosphatase SAC1 [Beauveria bassiana]
KAF1734371.1         -           1022 7586at5125           -            626   8.2e-62  208.6   5.2   1   3     0.007        18    2.7   0.0    48    89    63   104    53   110 0.90 Phosphatidylinositide phosphatase SAC2 [Beauveria bassiana]
KAF1734371.1         -           1022 7586at5125           -            626   8.2e-62  208.6   5.2   2   3     3e-06    0.0078   13.8   0.2   112   157   253   299   244   304 0.84 Phosphatidylinositide phosphatase SAC2 [Beauveria bassiana]
KAF1734371.1         -           1022 7586at5125           -            626   8.2e-62  208.6   5.2   3   3     5e-58   1.3e-54  184.9   0.6   196   514   369   676   358   688 0.88 Phosphatidylinositide phosphatase SAC2 [Beauveria bassiana]
KAF1730174.1         -           1193 7586at5125           -            626   1.1e-49  168.6   0.4   1   2   2.2e-14   5.7e-11   40.7   0.1   113   233   192   319   180   325 0.71 Inositol-1,4,5-trisphosphate 5-phosphatase 1 [Beauveria bassiana]
KAF1730174.1         -           1193 7586at5125           -            626   1.1e-49  168.6   0.4   2   2   6.1e-40   1.6e-36  125.1   0.0   263   506   326   599   320   607 0.78 Inositol-1,4,5-trisphosphate 5-phosphatase 1 [Beauveria bassiana]
KAF1733952.1         -           1037 7586at5125           -            626   3.6e-45  153.7   0.1   1   1   6.6e-48   1.7e-44  151.4   0.1    48   519   229   715   212   727 0.74 Polyphosphoinositide phosphatase [Beauveria bassiana]
#
# Program:         hmmsearch
# Version:         3.1b2 (February 2015)
# Pipeline mode:   SEARCH
# Query file:      /home/zack/funannotate_db/hypocreales_odb10/hmms/7586at5125.hmm
# Target file:     /home/zack/Desktop/IsariaPreferralGenome/MyGenomeSubmittedToNCBI/HypocrealesProteinSets/Bbassiana_ERL836_protein.faa
# Option settings: hmmsearch --domtblout /home/zack/Desktop/IsariaPreferralGenome/MyGenomeSubmittedToNCBI/HypocrealesProteinSets/BUSCO_AA_all/BUSCO_AA_Bbassiana_ERL836/run_hypocreales_odb10/hmmer_output/initial_run_results/7586at5125.out --cpu 1 /home/zack/funannotate_db/hypocreales_odb10/hmms/7586at5125.hmm /home/zack/Desktop/IsariaPreferralGenome/MyGenomeSubmittedToNCBI/HypocrealesProteinSets/Bbassiana_ERL836_protein.faa 
# Current dir:     /home/zack/Desktop/IsariaPreferralGenome/MyGenomeSubmittedToNCBI/HypocrealesProteinSets/BUSCO_AA_all
# Date:            Mon Mar  4 14:21:46 2024
# [ok]
