#                                                                            --- full sequence --- -------------- this domain -------------   hmm coord   ali coord   env coord
# target name        accession   tlen query name           accession   qlen   E-value  score  bias   #  of  c-Evalue  i-Evalue  score  bias  from    to  from    to  from    to  acc description of target
#------------------- ---------- ----- -------------------- ---------- ----- --------- ------ ----- --- --- --------- --------- ------ ----- ----- ----- ----- ----- ----- ----- ---- ---------------------
FUN_002047-T1        -            758 10898at5125          -            600         0 1093.4  12.9   1   3      0.11   2.4e+02   -1.3   0.0    11    28    54    78    47    81 0.72 FUN_002047
FUN_002047-T1        -            758 10898at5125          -            600         0 1093.4  12.9   2   3  1.2e-201  2.6e-198  659.1   6.4    18   391   102   511    93   518 0.93 FUN_002047
FUN_002047-T1        -            758 10898at5125          -            600         0 1093.4  12.9   3   3  1.8e-134  4.1e-131  437.2   0.1   381   600   525   755   523   755 0.96 FUN_002047
FUN_007720-T1        -            800 10898at5125          -            600   5.1e-27   93.4  19.7   1   2   1.1e-26   2.5e-23   81.3   4.8    54   247    76   268    65   296 0.86 FUN_007720
FUN_007720-T1        -            800 10898at5125          -            600   5.1e-27   93.4  19.7   2   2     3e-06    0.0068   13.7   7.0   323   393   325   397   308   499 0.70 FUN_007720
FUN_002388-T1        -            680 10898at5125          -            600     2e-26   91.5  15.9   1   1   3.4e-28   7.6e-25   86.2  15.9    54   401    45   398    27   551 0.79 FUN_002388
FUN_008276-T1        -            793 10898at5125          -            600   7.5e-24   83.0  16.7   1   1   7.6e-27   1.7e-23   81.8  16.7    57   394    58   414    53   501 0.85 FUN_008276
#
# Program:         hmmsearch
# Version:         3.1b2 (February 2015)
# Pipeline mode:   SEARCH
# Query file:      /home/zack/funannotate_db/hypocreales_odb10/hmms/10898at5125.hmm
# Target file:     /home/zack/Desktop/IsariaPreferralGenome/MyGenomeSubmittedToNCBI/HypocrealesProteinSets/Trichoderma_reesei_CBS999.97.proteins.fa
# Option settings: hmmsearch --domtblout /home/zack/Desktop/IsariaPreferralGenome/MyGenomeSubmittedToNCBI/HypocrealesProteinSets/BUSCO_AA_all/BUSCO_AA_Treesei_CBS999.97/run_hypocreales_odb10/hmmer_output/initial_run_results/10898at5125.out --cpu 1 /home/zack/funannotate_db/hypocreales_odb10/hmms/10898at5125.hmm /home/zack/Desktop/IsariaPreferralGenome/MyGenomeSubmittedToNCBI/HypocrealesProteinSets/Trichoderma_reesei_CBS999.97.proteins.fa 
# Current dir:     /home/zack/Desktop/IsariaPreferralGenome/MyGenomeSubmittedToNCBI/HypocrealesProteinSets/BUSCO_AA_all
# Date:            Mon Mar  4 15:38:25 2024
# [ok]
