#                                                                            --- full sequence --- -------------- this domain -------------   hmm coord   ali coord   env coord
# target name        accession   tlen query name           accession   qlen   E-value  score  bias   #  of  c-Evalue  i-Evalue  score  bias  from    to  from    to  from    to  acc description of target
#------------------- ---------- ----- -------------------- ---------- ----- --------- ------ ----- --- --- --------- --------- ------ ----- ----- ----- ----- ----- ----- ----- ---- ---------------------
FUN_001951-T1        -           1311 1502at5125           -           1086         0 1943.5  15.9   1   3   1.1e-79   6.8e-77  258.5   0.0     1   148     1   161     1   167 0.95 FUN_001951
FUN_001951-T1        -           1311 1502at5125           -           1086         0 1943.5  15.9   2   3  1.4e-180  8.6e-178  592.6   5.6   147   459   186   537   181   547 0.92 FUN_001951
FUN_001951-T1        -           1311 1502at5125           -           1086         0 1943.5  15.9   3   3         0         0 1095.0   1.6   458  1086   572  1271   563  1271 0.93 FUN_001951
FUN_004574-T1        -            688 1502at5125           -           1086   3.5e-14   50.9   6.4   1   6       1.9   1.1e+03   -3.8   0.0   663   714    72   123    50   127 0.86 FUN_004574
FUN_004574-T1        -            688 1502at5125           -           1086   3.5e-14   50.9   6.4   2   6   0.00093      0.56    7.2   0.0   683   727   244   289   226   292 0.82 FUN_004574
FUN_004574-T1        -            688 1502at5125           -           1086   3.5e-14   50.9   6.4   3   6   0.00027      0.16    9.0   0.1   675   727   305   357   294   363 0.87 FUN_004574
FUN_004574-T1        -            688 1502at5125           -           1086   3.5e-14   50.9   6.4   4   6   0.00014     0.085    9.9   0.1   671   725   369   423   358   428 0.86 FUN_004574
FUN_004574-T1        -            688 1502at5125           -           1086   3.5e-14   50.9   6.4   5   6     0.026        16    2.4   0.0   671   726   437   492   430   499 0.89 FUN_004574
FUN_004574-T1        -            688 1502at5125           -           1086   3.5e-14   50.9   6.4   6   6   3.2e-08   1.9e-05   22.0   0.3   652   727   483   561   473   577 0.82 FUN_004574
FUN_009166-T1        -           2099 1502at5125           -           1086   2.8e-12   44.6  12.8   1   7     0.034        20    2.0   0.0   668   724  1057  1112  1042  1130 0.82 FUN_009166
FUN_009166-T1        -           2099 1502at5125           -           1086   2.8e-12   44.6  12.8   2   7     0.014       8.3    3.3   0.0   670   723  1295  1347  1251  1402 0.75 FUN_009166
FUN_009166-T1        -           2099 1502at5125           -           1086   2.8e-12   44.6  12.8   3   7   0.00033       0.2    8.7   0.0   665   722  1448  1509  1429  1528 0.79 FUN_009166
FUN_009166-T1        -           2099 1502at5125           -           1086   2.8e-12   44.6  12.8   4   7   1.9e-05     0.012   12.8   1.1   641   722  1564  1649  1531  1659 0.77 FUN_009166
FUN_009166-T1        -           2099 1502at5125           -           1086   2.8e-12   44.6  12.8   5   7    0.0033         2    5.4   0.0   672   727  1768  1824  1745  1841 0.79 FUN_009166
FUN_009166-T1        -           2099 1502at5125           -           1086   2.8e-12   44.6  12.8   6   7   0.00085      0.51    7.3   0.0   651   728  1876  1956  1858  1969 0.84 FUN_009166
FUN_009166-T1        -           2099 1502at5125           -           1086   2.8e-12   44.6  12.8   7   7    0.0029       1.7    5.6   0.0   651   723  1978  2050  1968  2061 0.83 FUN_009166
FUN_001212-T1        -            493 1502at5125           -           1086   4.3e-06   24.1   0.5   1   3    0.0014      0.82    6.6   0.0   680   730    93   143    75   153 0.87 FUN_001212
FUN_001212-T1        -            493 1502at5125           -           1086   4.3e-06   24.1   0.5   2   3   7.1e-05     0.042   10.9   0.3   641   723   225   309   179   316 0.75 FUN_001212
FUN_001212-T1        -            493 1502at5125           -           1086   4.3e-06   24.1   0.5   3   3     0.016       9.7    3.1   0.0   676   725   339   388   331   393 0.90 FUN_001212
FUN_001357-T1        -           1270 1502at5125           -           1086   1.5e-05   22.4   0.3   1   2   8.3e-05      0.05   10.7   0.2   649   729  1079  1163  1064  1174 0.82 FUN_001357
FUN_001357-T1        -           1270 1502at5125           -           1086   1.5e-05   22.4   0.3   2   2   0.00022      0.13    9.3   0.0   667   716  1201  1249  1180  1260 0.81 FUN_001357
FUN_001199-T1        -            734 1502at5125           -           1086   3.2e-05   21.2   0.0   1   1   8.1e-08   4.8e-05   20.6   0.0   268   436   205   388   199   392 0.77 FUN_001199
FUN_004804-T1        -            665 1502at5125           -           1086    0.0017   15.5   0.0   1   3     0.016       9.5    3.1   0.0   692   736   107   151    98   172 0.64 FUN_004804
FUN_004804-T1        -            665 1502at5125           -           1086    0.0017   15.5   0.0   2   3       0.3   1.8e+02   -1.1   0.0   652   727   265   341   215   347 0.69 FUN_004804
FUN_004804-T1        -            665 1502at5125           -           1086    0.0017   15.5   0.0   3   3   0.00031      0.18    8.8   0.0   666   729   347   409   338   421 0.82 FUN_004804
FUN_007319-T1        -            952 1502at5125           -           1086    0.0037   14.4   0.1   1   4      0.13        80    0.0   0.0   665   718   599   652   586   664 0.86 FUN_007319
FUN_007319-T1        -            952 1502at5125           -           1086    0.0037   14.4   0.1   2   4   0.00018      0.11    9.5   0.0   669   727   671   729   664   732 0.91 FUN_007319
FUN_007319-T1        -            952 1502at5125           -           1086    0.0037   14.4   0.1   3   4      0.32   1.9e+02   -1.2   0.1   676   720   845   888   752   918 0.62 FUN_007319
FUN_007319-T1        -            952 1502at5125           -           1086    0.0037   14.4   0.1   4   4      0.42   2.5e+02   -1.6   0.0   661   705   896   940   872   949 0.57 FUN_007319
FUN_008475-T1        -            432 1502at5125           -           1086     0.004   14.3   0.0   1   2   0.00041      0.25    8.4   0.0   652   706    91   149    83   159 0.79 FUN_008475
FUN_008475-T1        -            432 1502at5125           -           1086     0.004   14.3   0.0   2   2      0.01       6.3    3.7   0.0   672   723   253   302   243   357 0.75 FUN_008475
FUN_009025-T1        -            809 1502at5125           -           1086    0.0058   13.7   0.1   1   2    0.0027       1.6    5.6   0.0   651   723   477   552   466   562 0.82 FUN_009025
FUN_009025-T1        -            809 1502at5125           -           1086    0.0058   13.7   0.1   2   2    0.0034         2    5.3   0.0   641   713   638   711   574   727 0.59 FUN_009025
FUN_001331-T1        -           1056 1502at5125           -           1086    0.0063   13.6   0.7   1   1   1.6e-05    0.0099   13.0   0.7   652   728   951  1028   935  1035 0.82 FUN_001331
FUN_007907-T1        -            902 1502at5125           -           1086     0.017   12.2   0.0   1   1   4.9e-05     0.029   11.4   0.0   373   436   634   697   592   730 0.79 FUN_007907
FUN_008102-T1        -            560 1502at5125           -           1086     0.029   11.4   0.1   1   2   0.00019      0.11    9.5   0.0   655   729   362   437   345   448 0.83 FUN_008102
FUN_008102-T1        -            560 1502at5125           -           1086     0.029   11.4   0.1   2   2    0.0071       4.3    4.2   0.0   650   710   420   483   418   497 0.75 FUN_008102
FUN_007261-T1        -           1166 1502at5125           -           1086     0.066   10.3   0.0   1   2   0.00035      0.21    8.6   0.0   672   727   866   921   854   974 0.83 FUN_007261
FUN_007261-T1        -           1166 1502at5125           -           1086     0.066   10.3   0.0   2   2      0.86   5.2e+02   -2.6   0.0   654   773   979  1105   944  1116 0.72 FUN_007261
FUN_000574-T1        -            534 1502at5125           -           1086      0.08   10.0   0.2   1   2    0.0003      0.18    8.8   0.1   649   727   337   416   237   419 0.84 FUN_000574
FUN_000574-T1        -            534 1502at5125           -           1086      0.08   10.0   0.2   2   2       1.7   9.9e+02   -3.6   0.0   627   654   461   488   439   494 0.72 FUN_000574
#
# Program:         hmmsearch
# Version:         3.1b2 (February 2015)
# Pipeline mode:   SEARCH
# Query file:      /home/zack/funannotate_db/hypocreales_odb10/hmms/1502at5125.hmm
# Target file:     /home/zack/Desktop/IsariaPreferralGenome/MyGenomeSubmittedToNCBI/HypocrealesProteinSets/Trichoderma_reesei_CBS999.97.proteins.fa
# Option settings: hmmsearch --domtblout /home/zack/Desktop/IsariaPreferralGenome/MyGenomeSubmittedToNCBI/HypocrealesProteinSets/BUSCO_AA_all/BUSCO_AA_Treesei_CBS999.97/run_hypocreales_odb10/hmmer_output/initial_run_results/1502at5125.out --cpu 1 /home/zack/funannotate_db/hypocreales_odb10/hmms/1502at5125.hmm /home/zack/Desktop/IsariaPreferralGenome/MyGenomeSubmittedToNCBI/HypocrealesProteinSets/Trichoderma_reesei_CBS999.97.proteins.fa 
# Current dir:     /home/zack/Desktop/IsariaPreferralGenome/MyGenomeSubmittedToNCBI/HypocrealesProteinSets/BUSCO_AA_all
# Date:            Mon Mar  4 15:38:13 2024
# [ok]
