#                                                                            --- full sequence --- -------------- this domain -------------   hmm coord   ali coord   env coord
# target name        accession   tlen query name           accession   qlen   E-value  score  bias   #  of  c-Evalue  i-Evalue  score  bias  from    to  from    to  from    to  acc description of target
#------------------- ---------- ----- -------------------- ---------- ----- --------- ------ ----- --- --- --------- --------- ------ ----- ----- ----- ----- ----- ----- ----- ---- ---------------------
FUN_003102-T1        -            467 17273at5125          -            402  1.1e-232  771.0   0.0   1   1  2.2e-235  1.8e-232  770.4   0.0     1   402     1   467     1   467 0.92 FUN_003102
FUN_005586-T1        -            375 17273at5125          -            402     3e-53  180.2   0.0   1   2   1.2e-24     1e-21   76.4   0.0    14   199     3   186     1   196 0.77 FUN_005586
FUN_005586-T1        -            375 17273at5125          -            402     3e-53  180.2   0.0   2   2   1.3e-30   1.1e-27   96.0   0.0   267   401   238   374   199   375 0.83 FUN_005586
FUN_003476-T1        -            380 17273at5125          -            402     2e-41  141.2   0.0   1   2   1.2e-07    0.0001   20.4   0.0    19    48    10    39     6    93 0.84 FUN_003476
FUN_003476-T1        -            380 17273at5125          -            402     2e-41  141.2   0.0   2   2   1.2e-34     1e-31  109.3   0.0   110   394   100   373    93   379 0.84 FUN_003476
FUN_003526-T1        -            388 17273at5125          -            402   8.4e-20   70.0   0.0   1   2   2.9e-11   2.3e-08   32.3   0.0   114   195   101   182     1   191 0.78 FUN_003526
FUN_003526-T1        -            388 17273at5125          -            402   8.4e-20   70.0   0.0   2   2   1.1e-11   9.3e-09   33.7   0.0   303   399   278   384   239   386 0.78 FUN_003526
FUN_000819-T1        -            440 17273at5125          -            402   6.1e-18   63.9   0.0   1   2    0.0024         2    6.2   0.0    16    45     5    34     1    40 0.88 FUN_000819
FUN_000819-T1        -            440 17273at5125          -            402   6.1e-18   63.9   0.0   2   2   1.5e-16   1.2e-13   49.7   0.0   115   399   135   430   129   432 0.72 FUN_000819
FUN_002598-T1        -            468 17273at5125          -            402   6.7e-13   47.3   0.0   1   2   0.00068      0.56    8.0   0.0   149   203   164   220    16   258 0.84 FUN_002598
FUN_002598-T1        -            468 17273at5125          -            402   6.7e-13   47.3   0.0   2   2   1.1e-12   8.8e-10   37.0   0.0   304   400   367   461   347   463 0.89 FUN_002598
FUN_008989-T1        -            743 17273at5125          -            402     1e-10   40.1   0.0   1   3    0.0041       3.4    5.5   0.0    12    84   101   174    94   205 0.69 FUN_008989
FUN_008989-T1        -            743 17273at5125          -            402     1e-10   40.1   0.0   2   3   1.4e-06    0.0012   16.9   0.0   147   187   334   374   303   389 0.81 FUN_008989
FUN_008989-T1        -            743 17273at5125          -            402     1e-10   40.1   0.0   3   3   1.3e-05     0.011   13.7   0.0   316   397   653   735   635   739 0.82 FUN_008989
FUN_005148-T1        -            567 17273at5125          -            402   2.9e-07   28.7   0.0   1   3    0.0033       2.7    5.8   0.0    18    43    54    79    40    84 0.83 FUN_005148
FUN_005148-T1        -            567 17273at5125          -            402   2.9e-07   28.7   0.0   2   3   2.7e-06    0.0022   16.0   0.0   133   198   168   231   164   242 0.84 FUN_005148
FUN_005148-T1        -            567 17273at5125          -            402   2.9e-07   28.7   0.0   3   3     0.022        18    3.0   0.0   305   345   366   406   359   420 0.90 FUN_005148
FUN_004222-T1        -            766 17273at5125          -            402   2.5e-05   22.3   0.0   1   3   0.00044      0.36    8.7   0.0    17   131    53   167    47   253 0.70 FUN_004222
FUN_004222-T1        -            766 17273at5125          -            402   2.5e-05   22.3   0.0   2   3      0.75   6.2e+02   -2.0   0.1    54    81   279   309   263   335 0.62 FUN_004222
FUN_004222-T1        -            766 17273at5125          -            402   2.5e-05   22.3   0.0   3   3   0.00028      0.23    9.3   0.0   315   397   676   756   671   760 0.86 FUN_004222
FUN_004460-T1        -            841 17273at5125          -            402    0.0002   19.4   0.0   1   2   2.5e-06     0.002   16.1   0.0   114   185   115   186   109   200 0.87 FUN_004460
FUN_004460-T1        -            841 17273at5125          -            402    0.0002   19.4   0.0   2   2      0.17   1.4e+02    0.2   0.0   299   344   624   670   611   681 0.81 FUN_004460
FUN_001863-T1        -            159 17273at5125          -            402     0.046   11.6   0.0   1   1   7.8e-05     0.064   11.1   0.0   168   191   105   128    93   144 0.88 FUN_001863
#
# Program:         hmmsearch
# Version:         3.1b2 (February 2015)
# Pipeline mode:   SEARCH
# Query file:      /home/zack/funannotate_db/hypocreales_odb10/hmms/17273at5125.hmm
# Target file:     /home/zack/Desktop/IsariaPreferralGenome/MyGenomeSubmittedToNCBI/HypocrealesProteinSets/Trichoderma_reesei_CBS999.97.proteins.fa
# Option settings: hmmsearch --domtblout /home/zack/Desktop/IsariaPreferralGenome/MyGenomeSubmittedToNCBI/HypocrealesProteinSets/BUSCO_AA_all/BUSCO_AA_Treesei_CBS999.97/run_hypocreales_odb10/hmmer_output/initial_run_results/17273at5125.out --cpu 1 /home/zack/funannotate_db/hypocreales_odb10/hmms/17273at5125.hmm /home/zack/Desktop/IsariaPreferralGenome/MyGenomeSubmittedToNCBI/HypocrealesProteinSets/Trichoderma_reesei_CBS999.97.proteins.fa 
# Current dir:     /home/zack/Desktop/IsariaPreferralGenome/MyGenomeSubmittedToNCBI/HypocrealesProteinSets/BUSCO_AA_all
# Date:            Mon Mar  4 15:38:11 2024
# [ok]
