#                                                                            --- full sequence --- -------------- this domain -------------   hmm coord   ali coord   env coord
# target name        accession   tlen query name           accession   qlen   E-value  score  bias   #  of  c-Evalue  i-Evalue  score  bias  from    to  from    to  from    to  acc description of target
#------------------- ---------- ----- -------------------- ---------- ----- --------- ------ ----- --- --- --------- --------- ------ ----- ----- ----- ----- ----- ----- ----- ---- ---------------------
FUN_004118-T1        -            675 18357at5125          -            571  9.7e-264  875.6  64.1   1   2   7.5e-48   7.4e-45  152.9  51.8     1   216     1   274     1   279 0.77 FUN_004118
FUN_004118-T1        -            675 18357at5125          -            571  9.7e-264  875.6  64.1   2   2  2.6e-223  2.6e-220  732.2   5.8   177   571   261   675   252   675 0.94 FUN_004118
FUN_005758-T1        -            189 18357at5125          -            571     0.015   13.3   7.3   1   1   1.8e-05     0.018   13.0   7.3    71   204     8   146     2   159 0.75 FUN_005758
FUN_001074-T1        -            290 18357at5125          -            571     0.094   10.6   4.8   1   1   0.00015      0.15   10.0   4.8    99   158    46   105    15   139 0.82 FUN_001074
FUN_003277-T1        -             79 18357at5125          -            571      0.13   10.1   7.2   1   1   0.00014      0.14   10.1   7.2   106   168     4    66     1    76 0.75 FUN_003277
FUN_001213-T1        -            315 18357at5125          -            571      0.39    8.6   9.7   1   1   0.00054      0.54    8.1   9.7    48   133   115   198    92   275 0.82 FUN_001213
FUN_001972-T1        -            352 18357at5125          -            571      0.64    7.8   9.8   1   1   0.00089      0.89    7.4   9.8    30   118     6    91     2   118 0.52 FUN_001972
FUN_004752-T1        -           1068 18357at5125          -            571      0.98    7.2  16.2   1   1    0.0018       1.8    6.3  16.2    54   189   382   516   335   533 0.64 FUN_004752
FUN_008054-T1        -            266 18357at5125          -            571       1.5    6.6  18.5   1   1    0.0022       2.2    6.1  18.5    70   156    46   131     8   136 0.66 FUN_008054
FUN_003090-T1        -            446 18357at5125          -            571       4.9    4.9  15.6   1   2    0.0096       9.6    4.0   1.7    37   184   108   254    79   271 0.61 FUN_003090
FUN_003090-T1        -            446 18357at5125          -            571       4.9    4.9  15.6   2   2    0.0016       1.6    6.5   6.4   125   208   347   429   283   443 0.78 FUN_003090
#
# Program:         hmmsearch
# Version:         3.1b2 (February 2015)
# Pipeline mode:   SEARCH
# Query file:      /home/zack/funannotate_db/hypocreales_odb10/hmms/18357at5125.hmm
# Target file:     /home/zack/Desktop/IsariaPreferralGenome/MyGenomeSubmittedToNCBI/HypocrealesProteinSets/Trichoderma_reesei_CBS999.97.proteins.fa
# Option settings: hmmsearch --domtblout /home/zack/Desktop/IsariaPreferralGenome/MyGenomeSubmittedToNCBI/HypocrealesProteinSets/BUSCO_AA_all/BUSCO_AA_Treesei_CBS999.97/run_hypocreales_odb10/hmmer_output/initial_run_results/18357at5125.out --cpu 1 /home/zack/funannotate_db/hypocreales_odb10/hmms/18357at5125.hmm /home/zack/Desktop/IsariaPreferralGenome/MyGenomeSubmittedToNCBI/HypocrealesProteinSets/Trichoderma_reesei_CBS999.97.proteins.fa 
# Current dir:     /home/zack/Desktop/IsariaPreferralGenome/MyGenomeSubmittedToNCBI/HypocrealesProteinSets/BUSCO_AA_all
# Date:            Mon Mar  4 15:38:05 2024
# [ok]
