#                                                                            --- full sequence --- -------------- this domain -------------   hmm coord   ali coord   env coord
# target name        accession   tlen query name           accession   qlen   E-value  score  bias   #  of  c-Evalue  i-Evalue  score  bias  from    to  from    to  from    to  acc description of target
#------------------- ---------- ----- -------------------- ---------- ----- --------- ------ ----- --- --- --------- --------- ------ ----- ----- ----- ----- ----- ----- ----- ---- ---------------------
FUN_007931-T1        -            481 23542at5125          -            379  6.1e-180  597.0   2.8   1   2   4.1e-30   4.1e-27   94.0   0.0     1    66     8    76     8    85 0.95 FUN_007931
FUN_007931-T1        -            481 23542at5125          -            379  6.1e-180  597.0   2.8   2   2  6.4e-153  6.4e-150  498.2   3.0    64   379    98   474    76   474 0.87 FUN_007931
FUN_004045-T1        -            274 23542at5125          -            379   0.00085   17.3   0.0   1   1   1.4e-06    0.0014   16.6   0.0    10    88    15    88     7   102 0.87 FUN_004045
FUN_008112-T1        -            246 23542at5125          -            379    0.0011   16.8   0.0   1   2   0.00062      0.62    7.9   0.0     9    31     6    28     2    34 0.87 FUN_008112
FUN_008112-T1        -            246 23542at5125          -            379    0.0011   16.8   0.0   2   2    0.0011       1.1    7.0   0.0   159   218   100   159    70   184 0.82 FUN_008112
FUN_002621-T1        -            321 23542at5125          -            379    0.0038   15.1   0.1   1   2   0.00031      0.31    8.8   0.0    12    90    20    88    13   101 0.75 FUN_002621
FUN_002621-T1        -            321 23542at5125          -            379    0.0038   15.1   0.1   2   2     0.008         8    4.2   0.0   168   189   121   142   117   158 0.86 FUN_002621
FUN_002381-T1        -            323 23542at5125          -            379    0.0061   14.4   0.0   1   1   1.2e-05     0.012   13.5   0.0     9    94    26   102    18   127 0.83 FUN_002381
FUN_004938-T1        -            227 23542at5125          -            379     0.029   12.2   0.0   1   1   7.5e-05     0.075   10.9   0.0   161   223    77   139    39   153 0.80 FUN_004938
FUN_002965-T1        -            250 23542at5125          -            379      0.03   12.2   0.1   1   2    0.0027       2.7    5.7   0.0    11    86     4    70     2    92 0.72 FUN_002965
FUN_002965-T1        -            250 23542at5125          -            379      0.03   12.2   0.1   2   2    0.0057       5.7    4.7   0.0   167   202   110   147    93   207 0.76 FUN_002965
FUN_007105-T1        -            263 23542at5125          -            379     0.061   11.2   0.0   1   2     0.031        31    2.2   0.0    57   118    41   109    27   118 0.72 FUN_007105
FUN_007105-T1        -            263 23542at5125          -            379     0.061   11.2   0.0   2   2    0.0013       1.3    6.8   0.0   164   220   121   173   114   184 0.76 FUN_007105
FUN_008192-T1        -            253 23542at5125          -            379     0.081   10.8   0.0   1   2    0.0011       1.1    7.0   0.0     9    65     9    58     4    79 0.79 FUN_008192
FUN_008192-T1        -            253 23542at5125          -            379     0.081   10.8   0.0   2   2     0.044        44    1.7   0.0   159   190   107   138    94   187 0.85 FUN_008192
#
# Program:         hmmsearch
# Version:         3.1b2 (February 2015)
# Pipeline mode:   SEARCH
# Query file:      /home/zack/funannotate_db/hypocreales_odb10/hmms/23542at5125.hmm
# Target file:     /home/zack/Desktop/IsariaPreferralGenome/MyGenomeSubmittedToNCBI/HypocrealesProteinSets/Trichoderma_reesei_CBS999.97.proteins.fa
# Option settings: hmmsearch --domtblout /home/zack/Desktop/IsariaPreferralGenome/MyGenomeSubmittedToNCBI/HypocrealesProteinSets/BUSCO_AA_all/BUSCO_AA_Treesei_CBS999.97/run_hypocreales_odb10/hmmer_output/initial_run_results/23542at5125.out --cpu 1 /home/zack/funannotate_db/hypocreales_odb10/hmms/23542at5125.hmm /home/zack/Desktop/IsariaPreferralGenome/MyGenomeSubmittedToNCBI/HypocrealesProteinSets/Trichoderma_reesei_CBS999.97.proteins.fa 
# Current dir:     /home/zack/Desktop/IsariaPreferralGenome/MyGenomeSubmittedToNCBI/HypocrealesProteinSets/BUSCO_AA_all
# Date:            Mon Mar  4 15:38:23 2024
# [ok]
