#                                                                            --- full sequence --- -------------- this domain -------------   hmm coord   ali coord   env coord
# target name        accession   tlen query name           accession   qlen   E-value  score  bias   #  of  c-Evalue  i-Evalue  score  bias  from    to  from    to  from    to  acc description of target
#------------------- ---------- ----- -------------------- ---------- ----- --------- ------ ----- --- --- --------- --------- ------ ----- ----- ----- ----- ----- ----- ----- ---- ---------------------
FUN_002042-T1        -           1141 2374at5125           -            969         0 1865.7  18.2   1   3   6.3e-95   2.7e-92  309.1   0.1     1   167     2   180     2   193 0.94 FUN_002042
FUN_002042-T1        -           1141 2374at5125           -            969         0 1865.7  18.2   2   3  7.9e-122  3.4e-119  398.2   7.0   164   376   205   428   194   439 0.95 FUN_002042
FUN_002042-T1        -           1141 2374at5125           -            969         0 1865.7  18.2   3   3         0         0 1161.6   1.6   364   969   439  1127   428  1127 0.92 FUN_002042
FUN_007449-T1        -           1056 2374at5125           -            969    3e-279  927.9   0.1   1   1  9.8e-282  4.2e-279  927.4   0.1    31   934    62  1036    43  1050 0.90 FUN_007449
FUN_007326-T1        -           1028 2374at5125           -            969  6.2e-264  877.2   0.9   1   1  2.1e-266  8.9e-264  876.7   0.9    38   937   100  1015    74  1023 0.89 FUN_007326
FUN_001015-T1        -            998 2374at5125           -            969   1.1e-97  327.0   4.0   1   2   2.9e-24   1.3e-21   75.2   0.5    28   207    35   237    14   243 0.75 FUN_001015
FUN_001015-T1        -            998 2374at5125           -            969   1.1e-97  327.0   4.0   2   2   9.7e-78   4.1e-75  252.2   0.2   246   935   244   982   235   988 0.71 FUN_001015
FUN_006674-T1        -           1066 2374at5125           -            969     7e-92  307.8   9.4   1   4   1.3e-06   0.00058   16.8   0.0    41   114   104   176    76   184 0.82 FUN_006674
FUN_006674-T1        -           1066 2374at5125           -            969     7e-92  307.8   9.4   2   4   1.6e-10   6.7e-08   29.8   0.0   113   169   214   270   202   282 0.85 FUN_006674
FUN_006674-T1        -           1066 2374at5125           -            969     7e-92  307.8   9.4   3   4    0.0033       1.4    5.5   0.1   176   210   307   344   295   353 0.85 FUN_006674
FUN_006674-T1        -           1066 2374at5125           -            969     7e-92  307.8   9.4   4   4   1.3e-78   5.7e-76  255.1   3.9   252   902   361  1022   349  1052 0.75 FUN_006674
FUN_002611-T1        -           1099 2374at5125           -            969     8e-71  238.1  15.7   1   2   4.8e-18     2e-15   54.7   0.5    76   212   202   345   196   349 0.85 FUN_002611
FUN_002611-T1        -           1099 2374at5125           -            969     8e-71  238.1  15.7   2   2   2.1e-56     9e-54  181.6   8.9   248   815   349   955   345   969 0.70 FUN_002611
FUN_001632-T1        -           1211 2374at5125           -            969   4.4e-68  229.0   9.4   1   3   9.8e-14   4.2e-11   40.4   0.2    53   168   193   317   169   326 0.81 FUN_001632
FUN_001632-T1        -           1211 2374at5125           -            969   4.4e-68  229.0   9.4   2   3   8.7e-14   3.7e-11   40.5   0.4   278   349   429   500   392   509 0.94 FUN_001632
FUN_001632-T1        -           1211 2374at5125           -            969   4.4e-68  229.0   9.4   3   3     5e-47   2.1e-44  150.6   0.3   493   770   660   940   513   980 0.73 FUN_001632
FUN_007967-T1        -           1393 2374at5125           -            969   2.1e-67  226.7   7.9   1   2     6e-13   2.6e-10   37.8   0.2    69   168   346   447   307   456 0.89 FUN_007967
FUN_007967-T1        -           1393 2374at5125           -            969   2.1e-67  226.7   7.9   2   2     4e-59   1.7e-56  190.6   3.0   279   796   558  1078   505  1168 0.79 FUN_007967
FUN_002157-T1        -           1281 2374at5125           -            969   2.3e-57  193.5   5.9   1   2     7e-09     3e-06   24.3   0.1    70   168   204   304   171   352 0.75 FUN_002157
FUN_002157-T1        -           1281 2374at5125           -            969   2.3e-57  193.5   5.9   2   2   9.5e-53   4.1e-50  169.5   2.3   279   778   411   919   405   951 0.75 FUN_002157
FUN_003797-T1        -            923 2374at5125           -            969     1e-54  184.7  12.8   1   3   1.1e-20   4.9e-18   63.3   0.4    53   210   127   281    80   292 0.80 FUN_003797
FUN_003797-T1        -            923 2374at5125           -            969     1e-54  184.7  12.8   2   3   7.2e-13   3.1e-10   37.5   4.9   266   346   304   391   285   401 0.74 FUN_003797
FUN_003797-T1        -            923 2374at5125           -            969     1e-54  184.7  12.8   3   3   5.5e-28   2.3e-25   87.6   0.0   541   721   529   702   500   729 0.87 FUN_003797
FUN_001788-T1        -           1002 2374at5125           -            969   1.3e-53  181.1   6.9   1   2   1.9e-25   7.9e-23   79.2   5.0    53   354   140   459   119   466 0.77 FUN_001788
FUN_001788-T1        -           1002 2374at5125           -            969   1.3e-53  181.1   6.9   2   2   1.3e-31   5.6e-29   99.5   0.0   511   719   553   753   481   774 0.77 FUN_001788
FUN_002310-T1        -           1171 2374at5125           -            969   1.8e-24   84.6  14.3   1   4   2.6e-05     0.011   12.5   0.2   120   190   575   647   567   674 0.77 FUN_002310
FUN_002310-T1        -           1171 2374at5125           -            969   1.8e-24   84.6  14.3   2   4   1.4e-05    0.0059   13.4   0.5   286   351   722   791   683   805 0.72 FUN_002310
FUN_002310-T1        -           1171 2374at5125           -            969   1.8e-24   84.6  14.3   3   4    0.0011      0.46    7.1   0.1   559   593   946   980   930   983 0.86 FUN_002310
FUN_002310-T1        -           1171 2374at5125           -            969   1.8e-24   84.6  14.3   4   4   1.4e-19   6.1e-17   59.7   0.5   628   739   981  1090   980  1116 0.82 FUN_002310
FUN_006416-T1        -           1173 2374at5125           -            969   6.9e-23   79.4   1.3   1   4   7.3e-06    0.0031   14.3   0.0    25   167   181   324   166   344 0.77 FUN_006416
FUN_006416-T1        -           1173 2374at5125           -            969   6.9e-23   79.4   1.3   2   4     2e-07   8.6e-05   19.5   0.1   261   358   419   516   402   544 0.81 FUN_006416
FUN_006416-T1        -           1173 2374at5125           -            969   6.9e-23   79.4   1.3   3   4   1.3e-08   5.6e-06   23.4   0.0   458   594   615   759   607   771 0.81 FUN_006416
FUN_006416-T1        -           1173 2374at5125           -            969   6.9e-23   79.4   1.3   4   4   6.8e-07   0.00029   17.7   0.1   628   705   848   923   836   941 0.81 FUN_006416
FUN_002879-T1        -           1103 2374at5125           -            969   1.5e-22   78.3   8.7   1   4   0.00015     0.062   10.0   0.0    86   201   516   637   497   647 0.72 FUN_002879
FUN_002879-T1        -           1103 2374at5125           -            969   1.5e-22   78.3   8.7   2   4       1.9     8e+02   -3.6   0.1   315   344   733   763   704   767 0.79 FUN_002879
FUN_002879-T1        -           1103 2374at5125           -            969   1.5e-22   78.3   8.7   3   4   2.2e-09   9.5e-07   26.0   0.0   539   605   887   955   866   964 0.86 FUN_002879
FUN_002879-T1        -           1103 2374at5125           -            969   1.5e-22   78.3   8.7   4   4   2.7e-15   1.2e-12   45.6   0.8   650   711   970  1031   961  1068 0.90 FUN_002879
FUN_002059-T1        -           1318 2374at5125           -            969   5.3e-19   66.5   1.0   1   5   0.00059      0.25    8.0   0.0    14   167   166   321   157   330 0.70 FUN_002059
FUN_002059-T1        -           1318 2374at5125           -            969   5.3e-19   66.5   1.0   2   5      0.17        74   -0.2   0.0   292   349   454   511   438   533 0.73 FUN_002059
FUN_002059-T1        -           1318 2374at5125           -            969   5.3e-19   66.5   1.0   3   5   2.1e-12   9.2e-10   36.0   0.0   479   598   639   761   602   791 0.83 FUN_002059
FUN_002059-T1        -           1318 2374at5125           -            969   5.3e-19   66.5   1.0   4   5   1.7e-06   0.00071   16.5   0.0   626   677   824   875   807   889 0.88 FUN_002059
FUN_002059-T1        -           1318 2374at5125           -            969   5.3e-19   66.5   1.0   5   5      0.67   2.9e+02   -2.1   0.2    36    84  1035  1084  1030  1091 0.86 FUN_002059
FUN_006771-T1        -           1354 2374at5125           -            969   3.9e-17   60.3   0.5   1   3    0.0054       2.3    4.8   0.0    68   147   285   362   234   384 0.81 FUN_006771
FUN_006771-T1        -           1354 2374at5125           -            969   3.9e-17   60.3   0.5   2   3   5.7e-17   2.5e-14   51.1   0.2   318   604   587   908   580   945 0.72 FUN_006771
FUN_006771-T1        -           1354 2374at5125           -            969   3.9e-17   60.3   0.5   3   3      0.11        45    0.6   0.0   627   683   966  1026   947  1063 0.75 FUN_006771
FUN_000351-T1        -           1262 2374at5125           -            969   4.5e-13   46.9   4.0   1   2      0.79   3.4e+02   -2.3   0.0   121   153   324   351   318   370 0.73 FUN_000351
FUN_000351-T1        -           1262 2374at5125           -            969   4.5e-13   46.9   4.0   2   2     9e-14   3.9e-11   40.5   2.6   286   684   574  1066   524  1115 0.59 FUN_000351
FUN_005411-T1        -           1099 2374at5125           -            969     2e-11   41.5  19.7   1   3   0.00018     0.076    9.7   0.1    83   179   545   644   504   682 0.75 FUN_005411
FUN_005411-T1        -           1099 2374at5125           -            969     2e-11   41.5  19.7   2   3     3e-05     0.013   12.3   6.8   256   356   695   799   689   807 0.74 FUN_005411
FUN_005411-T1        -           1099 2374at5125           -            969     2e-11   41.5  19.7   3   3   5.1e-08   2.2e-05   21.5   1.6   547   736   900  1068   893  1072 0.66 FUN_005411
FUN_005924-T1        -           1533 2374at5125           -            969   2.1e-10   38.0   1.4   1   3    0.0067       2.9    4.5   0.0   326   355   630   659   588   690 0.90 FUN_005924
FUN_005924-T1        -           1533 2374at5125           -            969   2.1e-10   38.0   1.4   2   3   2.9e-09   1.2e-06   25.6   0.1   457   607   810   987   797  1004 0.76 FUN_005924
FUN_005924-T1        -           1533 2374at5125           -            969   2.1e-10   38.0   1.4   3   3    0.0051       2.2    4.9   0.1   628   682  1065  1122  1059  1161 0.75 FUN_005924
FUN_000230-T1        -           1602 2374at5125           -            969   8.6e-10   36.0   8.5   1   4       1.4   5.9e+02   -3.1   0.0   123   147   358   382   352   392 0.86 FUN_000230
FUN_000230-T1        -           1602 2374at5125           -            969   8.6e-10   36.0   8.5   2   4   1.4e-06   0.00061   16.7   0.0   317   381   601   664   589   680 0.85 FUN_000230
FUN_000230-T1        -           1602 2374at5125           -            969   8.6e-10   36.0   8.5   3   4     0.051        22    1.6   0.1   445   494   799   853   676   913 0.70 FUN_000230
FUN_000230-T1        -           1602 2374at5125           -            969   8.6e-10   36.0   8.5   4   4   1.9e-07   8.2e-05   19.6   1.1   513   674  1026  1220   981  1240 0.61 FUN_000230
FUN_007888-T1        -           1428 2374at5125           -            969   1.2e-09   35.6   0.6   1   3   1.5e-05    0.0063   13.3   0.0   322   357   470   505   411   541 0.70 FUN_007888
FUN_007888-T1        -           1428 2374at5125           -            969   1.2e-09   35.6   0.6   2   3   2.3e-07    0.0001   19.3   0.0   502   603   877   979   837  1003 0.72 FUN_007888
FUN_007888-T1        -           1428 2374at5125           -            969   1.2e-09   35.6   0.6   3   3      0.62   2.6e+02   -2.0   0.1   644   674  1059  1088  1039  1111 0.79 FUN_007888
#
# Program:         hmmsearch
# Version:         3.1b2 (February 2015)
# Pipeline mode:   SEARCH
# Query file:      /home/zack/funannotate_db/hypocreales_odb10/hmms/2374at5125.hmm
# Target file:     /home/zack/Desktop/IsariaPreferralGenome/MyGenomeSubmittedToNCBI/HypocrealesProteinSets/Trichoderma_reesei_CBS999.97.proteins.fa
# Option settings: hmmsearch --domtblout /home/zack/Desktop/IsariaPreferralGenome/MyGenomeSubmittedToNCBI/HypocrealesProteinSets/BUSCO_AA_all/BUSCO_AA_Treesei_CBS999.97/run_hypocreales_odb10/hmmer_output/initial_run_results/2374at5125.out --cpu 1 /home/zack/funannotate_db/hypocreales_odb10/hmms/2374at5125.hmm /home/zack/Desktop/IsariaPreferralGenome/MyGenomeSubmittedToNCBI/HypocrealesProteinSets/Trichoderma_reesei_CBS999.97.proteins.fa 
# Current dir:     /home/zack/Desktop/IsariaPreferralGenome/MyGenomeSubmittedToNCBI/HypocrealesProteinSets/BUSCO_AA_all
# Date:            Mon Mar  4 15:38:33 2024
# [ok]
