#                                                                            --- full sequence --- -------------- this domain -------------   hmm coord   ali coord   env coord
# target name        accession   tlen query name           accession   qlen   E-value  score  bias   #  of  c-Evalue  i-Evalue  score  bias  from    to  from    to  from    to  acc description of target
#------------------- ---------- ----- -------------------- ---------- ----- --------- ------ ----- --- --- --------- --------- ------ ----- ----- ----- ----- ----- ----- ----- ---- ---------------------
FUN_008921-T1        -            440 27888at5125          -            315  2.8e-136  452.8   2.0   1   1  1.3e-137  7.6e-135  448.1   2.0     5   315    64   436    61   436 0.90 FUN_008921
FUN_009063-T1        -            426 27888at5125          -            315   4.2e-65  219.0   0.0   1   1   9.2e-68   5.5e-65  218.6   0.0     9   314    85   423    73   424 0.84 FUN_009063
FUN_008529-T1        -            399 27888at5125          -            315   6.8e-59  198.6   0.3   1   1   1.4e-61   8.6e-59  198.2   0.3    18   314    81   399    69   399 0.85 FUN_008529
FUN_007142-T1        -            407 27888at5125          -            315   2.1e-57  193.6   0.0   1   1   5.1e-60   3.1e-57  193.1   0.0    16   313    76   407    63   407 0.80 FUN_007142
FUN_002027-T1        -            501 27888at5125          -            315   4.5e-49  166.3   0.1   1   1   1.1e-51   6.7e-49  165.7   0.1    21   311   175   498   164   501 0.84 FUN_002027
FUN_004896-T1        -            452 27888at5125          -            315   1.4e-40  138.4   0.2   1   1   3.9e-43   2.3e-40  137.7   0.2    20   312    99   440    84   443 0.74 FUN_004896
FUN_002644-T1        -            395 27888at5125          -            315   3.6e-30  104.2   0.0   1   1   7.9e-33   4.7e-30  103.8   0.0    32   312    82   393    66   395 0.73 FUN_002644
FUN_002252-T1        -            488 27888at5125          -            315   9.1e-21   73.3   0.2   1   2   3.1e-18   1.9e-15   55.9   0.2    34   238    53   295    22   303 0.72 FUN_002252
FUN_002252-T1        -            488 27888at5125          -            315   9.1e-21   73.3   0.2   2   2    0.0012      0.75    7.9   0.0   282   311   368   397   318   401 0.83 FUN_002252
FUN_005515-T1        -            496 27888at5125          -            315   1.6e-20   72.5   0.0   1   3   3.1e-17   1.9e-14   52.6   0.0     7   169    30   199    27   238 0.71 FUN_005515
FUN_005515-T1        -            496 27888at5125          -            315   1.6e-20   72.5   0.0   2   3      0.11        66    1.5   0.0   213   235   271   293   253   337 0.81 FUN_005515
FUN_005515-T1        -            496 27888at5125          -            315   1.6e-20   72.5   0.0   3   3   1.1e-05    0.0065   14.6   0.0   282   314   376   410   366   411 0.85 FUN_005515
FUN_008428-T1        -            516 27888at5125          -            315     4e-19   67.9   0.2   1   1   9.8e-22   5.9e-19   67.4   0.2    31   313   121   429   111   431 0.76 FUN_008428
FUN_004614-T1        -            535 27888at5125          -            315   1.1e-16   59.9   0.0   1   2   3.7e-16   2.2e-13   49.0   0.0    23   190    56   242    49   248 0.72 FUN_004614
FUN_004614-T1        -            535 27888at5125          -            315   1.1e-16   59.9   0.0   2   2   0.00073      0.44    8.6   0.0   279   312   361   397   280   399 0.76 FUN_004614
FUN_001758-T1        -            754 27888at5125          -            315   8.2e-15   53.7   0.1   1   2   8.3e-14     5e-11   41.3   0.0    24   196   226   408   212   416 0.70 FUN_001758
FUN_001758-T1        -            754 27888at5125          -            315   8.2e-15   53.7   0.1   2   2   0.00026      0.16   10.1   0.0   214   311   458   567   443   570 0.69 FUN_001758
FUN_007246-T1        -            372 27888at5125          -            315   1.5e-14   52.9   0.0   1   1   1.3e-15   7.7e-13   47.3   0.0    11   197    12   210     4   361 0.64 FUN_007246
FUN_000398-T1        -            761 27888at5125          -            315   1.6e-09   36.3   0.0   1   2   7.9e-09   4.7e-06   25.0   0.0    27   147    57   174    40   228 0.56 FUN_000398
FUN_000398-T1        -            761 27888at5125          -            315   1.6e-09   36.3   0.0   2   2   0.00049      0.29    9.2   0.0   287   312   357   382   274   385 0.92 FUN_000398
FUN_005382-T1        -            460 27888at5125          -            315   7.3e-06   24.3   2.0   1   2     0.016       9.3    4.3   0.0    39    64   120   145   101   156 0.80 FUN_005382
FUN_005382-T1        -            460 27888at5125          -            315   7.3e-06   24.3   2.0   2   2   5.9e-07   0.00035   18.8   0.5   199   309   331   455   314   460 0.66 FUN_005382
#
# Program:         hmmsearch
# Version:         3.1b2 (February 2015)
# Pipeline mode:   SEARCH
# Query file:      /home/zack/funannotate_db/hypocreales_odb10/hmms/27888at5125.hmm
# Target file:     /home/zack/Desktop/IsariaPreferralGenome/MyGenomeSubmittedToNCBI/HypocrealesProteinSets/Trichoderma_reesei_CBS999.97.proteins.fa
# Option settings: hmmsearch --domtblout /home/zack/Desktop/IsariaPreferralGenome/MyGenomeSubmittedToNCBI/HypocrealesProteinSets/BUSCO_AA_all/BUSCO_AA_Treesei_CBS999.97/run_hypocreales_odb10/hmmer_output/initial_run_results/27888at5125.out --cpu 1 /home/zack/funannotate_db/hypocreales_odb10/hmms/27888at5125.hmm /home/zack/Desktop/IsariaPreferralGenome/MyGenomeSubmittedToNCBI/HypocrealesProteinSets/Trichoderma_reesei_CBS999.97.proteins.fa 
# Current dir:     /home/zack/Desktop/IsariaPreferralGenome/MyGenomeSubmittedToNCBI/HypocrealesProteinSets/BUSCO_AA_all
# Date:            Mon Mar  4 15:38:56 2024
# [ok]
