#                                                                            --- full sequence --- -------------- this domain -------------   hmm coord   ali coord   env coord
# target name        accession   tlen query name           accession   qlen   E-value  score  bias   #  of  c-Evalue  i-Evalue  score  bias  from    to  from    to  from    to  acc description of target
#------------------- ---------- ----- -------------------- ---------- ----- --------- ------ ----- --- --- --------- --------- ------ ----- ----- ----- ----- ----- ----- ----- ---- ---------------------
FUN_002509-T1        -            674 28462at5125          -            437  5.9e-214  710.2  57.9   1   3   7.5e-27   1.4e-23   82.9   7.5     6    68    91   162    89   187 0.88 FUN_002509
FUN_002509-T1        -            674 28462at5125          -            437  5.9e-214  710.2  57.9   2   3   7.6e-33   1.4e-29  102.6  17.8    63   152   205   313   187   334 0.81 FUN_002509
FUN_002509-T1        -            674 28462at5125          -            437  5.9e-214  710.2  57.9   3   3  5.1e-164  9.2e-161  534.9  18.0   125   437   344   674   314   674 0.89 FUN_002509
FUN_007838-T1        -            263 28462at5125          -            437      0.12   10.6   2.6   1   1   8.3e-05      0.15   10.2   2.6   359   430    49   114    19   119 0.79 FUN_007838
FUN_006912-T1        -            647 28462at5125          -            437      0.62    8.2   5.7   1   1   0.00054      0.98    7.5   5.7   354   391   144   181   128   208 0.83 FUN_006912
FUN_002318-T1        -            262 28462at5125          -            437      0.76    7.9   9.7   1   1   0.00067       1.2    7.2   9.7   360   398    11    52     2    77 0.73 FUN_002318
FUN_004631-T1        -            132 28462at5125          -            437       3.1    5.9   7.3   1   1     0.002       3.6    5.7   7.3   363   401     7    47     2    70 0.69 FUN_004631
#
# Program:         hmmsearch
# Version:         3.1b2 (February 2015)
# Pipeline mode:   SEARCH
# Query file:      /home/zack/funannotate_db/hypocreales_odb10/hmms/28462at5125.hmm
# Target file:     /home/zack/Desktop/IsariaPreferralGenome/MyGenomeSubmittedToNCBI/HypocrealesProteinSets/Trichoderma_reesei_CBS999.97.proteins.fa
# Option settings: hmmsearch --domtblout /home/zack/Desktop/IsariaPreferralGenome/MyGenomeSubmittedToNCBI/HypocrealesProteinSets/BUSCO_AA_all/BUSCO_AA_Treesei_CBS999.97/run_hypocreales_odb10/hmmer_output/initial_run_results/28462at5125.out --cpu 1 /home/zack/funannotate_db/hypocreales_odb10/hmms/28462at5125.hmm /home/zack/Desktop/IsariaPreferralGenome/MyGenomeSubmittedToNCBI/HypocrealesProteinSets/Trichoderma_reesei_CBS999.97.proteins.fa 
# Current dir:     /home/zack/Desktop/IsariaPreferralGenome/MyGenomeSubmittedToNCBI/HypocrealesProteinSets/BUSCO_AA_all
# Date:            Mon Mar  4 15:38:39 2024
# [ok]
