#                                                                            --- full sequence --- -------------- this domain -------------   hmm coord   ali coord   env coord
# target name        accession   tlen query name           accession   qlen   E-value  score  bias   #  of  c-Evalue  i-Evalue  score  bias  from    to  from    to  from    to  acc description of target
#------------------- ---------- ----- -------------------- ---------- ----- --------- ------ ----- --- --- --------- --------- ------ ----- ----- ----- ----- ----- ----- ----- ---- ---------------------
FUN_007025-T1        -            391 28945at5125          -            335    1e-176  586.0   0.2   1   1  9.7e-178  1.1e-174  579.4   0.2     1   335     8   389     8   389 0.92 FUN_007025
FUN_006154-T1        -            331 28945at5125          -            335   1.3e-18   66.3   0.0   1   1   1.6e-21   1.8e-18   65.8   0.0     2   304     2   318     1   326 0.70 FUN_006154
FUN_004545-T1        -            406 28945at5125          -            335   1.3e-14   53.2   0.0   1   1   1.8e-17     2e-14   52.5   0.0     3   188    24   216    22   261 0.76 FUN_004545
FUN_006218-T1        -            363 28945at5125          -            335   1.7e-14   52.8   0.0   1   1   2.4e-17   2.7e-14   52.1   0.0    55   153    54   157    34   193 0.79 FUN_006218
FUN_008438-T1        -            382 28945at5125          -            335   1.4e-10   39.9   0.3   1   2   2.2e-13   2.5e-10   39.1   0.1    31   150    37   162    19   169 0.81 FUN_008438
FUN_008438-T1        -            382 28945at5125          -            335   1.4e-10   39.9   0.3   2   2       2.2   2.5e+03   -3.7   0.0   227   255   295   322   293   338 0.69 FUN_008438
FUN_002207-T1        -            381 28945at5125          -            335   9.7e-10   37.1   0.0   1   1   1.6e-12   1.8e-09   36.2   0.0    31   148    36   159    30   169 0.82 FUN_002207
FUN_005731-T1        -            402 28945at5125          -            335   1.1e-08   33.7   0.0   1   1   1.6e-11   1.8e-08   32.9   0.0    31   149    38   161    28   177 0.81 FUN_005731
FUN_006082-T1        -            350 28945at5125          -            335   8.3e-05   20.9   0.0   1   1   1.5e-07   0.00017   19.9   0.0    56   115    65   124    52   341 0.69 FUN_006082
#
# Program:         hmmsearch
# Version:         3.1b2 (February 2015)
# Pipeline mode:   SEARCH
# Query file:      /home/zack/funannotate_db/hypocreales_odb10/hmms/28945at5125.hmm
# Target file:     /home/zack/Desktop/IsariaPreferralGenome/MyGenomeSubmittedToNCBI/HypocrealesProteinSets/Trichoderma_reesei_CBS999.97.proteins.fa
# Option settings: hmmsearch --domtblout /home/zack/Desktop/IsariaPreferralGenome/MyGenomeSubmittedToNCBI/HypocrealesProteinSets/BUSCO_AA_all/BUSCO_AA_Treesei_CBS999.97/run_hypocreales_odb10/hmmer_output/initial_run_results/28945at5125.out --cpu 1 /home/zack/funannotate_db/hypocreales_odb10/hmms/28945at5125.hmm /home/zack/Desktop/IsariaPreferralGenome/MyGenomeSubmittedToNCBI/HypocrealesProteinSets/Trichoderma_reesei_CBS999.97.proteins.fa 
# Current dir:     /home/zack/Desktop/IsariaPreferralGenome/MyGenomeSubmittedToNCBI/HypocrealesProteinSets/BUSCO_AA_all
# Date:            Mon Mar  4 15:38:57 2024
# [ok]
