#                                                                            --- full sequence --- -------------- this domain -------------   hmm coord   ali coord   env coord
# target name        accession   tlen query name           accession   qlen   E-value  score  bias   #  of  c-Evalue  i-Evalue  score  bias  from    to  from    to  from    to  acc description of target
#------------------- ---------- ----- -------------------- ---------- ----- --------- ------ ----- --- --- --------- --------- ------ ----- ----- ----- ----- ----- ----- ----- ---- ---------------------
FUN_000925-T1        -            445 29826at5125          -            363  8.3e-190  629.4  52.0   1   3  4.7e-107    6e-104  346.9   7.6     1   168     1   168     1   179 0.97 FUN_000925
FUN_000925-T1        -            445 29826at5125          -            363  8.3e-190  629.4  52.0   2   3   5.4e-32     7e-29  100.0  20.8   153   250   176   298   169   301 0.87 FUN_000925
FUN_000925-T1        -            445 29826at5125          -            363  8.3e-190  629.4  52.0   3   3   8.8e-60   1.1e-56  191.4   9.0   244   362   314   444   301   445 0.83 FUN_000925
FUN_004077-T1        -            723 29826at5125          -            363   7.9e-16   57.0  27.4   1   4       1.3   1.7e+03   -3.3   1.7   166   202    98   139    77   151 0.46 FUN_004077
FUN_004077-T1        -            723 29826at5125          -            363   7.9e-16   57.0  27.4   2   4         7     9e+03  -12.6  21.8   238   308   292   361   221   375 0.52 FUN_004077
FUN_004077-T1        -            723 29826at5125          -            363   7.9e-16   57.0  27.4   3   4         7     9e+03  -16.8  21.8   192   282   398   496   367   522 0.51 FUN_004077
FUN_004077-T1        -            723 29826at5125          -            363   7.9e-16   57.0  27.4   4   4   6.1e-19   7.9e-16   57.0  27.4   150   359   477   714   468   719 0.52 FUN_004077
FUN_007440-T1        -            436 29826at5125          -            363   1.3e-05   23.4   6.4   1   1   1.6e-08     2e-05   22.8   6.4   240   356    53   164    13   169 0.70 FUN_007440
FUN_001123-T1        -            907 29826at5125          -            363   7.1e-05   21.0   0.2   1   4      0.25   3.2e+02   -0.9   0.9   145   222   274   356   264   426 0.79 FUN_001123
FUN_001123-T1        -            907 29826at5125          -            363   7.1e-05   21.0   0.2   2   4         7     9e+03   -5.8   6.2   179   215   477   513   442   520 0.61 FUN_001123
FUN_001123-T1        -            907 29826at5125          -            363   7.1e-05   21.0   0.2   3   4    0.0003      0.39    8.7  18.4   167   331   638   826   611   837 0.53 FUN_001123
FUN_001123-T1        -            907 29826at5125          -            363   7.1e-05   21.0   0.2   4   4   5.6e-08   7.1e-05   21.0   0.2   325   358   857   892   849   897 0.85 FUN_001123
FUN_006591-T1        -            876 29826at5125          -            363     0.029   12.4   0.1   1   2         2   2.6e+03   -3.9   0.3   174   213    82   125    72   131 0.44 FUN_006591
FUN_006591-T1        -            876 29826at5125          -            363     0.029   12.4   0.1   2   2   2.2e-05     0.029   12.4   0.1   237   356   266   390   255   394 0.74 FUN_006591
FUN_003565-T1        -           1118 29826at5125          -            363     0.062   11.3   0.0   1   1   9.7e-05      0.12   10.3   0.0   297   325   482   513   472   523 0.78 FUN_003565
FUN_005302-T1        -            657 29826at5125          -            363       0.5    8.3   6.7   1   1   0.00066      0.85    7.6   6.7   237   305   193   261   142   278 0.76 FUN_005302
#
# Program:         hmmsearch
# Version:         3.1b2 (February 2015)
# Pipeline mode:   SEARCH
# Query file:      /home/zack/funannotate_db/hypocreales_odb10/hmms/29826at5125.hmm
# Target file:     /home/zack/Desktop/IsariaPreferralGenome/MyGenomeSubmittedToNCBI/HypocrealesProteinSets/Trichoderma_reesei_CBS999.97.proteins.fa
# Option settings: hmmsearch --domtblout /home/zack/Desktop/IsariaPreferralGenome/MyGenomeSubmittedToNCBI/HypocrealesProteinSets/BUSCO_AA_all/BUSCO_AA_Treesei_CBS999.97/run_hypocreales_odb10/hmmer_output/initial_run_results/29826at5125.out --cpu 1 /home/zack/funannotate_db/hypocreales_odb10/hmms/29826at5125.hmm /home/zack/Desktop/IsariaPreferralGenome/MyGenomeSubmittedToNCBI/HypocrealesProteinSets/Trichoderma_reesei_CBS999.97.proteins.fa 
# Current dir:     /home/zack/Desktop/IsariaPreferralGenome/MyGenomeSubmittedToNCBI/HypocrealesProteinSets/BUSCO_AA_all
# Date:            Mon Mar  4 15:38:53 2024
# [ok]
