#                                                                            --- full sequence --- -------------- this domain -------------   hmm coord   ali coord   env coord
# target name        accession   tlen query name           accession   qlen   E-value  score  bias   #  of  c-Evalue  i-Evalue  score  bias  from    to  from    to  from    to  acc description of target
#------------------- ---------- ----- -------------------- ---------- ----- --------- ------ ----- --- --- --------- --------- ------ ----- ----- ----- ----- ----- ----- ----- ---- ---------------------
FUN_006218-T1        -            363 31243at5125          -            313  1.2e-156  519.5   0.9   1   1  2.3e-158  2.6e-155  515.2   0.9     1   313     4   362     4   362 0.91 FUN_006218
FUN_007025-T1        -            391 31243at5125          -            313   1.4e-14   52.9   0.0   1   1   1.8e-17   2.1e-14   52.3   0.0    48   108    72   132    52   161 0.86 FUN_007025
FUN_006082-T1        -            350 31243at5125          -            313   4.3e-13   48.0   0.1   1   1   4.7e-15   5.2e-12   44.4   0.1     2   108     4   128     3   165 0.83 FUN_006082
FUN_004545-T1        -            406 31243at5125          -            313   1.2e-11   43.3   0.0   1   2   7.7e-14   8.7e-11   40.4   0.0    40   104    66   131    26   134 0.84 FUN_004545
FUN_004545-T1        -            406 31243at5125          -            313   1.2e-11   43.3   0.0   2   2      0.11   1.3e+02    0.4   0.0   138   210   186   258   181   289 0.69 FUN_004545
FUN_008438-T1        -            382 31243at5125          -            313   3.3e-08   31.9   0.8   1   2   4.2e-11   4.7e-08   31.4   0.1    51   130    71   153    30   168 0.83 FUN_008438
FUN_008438-T1        -            382 31243at5125          -            313   3.3e-08   31.9   0.8   2   2         1   1.1e+03   -2.7   0.1   141   177   185   221   177   224 0.77 FUN_008438
FUN_002207-T1        -            381 31243at5125          -            313   1.3e-07   30.0   0.1   1   2   1.2e-09   1.4e-06   26.7   0.0    52   107    71   126    23   163 0.84 FUN_002207
FUN_002207-T1        -            381 31243at5125          -            313   1.3e-07   30.0   0.1   2   2     0.062        70    1.3   0.0   144   179   186   222   179   254 0.83 FUN_002207
FUN_006154-T1        -            331 31243at5125          -            313     9e-06   23.9   0.3   1   1     1e-08   1.1e-05   23.6   0.3    42   107    47   112    12   253 0.84 FUN_006154
FUN_005731-T1        -            402 31243at5125          -            313   0.00085   17.5   0.1   1   2   1.7e-06    0.0019   16.3   0.0    48   101    66   122     6   163 0.71 FUN_005731
FUN_005731-T1        -            402 31243at5125          -            313   0.00085   17.5   0.1   2   2      0.81   9.1e+02   -2.3   0.1   145   174   194   223   185   227 0.77 FUN_005731
#
# Program:         hmmsearch
# Version:         3.1b2 (February 2015)
# Pipeline mode:   SEARCH
# Query file:      /home/zack/funannotate_db/hypocreales_odb10/hmms/31243at5125.hmm
# Target file:     /home/zack/Desktop/IsariaPreferralGenome/MyGenomeSubmittedToNCBI/HypocrealesProteinSets/Trichoderma_reesei_CBS999.97.proteins.fa
# Option settings: hmmsearch --domtblout /home/zack/Desktop/IsariaPreferralGenome/MyGenomeSubmittedToNCBI/HypocrealesProteinSets/BUSCO_AA_all/BUSCO_AA_Treesei_CBS999.97/run_hypocreales_odb10/hmmer_output/initial_run_results/31243at5125.out --cpu 1 /home/zack/funannotate_db/hypocreales_odb10/hmms/31243at5125.hmm /home/zack/Desktop/IsariaPreferralGenome/MyGenomeSubmittedToNCBI/HypocrealesProteinSets/Trichoderma_reesei_CBS999.97.proteins.fa 
# Current dir:     /home/zack/Desktop/IsariaPreferralGenome/MyGenomeSubmittedToNCBI/HypocrealesProteinSets/BUSCO_AA_all
# Date:            Mon Mar  4 15:39:07 2024
# [ok]
