#                                                                            --- full sequence --- -------------- this domain -------------   hmm coord   ali coord   env coord
# target name        accession   tlen query name           accession   qlen   E-value  score  bias   #  of  c-Evalue  i-Evalue  score  bias  from    to  from    to  from    to  acc description of target
#------------------- ---------- ----- -------------------- ---------- ----- --------- ------ ----- --- --- --------- --------- ------ ----- ----- ----- ----- ----- ----- ----- ---- ---------------------
FUN_004103-T1        -            678 34103at5125          -            522    3e-194  645.7  61.9   1   2   2.4e-42   2.7e-39  134.4  25.9     4   260     7   283     3   292 0.66 FUN_004103
FUN_004103-T1        -            678 34103at5125          -            522    3e-194  645.7  61.9   2   2  1.1e-155  1.2e-152  508.4  37.3   149   518   238   668   221   673 0.85 FUN_004103
FUN_001279-T1        -            297 34103at5125          -            522      0.24    9.2  19.3   1   1   0.00028      0.32    8.8  19.3   152   267   160   276   117   292 0.49 FUN_001279
FUN_005081-T1        -            693 34103at5125          -            522      0.59    7.9  13.5   1   1   0.00073      0.82    7.4  13.5   171   278    61   144    32   197 0.43 FUN_005081
FUN_000813-T1        -            722 34103at5125          -            522       1.7    6.4  13.0   1   2    0.0014       1.6    6.5  11.7   190   282    24   122     2   213 0.51 FUN_000813
FUN_000813-T1        -            722 34103at5125          -            522       1.7    6.4  13.0   2   2       1.2   1.4e+03   -3.2   0.0   269   299   248   278   244   282 0.75 FUN_000813
FUN_008299-T1        -            196 34103at5125          -            522         4    5.2  27.2   1   1    0.0045         5    4.8  27.2   139   258    59   180    48   192 0.49 FUN_008299
FUN_006869-T1        -            440 34103at5125          -            522       4.4    5.0  25.5   1   1    0.0056       6.3    4.5  25.5   151   289    19   162     3   168 0.47 FUN_006869
FUN_004444-T1        -            944 34103at5125          -            522       4.5    5.0  21.7   1   1     0.007       7.9    4.2  21.7   130   252    15   140     2   165 0.44 FUN_004444
FUN_007759-T1        -            486 34103at5125          -            522       5.1    4.8  24.3   1   2     0.016        18    3.0   7.2   191   273    91   173    32   180 0.52 FUN_007759
FUN_007759-T1        -            486 34103at5125          -            522       5.1    4.8  24.3   2   2   0.00056      0.63    7.8   9.2   162   252   277   390   237   434 0.60 FUN_007759
#
# Program:         hmmsearch
# Version:         3.1b2 (February 2015)
# Pipeline mode:   SEARCH
# Query file:      /home/zack/funannotate_db/hypocreales_odb10/hmms/34103at5125.hmm
# Target file:     /home/zack/Desktop/IsariaPreferralGenome/MyGenomeSubmittedToNCBI/HypocrealesProteinSets/Trichoderma_reesei_CBS999.97.proteins.fa
# Option settings: hmmsearch --domtblout /home/zack/Desktop/IsariaPreferralGenome/MyGenomeSubmittedToNCBI/HypocrealesProteinSets/BUSCO_AA_all/BUSCO_AA_Treesei_CBS999.97/run_hypocreales_odb10/hmmer_output/initial_run_results/34103at5125.out --cpu 1 /home/zack/funannotate_db/hypocreales_odb10/hmms/34103at5125.hmm /home/zack/Desktop/IsariaPreferralGenome/MyGenomeSubmittedToNCBI/HypocrealesProteinSets/Trichoderma_reesei_CBS999.97.proteins.fa 
# Current dir:     /home/zack/Desktop/IsariaPreferralGenome/MyGenomeSubmittedToNCBI/HypocrealesProteinSets/BUSCO_AA_all
# Date:            Mon Mar  4 15:38:43 2024
# [ok]
