#                                                                            --- full sequence --- -------------- this domain -------------   hmm coord   ali coord   env coord
# target name        accession   tlen query name           accession   qlen   E-value  score  bias   #  of  c-Evalue  i-Evalue  score  bias  from    to  from    to  from    to  acc description of target
#------------------- ---------- ----- -------------------- ---------- ----- --------- ------ ----- --- --- --------- --------- ------ ----- ----- ----- ----- ----- ----- ----- ---- ---------------------
FUN_000606-T1        -            355 34792at5125          -            298  1.3e-175  581.8   4.4   1   2   6.7e-07    0.0012   17.2   0.4     6    26    20    40     6    50 0.82 FUN_000606
FUN_000606-T1        -            355 34792at5125          -            298  1.3e-175  581.8   4.4   2   2  3.3e-174  5.9e-171  566.5   0.3    25   298    72   353    61   353 0.96 FUN_000606
FUN_001918-T1        -            792 34792at5125          -            298   2.4e-37  127.9   7.0   1   5   1.2e-20   2.2e-17   62.3   0.4    42   151   114   227    93   240 0.86 FUN_001918
FUN_001918-T1        -            792 34792at5125          -            298   2.4e-37  127.9   7.0   2   5   6.9e-08   0.00012   20.5   0.0   160   196   292   329   279   337 0.80 FUN_001918
FUN_001918-T1        -            792 34792at5125          -            298   2.4e-37  127.9   7.0   3   5    0.0034       6.2    5.0   0.1   194   276   362   458   345   470 0.65 FUN_001918
FUN_001918-T1        -            792 34792at5125          -            298   2.4e-37  127.9   7.0   4   5   1.3e-11   2.3e-08   32.7   0.0    61   149   520   619   512   630 0.83 FUN_001918
FUN_001918-T1        -            792 34792at5125          -            298   2.4e-37  127.9   7.0   5   5    0.0015       2.6    6.3   0.0   198   283   688   780   662   785 0.74 FUN_001918
FUN_003505-T1        -            759 34792at5125          -            298   1.1e-36  125.7   9.3   1   5   7.6e-20   1.4e-16   59.7   0.3    35   149    57   175    50   202 0.92 FUN_003505
FUN_003505-T1        -            759 34792at5125          -            298   1.1e-36  125.7   9.3   2   5   2.7e-06    0.0048   15.3   0.0   159   193   254   289   242   303 0.81 FUN_003505
FUN_003505-T1        -            759 34792at5125          -            298   1.1e-36  125.7   9.3   3   5   4.3e-06    0.0077   14.6   0.9   194   280   325   425   311   432 0.80 FUN_003505
FUN_003505-T1        -            759 34792at5125          -            298   1.1e-36  125.7   9.3   4   5   5.7e-10     1e-06   27.3   0.0    55   149   475   583   460   606 0.79 FUN_003505
FUN_003505-T1        -            759 34792at5125          -            298   1.1e-36  125.7   9.3   5   5   0.00017       0.3    9.4   0.0   195   283   650   744   619   750 0.73 FUN_003505
FUN_006557-T1        -            927 34792at5125          -            298   3.7e-07   28.8   0.0   1   1   3.3e-10     6e-07   28.1   0.0    63   193    68   199    60   202 0.77 FUN_006557
FUN_008491-T1        -            564 34792at5125          -            298   3.4e-06   25.6   0.0   1   1   2.9e-09   5.1e-06   25.0   0.0    62   191    74   206    60   210 0.77 FUN_008491
#
# Program:         hmmsearch
# Version:         3.1b2 (February 2015)
# Pipeline mode:   SEARCH
# Query file:      /home/zack/funannotate_db/hypocreales_odb10/hmms/34792at5125.hmm
# Target file:     /home/zack/Desktop/IsariaPreferralGenome/MyGenomeSubmittedToNCBI/HypocrealesProteinSets/Trichoderma_reesei_CBS999.97.proteins.fa
# Option settings: hmmsearch --domtblout /home/zack/Desktop/IsariaPreferralGenome/MyGenomeSubmittedToNCBI/HypocrealesProteinSets/BUSCO_AA_all/BUSCO_AA_Treesei_CBS999.97/run_hypocreales_odb10/hmmer_output/initial_run_results/34792at5125.out --cpu 1 /home/zack/funannotate_db/hypocreales_odb10/hmms/34792at5125.hmm /home/zack/Desktop/IsariaPreferralGenome/MyGenomeSubmittedToNCBI/HypocrealesProteinSets/Trichoderma_reesei_CBS999.97.proteins.fa 
# Current dir:     /home/zack/Desktop/IsariaPreferralGenome/MyGenomeSubmittedToNCBI/HypocrealesProteinSets/BUSCO_AA_all
# Date:            Mon Mar  4 15:39:03 2024
# [ok]
