#                                                                            --- full sequence --- -------------- this domain -------------   hmm coord   ali coord   env coord
# target name        accession   tlen query name           accession   qlen   E-value  score  bias   #  of  c-Evalue  i-Evalue  score  bias  from    to  from    to  from    to  acc description of target
#------------------- ---------- ----- -------------------- ---------- ----- --------- ------ ----- --- --- --------- --------- ------ ----- ----- ----- ----- ----- ----- ----- ---- ---------------------
FUN_009063-T1        -            426 35575at5125          -            360    8e-158  523.8   6.2   1   1  2.5e-159  1.5e-156  519.6   6.2     5   360    32   424    28   424 0.92 FUN_009063
FUN_007142-T1        -            407 35575at5125          -            360  8.2e-112  372.4   0.5   1   1    2e-114  1.2e-111  371.9   0.5     9   352    27   398    17   407 0.87 FUN_007142
FUN_008529-T1        -            399 35575at5125          -            360  1.8e-109  364.7   1.6   1   1  3.9e-112  2.3e-109  364.3   1.6     7   359    29   399    23   399 0.91 FUN_008529
FUN_002027-T1        -            501 35575at5125          -            360   6.5e-97  323.4   7.6   1   2   6.1e-07   0.00036   18.3   0.0     6    62    27    83    22    92 0.90 FUN_002027
FUN_002027-T1        -            501 35575at5125          -            360   6.5e-97  323.4   7.6   2   2   2.7e-94   1.6e-91  305.6   4.9    54   352   176   491   160   499 0.93 FUN_002027
FUN_008921-T1        -            440 35575at5125          -            360   5.9e-76  254.5   0.0   1   1   1.6e-78   9.7e-76  253.7   0.0    28   359    70   435    50   436 0.84 FUN_008921
FUN_004896-T1        -            452 35575at5125          -            360   1.1e-63  214.0   1.4   1   1   3.2e-66   1.9e-63  213.3   1.4    53   352   102   432    81   436 0.87 FUN_004896
FUN_002644-T1        -            395 35575at5125          -            360   2.1e-30  104.6   0.1   1   1     4e-33   2.4e-30  104.4   0.1    59   356    79   392    14   395 0.75 FUN_002644
FUN_008428-T1        -            516 35575at5125          -            360   2.3e-25   88.0   1.9   1   1   5.5e-28   3.3e-25   87.5   1.9    57   358   117   429   101   431 0.81 FUN_008428
FUN_002252-T1        -            488 35575at5125          -            360   9.2e-24   82.8   2.6   1   2   3.5e-22   2.1e-19   68.4   0.6    47   299    36   318    15   329 0.74 FUN_002252
FUN_002252-T1        -            488 35575at5125          -            360   9.2e-24   82.8   2.6   2   2    0.0002      0.12   10.0   0.1   319   351   358   389   353   395 0.91 FUN_002252
FUN_001758-T1        -            754 35575at5125          -            360   3.5e-20   71.0   0.3   1   2   3.2e-14   1.9e-11   42.2   0.0    58   232   229   410   207   417 0.71 FUN_001758
FUN_001758-T1        -            754 35575at5125          -            360   3.5e-20   71.0   0.3   2   2   1.6e-09   9.8e-07   26.7   0.1   252   352   459   560   454   565 0.82 FUN_001758
FUN_005515-T1        -            496 35575at5125          -            360   5.6e-17   60.4   1.5   1   2   1.6e-17   9.7e-15   53.1   0.2    64   279    59   300    38   341 0.73 FUN_005515
FUN_005515-T1        -            496 35575at5125          -            360   5.6e-17   60.4   1.5   2   2    0.0029       1.7    6.2   0.1   325   352   376   400   361   411 0.72 FUN_005515
FUN_004614-T1        -            535 35575at5125          -            360   3.9e-16   57.6   0.5   1   1   4.9e-18     3e-15   54.8   0.5    56   351    59   388    45   397 0.72 FUN_004614
FUN_000398-T1        -            761 35575at5125          -            360   7.3e-15   53.5   0.4   1   2   3.9e-12   2.4e-09   35.3   0.1    46   155    44   158    19   183 0.71 FUN_000398
FUN_000398-T1        -            761 35575at5125          -            360   7.3e-15   53.5   0.4   2   2   2.8e-06    0.0017   16.1   0.0   252   351   273   373   269   383 0.81 FUN_000398
FUN_005382-T1        -            460 35575at5125          -            360   5.6e-09   34.1   4.4   1   2   9.4e-05     0.056   11.1   0.4    24   175    76   236    63   242 0.65 FUN_005382
FUN_005382-T1        -            460 35575at5125          -            360   5.6e-09   34.1   4.4   2   2   2.7e-08   1.6e-05   22.7   0.3   252   352   346   450   321   455 0.82 FUN_005382
FUN_007246-T1        -            372 35575at5125          -            360   0.00062   17.5   0.0   1   2   2.1e-06    0.0012   16.5   0.0    58   174    29   149    16   215 0.71 FUN_007246
FUN_007246-T1        -            372 35575at5125          -            360   0.00062   17.5   0.0   2   2       3.1   1.9e+03   -3.8   0.0   336   352   335   351   334   357 0.89 FUN_007246
#
# Program:         hmmsearch
# Version:         3.1b2 (February 2015)
# Pipeline mode:   SEARCH
# Query file:      /home/zack/funannotate_db/hypocreales_odb10/hmms/35575at5125.hmm
# Target file:     /home/zack/Desktop/IsariaPreferralGenome/MyGenomeSubmittedToNCBI/HypocrealesProteinSets/Trichoderma_reesei_CBS999.97.proteins.fa
# Option settings: hmmsearch --domtblout /home/zack/Desktop/IsariaPreferralGenome/MyGenomeSubmittedToNCBI/HypocrealesProteinSets/BUSCO_AA_all/BUSCO_AA_Treesei_CBS999.97/run_hypocreales_odb10/hmmer_output/initial_run_results/35575at5125.out --cpu 1 /home/zack/funannotate_db/hypocreales_odb10/hmms/35575at5125.hmm /home/zack/Desktop/IsariaPreferralGenome/MyGenomeSubmittedToNCBI/HypocrealesProteinSets/Trichoderma_reesei_CBS999.97.proteins.fa 
# Current dir:     /home/zack/Desktop/IsariaPreferralGenome/MyGenomeSubmittedToNCBI/HypocrealesProteinSets/BUSCO_AA_all
# Date:            Mon Mar  4 15:38:52 2024
# [ok]
