#                                                                            --- full sequence --- -------------- this domain -------------   hmm coord   ali coord   env coord
# target name        accession   tlen query name           accession   qlen   E-value  score  bias   #  of  c-Evalue  i-Evalue  score  bias  from    to  from    to  from    to  acc description of target
#------------------- ---------- ----- -------------------- ---------- ----- --------- ------ ----- --- --- --------- --------- ------ ----- ----- ----- ----- ----- ----- ----- ---- ---------------------
FUN_007947-T1        -            558 35730at5125          -            354  1.8e-157  523.3  65.2   1   6  5.6e-120  8.4e-117  389.5   1.1     1   183     1   181     1   191 0.96 FUN_007947
FUN_007947-T1        -            558 35730at5125          -            354  1.8e-157  523.3  65.2   2   6   3.1e-23   4.6e-20   71.3   2.6   171   232   204   275   191   286 0.83 FUN_007947
FUN_007947-T1        -            558 35730at5125          -            354  1.8e-157  523.3  65.2   3   6   2.7e-05     0.041   12.2   0.7   227   255   295   330   289   345 0.81 FUN_007947
FUN_007947-T1        -            558 35730at5125          -            354  1.8e-157  523.3  65.2   4   6   3.6e-07   0.00054   18.4   3.1   249   273   343   367   333   378 0.85 FUN_007947
FUN_007947-T1        -            558 35730at5125          -            354  1.8e-157  523.3  65.2   5   6    0.0052       7.8    4.7  17.9   265   316   392   476   368   496 0.65 FUN_007947
FUN_007947-T1        -            558 35730at5125          -            354  1.8e-157  523.3  65.2   6   6   1.3e-13   1.9e-10   39.6   9.7   297   354   488   558   471   558 0.74 FUN_007947
FUN_003305-T1        -            663 35730at5125          -            354     2e-29  102.0   0.5   1   4   1.4e-32     2e-29  102.0   0.5    12   122     9   124     4   148 0.86 FUN_003305
FUN_003305-T1        -            663 35730at5125          -            354     2e-29  102.0   0.5   2   4       0.4     6e+02   -1.5   0.1   284   304   159   179   141   214 0.61 FUN_003305
FUN_003305-T1        -            663 35730at5125          -            354     2e-29  102.0   0.5   3   4       1.2   1.9e+03   -3.1   0.2   179   245   299   366   283   377 0.53 FUN_003305
FUN_003305-T1        -            663 35730at5125          -            354     2e-29  102.0   0.5   4   4      0.82   1.2e+03   -2.5   0.2   183   205   547   569   533   615 0.65 FUN_003305
FUN_001472-T1        -           1100 35730at5125          -            354   8.1e-20   70.5   0.0   1   1   1.3e-22     2e-19   69.2   0.0    28   133   829   939   818   968 0.73 FUN_001472
FUN_004361-T1        -            498 35730at5125          -            354   1.9e-18   66.0   1.0   1   2   1.6e-21   2.4e-18   65.6   0.0    19   126    12   124     2   158 0.77 FUN_004361
FUN_004361-T1        -            498 35730at5125          -            354   1.9e-18   66.0   1.0   2   2       1.5   2.2e+03   -3.4   0.3   320   347   373   402   349   409 0.56 FUN_004361
FUN_003910-T1        -            375 35730at5125          -            354     2e-17   62.6   0.9   1   2   2.2e-20   3.3e-17   61.9   0.1    20   100    17    96     7   112 0.90 FUN_003910
FUN_003910-T1        -            375 35730at5125          -            354     2e-17   62.6   0.9   2   2      0.97   1.5e+03   -2.7   0.0   313   335   260   281   217   289 0.65 FUN_003910
FUN_004014-T1        -            486 35730at5125          -            354       7.6    4.8  21.8   1   2      0.33     5e+02   -1.2   8.3   176   258   116   199    80   214 0.65 FUN_004014
FUN_004014-T1        -            486 35730at5125          -            354       7.6    4.8  21.8   2   2    0.0001      0.15   10.3   7.2   217   272   211   266   201   273 0.88 FUN_004014
#
# Program:         hmmsearch
# Version:         3.1b2 (February 2015)
# Pipeline mode:   SEARCH
# Query file:      /home/zack/funannotate_db/hypocreales_odb10/hmms/35730at5125.hmm
# Target file:     /home/zack/Desktop/IsariaPreferralGenome/MyGenomeSubmittedToNCBI/HypocrealesProteinSets/Trichoderma_reesei_CBS999.97.proteins.fa
# Option settings: hmmsearch --domtblout /home/zack/Desktop/IsariaPreferralGenome/MyGenomeSubmittedToNCBI/HypocrealesProteinSets/BUSCO_AA_all/BUSCO_AA_Treesei_CBS999.97/run_hypocreales_odb10/hmmer_output/initial_run_results/35730at5125.out --cpu 1 /home/zack/funannotate_db/hypocreales_odb10/hmms/35730at5125.hmm /home/zack/Desktop/IsariaPreferralGenome/MyGenomeSubmittedToNCBI/HypocrealesProteinSets/Trichoderma_reesei_CBS999.97.proteins.fa 
# Current dir:     /home/zack/Desktop/IsariaPreferralGenome/MyGenomeSubmittedToNCBI/HypocrealesProteinSets/BUSCO_AA_all
# Date:            Mon Mar  4 15:38:59 2024
# [ok]
