#                                                                            --- full sequence --- -------------- this domain -------------   hmm coord   ali coord   env coord
# target name        accession   tlen query name           accession   qlen   E-value  score  bias   #  of  c-Evalue  i-Evalue  score  bias  from    to  from    to  from    to  acc description of target
#------------------- ---------- ----- -------------------- ---------- ----- --------- ------ ----- --- --- --------- --------- ------ ----- ----- ----- ----- ----- ----- ----- ---- ---------------------
FUN_000877-T1        -            342 39361at5125          -            283  9.8e-189  624.0   5.3   1   1  2.2e-191  3.9e-188  622.0   5.3     1   283     1   303     1   303 0.97 FUN_000877
FUN_005638-T1        -            361 39361at5125          -            283   3.5e-14   51.3   0.1   1   1   2.6e-17   4.7e-14   50.9   0.1    15   265    30   298    19   316 0.80 FUN_005638
FUN_002394-T1        -            334 39361at5125          -            283   5.4e-09   34.3   0.0   1   1   4.5e-12   8.1e-09   33.7   0.0    13   140    31   163    19   169 0.80 FUN_002394
FUN_008815-T1        -            339 39361at5125          -            283   1.5e-05   23.0   0.0   1   1   1.2e-08   2.1e-05   22.5   0.0    33   128    70   169    49   183 0.81 FUN_008815
FUN_004157-T1        -            417 39361at5125          -            283   0.00031   18.7   0.0   1   3   5.6e-06      0.01   13.7   0.0    17    98    21   109    10   130 0.75 FUN_004157
FUN_004157-T1        -            417 39361at5125          -            283   0.00031   18.7   0.0   2   3      0.17   3.1e+02   -1.1   0.0   147   176   179   209   173   213 0.79 FUN_004157
FUN_004157-T1        -            417 39361at5125          -            283   0.00031   18.7   0.0   3   3     0.037        66    1.2   0.0   192   217   275   300   241   315 0.89 FUN_004157
#
# Program:         hmmsearch
# Version:         3.1b2 (February 2015)
# Pipeline mode:   SEARCH
# Query file:      /home/zack/funannotate_db/hypocreales_odb10/hmms/39361at5125.hmm
# Target file:     /home/zack/Desktop/IsariaPreferralGenome/MyGenomeSubmittedToNCBI/HypocrealesProteinSets/Trichoderma_reesei_CBS999.97.proteins.fa
# Option settings: hmmsearch --domtblout /home/zack/Desktop/IsariaPreferralGenome/MyGenomeSubmittedToNCBI/HypocrealesProteinSets/BUSCO_AA_all/BUSCO_AA_Treesei_CBS999.97/run_hypocreales_odb10/hmmer_output/initial_run_results/39361at5125.out --cpu 1 /home/zack/funannotate_db/hypocreales_odb10/hmms/39361at5125.hmm /home/zack/Desktop/IsariaPreferralGenome/MyGenomeSubmittedToNCBI/HypocrealesProteinSets/Trichoderma_reesei_CBS999.97.proteins.fa 
# Current dir:     /home/zack/Desktop/IsariaPreferralGenome/MyGenomeSubmittedToNCBI/HypocrealesProteinSets/BUSCO_AA_all
# Date:            Mon Mar  4 15:39:20 2024
# [ok]
