#                                                                            --- full sequence --- -------------- this domain -------------   hmm coord   ali coord   env coord
# target name        accession   tlen query name           accession   qlen   E-value  score  bias   #  of  c-Evalue  i-Evalue  score  bias  from    to  from    to  from    to  acc description of target
#------------------- ---------- ----- -------------------- ---------- ----- --------- ------ ----- --- --- --------- --------- ------ ----- ----- ----- ----- ----- ----- ----- ---- ---------------------
FUN_003839-T1        -            302 40174at5125          -            234  7.4e-122  404.3  15.0   1   2   3.3e-23   3.5e-21   74.9   0.4    12    60    30    78     7    94 0.75 FUN_003839
FUN_003839-T1        -            302 40174at5125          -            234  7.4e-122  404.3  15.0   2   2    1e-101   1.1e-99  331.8   8.6    49   234    93   302    87   302 0.94 FUN_003839
FUN_004974-T1        -            281 40174at5125          -            234   4.6e-30  104.0   1.4   1   2    0.0048      0.51    8.9   0.1    15    53     6    41     1    63 0.69 FUN_004974
FUN_004974-T1        -            281 40174at5125          -            234   4.6e-30  104.0   1.4   2   2   1.9e-28     2e-26   92.0   0.1    51   225    66   259    58   265 0.82 FUN_004974
FUN_006354-T1        -            290 40174at5125          -            234   2.3e-28   98.4   4.2   1   2     0.037       3.9    6.0   0.1    11    58    15    60     4    68 0.74 FUN_006354
FUN_006354-T1        -            290 40174at5125          -            234   2.3e-28   98.4   4.2   2   2   1.1e-28   1.1e-26   92.9   0.9    42   222    74   275    66   287 0.84 FUN_006354
FUN_003236-T1        -            278 40174at5125          -            234   1.5e-24   85.9   4.6   1   2     0.036       3.8    6.0   0.1    16    53    17    56     6    70 0.73 FUN_003236
FUN_003236-T1        -            278 40174at5125          -            234   1.5e-24   85.9   4.6   2   2   7.9e-25   8.3e-23   80.2   1.8    33   224    61   272    49   277 0.84 FUN_003236
FUN_008112-T1        -            246 40174at5125          -            234   1.9e-24   85.5   3.7   1   2   2.3e-05    0.0024   16.5   0.1    14    52     3    41     1    53 0.78 FUN_008112
FUN_008112-T1        -            246 40174at5125          -            234   1.9e-24   85.5   3.7   2   2   1.4e-21   1.5e-19   69.6   0.9    50   222    59   244    41   246 0.85 FUN_008112
FUN_007928-T1        -            364 40174at5125          -            234   3.6e-24   84.7  10.7   1   2   0.00022     0.024   13.3   0.4    13    51   112   148   101   152 0.83 FUN_007928
FUN_007928-T1        -            364 40174at5125          -            234   3.6e-24   84.7  10.7   2   2   8.4e-23   8.9e-21   73.6   4.7    30   223   152   362   145   364 0.82 FUN_007928
FUN_005129-T1        -            251 40174at5125          -            234   8.5e-23   80.2   2.5   1   2     0.044       4.7    5.7   0.2    16    52     5    38     1    52 0.75 FUN_005129
FUN_005129-T1        -            251 40174at5125          -            234   8.5e-23   80.2   2.5   2   2   2.3e-22   2.5e-20   72.1   0.2    40   221    51   249    38   250 0.80 FUN_005129
FUN_000167-T1        -            295 40174at5125          -            234   2.9e-21   75.2   0.1   1   2     0.071       7.5    5.1   0.0    18    52    55    89    45   106 0.71 FUN_000167
FUN_000167-T1        -            295 40174at5125          -            234   2.9e-21   75.2   0.1   2   2   5.7e-21   6.1e-19   67.6   0.0    54   215   114   287    95   291 0.79 FUN_000167
FUN_002244-T1        -            289 40174at5125          -            234   3.4e-21   74.9   0.2   1   2      0.58        61    2.1   0.0     9    41    24    58    20    82 0.71 FUN_002244
FUN_002244-T1        -            289 40174at5125          -            234   3.4e-21   74.9   0.2   2   2   9.6e-22     1e-19   70.1   0.1    51   224    97   288    78   289 0.87 FUN_002244
FUN_008391-T1        -            269 40174at5125          -            234   1.3e-20   73.0   8.2   1   3    0.0056      0.59    8.7   0.8    21    60     3    42     1    52 0.87 FUN_008391
FUN_008391-T1        -            269 40174at5125          -            234   1.3e-20   73.0   8.2   2   3      0.22        23    3.5   0.3    48    83    58    93    43   106 0.85 FUN_008391
FUN_008391-T1        -            269 40174at5125          -            234   1.3e-20   73.0   8.2   3   3   4.4e-20   4.7e-18   64.6   0.1    81   222   115   263   107   268 0.87 FUN_008391
FUN_003045-T1        -            265 40174at5125          -            234   1.3e-20   73.0   1.0   1   2      0.12        13    4.3   0.1     9    51    11    51     4    72 0.80 FUN_003045
FUN_003045-T1        -            265 40174at5125          -            234   1.3e-20   73.0   1.0   2   2   5.5e-21   5.8e-19   67.6   0.1    88   222   128   264    77   265 0.93 FUN_003045
FUN_007186-T1        -            266 40174at5125          -            234   1.9e-20   72.5   7.4   1   2     0.001      0.11   11.1   0.1    11    44    14    47     7    67 0.85 FUN_007186
FUN_007186-T1        -            266 40174at5125          -            234   1.9e-20   72.5   7.4   2   2     3e-19   3.1e-17   62.0   4.1    46   223    74   264    50   266 0.78 FUN_007186
FUN_004185-T1        -            899 40174at5125          -            234   2.2e-20   72.3  20.4   1   3       1.8   1.9e+02    0.5   0.2    17    46    10    37     6    66 0.80 FUN_004185
FUN_004185-T1        -            899 40174at5125          -            234   2.2e-20   72.3  20.4   2   3   2.3e-12   2.5e-10   39.4   1.0    59   171    79   204    50   212 0.76 FUN_004185
FUN_004185-T1        -            899 40174at5125          -            234   2.2e-20   72.3  20.4   3   3   4.8e-11   5.1e-09   35.1   8.0    17   173   315   500   308   525 0.71 FUN_004185
FUN_000103-T1        -            302 40174at5125          -            234   2.3e-20   72.2   1.0   1   2     0.032       3.4    6.2   0.2    13    52    53    89    49    99 0.78 FUN_000103
FUN_000103-T1        -            302 40174at5125          -            234   2.3e-20   72.2   1.0   2   2   5.4e-19   5.7e-17   61.1   0.1    48   221   109   300    92   301 0.81 FUN_000103
FUN_000166-T1        -            293 40174at5125          -            234   3.1e-20   71.8   1.2   1   3    0.0005     0.053   12.1   0.2     4    50     5    48     2    61 0.84 FUN_000166
FUN_000166-T1        -            293 40174at5125          -            234   3.1e-20   71.8   1.2   2   3    0.0018      0.19   10.3   0.0    51    90    74   113    54   123 0.86 FUN_000166
FUN_000166-T1        -            293 40174at5125          -            234   3.1e-20   71.8   1.2   3   3   8.9e-15   9.4e-13   47.3   0.0   109   222   169   287   125   293 0.77 FUN_000166
FUN_004986-T1        -            270 40174at5125          -            234     1e-19   70.1   2.5   1   2       1.6   1.7e+02    0.6   0.0    15    45     9    37     4    49 0.80 FUN_004986
FUN_004986-T1        -            270 40174at5125          -            234     1e-19   70.1   2.5   2   2     6e-20   6.3e-18   64.2   1.0    36   223    52   267    44   269 0.71 FUN_004986
FUN_007062-T1        -            298 40174at5125          -            234   2.3e-19   68.9   8.8   1   2       1.9     2e+02    0.4   0.0    19    55    49    85    42   100 0.66 FUN_007062
FUN_007062-T1        -            298 40174at5125          -            234   2.3e-19   68.9   8.8   2   2   3.5e-21   3.7e-19   68.3   5.7    50   221   106   294    96   298 0.86 FUN_007062
FUN_007650-T1        -            272 40174at5125          -            234   2.6e-19   68.8   2.1   1   2      0.52        55    2.3   0.2    16    45     9    36     3    57 0.82 FUN_007650
FUN_007650-T1        -            272 40174at5125          -            234   2.6e-19   68.8   2.1   2   2   3.2e-20   3.4e-18   65.1   0.2    63   222    87   267    54   271 0.77 FUN_007650
FUN_007661-T1        -            358 40174at5125          -            234   1.2e-18   66.6   0.2   1   1   4.7e-20   4.9e-18   64.6   0.2    51   222   166   355   150   358 0.81 FUN_007661
FUN_004751-T1        -            296 40174at5125          -            234   3.4e-18   65.1   7.6   1   3     3e-05    0.0032   16.1   0.2    14    48    14    46     5    55 0.85 FUN_004751
FUN_004751-T1        -            296 40174at5125          -            234   3.4e-18   65.1   7.6   2   3     0.014       1.5    7.4   0.3    48    84    71   105    56   118 0.84 FUN_004751
FUN_004751-T1        -            296 40174at5125          -            234   3.4e-18   65.1   7.6   3   3   4.4e-14   4.6e-12   45.0   0.1   109   221   169   287   136   294 0.83 FUN_004751
FUN_008651-T1        -            254 40174at5125          -            234   6.9e-18   64.1   6.8   1   2   4.5e-05    0.0048   15.5   1.4    16    56     7    49     2    69 0.77 FUN_008651
FUN_008651-T1        -            254 40174at5125          -            234   6.9e-18   64.1   6.8   2   2   6.4e-16   6.7e-14   51.0   0.7    99   222   130   251    56   253 0.93 FUN_008651
FUN_008875-T1        -            268 40174at5125          -            234   1.1e-17   63.4   0.2   1   2       4.9   5.1e+02   -0.9   0.1    13    44     5    34     2    46 0.66 FUN_008875
FUN_008875-T1        -            268 40174at5125          -            234   1.1e-17   63.4   0.2   2   2   1.1e-19   1.1e-17   63.4   0.2    85   224   135   267    80   268 0.91 FUN_008875
FUN_004832-T1        -            342 40174at5125          -            234   1.2e-17   63.3   3.1   1   2       2.3   2.4e+02    0.1   0.0    16    55    84   121    71   154 0.63 FUN_004832
FUN_004832-T1        -            342 40174at5125          -            234   1.2e-17   63.3   3.1   2   2   3.6e-19   3.8e-17   61.7   2.4    83   224   189   341   142   342 0.84 FUN_004832
FUN_006685-T1        -            276 40174at5125          -            234   1.7e-17   62.8   5.7   1   2    0.0015      0.16   10.6   0.3    14    56    32    73    22    78 0.79 FUN_006685
FUN_006685-T1        -            276 40174at5125          -            234   1.7e-17   62.8   5.7   2   2   7.5e-17     8e-15   54.1   0.8    50   222    90   273    77   275 0.81 FUN_006685
FUN_003605-T1        -            211 40174at5125          -            234   1.9e-17   62.6   5.9   1   1   7.3e-17   7.7e-15   54.1   5.9    14   170     6   194     3   201 0.74 FUN_003605
FUN_004726-T1        -            266 40174at5125          -            234   2.1e-17   62.5   8.7   1   2      0.03       3.2    6.3   1.4    18    57    18    54     6    83 0.73 FUN_004726
FUN_004726-T1        -            266 40174at5125          -            234   2.1e-17   62.5   8.7   2   2     5e-18   5.3e-16   57.9   3.1    47   222    67   263    50   265 0.75 FUN_004726
FUN_001913-T1        -            263 40174at5125          -            234   9.4e-17   60.4   5.3   1   2   3.2e-06   0.00033   19.3   0.9    14    65     7    60     3    64 0.84 FUN_001913
FUN_001913-T1        -            263 40174at5125          -            234   9.4e-17   60.4   5.3   2   2   1.6e-13   1.7e-11   43.2   0.3    39   225    60   263    55   263 0.78 FUN_001913
FUN_000440-T1        -            291 40174at5125          -            234   1.7e-16   59.5   9.2   1   2     0.019       2.1    6.9   0.6    13    45    27    57    17    78 0.77 FUN_000440
FUN_000440-T1        -            291 40174at5125          -            234   1.7e-16   59.5   9.2   2   2     1e-15   1.1e-13   50.4   3.0    52   223    88   289    66   291 0.76 FUN_000440
FUN_007159-T1        -            285 40174at5125          -            234   1.4e-14   53.3   6.5   1   2   8.4e-05    0.0089   14.7   0.6    17    63    22    65     9    75 0.86 FUN_007159
FUN_007159-T1        -            285 40174at5125          -            234   1.4e-14   53.3   6.5   2   2   3.5e-12   3.7e-10   38.8   0.8    88   221   128   282    67   285 0.78 FUN_007159
FUN_001809-T1        -            237 40174at5125          -            234   1.9e-14   52.8   5.9   1   2    0.0002     0.021   13.5   0.1    13    63    50    99    41   105 0.73 FUN_001809
FUN_001809-T1        -            237 40174at5125          -            234   1.9e-14   52.8   5.9   2   2   7.9e-13   8.4e-11   40.9   2.5    35   161    96   234    92   235 0.82 FUN_001809
FUN_007105-T1        -            263 40174at5125          -            234     2e-14   52.8   2.9   1   2   2.9e-06   0.00031   19.4   0.9    14    65     9    62     2    70 0.87 FUN_007105
FUN_007105-T1        -            263 40174at5125          -            234     2e-14   52.8   2.9   2   2   2.3e-10   2.4e-08   32.9   0.1    99   223   137   261    57   263 0.69 FUN_007105
FUN_006131-T1        -            255 40174at5125          -            234   5.1e-14   51.4  11.2   1   2    0.0081      0.86    8.2   0.8    11    45    26    58    19    76 0.79 FUN_006131
FUN_006131-T1        -            255 40174at5125          -            234   5.1e-14   51.4  11.2   2   2     7e-13   7.5e-11   41.1   4.5    50   175    87   244    58   254 0.73 FUN_006131
FUN_004938-T1        -            227 40174at5125          -            234   2.4e-13   49.3   1.7   1   1   3.8e-15     4e-13   48.5   1.7    85   221    82   223    19   225 0.78 FUN_004938
FUN_003276-T1        -            266 40174at5125          -            234   9.3e-13   47.3   0.3   1   2   0.00089     0.094   11.3   0.1    11    54     6    46     2    58 0.81 FUN_003276
FUN_003276-T1        -            266 40174at5125          -            234   9.3e-13   47.3   0.3   2   2   8.7e-11   9.2e-09   34.2   0.0   110   223   149   261   117   265 0.83 FUN_003276
FUN_005003-T1        -            259 40174at5125          -            234   1.2e-12   46.9   5.3   1   2       2.7   2.9e+02   -0.1   0.0    15    34     4    23     1    49 0.82 FUN_005003
FUN_005003-T1        -            259 40174at5125          -            234   1.2e-12   46.9   5.3   2   2   3.6e-14   3.8e-12   45.3   3.4    50   215    62   249    32   256 0.80 FUN_005003
FUN_009190-T1        -            280 40174at5125          -            234   4.4e-12   45.1   0.0   1   1   3.1e-13   3.2e-11   42.3   0.0    54   171    59   190    49   202 0.80 FUN_009190
FUN_003440-T1        -            264 40174at5125          -            234     7e-12   44.5   0.3   1   2       1.4   1.5e+02    0.8   0.0    18    69     7    55     4    65 0.77 FUN_003440
FUN_003440-T1        -            264 40174at5125          -            234     7e-12   44.5   0.3   2   2   1.2e-12   1.2e-10   40.4   0.5    98   224   128   258    58   263 0.76 FUN_003440
FUN_003623-T1        -            241 40174at5125          -            234     8e-12   44.3   7.9   1   3     0.098        10    4.6   0.2    26    57    15    48     3    57 0.76 FUN_003623
FUN_003623-T1        -            241 40174at5125          -            234     8e-12   44.3   7.9   2   3   2.3e-12   2.4e-10   39.4   1.0    47   166    60   196    51   201 0.78 FUN_003623
FUN_003623-T1        -            241 40174at5125          -            234     8e-12   44.3   7.9   3   3       2.9   3.1e+02   -0.2   0.0   202   227   207   232   198   236 0.83 FUN_003623
FUN_004738-T1        -            291 40174at5125          -            234   5.2e-11   41.6   1.2   1   2    0.0091      0.97    8.0   0.2    15    50    32    65    24    83 0.76 FUN_004738
FUN_004738-T1        -            291 40174at5125          -            234   5.2e-11   41.6   1.2   2   2   8.6e-10   9.1e-08   31.0   0.1    44   175    85   229    73   238 0.81 FUN_004738
FUN_000050-T1        -            273 40174at5125          -            234     7e-11   41.2   1.1   1   1   2.1e-12   2.2e-10   39.6   1.1    51   166    56   185    47   192 0.86 FUN_000050
FUN_008295-T1        -            275 40174at5125          -            234   1.3e-10   40.2   3.8   1   1   9.7e-12     1e-09   37.4   3.2    94   222   140   272   103   275 0.79 FUN_008295
FUN_007316-T1        -            304 40174at5125          -            234   1.4e-10   40.2   2.8   1   2   6.4e-07   6.8e-05   21.6   0.1    15    75    30    92    23    97 0.78 FUN_007316
FUN_007316-T1        -            304 40174at5125          -            234   1.4e-10   40.2   2.8   2   2   9.6e-06     0.001   17.7   0.8    51   175    90   227    80   237 0.69 FUN_007316
FUN_002054-T1        -            283 40174at5125          -            234   2.6e-10   39.3   0.3   1   2       2.8     3e+02   -0.2   0.0    20    63    15    55    12    64 0.72 FUN_002054
FUN_002054-T1        -            283 40174at5125          -            234   2.6e-10   39.3   0.3   2   2   1.6e-11   1.7e-09   36.6   0.1    62   168    79   200    44   204 0.70 FUN_002054
FUN_004045-T1        -            274 40174at5125          -            234   3.1e-10   39.1   0.5   1   2    0.0053      0.56    8.8   0.1    14    41    11    36     3   134 0.93 FUN_004045
FUN_004045-T1        -            274 40174at5125          -            234   3.1e-10   39.1   0.5   2   2   3.4e-09   3.6e-07   29.0   0.1   109   205   152   246    57   266 0.83 FUN_004045
FUN_001306-T1        -            306 40174at5125          -            234     2e-09   36.4   5.7   1   1   1.3e-10   1.4e-08   33.6   5.7    31   221    59   265    31   273 0.71 FUN_001306
FUN_009069-T1        -           1273 40174at5125          -            234   2.2e-09   36.3   5.9   1   2     0.024       2.5    6.6   0.8    14    44  1023  1051  1013  1069 0.81 FUN_009069
FUN_009069-T1        -           1273 40174at5125          -            234   2.2e-09   36.3   5.9   2   2   5.8e-10   6.1e-08   31.5   0.4    40   167  1077  1218  1064  1238 0.80 FUN_009069
FUN_002355-T1        -            262 40174at5125          -            234   1.3e-08   33.7   0.1   1   2       3.7     4e+02   -0.6   0.0    14    37     3    24     1    62 0.76 FUN_002355
FUN_002355-T1        -            262 40174at5125          -            234   1.3e-08   33.7   0.1   2   2   4.5e-10   4.7e-08   31.9   0.1   107   221   145   256   106   260 0.77 FUN_002355
FUN_007494-T1        -            239 40174at5125          -            234   4.1e-08   32.1   2.2   1   1   2.1e-09   2.2e-07   29.7   2.2    52   171    57   187     1   204 0.80 FUN_007494
FUN_003024-T1        -            304 40174at5125          -            234   2.5e-07   29.5   3.0   1   3     0.023       2.4    6.7   0.1    13    53     4    42     1    80 0.84 FUN_003024
FUN_003024-T1        -            304 40174at5125          -            234   2.5e-07   29.5   3.0   2   3   0.00013     0.014   14.0   0.0    88   162   134   208   123   223 0.86 FUN_003024
FUN_003024-T1        -            304 40174at5125          -            234   2.5e-07   29.5   3.0   3   3     0.011       1.2    7.7   0.0   187   222   264   299   245   303 0.87 FUN_003024
FUN_005890-T1        -            263 40174at5125          -            234   3.6e-07   29.0   0.1   1   2    0.0011      0.12   11.0   0.0    43    84    62   103    53   129 0.89 FUN_005890
FUN_005890-T1        -            263 40174at5125          -            234   3.6e-07   29.0   0.1   2   2   5.6e-05    0.0059   15.2   0.0   124   186   173   231   154   245 0.81 FUN_005890
FUN_008946-T1        -            348 40174at5125          -            234   8.7e-07   27.8   0.0   1   2     0.052       5.5    5.5   0.0    13    48    36    69    30    98 0.82 FUN_008946
FUN_008946-T1        -            348 40174at5125          -            234   8.7e-07   27.8   0.0   2   2   1.7e-06   0.00018   20.2   0.0   105   174   176   248   149   287 0.77 FUN_008946
FUN_008119-T1        -            441 40174at5125          -            234   9.3e-07   27.7   0.0   1   1   2.4e-08   2.5e-06   26.3   0.0    35   170    47   197    21   218 0.77 FUN_008119
FUN_008192-T1        -            253 40174at5125          -            234   1.7e-06   26.9   1.1   1   3       1.7   1.8e+02    0.6   0.0    13    30     5    22     3    42 0.82 FUN_008192
FUN_008192-T1        -            253 40174at5125          -            234   1.7e-06   26.9   1.1   2   3    0.0012      0.13   10.8   0.1    49    87    64   102    36   147 0.76 FUN_008192
FUN_008192-T1        -            253 40174at5125          -            234   1.7e-06   26.9   1.1   3   3   0.00039     0.041   12.5   0.0   126   171   171   216   163   237 0.89 FUN_008192
FUN_003423-T1        -            266 40174at5125          -            234   1.9e-06   26.7   1.1   1   2       1.3   1.3e+02    1.0   0.1    18    44     7    31     2    38 0.72 FUN_003423
FUN_003423-T1        -            266 40174at5125          -            234   1.9e-06   26.7   1.1   2   2   1.4e-06   0.00015   20.5   0.3    38   167    47   195    29   209 0.75 FUN_003423
FUN_000060-T1        -            302 40174at5125          -            234   2.7e-06   26.2   7.2   1   2     0.013       1.4    7.5   0.3    16    49    45    77    37    97 0.80 FUN_000060
FUN_000060-T1        -            302 40174at5125          -            234   2.7e-06   26.2   7.2   2   2   1.2e-06   0.00013   20.7   1.7    51   170   105   237    87   276 0.78 FUN_000060
FUN_009106-T1        -            284 40174at5125          -            234   7.8e-06   24.7   0.1   1   2   0.00017     0.018   13.6   0.0     9    83     9    95     3   106 0.68 FUN_009106
FUN_009106-T1        -            284 40174at5125          -            234   7.8e-06   24.7   0.1   2   2     0.021       2.2    6.8   0.0   108   162   142   197   117   244 0.85 FUN_009106
FUN_001977-T1        -            289 40174at5125          -            234   1.5e-05   23.8   1.5   1   1     4e-07   4.3e-05   22.2   1.5    15   168     4   180     1   191 0.74 FUN_001977
FUN_001770-T1        -            346 40174at5125          -            234   2.4e-05   23.1   1.0   1   3     0.049       5.2    5.6   0.2    16    64    41    87    32   103 0.71 FUN_001770
FUN_001770-T1        -            346 40174at5125          -            234   2.4e-05   23.1   1.0   2   3       2.8   2.9e+02   -0.1   0.0    51    83   105   137    95   143 0.79 FUN_001770
FUN_001770-T1        -            346 40174at5125          -            234   2.4e-05   23.1   1.0   3   3    0.0001     0.011   14.4   0.0   128   177   211   259   208   306 0.80 FUN_001770
FUN_003022-T1        -            262 40174at5125          -            234   2.5e-05   23.0   0.8   1   2       3.7   3.9e+02   -0.5   0.1    16    42     4    29     2    37 0.81 FUN_003022
FUN_003022-T1        -            262 40174at5125          -            234   2.5e-05   23.0   0.8   2   2   2.3e-07   2.5e-05   23.0   0.8    84   167   103   186    51   192 0.87 FUN_003022
FUN_002834-T1        -            214 40174at5125          -            234   9.3e-05   21.1   4.3   1   3     0.017       1.8    7.1   0.2     5    49     9    51     5    64 0.83 FUN_002834
FUN_002834-T1        -            214 40174at5125          -            234   9.3e-05   21.1   4.3   2   3       2.4   2.5e+02    0.1   0.0    51    84    74   107    61   114 0.85 FUN_002834
FUN_002834-T1        -            214 40174at5125          -            234   9.3e-05   21.1   4.3   3   3   0.00011     0.012   14.2   0.3   107   152   166   212   134   214 0.79 FUN_002834
FUN_008686-T1        -            335 40174at5125          -            234   0.00011   20.8   0.1   1   1   3.4e-06   0.00036   19.2   0.1    48   164    85   213    82   219 0.74 FUN_008686
FUN_004846-T1        -            325 40174at5125          -            234   0.00018   20.2   1.0   1   2     0.037       3.9    6.0   0.1     5    48    13    53    11    73 0.66 FUN_004846
FUN_004846-T1        -            325 40174at5125          -            234   0.00018   20.2   1.0   2   2   0.00037     0.039   12.5   0.1    49    83    82   116    67   120 0.87 FUN_004846
FUN_001136-T1        -            319 40174at5125          -            234   0.00022   19.9   1.3   1   2       1.4   1.5e+02    0.9   0.0    15    45     4    32     1    46 0.77 FUN_001136
FUN_001136-T1        -            319 40174at5125          -            234   0.00022   19.9   1.3   2   2   1.5e-05    0.0016   17.1   0.5    33   145    61   187    49   230 0.63 FUN_001136
FUN_008358-T1        -            305 40174at5125          -            234   0.00023   19.9   0.0   1   2       0.3        32    3.0   0.1    14    35     6    27     2    38 0.82 FUN_008358
FUN_008358-T1        -            305 40174at5125          -            234   0.00023   19.9   0.0   2   2   8.9e-05    0.0094   14.6   0.0    81   165   113   198   106   209 0.89 FUN_008358
FUN_008047-T1        -            330 40174at5125          -            234   0.00027   19.6   0.1   1   2      0.23        24    3.4   0.0     7    31    20    44    17    58 0.76 FUN_008047
FUN_008047-T1        -            330 40174at5125          -            234   0.00027   19.6   0.1   2   2   0.00011     0.011   14.3   0.0    18    83    55   121    45   127 0.87 FUN_008047
FUN_008393-T1        -            199 40174at5125          -            234   0.00028   19.6   0.0   1   1   3.5e-06   0.00037   19.2   0.0    87   167    19    99    10   111 0.89 FUN_008393
FUN_008360-T1        -            283 40174at5125          -            234    0.0003   19.5   0.0   1   1   6.5e-06   0.00069   18.3   0.0    54   167    57   184    39   196 0.79 FUN_008360
FUN_006014-T1        -            299 40174at5125          -            234   0.00033   19.3   0.1   1   2    0.0082      0.87    8.1   0.1    16    39     3    26     1    93 0.50 FUN_006014
FUN_006014-T1        -            299 40174at5125          -            234   0.00033   19.3   0.1   2   2      0.13        14    4.2   0.0   126   170   162   206   157   222 0.91 FUN_006014
FUN_003828-T1        -            360 40174at5125          -            234    0.0005   18.7   1.0   1   1   1.9e-05     0.002   16.8   1.0    40   166   128   271    83   281 0.70 FUN_003828
FUN_009191-T1        -            274 40174at5125          -            234   0.00053   18.7   0.7   1   1   7.6e-06   0.00081   18.1   0.7   106   169   113   176    48   183 0.91 FUN_009191
FUN_006656-T1        -            331 40174at5125          -            234   0.00065   18.4   0.2   1   3       0.1        11    4.6   0.0    14    50    20    55    14    74 0.74 FUN_006656
FUN_006656-T1        -            331 40174at5125          -            234   0.00065   18.4   0.2   2   3    0.0017      0.18   10.3   0.0   129   169   205   244   197   251 0.89 FUN_006656
FUN_006656-T1        -            331 40174at5125          -            234   0.00065   18.4   0.2   3   3       5.6   5.9e+02   -1.1   0.0    27    58   253   284   249   294 0.80 FUN_006656
FUN_004755-T1        -            324 40174at5125          -            234   0.00066   18.4   0.1   1   3         7   7.4e+02   -1.5   0.0    14    31     9    26     3    41 0.78 FUN_004755
FUN_004755-T1        -            324 40174at5125          -            234   0.00066   18.4   0.1   2   3     0.042       4.4    5.8   0.0    37    83    56   101    48   106 0.89 FUN_004755
FUN_004755-T1        -            324 40174at5125          -            234   0.00066   18.4   0.1   3   3    0.0034      0.36    9.4   0.0   112   167   174   229   159   279 0.81 FUN_004755
FUN_006701-T1        -            369 40174at5125          -            234    0.0014   17.3   1.6   1   1   3.6e-05    0.0038   15.9   1.6    38   162   129   269    89   284 0.76 FUN_006701
FUN_004842-T1        -            246 40174at5125          -            234    0.0015   17.1   0.0   1   3       3.9   4.1e+02   -0.6   0.0    17    59     4    46     1    49 0.69 FUN_004842
FUN_004842-T1        -            246 40174at5125          -            234    0.0015   17.1   0.0   2   3      0.13        14    4.2   0.0    65    93    78   106    53   119 0.77 FUN_004842
FUN_004842-T1        -            246 40174at5125          -            234    0.0015   17.1   0.0   3   3    0.0031      0.32    9.5   0.0   115   169   147   199   128   215 0.89 FUN_004842
FUN_008403-T1        -            299 40174at5125          -            234    0.0019   16.8   0.9   1   1   7.9e-05    0.0083   14.7   0.9    44   167    48   191    34   199 0.68 FUN_008403
FUN_004983-T1        -            286 40174at5125          -            234    0.0046   15.6   0.0   1   1   9.7e-05      0.01   14.5   0.0    57   178    60   195    41   212 0.72 FUN_004983
FUN_008399-T1        -            292 40174at5125          -            234     0.005   15.5   0.7   1   2         6   6.4e+02   -1.2   0.0    30    60    39    67    21    74 0.68 FUN_008399
FUN_008399-T1        -            292 40174at5125          -            234     0.005   15.5   0.7   2   2   0.00022     0.023   13.3   0.1   128   169   187   228   106   276 0.88 FUN_008399
FUN_007394-T1        -            335 40174at5125          -            234    0.0059   15.2   0.0   1   2       6.8   7.2e+02   -1.4   0.0    19    45    59    83    42   101 0.64 FUN_007394
FUN_007394-T1        -            335 40174at5125          -            234    0.0059   15.2   0.0   2   2   0.00022     0.023   13.3   0.0    86   169   167   251   163   256 0.91 FUN_007394
FUN_008774-T1        -            336 40174at5125          -            234    0.0084   14.7   1.3   1   2      0.09       9.5    4.7   0.3     9    46    29    64    22   181 0.81 FUN_008774
FUN_008774-T1        -            336 40174at5125          -            234    0.0084   14.7   1.3   2   2     0.022       2.3    6.8   0.0   128   186   199   256   188   272 0.85 FUN_008774
FUN_004345-T1        -            317 40174at5125          -            234    0.0087   14.7   0.1   1   2       2.5   2.6e+02    0.0   0.1     9    43    16    50    10    71 0.69 FUN_004345
FUN_004345-T1        -            317 40174at5125          -            234    0.0087   14.7   0.1   2   2   0.00058     0.061   11.9   0.0    84   171   136   231   124   261 0.72 FUN_004345
FUN_007735-T1        -            510 40174at5125          -            234     0.017   13.8   0.3   1   2      0.53        56    2.2   0.3    20    59   204   242   200   249 0.68 FUN_007735
FUN_007735-T1        -            510 40174at5125          -            234     0.017   13.8   0.3   2   2     0.004      0.42    9.2   0.0    37    83   257   303   239   308 0.89 FUN_007735
FUN_002110-T1        -            352 40174at5125          -            234     0.034   12.7   0.1   1   3       5.1   5.4e+02   -1.0   0.0    11    28    11    28     7    44 0.82 FUN_002110
FUN_002110-T1        -            352 40174at5125          -            234     0.034   12.7   0.1   2   3    0.0061      0.65    8.6   0.0    49    83    92   125    65   128 0.73 FUN_002110
FUN_002110-T1        -            352 40174at5125          -            234     0.034   12.7   0.1   3   3       3.4   3.6e+02   -0.4   0.0   153   171   239   257   214   265 0.71 FUN_002110
FUN_002124-T1        -            268 40174at5125          -            234     0.037   12.6   0.5   1   3       4.5   4.8e+02   -0.8   0.0    16    31     4    19     2    27 0.77 FUN_002124
FUN_002124-T1        -            268 40174at5125          -            234     0.037   12.6   0.5   2   3       1.1   1.2e+02    1.2   0.1    65   119    80   134    62   147 0.52 FUN_002124
FUN_002124-T1        -            268 40174at5125          -            234     0.037   12.6   0.5   3   3    0.0095         1    7.9   0.0   129   167   184   222   176   239 0.88 FUN_002124
FUN_000520-T1        -            326 40174at5125          -            234     0.053   12.1   0.2   1   2    0.0046      0.49    9.0   0.0    16    48    28    58    18    78 0.87 FUN_000520
FUN_000520-T1        -            326 40174at5125          -            234     0.053   12.1   0.2   2   2       1.5   1.6e+02    0.8   0.0   128   169   188   229   173   237 0.87 FUN_000520
FUN_004616-T1        -            360 40174at5125          -            234     0.068   11.8   0.0   1   1    0.0014      0.15   10.7   0.0    47   148   138   251   125   263 0.70 FUN_004616
#
# Program:         hmmsearch
# Version:         3.1b2 (February 2015)
# Pipeline mode:   SEARCH
# Query file:      /home/zack/funannotate_db/hypocreales_odb10/hmms/40174at5125.hmm
# Target file:     /home/zack/Desktop/IsariaPreferralGenome/MyGenomeSubmittedToNCBI/HypocrealesProteinSets/Trichoderma_reesei_CBS999.97.proteins.fa
# Option settings: hmmsearch --domtblout /home/zack/Desktop/IsariaPreferralGenome/MyGenomeSubmittedToNCBI/HypocrealesProteinSets/BUSCO_AA_all/BUSCO_AA_Treesei_CBS999.97/run_hypocreales_odb10/hmmer_output/initial_run_results/40174at5125.out --cpu 1 /home/zack/funannotate_db/hypocreales_odb10/hmms/40174at5125.hmm /home/zack/Desktop/IsariaPreferralGenome/MyGenomeSubmittedToNCBI/HypocrealesProteinSets/Trichoderma_reesei_CBS999.97.proteins.fa 
# Current dir:     /home/zack/Desktop/IsariaPreferralGenome/MyGenomeSubmittedToNCBI/HypocrealesProteinSets/BUSCO_AA_all
# Date:            Mon Mar  4 15:39:13 2024
# [ok]
