#                                                                            --- full sequence --- -------------- this domain -------------   hmm coord   ali coord   env coord
# target name        accession   tlen query name           accession   qlen   E-value  score  bias   #  of  c-Evalue  i-Evalue  score  bias  from    to  from    to  from    to  acc description of target
#------------------- ---------- ----- -------------------- ---------- ----- --------- ------ ----- --- --- --------- --------- ------ ----- ----- ----- ----- ----- ----- ----- ---- ---------------------
FUN_008875-T1        -            268 47354at5125          -            202   7.9e-90  298.9   4.7   1   2   4.3e-18   4.4e-16   58.1   0.4     1    40     6    45     6    52 0.95 FUN_008875
FUN_008875-T1        -            268 47354at5125          -            202   7.9e-90  298.9   4.7   2   2   3.8e-74   3.9e-72  241.1   0.4    39   202    73   267    68   267 0.87 FUN_008875
FUN_004185-T1        -            899 47354at5125          -            202   2.7e-22   78.4  12.0   1   4     0.037       3.9    6.0   0.7     3    32     9    38     7    50 0.91 FUN_004185
FUN_004185-T1        -            899 47354at5125          -            202   2.7e-22   78.4  12.0   2   4   1.5e-09   1.5e-07   30.2   0.0    54   143    88   183    80   238 0.78 FUN_004185
FUN_004185-T1        -            899 47354at5125          -            202   2.7e-22   78.4  12.0   3   4    0.0055      0.57    8.7   0.6     1    32   312   343   312   353 0.93 FUN_004185
FUN_004185-T1        -            899 47354at5125          -            202   2.7e-22   78.4  12.0   4   4     4e-12   4.2e-10   38.6   0.0    53   153   381   490   362   527 0.79 FUN_004185
FUN_004726-T1        -            266 47354at5125          -            202   7.6e-20   70.4   2.0   1   1   3.4e-19   3.5e-17   61.7   2.0     1   199    14   262    14   264 0.71 FUN_004726
FUN_004974-T1        -            281 47354at5125          -            202   1.3e-16   59.8   0.8   1   2     4e-06   0.00041   19.0   0.3     1    32     5    36     5    49 0.91 FUN_004974
FUN_004974-T1        -            281 47354at5125          -            202   1.3e-16   59.8   0.8   2   2   3.2e-12   3.3e-10   38.9   0.0    46   200    74   256    64   258 0.76 FUN_004974
FUN_007928-T1        -            364 47354at5125          -            202   1.4e-15   56.4   5.7   1   1     6e-16   6.2e-14   51.1   5.7     2   199   114   360   113   363 0.69 FUN_007928
FUN_000103-T1        -            302 47354at5125          -            202   1.8e-15   56.1   0.3   1   2    0.0075      0.78    8.3   0.5     1    32    54    85    54    99 0.90 FUN_000103
FUN_000103-T1        -            302 47354at5125          -            202   1.8e-15   56.1   0.3   2   2   2.9e-14     3e-12   45.6   0.0    44   165   118   251   107   300 0.77 FUN_000103
FUN_005129-T1        -            251 47354at5125          -            202   4.3e-14   51.6   0.9   1   1   1.3e-13   1.4e-11   43.4   0.9     1   198     3   248     3   250 0.65 FUN_005129
FUN_003024-T1        -            304 47354at5125          -            202   1.2e-13   50.2   0.0   1   2   0.00045     0.046   12.3   0.1     2    32     6    36     5    57 0.90 FUN_003024
FUN_003024-T1        -            304 47354at5125          -            202   1.2e-13   50.2   0.0   2   2   2.9e-11     3e-09   35.7   0.0    58   161   100   216    97   233 0.79 FUN_003024
FUN_003605-T1        -            211 47354at5125          -            202   4.4e-13   48.3   0.6   1   1   8.2e-15   8.5e-13   47.4   0.6     1   152     6   185     6   202 0.77 FUN_003605
FUN_003276-T1        -            266 47354at5125          -            202   7.3e-13   47.6   0.5   1   2   0.00014     0.015   13.9   0.7     2    38    10    46     9    52 0.93 FUN_003276
FUN_003276-T1        -            266 47354at5125          -            202   7.3e-13   47.6   0.5   2   2   1.6e-09   1.6e-07   30.1   0.0    59   201    94   261    74   262 0.73 FUN_003276
FUN_000167-T1        -            295 47354at5125          -            202   1.2e-12   46.9   0.0   1   2    0.0012      0.13   10.9   0.0     1    33    51    83    51    89 0.94 FUN_000167
FUN_000167-T1        -            295 47354at5125          -            202   1.2e-12   46.9   0.0   2   2   1.4e-10   1.5e-08   33.5   0.0    54   185   128   277   119   283 0.71 FUN_000167
FUN_003440-T1        -            264 47354at5125          -            202   1.4e-12   46.6   0.2   1   1   5.3e-13   5.4e-11   41.5   0.2    58   200    86   256    75   258 0.69 FUN_003440
FUN_003839-T1        -            302 47354at5125          -            202   3.7e-12   45.3   1.1   1   2       2.7   2.8e+02   -0.0   0.1     4    29    35    62    32    81 0.70 FUN_003839
FUN_003839-T1        -            302 47354at5125          -            202   3.7e-12   45.3   1.1   2   2   4.2e-13   4.3e-11   41.8   0.1    55   202   113   292    88   292 0.74 FUN_003839
FUN_007159-T1        -            285 47354at5125          -            202   4.4e-12   45.0   4.4   1   2   0.00086     0.089   11.4   1.3     1    33    19    51    19    67 0.89 FUN_007159
FUN_007159-T1        -            285 47354at5125          -            202   4.4e-12   45.0   4.4   2   2   6.6e-11   6.8e-09   34.6   0.1    51   158    92   211    59   217 0.84 FUN_007159
FUN_008651-T1        -            254 47354at5125          -            202   7.9e-12   44.2   0.7   1   2     0.015       1.5    7.4   1.8     1    33     5    39     5    81 0.79 FUN_008651
FUN_008651-T1        -            254 47354at5125          -            202   7.9e-12   44.2   0.7   2   2   1.2e-10   1.3e-08   33.7   0.0    58   201    89   252    77   253 0.75 FUN_008651
FUN_007105-T1        -            263 47354at5125          -            202   1.4e-11   43.4   1.7   1   2   2.2e-05    0.0023   16.6   1.8     1    61     9    71     9    79 0.89 FUN_007105
FUN_007105-T1        -            263 47354at5125          -            202   1.4e-11   43.4   1.7   2   2   1.5e-08   1.6e-06   26.9   0.1    23   157    63   203    54   261 0.68 FUN_007105
FUN_006354-T1        -            290 47354at5125          -            202   1.5e-11   43.3   0.2   1   2    0.0016      0.17   10.5   0.8     1    38    18    56    18    67 0.85 FUN_006354
FUN_006354-T1        -            290 47354at5125          -            202   1.5e-11   43.3   0.2   2   2   2.6e-09   2.7e-07   29.4   0.0    57   198   102   273    91   276 0.76 FUN_006354
FUN_002244-T1        -            289 47354at5125          -            202     2e-11   42.9   0.9   1   2      0.68        70    1.9   0.6     4    31    34    61    31    65 0.81 FUN_002244
FUN_002244-T1        -            289 47354at5125          -            202     2e-11   42.9   0.9   2   2   4.4e-12   4.6e-10   38.4   0.0    56   199   116   285    75   288 0.71 FUN_002244
FUN_004832-T1        -            342 47354at5125          -            202   3.4e-11   42.1   1.7   1   2     0.011       1.1    7.8   0.0     1    35    82   116    82   127 0.90 FUN_004832
FUN_004832-T1        -            342 47354at5125          -            202   3.4e-11   42.1   1.7   2   2   6.9e-10   7.2e-08   31.3   0.9    63   199   170   338   165   341 0.69 FUN_004832
FUN_009069-T1        -           1273 47354at5125          -            202     4e-11   41.9   8.9   1   3       7.2   7.4e+02   -1.4   0.0     7    29   633   655   629   663 0.82 FUN_009069
FUN_009069-T1        -           1273 47354at5125          -            202     4e-11   41.9   8.9   2   3   4.7e-05    0.0048   15.5   3.2     1    37  1023  1059  1023  1067 0.91 FUN_009069
FUN_009069-T1        -           1273 47354at5125          -            202     4e-11   41.9   8.9   3   3   6.4e-09   6.6e-07   28.1   0.1    54   157  1105  1217  1065  1255 0.81 FUN_009069
FUN_008295-T1        -            275 47354at5125          -            202   9.1e-11   40.7   2.6   1   3     0.092       9.6    4.7   0.1     8    30     2    24     1    34 0.83 FUN_008295
FUN_008295-T1        -            275 47354at5125          -            202   9.1e-11   40.7   2.6   2   3   2.2e-09   2.3e-07   29.6   0.5    62   141    83   176    77   193 0.79 FUN_008295
FUN_008295-T1        -            275 47354at5125          -            202   9.1e-11   40.7   2.6   3   3      0.26        27    3.3   0.0   143   185   202   255   181   273 0.57 FUN_008295
FUN_006685-T1        -            276 47354at5125          -            202   1.5e-10   40.0   1.9   1   1   2.9e-10     3e-08   32.5   1.9     2   165    33   229    32   272 0.67 FUN_006685
FUN_007650-T1        -            272 47354at5125          -            202   2.6e-10   39.2   0.1   1   2    0.0011      0.12   11.0   0.4     1    32     7    38     7    57 0.85 FUN_007650
FUN_007650-T1        -            272 47354at5125          -            202   2.6e-10   39.2   0.1   2   2   3.8e-08   3.9e-06   25.6   0.0    59   199   100   266    88   269 0.63 FUN_007650
FUN_005003-T1        -            259 47354at5125          -            202   6.6e-10   37.9   0.6   1   2      0.12        12    4.4   0.1     4    32     6    34     3    47 0.88 FUN_005003
FUN_005003-T1        -            259 47354at5125          -            202   6.6e-10   37.9   0.6   2   2   4.2e-10   4.3e-08   32.0   0.0    56   156    82   195    63   223 0.79 FUN_005003
FUN_001809-T1        -            237 47354at5125          -            202   8.2e-10   37.6   0.1   1   2   0.00017     0.018   13.6   0.1     1    33    51    83    51    90 0.95 FUN_001809
FUN_001809-T1        -            237 47354at5125          -            202   8.2e-10   37.6   0.1   2   2   4.7e-07   4.9e-05   22.0   0.0    55   152   129   234   116   236 0.82 FUN_001809
FUN_000166-T1        -            293 47354at5125          -            202   8.3e-10   37.6   5.5   1   3   3.4e-05    0.0035   16.0   0.9     1    37    15    51    15    59 0.93 FUN_000166
FUN_000166-T1        -            293 47354at5125          -            202   8.3e-10   37.6   5.5   2   3      0.34        35    2.9   0.0    60    90    97   129    94   134 0.70 FUN_000166
FUN_000166-T1        -            293 47354at5125          -            202   8.3e-10   37.6   5.5   3   3   1.5e-05    0.0016   17.1   0.1   107   199   172   286   157   289 0.67 FUN_000166
FUN_004938-T1        -            227 47354at5125          -            202   3.1e-09   35.7   0.0   1   1   8.3e-11   8.6e-09   34.3   0.0    49   162    48   170    37   218 0.79 FUN_004938
FUN_003236-T1        -            278 47354at5125          -            202   3.5e-09   35.5   0.4   1   2       3.1   3.2e+02   -0.2   0.1     2    44    16    63    15    71 0.64 FUN_003236
FUN_003236-T1        -            278 47354at5125          -            202   3.5e-09   35.5   0.4   2   2   1.4e-10   1.4e-08   33.6   0.0    28   160    71   217    59   230 0.75 FUN_003236
FUN_003828-T1        -            360 47354at5125          -            202     4e-09   35.4   0.8   1   1   9.9e-11     1e-08   34.0   0.8     6   156    94   270    89   300 0.74 FUN_003828
FUN_000050-T1        -            273 47354at5125          -            202   5.1e-09   35.0   0.1   1   1   1.1e-10   1.1e-08   33.9   0.0    45   156    63   184    54   192 0.82 FUN_000050
FUN_007062-T1        -            298 47354at5125          -            202   5.4e-09   34.9   9.5   1   2   0.00026     0.027   13.1   2.3     5    30    48    73    45    97 0.85 FUN_007062
FUN_007062-T1        -            298 47354at5125          -            202   5.4e-09   34.9   9.5   2   2   2.8e-08   2.9e-06   26.0   0.8    48   195   119   290    86   296 0.70 FUN_007062
FUN_008391-T1        -            269 47354at5125          -            202   8.7e-09   34.3   0.5   1   2      0.39        41    2.7   0.3    57    70    81    94    12   127 0.78 FUN_008391
FUN_008391-T1        -            269 47354at5125          -            202   8.7e-09   34.3   0.5   2   2   2.1e-08   2.2e-06   26.4   0.0   122   199   168   262   148   264 0.75 FUN_008391
FUN_007186-T1        -            266 47354at5125          -            202   1.3e-08   33.7   1.7   1   2      0.12        13    4.4   0.6     1    32    17    50    17    58 0.78 FUN_007186
FUN_007186-T1        -            266 47354at5125          -            202   1.3e-08   33.7   1.7   2   2   6.6e-09   6.8e-07   28.1   0.0    53   187    95   248    78   264 0.74 FUN_007186
FUN_004738-T1        -            291 47354at5125          -            202   3.4e-08   32.3   1.3   1   2     3e-06   0.00031   19.4   2.3     2    37    32    68    31    94 0.88 FUN_004738
FUN_004738-T1        -            291 47354at5125          -            202   3.4e-08   32.3   1.3   2   2    0.0027      0.28    9.8   0.0    83   161   140   224   103   248 0.72 FUN_004738
FUN_008112-T1        -            246 47354at5125          -            202   4.3e-08   32.0   0.0   1   2      0.68        71    1.9   0.0     4    31     6    33     3    42 0.86 FUN_008112
FUN_008112-T1        -            246 47354at5125          -            202   4.3e-08   32.0   0.0   2   2   8.4e-09   8.7e-07   27.7   0.0    53   187    76   229    58   244 0.77 FUN_008112
FUN_006131-T1        -            255 47354at5125          -            202   5.5e-08   31.6   3.6   1   3     4e-06   0.00041   19.0   0.4     1    33    29    61    29    82 0.88 FUN_006131
FUN_006131-T1        -            255 47354at5125          -            202   5.5e-08   31.6   3.6   2   3       9.6   9.9e+02   -1.8   0.0    45    69    95   121    85   124 0.75 FUN_006131
FUN_006131-T1        -            255 47354at5125          -            202   5.5e-08   31.6   3.6   3   3   0.00031     0.032   12.8   0.1   102   157   175   235   166   250 0.74 FUN_006131
FUN_004986-T1        -            270 47354at5125          -            202   2.4e-07   29.5   0.8   1   3   9.9e-05      0.01   14.4   0.5     1    37     8    44     8    68 0.86 FUN_004986
FUN_004986-T1        -            270 47354at5125          -            202   2.4e-07   29.5   0.8   2   3       3.1   3.2e+02   -0.2   0.0   113   157   150   197   113   206 0.66 FUN_004986
FUN_004986-T1        -            270 47354at5125          -            202   2.4e-07   29.5   0.8   3   3   0.00074     0.077   11.6   0.0   164   201   228   267   221   268 0.89 FUN_004986
FUN_000440-T1        -            291 47354at5125          -            202   3.5e-07   29.0   7.1   1   3   2.2e-05    0.0023   16.6   2.1     1    34    28    61    28    70 0.89 FUN_000440
FUN_000440-T1        -            291 47354at5125          -            202   3.5e-07   29.0   7.1   2   3      0.63        66    2.0   0.0    54   100   106   152    88   167 0.77 FUN_000440
FUN_000440-T1        -            291 47354at5125          -            202   3.5e-07   29.0   7.1   3   3   0.00079     0.081   11.5   0.1   121   157   196   234   173   287 0.81 FUN_000440
FUN_007494-T1        -            239 47354at5125          -            202   4.1e-07   28.8   0.4   1   2      0.13        13    4.3   0.1     2    44     2    44     1    53 0.89 FUN_007494
FUN_007494-T1        -            239 47354at5125          -            202   4.1e-07   28.8   0.4   2   2   2.4e-07   2.5e-05   23.0   0.0    53   161    72   186    64   207 0.83 FUN_007494
FUN_001913-T1        -            263 47354at5125          -            202   4.4e-07   28.7   2.2   1   2      0.48        50    2.4   3.0     3    34     9    42     7    90 0.70 FUN_001913
FUN_001913-T1        -            263 47354at5125          -            202   4.4e-07   28.7   2.2   2   2   1.8e-07   1.8e-05   23.4   0.0    51   187    88   245    53   261 0.77 FUN_001913
FUN_006251-T1        -            276 47354at5125          -            202   5.9e-07   28.3   3.1   1   2   0.00098       0.1   11.2   1.3     1    39    10    48    10    72 0.81 FUN_006251
FUN_006251-T1        -            276 47354at5125          -            202   5.9e-07   28.3   3.1   2   2   6.4e-05    0.0066   15.1   0.0    32   199    71   263    61   265 0.68 FUN_006251
FUN_003045-T1        -            265 47354at5125          -            202   6.1e-07   28.2   1.0   1   2      0.78        81    1.7   0.2     5    34    20    49    16    99 0.81 FUN_003045
FUN_003045-T1        -            265 47354at5125          -            202   6.1e-07   28.2   1.0   2   2   5.9e-08   6.1e-06   25.0   0.0   107   198   154   262    99   265 0.73 FUN_003045
FUN_003623-T1        -            241 47354at5125          -            202   7.1e-07   28.0   1.2   1   2     0.041       4.2    5.9   0.1     1    33     5    37     5    52 0.85 FUN_003623
FUN_003623-T1        -            241 47354at5125          -            202   7.1e-07   28.0   1.2   2   2   9.1e-07   9.4e-05   21.1   0.2    52   157    79   196    63   227 0.73 FUN_003623
FUN_009191-T1        -            274 47354at5125          -            202   1.3e-06   27.1   0.0   1   1   1.8e-08   1.8e-06   26.7   0.0    58   159    65   175    44   209 0.80 FUN_009191
FUN_007394-T1        -            335 47354at5125          -            202   3.1e-06   25.9   0.1   1   2    0.0024      0.24    9.9   0.0     3    39    56    92    55   111 0.89 FUN_007394
FUN_007394-T1        -            335 47354at5125          -            202   3.1e-06   25.9   0.1   2   2   0.00021     0.022   13.4   0.0    58   143   138   231   126   264 0.74 FUN_007394
FUN_000060-T1        -            302 47354at5125          -            202   4.9e-06   25.3   2.5   1   2      0.06       6.2    5.4   0.2     3    39    45    83    43    93 0.86 FUN_000060
FUN_000060-T1        -            302 47354at5125          -            202   4.9e-06   25.3   2.5   2   2   1.8e-06   0.00019   20.1   0.2    50   185   120   259   104   273 0.73 FUN_000060
FUN_008686-T1        -            335 47354at5125          -            202   1.1e-05   24.1   0.0   1   2      0.06       6.2    5.4   0.0     7    35    37    65    34    73 0.92 FUN_008686
FUN_008686-T1        -            335 47354at5125          -            202   1.1e-05   24.1   0.0   2   2   2.2e-05    0.0023   16.6   0.0    55   148   104   204    91   216 0.78 FUN_008686
FUN_001306-T1        -            306 47354at5125          -            202   1.2e-05   24.0   1.9   1   2   0.00015     0.016   13.8   1.0     1    42    18    59    18    84 0.79 FUN_001306
FUN_001306-T1        -            306 47354at5125          -            202   1.2e-05   24.0   1.9   2   2    0.0047      0.49    9.0   0.0   159   198   223   264    97   266 0.89 FUN_001306
FUN_001770-T1        -            346 47354at5125          -            202   1.3e-05   23.9   0.1   1   3   0.00017     0.017   13.7   0.2     6    77    44   116    39   132 0.78 FUN_001770
FUN_001770-T1        -            346 47354at5125          -            202   1.3e-05   23.9   0.1   2   3         4   4.1e+02   -0.6   0.0    58    74   126   142   107   164 0.79 FUN_001770
FUN_001770-T1        -            346 47354at5125          -            202   1.3e-05   23.9   0.1   3   3     0.019       1.9    7.0   0.0   121   177   210   269   204   296 0.85 FUN_001770
FUN_001819-T1        -            310 47354at5125          -            202   1.5e-05   23.7   1.7   1   1   1.1e-06   0.00012   20.8   1.7    52   150    74   179     1   206 0.77 FUN_001819
FUN_009190-T1        -            280 47354at5125          -            202   1.8e-05   23.4   0.0   1   1   2.9e-07     3e-05   22.7   0.0    56   158    75   186    62   212 0.80 FUN_009190
FUN_006701-T1        -            369 47354at5125          -            202   2.1e-05   23.2   0.0   1   1   3.4e-07   3.6e-05   22.5   0.0    53   182   156   300   144   319 0.68 FUN_006701
FUN_008230-T1        -            129 47354at5125          -            202   2.6e-05   22.9   0.1   1   1     3e-07   3.1e-05   22.7   0.1     6    49     6    52     1    67 0.78 FUN_008230
FUN_008478-T1        -            286 47354at5125          -            202   2.7e-05   22.8   8.4   1   1   7.5e-06   0.00078   18.1   8.4     2   174    30   234    29   249 0.69 FUN_008478
FUN_004616-T1        -            360 47354at5125          -            202   2.8e-05   22.8   0.0   1   1   6.7e-07     7e-05   21.5   0.0    55   141   158   250   149   260 0.84 FUN_004616
FUN_001977-T1        -            289 47354at5125          -            202   4.3e-05   22.2   0.1   1   1   6.2e-07   6.4e-05   21.6   0.1     8   161    10   182     4   213 0.69 FUN_001977
FUN_002054-T1        -            283 47354at5125          -            202   5.3e-05   21.9   0.1   1   2     0.035       3.7    6.1   0.2     3    38    11    46     9    55 0.89 FUN_002054
FUN_002054-T1        -            283 47354at5125          -            202   5.3e-05   21.9   0.1   2   2   0.00016     0.016   13.8   0.0    53   162    86   203    47   228 0.73 FUN_002054
FUN_004045-T1        -            274 47354at5125          -            202   5.5e-05   21.8   0.0   1   2      0.64        66    2.0   0.0     1    26    11    36    11    66 0.86 FUN_004045
FUN_004045-T1        -            274 47354at5125          -            202   5.5e-05   21.8   0.0   2   2   1.2e-05    0.0012   17.5   0.0    59   164    98   216    94   257 0.65 FUN_004045
FUN_008317-T1        -            319 47354at5125          -            202   9.4e-05   21.1   0.3   1   1   4.3e-06   0.00044   18.9   0.3    47   143    65   168     5   181 0.79 FUN_008317
FUN_009106-T1        -            284 47354at5125          -            202   0.00011   20.9   0.1   1   1   2.1e-06   0.00021   19.9   0.0    91   187   128   234    77   249 0.76 FUN_009106
FUN_004755-T1        -            324 47354at5125          -            202   0.00013   20.6   0.1   1   1   4.1e-06   0.00042   19.0   0.0   106   180   173   257   164   275 0.71 FUN_004755
FUN_004983-T1        -            286 47354at5125          -            202    0.0002   20.0   0.2   1   1   9.1e-06   0.00094   17.8   0.2    55   142    72   165     1   196 0.72 FUN_004983
FUN_000008-T1        -            166 47354at5125          -            202   0.00039   19.1   0.0   1   1   4.7e-06   0.00049   18.8   0.0    58   157     3   115     1   138 0.78 FUN_000008
FUN_004751-T1        -            296 47354at5125          -            202   0.00047   18.8   1.4   1   2      0.11        11    4.5   1.7     3    36    16    50    14    56 0.87 FUN_004751
FUN_004751-T1        -            296 47354at5125          -            202   0.00047   18.8   1.4   2   2    0.0069      0.72    8.4   0.0   123   196   190   284   162   290 0.59 FUN_004751
FUN_008068-T1        -            295 47354at5125          -            202     0.001   17.7   0.0   1   2     0.087       8.9    4.8   0.7     2    35    28    62    27    69 0.85 FUN_008068
FUN_008068-T1        -            295 47354at5125          -            202     0.001   17.7   0.0   2   2    0.0023      0.23   10.0   0.0    50   185   100   246    90   256 0.70 FUN_008068
FUN_001136-T1        -            319 47354at5125          -            202    0.0012   17.5   0.3   1   2    0.0021      0.21   10.1   0.1     6    40     8    42     5    47 0.91 FUN_001136
FUN_001136-T1        -            319 47354at5125          -            202    0.0012   17.5   0.3   2   2     0.056       5.8    5.5   0.0   102   153   149   204    87   238 0.74 FUN_001136
FUN_007316-T1        -            304 47354at5125          -            202    0.0022   16.6   4.0   1   1    0.0039      0.41    9.2   4.0     3   161    31   222    29   257 0.62 FUN_007316
FUN_002355-T1        -            262 47354at5125          -            202    0.0025   16.5   0.1   1   2       3.3   3.4e+02   -0.3   0.1     7    36     9    38     4    58 0.86 FUN_002355
FUN_002355-T1        -            262 47354at5125          -            202    0.0025   16.5   0.1   2   2   0.00012     0.012   14.2   0.0   104   199   147   256    94   259 0.80 FUN_002355
FUN_003423-T1        -            266 47354at5125          -            202    0.0038   15.9   0.2   1   2     0.011       1.1    7.8   0.2     4    36     6    39     3    57 0.80 FUN_003423
FUN_003423-T1        -            266 47354at5125          -            202    0.0038   15.9   0.2   2   2     0.031       3.2    6.3   0.0   104   141   137   174    66   206 0.73 FUN_003423
FUN_006135-T1        -            307 47354at5125          -            202    0.0054   15.3   0.4   1   2   0.00071     0.073   11.7   0.1     4    40     5    41     3    60 0.85 FUN_006135
FUN_006135-T1        -            307 47354at5125          -            202    0.0054   15.3   0.4   2   2      0.77        80    1.7   0.1    18    47    59    87    44    98 0.80 FUN_006135
FUN_008946-T1        -            348 47354at5125          -            202    0.0092   14.6   0.1   1   2   0.00039      0.04   12.5   0.1     2    38    38    74    37    83 0.92 FUN_008946
FUN_008946-T1        -            348 47354at5125          -            202    0.0092   14.6   0.1   2   2       6.3   6.5e+02   -1.2   0.0   120   163   197   245   178   273 0.59 FUN_008946
FUN_007513-T1        -            345 47354at5125          -            202    0.0098   14.5   0.1   1   2   0.00059     0.061   11.9   0.1     2    38    33    69    32    99 0.69 FUN_007513
FUN_007513-T1        -            345 47354at5125          -            202    0.0098   14.5   0.1   2   2       2.6   2.7e+02    0.0   0.0    55    83   111   140    94   163 0.70 FUN_007513
FUN_000452-T1        -            318 47354at5125          -            202     0.012   14.2   0.1   1   1   0.00015     0.016   13.8   0.1     3    67     3    72     1   103 0.76 FUN_000452
FUN_003553-T1        -            312 47354at5125          -            202     0.012   14.2   0.8   1   1   0.00021     0.022   13.3   0.2     6    37    15    46    12    52 0.92 FUN_003553
FUN_004880-T1        -            256 47354at5125          -            202     0.012   14.2   0.0   1   1   0.00022     0.023   13.3   0.0     5    62     2    64     1    97 0.74 FUN_004880
FUN_002063-T1        -            264 47354at5125          -            202     0.018   13.6   0.0   1   1   0.00024     0.025   13.2   0.0     2    38    11    49    10   100 0.85 FUN_002063
FUN_007273-T1        -            424 47354at5125          -            202      0.02   13.5   0.1   1   1   0.00042     0.043   12.4   0.1     1    35    53    87    53   100 0.90 FUN_007273
FUN_007551-T1        -            308 47354at5125          -            202     0.027   13.1   3.3   1   1   0.00035     0.036   12.6   2.4     3    38    41    77    39    83 0.85 FUN_007551
FUN_005511-T1        -            305 47354at5125          -            202     0.029   13.0   0.3   1   2   0.00095     0.098   11.2   0.1     3    35    30    62    28    92 0.90 FUN_005511
FUN_005511-T1        -            305 47354at5125          -            202     0.029   13.0   0.3   2   2       5.1   5.3e+02   -0.9   0.0    56    99   113   159    93   177 0.71 FUN_005511
FUN_008360-T1        -            283 47354at5125          -            202     0.032   12.8   0.0   1   1   0.00041     0.042   12.4   0.0    50   162    66   188    43   218 0.74 FUN_008360
FUN_002228-T1        -            299 47354at5125          -            202     0.035   12.7   0.4   1   1   0.00063     0.065   11.8   0.4     6    38     5    37     2    43 0.90 FUN_002228
FUN_006271-T1        -            339 47354at5125          -            202     0.035   12.7   0.2   1   2    0.0025      0.26    9.8   0.1     1    37    37    73    37   128 0.91 FUN_006271
FUN_006271-T1        -            339 47354at5125          -            202     0.035   12.7   0.2   2   2       2.4   2.5e+02    0.1   0.0    63    86   235   258   217   283 0.83 FUN_006271
FUN_001908-T1        -            339 47354at5125          -            202     0.037   12.6   0.1   1   2     0.012       1.2    7.6   0.1     7    43     8    44     3    53 0.88 FUN_001908
FUN_001908-T1        -            339 47354at5125          -            202     0.037   12.6   0.1   2   2      0.39        40    2.7   0.0   120   154   162   198   156   220 0.83 FUN_001908
FUN_008774-T1        -            336 47354at5125          -            202     0.051   12.2   1.1   1   2    0.0024      0.25    9.9   0.6     1    42    34    75    34    80 0.92 FUN_008774
FUN_008774-T1        -            336 47354at5125          -            202     0.051   12.2   1.1   2   2       3.1   3.2e+02   -0.2   0.0    56    79   110   133    91   146 0.77 FUN_008774
FUN_007735-T1        -            510 47354at5125          -            202     0.058   12.0   0.6   1   1   0.00092     0.096   11.3   0.6     7    37   204   235   199   244 0.83 FUN_007735
FUN_004657-T1        -            498 47354at5125          -            202       0.1   11.2   0.1   1   1    0.0017      0.17   10.5   0.1     7    39    23    55    19    61 0.82 FUN_004657
FUN_008063-T1        -            344 47354at5125          -            202       0.2   10.3   1.7   1   2    0.0033      0.34    9.5   0.2     6    35    20    50    16    62 0.83 FUN_008063
FUN_008063-T1        -            344 47354at5125          -            202       0.2   10.3   1.7   2   2       4.9   5.1e+02   -0.9   0.1   113   131   130   148   125   164 0.84 FUN_008063
#
# Program:         hmmsearch
# Version:         3.1b2 (February 2015)
# Pipeline mode:   SEARCH
# Query file:      /home/zack/funannotate_db/hypocreales_odb10/hmms/47354at5125.hmm
# Target file:     /home/zack/Desktop/IsariaPreferralGenome/MyGenomeSubmittedToNCBI/HypocrealesProteinSets/Trichoderma_reesei_CBS999.97.proteins.fa
# Option settings: hmmsearch --domtblout /home/zack/Desktop/IsariaPreferralGenome/MyGenomeSubmittedToNCBI/HypocrealesProteinSets/BUSCO_AA_all/BUSCO_AA_Treesei_CBS999.97/run_hypocreales_odb10/hmmer_output/initial_run_results/47354at5125.out --cpu 1 /home/zack/funannotate_db/hypocreales_odb10/hmms/47354at5125.hmm /home/zack/Desktop/IsariaPreferralGenome/MyGenomeSubmittedToNCBI/HypocrealesProteinSets/Trichoderma_reesei_CBS999.97.proteins.fa 
# Current dir:     /home/zack/Desktop/IsariaPreferralGenome/MyGenomeSubmittedToNCBI/HypocrealesProteinSets/BUSCO_AA_all
# Date:            Mon Mar  4 15:39:15 2024
# [ok]
