#                                                                            --- full sequence --- -------------- this domain -------------   hmm coord   ali coord   env coord
# target name        accession   tlen query name           accession   qlen   E-value  score  bias   #  of  c-Evalue  i-Evalue  score  bias  from    to  from    to  from    to  acc description of target
#------------------- ---------- ----- -------------------- ---------- ----- --------- ------ ----- --- --- --------- --------- ------ ----- ----- ----- ----- ----- ----- ----- ---- ---------------------
FUN_006494-T1        -            183 50708at5125          -            159  9.7e-102  336.5   8.1   1   1  1.1e-104  1.1e-101  336.3   8.1     1   159     1   166     1   166 0.97 FUN_006494
FUN_004109-T1        -            190 50708at5125          -            159   9.8e-19   66.7   3.0   1   1   1.3e-21   1.3e-18   66.3   3.0     8   151    17   171    11   181 0.79 FUN_004109
FUN_006384-T1        -            163 50708at5125          -            159   6.9e-15   54.2   4.6   1   2   2.9e-06    0.0029   16.4   0.1    87   149    12    69     2    79 0.85 FUN_006384
FUN_006384-T1        -            163 50708at5125          -            159   6.9e-15   54.2   4.6   2   2   2.1e-13   2.1e-10   39.6   1.1    69   153    81   160    72   163 0.88 FUN_006384
FUN_001271-T1        -            323 50708at5125          -            159   1.1e-05   24.3   3.3   1   2   1.6e-06    0.0016   17.2   0.1    13   109   191   282   179   293 0.72 FUN_001271
FUN_001271-T1        -            323 50708at5125          -            159   1.1e-05   24.3   3.3   2   2    0.0036       3.6    6.4   0.2    89   104   293   308   288   320 0.82 FUN_001271
FUN_006523-T1        -            703 50708at5125          -            159    0.0019   17.0   0.6   1   2   0.00076      0.76    8.5   0.1    53   104    73   121    60   133 0.74 FUN_006523
FUN_006523-T1        -            703 50708at5125          -            159    0.0019   17.0   0.6   2   2    0.0048       4.8    5.9   0.0    81   127   170   216   161   247 0.75 FUN_006523
FUN_003183-T1        -            941 50708at5125          -            159    0.0041   15.9   0.3   1   1   9.4e-06    0.0094   14.7   0.3    53   108   297   348   286   375 0.82 FUN_003183
FUN_005392-T1        -            646 50708at5125          -            159    0.0094   14.7   2.4   1   2    0.0002       0.2   10.4   0.1   128   156    66    94    41    97 0.84 FUN_005392
FUN_005392-T1        -            646 50708at5125          -            159    0.0094   14.7   2.4   2   2   7.4e-05     0.074   11.8   2.4    21   117    67   163    61   175 0.77 FUN_005392
FUN_002859-T1        -            200 50708at5125          -            159    0.0096   14.7   1.0   1   1   3.7e-05     0.037   12.8   1.0    91   155   137   198   122   200 0.69 FUN_002859
FUN_005324-T1        -           1134 50708at5125          -            159     0.031   13.1   0.1   1   1   8.1e-05     0.081   11.7   0.1    55   105   709   759   701   773 0.86 FUN_005324
#
# Program:         hmmsearch
# Version:         3.1b2 (February 2015)
# Pipeline mode:   SEARCH
# Query file:      /home/zack/funannotate_db/hypocreales_odb10/hmms/50708at5125.hmm
# Target file:     /home/zack/Desktop/IsariaPreferralGenome/MyGenomeSubmittedToNCBI/HypocrealesProteinSets/Trichoderma_reesei_CBS999.97.proteins.fa
# Option settings: hmmsearch --domtblout /home/zack/Desktop/IsariaPreferralGenome/MyGenomeSubmittedToNCBI/HypocrealesProteinSets/BUSCO_AA_all/BUSCO_AA_Treesei_CBS999.97/run_hypocreales_odb10/hmmer_output/initial_run_results/50708at5125.out --cpu 1 /home/zack/funannotate_db/hypocreales_odb10/hmms/50708at5125.hmm /home/zack/Desktop/IsariaPreferralGenome/MyGenomeSubmittedToNCBI/HypocrealesProteinSets/Trichoderma_reesei_CBS999.97.proteins.fa 
# Current dir:     /home/zack/Desktop/IsariaPreferralGenome/MyGenomeSubmittedToNCBI/HypocrealesProteinSets/BUSCO_AA_all
# Date:            Mon Mar  4 15:39:16 2024
# [ok]
