#                                                                            --- full sequence --- -------------- this domain -------------   hmm coord   ali coord   env coord
# target name        accession   tlen query name           accession   qlen   E-value  score  bias   #  of  c-Evalue  i-Evalue  score  bias  from    to  from    to  from    to  acc description of target
#------------------- ---------- ----- -------------------- ---------- ----- --------- ------ ----- --- --- --------- --------- ------ ----- ----- ----- ----- ----- ----- ----- ---- ---------------------
FUN_004381-T1        -            313 51537at5125          -            181   4.9e-92  305.6   7.0   1   2   0.00012      0.36    9.6   0.2     2    30    21    49    20    72 0.72 FUN_004381
FUN_004381-T1        -            313 51537at5125          -            181   4.9e-92  305.6   7.0   2   2   5.3e-93   1.6e-89  297.5   2.1    11   173   130   302   120   306 0.91 FUN_004381
FUN_003078-T1        -            305 51537at5125          -            181   1.3e-08   33.8   0.4   1   4   0.00065       1.9    7.2   0.0   110   138    38    66    27    76 0.83 FUN_003078
FUN_003078-T1        -            305 51537at5125          -            181   1.3e-08   33.8   0.4   2   4   0.00063       1.9    7.2   0.0   110   138   114   142   102   152 0.83 FUN_003078
FUN_003078-T1        -            305 51537at5125          -            181   1.3e-08   33.8   0.4   3   4   0.00063       1.9    7.2   0.0   110   138   190   218   178   228 0.83 FUN_003078
FUN_003078-T1        -            305 51537at5125          -            181   1.3e-08   33.8   0.4   4   4   0.00065         2    7.2   0.0   110   138   266   294   254   303 0.83 FUN_003078
FUN_006746-T1        -            373 51537at5125          -            181     0.078   11.7   0.0   1   1   5.2e-05      0.16   10.7   0.0   109   148    37    75    29    81 0.87 FUN_006746
#
# Program:         hmmsearch
# Version:         3.1b2 (February 2015)
# Pipeline mode:   SEARCH
# Query file:      /home/zack/funannotate_db/hypocreales_odb10/hmms/51537at5125.hmm
# Target file:     /home/zack/Desktop/IsariaPreferralGenome/MyGenomeSubmittedToNCBI/HypocrealesProteinSets/Trichoderma_reesei_CBS999.97.proteins.fa
# Option settings: hmmsearch --domtblout /home/zack/Desktop/IsariaPreferralGenome/MyGenomeSubmittedToNCBI/HypocrealesProteinSets/BUSCO_AA_all/BUSCO_AA_Treesei_CBS999.97/run_hypocreales_odb10/hmmer_output/initial_run_results/51537at5125.out --cpu 1 /home/zack/funannotate_db/hypocreales_odb10/hmms/51537at5125.hmm /home/zack/Desktop/IsariaPreferralGenome/MyGenomeSubmittedToNCBI/HypocrealesProteinSets/Trichoderma_reesei_CBS999.97.proteins.fa 
# Current dir:     /home/zack/Desktop/IsariaPreferralGenome/MyGenomeSubmittedToNCBI/HypocrealesProteinSets/BUSCO_AA_all
# Date:            Mon Mar  4 15:39:26 2024
# [ok]
