#                                                                            --- full sequence --- -------------- this domain -------------   hmm coord   ali coord   env coord
# target name        accession   tlen query name           accession   qlen   E-value  score  bias   #  of  c-Evalue  i-Evalue  score  bias  from    to  from    to  from    to  acc description of target
#------------------- ---------- ----- -------------------- ---------- ----- --------- ------ ----- --- --- --------- --------- ------ ----- ----- ----- ----- ----- ----- ----- ---- ---------------------
FUN_002311-T1        -            279 54824at5125          -            227  1.2e-103  344.8  10.9   1   2  1.2e-105  2.6e-102  340.4   4.3     1   201     1   206     1   225 0.95 FUN_002311
FUN_002311-T1        -            279 54824at5125          -            227  1.2e-103  344.8  10.9   2   2   0.00025      0.56    8.9   0.5   197   227   238   279   231   279 0.61 FUN_002311
FUN_001470-T1        -            432 54824at5125          -            227   5.3e-11   41.7   3.5   1   1   4.9e-14   1.1e-10   40.6   3.5    31   202   222   406   197   425 0.78 FUN_001470
FUN_002433-T1        -            382 54824at5125          -            227   9.2e-07   27.8   1.8   1   2       1.1   2.6e+03   -3.1   0.0   100   129   123   160   112   162 0.44 FUN_002433
FUN_002433-T1        -            382 54824at5125          -            227   9.2e-07   27.8   1.8   2   2   4.2e-10   9.5e-07   27.8   0.4    31   179   206   370   186   382 0.75 FUN_002433
FUN_002659-T1        -            533 54824at5125          -            227   0.00027   19.7   0.2   1   2      0.53   1.2e+03   -2.0   0.0    49    65    37    53    35    56 0.89 FUN_002659
FUN_002659-T1        -            533 54824at5125          -            227   0.00027   19.7   0.2   2   2   4.8e-07    0.0011   17.8   0.1   101   217   404   525   384   528 0.66 FUN_002659
#
# Program:         hmmsearch
# Version:         3.1b2 (February 2015)
# Pipeline mode:   SEARCH
# Query file:      /home/zack/funannotate_db/hypocreales_odb10/hmms/54824at5125.hmm
# Target file:     /home/zack/Desktop/IsariaPreferralGenome/MyGenomeSubmittedToNCBI/HypocrealesProteinSets/Trichoderma_reesei_CBS999.97.proteins.fa
# Option settings: hmmsearch --domtblout /home/zack/Desktop/IsariaPreferralGenome/MyGenomeSubmittedToNCBI/HypocrealesProteinSets/BUSCO_AA_all/BUSCO_AA_Treesei_CBS999.97/run_hypocreales_odb10/hmmer_output/initial_run_results/54824at5125.out --cpu 1 /home/zack/funannotate_db/hypocreales_odb10/hmms/54824at5125.hmm /home/zack/Desktop/IsariaPreferralGenome/MyGenomeSubmittedToNCBI/HypocrealesProteinSets/Trichoderma_reesei_CBS999.97.proteins.fa 
# Current dir:     /home/zack/Desktop/IsariaPreferralGenome/MyGenomeSubmittedToNCBI/HypocrealesProteinSets/BUSCO_AA_all
# Date:            Mon Mar  4 15:39:32 2024
# [ok]
