#                                                                            --- full sequence --- -------------- this domain -------------   hmm coord   ali coord   env coord
# target name        accession   tlen query name           accession   qlen   E-value  score  bias   #  of  c-Evalue  i-Evalue  score  bias  from    to  from    to  from    to  acc description of target
#------------------- ---------- ----- -------------------- ---------- ----- --------- ------ ----- --- --- --------- --------- ------ ----- ----- ----- ----- ----- ----- ----- ---- ---------------------
FUN_007377-T1        -           2527 707at5125            -           1565         0 2439.5  23.6   1  10   8.9e-10     8e-06   22.3   0.5     1    36     1    37     1    44 0.86 FUN_007377
FUN_007377-T1        -           2527 707at5125            -           1565         0 2439.5  23.6   2  10         0         0 1828.2   0.9    20   978   152  1191   138  1201 0.92 FUN_007377
FUN_007377-T1        -           2527 707at5125            -           1565         0 2439.5  23.6   3  10  1.1e-183    1e-179  598.7   0.7   974  1324  1241  1622  1233  1633 0.92 FUN_007377
FUN_007377-T1        -           2527 707at5125            -           1565         0 2439.5  23.6   4  10   0.00076       6.8    2.7   1.4  1318  1364  1683  1728  1641  1744 0.69 FUN_007377
FUN_007377-T1        -           2527 707at5125            -           1565         0 2439.5  23.6   5  10   7.4e-07    0.0066   12.7  19.5  1344  1451  1759  1878  1746  1913 0.67 FUN_007377
FUN_007377-T1        -           2527 707at5125            -           1565         0 2439.5  23.6   6  10     4e-05      0.36    6.9   4.4  1383  1428  1914  1956  1911  1991 0.85 FUN_007377
FUN_007377-T1        -           2527 707at5125            -           1565         0 2439.5  23.6   7  10     0.064   5.7e+02   -3.7  17.3  1346  1495  2007  2163  1990  2178 0.68 FUN_007377
FUN_007377-T1        -           2527 707at5125            -           1565         0 2439.5  23.6   8  10    0.0043        38    0.2   0.1  1464  1482  2213  2231  2184  2240 0.73 FUN_007377
FUN_007377-T1        -           2527 707at5125            -           1565         0 2439.5  23.6   9  10   1.4e-13   1.3e-09   34.9   2.1  1483  1541  2283  2360  2277  2372 0.71 FUN_007377
FUN_007377-T1        -           2527 707at5125            -           1565         0 2439.5  23.6  10  10         1     9e+03  -21.1  37.8  1409  1565  2372  2527  2350  2527 0.56 FUN_007377
#
# Program:         hmmsearch
# Version:         3.1b2 (February 2015)
# Pipeline mode:   SEARCH
# Query file:      /home/zack/funannotate_db/hypocreales_odb10/hmms/707at5125.hmm
# Target file:     /home/zack/Desktop/IsariaPreferralGenome/MyGenomeSubmittedToNCBI/HypocrealesProteinSets/Trichoderma_reesei_CBS999.97.proteins.fa
# Option settings: hmmsearch --domtblout /home/zack/Desktop/IsariaPreferralGenome/MyGenomeSubmittedToNCBI/HypocrealesProteinSets/BUSCO_AA_all/BUSCO_AA_Treesei_CBS999.97/run_hypocreales_odb10/hmmer_output/initial_run_results/707at5125.out --cpu 1 /home/zack/funannotate_db/hypocreales_odb10/hmms/707at5125.hmm /home/zack/Desktop/IsariaPreferralGenome/MyGenomeSubmittedToNCBI/HypocrealesProteinSets/Trichoderma_reesei_CBS999.97.proteins.fa 
# Current dir:     /home/zack/Desktop/IsariaPreferralGenome/MyGenomeSubmittedToNCBI/HypocrealesProteinSets/BUSCO_AA_all
# Date:            Mon Mar  4 15:40:02 2024
# [ok]
