#                                                                            --- full sequence --- -------------- this domain -------------   hmm coord   ali coord   env coord
# target name        accession   tlen query name           accession   qlen   E-value  score  bias   #  of  c-Evalue  i-Evalue  score  bias  from    to  from    to  from    to  acc description of target
#------------------- ---------- ----- -------------------- ---------- ----- --------- ------ ----- --- --- --------- --------- ------ ----- ----- ----- ----- ----- ----- ----- ---- ---------------------
FUN_000475-T1        -            923 7998at5125           -            473  7.6e-178  591.4  78.4   1   7  3.9e-119  1.7e-115  385.7   6.0     1   184    36   237    36   284 0.82 FUN_000475
FUN_000475-T1        -            923 7998at5125           -            473  7.6e-178  591.4  78.4   2   7   2.5e-09   1.1e-05   23.7  12.3   197   263   361   449   355   453 0.73 FUN_000475
FUN_000475-T1        -            923 7998at5125           -            473  7.6e-178  591.4  78.4   3   7   3.6e-06     0.016   13.2   0.6   238   265   445   473   439   488 0.75 FUN_000475
FUN_000475-T1        -            923 7998at5125           -            473  7.6e-178  591.4  78.4   4   7   1.7e-06    0.0075   14.3   4.5   242   343   552   648   511   650 0.62 FUN_000475
FUN_000475-T1        -            923 7998at5125           -            473  7.6e-178  591.4  78.4   5   7   3.4e-39   1.5e-35  122.2  22.3   258   414   620   795   612   814 0.75 FUN_000475
FUN_000475-T1        -            923 7998at5125           -            473  7.6e-178  591.4  78.4   6   7      0.12   5.2e+02   -1.6   0.2   401   416   813   828   789   838 0.78 FUN_000475
FUN_000475-T1        -            923 7998at5125           -            473  7.6e-178  591.4  78.4   7   7   8.1e-19   3.7e-15   54.9   1.7   406   473   844   923   816   923 0.74 FUN_000475
FUN_001544-T1        -           1505 7998at5125           -            473   4.7e-07   28.2   0.2   1   4   0.00056       2.5    6.0   0.0    12    82   441   512   433   533 0.74 FUN_001544
FUN_001544-T1        -           1505 7998at5125           -            473   4.7e-07   28.2   0.2   2   4     0.053   2.4e+02   -0.5   0.1    21    71   592   643   581   665 0.83 FUN_001544
FUN_001544-T1        -           1505 7998at5125           -            473   4.7e-07   28.2   0.2   3   4   9.3e-06     0.042   11.9   0.0    20    88   729   797   723   804 0.88 FUN_001544
FUN_001544-T1        -           1505 7998at5125           -            473   4.7e-07   28.2   0.2   4   4    0.0019       8.4    4.3   0.0    19    77  1098  1156  1091  1224 0.74 FUN_001544
#
# Program:         hmmsearch
# Version:         3.1b2 (February 2015)
# Pipeline mode:   SEARCH
# Query file:      /home/zack/funannotate_db/hypocreales_odb10/hmms/7998at5125.hmm
# Target file:     /home/zack/Desktop/IsariaPreferralGenome/MyGenomeSubmittedToNCBI/HypocrealesProteinSets/Trichoderma_reesei_CBS999.97.proteins.fa
# Option settings: hmmsearch --domtblout /home/zack/Desktop/IsariaPreferralGenome/MyGenomeSubmittedToNCBI/HypocrealesProteinSets/BUSCO_AA_all/BUSCO_AA_Treesei_CBS999.97/run_hypocreales_odb10/hmmer_output/initial_run_results/7998at5125.out --cpu 1 /home/zack/funannotate_db/hypocreales_odb10/hmms/7998at5125.hmm /home/zack/Desktop/IsariaPreferralGenome/MyGenomeSubmittedToNCBI/HypocrealesProteinSets/Trichoderma_reesei_CBS999.97.proteins.fa 
# Current dir:     /home/zack/Desktop/IsariaPreferralGenome/MyGenomeSubmittedToNCBI/HypocrealesProteinSets/BUSCO_AA_all
# Date:            Mon Mar  4 15:39:58 2024
# [ok]
