!! Predictions spanning range 1954 - 85680 [R1]
# EVM prediction: Mode:STANDARD S-ratio: 16.17 1954-2873 orient(-) score(276000.00) noncoding_equivalent(17066.00) raw_noncoding(17720.00) offset(654.00) 
2562	1954	terminal-	4	6	{snap_scaffold_12-snap.20-T1;snap},{GeneMark_model.1178_t;GeneMark},{GlimmerHMM_glimmerT_1172-T1;GlimmerHMM}
2618	2563	INTRON			{snap_scaffold_12-snap.20-T1;snap},{GeneMark_model.1178_t;GeneMark},{GlimmerHMM_glimmerT_1172-T1;GlimmerHMM}
2873	2619	initial-	4	6	{snap_scaffold_12-snap.20-T1;snap},{GeneMark_model.1178_t;GeneMark},{GlimmerHMM_glimmerT_1172-T1;GlimmerHMM}

# EVM prediction: Mode:STANDARD S-ratio: 14.14 3459-5380 orient(-) score(556322.00) noncoding_equivalent(39357.00) raw_noncoding(39959.00) offset(602.00) 
3570	3459	terminal-	6	6	{snap_scaffold_12-snap.21-T1;snap},{GlimmerHMM_glimmerT_1173-T1;GlimmerHMM},{GeneMark_model.1179_t;GeneMark},{Augustus_model.g1010.t1;Augustus}
3629	3571	INTRON			{snap_scaffold_12-snap.21-T1;snap},{GlimmerHMM_glimmerT_1173-T1;GlimmerHMM},{GeneMark_model.1179_t;GeneMark},{Augustus_model.g1010.t1;Augustus}
5380	3630	initial-	4	5	{snap_scaffold_12-snap.21-T1;snap},{GeneMark_model.1179_t;GeneMark},{Augustus_model.g1010.t1;Augustus}

# EVM prediction: Mode:STANDARD S-ratio: 6.59 6268-7071 orient(+) score(242004.00) noncoding_equivalent(36722.00) raw_noncoding(37926.00) offset(1204.00) 
6268	6378	initial+	1	3	{GlimmerHMM_glimmerT_1174-T1;GlimmerHMM},{snap_scaffold_12-snap.22-T1;snap},{Augustus_model.g1011.t1;Augustus},{GeneMark_model.1180_t;GeneMark}
6379	6441	INTRON			{GlimmerHMM_glimmerT_1174-T1;GlimmerHMM},{snap_scaffold_12-snap.22-T1;snap},{Augustus_model.g1011.t1;Augustus},{GeneMark_model.1180_t;GeneMark}
6442	6852	internal+	1	3	{GlimmerHMM_glimmerT_1174-T1;GlimmerHMM},{snap_scaffold_12-snap.22-T1;snap},{Augustus_model.g1011.t1;Augustus},{GeneMark_model.1180_t;GeneMark}
6853	6915	INTRON			{GlimmerHMM_glimmerT_1174-T1;GlimmerHMM},{snap_scaffold_12-snap.22-T1;snap},{Augustus_model.g1011.t1;Augustus},{GeneMark_model.1180_t;GeneMark}
6916	7071	terminal+	1	3	{GlimmerHMM_glimmerT_1174-T1;GlimmerHMM},{snap_scaffold_12-snap.22-T1;snap},{Augustus_model.g1011.t1;Augustus},{GeneMark_model.1180_t;GeneMark}

# EVM prediction: Mode:STANDARD S-ratio: 6.79 7705-9112 orient(-) score(394278.00) noncoding_equivalent(58077.62) raw_noncoding(72744.20) offset(14666.58) 
8229	7705	terminal-	4	6	{GeneMark_model.1181_t;GeneMark},{Augustus_model.g1012.t1;Augustus},{GlimmerHMM_glimmerT_1175-T1;GlimmerHMM},{snap_scaffold_12-snap.23-T1;snap}
8282	8230	INTRON			{GeneMark_model.1181_t;GeneMark},{Augustus_model.g1012.t1;Augustus},{GlimmerHMM_glimmerT_1175-T1;GlimmerHMM},{snap_scaffold_12-snap.23-T1;snap}
8819	8283	internal-	4	6	{GeneMark_model.1181_t;GeneMark},{Augustus_model.g1012.t1;Augustus},{GlimmerHMM_glimmerT_1175-T1;GlimmerHMM},{snap_scaffold_12-snap.23-T1;snap}
8956	8820	INTRON			{GlimmerHMM_glimmerT_1175-T1;GlimmerHMM},{snap_scaffold_12-snap.23-T1;snap}
9112	8957	initial-	4	6	{snap_scaffold_12-snap.23-T1;snap}

# EVM prediction: Mode:STANDARD S-ratio: 2.29 11005-11495 orient(-) score(121363.00) noncoding_equivalent(53080.82) raw_noncoding(64949.03) offset(11868.21) 
11030	11005	terminal-	5	6	{snap_scaffold_12-snap.24-T1;snap},{GeneMark_model.1182_t;GeneMark}
11087	11031	INTRON			{snap_scaffold_12-snap.24-T1;snap},{GeneMark_model.1182_t;GeneMark}
11143	11088	internal-	6	4	{snap_scaffold_12-snap.24-T1;snap},{GlimmerHMM_glimmerT_1175-T1;GlimmerHMM},{GeneMark_model.1182_t;GeneMark}
11199	11144	INTRON			{Augustus_model.g1012.t1;Augustus},{snap_scaffold_12-snap.24-T1;snap},{GlimmerHMM_glimmerT_1175-T1;GlimmerHMM},{GeneMark_model.1182_t;GeneMark}
11405	11200	internal-	4	5	{Augustus_model.g1012.t1;Augustus},{GlimmerHMM_glimmerT_1175-T1;GlimmerHMM},{GeneMark_model.1182_t;GeneMark}
11456	11406	INTRON			{Augustus_model.g1012.t1;Augustus},{GlimmerHMM_glimmerT_1175-T1;GlimmerHMM},{GeneMark_model.1182_t;GeneMark}
11495	11457	initial-	4	6	{Augustus_model.g1012.t1;Augustus},{GlimmerHMM_glimmerT_1175-T1;GlimmerHMM},{GeneMark_model.1182_t;GeneMark}

# EVM prediction: Mode:STANDARD S-ratio: 56.98 12058-13281 orient(+) score(362070.00) noncoding_equivalent(6354.00) raw_noncoding(6354.00) offset(0.00) 
12058	13281	single+	1	3	{GeneMark_model.1183_t;GeneMark},{GlimmerHMM_glimmerT_1176-T1;GlimmerHMM}

# EVM prediction: Mode:STANDARD S-ratio: 5.00 13989-14997 orient(+) score(277970.00) noncoding_equivalent(55638.56) raw_noncoding(56642.56) offset(1004.00) 
13989	14004	initial+	1	1	{Augustus_model.g1014.t1;Augustus},{snap_scaffold_12-snap.26-T1;snap},{GeneMark_model.1184_t;GeneMark}
14005	14073	INTRON			{Augustus_model.g1014.t1;Augustus},{snap_scaffold_12-snap.26-T1;snap},{GeneMark_model.1184_t;GeneMark}
14074	14371	internal+	2	2	{Augustus_model.g1014.t1;Augustus},{snap_scaffold_12-snap.26-T1;snap},{GeneMark_model.1184_t;GeneMark}
14372	14450	INTRON			{GlimmerHMM_glimmerT_1177-T1;GlimmerHMM},{Augustus_model.g1014.t1;Augustus},{snap_scaffold_12-snap.26-T1;snap},{GeneMark_model.1184_t;GeneMark}
14451	14997	terminal+	3	3	{snap_scaffold_12-snap.26-T1;snap},{GeneMark_model.1184_t;GeneMark}

# EVM prediction: Mode:STANDARD S-ratio: 22.02 15888-17318 orient(+) score(377350.00) noncoding_equivalent(17138.42) raw_noncoding(25480.42) offset(8342.00) 
15888	16837	initial+	1	2	{snap_scaffold_12-snap.27-T1;snap},{GeneMark_model.1185_t;GeneMark}
16838	16885	INTRON			{GeneMark_model.1185_t;GeneMark}
16886	17318	terminal+	3	3	{GeneMark_model.1185_t;GeneMark}

# EVM prediction: Mode:STANDARD S-ratio: 9.37 17550-20086 orient(-) score(677271.00) noncoding_equivalent(72260.77) raw_noncoding(125708.00) offset(53447.23) 
17667	17550	terminal-	6	6	{Augustus_model.g1015.t1;Augustus},{GeneMark_model.1186_t;GeneMark},{GlimmerHMM_glimmerT_1180-T1;GlimmerHMM}
17736	17668	INTRON			{Augustus_model.g1015.t1;Augustus},{GeneMark_model.1186_t;GeneMark},{GlimmerHMM_glimmerT_1180-T1;GlimmerHMM},{ev_type:exonerate/ID=match.2737330.518/Target=NDUS1_NEUCR;exonerate}
19641	17737	internal-	6	5	{Augustus_model.g1015.t1;Augustus},{GeneMark_model.1186_t;GeneMark},{snap_scaffold_12-snap.28-T1;snap},{ev_type:exonerate/ID=match.2737330.518/Target=NDUS1_NEUCR;exonerate}
19705	19642	INTRON			{Augustus_model.g1015.t1;Augustus},{GeneMark_model.1186_t;GeneMark},{ev_type:exonerate/ID=match.2737330.518/Target=NDUS1_NEUCR;exonerate}
19720	19706	internal-	6	5	{Augustus_model.g1015.t1;Augustus},{GeneMark_model.1186_t;GeneMark},{ev_type:exonerate/ID=match.2737330.518/Target=NDUS1_NEUCR;exonerate}
19780	19721	INTRON			{Augustus_model.g1015.t1;Augustus},{GeneMark_model.1186_t;GeneMark},{ev_type:exonerate/ID=match.2737330.518/Target=NDUS1_NEUCR;exonerate}
19832	19781	internal-	5	5	{Augustus_model.g1015.t1;Augustus},{GeneMark_model.1186_t;GeneMark},{snap_scaffold_12-snap.28-T1;snap},{ev_type:exonerate/ID=match.2737330.518/Target=NDUS1_NEUCR;exonerate}
19886	19833	INTRON			{Augustus_model.g1015.t1;Augustus},{GeneMark_model.1186_t;GeneMark},{ev_type:exonerate/ID=match.2737330.518/Target=NDUS1_NEUCR;exonerate}
19910	19887	internal-	5	4	{Augustus_model.g1015.t1;Augustus},{GeneMark_model.1186_t;GeneMark},{ev_type:exonerate/ID=match.2737330.518/Target=NDUS1_NEUCR;exonerate}
19971	19911	INTRON			{Augustus_model.g1015.t1;Augustus},{GeneMark_model.1186_t;GeneMark},{ev_type:exonerate/ID=match.2737330.518/Target=NDUS1_NEUCR;exonerate}
20086	19972	initial-	4	4	{Augustus_model.g1015.t1;Augustus},{GeneMark_model.1186_t;GeneMark},{snap_scaffold_12-snap.28-T1;snap}

# EVM prediction: Mode:STANDARD S-ratio: 40.29 20617-22590 orient(-) score(594174.00) noncoding_equivalent(14749.00) raw_noncoding(15351.00) offset(602.00) 
21543	20617	terminal-	4	6	{GlimmerHMM_glimmerT_1181-T1;GlimmerHMM},{GeneMark_model.1187_t;GeneMark},{Augustus_model.g1016.t1;Augustus},{snap_scaffold_12-snap.29-T1;snap}
21594	21544	INTRON			{GlimmerHMM_glimmerT_1181-T1;GlimmerHMM},{GeneMark_model.1187_t;GeneMark},{Augustus_model.g1016.t1;Augustus},{snap_scaffold_12-snap.29-T1;snap}
22590	21595	initial-	4	6	{GlimmerHMM_glimmerT_1181-T1;GlimmerHMM},{GeneMark_model.1187_t;GeneMark},{Augustus_model.g1016.t1;Augustus},{snap_scaffold_12-snap.29-T1;snap}

# EVM prediction: Mode:STANDARD S-ratio: 5.34 23799-25022 orient(+) score(312522.00) noncoding_equivalent(58552.48) raw_noncoding(77202.00) offset(18649.52) 
23799	23940	initial+	1	1	{GlimmerHMM_glimmerT_1182-T1;GlimmerHMM},{snap_scaffold_12-snap.30-T1;snap}
23941	24021	INTRON			{GlimmerHMM_glimmerT_1182-T1;GlimmerHMM},{snap_scaffold_12-snap.30-T1;snap}
24022	24203	internal+	2	3	{GlimmerHMM_glimmerT_1182-T1;GlimmerHMM}
24204	24254	INTRON			{GeneMark_model.1188_t;GeneMark}
24255	25022	terminal+	1	3	{snap_scaffold_12-snap.30-T1;snap},{Augustus_model.g1017.t1;Augustus},{GeneMark_model.1188_t;GeneMark}

# EVM prediction: Mode:STANDARD S-ratio: 12.67 25174-26247 orient(-) score(310674.00) noncoding_equivalent(24522.00) raw_noncoding(25326.00) offset(804.00) 
25886	25174	terminal-	5	6	{Augustus_model.g1018.t1;Augustus},{snap_scaffold_12-snap.31-T1;snap},{GeneMark_model.1189_t;GeneMark}
25955	25887	INTRON			{Augustus_model.g1018.t1;Augustus},{snap_scaffold_12-snap.31-T1;snap},{GeneMark_model.1189_t;GeneMark}
26082	25956	internal-	4	4	{Augustus_model.g1018.t1;Augustus},{GeneMark_model.1189_t;GeneMark}
26139	26083	INTRON			{Augustus_model.g1018.t1;Augustus},{GlimmerHMM_glimmerT_1183-T1;GlimmerHMM},{GeneMark_model.1189_t;GeneMark}
26247	26140	initial-	4	6	{Augustus_model.g1018.t1;Augustus},{GlimmerHMM_glimmerT_1183-T1;GlimmerHMM},{GeneMark_model.1189_t;GeneMark}

# EVM prediction: Mode:STANDARD S-ratio: 67.41 27042-30041 orient(-) score(889800.00) noncoding_equivalent(13200.00) raw_noncoding(13200.00) offset(0.00) 
30041	27042	single-	4	6	{GlimmerHMM_glimmerT_1184-T1;GlimmerHMM},{GeneMark_model.1190_t;GeneMark},{Augustus_model.g1019.t1;Augustus}

# EVM prediction: Mode:STANDARD S-ratio: 3.60 31619-32867 orient(+) score(251644.00) noncoding_equivalent(69860.29) raw_noncoding(117605.05) offset(47744.76) 
31619	31978	initial+	1	3	{snap_scaffold_12-snap.33-T1;snap}
31979	32216	INTRON			{snap_scaffold_12-snap.33-T1;snap}
32217	32867	terminal+	1	3	{snap_scaffold_12-snap.33-T1;snap}

# EVM prediction: Mode:STANDARD S-ratio: 11.02 33250-33954 orient(+) score(212205.00) noncoding_equivalent(19264.00) raw_noncoding(19866.00) offset(602.00) 
33250	33360	initial+	1	3	{GlimmerHMM_glimmerT_1186-T1;GlimmerHMM},{GeneMark_model.1193_t;GeneMark},{snap_scaffold_12-snap.34-T1;snap}
33361	33426	INTRON			{GlimmerHMM_glimmerT_1186-T1;GlimmerHMM},{GeneMark_model.1193_t;GeneMark},{snap_scaffold_12-snap.34-T1;snap},{Augustus_model.g1020.t1;Augustus}
33427	33954	terminal+	1	3	{GlimmerHMM_glimmerT_1186-T1;GlimmerHMM},{GeneMark_model.1193_t;GeneMark},{snap_scaffold_12-snap.34-T1;snap},{Augustus_model.g1020.t1;Augustus}

# EVM prediction: Mode:STANDARD S-ratio: 2.14 34376-35369 orient(-) score(259064.00) noncoding_equivalent(120838.88) raw_noncoding(154745.55) offset(33906.67) 
34516	34376	terminal-	4	6	{snap_scaffold_12-snap.35-T1;snap},{GeneMark_model.1194_t;GeneMark},{Augustus_model.g1021.t1;Augustus}
34582	34517	INTRON			{snap_scaffold_12-snap.35-T1;snap},{GeneMark_model.1194_t;GeneMark},{Augustus_model.g1021.t1;Augustus}
34631	34583	internal-	6	6	{snap_scaffold_12-snap.35-T1;snap},{GeneMark_model.1194_t;GeneMark},{Augustus_model.g1021.t1;Augustus}
34691	34632	INTRON			{snap_scaffold_12-snap.35-T1;snap},{GeneMark_model.1194_t;GeneMark},{Augustus_model.g1021.t1;Augustus},{GlimmerHMM_glimmerT_1187-T1;GlimmerHMM}
34765	34692	internal-	4	5	{snap_scaffold_12-snap.35-T1;snap},{GeneMark_model.1194_t;GeneMark},{Augustus_model.g1021.t1;Augustus},{GlimmerHMM_glimmerT_1187-T1;GlimmerHMM}
34855	34766	INTRON			{snap_scaffold_12-snap.35-T1;snap},{GeneMark_model.1194_t;GeneMark},{Augustus_model.g1021.t1;Augustus},{GlimmerHMM_glimmerT_1187-T1;GlimmerHMM}
35039	34856	internal-	6	6	{GeneMark_model.1194_t;GeneMark},{Augustus_model.g1021.t1;Augustus},{GlimmerHMM_glimmerT_1187-T1;GlimmerHMM}
35275	35040	INTRON			{GeneMark_model.1194_t;GeneMark},{GlimmerHMM_glimmerT_1187-T1;GlimmerHMM}
35286	35276	internal-	4	5	{GeneMark_model.1194_t;GeneMark},{GlimmerHMM_glimmerT_1187-T1;GlimmerHMM}
35366	35287	INTRON			{GeneMark_model.1194_t;GeneMark},{GlimmerHMM_glimmerT_1187-T1;GlimmerHMM}
35369	35367	initial-	4	6	{GeneMark_model.1194_t;GeneMark},{GlimmerHMM_glimmerT_1187-T1;GlimmerHMM}

# EVM prediction: Mode:STANDARD S-ratio: 16.92 36472-38356 orient(-) score(572199.00) noncoding_equivalent(33819.60) raw_noncoding(35023.60) offset(1204.00) 
37991	36472	terminal-	5	6	{GlimmerHMM_glimmerT_1188-T1;GlimmerHMM},{snap_scaffold_12-snap.36-T1;snap},{GeneMark_model.1195_t;GeneMark}
38046	37992	INTRON			{Augustus_model.g1021.t1;Augustus},{GlimmerHMM_glimmerT_1188-T1;GlimmerHMM},{snap_scaffold_12-snap.36-T1;snap},{GeneMark_model.1195_t;GeneMark},{ev_type:exonerate/ID=match.2737330.411/Target=HSP60_PARBA;exonerate},{ev_type:exonerate/ID=match.2737330.599/Target=HSP60_EMENI;exonerate},{ev_type:exonerate/ID=match.2737330.532/Target=HSP60_AJECA;exonerate}
38188	38047	internal-	4	4	{Augustus_model.g1021.t1;Augustus},{GlimmerHMM_glimmerT_1188-T1;GlimmerHMM},{snap_scaffold_12-snap.36-T1;snap},{GeneMark_model.1195_t;GeneMark},{ev_type:exonerate/ID=match.2737330.599/Target=HSP60_EMENI;exonerate},{ev_type:exonerate/ID=match.2737330.532/Target=HSP60_AJECA;exonerate}
38248	38189	INTRON			{Augustus_model.g1021.t1;Augustus},{GlimmerHMM_glimmerT_1188-T1;GlimmerHMM},{snap_scaffold_12-snap.36-T1;snap},{GeneMark_model.1195_t;GeneMark},{ev_type:exonerate/ID=match.2737330.599/Target=HSP60_EMENI;exonerate},{ev_type:exonerate/ID=match.2737330.532/Target=HSP60_AJECA;exonerate}
38356	38249	initial-	4	6	{snap_scaffold_12-snap.36-T1;snap},{GeneMark_model.1195_t;GeneMark}

# EVM prediction: Mode:STANDARD S-ratio: 4.31 39173-40471 orient(-) score(321409.00) noncoding_equivalent(74495.49) raw_noncoding(90875.23) offset(16379.73) 
39208	39173	terminal-	4	6	{GeneMark_model.1196_t;GeneMark}
39262	39209	INTRON			{GeneMark_model.1196_t;GeneMark}
39667	39263	internal-	4	6	{Augustus_model.g1021.t1;Augustus},{GeneMark_model.1196_t;GeneMark}
39719	39668	INTRON			{Augustus_model.g1021.t1;Augustus},{GeneMark_model.1196_t;GeneMark}
40192	39720	internal-	5	6	{Augustus_model.g1021.t1;Augustus},{GlimmerHMM_glimmerT_1188-T1;GlimmerHMM},{snap_scaffold_12-snap.37-T1;snap},{GeneMark_model.1196_t;GeneMark}
40245	40193	INTRON			{Augustus_model.g1021.t1;Augustus},{GlimmerHMM_glimmerT_1188-T1;GlimmerHMM},{snap_scaffold_12-snap.37-T1;snap},{GeneMark_model.1196_t;GeneMark}
40471	40246	initial-	4	4	{Augustus_model.g1021.t1;Augustus},{GlimmerHMM_glimmerT_1188-T1;GlimmerHMM},{snap_scaffold_12-snap.37-T1;snap},{GeneMark_model.1196_t;GeneMark}

# EVM prediction: Mode:STANDARD S-ratio: 49.17 41575-42294 orient(-) score(212400.00) noncoding_equivalent(4320.00) raw_noncoding(4320.00) offset(0.00) 
42294	41575	single-	4	6	{GeneMark_model.1197_t;GeneMark},{GlimmerHMM_glimmerT_1189-T1;GlimmerHMM}

# EVM prediction: Mode:STANDARD S-ratio: 3.84 43119-43687 orient(-) score(171269.00) noncoding_equivalent(44548.00) raw_noncoding(45752.00) offset(1204.00) 
43407	43119	terminal-	6	6	{GeneMark_model.1198_t;GeneMark},{Augustus_model.g1022.t1;Augustus},{snap_scaffold_12-snap.39-T1;snap},{GlimmerHMM_glimmerT_1190-T1;GlimmerHMM}
43492	43408	INTRON			{GeneMark_model.1198_t;GeneMark},{Augustus_model.g1022.t1;Augustus},{snap_scaffold_12-snap.39-T1;snap},{GlimmerHMM_glimmerT_1190-T1;GlimmerHMM}
43545	43493	internal-	4	5	{GeneMark_model.1198_t;GeneMark},{Augustus_model.g1022.t1;Augustus},{snap_scaffold_12-snap.39-T1;snap},{GlimmerHMM_glimmerT_1190-T1;GlimmerHMM}
43612	43546	INTRON			{GeneMark_model.1198_t;GeneMark},{Augustus_model.g1022.t1;Augustus},{snap_scaffold_12-snap.39-T1;snap},{GlimmerHMM_glimmerT_1190-T1;GlimmerHMM}
43687	43613	initial-	4	6	{GeneMark_model.1198_t;GeneMark},{Augustus_model.g1022.t1;Augustus},{snap_scaffold_12-snap.39-T1;snap},{GlimmerHMM_glimmerT_1190-T1;GlimmerHMM}

# EVM prediction: Mode:STANDARD S-ratio: 28.35 44458-44808 orient(-) score(102051.00) noncoding_equivalent(3600.00) raw_noncoding(3600.00) offset(0.00) 
44808	44458	single-	4	6	{Augustus_model.g1023.t1;Augustus},{GlimmerHMM_glimmerT_1191-T1;GlimmerHMM},{GeneMark_model.1199_t;GeneMark}

# EVM prediction: Mode:STANDARD S-ratio: 7.15 45398-45941 orient(-) score(151444.00) noncoding_equivalent(21187.46) raw_noncoding(24991.00) offset(3803.54) 
45706	45398	terminal-	4	6	{GeneMark_model.1200_t;GeneMark},{snap_scaffold_12-snap.41-T1;snap},{Augustus_model.g1024.t1;Augustus}
45797	45707	INTRON			{GeneMark_model.1200_t;GeneMark},{snap_scaffold_12-snap.41-T1;snap},{Augustus_model.g1024.t1;Augustus}
45941	45798	initial-	4	6	{GeneMark_model.1200_t;GeneMark},{snap_scaffold_12-snap.41-T1;snap},{Augustus_model.g1024.t1;Augustus}

# EVM prediction: Mode:STANDARD S-ratio: 7.10 47019-47807 orient(-) score(230289.00) noncoding_equivalent(32431.00) raw_noncoding(37635.00) offset(5204.00) 
47357	47019	terminal-	4	6	{GeneMark_model.1201_t;GeneMark},{Augustus_model.g1025.t1;Augustus},{GlimmerHMM_glimmerT_1193-T1;GlimmerHMM}
47429	47358	INTRON			{GeneMark_model.1201_t;GeneMark},{Augustus_model.g1025.t1;Augustus},{GlimmerHMM_glimmerT_1193-T1;GlimmerHMM}
47672	47430	internal-	4	6	{GeneMark_model.1201_t;GeneMark},{Augustus_model.g1025.t1;Augustus},{snap_scaffold_12-snap.42-T1;snap},{GlimmerHMM_glimmerT_1193-T1;GlimmerHMM}
47735	47673	INTRON			{GeneMark_model.1201_t;GeneMark},{Augustus_model.g1025.t1;Augustus},{snap_scaffold_12-snap.42-T1;snap},{GlimmerHMM_glimmerT_1193-T1;GlimmerHMM}
47807	47736	initial-	4	6	{GeneMark_model.1201_t;GeneMark},{Augustus_model.g1025.t1;Augustus},{snap_scaffold_12-snap.42-T1;snap},{GlimmerHMM_glimmerT_1193-T1;GlimmerHMM}

# EVM prediction: Mode:STANDARD S-ratio: 3.54 50756-51818 orient(+) score(312159.00) noncoding_equivalent(88207.01) raw_noncoding(94211.01) offset(6004.00) 
50756	50910	initial+	1	2	{snap_scaffold_12-snap.43-T1;snap},{GeneMark_model.1202_t;GeneMark},{GlimmerHMM_glimmerT_1194-T1;GlimmerHMM},{Augustus_model.g1026.t1;Augustus}
50911	51161	INTRON			{snap_scaffold_12-snap.43-T1;snap},{GeneMark_model.1202_t;GeneMark},{GlimmerHMM_glimmerT_1194-T1;GlimmerHMM},{Augustus_model.g1026.t1;Augustus}
51162	51740	internal+	3	2	{snap_scaffold_12-snap.43-T1;snap},{GeneMark_model.1202_t;GeneMark},{Augustus_model.g1026.t1;Augustus}
51741	51796	INTRON			{snap_scaffold_12-snap.43-T1;snap},{GeneMark_model.1202_t;GeneMark},{Augustus_model.g1026.t1;Augustus}
51797	51818	terminal+	3	3	{snap_scaffold_12-snap.43-T1;snap},{GeneMark_model.1202_t;GeneMark}

# EVM prediction: Mode:STANDARD S-ratio: 1.61 52551-53386 orient(+) score(173921.00) noncoding_equivalent(108041.06) raw_noncoding(145173.74) offset(37132.68) 
52551	52717	initial+	1	2	{snap_scaffold_12-snap.44-T1;snap},{GlimmerHMM_glimmerT_1195-T1;GlimmerHMM}
52718	53042	INTRON			{snap_scaffold_12-snap.44-T1;snap},{GlimmerHMM_glimmerT_1195-T1;GlimmerHMM},{Augustus_model.g1026.t1;Augustus}
53043	53279	internal+	3	2	{snap_scaffold_12-snap.44-T1;snap},{GlimmerHMM_glimmerT_1195-T1;GlimmerHMM},{Augustus_model.g1026.t1;Augustus}
53280	53304	INTRON			{snap_scaffold_12-snap.44-T1;snap}
53305	53386	terminal+	3	3	{snap_scaffold_12-snap.44-T1;snap}

# EVM prediction: Mode:STANDARD S-ratio: 2.48 53602-54240 orient(+) score(150954.00) noncoding_equivalent(60868.75) raw_noncoding(81145.49) offset(20276.74) 
53602	53753	initial+	1	2	{snap_scaffold_12-snap.45-T1;snap},{GeneMark_model.1204_t;GeneMark}
53754	53886	INTRON			{snap_scaffold_12-snap.45-T1;snap},{GeneMark_model.1204_t;GeneMark}
53887	54114	internal+	3	2	{snap_scaffold_12-snap.45-T1;snap},{GeneMark_model.1204_t;GeneMark},{Augustus_model.g1026.t1;Augustus}
54115	54182	INTRON			{snap_scaffold_12-snap.45-T1;snap},{GeneMark_model.1204_t;GeneMark},{Augustus_model.g1026.t1;Augustus}
54183	54240	terminal+	3	3	{snap_scaffold_12-snap.45-T1;snap},{GeneMark_model.1204_t;GeneMark},{Augustus_model.g1026.t1;Augustus}

# EVM prediction: Mode:STANDARD S-ratio: 8.26 56353-58857 orient(+) score(676505.00) noncoding_equivalent(81920.38) raw_noncoding(103850.84) offset(21930.46) 
56353	56380	initial+	1	1	{Augustus_model.g1027.t1;Augustus},{snap_scaffold_12-snap.46-T1;snap},{GeneMark_model.1205_t;GeneMark}
56381	56435	INTRON			{Augustus_model.g1027.t1;Augustus},{snap_scaffold_12-snap.46-T1;snap},{GeneMark_model.1205_t;GeneMark}
56436	56503	internal+	2	3	{Augustus_model.g1027.t1;Augustus},{snap_scaffold_12-snap.46-T1;snap},{GeneMark_model.1205_t;GeneMark}
56504	56551	INTRON			{Augustus_model.g1027.t1;Augustus},{snap_scaffold_12-snap.46-T1;snap},{GeneMark_model.1205_t;GeneMark}
56552	58650	internal+	1	2	{Augustus_model.g1027.t1;Augustus},{snap_scaffold_12-snap.46-T1;snap},{GeneMark_model.1205_t;GeneMark}
58651	58709	INTRON			{Augustus_model.g1027.t1;Augustus},{GeneMark_model.1205_t;GeneMark}
58710	58857	terminal+	3	3	{Augustus_model.g1027.t1;Augustus},{GeneMark_model.1205_t;GeneMark}

# EVM prediction: Mode:STANDARD S-ratio: 2.58 59141-60057 orient(-) score(152381.00) noncoding_equivalent(59019.86) raw_noncoding(101357.00) offset(42337.14) 
59649	59141	terminal-	5	6	{GlimmerHMM_glimmerT_1197-T1;GlimmerHMM},{GeneMark_model.1206_t;GeneMark},{Augustus_model.g1028.t1;Augustus}
59716	59650	INTRON			{GeneMark_model.1206_t;GeneMark},{Augustus_model.g1028.t1;Augustus}
59745	59717	internal-	6	4	{GeneMark_model.1206_t;GeneMark},{Augustus_model.g1028.t1;Augustus}
59799	59746	INTRON			{GeneMark_model.1206_t;GeneMark},{Augustus_model.g1028.t1;Augustus}
59838	59800	internal-	6	5	{GeneMark_model.1206_t;GeneMark}
59891	59839	INTRON			{GeneMark_model.1206_t;GeneMark}
59917	59892	internal-	4	5	{GeneMark_model.1206_t;GeneMark}
59967	59918	INTRON			{GeneMark_model.1206_t;GeneMark}
60057	59968	initial-	4	6	{GeneMark_model.1206_t;GeneMark},{Augustus_model.g1028.t1;Augustus}

# EVM prediction: Mode:STANDARD S-ratio: 19.94 60672-62924 orient(+) score(678153.00) noncoding_equivalent(34013.00) raw_noncoding(35217.00) offset(1204.00) 
60672	62540	initial+	1	3	{Augustus_model.g1029.t1;Augustus},{GeneMark_model.1207_t;GeneMark},{snap_scaffold_12-snap.47-T1;snap},{GlimmerHMM_glimmerT_1198-T1;GlimmerHMM}
62541	62600	INTRON			{Augustus_model.g1029.t1;Augustus},{GeneMark_model.1207_t;GeneMark},{snap_scaffold_12-snap.47-T1;snap},{GlimmerHMM_glimmerT_1198-T1;GlimmerHMM}
62601	62713	internal+	1	2	{Augustus_model.g1029.t1;Augustus},{GeneMark_model.1207_t;GeneMark},{snap_scaffold_12-snap.47-T1;snap},{GlimmerHMM_glimmerT_1198-T1;GlimmerHMM}
62714	62770	INTRON			{Augustus_model.g1029.t1;Augustus},{GeneMark_model.1207_t;GeneMark},{snap_scaffold_12-snap.47-T1;snap},{GlimmerHMM_glimmerT_1198-T1;GlimmerHMM}
62771	62924	terminal+	3	3	{Augustus_model.g1029.t1;Augustus},{GeneMark_model.1207_t;GeneMark},{snap_scaffold_12-snap.47-T1;snap},{GlimmerHMM_glimmerT_1198-T1;GlimmerHMM}

# EVM prediction: Mode:STANDARD S-ratio: 24.30 63013-64963 orient(-) score(587167.00) noncoding_equivalent(24164.00) raw_noncoding(24766.00) offset(602.00) 
63148	63013	terminal-	6	6	{Augustus_model.g1030.t1;Augustus},{GeneMark_model.1208_t;GeneMark},{snap_scaffold_12-snap.48-T1;snap},{GlimmerHMM_glimmerT_1199-T1;GlimmerHMM}
63230	63149	INTRON			{Augustus_model.g1030.t1;Augustus},{GeneMark_model.1208_t;GeneMark},{snap_scaffold_12-snap.48-T1;snap},{GlimmerHMM_glimmerT_1199-T1;GlimmerHMM}
64963	63231	initial-	4	5	{GeneMark_model.1208_t;GeneMark},{snap_scaffold_12-snap.48-T1;snap}

# EVM prediction: Mode:STANDARD S-ratio: 21.53 67105-67800 orient(+) score(200196.00) noncoding_equivalent(9300.00) raw_noncoding(9300.00) offset(0.00) 
67105	67800	single+	1	3	{GlimmerHMM_glimmerT_1200-T1;GlimmerHMM},{Augustus_model.g1031.t1;Augustus},{GeneMark_model.1209_t;GeneMark}

# EVM prediction: Mode:STANDARD S-ratio: 5.77 68693-71431 orient(-) score(749901.00) noncoding_equivalent(129974.00) raw_noncoding(186033.00) offset(56059.00) 
70693	68693	terminal-	4	6	{GlimmerHMM_glimmerT_1201-T1;GlimmerHMM},{snap_scaffold_12-snap.50-T1;snap},{GeneMark_model.1210_t;GeneMark},{Augustus_model.g1032.t1;Augustus}
71257	70694	INTRON			{GlimmerHMM_glimmerT_1201-T1;GlimmerHMM},{GeneMark_model.1210_t;GeneMark}
71431	71258	initial-	4	6	{GlimmerHMM_glimmerT_1201-T1;GlimmerHMM},{GeneMark_model.1210_t;GeneMark}

# EVM prediction: Mode:STANDARD S-ratio: 64.18 73485-75195 orient(+) score(501611.00) noncoding_equivalent(7815.34) raw_noncoding(16555.00) offset(8739.66) 
73485	73707	initial+	1	1	{GeneMark_model.1211_t;GeneMark},{GlimmerHMM_glimmerT_1202-T1;GlimmerHMM},{snap_scaffold_12-snap.51-T1;snap},{Augustus_model.g1033.t1;Augustus}
73708	73762	INTRON			{GeneMark_model.1211_t;GeneMark},{Augustus_model.g1033.t1;Augustus}
73763	75195	terminal+	2	3	{GeneMark_model.1211_t;GeneMark},{Augustus_model.g1033.t1;Augustus}

# EVM prediction: Mode:STANDARD S-ratio: 15.07 75511-77487 orient(-) score(594876.00) noncoding_equivalent(39484.31) raw_noncoding(40759.49) offset(1275.18) 
76471	75511	terminal-	6	6	{GlimmerHMM_glimmerT_1203-T1;GlimmerHMM},{Augustus_model.g1034.t1;Augustus},{snap_scaffold_12-snap.52-T1;snap},{GeneMark_model.1212_t;GeneMark}
76531	76472	INTRON			{GlimmerHMM_glimmerT_1203-T1;GlimmerHMM},{Augustus_model.g1034.t1;Augustus},{snap_scaffold_12-snap.52-T1;snap},{GeneMark_model.1212_t;GeneMark}
77286	76532	internal-	4	5	{GlimmerHMM_glimmerT_1203-T1;GlimmerHMM},{Augustus_model.g1034.t1;Augustus},{snap_scaffold_12-snap.52-T1;snap},{GeneMark_model.1212_t;GeneMark}
77361	77287	INTRON			{GlimmerHMM_glimmerT_1203-T1;GlimmerHMM},{snap_scaffold_12-snap.52-T1;snap},{GeneMark_model.1212_t;GeneMark}
77487	77362	initial-	4	6	{GlimmerHMM_glimmerT_1203-T1;GlimmerHMM},{snap_scaffold_12-snap.52-T1;snap},{GeneMark_model.1212_t;GeneMark}

# EVM prediction: Mode:STANDARD S-ratio: 20.19 78787-79533 orient(-) score(214235.00) noncoding_equivalent(10612.28) raw_noncoding(10612.28) offset(0.00) 
79533	78787	single-	4	6	{GlimmerHMM_glimmerT_1204-T1;GlimmerHMM},{GeneMark_model.1213_t;GeneMark}

# EVM prediction: Mode:STANDARD S-ratio: 10.88 79999-81021 orient(-) score(307923.00) noncoding_equivalent(28294.00) raw_noncoding(28896.00) offset(602.00) 
80560	79999	terminal-	6	6	{GeneMark_model.1214_t;GeneMark},{Augustus_model.g1035.t1;Augustus},{GlimmerHMM_glimmerT_1205-T1;GlimmerHMM},{snap_scaffold_12-snap.54-T1;snap}
80656	80561	INTRON			{GeneMark_model.1214_t;GeneMark},{Augustus_model.g1035.t1;Augustus},{GlimmerHMM_glimmerT_1205-T1;GlimmerHMM},{snap_scaffold_12-snap.54-T1;snap}
81021	80657	initial-	4	5	{GeneMark_model.1214_t;GeneMark},{Augustus_model.g1035.t1;Augustus},{GlimmerHMM_glimmerT_1205-T1;GlimmerHMM},{snap_scaffold_12-snap.54-T1;snap}

# EVM prediction: Mode:STANDARD S-ratio: 6.41 82138-83135 orient(-) score(264038.00) noncoding_equivalent(41208.00) raw_noncoding(46010.00) offset(4802.00) 
82390	82138	terminal-	6	6	{Augustus_model.g1036.t1;Augustus},{GeneMark_model.1215_t;GeneMark},{snap_scaffold_12-snap.55-T1;snap}
82440	82391	INTRON			{Augustus_model.g1036.t1;Augustus},{GeneMark_model.1215_t;GeneMark},{snap_scaffold_12-snap.55-T1;snap}
83135	82441	initial-	4	5	{snap_scaffold_12-snap.55-T1;snap}

# EVM prediction: Mode:STANDARD S-ratio: 9.22 84925-85680 orient(-) score(216301.00) noncoding_equivalent(23463.17) raw_noncoding(24316.58) offset(853.41) 
85025	84925	terminal-	5	6	{GlimmerHMM_glimmerT_1207-T1;GlimmerHMM},{snap_scaffold_12-snap.56-T1;snap}
85086	85026	INTRON			{Augustus_model.g1036.t1;Augustus},{GlimmerHMM_glimmerT_1207-T1;GlimmerHMM},{snap_scaffold_12-snap.56-T1;snap},{GeneMark_model.1215_t;GeneMark}
85327	85087	internal-	4	4	{GeneMark_model.1215_t;GeneMark}
85380	85328	INTRON			{GeneMark_model.1215_t;GeneMark}
85680	85381	initial-	4	6	{GlimmerHMM_glimmerT_1207-T1;GlimmerHMM},{snap_scaffold_12-snap.56-T1;snap},{GeneMark_model.1215_t;GeneMark}

