#                                                                            --- full sequence --- -------------- this domain -------------   hmm coord   ali coord   env coord
# target name        accession   tlen query name           accession   qlen   E-value  score  bias   #  of  c-Evalue  i-Evalue  score  bias  from    to  from    to  from    to  acc description of target
#------------------- ---------- ----- -------------------- ---------- ----- --------- ------ ----- --- --- --------- --------- ------ ----- ----- ----- ----- ----- ----- ----- ---- ---------------------
FUN_005294-T1        -           1074 11947at5125          -            666  1.6e-194  646.8 175.9   1   7   2.7e-36   1.9e-32  111.2  40.7     2   146    22   205    21   227 0.75 FUN_005294
FUN_005294-T1        -           1074 11947at5125          -            666  1.6e-194  646.8 175.9   2   7   5.1e-06     0.035   11.2   0.1   153   185   251   283   232   297 0.81 FUN_005294
FUN_005294-T1        -           1074 11947at5125          -            666  1.6e-194  646.8 175.9   3   7   1.8e-12   1.3e-08   32.5   9.9   170   258   318   413   291   421 0.69 FUN_005294
FUN_005294-T1        -           1074 11947at5125          -            666  1.6e-194  646.8 175.9   4   7   2.9e-25     2e-21   74.8  14.7   243   313   431   500   427   506 0.91 FUN_005294
FUN_005294-T1        -           1074 11947at5125          -            666  1.6e-194  646.8 175.9   5   7   5.6e-19   3.8e-15   54.0  10.8   301   367   518   584   504   601 0.84 FUN_005294
FUN_005294-T1        -           1074 11947at5125          -            666  1.6e-194  646.8 175.9   6   7     1e-32   7.1e-29   99.4   6.4   354   428   645   719   588   724 0.79 FUN_005294
FUN_005294-T1        -           1074 11947at5125          -            666  1.6e-194  646.8 175.9   7   7   2.3e-86   1.6e-82  276.7  51.7   420   665   738  1065   729  1066 0.79 FUN_005294
#
# Program:         hmmsearch
# Version:         3.1b2 (February 2015)
# Pipeline mode:   SEARCH
# Query file:      /home/zack/funannotate_db/hypocreales_odb10/hmms/11947at5125.hmm
# Target file:     /home/zack/Desktop/IsariaPreferralGenome/MyGenomeSubmittedToNCBI/HypocrealesProteinSets/Epichloe_festucae_RoseCity.proteins.fa
# Option settings: hmmsearch --domtblout /home/zack/Desktop/IsariaPreferralGenome/MyGenomeSubmittedToNCBI/HypocrealesProteinSets/BUSCO_AA_all/BUSCO_AA_Efestucae_RoseCity/run_hypocreales_odb10/hmmer_output/initial_run_results/11947at5125.out --cpu 1 /home/zack/funannotate_db/hypocreales_odb10/hmms/11947at5125.hmm /home/zack/Desktop/IsariaPreferralGenome/MyGenomeSubmittedToNCBI/HypocrealesProteinSets/Epichloe_festucae_RoseCity.proteins.fa 
# Current dir:     /home/zack/Desktop/IsariaPreferralGenome/MyGenomeSubmittedToNCBI/HypocrealesProteinSets/BUSCO_AA_all
# Date:            Mon Mar  4 15:19:55 2024
# [ok]
