#                                                                            --- full sequence --- -------------- this domain -------------   hmm coord   ali coord   env coord
# target name        accession   tlen query name           accession   qlen   E-value  score  bias   #  of  c-Evalue  i-Evalue  score  bias  from    to  from    to  from    to  acc description of target
#------------------- ---------- ----- -------------------- ---------- ----- --------- ------ ----- --- --- --------- --------- ------ ----- ----- ----- ----- ----- ----- ----- ---- ---------------------
FUN_000229-T1        -            645 13216at5125          -            512         0 1014.5   3.0   1   2   7.5e-93   1.4e-90  303.1   0.0     1   188    16   219    16   234 0.93 FUN_000229
FUN_000229-T1        -            645 13216at5125          -            512         0 1014.5   3.0   2   2    3e-216  5.4e-214  710.2   2.4   188   512   318   644   306   644 0.98 FUN_000229
FUN_006323-T1        -            389 13216at5125          -            512   1.1e-36  125.2   4.5   1   4   9.9e-07   0.00018   18.9   0.0   314   359    60   105    48   113 0.88 FUN_006323
FUN_006323-T1        -            389 13216at5125          -            512   1.1e-36  125.2   4.5   2   4   2.9e-09   5.2e-07   27.3   0.0   468   510   128   170   117   172 0.89 FUN_006323
FUN_006323-T1        -            389 13216at5125          -            512   1.1e-36  125.2   4.5   3   4   7.3e-11   1.3e-08   32.6   0.1   428   510   187   274   180   276 0.83 FUN_006323
FUN_006323-T1        -            389 13216at5125          -            512   1.1e-36  125.2   4.5   4   4   9.7e-15   1.8e-12   45.4   0.1   425   508   298   383   283   387 0.93 FUN_006323
FUN_003546-T1        -            347 13216at5125          -            512   6.3e-33  112.8   0.9   1   3   3.2e-07   5.9e-05   20.5   0.0   428   505    56   134    39   141 0.81 FUN_003546
FUN_003546-T1        -            347 13216at5125          -            512   6.3e-33  112.8   0.9   2   3   5.9e-14   1.1e-11   42.8   0.0   427   507   155   232   148   238 0.84 FUN_003546
FUN_003546-T1        -            347 13216at5125          -            512   6.3e-33  112.8   0.9   3   3   4.1e-15   7.4e-13   46.6   0.2   429   510   250   337   242   339 0.82 FUN_003546
FUN_005039-T1        -            322 13216at5125          -            512   9.3e-30  102.4   1.2   1   2   7.6e-05     0.014   12.7   0.0   318   345    17    44    12    52 0.90 FUN_005039
FUN_005039-T1        -            322 13216at5125          -            512   9.3e-30  102.4   1.2   2   2   8.3e-28   1.5e-25   88.5   0.4   262   508    64   306    52   310 0.86 FUN_005039
FUN_001050-T1        -            298 13216at5125          -            512   1.6e-29  101.6   3.5   1   3   1.2e-13   2.2e-11   41.7   0.0   429   496    16    84    12   100 0.89 FUN_001050
FUN_001050-T1        -            298 13216at5125          -            512   1.6e-29  101.6   3.5   2   3   1.1e-09   1.9e-07   28.7   0.1   426   489   113   173    96   178 0.88 FUN_001050
FUN_001050-T1        -            298 13216at5125          -            512   1.6e-29  101.6   3.5   3   3   2.4e-10   4.3e-08   30.9   0.2   419   504   200   287   185   293 0.84 FUN_001050
FUN_001578-T1        -            394 13216at5125          -            512   6.9e-28   96.2   3.4   1   3   1.4e-14   2.6e-12   44.8   0.1   199   355    66   203    49   220 0.77 FUN_001578
FUN_001578-T1        -            394 13216at5125          -            512   6.9e-28   96.2   3.4   2   3     0.014       2.6    5.2   0.1   366   396   241   271   232   289 0.78 FUN_001578
FUN_001578-T1        -            394 13216at5125          -            512   6.9e-28   96.2   3.4   3   3     4e-14   7.3e-12   43.3   0.1   309   400   299   389   284   392 0.88 FUN_001578
FUN_004420-T1        -            310 13216at5125          -            512   2.9e-26   90.9   2.7   1   2   1.7e-06   0.00032   18.1   0.0   425   493    15    85     9    95 0.73 FUN_004420
FUN_004420-T1        -            310 13216at5125          -            512   2.9e-26   90.9   2.7   2   2   1.2e-22   2.1e-20   71.5   0.9   318   510   114   304   106   306 0.89 FUN_004420
FUN_006494-T1        -            370 13216at5125          -            512   1.2e-25   88.8   6.3   1   3   1.5e-11   2.7e-09   34.9   0.8   418   508    20   115    11   119 0.78 FUN_006494
FUN_006494-T1        -            370 13216at5125          -            512   1.2e-25   88.8   6.3   2   3       0.2        37    1.4   0.0   198   233   124   159   114   171 0.71 FUN_006494
FUN_006494-T1        -            370 13216at5125          -            512   1.2e-25   88.8   6.3   3   3   5.6e-16     1e-13   49.4   0.5   361   511   195   359   188   360 0.77 FUN_006494
FUN_000362-T1        -            284 13216at5125          -            512   3.5e-25   87.3   1.4   1   2   1.8e-13   3.2e-11   41.2   0.7   320   506     2   175     1   180 0.86 FUN_000362
FUN_000362-T1        -            284 13216at5125          -            512   3.5e-25   87.3   1.4   2   2     2e-14   3.6e-12   44.3   0.0   424   508   189   275   178   278 0.91 FUN_000362
FUN_001252-T1        -            342 13216at5125          -            512   2.5e-23   81.2   1.6   1   3   2.5e-09   4.5e-07   27.5   0.0   432   510    58   134    36   136 0.85 FUN_001252
FUN_001252-T1        -            342 13216at5125          -            512   2.5e-23   81.2   1.6   2   3   6.8e-13   1.2e-10   39.3   0.0   215   346   163   286   149   295 0.80 FUN_001252
FUN_001252-T1        -            342 13216at5125          -            512   2.5e-23   81.2   1.6   3   3   0.00013     0.023   12.0   0.1   256   304   292   340   287   342 0.91 FUN_001252
FUN_005502-T1        -            316 13216at5125          -            512   1.7e-21   75.1   2.0   1   2     9e-11   1.6e-08   32.3   0.1   321   473    22   166     4   180 0.80 FUN_005502
FUN_005502-T1        -            316 13216at5125          -            512   1.7e-21   75.1   2.0   2   2     4e-16   7.3e-14   49.9   0.3   259   508    56   313    53   316 0.79 FUN_005502
FUN_001749-T1        -            451 13216at5125          -            512   2.5e-20   71.3   5.3   1   4     4e-05    0.0073   13.6   0.0   416   458    39    84    32    98 0.77 FUN_001749
FUN_001749-T1        -            451 13216at5125          -            512   2.5e-20   71.3   5.3   2   4   6.9e-05     0.013   12.9   0.0   457   503   154   200   144   208 0.88 FUN_001749
FUN_001749-T1        -            451 13216at5125          -            512   2.5e-20   71.3   5.3   3   4   2.6e-06   0.00047   17.6   0.1   429   507   224   302   217   306 0.87 FUN_001749
FUN_001749-T1        -            451 13216at5125          -            512   2.5e-20   71.3   5.3   4   4   5.2e-09   9.4e-07   26.5   0.1   424   510   343   436   322   438 0.78 FUN_001749
FUN_001076-T1        -            333 13216at5125          -            512   1.1e-19   69.1   0.5   1   2   1.5e-14   2.7e-12   44.7   1.2   315   495    43   218    21   236 0.83 FUN_001076
FUN_001076-T1        -            333 13216at5125          -            512   1.1e-19   69.1   0.5   2   2   1.3e-07   2.3e-05   21.9   0.0   429   503   250   325   225   328 0.85 FUN_001076
FUN_003553-T1        -            333 13216at5125          -            512   4.8e-19   67.0   0.1   1   2   2.2e-08     4e-06   24.4   0.0   429   496    36   102    27   116 0.87 FUN_003553
FUN_003553-T1        -            333 13216at5125          -            512   4.8e-19   67.0   0.1   2   2   1.3e-12   2.4e-10   38.3   0.2   320   508   135   328   108   332 0.54 FUN_003553
FUN_002155-T1        -            342 13216at5125          -            512   1.3e-18   65.6   0.3   1   3   3.9e-12     7e-10   36.8   0.1   428   495    17    92     7   108 0.83 FUN_002155
FUN_002155-T1        -            342 13216at5125          -            512   1.3e-18   65.6   0.3   2   3   1.5e-05    0.0028   15.0   0.3   427   508   124   201    96   205 0.75 FUN_002155
FUN_002155-T1        -            342 13216at5125          -            512   1.3e-18   65.6   0.3   3   3   0.00016     0.028   11.7   0.0   411   491   201   282   191   298 0.84 FUN_002155
FUN_000234-T1        -            272 13216at5125          -            512   2.4e-18   64.7   3.2   1   4   6.7e-05     0.012   12.9   0.0   319   346    10    37     4    39 0.90 FUN_000234
FUN_000234-T1        -            272 13216at5125          -            512   2.4e-18   64.7   3.2   2   4   2.3e-09   4.1e-07   27.7   0.1   264   402    41   175    38   190 0.80 FUN_000234
FUN_000234-T1        -            272 13216at5125          -            512   2.4e-18   64.7   3.2   3   4   3.5e-05    0.0063   13.8   0.1   204   229   191   216   180   224 0.86 FUN_000234
FUN_000234-T1        -            272 13216at5125          -            512   2.4e-18   64.7   3.2   4   4    0.0015      0.27    8.4   0.0   256   301   223   268   217   271 0.91 FUN_000234
FUN_002118-T1        -            308 13216at5125          -            512   3.1e-18   64.4   0.4   1   2   2.8e-12     5e-10   37.3   0.9   316   507     5   197     2   203 0.80 FUN_002118
FUN_002118-T1        -            308 13216at5125          -            512   3.1e-18   64.4   0.4   2   2   1.3e-07   2.4e-05   21.8   0.0   430   509   218   293   195   296 0.86 FUN_002118
FUN_005757-T1        -            347 13216at5125          -            512   7.6e-17   59.8   0.0   1   3   4.2e-07   7.5e-05   20.2   0.0   426   490    39    99    19   109 0.82 FUN_005757
FUN_005757-T1        -            347 13216at5125          -            512   7.6e-17   59.8   0.0   2   3   7.4e-08   1.3e-05   22.6   0.1   425   489   160   225   155   235 0.90 FUN_005757
FUN_005757-T1        -            347 13216at5125          -            512   7.6e-17   59.8   0.0   3   3   5.7e-05      0.01   13.1   0.0   318   397   257   340   236   345 0.86 FUN_005757
FUN_000380-T1        -            306 13216at5125          -            512   1.1e-15   55.9   0.1   1   3    0.0062       1.1    6.4   0.0   429   457     8    36     2    42 0.83 FUN_000380
FUN_000380-T1        -            306 13216at5125          -            512   1.1e-15   55.9   0.1   2   3   0.00031     0.057   10.7   0.0   420   484    84   142    64   151 0.81 FUN_000380
FUN_000380-T1        -            306 13216at5125          -            512   1.1e-15   55.9   0.1   3   3   2.6e-14   4.8e-12   43.9   0.0   259   416   126   300   120   305 0.79 FUN_000380
FUN_002191-T1        -            149 13216at5125          -            512   2.1e-15   55.0   5.4   1   2   2.7e-09     5e-07   27.4   0.1    70   132    11    73     3    83 0.88 FUN_002191
FUN_002191-T1        -            149 13216at5125          -            512   2.1e-15   55.0   5.4   2   2   7.5e-12   1.4e-09   35.8   1.4    45   133    53   147    52   149 0.89 FUN_002191
FUN_000075-T1        -            310 13216at5125          -            512   2.8e-14   51.3   4.3   1   3   9.9e-08   1.8e-05   22.2   0.1   420   504    10    90     6    98 0.83 FUN_000075
FUN_000075-T1        -            310 13216at5125          -            512   2.8e-14   51.3   4.3   2   3     0.012       2.1    5.5   0.1   420   497   110   196    92   208 0.56 FUN_000075
FUN_000075-T1        -            310 13216at5125          -            512   2.8e-14   51.3   4.3   3   3   1.4e-08   2.6e-06   25.0   0.0   408   490   201   281   196   303 0.86 FUN_000075
FUN_002657-T1        -            301 13216at5125          -            512   2.3e-13   48.3   0.8   1   2     0.012       2.2    5.5   0.0   426   452    23    49    11    56 0.85 FUN_002657
FUN_002657-T1        -            301 13216at5125          -            512   2.3e-13   48.3   0.8   2   2   5.5e-13     1e-10   39.6   0.2   239   350   134   241   108   294 0.74 FUN_002657
FUN_001574-T1        -            405 13216at5125          -            512     7e-13   46.7   1.4   1   4   4.2e-05    0.0076   13.6   0.0   416   510    69   162    59   164 0.85 FUN_001574
FUN_001574-T1        -            405 13216at5125          -            512     7e-13   46.7   1.4   2   4   1.3e-06   0.00023   18.6   0.0   433   504   180   257   171   267 0.82 FUN_001574
FUN_001574-T1        -            405 13216at5125          -            512     7e-13   46.7   1.4   3   4   0.00011     0.021   12.1   0.1   425   453   277   305   248   311 0.80 FUN_001574
FUN_001574-T1        -            405 13216at5125          -            512     7e-13   46.7   1.4   4   4       9.6   1.7e+03   -4.1   0.0   260   277   353   370   345   372 0.66 FUN_001574
FUN_002478-T1        -            316 13216at5125          -            512   2.1e-12   45.1   2.0   1   2   3.5e-05    0.0063   13.8   0.0   319   346     4    31     1    47 0.84 FUN_002478
FUN_002478-T1        -            316 13216at5125          -            512   2.1e-12   45.1   2.0   2   2   4.5e-10   8.2e-08   30.0   0.7   268   484    46   276    40   281 0.74 FUN_002478
FUN_002139-T1        -            330 13216at5125          -            512   3.1e-12   44.5   0.6   1   4   3.9e-09   7.2e-07   26.9   0.0   426   491    13    79     2   102 0.81 FUN_002139
FUN_002139-T1        -            330 13216at5125          -            512   3.1e-12   44.5   0.6   2   4     0.029       5.3    4.2   0.1   204   240   108   144    95   150 0.76 FUN_002139
FUN_002139-T1        -            330 13216at5125          -            512   3.1e-12   44.5   0.6   3   4     0.011       1.9    5.6   0.0   253   345   137   226   126   241 0.72 FUN_002139
FUN_002139-T1        -            330 13216at5125          -            512   3.1e-12   44.5   0.6   4   4      0.01       1.9    5.7   0.0   464   492   265   293   175   311 0.72 FUN_002139
FUN_004113-T1        -            324 13216at5125          -            512   1.1e-11   42.7   6.6   1   2     0.042       7.7    3.7   0.0   313   346    31    65    14    76 0.68 FUN_004113
FUN_004113-T1        -            324 13216at5125          -            512   1.1e-11   42.7   6.6   2   2   2.7e-12   4.9e-10   37.3   4.3   255   511    72   315    66   316 0.84 FUN_004113
FUN_000149-T1        -            315 13216at5125          -            512   1.7e-09   35.5   0.1   1   2    0.0011       0.2    8.9   0.1   357   405    67   115    43   146 0.69 FUN_000149
FUN_000149-T1        -            315 13216at5125          -            512   1.7e-09   35.5   0.1   2   2   3.6e-08   6.6e-06   23.7   0.0   256   405   167   306   154   312 0.88 FUN_000149
FUN_004200-T1        -            316 13216at5125          -            512   2.9e-09   34.7   0.3   1   1   3.3e-11     6e-09   33.7   0.1   257   406   159   306   119   313 0.88 FUN_004200
FUN_006577-T1        -            351 13216at5125          -            512   4.5e-09   34.1   4.6   1   3   6.6e-08   1.2e-05   22.8   0.0    69   135   184   251   180   257 0.85 FUN_006577
FUN_006577-T1        -            351 13216at5125          -            512   4.5e-09   34.1   4.6   2   3   6.7e-06    0.0012   16.2   0.4    41   128   224   310   221   313 0.90 FUN_006577
FUN_006577-T1        -            351 13216at5125          -            512   4.5e-09   34.1   4.6   3   3     0.001      0.18    9.0   2.2    45   125   258   337   255   348 0.68 FUN_006577
FUN_001695-T1        -            315 13216at5125          -            512   4.9e-09   34.0   1.5   1   2   3.1e-11   5.6e-09   33.8   0.5   312   509    12   197     4   202 0.81 FUN_001695
FUN_001695-T1        -            315 13216at5125          -            512   4.9e-09   34.0   1.5   2   2       2.8   5.1e+02   -2.4   0.0   479   507   270   298   216   302 0.61 FUN_001695
FUN_003356-T1        -            377 13216at5125          -            512   8.7e-09   33.2   8.6   1   2   0.00038     0.069   10.4   0.0   433   489    93   144    81   146 0.87 FUN_003356
FUN_003356-T1        -            377 13216at5125          -            512   8.7e-09   33.2   8.6   2   2     7e-09   1.3e-06   26.0   6.2   259   511   123   364   121   365 0.83 FUN_003356
FUN_003801-T1        -            559 13216at5125          -            512   1.2e-06   26.1   0.0   1   1   2.3e-08   4.3e-06   24.3   0.0   359   505   410   554   389   559 0.54 FUN_003801
FUN_001929-T1        -            190 13216at5125          -            512   5.5e-06   23.9   1.9   1   2   9.9e-05     0.018   12.3   0.2    74   129    67   122    35   132 0.66 FUN_001929
FUN_001929-T1        -            190 13216at5125          -            512   5.5e-06   23.9   1.9   2   2   0.00034     0.062   10.6   0.1    68   104   145   181   141   187 0.83 FUN_001929
FUN_004668-T1        -            830 13216at5125          -            512   0.00015   19.2   0.2   1   1   1.2e-06   0.00023   18.6   0.2    71   147   658   734   639   766 0.83 FUN_004668
FUN_004014-T1        -            199 13216at5125          -            512    0.0068   13.7   0.0   1   1   4.9e-05    0.0088   13.4   0.0    31    67    82   118    57   123 0.88 FUN_004014
FUN_001233-T1        -            147 13216at5125          -            512     0.042   11.1   0.1   1   2      0.11        21    2.2   0.0    64   101     6    43     2    71 0.81 FUN_001233
FUN_001233-T1        -            147 13216at5125          -            512     0.042   11.1   0.1   2   2    0.0027      0.49    7.6   0.0    73   128    86   140    50   146 0.87 FUN_001233
FUN_000639-T1        -            444 13216at5125          -            512     0.043   11.1   0.1   1   3     0.018       3.3    4.9   0.0   198   224   165   192   131   196 0.69 FUN_000639
FUN_000639-T1        -            444 13216at5125          -            512     0.043   11.1   0.1   2   3      0.14        25    2.0   0.0   264   298   221   255   210   259 0.89 FUN_000639
FUN_000639-T1        -            444 13216at5125          -            512     0.043   11.1   0.1   3   3      0.62   1.1e+02   -0.2   0.0   372   406   394   428   384   438 0.78 FUN_000639
FUN_004968-T1        -            202 13216at5125          -            512     0.053   10.8   0.0   1   2     0.043       7.7    3.6   0.0    70   112    35    77    24    84 0.87 FUN_004968
FUN_004968-T1        -            202 13216at5125          -            512     0.053   10.8   0.0   2   2     0.014       2.5    5.3   0.0    70   100   105   135    97   171 0.83 FUN_004968
#
# Program:         hmmsearch
# Version:         3.1b2 (February 2015)
# Pipeline mode:   SEARCH
# Query file:      /home/zack/funannotate_db/hypocreales_odb10/hmms/13216at5125.hmm
# Target file:     /home/zack/Desktop/IsariaPreferralGenome/MyGenomeSubmittedToNCBI/HypocrealesProteinSets/Epichloe_festucae_RoseCity.proteins.fa
# Option settings: hmmsearch --domtblout /home/zack/Desktop/IsariaPreferralGenome/MyGenomeSubmittedToNCBI/HypocrealesProteinSets/BUSCO_AA_all/BUSCO_AA_Efestucae_RoseCity/run_hypocreales_odb10/hmmer_output/initial_run_results/13216at5125.out --cpu 1 /home/zack/funannotate_db/hypocreales_odb10/hmms/13216at5125.hmm /home/zack/Desktop/IsariaPreferralGenome/MyGenomeSubmittedToNCBI/HypocrealesProteinSets/Epichloe_festucae_RoseCity.proteins.fa 
# Current dir:     /home/zack/Desktop/IsariaPreferralGenome/MyGenomeSubmittedToNCBI/HypocrealesProteinSets/BUSCO_AA_all
# Date:            Mon Mar  4 15:20:02 2024
# [ok]
