#                                                                            --- full sequence --- -------------- this domain -------------   hmm coord   ali coord   env coord
# target name        accession   tlen query name           accession   qlen   E-value  score  bias   #  of  c-Evalue  i-Evalue  score  bias  from    to  from    to  from    to  acc description of target
#------------------- ---------- ----- -------------------- ---------- ----- --------- ------ ----- --- --- --------- --------- ------ ----- ----- ----- ----- ----- ----- ----- ---- ---------------------
FUN_002839-T1        -            625 13625at5125          -            486  8.6e-260  861.0  21.0   1   3  2.1e-255  1.3e-253  840.6   4.3     1   462     1   545     1   558 0.89 FUN_002839
FUN_002839-T1        -            625 13625at5125          -            486  8.6e-260  861.0  21.0   2   3       3.4     2e+02   -1.0   0.2   453   474   562   583   551   590 0.77 FUN_002839
FUN_002839-T1        -            625 13625at5125          -            486  8.6e-260  861.0  21.0   3   3   5.1e-06   0.00031   18.2   7.5   460   486   598   625   574   625 0.80 FUN_002839
FUN_003867-T1        -            507 13625at5125          -            486   3.6e-47  159.8   0.0   1   1     8e-49   4.8e-47  159.4   0.0    11   252    49   298    42   327 0.88 FUN_003867
FUN_002912-T1        -            537 13625at5125          -            486   2.9e-33  113.9   0.0   1   1   7.4e-35   4.4e-33  113.3   0.0    23   263    21   278    12   286 0.81 FUN_002912
FUN_005783-T1        -            731 13625at5125          -            486   1.9e-31  107.9   0.0   1   1   4.5e-33   2.7e-31  107.4   0.0    16   242    72   295    61   317 0.90 FUN_005783
FUN_004228-T1        -           1200 13625at5125          -            486   3.1e-30  103.9   0.0   1   1   1.1e-31   6.6e-30  102.8   0.0    56   264   168   372   116   391 0.88 FUN_004228
FUN_005249-T1        -            776 13625at5125          -            486   4.7e-30  103.3   0.0   1   2   2.6e-27   1.6e-25   88.4   0.1    24   165   201   342   190   350 0.93 FUN_005249
FUN_005249-T1        -            776 13625at5125          -            486   4.7e-30  103.3   0.0   2   2   0.00029     0.017   12.4   0.0   174   264   380   463   373   470 0.80 FUN_005249
FUN_003694-T1        -           1023 13625at5125          -            486     2e-29  101.3   0.0   1   1   3.3e-31     2e-29  101.3   0.0    18   227    71   285    66   291 0.84 FUN_003694
FUN_000013-T1        -            398 13625at5125          -            486   5.2e-29   99.9   0.0   1   1   1.3e-30   7.5e-29   99.4   0.0    11   218    99   307    91   315 0.88 FUN_000013
FUN_004846-T1        -            401 13625at5125          -            486   5.4e-29   99.8   0.0   1   1   1.2e-30   7.4e-29   99.4   0.0    16   263   129   372   122   380 0.83 FUN_004846
FUN_001168-T1        -           1140 13625at5125          -            486   3.5e-28   97.1   0.0   1   1     1e-29   6.2e-28   96.3   0.0    17   273   814  1067   806  1109 0.80 FUN_001168
FUN_004650-T1        -            674 13625at5125          -            486   1.4e-27   95.1   0.0   1   1   3.3e-29     2e-27   94.7   0.0    17   233   286   505   277   546 0.79 FUN_004650
FUN_005515-T1        -            573 13625at5125          -            486   8.6e-27   92.6   0.0   1   1   2.1e-28   1.3e-26   92.0   0.0    16   274   161   421   154   440 0.82 FUN_005515
FUN_000212-T1        -            645 13625at5125          -            486   8.8e-27   92.5   0.0   1   2   7.5e-25   4.5e-23   80.3   0.0    17   165   258   407   248   421 0.87 FUN_000212
FUN_000212-T1        -            645 13625at5125          -            486   8.8e-27   92.5   0.0   2   2    0.0014     0.085   10.1   0.0   173   219   445   488   435   532 0.87 FUN_000212
FUN_004424-T1        -            631 13625at5125          -            486   1.3e-26   91.9   0.0   1   1   3.1e-28   1.9e-26   91.4   0.0    17   303     9   288     3   305 0.83 FUN_004424
FUN_001266-T1        -            358 13625at5125          -            486   1.5e-26   91.7   0.0   1   1   3.6e-28   2.2e-26   91.2   0.0    11   211    13   208     2   219 0.87 FUN_001266
FUN_001159-T1        -            665 13625at5125          -            486   1.6e-26   91.7   0.4   1   2   4.6e-25   2.8e-23   81.0   0.1    13   165   258   409   251   412 0.88 FUN_001159
FUN_001159-T1        -            665 13625at5125          -            486   1.6e-26   91.7   0.4   2   2    0.0039      0.23    8.7   0.0   173   262   463   553   452   561 0.66 FUN_001159
FUN_004590-T1        -            575 13625at5125          -            486   5.4e-26   89.9   0.0   1   1   1.4e-27   8.4e-26   89.3   0.0    13   218   236   437   228   448 0.87 FUN_004590
FUN_004547-T1        -           1357 13625at5125          -            486   3.3e-25   87.3   0.0   1   2         9   5.4e+02   -2.4   0.0   248   284   995  1031   959  1046 0.76 FUN_004547
FUN_004547-T1        -           1357 13625at5125          -            486   3.3e-25   87.3   0.0   2   2   2.9e-26   1.8e-24   84.9   0.0    17   263  1046  1304  1036  1309 0.82 FUN_004547
FUN_002142-T1        -            415 13625at5125          -            486   3.9e-25   87.1   0.0   1   1   6.5e-27   3.9e-25   87.1   0.0    17   226     9   218     2   224 0.85 FUN_002142
FUN_001037-T1        -            326 13625at5125          -            486   6.6e-25   86.3   0.0   1   1     1e-25     6e-24   83.2   0.0    18   228     4   235     2   241 0.77 FUN_001037
FUN_004823-T1        -            700 13625at5125          -            486   2.7e-24   84.4   0.0   1   2       4.8   2.9e+02   -1.5   0.0    18    51    97   129    88   137 0.81 FUN_004823
FUN_004823-T1        -            700 13625at5125          -            486   2.7e-24   84.4   0.0   2   2   1.8e-25   1.1e-23   82.3   0.0    64   221   185   347   176   385 0.88 FUN_004823
FUN_004857-T1        -           1205 13625at5125          -            486   2.9e-24   84.2   0.0   1   1   7.5e-26   4.5e-24   83.6   0.0    18   221   943  1157   939  1187 0.83 FUN_004857
FUN_005171-T1        -            418 13625at5125          -            486   4.6e-24   83.6   0.0   1   2   1.9e-25   1.1e-23   82.3   0.0     8   217    13   228     8   239 0.82 FUN_005171
FUN_005171-T1        -            418 13625at5125          -            486   4.6e-24   83.6   0.0   2   2       7.7   4.6e+02   -2.2   0.0   234   267   273   307   263   323 0.83 FUN_005171
FUN_006701-T1        -            893 13625at5125          -            486   5.8e-24   83.2   0.0   1   1     2e-25   1.2e-23   82.2   0.0    18   219   490   694   484   750 0.82 FUN_006701
FUN_001557-T1        -            772 13625at5125          -            486   7.2e-24   82.9   0.0   1   1     2e-25   1.2e-23   82.2   0.0    35   233   409   611   384   617 0.80 FUN_001557
FUN_004764-T1        -            382 13625at5125          -            486   7.7e-24   82.8   0.0   1   1   1.6e-25   9.7e-24   82.5   0.0    17   225    17   223    12   289 0.79 FUN_004764
FUN_005695-T1        -            988 13625at5125          -            486     1e-23   82.4   0.0   1   1   2.6e-25   1.6e-23   81.8   0.0    23   264    58   305    47   311 0.82 FUN_005695
FUN_002378-T1        -            691 13625at5125          -            486   2.9e-23   80.9   0.0   1   1   7.1e-25   4.2e-23   80.4   0.0    25   229    27   227    17   268 0.83 FUN_002378
FUN_000884-T1        -            846 13625at5125          -            486   3.1e-23   80.8   0.0   1   1   7.6e-25   4.5e-23   80.3   0.0    18   221   567   765   562   808 0.83 FUN_000884
FUN_005499-T1        -           1614 13625at5125          -            486   3.6e-23   80.6   0.1   1   1   1.5e-24   8.7e-23   79.4   0.0    26   219  1328  1531  1319  1540 0.80 FUN_005499
FUN_004504-T1        -            817 13625at5125          -            486     4e-23   80.5   0.0   1   1   1.1e-24   6.6e-23   79.8   0.0    17   216    42   251    34   304 0.76 FUN_004504
FUN_003735-T1        -           1911 13625at5125          -            486   4.3e-23   80.4   0.7   1   3       8.5   5.1e+02   -2.3   0.1   341   380   487   523   476   534 0.80 FUN_003735
FUN_003735-T1        -           1911 13625at5125          -            486   4.3e-23   80.4   0.7   2   3   9.5e-24   5.7e-22   76.7   0.0    18   164   716   862   712   868 0.93 FUN_003735
FUN_003735-T1        -           1911 13625at5125          -            486   4.3e-23   80.4   0.7   3   3       1.2        70    0.5   0.0   175   229  1038  1088  1032  1128 0.74 FUN_003735
FUN_000949-T1        -            519 13625at5125          -            486   5.7e-23   80.0   0.0   1   1   1.4e-24   8.5e-23   79.4   0.0    17   223    19   222    10   228 0.87 FUN_000949
FUN_001674-T1        -            605 13625at5125          -            486   5.8e-23   79.9   0.1   1   2   7.2e-20   4.3e-18   63.9   0.0    17   149   134   266   128   269 0.92 FUN_001674
FUN_001674-T1        -            605 13625at5125          -            486   5.8e-23   79.9   0.1   2   2   0.00011    0.0064   13.8   0.0   154   264   304   412   299   420 0.82 FUN_001674
FUN_004822-T1        -            487 13625at5125          -            486   7.7e-23   79.5   0.0   1   1   1.7e-24     1e-22   79.1   0.0    24   217   211   412   194   462 0.77 FUN_004822
FUN_006021-T1        -            640 13625at5125          -            486   1.3e-22   78.7   0.0   1   1   3.2e-24   1.9e-22   78.2   0.0    17   247   295   523   285   546 0.81 FUN_006021
FUN_006180-T1        -            601 13625at5125          -            486   2.2e-22   78.1   1.1   1   2   9.6e-22   5.8e-20   70.1   0.1    17   165   215   362   206   373 0.88 FUN_006180
FUN_006180-T1        -            601 13625at5125          -            486   2.2e-22   78.1   1.1   2   2     0.016      0.99    6.6   0.1   174   220   419   462   408   481 0.86 FUN_006180
FUN_002413-T1        -           1114 13625at5125          -            486   1.3e-21   75.5   0.0   1   2   1.3e-20   7.9e-19   66.3   0.0    24   166   276   418   261   425 0.86 FUN_002413
FUN_002413-T1        -           1114 13625at5125          -            486   1.3e-21   75.5   0.0   2   2     0.015      0.89    6.8   0.0   172   219   459   505   439   600 0.81 FUN_002413
FUN_006704-T1        -            514 13625at5125          -            486     2e-21   74.9   0.0   1   1   4.7e-23   2.8e-21   74.4   0.0    16   218   166   371   145   413 0.85 FUN_006704
FUN_004336-T1        -           1628 13625at5125          -            486   2.3e-21   74.7   0.0   1   3   8.4e-07   5.1e-05   20.8   0.0    97   155   371   428   294   519 0.72 FUN_004336
FUN_004336-T1        -           1628 13625at5125          -            486   2.3e-21   74.7   0.0   2   3      0.12         7    3.8   0.0    23    79   601   654   579   667 0.78 FUN_004336
FUN_004336-T1        -           1628 13625at5125          -            486   2.3e-21   74.7   0.0   3   3   2.8e-14   1.7e-12   45.4   0.0    90   192   769   873   762   893 0.79 FUN_004336
FUN_003403-T1        -            646 13625at5125          -            486   3.8e-21   74.0   0.9   1   2   1.7e-19   9.9e-18   62.7   0.1    17   165   266   413   257   422 0.88 FUN_003403
FUN_003403-T1        -            646 13625at5125          -            486   3.8e-21   74.0   0.9   2   2    0.0018      0.11    9.8   0.0   173   224   469   517   444   536 0.86 FUN_003403
FUN_001946-T1        -            735 13625at5125          -            486   4.1e-21   73.8   0.0   1   1     1e-22     6e-21   73.3   0.0    24   206    49   237    39   248 0.81 FUN_001946
FUN_000179-T1        -            779 13625at5125          -            486   5.2e-21   73.5   0.2   1   2   2.1e-16   1.3e-14   52.5   0.1    11   152    16   165     7   171 0.82 FUN_000179
FUN_000179-T1        -            779 13625at5125          -            486   5.2e-21   73.5   0.2   2   2   3.7e-06   0.00022   18.7   0.0   155   213   192   250   187   265 0.81 FUN_000179
FUN_002418-T1        -            428 13625at5125          -            486   5.9e-21   73.3   0.0   1   1   1.3e-22   7.5e-21   73.0   0.0    41   219   128   311    93   363 0.81 FUN_002418
FUN_004841-T1        -            848 13625at5125          -            486     7e-21   73.1   0.0   1   1   1.8e-22   1.1e-20   72.4   0.0    23   226   565   780   556   821 0.77 FUN_004841
FUN_004714-T1        -            532 13625at5125          -            486   7.5e-21   73.0   0.0   1   1   1.7e-22     1e-20   72.5   0.0    27   225   244   445   229   463 0.73 FUN_004714
FUN_002126-T1        -            490 13625at5125          -            486   1.7e-20   71.8   0.0   1   2   3.6e-21   2.2e-19   68.2   0.0    18   218   132   337   127   350 0.84 FUN_002126
FUN_002126-T1        -            490 13625at5125          -            486   1.7e-20   71.8   0.0   2   2       0.7        42    1.3   0.0   203   244   396   442   378   447 0.79 FUN_002126
FUN_002113-T1        -            910 13625at5125          -            486   2.3e-20   71.4   0.0   1   1   5.7e-22   3.4e-20   70.8   0.0    16   211   340   537   333   550 0.88 FUN_002113
FUN_001907-T1        -            854 13625at5125          -            486   4.6e-20   70.4   0.3   1   1   1.2e-19   7.1e-18   63.2   0.3    68   218    25   198     9   205 0.75 FUN_001907
FUN_005842-T1        -            582 13625at5125          -            486     5e-20   70.3   0.0   1   1   1.4e-21   8.6e-20   69.5   0.0    25   261   159   405   139   416 0.73 FUN_005842
FUN_006528-T1        -           1083 13625at5125          -            486   2.6e-19   67.9   0.0   1   1   6.7e-21     4e-19   67.3   0.0    61   208   781   927   725   939 0.86 FUN_006528
FUN_005779-T1        -            509 13625at5125          -            486     5e-19   67.0   0.0   1   1   1.2e-20   7.3e-19   66.4   0.0    21   219    66   261    57   269 0.88 FUN_005779
FUN_006588-T1        -           1209 13625at5125          -            486   7.9e-19   66.3   0.0   1   1   2.5e-20   1.5e-18   65.4   0.0    15   186   286   463   275   471 0.81 FUN_006588
FUN_000345-T1        -            355 13625at5125          -            486   1.5e-18   65.4   0.1   1   1   3.3e-20     2e-18   65.0   0.1    18   216    23   224    16   239 0.80 FUN_000345
FUN_006760-T1        -            671 13625at5125          -            486   2.2e-18   64.9   0.0   1   1   5.2e-20   3.1e-18   64.3   0.0    24   215   316   506   309   519 0.87 FUN_006760
FUN_002223-T1        -            779 13625at5125          -            486   4.3e-18   63.9   0.2   1   2   5.7e-19   3.4e-17   60.9   0.1    64   164   468   569   424   573 0.79 FUN_002223
FUN_002223-T1        -            779 13625at5125          -            486   4.3e-18   63.9   0.2   2   2       1.1        67    0.6   0.0   175   212   601   637   598   649 0.86 FUN_002223
FUN_000603-T1        -            689 13625at5125          -            486   1.4e-17   62.2   0.0   1   1   9.1e-19   5.5e-17   60.2   0.0    73   218   430   591   387   602 0.77 FUN_000603
FUN_001915-T1        -            978 13625at5125          -            486   2.2e-17   61.6   0.1   1   2   1.5e-15   8.9e-14   49.6   0.1    14   154   601   743   593   748 0.82 FUN_001915
FUN_001915-T1        -            978 13625at5125          -            486   2.2e-17   61.6   0.1   2   2     0.002      0.12    9.6   0.0   154   219   773   835   759   847 0.79 FUN_001915
FUN_005844-T1        -            949 13625at5125          -            486   2.6e-17   61.3   0.3   1   2   3.2e-13   1.9e-11   41.9   0.3    22   152    27   176    17   183 0.77 FUN_005844
FUN_005844-T1        -            949 13625at5125          -            486   2.6e-17   61.3   0.3   2   2   0.00011    0.0066   13.8   0.0   155   219   207   270   201   278 0.81 FUN_005844
FUN_002048-T1        -            902 13625at5125          -            486     1e-16   59.4   0.0   1   1   2.9e-18   1.7e-16   58.6   0.0    22   222   632   847   614   853 0.76 FUN_002048
FUN_003520-T1        -            795 13625at5125          -            486   1.4e-16   58.9   0.0   1   1   4.1e-18   2.5e-16   58.1   0.0    17   181   325   496   307   552 0.78 FUN_003520
FUN_003046-T1        -            339 13625at5125          -            486   8.9e-16   56.2   0.1   1   1     2e-17   1.2e-15   55.8   0.1    17   225    31   234    25   256 0.80 FUN_003046
FUN_004134-T1        -           1225 13625at5125          -            486   1.2e-15   55.8   0.0   1   3   5.6e-05    0.0034   14.8   0.0    16   103   106   202    93   214 0.76 FUN_004134
FUN_004134-T1        -           1225 13625at5125          -            486   1.2e-15   55.8   0.0   2   3   1.4e-08   8.6e-07   26.6   0.0   124   164   411   451   399   456 0.87 FUN_004134
FUN_004134-T1        -           1225 13625at5125          -            486   1.2e-15   55.8   0.0   3   3    0.0013     0.078   10.3   0.0   171   222   481   536   472   544 0.77 FUN_004134
FUN_005771-T1        -           1373 13625at5125          -            486   1.3e-14   52.4   0.0   1   1   3.9e-16   2.3e-14   51.6   0.0     9   216   949  1156   945  1168 0.84 FUN_005771
FUN_003868-T1        -            813 13625at5125          -            486   3.4e-14   51.0   0.2   1   1     1e-15   6.2e-14   50.2   0.2    10   219   473   689   468   697 0.75 FUN_003868
FUN_006004-T1        -            551 13625at5125          -            486   4.3e-14   50.7   0.2   1   2   6.3e-13   3.8e-11   41.0   0.1    11   152   184   327   180   333 0.82 FUN_006004
FUN_006004-T1        -            551 13625at5125          -            486   4.3e-14   50.7   0.2   2   2    0.0086      0.51    7.6   0.0   157   220   362   422   351   431 0.76 FUN_006004
FUN_001931-T1        -            531 13625at5125          -            486   1.7e-13   48.7   0.0   1   2   1.1e-08   6.6e-07   27.0   0.0    59   167    42   153    32   198 0.82 FUN_001931
FUN_001931-T1        -            531 13625at5125          -            486   1.7e-13   48.7   0.0   2   2   1.7e-06    0.0001   19.7   0.0   121   290   342   508   257   512 0.81 FUN_001931
FUN_002574-T1        -            385 13625at5125          -            486   3.1e-13   47.9   0.0   1   1   7.3e-15   4.4e-13   47.4   0.0    60   217   125   291    74   304 0.73 FUN_002574
FUN_003161-T1        -            646 13625at5125          -            486   7.5e-13   46.6   0.0   1   1   1.8e-14   1.1e-12   46.1   0.0    67   218   346   501   319   513 0.76 FUN_003161
FUN_002643-T1        -            417 13625at5125          -            486   1.1e-12   46.1   0.0   1   1   2.6e-14   1.6e-12   45.5   0.0    26   212    96   285    88   302 0.70 FUN_002643
FUN_002752-T1        -            732 13625at5125          -            486   3.4e-12   44.4   0.0   1   1   9.1e-14   5.4e-12   43.8   0.0    23   211   228   424   222   434 0.80 FUN_002752
FUN_006202-T1        -            584 13625at5125          -            486   1.3e-11   42.5   0.0   1   1   4.1e-13   2.4e-11   41.6   0.0    10   150   108   257   103   264 0.84 FUN_006202
FUN_005079-T1        -            878 13625at5125          -            486   7.5e-11   40.0   0.1   1   1   3.1e-12   1.8e-10   38.7   0.1    11   151   530   677   525   686 0.83 FUN_005079
FUN_003448-T1        -            865 13625at5125          -            486   3.8e-10   37.7   0.0   1   1     1e-11   6.2e-10   37.0   0.0    18   217   522   742   509   749 0.75 FUN_003448
FUN_002680-T1        -            486 13625at5125          -            486   6.8e-10   36.8   0.2   1   4       0.7        42    1.3   0.0    15    39    96   120    85   124 0.89 FUN_002680
FUN_002680-T1        -            486 13625at5125          -            486   6.8e-10   36.8   0.2   2   4   1.2e-07     7e-06   23.6   0.0    64   167   178   278   154   288 0.85 FUN_002680
FUN_002680-T1        -            486 13625at5125          -            486   6.8e-10   36.8   0.2   3   4     0.016      0.95    6.7   0.0   196   220   347   371   327   381 0.82 FUN_002680
FUN_002680-T1        -            486 13625at5125          -            486   6.8e-10   36.8   0.2   4   4       3.7   2.2e+02   -1.1   0.0   252   264   442   454   436   463 0.77 FUN_002680
FUN_001965-T1        -            269 13625at5125          -            486   3.3e-09   34.6   0.0   1   1   6.5e-11   3.9e-09   34.3   0.0    68   219    62   208    44   246 0.80 FUN_001965
FUN_000713-T1        -            429 13625at5125          -            486   7.2e-09   33.5   0.0   1   1   1.8e-10   1.1e-08   32.9   0.0    15   152    36   178    29   191 0.79 FUN_000713
FUN_005992-T1        -            300 13625at5125          -            486   9.6e-09   33.0   0.1   1   1   2.1e-10   1.3e-08   32.7   0.1    70   162    59   148    49   178 0.85 FUN_005992
FUN_001666-T1        -            621 13625at5125          -            486   1.2e-08   32.8   0.0   1   1   2.7e-10   1.6e-08   32.3   0.0   119   211   435   523   324   532 0.80 FUN_001666
FUN_004621-T1        -            437 13625at5125          -            486   2.8e-08   31.5   0.0   1   2   0.00071     0.043   11.1   0.0    14   134    27   158    15   162 0.80 FUN_004621
FUN_004621-T1        -            437 13625at5125          -            486   2.8e-08   31.5   0.0   2   2   6.8e-06   0.00041   17.8   0.0   139   219   230   323   224   329 0.69 FUN_004621
FUN_001827-T1        -            257 13625at5125          -            486   7.5e-08   30.1   0.0   1   1   1.7e-09     1e-07   29.7   0.0    42   166    35   153    18   168 0.70 FUN_001827
FUN_005804-T1        -           1508 13625at5125          -            486     1e-07   29.6   0.0   1   1   3.9e-09   2.3e-07   28.5   0.0    64   218    97   275    37   289 0.71 FUN_005804
FUN_000015-T1        -            305 13625at5125          -            486     2e-07   28.7   0.0   1   1   2.1e-08   1.3e-06   26.0   0.0    11   166     3   156     1   172 0.76 FUN_000015
FUN_001294-T1        -            284 13625at5125          -            486   2.3e-07   28.5   0.0   1   1   5.1e-09   3.1e-07   28.1   0.0    81   183    92   191    67   229 0.73 FUN_001294
FUN_002416-T1        -            369 13625at5125          -            486   4.6e-07   27.5   0.0   1   1   1.7e-08     1e-06   26.4   0.0    16   166    10   158     3   163 0.73 FUN_002416
FUN_004254-T1        -            463 13625at5125          -            486   8.6e-07   26.6   0.0   1   1   3.4e-08     2e-06   25.4   0.0    11   151    66   208    62   215 0.81 FUN_004254
FUN_002533-T1        -            262 13625at5125          -            486   1.6e-06   25.7   0.0   1   1   3.6e-08   2.1e-06   25.3   0.0    73   165   127   216    87   244 0.79 FUN_002533
FUN_000002-T1        -            418 13625at5125          -            486   1.7e-06   25.6   0.0   1   2   2.3e-07   1.4e-05   22.6   0.0    14   150    34   171    29   182 0.78 FUN_000002
FUN_000002-T1        -            418 13625at5125          -            486   1.7e-06   25.6   0.0   2   2       1.2        72    0.5   0.0   152   214   231   293   223   299 0.67 FUN_000002
FUN_001891-T1        -           1255 13625at5125          -            486   2.6e-06   25.0   0.0   1   1   7.8e-08   4.7e-06   24.2   0.0    60   166   858   972   809  1013 0.76 FUN_001891
FUN_005936-T1        -           1557 13625at5125          -            486   2.9e-06   24.9   0.0   1   1   7.7e-08   4.6e-06   24.2   0.0    43   263    48   279    32   285 0.70 FUN_005936
FUN_005639-T1        -            773 13625at5125          -            486   3.6e-06   24.6   0.0   1   2       7.8   4.7e+02   -2.2   0.0    22    92    72   137    64   163 0.70 FUN_005639
FUN_005639-T1        -            773 13625at5125          -            486   3.6e-06   24.6   0.0   2   2   1.7e-07     1e-05   23.1   0.0   126   210   212   297   196   303 0.83 FUN_005639
FUN_001553-T1        -            362 13625at5125          -            486   4.2e-06   24.3   0.0   1   1   1.1e-07   6.5e-06   23.7   0.0    14   214    34   238    29   250 0.73 FUN_001553
FUN_000540-T1        -            393 13625at5125          -            486   4.6e-06   24.2   0.0   1   2   0.00012    0.0071   13.7   0.0    13    58     5    51     2    84 0.89 FUN_000540
FUN_000540-T1        -            393 13625at5125          -            486   4.6e-06   24.2   0.0   2   2    0.0055      0.33    8.2   0.0   120   150   119   149   100   156 0.87 FUN_000540
FUN_001735-T1        -            412 13625at5125          -            486   5.5e-06   23.9   0.0   1   2   2.2e-05    0.0013   16.1   0.0    13   161    24   183    20   197 0.70 FUN_001735
FUN_001735-T1        -            412 13625at5125          -            486   5.5e-06   23.9   0.0   2   2     0.033         2    5.6   0.0   157   214   221   278   215   286 0.77 FUN_001735
FUN_001900-T1        -            467 13625at5125          -            486   1.2e-05   22.9   0.1   1   2   1.4e-05   0.00087   16.7   0.1   119   154   188   224   167   238 0.83 FUN_001900
FUN_001900-T1        -            467 13625at5125          -            486   1.2e-05   22.9   0.1   2   2      0.11       6.3    4.0   0.0   158   224   271   337   266   346 0.80 FUN_001900
FUN_003226-T1        -            415 13625at5125          -            486   1.4e-05   22.6   0.0   1   1   3.8e-07   2.3e-05   21.9   0.0    11   149    41   188    37   194 0.76 FUN_003226
FUN_001000-T1        -            594 13625at5125          -            486   2.9e-05   21.6   0.0   1   1   7.8e-07   4.7e-05   20.9   0.0   111   210   403   500   344   519 0.75 FUN_001000
FUN_005995-T1        -            313 13625at5125          -            486   4.8e-05   20.8   0.0   1   1   9.6e-07   5.7e-05   20.6   0.0   118   162   118   162    67   194 0.86 FUN_005995
FUN_005467-T1        -            406 13625at5125          -            486   0.00011   19.7   0.0   1   2   9.2e-06   0.00055   17.3   0.0    13   143    49   178    41   188 0.74 FUN_005467
FUN_005467-T1        -            406 13625at5125          -            486   0.00011   19.7   0.0   2   2       2.6   1.6e+02   -0.6   0.0   195   205   296   306   247   307 0.80 FUN_005467
FUN_005678-T1        -            186 13625at5125          -            486   0.00027   18.4   0.0   1   1   5.6e-06   0.00033   18.1   0.0   154   214    60   119    46   147 0.81 FUN_005678
FUN_004565-T1        -            218 13625at5125          -            486   0.00036   18.0   0.0   1   1   7.8e-06   0.00047   17.6   0.0   149   217    42   110    25   123 0.82 FUN_004565
FUN_005091-T1        -            434 13625at5125          -            486   0.00042   17.7   0.0   1   1   1.6e-05   0.00096   16.6   0.0    10    94    50   142    46   190 0.72 FUN_005091
FUN_006289-T1        -            342 13625at5125          -            486   0.00045   17.6   0.0   1   1   1.1e-05   0.00066   17.1   0.0   135   211   192   264   166   332 0.77 FUN_006289
FUN_005988-T1        -            392 13625at5125          -            486   0.00072   17.0   0.0   1   2     6e-05    0.0036   14.7   0.0    11   151    41   188    33   195 0.72 FUN_005988
FUN_005988-T1        -            392 13625at5125          -            486   0.00072   17.0   0.0   2   2       2.4   1.4e+02   -0.5   0.0   160   211   234   281   214   295 0.69 FUN_005988
FUN_006947-T1        -            415 13625at5125          -            486   0.00099   16.5   2.3   1   2   1.9e-05    0.0011   16.3   0.0    12   153    63   207    58   217 0.80 FUN_006947
FUN_006947-T1        -            415 13625at5125          -            486   0.00099   16.5   2.3   2   2       3.6   2.2e+02   -1.1   0.0   193   218   296   321   287   333 0.83 FUN_006947
FUN_000662-T1        -            458 13625at5125          -            486    0.0015   15.9   0.1   1   2   0.00026     0.015   12.6   0.0    10   149    98   244    95   257 0.76 FUN_000662
FUN_000662-T1        -            458 13625at5125          -            486    0.0015   15.9   0.1   2   2      0.85        51    1.0   0.0   154   209   288   340   281   348 0.88 FUN_000662
FUN_001857-T1        -            429 13625at5125          -            486    0.0026   15.1   0.1   1   2    0.0002     0.012   13.0   0.0    10   143    51   182    45   202 0.69 FUN_001857
FUN_001857-T1        -            429 13625at5125          -            486    0.0026   15.1   0.1   2   2       4.1   2.5e+02   -1.3   0.1   194   207   299   311   288   316 0.73 FUN_001857
FUN_004019-T1        -            303 13625at5125          -            486    0.0036   14.7   0.0   1   1   7.8e-05    0.0047   14.3   0.0   116   164   109   157    95   216 0.86 FUN_004019
FUN_006745-T1        -            413 13625at5125          -            486    0.0041   14.5   0.5   1   1   0.00011    0.0066   13.8   0.5    11   150    57   200    49   207 0.71 FUN_006745
FUN_005368-T1        -            390 13625at5125          -            486    0.0045   14.3   0.0   1   1   0.00013    0.0075   13.6   0.0   104   164   165   224   161   226 0.85 FUN_005368
FUN_001805-T1        -            257 13625at5125          -            486    0.0091   13.3   0.0   1   1    0.0002     0.012   13.0   0.0    73   161   124   208    95   226 0.77 FUN_001805
FUN_002291-T1        -            378 13625at5125          -            486     0.021   12.1   0.0   1   1   0.00064     0.039   11.3   0.0    11   154    37   199    33   223 0.55 FUN_002291
FUN_002428-T1        -            380 13625at5125          -            486     0.029   11.7   0.0   1   1   0.00067      0.04   11.2   0.0    10   141    29   165    26   194 0.68 FUN_002428
FUN_003774-T1        -           1169 13625at5125          -            486     0.044   11.1   0.0   1   1    0.0013     0.075   10.3   0.0    91   153   920   986   892   999 0.75 FUN_003774
FUN_001829-T1        -            333 13625at5125          -            486     0.044   11.1   0.0   1   1    0.0011     0.064   10.5   0.0   119   162   139   182    71   188 0.91 FUN_001829
#
# Program:         hmmsearch
# Version:         3.1b2 (February 2015)
# Pipeline mode:   SEARCH
# Query file:      /home/zack/funannotate_db/hypocreales_odb10/hmms/13625at5125.hmm
# Target file:     /home/zack/Desktop/IsariaPreferralGenome/MyGenomeSubmittedToNCBI/HypocrealesProteinSets/Epichloe_festucae_RoseCity.proteins.fa
# Option settings: hmmsearch --domtblout /home/zack/Desktop/IsariaPreferralGenome/MyGenomeSubmittedToNCBI/HypocrealesProteinSets/BUSCO_AA_all/BUSCO_AA_Efestucae_RoseCity/run_hypocreales_odb10/hmmer_output/initial_run_results/13625at5125.out --cpu 1 /home/zack/funannotate_db/hypocreales_odb10/hmms/13625at5125.hmm /home/zack/Desktop/IsariaPreferralGenome/MyGenomeSubmittedToNCBI/HypocrealesProteinSets/Epichloe_festucae_RoseCity.proteins.fa 
# Current dir:     /home/zack/Desktop/IsariaPreferralGenome/MyGenomeSubmittedToNCBI/HypocrealesProteinSets/BUSCO_AA_all
# Date:            Mon Mar  4 15:19:39 2024
# [ok]
