#                                                                            --- full sequence --- -------------- this domain -------------   hmm coord   ali coord   env coord
# target name        accession   tlen query name           accession   qlen   E-value  score  bias   #  of  c-Evalue  i-Evalue  score  bias  from    to  from    to  from    to  acc description of target
#------------------- ---------- ----- -------------------- ---------- ----- --------- ------ ----- --- --- --------- --------- ------ ----- ----- ----- ----- ----- ----- ----- ---- ---------------------
FUN_005496-T1        -           1423 1365at5125           -           1247         0 2189.6  22.4   1   1         0         0 2185.1  22.4     1  1247     1  1408     1  1408 0.93 FUN_005496
FUN_000098-T1        -            863 1365at5125           -           1247   1.3e-09   34.5   0.6   1   3   5.2e-06    0.0059   12.5   0.0   823   933    69   183    60   190 0.83 FUN_000098
FUN_000098-T1        -            863 1365at5125           -           1247   1.3e-09   34.5   0.6   2   3    0.0048       5.5    2.6   0.1   392   459   233   298   187   314 0.76 FUN_000098
FUN_000098-T1        -            863 1365at5125           -           1247   1.3e-09   34.5   0.6   3   3   4.1e-07   0.00047   16.1   0.0   818   906   315   404   305   411 0.84 FUN_000098
FUN_003417-T1        -            652 1365at5125           -           1247   0.00051   16.0   0.3   1   3   0.00013      0.15    7.8   0.0   597   647   346   396   338   418 0.78 FUN_003417
FUN_003417-T1        -            652 1365at5125           -           1247   0.00051   16.0   0.3   2   3     0.013        15    1.2   0.0   386   416   471   501   450   512 0.83 FUN_003417
FUN_003417-T1        -            652 1365at5125           -           1247   0.00051   16.0   0.3   3   3    0.0037       4.2    3.0   0.1   869   944   512   588   508   617 0.81 FUN_003417
FUN_005910-T1        -            833 1365at5125           -           1247    0.0016   14.3   0.5   1   3     0.046        53   -0.6   0.0   497   528   125   155   100   158 0.90 FUN_005910
FUN_005910-T1        -            833 1365at5125           -           1247    0.0016   14.3   0.5   2   3   4.1e-05     0.047    9.5   0.1   869   913   605   649   590   677 0.85 FUN_005910
FUN_005910-T1        -            833 1365at5125           -           1247    0.0016   14.3   0.5   3   3   4.4e-05      0.05    9.4   0.3   582   711   611   741   608   749 0.84 FUN_005910
FUN_001825-T1        -            239 1365at5125           -           1247    0.0034   13.3   0.5   1   2   2.4e-05     0.027   10.3   0.0   584   624    20    60    10    78 0.84 FUN_001825
FUN_001825-T1        -            239 1365at5125           -           1247    0.0034   13.3   0.5   2   2     0.016        18    0.9   0.1   355   427   101   172    97   236 0.77 FUN_001825
FUN_006773-T1        -            463 1365at5125           -           1247     0.011   11.6   0.0   1   1   1.9e-05     0.022   10.6   0.0   584   623   197   236   164   244 0.88 FUN_006773
#
# Program:         hmmsearch
# Version:         3.1b2 (February 2015)
# Pipeline mode:   SEARCH
# Query file:      /home/zack/funannotate_db/hypocreales_odb10/hmms/1365at5125.hmm
# Target file:     /home/zack/Desktop/IsariaPreferralGenome/MyGenomeSubmittedToNCBI/HypocrealesProteinSets/Epichloe_festucae_RoseCity.proteins.fa
# Option settings: hmmsearch --domtblout /home/zack/Desktop/IsariaPreferralGenome/MyGenomeSubmittedToNCBI/HypocrealesProteinSets/BUSCO_AA_all/BUSCO_AA_Efestucae_RoseCity/run_hypocreales_odb10/hmmer_output/initial_run_results/1365at5125.out --cpu 1 /home/zack/funannotate_db/hypocreales_odb10/hmms/1365at5125.hmm /home/zack/Desktop/IsariaPreferralGenome/MyGenomeSubmittedToNCBI/HypocrealesProteinSets/Epichloe_festucae_RoseCity.proteins.fa 
# Current dir:     /home/zack/Desktop/IsariaPreferralGenome/MyGenomeSubmittedToNCBI/HypocrealesProteinSets/BUSCO_AA_all
# Date:            Mon Mar  4 15:19:40 2024
# [ok]
