#                                                                            --- full sequence --- -------------- this domain -------------   hmm coord   ali coord   env coord
# target name        accession   tlen query name           accession   qlen   E-value  score  bias   #  of  c-Evalue  i-Evalue  score  bias  from    to  from    to  from    to  acc description of target
#------------------- ---------- ----- -------------------- ---------- ----- --------- ------ ----- --- --- --------- --------- ------ ----- ----- ----- ----- ----- ----- ----- ---- ---------------------
FUN_006488-T1        -            596 13691at5125          -            456  9.7e-275  909.6   0.4   1   1  6.6e-277  2.4e-274  908.3   0.4     1   456    92   594    92   594 0.96 FUN_006488
FUN_000512-T1        -            544 13691at5125          -            456  8.7e-102  339.5   0.0   1   2   8.1e-16   2.9e-13   47.6   0.0     7    69    16    79     9    99 0.90 FUN_000512
FUN_000512-T1        -            544 13691at5125          -            456  8.7e-102  339.5   0.0   2   2   2.8e-89     1e-86  289.8   0.0    80   451   122   535   102   538 0.87 FUN_000512
FUN_005809-T1        -            430 13691at5125          -            456   2.5e-63  212.7   0.0   1   1   2.3e-65   8.2e-63  211.0   0.0    81   448    12   420     7   426 0.84 FUN_005809
FUN_002445-T1        -            435 13691at5125          -            456   2.6e-21   74.2   0.0   1   1   8.6e-24   3.1e-21   73.9   0.0   185   412   155   394    69   414 0.78 FUN_002445
FUN_005144-T1        -             84 13691at5125          -            456   3.8e-16   57.2   0.0   1   1   1.1e-18   3.9e-16   57.1   0.0     6    69    16    80     8    84 0.88 FUN_005144
FUN_001167-T1        -            441 13691at5125          -            456   2.6e-14   51.1   0.1   1   1   1.1e-16   3.8e-14   50.5   0.1   172   440   150   426   122   439 0.67 FUN_001167
FUN_001740-T1        -            629 13691at5125          -            456   2.4e-12   44.6   0.0   1   2       2.1   7.7e+02   -3.2   0.0    12    45   312   345   302   368 0.72 FUN_001740
FUN_001740-T1        -            629 13691at5125          -            456   2.4e-12   44.6   0.0   2   2   1.5e-14   5.6e-12   43.4   0.0     5    71   557   624   551   628 0.92 FUN_001740
FUN_000978-T1        -            141 13691at5125          -            456   5.3e-12   43.5   0.0   1   1   1.8e-14   6.6e-12   43.2   0.0     3    70    14    82    11    97 0.88 FUN_000978
FUN_004344-T1        -            452 13691at5125          -            456   5.8e-11   40.1   0.0   1   1   2.2e-13     8e-11   39.6   0.0   176   415   118   379    99   395 0.79 FUN_004344
FUN_005958-T1        -            494 13691at5125          -            456   3.2e-10   37.6   0.0   1   1   1.7e-12     6e-10   36.7   0.0     3    62    10    69     8    88 0.89 FUN_005958
FUN_006953-T1        -            188 13691at5125          -            456   4.3e-09   33.9   0.0   1   1   1.6e-11   5.8e-09   33.5   0.0     8    76    25    94    17   103 0.91 FUN_006953
FUN_003560-T1        -            499 13691at5125          -            456   2.5e-08   31.4   0.0   1   1     1e-10   3.6e-08   30.8   0.0     7    52    16    61     8    81 0.87 FUN_003560
FUN_006039-T1        -            481 13691at5125          -            456   3.1e-08   31.1   0.0   1   1   1.2e-10   4.3e-08   30.6   0.0     6    98    15   114    10   145 0.73 FUN_006039
FUN_000525-T1        -            426 13691at5125          -            456   1.3e-06   25.7   0.0   1   1   4.6e-09   1.7e-06   25.4   0.0   159   329   119   302    92   405 0.76 FUN_000525
FUN_006142-T1        -            895 13691at5125          -            456   2.5e-06   24.8   0.0   1   1   9.9e-09   3.6e-06   24.3   0.0     6    69   552   615   544   627 0.85 FUN_006142
FUN_001535-T1        -            477 13691at5125          -            456   1.3e-05   22.5   0.0   1   1     5e-08   1.8e-05   22.0   0.0    12    48   369   405   360   435 0.82 FUN_001535
FUN_005919-T1        -           1083 13691at5125          -            456    0.0027   14.8   0.0   1   1   1.1e-05    0.0039   14.3   0.0     6    53   678   728   670   751 0.76 FUN_005919
FUN_001599-T1        -            328 13691at5125          -            456     0.003   14.6   0.0   1   1   1.1e-05    0.0039   14.3   0.0     5    51   248   294   244   316 0.90 FUN_001599
FUN_000904-T1        -            589 13691at5125          -            456    0.0042   14.1   0.0   1   1   1.7e-05    0.0061   13.6   0.0     8    65    25    82    18    85 0.87 FUN_000904
#
# Program:         hmmsearch
# Version:         3.1b2 (February 2015)
# Pipeline mode:   SEARCH
# Query file:      /home/zack/funannotate_db/hypocreales_odb10/hmms/13691at5125.hmm
# Target file:     /home/zack/Desktop/IsariaPreferralGenome/MyGenomeSubmittedToNCBI/HypocrealesProteinSets/Epichloe_festucae_RoseCity.proteins.fa
# Option settings: hmmsearch --domtblout /home/zack/Desktop/IsariaPreferralGenome/MyGenomeSubmittedToNCBI/HypocrealesProteinSets/BUSCO_AA_all/BUSCO_AA_Efestucae_RoseCity/run_hypocreales_odb10/hmmer_output/initial_run_results/13691at5125.out --cpu 1 /home/zack/funannotate_db/hypocreales_odb10/hmms/13691at5125.hmm /home/zack/Desktop/IsariaPreferralGenome/MyGenomeSubmittedToNCBI/HypocrealesProteinSets/Epichloe_festucae_RoseCity.proteins.fa 
# Current dir:     /home/zack/Desktop/IsariaPreferralGenome/MyGenomeSubmittedToNCBI/HypocrealesProteinSets/BUSCO_AA_all
# Date:            Mon Mar  4 15:19:41 2024
# [ok]
