#                                                                            --- full sequence --- -------------- this domain -------------   hmm coord   ali coord   env coord
# target name        accession   tlen query name           accession   qlen   E-value  score  bias   #  of  c-Evalue  i-Evalue  score  bias  from    to  from    to  from    to  acc description of target
#------------------- ---------- ----- -------------------- ---------- ----- --------- ------ ----- --- --- --------- --------- ------ ----- ----- ----- ----- ----- ----- ----- ---- ---------------------
FUN_004709-T1        -            236 19464at5125          -            380  5.9e-109  363.0   0.2   1   1  3.1e-112  7.1e-109  362.7   0.2     1   192    13   212    13   224 0.94 FUN_004709
FUN_004708-T1        -            238 19464at5125          -            380   4.3e-52  175.9   1.0   1   3   1.2e-05     0.028   11.9   0.0   239   258     1    20     1    34 0.83 FUN_004708
FUN_004708-T1        -            238 19464at5125          -            380   4.3e-52  175.9   1.0   2   3   1.3e-39     3e-36  123.7   0.1   256   344    43   143    33   162 0.88 FUN_004708
FUN_004708-T1        -            238 19464at5125          -            380   4.3e-52  175.9   1.0   3   3   1.6e-13   3.6e-10   37.9   0.0   342   380   167   214   160   214 0.88 FUN_004708
FUN_006013-T1        -            662 19464at5125          -            380   9.4e-17   59.5   6.9   1   3   3.5e-13     8e-10   36.7   0.9    65   141   128   204    59   228 0.78 FUN_006013
FUN_006013-T1        -            662 19464at5125          -            380   9.4e-17   59.5   6.9   2   3      0.58   1.3e+03   -3.5   0.0   181   201   280   300   268   319 0.72 FUN_006013
FUN_006013-T1        -            662 19464at5125          -            380   9.4e-17   59.5   6.9   3   3     1e-09   2.3e-06   25.3   0.3   206   262   400   460   388   479 0.77 FUN_006013
#
# Program:         hmmsearch
# Version:         3.1b2 (February 2015)
# Pipeline mode:   SEARCH
# Query file:      /home/zack/funannotate_db/hypocreales_odb10/hmms/19464at5125.hmm
# Target file:     /home/zack/Desktop/IsariaPreferralGenome/MyGenomeSubmittedToNCBI/HypocrealesProteinSets/Epichloe_festucae_RoseCity.proteins.fa
# Option settings: hmmsearch --domtblout /home/zack/Desktop/IsariaPreferralGenome/MyGenomeSubmittedToNCBI/HypocrealesProteinSets/BUSCO_AA_all/BUSCO_AA_Efestucae_RoseCity/run_hypocreales_odb10/hmmer_output/initial_run_results/19464at5125.out --cpu 1 /home/zack/funannotate_db/hypocreales_odb10/hmms/19464at5125.hmm /home/zack/Desktop/IsariaPreferralGenome/MyGenomeSubmittedToNCBI/HypocrealesProteinSets/Epichloe_festucae_RoseCity.proteins.fa 
# Current dir:     /home/zack/Desktop/IsariaPreferralGenome/MyGenomeSubmittedToNCBI/HypocrealesProteinSets/BUSCO_AA_all
# Date:            Mon Mar  4 15:19:34 2024
# [ok]
