#                                                                            --- full sequence --- -------------- this domain -------------   hmm coord   ali coord   env coord
# target name        accession   tlen query name           accession   qlen   E-value  score  bias   #  of  c-Evalue  i-Evalue  score  bias  from    to  from    to  from    to  acc description of target
#------------------- ---------- ----- -------------------- ---------- ----- --------- ------ ----- --- --- --------- --------- ------ ----- ----- ----- ----- ----- ----- ----- ---- ---------------------
FUN_003977-T1        -            598 19928at5125          -            423  1.6e-224  744.0  21.1   1   3     0.098        96    0.2   0.2     1    15    48    61    48    70 0.72 FUN_003977
FUN_003977-T1        -            598 19928at5125          -            423  1.6e-224  744.0  21.1   2   3  4.7e-114  4.6e-111  370.2   1.7    10   203    89   290    85   303 0.93 FUN_003977
FUN_003977-T1        -            598 19928at5125          -            423  1.6e-224  744.0  21.1   3   3  9.7e-118  9.5e-115  382.3   6.4   211   423   373   589   362   589 0.98 FUN_003977
FUN_002945-T1        -            558 19928at5125          -            423   8.6e-45  151.9  16.2   1   2     3e-34     3e-31  107.3   2.5    10   203     9   222     4   238 0.84 FUN_002945
FUN_002945-T1        -            558 19928at5125          -            423   8.6e-45  151.9  16.2   2   2   1.9e-16   1.9e-13   48.6   6.0   252   389   349   477   288   506 0.78 FUN_002945
FUN_001336-T1        -            535 19928at5125          -            423   1.8e-40  137.6  17.5   1   2   2.3e-34   2.3e-31  107.6   3.6    14   198    14   219     4   242 0.83 FUN_001336
FUN_001336-T1        -            535 19928at5125          -            423   1.8e-40  137.6  17.5   2   2   3.7e-12   3.6e-09   34.5   6.1   234   411   330   493   288   501 0.83 FUN_001336
FUN_001386-T1        -            541 19928at5125          -            423   3.1e-33  113.8  22.0   1   2   4.2e-21   4.1e-18   64.0   4.2    13   198    22   196    16   210 0.81 FUN_001386
FUN_001386-T1        -            541 19928at5125          -            423   3.1e-33  113.8  22.0   2   2   3.5e-16   3.4e-13   47.8   9.9   214   411   306   505   295   513 0.81 FUN_001386
FUN_005997-T1        -            574 19928at5125          -            423   9.5e-24   82.5  16.5   1   2   5.4e-16   5.3e-13   47.1   2.6    17   200    37   245    21   257 0.78 FUN_005997
FUN_005997-T1        -            574 19928at5125          -            423   9.5e-24   82.5  16.5   2   2   4.5e-14   4.4e-11   40.8   6.1   252   391   402   542   395   564 0.87 FUN_005997
FUN_002082-T1        -            509 19928at5125          -            423   3.3e-07   28.1  11.1   1   2   1.5e-08   1.5e-05   22.6   6.7    35   206    45   221    19   235 0.75 FUN_002082
FUN_002082-T1        -            509 19928at5125          -            423   3.3e-07   28.1  11.1   2   2   0.00062      0.62    7.4   0.1   142   166   437   461   422   488 0.80 FUN_002082
FUN_002305-T1        -            451 19928at5125          -            423   6.4e-06   23.8   4.1   1   2   6.5e-09   6.4e-06   23.8   4.1    57   192    87   223    76   317 0.82 FUN_002305
FUN_002305-T1        -            451 19928at5125          -            423   6.4e-06   23.8   4.1   2   2      0.16   1.6e+02   -0.5   0.2   355   383   375   403   320   430 0.65 FUN_002305
#
# Program:         hmmsearch
# Version:         3.1b2 (February 2015)
# Pipeline mode:   SEARCH
# Query file:      /home/zack/funannotate_db/hypocreales_odb10/hmms/19928at5125.hmm
# Target file:     /home/zack/Desktop/IsariaPreferralGenome/MyGenomeSubmittedToNCBI/HypocrealesProteinSets/Epichloe_festucae_RoseCity.proteins.fa
# Option settings: hmmsearch --domtblout /home/zack/Desktop/IsariaPreferralGenome/MyGenomeSubmittedToNCBI/HypocrealesProteinSets/BUSCO_AA_all/BUSCO_AA_Efestucae_RoseCity/run_hypocreales_odb10/hmmer_output/initial_run_results/19928at5125.out --cpu 1 /home/zack/funannotate_db/hypocreales_odb10/hmms/19928at5125.hmm /home/zack/Desktop/IsariaPreferralGenome/MyGenomeSubmittedToNCBI/HypocrealesProteinSets/Epichloe_festucae_RoseCity.proteins.fa 
# Current dir:     /home/zack/Desktop/IsariaPreferralGenome/MyGenomeSubmittedToNCBI/HypocrealesProteinSets/BUSCO_AA_all
# Date:            Mon Mar  4 15:19:46 2024
# [ok]
