#                                                                            --- full sequence --- -------------- this domain -------------   hmm coord   ali coord   env coord
# target name        accession   tlen query name           accession   qlen   E-value  score  bias   #  of  c-Evalue  i-Evalue  score  bias  from    to  from    to  from    to  acc description of target
#------------------- ---------- ----- -------------------- ---------- ----- --------- ------ ----- --- --- --------- --------- ------ ----- ----- ----- ----- ----- ----- ----- ---- ---------------------
FUN_001326-T1        -            610 23414at5125          -            433  1.2e-207  688.6  35.3   1   2    1e-130    1e-127  425.2  23.6     1   284    57   393    57   403 0.87 FUN_001326
FUN_001326-T1        -            610 23414at5125          -            433  1.2e-207  688.6  35.3   2   2   2.4e-82   2.4e-79  265.8   3.9   280   433   417   599   400   599 0.88 FUN_001326
FUN_003436-T1        -            499 23414at5125          -            433   1.2e-08   32.9   0.0   1   1   1.9e-11   1.9e-08   32.2   0.0   206   255   250   299   239   328 0.81 FUN_003436
FUN_003214-T1        -            259 23414at5125          -            433   3.4e-06   24.8   0.0   1   1   4.6e-09   4.6e-06   24.3   0.0   193   239   174   221   131   239 0.76 FUN_003214
FUN_001286-T1        -            613 23414at5125          -            433   1.9e-05   22.3   0.4   1   2   0.00027      0.26    8.6   0.3   194   238   175   218   144   234 0.71 FUN_001286
FUN_001286-T1        -            613 23414at5125          -            433   1.9e-05   22.3   0.4   2   2   3.7e-05     0.037   11.5   0.0   347   383   426   462   417   471 0.87 FUN_001286
FUN_001151-T1        -            646 23414at5125          -            433   0.00064   17.3   0.0   1   1   1.1e-06     0.001   16.6   0.0   201   252    44    91    31   125 0.75 FUN_001151
FUN_000879-T1        -            353 23414at5125          -            433    0.0054   14.2   0.1   1   1   7.7e-06    0.0075   13.7   0.1   208   265   143   203   111   234 0.72 FUN_000879
FUN_000528-T1        -            492 23414at5125          -            433     0.016   12.6   0.1   1   2         2     2e+03   -4.1   2.8   188   207    71    90    49   128 0.59 FUN_000528
FUN_000528-T1        -            492 23414at5125          -            433     0.016   12.6   0.1   2   2   1.7e-05     0.016   12.6   0.1   207   273   273   341   264   357 0.83 FUN_000528
#
# Program:         hmmsearch
# Version:         3.1b2 (February 2015)
# Pipeline mode:   SEARCH
# Query file:      /home/zack/funannotate_db/hypocreales_odb10/hmms/23414at5125.hmm
# Target file:     /home/zack/Desktop/IsariaPreferralGenome/MyGenomeSubmittedToNCBI/HypocrealesProteinSets/Epichloe_festucae_RoseCity.proteins.fa
# Option settings: hmmsearch --domtblout /home/zack/Desktop/IsariaPreferralGenome/MyGenomeSubmittedToNCBI/HypocrealesProteinSets/BUSCO_AA_all/BUSCO_AA_Efestucae_RoseCity/run_hypocreales_odb10/hmmer_output/initial_run_results/23414at5125.out --cpu 1 /home/zack/funannotate_db/hypocreales_odb10/hmms/23414at5125.hmm /home/zack/Desktop/IsariaPreferralGenome/MyGenomeSubmittedToNCBI/HypocrealesProteinSets/Epichloe_festucae_RoseCity.proteins.fa 
# Current dir:     /home/zack/Desktop/IsariaPreferralGenome/MyGenomeSubmittedToNCBI/HypocrealesProteinSets/BUSCO_AA_all
# Date:            Mon Mar  4 15:19:57 2024
# [ok]
