#                                                                            --- full sequence --- -------------- this domain -------------   hmm coord   ali coord   env coord
# target name        accession   tlen query name           accession   qlen   E-value  score  bias   #  of  c-Evalue  i-Evalue  score  bias  from    to  from    to  from    to  acc description of target
#------------------- ---------- ----- -------------------- ---------- ----- --------- ------ ----- --- --- --------- --------- ------ ----- ----- ----- ----- ----- ----- ----- ---- ---------------------
FUN_003264-T1        -            494 23440at5125          -            364  2.2e-183  607.7  31.1   1   5    0.0043       3.7    4.9   0.1     2    16     8    23     7    31 0.83 FUN_003264
FUN_003264-T1        -            494 23440at5125          -            364  2.2e-183  607.7  31.1   2   5   7.1e-36   6.1e-33  112.8   0.3    15    82    48   115    45   135 0.93 FUN_003264
FUN_003264-T1        -            494 23440at5125          -            364  2.2e-183  607.7  31.1   3   5    0.0015       1.3    6.4   0.5    79    96   137   154   127   179 0.83 FUN_003264
FUN_003264-T1        -            494 23440at5125          -            364  2.2e-183  607.7  31.1   4   5  8.1e-134    7e-131  435.0   0.6    89   337   180   447   169   453 0.94 FUN_003264
FUN_003264-T1        -            494 23440at5125          -            364  2.2e-183  607.7  31.1   5   5   4.3e-21   3.7e-18   64.1   8.4   321   364   451   494   446   494 0.93 FUN_003264
FUN_006323-T1        -            389 23440at5125          -            364   0.00058   17.4   2.2   1   3     0.012       9.9    3.5   0.0   176   205    61    90    43   110 0.83 FUN_006323
FUN_006323-T1        -            389 23440at5125          -            364   0.00058   17.4   2.2   2   3   4.7e-05     0.041   11.4   0.1   175   209   180   214   168   236 0.80 FUN_006323
FUN_006323-T1        -            389 23440at5125          -            364   0.00058   17.4   2.2   3   3     0.097        84    0.4   0.1   111   135   232   256   222   331 0.61 FUN_006323
FUN_003546-T1        -            347 23440at5125          -            364   0.00076   17.0   4.3   1   4    0.0025       2.2    5.7   0.1   184   218    58    92    49   102 0.74 FUN_003546
FUN_003546-T1        -            347 23440at5125          -            364   0.00076   17.0   4.3   2   4      0.32   2.8e+02   -1.3   0.0   111   140    96   126    92   137 0.76 FUN_003546
FUN_003546-T1        -            347 23440at5125          -            364   0.00076   17.0   4.3   3   4    0.0039       3.4    5.0   0.2   183   218   158   191   143   195 0.70 FUN_003546
FUN_003546-T1        -            347 23440at5125          -            364   0.00076   17.0   4.3   4   4    0.0026       2.3    5.6   0.0   184   225   251   291   226   318 0.72 FUN_003546
FUN_001050-T1        -            298 23440at5125          -            364    0.0045   14.5   1.1   1   4    0.0001     0.089   10.2   0.0   173   210     5    43     2    61 0.83 FUN_001050
FUN_001050-T1        -            298 23440at5125          -            364    0.0045   14.5   1.1   2   4      0.12   1.1e+02    0.1   0.0   179   204   112   137   100   143 0.85 FUN_001050
FUN_001050-T1        -            298 23440at5125          -            364    0.0045   14.5   1.1   3   4      0.22   1.9e+02   -0.7   0.1   304   347   143   186   132   203 0.65 FUN_001050
FUN_001050-T1        -            298 23440at5125          -            364    0.0045   14.5   1.1   4   4      0.44   3.8e+02   -1.7   0.0   189   209   217   237   206   246 0.78 FUN_001050
FUN_005502-T1        -            316 23440at5125          -            364    0.0095   13.4   0.2   1   4    0.0004      0.34    8.3   0.0    42    80    14    52     4    66 0.87 FUN_005502
FUN_005502-T1        -            316 23440at5125          -            364    0.0095   13.4   0.2   2   4      0.66   5.7e+02   -2.3   0.0   181   208   120   148   113   157 0.73 FUN_005502
FUN_005502-T1        -            316 23440at5125          -            364    0.0095   13.4   0.2   3   4      0.36   3.1e+02   -1.4   0.1   320   349   170   199   160   208 0.68 FUN_005502
FUN_005502-T1        -            316 23440at5125          -            364    0.0095   13.4   0.2   4   4     0.083        72    0.7   0.0   112   132   273   293   263   300 0.79 FUN_005502
FUN_004420-T1        -            310 23440at5125          -            364     0.062   10.8   7.0   1   5   0.00016      0.14    9.6   1.8   184   239    20    81     7   132 0.68 FUN_004420
FUN_004420-T1        -            310 23440at5125          -            364     0.062   10.8   7.0   2   5     0.066        57    1.0   0.0   165   206    98   141    92   163 0.70 FUN_004420
FUN_004420-T1        -            310 23440at5125          -            364     0.062   10.8   7.0   3   5      0.59   5.1e+02   -2.1   0.0   326   347   159   180   153   183 0.81 FUN_004420
FUN_004420-T1        -            310 23440at5125          -            364     0.062   10.8   7.0   4   5      0.75   6.5e+02   -2.5   0.0   180   204   222   246   219   260 0.67 FUN_004420
FUN_004420-T1        -            310 23440at5125          -            364     0.062   10.8   7.0   5   5     0.093        80    0.5   0.0   109   128   259   278   247   287 0.85 FUN_004420
FUN_002155-T1        -            342 23440at5125          -            364      0.19    9.2   4.2   1   3   0.00052      0.45    7.9   0.1   176   207    11    42     7    59 0.87 FUN_002155
FUN_002155-T1        -            342 23440at5125          -            364      0.19    9.2   4.2   2   3      0.11        98    0.2   0.1   327   344   166   183   160   192 0.74 FUN_002155
FUN_002155-T1        -            342 23440at5125          -            364      0.19    9.2   4.2   3   3      0.63   5.5e+02   -2.2   0.0    55    75   223   243   213   248 0.83 FUN_002155
FUN_001749-T1        -            451 23440at5125          -            364       2.4    5.5   9.8   1   5   0.00041      0.35    8.3   0.1   168   205    43    77    37    94 0.81 FUN_001749
FUN_001749-T1        -            451 23440at5125          -            364       2.4    5.5   9.8   2   5      0.41   3.5e+02   -1.6   0.0    99   137   152   190   141   197 0.82 FUN_001749
FUN_001749-T1        -            451 23440at5125          -            364       2.4    5.5   9.8   3   5      0.15   1.3e+02   -0.2   0.1   182   212   223   253   216   275 0.82 FUN_001749
FUN_001749-T1        -            451 23440at5125          -            364       2.4    5.5   9.8   4   5      0.31   2.7e+02   -1.2   0.1   310   347   251   287   245   295 0.71 FUN_001749
FUN_001749-T1        -            451 23440at5125          -            364       2.4    5.5   9.8   5   5       0.3   2.6e+02   -1.2   0.4   329   340   400   411   395   416 0.84 FUN_001749
#
# Program:         hmmsearch
# Version:         3.1b2 (February 2015)
# Pipeline mode:   SEARCH
# Query file:      /home/zack/funannotate_db/hypocreales_odb10/hmms/23440at5125.hmm
# Target file:     /home/zack/Desktop/IsariaPreferralGenome/MyGenomeSubmittedToNCBI/HypocrealesProteinSets/Epichloe_festucae_RoseCity.proteins.fa
# Option settings: hmmsearch --domtblout /home/zack/Desktop/IsariaPreferralGenome/MyGenomeSubmittedToNCBI/HypocrealesProteinSets/BUSCO_AA_all/BUSCO_AA_Efestucae_RoseCity/run_hypocreales_odb10/hmmer_output/initial_run_results/23440at5125.out --cpu 1 /home/zack/funannotate_db/hypocreales_odb10/hmms/23440at5125.hmm /home/zack/Desktop/IsariaPreferralGenome/MyGenomeSubmittedToNCBI/HypocrealesProteinSets/Epichloe_festucae_RoseCity.proteins.fa 
# Current dir:     /home/zack/Desktop/IsariaPreferralGenome/MyGenomeSubmittedToNCBI/HypocrealesProteinSets/BUSCO_AA_all
# Date:            Mon Mar  4 15:19:58 2024
# [ok]
