#                                                                            --- full sequence --- -------------- this domain -------------   hmm coord   ali coord   env coord
# target name        accession   tlen query name           accession   qlen   E-value  score  bias   #  of  c-Evalue  i-Evalue  score  bias  from    to  from    to  from    to  acc description of target
#------------------- ---------- ----- -------------------- ---------- ----- --------- ------ ----- --- --- --------- --------- ------ ----- ----- ----- ----- ----- ----- ----- ---- ---------------------
FUN_001527-T1        -            577 23710at5125          -            356  4.4e-189  626.2  11.7   1   1  5.8e-190  2.4e-187  620.5  11.7    26   354   157   533   135   551 0.90 FUN_001527
FUN_000990-T1        -            739 23710at5125          -            356   3.1e-21   74.1   2.0   1   4   1.4e-13   5.7e-11   40.3   0.0   136   292    60   218    52   236 0.86 FUN_000990
FUN_000990-T1        -            739 23710at5125          -            356   3.1e-21   74.1   2.0   2   4   2.2e-07     9e-05   20.0   0.1   220   293   238   312   227   341 0.83 FUN_000990
FUN_000990-T1        -            739 23710at5125          -            356   3.1e-21   74.1   2.0   3   4   0.00019     0.078   10.3   0.0   135   170   343   378   325   384 0.66 FUN_000990
FUN_000990-T1        -            739 23710at5125          -            356   3.1e-21   74.1   2.0   4   4       0.3   1.2e+02   -0.2   0.0   170   274   415   434   405   484 0.66 FUN_000990
FUN_002825-T1        -            721 23710at5125          -            356   1.7e-14   51.9   1.1   1   3   1.4e-08   5.7e-06   23.9   0.0   122   294    32   222    21   242 0.77 FUN_002825
FUN_002825-T1        -            721 23710at5125          -            356   1.7e-14   51.9   1.1   2   3   2.7e-08   1.1e-05   23.0   0.1   132   194   319   382   305   387 0.85 FUN_002825
FUN_002825-T1        -            721 23710at5125          -            356   1.7e-14   51.9   1.1   3   3      0.49     2e+02   -0.9   0.0   256   286   580   610   563   672 0.64 FUN_002825
FUN_000355-T1        -            421 23710at5125          -            356   1.3e-11   42.5   0.0   1   3     0.041        17    2.6   0.0   202   282    27   107    20   119 0.82 FUN_000355
FUN_000355-T1        -            421 23710at5125          -            356   1.3e-11   42.5   0.0   2   3   0.00092      0.37    8.1   0.0   222   287   163   232   138   247 0.81 FUN_000355
FUN_000355-T1        -            421 23710at5125          -            356   1.3e-11   42.5   0.0   3   3   8.2e-10   3.3e-07   27.9   0.0   216   293   315   393   310   406 0.90 FUN_000355
FUN_004421-T1        -            407 23710at5125          -            356   2.1e-08   31.9   0.1   1   1   8.6e-11   3.5e-08   31.2   0.1   136   287    14   168     4   204 0.83 FUN_004421
FUN_002114-T1        -            475 23710at5125          -            356   3.3e-08   31.2   0.0   1   3   7.1e-05     0.029   11.7   0.0   220   305    83   169    72   172 0.90 FUN_002114
FUN_002114-T1        -            475 23710at5125          -            356   3.3e-08   31.2   0.0   2   3   2.6e-06    0.0011   16.4   0.1   133   187   173   227   169   237 0.88 FUN_002114
FUN_002114-T1        -            475 23710at5125          -            356   3.3e-08   31.2   0.0   3   3      0.72   2.9e+02   -1.5   0.0   259   288   334   363   288   398 0.63 FUN_002114
FUN_003592-T1        -            519 23710at5125          -            356   1.2e-07   29.4   0.0   1   2   1.7e-05    0.0068   13.8   0.0   214   299   255   341   245   348 0.81 FUN_003592
FUN_003592-T1        -            519 23710at5125          -            356   1.2e-07   29.4   0.0   2   2   2.2e-05    0.0089   13.4   0.0   206   296   350   445   346   453 0.82 FUN_003592
FUN_002375-T1        -            412 23710at5125          -            356   2.1e-07   28.6   0.0   1   2   2.9e-06    0.0012   16.3   0.0   223   287   125   192     8   204 0.69 FUN_002375
FUN_002375-T1        -            412 23710at5125          -            356   2.1e-07   28.6   0.0   2   2   0.00064      0.26    8.6   0.0   217   291   257   327   239   335 0.73 FUN_002375
FUN_002025-T1        -            367 23710at5125          -            356   1.7e-05   22.3   0.0   1   2   0.00064      0.26    8.6   0.0   222   288    47   114    32   133 0.71 FUN_002025
FUN_002025-T1        -            367 23710at5125          -            356   1.7e-05   22.3   0.0   2   2   9.9e-05      0.04   11.2   0.0   215   292   242   333   232   348 0.71 FUN_002025
FUN_004513-T1        -            299 23710at5125          -            356   7.6e-05   20.2   0.0   1   1   2.8e-07   0.00011   19.6   0.0   136   196     9    70     3   104 0.72 FUN_004513
FUN_006579-T1        -            210 23710at5125          -            356   0.00013   19.4   0.1   1   2   5.7e-07   0.00023   18.6   0.0   137   196     4    64     2    90 0.87 FUN_006579
FUN_006579-T1        -            210 23710at5125          -            356   0.00013   19.4   0.1   2   2       2.7   1.1e+03   -3.3   0.1    43    62   164   183   146   194 0.62 FUN_006579
FUN_002177-T1        -            334 23710at5125          -            356   0.00025   18.5   0.0   1   1   1.1e-06   0.00043   17.7   0.0   134   188    74   128    64   139 0.88 FUN_002177
FUN_006414-T1        -            513 23710at5125          -            356   0.00086   16.7   0.0   1   1   3.4e-06    0.0014   16.0   0.0   122   202   201   282   140   302 0.73 FUN_006414
FUN_003474-T1        -            379 23710at5125          -            356   0.00088   16.7   0.0   1   1   3.5e-06    0.0014   16.0   0.0   121   187   220   286   197   295 0.79 FUN_003474
FUN_004741-T1        -            367 23710at5125          -            356    0.0025   15.2   0.0   1   1   8.9e-06    0.0036   14.7   0.0   217   286   128   198   109   210 0.85 FUN_004741
FUN_002592-T1        -            613 23710at5125          -            356    0.0054   14.1   0.0   1   1     2e-05    0.0083   13.5   0.0   215   317   177   280   159   289 0.80 FUN_002592
FUN_006824-T1        -            323 23710at5125          -            356      0.02   12.3   0.0   1   1     7e-05     0.028   11.7   0.0   223   292    34   105    26   126 0.63 FUN_006824
#
# Program:         hmmsearch
# Version:         3.1b2 (February 2015)
# Pipeline mode:   SEARCH
# Query file:      /home/zack/funannotate_db/hypocreales_odb10/hmms/23710at5125.hmm
# Target file:     /home/zack/Desktop/IsariaPreferralGenome/MyGenomeSubmittedToNCBI/HypocrealesProteinSets/Epichloe_festucae_RoseCity.proteins.fa
# Option settings: hmmsearch --domtblout /home/zack/Desktop/IsariaPreferralGenome/MyGenomeSubmittedToNCBI/HypocrealesProteinSets/BUSCO_AA_all/BUSCO_AA_Efestucae_RoseCity/run_hypocreales_odb10/hmmer_output/initial_run_results/23710at5125.out --cpu 1 /home/zack/funannotate_db/hypocreales_odb10/hmms/23710at5125.hmm /home/zack/Desktop/IsariaPreferralGenome/MyGenomeSubmittedToNCBI/HypocrealesProteinSets/Epichloe_festucae_RoseCity.proteins.fa 
# Current dir:     /home/zack/Desktop/IsariaPreferralGenome/MyGenomeSubmittedToNCBI/HypocrealesProteinSets/BUSCO_AA_all
# Date:            Mon Mar  4 15:20:04 2024
# [ok]
