#                                                                            --- full sequence --- -------------- this domain -------------   hmm coord   ali coord   env coord
# target name        accession   tlen query name           accession   qlen   E-value  score  bias   #  of  c-Evalue  i-Evalue  score  bias  from    to  from    to  from    to  acc description of target
#------------------- ---------- ----- -------------------- ---------- ----- --------- ------ ----- --- --- --------- --------- ------ ----- ----- ----- ----- ----- ----- ----- ---- ---------------------
FUN_004567-T1        -            428 31195at5125          -            293  8.9e-140  463.8  16.1   1   3     2e-57   2.8e-54  183.2   3.3     1    91    39   129    39   160 0.96 FUN_004567
FUN_004567-T1        -            428 31195at5125          -            293  8.9e-140  463.8  16.1   2   3   1.9e-37   2.7e-34  117.6   0.1    86   165   164   245   151   248 0.95 FUN_004567
FUN_004567-T1        -            428 31195at5125          -            293  8.9e-140  463.8  16.1   3   3   6.7e-52   9.3e-49  165.1   1.8   162   293   261   427   252   427 0.84 FUN_004567
FUN_005190-T1        -            457 31195at5125          -            293   2.6e-34  117.6   3.8   1   2   4.1e-32   5.7e-29  100.1   0.5     1    83    41   123    41   141 0.96 FUN_005190
FUN_005190-T1        -            457 31195at5125          -            293   2.6e-34  117.6   3.8   2   2   2.9e-07    0.0004   18.5   0.2    95   235   179   323   169   336 0.79 FUN_005190
FUN_003575-T1        -            499 31195at5125          -            293     2e-05   22.8   0.0   1   2   0.00082       1.1    7.2   0.0     8    89    60   140    54   153 0.78 FUN_003575
FUN_003575-T1        -            499 31195at5125          -            293     2e-05   22.8   0.0   2   2   1.6e-05     0.021   12.9   0.0    91   134   189   229   172   248 0.74 FUN_003575
FUN_001551-T1        -             94 31195at5125          -            293    0.0046   15.1   0.0   1   1   4.1e-06    0.0056   14.8   0.0    59   119    19    79    14    85 0.93 FUN_001551
FUN_006924-T1        -           2288 31195at5125          -            293    0.0084   14.2   0.0   1   1   1.2e-05     0.016   13.3   0.0    10    59   709   757   701   776 0.83 FUN_006924
#
# Program:         hmmsearch
# Version:         3.1b2 (February 2015)
# Pipeline mode:   SEARCH
# Query file:      /home/zack/funannotate_db/hypocreales_odb10/hmms/31195at5125.hmm
# Target file:     /home/zack/Desktop/IsariaPreferralGenome/MyGenomeSubmittedToNCBI/HypocrealesProteinSets/Epichloe_festucae_RoseCity.proteins.fa
# Option settings: hmmsearch --domtblout /home/zack/Desktop/IsariaPreferralGenome/MyGenomeSubmittedToNCBI/HypocrealesProteinSets/BUSCO_AA_all/BUSCO_AA_Efestucae_RoseCity/run_hypocreales_odb10/hmmer_output/initial_run_results/31195at5125.out --cpu 1 /home/zack/funannotate_db/hypocreales_odb10/hmms/31195at5125.hmm /home/zack/Desktop/IsariaPreferralGenome/MyGenomeSubmittedToNCBI/HypocrealesProteinSets/Epichloe_festucae_RoseCity.proteins.fa 
# Current dir:     /home/zack/Desktop/IsariaPreferralGenome/MyGenomeSubmittedToNCBI/HypocrealesProteinSets/BUSCO_AA_all
# Date:            Mon Mar  4 15:20:33 2024
# [ok]
