#                                                                            --- full sequence --- -------------- this domain -------------   hmm coord   ali coord   env coord
# target name        accession   tlen query name           accession   qlen   E-value  score  bias   #  of  c-Evalue  i-Evalue  score  bias  from    to  from    to  from    to  acc description of target
#------------------- ---------- ----- -------------------- ---------- ----- --------- ------ ----- --- --- --------- --------- ------ ----- ----- ----- ----- ----- ----- ----- ---- ---------------------
FUN_002142-T1        -            415 33461at5125          -            263    3e-168  556.2   0.1   1   2  2.8e-168  1.8e-166  550.4   0.0     1   237     1   240     1   259 0.97 FUN_002142
FUN_002142-T1        -            415 33461at5125          -            263    3e-168  556.2   0.1   2   2       0.2        12    3.5   0.0   233   249   258   275   244   279 0.80 FUN_002142
FUN_001037-T1        -            326 33461at5125          -            263   8.2e-90  299.1   0.2   1   2   1.3e-30   7.8e-29   99.2   0.1     9    98     3    95     1   101 0.92 FUN_001037
FUN_001037-T1        -            326 33461at5125          -            263   8.2e-90  299.1   0.2   2   2     1e-60   6.2e-59  197.9   0.0   102   235   120   253   113   259 0.97 FUN_001037
FUN_002126-T1        -            490 33461at5125          -            263   1.4e-62  209.8   0.0   1   1   3.5e-64   2.1e-62  209.2   0.0     5   236   127   367   124   379 0.92 FUN_002126
FUN_006760-T1        -            671 33461at5125          -            263   1.9e-60  202.8   0.0   1   1   4.7e-62   2.9e-60  202.2   0.0    16   236   316   540   308   550 0.94 FUN_006760
FUN_005171-T1        -            418 33461at5125          -            263   4.5e-50  168.8   0.0   1   1   1.1e-51   6.7e-50  168.2   0.0    14   233    27   256    20   273 0.90 FUN_005171
FUN_000345-T1        -            355 33461at5125          -            263   1.8e-48  163.5   0.0   1   1   4.1e-50   2.5e-48  163.1   0.0    13   234    26   254    14   261 0.90 FUN_000345
FUN_001266-T1        -            358 33461at5125          -            263   2.2e-47  160.0   0.0   1   1   5.2e-49   3.2e-47  159.5   0.0     8   233    18   241    14   252 0.91 FUN_001266
FUN_000179-T1        -            779 33461at5125          -            263   2.1e-35  120.7   0.3   1   2   6.9e-18   4.2e-16   57.4   0.1     9   140    22   165    17   173 0.86 FUN_000179
FUN_000179-T1        -            779 33461at5125          -            263   2.1e-35  120.7   0.3   2   2   5.2e-19   3.2e-17   61.1   0.0   143   227   192   275   187   291 0.90 FUN_000179
FUN_002113-T1        -            910 33461at5125          -            263   1.3e-32  111.6   0.1   1   1   3.2e-34     2e-32  111.0   0.1     6   226   338   563   334   571 0.83 FUN_002113
FUN_005783-T1        -            731 33461at5125          -            263   7.5e-31  105.8   0.0   1   2   3.7e-32   2.3e-30  104.2   0.0     9   208    73   273    66   326 0.83 FUN_005783
FUN_005783-T1        -            731 33461at5125          -            263   7.5e-31  105.8   0.0   2   2       9.1   5.6e+02   -2.0   0.0    68    94   396   424   373   439 0.74 FUN_005783
FUN_004547-T1        -           1357 33461at5125          -            263   8.3e-30  102.4   0.0   1   1   2.2e-31   1.3e-29  101.7   0.0     9   261  1046  1316  1040  1318 0.79 FUN_004547
FUN_003046-T1        -            339 33461at5125          -            263   2.4e-29  100.9   0.1   1   1   5.6e-31   3.4e-29  100.4   0.1    10   225    32   245    28   259 0.85 FUN_003046
FUN_005499-T1        -           1614 33461at5125          -            263   8.8e-29   99.0   0.0   1   1   2.3e-30   1.4e-28   98.3   0.0    15   205  1325  1528  1312  1545 0.84 FUN_005499
FUN_000884-T1        -            846 33461at5125          -            263   1.6e-27   94.9   0.0   1   1   3.6e-29   2.2e-27   94.4   0.0    10   207   567   762   559   814 0.89 FUN_000884
FUN_002048-T1        -            902 33461at5125          -            263   2.3e-27   94.3   0.0   1   1   6.8e-29   4.2e-27   93.5   0.0    16   232   634   865   625   890 0.80 FUN_002048
FUN_004228-T1        -           1200 33461at5125          -            263   5.8e-26   89.8   0.1   1   1   2.2e-27   1.3e-25   88.6   0.0    46   254   168   371   162   380 0.82 FUN_004228
FUN_006701-T1        -            893 33461at5125          -            263   6.2e-26   89.7   0.0   1   1   1.6e-27   9.8e-26   89.0   0.0     7   206   487   692   480   706 0.87 FUN_006701
FUN_005771-T1        -           1373 33461at5125          -            263   8.5e-26   89.2   0.0   1   1   2.4e-27   1.5e-25   88.5   0.0    10   227   958  1179   950  1187 0.85 FUN_005771
FUN_004424-T1        -            631 33461at5125          -            263   3.5e-25   87.2   0.0   1   1   9.2e-27   5.7e-25   86.5   0.0     8   204     8   203     1   212 0.92 FUN_004424
FUN_004650-T1        -            674 33461at5125          -            263   3.5e-25   87.2   0.0   1   1   8.3e-27   5.1e-25   86.7   0.0     4   207   277   490   275   553 0.85 FUN_004650
FUN_006588-T1        -           1209 33461at5125          -            263   4.7e-25   86.8   0.1   1   2   5.2e-18   3.2e-16   57.8   0.0     9   180   288   466   281   476 0.86 FUN_006588
FUN_006588-T1        -           1209 33461at5125          -            263   4.7e-25   86.8   0.1   2   2   1.6e-08     1e-06   26.7   0.0   181   256   487   563   479   574 0.89 FUN_006588
FUN_006704-T1        -            514 33461at5125          -            263   2.8e-24   84.3   0.0   1   1   6.2e-26   3.8e-24   83.8   0.0     6   211   164   375   157   388 0.84 FUN_006704
FUN_005779-T1        -            509 33461at5125          -            263   3.5e-24   83.9   0.0   1   1   8.1e-26     5e-24   83.4   0.0     7   206    60   259    56   270 0.89 FUN_005779
FUN_005695-T1        -            988 33461at5125          -            263   1.2e-23   82.2   0.0   1   1     3e-25   1.8e-23   81.6   0.0    52   206   108   262    57   269 0.85 FUN_005695
FUN_003868-T1        -            813 33461at5125          -            263   2.1e-23   81.4   0.2   1   1   5.1e-25   3.2e-23   80.8   0.2    10   227   481   708   474   724 0.80 FUN_003868
FUN_002378-T1        -            691 33461at5125          -            263   3.2e-23   80.8   0.0   1   1   7.9e-25   4.9e-23   80.2   0.0    16   207    26   216    17   270 0.91 FUN_002378
FUN_002574-T1        -            385 33461at5125          -            263   3.8e-23   80.5   0.0   1   1   8.1e-25     5e-23   80.2   0.0    23   238    97   329    80   351 0.77 FUN_002574
FUN_003735-T1        -           1911 33461at5125          -            263   8.6e-23   79.4   0.0   1   2   1.8e-19   1.1e-17   62.6   0.0    10   154   716   864   708   879 0.86 FUN_003735
FUN_003735-T1        -           1911 33461at5125          -            263   8.6e-23   79.4   0.0   2   2   9.6e-05    0.0059   14.4   0.0   158   215  1030  1086  1025  1123 0.82 FUN_003735
FUN_005844-T1        -            949 33461at5125          -            263   9.4e-23   79.3   0.6   1   3   4.9e-10     3e-08   31.7   0.1    13   103    26   118    15   130 0.87 FUN_005844
FUN_005844-T1        -            949 33461at5125          -            263   9.4e-23   79.3   0.6   2   3   8.8e-06   0.00054   17.8   0.1   100   138   136   174   122   199 0.88 FUN_005844
FUN_005844-T1        -            949 33461at5125          -            263   9.4e-23   79.3   0.6   3   3   1.6e-08   9.9e-07   26.7   0.0   140   208   204   270   183   284 0.84 FUN_005844
FUN_004846-T1        -            401 33461at5125          -            263   1.6e-22   78.5   0.0   1   1   3.4e-24   2.1e-22   78.1   0.0    13   213   134   338   124   383 0.86 FUN_004846
FUN_004841-T1        -            848 33461at5125          -            263   5.5e-22   76.7   0.0   1   1   1.6e-23   9.8e-22   75.9   0.0    30   206   592   771   554   793 0.84 FUN_004841
FUN_002413-T1        -           1114 33461at5125          -            263   8.3e-22   76.2   0.2   1   2   1.4e-20   8.7e-19   66.2   0.1    14   157   274   421   262   443 0.90 FUN_002413
FUN_002413-T1        -           1114 33461at5125          -            263   8.3e-22   76.2   0.2   2   2    0.0095      0.58    7.8   0.0   171   232   467   531   458   566 0.66 FUN_002413
FUN_000013-T1        -            398 33461at5125          -            263   1.7e-21   75.2   0.0   1   1     4e-23   2.5e-21   74.6   0.0    13   209   109   309   101   325 0.84 FUN_000013
FUN_001159-T1        -            665 33461at5125          -            263   2.7e-21   74.5   0.3   1   2   3.1e-16   1.9e-14   52.0   0.1     8   156   261   412   255   422 0.89 FUN_001159
FUN_001159-T1        -            665 33461at5125          -            263   2.7e-21   74.5   0.3   2   2   1.5e-06     9e-05   20.3   0.0   169   213   468   511   455   519 0.85 FUN_001159
FUN_006021-T1        -            640 33461at5125          -            263   3.8e-21   74.0   0.0   1   1   8.9e-23   5.5e-21   73.5   0.0     3   212   289   501   287   508 0.87 FUN_006021
FUN_001946-T1        -            735 33461at5125          -            263   4.4e-21   73.8   0.0   1   1   1.1e-22   6.8e-21   73.2   0.0     9   205    42   247    36   257 0.89 FUN_001946
FUN_004822-T1        -            487 33461at5125          -            263   4.6e-21   73.7   0.0   1   1   1.1e-22   6.5e-21   73.2   0.0    14   211   209   417   202   439 0.83 FUN_004822
FUN_004764-T1        -            382 33461at5125          -            263   6.9e-21   73.1   0.0   1   1   1.4e-22   8.7e-21   72.8   0.0     8   235    16   244    10   274 0.84 FUN_004764
FUN_005249-T1        -            776 33461at5125          -            263   1.7e-20   71.9   0.4   1   2   9.7e-19     6e-17   60.2   0.3    14   155   199   344   188   354 0.90 FUN_005249
FUN_005249-T1        -            776 33461at5125          -            263   1.7e-20   71.9   0.4   2   2    0.0037      0.23    9.2   0.0   168   209   383   423   375   437 0.79 FUN_005249
FUN_000949-T1        -            519 33461at5125          -            263     3e-20   71.1   0.0   1   1   7.6e-22   4.7e-20   70.4   0.0     3   209    13   219    11   231 0.89 FUN_000949
FUN_003694-T1        -           1023 33461at5125          -            263   4.4e-20   70.5   0.0   1   1   1.6e-21   9.6e-20   69.4   0.0     8   198    69   265    63   280 0.90 FUN_003694
FUN_002839-T1        -            625 33461at5125          -            263   2.8e-19   67.8   0.0   1   1   6.2e-21   3.8e-19   67.4   0.0     9   215    17   231     9   272 0.79 FUN_002839
FUN_003161-T1        -            646 33461at5125          -            263   6.3e-19   66.7   0.0   1   2       2.6   1.6e+02   -0.2   0.0    10    28   254   272   246   278 0.83 FUN_003161
FUN_003161-T1        -            646 33461at5125          -            263   6.3e-19   66.7   0.0   2   2   6.2e-20   3.8e-18   64.2   0.0    31   211   318   505   307   560 0.81 FUN_003161
FUN_001915-T1        -            978 33461at5125          -            263     1e-18   66.0   0.1   1   2   3.3e-10     2e-08   32.3   0.0    15   140   610   741   601   748 0.86 FUN_001915
FUN_001915-T1        -            978 33461at5125          -            263     1e-18   66.0   0.1   2   2   7.7e-10   4.7e-08   31.1   0.0   144   224   775   851   754   862 0.79 FUN_001915
FUN_004714-T1        -            532 33461at5125          -            263   2.7e-18   64.7   0.0   1   1   6.5e-20     4e-18   64.1   0.0    12   213   237   443   224   458 0.83 FUN_004714
FUN_001907-T1        -            854 33461at5125          -            263   3.3e-18   64.4   0.1   1   2    0.0019      0.11   10.1   0.3    43    92    10    59     4    68 0.84 FUN_001907
FUN_001907-T1        -            854 33461at5125          -            263   3.3e-18   64.4   0.1   2   2   3.6e-16   2.2e-14   51.8   0.0    92   217    83   206    72   243 0.87 FUN_001907
FUN_003867-T1        -            507 33461at5125          -            263   6.2e-18   63.4   0.0   1   1   1.6e-19   9.6e-18   62.8   0.0     9   215    55   273    49   281 0.81 FUN_003867
FUN_002912-T1        -            537 33461at5125          -            263   9.8e-18   62.8   0.0   1   1   2.3e-19   1.4e-17   62.3   0.0    15   261    21   290    12   292 0.78 FUN_002912
FUN_004504-T1        -            817 33461at5125          -            263   1.4e-17   62.3   0.0   1   1   3.6e-19   2.2e-17   61.6   0.0     9   207    42   251    35   276 0.80 FUN_004504
FUN_006202-T1        -            584 33461at5125          -            263   1.6e-17   62.2   0.1   1   2   1.2e-10   7.3e-09   33.7   0.0     7   140   113   259   107   267 0.75 FUN_006202
FUN_006202-T1        -            584 33461at5125          -            263   1.6e-17   62.2   0.1   2   2   2.3e-08   1.4e-06   26.2   0.0   160   223   404   472   387   484 0.79 FUN_006202
FUN_003448-T1        -            865 33461at5125          -            263   2.1e-17   61.7   0.0   1   1   1.1e-18   6.8e-17   60.1   0.0     9   212   521   748   516   763 0.78 FUN_003448
FUN_001674-T1        -            605 33461at5125          -            263   2.8e-17   61.3   0.1   1   2   8.8e-13   5.4e-11   40.7   0.0    11   138   136   267   128   271 0.86 FUN_001674
FUN_001674-T1        -            605 33461at5125          -            263   2.8e-17   61.3   0.1   2   2   5.7e-06   0.00035   18.4   0.0   142   254   304   411   300   424 0.72 FUN_001674
FUN_005842-T1        -            582 33461at5125          -            263     4e-17   60.8   0.0   1   1     1e-18   6.3e-17   60.2   0.0    16   202   158   354   151   361 0.82 FUN_005842
FUN_001557-T1        -            772 33461at5125          -            263   5.7e-17   60.3   0.0   1   1   1.5e-18     9e-17   59.6   0.0     8   203   389   592   383   615 0.81 FUN_001557
FUN_006004-T1        -            551 33461at5125          -            263   7.2e-17   60.0   1.1   1   3   2.9e-08   1.8e-06   25.9   0.1    13   140   193   327   187   337 0.82 FUN_006004
FUN_006004-T1        -            551 33461at5125          -            263   7.2e-17   60.0   1.1   2   3   4.4e-10   2.7e-08   31.9   0.0   161   215   375   428   345   442 0.82 FUN_006004
FUN_006004-T1        -            551 33461at5125          -            263   7.2e-17   60.0   1.1   3   3         9   5.6e+02   -2.0   0.0   243   262   506   530   501   531 0.70 FUN_006004
FUN_004590-T1        -            575 33461at5125          -            263   1.3e-16   59.1   0.0   1   1     3e-18   1.8e-16   58.6   0.0     3   206   234   436   232   449 0.83 FUN_004590
FUN_004857-T1        -           1205 33461at5125          -            263   1.3e-16   59.1   0.0   1   1   3.8e-18   2.3e-16   58.3   0.0     9   208   942  1156   936  1175 0.77 FUN_004857
FUN_004336-T1        -           1628 33461at5125          -            263   1.3e-16   59.1   0.0   1   3   0.00017      0.01   13.5   0.0    90   202   375   497   364   507 0.70 FUN_004336
FUN_004336-T1        -           1628 33461at5125          -            263   1.3e-16   59.1   0.0   2   3   0.00054     0.033   11.9   0.0     5    73   591   658   589   667 0.87 FUN_004336
FUN_004336-T1        -           1628 33461at5125          -            263   1.3e-16   59.1   0.0   3   3     3e-09   1.9e-07   29.1   0.0    81   188   770   893   764   911 0.72 FUN_004336
FUN_002680-T1        -            486 33461at5125          -            263   1.9e-16   58.6   0.0   1   3      0.11       6.7    4.3   0.0    10    33    99   122    94   148 0.77 FUN_002680
FUN_002680-T1        -            486 33461at5125          -            263   1.9e-16   58.6   0.0   2   3     1e-07   6.2e-06   24.1   0.0    29   154   155   277   143   283 0.79 FUN_002680
FUN_002680-T1        -            486 33461at5125          -            263   1.9e-16   58.6   0.0   3   3   2.2e-08   1.4e-06   26.3   0.0   164   225   326   388   320   396 0.88 FUN_002680
FUN_005515-T1        -            573 33461at5125          -            263   7.5e-16   56.6   0.0   1   1   2.3e-17   1.4e-15   55.7   0.0     7   234   160   394   152   425 0.81 FUN_005515
FUN_002643-T1        -            417 33461at5125          -            263   7.5e-16   56.6   0.0   1   1     2e-17   1.3e-15   55.9   0.0    15   199    93   283    82   298 0.80 FUN_002643
FUN_006180-T1        -            601 33461at5125          -            263   1.3e-15   55.8   0.9   1   2   3.4e-13   2.1e-11   42.1   0.2     3   155   209   364   207   378 0.86 FUN_006180
FUN_006180-T1        -            601 33461at5125          -            263   1.3e-15   55.8   0.9   2   2   0.00039     0.024   12.4   0.0   166   216   420   469   414   505 0.79 FUN_006180
FUN_001168-T1        -           1140 33461at5125          -            263   2.1e-15   55.2   0.0   1   1   5.7e-17   3.5e-15   54.4   0.0     9   215   814  1023   807  1058 0.82 FUN_001168
FUN_000212-T1        -            645 33461at5125          -            263   4.9e-15   54.0   0.0   1   2   7.6e-13   4.7e-11   40.9   0.0     6   155   255   409   251   415 0.87 FUN_000212
FUN_000212-T1        -            645 33461at5125          -            263   4.9e-15   54.0   0.0   2   2    0.0012     0.073   10.8   0.0   166   220   447   500   435   535 0.80 FUN_000212
FUN_004823-T1        -            700 33461at5125          -            263     1e-14   52.9   0.1   1   1   6.5e-16     4e-14   51.0   0.0    55   200   185   337   173   357 0.77 FUN_004823
FUN_002418-T1        -            428 33461at5125          -            263   1.5e-14   52.4   0.0   1   1   1.2e-15   7.4e-14   50.1   0.0     6   206    89   309    85   323 0.71 FUN_002418
FUN_002223-T1        -            779 33461at5125          -            263   3.2e-13   48.0   0.2   1   2   5.8e-14   3.6e-12   44.6   0.1    15   155   423   572   417   578 0.80 FUN_002223
FUN_002223-T1        -            779 33461at5125          -            263   3.2e-13   48.0   0.2   2   2       1.1        67    1.1   0.0   171   203   606   639   602   654 0.85 FUN_002223
FUN_005988-T1        -            392 33461at5125          -            263   3.8e-13   47.8   0.1   1   2   3.9e-06   0.00024   18.9   0.0     8   140    46   189    41   196 0.67 FUN_005988
FUN_005988-T1        -            392 33461at5125          -            263   3.8e-13   47.8   0.1   2   2   3.5e-08   2.2e-06   25.6   0.0   142   228   228   314   210   321 0.77 FUN_005988
FUN_003403-T1        -            646 33461at5125          -            263   1.9e-12   45.5   2.1   1   2   2.9e-11   1.8e-09   35.7   0.3     3   155   260   415   258   428 0.86 FUN_003403
FUN_003403-T1        -            646 33461at5125          -            263   1.9e-12   45.5   2.1   2   2    0.0033       0.2    9.3   0.1   167   218   472   522   466   531 0.84 FUN_003403
FUN_004134-T1        -           1225 33461at5125          -            263   2.5e-11   41.8   0.1   1   2   3.3e-06    0.0002   19.2   0.1     2    89   100   198    99   204 0.77 FUN_004134
FUN_004134-T1        -           1225 33461at5125          -            263   2.5e-11   41.8   0.1   2   2   2.2e-06   0.00013   19.7   0.0   112   159   411   457   402   467 0.87 FUN_004134
FUN_002752-T1        -            732 33461at5125          -            263     4e-11   41.1   0.0   1   1   1.1e-12   6.8e-11   40.4   0.0    14   206   227   430   217   451 0.77 FUN_002752
FUN_005079-T1        -            878 33461at5125          -            263   2.1e-10   38.8   0.1   1   2   1.2e-06   7.6e-05   20.5   0.0     8   139   535   677   530   688 0.76 FUN_005079
FUN_005079-T1        -            878 33461at5125          -            263   2.1e-10   38.8   0.1   2   2   3.5e-05    0.0022   15.8   0.0   136   210   711   781   695   786 0.82 FUN_005079
FUN_002428-T1        -            380 33461at5125          -            263   2.3e-10   38.7   0.0   1   2   4.8e-06   0.00029   18.6   0.0     9   147    36   183    31   220 0.76 FUN_002428
FUN_002428-T1        -            380 33461at5125          -            263   2.3e-10   38.7   0.0   2   2   1.1e-05   0.00068   17.4   0.0   165   208   241   283   217   315 0.81 FUN_002428
FUN_005936-T1        -           1557 33461at5125          -            263   4.4e-10   37.7   0.0   1   1   2.4e-11   1.5e-09   36.0   0.0    67   207    82   237    67   285 0.80 FUN_005936
FUN_003226-T1        -            415 33461at5125          -            263   4.7e-10   37.6   0.0   1   2   0.00017     0.011   13.5   0.0   100   137   151   188   129   192 0.89 FUN_003226
FUN_003226-T1        -            415 33461at5125          -            263   4.7e-10   37.6   0.0   2   2   5.9e-07   3.6e-05   21.6   0.0   146   212   236   300   216   325 0.82 FUN_003226
FUN_000603-T1        -            689 33461at5125          -            263   1.4e-09   36.1   0.0   1   1   1.9e-10   1.1e-08   33.1   0.0    45   203   412   587   390   601 0.80 FUN_000603
FUN_006528-T1        -           1083 33461at5125          -            263   1.7e-09   35.8   0.0   1   1   8.5e-11   5.2e-09   34.2   0.0    27   195   755   925   713   936 0.76 FUN_006528
FUN_006745-T1        -            413 33461at5125          -            263   1.9e-09   35.6   0.0   1   3     0.083       5.1    4.7   0.0     9    39    63    93    57   109 0.85 FUN_006745
FUN_006745-T1        -            413 33461at5125          -            263   1.9e-09   35.6   0.0   2   3    0.0055      0.34    8.6   0.0   104   139   166   201   150   211 0.82 FUN_006745
FUN_006745-T1        -            413 33461at5125          -            263   1.9e-09   35.6   0.0   3   3   5.2e-06   0.00032   18.5   0.0   135   208   234   305   222   317 0.85 FUN_006745
FUN_004621-T1        -            437 33461at5125          -            263   2.2e-09   35.4   0.0   1   2    0.0036      0.22    9.2   0.0     7    65    29    87    25   113 0.85 FUN_004621
FUN_004621-T1        -            437 33461at5125          -            263   2.2e-09   35.4   0.0   2   2   1.1e-07   6.9e-06   24.0   0.0   127   207   230   322   225   338 0.74 FUN_004621
FUN_003520-T1        -            795 33461at5125          -            263   3.3e-09   34.9   0.0   1   1   9.4e-11   5.8e-09   34.1   0.0    68   152   393   478   321   484 0.82 FUN_003520
FUN_001735-T1        -            412 33461at5125          -            263   3.4e-09   34.8   0.0   1   2   6.7e-06   0.00041   18.1   0.0    10   149    29   183    23   194 0.66 FUN_001735
FUN_001735-T1        -            412 33461at5125          -            263   3.4e-09   34.8   0.0   2   2   0.00011    0.0068   14.2   0.0   146   208   222   283   210   290 0.79 FUN_001735
FUN_001891-T1        -           1255 33461at5125          -            263   5.2e-08   30.9   0.0   1   1   1.4e-09   8.9e-08   30.2   0.0    55   180   862  1002   821  1025 0.63 FUN_001891
FUN_005091-T1        -            434 33461at5125          -            263   7.4e-08   30.4   0.0   1   3   8.4e-05    0.0052   14.5   0.0     9   129    57   190    51   195 0.73 FUN_005091
FUN_005091-T1        -            434 33461at5125          -            263   7.4e-08   30.4   0.0   2   3       1.1        67    1.1   0.0   129   148   212   231   206   241 0.81 FUN_005091
FUN_005091-T1        -            434 33461at5125          -            263   7.4e-08   30.4   0.0   3   3    0.0013     0.083   10.6   0.0   145   209   274   334   260   345 0.80 FUN_005091
FUN_001900-T1        -            467 33461at5125          -            263   8.5e-08   30.2   0.1   1   2   3.6e-05    0.0022   15.7   0.1   101   145   182   229   154   233 0.76 FUN_001900
FUN_001900-T1        -            467 33461at5125          -            263   8.5e-08   30.2   0.1   2   2   0.00046     0.028   12.1   0.0   145   209   270   333   261   358 0.75 FUN_001900
FUN_002416-T1        -            369 33461at5125          -            263     4e-07   28.0   0.1   1   1   1.9e-08   1.2e-06   26.5   0.1    14   228    16   242     5   266 0.63 FUN_002416
FUN_005804-T1        -           1508 33461at5125          -            263     5e-07   27.7   0.0   1   1   1.4e-08   8.6e-07   26.9   0.0    16   198    56   266    48   277 0.70 FUN_005804
FUN_000662-T1        -            458 33461at5125          -            263     3e-06   25.2   0.1   1   2    0.0035      0.22    9.2   0.1     8   144   104   253    98   257 0.61 FUN_000662
FUN_000662-T1        -            458 33461at5125          -            263     3e-06   25.2   0.1   2   2   0.00071     0.044   11.5   0.0   170   208   313   350   283   356 0.79 FUN_000662
FUN_001931-T1        -            531 33461at5125          -            263     9e-06   23.6   0.0   1   2    0.0044      0.27    8.9   0.0    79   150    75   148    40   217 0.78 FUN_001931
FUN_001931-T1        -            531 33461at5125          -            263     9e-06   23.6   0.0   2   2   0.00034     0.021   12.6   0.0   125   156   358   389   338   396 0.87 FUN_001931
FUN_000002-T1        -            418 33461at5125          -            263     1e-05   23.4   0.0   1   2   0.00075     0.046   11.4   0.0    11    71    39   100    32   195 0.64 FUN_000002
FUN_000002-T1        -            418 33461at5125          -            263     1e-05   23.4   0.0   2   2    0.0061      0.38    8.4   0.0   140   206   231   296   222   311 0.68 FUN_000002
FUN_001563-T1        -            174 33461at5125          -            263   1.2e-05   23.2   0.0   1   1   2.4e-07   1.5e-05   22.9   0.0   165   214    65   113    36   125 0.81 FUN_001563
FUN_001553-T1        -            362 33461at5125          -            263   2.2e-05   22.3   0.0   1   2    0.0031      0.19    9.4   0.0     7    48    35    76    30    87 0.87 FUN_001553
FUN_001553-T1        -            362 33461at5125          -            263   2.2e-05   22.3   0.0   2   2    0.0011     0.067   10.9   0.0   109   216   148   252   130   270 0.68 FUN_001553
FUN_000015-T1        -            305 33461at5125          -            263   2.5e-05   22.2   0.3   1   1   1.6e-06   9.6e-05   20.2   0.3    81   155    79   157     8   161 0.69 FUN_000015
FUN_001294-T1        -            284 33461at5125          -            263   2.9e-05   21.9   0.0   1   1   6.6e-07   4.1e-05   21.4   0.0    82   154   101   175    93   203 0.81 FUN_001294
FUN_006947-T1        -            415 33461at5125          -            263     5e-05   21.2   0.0   1   2   0.00094     0.058   11.1   0.0    10   156    69   222    62   229 0.76 FUN_006947
FUN_006947-T1        -            415 33461at5125          -            263     5e-05   21.2   0.0   2   2    0.0097       0.6    7.8   0.0   182   206   296   321   285   383 0.73 FUN_006947
FUN_005678-T1        -            186 33461at5125          -            263   5.2e-05   21.1   0.0   1   1     1e-06   6.2e-05   20.8   0.0   139   209    57   125    45   182 0.71 FUN_005678
FUN_005467-T1        -            406 33461at5125          -            263   7.4e-05   20.6   0.0   1   1   1.7e-06    0.0001   20.1   0.0    10   146    54   193    45   210 0.75 FUN_005467
FUN_001000-T1        -            594 33461at5125          -            263   9.8e-05   20.2   0.0   1   1   2.7e-06   0.00016   19.5   0.0    55   154   365   458   359   467 0.86 FUN_001000
FUN_004254-T1        -            463 33461at5125          -            263   0.00013   19.8   0.0   1   3      0.01      0.63    7.7   0.0     9    39    72   102    65   128 0.86 FUN_004254
FUN_004254-T1        -            463 33461at5125          -            263   0.00013   19.8   0.0   2   3       1.3        79    0.8   0.0   106   139   175   208   165   227 0.83 FUN_004254
FUN_004254-T1        -            463 33461at5125          -            263   0.00013   19.8   0.0   3   3     0.015      0.95    7.1   0.0   132   205   257   329   255   345 0.76 FUN_004254
FUN_001827-T1        -            257 33461at5125          -            263   0.00015   19.6   0.0   1   1   2.9e-06   0.00018   19.3   0.0    85   153    84   152    47   205 0.85 FUN_001827
FUN_005148-T1        -            766 33461at5125          -            263   0.00021   19.1   0.0   1   1     5e-06   0.00031   18.6   0.0    22   153    33   163    15   227 0.87 FUN_005148
FUN_000713-T1        -            429 33461at5125          -            263   0.00022   19.0   0.1   1   3    0.0029      0.18    9.5   0.0     3    40    32    69    30    93 0.84 FUN_000713
FUN_000713-T1        -            429 33461at5125          -            263   0.00022   19.0   0.1   2   3      0.13       7.8    4.1   0.0   104   140   142   178   130   195 0.84 FUN_000713
FUN_000713-T1        -            429 33461at5125          -            263   0.00022   19.0   0.1   3   3      0.75        46    1.6   0.0   184   206   280   302   228   318 0.80 FUN_000713
FUN_004565-T1        -            218 33461at5125          -            263    0.0006   17.6   0.0   1   1   1.3e-05   0.00079   17.2   0.0   137   207    42   108    26   127 0.76 FUN_004565
FUN_005639-T1        -            773 33461at5125          -            263    0.0017   16.1   0.0   1   1   5.1e-05    0.0031   15.3   0.0   114   197   212   295   196   302 0.74 FUN_005639
FUN_001965-T1        -            269 33461at5125          -            263    0.0035   15.1   0.0   1   1   8.5e-05    0.0052   14.5   0.0    89   150    91   157    82   168 0.81 FUN_001965
FUN_001666-T1        -            621 33461at5125          -            263    0.0045   14.7   0.0   1   1   0.00012    0.0074   14.0   0.0   114   197   442   520   364   533 0.68 FUN_001666
FUN_002998-T1        -            414 33461at5125          -            263    0.0054   14.5   0.0   1   1   0.00014    0.0089   13.8   0.0    51   159   148   256   106   279 0.71 FUN_002998
FUN_005995-T1        -            313 33461at5125          -            263    0.0071   14.1   0.0   1   1   0.00015    0.0092   13.7   0.0   103   159   115   171    75   236 0.86 FUN_005995
FUN_002533-T1        -            262 33461at5125          -            263     0.022   12.5   0.0   1   1    0.0005     0.031   12.0   0.0   107   156   170   219    80   226 0.87 FUN_002533
FUN_005992-T1        -            300 33461at5125          -            263     0.024   12.3   0.0   1   1   0.00052     0.032   12.0   0.0   113   150   111   148    88   209 0.88 FUN_005992
FUN_005388-T1        -            442 33461at5125          -            263     0.024   12.3   0.0   1   1   0.00078     0.048   11.4   0.0   110   152   219   262   204   284 0.85 FUN_005388
FUN_000648-T1        -            455 33461at5125          -            263     0.036   11.8   0.0   1   1    0.0011     0.068   10.9   0.0   109   151   228   271   207   278 0.87 FUN_000648
FUN_002640-T1        -            183 33461at5125          -            263     0.044   11.5   0.0   1   1    0.0011     0.065   10.9   0.0   186   220   124   158    66   179 0.86 FUN_002640
#
# Program:         hmmsearch
# Version:         3.1b2 (February 2015)
# Pipeline mode:   SEARCH
# Query file:      /home/zack/funannotate_db/hypocreales_odb10/hmms/33461at5125.hmm
# Target file:     /home/zack/Desktop/IsariaPreferralGenome/MyGenomeSubmittedToNCBI/HypocrealesProteinSets/Epichloe_festucae_RoseCity.proteins.fa
# Option settings: hmmsearch --domtblout /home/zack/Desktop/IsariaPreferralGenome/MyGenomeSubmittedToNCBI/HypocrealesProteinSets/BUSCO_AA_all/BUSCO_AA_Efestucae_RoseCity/run_hypocreales_odb10/hmmer_output/initial_run_results/33461at5125.out --cpu 1 /home/zack/funannotate_db/hypocreales_odb10/hmms/33461at5125.hmm /home/zack/Desktop/IsariaPreferralGenome/MyGenomeSubmittedToNCBI/HypocrealesProteinSets/Epichloe_festucae_RoseCity.proteins.fa 
# Current dir:     /home/zack/Desktop/IsariaPreferralGenome/MyGenomeSubmittedToNCBI/HypocrealesProteinSets/BUSCO_AA_all
# Date:            Mon Mar  4 15:20:18 2024
# [ok]
