#                                                                            --- full sequence --- -------------- this domain -------------   hmm coord   ali coord   env coord
# target name        accession   tlen query name           accession   qlen   E-value  score  bias   #  of  c-Evalue  i-Evalue  score  bias  from    to  from    to  from    to  acc description of target
#------------------- ---------- ----- -------------------- ---------- ----- --------- ------ ----- --- --- --------- --------- ------ ----- ----- ----- ----- ----- ----- ----- ---- ---------------------
FUN_001050-T1        -            298 37955at5125          -            279   5.2e-22   77.1   0.5   1   2   2.5e-10   7.3e-08   30.7   0.0   102   163    12    74     6    79 0.89 FUN_001050
FUN_001050-T1        -            298 37955at5125          -            279   5.2e-22   77.1   0.5   2   2   2.7e-15   7.8e-13   47.0   0.1    57   264    69   283    68   285 0.81 FUN_001050
FUN_001578-T1        -            394 37955at5125          -            279     2e-20   71.9   0.4   1   3   1.1e-15   3.1e-13   48.3   0.0     8   141    70   205    66   221 0.84 FUN_001578
FUN_001578-T1        -            394 37955at5125          -            279     2e-20   71.9   0.4   2   3   0.00038      0.11   10.5   0.1   152   187   243   278   236   288 0.88 FUN_001578
FUN_001578-T1        -            394 37955at5125          -            279     2e-20   71.9   0.4   3   3   0.00062      0.18    9.8   0.0   103   177   309   382   295   393 0.46 FUN_001578
FUN_000229-T1        -            645 37955at5125          -            279   2.2e-20   71.8   3.3   1   2   1.2e-13   3.5e-11   41.6   1.2     6   185   333   533   328   546 0.80 FUN_000229
FUN_000229-T1        -            645 37955at5125          -            279   2.2e-20   71.8   3.3   2   2     7e-10     2e-07   29.3   0.0   101   186   553   641   546   644 0.84 FUN_000229
FUN_006323-T1        -            389 37955at5125          -            279   1.6e-15   55.8   2.1   1   2   6.6e-08   1.9e-05   22.8   1.0   143   256   126   256    58   273 0.60 FUN_006323
FUN_006323-T1        -            389 37955at5125          -            279   1.6e-15   55.8   2.1   2   2   1.7e-13     5e-11   41.1   0.2     7   183   185   381   184   386 0.75 FUN_006323
FUN_002155-T1        -            342 37955at5125          -            279   3.3e-14   51.5   0.2   1   2   1.7e-07     5e-05   21.4   0.2   104   182    15   102    10   110 0.77 FUN_002155
FUN_002155-T1        -            342 37955at5125          -            279   3.3e-14   51.5   0.2   2   2   1.6e-09   4.5e-07   28.1   0.0    96   265   116   292   104   300 0.75 FUN_002155
FUN_002118-T1        -            308 37955at5125          -            279   7.6e-14   50.3   1.4   1   3   0.00032     0.091   10.7   0.0     4    40     6    42     3    47 0.90 FUN_002118
FUN_002118-T1        -            308 37955at5125          -            279   7.6e-14   50.3   1.4   2   3   6.7e-08   1.9e-05   22.8   0.9   139   262    48   188    39   200 0.76 FUN_002118
FUN_002118-T1        -            308 37955at5125          -            279   7.6e-14   50.3   1.4   3   3   2.7e-05    0.0077   14.2   0.0   103   176   214   283   201   298 0.81 FUN_002118
FUN_002139-T1        -            330 37955at5125          -            279   9.5e-14   50.0   0.3   1   2     4e-10   1.1e-07   30.1   0.3    99   183     9    94     3    98 0.91 FUN_002139
FUN_002139-T1        -            330 37955at5125          -            279   9.5e-14   50.0   0.3   2   2   2.2e-06   0.00064   17.8   0.0     6   172   107   272   102   305 0.81 FUN_002139
FUN_003546-T1        -            347 37955at5125          -            279     2e-13   49.0   0.7   1   2   8.2e-05     0.024   12.6   0.0   103   182    54   134    47   143 0.87 FUN_003546
FUN_003546-T1        -            347 37955at5125          -            279     2e-13   49.0   0.7   2   2   2.4e-11   6.8e-09   34.1   0.9   104   265   155   329   149   339 0.73 FUN_003546
FUN_001574-T1        -            405 37955at5125          -            279   3.4e-11   41.6   0.2   1   3   8.6e-11   2.5e-08   32.3   0.0   102   255    78   244    41   247 0.81 FUN_001574
FUN_001574-T1        -            405 37955at5125          -            279   3.4e-11   41.6   0.2   2   3   1.9e-05    0.0055   14.7   0.0    46   131   223   306   216   329 0.75 FUN_001574
FUN_001574-T1        -            405 37955at5125          -            279   3.4e-11   41.6   0.2   3   3      0.48   1.4e+02    0.3   0.0   150   182   357   389   345   399 0.74 FUN_001574
FUN_006494-T1        -            370 37955at5125          -            279   7.7e-11   40.5   0.6   1   3   1.5e-08   4.3e-06   24.9   0.1   105   222    26   158    14   167 0.74 FUN_006494
FUN_006494-T1        -            370 37955at5125          -            279   7.7e-11   40.5   0.6   2   3     0.016       4.7    5.1   0.0   140   184   190   233   184   279 0.83 FUN_006494
FUN_006494-T1        -            370 37955at5125          -            279   7.7e-11   40.5   0.6   3   3    0.0064       1.8    6.4   0.0   224   264   307   348   296   355 0.80 FUN_006494
FUN_002657-T1        -            301 37955at5125          -            279   1.6e-10   39.4   2.2   1   2       0.3        86    0.9   0.0   104   128    24    48    18    59 0.82 FUN_002657
FUN_002657-T1        -            301 37955at5125          -            279   1.6e-10   39.4   2.2   2   2   1.7e-12   4.9e-10   37.8   0.5    60   268    71   286    65   293 0.78 FUN_002657
FUN_001252-T1        -            342 37955at5125          -            279   1.7e-10   39.4   1.0   1   2   2.7e-05    0.0077   14.2   0.2   102   187    52   134    36   144 0.83 FUN_001252
FUN_001252-T1        -            342 37955at5125          -            279   1.7e-10   39.4   1.0   2   2   3.6e-08     1e-05   23.7   0.0     7   142   151   295   145   327 0.72 FUN_001252
FUN_000075-T1        -            310 37955at5125          -            279   9.7e-10   36.9   3.4   1   2   2.8e-07   7.9e-05   20.8   0.6   105   183    18    92    10   119 0.84 FUN_000075
FUN_000075-T1        -            310 37955at5125          -            279   9.7e-10   36.9   3.4   2   2   4.5e-06    0.0013   16.8   0.1   188   266   214   293   110   305 0.63 FUN_000075
FUN_001749-T1        -            451 37955at5125          -            279   2.6e-09   35.5   0.1   1   3       5.7   1.6e+03   -3.2   0.0   115   140    64    89    55   104 0.73 FUN_001749
FUN_001749-T1        -            451 37955at5125          -            279   2.6e-09   35.5   0.1   2   3   5.7e-10   1.6e-07   29.6   0.0   133   261   153   292   140   304 0.83 FUN_001749
FUN_001749-T1        -            451 37955at5125          -            279   2.6e-09   35.5   0.1   3   3     0.066        19    3.1   0.0   119   168   363   417   332   437 0.62 FUN_001749
FUN_004420-T1        -            310 37955at5125          -            279   3.9e-09   34.9   2.7   1   2   4.7e-07   0.00014   20.0   0.2   105   267    18   191     5   194 0.58 FUN_004420
FUN_004420-T1        -            310 37955at5125          -            279   3.9e-09   34.9   2.7   2   2   8.9e-05     0.025   12.5   0.1   117   188   236   305   210   310 0.82 FUN_004420
FUN_005757-T1        -            347 37955at5125          -            279   5.8e-09   34.3   2.4   1   3    0.0015      0.43    8.5   0.0   118   187    54   119    21   144 0.68 FUN_005757
FUN_005757-T1        -            347 37955at5125          -            279   5.8e-09   34.3   2.4   2   3   1.9e-08   5.4e-06   24.6   0.2   102   218   160   283   140   289 0.74 FUN_005757
FUN_005757-T1        -            347 37955at5125          -            279   5.8e-09   34.3   2.4   3   3       1.2   3.3e+02   -1.0   0.0    55    74   315   334   302   342 0.79 FUN_005757
FUN_000362-T1        -            284 37955at5125          -            279   5.8e-09   34.3   0.7   1   2   1.2e-08   3.6e-06   25.2   0.8    12   184     7   176     1   180 0.83 FUN_000362
FUN_000362-T1        -            284 37955at5125          -            279   5.8e-09   34.3   0.7   2   2   0.00072      0.21    9.5   0.0    70   180   163   270   161   279 0.77 FUN_000362
FUN_005039-T1        -            322 37955at5125          -            279   8.8e-09   33.7   0.1   1   2   2.4e-05    0.0069   14.4   0.1   101   207    16   123    13   129 0.85 FUN_005039
FUN_005039-T1        -            322 37955at5125          -            279   8.8e-09   33.7   0.1   2   2   9.8e-07   0.00028   18.9   0.0     8   185   118   306   112   317 0.81 FUN_005039
FUN_001076-T1        -            333 37955at5125          -            279   1.4e-08   33.1   5.0   1   2   2.1e-06   0.00061   17.8   1.6     6   168    47   215    43   226 0.61 FUN_001076
FUN_001076-T1        -            333 37955at5125          -            279   1.4e-08   33.1   5.0   2   2   7.7e-08   2.2e-05   22.6   0.3    47   163   195   308   193   318 0.82 FUN_001076
FUN_003553-T1        -            333 37955at5125          -            279   6.8e-08   30.8   0.1   1   3   3.1e-05     0.009   14.0   0.0   103   168    33    97    25   118 0.83 FUN_003553
FUN_003553-T1        -            333 37955at5125          -            279   6.8e-08   30.8   0.1   2   3      0.18        52    1.7   0.0     9    83   137   216   130   239 0.61 FUN_003553
FUN_003553-T1        -            333 37955at5125          -            279   6.8e-08   30.8   0.1   3   3   0.00017     0.049   11.6   0.0   206   270   260   327   234   330 0.77 FUN_003553
FUN_004113-T1        -            324 37955at5125          -            279   1.8e-07   29.4   4.0   1   2         7     2e+03   -3.5   0.0   128   145     2    19     1    23 0.81 FUN_004113
FUN_004113-T1        -            324 37955at5125          -            279   1.8e-07   29.4   4.0   2   2   6.3e-10   1.8e-07   29.4   4.0     7   271    39   312    33   320 0.77 FUN_004113
FUN_000149-T1        -            315 37955at5125          -            279   0.00017   19.7   0.6   1   2   4.2e-05     0.012   13.6   0.1   148   269    74   208    66   210 0.78 FUN_000149
FUN_000149-T1        -            315 37955at5125          -            279   0.00017   19.7   0.6   2   2   0.00028      0.08   10.9   0.1   125   221   148   254   135   285 0.75 FUN_000149
FUN_001695-T1        -            315 37955at5125          -            279   0.00056   18.0   4.6   1   2   2.7e-06   0.00079   17.5   2.9     4   173    18   184    15   203 0.74 FUN_001695
FUN_001695-T1        -            315 37955at5125          -            279   0.00056   18.0   4.6   2   2       2.5   7.3e+02   -2.1   0.0   102   121   219   238   199   261 0.68 FUN_001695
FUN_003356-T1        -            377 37955at5125          -            279      0.18    9.7   4.8   1   2   0.00066      0.19    9.7   1.5     8   186    87   262    80   267 0.78 FUN_003356
FUN_003356-T1        -            377 37955at5125          -            279      0.18    9.7   4.8   2   2     0.024         7    4.5   0.4   141   187   217   263   193   365 0.89 FUN_003356
#
# Program:         hmmsearch
# Version:         3.1b2 (February 2015)
# Pipeline mode:   SEARCH
# Query file:      /home/zack/funannotate_db/hypocreales_odb10/hmms/37955at5125.hmm
# Target file:     /home/zack/Desktop/IsariaPreferralGenome/MyGenomeSubmittedToNCBI/HypocrealesProteinSets/Epichloe_festucae_RoseCity.proteins.fa
# Option settings: hmmsearch --domtblout /home/zack/Desktop/IsariaPreferralGenome/MyGenomeSubmittedToNCBI/HypocrealesProteinSets/BUSCO_AA_all/BUSCO_AA_Efestucae_RoseCity/run_hypocreales_odb10/hmmer_output/initial_run_results/37955at5125.out --cpu 1 /home/zack/funannotate_db/hypocreales_odb10/hmms/37955at5125.hmm /home/zack/Desktop/IsariaPreferralGenome/MyGenomeSubmittedToNCBI/HypocrealesProteinSets/Epichloe_festucae_RoseCity.proteins.fa 
# Current dir:     /home/zack/Desktop/IsariaPreferralGenome/MyGenomeSubmittedToNCBI/HypocrealesProteinSets/BUSCO_AA_all
# Date:            Mon Mar  4 15:20:41 2024
# [ok]
