#                                                                            --- full sequence --- -------------- this domain -------------   hmm coord   ali coord   env coord
# target name        accession   tlen query name           accession   qlen   E-value  score  bias   #  of  c-Evalue  i-Evalue  score  bias  from    to  from    to  from    to  acc description of target
#------------------- ---------- ----- -------------------- ---------- ----- --------- ------ ----- --- --- --------- --------- ------ ----- ----- ----- ----- ----- ----- ----- ---- ---------------------
FUN_005032-T1        -            290 41990at5125          -            217  1.7e-110  366.4   0.0   1   1  1.6e-113  2.3e-110  366.0   0.0     6   217    56   284    54   284 0.93 FUN_005032
FUN_002889-T1        -            272 41990at5125          -            217     5e-16   57.6   0.0   1   1   6.1e-19   8.4e-16   56.9   0.0    13   156    61   228    52   247 0.72 FUN_002889
FUN_003918-T1        -            285 41990at5125          -            217   1.4e-15   56.1   0.0   1   2     6e-12   8.3e-09   34.0   0.0    15    78    52   125    40   138 0.81 FUN_003918
FUN_003918-T1        -            285 41990at5125          -            217   1.4e-15   56.1   0.0   2   2   1.1e-07   0.00015   20.1   0.0    89   155   164   232   155   257 0.81 FUN_003918
FUN_002747-T1        -            298 41990at5125          -            217   3.3e-07   28.8   0.0   1   2     0.024        33    2.6   0.0    53    71    83   101    70   110 0.85 FUN_002747
FUN_002747-T1        -            298 41990at5125          -            217   3.3e-07   28.8   0.0   2   2   7.8e-09   1.1e-05   23.8   0.0    91   133   175   217   162   274 0.77 FUN_002747
FUN_004242-T1        -            211 41990at5125          -            217   3.6e-07   28.6   0.0   1   1   4.4e-10     6e-07   27.9   0.0    13   123     9   127     4   140 0.73 FUN_004242
#
# Program:         hmmsearch
# Version:         3.1b2 (February 2015)
# Pipeline mode:   SEARCH
# Query file:      /home/zack/funannotate_db/hypocreales_odb10/hmms/41990at5125.hmm
# Target file:     /home/zack/Desktop/IsariaPreferralGenome/MyGenomeSubmittedToNCBI/HypocrealesProteinSets/Epichloe_festucae_RoseCity.proteins.fa
# Option settings: hmmsearch --domtblout /home/zack/Desktop/IsariaPreferralGenome/MyGenomeSubmittedToNCBI/HypocrealesProteinSets/BUSCO_AA_all/BUSCO_AA_Efestucae_RoseCity/run_hypocreales_odb10/hmmer_output/initial_run_results/41990at5125.out --cpu 1 /home/zack/funannotate_db/hypocreales_odb10/hmms/41990at5125.hmm /home/zack/Desktop/IsariaPreferralGenome/MyGenomeSubmittedToNCBI/HypocrealesProteinSets/Epichloe_festucae_RoseCity.proteins.fa 
# Current dir:     /home/zack/Desktop/IsariaPreferralGenome/MyGenomeSubmittedToNCBI/HypocrealesProteinSets/BUSCO_AA_all
# Date:            Mon Mar  4 15:20:50 2024
# [ok]
