#                                                                            --- full sequence --- -------------- this domain -------------   hmm coord   ali coord   env coord
# target name        accession   tlen query name           accession   qlen   E-value  score  bias   #  of  c-Evalue  i-Evalue  score  bias  from    to  from    to  from    to  acc description of target
#------------------- ---------- ----- -------------------- ---------- ----- --------- ------ ----- --- --- --------- --------- ------ ----- ----- ----- ----- ----- ----- ----- ---- ---------------------
FUN_004528-T1        -             94 59126at5125          -             70   1.9e-44  148.7   2.4   1   2       2.9     5e+03   -3.3   1.2    52    60    10    18     3    18 0.60 FUN_004528
FUN_004528-T1        -             94 59126at5125          -             70   1.9e-44  148.7   2.4   2   2   1.1e-47   1.9e-44  148.7   2.4     1    70    20    89    20    89 0.99 FUN_004528
FUN_004606-T1        -            355 59126at5125          -             70   2.2e-05   23.5   0.1   1   1   2.7e-08   4.6e-05   22.4   0.1    25    69     9    53     2    54 0.91 FUN_004606
FUN_001773-T1        -            218 59126at5125          -             70     0.019   14.1   0.1   1   4       3.3   5.7e+03   -3.5   0.2    49    57    99   105    87   111 0.46 FUN_001773
FUN_001773-T1        -            218 59126at5125          -             70     0.019   14.1   0.1   2   4       2.4   4.2e+03   -3.1   0.1    42    55   129   142   125   144 0.63 FUN_001773
FUN_001773-T1        -            218 59126at5125          -             70     0.019   14.1   0.1   3   4       1.1   1.8e+03   -1.9   0.0    37    52   165   180   152   185 0.46 FUN_001773
FUN_001773-T1        -            218 59126at5125          -             70     0.019   14.1   0.1   4   4   1.1e-05     0.019   14.1   0.1    13    40   186   213   178   218 0.85 FUN_001773
FUN_004761-T1        -           1060 59126at5125          -             70     0.022   13.9   0.5   1   1   4.6e-05     0.079   12.1   0.5     6    63   931   996   926  1003 0.66 FUN_004761
#
# Program:         hmmsearch
# Version:         3.1b2 (February 2015)
# Pipeline mode:   SEARCH
# Query file:      /home/zack/funannotate_db/hypocreales_odb10/hmms/59126at5125.hmm
# Target file:     /home/zack/Desktop/IsariaPreferralGenome/MyGenomeSubmittedToNCBI/HypocrealesProteinSets/Epichloe_festucae_RoseCity.proteins.fa
# Option settings: hmmsearch --domtblout /home/zack/Desktop/IsariaPreferralGenome/MyGenomeSubmittedToNCBI/HypocrealesProteinSets/BUSCO_AA_all/BUSCO_AA_Efestucae_RoseCity/run_hypocreales_odb10/hmmer_output/initial_run_results/59126at5125.out --cpu 1 /home/zack/funannotate_db/hypocreales_odb10/hmms/59126at5125.hmm /home/zack/Desktop/IsariaPreferralGenome/MyGenomeSubmittedToNCBI/HypocrealesProteinSets/Epichloe_festucae_RoseCity.proteins.fa 
# Current dir:     /home/zack/Desktop/IsariaPreferralGenome/MyGenomeSubmittedToNCBI/HypocrealesProteinSets/BUSCO_AA_all
# Date:            Mon Mar  4 15:21:00 2024
# [ok]
