#                                                                            --- full sequence --- -------------- this domain -------------   hmm coord   ali coord   env coord
# target name        accession   tlen query name           accession   qlen   E-value  score  bias   #  of  c-Evalue  i-Evalue  score  bias  from    to  from    to  from    to  acc description of target
#------------------- ---------- ----- -------------------- ---------- ----- --------- ------ ----- --- --- --------- --------- ------ ----- ----- ----- ----- ----- ----- ----- ---- ---------------------
FUN_001800-T1        -            639 10538at5125          -            485  8.2e-276  914.4  12.8   1   2   1.8e-09   2.4e-06   25.8   3.4     1    55    22   112    22   119 0.77 FUN_001800
FUN_001800-T1        -            639 10538at5125          -            485  8.2e-276  914.4  12.8   2   2  9.9e-272  1.3e-268  890.7   2.0    38   485   125   605   113   605 0.95 FUN_001800
FUN_000923-T1        -            849 10538at5125          -            485     4e-31  107.5   0.1   1   2   3.6e-32   4.7e-29  100.6   0.0    85   267   296   491   290   502 0.83 FUN_000923
FUN_000923-T1        -            849 10538at5125          -            485     4e-31  107.5   0.1   2   2    0.0064       8.3    4.2   0.1   325   354   595   624   568   635 0.74 FUN_000923
FUN_005609-T1        -            446 10538at5125          -            485   4.3e-17   61.2   1.0   1   2       0.2   2.6e+02   -0.8   0.0    76   112    48    84    28    87 0.72 FUN_005609
FUN_005609-T1        -            446 10538at5125          -            485   4.3e-17   61.2   1.0   2   2   1.1e-18   1.5e-15   56.1   0.3   172   470   123   431   107   445 0.74 FUN_005609
FUN_004765-T1        -            472 10538at5125          -            485   9.5e-11   40.3   0.0   1   1   2.2e-13   2.9e-10   38.7   0.0    76   455    11   406     2   419 0.70 FUN_004765
FUN_008592-T1        -            824 10538at5125          -            485   3.2e-08   31.9   0.4   1   2   5.4e-05      0.07   11.0   0.0    87   232   419   562   413   581 0.72 FUN_008592
FUN_008592-T1        -            824 10538at5125          -            485   3.2e-08   31.9   0.4   2   2   2.3e-07    0.0003   18.8   0.1   310   400   639   727   629   767 0.92 FUN_008592
FUN_002519-T1        -           1039 10538at5125          -            485   0.00059   17.9   0.2   1   2       1.2   1.5e+03   -3.3   0.0    87   108   522   543   521   547 0.85 FUN_002519
FUN_002519-T1        -           1039 10538at5125          -            485   0.00059   17.9   0.2   2   2   1.1e-06    0.0015   16.5   0.1   165   237   564   634   554   644 0.90 FUN_002519
FUN_002865-T1        -            723 10538at5125          -            485   0.00093   17.2   0.0   1   2     0.029        37    2.0   0.0    86   113   293   321   280   466 0.76 FUN_002865
FUN_002865-T1        -            723 10538at5125          -            485   0.00093   17.2   0.0   2   2   1.3e-05     0.017   13.1   0.0   312   432   512   644   502   687 0.76 FUN_002865
#
# Program:         hmmsearch
# Version:         3.1b2 (February 2015)
# Pipeline mode:   SEARCH
# Query file:      /home/zack/funannotate_db/hypocreales_odb10/hmms/10538at5125.hmm
# Target file:     /home/zack/Desktop/IsariaPreferralGenome/MyGenomeSubmittedToNCBI/HypocrealesProteinSets/Trichoderma_reesei_QM6a.proteins.fa
# Option settings: hmmsearch --domtblout /home/zack/Desktop/IsariaPreferralGenome/MyGenomeSubmittedToNCBI/HypocrealesProteinSets/BUSCO_AA_all/BUSCO_AA_Treesei_QM6a/run_hypocreales_odb10/hmmer_output/initial_run_results/10538at5125.out --cpu 1 /home/zack/funannotate_db/hypocreales_odb10/hmms/10538at5125.hmm /home/zack/Desktop/IsariaPreferralGenome/MyGenomeSubmittedToNCBI/HypocrealesProteinSets/Trichoderma_reesei_QM6a.proteins.fa 
# Current dir:     /home/zack/Desktop/IsariaPreferralGenome/MyGenomeSubmittedToNCBI/HypocrealesProteinSets/BUSCO_AA_all
# Date:            Mon Mar  4 15:41:34 2024
# [ok]
