#                                                                            --- full sequence --- -------------- this domain -------------   hmm coord   ali coord   env coord
# target name        accession   tlen query name           accession   qlen   E-value  score  bias   #  of  c-Evalue  i-Evalue  score  bias  from    to  from    to  from    to  acc description of target
#------------------- ---------- ----- -------------------- ---------- ----- --------- ------ ----- --- --- --------- --------- ------ ----- ----- ----- ----- ----- ----- ----- ---- ---------------------
FUN_008588-T1        -            568 15628at5125          -            476  1.6e-257  853.8   8.9   1   1  3.4e-260  3.9e-257  852.5   8.9     1   476    18   568    18   568 0.93 FUN_008588
FUN_006482-T1        -            470 15628at5125          -            476   1.3e-44  151.7   1.8   1   2   3.6e-46   4.1e-43  146.8   1.2     3   290    62   384    60   392 0.85 FUN_006482
FUN_006482-T1        -            470 15628at5125          -            476   1.3e-44  151.7   1.8   2   2      0.99   1.1e+03   -3.1   0.0   413   442   398   427   381   443 0.78 FUN_006482
FUN_009137-T1        -            346 15628at5125          -            476   6.1e-34  116.5   0.7   1   1   7.1e-37   8.1e-34  116.1   0.7    20   244    32   264    14   268 0.86 FUN_009137
FUN_005137-T1        -            334 15628at5125          -            476   4.7e-31  107.0   0.1   1   1   5.2e-34     6e-31  106.7   0.1    43   266    65   305    47   326 0.84 FUN_005137
FUN_000415-T1        -            437 15628at5125          -            476   3.1e-24   84.5   0.3   1   1   3.8e-27   4.3e-24   84.1   0.3    45   248   142   359   137   388 0.87 FUN_000415
FUN_002368-T1        -            359 15628at5125          -            476   5.2e-20   70.6   0.2   1   1   1.5e-21   1.7e-18   65.6   0.2    39   247    67   302    60   305 0.75 FUN_002368
FUN_005333-T1        -            355 15628at5125          -            476   1.2e-11   43.0   0.0   1   2     3e-05     0.034   11.9   0.0   133   159   159   185   133   195 0.85 FUN_005333
FUN_005333-T1        -            355 15628at5125          -            476   1.2e-11   43.0   0.0   2   2   1.7e-10   1.9e-07   29.2   0.0   178   283   233   348   224   352 0.77 FUN_005333
FUN_004467-T1        -            820 15628at5125          -            476    0.0024   15.6   0.0   1   1   3.3e-06    0.0038   15.0   0.0   359   423   166   230   163   236 0.95 FUN_004467
#
# Program:         hmmsearch
# Version:         3.1b2 (February 2015)
# Pipeline mode:   SEARCH
# Query file:      /home/zack/funannotate_db/hypocreales_odb10/hmms/15628at5125.hmm
# Target file:     /home/zack/Desktop/IsariaPreferralGenome/MyGenomeSubmittedToNCBI/HypocrealesProteinSets/Trichoderma_reesei_QM6a.proteins.fa
# Option settings: hmmsearch --domtblout /home/zack/Desktop/IsariaPreferralGenome/MyGenomeSubmittedToNCBI/HypocrealesProteinSets/BUSCO_AA_all/BUSCO_AA_Treesei_QM6a/run_hypocreales_odb10/hmmer_output/initial_run_results/15628at5125.out --cpu 1 /home/zack/funannotate_db/hypocreales_odb10/hmms/15628at5125.hmm /home/zack/Desktop/IsariaPreferralGenome/MyGenomeSubmittedToNCBI/HypocrealesProteinSets/Trichoderma_reesei_QM6a.proteins.fa 
# Current dir:     /home/zack/Desktop/IsariaPreferralGenome/MyGenomeSubmittedToNCBI/HypocrealesProteinSets/BUSCO_AA_all
# Date:            Mon Mar  4 15:41:20 2024
# [ok]
