#                                                                            --- full sequence --- -------------- this domain -------------   hmm coord   ali coord   env coord
# target name        accession   tlen query name           accession   qlen   E-value  score  bias   #  of  c-Evalue  i-Evalue  score  bias  from    to  from    to  from    to  acc description of target
#------------------- ---------- ----- -------------------- ---------- ----- --------- ------ ----- --- --- --------- --------- ------ ----- ----- ----- ----- ----- ----- ----- ---- ---------------------
FUN_002356-T1        -            613 15972at5125          -            398  1.4e-181  602.7  14.6   1   2  1.9e-170  2.9e-167  555.5  10.0     1   377    65   527    65   544 0.84 FUN_002356
FUN_002356-T1        -            613 15972at5125          -            398  1.4e-181  602.7  14.6   2   2   2.8e-15   4.2e-12   44.6   0.1   342   398   555   609   539   609 0.72 FUN_002356
FUN_004364-T1        -            409 15972at5125          -            398   4.5e-16   57.7   2.9   1   1   1.8e-17   2.7e-14   51.8   2.6   114   252   177   310   161   353 0.78 FUN_004364
FUN_000443-T1        -            460 15972at5125          -            398   1.8e-09   36.0  10.4   1   2   1.6e-10   2.5e-07   28.9   7.9   120   248   150   282   137   286 0.82 FUN_000443
FUN_000443-T1        -            460 15972at5125          -            398   1.8e-09   36.0  10.4   2   2   0.00056      0.85    7.4   0.0   274   304   290   320   283   328 0.83 FUN_000443
FUN_004255-T1        -            476 15972at5125          -            398   4.7e-08   31.3   6.4   1   1   4.3e-10   6.6e-07   27.5   6.5   122   248   157   287   143   340 0.78 FUN_004255
FUN_003363-T1        -            456 15972at5125          -            398   2.1e-07   29.2   4.7   1   2   9.7e-09   1.5e-05   23.1   1.5   116   243   142   271   132   280 0.75 FUN_003363
FUN_003363-T1        -            456 15972at5125          -            398   2.1e-07   29.2   4.7   2   2   0.00064      0.97    7.2   0.1   274   303   284   313   267   322 0.80 FUN_003363
FUN_003510-T1        -            460 15972at5125          -            398   2.2e-05   22.5   7.4   1   2   5.8e-08   8.9e-05   20.5   3.8   124   245   163   288   152   295 0.76 FUN_003510
FUN_003510-T1        -            460 15972at5125          -            398   2.2e-05   22.5   7.4   2   2    0.0099        15    3.3   0.1   277   304   302   328   296   379 0.70 FUN_003510
#
# Program:         hmmsearch
# Version:         3.1b2 (February 2015)
# Pipeline mode:   SEARCH
# Query file:      /home/zack/funannotate_db/hypocreales_odb10/hmms/15972at5125.hmm
# Target file:     /home/zack/Desktop/IsariaPreferralGenome/MyGenomeSubmittedToNCBI/HypocrealesProteinSets/Trichoderma_reesei_QM6a.proteins.fa
# Option settings: hmmsearch --domtblout /home/zack/Desktop/IsariaPreferralGenome/MyGenomeSubmittedToNCBI/HypocrealesProteinSets/BUSCO_AA_all/BUSCO_AA_Treesei_QM6a/run_hypocreales_odb10/hmmer_output/initial_run_results/15972at5125.out --cpu 1 /home/zack/funannotate_db/hypocreales_odb10/hmms/15972at5125.hmm /home/zack/Desktop/IsariaPreferralGenome/MyGenomeSubmittedToNCBI/HypocrealesProteinSets/Trichoderma_reesei_QM6a.proteins.fa 
# Current dir:     /home/zack/Desktop/IsariaPreferralGenome/MyGenomeSubmittedToNCBI/HypocrealesProteinSets/BUSCO_AA_all
# Date:            Mon Mar  4 15:41:36 2024
# [ok]
