#                                                                            --- full sequence --- -------------- this domain -------------   hmm coord   ali coord   env coord
# target name        accession   tlen query name           accession   qlen   E-value  score  bias   #  of  c-Evalue  i-Evalue  score  bias  from    to  from    to  from    to  acc description of target
#------------------- ---------- ----- -------------------- ---------- ----- --------- ------ ----- --- --- --------- --------- ------ ----- ----- ----- ----- ----- ----- ----- ---- ---------------------
FUN_001422-T1        -           1220 1767at5125           -           1010         0 2061.3   9.2   1   3   1.8e-05     0.034   10.6   0.0     2    29    10    52     9    74 0.67 FUN_001422
FUN_001422-T1        -           1220 1767at5125           -           1010         0 2061.3   9.2   2   3  4.8e-263  8.7e-260  863.3   4.1    20   437   104   557    91   569 0.95 FUN_001422
FUN_001422-T1        -           1220 1767at5125           -           1010         0 2061.3   9.2   3   3         0         0 1188.5   0.1   434  1004   580  1198   564  1213 0.96 FUN_001422
FUN_005299-T1        -            738 1767at5125           -           1010     2e-88  296.1   1.7   1   2     1e-83   1.8e-80  269.7   0.1    40   415    87   503    81   518 0.84 FUN_005299
FUN_005299-T1        -            738 1767at5125           -           1010     2e-88  296.1   1.7   2   2   5.7e-10     1e-06   25.6   0.3   955  1003   660   708   653   714 0.92 FUN_005299
FUN_008230-T1        -           2289 1767at5125           -           1010   1.9e-51  173.7   0.1   1   4   4.3e-45   7.8e-42  141.8   0.1    60   287   152   417   118   422 0.77 FUN_008230
FUN_008230-T1        -           2289 1767at5125           -           1010   1.9e-51  173.7   0.1   2   4   6.3e-05      0.11    8.9   0.0   292   391   448   556   438   596 0.73 FUN_008230
FUN_008230-T1        -           2289 1767at5125           -           1010   1.9e-51  173.7   0.1   3   4   6.9e-06     0.013   12.1   0.0   951  1004   699   752   683   756 0.90 FUN_008230
FUN_008230-T1        -           2289 1767at5125           -           1010   1.9e-51  173.7   0.1   4   4      0.32   5.9e+02   -3.4   0.0     7    48  1829  1870  1825  1872 0.89 FUN_008230
FUN_004246-T1        -           2221 1767at5125           -           1010   3.7e-12   43.6   0.9   1   2   1.4e-09   2.6e-06   24.3   0.1    16   278   471   741   456   764 0.71 FUN_004246
FUN_004246-T1        -           2221 1767at5125           -           1010   3.7e-12   43.6   0.9   2   2   1.2e-07   0.00022   17.9   0.1    72   274  1061  1273  1051  1287 0.74 FUN_004246
FUN_000648-T1        -           1164 1767at5125           -           1010   9.6e-12   42.2   0.1   1   2   9.7e-10   1.8e-06   24.8   0.0    75   298   188   422   124   454 0.78 FUN_000648
FUN_000648-T1        -           1164 1767at5125           -           1010   9.6e-12   42.2   0.1   2   2     7e-07    0.0013   15.3   0.0    76   194   726   847   713   860 0.75 FUN_000648
#
# Program:         hmmsearch
# Version:         3.1b2 (February 2015)
# Pipeline mode:   SEARCH
# Query file:      /home/zack/funannotate_db/hypocreales_odb10/hmms/1767at5125.hmm
# Target file:     /home/zack/Desktop/IsariaPreferralGenome/MyGenomeSubmittedToNCBI/HypocrealesProteinSets/Trichoderma_reesei_QM6a.proteins.fa
# Option settings: hmmsearch --domtblout /home/zack/Desktop/IsariaPreferralGenome/MyGenomeSubmittedToNCBI/HypocrealesProteinSets/BUSCO_AA_all/BUSCO_AA_Treesei_QM6a/run_hypocreales_odb10/hmmer_output/initial_run_results/1767at5125.out --cpu 1 /home/zack/funannotate_db/hypocreales_odb10/hmms/1767at5125.hmm /home/zack/Desktop/IsariaPreferralGenome/MyGenomeSubmittedToNCBI/HypocrealesProteinSets/Trichoderma_reesei_QM6a.proteins.fa 
# Current dir:     /home/zack/Desktop/IsariaPreferralGenome/MyGenomeSubmittedToNCBI/HypocrealesProteinSets/BUSCO_AA_all
# Date:            Mon Mar  4 15:41:46 2024
# [ok]
