#                                                                            --- full sequence --- -------------- this domain -------------   hmm coord   ali coord   env coord
# target name        accession   tlen query name           accession   qlen   E-value  score  bias   #  of  c-Evalue  i-Evalue  score  bias  from    to  from    to  from    to  acc description of target
#------------------- ---------- ----- -------------------- ---------- ----- --------- ------ ----- --- --- --------- --------- ------ ----- ----- ----- ----- ----- ----- ----- ---- ---------------------
FUN_002251-T1        -            634 20021at5125          -            497  6.3e-263  872.0  21.3   1   2   2.8e-08   6.3e-05   20.9   0.0     1    23    21    43    21    51 0.92 FUN_002251
FUN_002251-T1        -            634 20021at5125          -            497  6.3e-263  872.0  21.3   2   2    3e-258  6.7e-255  845.5  20.2    15   497    94   632    89   632 0.92 FUN_002251
FUN_000358-T1        -            754 20021at5125          -            497  6.9e-140  466.1  22.9   1   2   1.6e-11   3.8e-08   31.6   0.1    26   109   194   308   186   324 0.71 FUN_000358
FUN_000358-T1        -            754 20021at5125          -            497  6.9e-140  466.1  22.9   2   2  3.3e-133  7.6e-130  433.0  17.9   105   496   328   738   313   739 0.90 FUN_000358
FUN_007552-T1        -            566 20021at5125          -            497   4.4e-11   41.3  18.2   1   1   2.7e-14   6.1e-11   40.8  18.2   107   493   147   552   135   556 0.73 FUN_007552
FUN_007788-T1        -            657 20021at5125          -            497   1.2e-05   23.4   4.5   1   2   5.1e-09   1.2e-05   23.4   4.5   123   266   261   411   229   425 0.75 FUN_007788
FUN_007788-T1        -            657 20021at5125          -            497   1.2e-05   23.4   4.5   2   2      0.04        91    0.6   0.4   418   473   568   622   539   650 0.75 FUN_007788
#
# Program:         hmmsearch
# Version:         3.1b2 (February 2015)
# Pipeline mode:   SEARCH
# Query file:      /home/zack/funannotate_db/hypocreales_odb10/hmms/20021at5125.hmm
# Target file:     /home/zack/Desktop/IsariaPreferralGenome/MyGenomeSubmittedToNCBI/HypocrealesProteinSets/Trichoderma_reesei_QM6a.proteins.fa
# Option settings: hmmsearch --domtblout /home/zack/Desktop/IsariaPreferralGenome/MyGenomeSubmittedToNCBI/HypocrealesProteinSets/BUSCO_AA_all/BUSCO_AA_Treesei_QM6a/run_hypocreales_odb10/hmmer_output/initial_run_results/20021at5125.out --cpu 1 /home/zack/funannotate_db/hypocreales_odb10/hmms/20021at5125.hmm /home/zack/Desktop/IsariaPreferralGenome/MyGenomeSubmittedToNCBI/HypocrealesProteinSets/Trichoderma_reesei_QM6a.proteins.fa 
# Current dir:     /home/zack/Desktop/IsariaPreferralGenome/MyGenomeSubmittedToNCBI/HypocrealesProteinSets/BUSCO_AA_all
# Date:            Mon Mar  4 15:41:40 2024
# [ok]
