#                                                                            --- full sequence --- -------------- this domain -------------   hmm coord   ali coord   env coord
# target name        accession   tlen query name           accession   qlen   E-value  score  bias   #  of  c-Evalue  i-Evalue  score  bias  from    to  from    to  from    to  acc description of target
#------------------- ---------- ----- -------------------- ---------- ----- --------- ------ ----- --- --- --------- --------- ------ ----- ----- ----- ----- ----- ----- ----- ---- ---------------------
FUN_009262-T1        -            529 20107at5125          -            487  2.4e-299  991.7  15.4   1   1    3e-302  2.8e-299  991.5  15.4     1   487     2   526     2   526 0.96 FUN_009262
FUN_008593-T1        -            551 20107at5125          -            487   1.9e-66  223.6   8.4   1   1   2.8e-69   2.5e-66  223.2   8.4    16   444    34   484    22   505 0.88 FUN_008593
FUN_002550-T1        -            556 20107at5125          -            487   3.5e-65  219.5   9.1   1   1   4.8e-68   4.4e-65  219.1   9.1     4   479     8   513     5   516 0.84 FUN_002550
FUN_006691-T1        -            533 20107at5125          -            487   2.4e-62  210.1  12.7   1   1   3.4e-65   3.1e-62  209.7  12.7    14   445    19   476    15   519 0.81 FUN_006691
FUN_009042-T1        -            566 20107at5125          -            487   2.1e-61  207.0  13.8   1   2   2.7e-64   2.5e-61  206.7  12.9    16   445    21   478    12   501 0.83 FUN_009042
FUN_009042-T1        -            566 20107at5125          -            487   2.1e-61  207.0  13.8   2   2      0.54   4.9e+02   -2.0   0.0   442   478   503   540   478   543 0.76 FUN_009042
FUN_002556-T1        -            546 20107at5125          -            487   2.2e-46  157.4   2.9   1   1   3.3e-49     3e-46  157.0   2.9    15   479    15   514     3   517 0.80 FUN_002556
FUN_001579-T1        -            540 20107at5125          -            487   2.6e-45  153.9   2.5   1   1   3.9e-48   3.5e-45  153.5   2.5    14   479    15   512     3   515 0.80 FUN_001579
FUN_006833-T1        -            547 20107at5125          -            487     3e-37  127.3   5.7   1   1   4.3e-40   3.9e-37  126.9   5.7    19   443    26   468     9   496 0.85 FUN_006833
FUN_007024-T1        -            582 20107at5125          -            487   1.6e-12   45.8   8.2   1   2     3e-13   2.8e-10   38.4   1.8    17   135    40   162    32   240 0.82 FUN_007024
FUN_007024-T1        -            582 20107at5125          -            487   1.6e-12   45.8   8.2   2   2   5.8e-05     0.053   11.1   0.5   348   476   406   544   395   551 0.75 FUN_007024
FUN_002351-T1        -           2489 20107at5125          -            487     0.073   10.6   0.0   1   1   0.00013      0.12   10.0   0.0   252   365   907  1028   892  1040 0.87 FUN_002351
#
# Program:         hmmsearch
# Version:         3.1b2 (February 2015)
# Pipeline mode:   SEARCH
# Query file:      /home/zack/funannotate_db/hypocreales_odb10/hmms/20107at5125.hmm
# Target file:     /home/zack/Desktop/IsariaPreferralGenome/MyGenomeSubmittedToNCBI/HypocrealesProteinSets/Trichoderma_reesei_QM6a.proteins.fa
# Option settings: hmmsearch --domtblout /home/zack/Desktop/IsariaPreferralGenome/MyGenomeSubmittedToNCBI/HypocrealesProteinSets/BUSCO_AA_all/BUSCO_AA_Treesei_QM6a/run_hypocreales_odb10/hmmer_output/initial_run_results/20107at5125.out --cpu 1 /home/zack/funannotate_db/hypocreales_odb10/hmms/20107at5125.hmm /home/zack/Desktop/IsariaPreferralGenome/MyGenomeSubmittedToNCBI/HypocrealesProteinSets/Trichoderma_reesei_QM6a.proteins.fa 
# Current dir:     /home/zack/Desktop/IsariaPreferralGenome/MyGenomeSubmittedToNCBI/HypocrealesProteinSets/BUSCO_AA_all
# Date:            Mon Mar  4 15:41:45 2024
# [ok]
