#                                                                            --- full sequence --- -------------- this domain -------------   hmm coord   ali coord   env coord
# target name        accession   tlen query name           accession   qlen   E-value  score  bias   #  of  c-Evalue  i-Evalue  score  bias  from    to  from    to  from    to  acc description of target
#------------------- ---------- ----- -------------------- ---------- ----- --------- ------ ----- --- --- --------- --------- ------ ----- ----- ----- ----- ----- ----- ----- ---- ---------------------
FUN_008215-T1        -            515 21392at5125          -            431    2e-249  826.5   3.5   1   1  9.1e-252  1.2e-248  823.9   3.5     1   431    15   512    15   512 0.94 FUN_008215
FUN_001212-T1        -            370 21392at5125          -            431   5.9e-59  198.9   0.0   1   1   5.8e-62   7.5e-59  198.5   0.0     6   311    37   357    32   362 0.87 FUN_001212
FUN_005952-T1        -            443 21392at5125          -            431   4.4e-49  166.4   0.1   1   1   1.4e-51   1.9e-48  164.3   0.1     8   298    91   416    85   422 0.81 FUN_005952
FUN_009283-T1        -            299 21392at5125          -            431   2.2e-35  121.2   0.3   1   1   2.2e-38   2.8e-35  120.8   0.3    29   299    14   292     4   295 0.87 FUN_009283
FUN_006634-T1        -            359 21392at5125          -            431   3.4e-06   25.0   2.7   1   3   3.5e-05     0.045   11.4   0.0    11   112    13   113     7   131 0.87 FUN_006634
FUN_006634-T1        -            359 21392at5125          -            431   3.4e-06   25.0   2.7   2   3   1.5e-05     0.019   12.7   0.3   107   207   138   233   127   244 0.75 FUN_006634
FUN_006634-T1        -            359 21392at5125          -            431   3.4e-06   25.0   2.7   3   3      0.22   2.9e+02   -1.1   0.0   243   274   283   314   275   344 0.70 FUN_006634
FUN_002358-T1        -            578 21392at5125          -            431     0.011   13.5   0.1   1   1   1.1e-05     0.014   13.1   0.1    26   219    97   282    71   322 0.63 FUN_002358
FUN_007215-T1        -            401 21392at5125          -            431     0.033   11.9   0.3   1   2    0.0048       6.3    4.4   0.0    39   116    76   157    65   172 0.75 FUN_007215
FUN_007215-T1        -            401 21392at5125          -            431     0.033   11.9   0.3   2   2     0.002       2.6    5.6   0.1   167   205   237   273   223   278 0.79 FUN_007215
#
# Program:         hmmsearch
# Version:         3.1b2 (February 2015)
# Pipeline mode:   SEARCH
# Query file:      /home/zack/funannotate_db/hypocreales_odb10/hmms/21392at5125.hmm
# Target file:     /home/zack/Desktop/IsariaPreferralGenome/MyGenomeSubmittedToNCBI/HypocrealesProteinSets/Trichoderma_reesei_QM6a.proteins.fa
# Option settings: hmmsearch --domtblout /home/zack/Desktop/IsariaPreferralGenome/MyGenomeSubmittedToNCBI/HypocrealesProteinSets/BUSCO_AA_all/BUSCO_AA_Treesei_QM6a/run_hypocreales_odb10/hmmer_output/initial_run_results/21392at5125.out --cpu 1 /home/zack/funannotate_db/hypocreales_odb10/hmms/21392at5125.hmm /home/zack/Desktop/IsariaPreferralGenome/MyGenomeSubmittedToNCBI/HypocrealesProteinSets/Trichoderma_reesei_QM6a.proteins.fa 
# Current dir:     /home/zack/Desktop/IsariaPreferralGenome/MyGenomeSubmittedToNCBI/HypocrealesProteinSets/BUSCO_AA_all
# Date:            Mon Mar  4 15:41:18 2024
# [ok]
