#                                                                            --- full sequence --- -------------- this domain -------------   hmm coord   ali coord   env coord
# target name        accession   tlen query name           accession   qlen   E-value  score  bias   #  of  c-Evalue  i-Evalue  score  bias  from    to  from    to  from    to  acc description of target
#------------------- ---------- ----- -------------------- ---------- ----- --------- ------ ----- --- --- --------- --------- ------ ----- ----- ----- ----- ----- ----- ----- ---- ---------------------
FUN_000946-T1        -            483 22091at5125          -            352    7e-229  757.7   9.4   1   2       0.1       9.9    4.0   0.0     7    27    46    66    40    84 0.81 FUN_000946
FUN_000946-T1        -            483 22091at5125          -            352    7e-229  757.7   9.4   2   2  3.7e-230  3.7e-228  755.3   5.5    23   352   152   483   137   483 0.98 FUN_000946
FUN_008196-T1        -            483 22091at5125          -            352   1.1e-36  125.6  10.0   1   2     5e-18   4.9e-16   57.6   1.8    45   208    13   175     5   178 0.92 FUN_008196
FUN_008196-T1        -            483 22091at5125          -            352   1.1e-36  125.6  10.0   2   2   4.7e-22   4.6e-20   70.9   1.4    51   177   187   313   175   320 0.94 FUN_008196
FUN_001389-T1        -            961 22091at5125          -            352   2.3e-36  124.5   7.9   1   4   4.3e-09   4.2e-07   28.3   0.1    67   185    45   166    21   176 0.56 FUN_001389
FUN_001389-T1        -            961 22091at5125          -            352   2.3e-36  124.5   7.9   2   4   3.9e-07   3.9e-05   21.8   0.0   100   158   186   245   177   254 0.89 FUN_001389
FUN_001389-T1        -            961 22091at5125          -            352   2.3e-36  124.5   7.9   3   4   2.4e-10   2.3e-08   32.4   0.1    79   202   419   539   405   564 0.89 FUN_001389
FUN_001389-T1        -            961 22091at5125          -            352   2.3e-36  124.5   7.9   4   4   1.2e-13   1.2e-11   43.2   0.2    28   158   590   725   559   734 0.84 FUN_001389
FUN_005503-T1        -            668 22091at5125          -            352   7.2e-35  119.6  15.7   1   2   7.7e-19   7.5e-17   60.3   5.0    89   221   285   411   263   414 0.84 FUN_005503
FUN_005503-T1        -            668 22091at5125          -            352   7.2e-35  119.6  15.7   2   2   3.1e-19     3e-17   61.6   2.9    60   213   416   563   412   580 0.88 FUN_005503
FUN_001306-T1        -            497 22091at5125          -            352   7.8e-34  116.2   7.5   1   2   1.3e-25   1.3e-23   82.5   1.5    32   212   147   337   135   339 0.89 FUN_001306
FUN_001306-T1        -            497 22091at5125          -            352   7.8e-34  116.2   7.5   2   2     4e-11   3.9e-09   34.9   0.4    50   160   344   457   337   473 0.83 FUN_001306
FUN_007790-T1        -            609 22091at5125          -            352   2.8e-33  114.4   3.3   1   3   7.9e-09   7.7e-07   27.4   0.1    49   136   310   403   299   407 0.85 FUN_007790
FUN_007790-T1        -            609 22091at5125          -            352   2.8e-33  114.4   3.3   2   3   1.6e-16   1.5e-14   52.7   0.1    42   159   393   512   393   516 0.91 FUN_007790
FUN_007790-T1        -            609 22091at5125          -            352   2.8e-33  114.4   3.3   3   3   1.3e-11   1.3e-09   36.5   0.1    36   114   526   604   519   607 0.92 FUN_007790
FUN_008094-T1        -            761 22091at5125          -            352   6.2e-33  113.2   4.3   1   3   9.7e-15   9.5e-13   46.8   0.6   121   232   418   523   401   523 0.85 FUN_008094
FUN_008094-T1        -            761 22091at5125          -            352   6.2e-33  113.2   4.3   2   3   3.5e-10   3.4e-08   31.8   0.2    59   139   518   597   510   600 0.91 FUN_008094
FUN_008094-T1        -            761 22091at5125          -            352   6.2e-33  113.2   4.3   3   3   1.2e-11   1.2e-09   36.6   0.0   101   200   654   749   641   754 0.91 FUN_008094
FUN_003710-T1        -           1115 22091at5125          -            352   1.6e-32  111.8  10.4   1   2   5.5e-09   5.3e-07   27.9   0.1   109   243   789   924   747   936 0.63 FUN_003710
FUN_003710-T1        -           1115 22091at5125          -            352   1.6e-32  111.8  10.4   2   2   6.7e-27   6.6e-25   86.8   5.8    36   205   928  1097   922  1104 0.96 FUN_003710
FUN_009070-T1        -            495 22091at5125          -            352   6.1e-32  109.9  14.3   1   2     7e-20   6.8e-18   63.7   9.3    22   222   102   310    91   320 0.83 FUN_009070
FUN_009070-T1        -            495 22091at5125          -            352   6.1e-32  109.9  14.3   2   2   9.9e-15   9.7e-13   46.8   0.2    61   198   355   493   349   495 0.95 FUN_009070
FUN_005704-T1        -            910 22091at5125          -            352   6.5e-32  109.9  13.7   1   5   1.2e-06   0.00012   20.2   0.1    82   181    56   163     3   171 0.71 FUN_005704
FUN_005704-T1        -            910 22091at5125          -            352   6.5e-32  109.9  13.7   2   5   1.3e-10   1.3e-08   33.2   0.0   143   245   201   303   191   344 0.73 FUN_005704
FUN_005704-T1        -            910 22091at5125          -            352   6.5e-32  109.9  13.7   3   5    0.0002     0.019   12.9   0.7    39    95   421   481   383   519 0.81 FUN_005704
FUN_005704-T1        -            910 22091at5125          -            352   6.5e-32  109.9  13.7   4   5   6.9e-06   0.00068   17.7   0.1   166   226   536   596   502   608 0.66 FUN_005704
FUN_005704-T1        -            910 22091at5125          -            352   6.5e-32  109.9  13.7   5   5   9.2e-10     9e-08   30.5   0.1    61   160   613   721   605   759 0.76 FUN_005704
FUN_002730-T1        -            395 22091at5125          -            352   1.6e-31  108.5  10.3   1   4   2.2e-12   2.2e-10   39.1   0.1    21   138    22   142     2   147 0.81 FUN_002730
FUN_002730-T1        -            395 22091at5125          -            352   1.6e-31  108.5  10.3   2   4     5e-11   4.9e-09   34.6   0.4    59   133   155   233   149   245 0.84 FUN_002730
FUN_002730-T1        -            395 22091at5125          -            352   1.6e-31  108.5  10.3   3   4   2.3e-12   2.3e-10   39.0   0.3    57   125   260   328   243   345 0.85 FUN_002730
FUN_002730-T1        -            395 22091at5125          -            352   1.6e-31  108.5  10.3   4   4       2.1   2.1e+02   -0.3   0.0   186   198   381   393   364   395 0.62 FUN_002730
FUN_008313-T1        -            854 22091at5125          -            352   1.1e-29  102.5   2.1   1   3   1.5e-07   1.5e-05   23.2   0.0    87   201    13   127     4   129 0.93 FUN_008313
FUN_008313-T1        -            854 22091at5125          -            352   1.1e-29  102.5   2.1   2   3   1.1e-24   1.1e-22   79.5   0.4    30   160   125   259   125   270 0.90 FUN_008313
FUN_008313-T1        -            854 22091at5125          -            352   1.1e-29  102.5   2.1   3   3       2.8   2.8e+02   -0.7   0.0   267   290   437   460   433   477 0.79 FUN_008313
FUN_001937-T1        -           1054 22091at5125          -            352   5.1e-29  100.4  14.1   1   3   6.2e-09     6e-07   27.7   0.2   105   200   692   801   686   807 0.70 FUN_001937
FUN_001937-T1        -           1054 22091at5125          -            352   5.1e-29  100.4  14.1   2   3   5.1e-16     5e-14   51.0   3.6   121   213   824   914   818   924 0.93 FUN_001937
FUN_001937-T1        -           1054 22091at5125          -            352   5.1e-29  100.4  14.1   3   3   3.7e-08   3.6e-06   25.2   0.2    60   137   927  1001   920  1018 0.88 FUN_001937
FUN_003915-T1        -            339 22091at5125          -            352   7.7e-29   99.8  12.5   1   3   1.2e-17   1.1e-15   56.4   1.4    41   159     8   125     4   126 0.93 FUN_003915
FUN_003915-T1        -            339 22091at5125          -            352   7.7e-29   99.8  12.5   2   3     4e-09     4e-07   28.3   0.3    38    86    88   136    86   138 0.96 FUN_003915
FUN_003915-T1        -            339 22091at5125          -            352   7.7e-29   99.8  12.5   3   3   1.3e-11   1.3e-09   36.5   0.3    38   145   130   236   128   244 0.93 FUN_003915
FUN_002427-T1        -           1190 22091at5125          -            352   2.5e-28   98.1   2.4   1   2   1.9e-18   1.9e-16   59.0   0.4    69   201     9   141     3   149 0.96 FUN_002427
FUN_002427-T1        -           1190 22091at5125          -            352   2.5e-28   98.1   2.4   2   2   4.1e-12     4e-10   38.2   0.1    39   154   179   296   152   319 0.66 FUN_002427
FUN_008726-T1        -            316 22091at5125          -            352     5e-28   97.1   6.8   1   2   4.5e-13   4.4e-11   41.3   0.4    40   137    10   113     4   116 0.88 FUN_008726
FUN_008726-T1        -            316 22091at5125          -            352     5e-28   97.1   6.8   2   2   6.3e-20   6.2e-18   63.9   1.2    41   169   101   232    99   265 0.87 FUN_008726
FUN_006582-T1        -            911 22091at5125          -            352   2.6e-26   91.4   5.9   1   4     0.073       7.2    4.5   0.0    85   172    12    98     5   124 0.74 FUN_006582
FUN_006582-T1        -            911 22091at5125          -            352   2.6e-26   91.4   5.9   2   4   5.6e-05    0.0055   14.7   0.1    33   115   139   223   129   231 0.91 FUN_006582
FUN_006582-T1        -            911 22091at5125          -            352   2.6e-26   91.4   5.9   3   4     0.015       1.4    6.8   0.0   118   174   251   308   239   316 0.82 FUN_006582
FUN_006582-T1        -            911 22091at5125          -            352   2.6e-26   91.4   5.9   4   4   5.3e-20   5.2e-18   64.1   0.5    52   246   312   510   305   561 0.71 FUN_006582
FUN_001048-T1        -            319 22091at5125          -            352   1.4e-25   89.0   1.7   1   2     1e-15     1e-13   50.0   0.3    47   200    35   189    18   196 0.83 FUN_001048
FUN_001048-T1        -            319 22091at5125          -            352   1.4e-25   89.0   1.7   2   2   4.2e-12   4.1e-10   38.2   0.1    41   138   204   313   193   317 0.86 FUN_001048
FUN_006039-T1        -            355 22091at5125          -            352   1.5e-25   89.0   3.4   1   3   8.5e-12   8.3e-10   37.1   0.1    29   167    52   187    25   201 0.82 FUN_006039
FUN_006039-T1        -            355 22091at5125          -            352   1.5e-25   89.0   3.4   2   3   1.1e-10     1e-08   33.6   0.2   140   200   201   261   190   267 0.90 FUN_006039
FUN_006039-T1        -            355 22091at5125          -            352   1.5e-25   89.0   3.4   3   3   6.4e-06   0.00063   17.8   0.0    55   110   292   348   280   354 0.89 FUN_006039
FUN_008090-T1        -            698 22091at5125          -            352   1.1e-24   86.1   5.2   1   2   4.9e-10   4.8e-08   31.4   0.3    44   203   360   514   338   515 0.78 FUN_008090
FUN_008090-T1        -            698 22091at5125          -            352   1.1e-24   86.1   5.2   2   2   2.8e-20   2.7e-18   65.0   1.8    57   205   494   640   492   649 0.95 FUN_008090
FUN_006797-T1        -            519 22091at5125          -            352   4.4e-24   84.1   3.8   1   2   2.9e-20   2.8e-18   65.0   0.9    52   216   254   422   205   429 0.91 FUN_006797
FUN_006797-T1        -            519 22091at5125          -            352   4.4e-24   84.1   3.8   2   2   1.8e-06   0.00017   19.6   0.1    34    76   473   515   456   518 0.90 FUN_006797
FUN_004201-T1        -            653 22091at5125          -            352     1e-23   82.9  10.1   1   4   2.6e-11   2.5e-09   35.6   0.0   162   222   305   365   291   370 0.93 FUN_004201
FUN_004201-T1        -            653 22091at5125          -            352     1e-23   82.9  10.1   2   4     0.018       1.8    6.4   0.1   183   202   366   385   363   389 0.81 FUN_004201
FUN_004201-T1        -            653 22091at5125          -            352     1e-23   82.9  10.1   3   4    0.0029      0.28    9.1   0.2   165   222   427   482   421   497 0.64 FUN_004201
FUN_004201-T1        -            653 22091at5125          -            352     1e-23   82.9  10.1   4   4   1.3e-11   1.3e-09   36.5   0.7   142   262   510   634   492   653 0.67 FUN_004201
FUN_001684-T1        -            358 22091at5125          -            352   2.2e-23   81.8   3.8   1   2   9.7e-09   9.5e-07   27.1   0.6    80   205    63   192    59   194 0.86 FUN_001684
FUN_001684-T1        -            358 22091at5125          -            352   2.2e-23   81.8   3.8   2   2   8.7e-17   8.5e-15   53.6   0.2    42   199   197   357   193   358 0.93 FUN_001684
FUN_008023-T1        -            620 22091at5125          -            352   1.2e-22   79.4   0.8   1   3     0.024       2.3    6.1   0.0    71   120   121   170    98   173 0.65 FUN_008023
FUN_008023-T1        -            620 22091at5125          -            352   1.2e-22   79.4   0.8   2   3   1.6e-22   1.5e-20   72.4   0.1    31   193   164   328   161   338 0.93 FUN_008023
FUN_008023-T1        -            620 22091at5125          -            352   1.2e-22   79.4   0.8   3   3      0.46        45    1.9   0.0   128   157   374   403   361   415 0.78 FUN_008023
FUN_006386-T1        -            750 22091at5125          -            352   9.9e-22   76.4   1.1   1   2       3.2   3.2e+02   -0.9   0.0    45   207   376   411   367   425 0.50 FUN_006386
FUN_006386-T1        -            750 22091at5125          -            352   9.9e-22   76.4   1.1   2   2   3.6e-23   3.5e-21   74.5   0.7    94   285   460   656   455   711 0.89 FUN_006386
FUN_004893-T1        -            773 22091at5125          -            352     1e-21   76.3   0.6   1   2   1.4e-14   1.4e-12   46.3   0.1    35   209     4   189     1   210 0.78 FUN_004893
FUN_004893-T1        -            773 22091at5125          -            352     1e-21   76.3   0.6   2   2   3.5e-09   3.4e-07   28.5   0.1    55   160   211   312   198   319 0.81 FUN_004893
FUN_003860-T1        -            445 22091at5125          -            352   9.5e-20   69.9   4.1   1   2     2e-11   1.9e-09   36.0   0.1   126   200    63   137    29   188 0.71 FUN_003860
FUN_003860-T1        -            445 22091at5125          -            352   9.5e-20   69.9   4.1   2   2   4.1e-11     4e-09   34.9   1.0    57   211   209   365   194   373 0.78 FUN_003860
FUN_002272-T1        -            516 22091at5125          -            352     4e-19   67.8   0.3   1   2   2.9e-15   2.9e-13   48.5   0.1   119   283   214   385   205   394 0.83 FUN_002272
FUN_002272-T1        -            516 22091at5125          -            352     4e-19   67.8   0.3   2   2   8.6e-06   0.00084   17.4   0.0   123   199   437   516   403   516 0.77 FUN_002272
FUN_000837-T1        -            394 22091at5125          -            352     4e-19   67.8   1.2   1   2   9.6e-12   9.4e-10   37.0   0.2    69   199    63   204    48   210 0.80 FUN_000837
FUN_000837-T1        -            394 22091at5125          -            352     4e-19   67.8   1.2   2   2   1.5e-09   1.5e-07   29.8   0.1    80   208   225   357   219   372 0.80 FUN_000837
FUN_004181-T1        -           1419 22091at5125          -            352   1.9e-18   65.5  15.4   1   2     5e-13   4.9e-11   41.2   5.8     7   270   764  1035   760  1090 0.82 FUN_004181
FUN_004181-T1        -           1419 22091at5125          -            352   1.9e-18   65.5  15.4   2   2   3.5e-08   3.4e-06   25.3   2.2    86   295  1120  1346  1114  1356 0.75 FUN_004181
FUN_005446-T1        -           1128 22091at5125          -            352   1.9e-16   59.0   3.2   1   2   0.00066     0.064   11.2   0.0    83   118   154   189   128   203 0.86 FUN_005446
FUN_005446-T1        -           1128 22091at5125          -            352   1.9e-16   59.0   3.2   2   2     2e-14   1.9e-12   45.8   2.1    42   221   217   406   196   438 0.82 FUN_005446
FUN_005695-T1        -            425 22091at5125          -            352   1.3e-13   49.7   1.9   1   2   7.2e-14   7.1e-12   44.0   0.5    59   201   193   350   156   357 0.80 FUN_005695
FUN_005695-T1        -            425 22091at5125          -            352   1.3e-13   49.7   1.9   2   2     0.055       5.4    4.9   0.0    34    76   365   408   352   413 0.83 FUN_005695
FUN_000480-T1        -            491 22091at5125          -            352   1.6e-13   49.4   1.9   1   3   0.00091     0.089   10.7   0.0   287   340    55   110    38   122 0.68 FUN_000480
FUN_000480-T1        -            491 22091at5125          -            352   1.6e-13   49.4   1.9   2   3   2.1e-09     2e-07   29.3   0.3    43   161   132   253   129   264 0.84 FUN_000480
FUN_000480-T1        -            491 22091at5125          -            352   1.6e-13   49.4   1.9   3   3      0.01         1    7.3   0.0    44    87   295   338   274   397 0.77 FUN_000480
FUN_000476-T1        -            528 22091at5125          -            352   1.7e-13   49.3   3.0   1   2   4.8e-13   4.7e-11   41.3   1.2    53   231    47   228    42   235 0.85 FUN_000476
FUN_000476-T1        -            528 22091at5125          -            352   1.7e-13   49.3   3.0   2   2    0.0048      0.47    8.4   0.1   152   201   232   281   216   310 0.80 FUN_000476
FUN_007365-T1        -            996 22091at5125          -            352   6.8e-13   47.3   0.2   1   4   2.1e-10   2.1e-08   32.6   0.0   126   216   333   425   302   450 0.79 FUN_007365
FUN_007365-T1        -            996 22091at5125          -            352   6.8e-13   47.3   0.2   2   4    0.0037      0.36    8.8   0.1    35   125   492   578   474   589 0.45 FUN_007365
FUN_007365-T1        -            996 22091at5125          -            352   6.8e-13   47.3   0.2   3   4      0.14        14    3.5   0.0    52    93   547   588   540   603 0.84 FUN_007365
FUN_007365-T1        -            996 22091at5125          -            352   6.8e-13   47.3   0.2   4   4       4.1     4e+02   -1.3   0.0   317   335   665   683   660   696 0.83 FUN_007365
FUN_005691-T1        -            606 22091at5125          -            352   7.6e-13   47.1   0.1   1   3   4.7e-11   4.6e-09   34.7   0.0    44   161   245   362   233   373 0.83 FUN_005691
FUN_005691-T1        -            606 22091at5125          -            352   7.6e-13   47.1   0.1   2   3     0.094       9.2    4.1   0.0   258   282   392   416   386   434 0.83 FUN_005691
FUN_005691-T1        -            606 22091at5125          -            352   7.6e-13   47.1   0.1   3   3     0.091       8.9    4.2   0.0    47    86   458   497   448   502 0.77 FUN_005691
FUN_004373-T1        -           1041 22091at5125          -            352   1.3e-12   46.4   3.7   1   4       1.8   1.8e+02   -0.1   0.0   131   183   185   235   151   253 0.73 FUN_004373
FUN_004373-T1        -           1041 22091at5125          -            352   1.3e-12   46.4   3.7   2   4     0.083       8.1    4.3   0.0   273   335   301   367   290   373 0.72 FUN_004373
FUN_004373-T1        -           1041 22091at5125          -            352   1.3e-12   46.4   3.7   3   4     0.069       6.7    4.6   0.1    36    76   374   422   368   435 0.70 FUN_004373
FUN_004373-T1        -           1041 22091at5125          -            352   1.3e-12   46.4   3.7   4   4   4.7e-11   4.6e-09   34.7   0.0    85   208   619   743   602   776 0.62 FUN_004373
FUN_006474-T1        -            598 22091at5125          -            352     3e-12   45.2   7.4   1   2   1.4e-11   1.3e-09   36.5   5.6    69   286   313   535   300   541 0.81 FUN_006474
FUN_006474-T1        -            598 22091at5125          -            352     3e-12   45.2   7.4   2   2    0.0023      0.22    9.4   0.0    35    74   534   573   522   577 0.79 FUN_006474
FUN_008749-T1        -            513 22091at5125          -            352   3.2e-12   45.1   0.4   1   1   9.3e-14   9.1e-12   43.6   0.4    47   200   318   468   298   479 0.91 FUN_008749
FUN_004180-T1        -           1273 22091at5125          -            352   1.1e-11   43.3   2.0   1   2   1.3e-09   1.3e-07   29.9   0.0    57   284   663   893   657   899 0.84 FUN_004180
FUN_004180-T1        -           1273 22091at5125          -            352   1.1e-11   43.3   2.0   2   2   0.00023     0.022   12.7   0.1    37   143   896  1002   893  1031 0.80 FUN_004180
FUN_006644-T1        -            800 22091at5125          -            352   1.6e-11   42.8   1.6   1   2   7.8e-08   7.6e-06   24.1   0.7   100   194   531   626   516   640 0.78 FUN_006644
FUN_006644-T1        -            800 22091at5125          -            352   1.6e-11   42.8   1.6   2   2   1.4e-05    0.0014   16.7   0.0   142   227   699   787   642   800 0.76 FUN_006644
FUN_001895-T1        -           1055 22091at5125          -            352   1.6e-11   42.8   0.2   1   4       2.6   2.5e+02   -0.6   0.0    49    73    21    45    16    49 0.68 FUN_001895
FUN_001895-T1        -           1055 22091at5125          -            352   1.6e-11   42.8   0.2   2   4   1.4e-05    0.0014   16.7   0.0    25    78    51   103    41   164 0.80 FUN_001895
FUN_001895-T1        -           1055 22091at5125          -            352   1.6e-11   42.8   0.2   3   4   1.8e-05    0.0018   16.3   0.0    36    75   162   201   155   217 0.87 FUN_001895
FUN_001895-T1        -           1055 22091at5125          -            352   1.6e-11   42.8   0.2   4   4      0.21        21    3.0   0.1   142   203   311   373   303   394 0.73 FUN_001895
FUN_002015-T1        -            775 22091at5125          -            352   1.9e-11   42.5   0.4   1   2   8.3e-07   8.1e-05   20.7   0.0    24    75   398   450   381   458 0.76 FUN_002015
FUN_002015-T1        -            775 22091at5125          -            352   1.9e-11   42.5   0.4   2   2   4.6e-06   0.00045   18.3   0.1    79   207   591   725   527   775 0.74 FUN_002015
FUN_003785-T1        -            842 22091at5125          -            352   2.1e-11   42.4   1.9   1   4     0.024       2.4    6.1   0.0    71   115   400   448   389   456 0.84 FUN_003785
FUN_003785-T1        -            842 22091at5125          -            352   2.1e-11   42.4   1.9   2   4   0.00096     0.094   10.7   0.0   183   232   502   551   494   559 0.75 FUN_003785
FUN_003785-T1        -            842 22091at5125          -            352   2.1e-11   42.4   1.9   3   4       1.4   1.4e+02    0.2   0.0    60   201   563   578   551   584 0.58 FUN_003785
FUN_003785-T1        -            842 22091at5125          -            352   2.1e-11   42.4   1.9   4   4   5.7e-07   5.5e-05   21.3   0.1    57   156   737   840   724   842 0.86 FUN_003785
FUN_005658-T1        -            785 22091at5125          -            352   2.1e-11   42.4   6.2   1   5     0.085       8.3    4.3   0.0   314   338    34    58    19    65 0.77 FUN_005658
FUN_005658-T1        -            785 22091at5125          -            352   2.1e-11   42.4   6.2   2   5   0.00056     0.054   11.4   0.0    35    84    59   113    53   120 0.74 FUN_005658
FUN_005658-T1        -            785 22091at5125          -            352   2.1e-11   42.4   6.2   3   5     0.001       0.1   10.5   0.0    35    78   162   211   149   222 0.77 FUN_005658
FUN_005658-T1        -            785 22091at5125          -            352   2.1e-11   42.4   6.2   4   5     0.034       3.4    5.6   0.2   125   198   317   394   296   402 0.78 FUN_005658
FUN_005658-T1        -            785 22091at5125          -            352   2.1e-11   42.4   6.2   5   5    0.0045      0.44    8.5   0.0    32   161   524   668   516   687 0.74 FUN_005658
FUN_003152-T1        -            510 22091at5125          -            352   9.7e-11   40.2   5.6   1   1   4.1e-12   4.1e-10   38.2   5.5    66   339   218   490   208   500 0.79 FUN_003152
FUN_001942-T1        -            898 22091at5125          -            352     1e-10   40.2   1.2   1   3   1.3e-08   1.3e-06   26.6   0.0    85   169    30   114     9   144 0.85 FUN_001942
FUN_001942-T1        -            898 22091at5125          -            352     1e-10   40.2   1.2   2   3    0.0036      0.35    8.8   0.1    51   130   225   316   209   341 0.57 FUN_001942
FUN_001942-T1        -            898 22091at5125          -            352     1e-10   40.2   1.2   3   3       0.9        88    0.9   0.1   269   339   340   411   328   417 0.60 FUN_001942
FUN_004894-T1        -            346 22091at5125          -            352   1.5e-10   39.6   0.9   1   3   1.3e-06   0.00013   20.1   0.0    41   116    60   135    30   139 0.84 FUN_004894
FUN_004894-T1        -            346 22091at5125          -            352   1.5e-10   39.6   0.9   2   3      0.12        12    3.8   0.0   177   202   168   193   155   222 0.83 FUN_004894
FUN_004894-T1        -            346 22091at5125          -            352   1.5e-10   39.6   0.9   3   3   0.00022     0.021   12.8   0.1    39    77   294   332   281   340 0.90 FUN_004894
FUN_001219-T1        -            587 22091at5125          -            352   1.9e-10   39.3   0.2   1   2      0.26        26    2.6   0.0   163   203    73   114    67   120 0.80 FUN_001219
FUN_001219-T1        -            587 22091at5125          -            352   1.9e-10   39.3   0.2   2   2   1.2e-10   1.2e-08   33.4   0.2    41   130   133   222   115   230 0.87 FUN_001219
FUN_007945-T1        -            318 22091at5125          -            352   2.9e-10   38.6   4.8   1   2      0.48        47    1.8   0.0    43   118    14    90     6   105 0.67 FUN_007945
FUN_007945-T1        -            318 22091at5125          -            352   2.9e-10   38.6   4.8   2   2   1.2e-11   1.2e-09   36.6   4.3    60   283    73   315    58   318 0.61 FUN_007945
FUN_006592-T1        -            365 22091at5125          -            352   3.1e-10   38.6   4.4   1   2   3.5e-11   3.4e-09   35.1   3.0    36   203    68   241    54   254 0.53 FUN_006592
FUN_006592-T1        -            365 22091at5125          -            352   3.1e-10   38.6   4.4   2   2       3.9   3.9e+02   -1.2   0.0    60    79   284   303   247   309 0.67 FUN_006592
FUN_001272-T1        -            542 22091at5125          -            352   3.5e-10   38.4   2.1   1   2   5.8e-09   5.6e-07   27.8   0.1    86   160   273   349   266   374 0.88 FUN_001272
FUN_001272-T1        -            542 22091at5125          -            352   3.5e-10   38.4   2.1   2   2    0.0034      0.34    8.8   0.0   166   241   405   487   398   502 0.50 FUN_001272
FUN_008684-T1        -            314 22091at5125          -            352   4.6e-10   38.0   2.6   1   2   1.5e-05    0.0015   16.6   0.2    42   166    17   153     8   181 0.66 FUN_008684
FUN_008684-T1        -            314 22091at5125          -            352   4.6e-10   38.0   2.6   2   2   4.8e-07   4.7e-05   21.5   0.2    55   117   186   256   174   305 0.82 FUN_008684
FUN_004474-T1        -            348 22091at5125          -            352   1.1e-09   36.8   0.0   1   2   0.00011     0.011   13.8   0.0   102   201    79   179    50   202 0.85 FUN_004474
FUN_004474-T1        -            348 22091at5125          -            352   1.1e-09   36.8   0.0   2   2   8.8e-07   8.6e-05   20.7   0.0   143   209   225   294   213   317 0.82 FUN_004474
FUN_005734-T1        -            608 22091at5125          -            352   1.9e-09   36.0   3.6   1   4       6.5   6.3e+02   -1.9   0.0   310   334    66    90    62   110 0.72 FUN_005734
FUN_005734-T1        -            608 22091at5125          -            352   1.9e-09   36.0   3.6   2   4   4.3e-06   0.00042   18.4   0.1    80   206   139   268   105   284 0.70 FUN_005734
FUN_005734-T1        -            608 22091at5125          -            352   1.9e-09   36.0   3.6   3   4   1.3e-08   1.2e-06   26.7   0.7    33   206   177   361   150   379 0.76 FUN_005734
FUN_005734-T1        -            608 22091at5125          -            352   1.9e-09   36.0   3.6   4   4    0.0019      0.19    9.7   0.7    40   116   526   604   475   607 0.55 FUN_005734
FUN_001104-T1        -            337 22091at5125          -            352   2.8e-09   35.4   0.4   1   4   1.3e-07   1.3e-05   23.4   0.1    98   163    21    86     3   112 0.73 FUN_001104
FUN_001104-T1        -            337 22091at5125          -            352   2.8e-09   35.4   0.4   2   4       2.4   2.3e+02   -0.5   0.0   300   334   125   159   119   164 0.86 FUN_001104
FUN_001104-T1        -            337 22091at5125          -            352   2.8e-09   35.4   0.4   3   4      0.12        12    3.7   0.0    96   179   156   241   129   264 0.57 FUN_001104
FUN_001104-T1        -            337 22091at5125          -            352   2.8e-09   35.4   0.4   4   4     0.069       6.7    4.6   0.0    41    72   284   315   272   323 0.75 FUN_001104
FUN_000836-T1        -            854 22091at5125          -            352   3.1e-09   35.3   0.4   1   3       6.9   6.7e+02   -2.0   0.0   307   336    20    49    14    54 0.80 FUN_000836
FUN_000836-T1        -            854 22091at5125          -            352   3.1e-09   35.3   0.4   2   3   1.1e-05    0.0011   17.1   0.0    50   160    61   171    58   196 0.91 FUN_000836
FUN_000836-T1        -            854 22091at5125          -            352   3.1e-09   35.3   0.4   3   3   3.7e-05    0.0036   15.3   0.0    54   151   200   296   192   303 0.86 FUN_000836
FUN_000967-T1        -            353 22091at5125          -            352   8.4e-09   33.8   0.1   1   2   3.3e-08   3.3e-06   25.3   0.0    48   151    42   147    36   173 0.75 FUN_000967
FUN_000967-T1        -            353 22091at5125          -            352   8.4e-09   33.8   0.1   2   2     0.029       2.9    5.8   0.0   126   159   216   249   212   273 0.69 FUN_000967
FUN_005332-T1        -           1479 22091at5125          -            352   4.3e-08   31.5   1.9   1   1   7.2e-10   7.1e-08   30.8   1.9    57   201    94   247    82   259 0.84 FUN_005332
FUN_005400-T1        -            449 22091at5125          -            352   4.4e-08   31.5   6.5   1   3      0.91        89    0.9   0.0   155   199    45    94    22   102 0.43 FUN_005400
FUN_005400-T1        -            449 22091at5125          -            352   4.4e-08   31.5   6.5   2   3   2.5e-09   2.5e-07   29.0   1.2    79   202   136   287   129   295 0.76 FUN_005400
FUN_005400-T1        -            449 22091at5125          -            352   4.4e-08   31.5   6.5   3   3       1.5   1.4e+02    0.2   0.1   142   159   428   445   423   448 0.83 FUN_005400
FUN_007658-T1        -            389 22091at5125          -            352   9.6e-08   30.4   0.0   1   1     2e-09     2e-07   29.4   0.0    50   161    64   177    34   189 0.83 FUN_007658
FUN_003240-T1        -            334 22091at5125          -            352   1.3e-07   29.9   2.6   1   3   0.00016     0.016   13.2   0.2   126   200    61   137    53   142 0.69 FUN_003240
FUN_003240-T1        -            334 22091at5125          -            352   1.3e-07   29.9   2.6   2   3     5e-05    0.0049   14.9   0.2   125   205   148   231   128   245 0.76 FUN_003240
FUN_003240-T1        -            334 22091at5125          -            352   1.3e-07   29.9   2.6   3   3       1.5   1.4e+02    0.2   0.0    90   114   307   331   276   333 0.63 FUN_003240
FUN_004882-T1        -            789 22091at5125          -            352   1.8e-07   29.5   0.7   1   2   2.7e-07   2.6e-05   22.3   0.1    85   204   214   338   185   344 0.79 FUN_004882
FUN_004882-T1        -            789 22091at5125          -            352   1.8e-07   29.5   0.7   2   2      0.34        33    2.3   0.0   146   201   620   678   610   683 0.62 FUN_004882
FUN_001734-T1        -            490 22091at5125          -            352   2.6e-07   29.0   0.1   1   1   6.2e-09   6.1e-07   27.7   0.1    41   160   302   433   293   452 0.74 FUN_001734
FUN_001742-T1        -            964 22091at5125          -            352   2.7e-07   28.9   0.7   1   2   4.2e-08   4.1e-06   25.0   0.2   168   338   336   510   327   519 0.72 FUN_001742
FUN_001742-T1        -            964 22091at5125          -            352   2.7e-07   28.9   0.7   2   2      0.53        52    1.7   0.0   301   337   517   553   512   563 0.77 FUN_001742
FUN_004630-T1        -            673 22091at5125          -            352   2.1e-06   26.0   2.9   1   3       1.4   1.4e+02    0.3   0.0    34    64   291   323   268   331 0.77 FUN_004630
FUN_004630-T1        -            673 22091at5125          -            352   2.1e-06   26.0   2.9   2   3   5.7e-05    0.0056   14.7   0.3   144   200   378   436   362   442 0.82 FUN_004630
FUN_004630-T1        -            673 22091at5125          -            352   2.1e-06   26.0   2.9   3   3   7.3e-07   7.1e-05   20.9   1.4    38   205   398   572   394   587 0.74 FUN_004630
FUN_005674-T1        -            474 22091at5125          -            352   2.3e-06   25.8   5.1   1   4     0.073       7.1    4.5   0.1   144   200   133   192   122   204 0.66 FUN_005674
FUN_005674-T1        -            474 22091at5125          -            352   2.3e-06   25.8   5.1   2   4      0.37        36    2.2   0.0   167   200   209   242   202   249 0.89 FUN_005674
FUN_005674-T1        -            474 22091at5125          -            352   2.3e-06   25.8   5.1   3   4     0.072         7    4.5   0.1   170   236   284   351   272   364 0.76 FUN_005674
FUN_005674-T1        -            474 22091at5125          -            352   2.3e-06   25.8   5.1   4   4   2.5e-05    0.0025   15.9   0.0    55   118   337   404   330   424 0.79 FUN_005674
FUN_001259-T1        -            565 22091at5125          -            352   2.7e-06   25.6   0.8   1   3     0.034       3.3    5.6   0.0   170   202    85   117    73   147 0.67 FUN_001259
FUN_001259-T1        -            565 22091at5125          -            352   2.7e-06   25.6   0.8   2   3   0.00021      0.02   12.8   0.0   124   166   193   237   164   274 0.83 FUN_001259
FUN_001259-T1        -            565 22091at5125          -            352   2.7e-06   25.6   0.8   3   3      0.11        11    3.8   0.1    47    90   302   345   288   461 0.71 FUN_001259
FUN_007498-T1        -            553 22091at5125          -            352   2.8e-06   25.6   0.0   1   1   8.5e-08   8.3e-06   24.0   0.0    44   128   252   336   242   361 0.90 FUN_007498
FUN_005941-T1        -            470 22091at5125          -            352   6.7e-06   24.3   0.4   1   3   6.8e-08   6.7e-06   24.3   0.4    50   139    29   117    16   126 0.82 FUN_005941
FUN_005941-T1        -            470 22091at5125          -            352   6.7e-06   24.3   0.4   2   3       6.5   6.4e+02   -1.9   0.1   140   198   183   241   174   248 0.82 FUN_005941
FUN_005941-T1        -            470 22091at5125          -            352   6.7e-06   24.3   0.4   3   3       4.8   4.7e+02   -1.5   0.0    44   107   270   333   259   345 0.73 FUN_005941
FUN_006788-T1        -            626 22091at5125          -            352   2.5e-05   22.4   0.4   1   3   2.9e-05    0.0028   15.7   0.1   211   282    72   146    63   159 0.74 FUN_006788
FUN_006788-T1        -            626 22091at5125          -            352   2.5e-05   22.4   0.4   2   3      0.33        32    2.3   0.0    50    83   268   302   260   313 0.81 FUN_006788
FUN_006788-T1        -            626 22091at5125          -            352   2.5e-05   22.4   0.4   3   3       5.4   5.3e+02   -1.7   0.0   166   216   458   510   451   520 0.72 FUN_006788
FUN_007048-T1        -           1258 22091at5125          -            352   3.3e-05   22.0   0.0   1   1   6.7e-07   6.5e-05   21.0   0.0   121   291   113   296    80   320 0.71 FUN_007048
FUN_008917-T1        -            363 22091at5125          -            352   3.8e-05   21.8   0.4   1   2   1.9e-06   0.00018   19.6   0.2    32   157    41   172     9   177 0.74 FUN_008917
FUN_008917-T1        -            363 22091at5125          -            352   3.8e-05   21.8   0.4   2   2       2.1     2e+02   -0.3   0.0    44    71   204   231   195   234 0.87 FUN_008917
FUN_002178-T1        -            615 22091at5125          -            352   5.4e-05   21.3   3.3   1   4    0.0071       0.7    7.8   0.1   169   216   369   417   351   424 0.85 FUN_002178
FUN_002178-T1        -            615 22091at5125          -            352   5.4e-05   21.3   3.3   2   4     0.026       2.6    5.9   0.0   129   162   414   448   408   460 0.77 FUN_002178
FUN_002178-T1        -            615 22091at5125          -            352   5.4e-05   21.3   3.3   3   4     0.014       1.4    6.8   0.0    37    78   517   559   493   567 0.76 FUN_002178
FUN_002178-T1        -            615 22091at5125          -            352   5.4e-05   21.3   3.3   4   4       4.9   4.8e+02   -1.5   0.1    43    66   584   607   564   612 0.84 FUN_002178
FUN_003410-T1        -            362 22091at5125          -            352   5.9e-05   21.2   1.4   1   1   1.5e-05    0.0015   16.6   1.5   103   291    99   301    49   321 0.66 FUN_003410
FUN_003161-T1        -            723 22091at5125          -            352   8.2e-05   20.7   0.0   1   2      0.12        12    3.8   0.0   124   198     9    90     2   100 0.59 FUN_003161
FUN_003161-T1        -            723 22091at5125          -            352   8.2e-05   20.7   0.0   2   2   6.2e-05     0.006   14.6   0.0    48   119   124   195   102   204 0.82 FUN_003161
FUN_003996-T1        -           1731 22091at5125          -            352   8.5e-05   20.7   2.9   1   3   8.5e-05    0.0083   14.1   0.0    28   116  1096  1191  1085  1213 0.65 FUN_003996
FUN_003996-T1        -           1731 22091at5125          -            352   8.5e-05   20.7   2.9   2   3      0.11        11    3.9   0.8    73   160  1246  1341  1234  1393 0.74 FUN_003996
FUN_003996-T1        -           1731 22091at5125          -            352   8.5e-05   20.7   2.9   3   3       1.4   1.4e+02    0.2   0.0    98   118  1410  1430  1392  1457 0.75 FUN_003996
FUN_005980-T1        -           1470 22091at5125          -            352   9.3e-05   20.6   2.7   1   2      0.11        11    3.9   0.1   270   347  1164  1239  1146  1243 0.74 FUN_005980
FUN_005980-T1        -           1470 22091at5125          -            352   9.3e-05   20.6   2.7   2   2   2.1e-05    0.0021   16.1   0.5   130   251  1291  1420  1257  1432 0.68 FUN_005980
FUN_008494-T1        -            497 22091at5125          -            352   0.00013   20.1   1.8   1   3      0.35        34    2.3   0.0   165   201   129   166   113   198 0.69 FUN_008494
FUN_008494-T1        -            497 22091at5125          -            352   0.00013   20.1   1.8   2   3     0.085       8.3    4.3   0.0    45    74   294   323   290   329 0.86 FUN_008494
FUN_008494-T1        -            497 22091at5125          -            352   0.00013   20.1   1.8   3   3    0.0012      0.12   10.3   0.2    77   162   352   445   332   495 0.63 FUN_008494
FUN_002118-T1        -            513 22091at5125          -            352   0.00015   19.9   0.0   1   2    0.0084      0.82    7.6   0.0   132   209   183   276   176   281 0.71 FUN_002118
FUN_002118-T1        -            513 22091at5125          -            352   0.00015   19.9   0.0   2   2    0.0047      0.46    8.4   0.0   136   199   334   405   299   413 0.53 FUN_002118
FUN_008987-T1        -            618 22091at5125          -            352    0.0002   19.4   0.0   1   1   3.4e-06   0.00033   18.7   0.0    93   198   476   579   451   593 0.80 FUN_008987
FUN_006657-T1        -            348 22091at5125          -            352    0.0004   18.5   0.0   1   2      0.02         2    6.3   0.0   157   207    88   137    17   170 0.67 FUN_006657
FUN_006657-T1        -            348 22091at5125          -            352    0.0004   18.5   0.0   2   2    0.0014      0.14   10.1   0.0    90   137   255   302   222   318 0.74 FUN_006657
FUN_005145-T1        -            398 22091at5125          -            352   0.00062   17.8   0.2   1   2   0.00052      0.05   11.6   0.1   142   200    97   153    34   165 0.72 FUN_005145
FUN_005145-T1        -            398 22091at5125          -            352   0.00062   17.8   0.2   2   2       0.1        10    4.0   0.0    39    84   169   218   158   253 0.65 FUN_005145
FUN_003010-T1        -            646 22091at5125          -            352   0.00065   17.8   0.1   1   2     9e-05    0.0088   14.1   0.0   139   200   211   272   199   278 0.88 FUN_003010
FUN_003010-T1        -            646 22091at5125          -            352   0.00065   17.8   0.1   2   2       0.9        88    0.9   0.0    63    78   306   321   289   351 0.84 FUN_003010
FUN_003194-T1        -            885 22091at5125          -            352   0.00067   17.7   3.5   1   2   0.00063     0.062   11.3   0.1   100   207    93   214    86   221 0.66 FUN_003194
FUN_003194-T1        -            885 22091at5125          -            352   0.00067   17.7   3.5   2   2     0.036       3.6    5.5   0.6    66   151   248   340   229   394 0.64 FUN_003194
FUN_003827-T1        -           1064 22091at5125          -            352   0.00082   17.4   0.4   1   3     0.023       2.2    6.2   0.0   175   214   517   561   509   581 0.79 FUN_003827
FUN_003827-T1        -           1064 22091at5125          -            352   0.00082   17.4   0.4   2   3       2.3   2.3e+02   -0.5   0.0   183   204   751   772   661   785 0.69 FUN_003827
FUN_003827-T1        -           1064 22091at5125          -            352   0.00082   17.4   0.4   3   3     0.007      0.69    7.8   0.1   129   166   795   832   735   837 0.73 FUN_003827
FUN_002191-T1        -            425 22091at5125          -            352    0.0015   16.6   2.4   1   4         3   2.9e+02   -0.8   0.0   131   157    13    39    10    62 0.82 FUN_002191
FUN_002191-T1        -            425 22091at5125          -            352    0.0015   16.6   2.4   2   4   0.00079     0.077   10.9   0.1    85   125    72   112    49   120 0.88 FUN_002191
FUN_002191-T1        -            425 22091at5125          -            352    0.0015   16.6   2.4   3   4      0.85        84    1.0   0.1   264   330   233   301   229   317 0.65 FUN_002191
FUN_002191-T1        -            425 22091at5125          -            352    0.0015   16.6   2.4   4   4      0.89        87    0.9   0.0    48    73   322   345   312   351 0.70 FUN_002191
FUN_001748-T1        -            475 22091at5125          -            352    0.0042   15.1   0.1   1   1   7.2e-05     0.007   14.4   0.1    69   162   259   349   243   437 0.69 FUN_001748
FUN_008088-T1        -            376 22091at5125          -            352    0.0042   15.1   1.4   1   2   0.00011     0.011   13.8   0.3   155   240   194   286   184   299 0.74 FUN_008088
FUN_008088-T1        -            376 22091at5125          -            352    0.0042   15.1   1.4   2   2       1.3   1.3e+02    0.4   0.2    50   157   264   370   260   374 0.48 FUN_008088
FUN_007137-T1        -            457 22091at5125          -            352     0.011   13.7   3.6   1   3      0.17        16    3.3   0.1    44   132    15    61     4    93 0.35 FUN_007137
FUN_007137-T1        -            457 22091at5125          -            352     0.011   13.7   3.6   2   3     0.011         1    7.2   0.0   176   221   327   372   293   392 0.78 FUN_007137
FUN_007137-T1        -            457 22091at5125          -            352     0.011   13.7   3.6   3   3      0.42        41    2.0   0.1    52    74   434   456   417   457 0.83 FUN_007137
FUN_005032-T1        -            579 22091at5125          -            352     0.019   12.9   0.0   1   1   0.00039     0.038   12.0   0.0    29    84   440   498   426   514 0.82 FUN_005032
FUN_005171-T1        -            522 22091at5125          -            352     0.024   12.6   0.1   1   3       9.6   9.4e+02   -2.5   0.0    85   100   107   122   102   149 0.65 FUN_005171
FUN_005171-T1        -            522 22091at5125          -            352     0.024   12.6   0.1   2   3    0.0043      0.42    8.5   0.0   187   219   259   292   236   341 0.72 FUN_005171
FUN_005171-T1        -            522 22091at5125          -            352     0.024   12.6   0.1   3   3         2     2e+02   -0.3   0.0   185   204   437   456   416   470 0.68 FUN_005171
FUN_001496-T1        -            564 22091at5125          -            352     0.066   11.2   0.0   1   1    0.0012      0.11   10.4   0.0   242   288   325   374   285   436 0.72 FUN_001496
#
# Program:         hmmsearch
# Version:         3.1b2 (February 2015)
# Pipeline mode:   SEARCH
# Query file:      /home/zack/funannotate_db/hypocreales_odb10/hmms/22091at5125.hmm
# Target file:     /home/zack/Desktop/IsariaPreferralGenome/MyGenomeSubmittedToNCBI/HypocrealesProteinSets/Trichoderma_reesei_QM6a.proteins.fa
# Option settings: hmmsearch --domtblout /home/zack/Desktop/IsariaPreferralGenome/MyGenomeSubmittedToNCBI/HypocrealesProteinSets/BUSCO_AA_all/BUSCO_AA_Treesei_QM6a/run_hypocreales_odb10/hmmer_output/initial_run_results/22091at5125.out --cpu 1 /home/zack/funannotate_db/hypocreales_odb10/hmms/22091at5125.hmm /home/zack/Desktop/IsariaPreferralGenome/MyGenomeSubmittedToNCBI/HypocrealesProteinSets/Trichoderma_reesei_QM6a.proteins.fa 
# Current dir:     /home/zack/Desktop/IsariaPreferralGenome/MyGenomeSubmittedToNCBI/HypocrealesProteinSets/BUSCO_AA_all
# Date:            Mon Mar  4 15:41:46 2024
# [ok]
