#                                                                            --- full sequence --- -------------- this domain -------------   hmm coord   ali coord   env coord
# target name        accession   tlen query name           accession   qlen   E-value  score  bias   #  of  c-Evalue  i-Evalue  score  bias  from    to  from    to  from    to  acc description of target
#------------------- ---------- ----- -------------------- ---------- ----- --------- ------ ----- --- --- --------- --------- ------ ----- ----- ----- ----- ----- ----- ----- ---- ---------------------
FUN_003418-T1        -            546 22144at5125          -            358  2.7e-154  512.7   0.0   1   2   3.1e-57   1.4e-54  184.7   0.0     1   157    72   274    72   286 0.86 FUN_003418
FUN_003418-T1        -            546 22144at5125          -            358  2.7e-154  512.7   0.0   2   2    7e-100   3.2e-97  325.0   0.0   155   358   304   538   294   538 0.89 FUN_003418
FUN_001506-T1        -           1102 22144at5125          -            358   3.5e-20   71.6   0.0   1   3   4.9e-07   0.00022   19.6   0.0     2    45   327   384   326   394 0.72 FUN_001506
FUN_001506-T1        -           1102 22144at5125          -            358   3.5e-20   71.6   0.0   2   3   6.8e-11   3.1e-08   32.3   0.0   157   210   697   752   690   767 0.90 FUN_001506
FUN_001506-T1        -           1102 22144at5125          -            358   3.5e-20   71.6   0.0   3   3   8.6e-06    0.0039   15.5   0.0   282   357   838   907   831   908 0.84 FUN_001506
FUN_009275-T1        -            425 22144at5125          -            358   3.2e-11   42.1   0.0   1   2   1.6e-12   7.2e-10   37.7   0.0     3    69    40   107    38   128 0.86 FUN_009275
FUN_009275-T1        -            425 22144at5125          -            358   3.2e-11   42.1   0.0   2   2     0.092        42    2.3   0.0   156   189   295   328   285   357 0.73 FUN_009275
FUN_003845-T1        -           2114 22144at5125          -            358   2.5e-06   26.0   0.0   1   1   1.5e-08   6.9e-06   24.6   0.0     2    40  1753  1791  1752  1804 0.93 FUN_003845
FUN_007778-T1        -            555 22144at5125          -            358   2.4e-05   22.8   0.0   1   1   8.4e-08   3.8e-05   22.1   0.0     2    56    12    66    11    80 0.82 FUN_007778
FUN_008225-T1        -            515 22144at5125          -            358   3.8e-05   22.1   0.9   1   2   1.1e-07   5.2e-05   21.7   0.2     1    37    45    83    45    97 0.88 FUN_008225
FUN_008225-T1        -            515 22144at5125          -            358   3.8e-05   22.1   0.9   2   2       3.4   1.5e+03   -2.9   0.0     2    29   207   235   206   240 0.75 FUN_008225
FUN_002737-T1        -            570 22144at5125          -            358     0.001   17.5   0.1   1   2   5.6e-06    0.0026   16.1   0.0     2    82    35   124    34   135 0.74 FUN_002737
FUN_002737-T1        -            570 22144at5125          -            358     0.001   17.5   0.1   2   2       2.8   1.3e+03   -2.6   0.0   155   177   317   339   309   371 0.67 FUN_002737
FUN_002472-T1        -            500 22144at5125          -            358    0.0013   17.0   6.7   1   3     0.005       2.3    6.4   1.6     3    38    38    73    36    78 0.92 FUN_002472
FUN_002472-T1        -            500 22144at5125          -            358    0.0013   17.0   6.7   2   3   8.4e-05     0.038   12.3   0.1     3    40   209   246   207   256 0.89 FUN_002472
FUN_002472-T1        -            500 22144at5125          -            358    0.0013   17.0   6.7   3   3       1.4   6.5e+02   -1.7   0.0   183   210   368   395   355   399 0.84 FUN_002472
FUN_005836-T1        -            496 22144at5125          -            358    0.0024   16.2   0.0   1   1   8.5e-06    0.0039   15.5   0.0     2    38    12    50    11    63 0.83 FUN_005836
FUN_004633-T1        -            594 22144at5125          -            358    0.0034   15.7   0.0   1   1   1.1e-05     0.005   15.2   0.0     2    42    14    54    13    72 0.89 FUN_004633
FUN_009150-T1        -            779 22144at5125          -            358    0.0075   14.6   0.0   1   1   2.6e-05     0.012   13.9   0.0     2    38    16    56    15    70 0.85 FUN_009150
FUN_002984-T1        -            428 22144at5125          -            358     0.013   13.8   0.1   1   1     4e-05     0.018   13.3   0.1     2    38    14    49    13    61 0.87 FUN_002984
FUN_001451-T1        -            461 22144at5125          -            358     0.019   13.3   0.5   1   1   6.1e-05     0.028   12.7   0.5     2    32     2    32     1    44 0.91 FUN_001451
FUN_001003-T1        -            624 22144at5125          -            358     0.021   13.1   0.0   1   1   6.9e-05     0.031   12.5   0.0     2    44    94   139    93   146 0.85 FUN_001003
FUN_005963-T1        -            612 22144at5125          -            358     0.027   12.7   0.1   1   2   0.00014     0.063   11.5   0.0     2    55    64   119    63   135 0.80 FUN_005963
FUN_005963-T1        -            612 22144at5125          -            358     0.027   12.7   0.1   2   2       4.5   2.1e+03   -3.3   0.1     2    15   236   249   235   256 0.81 FUN_005963
FUN_000813-T1        -            526 22144at5125          -            358     0.037   12.3   0.0   1   2   0.00017     0.079   11.2   0.0     2    41    12    51    11    76 0.84 FUN_000813
FUN_000813-T1        -            526 22144at5125          -            358     0.037   12.3   0.0   2   2       4.8   2.2e+03   -3.4   0.0    71    98   109   136   104   140 0.80 FUN_000813
FUN_005613-T1        -            495 22144at5125          -            358     0.049   11.9   0.0   1   1   0.00021     0.095   11.0   0.0     2    38    38    76    37    90 0.86 FUN_005613
FUN_007630-T1        -            414 22144at5125          -            358     0.053   11.8   0.0   1   1   0.00018     0.081   11.2   0.0     3    40     8    48     6    65 0.83 FUN_007630
FUN_006088-T1        -            619 22144at5125          -            358     0.079   11.2   0.0   1   1   0.00029      0.13   10.5   0.0     2    37   190   225   189   237 0.91 FUN_006088
FUN_002154-T1        -            452 22144at5125          -            358     0.088   11.1   0.3   1   1   0.00028      0.13   10.5   0.3     2    36    13    47    12    76 0.79 FUN_002154
#
# Program:         hmmsearch
# Version:         3.1b2 (February 2015)
# Pipeline mode:   SEARCH
# Query file:      /home/zack/funannotate_db/hypocreales_odb10/hmms/22144at5125.hmm
# Target file:     /home/zack/Desktop/IsariaPreferralGenome/MyGenomeSubmittedToNCBI/HypocrealesProteinSets/Trichoderma_reesei_QM6a.proteins.fa
# Option settings: hmmsearch --domtblout /home/zack/Desktop/IsariaPreferralGenome/MyGenomeSubmittedToNCBI/HypocrealesProteinSets/BUSCO_AA_all/BUSCO_AA_Treesei_QM6a/run_hypocreales_odb10/hmmer_output/initial_run_results/22144at5125.out --cpu 1 /home/zack/funannotate_db/hypocreales_odb10/hmms/22144at5125.hmm /home/zack/Desktop/IsariaPreferralGenome/MyGenomeSubmittedToNCBI/HypocrealesProteinSets/Trichoderma_reesei_QM6a.proteins.fa 
# Current dir:     /home/zack/Desktop/IsariaPreferralGenome/MyGenomeSubmittedToNCBI/HypocrealesProteinSets/BUSCO_AA_all
# Date:            Mon Mar  4 15:41:46 2024
# [ok]
