#                                                                            --- full sequence --- -------------- this domain -------------   hmm coord   ali coord   env coord
# target name        accession   tlen query name           accession   qlen   E-value  score  bias   #  of  c-Evalue  i-Evalue  score  bias  from    to  from    to  from    to  acc description of target
#------------------- ---------- ----- -------------------- ---------- ----- --------- ------ ----- --- --- --------- --------- ------ ----- ----- ----- ----- ----- ----- ----- ---- ---------------------
FUN_008763-T1        -            647 23513at5125          -            392  2.8e-218  723.4  12.7   1   2   4.7e-05     0.071   10.9   0.0     1    16   111   126   111   133 0.90 FUN_008763
FUN_008763-T1        -            647 23513at5125          -            392  2.8e-218  723.4  12.7   2   2  2.6e-218  3.9e-215  713.0   9.7    16   387   181   577   173   581 0.94 FUN_008763
FUN_007905-T1        -            412 23513at5125          -            392   1.8e-27   95.2  26.3   1   1   2.3e-30   3.4e-27   94.3  26.3    74   367    41   329    24   337 0.88 FUN_007905
FUN_000435-T1        -            412 23513at5125          -            392   7.7e-15   53.6  31.5   1   1     6e-16   9.1e-13   46.8  31.5    75   367    27   335    14   343 0.79 FUN_000435
FUN_002322-T1        -            362 23513at5125          -            392   5.9e-05   21.1  26.3   1   1   2.4e-06    0.0036   15.2  26.3    79   380    53   352    26   361 0.73 FUN_002322
FUN_005418-T1        -            473 23513at5125          -            392   0.00022   19.2   0.3   1   3     0.017        26    2.5   2.9   177   246   197   264    58   284 0.68 FUN_005418
FUN_005418-T1        -            473 23513at5125          -            392   0.00022   19.2   0.3   2   3      0.23   3.5e+02   -1.2   0.0   169   207   289   325   280   328 0.76 FUN_005418
FUN_005418-T1        -            473 23513at5125          -            392   0.00022   19.2   0.3   3   3   1.5e-07   0.00022   19.2   0.3   298   371   352   425   344   447 0.85 FUN_005418
FUN_007134-T1        -            586 23513at5125          -            392     0.037   11.8   1.7   1   3   5.7e-05     0.086   10.6   0.0    25    90    38   103    22   109 0.89 FUN_007134
FUN_007134-T1        -            586 23513at5125          -            392     0.037   11.8   1.7   2   3      0.64   9.7e+02   -2.7   0.5   218   233   281   296   242   329 0.60 FUN_007134
FUN_007134-T1        -            586 23513at5125          -            392     0.037   11.8   1.7   3   3      0.29   4.3e+02   -1.5   0.2   269   312   518   562   483   571 0.68 FUN_007134
#
# Program:         hmmsearch
# Version:         3.1b2 (February 2015)
# Pipeline mode:   SEARCH
# Query file:      /home/zack/funannotate_db/hypocreales_odb10/hmms/23513at5125.hmm
# Target file:     /home/zack/Desktop/IsariaPreferralGenome/MyGenomeSubmittedToNCBI/HypocrealesProteinSets/Trichoderma_reesei_QM6a.proteins.fa
# Option settings: hmmsearch --domtblout /home/zack/Desktop/IsariaPreferralGenome/MyGenomeSubmittedToNCBI/HypocrealesProteinSets/BUSCO_AA_all/BUSCO_AA_Treesei_QM6a/run_hypocreales_odb10/hmmer_output/initial_run_results/23513at5125.out --cpu 1 /home/zack/funannotate_db/hypocreales_odb10/hmms/23513at5125.hmm /home/zack/Desktop/IsariaPreferralGenome/MyGenomeSubmittedToNCBI/HypocrealesProteinSets/Trichoderma_reesei_QM6a.proteins.fa 
# Current dir:     /home/zack/Desktop/IsariaPreferralGenome/MyGenomeSubmittedToNCBI/HypocrealesProteinSets/BUSCO_AA_all
# Date:            Mon Mar  4 15:41:50 2024
# [ok]
