#                                                                            --- full sequence --- -------------- this domain -------------   hmm coord   ali coord   env coord
# target name        accession   tlen query name           accession   qlen   E-value  score  bias   #  of  c-Evalue  i-Evalue  score  bias  from    to  from    to  from    to  acc description of target
#------------------- ---------- ----- -------------------- ---------- ----- --------- ------ ----- --- --- --------- --------- ------ ----- ----- ----- ----- ----- ----- ----- ---- ---------------------
FUN_001677-T1        -            593 23718at5125          -            436  3.4e-241  799.7  21.8   1   4   6.1e-75   9.2e-72  241.3   8.6     1   162     1   177     1   180 0.88 FUN_001677
FUN_001677-T1        -            593 23718at5125          -            436  3.4e-241  799.7  21.8   2   4   2.8e-58   4.3e-55  186.4   0.0   152   248   189   285   183   313 0.90 FUN_001677
FUN_001677-T1        -            593 23718at5125          -            436  3.4e-241  799.7  21.8   3   4  1.2e-102   1.9e-99  332.6   1.0   241   395   332   486   318   492 0.97 FUN_001677
FUN_001677-T1        -            593 23718at5125          -            436  3.4e-241  799.7  21.8   4   4   9.4e-16   1.4e-12   46.3   0.1   389   429   499   539   494   553 0.88 FUN_001677
FUN_003350-T1        -            438 23718at5125          -            436   1.4e-31  108.9   0.0   1   2   9.3e-35   1.4e-31  108.9   0.0   136   392    33   300    25   317 0.74 FUN_003350
FUN_003350-T1        -            438 23718at5125          -            436   1.4e-31  108.9   0.0   2   2       5.6   8.6e+03   -5.7   4.4     9    46   396   433   389   437 0.55 FUN_003350
FUN_007079-T1        -            665 23718at5125          -            436   6.9e-18   63.8   0.0   1   2     0.013        20    3.0   0.1   163   189   243   269   234   275 0.87 FUN_007079
FUN_007079-T1        -            665 23718at5125          -            436   6.9e-18   63.8   0.0   2   2   1.9e-19   2.9e-16   58.4   0.0   247   387   478   629   451   637 0.84 FUN_007079
FUN_000632-T1        -           2104 23718at5125          -            436   1.3e-13   49.7   0.0   1   2       3.8   5.7e+03   -5.1   1.7    39    72  1119  1150  1080  1157 0.61 FUN_000632
FUN_000632-T1        -           2104 23718at5125          -            436   1.3e-13   49.7   0.0   2   2   8.9e-17   1.3e-13   49.7   0.0   247   391  1489  1635  1483  1646 0.88 FUN_000632
FUN_007057-T1        -            605 23718at5125          -            436   7.1e-12   44.0   0.0   1   2   2.3e-07   0.00035   18.6   0.0   156   311   215   397   209   404 0.64 FUN_007057
FUN_007057-T1        -            605 23718at5125          -            436   7.1e-12   44.0   0.0   2   2   1.3e-08   1.9e-05   22.8   0.0   313   364   424   475   421   491 0.86 FUN_007057
FUN_006202-T1        -            484 23718at5125          -            436   2.8e-08   32.1   0.0   1   2   0.00024      0.36    8.7   0.0   240   311   243   326   145   338 0.61 FUN_006202
FUN_006202-T1        -            484 23718at5125          -            436   2.8e-08   32.1   0.0   2   2   3.8e-08   5.7e-05   21.2   0.0   317   354   357   392   344   407 0.82 FUN_006202
#
# Program:         hmmsearch
# Version:         3.1b2 (February 2015)
# Pipeline mode:   SEARCH
# Query file:      /home/zack/funannotate_db/hypocreales_odb10/hmms/23718at5125.hmm
# Target file:     /home/zack/Desktop/IsariaPreferralGenome/MyGenomeSubmittedToNCBI/HypocrealesProteinSets/Trichoderma_reesei_QM6a.proteins.fa
# Option settings: hmmsearch --domtblout /home/zack/Desktop/IsariaPreferralGenome/MyGenomeSubmittedToNCBI/HypocrealesProteinSets/BUSCO_AA_all/BUSCO_AA_Treesei_QM6a/run_hypocreales_odb10/hmmer_output/initial_run_results/23718at5125.out --cpu 1 /home/zack/funannotate_db/hypocreales_odb10/hmms/23718at5125.hmm /home/zack/Desktop/IsariaPreferralGenome/MyGenomeSubmittedToNCBI/HypocrealesProteinSets/Trichoderma_reesei_QM6a.proteins.fa 
# Current dir:     /home/zack/Desktop/IsariaPreferralGenome/MyGenomeSubmittedToNCBI/HypocrealesProteinSets/BUSCO_AA_all
# Date:            Mon Mar  4 15:41:57 2024
# [ok]
