#                                                                            --- full sequence --- -------------- this domain -------------   hmm coord   ali coord   env coord
# target name        accession   tlen query name           accession   qlen   E-value  score  bias   #  of  c-Evalue  i-Evalue  score  bias  from    to  from    to  from    to  acc description of target
#------------------- ---------- ----- -------------------- ---------- ----- --------- ------ ----- --- --- --------- --------- ------ ----- ----- ----- ----- ----- ----- ----- ---- ---------------------
FUN_001797-T1        -            682 24150at5125          -            329    8e-109  363.0  29.4   1   5   6.4e-55   1.5e-51  174.8   0.3     1   175     1   227     1   231 0.83 FUN_001797
FUN_001797-T1        -            682 24150at5125          -            329    8e-109  363.0  29.4   2   5   3.9e-05     0.089   11.2   0.0   175   200   292   318   280   326 0.87 FUN_001797
FUN_001797-T1        -            682 24150at5125          -            329    8e-109  363.0  29.4   3   5   5.7e-40   1.3e-36  125.7   0.1   198   273   384   459   378   477 0.89 FUN_001797
FUN_001797-T1        -            682 24150at5125          -            329    8e-109  363.0  29.4   4   5   1.3e-22   2.9e-19   68.7   4.2   267   328   492   555   473   556 0.77 FUN_001797
FUN_001797-T1        -            682 24150at5125          -            329    8e-109  363.0  29.4   5   5       2.3   5.2e+03   -4.5   4.6   260   286   566   592   554   596 0.57 FUN_001797
FUN_005375-T1        -            891 24150at5125          -            329   5.9e-15   54.5   1.8   1   1   8.7e-18     2e-14   52.7   1.8   204   284   698   778   689   785 0.84 FUN_005375
FUN_005592-T1        -            518 24150at5125          -            329     0.001   17.6   0.6   1   1     8e-07    0.0018   16.7   0.6   209   278   405   474   396   497 0.85 FUN_005592
FUN_004011-T1        -            808 24150at5125          -            329     0.049   12.0   0.3   1   2      0.01        23    3.2   0.0   253   291    68   105    48   113 0.78 FUN_004011
FUN_004011-T1        -            808 24150at5125          -            329     0.049   12.0   0.3   2   2    0.0011       2.6    6.4   0.0     8    46   749   787   745   797 0.91 FUN_004011
#
# Program:         hmmsearch
# Version:         3.1b2 (February 2015)
# Pipeline mode:   SEARCH
# Query file:      /home/zack/funannotate_db/hypocreales_odb10/hmms/24150at5125.hmm
# Target file:     /home/zack/Desktop/IsariaPreferralGenome/MyGenomeSubmittedToNCBI/HypocrealesProteinSets/Trichoderma_reesei_QM6a.proteins.fa
# Option settings: hmmsearch --domtblout /home/zack/Desktop/IsariaPreferralGenome/MyGenomeSubmittedToNCBI/HypocrealesProteinSets/BUSCO_AA_all/BUSCO_AA_Treesei_QM6a/run_hypocreales_odb10/hmmer_output/initial_run_results/24150at5125.out --cpu 1 /home/zack/funannotate_db/hypocreales_odb10/hmms/24150at5125.hmm /home/zack/Desktop/IsariaPreferralGenome/MyGenomeSubmittedToNCBI/HypocrealesProteinSets/Trichoderma_reesei_QM6a.proteins.fa 
# Current dir:     /home/zack/Desktop/IsariaPreferralGenome/MyGenomeSubmittedToNCBI/HypocrealesProteinSets/BUSCO_AA_all
# Date:            Mon Mar  4 15:42:18 2024
# [ok]
