#                                                                            --- full sequence --- -------------- this domain -------------   hmm coord   ali coord   env coord
# target name        accession   tlen query name           accession   qlen   E-value  score  bias   #  of  c-Evalue  i-Evalue  score  bias  from    to  from    to  from    to  acc description of target
#------------------- ---------- ----- -------------------- ---------- ----- --------- ------ ----- --- --- --------- --------- ------ ----- ----- ----- ----- ----- ----- ----- ---- ---------------------
FUN_005580-T1        -           1248 2522at5125           -            941         0 1835.3  44.5   1   3  7.8e-227  1.3e-224  746.7   7.4     1   385    95   518    95   530 0.94 FUN_005580
FUN_005580-T1        -           1248 2522at5125           -            941         0 1835.3  44.5   2   3   1.9e-69   3.2e-67  225.9   7.0   380   541   580   748   550   751 0.91 FUN_005580
FUN_005580-T1        -           1248 2522at5125           -            941         0 1835.3  44.5   3   3  1.1e-263  1.8e-261  868.7  16.5   483   941   736  1240   733  1240 0.95 FUN_005580
FUN_003332-T1        -            978 2522at5125           -            941   3.3e-69  232.5   5.2   1   3     9e-05     0.015   11.8   0.0   263   347   222   304   197   347 0.81 FUN_003332
FUN_003332-T1        -            978 2522at5125           -            941   3.3e-69  232.5   5.2   2   3       3.5   5.9e+02   -3.4   0.4   520   542   504   526   466   535 0.65 FUN_003332
FUN_003332-T1        -            978 2522at5125           -            941   3.3e-69  232.5   5.2   3   3   1.6e-68   2.7e-66  222.8   0.2   569   941   596   973   590   973 0.89 FUN_003332
FUN_008231-T1        -           1938 2522at5125           -            941   3.2e-32  110.0  16.9   1  12      0.74   1.3e+02   -1.1   0.0    60    96   917   954   905   961 0.77 FUN_008231
FUN_008231-T1        -           1938 2522at5125           -            941   3.2e-32  110.0  16.9   2  12   0.00051     0.086    9.3   0.0    35    99   984  1046   974  1058 0.74 FUN_008231
FUN_008231-T1        -           1938 2522at5125           -            941   3.2e-32  110.0  16.9   3  12   0.00024      0.04   10.4   0.1    37   209  1053  1219  1047  1237 0.80 FUN_008231
FUN_008231-T1        -           1938 2522at5125           -            941   3.2e-32  110.0  16.9   4  12     0.042         7    3.0   0.0    35    92  1183  1237  1147  1271 0.85 FUN_008231
FUN_008231-T1        -           1938 2522at5125           -            941   3.2e-32  110.0  16.9   5  12      0.52        87   -0.6   0.0    62    92  1244  1274  1219  1285 0.76 FUN_008231
FUN_008231-T1        -           1938 2522at5125           -            941   3.2e-32  110.0  16.9   6  12    0.0087       1.5    5.3   0.0    45    93  1297  1342  1280  1359 0.76 FUN_008231
FUN_008231-T1        -           1938 2522at5125           -            941   3.2e-32  110.0  16.9   7  12   4.4e-08   7.3e-06   22.8   0.1    11   121  1389  1504  1384  1509 0.79 FUN_008231
FUN_008231-T1        -           1938 2522at5125           -            941   3.2e-32  110.0  16.9   8  12   1.8e-06    0.0003   17.5   0.1    58   111  1509  1562  1501  1568 0.90 FUN_008231
FUN_008231-T1        -           1938 2522at5125           -            941   3.2e-32  110.0  16.9   9  12    0.0023      0.38    7.2   0.0    50   132  1573  1652  1563  1671 0.76 FUN_008231
FUN_008231-T1        -           1938 2522at5125           -            941   3.2e-32  110.0  16.9  10  12     1e-05    0.0017   14.9   0.1    58   108  1681  1732  1660  1735 0.83 FUN_008231
FUN_008231-T1        -           1938 2522at5125           -            941   3.2e-32  110.0  16.9  11  12   8.1e-05     0.014   12.0   0.0    38   102  1732  1794  1727  1808 0.88 FUN_008231
FUN_008231-T1        -           1938 2522at5125           -            941   3.2e-32  110.0  16.9  12  12   7.5e-05     0.013   12.1   0.0    59   111  1813  1865  1798  1873 0.91 FUN_008231
FUN_008372-T1        -           1309 2522at5125           -            941   1.6e-18   64.7   3.0   1   6    0.0036      0.61    6.5   0.0    41    96   950  1003   913  1004 0.77 FUN_008372
FUN_008372-T1        -           1309 2522at5125           -            941   1.6e-18   64.7   3.0   2   6   3.7e-06   0.00062   16.4   0.0    45   112   988  1053   979  1064 0.84 FUN_008372
FUN_008372-T1        -           1309 2522at5125           -            941   1.6e-18   64.7   3.0   3   6   1.9e-08   3.2e-06   24.0   0.1    49   130  1060  1141  1055  1145 0.80 FUN_008372
FUN_008372-T1        -           1309 2522at5125           -            941   1.6e-18   64.7   3.0   4   6      0.14        24    1.2   0.0    61    91  1137  1167  1127  1170 0.89 FUN_008372
FUN_008372-T1        -           1309 2522at5125           -            941   1.6e-18   64.7   3.0   5   6     0.042         7    3.0   0.0    62    92  1171  1201  1160  1208 0.86 FUN_008372
FUN_008372-T1        -           1309 2522at5125           -            941   1.6e-18   64.7   3.0   6   6    0.0001     0.017   11.6   0.0    31   105  1209  1279  1203  1298 0.78 FUN_008372
FUN_001365-T1        -           1347 2522at5125           -            941   1.3e-17   61.7   5.0   1   6    0.0016      0.27    7.7   0.0    53   119   938  1005   914  1009 0.60 FUN_001365
FUN_001365-T1        -           1347 2522at5125           -            941   1.3e-17   61.7   5.0   2   6     0.012       1.9    4.9   0.0    62    95   979  1012   976  1036 0.88 FUN_001365
FUN_001365-T1        -           1347 2522at5125           -            941   1.3e-17   61.7   5.0   3   6   0.00019     0.032   10.7   0.1    27    92  1078  1142  1072  1153 0.84 FUN_001365
FUN_001365-T1        -           1347 2522at5125           -            941   1.3e-17   61.7   5.0   4   6     3e-06    0.0005   16.7   0.1    34   105  1154  1221  1144  1227 0.80 FUN_001365
FUN_001365-T1        -           1347 2522at5125           -            941   1.3e-17   61.7   5.0   5   6   3.5e-05     0.006   13.2   0.0    33    92  1219  1275  1212  1279 0.88 FUN_001365
FUN_001365-T1        -           1347 2522at5125           -            941   1.3e-17   61.7   5.0   6   6   0.00037     0.062    9.8   0.0    62   115  1278  1332  1274  1346 0.76 FUN_001365
FUN_001216-T1        -            518 2522at5125           -            941   4.2e-17   60.0   2.2   1   4     9e-08   1.5e-05   21.8   0.0    13    95    76   158    65   171 0.80 FUN_001216
FUN_001216-T1        -            518 2522at5125           -            941   4.2e-17   60.0   2.2   2   4   0.00037     0.062    9.8   0.1    38   112   172   248   166   260 0.82 FUN_001216
FUN_001216-T1        -            518 2522at5125           -            941   4.2e-17   60.0   2.2   3   4   0.00097      0.16    8.4   0.0    34    95   272   331   260   336 0.89 FUN_001216
FUN_001216-T1        -            518 2522at5125           -            941   4.2e-17   60.0   2.2   4   4   3.3e-06   0.00056   16.6   0.0    36    97   342   401   334   415 0.83 FUN_001216
FUN_008311-T1        -            996 2522at5125           -            941   1.1e-16   58.7   3.5   1   6   0.00082      0.14    8.7   0.1    34    93   582   638   559   656 0.79 FUN_008311
FUN_008311-T1        -            996 2522at5125           -            941   1.1e-16   58.7   3.5   2   6      0.38        65   -0.2   0.0    64    88   674   698   647   702 0.76 FUN_008311
FUN_008311-T1        -            996 2522at5125           -            941   1.1e-16   58.7   3.5   3   6   9.2e-05     0.015   11.8   0.0    33    92   709   766   707   781 0.92 FUN_008311
FUN_008311-T1        -            996 2522at5125           -            941   1.1e-16   58.7   3.5   4   6     0.019       3.3    4.1   0.0    62   104   802   845   792   858 0.81 FUN_008311
FUN_008311-T1        -            996 2522at5125           -            941   1.1e-16   58.7   3.5   5   6    0.0014      0.23    7.9   0.0    63   120   873   930   842   940 0.77 FUN_008311
FUN_008311-T1        -            996 2522at5125           -            941   1.1e-16   58.7   3.5   6   6   1.7e-06   0.00028   17.6   0.0   171   213   943   985   932   989 0.92 FUN_008311
FUN_008092-T1        -            809 2522at5125           -            941   5.9e-16   56.2   0.8   1   8     0.011       1.8    5.0   0.0    39   110   415   487   405   491 0.75 FUN_008092
FUN_008092-T1        -            809 2522at5125           -            941   5.9e-16   56.2   0.8   2   8    0.0029      0.49    6.8   0.0    64    95   475   506   468   507 0.83 FUN_008092
FUN_008092-T1        -            809 2522at5125           -            941   5.9e-16   56.2   0.8   3   8   3.3e-07   5.5e-05   19.9   0.0    57   112   502   557   485   572 0.88 FUN_008092
FUN_008092-T1        -            809 2522at5125           -            941   5.9e-16   56.2   0.8   4   8   0.00029     0.048   10.2   0.0    49    93   564   606   559   611 0.83 FUN_008092
FUN_008092-T1        -            809 2522at5125           -            941   5.9e-16   56.2   0.8   5   8    0.0011      0.18    8.3   0.0    62   120   608   669   605   672 0.78 FUN_008092
FUN_008092-T1        -            809 2522at5125           -            941   5.9e-16   56.2   0.8   6   8     0.061        10    2.5   0.0    62   111   675   723   664   735 0.72 FUN_008092
FUN_008092-T1        -            809 2522at5125           -            941   5.9e-16   56.2   0.8   7   8      0.04       6.7    3.1   0.1    62    95   708   741   697   756 0.82 FUN_008092
FUN_008092-T1        -            809 2522at5125           -            941   5.9e-16   56.2   0.8   8   8      0.14        24    1.2   0.0    54    92   736   772   720   778 0.76 FUN_008092
FUN_008968-T1        -            647 2522at5125           -            941   3.7e-13   47.0   2.1   1   6      0.32        53    0.1   0.0    59    92   267   300   263   312 0.89 FUN_008968
FUN_008968-T1        -            647 2522at5125           -            941   3.7e-13   47.0   2.1   2   6    0.0032      0.54    6.7   0.0    36   117   313   393   306   401 0.87 FUN_008968
FUN_008968-T1        -            647 2522at5125           -            941   3.7e-13   47.0   2.1   3   6   0.00012      0.02   11.4   0.0    51    99   433   478   404   482 0.81 FUN_008968
FUN_008968-T1        -            647 2522at5125           -            941   3.7e-13   47.0   2.1   4   6     0.016       2.6    4.4   0.0    62    93   474   505   471   520 0.86 FUN_008968
FUN_008968-T1        -            647 2522at5125           -            941   3.7e-13   47.0   2.1   5   6    0.0051      0.86    6.0   0.0    51    92   528   566   511   572 0.77 FUN_008968
FUN_008968-T1        -            647 2522at5125           -            941   3.7e-13   47.0   2.1   6   6   3.3e-06   0.00056   16.6   0.0    37   114   547   620   543   643 0.77 FUN_008968
FUN_001523-T1        -            201 2522at5125           -            941   2.3e-12   44.3   0.0   1   1   1.6e-14   2.7e-12   44.1   0.0   574   715    43   189    16   198 0.81 FUN_001523
FUN_000575-T1        -            534 2522at5125           -            941   1.4e-11   41.7   1.1   1   6      0.16        26    1.1   0.0   172   205   145   178   135   196 0.79 FUN_000575
FUN_000575-T1        -            534 2522at5125           -            941   1.4e-11   41.7   1.1   2   6     0.035       5.9    3.3   0.0    60    92   234   266   230   283 0.87 FUN_000575
FUN_000575-T1        -            534 2522at5125           -            941   1.4e-11   41.7   1.1   3   6     0.027       4.6    3.6   0.0    37    92   281   332   275   335 0.80 FUN_000575
FUN_000575-T1        -            534 2522at5125           -            941   1.4e-11   41.7   1.1   4   6     0.002      0.34    7.3   0.0    61   112   334   386   330   388 0.84 FUN_000575
FUN_000575-T1        -            534 2522at5125           -            941   1.4e-11   41.7   1.1   5   6    0.0092       1.5    5.2   0.0   175   208   379   412   371   419 0.76 FUN_000575
FUN_000575-T1        -            534 2522at5125           -            941   1.4e-11   41.7   1.1   6   6   1.8e-05    0.0031   14.1   0.0    32    87   440   492   428   516 0.82 FUN_000575
FUN_001957-T1        -           1179 2522at5125           -            941   3.1e-11   40.6   1.2   1   4     0.011       1.9    4.9   0.0    63    93   844   874   822   891 0.77 FUN_001957
FUN_001957-T1        -           1179 2522at5125           -            941   3.1e-11   40.6   1.2   2   4     1e-06   0.00017   18.3   0.1    38   111   888   959   877   988 0.72 FUN_001957
FUN_001957-T1        -           1179 2522at5125           -            941   3.1e-11   40.6   1.2   3   4     0.033       5.5    3.4   0.1    36    97   952  1011   943  1013 0.81 FUN_001957
FUN_001957-T1        -           1179 2522at5125           -            941   3.1e-11   40.6   1.2   4   4   2.7e-05    0.0045   13.6   0.0    59   112  1005  1058   990  1075 0.85 FUN_001957
FUN_006140-T1        -            760 2522at5125           -            941   2.4e-10   37.7   0.0   1   5    0.0032      0.53    6.7   0.0    35    79   184   225   163   236 0.71 FUN_006140
FUN_006140-T1        -            760 2522at5125           -            941   2.4e-10   37.7   0.0   2   5   0.00063      0.11    9.0   0.0    51   205   237   388   218   391 0.59 FUN_006140
FUN_006140-T1        -            760 2522at5125           -            941   2.4e-10   37.7   0.0   3   5   0.00064      0.11    9.0   0.0    38    92   392   443   389   448 0.89 FUN_006140
FUN_006140-T1        -            760 2522at5125           -            941   2.4e-10   37.7   0.0   4   5       0.1        17    1.7   0.0    35    90   455   510   444   530 0.60 FUN_006140
FUN_006140-T1        -            760 2522at5125           -            941   2.4e-10   37.7   0.0   5   5     0.064        11    2.4   0.0    48   197   572   616   550   643 0.63 FUN_006140
FUN_006698-T1        -           1861 2522at5125           -            941   9.7e-09   32.3   0.9   1   4    0.0062       1.1    5.7   0.0    59    92   523   556   512   559 0.87 FUN_006698
FUN_006698-T1        -           1861 2522at5125           -            941   9.7e-09   32.3   0.9   2   4   1.6e-05    0.0027   14.3   0.1    38    99   538   596   538   610 0.83 FUN_006698
FUN_006698-T1        -           1861 2522at5125           -            941   9.7e-09   32.3   0.9   3   4    0.0013      0.22    8.0   0.0    33   134  1431  1543  1420  1557 0.67 FUN_006698
FUN_006698-T1        -           1861 2522at5125           -            941   9.7e-09   32.3   0.9   4   4      0.12        20    1.5   0.0    69   214  1615  1659  1592  1675 0.61 FUN_006698
FUN_000945-T1        -            239 2522at5125           -            941   1.7e-08   31.5   0.4   1   4      0.02       3.5    4.0   0.0    64   112    35    83     3    98 0.72 FUN_000945
FUN_000945-T1        -            239 2522at5125           -            941   1.7e-08   31.5   0.4   2   4    0.0061         1    5.8   0.1    61   109   100   149    79   153 0.76 FUN_000945
FUN_000945-T1        -            239 2522at5125           -            941   1.7e-08   31.5   0.4   3   4    0.0068       1.2    5.6   0.0    63    93   137   167   113   173 0.79 FUN_000945
FUN_000945-T1        -            239 2522at5125           -            941   1.7e-08   31.5   0.4   4   4   7.4e-06    0.0012   15.4   0.0    63   116   170   222   166   232 0.82 FUN_000945
FUN_006327-T1        -           1058 2522at5125           -            941   2.1e-08   31.2   0.1   1   2     0.009       1.5    5.2   0.0    50    95   868   910   853   911 0.82 FUN_006327
FUN_006327-T1        -           1058 2522at5125           -            941   2.1e-08   31.2   0.1   2   2     2e-09   3.4e-07   27.2   0.1    36   194   887  1043   885  1054 0.85 FUN_006327
FUN_004626-T1        -            684 2522at5125           -            941   3.2e-08   30.6   5.8   1   6      0.75   1.3e+02   -1.1   0.0    69   197   212   238   173   251 0.63 FUN_004626
FUN_004626-T1        -            684 2522at5125           -            941   3.2e-08   30.6   5.8   2   6    0.0045      0.77    6.2   0.1    49   113   263   325   213   343 0.82 FUN_004626
FUN_004626-T1        -            684 2522at5125           -            941   3.2e-08   30.6   5.8   3   6   7.1e-05     0.012   12.2   0.1    31   105   347   419   327   431 0.90 FUN_004626
FUN_004626-T1        -            684 2522at5125           -            941   3.2e-08   30.6   5.8   4   6      0.19        31    0.9   0.0    59   106   441   488   435   506 0.64 FUN_004626
FUN_004626-T1        -            684 2522at5125           -            941   3.2e-08   30.6   5.8   5   6   0.00067      0.11    8.9   0.0    58   119   508   569   501   585 0.85 FUN_004626
FUN_004626-T1        -            684 2522at5125           -            941   3.2e-08   30.6   5.8   6   6      0.96   1.6e+02   -1.5   0.0    58    93   619   655   603   665 0.75 FUN_004626
FUN_004863-T1        -            665 2522at5125           -            941   3.4e-08   30.5   0.0   1   5   1.1e-05    0.0018   14.9   0.0    22   212    87   275    76   286 0.67 FUN_004863
FUN_004863-T1        -            665 2522at5125           -            941   3.4e-08   30.5   0.0   2   5     0.048       8.1    2.8   0.0    35   112   236   311   209   332 0.68 FUN_004863
FUN_004863-T1        -            665 2522at5125           -            941   3.4e-08   30.5   0.0   3   5     0.043       7.2    3.0   0.0    62   196   293   424   283   440 0.59 FUN_004863
FUN_004863-T1        -            665 2522at5125           -            941   3.4e-08   30.5   0.0   4   5      0.31        53    0.1   0.0    61    90   458   487   449   492 0.91 FUN_004863
FUN_004863-T1        -            665 2522at5125           -            941   3.4e-08   30.5   0.0   5   5     0.037       6.3    3.2   0.0    65    92   495   522   490   529 0.91 FUN_004863
FUN_001996-T1        -            412 2522at5125           -            941   1.1e-07   28.9   1.3   1   1   3.6e-09   6.1e-07   26.4   1.3   581   903    24   351     2   359 0.70 FUN_001996
FUN_006093-T1        -            758 2522at5125           -            941   1.3e-07   28.6   1.3   1   2     1e-07   1.7e-05   21.6   0.0    13   111   540   640   535   645 0.83 FUN_006093
FUN_006093-T1        -            758 2522at5125           -            941   1.3e-07   28.6   1.3   2   2    0.0016      0.27    7.7   0.9   171   266   632   740   625   747 0.55 FUN_006093
FUN_002080-T1        -           1368 2522at5125           -            941   1.6e-07   28.3   0.8   1   3    0.0079       1.3    5.4   0.0   174   246  1103  1173  1072  1180 0.81 FUN_002080
FUN_002080-T1        -           1368 2522at5125           -            941   1.6e-07   28.3   0.8   2   3      0.02       3.3    4.1   0.0    53   111  1181  1236  1173  1248 0.70 FUN_002080
FUN_002080-T1        -           1368 2522at5125           -            941   1.6e-07   28.3   0.8   3   3   6.5e-06    0.0011   15.6   0.0    55   113  1283  1340  1270  1354 0.84 FUN_002080
FUN_007298-T1        -            901 2522at5125           -            941   3.4e-07   27.2   0.0   1   5     0.044       7.4    2.9   0.0   175   208   368   401   359   409 0.87 FUN_007298
FUN_007298-T1        -            901 2522at5125           -            941   3.4e-07   27.2   0.0   2   5    0.0013      0.22    8.0   0.0   169   223   462   521   455   528 0.71 FUN_007298
FUN_007298-T1        -            901 2522at5125           -            941   3.4e-07   27.2   0.0   3   5      0.38        65   -0.2   0.0   184   229   540   585   533   594 0.84 FUN_007298
FUN_007298-T1        -            901 2522at5125           -            941   3.4e-07   27.2   0.0   4   5    0.0055      0.93    5.9   0.0   172   240   683   750   676   758 0.80 FUN_007298
FUN_007298-T1        -            901 2522at5125           -            941   3.4e-07   27.2   0.0   5   5     0.074        12    2.2   0.0    54    91   859   896   807   899 0.71 FUN_007298
FUN_006496-T1        -            392 2522at5125           -            941   3.8e-07   27.1   0.1   1   2         2   3.4e+02   -2.6   1.3   351   398    18    62    11    97 0.61 FUN_006496
FUN_006496-T1        -            392 2522at5125           -            941   3.8e-07   27.1   0.1   2   2   2.2e-09   3.8e-07   27.1   0.1   566   685   137   246   126   275 0.83 FUN_006496
FUN_003393-T1        -           1234 2522at5125           -            941   5.7e-07   26.5   0.1   1   1   6.3e-09   1.1e-06   25.6   0.1    35   115  1126  1202  1092  1217 0.84 FUN_003393
FUN_000519-T1        -           1805 2522at5125           -            941   9.8e-07   25.7   1.1   1   6      0.14        24    1.2   0.0    76   203   871   999   848  1006 0.70 FUN_000519
FUN_000519-T1        -           1805 2522at5125           -            941   9.8e-07   25.7   1.1   2   6   0.00027     0.045   10.3   0.0    34    91  1002  1056   995  1060 0.79 FUN_000519
FUN_000519-T1        -           1805 2522at5125           -            941   9.8e-07   25.7   1.1   3   6      0.51        85   -0.6   0.1    43    91  1192  1237  1143  1267 0.57 FUN_000519
FUN_000519-T1        -           1805 2522at5125           -            941   9.8e-07   25.7   1.1   4   6     0.026       4.4    3.7   0.0    26    96  1343  1408  1322  1434 0.67 FUN_000519
FUN_000519-T1        -           1805 2522at5125           -            941   9.8e-07   25.7   1.1   5   6     0.039       6.6    3.1   0.0    47    92  1390  1437  1387  1563 0.82 FUN_000519
FUN_000519-T1        -           1805 2522at5125           -            941   9.8e-07   25.7   1.1   6   6      0.23        39    0.5   0.0    35    78  1589  1632  1579  1638 0.88 FUN_000519
FUN_002743-T1        -            464 2522at5125           -            941     9e-06   22.5   0.2   1   2         2   3.3e+02   -2.5   0.0   572   655    29   115    24   126 0.65 FUN_002743
FUN_002743-T1        -            464 2522at5125           -            941     9e-06   22.5   0.2   2   2   1.9e-06   0.00032   17.4   0.8   664   910   183   437   171   457 0.68 FUN_002743
FUN_000144-T1        -            185 2522at5125           -            941   9.7e-06   22.4   0.0   1   1   3.2e-07   5.5e-05   19.9   0.0    63   115    87   138    46   160 0.81 FUN_000144
FUN_003886-T1        -           1182 2522at5125           -            941   1.2e-05   22.1   0.3   1   3       1.8     3e+02   -2.4   0.0    65    91   408   434   372   441 0.74 FUN_003886
FUN_003886-T1        -           1182 2522at5125           -            941   1.2e-05   22.1   0.3   2   3   4.9e-06   0.00082   16.0   0.2    24    93   445   511   428   523 0.81 FUN_003886
FUN_003886-T1        -           1182 2522at5125           -            941   1.2e-05   22.1   0.3   3   3     0.025       4.2    3.8   0.0    69    92   524   547   512   557 0.79 FUN_003886
FUN_002231-T1        -           1150 2522at5125           -            941   3.5e-05   20.5   9.9   1   6      0.56        94   -0.7   0.0   537   608   129   201    98   244 0.75 FUN_002231
FUN_002231-T1        -           1150 2522at5125           -            941   3.5e-05   20.5   9.9   2   6      0.39        65   -0.2   0.0    63    90   535   561   470   581 0.60 FUN_002231
FUN_002231-T1        -           1150 2522at5125           -            941   3.5e-05   20.5   9.9   3   6      0.87   1.5e+02   -1.4   0.0    59   103   615   661   572   666 0.75 FUN_002231
FUN_002231-T1        -           1150 2522at5125           -            941   3.5e-05   20.5   9.9   4   6   4.8e-05     0.008   12.7   0.1    35   102   664   731   651   734 0.85 FUN_002231
FUN_002231-T1        -           1150 2522at5125           -            941   3.5e-05   20.5   9.9   5   6   6.7e-06    0.0011   15.6   0.7    35   197   699   863   693   867 0.74 FUN_002231
FUN_002231-T1        -           1150 2522at5125           -            941   3.5e-05   20.5   9.9   6   6      0.14        23    1.3   0.1    40   111   915   987   901  1080 0.63 FUN_002231
FUN_008200-T1        -            520 2522at5125           -            941   3.7e-05   20.5   0.0   1   4     0.096        16    1.8   0.0    36    94   217   272   210   298 0.80 FUN_008200
FUN_008200-T1        -            520 2522at5125           -            941   3.7e-05   20.5   0.0   2   4    0.0023      0.39    7.2   0.0    61   113   306   357   290   367 0.86 FUN_008200
FUN_008200-T1        -            520 2522at5125           -            941   3.7e-05   20.5   0.0   3   4     0.032       5.4    3.4   0.0    50    92   364   403   350   409 0.81 FUN_008200
FUN_008200-T1        -            520 2522at5125           -            941   3.7e-05   20.5   0.0   4   4    0.0062         1    5.7   0.0    40    93   387   437   380   444 0.83 FUN_008200
FUN_001338-T1        -            257 2522at5125           -            941   4.5e-05   20.2   0.5   1   2   5.1e-06   0.00086   15.9   0.3    53   110   141   196   115   207 0.77 FUN_001338
FUN_001338-T1        -            257 2522at5125           -            941   4.5e-05   20.2   0.5   2   2    0.0015      0.25    7.8   0.1    62   112   180   229   176   255 0.78 FUN_001338
FUN_004805-T1        -            354 2522at5125           -            941   4.6e-05   20.2   0.2   1   3   0.00011     0.018   11.6   0.0    34    96   117   177   108   207 0.86 FUN_004805
FUN_004805-T1        -            354 2522at5125           -            941   4.6e-05   20.2   0.2   2   3      0.43        72   -0.3   0.0    61   107   177   224   175   245 0.71 FUN_004805
FUN_004805-T1        -            354 2522at5125           -            941   4.6e-05   20.2   0.2   3   3    0.0074       1.2    5.5   0.0    70   120   257   310   226   325 0.78 FUN_004805
FUN_001847-T1        -            353 2522at5125           -            941   6.1e-05   19.8   0.0   1   2    0.0036      0.61    6.5   0.0    37   101    46   111    38   140 0.79 FUN_001847
FUN_001847-T1        -            353 2522at5125           -            941   6.1e-05   19.8   0.0   2   2    0.0026      0.44    7.0   0.0    69   206   177   319   170   321 0.69 FUN_001847
FUN_009092-T1        -            665 2522at5125           -            941   0.00014   18.6   0.3   1   2    0.0018      0.31    7.5   0.1    62   212   286   433   262   452 0.58 FUN_009092
FUN_009092-T1        -            665 2522at5125           -            941   0.00014   18.6   0.3   2   2    0.0002     0.034   10.7   0.0    32   230   424   627   418   642 0.69 FUN_009092
FUN_002951-T1        -           1927 2522at5125           -            941   0.00029   17.5   0.0   1   2    0.0011      0.18    8.3   0.0    48    96   958  1003   949  1029 0.76 FUN_002951
FUN_002951-T1        -           1927 2522at5125           -            941   0.00029   17.5   0.0   2   2    0.0059      0.99    5.8   0.0   146   203  1443  1500  1346  1526 0.70 FUN_002951
FUN_006578-T1        -            518 2522at5125           -            941   0.00075   16.2   0.0   1   1   7.5e-06    0.0013   15.4   0.0    26    92   397   463   386   504 0.77 FUN_006578
FUN_008273-T1        -           1737 2522at5125           -            941    0.0011   15.6   0.2   1   3    0.0029      0.49    6.8   0.0    37   104   915   980   903  1012 0.81 FUN_008273
FUN_008273-T1        -           1737 2522at5125           -            941    0.0011   15.6   0.2   2   3       6.5   1.1e+03   -4.3   0.0    64    97  1165  1199  1158  1200 0.79 FUN_008273
FUN_008273-T1        -           1737 2522at5125           -            941    0.0011   15.6   0.2   3   3    0.0061         1    5.8   0.0    61    92  1329  1360  1314  1381 0.86 FUN_008273
FUN_001738-T1        -            257 2522at5125           -            941    0.0017   14.9   0.0   1   2    0.0049      0.83    6.1   0.0    37    91   157   208   140   210 0.88 FUN_001738
FUN_001738-T1        -            257 2522at5125           -            941    0.0017   14.9   0.0   2   2    0.0002     0.033   10.7   0.0    36    92   189   242   188   250 0.89 FUN_001738
FUN_006310-T1        -           1754 2522at5125           -            941    0.0018   14.9   0.1   1   2      0.08        13    2.1   0.0    37    93   891   944   855   962 0.76 FUN_006310
FUN_006310-T1        -           1754 2522at5125           -            941    0.0018   14.9   0.1   2   2   0.00021     0.035   10.6   0.0    44   103   964  1021   946  1034 0.84 FUN_006310
FUN_007572-T1        -           1352 2522at5125           -            941    0.0021   14.7   0.2   1   3       2.5   4.2e+02   -2.9   0.0   173   200   742   769   734   772 0.86 FUN_007572
FUN_007572-T1        -           1352 2522at5125           -            941    0.0021   14.7   0.2   2   3    0.0031      0.52    6.8   0.1    36   120   809   892   794   897 0.76 FUN_007572
FUN_007572-T1        -           1352 2522at5125           -            941    0.0021   14.7   0.2   3   3     0.026       4.4    3.7   0.0    36    92   908   961   905   992 0.83 FUN_007572
FUN_009132-T1        -            855 2522at5125           -            941    0.0037   13.9   0.2   1   2      0.11        18    1.7   0.0    61    94   681   714   659   732 0.78 FUN_009132
FUN_009132-T1        -            855 2522at5125           -            941    0.0037   13.9   0.2   2   2   0.00049     0.083    9.4   0.0    62   113   747   797   737   825 0.84 FUN_009132
FUN_007661-T1        -           1382 2522at5125           -            941    0.0046   13.5   5.3   1   4     0.018       3.1    4.2   0.1    36   102   741   804   716   846 0.67 FUN_007661
FUN_007661-T1        -           1382 2522at5125           -            941    0.0046   13.5   5.3   2   4    0.0018       0.3    7.5   0.6    59   124   857   925   833   967 0.74 FUN_007661
FUN_007661-T1        -           1382 2522at5125           -            941    0.0046   13.5   5.3   3   4       0.1        18    1.7   0.1    71   198   904  1033   898  1036 0.39 FUN_007661
FUN_007661-T1        -           1382 2522at5125           -            941    0.0046   13.5   5.3   4   4      0.84   1.4e+02   -1.3   0.0    62    94  1143  1175  1125  1181 0.85 FUN_007661
FUN_003760-T1        -            695 2522at5125           -            941    0.0072   12.9   0.3   1   2      0.33        55    0.0   0.0    33    76   315   358   301   367 0.69 FUN_003760
FUN_003760-T1        -            695 2522at5125           -            941    0.0072   12.9   0.3   2   2   0.00025     0.043   10.3   0.1    61   111   600   649   589   664 0.82 FUN_003760
FUN_008207-T1        -           1086 2522at5125           -            941    0.0079   12.8   0.0   1   2    0.0055      0.93    5.9   0.0    33    92   929   985   922   991 0.86 FUN_008207
FUN_008207-T1        -           1086 2522at5125           -            941    0.0079   12.8   0.0   2   2     0.016       2.7    4.4   0.0    61   101  1020  1060   995  1066 0.79 FUN_008207
FUN_002549-T1        -            158 2522at5125           -            941     0.011   12.3   0.0   1   1   6.6e-05     0.011   12.3   0.0   166   210    54    98    16   148 0.81 FUN_002549
FUN_000168-T1        -           1301 2522at5125           -            941     0.011   12.3   0.0   1   2      0.03       5.1    3.5   0.0    35    98   666   729   657   752 0.81 FUN_000168
FUN_000168-T1        -           1301 2522at5125           -            941     0.011   12.3   0.0   2   2    0.0036      0.61    6.5   0.0    63   112   874   923   825   952 0.89 FUN_000168
FUN_003813-T1        -            951 2522at5125           -            941     0.016   11.8   0.0   1   2     0.017       2.9    4.3   0.0    35    93   244   299   236   314 0.81 FUN_003813
FUN_003813-T1        -            951 2522at5125           -            941     0.016   11.8   0.0   2   2     0.017       2.8    4.3   0.0    33   138   342   444   314   457 0.78 FUN_003813
FUN_001933-T1        -            419 2522at5125           -            941     0.018   11.6   0.1   1   1   0.00019     0.032   10.8   0.1    56   112    88   144    59   159 0.78 FUN_001933
FUN_005046-T1        -            309 2522at5125           -            941     0.031   10.8   0.2   1   2     0.001      0.17    8.3   0.1    58    96    41    80    13   140 0.68 FUN_005046
FUN_005046-T1        -            309 2522at5125           -            941     0.031   10.8   0.2   2   2         2   3.3e+02   -2.5   0.0    36    91   187   243   178   247 0.65 FUN_005046
FUN_006141-T1        -           1357 2522at5125           -            941     0.039   10.5   0.0   1   2     0.017       2.8    4.3   0.0    35    92   836   891   830   894 0.91 FUN_006141
FUN_006141-T1        -           1357 2522at5125           -            941     0.039   10.5   0.0   2   2     0.023       3.9    3.8   0.1    63   120   895   954   891   962 0.72 FUN_006141
FUN_001524-T1        -            296 2522at5125           -            941     0.049   10.1   1.9   1   2      0.06        10    2.5   0.0   762   803    30    74    25    89 0.81 FUN_001524
FUN_001524-T1        -            296 2522at5125           -            941     0.049   10.1   1.9   2   2    0.0038      0.64    6.4   1.0   864   904   116   158   107   167 0.78 FUN_001524
FUN_007308-T1        -            563 2522at5125           -            941     0.059    9.9   0.2   1   3      0.44        75   -0.4   0.0    67    91    15    39     8    51 0.88 FUN_007308
FUN_007308-T1        -            563 2522at5125           -            941     0.059    9.9   0.2   2   3      0.02       3.4    4.1   0.1    67    91    62    86    54   220 0.76 FUN_007308
FUN_007308-T1        -            563 2522at5125           -            941     0.059    9.9   0.2   3   3      0.77   1.3e+02   -1.2   0.0    43   114   276   350   263   369 0.67 FUN_007308
FUN_008217-T1        -            733 2522at5125           -            941      0.12    8.9   0.0   1   3     0.063        11    2.4   0.0    58    92    79   113    58   126 0.81 FUN_008217
FUN_008217-T1        -            733 2522at5125           -            941      0.12    8.9   0.0   2   3      0.53        90   -0.7   0.0   174   211   127   164   116   178 0.79 FUN_008217
FUN_008217-T1        -            733 2522at5125           -            941      0.12    8.9   0.0   3   3     0.079        13    2.1   0.0    62    91   216   245   206   270 0.78 FUN_008217
FUN_003506-T1        -            720 2522at5125           -            941      0.21    8.1   4.1   1   3       2.4   4.1e+02   -2.8   0.0   113   113   307   307   262   350 0.46 FUN_003506
FUN_003506-T1        -            720 2522at5125           -            941      0.21    8.1   4.1   2   3   0.00033     0.056    9.9   0.1    63   105   380   421   366   433 0.81 FUN_003506
FUN_003506-T1        -            720 2522at5125           -            941      0.21    8.1   4.1   3   3       3.4   5.7e+02   -3.3   0.4   455   504   499   551   480   588 0.57 FUN_003506
#
# Program:         hmmsearch
# Version:         3.1b2 (February 2015)
# Pipeline mode:   SEARCH
# Query file:      /home/zack/funannotate_db/hypocreales_odb10/hmms/2522at5125.hmm
# Target file:     /home/zack/Desktop/IsariaPreferralGenome/MyGenomeSubmittedToNCBI/HypocrealesProteinSets/Trichoderma_reesei_QM6a.proteins.fa
# Option settings: hmmsearch --domtblout /home/zack/Desktop/IsariaPreferralGenome/MyGenomeSubmittedToNCBI/HypocrealesProteinSets/BUSCO_AA_all/BUSCO_AA_Treesei_QM6a/run_hypocreales_odb10/hmmer_output/initial_run_results/2522at5125.out --cpu 1 /home/zack/funannotate_db/hypocreales_odb10/hmms/2522at5125.hmm /home/zack/Desktop/IsariaPreferralGenome/MyGenomeSubmittedToNCBI/HypocrealesProteinSets/Trichoderma_reesei_QM6a.proteins.fa 
# Current dir:     /home/zack/Desktop/IsariaPreferralGenome/MyGenomeSubmittedToNCBI/HypocrealesProteinSets/BUSCO_AA_all
# Date:            Mon Mar  4 15:42:13 2024
# [ok]
