#                                                                            --- full sequence --- -------------- this domain -------------   hmm coord   ali coord   env coord
# target name        accession   tlen query name           accession   qlen   E-value  score  bias   #  of  c-Evalue  i-Evalue  score  bias  from    to  from    to  from    to  acc description of target
#------------------- ---------- ----- -------------------- ---------- ----- --------- ------ ----- --- --- --------- --------- ------ ----- ----- ----- ----- ----- ----- ----- ---- ---------------------
FUN_007651-T1        -            463 27695at5125          -            344  2.9e-221  732.6  19.1   1   1  1.7e-222  3.5e-220  729.1  19.1     1   333    30   382    30   412 0.93 FUN_007651
FUN_009086-T1        -            402 27695at5125          -            344     2e-44  151.1   0.1   1   1   1.4e-46   2.9e-44  150.6   0.1    24   319    22   339     3   359 0.80 FUN_009086
FUN_003026-T1        -            745 27695at5125          -            344     2e-39  134.6   2.9   1   4   2.6e-22   5.4e-20   70.8   0.0    19   190    46   218    37   235 0.91 FUN_003026
FUN_003026-T1        -            745 27695at5125          -            344     2e-39  134.6   2.9   2   4   7.7e-10   1.6e-07   29.7   0.1   243   318   239   319   229   332 0.77 FUN_003026
FUN_003026-T1        -            745 27695at5125          -            344     2e-39  134.6   2.9   3   4   1.8e-05    0.0038   15.3   0.0    97   153   319   378   312   386 0.78 FUN_003026
FUN_003026-T1        -            745 27695at5125          -            344     2e-39  134.6   2.9   4   4   6.3e-06    0.0013   16.9   0.1   139   199   405   465   391   497 0.81 FUN_003026
FUN_007800-T1        -            765 27695at5125          -            344   1.6e-27   95.5   0.1   1   4   4.9e-11     1e-08   33.7   0.0   116   195    41   120    31   135 0.87 FUN_007800
FUN_007800-T1        -            765 27695at5125          -            344   1.6e-27   95.5   0.1   2   4   2.1e-09   4.4e-07   28.3   0.0   133   199   163   227   154   241 0.85 FUN_007800
FUN_007800-T1        -            765 27695at5125          -            344   1.6e-27   95.5   0.1   3   4   6.6e-08   1.4e-05   23.4   0.0   114   175   333   394   318   398 0.91 FUN_007800
FUN_007800-T1        -            765 27695at5125          -            344   1.6e-27   95.5   0.1   4   4     0.034       7.1    4.6   0.0   133   178   575   620   570   657 0.79 FUN_007800
FUN_008879-T1        -            465 27695at5125          -            344     2e-23   82.0   0.2   1   2   7.4e-19   1.5e-16   59.4   0.2   104   207   206   309   184   319 0.89 FUN_008879
FUN_008879-T1        -            465 27695at5125          -            344     2e-23   82.0   0.2   2   2   4.3e-07   8.9e-05   20.7   0.0   119   187   326   394   309   412 0.87 FUN_008879
FUN_005663-T1        -            391 27695at5125          -            344   1.1e-21   76.3   0.0   1   1     8e-24   1.6e-21   75.7   0.0    30   197    12   180     3   198 0.92 FUN_005663
FUN_000792-T1        -            515 27695at5125          -            344   2.7e-20   71.7   1.1   1   2   7.6e-12   1.6e-09   36.3   0.1   116   172   110   166   100   187 0.86 FUN_000792
FUN_000792-T1        -            515 27695at5125          -            344   2.7e-20   71.7   1.1   2   2   5.2e-11   1.1e-08   33.6   0.1   116   170   194   248   184   257 0.88 FUN_000792
FUN_007082-T1        -            569 27695at5125          -            344   3.5e-20   71.4   0.3   1   3   2.5e-07   5.1e-05   21.5   0.0   110   185   175   250   144   270 0.81 FUN_007082
FUN_007082-T1        -            569 27695at5125          -            344   3.5e-20   71.4   0.3   2   3   1.1e-13   2.2e-11   42.4   0.0   109   201   272   364   255   377 0.84 FUN_007082
FUN_007082-T1        -            569 27695at5125          -            344   3.5e-20   71.4   0.3   3   3     0.051        11    4.0   0.0    44    95   495   543   466   560 0.78 FUN_007082
FUN_008764-T1        -            406 27695at5125          -            344     5e-18   64.3   0.9   1   1   2.8e-20   5.9e-18   64.0   0.0    77   198   224   345   212   356 0.93 FUN_008764
FUN_005214-T1        -            785 27695at5125          -            344   1.2e-16   59.8   0.0   1   3    0.0018      0.37    8.8   0.0   243   317   193   268   139   284 0.81 FUN_005214
FUN_005214-T1        -            785 27695at5125          -            344   1.2e-16   59.8   0.0   2   3   5.2e-13   1.1e-10   40.2   0.0    31   317   194   493   193   501 0.71 FUN_005214
FUN_005214-T1        -            785 27695at5125          -            344   1.2e-16   59.8   0.0   3   3   8.4e-05     0.017   13.2   0.0    28    96   507   570   494   583 0.81 FUN_005214
FUN_005971-T1        -            843 27695at5125          -            344     4e-15   54.7   0.0   1   4     0.002      0.42    8.6   0.0    33   106     6    75     2    86 0.90 FUN_005971
FUN_005971-T1        -            843 27695at5125          -            344     4e-15   54.7   0.0   2   4   1.7e-05    0.0034   15.5   0.0   118   199   317   397   306   408 0.80 FUN_005971
FUN_005971-T1        -            843 27695at5125          -            344     4e-15   54.7   0.0   3   4   7.1e-06    0.0015   16.7   0.0   115   191   611   692   573   714 0.77 FUN_005971
FUN_005971-T1        -            843 27695at5125          -            344     4e-15   54.7   0.0   4   4     0.003      0.62    8.1   0.0    33   304   721   784   702   820 0.52 FUN_005971
FUN_001279-T1        -            172 27695at5125          -            344   3.5e-14   51.6   0.1   1   1   1.9e-16     4e-14   51.4   0.1   119   199     3    83     1   121 0.92 FUN_001279
FUN_002477-T1        -            440 27695at5125          -            344   3.7e-14   51.6   0.0   1   3   3.5e-05    0.0073   14.4   0.0   109   188    37   116    22   127 0.85 FUN_002477
FUN_002477-T1        -            440 27695at5125          -            344   3.7e-14   51.6   0.0   2   3     0.023       4.7    5.2   0.0   279   309   212   242   167   249 0.54 FUN_002477
FUN_002477-T1        -            440 27695at5125          -            344   3.7e-14   51.6   0.0   3   3   2.3e-09   4.8e-07   28.2   0.0   244   315   340   416   330   425 0.87 FUN_002477
FUN_008708-T1        -           1062 27695at5125          -            344   9.1e-12   43.7   0.1   1   3     8e-06    0.0016   16.5   0.0    30   185   590   733   557   743 0.86 FUN_008708
FUN_008708-T1        -           1062 27695at5125          -            344   9.1e-12   43.7   0.1   2   3   7.1e-08   1.5e-05   23.3   0.0    28   105   756   833   740   845 0.87 FUN_008708
FUN_008708-T1        -           1062 27695at5125          -            344   9.1e-12   43.7   0.1   3   3       4.3   8.8e+02   -2.3   0.0    26   299   872   932   865   948 0.55 FUN_008708
FUN_003952-T1        -            358 27695at5125          -            344     1e-08   33.7   0.0   1   2   4.9e-07    0.0001   20.5   0.0    24   107    42   125    27   133 0.85 FUN_003952
FUN_003952-T1        -            358 27695at5125          -            344     1e-08   33.7   0.0   2   2    0.0004     0.082   11.0   0.0   276   315   288   327   263   345 0.80 FUN_003952
FUN_004328-T1        -            534 27695at5125          -            344   1.1e-08   33.5   0.0   1   2   1.4e-07   2.9e-05   22.3   0.0   119   176   240   297   226   305 0.88 FUN_004328
FUN_004328-T1        -            534 27695at5125          -            344   1.1e-08   33.5   0.0   2   2    0.0016      0.33    9.0   0.0    29   107   325   402   311   411 0.85 FUN_004328
FUN_001377-T1        -            307 27695at5125          -            344     2e-08   32.7   0.0   1   1   1.4e-10     3e-08   32.1   0.0   120   197    10    87     6   113 0.92 FUN_001377
FUN_004075-T1        -            238 27695at5125          -            344   4.1e-08   31.7   0.0   1   2   1.2e-08   2.5e-06   25.8   0.0    32   111     5    87     3   103 0.80 FUN_004075
FUN_004075-T1        -            238 27695at5125          -            344   4.1e-08   31.7   0.0   2   2     0.056        12    3.9   0.0   120   194   167   236   157   238 0.78 FUN_004075
FUN_007046-T1        -            147 27695at5125          -            344   1.3e-07   30.0   0.0   1   1   8.8e-10   1.8e-07   29.5   0.0   237   315     2    88     1   106 0.84 FUN_007046
FUN_003560-T1        -            471 27695at5125          -            344     1e-06   27.1   0.0   1   1   7.1e-09   1.5e-06   26.6   0.0   120   196   253   329   247   344 0.91 FUN_003560
FUN_001899-T1        -            296 27695at5125          -            344   1.1e-06   26.9   0.0   1   2   0.00096       0.2    9.7   0.0   140   181    44    85    13    98 0.83 FUN_001899
FUN_001899-T1        -            296 27695at5125          -            344   1.1e-06   26.9   0.0   2   2     2e-05    0.0042   15.2   0.0    25   110   148   242   139   250 0.71 FUN_001899
FUN_004386-T1        -            296 27695at5125          -            344   2.1e-06   26.1   0.1   1   1   1.5e-08   3.1e-06   25.5   0.1   120   195   218   293   207   296 0.89 FUN_004386
FUN_008514-T1        -            321 27695at5125          -            344   2.7e-06   25.7   0.0   1   1   1.8e-08   3.6e-06   25.3   0.0    86   203     5   118     2   125 0.81 FUN_008514
FUN_008596-T1        -            231 27695at5125          -            344   3.7e-06   25.2   0.0   1   1   2.6e-08   5.3e-06   24.7   0.0   120   221     6   107     4   114 0.91 FUN_008596
FUN_006477-T1        -            344 27695at5125          -            344     9e-06   24.0   0.0   1   1   6.2e-08   1.3e-05   23.5   0.0   120   194    75   149    38   156 0.89 FUN_006477
FUN_000797-T1        -            261 27695at5125          -            344   2.4e-05   22.6   0.0   1   1   1.7e-07   3.5e-05   22.0   0.0    16   106    56   146    44   155 0.85 FUN_000797
FUN_005273-T1        -            171 27695at5125          -            344   4.1e-05   21.8   0.0   1   1   2.6e-07   5.4e-05   21.4   0.0   243   309    47   119    40   131 0.76 FUN_005273
FUN_007569-T1        -            422 27695at5125          -            344   8.3e-05   20.8   0.0   1   1     6e-07   0.00012   20.2   0.0   120   193   191   264   172   272 0.87 FUN_007569
FUN_001322-T1        -            557 27695at5125          -            344   0.00012   20.3   0.1   1   1   1.5e-05    0.0031   15.6   0.1   132   177   357   402   259   457 0.88 FUN_001322
FUN_008916-T1        -            197 27695at5125          -            344   0.00016   19.9   0.0   1   1   9.6e-07    0.0002   19.6   0.0   134   198    48   109    26   125 0.85 FUN_008916
FUN_000558-T1        -            407 27695at5125          -            344    0.0002   19.6   0.0   1   2       3.7   7.7e+02   -2.1   0.0   277   309   134   165    90   178 0.63 FUN_000558
FUN_000558-T1        -            407 27695at5125          -            344    0.0002   19.6   0.0   2   2   2.7e-06   0.00055   18.1   0.0   111   174   204   267   197   275 0.80 FUN_000558
FUN_001108-T1        -            194 27695at5125          -            344   0.00029   19.0   0.0   1   1   1.6e-06   0.00033   18.8   0.0   109   178    61   130    22   153 0.78 FUN_001108
FUN_003269-T1        -            148 27695at5125          -            344    0.0005   18.2   0.0   1   1   2.9e-06   0.00059   18.0   0.0   118   203    37   122    23   133 0.89 FUN_003269
FUN_001397-T1        -            538 27695at5125          -            344   0.00063   17.9   0.0   1   3       2.8   5.7e+02   -1.7   0.0   274   291   251   268   211   286 0.64 FUN_001397
FUN_001397-T1        -            538 27695at5125          -            344   0.00063   17.9   0.0   2   3   0.00081      0.17    9.9   0.0   122   191   334   404   319   431 0.77 FUN_001397
FUN_001397-T1        -            538 27695at5125          -            344   0.00063   17.9   0.0   3   3     0.031       6.3    4.7   0.0   138   189   469   523   451   531 0.56 FUN_001397
FUN_008677-T1        -            311 27695at5125          -            344   0.00076   17.6   0.0   1   2    0.0056       1.2    7.2   0.0   243   307     6    70     1    85 0.70 FUN_008677
FUN_008677-T1        -            311 27695at5125          -            344   0.00076   17.6   0.0   2   2    0.0023      0.48    8.4   0.0   136   191   115   170   105   187 0.78 FUN_008677
FUN_001530-T1        -            323 27695at5125          -            344    0.0016   16.5   0.0   1   1   1.2e-05    0.0024   16.0   0.0   247   311    92   161    85   174 0.83 FUN_001530
FUN_004678-T1        -            660 27695at5125          -            344    0.0018   16.4   0.0   1   1   1.6e-05    0.0033   15.5   0.0    15    99   429   510   419   522 0.81 FUN_004678
FUN_004845-T1        -            372 27695at5125          -            344    0.0034   15.5   0.0   1   1   2.7e-05    0.0056   14.8   0.0    27   106   231   306   220   325 0.85 FUN_004845
FUN_006949-T1        -           1157 27695at5125          -            344    0.0051   14.9   0.0   1   1   4.5e-05    0.0093   14.1   0.0    31   117   453   536   444   542 0.82 FUN_006949
FUN_007865-T1        -            572 27695at5125          -            344    0.0086   14.2   0.0   1   1   6.5e-05     0.013   13.5   0.0   121   194    82   153    75   160 0.89 FUN_007865
FUN_003836-T1        -            689 27695at5125          -            344    0.0099   14.0   0.0   1   1   8.3e-05     0.017   13.2   0.0   244   324   474   552   466   557 0.87 FUN_003836
FUN_008005-T1        -            390 27695at5125          -            344    0.0099   14.0   0.0   1   1   7.8e-05     0.016   13.3   0.0   120   192   104   184    90   195 0.82 FUN_008005
FUN_004610-T1        -            497 27695at5125          -            344     0.018   13.1   0.0   1   1   0.00014      0.03   12.4   0.0    24    96    55   133    49   145 0.79 FUN_004610
FUN_008719-T1        -            181 27695at5125          -            344     0.022   12.9   0.0   1   1   0.00015      0.03   12.4   0.0    32   106     7    82     3    89 0.76 FUN_008719
#
# Program:         hmmsearch
# Version:         3.1b2 (February 2015)
# Pipeline mode:   SEARCH
# Query file:      /home/zack/funannotate_db/hypocreales_odb10/hmms/27695at5125.hmm
# Target file:     /home/zack/Desktop/IsariaPreferralGenome/MyGenomeSubmittedToNCBI/HypocrealesProteinSets/Trichoderma_reesei_QM6a.proteins.fa
# Option settings: hmmsearch --domtblout /home/zack/Desktop/IsariaPreferralGenome/MyGenomeSubmittedToNCBI/HypocrealesProteinSets/BUSCO_AA_all/BUSCO_AA_Treesei_QM6a/run_hypocreales_odb10/hmmer_output/initial_run_results/27695at5125.out --cpu 1 /home/zack/funannotate_db/hypocreales_odb10/hmms/27695at5125.hmm /home/zack/Desktop/IsariaPreferralGenome/MyGenomeSubmittedToNCBI/HypocrealesProteinSets/Trichoderma_reesei_QM6a.proteins.fa 
# Current dir:     /home/zack/Desktop/IsariaPreferralGenome/MyGenomeSubmittedToNCBI/HypocrealesProteinSets/BUSCO_AA_all
# Date:            Mon Mar  4 15:42:18 2024
# [ok]
