#                                                                            --- full sequence --- -------------- this domain -------------   hmm coord   ali coord   env coord
# target name        accession   tlen query name           accession   qlen   E-value  score  bias   #  of  c-Evalue  i-Evalue  score  bias  from    to  from    to  from    to  acc description of target
#------------------- ---------- ----- -------------------- ---------- ----- --------- ------ ----- --- --- --------- --------- ------ ----- ----- ----- ----- ----- ----- ----- ---- ---------------------
FUN_007658-T1        -            389 29305at5125          -            303  8.7e-178  588.8   4.0   1   2  6.5e-148    8e-146  483.8   0.1     1   245    32   294    32   301 0.95 FUN_007658
FUN_007658-T1        -            389 29305at5125          -            303  8.7e-178  588.8   4.0   2   2   2.9e-32   3.6e-30  104.0   1.4   234   303   305   387   299   387 0.88 FUN_007658
FUN_001389-T1        -            961 29305at5125          -            303   2.6e-22   78.2   4.5   1   7    0.0015      0.18    9.8   0.0    76   139    82   145    38   157 0.83 FUN_001389
FUN_001389-T1        -            961 29305at5125          -            303   2.6e-22   78.2   4.5   2   7         4     5e+02   -1.5   0.0   119   139   188   208   173   216 0.85 FUN_001389
FUN_001389-T1        -            961 29305at5125          -            303   2.6e-22   78.2   4.5   3   7       2.2   2.7e+02   -0.6   0.0   104   135   277   308   267   320 0.79 FUN_001389
FUN_001389-T1        -            961 29305at5125          -            303   2.6e-22   78.2   4.5   4   7     0.098        12    3.8   0.0    94   174   417   495   349   499 0.84 FUN_001389
FUN_001389-T1        -            961 29305at5125          -            303   2.6e-22   78.2   4.5   5   7     2e-07   2.5e-05   22.5   0.0    22   137   433   541   418   559 0.80 FUN_001389
FUN_001389-T1        -            961 29305at5125          -            303   2.6e-22   78.2   4.5   6   7         1   1.2e+02    0.5   0.0    17    49   564   596   552   609 0.84 FUN_001389
FUN_001389-T1        -            961 29305at5125          -            303   2.6e-22   78.2   4.5   7   7   5.4e-13   6.6e-11   40.8   0.2    20   134   609   726   601   734 0.87 FUN_001389
FUN_000946-T1        -            483 29305at5125          -            303   4.1e-22   77.6   1.4   1   6   6.1e-06   0.00075   17.6   0.0    96   137   166   207   161   213 0.90 FUN_000946
FUN_000946-T1        -            483 29305at5125          -            303   4.1e-22   77.6   1.4   2   6   0.00058     0.071   11.1   0.0   100   137   212   249   204   250 0.90 FUN_000946
FUN_000946-T1        -            483 29305at5125          -            303   4.1e-22   77.6   1.4   3   6   3.6e-06   0.00045   18.3   0.0    93   137   247   291   245   295 0.94 FUN_000946
FUN_000946-T1        -            483 29305at5125          -            303   4.1e-22   77.6   1.4   4   6   1.5e-05    0.0019   16.3   0.1    94   168   290   364   287   369 0.83 FUN_000946
FUN_000946-T1        -            483 29305at5125          -            303   4.1e-22   77.6   1.4   5   6   2.5e-07   3.1e-05   22.2   0.2    32   135   314   413   306   429 0.84 FUN_000946
FUN_000946-T1        -            483 29305at5125          -            303   4.1e-22   77.6   1.4   6   6      0.55        67    1.3   0.0    18    50   432   464   425   470 0.83 FUN_000946
FUN_007790-T1        -            609 29305at5125          -            303   3.1e-19   68.1   2.7   1   5   9.7e-06    0.0012   16.9   0.1   185   267   297   383   283   391 0.73 FUN_007790
FUN_007790-T1        -            609 29305at5125          -            303   3.1e-19   68.1   2.7   2   5   0.00084       0.1   10.6   0.0    98   135   390   427   383   438 0.85 FUN_007790
FUN_007790-T1        -            609 29305at5125          -            303   3.1e-19   68.1   2.7   3   5     0.019       2.4    6.1   0.0   104   135   437   468   434   475 0.82 FUN_007790
FUN_007790-T1        -            609 29305at5125          -            303   3.1e-19   68.1   2.7   4   5    0.0017       0.2    9.6   0.0   101   133   479   511   472   515 0.93 FUN_007790
FUN_007790-T1        -            609 29305at5125          -            303   3.1e-19   68.1   2.7   5   5   6.4e-07   7.9e-05   20.8   0.0    95   162   526   595   520   607 0.78 FUN_007790
FUN_005704-T1        -            910 29305at5125          -            303   6.8e-19   67.0   6.6   1   6     0.044       5.4    4.9   0.0    79   143    37   104    26   142 0.60 FUN_005704
FUN_005704-T1        -            910 29305at5125          -            303   6.8e-19   67.0   6.6   2   6      0.61        75    1.2   0.0    94   134   101   141    93   156 0.77 FUN_005704
FUN_005704-T1        -            910 29305at5125          -            303   6.8e-19   67.0   6.6   3   6   3.7e-05    0.0046   15.0   0.0    74   139   199   264   191   302 0.84 FUN_005704
FUN_005704-T1        -            910 29305at5125          -            303   6.8e-19   67.0   6.6   4   6      0.11        14    3.6   0.1    99   134   422   457   399   466 0.87 FUN_005704
FUN_005704-T1        -            910 29305at5125          -            303   6.8e-19   67.0   6.6   5   6   6.7e-07   8.3e-05   20.7   0.0    14   140   537   684   528   687 0.72 FUN_005704
FUN_005704-T1        -            910 29305at5125          -            303   6.8e-19   67.0   6.6   6   6   5.2e-06   0.00064   17.8   0.2   100   140   686   726   684   737 0.87 FUN_005704
FUN_003710-T1        -           1115 29305at5125          -            303   2.4e-18   65.2   3.1   1   3   4.6e-05    0.0057   14.7   0.0    15   134   806   923   793   934 0.86 FUN_003710
FUN_003710-T1        -           1115 29305at5125          -            303   2.4e-18   65.2   3.1   2   3     0.013       1.5    6.7   0.0    98   138   931   971   924   975 0.71 FUN_003710
FUN_003710-T1        -           1115 29305at5125          -            303   2.4e-18   65.2   3.1   3   3   2.9e-13   3.5e-11   41.7   0.6    19   133   980  1092   973  1096 0.92 FUN_003710
FUN_001048-T1        -            319 29305at5125          -            303   1.4e-17   62.7   3.6   1   5      0.21        26    2.7   0.0   245   271    39    65    28    69 0.80 FUN_001048
FUN_001048-T1        -            319 29305at5125          -            303   1.4e-17   62.7   3.6   2   5   1.5e-07   1.9e-05   22.8   0.1    99   141    71   113    63   120 0.88 FUN_001048
FUN_001048-T1        -            319 29305at5125          -            303   1.4e-17   62.7   3.6   3   5   2.7e-07   3.3e-05   22.1   0.0   103   181   116   197   110   203 0.80 FUN_001048
FUN_001048-T1        -            319 29305at5125          -            303   1.4e-17   62.7   3.6   4   5   0.00056     0.069   11.2   0.0    98   134   202   238   199   245 0.92 FUN_001048
FUN_001048-T1        -            319 29305at5125          -            303   1.4e-17   62.7   3.6   5   5      0.45        55    1.6   0.1    82   111   282   311   256   318 0.55 FUN_001048
FUN_008090-T1        -            698 29305at5125          -            303   3.1e-16   58.2   0.1   1   3     5e-05    0.0061   14.6   0.0    99   139   356   394   348   406 0.86 FUN_008090
FUN_008090-T1        -            698 29305at5125          -            303   3.1e-16   58.2   0.1   2   3   1.1e-08   1.3e-06   26.6   0.0    15   143   440   561   420   576 0.78 FUN_008090
FUN_008090-T1        -            698 29305at5125          -            303   3.1e-16   58.2   0.1   3   3   0.00022     0.027   12.5   0.0    77   135   579   637   561   642 0.89 FUN_008090
FUN_001306-T1        -            497 29305at5125          -            303     6e-16   57.3   4.0   1   6   0.00067     0.082   10.9   0.0   100   136   156   192   147   199 0.88 FUN_001306
FUN_001306-T1        -            497 29305at5125          -            303     6e-16   57.3   4.0   2   6   0.00017      0.02   12.9   0.0   100   135   198   233   192   242 0.89 FUN_001306
FUN_001306-T1        -            497 29305at5125          -            303     6e-16   57.3   4.0   3   6    0.0037      0.46    8.5   0.0   100   136   250   286   239   299 0.84 FUN_001306
FUN_001306-T1        -            497 29305at5125          -            303     6e-16   57.3   4.0   4   6   0.00074     0.091   10.8   0.0    98   143   290   335   286   344 0.80 FUN_001306
FUN_001306-T1        -            497 29305at5125          -            303     6e-16   57.3   4.0   5   6     0.053       6.6    4.7   0.0   243   266   343   367   338   371 0.69 FUN_001306
FUN_001306-T1        -            497 29305at5125          -            303     6e-16   57.3   4.0   6   6     0.013       1.6    6.6   0.0    93   172   370   452   358   458 0.63 FUN_001306
FUN_008313-T1        -            854 29305at5125          -            303   1.5e-15   56.0   0.4   1   5   1.5e-05    0.0018   16.3   0.0    19   134    14   127     3   135 0.86 FUN_008313
FUN_008313-T1        -            854 29305at5125          -            303   1.5e-15   56.0   0.4   2   5   0.00046     0.057   11.4   0.0    97   133   133   170   128   179 0.86 FUN_008313
FUN_008313-T1        -            854 29305at5125          -            303   1.5e-15   56.0   0.4   3   5     0.064       7.8    4.4   0.0   101   138   180   220   174   224 0.76 FUN_008313
FUN_008313-T1        -            854 29305at5125          -            303   1.5e-15   56.0   0.4   4   5   4.7e-07   5.8e-05   21.3   0.1    83   161   207   287   200   302 0.78 FUN_008313
FUN_008313-T1        -            854 29305at5125          -            303   1.5e-15   56.0   0.4   5   5       2.2   2.7e+02   -0.7   0.0   147   180   465   498   427   507 0.85 FUN_008313
FUN_002427-T1        -           1190 29305at5125          -            303   2.2e-15   55.5   2.8   1   4   0.00058     0.071   11.1   0.0    95   139    18    62    13    72 0.91 FUN_002427
FUN_002427-T1        -           1190 29305at5125          -            303   2.2e-15   55.5   2.8   2   4   1.3e-06   0.00016   19.8   0.2    68   134    77   141    68   149 0.85 FUN_002427
FUN_002427-T1        -           1190 29305at5125          -            303   2.2e-15   55.5   2.8   3   4   0.00059     0.072   11.1   0.0    81   139   163   221   146   225 0.75 FUN_002427
FUN_002427-T1        -           1190 29305at5125          -            303   2.2e-15   55.5   2.8   4   4     0.002      0.25    9.3   0.0   101   144   226   268   222   299 0.73 FUN_002427
FUN_008196-T1        -            483 29305at5125          -            303     5e-15   54.3   6.9   1   4     0.027       3.3    5.6   0.0   117   142    26    51    10    52 0.82 FUN_008196
FUN_008196-T1        -            483 29305at5125          -            303     5e-15   54.3   6.9   2   4   1.1e-07   1.4e-05   23.3   1.0    78   266    29   209    28   211 0.84 FUN_008196
FUN_008196-T1        -            483 29305at5125          -            303     5e-15   54.3   6.9   3   4   0.00044     0.054   11.5   0.1    26   140   146   259   143   261 0.80 FUN_008196
FUN_008196-T1        -            483 29305at5125          -            303     5e-15   54.3   6.9   4   4   2.2e-06   0.00027   19.1   0.1   100   139   261   300   255   314 0.90 FUN_008196
FUN_002730-T1        -            395 29305at5125          -            303   9.3e-14   50.1   1.3   1   3     2e-06   0.00025   19.2   0.1   100   173    42   118    22   119 0.77 FUN_002730
FUN_002730-T1        -            395 29305at5125          -            303   9.3e-14   50.1   1.3   2   3   0.00023     0.028   12.4   0.0    21   141    91   220    79   228 0.71 FUN_002730
FUN_002730-T1        -            395 29305at5125          -            303   9.3e-14   50.1   1.3   3   3   1.5e-05    0.0019   16.3   0.0    81   134   267   319   256   332 0.79 FUN_002730
FUN_009070-T1        -            495 29305at5125          -            303     1e-13   50.0   3.7   1   5     0.024       2.9    5.8   0.0   101   136   122   158   111   165 0.81 FUN_009070
FUN_009070-T1        -            495 29305at5125          -            303     1e-13   50.0   3.7   2   5    0.0013      0.16    9.9   0.0   100   140   164   204   161   211 0.89 FUN_009070
FUN_009070-T1        -            495 29305at5125          -            303     1e-13   50.0   3.7   3   5     0.017         2    6.3   0.0   101   136   209   250   199   256 0.82 FUN_009070
FUN_009070-T1        -            495 29305at5125          -            303     1e-13   50.0   3.7   4   5    0.0014      0.17    9.9   0.1    78   134   234   289   233   300 0.84 FUN_009070
FUN_009070-T1        -            495 29305at5125          -            303     1e-13   50.0   3.7   5   5   5.6e-06   0.00068   17.7   0.1    34   152   355   472   332   493 0.74 FUN_009070
FUN_006039-T1        -            355 29305at5125          -            303   2.4e-13   48.8   0.0   1   4   2.7e-06   0.00033   18.8   0.0    60   138   105   183    57   196 0.72 FUN_006039
FUN_006039-T1        -            355 29305at5125          -            303   2.4e-13   48.8   0.0   2   4     0.073         9    4.2   0.0   104   138   190   224   183   229 0.84 FUN_006039
FUN_006039-T1        -            355 29305at5125          -            303   2.4e-13   48.8   0.0   3   4   7.2e-06   0.00088   17.4   0.0    85   133   213   261   203   273 0.86 FUN_006039
FUN_006039-T1        -            355 29305at5125          -            303   2.4e-13   48.8   0.0   4   4     0.026       3.1    5.7   0.0    19    77   283   341   264   350 0.79 FUN_006039
FUN_003860-T1        -            445 29305at5125          -            303   4.3e-13   48.0   0.6   1   4   0.00079     0.097   10.7   0.0    84   141    45   104    39   136 0.79 FUN_003860
FUN_003860-T1        -            445 29305at5125          -            303   4.3e-13   48.0   0.6   2   4   2.3e-06   0.00028   19.0   0.1    29   180   120   274   104   278 0.80 FUN_003860
FUN_003860-T1        -            445 29305at5125          -            303   4.3e-13   48.0   0.6   3   4     0.001      0.12   10.3   0.0   100   137   278   315   274   328 0.88 FUN_003860
FUN_003860-T1        -            445 29305at5125          -            303   4.3e-13   48.0   0.6   4   4      0.06       7.4    4.5   0.0   107   145   328   366   315   378 0.73 FUN_003860
FUN_006582-T1        -            911 29305at5125          -            303   4.8e-13   47.8   2.9   1   6      0.11        14    3.6   0.0   241   295    16    76    10    84 0.74 FUN_006582
FUN_006582-T1        -            911 29305at5125          -            303   4.8e-13   47.8   2.9   2   6      0.22        27    2.6   0.0   246   284   103   140    95   144 0.78 FUN_006582
FUN_006582-T1        -            911 29305at5125          -            303   4.8e-13   47.8   2.9   3   6      0.32        40    2.1   0.0    98   133   145   180   140   187 0.86 FUN_006582
FUN_006582-T1        -            911 29305at5125          -            303   4.8e-13   47.8   2.9   4   6   0.00066     0.082   10.9   0.0    20   135   265   379   252   384 0.81 FUN_006582
FUN_006582-T1        -            911 29305at5125          -            303   4.8e-13   47.8   2.9   5   6     0.034       4.2    5.3   0.0    97   174   383   463   379   467 0.75 FUN_006582
FUN_006582-T1        -            911 29305at5125          -            303   4.8e-13   47.8   2.9   6   6   2.2e-05    0.0027   15.7   0.0    99   162   471   536   464   554 0.77 FUN_006582
FUN_001937-T1        -           1054 29305at5125          -            303   5.1e-13   47.7   5.5   1   5    0.0077      0.95    7.4   0.0    87   139   699   749   688   761 0.78 FUN_001937
FUN_001937-T1        -           1054 29305at5125          -            303   5.1e-13   47.7   5.5   2   5   0.00098      0.12   10.4   0.1    95   135   823   861   817   866 0.89 FUN_001937
FUN_001937-T1        -           1054 29305at5125          -            303   5.1e-13   47.7   5.5   3   5     0.021       2.6    6.0   0.0    99   137   867   905   863   911 0.89 FUN_001937
FUN_001937-T1        -           1054 29305at5125          -            303   5.1e-13   47.7   5.5   4   5   0.00095      0.12   10.4   0.0   100   145   910   953   902   958 0.81 FUN_001937
FUN_001937-T1        -           1054 29305at5125          -            303   5.1e-13   47.7   5.5   5   5    0.0014      0.17    9.8   0.0   245   267   958   980   953   989 0.90 FUN_001937
FUN_004181-T1        -           1419 29305at5125          -            303     7e-13   47.2  13.4   1   6   0.00021     0.026   12.6   0.1    96   136   793   833   785   837 0.89 FUN_004181
FUN_004181-T1        -           1419 29305at5125          -            303     7e-13   47.2  13.4   2   6      0.13        16    3.4   0.0   100   139   838   877   833   908 0.83 FUN_004181
FUN_004181-T1        -           1419 29305at5125          -            303     7e-13   47.2  13.4   3   6    0.0011      0.13   10.2   0.1    77   135   952  1008   887  1015 0.79 FUN_004181
FUN_004181-T1        -           1419 29305at5125          -            303     7e-13   47.2  13.4   4   6   7.6e-08   9.3e-06   23.9   1.3    14   169   973  1132   967  1138 0.80 FUN_004181
FUN_004181-T1        -           1419 29305at5125          -            303     7e-13   47.2  13.4   5   6    0.0056      0.69    7.9   0.0    23    73  1175  1225  1163  1235 0.84 FUN_004181
FUN_004181-T1        -           1419 29305at5125          -            303     7e-13   47.2  13.4   6   6       2.8   3.5e+02   -1.0   0.0    68   135  1272  1335  1256  1353 0.66 FUN_004181
FUN_003915-T1        -            339 29305at5125          -            303     4e-12   44.8   0.2   1   2   1.5e-11   1.8e-09   36.0   0.1    16   173    10   165     4   173 0.83 FUN_003915
FUN_003915-T1        -            339 29305at5125          -            303     4e-12   44.8   0.2   2   2    0.0089       1.1    7.2   0.0    99   139   173   213   160   243 0.74 FUN_003915
FUN_008726-T1        -            316 29305at5125          -            303   1.7e-11   42.7   4.0   1   5    0.0015      0.18    9.8   0.0   100   137    11    49     5    58 0.84 FUN_008726
FUN_008726-T1        -            316 29305at5125          -            303   1.7e-11   42.7   4.0   2   5     0.041         5    5.0   0.0    98   135    57    94    53   100 0.84 FUN_008726
FUN_008726-T1        -            316 29305at5125          -            303   1.7e-11   42.7   4.0   3   5   0.00011     0.014   13.4   0.1    97   134    98   135    92   144 0.90 FUN_008726
FUN_008726-T1        -            316 29305at5125          -            303   1.7e-11   42.7   4.0   4   5    0.0067      0.82    7.6   0.1   101   175   145   222   136   225 0.77 FUN_008726
FUN_008726-T1        -            316 29305at5125          -            303   1.7e-11   42.7   4.0   5   5    0.0018      0.22    9.5   0.0   102   210   190   301   187   306 0.67 FUN_008726
FUN_001684-T1        -            358 29305at5125          -            303   9.9e-11   40.2   3.1   1   3   2.3e-05    0.0029   15.7   0.1    98   162    64   130    56   152 0.80 FUN_001684
FUN_001684-T1        -            358 29305at5125          -            303   9.9e-11   40.2   3.1   2   3    0.0035      0.43    8.5   0.1    97   135   193   232   132   238 0.81 FUN_001684
FUN_001684-T1        -            358 29305at5125          -            303   9.9e-11   40.2   3.1   3   3   5.4e-05    0.0066   14.5   0.1    97   136   236   275   233   348 0.81 FUN_001684
FUN_006592-T1        -            365 29305at5125          -            303   1.1e-09   36.8   0.2   1   3       4.6   5.7e+02   -1.7   0.0    28    46    26    44    13    46 0.73 FUN_006592
FUN_006592-T1        -            365 29305at5125          -            303   1.1e-09   36.8   0.2   2   3   4.9e-05    0.0061   14.6   0.0    95   134    68   107    60   118 0.89 FUN_006592
FUN_006592-T1        -            365 29305at5125          -            303   1.1e-09   36.8   0.2   3   3   2.2e-06   0.00027   19.1   0.2   102   229   123   247   118   277 0.70 FUN_006592
FUN_004201-T1        -            653 29305at5125          -            303   1.3e-09   36.5   2.0   1   4    0.0026      0.32    9.0   0.0    93   140   303   350   260   352 0.81 FUN_004201
FUN_004201-T1        -            653 29305at5125          -            303   1.3e-09   36.5   2.0   2   4   0.00052     0.064   11.3   0.0    98   140   350   390   346   394 0.84 FUN_004201
FUN_004201-T1        -            653 29305at5125          -            303   1.3e-09   36.5   2.0   3   4     0.017       2.1    6.3   0.1   101   139   430   466   420   487 0.77 FUN_004201
FUN_004201-T1        -            653 29305at5125          -            303   1.3e-09   36.5   2.0   4   4     0.012       1.5    6.8   0.1    98   157   533   591   516   613 0.75 FUN_004201
FUN_005695-T1        -            425 29305at5125          -            303   3.6e-09   35.1   0.6   1   3      0.11        14    3.6   0.0   102   142   176   217   163   222 0.79 FUN_005695
FUN_005695-T1        -            425 29305at5125          -            303   3.6e-09   35.1   0.6   2   3   1.7e-08     2e-06   26.0   0.2     6   133   216   349   215   356 0.78 FUN_005695
FUN_005695-T1        -            425 29305at5125          -            303   3.6e-09   35.1   0.6   3   3       4.5   5.6e+02   -1.7   0.0    31    49   390   408   371   414 0.57 FUN_005695
FUN_004474-T1        -            348 29305at5125          -            303   6.5e-09   34.2   0.2   1   2   6.1e-05    0.0074   14.3   0.0    98   182   100   186    81   194 0.79 FUN_004474
FUN_004474-T1        -            348 29305at5125          -            303   6.5e-09   34.2   0.2   2   2   6.8e-06   0.00083   17.5   0.0    99   141   250   293   231   302 0.88 FUN_004474
FUN_002272-T1        -            516 29305at5125          -            303   7.2e-09   34.1   2.7   1   4      0.17        21    3.0   0.0    97   132   217   253   210   255 0.84 FUN_002272
FUN_002272-T1        -            516 29305at5125          -            303   7.2e-09   34.1   2.7   2   4     2e-06   0.00024   19.2   0.0    92   175   256   342   254   344 0.79 FUN_002272
FUN_002272-T1        -            516 29305at5125          -            303   7.2e-09   34.1   2.7   3   4    0.0058      0.71    7.8   0.1    83   173   334   426   322   433 0.73 FUN_002272
FUN_002272-T1        -            516 29305at5125          -            303   7.2e-09   34.1   2.7   4   4       1.2   1.5e+02    0.2   0.1   247   267   453   474   438   515 0.67 FUN_002272
FUN_008094-T1        -            761 29305at5125          -            303   1.2e-08   33.4   4.7   1   5    0.0016      0.19    9.7   0.1    95   138   417   458   404   463 0.82 FUN_008094
FUN_008094-T1        -            761 29305at5125          -            303   1.2e-08   33.4   4.7   2   5   3.7e-05    0.0045   15.0   0.7    30   137   436   537   432   540 0.88 FUN_008094
FUN_008094-T1        -            761 29305at5125          -            303   1.2e-08   33.4   4.7   3   5   3.4e-05    0.0042   15.2   1.6    24   139   472   580   466   588 0.82 FUN_008094
FUN_008094-T1        -            761 29305at5125          -            303   1.2e-08   33.4   4.7   4   5      0.27        34    2.3   0.0   123   139   659   675   652   686 0.80 FUN_008094
FUN_008094-T1        -            761 29305at5125          -            303   1.2e-08   33.4   4.7   5   5      0.41        51    1.7   0.0    98   133   716   749   690   757 0.81 FUN_008094
FUN_001742-T1        -            964 29305at5125          -            303   1.4e-08   33.1   3.5   1   4      0.95   1.2e+02    0.6   0.0   246   275   271   301   250   306 0.63 FUN_001742
FUN_001742-T1        -            964 29305at5125          -            303   1.4e-08   33.1   3.5   2   4    0.0023      0.28    9.2   0.0    94   138   329   372   321   377 0.80 FUN_001742
FUN_001742-T1        -            964 29305at5125          -            303   1.4e-08   33.1   3.5   3   4   0.00021     0.026   12.6   0.0   102   173   377   449   373   458 0.79 FUN_001742
FUN_001742-T1        -            964 29305at5125          -            303   1.4e-08   33.1   3.5   4   4    0.0046      0.57    8.1   0.4    46   140   460   555   453   580 0.78 FUN_001742
FUN_008023-T1        -            620 29305at5125          -            303   4.7e-08   31.4   0.4   1   3   0.00017     0.021   12.8   0.0    17   133    94   207    88   216 0.85 FUN_008023
FUN_008023-T1        -            620 29305at5125          -            303   4.7e-08   31.4   0.4   2   3   0.00058     0.071   11.1   0.0   100   142   216   258   211   293 0.86 FUN_008023
FUN_008023-T1        -            620 29305at5125          -            303   4.7e-08   31.4   0.4   3   3         7   8.7e+02   -2.3   0.0   103   132   374   403   372   410 0.88 FUN_008023
FUN_000480-T1        -            491 29305at5125          -            303   6.3e-08   31.0   0.5   1   5       3.1   3.9e+02   -1.2   0.0   103   133    71   102    65   110 0.61 FUN_000480
FUN_000480-T1        -            491 29305at5125          -            303   6.3e-08   31.0   0.5   2   5   2.1e-06   0.00026   19.1   0.1   102   174   132   207   128   217 0.84 FUN_000480
FUN_000480-T1        -            491 29305at5125          -            303   6.3e-08   31.0   0.5   3   5      0.03       3.7    5.5   0.0    73   134   189   251   168   260 0.77 FUN_000480
FUN_000480-T1        -            491 29305at5125          -            303   6.3e-08   31.0   0.5   4   5      0.17        20    3.0   0.0   242   267   299   325   286   348 0.69 FUN_000480
FUN_000480-T1        -            491 29305at5125          -            303   6.3e-08   31.0   0.5   5   5       0.5        61    1.5   0.0   203   237   358   392   354   403 0.85 FUN_000480
FUN_008917-T1        -            363 29305at5125          -            303   6.9e-08   30.9   0.1   1   2   3.4e-09   4.2e-07   28.3   0.0    99   164    49   118    26   133 0.83 FUN_008917
FUN_008917-T1        -            363 29305at5125          -            303   6.9e-08   30.9   0.1   2   2       1.8   2.2e+02   -0.4   0.0   105   136   145   176   117   181 0.83 FUN_008917
FUN_005503-T1        -            668 29305at5125          -            303   8.4e-08   30.6   1.1   1   4     0.019       2.3    6.1   0.0    82   138   301   354   284   359 0.77 FUN_005503
FUN_005503-T1        -            668 29305at5125          -            303   8.4e-08   30.6   1.1   2   4   0.00031     0.038   12.0   0.0   100   146   358   403   353   419 0.82 FUN_005503
FUN_005503-T1        -            668 29305at5125          -            303   8.4e-08   30.6   1.1   3   4      0.25        31    2.5   0.0    97   142   436   479   415   510 0.74 FUN_005503
FUN_005503-T1        -            668 29305at5125          -            303   8.4e-08   30.6   1.1   4   4     0.033         4    5.4   0.0    97   144   516   561   501   580 0.77 FUN_005503
FUN_005674-T1        -            474 29305at5125          -            303   8.7e-08   30.5   1.3   1   3      0.16        20    3.1   0.0   102   136   211   245   206   251 0.89 FUN_005674
FUN_005674-T1        -            474 29305at5125          -            303   8.7e-08   30.5   1.3   2   3   1.4e-05    0.0017   16.4   0.0    99   180   280   362   257   368 0.84 FUN_005674
FUN_005674-T1        -            474 29305at5125          -            303   8.7e-08   30.5   1.3   3   3    0.0052      0.63    8.0   0.1   100   135   368   404   361   409 0.88 FUN_005674
FUN_004893-T1        -            773 29305at5125          -            303   9.6e-08   30.4   0.0   1   3    0.0015      0.18    9.8   0.0   101   143    11    55     5    71 0.79 FUN_004893
FUN_004893-T1        -            773 29305at5125          -            303   9.6e-08   30.4   0.0   2   3     0.027       3.3    5.6   0.0    97   145   102   148    89   205 0.77 FUN_004893
FUN_004893-T1        -            773 29305at5125          -            303   9.6e-08   30.4   0.0   3   3   0.00074     0.091   10.8   0.0    32   133   165   270   154   285 0.72 FUN_004893
FUN_001734-T1        -            490 29305at5125          -            303   1.1e-07   30.1   0.7   1   2   1.1e-05    0.0014   16.7   0.0    98   145   300   348   276   389 0.69 FUN_001734
FUN_001734-T1        -            490 29305at5125          -            303   1.1e-07   30.1   0.7   2   2   0.00051     0.063   11.3   0.1    99   133   396   431   387   437 0.87 FUN_001734
FUN_006797-T1        -            519 29305at5125          -            303   2.9e-07   28.8   0.0   1   3   7.3e-06    0.0009   17.3   0.0    95   210   280   395   259   399 0.65 FUN_006797
FUN_006797-T1        -            519 29305at5125          -            303   2.9e-07   28.8   0.0   2   3      0.31        38    2.1   0.0    18    51   378   410   372   423 0.77 FUN_006797
FUN_006797-T1        -            519 29305at5125          -            303   2.9e-07   28.8   0.0   3   3     0.018       2.3    6.2   0.0    77   132   457   512   445   517 0.81 FUN_006797
FUN_000476-T1        -            528 29305at5125          -            303   3.8e-07   28.4   0.0   1   2   8.7e-07   0.00011   20.4   0.0    28   147    90   210    80   244 0.80 FUN_000476
FUN_000476-T1        -            528 29305at5125          -            303   3.8e-07   28.4   0.0   2   2     0.023       2.9    5.8   0.0    98   151   245   298   221   313 0.85 FUN_000476
FUN_000967-T1        -            353 29305at5125          -            303   1.1e-06   26.9   0.0   1   3      0.87   1.1e+02    0.7   0.0    21    46    42    67    30    77 0.78 FUN_000967
FUN_000967-T1        -            353 29305at5125          -            303   1.1e-06   26.9   0.0   2   3   2.3e-07   2.9e-05   22.3   0.0    96   274    75   255    68   284 0.69 FUN_000967
FUN_000967-T1        -            353 29305at5125          -            303   1.1e-06   26.9   0.0   3   3       2.9   3.6e+02   -1.0   0.0   246   260   285   299   274   343 0.62 FUN_000967
FUN_004373-T1        -           1041 29305at5125          -            303   1.5e-06   26.5   0.0   1   2   5.4e-05    0.0066   14.5   0.0    96   164   613   684   544   698 0.74 FUN_004373
FUN_004373-T1        -           1041 29305at5125          -            303   1.5e-06   26.5   0.0   2   2    0.0024       0.3    9.1   0.0    92   172   694   775   685   796 0.65 FUN_004373
FUN_000836-T1        -            854 29305at5125          -            303   3.2e-06   25.4   0.8   1   2     0.055       6.8    4.6   0.1   104   143    56    95    12   118 0.64 FUN_000836
FUN_000836-T1        -            854 29305at5125          -            303   3.2e-06   25.4   0.8   2   2   1.3e-05    0.0016   16.5   0.1    84   172   213   301   144   315 0.75 FUN_000836
FUN_005658-T1        -            785 29305at5125          -            303   3.2e-06   25.4   0.0   1   6     0.017       2.1    6.3   0.0    98   142    12    61     6    82 0.77 FUN_005658
FUN_005658-T1        -            785 29305at5125          -            303   3.2e-06   25.4   0.0   2   6     0.046       5.7    4.9   0.0    32   134    88   208    75   235 0.59 FUN_005658
FUN_005658-T1        -            785 29305at5125          -            303   3.2e-06   25.4   0.0   3   6     0.028       3.4    5.6   0.0    29   133   188   292   186   303 0.68 FUN_005658
FUN_005658-T1        -            785 29305at5125          -            303   3.2e-06   25.4   0.0   4   6      0.17        21    3.0   0.0     6    45   355   394   351   414 0.86 FUN_005658
FUN_005658-T1        -            785 29305at5125          -            303   3.2e-06   25.4   0.0   5   6       1.6     2e+02   -0.2   0.0   198   260   543   606   537   614 0.77 FUN_005658
FUN_005658-T1        -            785 29305at5125          -            303   3.2e-06   25.4   0.0   6   6       4.3   5.2e+02   -1.6   0.0   102   139   633   671   621   700 0.64 FUN_005658
FUN_006386-T1        -            750 29305at5125          -            303     5e-06   24.7   1.9   1   4       3.7   4.6e+02   -1.4   0.0   197   213   381   397   373   421 0.74 FUN_006386
FUN_006386-T1        -            750 29305at5125          -            303     5e-06   24.7   1.9   2   4      0.43        52    1.7   0.1   119   138   468   487   458   510 0.78 FUN_006386
FUN_006386-T1        -            750 29305at5125          -            303     5e-06   24.7   1.9   3   4   8.7e-05     0.011   13.8   0.1    85   174   518   610   509   615 0.77 FUN_006386
FUN_006386-T1        -            750 29305at5125          -            303     5e-06   24.7   1.9   4   4     0.044       5.4    4.9   0.0    97   135   616   655   595   688 0.77 FUN_006386
FUN_003410-T1        -            362 29305at5125          -            303   5.2e-06   24.7   0.6   1   2    0.0046      0.57    8.1   0.0    31   137    48   159    38   174 0.73 FUN_003410
FUN_003410-T1        -            362 29305at5125          -            303   5.2e-06   24.7   0.6   2   2   3.8e-05    0.0047   15.0   0.1    27   163   174   324   165   331 0.76 FUN_003410
FUN_001104-T1        -            337 29305at5125          -            303   6.5e-06   24.4   0.4   1   4      0.45        55    1.6   0.0    22    50    14    42     7    47 0.62 FUN_001104
FUN_001104-T1        -            337 29305at5125          -            303   6.5e-06   24.4   0.4   2   4   1.5e-06   0.00019   19.6   0.1    76   138    25    86    18    92 0.82 FUN_001104
FUN_001104-T1        -            337 29305at5125          -            303   6.5e-06   24.4   0.4   3   4       2.5   3.1e+02   -0.8   0.0   104   131   191   218   151   241 0.56 FUN_001104
FUN_001104-T1        -            337 29305at5125          -            303   6.5e-06   24.4   0.4   4   4       3.8   4.7e+02   -1.4   0.0    98   132   282   316   260   325 0.82 FUN_001104
FUN_001219-T1        -            587 29305at5125          -            303   6.6e-06   24.3   0.0   1   4      0.25        31    2.4   0.0    97   133    74   111    68   115 0.86 FUN_001219
FUN_001219-T1        -            587 29305at5125          -            303   6.6e-06   24.3   0.0   2   4    0.0015      0.19    9.7   0.0    93   137   126   171   122   180 0.82 FUN_001219
FUN_001219-T1        -            587 29305at5125          -            303   6.6e-06   24.3   0.0   3   4     0.029       3.5    5.5   0.0    21    51   182   212   177   219 0.83 FUN_001219
FUN_001219-T1        -            587 29305at5125          -            303   6.6e-06   24.3   0.0   4   4      0.96   1.2e+02    0.5   0.0    87   133   285   335   273   351 0.73 FUN_001219
FUN_001259-T1        -            565 29305at5125          -            303   8.5e-06   24.0   0.4   1   3      0.33        40    2.1   0.0   101   134    83   116    76   129 0.88 FUN_001259
FUN_001259-T1        -            565 29305at5125          -            303   8.5e-06   24.0   0.4   2   3   5.1e-05    0.0063   14.6   0.1   100   166   194   261   183   274 0.81 FUN_001259
FUN_001259-T1        -            565 29305at5125          -            303   8.5e-06   24.0   0.4   3   3      0.14        18    3.2   0.0    21    57   303   337   286   370 0.72 FUN_001259
FUN_004894-T1        -            346 29305at5125          -            303   3.3e-05   22.1   0.1   1   3   0.00044     0.054   11.5   0.0    95   146    55   106    26   137 0.77 FUN_004894
FUN_004894-T1        -            346 29305at5125          -            303   3.3e-05   22.1   0.1   2   3       2.4   2.9e+02   -0.8   0.0   115   138   173   196   157   210 0.56 FUN_004894
FUN_004894-T1        -            346 29305at5125          -            303   3.3e-05   22.1   0.1   3   3      0.01       1.3    7.0   0.0    98   132   294   328   282   335 0.86 FUN_004894
FUN_006788-T1        -            626 29305at5125          -            303   4.5e-05   21.6   0.0   1   1   1.3e-06   0.00016   19.8   0.0    49   185    63   203    53   238 0.77 FUN_006788
FUN_005145-T1        -            398 29305at5125          -            303   5.2e-05   21.4   0.3   1   3       0.8        99    0.8   0.1   102   132   124   152   112   168 0.86 FUN_005145
FUN_005145-T1        -            398 29305at5125          -            303   5.2e-05   21.4   0.3   2   3   6.9e-06   0.00084   17.4   0.0    99   163   170   239   161   254 0.81 FUN_005145
FUN_005145-T1        -            398 29305at5125          -            303   5.2e-05   21.4   0.3   3   3       7.3     9e+02   -2.4   0.0   232   266   272   309   264   330 0.66 FUN_005145
FUN_005691-T1        -            606 29305at5125          -            303   7.4e-05   20.9   7.3   1   3      0.22        27    2.6   0.0   246   267   253   275   231   280 0.71 FUN_005691
FUN_005691-T1        -            606 29305at5125          -            303   7.4e-05   20.9   7.3   2   3   7.1e-06   0.00087   17.4   0.0    97   137   281   321   266   347 0.83 FUN_005691
FUN_005691-T1        -            606 29305at5125          -            303   7.4e-05   20.9   7.3   3   3      0.14        18    3.2   0.0   107   136   459   488   456   497 0.85 FUN_005691
FUN_001748-T1        -            475 29305at5125          -            303   7.5e-05   20.9   0.1   1   1   1.5e-06   0.00019   19.6   0.0    74   214   248   379   221   405 0.79 FUN_001748
FUN_002015-T1        -            775 29305at5125          -            303   0.00011   20.3   0.0   1   2   0.00036     0.044   11.8   0.0    99   143   415   460   410   493 0.82 FUN_002015
FUN_002015-T1        -            775 29305at5125          -            303   0.00011   20.3   0.0   2   2     0.029       3.5    5.5   0.0    86   131   631   676   569   695 0.83 FUN_002015
FUN_005400-T1        -            449 29305at5125          -            303   0.00034   18.7   0.4   1   3   0.00087      0.11   10.5   0.0    94   133   134   173   128   181 0.88 FUN_005400
FUN_005400-T1        -            449 29305at5125          -            303   0.00034   18.7   0.4   2   3       1.1   1.4e+02    0.3   0.0   116   134   218   236   179   243 0.83 FUN_005400
FUN_005400-T1        -            449 29305at5125          -            303   0.00034   18.7   0.4   3   3     0.092        11    3.9   0.0    96   135   243   287   214   293 0.65 FUN_005400
FUN_001272-T1        -            542 29305at5125          -            303   0.00043   18.4   0.8   1   2    0.0059      0.72    7.8   0.1   102   144   272   315   264   355 0.69 FUN_001272
FUN_001272-T1        -            542 29305at5125          -            303   0.00043   18.4   0.8   2   2     0.038       4.7    5.1   0.0   100   173   406   486   400   491 0.61 FUN_001272
FUN_008749-T1        -            513 29305at5125          -            303   0.00044   18.3   0.8   1   5       4.1     5e+02   -1.5   0.0   246   267   216   237   214   257 0.81 FUN_008749
FUN_008749-T1        -            513 29305at5125          -            303   0.00044   18.3   0.8   2   5       5.2   6.4e+02   -1.9   0.0    13    48   271   305   266   313 0.77 FUN_008749
FUN_008749-T1        -            513 29305at5125          -            303   0.00044   18.3   0.8   3   5      0.38        46    1.9   0.0    95   136   308   347   283   360 0.75 FUN_008749
FUN_008749-T1        -            513 29305at5125          -            303   0.00044   18.3   0.8   4   5    0.0073      0.89    7.5   0.0   243   293   361   417   352   425 0.63 FUN_008749
FUN_008749-T1        -            513 29305at5125          -            303   0.00044   18.3   0.8   5   5     0.052       6.4    4.7   0.1   113   166   407   461   395   486 0.56 FUN_008749
FUN_007365-T1        -            996 29305at5125          -            303   0.00056   18.0   1.0   1   5     0.053       6.6    4.7   0.0   101   137   333   367   329   371 0.82 FUN_007365
FUN_007365-T1        -            996 29305at5125          -            303   0.00056   18.0   1.0   2   5      0.15        18    3.2   0.0   100   136   373   411   364   418 0.82 FUN_007365
FUN_007365-T1        -            996 29305at5125          -            303   0.00056   18.0   1.0   3   5       0.2        25    2.8   0.0    19    51   423   453   414   459 0.78 FUN_007365
FUN_007365-T1        -            996 29305at5125          -            303   0.00056   18.0   1.0   4   5      0.59        72    1.2   0.0    97   134   495   530   490   542 0.82 FUN_007365
FUN_007365-T1        -            996 29305at5125          -            303   0.00056   18.0   1.0   5   5       3.7   4.6e+02   -1.4   0.0   242   269   543   571   530   582 0.82 FUN_007365
FUN_003161-T1        -            723 29305at5125          -            303   0.00059   18.0   0.1   1   4       1.8   2.2e+02   -0.4   0.0   268   301    56    92    14    94 0.65 FUN_003161
FUN_003161-T1        -            723 29305at5125          -            303   0.00059   18.0   0.1   2   4      0.14        18    3.2   0.1   107   174   124   192   115   196 0.59 FUN_003161
FUN_003161-T1        -            723 29305at5125          -            303   0.00059   18.0   0.1   3   4      0.24        29    2.5   0.0    19    51   164   196   157   213 0.77 FUN_003161
FUN_003161-T1        -            723 29305at5125          -            303   0.00059   18.0   0.1   4   4    0.0034      0.41    8.6   0.0   154   212   487   539   478   578 0.74 FUN_003161
FUN_004630-T1        -            673 29305at5125          -            303   0.00064   17.8   4.9   1   4     0.075       9.2    4.2   0.0   117   135   270   288   256   302 0.81 FUN_004630
FUN_004630-T1        -            673 29305at5125          -            303   0.00064   17.8   4.9   2   4    0.0042      0.52    8.3   0.1   197   278   368   446   360   452 0.63 FUN_004630
FUN_004630-T1        -            673 29305at5125          -            303   0.00064   17.8   4.9   3   4      0.48        59    1.5   0.0   249   275   462   489   456   497 0.76 FUN_004630
FUN_004630-T1        -            673 29305at5125          -            303   0.00064   17.8   4.9   4   4      0.45        55    1.6   0.1    91   136   520   570   512   582 0.78 FUN_004630
FUN_003996-T1        -           1731 29305at5125          -            303   0.00067   17.8   0.4   1   2    0.0027      0.33    8.9   0.0    96   135  1105  1144  1101  1152 0.90 FUN_003996
FUN_003996-T1        -           1731 29305at5125          -            303   0.00067   17.8   0.4   2   2     0.013       1.6    6.7   0.1    96   266  1154  1338  1147  1346 0.66 FUN_003996
FUN_002178-T1        -            615 29305at5125          -            303   0.00084   17.4   0.1   1   2   0.00013     0.016   13.3   0.1   103   180   370   450   362   454 0.78 FUN_002178
FUN_002178-T1        -            615 29305at5125          -            303   0.00084   17.4   0.1   2   2      0.43        53    1.7   0.0    81   135   501   557   484   580 0.71 FUN_002178
FUN_005171-T1        -            522 29305at5125          -            303    0.0014   16.7   0.0   1   4       4.5   5.5e+02   -1.7   0.0    32    48   132   148   125   162 0.73 FUN_005171
FUN_005171-T1        -            522 29305at5125          -            303    0.0014   16.7   0.0   2   4      0.73        89    0.9   0.0   102   148   182   225   172   236 0.77 FUN_005171
FUN_005171-T1        -            522 29305at5125          -            303    0.0014   16.7   0.0   3   4     0.011       1.3    6.9   0.0   100   146   239   286   236   298 0.83 FUN_005171
FUN_005171-T1        -            522 29305at5125          -            303    0.0014   16.7   0.0   4   4      0.18        22    2.9   0.0   101   137   415   456   404   469 0.76 FUN_005171
FUN_006657-T1        -            348 29305at5125          -            303    0.0017   16.5   0.0   1   2       5.6   6.9e+02   -2.0   0.0    30    58    27    55    17    60 0.81 FUN_006657
FUN_006657-T1        -            348 29305at5125          -            303    0.0017   16.5   0.0   2   2   8.5e-05      0.01   13.8   0.0   106   162   254   312   246   321 0.81 FUN_006657
FUN_007945-T1        -            318 29305at5125          -            303    0.0023   16.0   0.2   1   3     0.041       5.1    5.0   0.1   198   265   114   183     4   191 0.71 FUN_007945
FUN_007945-T1        -            318 29305at5125          -            303    0.0023   16.0   0.2   2   3    0.0015      0.18    9.8   0.1    20   156   110   250   100   251 0.74 FUN_007945
FUN_007945-T1        -            318 29305at5125          -            303    0.0023   16.0   0.2   3   3      0.02       2.4    6.1   0.0    20    50   242   272   237   311 0.86 FUN_007945
FUN_008088-T1        -            376 29305at5125          -            303    0.0023   16.0   1.1   1   3    0.0054      0.66    7.9   0.0   100   134   206   240   155   253 0.83 FUN_008088
FUN_008088-T1        -            376 29305at5125          -            303    0.0023   16.0   1.1   2   3     0.065         8    4.4   0.1   233   267   295   330   263   341 0.75 FUN_008088
FUN_008088-T1        -            376 29305at5125          -            303    0.0023   16.0   1.1   3   3      0.81     1e+02    0.8   0.0   198   266   348   370   334   374 0.61 FUN_008088
FUN_005980-T1        -           1470 29305at5125          -            303    0.0057   14.7   0.0   1   2   0.00069     0.084   10.9   0.0    27   117  1203  1292  1191  1333 0.74 FUN_005980
FUN_005980-T1        -           1470 29305at5125          -            303    0.0057   14.7   0.0   2   2      0.79        98    0.8   0.0    95   139  1327  1374  1301  1412 0.62 FUN_005980
FUN_005446-T1        -           1128 29305at5125          -            303    0.0062   14.6   0.1   1   2       1.7   2.1e+02   -0.3   0.0   101   136   217   252   207   265 0.78 FUN_005446
FUN_005446-T1        -           1128 29305at5125          -            303    0.0062   14.6   0.1   2   2   0.00038     0.046   11.7   0.0    76   175   328   429   277   435 0.78 FUN_005446
FUN_003240-T1        -            334 29305at5125          -            303    0.0075   14.3   0.5   1   2     0.046       5.6    4.9   0.0   104   176    61   139    55   146 0.72 FUN_003240
FUN_003240-T1        -            334 29305at5125          -            303    0.0075   14.3   0.5   2   2    0.0083         1    7.3   0.1    98   136   146   185   141   229 0.70 FUN_003240
FUN_003785-T1        -            842 29305at5125          -            303     0.012   13.6   1.2   1   4       1.6   1.9e+02   -0.2   0.0   119   141   505   527   461   554 0.76 FUN_003785
FUN_003785-T1        -            842 29305at5125          -            303     0.012   13.6   1.2   2   4      0.64        79    1.1   0.0   245   268   644   671   625   700 0.63 FUN_003785
FUN_003785-T1        -            842 29305at5125          -            303     0.012   13.6   1.2   3   4     0.015       1.9    6.4   0.0    92   138   744   801   738   811 0.67 FUN_003785
FUN_003785-T1        -            842 29305at5125          -            303     0.012   13.6   1.2   4   4       1.4   1.8e+02   -0.0   0.1   240   262   814   836   807   840 0.79 FUN_003785
FUN_006644-T1        -            800 29305at5125          -            303     0.012   13.6   0.9   1   3     0.012       1.4    6.8   0.1    84   137   540   594   521   608 0.78 FUN_006644
FUN_006644-T1        -            800 29305at5125          -            303     0.012   13.6   0.9   2   3      0.46        56    1.6   0.0   237   267   643   674   609   681 0.71 FUN_006644
FUN_006644-T1        -            800 29305at5125          -            303     0.012   13.6   0.9   3   3       1.4   1.7e+02    0.0   0.0   197   267   691   760   684   795 0.61 FUN_006644
FUN_003146-T1        -           1120 29305at5125          -            303     0.021   12.9   0.1   1   1    0.0012      0.15   10.1   0.0    98   134   216   259   201   265 0.74 FUN_003146
FUN_000906-T1        -            482 29305at5125          -            303     0.028   12.4   1.3   1   3       6.6   8.1e+02   -2.2   0.0   119   136   106   123    94   129 0.66 FUN_000906
FUN_000906-T1        -            482 29305at5125          -            303     0.028   12.4   1.3   2   3     0.043       5.3    5.0   0.1    98   175   183   269   168   275 0.66 FUN_000906
FUN_000906-T1        -            482 29305at5125          -            303     0.028   12.4   1.3   3   3     0.059       7.2    4.5   0.0   241   267   299   325   293   338 0.87 FUN_000906
FUN_005941-T1        -            470 29305at5125          -            303      0.03   12.3   0.0   1   3       3.8   4.6e+02   -1.4   0.0   107   135    27    55    19    63 0.73 FUN_005941
FUN_005941-T1        -            470 29305at5125          -            303      0.03   12.3   0.0   2   3    0.0031      0.38    8.7   0.0   100   168    62   131    55   141 0.82 FUN_005941
FUN_005941-T1        -            470 29305at5125          -            303      0.03   12.3   0.0   3   3       2.5     3e+02   -0.8   0.0   186   234   266   313   262   333 0.75 FUN_005941
FUN_001942-T1        -            898 29305at5125          -            303     0.052   11.6   1.2   1   2    0.0083         1    7.3   0.1   103   163    31    94    25   101 0.74 FUN_001942
FUN_001942-T1        -            898 29305at5125          -            303     0.052   11.6   1.2   2   2      0.52        64    1.4   0.1   112   266   227   403   219   417 0.45 FUN_001942
#
# Program:         hmmsearch
# Version:         3.1b2 (February 2015)
# Pipeline mode:   SEARCH
# Query file:      /home/zack/funannotate_db/hypocreales_odb10/hmms/29305at5125.hmm
# Target file:     /home/zack/Desktop/IsariaPreferralGenome/MyGenomeSubmittedToNCBI/HypocrealesProteinSets/Trichoderma_reesei_QM6a.proteins.fa
# Option settings: hmmsearch --domtblout /home/zack/Desktop/IsariaPreferralGenome/MyGenomeSubmittedToNCBI/HypocrealesProteinSets/BUSCO_AA_all/BUSCO_AA_Treesei_QM6a/run_hypocreales_odb10/hmmer_output/initial_run_results/29305at5125.out --cpu 1 /home/zack/funannotate_db/hypocreales_odb10/hmms/29305at5125.hmm /home/zack/Desktop/IsariaPreferralGenome/MyGenomeSubmittedToNCBI/HypocrealesProteinSets/Trichoderma_reesei_QM6a.proteins.fa 
# Current dir:     /home/zack/Desktop/IsariaPreferralGenome/MyGenomeSubmittedToNCBI/HypocrealesProteinSets/BUSCO_AA_all
# Date:            Mon Mar  4 15:42:00 2024
# [ok]
