#                                                                            --- full sequence --- -------------- this domain -------------   hmm coord   ali coord   env coord
# target name        accession   tlen query name           accession   qlen   E-value  score  bias   #  of  c-Evalue  i-Evalue  score  bias  from    to  from    to  from    to  acc description of target
#------------------- ---------- ----- -------------------- ---------- ----- --------- ------ ----- --- --- --------- --------- ------ ----- ----- ----- ----- ----- ----- ----- ---- ---------------------
FUN_004265-T1        -           1974 314at5125            -           1650         0 3374.7   8.0   1   5      0.11        71   -1.0   0.2     1    20     9    29     9    42 0.85 FUN_004265
FUN_004265-T1        -           1974 314at5125            -           1650         0 3374.7   8.0   2   5   8.8e-05     0.057    9.3   0.2    29    66   127   163   101   189 0.71 FUN_004265
FUN_004265-T1        -           1974 314at5125            -           1650         0 3374.7   8.0   3   5         0         0 3323.4   0.0    59  1574   199  1767   181  1777 0.98 FUN_004265
FUN_004265-T1        -           1974 314at5125            -           1650         0 3374.7   8.0   4   5   3.1e-12     2e-09   34.0   0.0  1573  1626  1808  1881  1781  1897 0.70 FUN_004265
FUN_004265-T1        -           1974 314at5125            -           1650         0 3374.7   8.0   5   5   0.00012      0.08    8.8   0.0  1625  1650  1923  1949  1920  1949 0.91 FUN_004265
FUN_000657-T1        -           2199 314at5125            -           1650         0 1382.7   0.1   1   2         0         0 1381.9   0.0    71  1573   458  2008   453  2025 0.92 FUN_000657
FUN_000657-T1        -           2199 314at5125            -           1650         0 1382.7   0.1   2   2      0.88   5.7e+02   -4.0   0.0  1597  1625  2108  2139  2107  2143 0.82 FUN_000657
FUN_004842-T1        -           1272 314at5125            -           1650   1.4e-26   90.9   0.1   1   2   6.1e-16     4e-13   46.3   0.1   964  1146   307   481   294   491 0.81 FUN_004842
FUN_004842-T1        -           1272 314at5125            -           1650   1.4e-26   90.9   0.1   2   2   8.8e-15   5.8e-12   42.4   0.0  1179  1321   609   754   596   761 0.60 FUN_004842
FUN_003736-T1        -           1098 314at5125            -           1650     4e-24   82.7   0.0   1   2   1.2e-12   7.6e-10   35.4   0.0   968  1145   178   345   126   367 0.79 FUN_003736
FUN_003736-T1        -           1098 314at5125            -           1650     4e-24   82.7   0.0   2   2   1.4e-15   9.1e-13   45.1   0.0   357   527   409   592   385   609 0.67 FUN_003736
FUN_000477-T1        -           1539 314at5125            -           1650     2e-17   60.5   0.2   1   2   2.5e-08   1.6e-05   21.1   0.0   147   280   553   689   545   703 0.78 FUN_000477
FUN_000477-T1        -           1539 314at5125            -           1650     2e-17   60.5   0.2   2   2   2.9e-13   1.9e-10   37.4   0.0   415   476  1030  1091  1017  1129 0.88 FUN_000477
FUN_001490-T1        -            934 314at5125            -           1650   9.2e-14   48.4   0.0   1   2   7.9e-07   0.00051   16.1   0.0   968  1019   169   219   149   231 0.88 FUN_001490
FUN_001490-T1        -            934 314at5125            -           1650   9.2e-14   48.4   0.0   2   2   6.3e-11   4.1e-08   29.7   0.0   232   339   274   371   265   394 0.81 FUN_001490
FUN_004058-T1        -           1561 314at5125            -           1650   2.7e-06   23.6   0.0   1   1   6.8e-09   4.4e-06   22.9   0.0   946  1058   842   959   830   988 0.78 FUN_004058
FUN_006119-T1        -            607 314at5125            -           1650   6.6e-06   22.3   0.0   1   2   9.8e-08   6.4e-05   19.1   0.0   126   251   203   328   124   365 0.81 FUN_006119
FUN_006119-T1        -            607 314at5125            -           1650   6.6e-06   22.3   0.0   2   2     0.027        17    1.1   0.0  1236  1284   470   518   451   537 0.84 FUN_006119
FUN_007235-T1        -            482 314at5125            -           1650   1.3e-05   21.4   0.0   1   2   2.6e-07   0.00017   17.7   0.0   114   270    61   215    36   233 0.81 FUN_007235
FUN_007235-T1        -            482 314at5125            -           1650   1.3e-05   21.4   0.0   2   2      0.02        13    1.5   0.0  1231  1283   320   372   311   385 0.84 FUN_007235
FUN_006813-T1        -            560 314at5125            -           1650   1.8e-05   20.9   0.0   1   1     4e-08   2.6e-05   20.4   0.0   973  1093   171   298   166   306 0.80 FUN_006813
FUN_006700-T1        -           1096 314at5125            -           1650   0.00018   17.6   0.0   1   1   4.2e-07   0.00027   17.0   0.0   970  1088   169   286   153   320 0.79 FUN_006700
FUN_005689-T1        -            663 314at5125            -           1650    0.0061   12.5   0.0   1   2   0.00017      0.11    8.3   0.0    92   171   155   236   147   243 0.85 FUN_005689
FUN_005689-T1        -            663 314at5125            -           1650    0.0061   12.5   0.0   2   2     0.014       9.1    2.0   0.0  1240  1282   466   508   442   547 0.78 FUN_005689
FUN_008084-T1        -           1733 314at5125            -           1650    0.0071   12.3   0.2   1   2   7.6e-05      0.05    9.5   0.1   136   272   277   414   260   433 0.82 FUN_008084
FUN_008084-T1        -           1733 314at5125            -           1650    0.0071   12.3   0.2   2   2     0.045        29    0.3   0.0  1173  1275   449   562   418   571 0.72 FUN_008084
FUN_002655-T1        -            526 314at5125            -           1650    0.0084   12.0   0.0   1   2     0.023        15    1.3   0.0   136   279    75   215    56   231 0.66 FUN_002655
FUN_002655-T1        -            526 314at5125            -           1650    0.0084   12.0   0.0   2   2   0.00014     0.094    8.6   0.0   424   469   315   360   268   384 0.82 FUN_002655
#
# Program:         hmmsearch
# Version:         3.1b2 (February 2015)
# Pipeline mode:   SEARCH
# Query file:      /home/zack/funannotate_db/hypocreales_odb10/hmms/314at5125.hmm
# Target file:     /home/zack/Desktop/IsariaPreferralGenome/MyGenomeSubmittedToNCBI/HypocrealesProteinSets/Trichoderma_reesei_QM6a.proteins.fa
# Option settings: hmmsearch --domtblout /home/zack/Desktop/IsariaPreferralGenome/MyGenomeSubmittedToNCBI/HypocrealesProteinSets/BUSCO_AA_all/BUSCO_AA_Treesei_QM6a/run_hypocreales_odb10/hmmer_output/initial_run_results/314at5125.out --cpu 1 /home/zack/funannotate_db/hypocreales_odb10/hmms/314at5125.hmm /home/zack/Desktop/IsariaPreferralGenome/MyGenomeSubmittedToNCBI/HypocrealesProteinSets/Trichoderma_reesei_QM6a.proteins.fa 
# Current dir:     /home/zack/Desktop/IsariaPreferralGenome/MyGenomeSubmittedToNCBI/HypocrealesProteinSets/BUSCO_AA_all
# Date:            Mon Mar  4 15:42:05 2024
# [ok]
