#                                                                            --- full sequence --- -------------- this domain -------------   hmm coord   ali coord   env coord
# target name        accession   tlen query name           accession   qlen   E-value  score  bias   #  of  c-Evalue  i-Evalue  score  bias  from    to  from    to  from    to  acc description of target
#------------------- ---------- ----- -------------------- ---------- ----- --------- ------ ----- --- --- --------- --------- ------ ----- ----- ----- ----- ----- ----- ----- ---- ---------------------
FUN_008981-T1        -            364 32918at5125          -            292  1.9e-171  567.9   5.3   1   2     0.021       1.7    6.8   0.0     7    32    41    73    31    80 0.68 FUN_008981
FUN_008981-T1        -            364 32918at5125          -            292  1.9e-171  567.9   5.3   2   2    2e-171  1.6e-169  561.6   3.0    36   292   107   363    91   363 0.98 FUN_008981
FUN_007278-T1        -            266 32918at5125          -            292   1.9e-63  213.4   1.6   1   1   2.8e-65   2.2e-63  213.2   1.6    37   291    12   264     3   265 0.92 FUN_007278
FUN_008713-T1        -            350 32918at5125          -            292   4.8e-62  208.8   0.0   1   1   7.7e-64   6.2e-62  208.5   0.0    31   291    79   348    64   349 0.89 FUN_008713
FUN_007149-T1        -            302 32918at5125          -            292   2.1e-55  187.0   5.9   1   1   3.2e-57   2.5e-55  186.8   5.9    41   289    48   298    38   301 0.91 FUN_007149
FUN_002257-T1        -            309 32918at5125          -            292   2.2e-50  170.5   0.0   1   2   6.6e-05    0.0053   15.0   0.0    39    69    28    58    10    65 0.91 FUN_002257
FUN_002257-T1        -            309 32918at5125          -            292   2.2e-50  170.5   0.0   2   2   3.9e-47   3.1e-45  153.6   0.0    96   291   111   307    92   308 0.94 FUN_002257
FUN_000438-T1        -            291 32918at5125          -            292   2.3e-49  167.2   6.0   1   1   1.2e-50   9.4e-49  165.2   6.0    26   291    12   289     3   290 0.88 FUN_000438
FUN_006766-T1        -            276 32918at5125          -            292   6.3e-49  165.8   3.6   1   1   9.7e-51   7.8e-49  165.5   3.6    37   291    27   274    21   275 0.89 FUN_006766
FUN_004891-T1        -            342 32918at5125          -            292   2.7e-47  160.4   0.3   1   1   4.1e-49   3.2e-47  160.1   0.3    39   291    79   340    46   341 0.90 FUN_004891
FUN_007353-T1        -            307 32918at5125          -            292   3.6e-35  120.6   0.4   1   2   5.5e-27   4.4e-25   87.5   0.2    41   218    22   206    18   225 0.83 FUN_007353
FUN_007353-T1        -            307 32918at5125          -            292   3.6e-35  120.6   0.4   2   2   6.6e-10   5.3e-08   31.4   0.0   215   290   228   304   212   306 0.84 FUN_007353
FUN_003880-T1        -            302 32918at5125          -            292   4.6e-35  120.2   2.6   1   1   6.8e-37   5.5e-35  120.0   2.6    30   291    20   291     4   292 0.87 FUN_003880
FUN_004783-T1        -            259 32918at5125          -            292   1.2e-34  118.9   0.2   1   1   1.7e-36   1.3e-34  118.7   0.2    40   290     5   256     1   258 0.88 FUN_004783
FUN_004232-T1        -            901 32918at5125          -            292     3e-30  104.5  10.5   1   2   2.2e-14   1.7e-12   46.2   2.4    42   229     7   194     1   212 0.77 FUN_004232
FUN_004232-T1        -            901 32918at5125          -            292     3e-30  104.5  10.5   2   2   1.6e-19   1.3e-17   63.0   1.2    40   230   310   489   301   508 0.85 FUN_004232
FUN_006204-T1        -            287 32918at5125          -            292   1.6e-29  102.1   4.8   1   1   8.2e-31   6.5e-29  100.1   4.8    39   220    26   221     8   226 0.85 FUN_006204
FUN_000108-T1        -            302 32918at5125          -            292   2.1e-26   91.9   0.0   1   1   3.1e-28   2.5e-26   91.6   0.0    41   289    53   300    30   302 0.88 FUN_000108
FUN_009166-T1        -            246 32918at5125          -            292   3.6e-26   91.1   0.6   1   1     5e-28     4e-26   90.9   0.6    40   290     1   244     1   246 0.90 FUN_009166
FUN_005187-T1        -            251 32918at5125          -            292     1e-25   89.5   0.3   1   1   1.6e-27   1.2e-25   89.3   0.3    40   289     1   249     1   251 0.86 FUN_005187
FUN_008702-T1        -            272 32918at5125          -            292   1.7e-24   85.6   0.1   1   1   2.8e-26   2.2e-24   85.2   0.1    43   290     8   267     3   269 0.84 FUN_008702
FUN_003638-T1        -            211 32918at5125          -            292   5.2e-24   84.0   1.2   1   1   8.5e-26   6.8e-24   83.6   1.2    42   242     6   198     3   209 0.90 FUN_003638
FUN_006430-T1        -            290 32918at5125          -            292   6.5e-24   83.7   0.2   1   1   1.1e-25   8.8e-24   83.2   0.2    40   289    16   274     6   276 0.84 FUN_006430
FUN_003070-T1        -            265 32918at5125          -            292   2.1e-23   82.0   0.0   1   1   3.2e-25   2.6e-23   81.7   0.0    41   291    15   265    10   265 0.88 FUN_003070
FUN_005031-T1        -            281 32918at5125          -            292   3.5e-23   81.3   0.1   1   1   5.5e-25   4.4e-23   80.9   0.1    43   291     6   257     3   258 0.85 FUN_005031
FUN_003304-T1        -            266 32918at5125          -            292   1.9e-22   78.8   0.0   1   1   2.9e-24   2.4e-22   78.5   0.0    39   291     6   261     2   262 0.88 FUN_003304
FUN_000171-T1        -            293 32918at5125          -            292   6.6e-22   77.1   1.0   1   1   1.5e-22   1.2e-20   72.9   1.0    42   291    15   288     8   289 0.77 FUN_000171
FUN_000064-T1        -            302 32918at5125          -            292   1.9e-21   75.6   0.3   1   1   3.3e-23   2.6e-21   75.1   0.3    23   232    26   230    13   238 0.83 FUN_000064
FUN_003471-T1        -            264 32918at5125          -            292   4.6e-21   74.3   0.0   1   1   6.8e-23   5.5e-21   74.1   0.0    45   290     6   256     1   258 0.78 FUN_003471
FUN_004808-T1        -            296 32918at5125          -            292   1.3e-20   72.9   0.9   1   1   4.7e-22   3.7e-20   71.3   0.9    41   289    13   287     4   290 0.76 FUN_004808
FUN_002851-T1        -            295 32918at5125          -            292   1.5e-20   72.6   1.7   1   1   3.4e-21   2.7e-19   68.5   1.7    40   289    16   286     4   289 0.75 FUN_002851
FUN_007251-T1        -            285 32918at5125          -            292     3e-20   71.6   1.5   1   2   1.7e-21   1.3e-19   69.5   0.9    42   237    19   212     3   217 0.85 FUN_007251
FUN_007251-T1        -            285 32918at5125          -            292     3e-20   71.6   1.5   2   2       1.7   1.3e+02    0.6   0.0   254   290   247   283   242   285 0.77 FUN_007251
FUN_008369-T1        -            304 32918at5125          -            292   3.5e-20   71.4   0.1   1   1   6.3e-22     5e-20   70.9   0.1    24   237    11   220     5   230 0.88 FUN_008369
FUN_003049-T1        -            304 32918at5125          -            292   4.7e-19   67.7   0.4   1   2   9.5e-20   7.6e-18   63.7   0.2    44   230     7   207     3   215 0.86 FUN_003049
FUN_003049-T1        -            304 32918at5125          -            292   4.7e-19   67.7   0.4   2   2      0.57        46    2.1   0.0   256   290   265   299   244   301 0.87 FUN_003049
FUN_003264-T1        -            278 32918at5125          -            292     8e-19   66.9   0.4   1   1   1.3e-20     1e-18   66.6   0.4    42   292    15   272     6   272 0.83 FUN_003264
FUN_004090-T1        -            227 32918at5125          -            292   1.7e-18   65.9   0.0   1   1   2.6e-20   2.1e-18   65.6   0.0    42   238    11   212     4   222 0.88 FUN_004090
FUN_009246-T1        -            253 32918at5125          -            292   2.1e-18   65.6   0.1   1   1   3.4e-20   2.7e-18   65.2   0.1    44   238     8   214     3   230 0.88 FUN_009246
FUN_001311-T1        -            306 32918at5125          -            292   6.3e-18   64.0   2.1   1   1     1e-19   8.1e-18   63.6   2.1    34   289    10   265     5   267 0.84 FUN_001311
FUN_005062-T1        -            259 32918at5125          -            292   1.7e-17   62.6   0.4   1   1   2.3e-19   1.8e-17   62.5   0.4    40   236     1   198     1   256 0.77 FUN_005062
FUN_002369-T1        -            262 32918at5125          -            292   3.2e-17   61.7   0.2   1   1   4.4e-19   3.5e-17   61.6   0.2    40   289     1   256     1   259 0.83 FUN_002369
FUN_005041-T1        -            270 32918at5125          -            292     9e-17   60.2   0.2   1   1   2.8e-18   2.3e-16   58.9   0.2    43   291     9   267     1   268 0.82 FUN_005041
FUN_002063-T1        -            283 32918at5125          -            292   9.7e-17   60.1   0.2   1   1   1.6e-18   1.3e-16   59.7   0.2    44   235    11   198     2   207 0.89 FUN_002063
FUN_000053-T1        -            273 32918at5125          -            292   4.2e-16   58.0   0.1   1   1   7.5e-18     6e-16   57.5   0.1    46   234     4   184     1   190 0.84 FUN_000053
FUN_007710-T1        -            254 32918at5125          -            292   1.8e-15   55.9   0.9   1   1   2.6e-17   2.1e-15   55.7   0.9    43   290     6   251     1   253 0.82 FUN_007710
FUN_007941-T1        -            269 32918at5125          -            292   2.3e-15   55.6   2.2   1   2       1.3   1.1e+02    0.9   0.2    42    70     5    33     1    46 0.82 FUN_007941
FUN_007941-T1        -            269 32918at5125          -            292   2.3e-15   55.6   2.2   2   2   5.5e-17   4.4e-15   54.7   0.1   120   290   107   266    61   268 0.82 FUN_007941
FUN_003869-T1        -            360 32918at5125          -            292   4.4e-15   54.7   0.2   1   1   9.7e-17   7.8e-15   53.9   0.2    38   236    85   272    71   278 0.85 FUN_003869
FUN_008133-T1        -           1302 32918at5125          -            292   5.1e-15   54.5   1.2   1   1   1.4e-16   1.1e-14   53.3   1.1    39   239  1050  1250  1032  1277 0.84 FUN_008133
FUN_006783-T1        -            369 32918at5125          -            292   2.1e-14   52.4   0.9   1   1   5.4e-16   4.3e-14   51.4   0.9    45   235    93   273    83   279 0.84 FUN_006783
FUN_007196-T1        -            263 32918at5125          -            292   7.5e-14   50.6   0.5   1   1   1.2e-15   9.2e-14   50.3   0.5    39   290     6   260     2   262 0.83 FUN_007196
FUN_004992-T1        -            227 32918at5125          -            292     2e-13   49.2   0.2   1   1   3.2e-15   2.5e-13   48.9   0.2   110   289    41   223     9   225 0.82 FUN_004992
FUN_000172-T1        -            295 32918at5125          -            292   2.7e-13   48.8   0.0   1   1   4.8e-15   3.9e-13   48.3   0.0    43   280    52   284    46   289 0.84 FUN_000172
FUN_003657-T1        -            232 32918at5125          -            292   7.5e-13   47.3   0.9   1   1   1.2e-14   9.7e-13   47.0   0.9    41   234     4   195     2   224 0.82 FUN_003657
FUN_009172-T1        -            297 32918at5125          -            292   4.8e-12   44.7   0.1   1   1     8e-14   6.4e-12   44.3   0.1    46   237     4   195     1   203 0.88 FUN_009172
FUN_001824-T1        -            237 32918at5125          -            292   8.3e-12   43.9   0.4   1   1   1.3e-13   1.1e-11   43.6   0.4    42   230    51   234    42   236 0.85 FUN_001824
FUN_001924-T1        -            263 32918at5125          -            292   1.2e-11   43.4   4.9   1   1   4.4e-13   3.5e-11   41.9   4.9    37   290     2   260     1   262 0.85 FUN_001924
FUN_004795-T1        -            291 32918at5125          -            292   2.1e-11   42.6   0.1   1   1   3.4e-13   2.7e-11   42.2   0.1    27   233    16   218     8   225 0.80 FUN_004795
FUN_008255-T1        -            280 32918at5125          -            292   2.6e-11   42.3   0.0   1   1   4.3e-13   3.4e-11   41.9   0.0   106   235    60   185     6   197 0.88 FUN_008255
FUN_005038-T1        -            286 32918at5125          -            292     4e-11   41.7   0.0   1   1     1e-12   8.1e-11   40.7   0.0    45   236     4   184     1   194 0.86 FUN_005038
FUN_007534-T1        -            286 32918at5125          -            292   4.4e-11   41.5   2.6   1   1   8.7e-13     7e-11   40.9   2.6    27   236    14   214     7   254 0.77 FUN_007534
FUN_007449-T1        -            279 32918at5125          -            292   9.9e-11   40.4   0.1   1   1   1.6e-12   1.3e-10   40.1   0.1    88   235    45   185     1   192 0.76 FUN_007449
FUN_000019-T1        -            301 32918at5125          -            292   4.6e-10   38.2   0.0   1   1   8.1e-12   6.4e-10   37.7   0.0    30   133    14   118     4   162 0.84 FUN_000019
FUN_005960-T1        -            263 32918at5125          -            292   4.9e-10   38.1   0.0   1   1     9e-12   7.2e-10   37.6   0.0    45   236     4   216     1   226 0.66 FUN_005960
FUN_002990-T1        -            231 32918at5125          -            292   8.4e-10   37.3   0.1   1   1   1.7e-11   1.4e-09   36.6   0.1    46   132     3    91     1   152 0.85 FUN_002990
FUN_007460-T1        -            299 32918at5125          -            292   1.9e-09   36.2   0.1   1   1   3.2e-11   2.6e-09   35.7   0.1    45   232     5   187     1   198 0.82 FUN_007460
FUN_007417-T1        -            283 32918at5125          -            292     2e-09   36.1   0.0   1   1   4.1e-11   3.3e-09   35.4   0.0    48   238     7   186     3   198 0.82 FUN_007417
FUN_008549-T1        -            239 32918at5125          -            292   2.4e-09   35.8   0.6   1   1   3.7e-11     3e-09   35.5   0.6    44   242     3   189     1   204 0.81 FUN_008549
FUN_008450-T1        -            335 32918at5125          -            292   2.8e-09   35.6   0.0   1   1   4.8e-11   3.9e-09   35.2   0.0    46   239    58   252    46   257 0.79 FUN_008450
FUN_007375-T1        -            319 32918at5125          -            292     3e-09   35.5   0.0   1   1   5.4e-11   4.3e-09   35.0   0.0    49   230     8   180     3   191 0.74 FUN_007375
FUN_008169-T1        -            284 32918at5125          -            292   4.1e-09   35.1   0.0   1   2      0.41        32    2.6   0.1    42    59    14    31     6    45 0.83 FUN_008169
FUN_008169-T1        -            284 32918at5125          -            292   4.1e-09   35.1   0.0   2   2   2.6e-09   2.1e-07   29.5   0.0    98   243    59   207    53   221 0.84 FUN_008169
FUN_006349-T1        -            339 32918at5125          -            292   4.4e-09   35.0   0.0   1   1   8.1e-11   6.4e-09   34.4   0.0    32   240    27   249    18   278 0.80 FUN_006349
FUN_007452-T1        -            345 32918at5125          -            292   5.5e-09   34.7   0.0   1   1   1.1e-10   8.5e-09   34.0   0.0    16   193    11   190     5   194 0.84 FUN_007452
FUN_008015-T1        -            348 32918at5125          -            292     7e-09   34.3   0.0   1   1   1.3e-10     1e-08   33.8   0.0    38   230    33   234    24   249 0.78 FUN_008015
FUN_003454-T1        -            266 32918at5125          -            292   7.1e-09   34.3   0.0   1   1   1.1e-10   8.6e-09   34.0   0.0    42   238     3   197     1   215 0.81 FUN_003454
FUN_000520-T1        -            326 32918at5125          -            292   7.4e-09   34.2   0.0   1   2     3e-10   2.4e-08   32.6   0.0    26    93    10    77     3   125 0.86 FUN_000520
FUN_000520-T1        -            326 32918at5125          -            292   7.4e-09   34.2   0.0   2   2       6.2     5e+02   -1.3   0.0   194   239   185   230   157   237 0.70 FUN_000520
FUN_008605-T1        -            308 32918at5125          -            292   7.7e-09   34.2   0.2   1   1   1.6e-10   1.2e-08   33.5   0.2    14   129    11   126     1   143 0.76 FUN_008605
FUN_009103-T1        -            330 32918at5125          -            292   1.4e-08   33.3   0.0   1   1   8.3e-10   6.7e-08   31.1   0.0    42   240    27   247    19   263 0.76 FUN_009103
FUN_001139-T1        -            317 32918at5125          -            292   8.9e-08   30.7   1.3   1   1   6.1e-09   4.8e-07   28.3   1.3    46   221     7   194     1   220 0.73 FUN_001139
FUN_004813-T1        -            324 32918at5125          -            292   9.8e-08   30.6   0.0   1   2   2.8e-05    0.0022   16.3   0.0    38   138     5   105     2   146 0.76 FUN_004813
FUN_004813-T1        -            324 32918at5125          -            292   9.8e-08   30.6   0.0   2   2   0.00048     0.039   12.2   0.0   174   236   169   229   160   267 0.83 FUN_004813
FUN_001988-T1        -            296 32918at5125          -            292   3.1e-07   28.9   1.1   1   1   6.2e-09     5e-07   28.2   1.1    44   231     5   181     1   193 0.81 FUN_001988
FUN_008568-T1        -            345 32918at5125          -            292   3.2e-07   28.9   0.2   1   2   2.8e-06   0.00022   19.5   0.1    41   146    31   137    20   191 0.76 FUN_008568
FUN_008568-T1        -            345 32918at5125          -            292   3.2e-07   28.9   0.2   2   2     0.015       1.2    7.3   0.0   221   251   235   265   222   280 0.87 FUN_008568
FUN_007457-T1        -            301 32918at5125          -            292   4.4e-07   28.4   0.0   1   1   7.9e-09   6.3e-07   27.9   0.0    34   134    27   127    12   154 0.88 FUN_007457
FUN_001835-T1        -            310 32918at5125          -            292   6.1e-07   28.0   0.4   1   1     1e-08   8.3e-07   27.5   0.4    45   232     4   183     1   192 0.81 FUN_001835
FUN_002137-T1        -            268 32918at5125          -            292     1e-06   27.2   0.1   1   2   2.8e-07   2.2e-05   22.8   0.1    46   186     6   153     1   161 0.74 FUN_002137
FUN_002137-T1        -            268 32918at5125          -            292     1e-06   27.2   0.1   2   2      0.44        35    2.5   0.0   221   242   207   228   182   233 0.84 FUN_002137
FUN_003047-T1        -            284 32918at5125          -            292   2.5e-06   25.9   0.3   1   1   4.6e-08   3.6e-06   25.4   0.3    44   235     4   185     1   205 0.80 FUN_003047
FUN_007837-T1        -            336 32918at5125          -            292   2.7e-06   25.8   0.2   1   1   8.6e-08   6.9e-06   24.5   0.2    29   254    21   256     9   263 0.77 FUN_007837
FUN_001784-T1        -            346 32918at5125          -            292   3.2e-06   25.6   0.3   1   1   5.1e-07   4.1e-05   22.0   0.3    41   242    38   257    23   267 0.65 FUN_001784
FUN_002637-T1        -            305 32918at5125          -            292   4.8e-06   25.0   0.1   1   2   2.2e-05    0.0017   16.6   0.1    41   134    13   106     9   127 0.83 FUN_002637
FUN_002637-T1        -            305 32918at5125          -            292   4.8e-06   25.0   0.1   2   2     0.027       2.2    6.4   0.0   222   262   198   239   179   262 0.82 FUN_002637
FUN_004392-T1        -            316 32918at5125          -            292   4.9e-06   25.0   0.1   1   1     2e-07   1.6e-05   23.3   0.1    41   246    20   237     8   243 0.74 FUN_004392
FUN_000984-T1        -            331 32918at5125          -            292   6.7e-06   24.5   0.1   1   1   1.3e-07     1e-05   24.0   0.1    41   241    26   236    18   255 0.79 FUN_000984
FUN_007481-T1        -            337 32918at5125          -            292   7.9e-06   24.3   0.2   1   1   1.7e-07   1.3e-05   23.5   0.2    41   173    34   161    18   182 0.75 FUN_007481
FUN_008256-T1        -            610 32918at5125          -            292     1e-05   23.9   0.0   1   1   2.1e-07   1.7e-05   23.2   0.0    98   238   377   512   337   520 0.80 FUN_008256
FUN_006081-T1        -            302 32918at5125          -            292   1.7e-05   23.2   0.0   1   1   3.5e-07   2.8e-05   22.5   0.0    44   134     3    90     1    97 0.86 FUN_006081
FUN_006329-T1        -            276 32918at5125          -            292   2.1e-05   22.9   0.6   1   1   9.8e-07   7.8e-05   21.0   0.6    41   251     9   224     2   266 0.55 FUN_006329
FUN_006735-T1        -            331 32918at5125          -            292   2.1e-05   22.9   0.0   1   2   1.5e-06   0.00012   20.4   0.0    35    92    13    70     9    83 0.89 FUN_006735
FUN_006735-T1        -            331 32918at5125          -            292   2.1e-05   22.9   0.0   2   2       3.1   2.5e+02   -0.3   0.0   199   238   206   244   194   276 0.86 FUN_006735
FUN_002393-T1        -            323 32918at5125          -            292   2.2e-05   22.8   0.1   1   2     8e-07   6.3e-05   21.3   0.1    43   135    24   117    17   133 0.85 FUN_002393
FUN_002393-T1        -            323 32918at5125          -            292   2.2e-05   22.8   0.1   2   2       9.7   7.8e+02   -1.9   0.0   198   239   198   239   185   267 0.69 FUN_002393
FUN_007415-T1        -            305 32918at5125          -            292   2.9e-05   22.4   0.0   1   1   5.4e-07   4.3e-05   21.9   0.0    41   234     5   198     1   208 0.77 FUN_007415
FUN_007456-T1        -            271 32918at5125          -            292   4.6e-05   21.8   1.6   1   1     2e-06   0.00016   20.0   1.6    48   132     5    89     2   219 0.70 FUN_007456
FUN_004900-T1        -            191 32918at5125          -            292     7e-05   21.2   0.1   1   1   9.5e-07   7.6e-05   21.1   0.1    45   230     4   191     1   191 0.77 FUN_004900
FUN_004858-T1        -           2274 32918at5125          -            292   9.7e-05   20.7   0.1   1   1   2.2e-06   0.00018   19.9   0.1    21   131  1875  1988  1851  2046 0.80 FUN_004858
FUN_004667-T1        -            360 32918at5125          -            292   0.00019   19.8   0.0   1   1   4.5e-06   0.00036   18.9   0.0    44   214    87   248    71   265 0.77 FUN_004667
FUN_009126-T1        -            281 32918at5125          -            292   0.00021   19.6   0.0   1   1   5.1e-06   0.00041   18.7   0.0    26    77    11    62     4    94 0.86 FUN_009126
FUN_007618-T1        -            223 32918at5125          -            292   0.00039   18.8   0.0   1   1   5.8e-06   0.00046   18.5   0.0    98   233    33   169     4   179 0.78 FUN_007618
FUN_000329-T1        -            392 32918at5125          -            292   0.00049   18.4   0.0   1   1   9.3e-06   0.00074   17.8   0.0   100   231    83   215    59   232 0.73 FUN_000329
FUN_004906-T1        -            298 32918at5125          -            292    0.0012   17.1   0.2   1   1     3e-05    0.0024   16.2   0.2    26    91    13    78     4   126 0.67 FUN_004906
FUN_007321-T1        -           2533 32918at5125          -            292    0.0023   16.2   0.1   1   1   6.2e-05     0.005   15.1   0.1    48   118  2165  2237  2155  2271 0.84 FUN_007321
FUN_001860-T1        -           3984 32918at5125          -            292    0.0046   15.2   0.0   1   1   0.00012    0.0093   14.2   0.0    24   131  2027  2134  2008  2161 0.80 FUN_001860
FUN_007594-T1        -            307 32918at5125          -            292    0.0047   15.2   0.0   1   1   8.5e-05    0.0068   14.7   0.0    39   189    34   189    10   198 0.77 FUN_007594
FUN_004909-T1        -            331 32918at5125          -            292    0.0052   15.1   0.0   1   1     9e-05    0.0071   14.6   0.0    37   116    23   105     9   146 0.76 FUN_004909
FUN_005769-T1        -            301 32918at5125          -            292    0.0053   15.0   0.0   1   1   0.00013      0.01   14.1   0.0    49   235     7   196     3   210 0.68 FUN_005769
FUN_007746-T1        -            350 32918at5125          -            292    0.0056   14.9   0.0   1   1   9.9e-05    0.0079   14.5   0.0   102   231   101   226    77   231 0.88 FUN_007746
FUN_008785-T1        -            335 32918at5125          -            292      0.01   14.1   0.0   1   2   0.00077     0.061   11.5   0.0    42    88    23    69    15    76 0.90 FUN_008785
FUN_008785-T1        -            335 32918at5125          -            292      0.01   14.1   0.0   2   2       2.9   2.3e+02   -0.2   0.0   213   265   229   282   220   288 0.77 FUN_008785
FUN_000009-T1        -            166 32918at5125          -            292      0.01   14.1   0.0   1   1   0.00017     0.014   13.7   0.0   125   235     5   115     2   125 0.89 FUN_000009
FUN_000380-T1        -           2590 32918at5125          -            292     0.018   13.3   0.8   1   2       1.8   1.4e+02    0.5   0.3    44   111  2008  2080  1997  2091 0.70 FUN_000380
FUN_000380-T1        -           2590 32918at5125          -            292     0.018   13.3   0.8   2   2    0.0018      0.15   10.3   0.0    47   133  2217  2305  2203  2323 0.76 FUN_000380
FUN_009047-T1        -            160 32918at5125          -            292     0.018   13.2   0.1   1   1    0.0003     0.024   12.9   0.1    60   131    66   137    52   145 0.89 FUN_009047
FUN_008323-T1        -            424 32918at5125          -            292     0.022   13.0   0.0   1   1   0.00044     0.035   12.3   0.0    41    75    52    86    42   133 0.82 FUN_008323
FUN_005050-T1        -            237 32918at5125          -            292     0.034   12.4   0.0   1   1   0.00055     0.044   12.0   0.0    45   135    10   103     1   120 0.80 FUN_005050
FUN_004904-T1        -            363 32918at5125          -            292     0.049   11.9   0.0   1   1    0.0011     0.089   11.0   0.0    39   134    33   130    23   143 0.81 FUN_004904
FUN_002123-T1        -            329 32918at5125          -            292     0.084   11.1   0.0   1   1    0.0016      0.13   10.5   0.0    42   133    14   103     5   107 0.82 FUN_002123
#
# Program:         hmmsearch
# Version:         3.1b2 (February 2015)
# Pipeline mode:   SEARCH
# Query file:      /home/zack/funannotate_db/hypocreales_odb10/hmms/32918at5125.hmm
# Target file:     /home/zack/Desktop/IsariaPreferralGenome/MyGenomeSubmittedToNCBI/HypocrealesProteinSets/Trichoderma_reesei_QM6a.proteins.fa
# Option settings: hmmsearch --domtblout /home/zack/Desktop/IsariaPreferralGenome/MyGenomeSubmittedToNCBI/HypocrealesProteinSets/BUSCO_AA_all/BUSCO_AA_Treesei_QM6a/run_hypocreales_odb10/hmmer_output/initial_run_results/32918at5125.out --cpu 1 /home/zack/funannotate_db/hypocreales_odb10/hmms/32918at5125.hmm /home/zack/Desktop/IsariaPreferralGenome/MyGenomeSubmittedToNCBI/HypocrealesProteinSets/Trichoderma_reesei_QM6a.proteins.fa 
# Current dir:     /home/zack/Desktop/IsariaPreferralGenome/MyGenomeSubmittedToNCBI/HypocrealesProteinSets/BUSCO_AA_all
# Date:            Mon Mar  4 15:42:04 2024
# [ok]
