#                                                                            --- full sequence --- -------------- this domain -------------   hmm coord   ali coord   env coord
# target name        accession   tlen query name           accession   qlen   E-value  score  bias   #  of  c-Evalue  i-Evalue  score  bias  from    to  from    to  from    to  acc description of target
#------------------- ---------- ----- -------------------- ---------- ----- --------- ------ ----- --- --- --------- --------- ------ ----- ----- ----- ----- ----- ----- ----- ---- ---------------------
FUN_008874-T1        -            565 35667at5125          -            420  1.5e-203  675.2  53.2   1   5   5.7e-06    0.0024   15.7   0.0     1    21    17    37    17    40 0.91 FUN_008874
FUN_008874-T1        -            565 35667at5125          -            420  1.5e-203  675.2  53.2   2   5   0.00078      0.32    8.6   6.2    20    71    56   107    52   113 0.62 FUN_008874
FUN_008874-T1        -            565 35667at5125          -            420  1.5e-203  675.2  53.2   3   5   8.9e-10   3.7e-07   28.2   4.5    36    69   114   147    98   162 0.82 FUN_008874
FUN_008874-T1        -            565 35667at5125          -            420  1.5e-203  675.2  53.2   4   5  4.2e-142  1.7e-139  464.1   0.4    74   289   192   408   156   416 0.93 FUN_008874
FUN_008874-T1        -            565 35667at5125          -            420  1.5e-203  675.2  53.2   5   5   1.9e-53   7.7e-51  172.1  22.9   276   420   419   565   412   565 0.91 FUN_008874
FUN_002352-T1        -            522 35667at5125          -            420    0.0026   15.5  19.6   1   2   0.00022     0.091   10.4  10.4   337   412    71   147    57   156 0.53 FUN_002352
FUN_002352-T1        -            522 35667at5125          -            420    0.0026   15.5  19.6   2   2   0.00023     0.097   10.4   1.8   341   359   325   343   258   366 0.55 FUN_002352
FUN_002608-T1        -            409 35667at5125          -            420    0.0029   15.3   6.2   1   1     1e-05    0.0042   14.8   6.2   328   409   211   295   199   301 0.66 FUN_002608
FUN_000513-T1        -            598 35667at5125          -            420    0.0092   13.7   8.2   1   1   3.3e-05     0.014   13.1   8.2   331   365    42    76    20   117 0.70 FUN_000513
FUN_009062-T1        -            626 35667at5125          -            420      0.01   13.6   4.5   1   1   3.7e-05     0.015   13.0   4.5   318   363   281   326   260   344 0.57 FUN_009062
FUN_008950-T1        -           1208 35667at5125          -            420     0.035   11.8   0.3   1   2     0.002      0.84    7.3   0.1   241   275   324   358   320   377 0.72 FUN_008950
FUN_008950-T1        -           1208 35667at5125          -            420     0.035   11.8   0.3   2   2     0.067        28    2.3   0.0   342   360   662   680   621   741 0.56 FUN_008950
FUN_004925-T1        -           1516 35667at5125          -            420     0.055   11.2   8.0   1   1   0.00022     0.091   10.4   8.0   319   379    28    89    11    98 0.66 FUN_004925
FUN_001259-T1        -            565 35667at5125          -            420     0.061   11.0   9.6   1   1   0.00022     0.093   10.4   9.6   283   356     2    73     1    86 0.78 FUN_001259
FUN_007401-T1        -            535 35667at5125          -            420       0.1   10.3  11.0   1   1   0.00039      0.16    9.6  11.0   327   356    45    74    24    78 0.64 FUN_007401
FUN_005829-T1        -            313 35667at5125          -            420      0.14    9.8  10.2   1   1    0.0005      0.21    9.3  10.2   336   366   106   137    88   166 0.57 FUN_005829
FUN_002350-T1        -            821 35667at5125          -            420      0.21    9.3   7.0   1   1   0.00086      0.36    8.5   7.0   318   355    68   107    36   122 0.54 FUN_002350
FUN_007153-T1        -            535 35667at5125          -            420      0.28    8.8   6.2   1   1    0.0011      0.46    8.1   6.2   337   354   418   435   388   439 0.72 FUN_007153
FUN_002580-T1        -            419 35667at5125          -            420      0.34    8.6   2.9   1   1    0.0014      0.57    7.8   2.9   336   351    93   108    52   119 0.68 FUN_002580
FUN_003157-T1        -            549 35667at5125          -            420      0.36    8.5   2.8   1   1    0.0012      0.51    8.0   2.8   341   355    45    59     3    78 0.70 FUN_003157
FUN_002318-T1        -            258 35667at5125          -            420      0.62    7.7   8.7   1   1    0.0023      0.94    7.1   8.7   301   355   147   199   126   208 0.66 FUN_002318
FUN_007796-T1        -            526 35667at5125          -            420      0.88    7.2   5.2   1   1    0.0032       1.3    6.6   5.2   336   352   413   429   380   435 0.70 FUN_007796
FUN_003073-T1        -            590 35667at5125          -            420       1.2    6.8  12.0   1   2   0.00014      0.06   11.0   6.3   295   413    85   197    72   204 0.77 FUN_003073
FUN_003073-T1        -            590 35667at5125          -            420       1.2    6.8  12.0   2   2       2.4     1e+03   -2.9   0.3   290   324   305   339   291   357 0.66 FUN_003073
FUN_006427-T1        -            941 35667at5125          -            420         2    6.0   6.6   1   1    0.0086       3.6    5.2   6.6   283   349   322   387   318   398 0.71 FUN_006427
FUN_003027-T1        -            504 35667at5125          -            420         3    5.5  10.8   1   1     0.017         7    4.2  10.8   336   361    14    39     6    48 0.77 FUN_003027
FUN_008174-T1        -            313 35667at5125          -            420       4.1    5.0  14.3   1   1     0.014       5.9    4.5  14.3   297   394    23   122    12   145 0.67 FUN_008174
FUN_003213-T1        -            609 35667at5125          -            420         7    4.2   8.7   1   2    0.0019       0.8    7.3   2.8   321   370   157   212   120   221 0.56 FUN_003213
FUN_003213-T1        -            609 35667at5125          -            420         7    4.2   8.7   2   2      0.34   1.4e+02   -0.0   0.4   261   293   557   589   530   596 0.78 FUN_003213
FUN_001663-T1        -            624 35667at5125          -            420       7.3    4.2  11.9   1   1     0.028        12    3.5  11.9   310   359   168   218   151   226 0.66 FUN_001663
#
# Program:         hmmsearch
# Version:         3.1b2 (February 2015)
# Pipeline mode:   SEARCH
# Query file:      /home/zack/funannotate_db/hypocreales_odb10/hmms/35667at5125.hmm
# Target file:     /home/zack/Desktop/IsariaPreferralGenome/MyGenomeSubmittedToNCBI/HypocrealesProteinSets/Trichoderma_reesei_QM6a.proteins.fa
# Option settings: hmmsearch --domtblout /home/zack/Desktop/IsariaPreferralGenome/MyGenomeSubmittedToNCBI/HypocrealesProteinSets/BUSCO_AA_all/BUSCO_AA_Treesei_QM6a/run_hypocreales_odb10/hmmer_output/initial_run_results/35667at5125.out --cpu 1 /home/zack/funannotate_db/hypocreales_odb10/hmms/35667at5125.hmm /home/zack/Desktop/IsariaPreferralGenome/MyGenomeSubmittedToNCBI/HypocrealesProteinSets/Trichoderma_reesei_QM6a.proteins.fa 
# Current dir:     /home/zack/Desktop/IsariaPreferralGenome/MyGenomeSubmittedToNCBI/HypocrealesProteinSets/BUSCO_AA_all
# Date:            Mon Mar  4 15:42:25 2024
# [ok]
