#                                                                            --- full sequence --- -------------- this domain -------------   hmm coord   ali coord   env coord
# target name        accession   tlen query name           accession   qlen   E-value  score  bias   #  of  c-Evalue  i-Evalue  score  bias  from    to  from    to  from    to  acc description of target
#------------------- ---------- ----- -------------------- ---------- ----- --------- ------ ----- --- --- --------- --------- ------ ----- ----- ----- ----- ----- ----- ----- ---- ---------------------
FUN_002002-T1        -            385 36328at5125          -            259    1e-130  433.5   8.3   1   3   2.8e-29   6.3e-26   90.1   1.6     2    76     7   102     6   126 0.78 FUN_002002
FUN_002002-T1        -            385 36328at5125          -            259    1e-130  433.5   8.3   2   3   1.6e-33   3.7e-30  104.0   0.0    74   136   147   211   139   227 0.90 FUN_002002
FUN_002002-T1        -            385 36328at5125          -            259    1e-130  433.5   8.3   3   3   1.2e-75   2.7e-72  242.1   0.1   136   254   234   353   229   357 0.97 FUN_002002
FUN_004696-T1        -            819 36328at5125          -            259   6.3e-11   40.9   0.5   1   1   7.4e-13   1.7e-09   36.3   0.5   120   250   457   576   418   583 0.66 FUN_004696
FUN_005515-T1        -            933 36328at5125          -            259   5.9e-10   37.8   0.4   1   2   2.5e-12   5.6e-09   34.5   0.1    98   250   155   296   149   303 0.82 FUN_005515
FUN_005515-T1        -            933 36328at5125          -            259   5.9e-10   37.8   0.4   2   2         1   2.3e+03   -3.5   0.0   137   163   736   760   716   765 0.77 FUN_005515
FUN_006512-T1        -           1275 36328at5125          -            259   4.2e-05   21.8   0.0   1   1   6.4e-08   0.00015   20.1   0.0   196   250  1199  1249  1187  1254 0.79 FUN_006512
#
# Program:         hmmsearch
# Version:         3.1b2 (February 2015)
# Pipeline mode:   SEARCH
# Query file:      /home/zack/funannotate_db/hypocreales_odb10/hmms/36328at5125.hmm
# Target file:     /home/zack/Desktop/IsariaPreferralGenome/MyGenomeSubmittedToNCBI/HypocrealesProteinSets/Trichoderma_reesei_QM6a.proteins.fa
# Option settings: hmmsearch --domtblout /home/zack/Desktop/IsariaPreferralGenome/MyGenomeSubmittedToNCBI/HypocrealesProteinSets/BUSCO_AA_all/BUSCO_AA_Treesei_QM6a/run_hypocreales_odb10/hmmer_output/initial_run_results/36328at5125.out --cpu 1 /home/zack/funannotate_db/hypocreales_odb10/hmms/36328at5125.hmm /home/zack/Desktop/IsariaPreferralGenome/MyGenomeSubmittedToNCBI/HypocrealesProteinSets/Trichoderma_reesei_QM6a.proteins.fa 
# Current dir:     /home/zack/Desktop/IsariaPreferralGenome/MyGenomeSubmittedToNCBI/HypocrealesProteinSets/BUSCO_AA_all
# Date:            Mon Mar  4 15:42:12 2024
# [ok]
