#                                                                            --- full sequence --- -------------- this domain -------------   hmm coord   ali coord   env coord
# target name        accession   tlen query name           accession   qlen   E-value  score  bias   #  of  c-Evalue  i-Evalue  score  bias  from    to  from    to  from    to  acc description of target
#------------------- ---------- ----- -------------------- ---------- ----- --------- ------ ----- --- --- --------- --------- ------ ----- ----- ----- ----- ----- ----- ----- ---- ---------------------
FUN_006525-T1        -            340 39118at5125          -            285  9.6e-136  450.7   2.9   1   2   1.1e-53   2.6e-50  170.3   0.1     1   111    12   128    12   133 0.96 FUN_006525
FUN_006525-T1        -            340 39118at5125          -            285  9.6e-136  450.7   2.9   2   2   8.2e-87   1.9e-83  279.1   0.6   107   285   141   340   136   340 0.91 FUN_006525
FUN_006863-T1        -            852 39118at5125          -            285    0.0023   16.3   1.9   1   4   0.00087         2    6.6   0.0    94   170    53   130    45   136 0.85 FUN_006863
FUN_006863-T1        -            852 39118at5125          -            285    0.0023   16.3   1.9   2   4     0.042        96    1.1   0.0   138   185   134   184   126   204 0.80 FUN_006863
FUN_006863-T1        -            852 39118at5125          -            285    0.0023   16.3   1.9   3   4     0.027        61    1.7   0.1   127   167   269   309   261   322 0.84 FUN_006863
FUN_006863-T1        -            852 39118at5125          -            285    0.0023   16.3   1.9   4   4    0.0083        19    3.4   0.1   118   182   328   393   304   402 0.80 FUN_006863
FUN_000693-T1        -            652 39118at5125          -            285     0.089   11.0   3.2   1   3      0.18     4e+02   -1.0   0.1   256   278   258   279   190   282 0.78 FUN_000693
FUN_000693-T1        -            652 39118at5125          -            285     0.089   11.0   3.2   2   3   0.00021      0.48    8.6   0.1   114   183   333   400   309   423 0.78 FUN_000693
FUN_000693-T1        -            652 39118at5125          -            285     0.089   11.0   3.2   3   3      0.03        67    1.6   0.0   111   182   517   554   498   582 0.62 FUN_000693
FUN_007754-T1        -            961 39118at5125          -            285      0.18   10.0   2.6   1   3   0.00069       1.6    6.9   0.2   122   175    93   146    80   183 0.80 FUN_007754
FUN_007754-T1        -            961 39118at5125          -            285      0.18   10.0   2.6   2   3      0.14   3.1e+02   -0.6   0.0    90   150   168   229   154   241 0.71 FUN_007754
FUN_007754-T1        -            961 39118at5125          -            285      0.18   10.0   2.6   3   3      0.05   1.1e+02    0.8   0.1   119   158   433   472   418   491 0.81 FUN_007754
#
# Program:         hmmsearch
# Version:         3.1b2 (February 2015)
# Pipeline mode:   SEARCH
# Query file:      /home/zack/funannotate_db/hypocreales_odb10/hmms/39118at5125.hmm
# Target file:     /home/zack/Desktop/IsariaPreferralGenome/MyGenomeSubmittedToNCBI/HypocrealesProteinSets/Trichoderma_reesei_QM6a.proteins.fa
# Option settings: hmmsearch --domtblout /home/zack/Desktop/IsariaPreferralGenome/MyGenomeSubmittedToNCBI/HypocrealesProteinSets/BUSCO_AA_all/BUSCO_AA_Treesei_QM6a/run_hypocreales_odb10/hmmer_output/initial_run_results/39118at5125.out --cpu 1 /home/zack/funannotate_db/hypocreales_odb10/hmms/39118at5125.hmm /home/zack/Desktop/IsariaPreferralGenome/MyGenomeSubmittedToNCBI/HypocrealesProteinSets/Trichoderma_reesei_QM6a.proteins.fa 
# Current dir:     /home/zack/Desktop/IsariaPreferralGenome/MyGenomeSubmittedToNCBI/HypocrealesProteinSets/BUSCO_AA_all
# Date:            Mon Mar  4 15:42:44 2024
# [ok]
