#                                                                            --- full sequence --- -------------- this domain -------------   hmm coord   ali coord   env coord
# target name        accession   tlen query name           accession   qlen   E-value  score  bias   #  of  c-Evalue  i-Evalue  score  bias  from    to  from    to  from    to  acc description of target
#------------------- ---------- ----- -------------------- ---------- ----- --------- ------ ----- --- --- --------- --------- ------ ----- ----- ----- ----- ----- ----- ----- ---- ---------------------
FUN_001389-T1        -            961 4223at5125           -            829         0 1641.3  30.8   1   2  1.3e-135  1.2e-133  446.1  20.6     1   264     1   329     1   337 0.93 FUN_001389
FUN_001389-T1        -            961 4223at5125           -            829         0 1641.3  30.8   2   2         0         0 1192.2   2.6   262   828   348   956   342   957 0.96 FUN_001389
FUN_009070-T1        -            495 4223at5125           -            829   3.9e-31  107.0   0.2   1   2   2.5e-18   2.4e-16   58.1   0.0   463   618   125   289    99   310 0.89 FUN_009070
FUN_009070-T1        -            495 4223at5125           -            829   3.9e-31  107.0   0.2   2   2   7.1e-15   6.8e-13   46.7   0.0   460   579   379   493   370   495 0.93 FUN_009070
FUN_005704-T1        -            910 4223at5125           -            829   2.9e-28   97.5  11.0   1   6    0.0002     0.019   12.1   0.0    80   145    98   163    88   171 0.91 FUN_005704
FUN_005704-T1        -            910 4223at5125           -            829   2.9e-28   97.5  11.0   2   6   2.1e-07     2e-05   21.9   0.1    66   163   202   299   187   319 0.75 FUN_005704
FUN_005704-T1        -            910 4223at5125           -            829   2.9e-28   97.5  11.0   3   6    0.0019      0.18    8.9   0.0   501   584   423   521   415   538 0.62 FUN_005704
FUN_005704-T1        -            910 4223at5125           -            829   2.9e-28   97.5  11.0   4   6    0.0001    0.0098   13.1   0.1   504   558   540   594   532   603 0.71 FUN_005704
FUN_005704-T1        -            910 4223at5125           -            829   2.9e-28   97.5  11.0   5   6   1.3e-07   1.2e-05   22.6   0.0   519   593   611   689   606   690 0.87 FUN_005704
FUN_005704-T1        -            910 4223at5125           -            829   2.9e-28   97.5  11.0   6   6   7.5e-08   7.3e-06   23.4   0.3   398   435   682   719   670   740 0.82 FUN_005704
FUN_003710-T1        -           1115 4223at5125           -            829   3.9e-28   97.1   3.6   1   1     9e-29   8.7e-27   92.6   3.5   326   616   810  1091   800  1093 0.86 FUN_003710
FUN_001306-T1        -            497 4223at5125           -            829     1e-26   92.4   3.8   1   3     1e-08   9.8e-07   26.3   0.0   496   580   151   230   148   235 0.90 FUN_001306
FUN_001306-T1        -            497 4223at5125           -            829     1e-26   92.4   3.8   2   3     1e-15     1e-13   49.4   0.0    63   187   214   349   213   352 0.84 FUN_001306
FUN_001306-T1        -            497 4223at5125           -            829     1e-26   92.4   3.8   3   3   9.1e-08   8.8e-06   23.1   0.9   515   616   349   453   341   461 0.78 FUN_001306
FUN_004181-T1        -           1419 4223at5125           -            829   1.3e-26   92.0   9.5   1   7   1.5e-08   1.4e-06   25.7   0.1   463   555   801   892   792   902 0.87 FUN_004181
FUN_004181-T1        -           1419 4223at5125           -            829   1.3e-26   92.0   9.5   2   7     0.013       1.3    6.0   0.0   469   538   941  1010   933  1015 0.72 FUN_004181
FUN_004181-T1        -           1419 4223at5125           -            829   1.3e-26   92.0   9.5   3   7   1.7e-07   1.6e-05   22.2   0.1    33   125  1001  1095   995  1102 0.87 FUN_004181
FUN_004181-T1        -           1419 4223at5125           -            829   1.3e-26   92.0   9.5   4   7    0.0045      0.44    7.6   0.0   320   363  1113  1157  1107  1163 0.89 FUN_004181
FUN_004181-T1        -           1419 4223at5125           -            829   1.3e-26   92.0   9.5   5   7   8.8e-07   8.5e-05   19.9   0.0   467   539  1174  1245  1170  1249 0.90 FUN_004181
FUN_004181-T1        -           1419 4223at5125           -            829   1.3e-26   92.0   9.5   6   7     0.076       7.4    3.5   0.0   512   546  1271  1303  1262  1309 0.77 FUN_004181
FUN_004181-T1        -           1419 4223at5125           -            829   1.3e-26   92.0   9.5   7   7    0.0013      0.13    9.4   0.1   329   370  1309  1350  1301  1369 0.80 FUN_004181
FUN_007790-T1        -            609 4223at5125           -            829   3.7e-26   90.5   0.7   1   1   4.4e-27   4.3e-25   87.0   0.7   304   615   282   604   266   607 0.82 FUN_007790
FUN_008196-T1        -            483 4223at5125           -            829   2.4e-25   87.8   5.3   1   2   0.00076     0.073   10.2   0.1   567   600    28    61    17    64 0.73 FUN_008196
FUN_008196-T1        -            483 4223at5125           -            829   2.4e-25   87.8   5.3   2   2   4.6e-25   4.4e-23   80.4   4.1   320   599    50   312    47   319 0.90 FUN_008196
FUN_006582-T1        -            911 4223at5125           -            829   7.7e-24   82.9   3.6   1   4       1.4   1.3e+02   -0.6   0.0   212   244    92   124    56   135 0.80 FUN_006582
FUN_006582-T1        -            911 4223at5125           -            829   7.7e-24   82.9   3.6   2   4     0.002      0.19    8.8   0.0   500   556   146   204    97   227 0.77 FUN_006582
FUN_006582-T1        -            911 4223at5125           -            829   7.7e-24   82.9   3.6   3   4   7.9e-10   7.6e-08   30.0   0.3    61   178   273   392   262   399 0.87 FUN_006582
FUN_006582-T1        -            911 4223at5125           -            829   7.7e-24   82.9   3.6   4   4   2.7e-13   2.6e-11   41.4   0.0   339   485   405   540   389   560 0.78 FUN_006582
FUN_006797-T1        -            519 4223at5125           -            829   1.8e-22   78.4   0.0   1   3      0.53        51    0.8   0.0   466   505   197   236   175   246 0.68 FUN_006797
FUN_006797-T1        -            519 4223at5125           -            829   1.8e-22   78.4   0.0   2   3   9.2e-12   8.9e-10   36.3   0.0    66   168   262   365   248   373 0.90 FUN_006797
FUN_006797-T1        -            519 4223at5125           -            829   1.8e-22   78.4   0.0   3   3   5.6e-12   5.4e-10   37.1   0.1   401   538   372   517   364   519 0.75 FUN_006797
FUN_003915-T1        -            339 4223at5125           -            829   2.7e-22   77.7   3.7   1   3   9.5e-19   9.2e-17   59.5   0.6   321   435     8   124     1   130 0.90 FUN_003915
FUN_003915-T1        -            339 4223at5125           -            829   2.7e-22   77.7   3.7   2   3    0.0023      0.22    8.6   0.0   319   352   131   165   124   174 0.82 FUN_003915
FUN_003915-T1        -            339 4223at5125           -            829   2.7e-22   77.7   3.7   3   3   0.00076     0.073   10.2   0.0   321   363   174   217   161   234 0.83 FUN_003915
FUN_005503-T1        -            668 4223at5125           -            829     8e-22   76.2   7.3   1   2   5.2e-12   5.1e-10   37.2   0.9    67   174   336   444   331   451 0.88 FUN_005503
FUN_005503-T1        -            668 4223at5125           -            829     8e-22   76.2   7.3   2   2   2.6e-13   2.5e-11   41.5   0.6    68   203   458   593   446   603 0.85 FUN_005503
FUN_008094-T1        -            761 4223at5125           -            829   8.8e-22   76.1  10.8   1   3   1.6e-11   1.6e-09   35.5   0.6    85   178   418   508   397   509 0.86 FUN_008094
FUN_008094-T1        -            761 4223at5125           -            829   8.8e-22   76.1  10.8   2   3   2.7e-12   2.6e-10   38.1   2.8    71   176   484   587   481   601 0.86 FUN_008094
FUN_008094-T1        -            761 4223at5125           -            829   8.8e-22   76.1  10.8   3   3   2.1e-05     0.002   15.3   0.1   145   201   651   707   647   710 0.92 FUN_008094
FUN_006039-T1        -            355 4223at5125           -            829   1.9e-21   75.0   0.0   1   3     6e-08   5.8e-06   23.7   0.0   461   550    63   151    40   158 0.84 FUN_006039
FUN_006039-T1        -            355 4223at5125           -            829   1.9e-21   75.0   0.0   2   3   4.6e-14   4.5e-12   44.0   0.0    36   179   133   277   132   288 0.90 FUN_006039
FUN_006039-T1        -            355 4223at5125           -            829   1.9e-21   75.0   0.0   3   3    0.0005     0.049   10.8   0.0    95   159   284   350   273   355 0.78 FUN_006039
FUN_002730-T1        -            395 4223at5125           -            829   2.1e-20   71.5   1.1   1   3   0.00068     0.066   10.3   0.0   401   437    41    77    35    84 0.84 FUN_002730
FUN_002730-T1        -            395 4223at5125           -            829   2.1e-20   71.5   1.1   2   3   4.1e-12     4e-10   37.5   0.0   501   618    84   213    79   219 0.82 FUN_002730
FUN_002730-T1        -            395 4223at5125           -            829   2.1e-20   71.5   1.1   3   3     5e-07   4.9e-05   20.7   0.0   108   171   263   327   255   344 0.68 FUN_002730
FUN_004201-T1        -            653 4223at5125           -            829   2.9e-20   71.0   0.9   1   3   6.6e-09   6.4e-07   26.9   0.0    86   167   307   387   295   391 0.93 FUN_004201
FUN_004201-T1        -            653 4223at5125           -            829   2.9e-20   71.0   0.9   2   3   0.00074     0.072   10.2   0.0   128   171   426   468   421   490 0.69 FUN_004201
FUN_004201-T1        -            653 4223at5125           -            829   2.9e-20   71.0   0.9   3   3   4.2e-10     4e-08   30.9   0.1    65   163   511   605   493   631 0.86 FUN_004201
FUN_000946-T1        -            483 4223at5125           -            829     1e-19   69.2   4.6   1   4   6.9e-09   6.7e-07   26.8   0.0    90   173   171   255   165   270 0.84 FUN_000946
FUN_000946-T1        -            483 4223at5125           -            829     1e-19   69.2   4.6   2   4   1.9e-09   1.8e-07   28.7   0.1    64   162   271   369   264   379 0.95 FUN_000946
FUN_000946-T1        -            483 4223at5125           -            829     1e-19   69.2   4.6   3   4    0.0066      0.64    7.1   0.0   318   364   376   422   370   429 0.88 FUN_000946
FUN_000946-T1        -            483 4223at5125           -            829     1e-19   69.2   4.6   4   4   0.00011     0.011   12.9   0.2    59   121   390   460   383   467 0.82 FUN_000946
FUN_008090-T1        -            698 4223at5125           -            829   2.6e-19   67.9   2.1   1   3    0.0047      0.45    7.5   0.0    89   122   357   388   348   399 0.72 FUN_008090
FUN_008090-T1        -            698 4223at5125           -            829   2.6e-19   67.9   2.1   2   3   1.8e-10   1.7e-08   32.1   0.2    55   179   445   567   435   585 0.84 FUN_008090
FUN_008090-T1        -            698 4223at5125           -            829   2.6e-19   67.9   2.1   3   3   5.3e-09   5.1e-07   27.2   0.2    58   123   571   636   566   676 0.88 FUN_008090
FUN_001937-T1        -           1054 4223at5125           -            829   4.3e-19   67.2   5.5   1   3   6.2e-08     6e-06   23.7   0.0   372   447   683   757   670   775 0.52 FUN_001937
FUN_001937-T1        -           1054 4223at5125           -            829   4.3e-19   67.2   5.5   2   3   1.4e-13   1.3e-11   42.4   2.2    60   203   839   980   830   985 0.89 FUN_001937
FUN_001937-T1        -           1054 4223at5125           -            829   4.3e-19   67.2   5.5   3   3     0.022       2.1    5.4   0.0   401   436   949   981   947   996 0.82 FUN_001937
FUN_008023-T1        -            620 4223at5125           -            829   4.8e-19   67.0   2.3   1   3   1.4e-09   1.4e-07   29.1   0.1    51   165   138   251   129   258 0.85 FUN_008023
FUN_008023-T1        -            620 4223at5125           -            829   4.8e-19   67.0   2.3   2   3   1.7e-10   1.6e-08   32.2   0.0    65   158   234   330   228   337 0.88 FUN_008023
FUN_008023-T1        -            620 4223at5125           -            829   4.8e-19   67.0   2.3   3   3     1e-05     0.001   16.3   0.0   404   434   373   403   368   415 0.94 FUN_008023
FUN_008726-T1        -            316 4223at5125           -            829   1.4e-18   65.5   1.4   1   2   1.9e-06   0.00019   18.8   0.0    89   165    11    94     4    98 0.82 FUN_008726
FUN_008726-T1        -            316 4223at5125           -            829   1.4e-18   65.5   1.4   2   2   8.7e-17   8.4e-15   53.0   0.6    72   245    84   262    74   284 0.86 FUN_008726
FUN_002427-T1        -           1190 4223at5125           -            829   1.9e-18   65.0   2.2   1   2   3.6e-11   3.4e-09   34.4   0.3    76   203    10   140     5   148 0.84 FUN_002427
FUN_002427-T1        -           1190 4223at5125           -            829   1.9e-18   65.0   2.2   2   2   1.6e-10   1.5e-08   32.3   0.3    57   246   117   301   113   312 0.80 FUN_002427
FUN_001684-T1        -            358 4223at5125           -            829   4.3e-18   63.9   3.9   1   3   1.5e-05    0.0014   15.8   0.0   320   383    65   131    54   143 0.85 FUN_001684
FUN_001684-T1        -            358 4223at5125           -            829   4.3e-18   63.9   3.9   2   3   7.4e-11   7.2e-09   33.4   0.2   312   439   146   276   129   286 0.84 FUN_001684
FUN_001684-T1        -            358 4223at5125           -            829   4.3e-18   63.9   3.9   3   3     2e-05    0.0019   15.4   0.1    53   161   290   356   276   358 0.54 FUN_001684
FUN_005734-T1        -            608 4223at5125           -            829   4.8e-17   60.4   4.7   1   4       2.9   2.8e+02   -1.7   0.0    87   162    53    87    18    94 0.53 FUN_005734
FUN_005734-T1        -            608 4223at5125           -            829   4.8e-17   60.4   4.7   2   4   3.7e-06   0.00036   17.8   0.0   320   436   141   263   102   275 0.72 FUN_005734
FUN_005734-T1        -            608 4223at5125           -            829   4.8e-17   60.4   4.7   3   4    0.0017      0.17    9.0   0.3    36   169   260   402   260   421 0.77 FUN_005734
FUN_005734-T1        -            608 4223at5125           -            829   4.8e-17   60.4   4.7   4   4   1.9e-11   1.8e-09   35.3   0.3    52   164   490   605   485   607 0.87 FUN_005734
FUN_004893-T1        -            773 4223at5125           -            829   1.8e-16   58.5   0.0   1   3   7.7e-09   7.4e-07   26.7   0.0   317   439     6   142     3   152 0.74 FUN_004893
FUN_004893-T1        -            773 4223at5125           -            829   1.8e-16   58.5   0.0   2   3   1.9e-09   1.9e-07   28.7   0.0   500   619   146   272   140   337 0.81 FUN_004893
FUN_004893-T1        -            773 4223at5125           -            829   1.8e-16   58.5   0.0   3   3       1.6   1.6e+02   -0.9   0.0   411   434   634   657   601   726 0.65 FUN_004893
FUN_008313-T1        -            854 4223at5125           -            829   5.2e-16   57.0   0.1   1   2   9.9e-09   9.6e-07   26.3   0.0   340   435    29   126    23   134 0.91 FUN_008313
FUN_008313-T1        -            854 4223at5125           -            829   5.2e-16   57.0   0.1   2   2   3.5e-12   3.4e-10   37.7   0.2    71   204   117   258   114   287 0.82 FUN_008313
FUN_006386-T1        -            750 4223at5125           -            829   6.4e-16   56.7   2.0   1   3       2.8   2.7e+02   -1.6   0.0   468   535   381   406   364   420 0.53 FUN_006386
FUN_006386-T1        -            750 4223at5125           -            829   6.4e-16   56.7   2.0   2   3   1.4e-08   1.4e-06   25.8   0.2   517   615   465   566   459   567 0.85 FUN_006386
FUN_006386-T1        -            750 4223at5125           -            829   6.4e-16   56.7   2.0   3   3   1.1e-11   1.1e-09   36.1   0.3    51   226   538   716   536   739 0.76 FUN_006386
FUN_005658-T1        -            785 4223at5125           -            829   2.4e-15   54.8   0.7   1   5     3e-07   2.9e-05   21.4   0.0   537   612     9    88     1    90 0.83 FUN_005658
FUN_005658-T1        -            785 4223at5125           -            829   2.4e-15   54.8   0.7   2   5   5.4e-08   5.2e-06   23.9   0.0   420   618    88   293    75   322 0.69 FUN_005658
FUN_005658-T1        -            785 4223at5125           -            829   2.4e-15   54.8   0.7   3   5      0.25        24    1.9   0.0    73   115   343   389   332   451 0.76 FUN_005658
FUN_005658-T1        -            785 4223at5125           -            829   2.4e-15   54.8   0.7   4   5       0.4        39    1.2   0.0   320   347   532   559   505   573 0.75 FUN_005658
FUN_005658-T1        -            785 4223at5125           -            829   2.4e-15   54.8   0.7   5   5      0.41        40    1.1   0.0   180   207   642   669   578   680 0.73 FUN_005658
FUN_001048-T1        -            319 4223at5125           -            829   2.7e-13   48.0   1.3   1   2     0.051       4.9    4.1   0.0   326   357    34    65    14    73 0.84 FUN_001048
FUN_001048-T1        -            319 4223at5125           -            829   2.7e-13   48.0   1.3   2   2   1.4e-05    0.0014   15.9   0.3   342   438   135   240   131   246 0.72 FUN_001048
FUN_006474-T1        -            598 4223at5125           -            829   3.5e-13   47.6   5.2   1   2   7.8e-11   7.5e-09   33.3   2.5    22   166   299   446   291   467 0.79 FUN_006474
FUN_006474-T1        -            598 4223at5125           -            829   3.5e-13   47.6   5.2   2   2   2.5e-05    0.0024   15.1   0.1   323   434   454   572   449   575 0.65 FUN_006474
FUN_000480-T1        -            491 4223at5125           -            829   1.8e-12   45.3   0.1   1   3   0.00077     0.074   10.1   0.0   454   537    21   105    11   135 0.72 FUN_000480
FUN_000480-T1        -            491 4223at5125           -            829   1.8e-12   45.3   0.1   2   3   5.2e-08   5.1e-06   23.9   0.1   336   436   147   251   129   270 0.85 FUN_000480
FUN_000480-T1        -            491 4223at5125           -            829   1.8e-12   45.3   0.1   3   3    0.0044      0.43    7.6   0.0   401   435   291   325   283   386 0.85 FUN_000480
FUN_000476-T1        -            528 4223at5125           -            829   2.3e-12   44.9   0.8   1   3   1.3e-09   1.3e-07   29.2   0.0   333   435    47   152    37   158 0.87 FUN_000476
FUN_000476-T1        -            528 4223at5125           -            829   2.3e-12   44.9   0.8   2   3   0.00014     0.013   12.6   0.0   322   434   162   279   153   287 0.75 FUN_000476
FUN_000476-T1        -            528 4223at5125           -            829   2.3e-12   44.9   0.8   3   3       1.4   1.3e+02   -0.6   0.1   625   652   337   363   323   414 0.77 FUN_000476
FUN_007945-T1        -            318 4223at5125           -            829     1e-11   42.8   1.5   1   3     0.015       1.4    5.9   0.0    90   163    56   137    52   139 0.72 FUN_007945
FUN_007945-T1        -            318 4223at5125           -            829     1e-11   42.8   1.5   2   3    0.0019      0.18    8.8   0.0   327   372   110   158   101   164 0.81 FUN_007945
FUN_007945-T1        -            318 4223at5125           -            829     1e-11   42.8   1.5   3   3   4.8e-10   4.6e-08   30.7   0.5    62   187   167   292   159   310 0.89 FUN_007945
FUN_003860-T1        -            445 4223at5125           -            829   3.6e-11   40.9   4.0   1   2   1.3e-06   0.00012   19.4   0.0    91   162    64   136    47   148 0.90 FUN_003860
FUN_003860-T1        -            445 4223at5125           -            829   3.6e-11   40.9   4.0   2   2   2.4e-07   2.3e-05   21.7   1.4    27   222   169   373   152   431 0.68 FUN_003860
FUN_005941-T1        -            470 4223at5125           -            829   1.4e-10   39.0   0.3   1   3     1e-09     1e-07   29.6   0.1    96   167    27    99    19   104 0.92 FUN_005941
FUN_005941-T1        -            470 4223at5125           -            829   1.4e-10   39.0   0.3   2   3     0.021       2.1    5.4   0.0   375   431   184   239   173   293 0.85 FUN_005941
FUN_005941-T1        -            470 4223at5125           -            829   1.4e-10   39.0   0.3   3   3      0.65        63    0.5   0.0    27    79   289   342   260   346 0.72 FUN_005941
FUN_001742-T1        -            964 4223at5125           -            829   1.8e-10   38.7   0.4   1   2    0.0012      0.11    9.5   0.0   455   494   256   295   249   298 0.91 FUN_001742
FUN_001742-T1        -            964 4223at5125           -            829   1.8e-10   38.7   0.4   2   2     2e-08     2e-06   25.3   0.5   320   534   334   548   323   556 0.76 FUN_001742
FUN_005695-T1        -            425 4223at5125           -            829   4.6e-10   37.3   0.1   1   2     0.023       2.2    5.3   0.0   410   441   182   214   163   256 0.69 FUN_005695
FUN_005695-T1        -            425 4223at5125           -            829   4.6e-10   37.3   0.1   2   2     1e-09     1e-07   29.6   0.1    84   164   266   350   229   354 0.84 FUN_005695
FUN_005674-T1        -            474 4223at5125           -            829   5.5e-10   37.0   0.1   1   3     0.011       1.1    6.3   0.0   107   163   132   192   120   197 0.53 FUN_005674
FUN_005674-T1        -            474 4223at5125           -            829   5.5e-10   37.0   0.1   2   3     0.014       1.4    5.9   0.0   491   533   199   241   196   245 0.92 FUN_005674
FUN_005674-T1        -            474 4223at5125           -            829   5.5e-10   37.0   0.1   3   3   4.6e-07   4.4e-05   20.8   0.0   323   439   283   406   274   412 0.76 FUN_005674
FUN_003152-T1        -            510 4223at5125           -            829     1e-09   36.2   1.3   1   2   1.7e-06   0.00016   18.9   1.4    31   165   219   354   207   376 0.76 FUN_003152
FUN_003152-T1        -            510 4223at5125           -            829     1e-09   36.2   1.3   2   2   4.8e-05    0.0046   14.1   0.0   276   353   407   483   400   491 0.72 FUN_003152
FUN_004894-T1        -            346 4223at5125           -            829     1e-09   36.1   1.1   1   4   1.7e-05    0.0016   15.7   0.1   381   435    39    93    32   101 0.89 FUN_004894
FUN_004894-T1        -            346 4223at5125           -            829     1e-09   36.1   1.1   2   4     0.032       3.1    4.8   0.0    35    79    90   134    89   140 0.94 FUN_004894
FUN_004894-T1        -            346 4223at5125           -            829     1e-09   36.1   1.1   3   4      0.21        20    2.1   0.0   322   361   160   199   108   214 0.83 FUN_004894
FUN_004894-T1        -            346 4223at5125           -            829     1e-09   36.1   1.1   4   4     5e-05    0.0048   14.1   0.1   379   434   272   328   255   330 0.82 FUN_004894
FUN_001104-T1        -            337 4223at5125           -            829   1.3e-09   35.8   0.8   1   4      0.35        34    1.3   0.0    89   120     6    37     4    49 0.83 FUN_001104
FUN_001104-T1        -            337 4223at5125           -            829   1.3e-09   35.8   0.8   2   4     1e-06    0.0001   19.6   0.2   399   436    45    82    20    98 0.81 FUN_001104
FUN_001104-T1        -            337 4223at5125           -            829   1.3e-09   35.8   0.8   3   4   0.00025     0.024   11.7   0.0   371   434   154   219   131   239 0.87 FUN_001104
FUN_001104-T1        -            337 4223at5125           -            829   1.3e-09   35.8   0.8   4   4       6.8   6.5e+02   -2.9   0.0   401   432   283   314   268   319 0.73 FUN_001104
FUN_002272-T1        -            516 4223at5125           -            829   1.8e-09   35.3   0.7   1   2   1.9e-06   0.00018   18.8   0.1    88   171   219   305   204   322 0.87 FUN_002272
FUN_002272-T1        -            516 4223at5125           -            829   1.8e-09   35.3   0.7   2   2   4.4e-05    0.0042   14.3   0.1    31   201   334   515   328   516 0.68 FUN_002272
FUN_007365-T1        -            996 4223at5125           -            829   3.6e-09   34.3   0.1   1   3   1.3e-07   1.3e-05   22.6   0.0    61   161   344   447   330   454 0.42 FUN_007365
FUN_007365-T1        -            996 4223at5125           -            829   3.6e-09   34.3   0.1   2   3    0.0073      0.71    6.9   0.0    72   140   521   587   503   593 0.80 FUN_007365
FUN_007365-T1        -            996 4223at5125           -            829   3.6e-09   34.3   0.1   3   3         6   5.8e+02   -2.7   0.0   108   619   666   682   663   713 0.66 FUN_007365
FUN_008684-T1        -            314 4223at5125           -            829   3.7e-09   34.3   2.4   1   2   2.7e-05    0.0026   14.9   0.1   561   621    29    99    13   145 0.86 FUN_008684
FUN_008684-T1        -            314 4223at5125           -            829   3.7e-09   34.3   2.4   2   2   1.1e-06    0.0001   19.6   0.4   519   618   190   301   185   314 0.78 FUN_008684
FUN_004180-T1        -           1273 4223at5125           -            829   4.7e-09   34.0   0.1   1   2    0.0057      0.55    7.3   0.0   332   385   659   714   641   755 0.74 FUN_004180
FUN_004180-T1        -           1273 4223at5125           -            829   4.7e-09   34.0   0.1   2   2   4.1e-08     4e-06   24.3   0.1    30   371   798  1148   785  1181 0.69 FUN_004180
FUN_004630-T1        -            673 4223at5125           -            829   7.5e-09   33.3   0.7   1   2   1.1e-09   1.1e-07   29.4   0.4    66   165   378   483   350   497 0.78 FUN_004630
FUN_004630-T1        -            673 4223at5125           -            829   7.5e-09   33.3   0.7   2   2      0.29        28    1.6   0.0   417   455   549   587   504   608 0.69 FUN_004630
FUN_001895-T1        -           1055 4223at5125           -            829   8.7e-09   33.1   0.2   1   4   1.5e-09   1.5e-07   29.0   0.0   403   578    14   197     4   201 0.80 FUN_001895
FUN_001895-T1        -           1055 4223at5125           -            829   8.7e-09   33.1   0.2   2   4       1.8   1.8e+02   -1.0   0.0   591   631   303   343   289   368 0.66 FUN_001895
FUN_001895-T1        -           1055 4223at5125           -            829   8.7e-09   33.1   0.2   3   4       3.9   3.7e+02   -2.1   0.0    57    79   715   737   702   741 0.82 FUN_001895
FUN_001895-T1        -           1055 4223at5125           -            829   8.7e-09   33.1   0.2   4   4       9.4   9.1e+02   -3.4   0.0   340   357   764   781   758   782 0.80 FUN_001895
FUN_007137-T1        -            457 4223at5125           -            829     1e-08   32.8   1.2   1   4   1.1e-06   0.00011   19.5   0.1    90   163    13    86     9    92 0.95 FUN_007137
FUN_007137-T1        -            457 4223at5125           -            829     1e-08   32.8   1.2   2   4     0.079       7.6    3.5   0.0   161   233   163   244   147   290 0.62 FUN_007137
FUN_007137-T1        -            457 4223at5125           -            829     1e-08   32.8   1.2   3   4    0.0099      0.96    6.5   0.0   466   510   325   369   297   392 0.79 FUN_007137
FUN_007137-T1        -            457 4223at5125           -            829     1e-08   32.8   1.2   4   4       4.3   4.2e+02   -2.3   0.1   101   122   435   456   427   457 0.76 FUN_007137
FUN_000836-T1        -            854 4223at5125           -            829   4.7e-08   30.6   0.1   1   3       3.9   3.7e+02   -2.1   0.0    60    79    65    84    54    91 0.77 FUN_000836
FUN_000836-T1        -            854 4223at5125           -            829   4.7e-08   30.6   0.1   2   3      0.25        24    1.8   0.0   468   534   103   169    92   185 0.86 FUN_000836
FUN_000836-T1        -            854 4223at5125           -            829   4.7e-08   30.6   0.1   3   3   1.9e-08   1.8e-06   25.4   0.0   321   391   230   301   198   309 0.88 FUN_000836
FUN_003785-T1        -            842 4223at5125           -            829   1.1e-07   29.4   0.5   1   3    0.0048      0.46    7.5   0.0   564   602   503   540   469   546 0.79 FUN_003785
FUN_003785-T1        -            842 4223at5125           -            829   1.1e-07   29.4   0.5   2   3       6.1   5.9e+02   -2.8   0.0    54    85   644   675   632   684 0.73 FUN_003785
FUN_003785-T1        -            842 4223at5125           -            829   1.1e-07   29.4   0.5   3   3   2.3e-06   0.00022   18.5   0.0   379   436   740   797   730   840 0.82 FUN_003785
FUN_008749-T1        -            513 4223at5125           -            829   1.2e-07   29.3   0.0   1   1   5.3e-08   5.1e-06   23.9   0.0   331   533   281   467   274   470 0.83 FUN_008749
FUN_005691-T1        -            606 4223at5125           -            829   1.7e-07   28.8   0.9   1   2   6.5e-09   6.3e-07   26.9   0.0   504   621   245   363   238   370 0.74 FUN_005691
FUN_005691-T1        -            606 4223at5125           -            829   1.7e-07   28.8   0.9   2   2       1.7   1.6e+02   -0.9   0.0    61    79   397   415   390   427 0.79 FUN_005691
FUN_000967-T1        -            353 4223at5125           -            829   4.4e-07   27.4   0.0   1   2   1.4e-07   1.4e-05   22.5   0.0   281   395    41   156    34   195 0.82 FUN_000967
FUN_000967-T1        -            353 4223at5125           -            829   4.4e-07   27.4   0.0   2   2      0.14        13    2.7   0.0   128   171   212   256   201   265 0.75 FUN_000967
FUN_007658-T1        -            389 4223at5125           -            829   5.6e-07   27.1   0.4   1   2     2e-08   1.9e-06   25.3   0.3   508   618    62   175    52   187 0.75 FUN_007658
FUN_007658-T1        -            389 4223at5125           -            829   5.6e-07   27.1   0.4   2   2       2.8   2.7e+02   -1.7   0.0   415   434   319   338   316   352 0.83 FUN_007658
FUN_003410-T1        -            362 4223at5125           -            829   8.5e-07   26.5   0.5   1   2   2.8e-08   2.7e-06   24.8   0.0   463   591    32   165    15   203 0.70 FUN_003410
FUN_003410-T1        -            362 4223at5125           -            829   8.5e-07   26.5   0.5   2   2       1.2   1.2e+02   -0.5   0.1   562   587   272   298   246   321 0.56 FUN_003410
FUN_003909-T1        -           1011 4223at5125           -            829   1.1e-06   26.1   0.5   1   2      0.18        18    2.3   0.0   319   357   189   230   151   270 0.71 FUN_003909
FUN_003909-T1        -           1011 4223at5125           -            829   1.1e-06   26.1   0.5   2   2   3.1e-07     3e-05   21.4   0.2   329   586   503   769   492   776 0.74 FUN_003909
FUN_001272-T1        -            542 4223at5125           -            829   1.2e-06   26.0   0.2   1   3       4.2   4.1e+02   -2.2   0.0   108   537   220   237   206   247 0.59 FUN_001272
FUN_001272-T1        -            542 4223at5125           -            829   1.2e-06   26.0   0.2   2   3   3.2e-05    0.0031   14.7   0.1   504   577   273   343   260   352 0.73 FUN_001272
FUN_001272-T1        -            542 4223at5125           -            829   1.2e-06   26.0   0.2   3   3    0.0024      0.23    8.5   0.0   128   202   403   486   356   495 0.65 FUN_001272
FUN_006644-T1        -            800 4223at5125           -            829   1.4e-06   25.8   0.1   1   1   1.5e-06   0.00015   19.1   0.2   312   548   505   729   476   773 0.69 FUN_006644
FUN_008987-T1        -            618 4223at5125           -            829   1.6e-06   25.5   0.1   1   1   2.5e-08   2.4e-06   25.0   0.1   463   537   510   584   497   597 0.85 FUN_008987
FUN_000837-T1        -            394 4223at5125           -            829     2e-06   25.3   0.8   1   2   0.00016     0.016   12.4   0.2    37   132    67   165    52   192 0.70 FUN_000837
FUN_000837-T1        -            394 4223at5125           -            829     2e-06   25.3   0.8   2   2   0.00055     0.053   10.6   0.0   520   583   289   351   277   368 0.65 FUN_000837
FUN_003240-T1        -            334 4223at5125           -            829   3.1e-06   24.6   0.3   1   2     2e-07   1.9e-05   22.0   0.0   342   447    80   194    55   215 0.81 FUN_003240
FUN_003240-T1        -            334 4223at5125           -            829   3.1e-06   24.6   0.3   2   2      0.44        42    1.0   0.1   110   204   214   311   192   330 0.66 FUN_003240
FUN_001748-T1        -            475 4223at5125           -            829   7.4e-06   23.4   0.0   1   2   6.4e-05    0.0062   13.7   0.0   339   437   211   306   199   312 0.88 FUN_001748
FUN_001748-T1        -            475 4223at5125           -            829   7.4e-06   23.4   0.0   2   2    0.0048      0.47    7.5   0.0    52   125   318   390   307   437 0.76 FUN_001748
FUN_007048-T1        -           1258 4223at5125           -            829   9.4e-06   23.0   0.0   1   1   1.9e-07   1.8e-05   22.1   0.0    52   162   169   286   135   293 0.77 FUN_007048
FUN_001942-T1        -            898 4223at5125           -            829   1.3e-05   22.6   0.1   1   2   1.2e-06   0.00012   19.4   0.0   367   434    35   102    27   119 0.90 FUN_001942
FUN_001942-T1        -            898 4223at5125           -            829   1.3e-05   22.6   0.1   2   2      0.75        72    0.3   0.0   189   205   234   250   222   327 0.78 FUN_001942
FUN_002178-T1        -            615 4223at5125           -            829   1.7e-05   22.2   0.0   1   2   0.00037     0.036   11.2   0.0   504   584   370   447   356   455 0.80 FUN_002178
FUN_002178-T1        -            615 4223at5125           -            829   1.7e-05   22.2   0.0   2   2     0.002      0.19    8.8   0.0    57   124   487   557   482   572 0.77 FUN_002178
FUN_001259-T1        -            565 4223at5125           -            829   2.4e-05   21.7   0.8   1   3     0.012       1.2    6.2   0.0    91   123    84   116    75   151 0.74 FUN_001259
FUN_001259-T1        -            565 4223at5125           -            829   2.4e-05   21.7   0.8   2   3    0.0072       0.7    6.9   0.0   165   206   190   231   176   248 0.82 FUN_001259
FUN_001259-T1        -            565 4223at5125           -            829   2.4e-05   21.7   0.8   3   3     0.029       2.8    5.0   0.1   403   438   295   332   286   356 0.77 FUN_001259
FUN_000399-T1        -            738 4223at5125           -            829   2.5e-05   21.7   0.0   1   3   6.4e-05    0.0062   13.7   0.0    63   164   296   408   284   421 0.75 FUN_000399
FUN_000399-T1        -            738 4223at5125           -            829   2.5e-05   21.7   0.0   2   3       2.7   2.6e+02   -1.6   0.0   412   489   461   540   447   548 0.50 FUN_000399
FUN_000399-T1        -            738 4223at5125           -            829   2.5e-05   21.7   0.0   3   3     0.042         4    4.4   0.0   126   163   663   700   646   717 0.87 FUN_000399
FUN_006592-T1        -            365 4223at5125           -            829   2.6e-05   21.6   1.8   1   3       5.7   5.5e+02   -2.7   0.0   517   532    28    43    10    45 0.56 FUN_006592
FUN_006592-T1        -            365 4223at5125           -            829   2.6e-05   21.6   1.8   2   3     0.014       1.4    6.0   0.0   397   435    68   106    63   118 0.88 FUN_006592
FUN_006592-T1        -            365 4223at5125           -            829   2.6e-05   21.6   1.8   3   3   6.8e-05    0.0066   13.6   0.9   321   432   121   235   106   239 0.78 FUN_006592
FUN_004373-T1        -           1041 4223at5125           -            829   3.2e-05   21.3   2.2   1   3       2.5   2.4e+02   -1.4   0.0   316   362   172   219   147   281 0.67 FUN_004373
FUN_004373-T1        -           1041 4223at5125           -            829   3.2e-05   21.3   2.2   2   3       2.1   2.1e+02   -1.2   0.0   518   581   348   420   341   436 0.74 FUN_004373
FUN_004373-T1        -           1041 4223at5125           -            829   3.2e-05   21.3   2.2   3   3     4e-05    0.0038   14.4   0.4   404   534   619   735   602   738 0.56 FUN_004373
FUN_001219-T1        -            587 4223at5125           -            829   3.7e-05   21.1   0.8   1   2   1.3e-06   0.00013   19.3   0.4    86   170   130   215    83   253 0.64 FUN_001219
FUN_001219-T1        -            587 4223at5125           -            829   3.7e-05   21.1   0.8   2   2       2.6   2.5e+02   -1.5   0.0   544   587   264   308   242   314 0.79 FUN_001219
FUN_001734-T1        -            490 4223at5125           -            829   4.3e-05   20.8   1.7   1   2   5.6e-06   0.00054   17.2   1.5    52   164   308   432   302   435 0.67 FUN_001734
FUN_001734-T1        -            490 4223at5125           -            829   4.3e-05   20.8   1.7   2   2      0.02       1.9    5.5   0.0   399   438   394   434   385   459 0.72 FUN_001734
FUN_003010-T1        -            646 4223at5125           -            829   4.4e-05   20.8   0.0   1   1   8.4e-07   8.2e-05   19.9   0.0    53   124   203   274   198   323 0.84 FUN_003010
FUN_005400-T1        -            449 4223at5125           -            829     6e-05   20.4   0.9   1   4       4.6   4.5e+02   -2.4   0.0   523   557    37    72    30    94 0.72 FUN_005400
FUN_005400-T1        -            449 4223at5125           -            829     6e-05   20.4   0.9   2   4    0.0018      0.18    8.9   0.0    89   125   140   176   133   181 0.90 FUN_005400
FUN_005400-T1        -            449 4223at5125           -            829     6e-05   20.4   0.9   3   4    0.0029      0.28    8.2   0.0   517   581   218   285   188   297 0.81 FUN_005400
FUN_005400-T1        -            449 4223at5125           -            829     6e-05   20.4   0.9   4   4       3.3   3.2e+02   -1.9   0.0   189   206   430   447   423   448 0.82 FUN_005400
FUN_008917-T1        -            363 4223at5125           -            829   6.5e-05   20.3   0.0   1   3   1.2e-05    0.0011   16.2   0.0   469   532    17    81    10    87 0.89 FUN_008917
FUN_008917-T1        -            363 4223at5125           -            829   6.5e-05   20.3   0.0   2   3      0.92        89   -0.0   0.0    92   120   143   171    98   181 0.74 FUN_008917
FUN_008917-T1        -            363 4223at5125           -            829   6.5e-05   20.3   0.0   3   3      0.39        38    1.2   0.0   408   490   146   232   141   236 0.56 FUN_008917
FUN_005980-T1        -           1470 4223at5125           -            829   7.4e-05   20.1   2.1   1   2         1        97   -0.2   0.0    26   100  1164  1243  1158  1253 0.72 FUN_005980
FUN_005980-T1        -           1470 4223at5125           -            829   7.4e-05   20.1   2.1   2   2   1.7e-06   0.00017   18.9   0.5    48   164  1288  1411  1255  1417 0.78 FUN_005980
FUN_005332-T1        -           1479 4223at5125           -            829   0.00011   19.5   0.2   1   1   1.8e-06   0.00017   18.9   0.2    28   181   100   264    85   270 0.64 FUN_005332
FUN_004474-T1        -            348 4223at5125           -            829   0.00017   18.9   0.0   1   2    0.0018      0.18    8.9   0.0   284   394    67   179    52   201 0.75 FUN_004474
FUN_004474-T1        -            348 4223at5125           -            829   0.00017   18.9   0.0   2   2    0.0044      0.42    7.6   0.0   515   581   221   285   211   291 0.75 FUN_004474
FUN_003194-T1        -            885 4223at5125           -            829   0.00019   18.8   3.7   1   3      0.11        11    3.0   0.1   525   599    42   127    34   139 0.70 FUN_003194
FUN_003194-T1        -            885 4223at5125           -            829   0.00019   18.8   3.7   2   3   2.2e-05    0.0021   15.3   0.3   293   434   146   297   135   350 0.85 FUN_003194
FUN_003194-T1        -            885 4223at5125           -            829   0.00019   18.8   3.7   3   3       4.1   3.9e+02   -2.2   0.0   324   353   540   570   528   574 0.76 FUN_003194
FUN_003161-T1        -            723 4223at5125           -            829   0.00022   18.5   0.1   1   2   1.1e-05    0.0011   16.3   0.0   399   542    56   200    51   211 0.89 FUN_003161
FUN_003161-T1        -            723 4223at5125           -            829   0.00022   18.5   0.1   2   2       2.5   2.5e+02   -1.5   0.0    64   114   490   540   487   543 0.81 FUN_003161
FUN_005446-T1        -           1128 4223at5125           -            829   0.00025   18.3   2.4   1   3      0.47        45    0.9   0.0    90   123   155   188   147   196 0.88 FUN_005446
FUN_005446-T1        -           1128 4223at5125           -            829   0.00025   18.3   2.4   2   3      0.32        31    1.5   0.1    92   190   219   329   207   342 0.51 FUN_005446
FUN_005446-T1        -           1128 4223at5125           -            829   0.00025   18.3   2.4   3   3   4.7e-05    0.0046   14.1   0.2   486   580   337   427   325   513 0.57 FUN_005446
FUN_008515-T1        -            380 4223at5125           -            829   0.00048   17.4   0.0   1   1   7.4e-06   0.00072   16.8   0.0   309   394   164   255   158   261 0.80 FUN_008515
FUN_008088-T1        -            376 4223at5125           -            829    0.0012   16.1   0.1   1   2   0.00013     0.013   12.7   0.0    76   164   193   281   162   322 0.66 FUN_008088
FUN_008088-T1        -            376 4223at5125           -            829    0.0012   16.1   0.1   2   2      0.17        16    2.4   0.1   331   394   308   372   298   376 0.81 FUN_008088
FUN_001502-T1        -            702 4223at5125           -            829    0.0014   15.8   0.0   1   1   2.4e-05    0.0023   15.1   0.0   319   374   632   687   619   700 0.84 FUN_001502
FUN_007498-T1        -            553 4223at5125           -            829    0.0014   15.8   0.0   1   2       4.4   4.3e+02   -2.3   0.0   126   166   203   243   187   250 0.75 FUN_007498
FUN_007498-T1        -            553 4223at5125           -            829    0.0014   15.8   0.0   2   2   3.6e-05    0.0035   14.5   0.0    65   440   267   329   225   349 0.63 FUN_007498
FUN_005145-T1        -            398 4223at5125           -            829    0.0018   15.5   1.1   1   3     0.002       0.2    8.8   0.1   367   435    88   153    27   159 0.79 FUN_005145
FUN_005145-T1        -            398 4223at5125           -            829    0.0018   15.5   1.1   2   3    0.0023      0.22    8.6   0.0   369   435    90   153    73   220 0.77 FUN_005145
FUN_005145-T1        -            398 4223at5125           -            829    0.0018   15.5   1.1   3   3     0.078       7.6    3.5   0.1   370   389   226   245   170   314 0.47 FUN_005145
FUN_002015-T1        -            775 4223at5125           -            829    0.0023   15.2   0.0   1   2      0.01      0.98    6.4   0.0    89   122   416   449   409   457 0.78 FUN_002015
FUN_002015-T1        -            775 4223at5125           -            829    0.0023   15.2   0.0   2   2     0.011       1.1    6.3   0.0   370   440   614   683   600   775 0.65 FUN_002015
FUN_008494-T1        -            497 4223at5125           -            829    0.0053   13.9   0.7   1   3     0.043       4.2    4.3   0.0   129   166   129   168   125   220 0.68 FUN_008494
FUN_008494-T1        -            497 4223at5125           -            829    0.0053   13.9   0.7   2   3      0.23        23    1.9   0.0    55   122   191   264   171   277 0.73 FUN_008494
FUN_008494-T1        -            497 4223at5125           -            829    0.0053   13.9   0.7   3   3      0.04       3.9    4.5   0.1   105   170   379   448   352   457 0.73 FUN_008494
FUN_000613-T1        -            795 4223at5125           -            829    0.0058   13.8   0.0   1   1   7.7e-05    0.0075   13.4   0.0   339   437   557   657   507   684 0.81 FUN_000613
FUN_004882-T1        -            789 4223at5125           -            829    0.0071   13.5   0.1   1   2    0.0036      0.35    7.9   0.1   384   435   281   334   267   345 0.81 FUN_004882
FUN_004882-T1        -            789 4223at5125           -            829    0.0071   13.5   0.1   2   2     0.091       8.8    3.3   0.0   335   427   614   717   610   725 0.65 FUN_004882
FUN_003827-T1        -           1064 4223at5125           -            829     0.008   13.3   0.0   1   2       3.4   3.3e+02   -1.9   0.0   519   564   530   575   497   587 0.57 FUN_003827
FUN_003827-T1        -           1064 4223at5125           -            829     0.008   13.3   0.0   2   2   0.00028     0.027   11.6   0.0   335   394   806   869   797   877 0.83 FUN_003827
FUN_007954-T1        -             87 4223at5125           -            829     0.034   11.3   0.0   1   1    0.0004     0.039   11.1   0.0   206   255    18    67    11    78 0.87 FUN_007954
FUN_002118-T1        -            513 4223at5125           -            829     0.034   11.3   0.0   1   2       3.2   3.1e+02   -1.8   0.0   561   588   249   274   229   281 0.61 FUN_002118
FUN_002118-T1        -            513 4223at5125           -            829     0.034   11.3   0.0   2   2     0.001       0.1    9.7   0.0   501   581   325   406   293   425 0.74 FUN_002118
FUN_003268-T1        -           1298 4223at5125           -            829     0.039   11.1   0.3   1   1   0.00094     0.091    9.8   0.2    66   125   225   285   201   293 0.76 FUN_003268
FUN_006788-T1        -            626 4223at5125           -            829     0.047   10.8   0.1   1   2    0.0019      0.18    8.9   0.1   398   435   109   146    76   165 0.84 FUN_006788
FUN_006788-T1        -            626 4223at5125           -            829     0.047   10.8   0.1   2   2         5   4.9e+02   -2.5   0.0    92   492   262   293   241   305 0.48 FUN_006788
#
# Program:         hmmsearch
# Version:         3.1b2 (February 2015)
# Pipeline mode:   SEARCH
# Query file:      /home/zack/funannotate_db/hypocreales_odb10/hmms/4223at5125.hmm
# Target file:     /home/zack/Desktop/IsariaPreferralGenome/MyGenomeSubmittedToNCBI/HypocrealesProteinSets/Trichoderma_reesei_QM6a.proteins.fa
# Option settings: hmmsearch --domtblout /home/zack/Desktop/IsariaPreferralGenome/MyGenomeSubmittedToNCBI/HypocrealesProteinSets/BUSCO_AA_all/BUSCO_AA_Treesei_QM6a/run_hypocreales_odb10/hmmer_output/initial_run_results/4223at5125.out --cpu 1 /home/zack/funannotate_db/hypocreales_odb10/hmms/4223at5125.hmm /home/zack/Desktop/IsariaPreferralGenome/MyGenomeSubmittedToNCBI/HypocrealesProteinSets/Trichoderma_reesei_QM6a.proteins.fa 
# Current dir:     /home/zack/Desktop/IsariaPreferralGenome/MyGenomeSubmittedToNCBI/HypocrealesProteinSets/BUSCO_AA_all
# Date:            Mon Mar  4 15:42:33 2024
# [ok]
