#                                                                            --- full sequence --- -------------- this domain -------------   hmm coord   ali coord   env coord
# target name        accession   tlen query name           accession   qlen   E-value  score  bias   #  of  c-Evalue  i-Evalue  score  bias  from    to  from    to  from    to  acc description of target
#------------------- ---------- ----- -------------------- ---------- ----- --------- ------ ----- --- --- --------- --------- ------ ----- ----- ----- ----- ----- ----- ----- ---- ---------------------
FUN_005778-T1        -            243 42399at5125          -            207  6.1e-104  345.3  13.5   1   2   2.1e-32   3.2e-29  101.3   0.7     1    62    17    79    17    85 0.96 FUN_005778
FUN_005778-T1        -            243 42399at5125          -            207  6.1e-104  345.3  13.5   2   2   4.7e-77   7.2e-74  247.1   6.1    70   188   118   236    89   239 0.95 FUN_005778
FUN_005915-T1        -            188 42399at5125          -            207   5.3e-30  103.8   1.8   1   1   6.8e-33     1e-29  102.9   1.8    33   206    13   173     2   174 0.90 FUN_005915
FUN_005188-T1        -            197 42399at5125          -            207   6.2e-16   57.9   0.4   1   2   3.7e-08   5.6e-05   22.1   0.0    44   108    13    70     6    81 0.85 FUN_005188
FUN_005188-T1        -            197 42399at5125          -            207   6.2e-16   57.9   0.4   2   2   8.4e-12   1.3e-08   34.0   0.3   104   205    94   195    87   197 0.82 FUN_005188
FUN_004145-T1        -            193 42399at5125          -            207   2.7e-14   52.5   0.3   1   2     1e-07   0.00015   20.7   0.0    53   110    21    71     2    80 0.75 FUN_004145
FUN_004145-T1        -            193 42399at5125          -            207   2.7e-14   52.5   0.3   2   2   1.2e-10   1.8e-07   30.2   0.1   119   205   105   191    94   193 0.88 FUN_004145
FUN_002911-T1        -            268 42399at5125          -            207   2.8e-14   52.5   2.1   1   1   3.2e-17   4.9e-14   51.7   2.1    54   205    95   247    75   249 0.86 FUN_002911
FUN_001621-T1        -            358 42399at5125          -            207    0.0033   16.3   2.6   1   1   4.1e-06    0.0063   15.4   2.6    25   201   105   273    96   279 0.81 FUN_001621
#
# Program:         hmmsearch
# Version:         3.1b2 (February 2015)
# Pipeline mode:   SEARCH
# Query file:      /home/zack/funannotate_db/hypocreales_odb10/hmms/42399at5125.hmm
# Target file:     /home/zack/Desktop/IsariaPreferralGenome/MyGenomeSubmittedToNCBI/HypocrealesProteinSets/Trichoderma_reesei_QM6a.proteins.fa
# Option settings: hmmsearch --domtblout /home/zack/Desktop/IsariaPreferralGenome/MyGenomeSubmittedToNCBI/HypocrealesProteinSets/BUSCO_AA_all/BUSCO_AA_Treesei_QM6a/run_hypocreales_odb10/hmmer_output/initial_run_results/42399at5125.out --cpu 1 /home/zack/funannotate_db/hypocreales_odb10/hmms/42399at5125.hmm /home/zack/Desktop/IsariaPreferralGenome/MyGenomeSubmittedToNCBI/HypocrealesProteinSets/Trichoderma_reesei_QM6a.proteins.fa 
# Current dir:     /home/zack/Desktop/IsariaPreferralGenome/MyGenomeSubmittedToNCBI/HypocrealesProteinSets/BUSCO_AA_all
# Date:            Mon Mar  4 15:42:35 2024
# [ok]
