#                                                                            --- full sequence --- -------------- this domain -------------   hmm coord   ali coord   env coord
# target name        accession   tlen query name           accession   qlen   E-value  score  bias   #  of  c-Evalue  i-Evalue  score  bias  from    to  from    to  from    to  acc description of target
#------------------- ---------- ----- -------------------- ---------- ----- --------- ------ ----- --- --- --------- --------- ------ ----- ----- ----- ----- ----- ----- ----- ---- ---------------------
FUN_004233-T1        -            327 42537at5125          -            245  1.8e-105  350.9   0.5   1   2    0.0044        13    4.2   0.0     1    15     7    21     7    25 0.89 FUN_004233
FUN_004233-T1        -            327 42537at5125          -            245  1.8e-105  350.9   0.5   2   2  9.1e-106  2.8e-102  340.5   0.1    14   245    51   327    49   327 0.87 FUN_004233
FUN_000021-T1        -            242 42537at5125          -            245    0.0098   14.5   0.0   1   2   6.4e-06     0.019   13.5   0.0    15    88    38   119    33   139 0.81 FUN_000021
FUN_000021-T1        -            242 42537at5125          -            245    0.0098   14.5   0.0   2   2      0.95   2.9e+03   -3.4   0.0   118   157   192   235   176   239 0.57 FUN_000021
FUN_001180-T1        -           4946 42537at5125          -            245      0.59    8.6   4.4   1   4    0.0074        22    3.5   0.0     9    41   299   331   294   345 0.86 FUN_001180
FUN_001180-T1        -           4946 42537at5125          -            245      0.59    8.6   4.4   2   4     0.016        49    2.4   0.1    19    43   641   665   627   672 0.76 FUN_001180
FUN_001180-T1        -           4946 42537at5125          -            245      0.59    8.6   4.4   3   4      0.56   1.7e+03   -2.7   0.1    19    38  1382  1401  1378  1408 0.83 FUN_001180
FUN_001180-T1        -           4946 42537at5125          -            245      0.59    8.6   4.4   4   4     0.036   1.1e+02    1.2   0.0    17    37  1760  1780  1750  1792 0.85 FUN_001180
#
# Program:         hmmsearch
# Version:         3.1b2 (February 2015)
# Pipeline mode:   SEARCH
# Query file:      /home/zack/funannotate_db/hypocreales_odb10/hmms/42537at5125.hmm
# Target file:     /home/zack/Desktop/IsariaPreferralGenome/MyGenomeSubmittedToNCBI/HypocrealesProteinSets/Trichoderma_reesei_QM6a.proteins.fa
# Option settings: hmmsearch --domtblout /home/zack/Desktop/IsariaPreferralGenome/MyGenomeSubmittedToNCBI/HypocrealesProteinSets/BUSCO_AA_all/BUSCO_AA_Treesei_QM6a/run_hypocreales_odb10/hmmer_output/initial_run_results/42537at5125.out --cpu 1 /home/zack/funannotate_db/hypocreales_odb10/hmms/42537at5125.hmm /home/zack/Desktop/IsariaPreferralGenome/MyGenomeSubmittedToNCBI/HypocrealesProteinSets/Trichoderma_reesei_QM6a.proteins.fa 
# Current dir:     /home/zack/Desktop/IsariaPreferralGenome/MyGenomeSubmittedToNCBI/HypocrealesProteinSets/BUSCO_AA_all
# Date:            Mon Mar  4 15:42:39 2024
# [ok]
