#                                                                            --- full sequence --- -------------- this domain -------------   hmm coord   ali coord   env coord
# target name        accession   tlen query name           accession   qlen   E-value  score  bias   #  of  c-Evalue  i-Evalue  score  bias  from    to  from    to  from    to  acc description of target
#------------------- ---------- ----- -------------------- ---------- ----- --------- ------ ----- --- --- --------- --------- ------ ----- ----- ----- ----- ----- ----- ----- ---- ---------------------
FUN_007948-T1        -            194 50003at5125          -            185  4.3e-108  358.1   0.1   1   1  4.4e-111    5e-108  357.9   0.1     2   185     3   190     2   190 0.99 FUN_007948
FUN_006132-T1        -            193 50003at5125          -            185   8.6e-71  236.5   0.0   1   1   8.7e-74   9.9e-71  236.3   0.0     2   185     3   188     2   188 0.97 FUN_006132
FUN_007644-T1        -            815 50003at5125          -            185     7e-18   64.0   1.5   1   2   1.3e-18   1.4e-15   56.4   0.0     3   127   614   744   612   750 0.93 FUN_007644
FUN_007644-T1        -            815 50003at5125          -            185     7e-18   64.0   1.5   2   2    0.0031       3.6    6.3   0.3   158   185   756   784   747   784 0.89 FUN_007644
FUN_003290-T1        -            278 50003at5125          -            185     0.032   12.9   0.0   1   1   5.4e-05     0.061   12.0   0.0     9    43     8    42     2    51 0.82 FUN_003290
FUN_006581-T1        -            385 50003at5125          -            185     0.033   12.9   1.8   1   2   0.00041      0.46    9.2   0.0     9    34    33    58    26    78 0.83 FUN_006581
FUN_006581-T1        -            385 50003at5125          -            185     0.033   12.9   1.8   2   2     0.074        85    1.8   1.3   122   157   313   348   296   373 0.73 FUN_006581
FUN_004427-T1        -            648 50003at5125          -            185     0.035   12.8   0.1   1   2      0.83   9.4e+02   -1.6   0.0    10    29    55    74    47    77 0.80 FUN_004427
FUN_004427-T1        -            648 50003at5125          -            185     0.035   12.8   0.1   2   2   0.00011      0.13   10.9   0.0    12    44   390   422   386   440 0.84 FUN_004427
FUN_006493-T1        -            173 50003at5125          -            185     0.051   12.3   0.2   1   2   0.00076      0.86    8.3   0.0     9    55     6    53     2    70 0.70 FUN_006493
FUN_006493-T1        -            173 50003at5125          -            185     0.051   12.3   0.2   2   2      0.06        68    2.1   0.3   122   180    96   153    87   164 0.76 FUN_006493
FUN_007500-T1        -            261 50003at5125          -            185     0.071   11.8   0.0   1   1     9e-05       0.1   11.3   0.0     6    37     5    36     1    45 0.85 FUN_007500
#
# Program:         hmmsearch
# Version:         3.1b2 (February 2015)
# Pipeline mode:   SEARCH
# Query file:      /home/zack/funannotate_db/hypocreales_odb10/hmms/50003at5125.hmm
# Target file:     /home/zack/Desktop/IsariaPreferralGenome/MyGenomeSubmittedToNCBI/HypocrealesProteinSets/Trichoderma_reesei_QM6a.proteins.fa
# Option settings: hmmsearch --domtblout /home/zack/Desktop/IsariaPreferralGenome/MyGenomeSubmittedToNCBI/HypocrealesProteinSets/BUSCO_AA_all/BUSCO_AA_Treesei_QM6a/run_hypocreales_odb10/hmmer_output/initial_run_results/50003at5125.out --cpu 1 /home/zack/funannotate_db/hypocreales_odb10/hmms/50003at5125.hmm /home/zack/Desktop/IsariaPreferralGenome/MyGenomeSubmittedToNCBI/HypocrealesProteinSets/Trichoderma_reesei_QM6a.proteins.fa 
# Current dir:     /home/zack/Desktop/IsariaPreferralGenome/MyGenomeSubmittedToNCBI/HypocrealesProteinSets/BUSCO_AA_all
# Date:            Mon Mar  4 15:42:49 2024
# [ok]
