#                                                                            --- full sequence --- -------------- this domain -------------   hmm coord   ali coord   env coord
# target name        accession   tlen query name           accession   qlen   E-value  score  bias   #  of  c-Evalue  i-Evalue  score  bias  from    to  from    to  from    to  acc description of target
#------------------- ---------- ----- -------------------- ---------- ----- --------- ------ ----- --- --- --------- --------- ------ ----- ----- ----- ----- ----- ----- ----- ---- ---------------------
FUN_006493-T1        -            173 50279at5125          -            144   7.5e-80  264.9   2.3   1   1   7.8e-83   8.9e-80  264.7   2.3     1   144     4   161     4   161 0.95 FUN_006493
FUN_001180-T1        -           4946 50279at5125          -            144     4e-06   25.8   1.3   1   5      0.22   2.5e+02    0.5   0.0     4    27   307   330   304   341 0.89 FUN_001180
FUN_001180-T1        -           4946 50279at5125          -            144     4e-06   25.8   1.3   2   5     0.001       1.2    8.1   0.1     4    33   639   668   636   676 0.90 FUN_001180
FUN_001180-T1        -           4946 50279at5125          -            144     4e-06   25.8   1.3   3   5     0.012        14    4.6   0.0     4    34  1088  1118  1086  1140 0.88 FUN_001180
FUN_001180-T1        -           4946 50279at5125          -            144     4e-06   25.8   1.3   4   5     0.094   1.1e+02    1.7   0.0     4    33  1380  1409  1377  1447 0.83 FUN_001180
FUN_001180-T1        -           4946 50279at5125          -            144     4e-06   25.8   1.3   5   5     0.027        31    3.5   0.0     4    27  1760  1783  1757  1793 0.85 FUN_001180
FUN_006067-T1        -            108 50279at5125          -            144   6.2e-05   22.0   0.0   1   1   7.3e-08   8.4e-05   21.5   0.0     4    37     9    42     6    64 0.90 FUN_006067
FUN_001476-T1        -            305 50279at5125          -            144    0.0061   15.5   0.0   1   1   8.8e-06      0.01   14.8   0.0     4    44   114   154   111   169 0.87 FUN_001476
FUN_005257-T1        -            923 50279at5125          -            144    0.0076   15.2   0.0   1   2     4e-05     0.046   12.7   0.0     3    30   219   246   217   252 0.88 FUN_005257
FUN_005257-T1        -            923 50279at5125          -            144    0.0076   15.2   0.0   2   2       3.1   3.6e+03   -3.2   0.0     2    23   627   648   627   649 0.86 FUN_005257
FUN_003290-T1        -            278 50279at5125          -            144      0.06   12.3   0.0   1   1   9.5e-05      0.11   11.5   0.0     3    34     8    40     6    50 0.80 FUN_003290
FUN_005631-T1        -            357 50279at5125          -            144     0.069   12.1   0.0   1   1   0.00012      0.14   11.1   0.0     2    24    67    89    66    97 0.89 FUN_005631
FUN_001460-T1        -           1230 50279at5125          -            144     0.077   11.9   0.0   1   2     0.024        27    3.7   0.0     3    25   545   567   543   584 0.91 FUN_001460
FUN_001460-T1        -           1230 50279at5125          -            144     0.077   11.9   0.0   2   2    0.0075       8.5    5.3   0.0     5    33   882   910   879   916 0.92 FUN_001460
#
# Program:         hmmsearch
# Version:         3.1b2 (February 2015)
# Pipeline mode:   SEARCH
# Query file:      /home/zack/funannotate_db/hypocreales_odb10/hmms/50279at5125.hmm
# Target file:     /home/zack/Desktop/IsariaPreferralGenome/MyGenomeSubmittedToNCBI/HypocrealesProteinSets/Trichoderma_reesei_QM6a.proteins.fa
# Option settings: hmmsearch --domtblout /home/zack/Desktop/IsariaPreferralGenome/MyGenomeSubmittedToNCBI/HypocrealesProteinSets/BUSCO_AA_all/BUSCO_AA_Treesei_QM6a/run_hypocreales_odb10/hmmer_output/initial_run_results/50279at5125.out --cpu 1 /home/zack/funannotate_db/hypocreales_odb10/hmms/50279at5125.hmm /home/zack/Desktop/IsariaPreferralGenome/MyGenomeSubmittedToNCBI/HypocrealesProteinSets/Trichoderma_reesei_QM6a.proteins.fa 
# Current dir:     /home/zack/Desktop/IsariaPreferralGenome/MyGenomeSubmittedToNCBI/HypocrealesProteinSets/BUSCO_AA_all
# Date:            Mon Mar  4 15:42:53 2024
# [ok]
