#                                                                            --- full sequence --- -------------- this domain -------------   hmm coord   ali coord   env coord
# target name        accession   tlen query name           accession   qlen   E-value  score  bias   #  of  c-Evalue  i-Evalue  score  bias  from    to  from    to  from    to  acc description of target
#------------------- ---------- ----- -------------------- ---------- ----- --------- ------ ----- --- --- --------- --------- ------ ----- ----- ----- ----- ----- ----- ----- ---- ---------------------
FUN_003295-T1        -            137 51460at5125          -            156   6.8e-71  236.1   0.7   1   1   1.3e-73   7.7e-71  235.9   0.7    42   156     1   120     1   120 0.97 FUN_003295
FUN_002328-T1        -            179 51460at5125          -            156   2.9e-22   78.2   0.0   1   1   5.3e-25   3.2e-22   78.0   0.0    59   154    70   169    15   171 0.83 FUN_002328
FUN_004454-T1        -            151 51460at5125          -            156   1.8e-18   65.8   0.0   1   1   3.4e-21   2.1e-18   65.6   0.0    49   155    30   142     3   143 0.83 FUN_004454
FUN_002947-T1        -            147 51460at5125          -            156   2.2e-18   65.5   0.0   1   1   4.3e-21   2.6e-18   65.3   0.0    68   153    51   137    34   140 0.87 FUN_002947
FUN_005331-T1        -            149 51460at5125          -            156   5.4e-17   61.0   0.0   1   1   1.1e-19   6.4e-17   60.8   0.0    67   147    51   132    25   140 0.89 FUN_005331
FUN_007244-T1        -            159 51460at5125          -            156   9.4e-16   57.0   0.0   1   1   1.9e-18   1.2e-15   56.7   0.0    66   155    50   143    35   144 0.89 FUN_007244
FUN_000586-T1        -            157 51460at5125          -            156   4.5e-14   51.6   0.1   1   1   1.1e-16   6.8e-14   51.0   0.1    67   155    57   148    52   150 0.87 FUN_000586
FUN_006337-T1        -            234 51460at5125          -            156   1.8e-12   46.3   0.0   1   1   4.3e-15   2.6e-12   45.8   0.0    68   150    55   139    47   144 0.89 FUN_006337
FUN_000660-T1        -            444 51460at5125          -            156   2.3e-11   42.7   0.0   1   2   4.3e-09   2.6e-06   26.3   0.0    55   139    37   138     6   156 0.72 FUN_000660
FUN_000660-T1        -            444 51460at5125          -            156   2.3e-11   42.7   0.0   2   2   3.1e-05     0.019   13.8   0.0    59   102   336   378   330   409 0.85 FUN_000660
FUN_004226-T1        -            176 51460at5125          -            156     9e-11   40.8   0.1   1   1     7e-13   4.2e-10   38.6   0.1    66   155    58   162    34   165 0.80 FUN_004226
FUN_001528-T1        -            164 51460at5125          -            156   2.2e-10   39.6   0.0   1   1   4.6e-13   2.8e-10   39.2   0.0    66   144    59   139    35   148 0.89 FUN_001528
FUN_000301-T1        -            166 51460at5125          -            156   5.1e-10   38.4   0.1   1   1   3.7e-12   2.2e-09   36.3   0.1    50   155    33   157    25   158 0.78 FUN_000301
FUN_008648-T1        -            185 51460at5125          -            156     8e-10   37.7   0.1   1   1     2e-12   1.2e-09   37.2   0.1    72   138    39   108    26   123 0.83 FUN_008648
FUN_001504-T1        -            156 51460at5125          -            156   5.8e-05   22.0   0.0   1   1   1.3e-07   7.6e-05   21.6   0.0    67   128    55   123    32   144 0.77 FUN_001504
FUN_000373-T1        -            224 51460at5125          -            156    0.0024   16.7   0.3   1   1     1e-05    0.0061   15.4   0.3    57   107    37    91     1   152 0.66 FUN_000373
#
# Program:         hmmsearch
# Version:         3.1b2 (February 2015)
# Pipeline mode:   SEARCH
# Query file:      /home/zack/funannotate_db/hypocreales_odb10/hmms/51460at5125.hmm
# Target file:     /home/zack/Desktop/IsariaPreferralGenome/MyGenomeSubmittedToNCBI/HypocrealesProteinSets/Trichoderma_reesei_QM6a.proteins.fa
# Option settings: hmmsearch --domtblout /home/zack/Desktop/IsariaPreferralGenome/MyGenomeSubmittedToNCBI/HypocrealesProteinSets/BUSCO_AA_all/BUSCO_AA_Treesei_QM6a/run_hypocreales_odb10/hmmer_output/initial_run_results/51460at5125.out --cpu 1 /home/zack/funannotate_db/hypocreales_odb10/hmms/51460at5125.hmm /home/zack/Desktop/IsariaPreferralGenome/MyGenomeSubmittedToNCBI/HypocrealesProteinSets/Trichoderma_reesei_QM6a.proteins.fa 
# Current dir:     /home/zack/Desktop/IsariaPreferralGenome/MyGenomeSubmittedToNCBI/HypocrealesProteinSets/BUSCO_AA_all
# Date:            Mon Mar  4 15:42:50 2024
# [ok]
