#                                                                            --- full sequence --- -------------- this domain -------------   hmm coord   ali coord   env coord
# target name        accession   tlen query name           accession   qlen   E-value  score  bias   #  of  c-Evalue  i-Evalue  score  bias  from    to  from    to  from    to  acc description of target
#------------------- ---------- ----- -------------------- ---------- ----- --------- ------ ----- --- --- --------- --------- ------ ----- ----- ----- ----- ----- ----- ----- ---- ---------------------
FUN_003269-T1        -            148 56485at5125          -            107   5.9e-64  212.2   0.0   1   1   2.1e-66   7.8e-64  211.8   0.0     1   104    17   123    17   126 0.97 FUN_003269
FUN_008708-T1        -           1062 56485at5125          -            107   5.1e-14   51.6   0.0   1   3     9e-07   0.00033   20.0   0.0    15    79   585   648   571   661 0.80 FUN_008708
FUN_008708-T1        -           1062 56485at5125          -            107   5.1e-14   51.6   0.0   2   3   0.00077      0.28   10.6   0.0    14    61   661   713   656   751 0.82 FUN_008708
FUN_008708-T1        -           1062 56485at5125          -            107   5.1e-14   51.6   0.0   3   3   8.6e-06    0.0031   16.9   0.0    19    94   757   834   746   845 0.81 FUN_008708
FUN_003026-T1        -            745 56485at5125          -            107   1.3e-10   40.6   1.5   1   5       3.3   1.2e+03   -1.1   0.0    34    75    72   113    62   122 0.78 FUN_003026
FUN_003026-T1        -            745 56485at5125          -            107   1.3e-10   40.6   1.5   2   5   6.7e-07   0.00024   20.4   0.0    23    98   149   224   134   232 0.76 FUN_003026
FUN_003026-T1        -            745 56485at5125          -            107   1.3e-10   40.6   1.5   3   5    0.0024      0.87    9.0   0.0    23    81   242   299   239   324 0.89 FUN_003026
FUN_003026-T1        -            745 56485at5125          -            107   1.3e-10   40.6   1.5   4   5     0.016       5.7    6.4   0.0    20    49   342   371   320   379 0.85 FUN_003026
FUN_003026-T1        -            745 56485at5125          -            107   1.3e-10   40.6   1.5   5   5       7.8   2.8e+03   -2.3   0.0    52    81   415   444   392   464 0.77 FUN_003026
FUN_005663-T1        -            391 56485at5125          -            107   2.1e-09   36.7   0.0   1   2   1.8e-05    0.0066   15.8   0.0    23    94    15    89    11   102 0.84 FUN_005663
FUN_005663-T1        -            391 56485at5125          -            107   2.1e-09   36.7   0.0   2   2   1.8e-06   0.00067   19.0   0.0    24   101   104   184    88   189 0.85 FUN_005663
FUN_005971-T1        -            843 56485at5125          -            107   3.8e-09   35.9   0.1   1   4       2.7   9.8e+02   -0.8   0.0    45    64    29    47    16    57 0.82 FUN_005971
FUN_005971-T1        -            843 56485at5125          -            107   3.8e-09   35.9   0.1   2   4   8.6e-06    0.0031   16.9   0.0    24    79   320   374   306   397 0.82 FUN_005971
FUN_005971-T1        -            843 56485at5125          -            107   3.8e-09   35.9   0.1   3   4        10   3.6e+03   -2.6   0.0    62    81   660   679   653   688 0.79 FUN_005971
FUN_005971-T1        -            843 56485at5125          -            107   3.8e-09   35.9   0.1   4   4   8.6e-05     0.031   13.6   0.1    22    97   720   797   702   806 0.79 FUN_005971
FUN_004386-T1        -            296 56485at5125          -            107   4.4e-09   35.7   0.0   1   1   2.8e-11     1e-08   34.5   0.0    24    80   219   275   215   295 0.84 FUN_004386
FUN_007800-T1        -            765 56485at5125          -            107   2.1e-07   30.3   0.2   1   3    0.0013      0.46    9.9   0.0    30    81    52   103    40   127 0.88 FUN_007800
FUN_007800-T1        -            765 56485at5125          -            107   2.1e-07   30.3   0.2   2   3     0.013       4.8    6.6   0.0    35   104   162   232   156   236 0.76 FUN_007800
FUN_007800-T1        -            765 56485at5125          -            107   2.1e-07   30.3   0.2   3   3    0.0032       1.2    8.6   0.0    23    82   339   398   334   401 0.89 FUN_007800
FUN_007651-T1        -            463 56485at5125          -            107   1.7e-06   27.4   0.0   1   3    0.0013      0.48    9.8   0.0    30   102    84   158    76   164 0.80 FUN_007651
FUN_007651-T1        -            463 56485at5125          -            107   1.7e-06   27.4   0.0   2   3   4.4e-05     0.016   14.6   0.0    22   102   166   249   160   254 0.85 FUN_007651
FUN_007651-T1        -            463 56485at5125          -            107   1.7e-06   27.4   0.0   3   3       6.4   2.3e+03   -2.0   0.0    55    79   319   343   311   348 0.71 FUN_007651
FUN_008596-T1        -            231 56485at5125          -            107   4.1e-06   26.1   0.0   1   1   1.7e-08   6.2e-06   25.6   0.0    22    96     5    82     1    94 0.85 FUN_008596
FUN_008879-T1        -            465 56485at5125          -            107   1.4e-05   24.4   0.0   1   2    0.0046       1.7    8.1   0.0     4   103   203   305   200   313 0.83 FUN_008879
FUN_008879-T1        -            465 56485at5125          -            107   1.4e-05   24.4   0.0   2   2   6.6e-05     0.024   14.0   0.0    17    82   321   386   310   416 0.81 FUN_008879
FUN_005273-T1        -            171 56485at5125          -            107   2.3e-05   23.8   0.0   1   1     1e-07   3.7e-05   23.0   0.0    25    93    52   123    43   137 0.87 FUN_005273
FUN_001108-T1        -            194 56485at5125          -            107   3.5e-05   23.2   0.0   1   1   1.5e-07   5.4e-05   22.5   0.0    12    71    61   120    48   153 0.87 FUN_001108
FUN_007082-T1        -            569 56485at5125          -            107   5.2e-05   22.6   0.0   1   2      0.03        11    5.5   0.0    36    92   198   256   184   272 0.81 FUN_007082
FUN_007082-T1        -            569 56485at5125          -            107   5.2e-05   22.6   0.0   2   2   5.7e-05     0.021   14.2   0.0    23    81   284   341   272   356 0.89 FUN_007082
FUN_001279-T1        -            172 56485at5125          -            107   6.7e-05   22.2   0.1   1   1   2.5e-07     9e-05   21.8   0.1    32    94    13    78     6    87 0.84 FUN_001279
FUN_001530-T1        -            323 56485at5125          -            107    0.0004   19.7   0.0   1   1   2.1e-06   0.00077   18.8   0.0    20    79    88   146    82   163 0.85 FUN_001530
FUN_004075-T1        -            238 56485at5125          -            107   0.00065   19.1   0.0   1   2     0.079        29    4.1   0.0    28    80    15    64     4    88 0.62 FUN_004075
FUN_004075-T1        -            238 56485at5125          -            107   0.00065   19.1   0.0   2   2   0.00016     0.058   12.8   0.0    22    91   166   233   148   237 0.76 FUN_004075
FUN_000792-T1        -            515 56485at5125          -            107   0.00069   19.0   0.0   1   2    0.0012      0.44   10.0   0.0    30    76   121   167   106   197 0.79 FUN_000792
FUN_000792-T1        -            515 56485at5125          -            107   0.00069   19.0   0.0   2   2     0.012       4.3    6.8   0.0    23    79   198   254   193   270 0.86 FUN_000792
FUN_001377-T1        -            307 56485at5125          -            107    0.0024   17.3   0.0   1   1   1.1e-05    0.0039   16.6   0.0    22    96     9    86     6    95 0.86 FUN_001377
FUN_003560-T1        -            471 56485at5125          -            107    0.0025   17.2   0.0   1   1   1.5e-05    0.0056   16.0   0.0    27    94   257   327   228   337 0.84 FUN_003560
FUN_008005-T1        -            390 56485at5125          -            107    0.0066   15.8   0.0   1   1   3.7e-05     0.013   14.8   0.0    23    94   104   186    95   194 0.76 FUN_008005
FUN_005214-T1        -            785 56485at5125          -            107    0.0077   15.6   0.0   1   2     0.068        25    4.3   0.0    23    56   287   320   269   341 0.77 FUN_005214
FUN_005214-T1        -            785 56485at5125          -            107    0.0077   15.6   0.0   2   2    0.0031       1.1    8.6   0.0    23    61   512   550   499   588 0.71 FUN_005214
FUN_006477-T1        -            344 56485at5125          -            107     0.011   15.1   0.0   1   1   5.3e-05     0.019   14.3   0.0    23    82    75   134    68   157 0.87 FUN_006477
FUN_000558-T1        -            407 56485at5125          -            107     0.012   15.0   0.3   1   1   8.6e-05     0.031   13.7   0.1    23    93   213   283   200   296 0.87 FUN_000558
FUN_001899-T1        -            296 56485at5125          -            107     0.013   14.8   0.1   1   2    0.0015      0.54    9.7   0.0    26    80    25    81    20    95 0.81 FUN_001899
FUN_001899-T1        -            296 56485at5125          -            107     0.013   14.8   0.1   2   2      0.19        69    2.9   0.0    63    81   204   222   196   251 0.77 FUN_001899
FUN_009086-T1        -            402 56485at5125          -            107     0.038   13.4   0.0   1   3    0.0094       3.4    7.1   0.0    33    78    41    86    35    97 0.85 FUN_009086
FUN_009086-T1        -            402 56485at5125          -            107     0.038   13.4   0.0   2   3       0.6   2.2e+02    1.3   0.0    23    76   124   178   120   188 0.75 FUN_009086
FUN_009086-T1        -            402 56485at5125          -            107     0.038   13.4   0.0   3   3         1   3.7e+02    0.5   0.0    33    62   276   305   265   322 0.78 FUN_009086
#
# Program:         hmmsearch
# Version:         3.1b2 (February 2015)
# Pipeline mode:   SEARCH
# Query file:      /home/zack/funannotate_db/hypocreales_odb10/hmms/56485at5125.hmm
# Target file:     /home/zack/Desktop/IsariaPreferralGenome/MyGenomeSubmittedToNCBI/HypocrealesProteinSets/Trichoderma_reesei_QM6a.proteins.fa
# Option settings: hmmsearch --domtblout /home/zack/Desktop/IsariaPreferralGenome/MyGenomeSubmittedToNCBI/HypocrealesProteinSets/BUSCO_AA_all/BUSCO_AA_Treesei_QM6a/run_hypocreales_odb10/hmmer_output/initial_run_results/56485at5125.out --cpu 1 /home/zack/funannotate_db/hypocreales_odb10/hmms/56485at5125.hmm /home/zack/Desktop/IsariaPreferralGenome/MyGenomeSubmittedToNCBI/HypocrealesProteinSets/Trichoderma_reesei_QM6a.proteins.fa 
# Current dir:     /home/zack/Desktop/IsariaPreferralGenome/MyGenomeSubmittedToNCBI/HypocrealesProteinSets/BUSCO_AA_all
# Date:            Mon Mar  4 15:43:07 2024
# [ok]
