#                                                                            --- full sequence --- -------------- this domain -------------   hmm coord   ali coord   env coord
# target name        accession   tlen query name           accession   qlen   E-value  score  bias   #  of  c-Evalue  i-Evalue  score  bias  from    to  from    to  from    to  acc description of target
#------------------- ---------- ----- -------------------- ---------- ----- --------- ------ ----- --- --- --------- --------- ------ ----- ----- ----- ----- ----- ----- ----- ---- ---------------------
FUN_005630-T1        -             61 60272at5125          -             97   1.9e-28   97.8   0.8   1   1     9e-32     2e-28   97.7   0.8     1    55     7    61     7    61 0.99 FUN_005630
FUN_003156-T1        -            235 60272at5125          -             97   0.00035   20.0   0.1   1   3   1.6e-07   0.00035   20.0   0.1     7    78     5    77     1    96 0.72 FUN_003156
FUN_003156-T1        -            235 60272at5125          -             97   0.00035   20.0   0.1   2   3      0.66   1.5e+03   -1.3   0.1    48    59   143   154   116   179 0.58 FUN_003156
FUN_003156-T1        -            235 60272at5125          -             97   0.00035   20.0   0.1   3   3       1.9   4.4e+03   -2.8   0.3     3    19   212   228   211   233 0.66 FUN_003156
FUN_002989-T1        -            290 60272at5125          -             97    0.0046   16.4   1.0   1   1   3.4e-06    0.0078   15.7   1.0    15    95   180   262   166   264 0.77 FUN_002989
FUN_006975-T1        -            259 60272at5125          -             97       0.2   11.1   2.3   1   3       3.4   7.8e+03   -3.6   0.0    24    42    26    44    19    45 0.71 FUN_006975
FUN_006975-T1        -            259 60272at5125          -             97       0.2   11.1   2.3   2   3     0.002       4.4    6.8   0.0    23    57    85   119    78   126 0.90 FUN_006975
FUN_006975-T1        -            259 60272at5125          -             97       0.2   11.1   2.3   3   3     0.047   1.1e+02    2.4   0.1    18    35   221   238   216   247 0.84 FUN_006975
#
# Program:         hmmsearch
# Version:         3.1b2 (February 2015)
# Pipeline mode:   SEARCH
# Query file:      /home/zack/funannotate_db/hypocreales_odb10/hmms/60272at5125.hmm
# Target file:     /home/zack/Desktop/IsariaPreferralGenome/MyGenomeSubmittedToNCBI/HypocrealesProteinSets/Trichoderma_reesei_QM6a.proteins.fa
# Option settings: hmmsearch --domtblout /home/zack/Desktop/IsariaPreferralGenome/MyGenomeSubmittedToNCBI/HypocrealesProteinSets/BUSCO_AA_all/BUSCO_AA_Treesei_QM6a/run_hypocreales_odb10/hmmer_output/initial_run_results/60272at5125.out --cpu 1 /home/zack/funannotate_db/hypocreales_odb10/hmms/60272at5125.hmm /home/zack/Desktop/IsariaPreferralGenome/MyGenomeSubmittedToNCBI/HypocrealesProteinSets/Trichoderma_reesei_QM6a.proteins.fa 
# Current dir:     /home/zack/Desktop/IsariaPreferralGenome/MyGenomeSubmittedToNCBI/HypocrealesProteinSets/BUSCO_AA_all
# Date:            Mon Mar  4 15:43:06 2024
# [ok]
