#                                                                            --- full sequence --- -------------- this domain -------------   hmm coord   ali coord   env coord
# target name        accession   tlen query name           accession   qlen   E-value  score  bias   #  of  c-Evalue  i-Evalue  score  bias  from    to  from    to  from    to  acc description of target
#------------------- ---------- ----- -------------------- ---------- ----- --------- ------ ----- --- --- --------- --------- ------ ----- ----- ----- ----- ----- ----- ----- ---- ---------------------
FUN_005813-T1        -            767 6318at5125           -            606         0 1167.5   5.7   1   2   6.8e-57   4.5e-55  186.4   0.9     6   111    37   148    32   164 0.84 FUN_005813
FUN_005813-T1        -            767 6318at5125           -            606         0 1167.5   5.7   2   2  5.1e-298  3.4e-296  982.7   0.3    99   599   212   728   203   734 0.96 FUN_005813
FUN_008700-T1        -            790 6318at5125           -            606  1.1e-163  545.1   1.2   1   2     0.014      0.93    7.0   3.5     5    63    30    70    26   109 0.62 FUN_008700
FUN_008700-T1        -            790 6318at5125           -            606  1.1e-163  545.1   1.2   2   2  1.7e-161  1.2e-159  531.8   0.0   117   597   219   731   197   737 0.89 FUN_008700
FUN_000968-T1        -            870 6318at5125           -            606   1.8e-26   91.9   4.5   1   2   2.5e-12   1.7e-10   39.1   1.3    22    87    40   106    20   116 0.87 FUN_000968
FUN_000968-T1        -            870 6318at5125           -            606   1.8e-26   91.9   4.5   2   2   1.2e-16   8.1e-15   53.4   0.1   122   498   195   561   184   592 0.76 FUN_000968
FUN_005574-T1        -           1113 6318at5125           -            606   7.4e-22   76.7   3.7   1   2   4.6e-06   0.00031   18.5   5.4    20    95   176   253   161   279 0.77 FUN_005574
FUN_005574-T1        -           1113 6318at5125           -            606   7.4e-22   76.7   3.7   2   2   7.6e-17   5.1e-15   54.1   0.0   100   475   307   708   279   770 0.75 FUN_005574
FUN_005249-T1        -            842 6318at5125           -            606   1.4e-20   72.5   2.3   1   3   4.6e-13     3e-11   41.6   0.7    25    92    21    89     2   113 0.86 FUN_005249
FUN_005249-T1        -            842 6318at5125           -            606   1.4e-20   72.5   2.3   2   3     0.044       2.9    5.3   0.0   119   161   153   195   134   257 0.85 FUN_005249
FUN_005249-T1        -            842 6318at5125           -            606   1.4e-20   72.5   2.3   3   3   1.4e-07     9e-06   23.5   0.0   276   423   303   449   290   557 0.77 FUN_005249
FUN_000169-T1        -            875 6318at5125           -            606   2.5e-18   65.0   8.1   1   3    0.0001    0.0069   14.0   3.5    20    58   149   187   138   194 0.88 FUN_000169
FUN_000169-T1        -            875 6318at5125           -            606   2.5e-18   65.0   8.1   2   3   2.5e-06   0.00016   19.4   0.1    23   226   202   412   188   439 0.65 FUN_000169
FUN_000169-T1        -            875 6318at5125           -            606   2.5e-18   65.0   8.1   3   3   1.4e-10   9.4e-09   33.4   0.0   258   402   424   574   398   608 0.80 FUN_000169
FUN_006330-T1        -            543 6318at5125           -            606   5.2e-12   44.2   0.1   1   1   3.6e-13   2.4e-11   42.0   0.1   121   325    80   276    56   282 0.76 FUN_006330
FUN_006744-T1        -            683 6318at5125           -            606   6.9e-12   43.7   4.5   1   2   7.2e-09   4.8e-07   27.7   2.1    26    77    19    71     2    81 0.78 FUN_006744
FUN_006744-T1        -            683 6318at5125           -            606   6.9e-12   43.7   4.5   2   2     4e-05    0.0027   15.4   0.0   276   325   392   440   375   466 0.77 FUN_006744
FUN_004482-T1        -            784 6318at5125           -            606   3.3e-11   41.5   0.8   1   3   8.1e-06   0.00054   17.7   0.9    13    86   121   196   109   201 0.77 FUN_004482
FUN_004482-T1        -            784 6318at5125           -            606   3.3e-11   41.5   0.8   2   3   9.3e-05    0.0062   14.2   0.0   121   156   332   367   298   377 0.80 FUN_004482
FUN_004482-T1        -            784 6318at5125           -            606   3.3e-11   41.5   0.8   3   3     0.039       2.6    5.5   0.0   216   301   449   533   427   555 0.71 FUN_004482
FUN_003790-T1        -            822 6318at5125           -            606     2e-10   38.9  16.7   1   2     8e-07   5.4e-05   21.0  10.1    13    94   104   187    95   204 0.84 FUN_003790
FUN_003790-T1        -            822 6318at5125           -            606     2e-10   38.9  16.7   2   2   1.9e-05    0.0012   16.5   0.5   276   323   401   449   237   456 0.80 FUN_003790
FUN_003518-T1        -            592 6318at5125           -            606   3.3e-10   38.2   0.2   1   3       0.5        33    1.8   0.2    17    48    77   108    72   114 0.80 FUN_003518
FUN_003518-T1        -            592 6318at5125           -            606   3.3e-10   38.2   0.2   2   3   3.2e-09   2.1e-07   28.9   0.0   134   329   176   365   170   380 0.76 FUN_003518
FUN_003518-T1        -            592 6318at5125           -            606   3.3e-10   38.2   0.2   3   3         1        69    0.8   0.0   475   534   510   570   460   582 0.74 FUN_003518
FUN_005684-T1        -            910 6318at5125           -            606   1.6e-09   35.9   5.9   1   3   3.4e-09   2.3e-07   28.8   2.4    14   107    59   154    51   172 0.70 FUN_005684
FUN_005684-T1        -            910 6318at5125           -            606   1.6e-09   35.9   5.9   2   3     0.032       2.1    5.8   0.0   279   402   445   560   419   601 0.70 FUN_005684
FUN_005684-T1        -            910 6318at5125           -            606   1.6e-09   35.9   5.9   3   3       1.6     1e+02    0.2   0.1   522   580   705   762   690   769 0.82 FUN_005684
FUN_004776-T1        -            239 6318at5125           -            606   1.9e-09   35.7   1.6   1   1   3.9e-11   2.6e-09   35.2   1.6    27   115     8    96     5   107 0.91 FUN_004776
FUN_006676-T1        -            926 6318at5125           -            606   2.4e-09   35.4   1.7   1   2   3.4e-07   2.3e-05   22.2   0.7    15    86    38   110    29   127 0.85 FUN_006676
FUN_006676-T1        -            926 6318at5125           -            606   2.4e-09   35.4   1.7   2   2   0.00046     0.031   11.9   0.0    77   256   166   344   147   364 0.75 FUN_006676
FUN_003992-T1        -            638 6318at5125           -            606   7.8e-09   33.7   5.7   1   2   2.7e-07   1.8e-05   22.5   3.1    16    59    88   130    73   139 0.81 FUN_003992
FUN_003992-T1        -            638 6318at5125           -            606   7.8e-09   33.7   5.7   2   2   0.00077     0.052   11.1   0.0   132   256   240   375   225   394 0.76 FUN_003992
FUN_007846-T1        -            822 6318at5125           -            606   9.2e-09   33.4  28.2   1   3    0.0017      0.12   10.0   4.8    28    66     2    40     1    49 0.87 FUN_007846
FUN_007846-T1        -            822 6318at5125           -            606   9.2e-09   33.4  28.2   2   3    0.0045       0.3    8.6   8.4    22    59    50    85    33    98 0.82 FUN_007846
FUN_007846-T1        -            822 6318at5125           -            606   9.2e-09   33.4  28.2   3   3     2e-08   1.4e-06   26.3   0.5   272   547   341   646   181   675 0.75 FUN_007846
FUN_003234-T1        -            881 6318at5125           -            606   2.8e-08   31.8   5.2   1   3   0.00066     0.044   11.3   3.5     9    57    41    92    34    99 0.78 FUN_003234
FUN_003234-T1        -            881 6318at5125           -            606   2.8e-08   31.8   5.2   2   3   0.00064     0.043   11.4   0.0   111   185   261   333   229   405 0.68 FUN_003234
FUN_003234-T1        -            881 6318at5125           -            606   2.8e-08   31.8   5.2   3   3     0.014      0.94    7.0   0.0   382   508   502   632   470   666 0.73 FUN_003234
FUN_006283-T1        -            159 6318at5125           -            606   5.8e-08   30.8   2.1   1   1   9.8e-10   6.6e-08   30.6   2.1    19   104    19   107     2   131 0.78 FUN_006283
FUN_007326-T1        -            638 6318at5125           -            606   6.2e-08   30.7   0.0   1   1   4.4e-09   2.9e-07   28.5   0.0   154   435    92   368    83   377 0.77 FUN_007326
FUN_002363-T1        -            670 6318at5125           -            606   1.4e-07   29.5   3.0   1   2   1.1e-08     7e-07   27.2   1.4    23    57    62    96    55   127 0.85 FUN_002363
FUN_002363-T1        -            670 6318at5125           -            606   1.4e-07   29.5   3.0   2   2      0.72        48    1.3   0.0   104   149   227   271   194   299 0.71 FUN_002363
FUN_000054-T1        -            505 6318at5125           -            606   3.3e-07   28.3   4.8   1   1   2.9e-07     2e-05   22.4   6.1   272   538   223   497   205   504 0.77 FUN_000054
FUN_002589-T1        -            718 6318at5125           -            606     5e-07   27.7   8.9   1   3     0.029       1.9    5.9   4.6    18    60    17    57     3    83 0.78 FUN_002589
FUN_002589-T1        -            718 6318at5125           -            606     5e-07   27.7   8.9   2   3     0.089       5.9    4.3   0.0   121   174   214   269   190   296 0.82 FUN_002589
FUN_002589-T1        -            718 6318at5125           -            606     5e-07   27.7   8.9   3   3     8e-06   0.00054   17.7   0.1   282   401   366   480   340   501 0.81 FUN_002589
FUN_000066-T1        -            674 6318at5125           -            606     7e-07   27.2   3.1   1   2   1.4e-05   0.00091   16.9   3.4    27    70    25    69     8   115 0.82 FUN_000066
FUN_000066-T1        -            674 6318at5125           -            606     7e-07   27.2   3.1   2   2    0.0071      0.48    7.9   0.0   279   400   303   431   277   471 0.70 FUN_000066
FUN_000733-T1        -            953 6318at5125           -            606   8.5e-07   26.9   4.7   1   2   3.2e-06   0.00021   19.0   4.7     8    77    86   153    75   185 0.68 FUN_000733
FUN_000733-T1        -            953 6318at5125           -            606   8.5e-07   26.9   4.7   2   2     0.055       3.7    5.0   0.0   276   334   529   588   504   641 0.73 FUN_000733
FUN_007416-T1        -            527 6318at5125           -            606   8.8e-07   26.9   1.8   1   1     5e-08   3.4e-06   25.0   0.9   128   406   117   385    86   396 0.72 FUN_007416
FUN_001914-T1        -            715 6318at5125           -            606   1.2e-06   26.4   2.6   1   2   2.2e-06   0.00014   19.6   0.4    22    93    31    99    20   134 0.70 FUN_001914
FUN_001914-T1        -            715 6318at5125           -            606   1.2e-06   26.4   2.6   2   2     0.015         1    6.9   0.1   279   311   385   417   347   427 0.72 FUN_001914
FUN_006302-T1        -            481 6318at5125           -            606   1.5e-06   26.1  16.3   1   2   3.7e-07   2.5e-05   22.1  12.9    26   322    27   309    14   326 0.70 FUN_006302
FUN_006302-T1        -            481 6318at5125           -            606   1.5e-06   26.1  16.3   2   2      0.63        42    1.5   0.0   481   536   416   473   398   476 0.71 FUN_006302
FUN_001801-T1        -            444 6318at5125           -            606   1.9e-06   25.8   1.9   1   1   3.9e-08   2.6e-06   25.3   1.9    10    59     7    56     1    76 0.86 FUN_001801
FUN_003693-T1        -            634 6318at5125           -            606   3.3e-06   25.0   3.1   1   1   7.3e-08   4.9e-06   24.4   3.1    23    68    15    59    10   104 0.79 FUN_003693
FUN_002867-T1        -            668 6318at5125           -            606   3.4e-06   24.9   4.7   1   1   7.5e-08     5e-06   24.4   4.7    14   117     4   115     1   125 0.68 FUN_002867
FUN_005818-T1        -            443 6318at5125           -            606     4e-06   24.7   4.7   1   1   1.1e-07   7.4e-06   23.8   4.7    14    58    32    76    19    79 0.85 FUN_005818
FUN_008967-T1        -            489 6318at5125           -            606   4.3e-06   24.6   0.4   1   1   8.8e-08   5.9e-06   24.1   0.4    28    86     5    66     2   104 0.75 FUN_008967
FUN_000430-T1        -            423 6318at5125           -            606   5.1e-06   24.3   5.1   1   1   1.4e-07   9.1e-06   23.5   5.1    22    59    23    60    11    78 0.86 FUN_000430
FUN_004959-T1        -            423 6318at5125           -            606   5.8e-06   24.2   3.2   1   1   1.3e-07   8.5e-06   23.6   3.2    10    58    21    72    12    93 0.74 FUN_004959
FUN_002858-T1        -            743 6318at5125           -            606   9.2e-06   23.5   0.4   1   1   3.1e-07     2e-05   22.4   0.4    19    96   176   257   167   277 0.84 FUN_002858
FUN_002201-T1        -            530 6318at5125           -            606   9.6e-06   23.5   3.0   1   2    0.0016       0.1   10.1   1.6    28    60    22    54     9    67 0.91 FUN_002201
FUN_002201-T1        -            530 6318at5125           -            606   9.6e-06   23.5   3.0   2   2   0.00048     0.032   11.8   0.0   129   491   140   486   117   525 0.79 FUN_002201
FUN_007536-T1        -            124 6318at5125           -            606   9.6e-06   23.4   3.0   1   1   1.5e-07   9.9e-06   23.4   3.0     7    60    15    71    10   106 0.78 FUN_007536
FUN_005393-T1        -            478 6318at5125           -            606   1.1e-05   23.2   6.5   1   1   2.5e-07   1.6e-05   22.7   6.5    19    61    29    71    14    81 0.83 FUN_005393
FUN_004953-T1        -            702 6318at5125           -            606   1.1e-05   23.2   2.0   1   2   1.7e-07   1.1e-05   23.2   2.0    23    93    12    83     2   102 0.81 FUN_004953
FUN_004953-T1        -            702 6318at5125           -            606   1.1e-05   23.2   2.0   2   2       4.1   2.7e+02   -1.2   0.1   232   295   297   360   268   370 0.53 FUN_004953
FUN_002489-T1        -            621 6318at5125           -            606   1.3e-05   23.1   1.3   1   1   3.6e-07   2.4e-05   22.1   1.3    28    57    10    39     3   107 0.77 FUN_002489
FUN_000728-T1        -            533 6318at5125           -            606   1.3e-05   23.0   0.4   1   1   2.7e-07   1.8e-05   22.5   0.4    28    63    10    46     6   138 0.79 FUN_000728
FUN_006272-T1        -            701 6318at5125           -            606   1.5e-05   22.8   0.3   1   1   2.2e-07   1.5e-05   22.8   0.3    26   150     6   119     2   130 0.75 FUN_006272
FUN_007814-T1        -            974 6318at5125           -            606   1.5e-05   22.8   2.9   1   2   1.5e-05     0.001   16.8   2.8     5    88    36   120    31   149 0.74 FUN_007814
FUN_007814-T1        -            974 6318at5125           -            606   1.5e-05   22.8   2.9   2   2      0.13       8.4    3.8   0.0   268   398   395   530   360   535 0.66 FUN_007814
FUN_005605-T1        -            716 6318at5125           -            606   1.5e-05   22.8   4.0   1   1   4.6e-07   3.1e-05   21.8   4.0    15    67    59   111    48   121 0.76 FUN_005605
FUN_000594-T1        -            882 6318at5125           -            606     2e-05   22.4   1.9   1   2     5e-06   0.00034   18.3   1.7    27   115    22   110    14   122 0.80 FUN_000594
FUN_000594-T1        -            882 6318at5125           -            606     2e-05   22.4   1.9   2   2      0.56        38    1.7   0.0   282   323   352   392   328   465 0.73 FUN_000594
FUN_007329-T1        -            701 6318at5125           -            606   2.2e-05   22.3   2.4   1   1     6e-07     4e-05   21.4   1.6    26   100    38   110    30   139 0.73 FUN_007329
FUN_003692-T1        -           1032 6318at5125           -            606   2.3e-05   22.2   2.3   1   2     0.013       0.9    7.0   3.3    23    65    32    75    22    88 0.79 FUN_003692
FUN_003692-T1        -           1032 6318at5125           -            606   2.3e-05   22.2   2.3   2   2   0.00081     0.054   11.1   0.0   117   259   269   414   248   485 0.75 FUN_003692
FUN_002366-T1        -            686 6318at5125           -            606   2.4e-05   22.2   6.4   1   3   5.7e-07   3.8e-05   21.5   3.2    20    78     5    59     2    72 0.76 FUN_002366
FUN_002366-T1        -            686 6318at5125           -            606   2.4e-05   22.2   6.4   2   3       1.6     1e+02    0.2   0.0   209   261   269   321   218   337 0.76 FUN_002366
FUN_002366-T1        -            686 6318at5125           -            606   2.4e-05   22.2   6.4   3   3       6.5   4.4e+02   -1.8   0.0   457   526   507   578   485   590 0.73 FUN_002366
FUN_006426-T1        -            655 6318at5125           -            606   2.8e-05   21.9   3.4   1   1   6.4e-07   4.3e-05   21.3   3.4    19    66    10    57     3    64 0.84 FUN_006426
FUN_002839-T1        -            783 6318at5125           -            606   3.4e-05   21.6   5.0   1   2   5.1e-07   3.4e-05   21.6   5.0     4    59    74   128    71   166 0.90 FUN_002839
FUN_002839-T1        -            783 6318at5125           -            606   3.4e-05   21.6   5.0   2   2       4.6   3.1e+02   -1.3   1.8   328   467   506   657   501   661 0.68 FUN_002839
FUN_000059-T1        -            703 6318at5125           -            606   3.6e-05   21.5   1.1   1   1   8.8e-07   5.9e-05   20.9   1.1    11    63    23    74    16    96 0.80 FUN_000059
FUN_003971-T1        -            872 6318at5125           -            606   3.8e-05   21.5   2.4   1   2     2e-05    0.0013   16.4   3.8    19    88    34   100    16   137 0.65 FUN_003971
FUN_003971-T1        -            872 6318at5125           -            606   3.8e-05   21.5   2.4   2   2      0.87        58    1.0   0.0   128   237   228   349   197   367 0.69 FUN_003971
FUN_000465-T1        -            698 6318at5125           -            606   6.3e-05   20.7   4.0   1   1   1.3e-06   8.8e-05   20.3   4.0    13    59   213   261   203   284 0.77 FUN_000465
FUN_008122-T1        -            744 6318at5125           -            606   7.3e-05   20.5   0.9   1   2     4e-05    0.0027   15.4   0.3    22    64    43    85    26   213 0.70 FUN_008122
FUN_008122-T1        -            744 6318at5125           -            606   7.3e-05   20.5   0.9   2   2      0.15        10    3.6   0.0   279   330   301   352   271   375 0.86 FUN_008122
FUN_007967-T1        -            510 6318at5125           -            606   8.1e-05   20.4   5.8   1   1   2.4e-06   0.00016   19.4   5.8    10    58    11    59     2    67 0.83 FUN_007967
FUN_007610-T1        -            791 6318at5125           -            606   0.00014   19.6   6.0   1   1   3.2e-06   0.00022   19.0   6.0    18    65    10    56     2    66 0.80 FUN_007610
FUN_009169-T1        -            522 6318at5125           -            606   0.00016   19.4  15.1   1   3    0.0012     0.078   10.5   3.3    28    68    16    56    12    77 0.87 FUN_009169
FUN_009169-T1        -            522 6318at5125           -            606   0.00016   19.4  15.1   2   3     0.032       2.1    5.8   2.5   133   297   151   296   132   398 0.74 FUN_009169
FUN_009169-T1        -            522 6318at5125           -            606   0.00016   19.4  15.1   3   3     0.019       1.3    6.5   0.0   484   536   460   514   452   522 0.74 FUN_009169
FUN_003522-T1        -            676 6318at5125           -            606   0.00017   19.3   2.0   1   1   3.9e-06   0.00026   18.7   2.0    20    58    20    60     3    72 0.80 FUN_003522
FUN_000403-T1        -            700 6318at5125           -            606   0.00021   19.0   4.5   1   1   4.7e-06   0.00031   18.4   4.5    23    57     6    40     2    67 0.81 FUN_000403
FUN_004983-T1        -            627 6318at5125           -            606   0.00022   19.0   1.2   1   2   3.3e-06   0.00022   19.0   1.2    10    61    22    77    13   107 0.78 FUN_004983
FUN_004983-T1        -            627 6318at5125           -            606   0.00022   19.0   1.2   2   2       5.7   3.8e+02   -1.7   0.0   374   398   447   471   413   475 0.79 FUN_004983
FUN_001612-T1        -            198 6318at5125           -            606   0.00024   18.8   4.8   1   1   4.9e-06   0.00033   18.4   4.8    28    58     9    39     6    60 0.89 FUN_001612
FUN_003982-T1        -           1152 6318at5125           -            606   0.00025   18.8   5.7   1   1   6.1e-06   0.00041   18.1   5.7     5    59   573   627   567   651 0.73 FUN_003982
FUN_004826-T1        -            570 6318at5125           -            606   0.00028   18.6   1.9   1   1   7.5e-06    0.0005   17.8   1.9    27    79     7    60     2    77 0.88 FUN_004826
FUN_007355-T1        -            573 6318at5125           -            606   0.00031   18.4   0.5   1   1   6.9e-06   0.00046   17.9   0.5    27    68     2    43     1    99 0.72 FUN_007355
FUN_003399-T1        -            565 6318at5125           -            606   0.00036   18.2   4.6   1   1   9.3e-06   0.00062   17.5   4.6    21    64    20    63    17    81 0.87 FUN_003399
FUN_000390-T1        -            508 6318at5125           -            606   0.00051   17.7   0.0   1   1   0.00028     0.019   12.6   0.0   277   330   134   186    19   202 0.75 FUN_000390
FUN_000695-T1        -            618 6318at5125           -            606   0.00052   17.7   3.2   1   1   1.3e-05   0.00087   17.0   3.2    26   105    72   148    63   181 0.67 FUN_000695
FUN_004208-T1        -            787 6318at5125           -            606   0.00065   17.4   3.1   1   2   9.8e-06   0.00065   17.4   3.1    26    85    45   105    38   115 0.76 FUN_004208
FUN_004208-T1        -            787 6318at5125           -            606   0.00065   17.4   3.1   2   2       6.1   4.1e+02   -1.8   0.1   278   297   370   389   342   399 0.83 FUN_004208
FUN_007144-T1        -            684 6318at5125           -            606   0.00066   17.4   0.0   1   1   9.9e-06   0.00066   17.4   0.0   270   347   234   313   168   317 0.73 FUN_007144
FUN_005633-T1        -            694 6318at5125           -            606   0.00071   17.3   1.3   1   1   1.8e-05    0.0012   16.5   1.3    17    83    15    77     3   107 0.71 FUN_005633
FUN_005889-T1        -            739 6318at5125           -            606   0.00089   17.0   3.8   1   1   2.2e-05    0.0015   16.2   3.8     4   124    47   168    45   181 0.65 FUN_005889
FUN_007316-T1        -            394 6318at5125           -            606   0.00091   16.9   6.9   1   1   1.4e-05   0.00091   16.9   6.9    14    65     8    59     2    73 0.80 FUN_007316
FUN_005175-T1        -            685 6318at5125           -            606   0.00094   16.9   2.4   1   2   0.00025     0.017   12.8   2.0    11    63    65   116    55   131 0.80 FUN_005175
FUN_005175-T1        -            685 6318at5125           -            606   0.00094   16.9   2.4   2   2      0.34        23    2.4   0.0   280   330   369   420   332   449 0.82 FUN_005175
FUN_001136-T1        -            469 6318at5125           -            606    0.0011   16.7   3.2   1   1   2.4e-05    0.0016   16.1   3.2    28    61     9    42     5    48 0.89 FUN_001136
FUN_005791-T1        -            709 6318at5125           -            606    0.0011   16.7   2.1   1   1     3e-05     0.002   15.8   2.1    15    66    37    86    31   133 0.79 FUN_005791
FUN_009245-T1        -            708 6318at5125           -            606    0.0011   16.6   2.4   1   1   2.6e-05    0.0018   16.0   2.4    20    60    16    58     4    71 0.80 FUN_009245
FUN_005190-T1        -            444 6318at5125           -            606    0.0015   16.2   9.2   1   2    0.0048      0.32    8.5   6.0    12    60    24    70    16    86 0.78 FUN_005190
FUN_005190-T1        -            444 6318at5125           -            606    0.0015   16.2   9.2   2   2    0.0043      0.29    8.6   0.1   278   319   372   412   313   425 0.75 FUN_005190
FUN_006809-T1        -            750 6318at5125           -            606    0.0017   16.1   3.9   1   2   7.7e-05    0.0052   14.4   3.0    27    56     6    35     2    52 0.91 FUN_006809
FUN_006809-T1        -            750 6318at5125           -            606    0.0017   16.1   3.9   2   2       2.7   1.8e+02   -0.6   0.0   354   392   633   671   624   678 0.86 FUN_006809
FUN_007699-T1        -            444 6318at5125           -            606     0.002   15.8   7.9   1   3   0.00029     0.019   12.5   5.1     8    64    20    72    10    76 0.70 FUN_007699
FUN_007699-T1        -            444 6318at5125           -            606     0.002   15.8   7.9   2   3       2.3   1.6e+02   -0.4   0.0   122   154   210   242   184   264 0.78 FUN_007699
FUN_007699-T1        -            444 6318at5125           -            606     0.002   15.8   7.9   3   3      0.47        32    1.9   0.1   274   300   367   393   350   411 0.81 FUN_007699
FUN_000755-T1        -            888 6318at5125           -            606    0.0021   15.8   0.8   1   2       8.9   5.9e+02   -2.3   0.1    26    94    38   108    31   140 0.69 FUN_000755
FUN_000755-T1        -            888 6318at5125           -            606    0.0021   15.8   0.8   2   2   0.00025     0.016   12.8   0.1   169   312   215   342   180   360 0.73 FUN_000755
FUN_002017-T1        -            761 6318at5125           -            606    0.0024   15.5   2.7   1   1   5.7e-05    0.0038   14.9   2.7    23    59    15    53     3    66 0.80 FUN_002017
FUN_002985-T1        -            695 6318at5125           -            606    0.0028   15.3   6.0   1   1   7.2e-05    0.0048   14.5   6.0     9    58    43    92    36   115 0.81 FUN_002985
FUN_007575-T1        -            316 6318at5125           -            606    0.0043   14.7   0.5   1   2         1        70    0.8   0.1   437   466   146   176    63   211 0.54 FUN_007575
FUN_007575-T1        -            316 6318at5125           -            606    0.0043   14.7   0.5   2   2   0.00039     0.026   12.1   0.1   279   322   218   264   194   275 0.76 FUN_007575
FUN_007996-T1        -            185 6318at5125           -            606    0.0048   14.5   0.0   1   1   9.4e-05    0.0063   14.2   0.0   273   334    94   154    86   171 0.83 FUN_007996
FUN_007110-T1        -            807 6318at5125           -            606    0.0051   14.4   6.4   1   1   0.00011    0.0076   13.9   6.4    17    65     4    49     1    62 0.76 FUN_007110
FUN_002088-T1        -            781 6318at5125           -            606    0.0052   14.4   0.6   1   2   0.00014    0.0096   13.5   0.1    27    66   161   201   153   346 0.77 FUN_002088
FUN_002088-T1        -            781 6318at5125           -            606    0.0052   14.4   0.6   2   2       7.6   5.1e+02   -2.1   0.1   559   596   627   664   621   668 0.84 FUN_002088
FUN_007094-T1        -            685 6318at5125           -            606    0.0052   14.4   2.2   1   2   0.00026     0.017   12.7   1.7    23    47     6    30     1    51 0.74 FUN_007094
FUN_007094-T1        -            685 6318at5125           -            606    0.0052   14.4   2.2   2   2       2.6   1.7e+02   -0.5   0.0   266   301   353   387   223   407 0.70 FUN_007094
FUN_007371-T1        -            441 6318at5125           -            606    0.0055   14.3   5.3   1   1   0.00017     0.011   13.3   5.3    19    58     9    48     3    56 0.88 FUN_007371
FUN_008948-T1        -            382 6318at5125           -            606    0.0072   13.9   0.1   1   1   0.00013     0.009   13.6   0.1     7    64    33    97    29   166 0.80 FUN_008948
FUN_004662-T1        -            736 6318at5125           -            606    0.0075   13.9   7.2   1   1   0.00024     0.016   12.8   7.2    11    60    69   118    56   138 0.80 FUN_004662
FUN_002373-T1        -            713 6318at5125           -            606    0.0089   13.6   7.2   1   1   0.00022     0.015   12.9   7.2    28    67     7    45     3    53 0.89 FUN_002373
FUN_003973-T1        -            940 6318at5125           -            606     0.009   13.6   5.2   1   2     0.029       1.9    5.9   1.3    27   110    96   175    80   200 0.64 FUN_003973
FUN_003973-T1        -            940 6318at5125           -            606     0.009   13.6   5.2   2   2     0.004      0.27    8.8   0.1   280   312   580   612   567   620 0.86 FUN_003973
FUN_008604-T1        -            468 6318at5125           -            606    0.0092   13.6   3.3   1   1   0.00027     0.018   12.6   3.3    25    58     5    38     2    53 0.92 FUN_008604
FUN_004187-T1        -            581 6318at5125           -            606    0.0093   13.6   6.3   1   1   0.00021     0.014   13.0   6.3    12    58    42    88    33    99 0.75 FUN_004187
FUN_003525-T1        -            448 6318at5125           -            606    0.0096   13.5  12.0   1   2    0.0058      0.39    8.2   8.5    25    59    10    44     2    57 0.84 FUN_003525
FUN_003525-T1        -            448 6318at5125           -            606    0.0096   13.5  12.0   2   2     0.018       1.2    6.6   0.1   265   296   317   348   295   352 0.81 FUN_003525
FUN_000817-T1        -            849 6318at5125           -            606      0.01   13.4  10.7   1   1   0.00032     0.022   12.4  10.7     7    62    85   138    74   145 0.69 FUN_000817
FUN_006593-T1        -            909 6318at5125           -            606     0.011   13.4   3.7   1   2   0.00021     0.014   13.0   1.7    20    66   278   324   263   336 0.83 FUN_006593
FUN_006593-T1        -            909 6318at5125           -            606     0.011   13.4   3.7   2   2       2.3   1.5e+02   -0.3   0.0   281   300   583   602   502   706 0.83 FUN_006593
FUN_000049-T1        -            190 6318at5125           -            606     0.012   13.2   0.1   1   2    0.0031      0.21    9.1   0.1   273   303    30    60    26    70 0.88 FUN_000049
FUN_000049-T1        -            190 6318at5125           -            606     0.012   13.2   0.1   2   2      0.39        26    2.2   0.0    38    84    66   115    62   120 0.70 FUN_000049
FUN_004050-T1        -            904 6318at5125           -            606     0.013   13.1  11.8   1   3    0.0024      0.16    9.5   5.0    10    56    46    93    37   117 0.71 FUN_004050
FUN_004050-T1        -            904 6318at5125           -            606     0.013   13.1  11.8   2   3      0.12       8.3    3.8   0.0   119   184   249   312   233   348 0.78 FUN_004050
FUN_004050-T1        -            904 6318at5125           -            606     0.013   13.1  11.8   3   3      0.43        29    2.1   0.2   420   561   523   673   486   696 0.63 FUN_004050
FUN_008777-T1        -            992 6318at5125           -            606     0.014   13.0   0.7   1   1    0.0004     0.027   12.1   0.3    25    87   104   171    83   204 0.73 FUN_008777
FUN_004688-T1        -            498 6318at5125           -            606     0.015   12.9   2.1   1   1   0.00031     0.021   12.4   2.1    12    58   179   230   173   242 0.73 FUN_004688
FUN_006064-T1        -            615 6318at5125           -            606     0.016   12.8   3.4   1   1   0.00038     0.025   12.1   3.4    27    61     8    42     3    54 0.90 FUN_006064
FUN_004812-T1        -            832 6318at5125           -            606     0.019   12.5   2.5   1   1   0.00049     0.033   11.8   2.5    10    55    84   129    79   167 0.82 FUN_004812
FUN_000397-T1        -            823 6318at5125           -            606     0.023   12.3   3.2   1   1   0.00056     0.038   11.6   3.2    16    57    22    65    11    77 0.71 FUN_000397
FUN_002379-T1        -            937 6318at5125           -            606     0.028   12.0   3.8   1   2    0.0078      0.52    7.8   3.6    27    58    77   107    74   124 0.91 FUN_002379
FUN_002379-T1        -            937 6318at5125           -            606     0.028   12.0   3.8   2   2      0.59        39    1.6   0.0   279   321   453   494   436   511 0.82 FUN_002379
FUN_009100-T1        -            475 6318at5125           -            606     0.029   11.9   4.9   1   2   0.00071     0.047   11.3   3.9     7    90     6    91     1   126 0.68 FUN_009100
FUN_009100-T1        -            475 6318at5125           -            606     0.029   11.9   4.9   2   2       4.8   3.2e+02   -1.4   0.0   118   149   211   242   197   248 0.81 FUN_009100
FUN_002413-T1        -            625 6318at5125           -            606     0.032   11.8   3.0   1   1   0.00069     0.046   11.3   3.0    26    59    16    49     9    75 0.89 FUN_002413
FUN_002173-T1        -            341 6318at5125           -            606     0.037   11.6   6.2   1   1    0.0012     0.079   10.5   6.2    27    61     5    41     3    48 0.85 FUN_002173
FUN_002981-T1        -            621 6318at5125           -            606     0.042   11.4   9.7   1   2      0.27        18    2.7   6.9    19    62    13    57     2   155 0.76 FUN_002981
FUN_002981-T1        -            621 6318at5125           -            606     0.042   11.4   9.7   2   2    0.0035      0.24    9.0   0.0   250   300   248   298   206   303 0.74 FUN_002981
FUN_006166-T1        -            394 6318at5125           -            606     0.048   11.2   3.9   1   2    0.0021      0.14    9.7   2.0    10    46    14    52     7    64 0.71 FUN_006166
FUN_006166-T1        -            394 6318at5125           -            606     0.048   11.2   3.9   2   2       0.8        53    1.2   0.0   133   250   205   331   171   336 0.72 FUN_006166
FUN_006296-T1        -            560 6318at5125           -            606     0.051   11.1   4.2   1   1    0.0016      0.11   10.1   4.2    28    56    10    38     7    45 0.89 FUN_006296
FUN_007719-T1        -            709 6318at5125           -            606     0.052   11.1   2.6   1   1    0.0012     0.079   10.5   2.6    28    56    10    38     6    47 0.91 FUN_007719
FUN_004315-T1        -            550 6318at5125           -            606     0.063   10.9   0.7   1   1    0.0015     0.099   10.2   0.7    33    76    34    80    25    90 0.84 FUN_004315
FUN_005040-T1        -            298 6318at5125           -            606     0.094   10.3  11.3   1   2   0.00037     0.024   12.2   8.0    28    84     7    61     2    78 0.72 FUN_005040
FUN_005040-T1        -            298 6318at5125           -            606     0.094   10.3  11.3   2   2       9.2   6.2e+02   -2.3   0.1    16    65    95   141    81   145 0.60 FUN_005040
FUN_006100-T1        -            435 6318at5125           -            606     0.097   10.2   9.1   1   2   0.00095     0.063   10.8   5.7    23    58    48    83    27   101 0.83 FUN_006100
FUN_006100-T1        -            435 6318at5125           -            606     0.097   10.2   9.1   2   2       1.3        90    0.4   0.1   104   177    99   177    90   227 0.61 FUN_006100
FUN_009206-T1        -            587 6318at5125           -            606      0.11   10.1   3.5   1   1    0.0029      0.19    9.2   3.5    28    57     7    36     4    51 0.90 FUN_009206
FUN_008835-T1        -            580 6318at5125           -            606      0.15    9.6   5.6   1   1     0.004      0.27    8.8   5.6    26    67    19    59    14    67 0.86 FUN_008835
FUN_005616-T1        -            782 6318at5125           -            606      0.16    9.5  10.5   1   2    0.0029       0.2    9.2   7.4    17    63    51    98    33   108 0.72 FUN_005616
FUN_005616-T1        -            782 6318at5125           -            606      0.16    9.5  10.5   2   2      0.93        62    1.0   0.0   384   441   518   578   508   612 0.67 FUN_005616
FUN_009277-T1        -            281 6318at5125           -            606      0.17    9.4   6.2   1   1    0.0043      0.29    8.7   6.2    28    56     9    37     4    43 0.89 FUN_009277
FUN_001430-T1        -            666 6318at5125           -            606      0.17    9.4   4.9   1   1    0.0038      0.25    8.9   4.9    17    58    22    63     6    87 0.82 FUN_001430
FUN_005079-T1        -            705 6318at5125           -            606      0.18    9.3  11.3   1   2      0.19        13    3.2   7.7    19    64    17    63     6    76 0.79 FUN_005079
FUN_005079-T1        -            705 6318at5125           -            606      0.18    9.3  11.3   2   2     0.011      0.77    7.3   0.1   117   220   168   282   152   307 0.70 FUN_005079
FUN_006142-T1        -            575 6318at5125           -            606      0.22    9.1   7.6   1   1    0.0053      0.35    8.4   7.6    22    61     7    45     2    54 0.85 FUN_006142
FUN_008502-T1        -            465 6318at5125           -            606      0.22    9.0   3.7   1   1     0.006       0.4    8.2   3.7    28    57    39    68    34    77 0.92 FUN_008502
FUN_005396-T1        -            706 6318at5125           -            606      0.23    9.0   3.6   1   1    0.0059      0.39    8.2   3.6    22    56     5    38     2    42 0.83 FUN_005396
FUN_004142-T1        -            630 6318at5125           -            606      0.29    8.6   9.2   1   3   0.00075      0.05   11.2   2.2    27    67    12    52     7    61 0.82 FUN_004142
FUN_004142-T1        -            630 6318at5125           -            606      0.29    8.6   9.2   2   3         5   3.3e+02   -1.5   0.0   418   442   280   305   276   309 0.81 FUN_004142
FUN_004142-T1        -            630 6318at5125           -            606      0.29    8.6   9.2   3   3       2.3   1.5e+02   -0.3   0.2   280   297   309   326   306   337 0.85 FUN_004142
FUN_007284-T1        -            766 6318at5125           -            606      0.35    8.4   7.1   1   1    0.0045       0.3    8.6   5.1    27    59    26    59    18    70 0.76 FUN_007284
FUN_008129-T1        -            741 6318at5125           -            606       0.5    7.9   5.7   1   1     0.012      0.79    7.2   5.7    18    67    26    75     8    88 0.72 FUN_008129
FUN_007154-T1        -            755 6318at5125           -            606      0.72    7.4   6.2   1   2     0.014      0.93    7.0   4.8     8    64     9    62     3    73 0.76 FUN_007154
FUN_007154-T1        -            755 6318at5125           -            606      0.72    7.4   6.2   2   2       9.9   6.6e+02   -2.4   0.0   313   332   537   556   534   561 0.86 FUN_007154
FUN_003726-T1        -            243 6318at5125           -            606       0.9    7.0   4.5   1   1     0.018       1.2    6.6   4.5    23    60    28    65     8    79 0.79 FUN_003726
FUN_002584-T1        -            726 6318at5125           -            606       1.1    6.8   5.8   1   2       1.6   1.1e+02    0.1   4.8    21    66   106   156    93   160 0.75 FUN_002584
FUN_002584-T1        -            726 6318at5125           -            606       1.1    6.8   5.8   2   2     0.045         3    5.3   0.0   279   301   451   473   435   486 0.89 FUN_002584
FUN_008338-T1        -            734 6318at5125           -            606       1.4    6.4   7.0   1   1     0.005      0.33    8.5   3.6    19    58    23    63    10    80 0.78 FUN_008338
FUN_000107-T1        -            876 6318at5125           -            606       1.6    6.2  10.6   1   2       1.2        81    0.6   8.1    15    64    28    76    19    89 0.73 FUN_000107
FUN_000107-T1        -            876 6318at5125           -            606       1.6    6.2  10.6   2   2     0.035       2.4    5.6   0.0   282   301   540   559   526   569 0.89 FUN_000107
FUN_007072-T1        -            779 6318at5125           -            606       2.1    5.8   7.3   1   1     0.055       3.7    5.0   7.3    17    65    18    63     7    71 0.69 FUN_007072
FUN_000464-T1        -            745 6318at5125           -            606         4    4.9  12.5   1   2     0.035       2.3    5.7   8.4    15    51    16    51    11    68 0.81 FUN_000464
FUN_000464-T1        -            745 6318at5125           -            606         4    4.9  12.5   2   2       1.2        78    0.6   0.1   381   458   469   544   440   609 0.70 FUN_000464
FUN_001145-T1        -            858 6318at5125           -            606       6.7    4.1  10.9   1   3     0.022       1.5    6.3   4.7    18    65    10    53     5    61 0.80 FUN_001145
FUN_001145-T1        -            858 6318at5125           -            606       6.7    4.1  10.9   2   3       2.1   1.4e+02   -0.2   0.1   120   154   205   239   183   257 0.80 FUN_001145
FUN_001145-T1        -            858 6318at5125           -            606       6.7    4.1  10.9   3   3       7.7   5.2e+02   -2.1   0.0   448   496   532   580   528   587 0.80 FUN_001145
FUN_000214-T1        -            665 6318at5125           -            606       9.5    3.6  15.5   1   2      0.16        11    3.4   3.5    28    57     6    35     2    48 0.88 FUN_000214
FUN_000214-T1        -            665 6318at5125           -            606       9.5    3.6  15.5   2   2     0.044         3    5.3   4.1    17    62   125   171   110   178 0.67 FUN_000214
#
# Program:         hmmsearch
# Version:         3.1b2 (February 2015)
# Pipeline mode:   SEARCH
# Query file:      /home/zack/funannotate_db/hypocreales_odb10/hmms/6318at5125.hmm
# Target file:     /home/zack/Desktop/IsariaPreferralGenome/MyGenomeSubmittedToNCBI/HypocrealesProteinSets/Trichoderma_reesei_QM6a.proteins.fa
# Option settings: hmmsearch --domtblout /home/zack/Desktop/IsariaPreferralGenome/MyGenomeSubmittedToNCBI/HypocrealesProteinSets/BUSCO_AA_all/BUSCO_AA_Treesei_QM6a/run_hypocreales_odb10/hmmer_output/initial_run_results/6318at5125.out --cpu 1 /home/zack/funannotate_db/hypocreales_odb10/hmms/6318at5125.hmm /home/zack/Desktop/IsariaPreferralGenome/MyGenomeSubmittedToNCBI/HypocrealesProteinSets/Trichoderma_reesei_QM6a.proteins.fa 
# Current dir:     /home/zack/Desktop/IsariaPreferralGenome/MyGenomeSubmittedToNCBI/HypocrealesProteinSets/BUSCO_AA_all
# Date:            Mon Mar  4 15:43:23 2024
# [ok]
