#                                                                            --- full sequence --- -------------- this domain -------------   hmm coord   ali coord   env coord
# target name        accession   tlen query name           accession   qlen   E-value  score  bias   #  of  c-Evalue  i-Evalue  score  bias  from    to  from    to  from    to  acc description of target
#------------------- ---------- ----- -------------------- ---------- ----- --------- ------ ----- --- --- --------- --------- ------ ----- ----- ----- ----- ----- ----- ----- ---- ---------------------
FUN_004596-T1        -            941 6334at5125           -            638         0 1015.0  47.6   1   6   1.1e-08   5.1e-05   21.0   2.1     1    26     3    28     3    35 0.93 FUN_004596
FUN_004596-T1        -            941 6334at5125           -            638         0 1015.0  47.6   2   6  3.3e-254  1.5e-250  832.1   0.5    27   438    51   500    50   569 0.87 FUN_004596
FUN_004596-T1        -            941 6334at5125           -            638         0 1015.0  47.6   3   6   4.5e-19     2e-15   55.3   3.7   456   516   580   639   514   654 0.84 FUN_004596
FUN_004596-T1        -            941 6334at5125           -            638         0 1015.0  47.6   4   6   2.6e-35   1.2e-31  109.0  13.4   449   620   640   832   623   839 0.74 FUN_004596
FUN_004596-T1        -            941 6334at5125           -            638         0 1015.0  47.6   5   6   1.1e-06    0.0049   14.4   1.1   585   618   835   870   827   881 0.68 FUN_004596
FUN_004596-T1        -            941 6334at5125           -            638         0 1015.0  47.6   6   6    0.0037        17    2.8   0.3   612   638   915   941   891   941 0.80 FUN_004596
FUN_007771-T1        -            386 6334at5125           -            638      0.01   13.4   0.0   1   1   5.5e-06     0.025   12.1   0.0   225   295   102   172    81   360 0.79 FUN_007771
#
# Program:         hmmsearch
# Version:         3.1b2 (February 2015)
# Pipeline mode:   SEARCH
# Query file:      /home/zack/funannotate_db/hypocreales_odb10/hmms/6334at5125.hmm
# Target file:     /home/zack/Desktop/IsariaPreferralGenome/MyGenomeSubmittedToNCBI/HypocrealesProteinSets/Trichoderma_reesei_QM6a.proteins.fa
# Option settings: hmmsearch --domtblout /home/zack/Desktop/IsariaPreferralGenome/MyGenomeSubmittedToNCBI/HypocrealesProteinSets/BUSCO_AA_all/BUSCO_AA_Treesei_QM6a/run_hypocreales_odb10/hmmer_output/initial_run_results/6334at5125.out --cpu 1 /home/zack/funannotate_db/hypocreales_odb10/hmms/6334at5125.hmm /home/zack/Desktop/IsariaPreferralGenome/MyGenomeSubmittedToNCBI/HypocrealesProteinSets/Trichoderma_reesei_QM6a.proteins.fa 
# Current dir:     /home/zack/Desktop/IsariaPreferralGenome/MyGenomeSubmittedToNCBI/HypocrealesProteinSets/BUSCO_AA_all
# Date:            Mon Mar  4 15:43:24 2024
# [ok]
