#                                                                            --- full sequence --- -------------- this domain -------------   hmm coord   ali coord   env coord
# target name        accession   tlen query name           accession   qlen   E-value  score  bias   #  of  c-Evalue  i-Evalue  score  bias  from    to  from    to  from    to  acc description of target
#------------------- ---------- ----- -------------------- ---------- ----- --------- ------ ----- --- --- --------- --------- ------ ----- ----- ----- ----- ----- ----- ----- ---- ---------------------
FUN_005900-T1        -            708 7586at5125           -            626         0 1199.1   0.6   1   1         0         0 1197.7   0.6     1   626    10   708    10   708 0.95 FUN_005900
FUN_001026-T1        -            948 7586at5125           -            626   3.5e-60  203.1   7.6   1   3     0.069   1.6e+02   -0.6   0.0    49    90    63   104    58   114 0.88 FUN_001026
FUN_001026-T1        -            948 7586at5125           -            626   3.5e-60  203.1   7.6   2   3   4.2e-06    0.0096   13.3   0.1   112   154   264   307   253   316 0.82 FUN_001026
FUN_001026-T1        -            948 7586at5125           -            626   3.5e-60  203.1   7.6   3   3   5.2e-58   1.2e-54  184.8   2.1   194   514   378   688   367   700 0.86 FUN_001026
FUN_000605-T1        -           1327 7586at5125           -            626     5e-52  176.1   0.5   1   2   5.2e-15   1.2e-11   42.8   0.1    91   232   179   326   174   330 0.73 FUN_000605
FUN_000605-T1        -           1327 7586at5125           -            626     5e-52  176.1   0.5   2   2   1.1e-41   2.4e-38  130.9   0.0   264   506   335   604   327   612 0.77 FUN_000605
FUN_004079-T1        -           1009 7586at5125           -            626   1.6e-47  161.3   0.0   1   1   3.6e-50   8.1e-47  158.9   0.0    42   519   194   678   178   687 0.72 FUN_004079
#
# Program:         hmmsearch
# Version:         3.1b2 (February 2015)
# Pipeline mode:   SEARCH
# Query file:      /home/zack/funannotate_db/hypocreales_odb10/hmms/7586at5125.hmm
# Target file:     /home/zack/Desktop/IsariaPreferralGenome/MyGenomeSubmittedToNCBI/HypocrealesProteinSets/Trichoderma_reesei_QM6a.proteins.fa
# Option settings: hmmsearch --domtblout /home/zack/Desktop/IsariaPreferralGenome/MyGenomeSubmittedToNCBI/HypocrealesProteinSets/BUSCO_AA_all/BUSCO_AA_Treesei_QM6a/run_hypocreales_odb10/hmmer_output/initial_run_results/7586at5125.out --cpu 1 /home/zack/funannotate_db/hypocreales_odb10/hmms/7586at5125.hmm /home/zack/Desktop/IsariaPreferralGenome/MyGenomeSubmittedToNCBI/HypocrealesProteinSets/Trichoderma_reesei_QM6a.proteins.fa 
# Current dir:     /home/zack/Desktop/IsariaPreferralGenome/MyGenomeSubmittedToNCBI/HypocrealesProteinSets/BUSCO_AA_all
# Date:            Mon Mar  4 15:43:06 2024
# [ok]
