!! Predictions spanning range 1001 - 39241 [R1]
# EVM prediction: Mode:STANDARD S-ratio: 266.75 1001-3778 orient(-) score(833055.00) noncoding_equivalent(3123.00) raw_noncoding(3123.00) offset(0.00) 
3778	1001	single-	4	6	{GeneMark_model.9257_t;GeneMark},{GlimmerHMM_glimmerT_9358-T1;GlimmerHMM}

# EVM prediction: Mode:STANDARD S-ratio: 25.20 6257-8020 orient(-) score(530964.00) noncoding_equivalent(21070.00) raw_noncoding(21672.00) offset(602.00) 
7849	6257	terminal-	4	6	{snap_scaffold_262-snap.2-T1;snap},{Augustus_model.g7875.t1;Augustus},{GlimmerHMM_glimmerT_9359-T1;GlimmerHMM},{GeneMark_model.9258_t;GeneMark}
7921	7850	INTRON			{snap_scaffold_262-snap.2-T1;snap},{Augustus_model.g7875.t1;Augustus},{GlimmerHMM_glimmerT_9359-T1;GlimmerHMM},{GeneMark_model.9258_t;GeneMark}
8020	7922	initial-	4	6	{snap_scaffold_262-snap.2-T1;snap},{Augustus_model.g7875.t1;Augustus},{GlimmerHMM_glimmerT_9359-T1;GlimmerHMM},{GeneMark_model.9258_t;GeneMark}

# EVM prediction: Mode:STANDARD S-ratio: 10.27 8438-10564 orient(-) score(589989.00) noncoding_equivalent(57465.00) raw_noncoding(65238.00) offset(7773.00) 
10288	8438	terminal-	4	6	{GeneMark_model.9259_t;GeneMark},{GlimmerHMM_glimmerT_9360-T1;GlimmerHMM}
10363	10289	INTRON			{GeneMark_model.9259_t;GeneMark},{GlimmerHMM_glimmerT_9360-T1;GlimmerHMM}
10564	10364	initial-	4	6	{GeneMark_model.9259_t;GeneMark},{GlimmerHMM_glimmerT_9360-T1;GlimmerHMM}

# EVM prediction: Mode:STANDARD S-ratio: 156.27 11165-13045 orient(-) score(562581.00) noncoding_equivalent(3600.00) raw_noncoding(3600.00) offset(0.00) 
13045	11165	single-	4	6	{GlimmerHMM_glimmerT_9361-T1;GlimmerHMM},{GeneMark_model.9260_t;GeneMark},{Augustus_model.g7877.t1;Augustus}

# EVM prediction: Mode:STANDARD S-ratio: 3.45 17137-17942 orient(-) score(187400.00) noncoding_equivalent(54290.10) raw_noncoding(56306.00) offset(2015.90) 
17747	17137	terminal-	5	6	{snap_scaffold_262-snap.5-T1;snap}
17758	17748	INTRON			{snap_scaffold_262-snap.5-T1;snap}
17942	17759	initial-	4	4	{snap_scaffold_262-snap.5-T1;snap}

# EVM prediction: Mode:STANDARD S-ratio: 11.72 24431-25670 orient(-) score(361927.00) noncoding_equivalent(30878.00) raw_noncoding(31480.00) offset(602.00) 
25027	24431	terminal-	4	6	{GlimmerHMM_glimmerT_9363-T1;GlimmerHMM},{GeneMark_model.9262_t;GeneMark},{snap_scaffold_262-snap.6-T1;snap},{Augustus_model.g7878.t1;Augustus}
25094	25028	INTRON			{GlimmerHMM_glimmerT_9363-T1;GlimmerHMM},{GeneMark_model.9262_t;GeneMark},{snap_scaffold_262-snap.6-T1;snap},{Augustus_model.g7878.t1;Augustus}
25670	25095	initial-	4	6	{GeneMark_model.9262_t;GeneMark},{snap_scaffold_262-snap.6-T1;snap}

# EVM prediction: Mode:STANDARD S-ratio: 166.93 29611-33627 orient(-) score(1201917.00) noncoding_equivalent(7200.00) raw_noncoding(7200.00) offset(0.00) 
33627	29611	single-	4	6	{Augustus_model.g7879.t1;Augustus},{GeneMark_model.9263_t;GeneMark},{GlimmerHMM_glimmerT_9364-T1;GlimmerHMM}

# EVM prediction: Mode:STANDARD S-ratio: 19.88 38109-39241 orient(-) score(341033.00) noncoding_equivalent(17157.00) raw_noncoding(17759.00) offset(602.00) 
38985	38109	terminal-	6	6	{GlimmerHMM_glimmerT_9365-T1;GlimmerHMM},{snap_scaffold_262-snap.8-T1;snap},{Augustus_model.g7880.t1;Augustus},{GeneMark_model.9264_t;GeneMark}
39044	38986	INTRON			{GlimmerHMM_glimmerT_9365-T1;GlimmerHMM},{snap_scaffold_262-snap.8-T1;snap},{Augustus_model.g7880.t1;Augustus},{GeneMark_model.9264_t;GeneMark}
39241	39045	initial-	4	5	{GlimmerHMM_glimmerT_9365-T1;GlimmerHMM},{snap_scaffold_262-snap.8-T1;snap},{Augustus_model.g7880.t1;Augustus},{GeneMark_model.9264_t;GeneMark}

