#                                                                            --- full sequence --- -------------- this domain -------------   hmm coord   ali coord   env coord
# target name        accession   tlen query name           accession   qlen   E-value  score  bias   #  of  c-Evalue  i-Evalue  score  bias  from    to  from    to  from    to  acc description of target
#------------------- ---------- ----- -------------------- ---------- ----- --------- ------ ----- --- --- --------- --------- ------ ----- ----- ----- ----- ----- ----- ----- ---- ---------------------
KID80763.1           -            601 13548at5125          -            493  1.9e-251  833.8   0.0   1   2   9.7e-87   1.2e-83  280.4   0.0     1   167     6   186     6   200 0.94 sulfite reductase flavoprotein alpha-component, partial [Metarhizium brunneum ARSEF 3297]
KID80763.1           -            601 13548at5125          -            493  1.9e-251  833.8   0.0   2   2  6.6e-169  7.8e-166  551.5   0.0   166   493   212   601   197   601 0.88 sulfite reductase flavoprotein alpha-component, partial [Metarhizium brunneum ARSEF 3297]
KID78722.1           -           1087 13548at5125          -            493   5.3e-36  123.2   0.0   1   1   6.8e-39     8e-36  122.6   0.0     3   483   518  1059   516  1062 0.75 Bifunctional P-450:NADPH-P450 reductase, partial [Metarhizium brunneum ARSEF 3297]
KID79197.1           -            692 13548at5125          -            493   9.4e-31  105.9   0.0   1   3   2.7e-13   3.3e-10   38.2   0.0     3   138    65   216    63   235 0.82 cytochrome P450 oxidoreductase, partial [Metarhizium brunneum ARSEF 3297]
KID79197.1           -            692 13548at5125          -            493   9.4e-31  105.9   0.0   2   3    0.0026       3.1    5.3   0.0   187   225   297   335   265   497 0.66 cytochrome P450 oxidoreductase, partial [Metarhizium brunneum ARSEF 3297]
KID79197.1           -            692 13548at5125          -            493   9.4e-31  105.9   0.0   3   3   1.5e-19   1.8e-16   58.8   0.0   370   479   530   664   513   674 0.76 cytochrome P450 oxidoreductase, partial [Metarhizium brunneum ARSEF 3297]
KID78123.1           -           1070 13548at5125          -            493     2e-27   94.9   0.0   1   1   2.5e-30     3e-27   94.4   0.0   165   452   681  1004   655  1018 0.77 sulfite reductase flavoprotein component, partial [Metarhizium brunneum ARSEF 3297]
KID80644.1           -           1091 13548at5125          -            493   8.6e-21   73.1   0.0   1   1   1.1e-23   1.3e-20   72.5   0.0     4   454   531  1029   528  1069 0.70 NADPH-P450 reductase, partial [Metarhizium brunneum ARSEF 3297]
KID76557.1           -           1543 13548at5125          -            493     1e-14   53.1   0.0   1   1   1.7e-17   2.1e-14   52.0   0.0     5   150   806   965   803  1016 0.80 sulfite reductase beta subunit, partial [Metarhizium brunneum ARSEF 3297]
KID72712.1           -            271 13548at5125          -            493   9.1e-09   33.4   0.0   1   1   9.1e-12   1.1e-08   33.2   0.0     4   145    21   178    18   209 0.79 NADPH-cytochrome P450 reductase, partial [Metarhizium brunneum ARSEF 3297]
KID73010.1           -            617 13548at5125          -            493   9.6e-09   33.3   0.0   1   2   4.7e-05     0.055   11.0   0.0   235   330   295   392   285   413 0.86 FAD binding domain containing protein, partial [Metarhizium brunneum ARSEF 3297]
KID73010.1           -            617 13548at5125          -            493   9.6e-09   33.3   0.0   2   2   8.1e-08   9.6e-05   20.1   0.0   369   478   463   589   438   605 0.75 FAD binding domain containing protein, partial [Metarhizium brunneum ARSEF 3297]
KID72713.1           -            215 13548at5125          -            493    0.0018   16.0   0.0   1   1   1.3e-05     0.015   12.9   0.0   373   403   179   209    12   212 0.67 NADPH-cytochrome P450 reductase, partial [Metarhizium brunneum ARSEF 3297]
#
# Program:         hmmsearch
# Version:         3.1b2 (February 2015)
# Pipeline mode:   SEARCH
# Query file:      /home/zack/funannotate_db/hypocreales_odb10/hmms/13548at5125.hmm
# Target file:     /home/zack/Desktop/IsariaPreferralGenome/MyGenomeSubmittedToNCBI/HypocrealesProteinSets/Mbrunneum3297Protein.faa
# Option settings: hmmsearch --domtblout /home/zack/Desktop/IsariaPreferralGenome/MyGenomeSubmittedToNCBI/HypocrealesProteinSets/BUSCO_AA_all/BUSCO_AA_Mbrunneum_ARSEF3297/run_hypocreales_odb10/hmmer_output/initial_run_results/13548at5125.out --cpu 1 /home/zack/funannotate_db/hypocreales_odb10/hmms/13548at5125.hmm /home/zack/Desktop/IsariaPreferralGenome/MyGenomeSubmittedToNCBI/HypocrealesProteinSets/Mbrunneum3297Protein.faa 
# Current dir:     /home/zack/Desktop/IsariaPreferralGenome/MyGenomeSubmittedToNCBI/HypocrealesProteinSets/BUSCO_AA_all
# Date:            Mon Mar  4 15:27:00 2024
# [ok]
