#                                                                            --- full sequence --- -------------- this domain -------------   hmm coord   ali coord   env coord
# target name        accession   tlen query name           accession   qlen   E-value  score  bias   #  of  c-Evalue  i-Evalue  score  bias  from    to  from    to  from    to  acc description of target
#------------------- ---------- ----- -------------------- ---------- ----- --------- ------ ----- --- --- --------- --------- ------ ----- ----- ----- ----- ----- ----- ----- ---- ---------------------
KID77722.1           -            943 13619at5125          -            723         0 1239.0  50.1   1   4   0.00013     0.093   10.0   3.7     1    29    36    73    36   101 0.85 GTPase-activating protein GYP5, partial [Metarhizium brunneum ARSEF 3297]
KID77722.1           -            943 13619at5125          -            723         0 1239.0  50.1   2   4     2e-41   1.4e-38  131.7  16.5    25   159   130   300   101   306 0.76 GTPase-activating protein GYP5, partial [Metarhizium brunneum ARSEF 3297]
KID77722.1           -            943 13619at5125          -            723         0 1239.0  50.1   3   4  1.2e-301  8.6e-299  991.9   0.2   158   660   329   837   323   846 0.97 GTPase-activating protein GYP5, partial [Metarhizium brunneum ARSEF 3297]
KID77722.1           -            943 13619at5125          -            723         0 1239.0  50.1   4   4   4.5e-38   3.2e-35  120.6   9.6   629   723   848   942   833   942 0.96 GTPase-activating protein GYP5, partial [Metarhizium brunneum ARSEF 3297]
KID79026.1           -           1064 13619at5125          -            723   8.5e-45  152.3   7.9   1   5   3.7e-06    0.0026   15.1   0.0   129   246   220   342   213   350 0.73 Rab-GAP/TBC domain protein, partial [Metarhizium brunneum ARSEF 3297]
KID79026.1           -           1064 13619at5125          -            723   8.5e-45  152.3   7.9   2   5   5.5e-46   3.9e-43  146.8   5.4   358   520   377   540   350   545 0.91 Rab-GAP/TBC domain protein, partial [Metarhizium brunneum ARSEF 3297]
KID79026.1           -           1064 13619at5125          -            723   8.5e-45  152.3   7.9   3   5      0.24   1.7e+02   -0.8   2.7   255   303   623   673   575   739 0.55 Rab-GAP/TBC domain protein, partial [Metarhizium brunneum ARSEF 3297]
KID79026.1           -           1064 13619at5125          -            723   8.5e-45  152.3   7.9   4   5       0.2   1.5e+02   -0.5   1.0   599   646   849   896   801   909 0.51 Rab-GAP/TBC domain protein, partial [Metarhizium brunneum ARSEF 3297]
KID79026.1           -           1064 13619at5125          -            723   8.5e-45  152.3   7.9   5   5       1.5   1.1e+03   -3.4   0.3   614   649   970  1005   965  1009 0.76 Rab-GAP/TBC domain protein, partial [Metarhizium brunneum ARSEF 3297]
KID72586.1           -           1122 13619at5125          -            723   5.4e-19   67.0   0.4   1   2     0.088        63    0.6   0.0   212   248   277   315   272   324 0.79 GTPase activating protein (Gyp2), partial [Metarhizium brunneum ARSEF 3297]
KID72586.1           -           1122 13619at5125          -            723   5.4e-19   67.0   0.4   2   2   6.9e-21   4.9e-18   63.8   0.5   327   513   323   504   310   509 0.87 GTPase activating protein (Gyp2), partial [Metarhizium brunneum ARSEF 3297]
KID77353.1           -            447 13619at5125          -            723   1.9e-11   42.1   0.1   1   2         2   1.4e+03   -3.8   0.6   124   168    54    99    27   116 0.55 Rab-GAP/TBC domain protein, partial [Metarhizium brunneum ARSEF 3297]
KID77353.1           -            447 13619at5125          -            723   1.9e-11   42.1   0.1   2   2   2.6e-14   1.9e-11   42.1   0.1   374   480   277   383   272   402 0.90 Rab-GAP/TBC domain protein, partial [Metarhizium brunneum ARSEF 3297]
KID75517.1           -            993 13619at5125          -            723   4.8e-11   40.7   0.7   1   5         1   7.3e+02   -2.9   3.6    81   128    37    87    29    93 0.54 Rab-GAP/TBC domain protein, partial [Metarhizium brunneum ARSEF 3297]
KID75517.1           -            993 13619at5125          -            723   4.8e-11   40.7   0.7   2   5       5.1   3.7e+03   -5.2   2.2    63   120   210   268   191   274 0.68 Rab-GAP/TBC domain protein, partial [Metarhizium brunneum ARSEF 3297]
KID75517.1           -            993 13619at5125          -            723   4.8e-11   40.7   0.7   3   5      0.51   3.6e+02   -1.9   0.0   266   348   386   470   375   472 0.62 Rab-GAP/TBC domain protein, partial [Metarhizium brunneum ARSEF 3297]
KID75517.1           -            993 13619at5125          -            723   4.8e-11   40.7   0.7   4   5      0.91   6.5e+02   -2.7   0.7   267   338   592   665   574   679 0.58 Rab-GAP/TBC domain protein, partial [Metarhizium brunneum ARSEF 3297]
KID75517.1           -            993 13619at5125          -            723   4.8e-11   40.7   0.7   5   5   6.8e-14   4.8e-11   40.7   0.7   354   477   775   896   767   904 0.92 Rab-GAP/TBC domain protein, partial [Metarhizium brunneum ARSEF 3297]
KID73943.1           -           1050 13619at5125          -            723   3.4e-10   37.9   1.3   1   4       4.4   3.1e+03   -5.0   1.8   268   296    10    38     3    80 0.52 TBC domain protein, partial [Metarhizium brunneum ARSEF 3297]
KID73943.1           -           1050 13619at5125          -            723   3.4e-10   37.9   1.3   2   4       2.8     2e+03   -4.3   2.2    53   104   386   436   346   502 0.56 TBC domain protein, partial [Metarhizium brunneum ARSEF 3297]
KID73943.1           -           1050 13619at5125          -            723   3.4e-10   37.9   1.3   3   4    0.0023       1.7    5.9   0.0   199   256   732   789   587   800 0.69 TBC domain protein, partial [Metarhizium brunneum ARSEF 3297]
KID73943.1           -           1050 13619at5125          -            723   3.4e-10   37.9   1.3   4   4   4.8e-13   3.4e-10   37.9   1.3   322   516   785   978   782   989 0.86 TBC domain protein, partial [Metarhizium brunneum ARSEF 3297]
KID72907.1           -            713 13619at5125          -            723   5.1e-10   37.3   0.1   1   2       3.2   2.3e+03   -4.5   4.0    66   139   214   292   195   302 0.58 Rab-GAP/TBC domain protein, partial [Metarhizium brunneum ARSEF 3297]
KID72907.1           -            713 13619at5125          -            723   5.1e-10   37.3   0.1   2   2   7.2e-13   5.1e-10   37.3   0.1   310   501   472   670   458   679 0.81 Rab-GAP/TBC domain protein, partial [Metarhizium brunneum ARSEF 3297]
KID63024.1           -            932 13619at5125          -            723     2e-05   22.1   0.1   1   2   0.00014       0.1    9.9   0.0   359   400   654   696   646   704 0.84 Rab-GAP/TBC domain protein, partial [Metarhizium brunneum ARSEF 3297]
KID63024.1           -            932 13619at5125          -            723     2e-05   22.1   0.1   2   2   0.00021      0.15    9.3   0.0   450   501   779   830   771   840 0.86 Rab-GAP/TBC domain protein, partial [Metarhizium brunneum ARSEF 3297]
KID79339.1           -            803 13619at5125          -            723   3.1e-05   21.5   3.0   1   1   7.5e-08   5.4e-05   20.7   3.0   365   489   552   675   542   701 0.87 Rab-GAP/TBC domain protein, partial [Metarhizium brunneum ARSEF 3297]
KID77515.1           -            384 13619at5125          -            723     0.011   13.1   4.5   1   1   2.1e-05     0.015   12.6   4.5   626   695   309   378   260   383 0.91 cell division control protein 12, partial [Metarhizium brunneum ARSEF 3297]
KID62999.1           -            124 13619at5125          -            723      0.04   11.2   1.4   1   1   6.2e-05     0.044   11.1   1.4   585   637    33    84    25   112 0.80 hypothetical protein MBR_09922, partial [Metarhizium brunneum ARSEF 3297]
KID66226.1           -            124 13619at5125          -            723      0.04   11.2   1.4   1   1   6.2e-05     0.044   11.1   1.4   585   637    33    84    25   112 0.80 hypothetical protein MBR_09437, partial [Metarhizium brunneum ARSEF 3297]
KID78953.1           -            681 13619at5125          -            723      0.38    8.0   2.4   1   1   0.00073      0.52    7.5   2.4    21   100   416   496   396   515 0.77 phosphoglycerate mutase family protein, partial [Metarhizium brunneum ARSEF 3297]
KID80001.1           -            741 13619at5125          -            723      0.76    7.0  11.3   1   3      0.25   1.8e+02   -0.9   0.0   350   392   133   172   112   176 0.75 TBC domain-containing protein, partial [Metarhizium brunneum ARSEF 3297]
KID80001.1           -            741 13619at5125          -            723      0.76    7.0  11.3   2   3   3.8e-05     0.027   11.8   0.7   426   478   251   303   243   319 0.91 TBC domain-containing protein, partial [Metarhizium brunneum ARSEF 3297]
KID80001.1           -            741 13619at5125          -            723      0.76    7.0  11.3   3   3       0.6   4.3e+02   -2.1   4.0    10   172   572   642   463   688 0.52 TBC domain-containing protein, partial [Metarhizium brunneum ARSEF 3297]
KID72238.1           -            810 13619at5125          -            723       2.9    5.1   6.7   1   4       1.6   1.2e+03   -3.5   1.3    16    76   129   189   120   211 0.57 Rab-GAP/TBC domain protein, partial [Metarhizium brunneum ARSEF 3297]
KID72238.1           -            810 13619at5125          -            723       2.9    5.1   6.7   2   4       1.3     9e+02   -3.2   0.0   215   232   489   507   483   521 0.82 Rab-GAP/TBC domain protein, partial [Metarhizium brunneum ARSEF 3297]
KID72238.1           -            810 13619at5125          -            723       2.9    5.1   6.7   3   4       1.6   1.1e+03   -3.5   0.0   365   386   589   610   570   613 0.68 Rab-GAP/TBC domain protein, partial [Metarhizium brunneum ARSEF 3297]
KID72238.1           -            810 13619at5125          -            723       2.9    5.1   6.7   4   4   0.00025      0.18    9.1   0.2   390   513   640   763   624   783 0.84 Rab-GAP/TBC domain protein, partial [Metarhizium brunneum ARSEF 3297]
#
# Program:         hmmsearch
# Version:         3.1b2 (February 2015)
# Pipeline mode:   SEARCH
# Query file:      /home/zack/funannotate_db/hypocreales_odb10/hmms/13619at5125.hmm
# Target file:     /home/zack/Desktop/IsariaPreferralGenome/MyGenomeSubmittedToNCBI/HypocrealesProteinSets/Mbrunneum3297Protein.faa
# Option settings: hmmsearch --domtblout /home/zack/Desktop/IsariaPreferralGenome/MyGenomeSubmittedToNCBI/HypocrealesProteinSets/BUSCO_AA_all/BUSCO_AA_Mbrunneum_ARSEF3297/run_hypocreales_odb10/hmmer_output/initial_run_results/13619at5125.out --cpu 1 /home/zack/funannotate_db/hypocreales_odb10/hmms/13619at5125.hmm /home/zack/Desktop/IsariaPreferralGenome/MyGenomeSubmittedToNCBI/HypocrealesProteinSets/Mbrunneum3297Protein.faa 
# Current dir:     /home/zack/Desktop/IsariaPreferralGenome/MyGenomeSubmittedToNCBI/HypocrealesProteinSets/BUSCO_AA_all
# Date:            Mon Mar  4 15:27:02 2024
# [ok]
