#                                                                            --- full sequence --- -------------- this domain -------------   hmm coord   ali coord   env coord
# target name        accession   tlen query name           accession   qlen   E-value  score  bias   #  of  c-Evalue  i-Evalue  score  bias  from    to  from    to  from    to  acc description of target
#------------------- ---------- ----- -------------------- ---------- ----- --------- ------ ----- --- --- --------- --------- ------ ----- ----- ----- ----- ----- ----- ----- ---- ---------------------
KID76344.1           -            616 13805at5125          -            502  1.2e-269  894.3   0.2   1   2  1.8e-270  1.6e-267  887.3   0.0     7   482    32   555    27   571 0.92 Peptidase S10, serine carboxypeptidase, partial [Metarhizium brunneum ARSEF 3297]
KID76344.1           -            616 13805at5125          -            502  1.2e-269  894.3   0.2   2   2     0.005       4.5    5.1   0.1   476   501   572   608   566   609 0.74 Peptidase S10, serine carboxypeptidase, partial [Metarhizium brunneum ARSEF 3297]
KID80084.1           -            554 13805at5125          -            502   9.9e-57  192.0   0.1   1   2   1.9e-40   1.7e-37  128.5   0.1    22   200   148   328   141   350 0.88 carboxypeptidase Y precursor, partial [Metarhizium brunneum ARSEF 3297]
KID80084.1           -            554 13805at5125          -            502   9.9e-57  192.0   0.1   2   2     4e-20   3.6e-17   61.5   0.0   293   398   444   548   420   553 0.90 carboxypeptidase Y precursor, partial [Metarhizium brunneum ARSEF 3297]
KID76498.1           -            483 13805at5125          -            502   5.6e-55  186.2   1.3   1   1   5.6e-57     5e-54  183.0   1.3    23   398    82   477    76   481 0.77 carboxypeptidase Y precursor, partial [Metarhizium brunneum ARSEF 3297]
KID75970.1           -            487 13805at5125          -            502     2e-48  164.6   0.1   1   1   9.5e-51   8.4e-48  162.5   0.1    22   400    86   483    79   487 0.77 carboxypeptidase Y precursor, partial [Metarhizium brunneum ARSEF 3297]
KID80228.1           -            556 13805at5125          -            502   1.4e-35  122.2   0.2   1   2   8.6e-32   7.7e-29  100.0   1.0    16   185    76   252    63   287 0.82 serine-type carboxypeptidase, partial [Metarhizium brunneum ARSEF 3297]
KID80228.1           -            556 13805at5125          -            502   1.4e-35  122.2   0.2   2   2   2.3e-07   0.00021   19.3   0.0   281   390   389   513   318   535 0.70 serine-type carboxypeptidase, partial [Metarhizium brunneum ARSEF 3297]
KID59948.1           -            534 13805at5125          -            502   1.5e-35  122.1   0.3   1   2   1.9e-33   1.7e-30  105.4   0.4    16   185    68   244    56   280 0.84 serine-type carboxypeptidase, partial [Metarhizium brunneum ARSEF 3297]
KID59948.1           -            534 13805at5125          -            502   1.5e-35  122.1   0.3   2   2   6.2e-06    0.0055   14.7   0.0   300   394   408   510   372   531 0.74 serine-type carboxypeptidase, partial [Metarhizium brunneum ARSEF 3297]
KID78496.1           -            566 13805at5125          -            502   1.4e-34  118.9   1.3   1   2   6.9e-32   6.2e-29  100.3   0.9    27   183    92   256    71   303 0.79 serine-type carboxypeptidase, partial [Metarhizium brunneum ARSEF 3297]
KID78496.1           -            566 13805at5125          -            502   1.4e-34  118.9   1.3   2   2   1.2e-06    0.0011   17.0   0.0   219   347   326   460   319   473 0.76 serine-type carboxypeptidase, partial [Metarhizium brunneum ARSEF 3297]
KID63591.1           -            499 13805at5125          -            502   2.6e-32  111.4   0.1   1   2   2.1e-31   1.9e-28   98.7   0.1    15   185    59   234    47   256 0.85 carboxypeptidase 4, partial [Metarhizium brunneum ARSEF 3297]
KID63591.1           -            499 13805at5125          -            502   2.6e-32  111.4   0.1   2   2   8.7e-05     0.077   10.9   0.0   301   360   385   451   300   485 0.75 carboxypeptidase 4, partial [Metarhizium brunneum ARSEF 3297]
KID78037.1           -            526 13805at5125          -            502   2.1e-27   95.2   0.7   1   2   1.6e-29   1.4e-26   92.5   0.5    15   188    39   219    24   261 0.77 serine-type carboxypeptidase, partial [Metarhizium brunneum ARSEF 3297]
KID78037.1           -            526 13805at5125          -            502   2.1e-27   95.2   0.7   2   2      0.11        96    0.7   0.0   297   347   370   421   291   431 0.79 serine-type carboxypeptidase, partial [Metarhizium brunneum ARSEF 3297]
KID73399.1           -            609 13805at5125          -            502   8.8e-23   80.0   0.9   1   3   2.4e-17   2.2e-14   52.3   0.1    34   114    75   160    42   171 0.80 Peptidase S10, serine carboxypeptidase, partial [Metarhizium brunneum ARSEF 3297]
KID73399.1           -            609 13805at5125          -            502   8.8e-23   80.0   0.9   2   3   1.3e-05     0.011   13.7   0.1   119   176   204   263   189   302 0.84 Peptidase S10, serine carboxypeptidase, partial [Metarhizium brunneum ARSEF 3297]
KID73399.1           -            609 13805at5125          -            502   8.8e-23   80.0   0.9   3   3   8.3e-05     0.074   10.9   0.0   307   396   445   529   425   542 0.83 Peptidase S10, serine carboxypeptidase, partial [Metarhizium brunneum ARSEF 3297]
KID78114.1           -            669 13805at5125          -            502   8.1e-18   63.6   0.3   1   3   3.4e-14     3e-11   41.9   0.2    24   111    60   152    55   166 0.84 carboxypeptidase S1, partial [Metarhizium brunneum ARSEF 3297]
KID78114.1           -            669 13805at5125          -            502   8.1e-18   63.6   0.3   2   3    0.0068       6.1    4.6   0.0   108   182   188   267   182   287 0.78 carboxypeptidase S1, partial [Metarhizium brunneum ARSEF 3297]
KID78114.1           -            669 13805at5125          -            502   8.1e-18   63.6   0.3   3   3   1.6e-05     0.015   13.3   0.0   292   401   425   535   376   555 0.77 carboxypeptidase S1, partial [Metarhizium brunneum ARSEF 3297]
KID65483.1           -            330 13805at5125          -            502     0.024   12.6   0.1   1   1   4.2e-05     0.038   11.9   0.1   452   480   209   237   203   244 0.86 hypothetical protein MBR_09559, partial [Metarhizium brunneum ARSEF 3297]
#
# Program:         hmmsearch
# Version:         3.1b2 (February 2015)
# Pipeline mode:   SEARCH
# Query file:      /home/zack/funannotate_db/hypocreales_odb10/hmms/13805at5125.hmm
# Target file:     /home/zack/Desktop/IsariaPreferralGenome/MyGenomeSubmittedToNCBI/HypocrealesProteinSets/Mbrunneum3297Protein.faa
# Option settings: hmmsearch --domtblout /home/zack/Desktop/IsariaPreferralGenome/MyGenomeSubmittedToNCBI/HypocrealesProteinSets/BUSCO_AA_all/BUSCO_AA_Mbrunneum_ARSEF3297/run_hypocreales_odb10/hmmer_output/initial_run_results/13805at5125.out --cpu 1 /home/zack/funannotate_db/hypocreales_odb10/hmms/13805at5125.hmm /home/zack/Desktop/IsariaPreferralGenome/MyGenomeSubmittedToNCBI/HypocrealesProteinSets/Mbrunneum3297Protein.faa 
# Current dir:     /home/zack/Desktop/IsariaPreferralGenome/MyGenomeSubmittedToNCBI/HypocrealesProteinSets/BUSCO_AA_all
# Date:            Mon Mar  4 15:27:09 2024
# [ok]
