#                                                                            --- full sequence --- -------------- this domain -------------   hmm coord   ali coord   env coord
# target name        accession   tlen query name           accession   qlen   E-value  score  bias   #  of  c-Evalue  i-Evalue  score  bias  from    to  from    to  from    to  acc description of target
#------------------- ---------- ----- -------------------- ---------- ----- --------- ------ ----- --- --- --------- --------- ------ ----- ----- ----- ----- ----- ----- ----- ---- ---------------------
KID78553.1           -            582 18412at5125          -            465  2.3e-202  672.0  19.8   1   2   1.2e-16     1e-13   50.1   0.0     1    50     1    51     1    56 0.92 Ferric reductase, NAD binding protein, partial [Metarhizium brunneum ARSEF 3297]
KID78553.1           -            582 18412at5125          -            465  2.3e-202  672.0  19.8   2   2    6e-189  4.9e-186  618.2  16.8    35   465    71   582    61   582 0.85 Ferric reductase, NAD binding protein, partial [Metarhizium brunneum ARSEF 3297]
KID78861.1           -           1417 18412at5125          -            465   4.2e-42  143.6  17.6   1   4   8.1e-09   6.6e-06   24.3   3.7    97   236   240   393   234   455 0.80 Flavoprotein transmembrane component, partial [Metarhizium brunneum ARSEF 3297]
KID78861.1           -           1417 18412at5125          -            465   4.2e-42  143.6  17.6   2   4   1.9e-12   1.5e-09   36.3   0.0   290   447   500   662   483   668 0.75 Flavoprotein transmembrane component, partial [Metarhizium brunneum ARSEF 3297]
KID78861.1           -           1417 18412at5125          -            465   4.2e-42  143.6  17.6   3   4   4.8e-14     4e-11   41.5   6.6    96   298   968  1192   951  1194 0.73 Flavoprotein transmembrane component, partial [Metarhizium brunneum ARSEF 3297]
KID78861.1           -           1417 18412at5125          -            465   4.2e-42  143.6  17.6   4   4   1.7e-14   1.4e-11   43.0   0.0   319   465  1251  1417  1235  1417 0.74 Flavoprotein transmembrane component, partial [Metarhizium brunneum ARSEF 3297]
KID72272.1           -            596 18412at5125          -            465   1.2e-27   95.9   6.4   1   2   2.1e-26   1.7e-23   82.3   8.4    88   396   125   458   104   462 0.72 Ferric reductase-like transmembrane component, partial [Metarhizium brunneum ARSEF 3297]
KID72272.1           -            596 18412at5125          -            465   1.2e-27   95.9   6.4   2   2   0.00023      0.19    9.6   0.0   399   465   524   596   499   596 0.80 Ferric reductase-like transmembrane component, partial [Metarhizium brunneum ARSEF 3297]
KID74437.1           -            632 18412at5125          -            465   6.4e-27   93.6   5.0   1   2   1.9e-22   1.6e-19   69.2   6.4    98   360   147   437   145   447 0.74 Flavoprotein transmembrane component, partial [Metarhizium brunneum ARSEF 3297]
KID74437.1           -            632 18412at5125          -            465   6.4e-27   93.6   5.0   2   2   1.1e-07   8.9e-05   20.6   0.0   404   465   562   631   540   631 0.78 Flavoprotein transmembrane component, partial [Metarhizium brunneum ARSEF 3297]
KID77387.1           -            627 18412at5125          -            465   1.7e-23   82.3   0.4   1   2   7.3e-21     6e-18   64.0   0.5    98   360   175   461   171   493 0.76 Flavoprotein transmembrane component, partial [Metarhizium brunneum ARSEF 3297]
KID77387.1           -            627 18412at5125          -            465   1.7e-23   82.3   0.4   2   2   2.3e-06    0.0019   16.2   0.0   407   464   563   627   529   627 0.76 Flavoprotein transmembrane component, partial [Metarhizium brunneum ARSEF 3297]
KID79669.1           -            623 18412at5125          -            465     7e-22   76.9  16.5   1   2   2.6e-20   2.1e-17   62.2  14.2    76   362   111   436   105   464 0.71 Flavoprotein transmembrane component, partial [Metarhizium brunneum ARSEF 3297]
KID79669.1           -            623 18412at5125          -            465     7e-22   76.9  16.5   2   2   4.6e-05     0.038   11.9   0.0   396   448   545   598   527   620 0.85 Flavoprotein transmembrane component, partial [Metarhizium brunneum ARSEF 3297]
KID73562.1           -            852 18412at5125          -            465   2.4e-16   58.7   2.8   1   2   1.9e-17   1.6e-14   52.7   2.5    99   381   209   542   206   547 0.68 ferric reductase transmembrane component 7, partial [Metarhizium brunneum ARSEF 3297]
KID73562.1           -            852 18412at5125          -            465   2.4e-16   58.7   2.8   2   2     0.034        28    2.4   0.0   425   447   806   828   780   850 0.74 ferric reductase transmembrane component 7, partial [Metarhizium brunneum ARSEF 3297]
KID66994.1           -            761 18412at5125          -            465     4e-16   58.0   5.5   1   2   2.7e-11   2.2e-08   32.4   5.4    96   304   309   533   300   556 0.75 ferric-chelate reductase (Fre2), partial [Metarhizium brunneum ARSEF 3297]
KID66994.1           -            761 18412at5125          -            465     4e-16   58.0   5.5   2   2   1.4e-08   1.1e-05   23.5   0.0   340   450   627   741   561   761 0.80 ferric-chelate reductase (Fre2), partial [Metarhizium brunneum ARSEF 3297]
KID73531.1           -            610 18412at5125          -            465   9.9e-14   50.1   8.3   1   4      0.56   4.6e+02   -1.6   0.2   428   465    55    93    52    93 0.83 ferric reductase, partial [Metarhizium brunneum ARSEF 3297]
KID73531.1           -            610 18412at5125          -            465   9.9e-14   50.1   8.3   2   4     3e-07   0.00024   19.1   2.0    99   218   165   295   143   318 0.81 ferric reductase, partial [Metarhizium brunneum ARSEF 3297]
KID73531.1           -            610 18412at5125          -            465   9.9e-14   50.1   8.3   3   4      0.26   2.1e+02   -0.5   0.0   261   303   354   394   338   436 0.63 ferric reductase, partial [Metarhizium brunneum ARSEF 3297]
KID73531.1           -            610 18412at5125          -            465   9.9e-14   50.1   8.3   4   4   1.7e-11   1.4e-08   33.1   0.0   296   465   410   610   396   610 0.71 ferric reductase, partial [Metarhizium brunneum ARSEF 3297]
KID75246.1           -            326 18412at5125          -            465   0.00032   18.7   0.0   1   1   1.4e-06    0.0011   16.9   0.0   286   440   127   294   101   303 0.70 NADH-cytochrome b5 reductase, partial [Metarhizium brunneum ARSEF 3297]
KID72022.1           -            224 18412at5125          -            465    0.0046   14.9   0.3   1   3     0.032        26    2.5   0.2   364   385    24    45    22    53 0.87 alpha/beta hydrolase fold family protein, partial [Metarhizium brunneum ARSEF 3297]
KID72022.1           -            224 18412at5125          -            465    0.0046   14.9   0.3   2   3      0.54   4.4e+02   -1.5   0.1   259   279    45    65    30    68 0.84 alpha/beta hydrolase fold family protein, partial [Metarhizium brunneum ARSEF 3297]
KID72022.1           -            224 18412at5125          -            465    0.0046   14.9   0.3   3   3    0.0002      0.17    9.8   0.0   408   444    99   135    92   142 0.91 alpha/beta hydrolase fold family protein, partial [Metarhizium brunneum ARSEF 3297]
KID80038.1           -            313 18412at5125          -            465    0.0065   14.4   0.0   1   2   0.00016      0.13   10.1   0.0   269   361   100   198    75   241 0.77 nitrate reductase, partial [Metarhizium brunneum ARSEF 3297]
KID80038.1           -            313 18412at5125          -            465    0.0065   14.4   0.0   2   2     0.034        28    2.4   0.0   425   448   271   294   258   304 0.84 nitrate reductase, partial [Metarhizium brunneum ARSEF 3297]
KID78217.1           -            378 18412at5125          -            465     0.054   11.4   0.1   1   1   9.1e-05     0.075   10.9   0.1   376   432   253   309   249   319 0.92 phospho-2-dehydro-3-deoxyheptonate aldolase, partial [Metarhizium brunneum ARSEF 3297]
#
# Program:         hmmsearch
# Version:         3.1b2 (February 2015)
# Pipeline mode:   SEARCH
# Query file:      /home/zack/funannotate_db/hypocreales_odb10/hmms/18412at5125.hmm
# Target file:     /home/zack/Desktop/IsariaPreferralGenome/MyGenomeSubmittedToNCBI/HypocrealesProteinSets/Mbrunneum3297Protein.faa
# Option settings: hmmsearch --domtblout /home/zack/Desktop/IsariaPreferralGenome/MyGenomeSubmittedToNCBI/HypocrealesProteinSets/BUSCO_AA_all/BUSCO_AA_Mbrunneum_ARSEF3297/run_hypocreales_odb10/hmmer_output/initial_run_results/18412at5125.out --cpu 1 /home/zack/funannotate_db/hypocreales_odb10/hmms/18412at5125.hmm /home/zack/Desktop/IsariaPreferralGenome/MyGenomeSubmittedToNCBI/HypocrealesProteinSets/Mbrunneum3297Protein.faa 
# Current dir:     /home/zack/Desktop/IsariaPreferralGenome/MyGenomeSubmittedToNCBI/HypocrealesProteinSets/BUSCO_AA_all
# Date:            Mon Mar  4 15:27:11 2024
# [ok]
