#                                                                            --- full sequence --- -------------- this domain -------------   hmm coord   ali coord   env coord
# target name        accession   tlen query name           accession   qlen   E-value  score  bias   #  of  c-Evalue  i-Evalue  score  bias  from    to  from    to  from    to  acc description of target
#------------------- ---------- ----- -------------------- ---------- ----- --------- ------ ----- --- --- --------- --------- ------ ----- ----- ----- ----- ----- ----- ----- ---- ---------------------
KID79278.1           -            508 20795at5125          -            403  1.4e-182  606.2  11.1   1   3     1e-47   2.7e-44  150.8   0.7     1    90    11   123    11   127 0.89 protein kinase activator Bem1, partial [Metarhizium brunneum ARSEF 3297]
KID79278.1           -            508 20795at5125          -            403  1.4e-182  606.2  11.1   2   3  9.6e-120  2.6e-116  388.0   0.7    89   335   147   391   135   400 0.92 protein kinase activator Bem1, partial [Metarhizium brunneum ARSEF 3297]
KID79278.1           -            508 20795at5125          -            403  1.4e-182  606.2  11.1   3   3   1.1e-22   3.1e-19   68.3   0.1   323   403   413   507   403   507 0.82 protein kinase activator Bem1, partial [Metarhizium brunneum ARSEF 3297]
KID74665.1           -           1110 20795at5125          -            403   9.7e-06   23.9   0.1   1   3    0.0045        12    3.8   0.0    22    63    18    63    14    67 0.74 Actin cytoskeleton-regulatory complex protein sla1, partial [Metarhizium brunneum ARSEF 3297]
KID74665.1           -           1110 20795at5125          -            403   9.7e-06   23.9   0.1   2   3     0.045   1.2e+02    0.5   0.0    93   147    73   126    69   132 0.79 Actin cytoskeleton-regulatory complex protein sla1, partial [Metarhizium brunneum ARSEF 3297]
KID74665.1           -           1110 20795at5125          -            403   9.7e-06   23.9   0.1   3   3   1.7e-06    0.0045   15.1   0.0    91   146   372   429   360   444 0.80 Actin cytoskeleton-regulatory complex protein sla1, partial [Metarhizium brunneum ARSEF 3297]
KID74719.1           -            777 20795at5125          -            403    0.0042   15.2   0.0   1   1   2.6e-06    0.0068   14.5   0.0    80   150   622   692   617   705 0.83 actin binding protein, partial [Metarhizium brunneum ARSEF 3297]
KID78133.1           -            876 20795at5125          -            403     0.058   11.5   0.0   1   1   3.4e-05     0.091   10.8   0.0    23    65   833   874   828   876 0.89 Src-like protein, partial [Metarhizium brunneum ARSEF 3297]
#
# Program:         hmmsearch
# Version:         3.1b2 (February 2015)
# Pipeline mode:   SEARCH
# Query file:      /home/zack/funannotate_db/hypocreales_odb10/hmms/20795at5125.hmm
# Target file:     /home/zack/Desktop/IsariaPreferralGenome/MyGenomeSubmittedToNCBI/HypocrealesProteinSets/Mbrunneum3297Protein.faa
# Option settings: hmmsearch --domtblout /home/zack/Desktop/IsariaPreferralGenome/MyGenomeSubmittedToNCBI/HypocrealesProteinSets/BUSCO_AA_all/BUSCO_AA_Mbrunneum_ARSEF3297/run_hypocreales_odb10/hmmer_output/initial_run_results/20795at5125.out --cpu 1 /home/zack/funannotate_db/hypocreales_odb10/hmms/20795at5125.hmm /home/zack/Desktop/IsariaPreferralGenome/MyGenomeSubmittedToNCBI/HypocrealesProteinSets/Mbrunneum3297Protein.faa 
# Current dir:     /home/zack/Desktop/IsariaPreferralGenome/MyGenomeSubmittedToNCBI/HypocrealesProteinSets/BUSCO_AA_all
# Date:            Mon Mar  4 15:27:19 2024
# [ok]
