#                                                                            --- full sequence --- -------------- this domain -------------   hmm coord   ali coord   env coord
# target name        accession   tlen query name           accession   qlen   E-value  score  bias   #  of  c-Evalue  i-Evalue  score  bias  from    to  from    to  from    to  acc description of target
#------------------- ---------- ----- -------------------- ---------- ----- --------- ------ ----- --- --- --------- --------- ------ ----- ----- ----- ----- ----- ----- ----- ---- ---------------------
KID79125.1           -            379 33552at5125          -            316  6.4e-195  645.7   8.4   1   2  1.2e-183  1.6e-180  598.4   4.5     1   284     5   299     5   306 0.97 2-nitropropane dioxygenase, partial [Metarhizium brunneum ARSEF 3297]
KID79125.1           -            379 33552at5125          -            316  6.4e-195  645.7   8.4   2   2   1.6e-16   2.1e-13   49.3   0.1   284   316   334   366   317   366 0.94 2-nitropropane dioxygenase, partial [Metarhizium brunneum ARSEF 3297]
KID65375.1           -            363 33552at5125          -            316  4.6e-177  587.0   6.8   1   1  3.1e-178  4.1e-175  580.6   6.8     1   316     5   350     5   350 0.95 2-nitropropane dioxygenase-like protein, partial [Metarhizium brunneum ARSEF 3297]
KID73333.1           -            351 33552at5125          -            316  2.4e-118  394.1   1.7   1   1    2e-121  2.7e-118  393.9   1.7     3   316     7   335     5   335 0.94 2-nitropropane dioxygenase, NPD, partial [Metarhizium brunneum ARSEF 3297]
KID72326.1           -            351 33552at5125          -            316  2.5e-113  377.6   1.5   1   1  2.2e-116  2.9e-113  377.4   1.5     3   315     7   334     5   335 0.94 2-nitropropane dioxygenase, partial [Metarhizium brunneum ARSEF 3297]
KID78097.1           -            332 33552at5125          -            316   8.4e-26   90.1   3.3   1   1   2.8e-28   3.7e-25   88.0   3.3    15   238    17   230     8   257 0.80 2-nitropropane dioxygenase, partial [Metarhizium brunneum ARSEF 3297]
KID61795.1           -            357 33552at5125          -            316   1.6e-16   59.5   5.3   1   2   2.9e-06    0.0039   15.6   0.1    17    46    25    54    15    85 0.83 2-nitropropane dioxygenase precursor, partial [Metarhizium brunneum ARSEF 3297]
KID61795.1           -            357 33552at5125          -            316   1.6e-16   59.5   5.3   2   2   3.6e-15   4.8e-12   44.9   2.1   148   244   162   262   154   267 0.82 2-nitropropane dioxygenase precursor, partial [Metarhizium brunneum ARSEF 3297]
KID67862.1           -            483 33552at5125          -            316     0.014   13.7   0.2   1   1   1.7e-05     0.022   13.1   0.2   140   223   338   422   324   441 0.74 mitochondrial cytochrome b2-like protein, partial [Metarhizium brunneum ARSEF 3297]
KID74045.1           -            447 33552at5125          -            316      0.02   13.3   0.4   1   1   2.4e-05     0.032   12.6   0.4   145   212   325   390   304   403 0.85 peroxisomal (S)-2-hydroxy-acid oxidase, partial [Metarhizium brunneum ARSEF 3297]
#
# Program:         hmmsearch
# Version:         3.1b2 (February 2015)
# Pipeline mode:   SEARCH
# Query file:      /home/zack/funannotate_db/hypocreales_odb10/hmms/33552at5125.hmm
# Target file:     /home/zack/Desktop/IsariaPreferralGenome/MyGenomeSubmittedToNCBI/HypocrealesProteinSets/Mbrunneum3297Protein.faa
# Option settings: hmmsearch --domtblout /home/zack/Desktop/IsariaPreferralGenome/MyGenomeSubmittedToNCBI/HypocrealesProteinSets/BUSCO_AA_all/BUSCO_AA_Mbrunneum_ARSEF3297/run_hypocreales_odb10/hmmer_output/initial_run_results/33552at5125.out --cpu 1 /home/zack/funannotate_db/hypocreales_odb10/hmms/33552at5125.hmm /home/zack/Desktop/IsariaPreferralGenome/MyGenomeSubmittedToNCBI/HypocrealesProteinSets/Mbrunneum3297Protein.faa 
# Current dir:     /home/zack/Desktop/IsariaPreferralGenome/MyGenomeSubmittedToNCBI/HypocrealesProteinSets/BUSCO_AA_all
# Date:            Mon Mar  4 15:28:01 2024
# [ok]
