#                                                                            --- full sequence --- -------------- this domain -------------   hmm coord   ali coord   env coord
# target name        accession   tlen query name           accession   qlen   E-value  score  bias   #  of  c-Evalue  i-Evalue  score  bias  from    to  from    to  from    to  acc description of target
#------------------- ---------- ----- -------------------- ---------- ----- --------- ------ ----- --- --- --------- --------- ------ ----- ----- ----- ----- ----- ----- ----- ---- ---------------------
KID73201.1           -            764 5041at5125           -            636         0 1220.2  21.3   1   3   1.3e-37   3.4e-34  117.8   4.7     1    84    10   100    10   120 0.86 chloride channel protein 3, partial [Metarhizium brunneum ARSEF 3297]
KID73201.1           -            764 5041at5125           -            636         0 1220.2  21.3   2   3   4.7e-13   1.3e-09   36.6   0.1    88   117   142   171   122   182 0.90 chloride channel protein 3, partial [Metarhizium brunneum ARSEF 3297]
KID73201.1           -            764 5041at5125           -            636         0 1220.2  21.3   3   3         0         0 1073.5   4.9   113   633   197   757   189   760 0.95 chloride channel protein 3, partial [Metarhizium brunneum ARSEF 3297]
KID80678.1           -            830 5041at5125           -            636  2.1e-125  419.2  10.6   1   1  6.8e-128  1.8e-124  416.0  10.6     6   633    55   746    50   749 0.80 CLC voltage-gated chloride channel, partial [Metarhizium brunneum ARSEF 3297]
KID73142.1           -            902 5041at5125           -            636  6.7e-120  400.9  11.4   1   1  2.5e-122  6.7e-119  397.6  11.4     3   634   153   847   151   849 0.84 Chloride channel, voltage gated, partial [Metarhizium brunneum ARSEF 3297]
KID75732.1           -            765 5041at5125           -            636  2.2e-119  399.2  17.5   1   2   8.6e-10   2.3e-06   25.9   2.6     7    82    57   143    52   172 0.73 Chloride channel, voltage gated, partial [Metarhizium brunneum ARSEF 3297]
KID75732.1           -            765 5041at5125           -            636  2.2e-119  399.2  17.5   2   2  1.1e-116    3e-113  379.0   7.2   119   634   222   756   214   758 0.87 Chloride channel, voltage gated, partial [Metarhizium brunneum ARSEF 3297]
#
# Program:         hmmsearch
# Version:         3.1b2 (February 2015)
# Pipeline mode:   SEARCH
# Query file:      /home/zack/funannotate_db/hypocreales_odb10/hmms/5041at5125.hmm
# Target file:     /home/zack/Desktop/IsariaPreferralGenome/MyGenomeSubmittedToNCBI/HypocrealesProteinSets/Mbrunneum3297Protein.faa
# Option settings: hmmsearch --domtblout /home/zack/Desktop/IsariaPreferralGenome/MyGenomeSubmittedToNCBI/HypocrealesProteinSets/BUSCO_AA_all/BUSCO_AA_Mbrunneum_ARSEF3297/run_hypocreales_odb10/hmmer_output/initial_run_results/5041at5125.out --cpu 1 /home/zack/funannotate_db/hypocreales_odb10/hmms/5041at5125.hmm /home/zack/Desktop/IsariaPreferralGenome/MyGenomeSubmittedToNCBI/HypocrealesProteinSets/Mbrunneum3297Protein.faa 
# Current dir:     /home/zack/Desktop/IsariaPreferralGenome/MyGenomeSubmittedToNCBI/HypocrealesProteinSets/BUSCO_AA_all
# Date:            Mon Mar  4 15:28:17 2024
# [ok]
