#                                                                            --- full sequence --- -------------- this domain -------------   hmm coord   ali coord   env coord
# target name        accession   tlen query name           accession   qlen   E-value  score  bias   #  of  c-Evalue  i-Evalue  score  bias  from    to  from    to  from    to  acc description of target
#------------------- ---------- ----- -------------------- ---------- ----- --------- ------ ----- --- --- --------- --------- ------ ----- ----- ----- ----- ----- ----- ----- ---- ---------------------
KID78316.1           -            266 54764at5125          -            150   3.6e-80  267.0  45.7   1   3      0.26   2.3e+02    1.4   9.2     4    31    56    83    22    88 0.78 MYB DNA-binding domain protein, partial [Metarhizium brunneum ARSEF 3297]
KID78316.1           -            266 54764at5125          -            150   3.6e-80  267.0  45.7   2   3   2.5e-06    0.0023   17.7  17.0     5    50    82   128    78   134 0.79 MYB DNA-binding domain protein, partial [Metarhizium brunneum ARSEF 3297]
KID78316.1           -            266 54764at5125          -            150   3.6e-80  267.0  45.7   3   3     2e-79   1.7e-76  255.1  14.0    14   150   123   260   121   260 0.93 MYB DNA-binding domain protein, partial [Metarhizium brunneum ARSEF 3297]
KID75092.1           -            289 54764at5125          -            150   1.3e-08   34.7   0.2   1   1     3e-11   2.7e-08   33.7   0.1    33   134   134   234   104   251 0.69 MYB DNA-binding domain-containing protein, partial [Metarhizium brunneum ARSEF 3297]
KID66221.1           -            538 54764at5125          -            150   2.6e-05   24.0   0.0   1   1   5.8e-08   5.2e-05   23.1   0.0    26   142   412   528   397   534 0.72 Homeodomain-like protein, partial [Metarhizium brunneum ARSEF 3297]
KID59182.1           -            496 54764at5125          -            150   0.00034   20.4   0.0   1   1   7.4e-07   0.00066   19.5   0.0    21   132   365   475   350   490 0.74 Homeodomain-related protein, partial [Metarhizium brunneum ARSEF 3297]
KID64763.1           -            496 54764at5125          -            150   0.00034   20.4   0.0   1   1   7.4e-07   0.00066   19.5   0.0    21   132   365   475   350   490 0.74 Homeodomain-related protein, partial [Metarhizium brunneum ARSEF 3297]
KID78691.1           -            496 54764at5125          -            150   0.00034   20.4   0.0   1   1   7.4e-07   0.00066   19.5   0.0    21   132   365   475   350   490 0.74 Homeodomain-related protein, partial [Metarhizium brunneum ARSEF 3297]
KID75891.1           -            301 54764at5125          -            150   0.00046   20.0   0.6   1   3   5.2e-07   0.00046   20.0   0.6    54   140    12    99     2   105 0.88 Homeodomain-related protein, partial [Metarhizium brunneum ARSEF 3297]
KID75891.1           -            301 54764at5125          -            150   0.00046   20.0   0.6   2   3       2.5   2.2e+03   -1.7   0.4    27    60   132   155   120   168 0.60 Homeodomain-related protein, partial [Metarhizium brunneum ARSEF 3297]
KID75891.1           -            301 54764at5125          -            150   0.00046   20.0   0.6   3   3       1.6   1.5e+03   -1.1   1.1    12    54   151   198   146   201 0.58 Homeodomain-related protein, partial [Metarhizium brunneum ARSEF 3297]
KID62993.1           -            496 54764at5125          -            150   0.00091   19.0   0.0   1   1     2e-06    0.0017   18.1   0.0    18   133   362   476   344   490 0.75 Homeodomain-related protein, partial [Metarhizium brunneum ARSEF 3297]
KID67902.1           -            329 54764at5125          -            150    0.0026   17.5   3.8   1   1   5.6e-06     0.005   16.6   3.5    22    99    44   125    21   162 0.76 myb family transcription factor, partial [Metarhizium brunneum ARSEF 3297]
KID73047.1           -            322 54764at5125          -            150    0.0068   16.2   8.2   1   3      0.66   5.9e+02    0.1   0.0    56    96     8    50     4    56 0.66 trichome differentiation protein GL1, partial [Metarhizium brunneum ARSEF 3297]
KID73047.1           -            322 54764at5125          -            150    0.0068   16.2   8.2   2   3   8.1e-06    0.0072   16.1   0.2    48    95    52   100    32   104 0.82 trichome differentiation protein GL1, partial [Metarhizium brunneum ARSEF 3297]
KID73047.1           -            322 54764at5125          -            150    0.0068   16.2   8.2   3   3      0.29   2.5e+02    1.3   3.1    17    49   105   137   101   148 0.72 trichome differentiation protein GL1, partial [Metarhizium brunneum ARSEF 3297]
KID62525.1           -            483 54764at5125          -            150       1.4    8.7  14.1   1   2       1.1     1e+03   -0.6   0.2    17    60   272   317   256   327 0.71 TruB family pseudouridylate synthase containing protein, partial [Metarhizium brunneum ARSEF 3297]
KID62525.1           -            483 54764at5125          -            150       1.4    8.7  14.1   2   2    0.0002      0.18   11.6   8.7     5    79   409   481   405   483 0.89 TruB family pseudouridylate synthase containing protein, partial [Metarhizium brunneum ARSEF 3297]
KID75059.1           -            502 54764at5125          -            150       2.2    8.0   6.8   1   1    0.0042       3.7    7.3   6.8     8    74    26    90    19    98 0.75 Histone methylation DOT1, partial [Metarhizium brunneum ARSEF 3297]
#
# Program:         hmmsearch
# Version:         3.1b2 (February 2015)
# Pipeline mode:   SEARCH
# Query file:      /home/zack/funannotate_db/hypocreales_odb10/hmms/54764at5125.hmm
# Target file:     /home/zack/Desktop/IsariaPreferralGenome/MyGenomeSubmittedToNCBI/HypocrealesProteinSets/Mbrunneum3297Protein.faa
# Option settings: hmmsearch --domtblout /home/zack/Desktop/IsariaPreferralGenome/MyGenomeSubmittedToNCBI/HypocrealesProteinSets/BUSCO_AA_all/BUSCO_AA_Mbrunneum_ARSEF3297/run_hypocreales_odb10/hmmer_output/initial_run_results/54764at5125.out --cpu 1 /home/zack/funannotate_db/hypocreales_odb10/hmms/54764at5125.hmm /home/zack/Desktop/IsariaPreferralGenome/MyGenomeSubmittedToNCBI/HypocrealesProteinSets/Mbrunneum3297Protein.faa 
# Current dir:     /home/zack/Desktop/IsariaPreferralGenome/MyGenomeSubmittedToNCBI/HypocrealesProteinSets/BUSCO_AA_all
# Date:            Mon Mar  4 15:28:40 2024
# [ok]
