#                                                                            --- full sequence --- -------------- this domain -------------   hmm coord   ali coord   env coord
# target name        accession   tlen query name           accession   qlen   E-value  score  bias   #  of  c-Evalue  i-Evalue  score  bias  from    to  from    to  from    to  acc description of target
#------------------- ---------- ----- -------------------- ---------- ----- --------- ------ ----- --- --- --------- --------- ------ ----- ----- ----- ----- ----- ----- ----- ---- ---------------------
KID80706.1           -             70 60931at5125          -             52   1.9e-20   71.8   5.5   1   2   0.00065       2.3    7.5   0.2     1     9     1     9     1    24 0.92 hypothetical protein MBR_02018, partial [Metarhizium brunneum ARSEF 3297]
KID80706.1           -             70 60931at5125          -             52   1.9e-20   71.8   5.5   2   2   2.4e-22   8.5e-19   66.5   1.1     8    43    30    70    28    70 0.90 hypothetical protein MBR_02018, partial [Metarhizium brunneum ARSEF 3297]
KID78648.1           -            107 60931at5125          -             52   3.9e-18   64.4   3.2   1   3     0.016        59    3.0   0.4     1     8     1     8     1    35 0.75 hypothetical protein MBR_03096, partial [Metarhizium brunneum ARSEF 3297]
KID78648.1           -            107 60931at5125          -             52   3.9e-18   64.4   3.2   2   3      0.44   1.6e+03   -1.6   0.1    13    26    34    47    25    53 0.60 hypothetical protein MBR_03096, partial [Metarhizium brunneum ARSEF 3297]
KID78648.1           -            107 60931at5125          -             52   3.9e-18   64.4   3.2   3   3   1.1e-21   3.9e-18   64.4   3.2     8    52    58   107    55   107 0.92 hypothetical protein MBR_03096, partial [Metarhizium brunneum ARSEF 3297]
KID72448.1           -            119 60931at5125          -             52      0.64    9.3   9.9   1   4     0.013        46    3.4   0.2     1     8     1     8     1    27 0.84 proteinrelated to DNA damage-responsive protein 48, partial [Metarhizium brunneum ARSEF 3297]
KID72448.1           -            119 60931at5125          -             52      0.64    9.3   9.9   2   4      0.27   9.5e+02   -0.9   0.0     6    15    55    64    54    67 0.86 proteinrelated to DNA damage-responsive protein 48, partial [Metarhizium brunneum ARSEF 3297]
KID72448.1           -            119 60931at5125          -             52      0.64    9.3   9.9   3   4   9.1e-05      0.33   10.2   1.2    23    45    85   107    65   114 0.87 proteinrelated to DNA damage-responsive protein 48, partial [Metarhizium brunneum ARSEF 3297]
KID72448.1           -            119 60931at5125          -             52      0.64    9.3   9.9   4   4      0.59   2.1e+03   -2.0   0.1    13    19   112   118   107   119 0.82 proteinrelated to DNA damage-responsive protein 48, partial [Metarhizium brunneum ARSEF 3297]
#
# Program:         hmmsearch
# Version:         3.1b2 (February 2015)
# Pipeline mode:   SEARCH
# Query file:      /home/zack/funannotate_db/hypocreales_odb10/hmms/60931at5125.hmm
# Target file:     /home/zack/Desktop/IsariaPreferralGenome/MyGenomeSubmittedToNCBI/HypocrealesProteinSets/Mbrunneum3297Protein.faa
# Option settings: hmmsearch --domtblout /home/zack/Desktop/IsariaPreferralGenome/MyGenomeSubmittedToNCBI/HypocrealesProteinSets/BUSCO_AA_all/BUSCO_AA_Mbrunneum_ARSEF3297/run_hypocreales_odb10/hmmer_output/initial_run_results/60931at5125.out --cpu 1 /home/zack/funannotate_db/hypocreales_odb10/hmms/60931at5125.hmm /home/zack/Desktop/IsariaPreferralGenome/MyGenomeSubmittedToNCBI/HypocrealesProteinSets/Mbrunneum3297Protein.faa 
# Current dir:     /home/zack/Desktop/IsariaPreferralGenome/MyGenomeSubmittedToNCBI/HypocrealesProteinSets/BUSCO_AA_all
# Date:            Mon Mar  4 15:28:56 2024
# [ok]
