#                                                                            --- full sequence --- -------------- this domain -------------   hmm coord   ali coord   env coord
# target name        accession   tlen query name           accession   qlen   E-value  score  bias   #  of  c-Evalue  i-Evalue  score  bias  from    to  from    to  from    to  acc description of target
#------------------- ---------- ----- -------------------- ---------- ----- --------- ------ ----- --- --- --------- --------- ------ ----- ----- ----- ----- ----- ----- ----- ---- ---------------------
KID74998.1           -            939 6190at5125           -            817         0 1400.7   4.6   1   2  9.6e-282    2e-278  925.2   0.0     9   491    38   525    32   531 0.97 carbohydrate esterase family 9 protein, partial [Metarhizium brunneum ARSEF 3297]
KID74998.1           -            939 6190at5125           -            817         0 1400.7   4.6   2   2  2.4e-145    5e-142  474.0   3.9   489   817   549   938   536   938 0.89 carbohydrate esterase family 9 protein, partial [Metarhizium brunneum ARSEF 3297]
KID80686.1           -            552 6190at5125           -            817   0.00012   19.6   0.0   1   2   1.1e-05     0.023   12.1   0.0   108   155    24    74    18    91 0.81 D-aminoacylase, partial [Metarhizium brunneum ARSEF 3297]
KID80686.1           -            552 6190at5125           -            817   0.00012   19.6   0.0   2   2    0.0012       2.5    5.4   0.0   432   466   466   500   455   525 0.91 D-aminoacylase, partial [Metarhizium brunneum ARSEF 3297]
KID78067.1           -            441 6190at5125           -            817    0.0015   16.0   0.0   1   1   9.8e-07    0.0021   15.5   0.0   430   485   373   428   352   435 0.90 N-acetylglucosamine-6-phosphate deacetylase, partial [Metarhizium brunneum ARSEF 3297]
KID70295.1           -            542 6190at5125           -            817    0.0033   14.9   0.0   1   1   3.3e-06    0.0071   13.8   0.0   437   465   449   477   440   485 0.91 allantoinase, partial [Metarhizium brunneum ARSEF 3297]
KID75506.1           -            474 6190at5125           -            817     0.011   13.2   0.0   1   2    0.0022       4.7    4.5   0.0   107   152    71   119    58   137 0.77 amidohydrolase, partial [Metarhizium brunneum ARSEF 3297]
KID75506.1           -            474 6190at5125           -            817     0.011   13.2   0.0   2   2   0.00054       1.2    6.5   0.0   429   469   393   433   382   438 0.89 amidohydrolase, partial [Metarhizium brunneum ARSEF 3297]
#
# Program:         hmmsearch
# Version:         3.1b2 (February 2015)
# Pipeline mode:   SEARCH
# Query file:      /home/zack/funannotate_db/hypocreales_odb10/hmms/6190at5125.hmm
# Target file:     /home/zack/Desktop/IsariaPreferralGenome/MyGenomeSubmittedToNCBI/HypocrealesProteinSets/Mbrunneum3297Protein.faa
# Option settings: hmmsearch --domtblout /home/zack/Desktop/IsariaPreferralGenome/MyGenomeSubmittedToNCBI/HypocrealesProteinSets/BUSCO_AA_all/BUSCO_AA_Mbrunneum_ARSEF3297/run_hypocreales_odb10/hmmer_output/initial_run_results/6190at5125.out --cpu 1 /home/zack/funannotate_db/hypocreales_odb10/hmms/6190at5125.hmm /home/zack/Desktop/IsariaPreferralGenome/MyGenomeSubmittedToNCBI/HypocrealesProteinSets/Mbrunneum3297Protein.faa 
# Current dir:     /home/zack/Desktop/IsariaPreferralGenome/MyGenomeSubmittedToNCBI/HypocrealesProteinSets/BUSCO_AA_all
# Date:            Mon Mar  4 15:29:01 2024
# [ok]
