#                                                                            --- full sequence --- -------------- this domain -------------   hmm coord   ali coord   env coord
# target name        accession   tlen query name           accession   qlen   E-value  score  bias   #  of  c-Evalue  i-Evalue  score  bias  from    to  from    to  from    to  acc description of target
#------------------- ---------- ----- -------------------- ---------- ----- --------- ------ ----- --- --- --------- --------- ------ ----- ----- ----- ----- ----- ----- ----- ---- ---------------------
KID78573.1           -            779 7039at5125           -            660         0 1391.4  26.2   1   2  1.4e-263  3.7e-260  863.9  13.5     1   404    28   470    28   492 0.95 GTPase-activator protein for Ras-like GTPase containing protein, partial [Metarhizium brunneum ARSEF 3297]
KID78573.1           -            779 7039at5125           -            660         0 1391.4  26.2   2   2  6.7e-163  1.8e-159  531.2   5.2   403   660   497   778   473   778 0.93 GTPase-activator protein for Ras-like GTPase containing protein, partial [Metarhizium brunneum ARSEF 3297]
KID80585.1           -           2516 7039at5125           -            660   2.9e-21   74.5   2.1   1   2    0.0001      0.28    8.5   0.3    84   205  1124  1241  1111  1249 0.78 Rho GTPase activation protein, partial [Metarhizium brunneum ARSEF 3297]
KID80585.1           -           2516 7039at5125           -            660   2.9e-21   74.5   2.1   2   2     6e-22   1.6e-18   65.4   0.1   239   366  1253  1377  1246  1384 0.93 Rho GTPase activation protein, partial [Metarhizium brunneum ARSEF 3297]
KID75132.1           -           1676 7039at5125           -            660     1e-20   72.7   2.9   1   2   3.8e-24     1e-20   72.7   2.9    30   404   912  1328   904  1334 0.79 ras GTPase activating protein, partial [Metarhizium brunneum ARSEF 3297]
KID75132.1           -           1676 7039at5125           -            660     1e-20   72.7   2.9   2   2      0.48   1.3e+03   -3.6   1.4   514   576  1507  1572  1462  1580 0.60 ras GTPase activating protein, partial [Metarhizium brunneum ARSEF 3297]
KID76148.1           -           1265 7039at5125           -            660   2.8e-18   64.6   0.0   1   1   1.5e-21   4.1e-18   64.1   0.0   229   368   911  1051   867  1060 0.86 GTPase activating protein (BUD2/CLA2), partial [Metarhizium brunneum ARSEF 3297]
#
# Program:         hmmsearch
# Version:         3.1b2 (February 2015)
# Pipeline mode:   SEARCH
# Query file:      /home/zack/funannotate_db/hypocreales_odb10/hmms/7039at5125.hmm
# Target file:     /home/zack/Desktop/IsariaPreferralGenome/MyGenomeSubmittedToNCBI/HypocrealesProteinSets/Mbrunneum3297Protein.faa
# Option settings: hmmsearch --domtblout /home/zack/Desktop/IsariaPreferralGenome/MyGenomeSubmittedToNCBI/HypocrealesProteinSets/BUSCO_AA_all/BUSCO_AA_Mbrunneum_ARSEF3297/run_hypocreales_odb10/hmmer_output/initial_run_results/7039at5125.out --cpu 1 /home/zack/funannotate_db/hypocreales_odb10/hmms/7039at5125.hmm /home/zack/Desktop/IsariaPreferralGenome/MyGenomeSubmittedToNCBI/HypocrealesProteinSets/Mbrunneum3297Protein.faa 
# Current dir:     /home/zack/Desktop/IsariaPreferralGenome/MyGenomeSubmittedToNCBI/HypocrealesProteinSets/BUSCO_AA_all
# Date:            Mon Mar  4 15:29:15 2024
# [ok]
