# EVM prediction: Mode:STANDARD S-ratio: 20.18 39-1148 orient(+) score(334110.00) noncoding_equivalent(16555.00) raw_noncoding(17157.00) offset(602.00)
39	413	initial+	1	3	{GlimmerHMM_glimmerT_4243-T1;GlimmerHMM},{snap_scaffold_64-snap.1-T1;snap}
414	470	INTRON			{GlimmerHMM_glimmerT_4243-T1;GlimmerHMM},{snap_scaffold_64-snap.1-T1;snap},{Augustus_model.g3584.t1;Augustus},{GeneMark_model.4203_t;GeneMark}
471	1148	terminal+	1	3	{GlimmerHMM_glimmerT_4243-T1;GlimmerHMM},{snap_scaffold_64-snap.1-T1;snap},{Augustus_model.g3584.t1;Augustus},{GeneMark_model.4203_t;GeneMark}

# EVM prediction: Mode:STANDARD S-ratio: 28.49 1874-3383 orient(-) score(454510.00) noncoding_equivalent(15953.00) raw_noncoding(16555.00) offset(602.00)
2899	1874	terminal-	4	6	{GlimmerHMM_glimmerT_4244-T1;GlimmerHMM},{Augustus_model.g3585.t1;Augustus},{snap_scaffold_64-snap.2-T1;snap},{GeneMark_model.4204_t;GeneMark}
2954	2900	INTRON			{GlimmerHMM_glimmerT_4244-T1;GlimmerHMM},{Augustus_model.g3585.t1;Augustus},{snap_scaffold_64-snap.2-T1;snap},{GeneMark_model.4204_t;GeneMark}
3383	2955	initial-	4	6	{snap_scaffold_64-snap.2-T1;snap},{GeneMark_model.4204_t;GeneMark}

# EVM prediction: Mode:STANDARD S-ratio: 2.05 4300-4837 orient(+) score(142738.00) noncoding_equivalent(69652.00) raw_noncoding(83356.00) offset(13704.00)
4300	4313	initial+	1	2	{Augustus_model.g3586.t1;Augustus},{GeneMark_model.4205_t;GeneMark},{snap_scaffold_64-snap.3-T1;snap}
4314	4442	INTRON			{Augustus_model.g3586.t1;Augustus},{GeneMark_model.4205_t;GeneMark},{snap_scaffold_64-snap.3-T1;snap}
4443	4550	internal+	3	2	{Augustus_model.g3586.t1;Augustus},{GeneMark_model.4205_t;GeneMark},{snap_scaffold_64-snap.3-T1;snap}
4551	4677	INTRON			{Augustus_model.g3586.t1;Augustus},{GeneMark_model.4205_t;GeneMark},{snap_scaffold_64-snap.3-T1;snap},{GlimmerHMM_glimmerT_4245-T1;GlimmerHMM}
4678	4837	terminal+	3	3	{Augustus_model.g3586.t1;Augustus},{GeneMark_model.4205_t;GeneMark},{snap_scaffold_64-snap.3-T1;snap},{GlimmerHMM_glimmerT_4245-T1;GlimmerHMM}

# EVM prediction: Mode:STANDARD S-ratio: 6.04 5942-7417 orient(-) score(381192.00) noncoding_equivalent(63084.00) raw_noncoding(63084.00) offset(0.00)
7417	5942	single-	4	6	{GeneMark_model.4206_t;GeneMark}

# EVM prediction: Mode:STANDARD S-ratio: 33.23 9881-11741 orient(-) score(560161.00) noncoding_equivalent(16856.00) raw_noncoding(17458.00) offset(602.00)
10793	9881	terminal-	6	6	{snap_scaffold_64-snap.5-T1;snap},{Augustus_model.g3588.t1;Augustus},{GlimmerHMM_glimmerT_4247-T1;GlimmerHMM},{GeneMark_model.4207_t;GeneMark}
10851	10794	INTRON			{snap_scaffold_64-snap.5-T1;snap},{Augustus_model.g3588.t1;Augustus},{GlimmerHMM_glimmerT_4247-T1;GlimmerHMM},{GeneMark_model.4207_t;GeneMark}
11741	10852	initial-	4	5	{snap_scaffold_64-snap.5-T1;snap},{Augustus_model.g3588.t1;Augustus},{GlimmerHMM_glimmerT_4247-T1;GlimmerHMM},{GeneMark_model.4207_t;GeneMark}

# EVM prediction: Mode:STANDARD S-ratio: 28.68 14141-15861 orient(+) score(518021.00) noncoding_equivalent(18060.00) raw_noncoding(18662.00) offset(602.00)
14141	14405	initial+	1	1	{GlimmerHMM_glimmerT_4248-T1;GlimmerHMM},{Augustus_model.g3589.t1;Augustus},{GeneMark_model.4208_t;GeneMark},{snap_scaffold_64-snap.6-T1;snap}
14406	14467	INTRON			{GlimmerHMM_glimmerT_4248-T1;GlimmerHMM},{Augustus_model.g3589.t1;Augustus},{GeneMark_model.4208_t;GeneMark},{snap_scaffold_64-snap.6-T1;snap}
14468	15861	terminal+	2	3	{GlimmerHMM_glimmerT_4248-T1;GlimmerHMM},{Augustus_model.g3589.t1;Augustus},{GeneMark_model.4208_t;GeneMark},{snap_scaffold_64-snap.6-T1;snap}

# EVM prediction: Mode:STANDARD S-ratio: 300.00 16809-17210 orient(-) score(120600.00) noncoding_equivalent(402.00) raw_noncoding(402.00) offset(0.00)
17210	16809	single-	4	6	{GeneMark_model.4209_t;GeneMark},{GlimmerHMM_glimmerT_4249-T1;GlimmerHMM}

# EVM prediction: Mode:STANDARD S-ratio: 10.98 17301-20737 orient(-) score(1026285.00) noncoding_equivalent(93433.13) raw_noncoding(94637.13) offset(1204.00)
19862	17301	terminal-	4	6	{GlimmerHMM_glimmerT_4250-T1;GlimmerHMM},{Augustus_model.g3590.t1;Augustus},{GeneMark_model.4210_t;GeneMark}
19954	19863	INTRON			{GlimmerHMM_glimmerT_4250-T1;GlimmerHMM},{Augustus_model.g3590.t1;Augustus},{GeneMark_model.4210_t;GeneMark},{snap_scaffold_64-snap.7-T1;snap}
20050	19955	internal-	4	6	{GlimmerHMM_glimmerT_4250-T1;GlimmerHMM},{Augustus_model.g3590.t1;Augustus},{GeneMark_model.4210_t;GeneMark},{snap_scaffold_64-snap.7-T1;snap}
20245	20051	INTRON			{GlimmerHMM_glimmerT_4250-T1;GlimmerHMM},{Augustus_model.g3590.t1;Augustus},{GeneMark_model.4210_t;GeneMark},{snap_scaffold_64-snap.7-T1;snap}
20737	20246	initial-	4	6	{GlimmerHMM_glimmerT_4250-T1;GlimmerHMM},{GeneMark_model.4210_t;GeneMark},{snap_scaffold_64-snap.7-T1;snap}

# EVM prediction: Mode:STANDARD S-ratio: 56.02 22629-23795 orient(-) score(345171.00) noncoding_equivalent(6161.37) raw_noncoding(6161.37) offset(0.00)
23795	22629	single-	4	6	{GeneMark_model.4211_t;GeneMark},{GlimmerHMM_glimmerT_4251-T1;GlimmerHMM}

# EVM prediction: Mode:STANDARD S-ratio: 12.44 24695-27360 orient(+) score(696120.00) noncoding_equivalent(55970.23) raw_noncoding(148825.59) offset(92855.35)
24695	25067	initial+	1	1	{Augustus_model.g3591.t1;Augustus},{GlimmerHMM_glimmerT_4253-T1;GlimmerHMM}
25068	25564	INTRON			{GlimmerHMM_glimmerT_4253-T1;GlimmerHMM}
25565	27360	terminal+	2	3	{snap_scaffold_64-snap.10-T1;snap}

# EVM prediction: Mode:STANDARD S-ratio: 16.45 27948-29576 orient(+) score(469972.00) noncoding_equivalent(28571.15) raw_noncoding(37073.15) offset(8502.00)
27948	28596	initial+	1	1	{GeneMark_model.4214_t;GeneMark},{snap_scaffold_64-snap.11-T1;snap}
28597	28683	INTRON			{Augustus_model.g3591.t1;Augustus},{GeneMark_model.4214_t;GeneMark},{snap_scaffold_64-snap.11-T1;snap}
28684	29576	terminal+	2	3	{GlimmerHMM_glimmerT_4253-T1;GlimmerHMM},{GeneMark_model.4214_t;GeneMark},{snap_scaffold_64-snap.11-T1;snap}

# EVM prediction: Mode:STANDARD S-ratio: 69.70 30545-31924 orient(+) score(409010.00) noncoding_equivalent(5868.12) raw_noncoding(5868.12) offset(0.00)
30545	31924	single+	1	3	{GlimmerHMM_glimmerT_4254-T1;GlimmerHMM},{GeneMark_model.4215_t;GeneMark}

# EVM prediction: Mode:STANDARD S-ratio: 14.61 33341-34430 orient(+) score(317772.00) noncoding_equivalent(21748.42) raw_noncoding(31619.09) offset(9870.67)
33341	33907	initial+	1	3	{GlimmerHMM_glimmerT_4255-T1;GlimmerHMM}
33908	33954	INTRON			{GlimmerHMM_glimmerT_4255-T1;GlimmerHMM},{Augustus_model.g3591.t1;Augustus}
33955	34251	internal+	1	3	{GlimmerHMM_glimmerT_4255-T1;GlimmerHMM},{snap_scaffold_64-snap.13-T1;snap},{Augustus_model.g3591.t1;Augustus},{GeneMark_model.4216_t;GeneMark}
34252	34307	INTRON			{GlimmerHMM_glimmerT_4255-T1;GlimmerHMM},{snap_scaffold_64-snap.13-T1;snap},{Augustus_model.g3591.t1;Augustus},{GeneMark_model.4216_t;GeneMark}
34308	34430	terminal+	1	3	{GlimmerHMM_glimmerT_4255-T1;GlimmerHMM},{snap_scaffold_64-snap.13-T1;snap},{Augustus_model.g3591.t1;Augustus},{GeneMark_model.4216_t;GeneMark}

# EVM prediction: Mode:STANDARD S-ratio: 2455.74 34890-35951 orient(+) score(319533.00) noncoding_equivalent(130.12) raw_noncoding(130.12) offset(0.00)
34890	35951	single+	1	3	{GeneMark_model.4217_t;GeneMark},{GlimmerHMM_glimmerT_4256-T1;GlimmerHMM}

# EVM prediction: Mode:STANDARD S-ratio: 9.21 36138-37573 orient(-) score(427236.00) noncoding_equivalent(46370.00) raw_noncoding(48176.00) offset(1806.00)
36315	36138	terminal-	6	6	{Augustus_model.g3593.t1;Augustus},{snap_scaffold_64-snap.15-T1;snap},{GlimmerHMM_glimmerT_4257-T1;GlimmerHMM},{GeneMark_model.4218_t;GeneMark}
36380	36316	INTRON			{Augustus_model.g3593.t1;Augustus},{snap_scaffold_64-snap.15-T1;snap},{GlimmerHMM_glimmerT_4257-T1;GlimmerHMM},{GeneMark_model.4218_t;GeneMark}
36689	36381	internal-	6	5	{Augustus_model.g3593.t1;Augustus},{GlimmerHMM_glimmerT_4257-T1;GlimmerHMM},{GeneMark_model.4218_t;GeneMark}
36739	36690	INTRON			{Augustus_model.g3593.t1;Augustus},{GlimmerHMM_glimmerT_4257-T1;GlimmerHMM},{GeneMark_model.4218_t;GeneMark}
37235	36740	internal-	5	5	{Augustus_model.g3593.t1;Augustus},{GlimmerHMM_glimmerT_4257-T1;GlimmerHMM},{GeneMark_model.4218_t;GeneMark}
37296	37236	INTRON			{snap_scaffold_64-snap.16-T1;snap},{Augustus_model.g3593.t1;Augustus},{GlimmerHMM_glimmerT_4257-T1;GlimmerHMM},{GeneMark_model.4218_t;GeneMark}
37573	37297	initial-	4	4	{snap_scaffold_64-snap.16-T1;snap},{Augustus_model.g3593.t1;Augustus},{GlimmerHMM_glimmerT_4257-T1;GlimmerHMM},{GeneMark_model.4218_t;GeneMark}

# EVM prediction: Mode:STANDARD S-ratio: 35.92 38134-38685 orient(-) score(161652.00) noncoding_equivalent(4500.00) raw_noncoding(4500.00) offset(0.00)
38685	38134	single-	4	6	{GlimmerHMM_glimmerT_4258-T1;GlimmerHMM},{Augustus_model.g3594.t1;Augustus},{GeneMark_model.4219_t;GeneMark}

# EVM prediction: Mode:STANDARD S-ratio: 5.34 38965-39553 orient(-) score(160400.00) noncoding_equivalent(30036.66) raw_noncoding(44154.22) offset(14117.56)
39282	38965	terminal-	4	6	{GeneMark_model.4220_t;GeneMark}
39418	39283	INTRON			{GeneMark_model.4220_t;GeneMark},{snap_scaffold_64-snap.18-T1;snap}
39553	39419	initial-	4	6	{GeneMark_model.4220_t;GeneMark},{snap_scaffold_64-snap.18-T1;snap},{GlimmerHMM_glimmerT_4259-T1;GlimmerHMM}

# EVM prediction: Mode:STANDARD S-ratio: 2.01 40805-41653 orient(+) score(170649.00) noncoding_equivalent(84900.00) raw_noncoding(84900.00) offset(0.00)
40805	41653	single+	1	3	{GeneMark_model.4221_t;GeneMark},{Augustus_model.g3595.t1;Augustus},{GlimmerHMM_glimmerT_4260-T1;GlimmerHMM}

# EVM prediction: Mode:STANDARD S-ratio: 10.01 41956-43166 orient(-) score(364511.00) noncoding_equivalent(36421.00) raw_noncoding(37625.00) offset(1204.00)
42287	41956	terminal-	5	6	{Augustus_model.g3596.t1;Augustus},{GlimmerHMM_glimmerT_4261-T1;GlimmerHMM},{GeneMark_model.4222_t;GeneMark},{snap_scaffold_64-snap.19-T1;snap}
42362	42288	INTRON			{Augustus_model.g3596.t1;Augustus},{GlimmerHMM_glimmerT_4261-T1;GlimmerHMM},{GeneMark_model.4222_t;GeneMark},{snap_scaffold_64-snap.19-T1;snap}
43093	42363	internal-	6	4	{Augustus_model.g3596.t1;Augustus},{GlimmerHMM_glimmerT_4261-T1;GlimmerHMM},{GeneMark_model.4222_t;GeneMark},{snap_scaffold_64-snap.19-T1;snap}
43143	43094	INTRON			{Augustus_model.g3596.t1;Augustus},{GlimmerHMM_glimmerT_4261-T1;GlimmerHMM},{GeneMark_model.4222_t;GeneMark},{snap_scaffold_64-snap.19-T1;snap}
43166	43144	initial-	4	5	{Augustus_model.g3596.t1;Augustus},{GlimmerHMM_glimmerT_4261-T1;GlimmerHMM},{GeneMark_model.4222_t;GeneMark},{snap_scaffold_64-snap.19-T1;snap}

# EVM prediction: Mode:STANDARD S-ratio: 16.24 44375-45076 orient(+) score(204402.00) noncoding_equivalent(12584.87) raw_noncoding(18960.00) offset(6375.13)
44375	44701	initial+	1	3	{Augustus_model.g3597.t1;Augustus},{GeneMark_model.4223_t;GeneMark},{snap_scaffold_64-snap.20-T1;snap}
44702	44761	INTRON			{Augustus_model.g3597.t1;Augustus},{GeneMark_model.4223_t;GeneMark},{snap_scaffold_64-snap.20-T1;snap}
44762	45076	terminal+	1	3	{GlimmerHMM_glimmerT_4262-T1;GlimmerHMM},{Augustus_model.g3597.t1;Augustus},{GeneMark_model.4223_t;GeneMark},{snap_scaffold_64-snap.20-T1;snap}

# EVM prediction: Mode:STANDARD S-ratio: 2.26 46347-47701 orient(+) score(251323.00) noncoding_equivalent(111157.71) raw_noncoding(132261.22) offset(21103.52)
46347	46621	initial+	1	2	{GlimmerHMM_glimmerT_4263-T1;GlimmerHMM},{GeneMark_model.4224_t;GeneMark}
46622	46678	INTRON			{Augustus_model.g3598.t1;Augustus},{GeneMark_model.4224_t;GeneMark}
46679	46780	internal+	3	2	{Augustus_model.g3598.t1;Augustus},{GeneMark_model.4224_t;GeneMark}
46781	46830	INTRON			{Augustus_model.g3598.t1;Augustus},{GeneMark_model.4224_t;GeneMark}
46831	47701	terminal+	3	3	{GlimmerHMM_glimmerT_4263-T1;GlimmerHMM},{Augustus_model.g3598.t1;Augustus},{GeneMark_model.4224_t;GeneMark}

# EVM prediction: Mode:STANDARD S-ratio: 9.44 47818-50431 orient(-) score(778214.00) noncoding_equivalent(82459.93) raw_noncoding(90394.93) offset(7935.00)
48104	47818	terminal-	5	6	{GlimmerHMM_glimmerT_4264-T1;GlimmerHMM},{GeneMark_model.4225_t;GeneMark},{Augustus_model.g3599.t1;Augustus}
48159	48105	INTRON			{GlimmerHMM_glimmerT_4264-T1;GlimmerHMM},{snap_scaffold_64-snap.21-T1;snap},{GeneMark_model.4225_t;GeneMark},{Augustus_model.g3599.t1;Augustus}
48309	48160	internal-	5	4	{GlimmerHMM_glimmerT_4264-T1;GlimmerHMM},{GeneMark_model.4225_t;GeneMark},{Augustus_model.g3599.t1;Augustus}
48361	48310	INTRON			{GlimmerHMM_glimmerT_4264-T1;GlimmerHMM},{GeneMark_model.4225_t;GeneMark},{Augustus_model.g3599.t1;Augustus}
49130	48362	internal-	4	4	{GlimmerHMM_glimmerT_4264-T1;GlimmerHMM},{snap_scaffold_64-snap.21-T1;snap},{GeneMark_model.4225_t;GeneMark},{Augustus_model.g3599.t1;Augustus}
49187	49131	INTRON			{GlimmerHMM_glimmerT_4264-T1;GlimmerHMM},{snap_scaffold_64-snap.21-T1;snap},{GeneMark_model.4225_t;GeneMark},{Augustus_model.g3599.t1;Augustus}
49764	49188	internal-	6	6	{GlimmerHMM_glimmerT_4264-T1;GlimmerHMM},{snap_scaffold_64-snap.21-T1;snap},{GeneMark_model.4225_t;GeneMark},{Augustus_model.g3599.t1;Augustus}
49813	49765	INTRON			{GlimmerHMM_glimmerT_4264-T1;GlimmerHMM},{snap_scaffold_64-snap.21-T1;snap},{GeneMark_model.4225_t;GeneMark},{Augustus_model.g3599.t1;Augustus}
50123	49814	internal-	5	5	{GlimmerHMM_glimmerT_4264-T1;GlimmerHMM},{snap_scaffold_64-snap.21-T1;snap},{GeneMark_model.4225_t;GeneMark},{Augustus_model.g3599.t1;Augustus}
50199	50124	INTRON			{GlimmerHMM_glimmerT_4264-T1;GlimmerHMM},{snap_scaffold_64-snap.21-T1;snap},{GeneMark_model.4225_t;GeneMark},{Augustus_model.g3599.t1;Augustus}
50431	50200	initial-	4	4	{GlimmerHMM_glimmerT_4264-T1;GlimmerHMM},{snap_scaffold_64-snap.21-T1;snap},{GeneMark_model.4225_t;GeneMark}

# EVM prediction: Mode:STANDARD S-ratio: 7.83 50852-52615 orient(-) score(518322.00) noncoding_equivalent(66156.34) raw_noncoding(73812.52) offset(7656.18)
50941	50852	terminal-	4	6	{snap_scaffold_64-snap.22-T1;snap},{GlimmerHMM_glimmerT_4265-T1;GlimmerHMM},{GeneMark_model.4226_t;GeneMark}
50993	50942	INTRON			{snap_scaffold_64-snap.22-T1;snap},{GlimmerHMM_glimmerT_4265-T1;GlimmerHMM},{GeneMark_model.4226_t;GeneMark}
51798	50994	internal-	6	6	{snap_scaffold_64-snap.22-T1;snap},{GlimmerHMM_glimmerT_4265-T1;GlimmerHMM},{Augustus_model.g3599.t1;Augustus},{GeneMark_model.4226_t;GeneMark}
51850	51799	INTRON			{snap_scaffold_64-snap.22-T1;snap},{GlimmerHMM_glimmerT_4265-T1;GlimmerHMM},{Augustus_model.g3599.t1;Augustus},{GeneMark_model.4226_t;GeneMark}
52050	51851	internal-	4	5	{snap_scaffold_64-snap.22-T1;snap},{GlimmerHMM_glimmerT_4265-T1;GlimmerHMM},{Augustus_model.g3599.t1;Augustus},{GeneMark_model.4226_t;GeneMark}
52112	52051	INTRON			{snap_scaffold_64-snap.22-T1;snap},{GlimmerHMM_glimmerT_4265-T1;GlimmerHMM},{Augustus_model.g3599.t1;Augustus},{GeneMark_model.4226_t;GeneMark}
52556	52113	internal-	4	6	{GlimmerHMM_glimmerT_4265-T1;GlimmerHMM},{Augustus_model.g3599.t1;Augustus},{GeneMark_model.4226_t;GeneMark}
52612	52557	INTRON			{GlimmerHMM_glimmerT_4265-T1;GlimmerHMM},{Augustus_model.g3599.t1;Augustus},{GeneMark_model.4226_t;GeneMark}
52615	52613	initial-	4	6	{GlimmerHMM_glimmerT_4265-T1;GlimmerHMM},{GeneMark_model.4226_t;GeneMark}

# EVM prediction: Mode:STANDARD S-ratio: 12.37 53280-55362 orient(+) score(593983.00) noncoding_equivalent(48029.52) raw_noncoding(61654.00) offset(13624.48)
53280	54245	initial+	1	3	{snap_scaffold_64-snap.23-T1;snap},{GeneMark_model.4227_t;GeneMark},{Augustus_model.g3600.t1;Augustus},{GlimmerHMM_glimmerT_4266-T1;GlimmerHMM}
54246	54297	INTRON			{GeneMark_model.4227_t;GeneMark},{Augustus_model.g3600.t1;Augustus},{GlimmerHMM_glimmerT_4266-T1;GlimmerHMM}
54298	55117	internal+	1	1	{GeneMark_model.4227_t;GeneMark},{Augustus_model.g3600.t1;Augustus},{GlimmerHMM_glimmerT_4266-T1;GlimmerHMM}
55118	55219	INTRON			{snap_scaffold_64-snap.23-T1;snap},{Augustus_model.g3600.t1;Augustus},{GlimmerHMM_glimmerT_4266-T1;GlimmerHMM}
55220	55362	terminal+	2	3	{snap_scaffold_64-snap.23-T1;snap},{Augustus_model.g3600.t1;Augustus},{GlimmerHMM_glimmerT_4266-T1;GlimmerHMM}

# EVM prediction: Mode:STANDARD S-ratio: 10000.00 56034-57191 orient(-) score(348558.00) noncoding_equivalent(34.86) raw_noncoding(0.00) offset(0.00)
57191	56034	single-	4	6	{GeneMark_model.4228_t;GeneMark},{GlimmerHMM_glimmerT_4267-T1;GlimmerHMM}

# EVM prediction: Mode:STANDARD S-ratio: 9.04 58495-58723 orient(+) score(58700.00) noncoding_equivalent(6495.82) raw_noncoding(6930.95) offset(435.13)
58495	58660	initial+	1	1	{snap_scaffold_64-snap.25-T1;snap}
58661	58697	INTRON			{snap_scaffold_64-snap.25-T1;snap}
58698	58723	terminal+	2	3	{snap_scaffold_64-snap.25-T1;snap}

# EVM prediction: Mode:STANDARD S-ratio: 4.16 61353-62911 orient(+) score(415759.00) noncoding_equivalent(99967.65) raw_noncoding(131082.89) offset(31115.24)
61353	61366	initial+	1	2	{GeneMark_model.4230_t;GeneMark},{Augustus_model.g3602.t1;Augustus},{snap_scaffold_64-snap.26-T1;snap}
61367	61424	INTRON			{GeneMark_model.4230_t;GeneMark},{Augustus_model.g3602.t1;Augustus},{snap_scaffold_64-snap.26-T1;snap}
61425	61468	internal+	3	1	{GeneMark_model.4230_t;GeneMark},{Augustus_model.g3602.t1;Augustus},{snap_scaffold_64-snap.26-T1;snap}
61469	61521	INTRON			{GeneMark_model.4230_t;GeneMark},{Augustus_model.g3602.t1;Augustus},{snap_scaffold_64-snap.26-T1;snap}
61522	61547	internal+	2	3	{GeneMark_model.4230_t;GeneMark},{Augustus_model.g3602.t1;Augustus},{snap_scaffold_64-snap.26-T1;snap}
61548	61617	INTRON			{GeneMark_model.4230_t;GeneMark},{Augustus_model.g3602.t1;Augustus},{snap_scaffold_64-snap.26-T1;snap}
61618	61708	internal+	1	1	{GeneMark_model.4230_t;GeneMark},{Augustus_model.g3602.t1;Augustus},{snap_scaffold_64-snap.26-T1;snap}
61709	61767	INTRON			{GeneMark_model.4230_t;GeneMark},{Augustus_model.g3602.t1;Augustus},{snap_scaffold_64-snap.26-T1;snap}
61768	62019	internal+	2	1	{GeneMark_model.4230_t;GeneMark},{GlimmerHMM_glimmerT_4268-T1;GlimmerHMM},{Augustus_model.g3602.t1;Augustus},{snap_scaffold_64-snap.26-T1;snap}
62020	62081	INTRON			{GeneMark_model.4230_t;GeneMark},{GlimmerHMM_glimmerT_4268-T1;GlimmerHMM},{Augustus_model.g3602.t1;Augustus},{snap_scaffold_64-snap.26-T1;snap}
62082	62373	internal+	2	2	{GeneMark_model.4230_t;GeneMark},{GlimmerHMM_glimmerT_4268-T1;GlimmerHMM},{Augustus_model.g3602.t1;Augustus},{snap_scaffold_64-snap.26-T1;snap}
62374	62427	INTRON			{GeneMark_model.4230_t;GeneMark},{GlimmerHMM_glimmerT_4268-T1;GlimmerHMM},{Augustus_model.g3602.t1;Augustus}
62428	62911	terminal+	3	3	{GeneMark_model.4230_t;GeneMark},{GlimmerHMM_glimmerT_4268-T1;GlimmerHMM},{Augustus_model.g3602.t1;Augustus}

# EVM prediction: Mode:STANDARD S-ratio: 3.44 63937-65043 orient(-) score(333207.00) noncoding_equivalent(96922.00) raw_noncoding(97524.00) offset(602.00)
64696	63937	terminal-	6	6	{GeneMark_model.4231_t;GeneMark},{snap_scaffold_64-snap.27-T1;snap},{GlimmerHMM_glimmerT_4269-T1;GlimmerHMM},{Augustus_model.g3603.t1;Augustus}
65020	64697	INTRON			{GeneMark_model.4231_t;GeneMark},{snap_scaffold_64-snap.27-T1;snap},{GlimmerHMM_glimmerT_4269-T1;GlimmerHMM},{Augustus_model.g3603.t1;Augustus}
65043	65021	initial-	4	5	{GeneMark_model.4231_t;GeneMark},{snap_scaffold_64-snap.27-T1;snap},{GlimmerHMM_glimmerT_4269-T1;GlimmerHMM},{Augustus_model.g3603.t1;Augustus}

# EVM prediction: Mode:STANDARD S-ratio: 12.94 66075-68835 orient(+) score(772549.00) noncoding_equivalent(59717.11) raw_noncoding(78457.00) offset(18739.89)
66075	66089	initial+	1	3	{Augustus_model.g3604.t1;Augustus},{GlimmerHMM_glimmerT_4270-T1;GlimmerHMM},{GeneMark_model.4232_t;GeneMark},{snap_scaffold_64-snap.28-T1;snap}
66090	66138	INTRON			{Augustus_model.g3604.t1;Augustus},{GlimmerHMM_glimmerT_4270-T1;GlimmerHMM},{GeneMark_model.4232_t;GeneMark},{snap_scaffold_64-snap.28-T1;snap}
66139	68423	internal+	1	2	{GlimmerHMM_glimmerT_4270-T1;GlimmerHMM}
68424	68552	INTRON			{GlimmerHMM_glimmerT_4270-T1;GlimmerHMM}
68553	68835	terminal+	3	3	{GlimmerHMM_glimmerT_4270-T1;GlimmerHMM}

# EVM prediction: Mode:STANDARD S-ratio: 14.67 69229-71160 orient(-) score(570432.00) noncoding_equivalent(38885.61) raw_noncoding(46257.35) offset(7371.74)
69274	69229	terminal-	6	6	{snap_scaffold_64-snap.29-T1;snap},{GeneMark_model.4233_t;GeneMark},{Augustus_model.g3605.t1;Augustus}
69339	69275	INTRON			{snap_scaffold_64-snap.29-T1;snap},{GeneMark_model.4233_t;GeneMark},{Augustus_model.g3605.t1;Augustus}
71034	69340	internal-	6	5	{snap_scaffold_64-snap.29-T1;snap},{GeneMark_model.4233_t;GeneMark},{GlimmerHMM_glimmerT_4271-T1;GlimmerHMM},{Augustus_model.g3605.t1;Augustus}
71107	71035	INTRON			{snap_scaffold_64-snap.29-T1;snap},{GeneMark_model.4233_t;GeneMark},{GlimmerHMM_glimmerT_4271-T1;GlimmerHMM},{Augustus_model.g3605.t1;Augustus}
71160	71108	initial-	4	5	{snap_scaffold_64-snap.29-T1;snap},{GeneMark_model.4233_t;GeneMark},{GlimmerHMM_glimmerT_4271-T1;GlimmerHMM},{Augustus_model.g3605.t1;Augustus}

# EVM prediction: Mode:STANDARD S-ratio: 6.44 72085-74360 orient(+) score(670176.00) noncoding_equivalent(104106.67) raw_noncoding(114704.00) offset(10597.33)
72085	72150	initial+	1	3	{snap_scaffold_64-snap.30-T1;snap},{GlimmerHMM_glimmerT_4272-T1;GlimmerHMM},{GeneMark_model.4234_t;GeneMark},{Augustus_model.g3606.t1;Augustus}
72151	72218	INTRON			{snap_scaffold_64-snap.30-T1;snap},{GlimmerHMM_glimmerT_4272-T1;GlimmerHMM},{Augustus_model.g3606.t1;Augustus}
72219	72330	internal+	1	1	{GlimmerHMM_glimmerT_4272-T1;GlimmerHMM},{Augustus_model.g3606.t1;Augustus}
72331	72405	INTRON			{GlimmerHMM_glimmerT_4272-T1;GlimmerHMM},{GeneMark_model.4234_t;GeneMark},{Augustus_model.g3606.t1;Augustus}
72406	72557	internal+	2	3	{GlimmerHMM_glimmerT_4272-T1;GlimmerHMM},{GeneMark_model.4234_t;GeneMark},{Augustus_model.g3606.t1;Augustus}
72558	72621	INTRON			{snap_scaffold_64-snap.30-T1;snap},{GlimmerHMM_glimmerT_4272-T1;GlimmerHMM},{GeneMark_model.4234_t;GeneMark},{Augustus_model.g3606.t1;Augustus}
72622	73113	internal+	1	3	{snap_scaffold_64-snap.30-T1;snap},{GlimmerHMM_glimmerT_4272-T1;GlimmerHMM},{GeneMark_model.4234_t;GeneMark},{Augustus_model.g3606.t1;Augustus}
73114	73168	INTRON			{snap_scaffold_64-snap.30-T1;snap},{GlimmerHMM_glimmerT_4272-T1;GlimmerHMM},{GeneMark_model.4234_t;GeneMark},{Augustus_model.g3606.t1;Augustus}
73169	73428	internal+	1	2	{snap_scaffold_64-snap.30-T1;snap},{GlimmerHMM_glimmerT_4272-T1;GlimmerHMM},{GeneMark_model.4234_t;GeneMark},{Augustus_model.g3606.t1;Augustus}
73429	73475	INTRON			{snap_scaffold_64-snap.30-T1;snap},{GlimmerHMM_glimmerT_4272-T1;GlimmerHMM},{GeneMark_model.4234_t;GeneMark},{Augustus_model.g3606.t1;Augustus}
73476	73576	internal+	3	1	{snap_scaffold_64-snap.30-T1;snap},{GlimmerHMM_glimmerT_4272-T1;GlimmerHMM},{GeneMark_model.4234_t;GeneMark},{Augustus_model.g3606.t1;Augustus}
73577	73625	INTRON			{snap_scaffold_64-snap.30-T1;snap},{GlimmerHMM_glimmerT_4272-T1;GlimmerHMM},{GeneMark_model.4234_t;GeneMark},{Augustus_model.g3606.t1;Augustus}
73626	73963	internal+	2	3	{snap_scaffold_64-snap.30-T1;snap},{GlimmerHMM_glimmerT_4272-T1;GlimmerHMM},{GeneMark_model.4234_t;GeneMark},{Augustus_model.g3606.t1;Augustus}
73964	74009	INTRON			{snap_scaffold_64-snap.30-T1;snap},{GlimmerHMM_glimmerT_4272-T1;GlimmerHMM},{GeneMark_model.4234_t;GeneMark},{Augustus_model.g3606.t1;Augustus}
74010	74360	terminal+	1	3	{snap_scaffold_64-snap.30-T1;snap},{GlimmerHMM_glimmerT_4272-T1;GlimmerHMM},{GeneMark_model.4234_t;GeneMark},{Augustus_model.g3606.t1;Augustus}

# EVM prediction: Mode:STANDARD S-ratio: 12.42 74554-75503 orient(-) score(273830.00) noncoding_equivalent(22046.78) raw_noncoding(31607.00) offset(9560.22)
75359	74554	terminal-	5	6	{GlimmerHMM_glimmerT_4273-T1;GlimmerHMM},{GeneMark_model.4235_t;GeneMark}
75463	75360	INTRON			{GlimmerHMM_glimmerT_4273-T1;GlimmerHMM},{GeneMark_model.4235_t;GeneMark}
75503	75464	initial-	4	4	{GlimmerHMM_glimmerT_4273-T1;GlimmerHMM},{GeneMark_model.4235_t;GeneMark}

# EVM prediction: Mode:STANDARD S-ratio: 4.44 75845-76439 orient(-) score(167395.00) noncoding_equivalent(37729.00) raw_noncoding(45133.00) offset(7404.00)
76015	75845	terminal-	4	6	{snap_scaffold_64-snap.32-T1;snap},{Augustus_model.g3608.t1;Augustus},{GlimmerHMM_glimmerT_4274-T1;GlimmerHMM},{GeneMark_model.4236_t;GeneMark}
76082	76016	INTRON			{snap_scaffold_64-snap.32-T1;snap},{Augustus_model.g3608.t1;Augustus},{GlimmerHMM_glimmerT_4274-T1;GlimmerHMM},{GeneMark_model.4236_t;GeneMark}
76365	76083	internal-	6	6	{snap_scaffold_64-snap.32-T1;snap},{Augustus_model.g3608.t1;Augustus},{GeneMark_model.4236_t;GeneMark}
76431	76366	INTRON			{snap_scaffold_64-snap.32-T1;snap},{Augustus_model.g3608.t1;Augustus},{GeneMark_model.4236_t;GeneMark}
76439	76432	initial-	4	5	{snap_scaffold_64-snap.32-T1;snap},{Augustus_model.g3608.t1;Augustus},{GeneMark_model.4236_t;GeneMark}

# EVM prediction: Mode:STANDARD S-ratio: 4.98 77598-78614 orient(-) score(412884.00) noncoding_equivalent(82943.00) raw_noncoding(83817.00) offset(874.00)
78303	77598	terminal-	6	6	{HiQ_model.g3609.t1;HiQ},{snap_scaffold_64-snap.33-T1;snap},{GeneMark_model.4237_t;GeneMark},{GlimmerHMM_glimmerT_4275-T1;GlimmerHMM}
78579	78304	INTRON			{HiQ_model.g3609.t1;HiQ},{snap_scaffold_64-snap.33-T1;snap},{GeneMark_model.4237_t;GeneMark},{GlimmerHMM_glimmerT_4275-T1;GlimmerHMM},{ev_type:exonerate/ID=match.2737330.1301/Target=IF6_VERA1;exonerate},{ev_type:exonerate/ID=match.2737330.1046/Target=IF6_EMENI;exonerate},{ev_type:exonerate/ID=match.2737330.769/Target=IF6_TALSN;exonerate},{ev_type:exonerate/ID=match.2737330.1647/Target=IF6_NEUCR;exonerate},{ev_type:exonerate/ID=match.2737330.863/Target=IF6_ASPOR;exonerate},{ev_type:exonerate/ID=match.2737330.128/Target=IF6_SORMK;exonerate}
78614	78580	initial-	4	5	{HiQ_model.g3609.t1;HiQ},{snap_scaffold_64-snap.33-T1;snap},{GeneMark_model.4237_t;GeneMark},{GlimmerHMM_glimmerT_4275-T1;GlimmerHMM}

# EVM prediction: Mode:STANDARD S-ratio: 9.20 79605-82482 orient(-) score(860878.00) noncoding_equivalent(93528.00) raw_noncoding(95134.00) offset(1606.00)
79705	79605	terminal-	5	6	{GeneMark_model.4238_t;GeneMark},{snap_scaffold_64-snap.34-T1;snap},{Augustus_model.g3610.t1;Augustus}
79759	79706	INTRON			{GeneMark_model.4238_t;GeneMark},{snap_scaffold_64-snap.34-T1;snap},{Augustus_model.g3610.t1;Augustus}
80602	79760	internal-	5	4	{GeneMark_model.4238_t;GeneMark},{snap_scaffold_64-snap.34-T1;snap},{Augustus_model.g3610.t1;Augustus}
80659	80603	INTRON			{GeneMark_model.4238_t;GeneMark},{GlimmerHMM_glimmerT_4276-T1;GlimmerHMM},{snap_scaffold_64-snap.34-T1;snap},{Augustus_model.g3610.t1;Augustus}
81383	80660	internal-	4	4	{GeneMark_model.4238_t;GeneMark},{GlimmerHMM_glimmerT_4276-T1;GlimmerHMM},{snap_scaffold_64-snap.34-T1;snap},{Augustus_model.g3610.t1;Augustus}
81606	81384	INTRON			{GeneMark_model.4238_t;GeneMark},{GlimmerHMM_glimmerT_4276-T1;GlimmerHMM},{snap_scaffold_64-snap.34-T1;snap},{Augustus_model.g3610.t1;Augustus}
82482	81607	initial-	4	6	{GeneMark_model.4238_t;GeneMark},{GlimmerHMM_glimmerT_4276-T1;GlimmerHMM},{snap_scaffold_64-snap.34-T1;snap},{Augustus_model.g3610.t1;Augustus}

# EVM prediction: Mode:STANDARD S-ratio: 4.59 85431-87187 orient(+) score(427306.00) noncoding_equivalent(93055.14) raw_noncoding(140255.00) offset(47199.86)
85431	85759	initial+	1	2	{Augustus_model.g3611.t1;Augustus},{GlimmerHMM_glimmerT_4278-T1;GlimmerHMM},{GeneMark_model.4239_t;GeneMark},{snap_scaffold_64-snap.35-T1;snap}
85760	85810	INTRON			{Augustus_model.g3611.t1;Augustus},{GlimmerHMM_glimmerT_4278-T1;GlimmerHMM},{GeneMark_model.4239_t;GeneMark}
85811	85841	internal+	3	3	{Augustus_model.g3611.t1;Augustus},{GlimmerHMM_glimmerT_4278-T1;GlimmerHMM},{GeneMark_model.4239_t;GeneMark}
85842	85892	INTRON			{Augustus_model.g3611.t1;Augustus},{GlimmerHMM_glimmerT_4278-T1;GlimmerHMM},{GeneMark_model.4239_t;GeneMark}
85893	86033	internal+	1	3	{GeneMark_model.4239_t;GeneMark}
86034	86116	INTRON			{GeneMark_model.4239_t;GeneMark}
86117	86267	internal+	1	1	{GeneMark_model.4239_t;GeneMark}
86268	86317	INTRON			{Augustus_model.g3611.t1;Augustus},{GeneMark_model.4239_t;GeneMark}
86318	86957	internal+	2	2	{Augustus_model.g3611.t1;Augustus},{GeneMark_model.4239_t;GeneMark}
86958	87009	INTRON			{Augustus_model.g3611.t1;Augustus},{GeneMark_model.4239_t;GeneMark}
87010	87187	terminal+	3	3	{Augustus_model.g3611.t1;Augustus},{GlimmerHMM_glimmerT_4278-T1;GlimmerHMM},{GeneMark_model.4239_t;GeneMark},{snap_scaffold_64-snap.35-T1;snap}

# EVM prediction: Mode:STANDARD S-ratio: 247.02 88693-89928 orient(+) score(370536.00) noncoding_equivalent(1500.00) raw_noncoding(1500.00) offset(0.00)
88693	89928	single+	1	3	{GlimmerHMM_glimmerT_4279-T1;GlimmerHMM},{GeneMark_model.4240_t;GeneMark},{Augustus_model.g3612.t1;Augustus}

# EVM prediction: Mode:STANDARD S-ratio: 12.73 90386-93022 orient(-) score(788337.00) noncoding_equivalent(61951.62) raw_noncoding(68625.00) offset(6673.38)
90691	90386	terminal-	4	6	{snap_scaffold_64-snap.37-T1;snap},{GeneMark_model.4241_t;GeneMark},{GlimmerHMM_glimmerT_4280-T1;GlimmerHMM},{Augustus_model.g3613.t1;Augustus}
90764	90692	INTRON			{snap_scaffold_64-snap.37-T1;snap},{GeneMark_model.4241_t;GeneMark},{GlimmerHMM_glimmerT_4280-T1;GlimmerHMM},{Augustus_model.g3613.t1;Augustus}
91670	90765	internal-	4	6	{snap_scaffold_64-snap.37-T1;snap},{GeneMark_model.4241_t;GeneMark},{GlimmerHMM_glimmerT_4280-T1;GlimmerHMM},{Augustus_model.g3613.t1;Augustus}
91722	91671	INTRON			{snap_scaffold_64-snap.37-T1;snap},{GeneMark_model.4241_t;GeneMark},{GlimmerHMM_glimmerT_4280-T1;GlimmerHMM},{Augustus_model.g3613.t1;Augustus}
91878	91723	internal-	4	6	{snap_scaffold_64-snap.37-T1;snap},{GeneMark_model.4241_t;GeneMark},{GlimmerHMM_glimmerT_4280-T1;GlimmerHMM},{Augustus_model.g3613.t1;Augustus}
91933	91879	INTRON			{snap_scaffold_64-snap.37-T1;snap},{GeneMark_model.4241_t;GeneMark},{GlimmerHMM_glimmerT_4280-T1;GlimmerHMM},{Augustus_model.g3613.t1;Augustus}
92692	91934	internal-	4	6	{snap_scaffold_64-snap.37-T1;snap},{GlimmerHMM_glimmerT_4280-T1;GlimmerHMM},{Augustus_model.g3613.t1;Augustus}
92737	92693	INTRON			{snap_scaffold_64-snap.37-T1;snap},{GlimmerHMM_glimmerT_4280-T1;GlimmerHMM},{Augustus_model.g3613.t1;Augustus}
93022	92738	initial-	4	6	{snap_scaffold_64-snap.37-T1;snap},{GeneMark_model.4241_t;GeneMark},{GlimmerHMM_glimmerT_4280-T1;GlimmerHMM},{Augustus_model.g3613.t1;Augustus}

# EVM prediction: Mode:STANDARD S-ratio: 16.85 95969-100520 orient(+) score(1331252.00) noncoding_equivalent(78983.71) raw_noncoding(91108.00) offset(12124.29)
95969	96252	initial+	1	2	{Augustus_model.g3614.t1;Augustus},{GlimmerHMM_glimmerT_4282-T1;GlimmerHMM},{GeneMark_model.4242_t;GeneMark},{snap_scaffold_64-snap.38-T1;snap}
96253	96306	INTRON			{Augustus_model.g3614.t1;Augustus},{GeneMark_model.4242_t;GeneMark},{snap_scaffold_64-snap.38-T1;snap}
96307	96407	internal+	3	1	{Augustus_model.g3614.t1;Augustus},{GeneMark_model.4242_t;GeneMark},{snap_scaffold_64-snap.38-T1;snap}
96408	96457	INTRON			{Augustus_model.g3614.t1;Augustus},{GlimmerHMM_glimmerT_4282-T1;GlimmerHMM},{GeneMark_model.4242_t;GeneMark}
96458	96844	internal+	2	1	{Augustus_model.g3614.t1;Augustus},{GlimmerHMM_glimmerT_4282-T1;GlimmerHMM},{GeneMark_model.4242_t;GeneMark}
96845	96895	INTRON			{Augustus_model.g3614.t1;Augustus},{GlimmerHMM_glimmerT_4282-T1;GlimmerHMM},{GeneMark_model.4242_t;GeneMark},{snap_scaffold_64-snap.38-T1;snap}
96896	99964	internal+	2	1	{Augustus_model.g3614.t1;Augustus},{GlimmerHMM_glimmerT_4282-T1;GlimmerHMM},{GeneMark_model.4242_t;GeneMark},{snap_scaffold_64-snap.38-T1;snap}
99965	100017	INTRON			{Augustus_model.g3614.t1;Augustus},{GlimmerHMM_glimmerT_4282-T1;GlimmerHMM},{GeneMark_model.4242_t;GeneMark},{snap_scaffold_64-snap.38-T1;snap}
100018	100520	terminal+	2	3	{Augustus_model.g3614.t1;Augustus},{GlimmerHMM_glimmerT_4282-T1;GlimmerHMM},{GeneMark_model.4242_t;GeneMark},{snap_scaffold_64-snap.38-T1;snap}

# EVM prediction: Mode:STANDARD S-ratio: 4.97 101039-101381 orient(-) score(92436.00) noncoding_equivalent(18583.63) raw_noncoding(25303.00) offset(6719.37)
101173	101039	terminal-	4	6	{GlimmerHMM_glimmerT_4283-T1;GlimmerHMM},{GeneMark_model.4244_t;GeneMark}
101255	101174	INTRON			{GlimmerHMM_glimmerT_4283-T1;GlimmerHMM},{GeneMark_model.4244_t;GeneMark}
101381	101256	initial-	4	6	{GlimmerHMM_glimmerT_4283-T1;GlimmerHMM},{GeneMark_model.4244_t;GeneMark}

# EVM prediction: Mode:STANDARD S-ratio: 9.06 104580-105398 orient(-) score(164619.00) noncoding_equivalent(18176.98) raw_noncoding(18176.98) offset(0.00)
105398	104580	single-	4	6	{GeneMark_model.4245_t;GeneMark},{GlimmerHMM_glimmerT_4284-T1;GlimmerHMM},{Augustus_model.g3616.t1;Augustus}

# EVM prediction: Mode:STANDARD S-ratio: 84.62 107893-112056 orient(+) score(1245669.00) noncoding_equivalent(14721.24) raw_noncoding(15195.00) offset(473.76)
107893	108180	initial+	1	3	{snap_scaffold_64-snap.41-T1;snap},{GeneMark_model.4246_t;GeneMark}
108181	108255	INTRON			{snap_scaffold_64-snap.41-T1;snap},{GeneMark_model.4246_t;GeneMark}
108256	112056	terminal+	1	3	{snap_scaffold_64-snap.41-T1;snap},{GeneMark_model.4246_t;GeneMark},{Augustus_model.g3617.t1;Augustus}

# EVM prediction: Mode:STANDARD S-ratio: 36.68 113413-117920 orient(-) score(1332108.00) noncoding_equivalent(36321.50) raw_noncoding(48719.00) offset(12397.50)
117402	113413	terminal-	4	6	{GeneMark_model.4247_t;GeneMark},{snap_scaffold_64-snap.42-T1;snap},{Augustus_model.g3618.t1;Augustus},{GlimmerHMM_glimmerT_4286-T1;GlimmerHMM}
117469	117403	INTRON			{GeneMark_model.4247_t;GeneMark},{Augustus_model.g3618.t1;Augustus},{GlimmerHMM_glimmerT_4286-T1;GlimmerHMM}
117573	117470	internal-	5	6	{GeneMark_model.4247_t;GeneMark},{Augustus_model.g3618.t1;Augustus},{GlimmerHMM_glimmerT_4286-T1;GlimmerHMM}
117625	117574	INTRON			{GeneMark_model.4247_t;GeneMark},{Augustus_model.g3618.t1;Augustus},{GlimmerHMM_glimmerT_4286-T1;GlimmerHMM}
117920	117626	initial-	4	4	{GeneMark_model.4247_t;GeneMark},{Augustus_model.g3618.t1;Augustus},{GlimmerHMM_glimmerT_4286-T1;GlimmerHMM}

# EVM prediction: Mode:STANDARD S-ratio: 10.83 118740-120236 orient(+) score(419319.00) noncoding_equivalent(38708.96) raw_noncoding(44244.87) offset(5535.92)
118740	118874	initial+	1	3	{snap_scaffold_64-snap.43-T1;snap}
118875	118952	INTRON			{snap_scaffold_64-snap.43-T1;snap},{GeneMark_model.4248_t;GeneMark}
118953	120236	terminal+	1	3	{snap_scaffold_64-snap.43-T1;snap},{GeneMark_model.4248_t;GeneMark}

# EVM prediction: Mode:STANDARD S-ratio: 35.44 120556-122894 orient(-) score(704039.00) noncoding_equivalent(19866.00) raw_noncoding(20468.00) offset(602.00)
122421	120556	terminal-	4	6	{Augustus_model.g3620.t1;Augustus},{GlimmerHMM_glimmerT_4288-T1;GlimmerHMM},{GeneMark_model.4249_t;GeneMark},{snap_scaffold_64-snap.44-T1;snap}
122489	122422	INTRON			{Augustus_model.g3620.t1;Augustus},{GlimmerHMM_glimmerT_4288-T1;GlimmerHMM},{GeneMark_model.4249_t;GeneMark},{snap_scaffold_64-snap.44-T1;snap}
122894	122490	initial-	4	6	{Augustus_model.g3620.t1;Augustus},{GlimmerHMM_glimmerT_4288-T1;GlimmerHMM},{GeneMark_model.4249_t;GeneMark},{snap_scaffold_64-snap.44-T1;snap}

# EVM prediction: Mode:STANDARD S-ratio: 5.78 123346-124443 orient(+) score(321798.00) noncoding_equivalent(55628.18) raw_noncoding(65013.00) offset(9384.82)
123346	123388	initial+	1	1	{GlimmerHMM_glimmerT_4289-T1;GlimmerHMM},{Augustus_model.g3621.t1;Augustus},{GeneMark_model.4250_t;GeneMark},{snap_scaffold_64-snap.45-T1;snap}
123389	123449	INTRON			{GlimmerHMM_glimmerT_4289-T1;GlimmerHMM},{Augustus_model.g3621.t1;Augustus},{GeneMark_model.4250_t;GeneMark},{snap_scaffold_64-snap.45-T1;snap}
123450	123577	internal+	2	3	{GlimmerHMM_glimmerT_4289-T1;GlimmerHMM},{Augustus_model.g3621.t1;Augustus},{GeneMark_model.4250_t;GeneMark},{snap_scaffold_64-snap.45-T1;snap}
123578	123655	INTRON			{GlimmerHMM_glimmerT_4289-T1;GlimmerHMM},{Augustus_model.g3621.t1;Augustus},{GeneMark_model.4250_t;GeneMark}
123656	124189	internal+	1	3	{GlimmerHMM_glimmerT_4289-T1;GlimmerHMM},{Augustus_model.g3621.t1;Augustus},{GeneMark_model.4250_t;GeneMark}
124190	124263	INTRON			{GlimmerHMM_glimmerT_4289-T1;GlimmerHMM},{Augustus_model.g3621.t1;Augustus},{GeneMark_model.4250_t;GeneMark},{snap_scaffold_64-snap.45-T1;snap}
124264	124443	terminal+	1	3	{GlimmerHMM_glimmerT_4289-T1;GlimmerHMM},{Augustus_model.g3621.t1;Augustus},{GeneMark_model.4250_t;GeneMark},{snap_scaffold_64-snap.45-T1;snap}

# EVM prediction: Mode:STANDARD S-ratio: 13.62 125590-128518 orient(-) score(881629.00) noncoding_equivalent(64715.00) raw_noncoding(67123.00) offset(2408.00)
126404	125590	terminal-	5	6	{Augustus_model.g3622.t1;Augustus},{GlimmerHMM_glimmerT_4290-T1;GlimmerHMM},{snap_scaffold_64-snap.46-T1;snap},{GeneMark_model.4251_t;GeneMark}
126454	126405	INTRON			{Augustus_model.g3622.t1;Augustus},{GlimmerHMM_glimmerT_4290-T1;GlimmerHMM},{snap_scaffold_64-snap.46-T1;snap},{GeneMark_model.4251_t;GeneMark}
127193	126455	internal-	4	4	{Augustus_model.g3622.t1;Augustus},{GlimmerHMM_glimmerT_4290-T1;GlimmerHMM},{snap_scaffold_64-snap.46-T1;snap},{GeneMark_model.4251_t;GeneMark}
127245	127194	INTRON			{Augustus_model.g3622.t1;Augustus},{GlimmerHMM_glimmerT_4290-T1;GlimmerHMM},{snap_scaffold_64-snap.46-T1;snap},{GeneMark_model.4251_t;GeneMark}
127405	127246	internal-	6	6	{Augustus_model.g3622.t1;Augustus},{GlimmerHMM_glimmerT_4290-T1;GlimmerHMM},{snap_scaffold_64-snap.46-T1;snap},{GeneMark_model.4251_t;GeneMark}
127464	127406	INTRON			{Augustus_model.g3622.t1;Augustus},{GlimmerHMM_glimmerT_4290-T1;GlimmerHMM},{snap_scaffold_64-snap.46-T1;snap},{GeneMark_model.4251_t;GeneMark}
127664	127465	internal-	4	5	{Augustus_model.g3622.t1;Augustus},{GlimmerHMM_glimmerT_4290-T1;GlimmerHMM},{snap_scaffold_64-snap.46-T1;snap},{GeneMark_model.4251_t;GeneMark}
127726	127665	INTRON			{Augustus_model.g3622.t1;Augustus},{GlimmerHMM_glimmerT_4290-T1;GlimmerHMM},{snap_scaffold_64-snap.46-T1;snap},{GeneMark_model.4251_t;GeneMark}
128518	127727	initial-	4	6	{Augustus_model.g3622.t1;Augustus},{GlimmerHMM_glimmerT_4290-T1;GlimmerHMM},{snap_scaffold_64-snap.46-T1;snap},{GeneMark_model.4251_t;GeneMark}

# EVM prediction: Mode:STANDARD S-ratio: 9.27 131112-132696 orient(-) score(465628.00) noncoding_equivalent(50223.00) raw_noncoding(51829.00) offset(1606.00)
131462	131112	terminal-	4	6	{GlimmerHMM_glimmerT_4291-T1;GlimmerHMM},{snap_scaffold_64-snap.47-T1;snap}
131517	131463	INTRON			{GeneMark_model.4252_t;GeneMark},{GlimmerHMM_glimmerT_4291-T1;GlimmerHMM},{Augustus_model.g3623.t1;Augustus},{snap_scaffold_64-snap.47-T1;snap}
132165	131518	internal-	4	6	{GeneMark_model.4252_t;GeneMark},{Augustus_model.g3623.t1;Augustus},{snap_scaffold_64-snap.47-T1;snap}
132222	132166	INTRON			{GeneMark_model.4252_t;GeneMark},{Augustus_model.g3623.t1;Augustus},{snap_scaffold_64-snap.47-T1;snap}
132318	132223	internal-	4	6	{GeneMark_model.4252_t;GeneMark},{Augustus_model.g3623.t1;Augustus},{snap_scaffold_64-snap.47-T1;snap}
132378	132319	INTRON			{GeneMark_model.4252_t;GeneMark},{GlimmerHMM_glimmerT_4291-T1;GlimmerHMM},{Augustus_model.g3623.t1;Augustus},{snap_scaffold_64-snap.47-T1;snap}
132696	132379	initial-	4	6	{GeneMark_model.4252_t;GeneMark},{GlimmerHMM_glimmerT_4291-T1;GlimmerHMM},{Augustus_model.g3623.t1;Augustus},{snap_scaffold_64-snap.47-T1;snap}

# EVM prediction: Mode:STANDARD S-ratio: 22.37 135342-136929 orient(+) score(477988.00) noncoding_equivalent(21371.00) raw_noncoding(21973.00) offset(602.00)
135342	135680	initial+	1	3	{GeneMark_model.4253_t;GeneMark},{GlimmerHMM_glimmerT_4292-T1;GlimmerHMM},{snap_scaffold_64-snap.48-T1;snap},{Augustus_model.g3624.t1;Augustus}
135681	135753	INTRON			{GeneMark_model.4253_t;GeneMark},{GlimmerHMM_glimmerT_4292-T1;GlimmerHMM},{snap_scaffold_64-snap.48-T1;snap},{Augustus_model.g3624.t1;Augustus}
135754	136929	terminal+	1	3	{GeneMark_model.4253_t;GeneMark},{GlimmerHMM_glimmerT_4292-T1;GlimmerHMM},{snap_scaffold_64-snap.48-T1;snap},{Augustus_model.g3624.t1;Augustus}

# EVM prediction: Mode:STANDARD S-ratio: 42.43 137439-137741 orient(-) score(89103.00) noncoding_equivalent(2100.00) raw_noncoding(2100.00) offset(0.00)
137741	137439	terminal-	4	6	{GeneMark_model.4254_t;GeneMark},{GlimmerHMM_glimmerT_4293-T1;GlimmerHMM}

