-successfully changed directories to /home/zack/Desktop/IsariaPreferralGenome/MyGenomeSubmittedToNCBI/HypocrealesProteinSets/GENOMES/CcateniannulataMBC234/FunannotatePredict/predict_misc/EVM/scaffold_1041

-reading genomic sequence.

** Processing features (+)

-finding all potential splice sites, looking for GT/GC donors and AG acceptors.
-finding all potential starts and stops. (strand: +)
-loading gene prediction evidence. (strand: +)Couldn't classify 192, 807
Sorry, prediction GeneMark_model.11229_t fails validation.
(GTT)	 AG	192-807	GT	GAG
-recovered GeneMark_model.11229_t, internal, 192, 807
Valid prediction for GlimmerHMM_glimmerT_11471-T1

-loading the search evidence (protein and EST search results, strand: +)
-scoring exons (strand: +)

** Processing features (-)

-finding all potential splice sites, looking for GT/GC donors and AG acceptors.
-finding all potential starts and stops. (strand: -)
-loading gene prediction evidence. (strand: -)
-loading the search evidence (protein and EST search results, strand: -)
-scoring exons (strand: -)
-building DP trellis

-building trellis in range 1 - 874
-exon list size: 2


building trellis
25.0    50.0    75.0    
-found 1 predictions from path traversal

-reporting highest scoring path thru the trellis.
-found 1 predictions persist after filtering for low support
