!! Predictions spanning range 19 - 43417 [R1]
# EVM prediction: Mode:STANDARD S-ratio: 17.34 19-1388 orient(+) score(396470.00) noncoding_equivalent(22869.00) raw_noncoding(29771.00) offset(6902.00) 
19	1016	internal+	1	2	{snap_scaffold_77-snap.1-T1;snap},{GeneMark_model.4740_t;GeneMark}
1017	1087	INTRON			{snap_scaffold_77-snap.1-T1;snap},{Augustus_model.g4062.t1;Augustus},{GeneMark_model.4740_t;GeneMark}
1088	1388	terminal+	3	3	{snap_scaffold_77-snap.1-T1;snap},{Augustus_model.g4062.t1;Augustus},{GeneMark_model.4740_t;GeneMark}

# EVM prediction: Mode:STANDARD S-ratio: 1.81 4443-5099 orient(+) score(189457.00) noncoding_equivalent(104856.00) raw_noncoding(110760.00) offset(5904.00) 
4443	4502	initial+	1	3	{Augustus_model.g4063.t1;Augustus},{GlimmerHMM_glimmerT_4786-T1;GlimmerHMM},{snap_scaffold_77-snap.2-T1;snap},{GeneMark_model.4741_t;GeneMark}
4503	4807	INTRON			{Augustus_model.g4063.t1;Augustus},{GlimmerHMM_glimmerT_4786-T1;GlimmerHMM},{snap_scaffold_77-snap.2-T1;snap},{GeneMark_model.4741_t;GeneMark}
4808	5016	internal+	1	2	{Augustus_model.g4063.t1;Augustus},{snap_scaffold_77-snap.2-T1;snap},{GeneMark_model.4741_t;GeneMark}
5017	5071	INTRON			{Augustus_model.g4063.t1;Augustus},{snap_scaffold_77-snap.2-T1;snap},{GeneMark_model.4741_t;GeneMark}
5072	5099	terminal+	3	3	{Augustus_model.g4063.t1;Augustus},{snap_scaffold_77-snap.2-T1;snap},{GeneMark_model.4741_t;GeneMark}

# EVM prediction: Mode:STANDARD S-ratio: 10.55 6040-8910 orient(-) score(791071.00) noncoding_equivalent(74980.00) raw_noncoding(121186.00) offset(46206.00) 
6164	6040	terminal-	5	6	{GeneMark_model.4742_t;GeneMark},{GlimmerHMM_glimmerT_4787-T1;GlimmerHMM},{Augustus_model.g4064.t1;Augustus},{snap_scaffold_77-snap.3-T1;snap}
6225	6165	INTRON			{GeneMark_model.4742_t;GeneMark},{GlimmerHMM_glimmerT_4787-T1;GlimmerHMM},{Augustus_model.g4064.t1;Augustus},{snap_scaffold_77-snap.3-T1;snap}
8274	6226	internal-	5	4	{GeneMark_model.4742_t;GeneMark},{GlimmerHMM_glimmerT_4787-T1;GlimmerHMM},{Augustus_model.g4064.t1;Augustus},{snap_scaffold_77-snap.3-T1;snap}
8341	8275	INTRON			{GeneMark_model.4742_t;GeneMark},{GlimmerHMM_glimmerT_4787-T1;GlimmerHMM},{Augustus_model.g4064.t1;Augustus},{snap_scaffold_77-snap.3-T1;snap}
8543	8342	internal-	4	4	{GeneMark_model.4742_t;GeneMark},{GlimmerHMM_glimmerT_4787-T1;GlimmerHMM},{Augustus_model.g4064.t1;Augustus}
8901	8544	INTRON			{GeneMark_model.4742_t;GeneMark},{Augustus_model.g4064.t1;Augustus}
8910	8902	initial-	4	6	{GeneMark_model.4742_t;GeneMark},{Augustus_model.g4064.t1;Augustus}

# EVM prediction: Mode:STANDARD S-ratio: 15.98 9545-10359 orient(+) score(245315.00) noncoding_equivalent(15351.00) raw_noncoding(15953.00) offset(602.00) 
9545	10228	initial+	1	3	{snap_scaffold_77-snap.4-T1;snap},{GlimmerHMM_glimmerT_4788-T1;GlimmerHMM},{Augustus_model.g4065.t1;Augustus},{GeneMark_model.4743_t;GeneMark}
10229	10281	INTRON			{snap_scaffold_77-snap.4-T1;snap},{GlimmerHMM_glimmerT_4788-T1;GlimmerHMM},{Augustus_model.g4065.t1;Augustus},{GeneMark_model.4743_t;GeneMark}
10282	10359	terminal+	1	3	{snap_scaffold_77-snap.4-T1;snap},{GlimmerHMM_glimmerT_4788-T1;GlimmerHMM},{Augustus_model.g4065.t1;Augustus},{GeneMark_model.4743_t;GeneMark}

# EVM prediction: Mode:STANDARD S-ratio: 16.68 12078-14717 orient(+) score(753984.00) noncoding_equivalent(45195.23) raw_noncoding(66708.00) offset(21512.77) 
12078	12199	initial+	1	2	{GeneMark_model.4744_t;GeneMark}
12200	12303	INTRON			{GeneMark_model.4744_t;GeneMark}
12304	14554	internal+	3	3	{GeneMark_model.4744_t;GeneMark}
14555	14606	INTRON			{Augustus_model.g4066.t1;Augustus},{GeneMark_model.4744_t;GeneMark},{snap_scaffold_77-snap.5-T1;snap},{GlimmerHMM_glimmerT_4789-T1;GlimmerHMM}
14607	14717	terminal+	1	3	{Augustus_model.g4066.t1;Augustus},{GeneMark_model.4744_t;GeneMark},{snap_scaffold_77-snap.5-T1;snap},{GlimmerHMM_glimmerT_4789-T1;GlimmerHMM}

# EVM prediction: Mode:STANDARD S-ratio: 14.46 15318-17847 orient(-) score(761530.00) noncoding_equivalent(52675.00) raw_noncoding(54481.00) offset(1806.00) 
15629	15318	terminal-	4	6	{GlimmerHMM_glimmerT_4790-T1;GlimmerHMM},{Augustus_model.g4067.t1;Augustus},{GeneMark_model.4745_t;GeneMark},{snap_scaffold_77-snap.6-T1;snap}
15693	15630	INTRON			{GlimmerHMM_glimmerT_4790-T1;GlimmerHMM},{Augustus_model.g4067.t1;Augustus},{GeneMark_model.4745_t;GeneMark},{snap_scaffold_77-snap.6-T1;snap}
17244	15694	internal-	4	6	{GlimmerHMM_glimmerT_4790-T1;GlimmerHMM},{Augustus_model.g4067.t1;Augustus},{GeneMark_model.4745_t;GeneMark},{snap_scaffold_77-snap.6-T1;snap}
17296	17245	INTRON			{GlimmerHMM_glimmerT_4790-T1;GlimmerHMM},{Augustus_model.g4067.t1;Augustus},{GeneMark_model.4745_t;GeneMark},{snap_scaffold_77-snap.6-T1;snap}
17683	17297	internal-	4	6	{GlimmerHMM_glimmerT_4790-T1;GlimmerHMM},{Augustus_model.g4067.t1;Augustus},{GeneMark_model.4745_t;GeneMark},{snap_scaffold_77-snap.6-T1;snap}
17748	17684	INTRON			{GlimmerHMM_glimmerT_4790-T1;GlimmerHMM},{Augustus_model.g4067.t1;Augustus},{GeneMark_model.4745_t;GeneMark},{snap_scaffold_77-snap.6-T1;snap}
17847	17749	initial-	4	6	{GlimmerHMM_glimmerT_4790-T1;GlimmerHMM},{Augustus_model.g4067.t1;Augustus},{GeneMark_model.4745_t;GeneMark},{snap_scaffold_77-snap.6-T1;snap}

# EVM prediction: Mode:STANDARD S-ratio: 1.12 18484-18975 orient(+) score(76392.00) noncoding_equivalent(67978.93) raw_noncoding(96880.00) offset(28901.07) 
18484	18533	initial+	1	2	{Augustus_model.g4068.t1;Augustus},{GeneMark_model.4746_t;GeneMark}
18534	18603	INTRON			{Augustus_model.g4068.t1;Augustus},{GeneMark_model.4746_t;GeneMark},{snap_scaffold_77-snap.7-T1;snap}
18604	18638	internal+	3	1	{Augustus_model.g4068.t1;Augustus},{GeneMark_model.4746_t;GeneMark}
18639	18693	INTRON			{Augustus_model.g4068.t1;Augustus},{GeneMark_model.4746_t;GeneMark}
18694	18808	internal+	2	2	{Augustus_model.g4068.t1;Augustus},{GeneMark_model.4746_t;GeneMark}
18809	18863	INTRON			{Augustus_model.g4068.t1;Augustus},{GeneMark_model.4746_t;GeneMark}
18864	18975	terminal+	3	3	{Augustus_model.g4068.t1;Augustus},{GeneMark_model.4746_t;GeneMark},{snap_scaffold_77-snap.7-T1;snap}

# EVM prediction: Mode:STANDARD S-ratio: 56.59 19308-21900 orient(+) score(773493.00) noncoding_equivalent(13668.00) raw_noncoding(19570.00) offset(5902.00) 
19308	19383	initial+	1	1	{GlimmerHMM_glimmerT_4791-T1;GlimmerHMM},{snap_scaffold_77-snap.8-T1;snap},{GeneMark_model.4747_t;GeneMark},{Augustus_model.g4069.t1;Augustus}
19384	19453	INTRON			{snap_scaffold_77-snap.8-T1;snap},{GeneMark_model.4747_t;GeneMark},{Augustus_model.g4069.t1;Augustus}
19454	21900	terminal+	2	3	{snap_scaffold_77-snap.8-T1;snap},{GeneMark_model.4747_t;GeneMark},{Augustus_model.g4069.t1;Augustus}

# EVM prediction: Mode:STANDARD S-ratio: 4.02 22542-22935 orient(-) score(118594.00) noncoding_equivalent(29498.00) raw_noncoding(30100.00) offset(602.00) 
22607	22542	terminal-	4	6	{GlimmerHMM_glimmerT_4792-T1;GlimmerHMM},{snap_scaffold_77-snap.9-T1;snap},{GeneMark_model.4748_t;GeneMark},{Augustus_model.g4070.t1;Augustus}
22707	22608	INTRON			{GlimmerHMM_glimmerT_4792-T1;GlimmerHMM},{snap_scaffold_77-snap.9-T1;snap},{GeneMark_model.4748_t;GeneMark},{Augustus_model.g4070.t1;Augustus}
22935	22708	initial-	4	6	{GlimmerHMM_glimmerT_4792-T1;GlimmerHMM},{snap_scaffold_77-snap.9-T1;snap},{GeneMark_model.4748_t;GeneMark},{Augustus_model.g4070.t1;Augustus}

# EVM prediction: Mode:STANDARD S-ratio: 1.95 23280-24087 orient(+) score(145860.00) noncoding_equivalent(74705.22) raw_noncoding(151381.00) offset(76675.78) 
23280	23348	initial+	1	3	{snap_scaffold_77-snap.10-T1;snap},{GlimmerHMM_glimmerT_4793-T1;GlimmerHMM},{Augustus_model.g4071.t1;Augustus}
23349	23678	INTRON			{snap_scaffold_77-snap.10-T1;snap},{Augustus_model.g4071.t1;Augustus}
23679	23702	internal+	1	3	{snap_scaffold_77-snap.10-T1;snap},{Augustus_model.g4071.t1;Augustus}
23703	23748	INTRON			{GeneMark_model.4749_t;GeneMark},{snap_scaffold_77-snap.10-T1;snap},{Augustus_model.g4071.t1;Augustus}
23749	23796	internal+	1	3	{GeneMark_model.4749_t;GeneMark},{snap_scaffold_77-snap.10-T1;snap},{Augustus_model.g4071.t1;Augustus}
23797	23853	INTRON			{GeneMark_model.4749_t;GeneMark},{snap_scaffold_77-snap.10-T1;snap},{Augustus_model.g4071.t1;Augustus}
23854	24087	terminal+	1	3	{GeneMark_model.4749_t;GeneMark},{snap_scaffold_77-snap.10-T1;snap}

# EVM prediction: Mode:STANDARD S-ratio: 20.77 25142-28028 orient(+) score(868987.00) noncoding_equivalent(41839.00) raw_noncoding(43645.00) offset(1806.00) 
25142	27176	initial+	1	1	{Augustus_model.g4072.t1;Augustus},{GlimmerHMM_glimmerT_4794-T1;GlimmerHMM},{GeneMark_model.4750_t;GeneMark},{snap_scaffold_77-snap.11-T1;snap}
27177	27222	INTRON			{Augustus_model.g4072.t1;Augustus},{GlimmerHMM_glimmerT_4794-T1;GlimmerHMM},{GeneMark_model.4750_t;GeneMark},{snap_scaffold_77-snap.11-T1;snap}
27223	27490	internal+	2	2	{Augustus_model.g4072.t1;Augustus},{GlimmerHMM_glimmerT_4794-T1;GlimmerHMM},{GeneMark_model.4750_t;GeneMark},{snap_scaffold_77-snap.11-T1;snap}
27491	27538	INTRON			{Augustus_model.g4072.t1;Augustus},{GlimmerHMM_glimmerT_4794-T1;GlimmerHMM},{GeneMark_model.4750_t;GeneMark},{snap_scaffold_77-snap.11-T1;snap}
27539	27648	internal+	3	1	{Augustus_model.g4072.t1;Augustus},{GlimmerHMM_glimmerT_4794-T1;GlimmerHMM},{GeneMark_model.4750_t;GeneMark},{snap_scaffold_77-snap.11-T1;snap}
27649	27699	INTRON			{Augustus_model.g4072.t1;Augustus},{GlimmerHMM_glimmerT_4794-T1;GlimmerHMM},{GeneMark_model.4750_t;GeneMark},{snap_scaffold_77-snap.11-T1;snap}
27700	28028	terminal+	2	3	{Augustus_model.g4072.t1;Augustus},{GlimmerHMM_glimmerT_4794-T1;GlimmerHMM},{GeneMark_model.4750_t;GeneMark},{snap_scaffold_77-snap.11-T1;snap}

# EVM prediction: Mode:STANDARD S-ratio: 11.12 28455-29329 orient(+) score(263186.00) noncoding_equivalent(23668.26) raw_noncoding(24270.26) offset(602.00) 
28455	28732	initial+	1	2	{snap_scaffold_77-snap.12-T1;snap},{GeneMark_model.4751_t;GeneMark},{GlimmerHMM_glimmerT_4795-T1;GlimmerHMM},{Augustus_model.g4073.t1;Augustus}
28733	28812	INTRON			{snap_scaffold_77-snap.12-T1;snap},{GeneMark_model.4751_t;GeneMark},{GlimmerHMM_glimmerT_4795-T1;GlimmerHMM},{Augustus_model.g4073.t1;Augustus}
28813	29329	terminal+	3	3	{snap_scaffold_77-snap.12-T1;snap},{GeneMark_model.4751_t;GeneMark},{GlimmerHMM_glimmerT_4795-T1;GlimmerHMM}

# EVM prediction: Mode:STANDARD S-ratio: 1.42 29760-30764 orient(-) score(175057.00) noncoding_equivalent(123184.87) raw_noncoding(132045.29) offset(8860.42) 
29983	29760	terminal-	5	6	{GeneMark_model.4752_t;GeneMark}
30028	29984	INTRON			{GeneMark_model.4752_t;GeneMark}
30764	30029	initial-	4	4	{Augustus_model.g4074.t1;Augustus},{GeneMark_model.4752_t;GeneMark},{GlimmerHMM_glimmerT_4796-T1;GlimmerHMM}

# EVM prediction: Mode:STANDARD S-ratio: 207.07 37928-39586 orient(+) score(496959.00) noncoding_equivalent(2400.00) raw_noncoding(2400.00) offset(0.00) 
37928	39586	single+	1	3	{Augustus_model.g4075.t1;Augustus},{GeneMark_model.4753_t;GeneMark},{GlimmerHMM_glimmerT_4798-T1;GlimmerHMM}

# EVM prediction: Mode:STANDARD S-ratio: 8.40 40726-43417 orient(-) score(763405.00) noncoding_equivalent(90840.76) raw_noncoding(118897.29) offset(28056.52) 
42953	40726	terminal-	5	6	{GeneMark_model.4754_t;GeneMark},{snap_scaffold_77-snap.14-T1;snap},{GlimmerHMM_glimmerT_4799-T1;GlimmerHMM}
43401	42954	INTRON			{snap_scaffold_77-snap.14-T1;snap},{GlimmerHMM_glimmerT_4799-T1;GlimmerHMM}
43417	43402	initial-	4	4	{snap_scaffold_77-snap.14-T1;snap},{GlimmerHMM_glimmerT_4799-T1;GlimmerHMM}

