!! Predictions spanning range 9756 - 139156 [R1]
# EVM prediction: Mode:STANDARD S-ratio: 17.45 9756-10680 orient(-) score(278425.00) noncoding_equivalent(15953.00) raw_noncoding(16555.00) offset(602.00) 
10540	9756	terminal-	5	6	{snap_scaffold_4-snap.140-T1;snap},{GlimmerHMM_glimmerT_5056-T1;GlimmerHMM},{GeneMark_model.5089_t;GeneMark},{Augustus_model.g4378.t1;Augustus}
10595	10541	INTRON			{snap_scaffold_4-snap.140-T1;snap},{GlimmerHMM_glimmerT_5056-T1;GlimmerHMM},{GeneMark_model.5089_t;GeneMark},{Augustus_model.g4378.t1;Augustus}
10680	10596	initial-	4	4	{GlimmerHMM_glimmerT_5056-T1;GlimmerHMM},{GeneMark_model.5089_t;GeneMark},{Augustus_model.g4378.t1;Augustus}

# EVM prediction: Mode:STANDARD S-ratio: 1.74 11419-12217 orient(-) score(160599.00) noncoding_equivalent(92535.00) raw_noncoding(104839.00) offset(12304.00) 
11757	11419	terminal-	4	6	{Augustus_model.g4379.t1;Augustus},{GlimmerHMM_glimmerT_5057-T1;GlimmerHMM},{GeneMark_model.5090_t;GeneMark}
11821	11758	INTRON			{Augustus_model.g4379.t1;Augustus},{GlimmerHMM_glimmerT_5057-T1;GlimmerHMM},{GeneMark_model.5090_t;GeneMark}
12105	11822	internal-	5	6	{Augustus_model.g4379.t1;Augustus},{GlimmerHMM_glimmerT_5057-T1;GlimmerHMM},{GeneMark_model.5090_t;GeneMark}
12180	12106	INTRON			{Augustus_model.g4379.t1;Augustus},{GlimmerHMM_glimmerT_5057-T1;GlimmerHMM},{GeneMark_model.5090_t;GeneMark}
12217	12181	initial-	4	4	{Augustus_model.g4379.t1;Augustus},{GlimmerHMM_glimmerT_5057-T1;GlimmerHMM},{GeneMark_model.5090_t;GeneMark}

# EVM prediction: Mode:STANDARD S-ratio: 5.62 12599-13555 orient(+) score(268657.00) noncoding_equivalent(47775.51) raw_noncoding(60232.34) offset(12456.83) 
12599	12645	initial+	1	2	{GlimmerHMM_glimmerT_5058-T1;GlimmerHMM},{GeneMark_model.5091_t;GeneMark},{Augustus_model.g4380.t1;Augustus}
12646	12714	INTRON			{GlimmerHMM_glimmerT_5058-T1;GlimmerHMM},{GeneMark_model.5091_t;GeneMark},{Augustus_model.g4380.t1;Augustus}
12715	13109	internal+	3	1	{GlimmerHMM_glimmerT_5058-T1;GlimmerHMM},{GeneMark_model.5091_t;GeneMark},{Augustus_model.g4380.t1;Augustus}
13110	13158	INTRON			{GlimmerHMM_glimmerT_5058-T1;GlimmerHMM},{GeneMark_model.5091_t;GeneMark},{Augustus_model.g4380.t1;Augustus}
13159	13320	internal+	2	1	{GlimmerHMM_glimmerT_5058-T1;GlimmerHMM},{GeneMark_model.5091_t;GeneMark},{Augustus_model.g4380.t1;Augustus}
13321	13379	INTRON			{snap_scaffold_4-snap.141-T1;snap},{GlimmerHMM_glimmerT_5058-T1;GlimmerHMM},{GeneMark_model.5091_t;GeneMark},{Augustus_model.g4380.t1;Augustus}
13380	13555	terminal+	2	3	{snap_scaffold_4-snap.141-T1;snap},{GlimmerHMM_glimmerT_5058-T1;GlimmerHMM},{GeneMark_model.5091_t;GeneMark},{Augustus_model.g4380.t1;Augustus}

# EVM prediction: Mode:STANDARD S-ratio: 2.60 13638-14487 orient(-) score(195551.00) noncoding_equivalent(75090.43) raw_noncoding(108571.00) offset(33480.57) 
13860	13638	terminal-	6	6	{snap_scaffold_4-snap.142-T1;snap},{GlimmerHMM_glimmerT_5059-T1;GlimmerHMM},{GeneMark_model.5092_t;GeneMark}
13950	13861	INTRON			{GlimmerHMM_glimmerT_5059-T1;GlimmerHMM},{GeneMark_model.5092_t;GeneMark}
14071	13951	internal-	5	5	{GlimmerHMM_glimmerT_5059-T1;GlimmerHMM},{GeneMark_model.5092_t;GeneMark}
14126	14072	INTRON			{Augustus_model.g4381.t1;Augustus},{GlimmerHMM_glimmerT_5059-T1;GlimmerHMM},{GeneMark_model.5092_t;GeneMark}
14223	14127	internal-	4	4	{Augustus_model.g4381.t1;Augustus},{GlimmerHMM_glimmerT_5059-T1;GlimmerHMM},{GeneMark_model.5092_t;GeneMark}
14302	14224	INTRON			{Augustus_model.g4381.t1;Augustus},{GlimmerHMM_glimmerT_5059-T1;GlimmerHMM},{GeneMark_model.5092_t;GeneMark}
14407	14303	internal-	4	6	{Augustus_model.g4381.t1;Augustus},{GlimmerHMM_glimmerT_5059-T1;GlimmerHMM}
14475	14408	INTRON			{Augustus_model.g4381.t1;Augustus},{GlimmerHMM_glimmerT_5059-T1;GlimmerHMM}
14487	14476	initial-	4	6	{Augustus_model.g4381.t1;Augustus},{GlimmerHMM_glimmerT_5059-T1;GlimmerHMM},{GeneMark_model.5092_t;GeneMark}

# EVM prediction: Mode:STANDARD S-ratio: 15.39 15191-17186 orient(+) score(580809.00) noncoding_equivalent(37746.68) raw_noncoding(38348.68) offset(602.00) 
15191	16248	initial+	1	2	{GlimmerHMM_glimmerT_5060-T1;GlimmerHMM}
16249	16309	INTRON			{Augustus_model.g4382.t1;Augustus},{GeneMark_model.5093_t;GeneMark},{GlimmerHMM_glimmerT_5060-T1;GlimmerHMM},{snap_scaffold_4-snap.143-T1;snap}
16310	17186	terminal+	3	3	{GeneMark_model.5093_t;GeneMark},{GlimmerHMM_glimmerT_5060-T1;GlimmerHMM},{snap_scaffold_4-snap.143-T1;snap}

# EVM prediction: Mode:STANDARD S-ratio: 8.50 18736-20012 orient(-) score(366945.00) noncoding_equivalent(43165.14) raw_noncoding(47282.00) offset(4116.86) 
19538	18736	terminal-	5	6	{GlimmerHMM_glimmerT_5061-T1;GlimmerHMM},{snap_scaffold_4-snap.144-T1;snap}
19560	19539	INTRON			{GlimmerHMM_glimmerT_5061-T1;GlimmerHMM},{snap_scaffold_4-snap.144-T1;snap}
19770	19561	internal-	5	4	{snap_scaffold_4-snap.144-T1;snap}
19784	19771	INTRON			{snap_scaffold_4-snap.144-T1;snap}
19920	19785	internal-	4	4	{snap_scaffold_4-snap.144-T1;snap}
20006	19921	INTRON			{GeneMark_model.5094_t;GeneMark},{Augustus_model.g4383.t1;Augustus},{GlimmerHMM_glimmerT_5061-T1;GlimmerHMM},{snap_scaffold_4-snap.144-T1;snap}
20012	20007	initial-	4	6	{GeneMark_model.5094_t;GeneMark},{Augustus_model.g4383.t1;Augustus},{GlimmerHMM_glimmerT_5061-T1;GlimmerHMM},{snap_scaffold_4-snap.144-T1;snap}

# EVM prediction: Mode:STANDARD S-ratio: 1.69 21005-21411 orient(+) score(81807.00) noncoding_equivalent(48275.00) raw_noncoding(56177.00) offset(7902.00) 
21005	21163	initial+	1	3	{Augustus_model.g4384.t1;Augustus},{GlimmerHMM_glimmerT_5062-T1;GlimmerHMM},{GeneMark_model.5095_t;GeneMark}
21164	21240	INTRON			{Augustus_model.g4384.t1;Augustus},{GlimmerHMM_glimmerT_5062-T1;GlimmerHMM},{GeneMark_model.5095_t;GeneMark}
21241	21411	terminal+	1	3	{Augustus_model.g4384.t1;Augustus},{GlimmerHMM_glimmerT_5062-T1;GlimmerHMM},{GeneMark_model.5095_t;GeneMark}

# EVM prediction: Mode:STANDARD S-ratio: 1.62 22522-23493 orient(-) score(159200.00) noncoding_equivalent(98232.56) raw_noncoding(140578.56) offset(42346.00) 
22979	22522	terminal-	5	6	{GlimmerHMM_glimmerT_5063-T1;GlimmerHMM}
23327	22980	INTRON			{GlimmerHMM_glimmerT_5063-T1;GlimmerHMM}
23493	23328	initial-	4	4	{GlimmerHMM_glimmerT_5063-T1;GlimmerHMM},{GeneMark_model.5096_t;GeneMark}

# EVM prediction: Mode:STANDARD S-ratio: 22.44 24393-26193 orient(-) score(540301.00) noncoding_equivalent(24074.00) raw_noncoding(24676.00) offset(602.00) 
25918	24393	terminal-	5	6	{GeneMark_model.5097_t;GeneMark},{Augustus_model.g4385.t1;Augustus},{snap_scaffold_4-snap.145-T1;snap},{GlimmerHMM_glimmerT_5064-T1;GlimmerHMM}
25994	25919	INTRON			{GeneMark_model.5097_t;GeneMark},{Augustus_model.g4385.t1;Augustus},{snap_scaffold_4-snap.145-T1;snap},{GlimmerHMM_glimmerT_5064-T1;GlimmerHMM}
26193	25995	initial-	4	4	{GeneMark_model.5097_t;GeneMark},{Augustus_model.g4385.t1;Augustus},{GlimmerHMM_glimmerT_5064-T1;GlimmerHMM}

# EVM prediction: Mode:STANDARD S-ratio: 15.95 26668-28161 orient(+) score(441294.00) noncoding_equivalent(27664.00) raw_noncoding(28266.00) offset(602.00) 
26668	27846	initial+	1	3	{GlimmerHMM_glimmerT_5065-T1;GlimmerHMM},{Augustus_model.g4386.t1;Augustus},{GeneMark_model.5098_t;GeneMark}
27847	27912	INTRON			{GlimmerHMM_glimmerT_5065-T1;GlimmerHMM},{snap_scaffold_4-snap.146-T1;snap},{Augustus_model.g4386.t1;Augustus},{GeneMark_model.5098_t;GeneMark}
27913	28161	terminal+	1	3	{GlimmerHMM_glimmerT_5065-T1;GlimmerHMM},{snap_scaffold_4-snap.146-T1;snap},{Augustus_model.g4386.t1;Augustus},{GeneMark_model.5098_t;GeneMark}

# EVM prediction: Mode:STANDARD S-ratio: 1.24 28386-29275 orient(-) score(134600.00) noncoding_equivalent(108533.04) raw_noncoding(158090.00) offset(49556.96) 
28707	28386	terminal-	6	6	{GeneMark_model.5099_t;GeneMark},{GlimmerHMM_glimmerT_5066-T1;GlimmerHMM}
28822	28708	INTRON			{GeneMark_model.5099_t;GeneMark}
29008	28823	internal-	6	5	{GeneMark_model.5099_t;GeneMark}
29141	29009	INTRON			{GeneMark_model.5099_t;GeneMark}
29275	29142	initial-	4	5	{GeneMark_model.5099_t;GeneMark},{GlimmerHMM_glimmerT_5066-T1;GlimmerHMM}

# EVM prediction: Mode:STANDARD S-ratio: 6.64 29966-30895 orient(-) score(269430.00) noncoding_equivalent(40600.00) raw_noncoding(41202.00) offset(602.00) 
30292	29966	terminal-	4	6	{GeneMark_model.5100_t;GeneMark},{GlimmerHMM_glimmerT_5067-T1;GlimmerHMM},{Augustus_model.g4387.t1;Augustus},{snap_scaffold_4-snap.147-T1;snap}
30394	30293	INTRON			{GeneMark_model.5100_t;GeneMark},{GlimmerHMM_glimmerT_5067-T1;GlimmerHMM},{Augustus_model.g4387.t1;Augustus},{snap_scaffold_4-snap.147-T1;snap}
30895	30395	initial-	4	6	{GeneMark_model.5100_t;GeneMark},{GlimmerHMM_glimmerT_5067-T1;GlimmerHMM},{Augustus_model.g4387.t1;Augustus}

# EVM prediction: Mode:STANDARD S-ratio: 29.55 31864-33070 orient(+) score(344295.00) noncoding_equivalent(11651.67) raw_noncoding(26312.00) offset(14660.33) 
31864	31870	initial+	1	1	{snap_scaffold_4-snap.148-T1;snap}
31871	31943	INTRON			{snap_scaffold_4-snap.148-T1;snap}
31944	33070	terminal+	2	3	{GeneMark_model.5101_t;GeneMark},{snap_scaffold_4-snap.148-T1;snap}

# EVM prediction: Mode:STANDARD S-ratio: 1.30 33525-33888 orient(+) score(70500.00) noncoding_equivalent(54141.87) raw_noncoding(69893.87) offset(15752.00) 
33525	33542	initial+	1	3	{GlimmerHMM_glimmerT_5069-T1;GlimmerHMM},{GeneMark_model.5102_t;GeneMark}
33543	33696	INTRON			{GlimmerHMM_glimmerT_5069-T1;GlimmerHMM},{GeneMark_model.5102_t;GeneMark}
33697	33888	terminal+	1	3	{GlimmerHMM_glimmerT_5069-T1;GlimmerHMM}

# EVM prediction: Mode:STANDARD S-ratio: 1.71 34132-34746 orient(+) score(105900.00) noncoding_equivalent(61946.00) raw_noncoding(79215.00) offset(17269.00) 
34132	34307	initial+	1	2	{GlimmerHMM_glimmerT_5070-T1;GlimmerHMM}
34308	34478	INTRON			{GlimmerHMM_glimmerT_5070-T1;GlimmerHMM}
34479	34746	terminal+	3	3	{GlimmerHMM_glimmerT_5070-T1;GlimmerHMM}

# EVM prediction: Mode:STANDARD S-ratio: 72.58 34986-36089 orient(-) score(327786.00) noncoding_equivalent(4516.03) raw_noncoding(4516.03) offset(0.00) 
36089	34986	single-	4	6	{GeneMark_model.5103_t;GeneMark}

# EVM prediction: Mode:STANDARD S-ratio: 6.83 37228-38484 orient(-) score(330089.00) noncoding_equivalent(48296.92) raw_noncoding(48296.92) offset(0.00) 
38484	37228	single-	4	6	{GeneMark_model.5104_t;GeneMark}

# EVM prediction: Mode:STANDARD S-ratio: 202.84 41742-43316 orient(-) score(471252.00) noncoding_equivalent(2323.31) raw_noncoding(2323.31) offset(0.00) 
43316	41742	single-	4	6	{GeneMark_model.5105_t;GeneMark},{GlimmerHMM_glimmerT_5072-T1;GlimmerHMM}

# EVM prediction: Mode:STANDARD S-ratio: 27.98 43756-46974 orient(-) score(946119.00) noncoding_equivalent(33812.65) raw_noncoding(45714.00) offset(11901.35) 
45858	43756	terminal-	4	6	{snap_scaffold_4-snap.152-T1;snap},{Augustus_model.g4391.t1;Augustus},{GeneMark_model.5106_t;GeneMark}
45919	45859	INTRON			{snap_scaffold_4-snap.152-T1;snap},{Augustus_model.g4391.t1;Augustus},{GeneMark_model.5106_t;GeneMark}
46017	45920	internal-	5	6	{snap_scaffold_4-snap.152-T1;snap},{Augustus_model.g4391.t1;Augustus},{GeneMark_model.5106_t;GeneMark}
46070	46018	INTRON			{snap_scaffold_4-snap.152-T1;snap},{Augustus_model.g4391.t1;Augustus},{GeneMark_model.5106_t;GeneMark}
46974	46071	initial-	4	4	{Augustus_model.g4391.t1;Augustus},{GlimmerHMM_glimmerT_5073-T1;GlimmerHMM},{GeneMark_model.5106_t;GeneMark}

# EVM prediction: Mode:STANDARD S-ratio: 1.32 49916-50405 orient(+) score(98490.00) noncoding_equivalent(74755.00) raw_noncoding(101059.00) offset(26304.00) 
49916	49993	initial+	1	3	{Augustus_model.g4392.t1;Augustus},{GlimmerHMM_glimmerT_5074-T1;GlimmerHMM},{GeneMark_model.5107_t;GeneMark}
49994	50153	INTRON			{Augustus_model.g4392.t1;Augustus},{GlimmerHMM_glimmerT_5074-T1;GlimmerHMM},{GeneMark_model.5107_t;GeneMark}
50154	50219	internal+	1	3	{Augustus_model.g4392.t1;Augustus},{GlimmerHMM_glimmerT_5074-T1;GlimmerHMM},{GeneMark_model.5107_t;GeneMark}
50220	50318	INTRON			{Augustus_model.g4392.t1;Augustus},{GlimmerHMM_glimmerT_5074-T1;GlimmerHMM},{GeneMark_model.5107_t;GeneMark}
50319	50405	terminal+	1	3	{Augustus_model.g4392.t1;Augustus},{GlimmerHMM_glimmerT_5074-T1;GlimmerHMM},{GeneMark_model.5107_t;GeneMark}

# EVM prediction: Mode:STANDARD S-ratio: 16.38 50668-52735 orient(-) score(599825.00) noncoding_equivalent(36625.84) raw_noncoding(50743.00) offset(14117.16) 
52520	50668	terminal-	5	6	{GeneMark_model.5108_t;GeneMark},{GlimmerHMM_glimmerT_5075-T1;GlimmerHMM}
52665	52521	INTRON			{GeneMark_model.5108_t;GeneMark},{GlimmerHMM_glimmerT_5075-T1;GlimmerHMM}
52735	52666	initial-	4	4	{GeneMark_model.5108_t;GeneMark},{GlimmerHMM_glimmerT_5075-T1;GlimmerHMM},{Augustus_model.g4393.t1;Augustus}

# EVM prediction: Mode:STANDARD S-ratio: 6.94 55669-58165 orient(+) score(708597.00) noncoding_equivalent(102164.95) raw_noncoding(137646.22) offset(35481.26) 
55669	55926	initial+	1	3	{GeneMark_model.5109_t;GeneMark}
55927	56285	INTRON			{snap_scaffold_4-snap.154-T1;snap},{GeneMark_model.5109_t;GeneMark},{Augustus_model.g4394.t1;Augustus}
56286	57278	internal+	1	3	{snap_scaffold_4-snap.154-T1;snap},{GeneMark_model.5109_t;GeneMark},{Augustus_model.g4394.t1;Augustus}
57279	57358	INTRON			{GlimmerHMM_glimmerT_5076-T1;GlimmerHMM},{snap_scaffold_4-snap.154-T1;snap},{GeneMark_model.5109_t;GeneMark},{Augustus_model.g4394.t1;Augustus}
57359	58165	terminal+	1	3	{GlimmerHMM_glimmerT_5076-T1;GlimmerHMM},{snap_scaffold_4-snap.154-T1;snap},{GeneMark_model.5109_t;GeneMark},{Augustus_model.g4394.t1;Augustus}

# EVM prediction: Mode:STANDARD S-ratio: 25.42 60564-63344 orient(+) score(816381.00) noncoding_equivalent(32115.00) raw_noncoding(43017.00) offset(10902.00) 
60564	60717	initial+	1	1	{GeneMark_model.5110_t;GeneMark},{GlimmerHMM_glimmerT_5077-T1;GlimmerHMM},{Augustus_model.g4395.t1;Augustus}
60718	60834	INTRON			{GeneMark_model.5110_t;GeneMark},{snap_scaffold_4-snap.155-T1;snap},{Augustus_model.g4395.t1;Augustus}
60835	63344	terminal+	2	3	{GeneMark_model.5110_t;GeneMark},{snap_scaffold_4-snap.155-T1;snap},{Augustus_model.g4395.t1;Augustus}

# EVM prediction: Mode:STANDARD S-ratio: 50.67 64636-67839 orient(+) score(964404.00) noncoding_equivalent(19032.13) raw_noncoding(19032.13) offset(0.00) 
64636	67839	single+	1	3	{Augustus_model.g4396.t1;Augustus},{GeneMark_model.5111_t;GeneMark},{GlimmerHMM_glimmerT_5078-T1;GlimmerHMM}

# EVM prediction: Mode:STANDARD S-ratio: 11.07 68764-70865 orient(-) score(577186.00) noncoding_equivalent(52163.10) raw_noncoding(82577.00) offset(30413.90) 
69324	68764	terminal-	4	6	{GeneMark_model.5112_t;GeneMark}
69477	69325	INTRON			{snap_scaffold_4-snap.157-T1;snap}
69544	69478	internal-	6	6	{snap_scaffold_4-snap.157-T1;snap}
69599	69545	INTRON			{snap_scaffold_4-snap.157-T1;snap}
70558	69600	internal-	4	5	{snap_scaffold_4-snap.157-T1;snap},{Augustus_model.g4397.t1;Augustus},{GlimmerHMM_glimmerT_5079-T1;GlimmerHMM}
70619	70559	INTRON			{snap_scaffold_4-snap.157-T1;snap},{GeneMark_model.5112_t;GeneMark},{Augustus_model.g4397.t1;Augustus},{GlimmerHMM_glimmerT_5079-T1;GlimmerHMM}
70865	70620	initial-	4	6	{GeneMark_model.5112_t;GeneMark},{Augustus_model.g4397.t1;Augustus},{GlimmerHMM_glimmerT_5079-T1;GlimmerHMM}

# EVM prediction: Mode:STANDARD S-ratio: 10000.00 73462-73965 orient(+) score(151704.00) noncoding_equivalent(15.17) raw_noncoding(0.00) offset(0.00) 
73462	73965	single+	1	3	{GeneMark_model.5113_t;GeneMark},{GlimmerHMM_glimmerT_5080-T1;GlimmerHMM},{Augustus_model.g4398.t1;Augustus}

# EVM prediction: Mode:STANDARD S-ratio: 5.62 92074-93996 orient(+) score(578823.00) noncoding_equivalent(102942.00) raw_noncoding(104748.00) offset(1806.00) 
92074	92190	initial+	1	3	{Augustus_model.g4399.t1;Augustus},{GeneMark_model.5115_t;GeneMark},{GlimmerHMM_glimmerT_5082-T1;GlimmerHMM}
92191	92381	INTRON			{Augustus_model.g4399.t1;Augustus},{GeneMark_model.5115_t;GeneMark},{GlimmerHMM_glimmerT_5082-T1;GlimmerHMM},{snap_scaffold_4-snap.159-T1;snap}
92382	92868	internal+	1	1	{Augustus_model.g4399.t1;Augustus},{GeneMark_model.5115_t;GeneMark},{GlimmerHMM_glimmerT_5082-T1;GlimmerHMM},{snap_scaffold_4-snap.159-T1;snap}
92869	92950	INTRON			{Augustus_model.g4399.t1;Augustus},{GeneMark_model.5115_t;GeneMark},{GlimmerHMM_glimmerT_5082-T1;GlimmerHMM},{snap_scaffold_4-snap.159-T1;snap}
92951	93702	internal+	2	3	{Augustus_model.g4399.t1;Augustus},{GeneMark_model.5115_t;GeneMark},{GlimmerHMM_glimmerT_5082-T1;GlimmerHMM},{snap_scaffold_4-snap.159-T1;snap}
93703	93777	INTRON			{Augustus_model.g4399.t1;Augustus},{GeneMark_model.5115_t;GeneMark},{GlimmerHMM_glimmerT_5082-T1;GlimmerHMM},{snap_scaffold_4-snap.159-T1;snap}
93778	93996	terminal+	1	3	{Augustus_model.g4399.t1;Augustus},{GeneMark_model.5115_t;GeneMark},{GlimmerHMM_glimmerT_5082-T1;GlimmerHMM},{snap_scaffold_4-snap.159-T1;snap}

# EVM prediction: Mode:STANDARD S-ratio: 9.05 95538-97117 orient(+) score(465158.00) noncoding_equivalent(51381.37) raw_noncoding(52585.37) offset(1204.00) 
95538	95678	initial+	1	3	{GlimmerHMM_glimmerT_5083-T1;GlimmerHMM},{Augustus_model.g4400.t1;Augustus},{GeneMark_model.5116_t;GeneMark}
95679	95746	INTRON			{GlimmerHMM_glimmerT_5083-T1;GlimmerHMM},{Augustus_model.g4400.t1;Augustus},{GeneMark_model.5116_t;GeneMark},{snap_scaffold_4-snap.160-T1;snap}
95747	96911	internal+	1	1	{GlimmerHMM_glimmerT_5083-T1;GlimmerHMM},{Augustus_model.g4400.t1;Augustus},{GeneMark_model.5116_t;GeneMark},{snap_scaffold_4-snap.160-T1;snap}
96912	96983	INTRON			{GlimmerHMM_glimmerT_5083-T1;GlimmerHMM},{Augustus_model.g4400.t1;Augustus},{GeneMark_model.5116_t;GeneMark},{snap_scaffold_4-snap.160-T1;snap}
96984	97117	terminal+	2	3	{GeneMark_model.5116_t;GeneMark},{snap_scaffold_4-snap.160-T1;snap}

# EVM prediction: Mode:STANDARD S-ratio: 5.11 97605-98392 orient(+) score(173085.00) noncoding_equivalent(33904.91) raw_noncoding(93846.20) offset(59941.29) 
97605	97608	initial+	1	1	{snap_scaffold_4-snap.161-T1;snap}
97609	97907	INTRON			{snap_scaffold_4-snap.161-T1;snap}
97908	98392	terminal+	2	3	{snap_scaffold_4-snap.161-T1;snap},{GlimmerHMM_glimmerT_5083-T1;GlimmerHMM}

# EVM prediction: Mode:STANDARD S-ratio: 2.01 104346-104966 orient(-) score(124810.00) noncoding_equivalent(62109.02) raw_noncoding(62109.02) offset(0.00) 
104966	104346	single-	4	6	{GlimmerHMM_glimmerT_5085-T1;GlimmerHMM},{GeneMark_model.5118_t;GeneMark}

# EVM prediction: Mode:STANDARD S-ratio: 6.55 105714-107473 orient(-) score(492356.00) noncoding_equivalent(75117.72) raw_noncoding(97173.01) offset(22055.30) 
106385	105714	terminal-	4	6	{snap_scaffold_4-snap.162-T1;snap},{GeneMark_model.5119_t;GeneMark}
106439	106386	INTRON			{Augustus_model.g4401.t1;Augustus},{snap_scaffold_4-snap.162-T1;snap},{GeneMark_model.5119_t;GeneMark}
106682	106440	internal-	4	6	{Augustus_model.g4401.t1;Augustus},{snap_scaffold_4-snap.162-T1;snap},{GeneMark_model.5119_t;GeneMark}
106752	106683	INTRON			{Augustus_model.g4401.t1;Augustus},{snap_scaffold_4-snap.162-T1;snap},{GlimmerHMM_glimmerT_5086-T1;GlimmerHMM},{GeneMark_model.5119_t;GeneMark}
106964	106753	internal-	5	6	{Augustus_model.g4401.t1;Augustus},{snap_scaffold_4-snap.162-T1;snap},{GlimmerHMM_glimmerT_5086-T1;GlimmerHMM},{GeneMark_model.5119_t;GeneMark}
107032	106965	INTRON			{Augustus_model.g4401.t1;Augustus},{snap_scaffold_4-snap.162-T1;snap},{GlimmerHMM_glimmerT_5086-T1;GlimmerHMM},{GeneMark_model.5119_t;GeneMark}
107303	107033	internal-	4	4	{Augustus_model.g4401.t1;Augustus},{GeneMark_model.5119_t;GeneMark}
107380	107304	INTRON			{Augustus_model.g4401.t1;Augustus},{GeneMark_model.5119_t;GeneMark}
107473	107381	initial-	4	6	{Augustus_model.g4401.t1;Augustus},{GlimmerHMM_glimmerT_5086-T1;GlimmerHMM},{GeneMark_model.5119_t;GeneMark}

# EVM prediction: Mode:STANDARD S-ratio: 4.57 109189-110566 orient(-) score(303178.00) noncoding_equivalent(66334.05) raw_noncoding(134354.00) offset(68019.95) 
109936	109189	terminal-	6	6	{Augustus_model.g4402.t1;Augustus},{GlimmerHMM_glimmerT_5087-T1;GlimmerHMM},{GeneMark_model.5120_t;GeneMark}
110390	109937	INTRON			{Augustus_model.g4402.t1;Augustus},{GlimmerHMM_glimmerT_5087-T1;GlimmerHMM}
110566	110391	initial-	4	5	{Augustus_model.g4402.t1;Augustus},{GlimmerHMM_glimmerT_5087-T1;GlimmerHMM},{GeneMark_model.5120_t;GeneMark}

# EVM prediction: Mode:STANDARD S-ratio: 6.14 111223-112375 orient(+) score(320849.00) noncoding_equivalent(52264.01) raw_noncoding(69566.01) offset(17302.00) 
111223	111677	initial+	1	2	{GlimmerHMM_glimmerT_5088-T1;GlimmerHMM},{GeneMark_model.5121_t;GeneMark},{Augustus_model.g4403.t1;Augustus}
111678	111939	INTRON			{GlimmerHMM_glimmerT_5088-T1;GlimmerHMM},{Augustus_model.g4403.t1;Augustus},{snap_scaffold_4-snap.164-T1;snap}
111940	112375	terminal+	3	3	{GlimmerHMM_glimmerT_5088-T1;GlimmerHMM},{GeneMark_model.5121_t;GeneMark},{snap_scaffold_4-snap.164-T1;snap}

# EVM prediction: Mode:STANDARD S-ratio: 10.33 113796-114624 orient(+) score(246816.00) noncoding_equivalent(23901.53) raw_noncoding(24503.53) offset(602.00) 
113796	114240	initial+	1	1	{GlimmerHMM_glimmerT_5089-T1;GlimmerHMM},{GeneMark_model.5122_t;GeneMark}
114241	114313	INTRON			{GlimmerHMM_glimmerT_5089-T1;GlimmerHMM},{snap_scaffold_4-snap.165-T1;snap},{GeneMark_model.5122_t;GeneMark},{Augustus_model.g4403.t1;Augustus}
114314	114624	terminal+	2	3	{snap_scaffold_4-snap.165-T1;snap},{GeneMark_model.5122_t;GeneMark},{Augustus_model.g4403.t1;Augustus}

# EVM prediction: Mode:STANDARD S-ratio: 3.03 116230-117010 orient(-) score(190581.00) noncoding_equivalent(62889.92) raw_noncoding(82123.35) offset(19233.43) 
116382	116230	terminal-	4	6	{snap_scaffold_4-snap.166-T1;snap},{Augustus_model.g4404.t1;Augustus},{GeneMark_model.5123_t;GeneMark}
116492	116383	INTRON			{snap_scaffold_4-snap.166-T1;snap},{Augustus_model.g4404.t1;Augustus},{GeneMark_model.5123_t;GeneMark}
116834	116493	internal-	4	6	{Augustus_model.g4404.t1;Augustus},{GeneMark_model.5123_t;GeneMark},{GlimmerHMM_glimmerT_5090-T1;GlimmerHMM}
116911	116835	INTRON			{Augustus_model.g4404.t1;Augustus},{GeneMark_model.5123_t;GeneMark},{GlimmerHMM_glimmerT_5090-T1;GlimmerHMM}
117010	116912	initial-	4	6	{Augustus_model.g4404.t1;Augustus},{GeneMark_model.5123_t;GeneMark},{GlimmerHMM_glimmerT_5090-T1;GlimmerHMM}

# EVM prediction: Mode:STANDARD S-ratio: 10000.00 118059-119663 orient(+) score(483105.00) noncoding_equivalent(48.31) raw_noncoding(0.00) offset(0.00) 
118059	119663	single+	1	3	{Augustus_model.g4405.t1;Augustus},{GlimmerHMM_glimmerT_5091-T1;GlimmerHMM},{GeneMark_model.5124_t;GeneMark}

# EVM prediction: Mode:STANDARD S-ratio: 10.88 121031-123536 orient(+) score(726506.00) noncoding_equivalent(66766.11) raw_noncoding(84292.00) offset(17525.89) 
121031	121164	initial+	1	2	{GeneMark_model.5125_t;GeneMark},{GlimmerHMM_glimmerT_5092-T1;GlimmerHMM},{Augustus_model.g4406.t1;Augustus}
121165	121275	INTRON			{snap_scaffold_4-snap.168-T1;snap},{GeneMark_model.5125_t;GeneMark},{GlimmerHMM_glimmerT_5092-T1;GlimmerHMM},{Augustus_model.g4406.t1;Augustus}
121276	122049	internal+	3	2	{snap_scaffold_4-snap.168-T1;snap},{GeneMark_model.5125_t;GeneMark},{GlimmerHMM_glimmerT_5092-T1;GlimmerHMM},{Augustus_model.g4406.t1;Augustus}
122050	122107	INTRON			{GeneMark_model.5125_t;GeneMark},{GlimmerHMM_glimmerT_5092-T1;GlimmerHMM},{Augustus_model.g4406.t1;Augustus}
122108	122530	internal+	3	2	{GeneMark_model.5125_t;GeneMark},{Augustus_model.g4406.t1;Augustus}
122531	122587	INTRON			{GeneMark_model.5125_t;GeneMark},{Augustus_model.g4406.t1;Augustus}
122588	122996	internal+	3	3	{GeneMark_model.5125_t;GeneMark},{Augustus_model.g4406.t1;Augustus}
122997	123062	INTRON			{snap_scaffold_4-snap.168-T1;snap},{GeneMark_model.5125_t;GeneMark},{Augustus_model.g4406.t1;Augustus}
123063	123536	terminal+	1	3	{snap_scaffold_4-snap.168-T1;snap},{GeneMark_model.5125_t;GeneMark},{Augustus_model.g4406.t1;Augustus}

# EVM prediction: Mode:STANDARD S-ratio: 1.92 123675-124058 orient(-) score(75871.00) noncoding_equivalent(39515.25) raw_noncoding(39515.25) offset(0.00) 
124058	123675	single-	4	6	{GeneMark_model.5126_t;GeneMark}

# EVM prediction: Mode:STANDARD S-ratio: 7.65 125215-126454 orient(-) score(329941.00) noncoding_equivalent(43130.29) raw_noncoding(61935.69) offset(18805.40) 
125352	125215	terminal-	4	6	{GeneMark_model.5127_t;GeneMark}
125413	125353	INTRON			{GeneMark_model.5127_t;GeneMark}
125745	125414	internal-	5	6	{Augustus_model.g4407.t1;Augustus},{snap_scaffold_4-snap.169-T1;snap},{GeneMark_model.5127_t;GeneMark}
125808	125746	INTRON			{Augustus_model.g4407.t1;Augustus},{snap_scaffold_4-snap.169-T1;snap},{GeneMark_model.5127_t;GeneMark}
126454	125809	initial-	4	4	{Augustus_model.g4407.t1;Augustus},{GeneMark_model.5127_t;GeneMark}

# EVM prediction: Mode:STANDARD S-ratio: 8.69 127862-129993 orient(-) score(615232.00) noncoding_equivalent(70775.82) raw_noncoding(92699.00) offset(21923.18) 
128053	127862	terminal-	4	6	{Augustus_model.g4408.t1;Augustus},{GeneMark_model.5128_t;GeneMark},{GlimmerHMM_glimmerT_5095-T1;GlimmerHMM}
128129	128054	INTRON			{Augustus_model.g4408.t1;Augustus},{GeneMark_model.5128_t;GeneMark},{GlimmerHMM_glimmerT_5095-T1;GlimmerHMM}
129288	128130	internal-	6	6	{Augustus_model.g4408.t1;Augustus},{GeneMark_model.5128_t;GeneMark},{GlimmerHMM_glimmerT_5095-T1;GlimmerHMM},{snap_scaffold_4-snap.170-T1;snap}
129347	129289	INTRON			{Augustus_model.g4408.t1;Augustus},{GeneMark_model.5128_t;GeneMark},{GlimmerHMM_glimmerT_5095-T1;GlimmerHMM},{snap_scaffold_4-snap.170-T1;snap}
129455	129348	internal-	6	5	{Augustus_model.g4408.t1;Augustus},{GeneMark_model.5128_t;GeneMark},{GlimmerHMM_glimmerT_5095-T1;GlimmerHMM},{snap_scaffold_4-snap.170-T1;snap}
129547	129456	INTRON			{Augustus_model.g4408.t1;Augustus},{GeneMark_model.5128_t;GeneMark},{GlimmerHMM_glimmerT_5095-T1;GlimmerHMM},{snap_scaffold_4-snap.170-T1;snap}
129917	129548	internal-	5	5	{Augustus_model.g4408.t1;Augustus},{GeneMark_model.5128_t;GeneMark}
129989	129918	INTRON			{Augustus_model.g4408.t1;Augustus},{GeneMark_model.5128_t;GeneMark}
129993	129990	initial-	4	4	{Augustus_model.g4408.t1;Augustus},{GeneMark_model.5128_t;GeneMark},{GlimmerHMM_glimmerT_5095-T1;GlimmerHMM},{snap_scaffold_4-snap.170-T1;snap}

# EVM prediction: Mode:STANDARD S-ratio: 4.18 133816-135984 orient(-) score(558584.00) noncoding_equivalent(133719.37) raw_noncoding(143698.37) offset(9979.00) 
134088	133816	terminal-	4	6	{GeneMark_model.5129_t;GeneMark}
134162	134089	INTRON			{Augustus_model.g4409.t1;Augustus},{GeneMark_model.5129_t;GeneMark}
134519	134163	internal-	4	6	{GeneMark_model.5129_t;GeneMark},{snap_scaffold_4-snap.171-T1;snap}
134616	134520	INTRON			{GeneMark_model.5129_t;GeneMark},{snap_scaffold_4-snap.171-T1;snap}
135299	134617	internal-	5	6	{GeneMark_model.5129_t;GeneMark}
135402	135300	INTRON			{GlimmerHMM_glimmerT_5096-T1;GlimmerHMM},{GeneMark_model.5129_t;GeneMark},{snap_scaffold_4-snap.171-T1;snap}
135800	135403	internal-	6	4	{GlimmerHMM_glimmerT_5096-T1;GlimmerHMM},{GeneMark_model.5129_t;GeneMark}
135883	135801	INTRON			{GlimmerHMM_glimmerT_5096-T1;GlimmerHMM},{GeneMark_model.5129_t;GeneMark}
135984	135884	initial-	4	5	{GlimmerHMM_glimmerT_5096-T1;GlimmerHMM},{GeneMark_model.5129_t;GeneMark}

# EVM prediction: Mode:STANDARD S-ratio: 1.63 138793-139156 orient(-) score(64364.00) noncoding_equivalent(39525.77) raw_noncoding(51058.00) offset(11532.23) 
138986	138793	terminal-	5	6	{GeneMark_model.5130_t;GeneMark},{Augustus_model.g4410.t1;Augustus}
139044	138987	INTRON			{GeneMark_model.5130_t;GeneMark},{Augustus_model.g4410.t1;Augustus}
139156	139045	initial-	4	4	{GlimmerHMM_glimmerT_5097-T1;GlimmerHMM},{GeneMark_model.5130_t;GeneMark},{Augustus_model.g4410.t1;Augustus}

